[2024-09-11 12:23:25,633][flwr][INFO] - Starting Flower simulation, config: num_rounds=100, no round_timeout
[2024-09-11 12:23:28,740][flwr][INFO] - Flower VCE: Ray initialized with resources: {'CPU': 256.0, 'node:__internal_head__': 1.0, 'memory': 168704522036.0, 'object_store_memory': 76587652300.0, 'node:115.145.172.224': 1.0, 'GPU': 1.0, 'accelerator_type:G': 1.0}
[2024-09-11 12:23:28,740][flwr][INFO] - Optimize your simulation with Flower VCE: https://flower.ai/docs/framework/how-to-run-simulations.html
[2024-09-11 12:23:28,740][flwr][INFO] - Flower VCE: Resources for each Virtual Client: {'num_cpus': 16, 'num_gpus': 0.25}
[2024-09-11 12:23:28,754][flwr][INFO] - Flower VCE: Creating VirtualClientEngineActorPool with 4 actors
[2024-09-11 12:23:28,754][flwr][INFO] - [INIT]
[2024-09-11 12:23:28,754][flwr][INFO] - Requesting initial parameters from one random client
[2024-09-11 12:23:32,705][flwr][INFO] - Received initial parameters from one random client
[2024-09-11 12:23:32,705][flwr][INFO] - Evaluating initial global parameters
[2024-09-11 12:23:39,081][flwr][INFO] - initial parameters (loss, other metrics): 230.66042637825012, {'accuracy': 0.09704764688687519}
[2024-09-11 12:23:39,086][flwr][INFO] - 
[2024-09-11 12:23:39,086][flwr][INFO] - [ROUND 1]
[2024-09-11 12:23:39,086][flwr][INFO] - configure_fit: strategy sampled 5 clients (out of 50)
[2024-09-11 12:23:44,030][flwr][INFO] - aggregate_fit: received 5 results and 0 failures
[2024-09-11 12:23:44,236][flwr][WARNING] - No fit_metrics_aggregation_fn provided
[2024-09-11 12:23:49,519][flwr][INFO] - fit progress: (1, 218.10528218746185, {'accuracy': 0.22478807366267173}, 10.432817628141493)
[2024-09-11 12:23:49,519][flwr][INFO] - configure_evaluate: strategy sampled 2 clients (out of 50)
[2024-09-11 12:23:49,809][flwr][INFO] - aggregate_evaluate: received 2 results and 0 failures
[2024-09-11 12:23:49,809][flwr][INFO] - 
[2024-09-11 12:23:49,809][flwr][INFO] - [ROUND 2]
[2024-09-11 12:23:49,809][flwr][INFO] - configure_fit: strategy sampled 5 clients (out of 50)
[2024-09-11 12:23:52,956][flwr][INFO] - aggregate_fit: received 5 results and 0 failures
[2024-09-11 12:23:59,003][flwr][INFO] - fit progress: (2, 177.11915290355682, {'accuracy': 0.45279158140894477}, 19.91698701120913)
[2024-09-11 12:23:59,004][flwr][INFO] - configure_evaluate: strategy sampled 2 clients (out of 50)
[2024-09-11 12:23:59,268][flwr][INFO] - aggregate_evaluate: received 2 results and 0 failures
[2024-09-11 12:23:59,268][flwr][INFO] - 
[2024-09-11 12:23:59,268][flwr][INFO] - [ROUND 3]
[2024-09-11 12:23:59,268][flwr][INFO] - configure_fit: strategy sampled 5 clients (out of 50)
[2024-09-11 12:24:02,536][flwr][INFO] - aggregate_fit: received 5 results and 0 failures
[2024-09-11 12:24:07,443][flwr][INFO] - fit progress: (3, 129.23906987905502, {'accuracy': 0.5749780765857936}, 28.3569824132137)
[2024-09-11 12:24:07,444][flwr][INFO] - configure_evaluate: strategy sampled 2 clients (out of 50)
[2024-09-11 12:24:07,732][flwr][INFO] - aggregate_evaluate: received 2 results and 0 failures
[2024-09-11 12:24:07,732][flwr][INFO] - 
[2024-09-11 12:24:07,732][flwr][INFO] - [ROUND 4]
[2024-09-11 12:24:07,732][flwr][INFO] - configure_fit: strategy sampled 5 clients (out of 50)
[2024-09-11 12:24:11,009][flwr][INFO] - aggregate_fit: received 5 results and 0 failures
[2024-09-11 12:24:15,870][flwr][INFO] - fit progress: (4, 60.568461403250694, {'accuracy': 0.7959660917860275}, 36.78429404832423)
[2024-09-11 12:24:15,871][flwr][INFO] - configure_evaluate: strategy sampled 2 clients (out of 50)
[2024-09-11 12:24:16,344][flwr][INFO] - aggregate_evaluate: received 2 results and 0 failures
[2024-09-11 12:24:16,344][flwr][INFO] - 
[2024-09-11 12:24:16,344][flwr][INFO] - [ROUND 5]
[2024-09-11 12:24:16,344][flwr][INFO] - configure_fit: strategy sampled 5 clients (out of 50)
[2024-09-11 12:24:19,307][flwr][INFO] - aggregate_fit: received 5 results and 0 failures
[2024-09-11 12:24:24,179][flwr][INFO] - fit progress: (5, 40.94163725152612, {'accuracy': 0.8593978368897983}, 45.09260308928788)
[2024-09-11 12:24:24,179][flwr][INFO] - configure_evaluate: strategy sampled 2 clients (out of 50)
[2024-09-11 12:24:24,451][flwr][INFO] - aggregate_evaluate: received 2 results and 0 failures
[2024-09-11 12:24:24,452][flwr][INFO] - 
[2024-09-11 12:24:24,452][flwr][INFO] - [ROUND 6]
[2024-09-11 12:24:24,452][flwr][INFO] - configure_fit: strategy sampled 5 clients (out of 50)
[2024-09-11 12:24:27,817][flwr][INFO] - aggregate_fit: received 5 results and 0 failures
[2024-09-11 12:24:33,406][flwr][INFO] - fit progress: (6, 37.90441402234137, {'accuracy': 0.8763519438760596}, 54.320264062378556)
[2024-09-11 12:24:33,407][flwr][INFO] - configure_evaluate: strategy sampled 2 clients (out of 50)
[2024-09-11 12:24:33,667][flwr][INFO] - aggregate_evaluate: received 2 results and 0 failures
[2024-09-11 12:24:33,668][flwr][INFO] - 
[2024-09-11 12:24:33,668][flwr][INFO] - [ROUND 7]
[2024-09-11 12:24:33,668][flwr][INFO] - configure_fit: strategy sampled 5 clients (out of 50)
[2024-09-11 12:24:36,769][flwr][INFO] - aggregate_fit: received 5 results and 0 failures
[2024-09-11 12:24:42,753][flwr][INFO] - fit progress: (7, 34.97937970049679, {'accuracy': 0.8839520608009354}, 63.6668785600923)
[2024-09-11 12:24:42,753][flwr][INFO] - configure_evaluate: strategy sampled 2 clients (out of 50)
[2024-09-11 12:24:43,005][flwr][INFO] - aggregate_evaluate: received 2 results and 0 failures
[2024-09-11 12:24:43,005][flwr][INFO] - 
[2024-09-11 12:24:43,006][flwr][INFO] - [ROUND 8]
[2024-09-11 12:24:43,006][flwr][INFO] - configure_fit: strategy sampled 5 clients (out of 50)
[2024-09-11 12:24:46,322][flwr][INFO] - aggregate_fit: received 5 results and 0 failures
[2024-09-11 12:24:51,567][flwr][INFO] - fit progress: (8, 33.5020243995823, {'accuracy': 0.8889213680210465}, 72.48148535937071)
[2024-09-11 12:24:51,568][flwr][INFO] - configure_evaluate: strategy sampled 2 clients (out of 50)
[2024-09-11 12:24:51,847][flwr][INFO] - aggregate_evaluate: received 2 results and 0 failures
[2024-09-11 12:24:51,847][flwr][INFO] - 
[2024-09-11 12:24:51,848][flwr][INFO] - [ROUND 9]
[2024-09-11 12:24:51,848][flwr][INFO] - configure_fit: strategy sampled 5 clients (out of 50)
[2024-09-11 12:24:55,151][flwr][INFO] - aggregate_fit: received 5 results and 0 failures
[2024-09-11 12:25:00,599][flwr][INFO] - fit progress: (9, 48.3286700155586, {'accuracy': 0.8576439637532886}, 81.51272775325924)
[2024-09-11 12:25:00,599][flwr][INFO] - configure_evaluate: strategy sampled 2 clients (out of 50)
[2024-09-11 12:25:00,852][flwr][INFO] - aggregate_evaluate: received 2 results and 0 failures
[2024-09-11 12:25:00,852][flwr][INFO] - 
[2024-09-11 12:25:00,852][flwr][INFO] - [ROUND 10]
[2024-09-11 12:25:00,853][flwr][INFO] - configure_fit: strategy sampled 5 clients (out of 50)
[2024-09-11 12:25:04,265][flwr][INFO] - aggregate_fit: received 5 results and 0 failures
[2024-09-11 12:25:09,897][flwr][INFO] - fit progress: (10, 40.8750021494925, {'accuracy': 0.8740134463607132}, 90.81155960727483)
[2024-09-11 12:25:09,898][flwr][INFO] - configure_evaluate: strategy sampled 2 clients (out of 50)
[2024-09-11 12:25:10,153][flwr][INFO] - aggregate_evaluate: received 2 results and 0 failures
[2024-09-11 12:25:10,153][flwr][INFO] - 
[2024-09-11 12:25:10,153][flwr][INFO] - [ROUND 11]
[2024-09-11 12:25:10,153][flwr][INFO] - configure_fit: strategy sampled 5 clients (out of 50)
[2024-09-11 12:25:13,472][flwr][INFO] - aggregate_fit: received 5 results and 0 failures
[2024-09-11 12:25:18,743][flwr][INFO] - fit progress: (11, 45.25542202219367, {'accuracy': 0.8658287050570008}, 99.65668449504301)
[2024-09-11 12:25:18,743][flwr][INFO] - configure_evaluate: strategy sampled 2 clients (out of 50)
[2024-09-11 12:25:19,003][flwr][INFO] - aggregate_evaluate: received 2 results and 0 failures
[2024-09-11 12:25:19,004][flwr][INFO] - 
[2024-09-11 12:25:19,004][flwr][INFO] - [ROUND 12]
[2024-09-11 12:25:19,004][flwr][INFO] - configure_fit: strategy sampled 5 clients (out of 50)
[2024-09-11 12:25:22,256][flwr][INFO] - aggregate_fit: received 5 results and 0 failures
[2024-09-11 12:25:28,762][flwr][INFO] - fit progress: (12, 28.749857110902667, {'accuracy': 0.9125986553639287}, 109.67598442919552)
[2024-09-11 12:25:28,762][flwr][INFO] - configure_evaluate: strategy sampled 2 clients (out of 50)
[2024-09-11 12:25:29,010][flwr][INFO] - aggregate_evaluate: received 2 results and 0 failures
[2024-09-11 12:25:29,010][flwr][INFO] - 
[2024-09-11 12:25:29,010][flwr][INFO] - [ROUND 13]
[2024-09-11 12:25:29,010][flwr][INFO] - configure_fit: strategy sampled 5 clients (out of 50)
[2024-09-11 12:25:32,195][flwr][INFO] - aggregate_fit: received 5 results and 0 failures
[2024-09-11 12:25:37,762][flwr][INFO] - fit progress: (13, 31.265887684188783, {'accuracy': 0.9003215434083601}, 118.67593566607684)
[2024-09-11 12:25:37,762][flwr][INFO] - configure_evaluate: strategy sampled 2 clients (out of 50)
[2024-09-11 12:25:38,140][flwr][INFO] - aggregate_evaluate: received 2 results and 0 failures
[2024-09-11 12:25:38,140][flwr][INFO] - 
[2024-09-11 12:25:38,141][flwr][INFO] - [ROUND 14]
[2024-09-11 12:25:38,141][flwr][INFO] - configure_fit: strategy sampled 5 clients (out of 50)
[2024-09-11 12:25:41,153][flwr][INFO] - aggregate_fit: received 5 results and 0 failures
[2024-09-11 12:25:46,507][flwr][INFO] - fit progress: (14, 40.34691184014082, {'accuracy': 0.8772288804443146}, 127.42154664825648)
[2024-09-11 12:25:46,508][flwr][INFO] - configure_evaluate: strategy sampled 2 clients (out of 50)
[2024-09-11 12:25:46,765][flwr][INFO] - aggregate_evaluate: received 2 results and 0 failures
[2024-09-11 12:25:46,765][flwr][INFO] - 
[2024-09-11 12:25:46,766][flwr][INFO] - [ROUND 15]
[2024-09-11 12:25:46,766][flwr][INFO] - configure_fit: strategy sampled 5 clients (out of 50)
[2024-09-11 12:25:49,967][flwr][INFO] - aggregate_fit: received 5 results and 0 failures
[2024-09-11 12:25:55,104][flwr][INFO] - fit progress: (15, 36.40486957132816, {'accuracy': 0.8906752411575563}, 136.01860856311396)
[2024-09-11 12:25:55,105][flwr][INFO] - configure_evaluate: strategy sampled 2 clients (out of 50)
[2024-09-11 12:25:55,353][flwr][INFO] - aggregate_evaluate: received 2 results and 0 failures
[2024-09-11 12:25:55,353][flwr][INFO] - 
[2024-09-11 12:25:55,353][flwr][INFO] - [ROUND 16]
[2024-09-11 12:25:55,353][flwr][INFO] - configure_fit: strategy sampled 5 clients (out of 50)
[2024-09-11 12:25:58,458][flwr][INFO] - aggregate_fit: received 5 results and 0 failures
[2024-09-11 12:26:03,641][flwr][INFO] - fit progress: (16, 38.422896813601255, {'accuracy': 0.8956445483776674}, 144.5549781192094)
[2024-09-11 12:26:03,641][flwr][INFO] - configure_evaluate: strategy sampled 2 clients (out of 50)
[2024-09-11 12:26:03,968][flwr][INFO] - aggregate_evaluate: received 2 results and 0 failures
[2024-09-11 12:26:03,969][flwr][INFO] - 
[2024-09-11 12:26:03,969][flwr][INFO] - [ROUND 17]
[2024-09-11 12:26:03,969][flwr][INFO] - configure_fit: strategy sampled 5 clients (out of 50)
[2024-09-11 12:26:07,054][flwr][INFO] - aggregate_fit: received 5 results and 0 failures
[2024-09-11 12:26:12,267][flwr][INFO] - fit progress: (17, 32.497795229777694, {'accuracy': 0.9105524700380005}, 153.18129488732666)
[2024-09-11 12:26:12,267][flwr][INFO] - configure_evaluate: strategy sampled 2 clients (out of 50)
[2024-09-11 12:26:12,520][flwr][INFO] - aggregate_evaluate: received 2 results and 0 failures
[2024-09-11 12:26:12,520][flwr][INFO] - 
[2024-09-11 12:26:12,520][flwr][INFO] - [ROUND 18]
[2024-09-11 12:26:12,521][flwr][INFO] - configure_fit: strategy sampled 5 clients (out of 50)
[2024-09-11 12:26:15,921][flwr][INFO] - aggregate_fit: received 5 results and 0 failures
[2024-09-11 12:26:21,130][flwr][INFO] - fit progress: (18, 66.42178547382355, {'accuracy': 0.8146740719087986}, 162.04387872526422)
[2024-09-11 12:26:21,130][flwr][INFO] - configure_evaluate: strategy sampled 2 clients (out of 50)
[2024-09-11 12:26:21,395][flwr][INFO] - aggregate_evaluate: received 2 results and 0 failures
[2024-09-11 12:26:21,396][flwr][INFO] - 
[2024-09-11 12:26:21,396][flwr][INFO] - [ROUND 19]
[2024-09-11 12:26:21,396][flwr][INFO] - configure_fit: strategy sampled 5 clients (out of 50)
[2024-09-11 12:26:24,687][flwr][INFO] - aggregate_fit: received 5 results and 0 failures
[2024-09-11 12:26:29,843][flwr][INFO] - fit progress: (19, 30.594755632337183, {'accuracy': 0.9155217772581117}, 170.75675737624988)
[2024-09-11 12:26:29,843][flwr][INFO] - configure_evaluate: strategy sampled 2 clients (out of 50)
[2024-09-11 12:26:30,109][flwr][INFO] - aggregate_evaluate: received 2 results and 0 failures
[2024-09-11 12:26:30,109][flwr][INFO] - 
[2024-09-11 12:26:30,109][flwr][INFO] - [ROUND 20]
[2024-09-11 12:26:30,110][flwr][INFO] - configure_fit: strategy sampled 5 clients (out of 50)
[2024-09-11 12:26:33,054][flwr][INFO] - aggregate_fit: received 5 results and 0 failures
[2024-09-11 12:26:38,218][flwr][INFO] - fit progress: (20, 29.702596936374903, {'accuracy': 0.912890967553347}, 179.1323277009651)
[2024-09-11 12:26:38,219][flwr][INFO] - configure_evaluate: strategy sampled 2 clients (out of 50)
[2024-09-11 12:26:38,473][flwr][INFO] - aggregate_evaluate: received 2 results and 0 failures
[2024-09-11 12:26:38,474][flwr][INFO] - 
[2024-09-11 12:26:38,474][flwr][INFO] - [ROUND 21]
[2024-09-11 12:26:38,474][flwr][INFO] - configure_fit: strategy sampled 5 clients (out of 50)
[2024-09-11 12:26:41,654][flwr][INFO] - aggregate_fit: received 5 results and 0 failures
[2024-09-11 12:26:46,785][flwr][INFO] - fit progress: (21, 78.74587910622358, {'accuracy': 0.808243203741596}, 187.69937495095655)
[2024-09-11 12:26:46,786][flwr][INFO] - configure_evaluate: strategy sampled 2 clients (out of 50)
[2024-09-11 12:26:47,095][flwr][INFO] - aggregate_evaluate: received 2 results and 0 failures
[2024-09-11 12:26:47,096][flwr][INFO] - 
[2024-09-11 12:26:47,096][flwr][INFO] - [ROUND 22]
[2024-09-11 12:26:47,096][flwr][INFO] - configure_fit: strategy sampled 5 clients (out of 50)
[2024-09-11 12:26:50,091][flwr][INFO] - aggregate_fit: received 5 results and 0 failures
[2024-09-11 12:26:55,519][flwr][INFO] - fit progress: (22, 41.81162704154849, {'accuracy': 0.8842443729903537}, 196.43325364822522)
[2024-09-11 12:26:55,520][flwr][INFO] - configure_evaluate: strategy sampled 2 clients (out of 50)
[2024-09-11 12:26:55,758][flwr][INFO] - aggregate_evaluate: received 2 results and 0 failures
[2024-09-11 12:26:55,758][flwr][INFO] - 
[2024-09-11 12:26:55,758][flwr][INFO] - [ROUND 23]
[2024-09-11 12:26:55,758][flwr][INFO] - configure_fit: strategy sampled 5 clients (out of 50)
[2024-09-11 12:26:58,947][flwr][INFO] - aggregate_fit: received 5 results and 0 failures
[2024-09-11 12:27:04,622][flwr][INFO] - fit progress: (23, 29.156381183303893, {'accuracy': 0.9234142063724057}, 205.53631341317669)
[2024-09-11 12:27:04,622][flwr][INFO] - configure_evaluate: strategy sampled 2 clients (out of 50)
[2024-09-11 12:27:04,883][flwr][INFO] - aggregate_evaluate: received 2 results and 0 failures
[2024-09-11 12:27:04,883][flwr][INFO] - 
[2024-09-11 12:27:04,883][flwr][INFO] - [ROUND 24]
[2024-09-11 12:27:04,883][flwr][INFO] - configure_fit: strategy sampled 5 clients (out of 50)
[2024-09-11 12:27:08,021][flwr][INFO] - aggregate_fit: received 5 results and 0 failures
[2024-09-11 12:27:13,096][flwr][INFO] - fit progress: (24, 28.262476635165513, {'accuracy': 0.9222449576147326}, 214.0103987599723)
[2024-09-11 12:27:13,097][flwr][INFO] - configure_evaluate: strategy sampled 2 clients (out of 50)
[2024-09-11 12:27:13,423][flwr][INFO] - aggregate_evaluate: received 2 results and 0 failures
[2024-09-11 12:27:13,424][flwr][INFO] - 
[2024-09-11 12:27:13,424][flwr][INFO] - [ROUND 25]
[2024-09-11 12:27:13,424][flwr][INFO] - configure_fit: strategy sampled 5 clients (out of 50)
[2024-09-11 12:27:16,576][flwr][INFO] - aggregate_fit: received 5 results and 0 failures
[2024-09-11 12:27:21,603][flwr][INFO] - fit progress: (25, 24.018084233626723, {'accuracy': 0.9342297573808828}, 222.51726390700787)
[2024-09-11 12:27:21,604][flwr][INFO] - configure_evaluate: strategy sampled 2 clients (out of 50)
[2024-09-11 12:27:21,875][flwr][INFO] - aggregate_evaluate: received 2 results and 0 failures
[2024-09-11 12:27:21,876][flwr][INFO] - 
[2024-09-11 12:27:21,876][flwr][INFO] - [ROUND 26]
[2024-09-11 12:27:21,876][flwr][INFO] - configure_fit: strategy sampled 5 clients (out of 50)
[2024-09-11 12:27:25,130][flwr][INFO] - aggregate_fit: received 5 results and 0 failures
[2024-09-11 12:27:29,917][flwr][INFO] - fit progress: (26, 39.641894994303584, {'accuracy': 0.9052908506284713}, 230.8315179022029)
[2024-09-11 12:27:29,918][flwr][INFO] - configure_evaluate: strategy sampled 2 clients (out of 50)
[2024-09-11 12:27:30,157][flwr][INFO] - aggregate_evaluate: received 2 results and 0 failures
[2024-09-11 12:27:30,157][flwr][INFO] - 
[2024-09-11 12:27:30,157][flwr][INFO] - [ROUND 27]
[2024-09-11 12:27:30,158][flwr][INFO] - configure_fit: strategy sampled 5 clients (out of 50)
[2024-09-11 12:27:33,590][flwr][INFO] - aggregate_fit: received 5 results and 0 failures
[2024-09-11 12:27:38,345][flwr][INFO] - fit progress: (27, 26.018102971604094, {'accuracy': 0.9307220111078632}, 239.25933835702017)
[2024-09-11 12:27:38,346][flwr][INFO] - configure_evaluate: strategy sampled 2 clients (out of 50)
[2024-09-11 12:27:38,598][flwr][INFO] - aggregate_evaluate: received 2 results and 0 failures
[2024-09-11 12:27:38,598][flwr][INFO] - 
[2024-09-11 12:27:38,599][flwr][INFO] - [ROUND 28]
[2024-09-11 12:27:38,599][flwr][INFO] - configure_fit: strategy sampled 5 clients (out of 50)
[2024-09-11 12:27:41,795][flwr][INFO] - aggregate_fit: received 5 results and 0 failures
[2024-09-11 12:27:46,526][flwr][INFO] - fit progress: (28, 30.988018025644124, {'accuracy': 0.9152294650686934}, 247.4404604542069)
[2024-09-11 12:27:46,527][flwr][INFO] - configure_evaluate: strategy sampled 2 clients (out of 50)
[2024-09-11 12:27:46,888][flwr][INFO] - aggregate_evaluate: received 2 results and 0 failures
[2024-09-11 12:27:46,888][flwr][INFO] - 
[2024-09-11 12:27:46,888][flwr][INFO] - [ROUND 29]
[2024-09-11 12:27:46,888][flwr][INFO] - configure_fit: strategy sampled 5 clients (out of 50)
[2024-09-11 12:27:50,151][flwr][INFO] - aggregate_fit: received 5 results and 0 failures
[2024-09-11 12:27:54,820][flwr][INFO] - fit progress: (29, 34.640461361035705, {'accuracy': 0.9117217187956738}, 255.73390151327476)
[2024-09-11 12:27:54,820][flwr][INFO] - configure_evaluate: strategy sampled 2 clients (out of 50)
[2024-09-11 12:27:55,084][flwr][INFO] - aggregate_evaluate: received 2 results and 0 failures
[2024-09-11 12:27:55,084][flwr][INFO] - 
[2024-09-11 12:27:55,084][flwr][INFO] - [ROUND 30]
[2024-09-11 12:27:55,084][flwr][INFO] - configure_fit: strategy sampled 5 clients (out of 50)
[2024-09-11 12:27:58,254][flwr][INFO] - aggregate_fit: received 5 results and 0 failures
[2024-09-11 12:28:03,004][flwr][INFO] - fit progress: (30, 30.451494082808495, {'accuracy': 0.9169833382052032}, 263.9180800640024)
[2024-09-11 12:28:03,004][flwr][INFO] - configure_evaluate: strategy sampled 2 clients (out of 50)
[2024-09-11 12:28:03,264][flwr][INFO] - aggregate_evaluate: received 2 results and 0 failures
[2024-09-11 12:28:03,265][flwr][INFO] - 
[2024-09-11 12:28:03,265][flwr][INFO] - [ROUND 31]
[2024-09-11 12:28:03,265][flwr][INFO] - configure_fit: strategy sampled 5 clients (out of 50)
[2024-09-11 12:28:06,491][flwr][INFO] - aggregate_fit: received 5 results and 0 failures
[2024-09-11 12:28:11,172][flwr][INFO] - fit progress: (31, 32.90745460614562, {'accuracy': 0.912014030985092}, 272.08641955815256)
[2024-09-11 12:28:11,173][flwr][INFO] - configure_evaluate: strategy sampled 2 clients (out of 50)
[2024-09-11 12:28:11,414][flwr][INFO] - aggregate_evaluate: received 2 results and 0 failures
[2024-09-11 12:28:11,414][flwr][INFO] - 
[2024-09-11 12:28:11,414][flwr][INFO] - [ROUND 32]
[2024-09-11 12:28:11,414][flwr][INFO] - configure_fit: strategy sampled 5 clients (out of 50)
[2024-09-11 12:28:14,650][flwr][INFO] - aggregate_fit: received 5 results and 0 failures
[2024-09-11 12:28:19,303][flwr][INFO] - fit progress: (32, 45.51325374469161, {'accuracy': 0.8892136802104648}, 280.2167998030782)
[2024-09-11 12:28:19,303][flwr][INFO] - configure_evaluate: strategy sampled 2 clients (out of 50)
[2024-09-11 12:28:19,558][flwr][INFO] - aggregate_evaluate: received 2 results and 0 failures
[2024-09-11 12:28:19,559][flwr][INFO] - 
[2024-09-11 12:28:19,559][flwr][INFO] - [ROUND 33]
[2024-09-11 12:28:19,559][flwr][INFO] - configure_fit: strategy sampled 5 clients (out of 50)
[2024-09-11 12:28:22,734][flwr][INFO] - aggregate_fit: received 5 results and 0 failures
[2024-09-11 12:28:27,462][flwr][INFO] - fit progress: (33, 29.17695672158152, {'accuracy': 0.926629640456007}, 288.3763236659579)
[2024-09-11 12:28:27,463][flwr][INFO] - configure_evaluate: strategy sampled 2 clients (out of 50)
[2024-09-11 12:28:27,713][flwr][INFO] - aggregate_evaluate: received 2 results and 0 failures
[2024-09-11 12:28:27,714][flwr][INFO] - 
[2024-09-11 12:28:27,714][flwr][INFO] - [ROUND 34]
[2024-09-11 12:28:27,714][flwr][INFO] - configure_fit: strategy sampled 5 clients (out of 50)
[2024-09-11 12:28:30,923][flwr][INFO] - aggregate_fit: received 5 results and 0 failures
[2024-09-11 12:28:35,593][flwr][INFO] - fit progress: (34, 26.817060146015137, {'accuracy': 0.932475884244373}, 296.50717187905684)
[2024-09-11 12:28:35,593][flwr][INFO] - configure_evaluate: strategy sampled 2 clients (out of 50)
[2024-09-11 12:28:36,009][flwr][INFO] - aggregate_evaluate: received 2 results and 0 failures
[2024-09-11 12:28:36,009][flwr][INFO] - 
[2024-09-11 12:28:36,010][flwr][INFO] - [ROUND 35]
[2024-09-11 12:28:36,010][flwr][INFO] - configure_fit: strategy sampled 5 clients (out of 50)
[2024-09-11 12:28:39,247][flwr][INFO] - aggregate_fit: received 5 results and 0 failures
[2024-09-11 12:28:44,640][flwr][INFO] - fit progress: (35, 27.424360766774043, {'accuracy': 0.9239988307512423}, 305.5540237631649)
[2024-09-11 12:28:44,640][flwr][INFO] - configure_evaluate: strategy sampled 2 clients (out of 50)
[2024-09-11 12:28:44,874][flwr][INFO] - aggregate_evaluate: received 2 results and 0 failures
[2024-09-11 12:28:44,875][flwr][INFO] - 
[2024-09-11 12:28:44,875][flwr][INFO] - [ROUND 36]
[2024-09-11 12:28:44,875][flwr][INFO] - configure_fit: strategy sampled 5 clients (out of 50)
[2024-09-11 12:28:48,226][flwr][INFO] - aggregate_fit: received 5 results and 0 failures
[2024-09-11 12:28:53,212][flwr][INFO] - fit progress: (36, 26.501200105063617, {'accuracy': 0.9315989476761181}, 314.1257979031652)
[2024-09-11 12:28:53,212][flwr][INFO] - configure_evaluate: strategy sampled 2 clients (out of 50)
[2024-09-11 12:28:53,464][flwr][INFO] - aggregate_evaluate: received 2 results and 0 failures
[2024-09-11 12:28:53,464][flwr][INFO] - 
[2024-09-11 12:28:53,464][flwr][INFO] - [ROUND 37]
[2024-09-11 12:28:53,464][flwr][INFO] - configure_fit: strategy sampled 5 clients (out of 50)
[2024-09-11 12:28:56,409][flwr][INFO] - aggregate_fit: received 5 results and 0 failures
[2024-09-11 12:29:01,678][flwr][INFO] - fit progress: (37, 34.58211853518151, {'accuracy': 0.9178602747734581}, 322.59210061701015)
[2024-09-11 12:29:01,678][flwr][INFO] - configure_evaluate: strategy sampled 2 clients (out of 50)
[2024-09-11 12:29:01,938][flwr][INFO] - aggregate_evaluate: received 2 results and 0 failures
[2024-09-11 12:29:01,939][flwr][INFO] - 
[2024-09-11 12:29:01,939][flwr][INFO] - [ROUND 38]
[2024-09-11 12:29:01,939][flwr][INFO] - configure_fit: strategy sampled 5 clients (out of 50)
[2024-09-11 12:29:05,185][flwr][INFO] - aggregate_fit: received 5 results and 0 failures
[2024-09-11 12:29:09,859][flwr][INFO] - fit progress: (38, 53.308503543026745, {'accuracy': 0.8909675533469745}, 330.77312935423106)
[2024-09-11 12:29:09,859][flwr][INFO] - configure_evaluate: strategy sampled 2 clients (out of 50)
[2024-09-11 12:29:10,112][flwr][INFO] - aggregate_evaluate: received 2 results and 0 failures
[2024-09-11 12:29:10,113][flwr][INFO] - 
[2024-09-11 12:29:10,113][flwr][INFO] - [ROUND 39]
[2024-09-11 12:29:10,113][flwr][INFO] - configure_fit: strategy sampled 5 clients (out of 50)
[2024-09-11 12:29:13,315][flwr][INFO] - aggregate_fit: received 5 results and 0 failures
[2024-09-11 12:29:18,041][flwr][INFO] - fit progress: (39, 68.80458733998239, {'accuracy': 0.8672902660040924}, 338.9553679591045)
[2024-09-11 12:29:18,042][flwr][INFO] - configure_evaluate: strategy sampled 2 clients (out of 50)
[2024-09-11 12:29:18,479][flwr][INFO] - aggregate_evaluate: received 2 results and 0 failures
[2024-09-11 12:29:18,480][flwr][INFO] - 
[2024-09-11 12:29:18,480][flwr][INFO] - [ROUND 40]
[2024-09-11 12:29:18,480][flwr][INFO] - configure_fit: strategy sampled 5 clients (out of 50)
[2024-09-11 12:29:21,755][flwr][INFO] - aggregate_fit: received 5 results and 0 failures
[2024-09-11 12:29:26,466][flwr][INFO] - fit progress: (40, 29.66139594640117, {'accuracy': 0.9216603332358959}, 347.37967816134915)
[2024-09-11 12:29:26,466][flwr][INFO] - configure_evaluate: strategy sampled 2 clients (out of 50)
[2024-09-11 12:29:26,828][flwr][INFO] - aggregate_evaluate: received 2 results and 0 failures
[2024-09-11 12:29:26,829][flwr][INFO] - 
[2024-09-11 12:29:26,829][flwr][INFO] - [ROUND 41]
[2024-09-11 12:29:26,829][flwr][INFO] - configure_fit: strategy sampled 5 clients (out of 50)
[2024-09-11 12:29:30,066][flwr][INFO] - aggregate_fit: received 5 results and 0 failures
[2024-09-11 12:29:34,898][flwr][INFO] - fit progress: (41, 37.644911808660254, {'accuracy': 0.9190295235311312}, 355.8118271762505)
[2024-09-11 12:29:34,898][flwr][INFO] - configure_evaluate: strategy sampled 2 clients (out of 50)
[2024-09-11 12:29:35,155][flwr][INFO] - aggregate_evaluate: received 2 results and 0 failures
[2024-09-11 12:29:35,155][flwr][INFO] - 
[2024-09-11 12:29:35,155][flwr][INFO] - [ROUND 42]
[2024-09-11 12:29:35,155][flwr][INFO] - configure_fit: strategy sampled 5 clients (out of 50)
[2024-09-11 12:29:38,270][flwr][INFO] - aggregate_fit: received 5 results and 0 failures
[2024-09-11 12:29:42,997][flwr][INFO] - fit progress: (42, 33.268743507622276, {'accuracy': 0.9219526454253142}, 363.91147271636873)
[2024-09-11 12:29:42,998][flwr][INFO] - configure_evaluate: strategy sampled 2 clients (out of 50)
[2024-09-11 12:29:43,301][flwr][INFO] - aggregate_evaluate: received 2 results and 0 failures
[2024-09-11 12:29:43,302][flwr][INFO] - 
[2024-09-11 12:29:43,302][flwr][INFO] - [ROUND 43]
[2024-09-11 12:29:43,302][flwr][INFO] - configure_fit: strategy sampled 5 clients (out of 50)
[2024-09-11 12:29:47,270][flwr][INFO] - aggregate_fit: received 5 results and 0 failures
[2024-09-11 12:29:52,877][flwr][INFO] - fit progress: (43, 28.529412561794743, {'accuracy': 0.9272142648348436}, 373.79119472624734)
[2024-09-11 12:29:52,878][flwr][INFO] - configure_evaluate: strategy sampled 2 clients (out of 50)
[2024-09-11 12:29:53,158][flwr][INFO] - aggregate_evaluate: received 2 results and 0 failures
[2024-09-11 12:29:53,158][flwr][INFO] - 
[2024-09-11 12:29:53,158][flwr][INFO] - [ROUND 44]
[2024-09-11 12:29:53,158][flwr][INFO] - configure_fit: strategy sampled 5 clients (out of 50)
[2024-09-11 12:29:56,258][flwr][INFO] - aggregate_fit: received 5 results and 0 failures
[2024-09-11 12:30:01,182][flwr][INFO] - fit progress: (44, 30.741508600651287, {'accuracy': 0.9219526454253142}, 382.0961711113341)
[2024-09-11 12:30:01,182][flwr][INFO] - configure_evaluate: strategy sampled 2 clients (out of 50)
[2024-09-11 12:30:01,484][flwr][INFO] - aggregate_evaluate: received 2 results and 0 failures
[2024-09-11 12:30:01,484][flwr][INFO] - 
[2024-09-11 12:30:01,484][flwr][INFO] - [ROUND 45]
[2024-09-11 12:30:01,484][flwr][INFO] - configure_fit: strategy sampled 5 clients (out of 50)
[2024-09-11 12:30:04,580][flwr][INFO] - aggregate_fit: received 5 results and 0 failures
[2024-09-11 12:30:09,556][flwr][INFO] - fit progress: (45, 71.95772226899862, {'accuracy': 0.8450745396083017}, 390.4701334303245)
[2024-09-11 12:30:09,556][flwr][INFO] - configure_evaluate: strategy sampled 2 clients (out of 50)
[2024-09-11 12:30:09,855][flwr][INFO] - aggregate_evaluate: received 2 results and 0 failures
[2024-09-11 12:30:09,855][flwr][INFO] - 
[2024-09-11 12:30:09,856][flwr][INFO] - [ROUND 46]
[2024-09-11 12:30:09,856][flwr][INFO] - configure_fit: strategy sampled 5 clients (out of 50)
[2024-09-11 12:30:13,097][flwr][INFO] - aggregate_fit: received 5 results and 0 failures
[2024-09-11 12:30:18,072][flwr][INFO] - fit progress: (46, 55.178716756403446, {'accuracy': 0.8719672610347852}, 398.98589700926095)
[2024-09-11 12:30:18,072][flwr][INFO] - configure_evaluate: strategy sampled 2 clients (out of 50)
[2024-09-11 12:30:18,330][flwr][INFO] - aggregate_evaluate: received 2 results and 0 failures
[2024-09-11 12:30:18,330][flwr][INFO] - 
[2024-09-11 12:30:18,331][flwr][INFO] - [ROUND 47]
[2024-09-11 12:30:18,331][flwr][INFO] - configure_fit: strategy sampled 5 clients (out of 50)
[2024-09-11 12:30:21,497][flwr][INFO] - aggregate_fit: received 5 results and 0 failures
[2024-09-11 12:30:26,477][flwr][INFO] - fit progress: (47, 39.3905688431696, {'accuracy': 0.9163987138263665}, 407.39132543094456)
[2024-09-11 12:30:26,478][flwr][INFO] - configure_evaluate: strategy sampled 2 clients (out of 50)
[2024-09-11 12:30:26,740][flwr][INFO] - aggregate_evaluate: received 2 results and 0 failures
[2024-09-11 12:30:26,740][flwr][INFO] - 
[2024-09-11 12:30:26,740][flwr][INFO] - [ROUND 48]
[2024-09-11 12:30:26,741][flwr][INFO] - configure_fit: strategy sampled 5 clients (out of 50)
[2024-09-11 12:30:29,818][flwr][INFO] - aggregate_fit: received 5 results and 0 failures
[2024-09-11 12:30:34,600][flwr][INFO] - fit progress: (48, 29.84107655729167, {'accuracy': 0.9283835135925168}, 415.5140535319224)
[2024-09-11 12:30:34,600][flwr][INFO] - configure_evaluate: strategy sampled 2 clients (out of 50)
[2024-09-11 12:30:34,839][flwr][INFO] - aggregate_evaluate: received 2 results and 0 failures
[2024-09-11 12:30:34,839][flwr][INFO] - 
[2024-09-11 12:30:34,840][flwr][INFO] - [ROUND 49]
[2024-09-11 12:30:34,840][flwr][INFO] - configure_fit: strategy sampled 5 clients (out of 50)
[2024-09-11 12:30:37,846][flwr][INFO] - aggregate_fit: received 5 results and 0 failures
[2024-09-11 12:30:42,891][flwr][INFO] - fit progress: (49, 27.73335250420496, {'accuracy': 0.9365682548962292}, 423.80541906505823)
[2024-09-11 12:30:42,892][flwr][INFO] - configure_evaluate: strategy sampled 2 clients (out of 50)
[2024-09-11 12:30:43,138][flwr][INFO] - aggregate_evaluate: received 2 results and 0 failures
[2024-09-11 12:30:43,138][flwr][INFO] - 
[2024-09-11 12:30:43,138][flwr][INFO] - [ROUND 50]
[2024-09-11 12:30:43,138][flwr][INFO] - configure_fit: strategy sampled 5 clients (out of 50)
[2024-09-11 12:30:46,254][flwr][INFO] - aggregate_fit: received 5 results and 0 failures
[2024-09-11 12:30:51,023][flwr][INFO] - fit progress: (50, 44.50428543239832, {'accuracy': 0.8909675533469745}, 431.93694852804765)
[2024-09-11 12:30:51,023][flwr][INFO] - configure_evaluate: strategy sampled 2 clients (out of 50)
[2024-09-11 12:30:51,294][flwr][INFO] - aggregate_evaluate: received 2 results and 0 failures
[2024-09-11 12:30:51,294][flwr][INFO] - 
[2024-09-11 12:30:51,294][flwr][INFO] - [ROUND 51]
[2024-09-11 12:30:51,294][flwr][INFO] - configure_fit: strategy sampled 5 clients (out of 50)
[2024-09-11 12:30:54,537][flwr][INFO] - aggregate_fit: received 5 results and 0 failures
[2024-09-11 12:30:59,531][flwr][INFO] - fit progress: (51, 36.15343339042738, {'accuracy': 0.907044723764981}, 440.44519187230617)
[2024-09-11 12:30:59,531][flwr][INFO] - configure_evaluate: strategy sampled 2 clients (out of 50)
[2024-09-11 12:30:59,810][flwr][INFO] - aggregate_evaluate: received 2 results and 0 failures
[2024-09-11 12:30:59,810][flwr][INFO] - 
[2024-09-11 12:30:59,810][flwr][INFO] - [ROUND 52]
[2024-09-11 12:30:59,810][flwr][INFO] - configure_fit: strategy sampled 5 clients (out of 50)
[2024-09-11 12:31:02,988][flwr][INFO] - aggregate_fit: received 5 results and 0 failures
[2024-09-11 12:31:07,738][flwr][INFO] - fit progress: (52, 34.370555379544385, {'accuracy': 0.9225372698041509}, 448.65180766535923)
[2024-09-11 12:31:07,738][flwr][INFO] - configure_evaluate: strategy sampled 2 clients (out of 50)
[2024-09-11 12:31:07,977][flwr][INFO] - aggregate_evaluate: received 2 results and 0 failures
[2024-09-11 12:31:07,977][flwr][INFO] - 
[2024-09-11 12:31:07,977][flwr][INFO] - [ROUND 53]
[2024-09-11 12:31:07,978][flwr][INFO] - configure_fit: strategy sampled 5 clients (out of 50)
[2024-09-11 12:31:11,265][flwr][INFO] - aggregate_fit: received 5 results and 0 failures
[2024-09-11 12:31:16,266][flwr][INFO] - fit progress: (53, 41.086331467027776, {'accuracy': 0.9134755919321835}, 457.18009153706953)
[2024-09-11 12:31:16,266][flwr][INFO] - configure_evaluate: strategy sampled 2 clients (out of 50)
[2024-09-11 12:31:16,716][flwr][INFO] - aggregate_evaluate: received 2 results and 0 failures
[2024-09-11 12:31:16,717][flwr][INFO] - 
[2024-09-11 12:31:16,717][flwr][INFO] - [ROUND 54]
[2024-09-11 12:31:16,717][flwr][INFO] - configure_fit: strategy sampled 5 clients (out of 50)
[2024-09-11 12:31:19,930][flwr][INFO] - aggregate_fit: received 5 results and 0 failures
[2024-09-11 12:31:24,893][flwr][INFO] - fit progress: (54, 32.67874809214845, {'accuracy': 0.9304296989184448}, 465.80755571927875)
[2024-09-11 12:31:24,894][flwr][INFO] - configure_evaluate: strategy sampled 2 clients (out of 50)
[2024-09-11 12:31:25,137][flwr][INFO] - aggregate_evaluate: received 2 results and 0 failures
[2024-09-11 12:31:25,138][flwr][INFO] - 
[2024-09-11 12:31:25,138][flwr][INFO] - [ROUND 55]
[2024-09-11 12:31:25,138][flwr][INFO] - configure_fit: strategy sampled 5 clients (out of 50)
[2024-09-11 12:31:28,045][flwr][INFO] - aggregate_fit: received 5 results and 0 failures
[2024-09-11 12:31:32,753][flwr][INFO] - fit progress: (55, 28.28289763693465, {'accuracy': 0.9435837474422684}, 473.6670399373397)
[2024-09-11 12:31:32,753][flwr][INFO] - configure_evaluate: strategy sampled 2 clients (out of 50)
[2024-09-11 12:31:33,168][flwr][INFO] - aggregate_evaluate: received 2 results and 0 failures
[2024-09-11 12:31:33,169][flwr][INFO] - 
[2024-09-11 12:31:33,169][flwr][INFO] - [ROUND 56]
[2024-09-11 12:31:33,169][flwr][INFO] - configure_fit: strategy sampled 5 clients (out of 50)
[2024-09-11 12:31:36,145][flwr][INFO] - aggregate_fit: received 5 results and 0 failures
[2024-09-11 12:31:41,300][flwr][INFO] - fit progress: (56, 45.39465921368537, {'accuracy': 0.912890967553347}, 482.213793230243)
[2024-09-11 12:31:41,300][flwr][INFO] - configure_evaluate: strategy sampled 2 clients (out of 50)
[2024-09-11 12:31:41,558][flwr][INFO] - aggregate_evaluate: received 2 results and 0 failures
[2024-09-11 12:31:41,558][flwr][INFO] - 
[2024-09-11 12:31:41,558][flwr][INFO] - [ROUND 57]
[2024-09-11 12:31:41,558][flwr][INFO] - configure_fit: strategy sampled 5 clients (out of 50)
[2024-09-11 12:31:44,706][flwr][INFO] - aggregate_fit: received 5 results and 0 failures
[2024-09-11 12:31:49,863][flwr][INFO] - fit progress: (57, 28.786342351639178, {'accuracy': 0.9406606255480854}, 490.7770010381937)
[2024-09-11 12:31:49,863][flwr][INFO] - configure_evaluate: strategy sampled 2 clients (out of 50)
[2024-09-11 12:31:50,102][flwr][INFO] - aggregate_evaluate: received 2 results and 0 failures
[2024-09-11 12:31:50,102][flwr][INFO] - 
[2024-09-11 12:31:50,102][flwr][INFO] - [ROUND 58]
[2024-09-11 12:31:50,102][flwr][INFO] - configure_fit: strategy sampled 5 clients (out of 50)
[2024-09-11 12:31:53,292][flwr][INFO] - aggregate_fit: received 5 results and 0 failures
[2024-09-11 12:31:58,017][flwr][INFO] - fit progress: (58, 102.78968432638794, {'accuracy': 0.8330897398421514}, 498.9313888819888)
[2024-09-11 12:31:58,018][flwr][INFO] - configure_evaluate: strategy sampled 2 clients (out of 50)
[2024-09-11 12:31:58,260][flwr][INFO] - aggregate_evaluate: received 2 results and 0 failures
[2024-09-11 12:31:58,260][flwr][INFO] - 
[2024-09-11 12:31:58,260][flwr][INFO] - [ROUND 59]
[2024-09-11 12:31:58,260][flwr][INFO] - configure_fit: strategy sampled 5 clients (out of 50)
[2024-09-11 12:32:01,399][flwr][INFO] - aggregate_fit: received 5 results and 0 failures
[2024-09-11 12:32:06,931][flwr][INFO] - fit progress: (59, 53.82416033109621, {'accuracy': 0.9044139140602163}, 507.84520067833364)
[2024-09-11 12:32:06,932][flwr][INFO] - configure_evaluate: strategy sampled 2 clients (out of 50)
[2024-09-11 12:32:07,189][flwr][INFO] - aggregate_evaluate: received 2 results and 0 failures
[2024-09-11 12:32:07,189][flwr][INFO] - 
[2024-09-11 12:32:07,189][flwr][INFO] - [ROUND 60]
[2024-09-11 12:32:07,189][flwr][INFO] - configure_fit: strategy sampled 5 clients (out of 50)
[2024-09-11 12:32:10,378][flwr][INFO] - aggregate_fit: received 5 results and 0 failures
[2024-09-11 12:32:15,336][flwr][INFO] - fit progress: (60, 44.372205763706006, {'accuracy': 0.9076293481438176}, 516.2504052100703)
[2024-09-11 12:32:15,337][flwr][INFO] - configure_evaluate: strategy sampled 2 clients (out of 50)
[2024-09-11 12:32:15,583][flwr][INFO] - aggregate_evaluate: received 2 results and 0 failures
[2024-09-11 12:32:15,584][flwr][INFO] - 
[2024-09-11 12:32:15,584][flwr][INFO] - [ROUND 61]
[2024-09-11 12:32:15,584][flwr][INFO] - configure_fit: strategy sampled 5 clients (out of 50)
[2024-09-11 12:32:18,735][flwr][INFO] - aggregate_fit: received 5 results and 0 failures
[2024-09-11 12:32:23,677][flwr][INFO] - fit progress: (61, 34.256992759983405, {'accuracy': 0.9339374451914645}, 524.5912528289482)
[2024-09-11 12:32:23,678][flwr][INFO] - configure_evaluate: strategy sampled 2 clients (out of 50)
[2024-09-11 12:32:24,052][flwr][INFO] - aggregate_evaluate: received 2 results and 0 failures
[2024-09-11 12:32:24,053][flwr][INFO] - 
[2024-09-11 12:32:24,053][flwr][INFO] - [ROUND 62]
[2024-09-11 12:32:24,053][flwr][INFO] - configure_fit: strategy sampled 5 clients (out of 50)
[2024-09-11 12:32:27,248][flwr][INFO] - aggregate_fit: received 5 results and 0 failures
[2024-09-11 12:32:32,256][flwr][INFO] - fit progress: (62, 38.1520005784696, {'accuracy': 0.9228295819935691}, 533.1703675831668)
[2024-09-11 12:32:32,257][flwr][INFO] - configure_evaluate: strategy sampled 2 clients (out of 50)
[2024-09-11 12:32:32,506][flwr][INFO] - aggregate_evaluate: received 2 results and 0 failures
[2024-09-11 12:32:32,507][flwr][INFO] - 
[2024-09-11 12:32:32,507][flwr][INFO] - [ROUND 63]
[2024-09-11 12:32:32,507][flwr][INFO] - configure_fit: strategy sampled 5 clients (out of 50)
[2024-09-11 12:32:35,655][flwr][INFO] - aggregate_fit: received 5 results and 0 failures
[2024-09-11 12:32:40,356][flwr][INFO] - fit progress: (63, 50.983066538814455, {'accuracy': 0.9245834551300789}, 541.2701365430839)
[2024-09-11 12:32:40,356][flwr][INFO] - configure_evaluate: strategy sampled 2 clients (out of 50)
[2024-09-11 12:32:40,631][flwr][INFO] - aggregate_evaluate: received 2 results and 0 failures
[2024-09-11 12:32:40,631][flwr][INFO] - 
[2024-09-11 12:32:40,631][flwr][INFO] - [ROUND 64]
[2024-09-11 12:32:40,631][flwr][INFO] - configure_fit: strategy sampled 5 clients (out of 50)
[2024-09-11 12:32:43,960][flwr][INFO] - aggregate_fit: received 5 results and 0 failures
[2024-09-11 12:32:48,927][flwr][INFO] - fit progress: (64, 46.61986960028298, {'accuracy': 0.9216603332358959}, 549.8413959541358)
[2024-09-11 12:32:48,928][flwr][INFO] - configure_evaluate: strategy sampled 2 clients (out of 50)
[2024-09-11 12:32:49,179][flwr][INFO] - aggregate_evaluate: received 2 results and 0 failures
[2024-09-11 12:32:49,179][flwr][INFO] - 
[2024-09-11 12:32:49,180][flwr][INFO] - [ROUND 65]
[2024-09-11 12:32:49,180][flwr][INFO] - configure_fit: strategy sampled 5 clients (out of 50)
[2024-09-11 12:32:52,122][flwr][INFO] - aggregate_fit: received 5 results and 0 failures
[2024-09-11 12:32:57,174][flwr][INFO] - fit progress: (65, 39.54956995585235, {'accuracy': 0.9219526454253142}, 558.0881147519685)
[2024-09-11 12:32:57,174][flwr][INFO] - configure_evaluate: strategy sampled 2 clients (out of 50)
[2024-09-11 12:32:57,464][flwr][INFO] - aggregate_evaluate: received 2 results and 0 failures
[2024-09-11 12:32:57,464][flwr][INFO] - 
[2024-09-11 12:32:57,465][flwr][INFO] - [ROUND 66]
[2024-09-11 12:32:57,465][flwr][INFO] - configure_fit: strategy sampled 5 clients (out of 50)
[2024-09-11 12:33:00,657][flwr][INFO] - aggregate_fit: received 5 results and 0 failures
[2024-09-11 12:33:05,608][flwr][INFO] - fit progress: (66, 46.30716352327727, {'accuracy': 0.9137679041216019}, 566.5218332642689)
[2024-09-11 12:33:05,608][flwr][INFO] - configure_evaluate: strategy sampled 2 clients (out of 50)
[2024-09-11 12:33:05,850][flwr][INFO] - aggregate_evaluate: received 2 results and 0 failures
[2024-09-11 12:33:05,851][flwr][INFO] - 
[2024-09-11 12:33:05,851][flwr][INFO] - [ROUND 67]
[2024-09-11 12:33:05,851][flwr][INFO] - configure_fit: strategy sampled 5 clients (out of 50)
[2024-09-11 12:33:08,746][flwr][INFO] - aggregate_fit: received 5 results and 0 failures
[2024-09-11 12:33:13,677][flwr][INFO] - fit progress: (67, 43.325092497078, {'accuracy': 0.9169833382052032}, 574.5913490382954)
[2024-09-11 12:33:13,678][flwr][INFO] - configure_evaluate: strategy sampled 2 clients (out of 50)
[2024-09-11 12:33:13,918][flwr][INFO] - aggregate_evaluate: received 2 results and 0 failures
[2024-09-11 12:33:13,918][flwr][INFO] - 
[2024-09-11 12:33:13,918][flwr][INFO] - [ROUND 68]
[2024-09-11 12:33:13,918][flwr][INFO] - configure_fit: strategy sampled 5 clients (out of 50)
[2024-09-11 12:33:17,290][flwr][INFO] - aggregate_fit: received 5 results and 0 failures
[2024-09-11 12:33:21,961][flwr][INFO] - fit progress: (68, 41.74515404191334, {'accuracy': 0.9219526454253142}, 582.8748956681229)
[2024-09-11 12:33:21,961][flwr][INFO] - configure_evaluate: strategy sampled 2 clients (out of 50)
[2024-09-11 12:33:22,400][flwr][INFO] - aggregate_evaluate: received 2 results and 0 failures
[2024-09-11 12:33:22,400][flwr][INFO] - 
[2024-09-11 12:33:22,400][flwr][INFO] - [ROUND 69]
[2024-09-11 12:33:22,400][flwr][INFO] - configure_fit: strategy sampled 5 clients (out of 50)
[2024-09-11 12:33:25,563][flwr][INFO] - aggregate_fit: received 5 results and 0 failures
[2024-09-11 12:33:30,566][flwr][INFO] - fit progress: (69, 36.60248846413015, {'accuracy': 0.9313066354866998}, 591.4802358369343)
[2024-09-11 12:33:30,567][flwr][INFO] - configure_evaluate: strategy sampled 2 clients (out of 50)
[2024-09-11 12:33:30,813][flwr][INFO] - aggregate_evaluate: received 2 results and 0 failures
[2024-09-11 12:33:30,814][flwr][INFO] - 
[2024-09-11 12:33:30,814][flwr][INFO] - [ROUND 70]
[2024-09-11 12:33:30,814][flwr][INFO] - configure_fit: strategy sampled 5 clients (out of 50)
[2024-09-11 12:33:33,991][flwr][INFO] - aggregate_fit: received 5 results and 0 failures
[2024-09-11 12:33:39,017][flwr][INFO] - fit progress: (70, 36.67367268688395, {'accuracy': 0.9403683133586671}, 599.930947243236)
[2024-09-11 12:33:39,017][flwr][INFO] - configure_evaluate: strategy sampled 2 clients (out of 50)
[2024-09-11 12:33:39,266][flwr][INFO] - aggregate_evaluate: received 2 results and 0 failures
[2024-09-11 12:33:39,266][flwr][INFO] - 
[2024-09-11 12:33:39,266][flwr][INFO] - [ROUND 71]
[2024-09-11 12:33:39,266][flwr][INFO] - configure_fit: strategy sampled 5 clients (out of 50)
[2024-09-11 12:33:42,370][flwr][INFO] - aggregate_fit: received 5 results and 0 failures
[2024-09-11 12:33:47,166][flwr][INFO] - fit progress: (71, 40.447040371829644, {'accuracy': 0.9222449576147326}, 608.0804695272818)
[2024-09-11 12:33:47,167][flwr][INFO] - configure_evaluate: strategy sampled 2 clients (out of 50)
[2024-09-11 12:33:47,408][flwr][INFO] - aggregate_evaluate: received 2 results and 0 failures
[2024-09-11 12:33:47,409][flwr][INFO] - 
[2024-09-11 12:33:47,409][flwr][INFO] - [ROUND 72]
[2024-09-11 12:33:47,409][flwr][INFO] - configure_fit: strategy sampled 5 clients (out of 50)
[2024-09-11 12:33:50,541][flwr][INFO] - aggregate_fit: received 5 results and 0 failures
[2024-09-11 12:33:55,548][flwr][INFO] - fit progress: (72, 36.338307713129325, {'accuracy': 0.9283835135925168}, 616.4622587403283)
[2024-09-11 12:33:55,549][flwr][INFO] - configure_evaluate: strategy sampled 2 clients (out of 50)
[2024-09-11 12:33:55,943][flwr][INFO] - aggregate_evaluate: received 2 results and 0 failures
[2024-09-11 12:33:55,944][flwr][INFO] - 
[2024-09-11 12:33:55,944][flwr][INFO] - [ROUND 73]
[2024-09-11 12:33:55,944][flwr][INFO] - configure_fit: strategy sampled 5 clients (out of 50)
[2024-09-11 12:33:58,943][flwr][INFO] - aggregate_fit: received 5 results and 0 failures
[2024-09-11 12:34:03,604][flwr][INFO] - fit progress: (73, 36.709902996932215, {'accuracy': 0.9339374451914645}, 624.5183122609742)
[2024-09-11 12:34:03,605][flwr][INFO] - configure_evaluate: strategy sampled 2 clients (out of 50)
[2024-09-11 12:34:03,885][flwr][INFO] - aggregate_evaluate: received 2 results and 0 failures
[2024-09-11 12:34:03,885][flwr][INFO] - 
[2024-09-11 12:34:03,886][flwr][INFO] - [ROUND 74]
[2024-09-11 12:34:03,886][flwr][INFO] - configure_fit: strategy sampled 5 clients (out of 50)
[2024-09-11 12:34:07,093][flwr][INFO] - aggregate_fit: received 5 results and 0 failures
[2024-09-11 12:34:12,028][flwr][INFO] - fit progress: (74, 53.01547132979613, {'accuracy': 0.9125986553639287}, 632.9423077641986)
[2024-09-11 12:34:12,029][flwr][INFO] - configure_evaluate: strategy sampled 2 clients (out of 50)
[2024-09-11 12:34:12,278][flwr][INFO] - aggregate_evaluate: received 2 results and 0 failures
[2024-09-11 12:34:12,278][flwr][INFO] - 
[2024-09-11 12:34:12,278][flwr][INFO] - [ROUND 75]
[2024-09-11 12:34:12,278][flwr][INFO] - configure_fit: strategy sampled 5 clients (out of 50)
[2024-09-11 12:34:15,539][flwr][INFO] - aggregate_fit: received 5 results and 0 failures
[2024-09-11 12:34:20,516][flwr][INFO] - fit progress: (75, 45.64839719538759, {'accuracy': 0.9190295235311312}, 641.4299744423479)
[2024-09-11 12:34:20,516][flwr][INFO] - configure_evaluate: strategy sampled 2 clients (out of 50)
[2024-09-11 12:34:20,781][flwr][INFO] - aggregate_evaluate: received 2 results and 0 failures
[2024-09-11 12:34:20,781][flwr][INFO] - 
[2024-09-11 12:34:20,781][flwr][INFO] - [ROUND 76]
[2024-09-11 12:34:20,781][flwr][INFO] - configure_fit: strategy sampled 5 clients (out of 50)
[2024-09-11 12:34:23,769][flwr][INFO] - aggregate_fit: received 5 results and 0 failures
[2024-09-11 12:34:28,767][flwr][INFO] - fit progress: (76, 30.28348634432041, {'accuracy': 0.9394913767904122}, 649.6812785309739)
[2024-09-11 12:34:28,768][flwr][INFO] - configure_evaluate: strategy sampled 2 clients (out of 50)
[2024-09-11 12:34:29,085][flwr][INFO] - aggregate_evaluate: received 2 results and 0 failures
[2024-09-11 12:34:29,085][flwr][INFO] - 
[2024-09-11 12:34:29,086][flwr][INFO] - [ROUND 77]
[2024-09-11 12:34:29,086][flwr][INFO] - configure_fit: strategy sampled 5 clients (out of 50)
[2024-09-11 12:34:32,524][flwr][INFO] - aggregate_fit: received 5 results and 0 failures
[2024-09-11 12:34:37,501][flwr][INFO] - fit progress: (77, 33.63541913077643, {'accuracy': 0.9386144402221572}, 658.4146558791399)
[2024-09-11 12:34:37,501][flwr][INFO] - configure_evaluate: strategy sampled 2 clients (out of 50)
[2024-09-11 12:34:37,750][flwr][INFO] - aggregate_evaluate: received 2 results and 0 failures
[2024-09-11 12:34:37,751][flwr][INFO] - 
[2024-09-11 12:34:37,751][flwr][INFO] - [ROUND 78]
[2024-09-11 12:34:37,751][flwr][INFO] - configure_fit: strategy sampled 5 clients (out of 50)
[2024-09-11 12:34:41,173][flwr][INFO] - aggregate_fit: received 5 results and 0 failures
[2024-09-11 12:34:46,139][flwr][INFO] - fit progress: (78, 41.715067498873395, {'accuracy': 0.934522069570301}, 667.0532964272425)
[2024-09-11 12:34:46,140][flwr][INFO] - configure_evaluate: strategy sampled 2 clients (out of 50)
[2024-09-11 12:34:46,380][flwr][INFO] - aggregate_evaluate: received 2 results and 0 failures
[2024-09-11 12:34:46,380][flwr][INFO] - 
[2024-09-11 12:34:46,380][flwr][INFO] - [ROUND 79]
[2024-09-11 12:34:46,381][flwr][INFO] - configure_fit: strategy sampled 5 clients (out of 50)
[2024-09-11 12:34:49,631][flwr][INFO] - aggregate_fit: received 5 results and 0 failures
[2024-09-11 12:34:54,365][flwr][INFO] - fit progress: (79, 31.45685567657347, {'accuracy': 0.9444606840105232}, 675.2786672501825)
[2024-09-11 12:34:54,365][flwr][INFO] - configure_evaluate: strategy sampled 2 clients (out of 50)
[2024-09-11 12:34:54,645][flwr][INFO] - aggregate_evaluate: received 2 results and 0 failures
[2024-09-11 12:34:54,645][flwr][INFO] - 
[2024-09-11 12:34:54,645][flwr][INFO] - [ROUND 80]
[2024-09-11 12:34:54,645][flwr][INFO] - configure_fit: strategy sampled 5 clients (out of 50)
[2024-09-11 12:34:57,771][flwr][INFO] - aggregate_fit: received 5 results and 0 failures
[2024-09-11 12:35:02,957][flwr][INFO] - fit progress: (80, 34.476909479610185, {'accuracy': 0.9368605670856475}, 683.8715809290297)
[2024-09-11 12:35:02,958][flwr][INFO] - configure_evaluate: strategy sampled 2 clients (out of 50)
[2024-09-11 12:35:03,339][flwr][INFO] - aggregate_evaluate: received 2 results and 0 failures
[2024-09-11 12:35:03,340][flwr][INFO] - 
[2024-09-11 12:35:03,340][flwr][INFO] - [ROUND 81]
[2024-09-11 12:35:03,340][flwr][INFO] - configure_fit: strategy sampled 5 clients (out of 50)
[2024-09-11 12:35:06,448][flwr][INFO] - aggregate_fit: received 5 results and 0 failures
[2024-09-11 12:35:11,715][flwr][INFO] - fit progress: (81, 78.46677099633962, {'accuracy': 0.8798596901490792}, 692.6294729732908)
[2024-09-11 12:35:11,716][flwr][INFO] - configure_evaluate: strategy sampled 2 clients (out of 50)
[2024-09-11 12:35:11,969][flwr][INFO] - aggregate_evaluate: received 2 results and 0 failures
[2024-09-11 12:35:11,969][flwr][INFO] - 
[2024-09-11 12:35:11,969][flwr][INFO] - [ROUND 82]
[2024-09-11 12:35:11,970][flwr][INFO] - configure_fit: strategy sampled 5 clients (out of 50)
[2024-09-11 12:35:15,249][flwr][INFO] - aggregate_fit: received 5 results and 0 failures
[2024-09-11 12:35:20,370][flwr][INFO] - fit progress: (82, 48.90571318077855, {'accuracy': 0.9184448991522947}, 701.283778456971)
[2024-09-11 12:35:20,370][flwr][INFO] - configure_evaluate: strategy sampled 2 clients (out of 50)
[2024-09-11 12:35:20,617][flwr][INFO] - aggregate_evaluate: received 2 results and 0 failures
[2024-09-11 12:35:20,617][flwr][INFO] - 
[2024-09-11 12:35:20,617][flwr][INFO] - [ROUND 83]
[2024-09-11 12:35:20,617][flwr][INFO] - configure_fit: strategy sampled 5 clients (out of 50)
[2024-09-11 12:35:23,803][flwr][INFO] - aggregate_fit: received 5 results and 0 failures
[2024-09-11 12:35:30,065][flwr][INFO] - fit progress: (83, 41.104874700649816, {'accuracy': 0.9418298743057586}, 710.9786233701743)
[2024-09-11 12:35:30,065][flwr][INFO] - configure_evaluate: strategy sampled 2 clients (out of 50)
[2024-09-11 12:35:30,335][flwr][INFO] - aggregate_evaluate: received 2 results and 0 failures
[2024-09-11 12:35:30,335][flwr][INFO] - 
[2024-09-11 12:35:30,335][flwr][INFO] - [ROUND 84]
[2024-09-11 12:35:30,335][flwr][INFO] - configure_fit: strategy sampled 5 clients (out of 50)
[2024-09-11 12:35:33,426][flwr][INFO] - aggregate_fit: received 5 results and 0 failures
[2024-09-11 12:35:38,320][flwr][INFO] - fit progress: (84, 46.27893687001779, {'accuracy': 0.935399006138556}, 719.2340468759649)
[2024-09-11 12:35:38,320][flwr][INFO] - configure_evaluate: strategy sampled 2 clients (out of 50)
[2024-09-11 12:35:38,635][flwr][INFO] - aggregate_evaluate: received 2 results and 0 failures
[2024-09-11 12:35:38,635][flwr][INFO] - 
[2024-09-11 12:35:38,635][flwr][INFO] - [ROUND 85]
[2024-09-11 12:35:38,635][flwr][INFO] - configure_fit: strategy sampled 5 clients (out of 50)
[2024-09-11 12:35:41,814][flwr][INFO] - aggregate_fit: received 5 results and 0 failures
[2024-09-11 12:35:47,622][flwr][INFO] - fit progress: (85, 40.72744059946854, {'accuracy': 0.9269219526454253}, 728.5357862189412)
[2024-09-11 12:35:47,622][flwr][INFO] - configure_evaluate: strategy sampled 2 clients (out of 50)
[2024-09-11 12:35:47,857][flwr][INFO] - aggregate_evaluate: received 2 results and 0 failures
[2024-09-11 12:35:47,857][flwr][INFO] - 
[2024-09-11 12:35:47,857][flwr][INFO] - [ROUND 86]
[2024-09-11 12:35:47,858][flwr][INFO] - configure_fit: strategy sampled 5 clients (out of 50)
[2024-09-11 12:35:51,090][flwr][INFO] - aggregate_fit: received 5 results and 0 failures
[2024-09-11 12:35:56,925][flwr][INFO] - fit progress: (86, 41.44272372411797, {'accuracy': 0.9336451330020462}, 737.8391213673167)
[2024-09-11 12:35:56,925][flwr][INFO] - configure_evaluate: strategy sampled 2 clients (out of 50)
[2024-09-11 12:35:57,164][flwr][INFO] - aggregate_evaluate: received 2 results and 0 failures
[2024-09-11 12:35:57,164][flwr][INFO] - 
[2024-09-11 12:35:57,164][flwr][INFO] - [ROUND 87]
[2024-09-11 12:35:57,164][flwr][INFO] - configure_fit: strategy sampled 5 clients (out of 50)
[2024-09-11 12:36:00,336][flwr][INFO] - aggregate_fit: received 5 results and 0 failures
[2024-09-11 12:36:06,027][flwr][INFO] - fit progress: (87, 46.12246735286317, {'accuracy': 0.934522069570301}, 746.9415443753824)
[2024-09-11 12:36:06,028][flwr][INFO] - configure_evaluate: strategy sampled 2 clients (out of 50)
[2024-09-11 12:36:06,281][flwr][INFO] - aggregate_evaluate: received 2 results and 0 failures
[2024-09-11 12:36:06,282][flwr][INFO] - 
[2024-09-11 12:36:06,282][flwr][INFO] - [ROUND 88]
[2024-09-11 12:36:06,282][flwr][INFO] - configure_fit: strategy sampled 5 clients (out of 50)
[2024-09-11 12:36:09,519][flwr][INFO] - aggregate_fit: received 5 results and 0 failures
[2024-09-11 12:36:14,247][flwr][INFO] - fit progress: (88, 61.37429058607813, {'accuracy': 0.9058754750073078}, 755.1610352182761)
[2024-09-11 12:36:14,247][flwr][INFO] - configure_evaluate: strategy sampled 2 clients (out of 50)
[2024-09-11 12:36:14,503][flwr][INFO] - aggregate_evaluate: received 2 results and 0 failures
[2024-09-11 12:36:14,504][flwr][INFO] - 
[2024-09-11 12:36:14,504][flwr][INFO] - [ROUND 89]
[2024-09-11 12:36:14,504][flwr][INFO] - configure_fit: strategy sampled 5 clients (out of 50)
[2024-09-11 12:36:17,759][flwr][INFO] - aggregate_fit: received 5 results and 0 failures
[2024-09-11 12:36:22,521][flwr][INFO] - fit progress: (89, 58.34007772023324, {'accuracy': 0.9207833966676411}, 763.4347078753635)
[2024-09-11 12:36:22,521][flwr][INFO] - configure_evaluate: strategy sampled 2 clients (out of 50)
[2024-09-11 12:36:22,777][flwr][INFO] - aggregate_evaluate: received 2 results and 0 failures
[2024-09-11 12:36:22,777][flwr][INFO] - 
[2024-09-11 12:36:22,777][flwr][INFO] - [ROUND 90]
[2024-09-11 12:36:22,778][flwr][INFO] - configure_fit: strategy sampled 5 clients (out of 50)
[2024-09-11 12:36:25,984][flwr][INFO] - aggregate_fit: received 5 results and 0 failures
[2024-09-11 12:36:31,370][flwr][INFO] - fit progress: (90, 40.65172828990035, {'accuracy': 0.9403683133586671}, 772.2841171133332)
[2024-09-11 12:36:31,370][flwr][INFO] - configure_evaluate: strategy sampled 2 clients (out of 50)
[2024-09-11 12:36:31,629][flwr][INFO] - aggregate_evaluate: received 2 results and 0 failures
[2024-09-11 12:36:31,629][flwr][INFO] - 
[2024-09-11 12:36:31,629][flwr][INFO] - [ROUND 91]
[2024-09-11 12:36:31,629][flwr][INFO] - configure_fit: strategy sampled 5 clients (out of 50)
[2024-09-11 12:36:34,824][flwr][INFO] - aggregate_fit: received 5 results and 0 failures
[2024-09-11 12:36:39,727][flwr][INFO] - fit progress: (91, 48.64962632289553, {'accuracy': 0.935399006138556}, 780.6412076619454)
[2024-09-11 12:36:39,728][flwr][INFO] - configure_evaluate: strategy sampled 2 clients (out of 50)
[2024-09-11 12:36:40,090][flwr][INFO] - aggregate_evaluate: received 2 results and 0 failures
[2024-09-11 12:36:40,090][flwr][INFO] - 
[2024-09-11 12:36:40,090][flwr][INFO] - [ROUND 92]
[2024-09-11 12:36:40,090][flwr][INFO] - configure_fit: strategy sampled 5 clients (out of 50)
[2024-09-11 12:36:43,279][flwr][INFO] - aggregate_fit: received 5 results and 0 failures
[2024-09-11 12:36:48,067][flwr][INFO] - fit progress: (92, 50.44442938501197, {'accuracy': 0.934522069570301}, 788.981390198227)
[2024-09-11 12:36:48,068][flwr][INFO] - configure_evaluate: strategy sampled 2 clients (out of 50)
[2024-09-11 12:36:48,296][flwr][INFO] - aggregate_evaluate: received 2 results and 0 failures
[2024-09-11 12:36:48,296][flwr][INFO] - 
[2024-09-11 12:36:48,296][flwr][INFO] - [ROUND 93]
[2024-09-11 12:36:48,296][flwr][INFO] - configure_fit: strategy sampled 5 clients (out of 50)
[2024-09-11 12:36:51,457][flwr][INFO] - aggregate_fit: received 5 results and 0 failures
[2024-09-11 12:36:56,372][flwr][INFO] - fit progress: (93, 42.262508022540715, {'accuracy': 0.9386144402221572}, 797.285631839186)
[2024-09-11 12:36:56,372][flwr][INFO] - configure_evaluate: strategy sampled 2 clients (out of 50)
[2024-09-11 12:36:56,628][flwr][INFO] - aggregate_evaluate: received 2 results and 0 failures
[2024-09-11 12:36:56,628][flwr][INFO] - 
[2024-09-11 12:36:56,628][flwr][INFO] - [ROUND 94]
[2024-09-11 12:36:56,628][flwr][INFO] - configure_fit: strategy sampled 5 clients (out of 50)
[2024-09-11 12:36:59,571][flwr][INFO] - aggregate_fit: received 5 results and 0 failures
[2024-09-11 12:37:04,347][flwr][INFO] - fit progress: (94, 52.404795908834785, {'accuracy': 0.9292604501607717}, 805.2610577330925)
[2024-09-11 12:37:04,347][flwr][INFO] - configure_evaluate: strategy sampled 2 clients (out of 50)
[2024-09-11 12:37:04,719][flwr][INFO] - aggregate_evaluate: received 2 results and 0 failures
[2024-09-11 12:37:04,719][flwr][INFO] - 
[2024-09-11 12:37:04,720][flwr][INFO] - [ROUND 95]
[2024-09-11 12:37:04,720][flwr][INFO] - configure_fit: strategy sampled 5 clients (out of 50)
[2024-09-11 12:37:07,781][flwr][INFO] - aggregate_fit: received 5 results and 0 failures
[2024-09-11 12:37:12,762][flwr][INFO] - fit progress: (95, 64.77740060632641, {'accuracy': 0.8994446068401052}, 813.6755774491467)
[2024-09-11 12:37:12,762][flwr][INFO] - configure_evaluate: strategy sampled 2 clients (out of 50)
[2024-09-11 12:37:13,038][flwr][INFO] - aggregate_evaluate: received 2 results and 0 failures
[2024-09-11 12:37:13,039][flwr][INFO] - 
[2024-09-11 12:37:13,039][flwr][INFO] - [ROUND 96]
[2024-09-11 12:37:13,039][flwr][INFO] - configure_fit: strategy sampled 5 clients (out of 50)
[2024-09-11 12:37:16,199][flwr][INFO] - aggregate_fit: received 5 results and 0 failures
[2024-09-11 12:37:20,993][flwr][INFO] - fit progress: (96, 50.382423382019624, {'accuracy': 0.9277988892136803}, 821.9068693872541)
[2024-09-11 12:37:20,993][flwr][INFO] - configure_evaluate: strategy sampled 2 clients (out of 50)
[2024-09-11 12:37:21,277][flwr][INFO] - aggregate_evaluate: received 2 results and 0 failures
[2024-09-11 12:37:21,278][flwr][INFO] - 
[2024-09-11 12:37:21,278][flwr][INFO] - [ROUND 97]
[2024-09-11 12:37:21,278][flwr][INFO] - configure_fit: strategy sampled 5 clients (out of 50)
[2024-09-11 12:37:24,416][flwr][INFO] - aggregate_fit: received 5 results and 0 failures
[2024-09-11 12:37:29,117][flwr][INFO] - fit progress: (97, 109.79372537106246, {'accuracy': 0.867874890382929}, 830.0315032820217)
[2024-09-11 12:37:29,118][flwr][INFO] - configure_evaluate: strategy sampled 2 clients (out of 50)
[2024-09-11 12:37:29,405][flwr][INFO] - aggregate_evaluate: received 2 results and 0 failures
[2024-09-11 12:37:29,405][flwr][INFO] - 
[2024-09-11 12:37:29,405][flwr][INFO] - [ROUND 98]
[2024-09-11 12:37:29,405][flwr][INFO] - configure_fit: strategy sampled 5 clients (out of 50)
[2024-09-11 12:37:32,547][flwr][INFO] - aggregate_fit: received 5 results and 0 failures
[2024-09-11 12:37:37,356][flwr][INFO] - fit progress: (98, 41.60402190210061, {'accuracy': 0.9351066939491377}, 838.2705067540519)
[2024-09-11 12:37:37,357][flwr][INFO] - configure_evaluate: strategy sampled 2 clients (out of 50)
[2024-09-11 12:37:37,609][flwr][INFO] - aggregate_evaluate: received 2 results and 0 failures
[2024-09-11 12:37:37,610][flwr][INFO] - 
[2024-09-11 12:37:37,610][flwr][INFO] - [ROUND 99]
[2024-09-11 12:37:37,610][flwr][INFO] - configure_fit: strategy sampled 5 clients (out of 50)
[2024-09-11 12:37:40,875][flwr][INFO] - aggregate_fit: received 5 results and 0 failures
[2024-09-11 12:37:45,693][flwr][INFO] - fit progress: (99, 69.8392061542254, {'accuracy': 0.9163987138263665}, 846.6075714449398)
[2024-09-11 12:37:45,694][flwr][INFO] - configure_evaluate: strategy sampled 2 clients (out of 50)
[2024-09-11 12:37:45,978][flwr][INFO] - aggregate_evaluate: received 2 results and 0 failures
[2024-09-11 12:37:45,979][flwr][INFO] - 
[2024-09-11 12:37:45,979][flwr][INFO] - [ROUND 100]
[2024-09-11 12:37:45,979][flwr][INFO] - configure_fit: strategy sampled 5 clients (out of 50)
[2024-09-11 12:37:49,400][flwr][INFO] - aggregate_fit: received 5 results and 0 failures
[2024-09-11 12:37:54,198][flwr][INFO] - fit progress: (100, 46.91684370358416, {'accuracy': 0.9272142648348436}, 855.1116412100382)
[2024-09-11 12:37:54,198][flwr][INFO] - configure_evaluate: strategy sampled 2 clients (out of 50)
[2024-09-11 12:37:54,514][flwr][INFO] - aggregate_evaluate: received 2 results and 0 failures
[2024-09-11 12:37:54,514][flwr][INFO] - 
[2024-09-11 12:37:54,515][flwr][INFO] - [SUMMARY]
[2024-09-11 12:37:54,515][flwr][INFO] - Run finished 100 round(s) in 855.43s
[2024-09-11 12:37:54,518][flwr][INFO] - 	History (loss, distributed):
[2024-09-11 12:37:54,518][flwr][INFO] - 		round 1: 1.9148093461990356
[2024-09-11 12:37:54,518][flwr][INFO] - 		round 2: 1.766804039478302
[2024-09-11 12:37:54,518][flwr][INFO] - 		round 3: 1.1306107640266418
[2024-09-11 12:37:54,518][flwr][INFO] - 		round 4: 0.5011717230081558
[2024-09-11 12:37:54,518][flwr][INFO] - 		round 5: 0.41765323281288147
[2024-09-11 12:37:54,519][flwr][INFO] - 		round 6: 0.6498733311891556
[2024-09-11 12:37:54,519][flwr][INFO] - 		round 7: 0.24622837454080582
[2024-09-11 12:37:54,519][flwr][INFO] - 		round 8: 0.3801854997873306
[2024-09-11 12:37:54,519][flwr][INFO] - 		round 9: 0.7783853113651276
[2024-09-11 12:37:54,519][flwr][INFO] - 		round 10: 0.3879750818014145
[2024-09-11 12:37:54,519][flwr][INFO] - 		round 11: 0.3559422940015793
[2024-09-11 12:37:54,519][flwr][INFO] - 		round 12: 0.17577356100082397
[2024-09-11 12:37:54,519][flwr][INFO] - 		round 13: 0.273339219391346
[2024-09-11 12:37:54,519][flwr][INFO] - 		round 14: 0.3116820529103279
[2024-09-11 12:37:54,519][flwr][INFO] - 		round 15: 0.32920651137828827
[2024-09-11 12:37:54,519][flwr][INFO] - 		round 16: 0.41483305394649506
[2024-09-11 12:37:54,519][flwr][INFO] - 		round 17: 0.3608076237142086
[2024-09-11 12:37:54,519][flwr][INFO] - 		round 18: 0.22118479944765568
[2024-09-11 12:37:54,519][flwr][INFO] - 		round 19: 0.2573026567697525
[2024-09-11 12:37:54,519][flwr][INFO] - 		round 20: 0.2657623812556267
[2024-09-11 12:37:54,519][flwr][INFO] - 		round 21: 1.0666423738002777
[2024-09-11 12:37:54,519][flwr][INFO] - 		round 22: 0.2633780315518379
[2024-09-11 12:37:54,519][flwr][INFO] - 		round 23: 0.2961941547691822
[2024-09-11 12:37:54,519][flwr][INFO] - 		round 24: 0.12390620401129127
[2024-09-11 12:37:54,520][flwr][INFO] - 		round 25: 0.06299785524606705
[2024-09-11 12:37:54,520][flwr][INFO] - 		round 26: 0.20653321593999863
[2024-09-11 12:37:54,520][flwr][INFO] - 		round 27: 0.45798374712467194
[2024-09-11 12:37:54,520][flwr][INFO] - 		round 28: 0.10513988137245178
[2024-09-11 12:37:54,520][flwr][INFO] - 		round 29: 0.5666924566030502
[2024-09-11 12:37:54,520][flwr][INFO] - 		round 30: 0.42252783477306366
[2024-09-11 12:37:54,520][flwr][INFO] - 		round 31: 0.1539577879011631
[2024-09-11 12:37:54,520][flwr][INFO] - 		round 32: 0.36868607997894287
[2024-09-11 12:37:54,520][flwr][INFO] - 		round 33: 0.354689501458779
[2024-09-11 12:37:54,520][flwr][INFO] - 		round 34: 0.3464001640677452
[2024-09-11 12:37:54,520][flwr][INFO] - 		round 35: 0.4495729133486748
[2024-09-11 12:37:54,520][flwr][INFO] - 		round 36: 0.10655629262328148
[2024-09-11 12:37:54,520][flwr][INFO] - 		round 37: 0.15401853621006012
[2024-09-11 12:37:54,520][flwr][INFO] - 		round 38: 0.15353640913963318
[2024-09-11 12:37:54,520][flwr][INFO] - 		round 39: 0.5729555487632751
[2024-09-11 12:37:54,520][flwr][INFO] - 		round 40: 0.16034886054694653
[2024-09-11 12:37:54,520][flwr][INFO] - 		round 41: 0.25367109570652246
[2024-09-11 12:37:54,520][flwr][INFO] - 		round 42: 0.2823616787791252
[2024-09-11 12:37:54,520][flwr][INFO] - 		round 43: 0.29309995472431183
[2024-09-11 12:37:54,521][flwr][INFO] - 		round 44: 0.7238192409276962
[2024-09-11 12:37:54,521][flwr][INFO] - 		round 45: 0.8860207498073578
[2024-09-11 12:37:54,521][flwr][INFO] - 		round 46: 0.316071592271328
[2024-09-11 12:37:54,521][flwr][INFO] - 		round 47: 0.30953294038772583
[2024-09-11 12:37:54,521][flwr][INFO] - 		round 48: 0.3698018081486225
[2024-09-11 12:37:54,521][flwr][INFO] - 		round 49: 0.07037648931145668
[2024-09-11 12:37:54,521][flwr][INFO] - 		round 50: 0.13488786295056343
[2024-09-11 12:37:54,521][flwr][INFO] - 		round 51: 0.06628324277698994
[2024-09-11 12:37:54,521][flwr][INFO] - 		round 52: 0.042417427990585566
[2024-09-11 12:37:54,521][flwr][INFO] - 		round 53: 0.6722619831562042
[2024-09-11 12:37:54,521][flwr][INFO] - 		round 54: 0.1371990591287613
[2024-09-11 12:37:54,521][flwr][INFO] - 		round 55: 0.5247459560632706
[2024-09-11 12:37:54,521][flwr][INFO] - 		round 56: 0.4441707730293274
[2024-09-11 12:37:54,521][flwr][INFO] - 		round 57: 0.26402170583605766
[2024-09-11 12:37:54,521][flwr][INFO] - 		round 58: 1.2751982510089874
[2024-09-11 12:37:54,521][flwr][INFO] - 		round 59: 0.17977790534496307
[2024-09-11 12:37:54,521][flwr][INFO] - 		round 60: 0.8617518544197083
[2024-09-11 12:37:54,521][flwr][INFO] - 		round 61: 0.4094199910759926
[2024-09-11 12:37:54,521][flwr][INFO] - 		round 62: 0.799736499786377
[2024-09-11 12:37:54,521][flwr][INFO] - 		round 63: 0.36612721905112267
[2024-09-11 12:37:54,522][flwr][INFO] - 		round 64: 0.5997357070446014
[2024-09-11 12:37:54,522][flwr][INFO] - 		round 65: 0.11479195114225149
[2024-09-11 12:37:54,522][flwr][INFO] - 		round 66: 0.28171250596642494
[2024-09-11 12:37:54,522][flwr][INFO] - 		round 67: 0.5839306749403477
[2024-09-11 12:37:54,522][flwr][INFO] - 		round 68: 0.6637463569641113
[2024-09-11 12:37:54,522][flwr][INFO] - 		round 69: 0.28162307664752007
[2024-09-11 12:37:54,522][flwr][INFO] - 		round 70: 0.2714003250002861
[2024-09-11 12:37:54,522][flwr][INFO] - 		round 71: 0.3794586509466171
[2024-09-11 12:37:54,522][flwr][INFO] - 		round 72: 0.41148050129413605
[2024-09-11 12:37:54,522][flwr][INFO] - 		round 73: 0.38854193687438965
[2024-09-11 12:37:54,522][flwr][INFO] - 		round 74: 0.4884551465511322
[2024-09-11 12:37:54,522][flwr][INFO] - 		round 75: 0.41993144899606705
[2024-09-11 12:37:54,522][flwr][INFO] - 		round 76: 0.3784199617803097
[2024-09-11 12:37:54,522][flwr][INFO] - 		round 77: 0.172845296561718
[2024-09-11 12:37:54,522][flwr][INFO] - 		round 78: 0.3463594913482666
[2024-09-11 12:37:54,522][flwr][INFO] - 		round 79: 0.16486474592238665
[2024-09-11 12:37:54,522][flwr][INFO] - 		round 80: 0.09869629633612931
[2024-09-11 12:37:54,522][flwr][INFO] - 		round 81: 0.505781527608633
[2024-09-11 12:37:54,522][flwr][INFO] - 		round 82: 0.20075055956840515
[2024-09-11 12:37:54,522][flwr][INFO] - 		round 83: 0.4871810283511877
[2024-09-11 12:37:54,522][flwr][INFO] - 		round 84: 1.1000311523675919
[2024-09-11 12:37:54,522][flwr][INFO] - 		round 85: 0.22931130975484848
[2024-09-11 12:37:54,522][flwr][INFO] - 		round 86: 0.5694925487041473
[2024-09-11 12:37:54,523][flwr][INFO] - 		round 87: 0.3362715020775795
[2024-09-11 12:37:54,523][flwr][INFO] - 		round 88: 1.3086513578891754
[2024-09-11 12:37:54,523][flwr][INFO] - 		round 89: 0.5867297947406769
[2024-09-11 12:37:54,523][flwr][INFO] - 		round 90: 0.47021541744470596
[2024-09-11 12:37:54,523][flwr][INFO] - 		round 91: 0.8879786980687641
[2024-09-11 12:37:54,523][flwr][INFO] - 		round 92: 0.203471421264112
[2024-09-11 12:37:54,523][flwr][INFO] - 		round 93: 0.8866637265309691
[2024-09-11 12:37:54,523][flwr][INFO] - 		round 94: 0.4099351763725281
[2024-09-11 12:37:54,523][flwr][INFO] - 		round 95: 0.5415705740451813
[2024-09-11 12:37:54,523][flwr][INFO] - 		round 96: 0.17822982277721167
[2024-09-11 12:37:54,523][flwr][INFO] - 		round 97: 0.682190403342247
[2024-09-11 12:37:54,523][flwr][INFO] - 		round 98: 1.0076393000781536
[2024-09-11 12:37:54,523][flwr][INFO] - 		round 99: 0.4368638069136068
[2024-09-11 12:37:54,523][flwr][INFO] - 		round 100: 0.7739688754081726
[2024-09-11 12:37:54,523][flwr][INFO] - 	History (loss, centralized):
[2024-09-11 12:37:54,523][flwr][INFO] - 		round 0: 230.66042637825012
[2024-09-11 12:37:54,523][flwr][INFO] - 		round 1: 218.10528218746185
[2024-09-11 12:37:54,523][flwr][INFO] - 		round 2: 177.11915290355682
[2024-09-11 12:37:54,523][flwr][INFO] - 		round 3: 129.23906987905502
[2024-09-11 12:37:54,523][flwr][INFO] - 		round 4: 60.568461403250694
[2024-09-11 12:37:54,523][flwr][INFO] - 		round 5: 40.94163725152612
[2024-09-11 12:37:54,523][flwr][INFO] - 		round 6: 37.90441402234137
[2024-09-11 12:37:54,523][flwr][INFO] - 		round 7: 34.97937970049679
[2024-09-11 12:37:54,523][flwr][INFO] - 		round 8: 33.5020243995823
[2024-09-11 12:37:54,524][flwr][INFO] - 		round 9: 48.3286700155586
[2024-09-11 12:37:54,524][flwr][INFO] - 		round 10: 40.8750021494925
[2024-09-11 12:37:54,524][flwr][INFO] - 		round 11: 45.25542202219367
[2024-09-11 12:37:54,524][flwr][INFO] - 		round 12: 28.749857110902667
[2024-09-11 12:37:54,524][flwr][INFO] - 		round 13: 31.265887684188783
[2024-09-11 12:37:54,524][flwr][INFO] - 		round 14: 40.34691184014082
[2024-09-11 12:37:54,524][flwr][INFO] - 		round 15: 36.40486957132816
[2024-09-11 12:37:54,524][flwr][INFO] - 		round 16: 38.422896813601255
[2024-09-11 12:37:54,524][flwr][INFO] - 		round 17: 32.497795229777694
[2024-09-11 12:37:54,524][flwr][INFO] - 		round 18: 66.42178547382355
[2024-09-11 12:37:54,524][flwr][INFO] - 		round 19: 30.594755632337183
[2024-09-11 12:37:54,524][flwr][INFO] - 		round 20: 29.702596936374903
[2024-09-11 12:37:54,524][flwr][INFO] - 		round 21: 78.74587910622358
[2024-09-11 12:37:54,524][flwr][INFO] - 		round 22: 41.81162704154849
[2024-09-11 12:37:54,524][flwr][INFO] - 		round 23: 29.156381183303893
[2024-09-11 12:37:54,524][flwr][INFO] - 		round 24: 28.262476635165513
[2024-09-11 12:37:54,524][flwr][INFO] - 		round 25: 24.018084233626723
[2024-09-11 12:37:54,524][flwr][INFO] - 		round 26: 39.641894994303584
[2024-09-11 12:37:54,524][flwr][INFO] - 		round 27: 26.018102971604094
[2024-09-11 12:37:54,524][flwr][INFO] - 		round 28: 30.988018025644124
[2024-09-11 12:37:54,524][flwr][INFO] - 		round 29: 34.640461361035705
[2024-09-11 12:37:54,524][flwr][INFO] - 		round 30: 30.451494082808495
[2024-09-11 12:37:54,524][flwr][INFO] - 		round 31: 32.90745460614562
[2024-09-11 12:37:54,525][flwr][INFO] - 		round 32: 45.51325374469161
[2024-09-11 12:37:54,525][flwr][INFO] - 		round 33: 29.17695672158152
[2024-09-11 12:37:54,525][flwr][INFO] - 		round 34: 26.817060146015137
[2024-09-11 12:37:54,525][flwr][INFO] - 		round 35: 27.424360766774043
[2024-09-11 12:37:54,525][flwr][INFO] - 		round 36: 26.501200105063617
[2024-09-11 12:37:54,525][flwr][INFO] - 		round 37: 34.58211853518151
[2024-09-11 12:37:54,525][flwr][INFO] - 		round 38: 53.308503543026745
[2024-09-11 12:37:54,525][flwr][INFO] - 		round 39: 68.80458733998239
[2024-09-11 12:37:54,525][flwr][INFO] - 		round 40: 29.66139594640117
[2024-09-11 12:37:54,525][flwr][INFO] - 		round 41: 37.644911808660254
[2024-09-11 12:37:54,525][flwr][INFO] - 		round 42: 33.268743507622276
[2024-09-11 12:37:54,525][flwr][INFO] - 		round 43: 28.529412561794743
[2024-09-11 12:37:54,525][flwr][INFO] - 		round 44: 30.741508600651287
[2024-09-11 12:37:54,525][flwr][INFO] - 		round 45: 71.95772226899862
[2024-09-11 12:37:54,525][flwr][INFO] - 		round 46: 55.178716756403446
[2024-09-11 12:37:54,525][flwr][INFO] - 		round 47: 39.3905688431696
[2024-09-11 12:37:54,525][flwr][INFO] - 		round 48: 29.84107655729167
[2024-09-11 12:37:54,525][flwr][INFO] - 		round 49: 27.73335250420496
[2024-09-11 12:37:54,525][flwr][INFO] - 		round 50: 44.50428543239832
[2024-09-11 12:37:54,525][flwr][INFO] - 		round 51: 36.15343339042738
[2024-09-11 12:37:54,525][flwr][INFO] - 		round 52: 34.370555379544385
[2024-09-11 12:37:54,525][flwr][INFO] - 		round 53: 41.086331467027776
[2024-09-11 12:37:54,525][flwr][INFO] - 		round 54: 32.67874809214845
[2024-09-11 12:37:54,526][flwr][INFO] - 		round 55: 28.28289763693465
[2024-09-11 12:37:54,526][flwr][INFO] - 		round 56: 45.39465921368537
[2024-09-11 12:37:54,526][flwr][INFO] - 		round 57: 28.786342351639178
[2024-09-11 12:37:54,526][flwr][INFO] - 		round 58: 102.78968432638794
[2024-09-11 12:37:54,526][flwr][INFO] - 		round 59: 53.82416033109621
[2024-09-11 12:37:54,526][flwr][INFO] - 		round 60: 44.372205763706006
[2024-09-11 12:37:54,526][flwr][INFO] - 		round 61: 34.256992759983405
[2024-09-11 12:37:54,526][flwr][INFO] - 		round 62: 38.1520005784696
[2024-09-11 12:37:54,526][flwr][INFO] - 		round 63: 50.983066538814455
[2024-09-11 12:37:54,526][flwr][INFO] - 		round 64: 46.61986960028298
[2024-09-11 12:37:54,526][flwr][INFO] - 		round 65: 39.54956995585235
[2024-09-11 12:37:54,526][flwr][INFO] - 		round 66: 46.30716352327727
[2024-09-11 12:37:54,526][flwr][INFO] - 		round 67: 43.325092497078
[2024-09-11 12:37:54,526][flwr][INFO] - 		round 68: 41.74515404191334
[2024-09-11 12:37:54,526][flwr][INFO] - 		round 69: 36.60248846413015
[2024-09-11 12:37:54,526][flwr][INFO] - 		round 70: 36.67367268688395
[2024-09-11 12:37:54,526][flwr][INFO] - 		round 71: 40.447040371829644
[2024-09-11 12:37:54,526][flwr][INFO] - 		round 72: 36.338307713129325
[2024-09-11 12:37:54,526][flwr][INFO] - 		round 73: 36.709902996932215
[2024-09-11 12:37:54,526][flwr][INFO] - 		round 74: 53.01547132979613
[2024-09-11 12:37:54,526][flwr][INFO] - 		round 75: 45.64839719538759
[2024-09-11 12:37:54,527][flwr][INFO] - 		round 76: 30.28348634432041
[2024-09-11 12:37:54,527][flwr][INFO] - 		round 77: 33.63541913077643
[2024-09-11 12:37:54,527][flwr][INFO] - 		round 78: 41.715067498873395
[2024-09-11 12:37:54,527][flwr][INFO] - 		round 79: 31.45685567657347
[2024-09-11 12:37:54,527][flwr][INFO] - 		round 80: 34.476909479610185
[2024-09-11 12:37:54,527][flwr][INFO] - 		round 81: 78.46677099633962
[2024-09-11 12:37:54,527][flwr][INFO] - 		round 82: 48.90571318077855
[2024-09-11 12:37:54,527][flwr][INFO] - 		round 83: 41.104874700649816
[2024-09-11 12:37:54,527][flwr][INFO] - 		round 84: 46.27893687001779
[2024-09-11 12:37:54,527][flwr][INFO] - 		round 85: 40.72744059946854
[2024-09-11 12:37:54,527][flwr][INFO] - 		round 86: 41.44272372411797
[2024-09-11 12:37:54,527][flwr][INFO] - 		round 87: 46.12246735286317
[2024-09-11 12:37:54,527][flwr][INFO] - 		round 88: 61.37429058607813
[2024-09-11 12:37:54,527][flwr][INFO] - 		round 89: 58.34007772023324
[2024-09-11 12:37:54,527][flwr][INFO] - 		round 90: 40.65172828990035
[2024-09-11 12:37:54,527][flwr][INFO] - 		round 91: 48.64962632289553
[2024-09-11 12:37:54,527][flwr][INFO] - 		round 92: 50.44442938501197
[2024-09-11 12:37:54,527][flwr][INFO] - 		round 93: 42.262508022540715
[2024-09-11 12:37:54,527][flwr][INFO] - 		round 94: 52.404795908834785
[2024-09-11 12:37:54,528][flwr][INFO] - 		round 95: 64.77740060632641
[2024-09-11 12:37:54,528][flwr][INFO] - 		round 96: 50.382423382019624
[2024-09-11 12:37:54,528][flwr][INFO] - 		round 97: 109.79372537106246
[2024-09-11 12:37:54,528][flwr][INFO] - 		round 98: 41.60402190210061
[2024-09-11 12:37:54,528][flwr][INFO] - 		round 99: 69.8392061542254
[2024-09-11 12:37:54,528][flwr][INFO] - 		round 100: 46.91684370358416
[2024-09-11 12:37:54,528][flwr][INFO] - 	History (metrics, distributed, evaluate):
[2024-09-11 12:37:54,528][flwr][INFO] - 	{'accuracy': [(1, 0.375),
[2024-09-11 12:37:54,528][flwr][INFO] - 	              (2, 0.4166666666666667),
[2024-09-11 12:37:54,528][flwr][INFO] - 	              (3, 0.5208333333333334),
[2024-09-11 12:37:54,528][flwr][INFO] - 	              (4, 0.8541666666666666),
[2024-09-11 12:37:54,528][flwr][INFO] - 	              (5, 0.8333333333333334),
[2024-09-11 12:37:54,528][flwr][INFO] - 	              (6, 0.7708333333333334),
[2024-09-11 12:37:54,528][flwr][INFO] - 	              (7, 0.8958333333333334),
[2024-09-11 12:37:54,528][flwr][INFO] - 	              (8, 0.8125),
[2024-09-11 12:37:54,528][flwr][INFO] - 	              (9, 0.7916666666666666),
[2024-09-11 12:37:54,528][flwr][INFO] - 	              (10, 0.8541666666666666),
[2024-09-11 12:37:54,528][flwr][INFO] - 	              (11, 0.8541666666666666),
[2024-09-11 12:37:54,528][flwr][INFO] - 	              (12, 0.9166666666666666),
[2024-09-11 12:37:54,528][flwr][INFO] - 	              (13, 0.875),
[2024-09-11 12:37:54,528][flwr][INFO] - 	              (14, 0.8333333333333334),
[2024-09-11 12:37:54,528][flwr][INFO] - 	              (15, 0.9166666666666666),
[2024-09-11 12:37:54,529][flwr][INFO] - 	              (16, 0.875),
[2024-09-11 12:37:54,529][flwr][INFO] - 	              (17, 0.8958333333333334),
[2024-09-11 12:37:54,529][flwr][INFO] - 	              (18, 0.9583333333333334),
[2024-09-11 12:37:54,529][flwr][INFO] - 	              (19, 0.9166666666666666),
[2024-09-11 12:37:54,529][flwr][INFO] - 	              (20, 0.8958333333333334),
[2024-09-11 12:37:54,529][flwr][INFO] - 	              (21, 0.75),
[2024-09-11 12:37:54,529][flwr][INFO] - 	              (22, 0.9375),
[2024-09-11 12:37:54,529][flwr][INFO] - 	              (23, 0.8958333333333334),
[2024-09-11 12:37:54,529][flwr][INFO] - 	              (24, 0.9791666666666666),
[2024-09-11 12:37:54,529][flwr][INFO] - 	              (25, 0.9791666666666666),
[2024-09-11 12:37:54,529][flwr][INFO] - 	              (26, 0.9375),
[2024-09-11 12:37:54,529][flwr][INFO] - 	              (27, 0.9375),
[2024-09-11 12:37:54,529][flwr][INFO] - 	              (28, 0.9166666666666666),
[2024-09-11 12:37:54,529][flwr][INFO] - 	              (29, 0.9166666666666666),
[2024-09-11 12:37:54,529][flwr][INFO] - 	              (30, 0.9166666666666666),
[2024-09-11 12:37:54,529][flwr][INFO] - 	              (31, 0.9583333333333334),
[2024-09-11 12:37:54,529][flwr][INFO] - 	              (32, 0.875),
[2024-09-11 12:37:54,529][flwr][INFO] - 	              (33, 0.9583333333333334),
[2024-09-11 12:37:54,529][flwr][INFO] - 	              (34, 0.9375),
[2024-09-11 12:37:54,529][flwr][INFO] - 	              (35, 0.9375),
[2024-09-11 12:37:54,529][flwr][INFO] - 	              (36, 0.9583333333333334),
[2024-09-11 12:37:54,530][flwr][INFO] - 	              (37, 0.9375),
[2024-09-11 12:37:54,530][flwr][INFO] - 	              (38, 0.8958333333333334),
[2024-09-11 12:37:54,530][flwr][INFO] - 	              (39, 0.8958333333333334),
[2024-09-11 12:37:54,530][flwr][INFO] - 	              (40, 0.9583333333333334),
[2024-09-11 12:37:54,530][flwr][INFO] - 	              (41, 0.9375),
[2024-09-11 12:37:54,530][flwr][INFO] - 	              (42, 0.9583333333333334),
[2024-09-11 12:37:54,530][flwr][INFO] - 	              (43, 0.9583333333333334),
[2024-09-11 12:37:54,530][flwr][INFO] - 	              (44, 0.8333333333333334),
[2024-09-11 12:37:54,530][flwr][INFO] - 	              (45, 0.7916666666666666),
[2024-09-11 12:37:54,530][flwr][INFO] - 	              (46, 0.8958333333333334),
[2024-09-11 12:37:54,530][flwr][INFO] - 	              (47, 0.875),
[2024-09-11 12:37:54,530][flwr][INFO] - 	              (48, 0.875),
[2024-09-11 12:37:54,530][flwr][INFO] - 	              (49, 0.9791666666666666),
[2024-09-11 12:37:54,530][flwr][INFO] - 	              (50, 0.9583333333333334),
[2024-09-11 12:37:54,530][flwr][INFO] - 	              (51, 0.9791666666666666),
[2024-09-11 12:37:54,530][flwr][INFO] - 	              (52, 0.9791666666666666),
[2024-09-11 12:37:54,530][flwr][INFO] - 	              (53, 0.8541666666666666),
[2024-09-11 12:37:54,530][flwr][INFO] - 	              (54, 0.9375),
[2024-09-11 12:37:54,530][flwr][INFO] - 	              (55, 0.9166666666666666),
[2024-09-11 12:37:54,530][flwr][INFO] - 	              (56, 0.9166666666666666),
[2024-09-11 12:37:54,531][flwr][INFO] - 	              (57, 0.875),
[2024-09-11 12:37:54,531][flwr][INFO] - 	              (58, 0.7708333333333334),
[2024-09-11 12:37:54,531][flwr][INFO] - 	              (59, 0.9583333333333334),
[2024-09-11 12:37:54,531][flwr][INFO] - 	              (60, 0.875),
[2024-09-11 12:37:54,531][flwr][INFO] - 	              (61, 0.9166666666666666),
[2024-09-11 12:37:54,531][flwr][INFO] - 	              (62, 0.8333333333333334),
[2024-09-11 12:37:54,531][flwr][INFO] - 	              (63, 0.9375),
[2024-09-11 12:37:54,531][flwr][INFO] - 	              (64, 0.875),
[2024-09-11 12:37:54,531][flwr][INFO] - 	              (65, 0.9583333333333334),
[2024-09-11 12:37:54,531][flwr][INFO] - 	              (66, 0.9166666666666666),
[2024-09-11 12:37:54,531][flwr][INFO] - 	              (67, 0.8958333333333334),
[2024-09-11 12:37:54,531][flwr][INFO] - 	              (68, 0.8958333333333334),
[2024-09-11 12:37:54,531][flwr][INFO] - 	              (69, 0.9375),
[2024-09-11 12:37:54,531][flwr][INFO] - 	              (70, 0.9375),
[2024-09-11 12:37:54,531][flwr][INFO] - 	              (71, 0.8958333333333334),
[2024-09-11 12:37:54,531][flwr][INFO] - 	              (72, 0.9375),
[2024-09-11 12:37:54,531][flwr][INFO] - 	              (73, 0.8333333333333334),
[2024-09-11 12:37:54,531][flwr][INFO] - 	              (74, 0.9375),
[2024-09-11 12:37:54,531][flwr][INFO] - 	              (75, 0.9166666666666666),
[2024-09-11 12:37:54,531][flwr][INFO] - 	              (76, 0.9166666666666666),
[2024-09-11 12:37:54,531][flwr][INFO] - 	              (77, 0.9375),
[2024-09-11 12:37:54,531][flwr][INFO] - 	              (78, 0.9375),
[2024-09-11 12:37:54,531][flwr][INFO] - 	              (79, 0.9791666666666666),
[2024-09-11 12:37:54,532][flwr][INFO] - 	              (80, 0.9375),
[2024-09-11 12:37:54,532][flwr][INFO] - 	              (81, 0.8958333333333334),
[2024-09-11 12:37:54,532][flwr][INFO] - 	              (82, 0.9375),
[2024-09-11 12:37:54,532][flwr][INFO] - 	              (83, 0.9375),
[2024-09-11 12:37:54,532][flwr][INFO] - 	              (84, 0.8958333333333334),
[2024-09-11 12:37:54,532][flwr][INFO] - 	              (85, 0.8958333333333334),
[2024-09-11 12:37:54,532][flwr][INFO] - 	              (86, 0.9166666666666666),
[2024-09-11 12:37:54,532][flwr][INFO] - 	              (87, 0.9375),
[2024-09-11 12:37:54,532][flwr][INFO] - 	              (88, 0.875),
[2024-09-11 12:37:54,532][flwr][INFO] - 	              (89, 0.8958333333333334),
[2024-09-11 12:37:54,532][flwr][INFO] - 	              (90, 0.9166666666666666),
[2024-09-11 12:37:54,532][flwr][INFO] - 	              (91, 0.9375),
[2024-09-11 12:37:54,532][flwr][INFO] - 	              (92, 0.9375),
[2024-09-11 12:37:54,532][flwr][INFO] - 	              (93, 0.8958333333333334),
[2024-09-11 12:37:54,532][flwr][INFO] - 	              (94, 0.8958333333333334),
[2024-09-11 12:37:54,532][flwr][INFO] - 	              (95, 0.8958333333333334),
[2024-09-11 12:37:54,532][flwr][INFO] - 	              (96, 0.9583333333333334),
[2024-09-11 12:37:54,532][flwr][INFO] - 	              (97, 0.8333333333333334),
[2024-09-11 12:37:54,532][flwr][INFO] - 	              (98, 0.8958333333333334),
[2024-09-11 12:37:54,532][flwr][INFO] - 	              (99, 0.9375),
[2024-09-11 12:37:54,532][flwr][INFO] - 	              (100, 0.9166666666666666)]}
[2024-09-11 12:37:54,532][flwr][INFO] - 	History (metrics, centralized):
[2024-09-11 12:37:54,532][flwr][INFO] - 	{'accuracy': [(0, 0.09704764688687519),
[2024-09-11 12:37:54,533][flwr][INFO] - 	              (1, 0.22478807366267173),
[2024-09-11 12:37:54,533][flwr][INFO] - 	              (2, 0.45279158140894477),
[2024-09-11 12:37:54,533][flwr][INFO] - 	              (3, 0.5749780765857936),
[2024-09-11 12:37:54,533][flwr][INFO] - 	              (4, 0.7959660917860275),
[2024-09-11 12:37:54,533][flwr][INFO] - 	              (5, 0.8593978368897983),
[2024-09-11 12:37:54,533][flwr][INFO] - 	              (6, 0.8763519438760596),
[2024-09-11 12:37:54,533][flwr][INFO] - 	              (7, 0.8839520608009354),
[2024-09-11 12:37:54,533][flwr][INFO] - 	              (8, 0.8889213680210465),
[2024-09-11 12:37:54,533][flwr][INFO] - 	              (9, 0.8576439637532886),
[2024-09-11 12:37:54,533][flwr][INFO] - 	              (10, 0.8740134463607132),
[2024-09-11 12:37:54,533][flwr][INFO] - 	              (11, 0.8658287050570008),
[2024-09-11 12:37:54,533][flwr][INFO] - 	              (12, 0.9125986553639287),
[2024-09-11 12:37:54,533][flwr][INFO] - 	              (13, 0.9003215434083601),
[2024-09-11 12:37:54,533][flwr][INFO] - 	              (14, 0.8772288804443146),
[2024-09-11 12:37:54,533][flwr][INFO] - 	              (15, 0.8906752411575563),
[2024-09-11 12:37:54,533][flwr][INFO] - 	              (16, 0.8956445483776674),
[2024-09-11 12:37:54,533][flwr][INFO] - 	              (17, 0.9105524700380005),
[2024-09-11 12:37:54,533][flwr][INFO] - 	              (18, 0.8146740719087986),
[2024-09-11 12:37:54,533][flwr][INFO] - 	              (19, 0.9155217772581117),
[2024-09-11 12:37:54,533][flwr][INFO] - 	              (20, 0.912890967553347),
[2024-09-11 12:37:54,533][flwr][INFO] - 	              (21, 0.808243203741596),
[2024-09-11 12:37:54,533][flwr][INFO] - 	              (22, 0.8842443729903537),
[2024-09-11 12:37:54,534][flwr][INFO] - 	              (23, 0.9234142063724057),
[2024-09-11 12:37:54,534][flwr][INFO] - 	              (24, 0.9222449576147326),
[2024-09-11 12:37:54,534][flwr][INFO] - 	              (25, 0.9342297573808828),
[2024-09-11 12:37:54,534][flwr][INFO] - 	              (26, 0.9052908506284713),
[2024-09-11 12:37:54,534][flwr][INFO] - 	              (27, 0.9307220111078632),
[2024-09-11 12:37:54,534][flwr][INFO] - 	              (28, 0.9152294650686934),
[2024-09-11 12:37:54,534][flwr][INFO] - 	              (29, 0.9117217187956738),
[2024-09-11 12:37:54,534][flwr][INFO] - 	              (30, 0.9169833382052032),
[2024-09-11 12:37:54,534][flwr][INFO] - 	              (31, 0.912014030985092),
[2024-09-11 12:37:54,534][flwr][INFO] - 	              (32, 0.8892136802104648),
[2024-09-11 12:37:54,534][flwr][INFO] - 	              (33, 0.926629640456007),
[2024-09-11 12:37:54,534][flwr][INFO] - 	              (34, 0.932475884244373),
[2024-09-11 12:37:54,534][flwr][INFO] - 	              (35, 0.9239988307512423),
[2024-09-11 12:37:54,534][flwr][INFO] - 	              (36, 0.9315989476761181),
[2024-09-11 12:37:54,534][flwr][INFO] - 	              (37, 0.9178602747734581),
[2024-09-11 12:37:54,534][flwr][INFO] - 	              (38, 0.8909675533469745),
[2024-09-11 12:37:54,534][flwr][INFO] - 	              (39, 0.8672902660040924),
[2024-09-11 12:37:54,534][flwr][INFO] - 	              (40, 0.9216603332358959),
[2024-09-11 12:37:54,534][flwr][INFO] - 	              (41, 0.9190295235311312),
[2024-09-11 12:37:54,534][flwr][INFO] - 	              (42, 0.9219526454253142),
[2024-09-11 12:37:54,534][flwr][INFO] - 	              (43, 0.9272142648348436),
[2024-09-11 12:37:54,534][flwr][INFO] - 	              (44, 0.9219526454253142),
[2024-09-11 12:37:54,534][flwr][INFO] - 	              (45, 0.8450745396083017),
[2024-09-11 12:37:54,535][flwr][INFO] - 	              (46, 0.8719672610347852),
[2024-09-11 12:37:54,535][flwr][INFO] - 	              (47, 0.9163987138263665),
[2024-09-11 12:37:54,535][flwr][INFO] - 	              (48, 0.9283835135925168),
[2024-09-11 12:37:54,535][flwr][INFO] - 	              (49, 0.9365682548962292),
[2024-09-11 12:37:54,535][flwr][INFO] - 	              (50, 0.8909675533469745),
[2024-09-11 12:37:54,535][flwr][INFO] - 	              (51, 0.907044723764981),
[2024-09-11 12:37:54,535][flwr][INFO] - 	              (52, 0.9225372698041509),
[2024-09-11 12:37:54,535][flwr][INFO] - 	              (53, 0.9134755919321835),
[2024-09-11 12:37:54,535][flwr][INFO] - 	              (54, 0.9304296989184448),
[2024-09-11 12:37:54,535][flwr][INFO] - 	              (55, 0.9435837474422684),
[2024-09-11 12:37:54,535][flwr][INFO] - 	              (56, 0.912890967553347),
[2024-09-11 12:37:54,535][flwr][INFO] - 	              (57, 0.9406606255480854),
[2024-09-11 12:37:54,535][flwr][INFO] - 	              (58, 0.8330897398421514),
[2024-09-11 12:37:54,535][flwr][INFO] - 	              (59, 0.9044139140602163),
[2024-09-11 12:37:54,535][flwr][INFO] - 	              (60, 0.9076293481438176),
[2024-09-11 12:37:54,535][flwr][INFO] - 	              (61, 0.9339374451914645),
[2024-09-11 12:37:54,535][flwr][INFO] - 	              (62, 0.9228295819935691),
[2024-09-11 12:37:54,535][flwr][INFO] - 	              (63, 0.9245834551300789),
[2024-09-11 12:37:54,535][flwr][INFO] - 	              (64, 0.9216603332358959),
[2024-09-11 12:37:54,535][flwr][INFO] - 	              (65, 0.9219526454253142),
[2024-09-11 12:37:54,535][flwr][INFO] - 	              (66, 0.9137679041216019),
[2024-09-11 12:37:54,535][flwr][INFO] - 	              (67, 0.9169833382052032),
[2024-09-11 12:37:54,535][flwr][INFO] - 	              (68, 0.9219526454253142),
[2024-09-11 12:37:54,536][flwr][INFO] - 	              (69, 0.9313066354866998),
[2024-09-11 12:37:54,536][flwr][INFO] - 	              (70, 0.9403683133586671),
[2024-09-11 12:37:54,536][flwr][INFO] - 	              (71, 0.9222449576147326),
[2024-09-11 12:37:54,536][flwr][INFO] - 	              (72, 0.9283835135925168),
[2024-09-11 12:37:54,536][flwr][INFO] - 	              (73, 0.9339374451914645),
[2024-09-11 12:37:54,536][flwr][INFO] - 	              (74, 0.9125986553639287),
[2024-09-11 12:37:54,536][flwr][INFO] - 	              (75, 0.9190295235311312),
[2024-09-11 12:37:54,536][flwr][INFO] - 	              (76, 0.9394913767904122),
[2024-09-11 12:37:54,536][flwr][INFO] - 	              (77, 0.9386144402221572),
[2024-09-11 12:37:54,536][flwr][INFO] - 	              (78, 0.934522069570301),
[2024-09-11 12:37:54,536][flwr][INFO] - 	              (79, 0.9444606840105232),
[2024-09-11 12:37:54,536][flwr][INFO] - 	              (80, 0.9368605670856475),
[2024-09-11 12:37:54,536][flwr][INFO] - 	              (81, 0.8798596901490792),
[2024-09-11 12:37:54,536][flwr][INFO] - 	              (82, 0.9184448991522947),
[2024-09-11 12:37:54,536][flwr][INFO] - 	              (83, 0.9418298743057586),
[2024-09-11 12:37:54,536][flwr][INFO] - 	              (84, 0.935399006138556),
[2024-09-11 12:37:54,536][flwr][INFO] - 	              (85, 0.9269219526454253),
[2024-09-11 12:37:54,536][flwr][INFO] - 	              (86, 0.9336451330020462),
[2024-09-11 12:37:54,536][flwr][INFO] - 	              (87, 0.934522069570301),
[2024-09-11 12:37:54,536][flwr][INFO] - 	              (88, 0.9058754750073078),
[2024-09-11 12:37:54,536][flwr][INFO] - 	              (89, 0.9207833966676411),
[2024-09-11 12:37:54,536][flwr][INFO] - 	              (90, 0.9403683133586671),
[2024-09-11 12:37:54,536][flwr][INFO] - 	              (91, 0.935399006138556),
[2024-09-11 12:37:54,537][flwr][INFO] - 	              (92, 0.934522069570301),
[2024-09-11 12:37:54,537][flwr][INFO] - 	              (93, 0.9386144402221572),
[2024-09-11 12:37:54,537][flwr][INFO] - 	              (94, 0.9292604501607717),
[2024-09-11 12:37:54,537][flwr][INFO] - 	              (95, 0.8994446068401052),
[2024-09-11 12:37:54,537][flwr][INFO] - 	              (96, 0.9277988892136803),
[2024-09-11 12:37:54,537][flwr][INFO] - 	              (97, 0.867874890382929),
[2024-09-11 12:37:54,537][flwr][INFO] - 	              (98, 0.9351066939491377),
[2024-09-11 12:37:54,537][flwr][INFO] - 	              (99, 0.9163987138263665),
[2024-09-11 12:37:54,537][flwr][INFO] - 	              (100, 0.9272142648348436)]}
[2024-09-11 12:37:54,537][flwr][INFO] - 
