[2024-10-15 16:29:40,937][flwr][INFO] - Starting Flower simulation, config: num_rounds=100, no round_timeout
[2024-10-15 16:29:44,376][flwr][INFO] - Flower VCE: Ray initialized with resources: {'node:__internal_head__': 1.0, 'GPU': 1.0, 'accelerator_type:G': 1.0, 'memory': 159589719040.0, 'CPU': 256.0, 'object_store_memory': 72681308160.0, 'node:115.145.172.224': 1.0}
[2024-10-15 16:29:44,376][flwr][INFO] - Optimize your simulation with Flower VCE: https://flower.ai/docs/framework/how-to-run-simulations.html
[2024-10-15 16:29:44,376][flwr][INFO] - Flower VCE: Resources for each Virtual Client: {'num_cpus': 64, 'num_gpus': 0.1}
[2024-10-15 16:29:44,388][flwr][INFO] - Flower VCE: Creating VirtualClientEngineActorPool with 4 actors
[2024-10-15 16:29:44,388][flwr][INFO] - [INIT]
[2024-10-15 16:29:44,389][flwr][INFO] - Requesting initial parameters from one random client
[2024-10-15 16:29:49,565][flwr][INFO] - Received initial parameters from one random client
[2024-10-15 16:29:49,565][flwr][INFO] - Evaluating initial global parameters
[2024-10-15 16:30:05,351][flwr][INFO] - initial parameters (loss, other metrics): 507.5689489841461, {'accuracy': 0.08245125348189415}
[2024-10-15 16:30:05,352][flwr][INFO] - 
[2024-10-15 16:30:05,352][flwr][INFO] - [ROUND 1]
[2024-10-15 16:30:05,352][flwr][INFO] - configure_fit: strategy sampled 5 clients (out of 50)
[2024-10-15 16:30:33,934][flwr][INFO] - aggregate_fit: received 5 results and 0 failures
[2024-10-15 16:30:34,197][flwr][WARNING] - No fit_metrics_aggregation_fn provided
[2024-10-15 16:30:46,063][flwr][INFO] - fit progress: (1, 449.39938259124756, {'accuracy': 0.21197771587743733}, 40.710701521486044)
[2024-10-15 16:30:46,065][flwr][INFO] - configure_evaluate: strategy sampled 2 clients (out of 50)
[2024-10-15 16:30:47,303][flwr][INFO] - aggregate_evaluate: received 2 results and 0 failures
[2024-10-15 16:30:47,307][flwr][INFO] - 
[2024-10-15 16:30:47,307][flwr][INFO] - [ROUND 2]
[2024-10-15 16:30:47,307][flwr][INFO] - configure_fit: strategy sampled 5 clients (out of 50)
[2024-10-15 16:31:13,532][flwr][INFO] - aggregate_fit: received 5 results and 0 failures
[2024-10-15 16:31:26,752][flwr][INFO] - fit progress: (2, 399.0035732984543, {'accuracy': 0.41810584958217273}, 81.40034273825586)
[2024-10-15 16:31:26,753][flwr][INFO] - configure_evaluate: strategy sampled 2 clients (out of 50)
[2024-10-15 16:31:28,048][flwr][INFO] - aggregate_evaluate: received 2 results and 0 failures
[2024-10-15 16:31:28,048][flwr][INFO] - 
[2024-10-15 16:31:28,048][flwr][INFO] - [ROUND 3]
[2024-10-15 16:31:28,048][flwr][INFO] - configure_fit: strategy sampled 5 clients (out of 50)
[2024-10-15 16:32:08,632][flwr][INFO] - aggregate_fit: received 5 results and 0 failures
[2024-10-15 16:32:22,157][flwr][INFO] - fit progress: (3, 347.459708571434, {'accuracy': 0.4284122562674095}, 136.80556878633797)
[2024-10-15 16:32:22,158][flwr][INFO] - configure_evaluate: strategy sampled 2 clients (out of 50)
[2024-10-15 16:32:23,325][flwr][INFO] - aggregate_evaluate: received 2 results and 0 failures
[2024-10-15 16:32:23,325][flwr][INFO] - 
[2024-10-15 16:32:23,325][flwr][INFO] - [ROUND 4]
[2024-10-15 16:32:23,325][flwr][INFO] - configure_fit: strategy sampled 5 clients (out of 50)
[2024-10-15 16:32:59,016][flwr][INFO] - aggregate_fit: received 5 results and 0 failures
[2024-10-15 16:33:12,826][flwr][INFO] - fit progress: (4, 326.9088479280472, {'accuracy': 0.4616991643454039}, 187.47418943513185)
[2024-10-15 16:33:12,827][flwr][INFO] - configure_evaluate: strategy sampled 2 clients (out of 50)
[2024-10-15 16:33:13,980][flwr][INFO] - aggregate_evaluate: received 2 results and 0 failures
[2024-10-15 16:33:13,980][flwr][INFO] - 
[2024-10-15 16:33:13,980][flwr][INFO] - [ROUND 5]
[2024-10-15 16:33:13,981][flwr][INFO] - configure_fit: strategy sampled 5 clients (out of 50)
[2024-10-15 16:33:41,628][flwr][INFO] - aggregate_fit: received 5 results and 0 failures
[2024-10-15 16:33:52,057][flwr][INFO] - fit progress: (5, 304.85826820135117, {'accuracy': 0.5466573816155988}, 226.7046957910061)
[2024-10-15 16:33:52,057][flwr][INFO] - configure_evaluate: strategy sampled 2 clients (out of 50)
[2024-10-15 16:33:53,123][flwr][INFO] - aggregate_evaluate: received 2 results and 0 failures
[2024-10-15 16:33:53,123][flwr][INFO] - 
[2024-10-15 16:33:53,123][flwr][INFO] - [ROUND 6]
[2024-10-15 16:33:53,123][flwr][INFO] - configure_fit: strategy sampled 5 clients (out of 50)
[2024-10-15 16:34:34,313][flwr][INFO] - aggregate_fit: received 5 results and 0 failures
[2024-10-15 16:34:45,904][flwr][INFO] - fit progress: (6, 309.13637560606, {'accuracy': 0.4735376044568245}, 280.5526536433026)
[2024-10-15 16:34:45,905][flwr][INFO] - configure_evaluate: strategy sampled 2 clients (out of 50)
[2024-10-15 16:34:46,932][flwr][INFO] - aggregate_evaluate: received 2 results and 0 failures
[2024-10-15 16:34:46,933][flwr][INFO] - 
[2024-10-15 16:34:46,933][flwr][INFO] - [ROUND 7]
[2024-10-15 16:34:46,933][flwr][INFO] - configure_fit: strategy sampled 5 clients (out of 50)
[2024-10-15 16:35:07,808][flwr][INFO] - aggregate_fit: received 5 results and 0 failures
[2024-10-15 16:35:18,473][flwr][INFO] - fit progress: (7, 285.95391273498535, {'accuracy': 0.5837047353760446}, 313.1212395625189)
[2024-10-15 16:35:18,474][flwr][INFO] - configure_evaluate: strategy sampled 2 clients (out of 50)
[2024-10-15 16:35:19,851][flwr][INFO] - aggregate_evaluate: received 2 results and 0 failures
[2024-10-15 16:35:19,851][flwr][INFO] - 
[2024-10-15 16:35:19,851][flwr][INFO] - [ROUND 8]
[2024-10-15 16:35:19,851][flwr][INFO] - configure_fit: strategy sampled 5 clients (out of 50)
[2024-10-15 16:35:54,142][flwr][INFO] - aggregate_fit: received 5 results and 0 failures
[2024-10-15 16:36:05,700][flwr][INFO] - fit progress: (8, 299.3004085421562, {'accuracy': 0.6246518105849582}, 360.3477333933115)
[2024-10-15 16:36:05,700][flwr][INFO] - configure_evaluate: strategy sampled 2 clients (out of 50)
[2024-10-15 16:36:06,838][flwr][INFO] - aggregate_evaluate: received 2 results and 0 failures
[2024-10-15 16:36:06,838][flwr][INFO] - 
[2024-10-15 16:36:06,838][flwr][INFO] - [ROUND 9]
[2024-10-15 16:36:06,838][flwr][INFO] - configure_fit: strategy sampled 5 clients (out of 50)
[2024-10-15 16:36:36,004][flwr][INFO] - aggregate_fit: received 5 results and 0 failures
[2024-10-15 16:36:46,967][flwr][INFO] - fit progress: (9, 255.8298316001892, {'accuracy': 0.6837047353760446}, 401.6154817510396)
[2024-10-15 16:36:46,968][flwr][INFO] - configure_evaluate: strategy sampled 2 clients (out of 50)
[2024-10-15 16:36:48,263][flwr][INFO] - aggregate_evaluate: received 2 results and 0 failures
[2024-10-15 16:36:48,263][flwr][INFO] - 
[2024-10-15 16:36:48,264][flwr][INFO] - [ROUND 10]
[2024-10-15 16:36:48,264][flwr][INFO] - configure_fit: strategy sampled 5 clients (out of 50)
[2024-10-15 16:37:07,490][flwr][INFO] - aggregate_fit: received 5 results and 0 failures
[2024-10-15 16:37:19,981][flwr][INFO] - fit progress: (10, 285.44420850276947, {'accuracy': 0.6952646239554318}, 434.6295834472403)
[2024-10-15 16:37:19,982][flwr][INFO] - configure_evaluate: strategy sampled 2 clients (out of 50)
[2024-10-15 16:37:21,457][flwr][INFO] - aggregate_evaluate: received 2 results and 0 failures
[2024-10-15 16:37:21,458][flwr][INFO] - 
[2024-10-15 16:37:21,458][flwr][INFO] - [ROUND 11]
[2024-10-15 16:37:21,458][flwr][INFO] - configure_fit: strategy sampled 5 clients (out of 50)
[2024-10-15 16:37:44,142][flwr][INFO] - aggregate_fit: received 5 results and 0 failures
[2024-10-15 16:37:56,677][flwr][INFO] - fit progress: (11, 242.86081022024155, {'accuracy': 0.6870473537604457}, 471.32480615284294)
[2024-10-15 16:37:56,677][flwr][INFO] - configure_evaluate: strategy sampled 2 clients (out of 50)
[2024-10-15 16:37:57,911][flwr][INFO] - aggregate_evaluate: received 2 results and 0 failures
[2024-10-15 16:37:57,911][flwr][INFO] - 
[2024-10-15 16:37:57,912][flwr][INFO] - [ROUND 12]
[2024-10-15 16:37:57,912][flwr][INFO] - configure_fit: strategy sampled 5 clients (out of 50)
[2024-10-15 16:38:32,585][flwr][INFO] - aggregate_fit: received 5 results and 0 failures
[2024-10-15 16:38:44,046][flwr][INFO] - fit progress: (12, 223.94956430792809, {'accuracy': 0.6434540389972145}, 518.6944493381307)
[2024-10-15 16:38:44,047][flwr][INFO] - configure_evaluate: strategy sampled 2 clients (out of 50)
[2024-10-15 16:38:45,126][flwr][INFO] - aggregate_evaluate: received 2 results and 0 failures
[2024-10-15 16:38:45,126][flwr][INFO] - 
[2024-10-15 16:38:45,126][flwr][INFO] - [ROUND 13]
[2024-10-15 16:38:45,127][flwr][INFO] - configure_fit: strategy sampled 5 clients (out of 50)
[2024-10-15 16:39:09,519][flwr][INFO] - aggregate_fit: received 5 results and 0 failures
[2024-10-15 16:39:22,402][flwr][INFO] - fit progress: (13, 205.08518770337105, {'accuracy': 0.6736768802228412}, 557.0497424956411)
[2024-10-15 16:39:22,402][flwr][INFO] - configure_evaluate: strategy sampled 2 clients (out of 50)
[2024-10-15 16:39:23,866][flwr][INFO] - aggregate_evaluate: received 2 results and 0 failures
[2024-10-15 16:39:23,867][flwr][INFO] - 
[2024-10-15 16:39:23,867][flwr][INFO] - [ROUND 14]
[2024-10-15 16:39:23,867][flwr][INFO] - configure_fit: strategy sampled 5 clients (out of 50)
[2024-10-15 16:40:03,715][flwr][INFO] - aggregate_fit: received 5 results and 0 failures
[2024-10-15 16:40:16,641][flwr][INFO] - fit progress: (14, 186.5519637465477, {'accuracy': 0.7479108635097493}, 611.2887426353991)
[2024-10-15 16:40:16,641][flwr][INFO] - configure_evaluate: strategy sampled 2 clients (out of 50)
[2024-10-15 16:40:17,822][flwr][INFO] - aggregate_evaluate: received 2 results and 0 failures
[2024-10-15 16:40:17,822][flwr][INFO] - 
[2024-10-15 16:40:17,822][flwr][INFO] - [ROUND 15]
[2024-10-15 16:40:17,823][flwr][INFO] - configure_fit: strategy sampled 5 clients (out of 50)
[2024-10-15 16:40:38,556][flwr][INFO] - aggregate_fit: received 5 results and 0 failures
[2024-10-15 16:40:52,257][flwr][INFO] - fit progress: (15, 202.70557391643524, {'accuracy': 0.7115598885793872}, 646.9053515112028)
[2024-10-15 16:40:52,258][flwr][INFO] - configure_evaluate: strategy sampled 2 clients (out of 50)
[2024-10-15 16:40:53,271][flwr][INFO] - aggregate_evaluate: received 2 results and 0 failures
[2024-10-15 16:40:53,272][flwr][INFO] - 
[2024-10-15 16:40:53,272][flwr][INFO] - [ROUND 16]
[2024-10-15 16:40:53,272][flwr][INFO] - configure_fit: strategy sampled 5 clients (out of 50)
[2024-10-15 16:41:30,701][flwr][INFO] - aggregate_fit: received 5 results and 0 failures
[2024-10-15 16:41:41,925][flwr][INFO] - fit progress: (16, 182.18183106184006, {'accuracy': 0.7236768802228413}, 696.5735438913107)
[2024-10-15 16:41:41,926][flwr][INFO] - configure_evaluate: strategy sampled 2 clients (out of 50)
[2024-10-15 16:41:43,382][flwr][INFO] - aggregate_evaluate: received 2 results and 0 failures
[2024-10-15 16:41:43,382][flwr][INFO] - 
[2024-10-15 16:41:43,382][flwr][INFO] - [ROUND 17]
[2024-10-15 16:41:43,382][flwr][INFO] - configure_fit: strategy sampled 5 clients (out of 50)
[2024-10-15 16:42:13,360][flwr][INFO] - aggregate_fit: received 5 results and 0 failures
[2024-10-15 16:42:25,202][flwr][INFO] - fit progress: (17, 214.70514595508575, {'accuracy': 0.6665738161559889}, 739.8497302504256)
[2024-10-15 16:42:25,202][flwr][INFO] - configure_evaluate: strategy sampled 2 clients (out of 50)
[2024-10-15 16:42:26,281][flwr][INFO] - aggregate_evaluate: received 2 results and 0 failures
[2024-10-15 16:42:26,281][flwr][INFO] - 
[2024-10-15 16:42:26,282][flwr][INFO] - [ROUND 18]
[2024-10-15 16:42:26,282][flwr][INFO] - configure_fit: strategy sampled 5 clients (out of 50)
[2024-10-15 16:42:43,799][flwr][INFO] - aggregate_fit: received 5 results and 0 failures
[2024-10-15 16:42:55,882][flwr][INFO] - fit progress: (18, 247.88314133882523, {'accuracy': 0.6887186629526463}, 770.5300938179716)
[2024-10-15 16:42:55,882][flwr][INFO] - configure_evaluate: strategy sampled 2 clients (out of 50)
[2024-10-15 16:42:56,898][flwr][INFO] - aggregate_evaluate: received 2 results and 0 failures
[2024-10-15 16:42:56,898][flwr][INFO] - 
[2024-10-15 16:42:56,898][flwr][INFO] - [ROUND 19]
[2024-10-15 16:42:56,899][flwr][INFO] - configure_fit: strategy sampled 5 clients (out of 50)
[2024-10-15 16:43:17,556][flwr][INFO] - aggregate_fit: received 5 results and 0 failures
[2024-10-15 16:43:28,606][flwr][INFO] - fit progress: (19, 263.71344685554504, {'accuracy': 0.6653203342618385}, 803.2544712983072)
[2024-10-15 16:43:28,607][flwr][INFO] - configure_evaluate: strategy sampled 2 clients (out of 50)
[2024-10-15 16:43:29,886][flwr][INFO] - aggregate_evaluate: received 2 results and 0 failures
[2024-10-15 16:43:29,886][flwr][INFO] - 
[2024-10-15 16:43:29,886][flwr][INFO] - [ROUND 20]
[2024-10-15 16:43:29,886][flwr][INFO] - configure_fit: strategy sampled 5 clients (out of 50)
[2024-10-15 16:43:53,362][flwr][INFO] - aggregate_fit: received 5 results and 0 failures
[2024-10-15 16:44:06,521][flwr][INFO] - fit progress: (20, 235.25504690408707, {'accuracy': 0.7037604456824512}, 841.1696409676224)
[2024-10-15 16:44:06,522][flwr][INFO] - configure_evaluate: strategy sampled 2 clients (out of 50)
[2024-10-15 16:44:07,523][flwr][INFO] - aggregate_evaluate: received 2 results and 0 failures
[2024-10-15 16:44:07,523][flwr][INFO] - 
[2024-10-15 16:44:07,523][flwr][INFO] - [ROUND 21]
[2024-10-15 16:44:07,523][flwr][INFO] - configure_fit: strategy sampled 5 clients (out of 50)
[2024-10-15 16:44:41,254][flwr][INFO] - aggregate_fit: received 5 results and 0 failures
[2024-10-15 16:44:52,368][flwr][INFO] - fit progress: (21, 272.3711806535721, {'accuracy': 0.6512534818941504}, 887.0165136931464)
[2024-10-15 16:44:52,369][flwr][INFO] - configure_evaluate: strategy sampled 2 clients (out of 50)
[2024-10-15 16:44:53,591][flwr][INFO] - aggregate_evaluate: received 2 results and 0 failures
[2024-10-15 16:44:53,592][flwr][INFO] - 
[2024-10-15 16:44:53,592][flwr][INFO] - [ROUND 22]
[2024-10-15 16:44:53,592][flwr][INFO] - configure_fit: strategy sampled 5 clients (out of 50)
[2024-10-15 16:45:12,251][flwr][INFO] - aggregate_fit: received 5 results and 0 failures
[2024-10-15 16:45:24,936][flwr][INFO] - fit progress: (22, 318.65763461589813, {'accuracy': 0.5601671309192201}, 919.5842058714479)
[2024-10-15 16:45:24,936][flwr][INFO] - configure_evaluate: strategy sampled 2 clients (out of 50)
[2024-10-15 16:45:26,120][flwr][INFO] - aggregate_evaluate: received 2 results and 0 failures
[2024-10-15 16:45:26,120][flwr][INFO] - 
[2024-10-15 16:45:26,120][flwr][INFO] - [ROUND 23]
[2024-10-15 16:45:26,120][flwr][INFO] - configure_fit: strategy sampled 5 clients (out of 50)
[2024-10-15 16:45:51,705][flwr][INFO] - aggregate_fit: received 5 results and 0 failures
[2024-10-15 16:46:02,885][flwr][INFO] - fit progress: (23, 264.89793825149536, {'accuracy': 0.6662952646239554}, 957.5335432887077)
[2024-10-15 16:46:02,886][flwr][INFO] - configure_evaluate: strategy sampled 2 clients (out of 50)
[2024-10-15 16:46:04,024][flwr][INFO] - aggregate_evaluate: received 2 results and 0 failures
[2024-10-15 16:46:04,024][flwr][INFO] - 
[2024-10-15 16:46:04,024][flwr][INFO] - [ROUND 24]
[2024-10-15 16:46:04,024][flwr][INFO] - configure_fit: strategy sampled 5 clients (out of 50)
[2024-10-15 16:46:28,476][flwr][INFO] - aggregate_fit: received 5 results and 0 failures
[2024-10-15 16:46:39,015][flwr][INFO] - fit progress: (24, 225.46130174398422, {'accuracy': 0.6555710306406686}, 993.6631512828171)
[2024-10-15 16:46:39,016][flwr][INFO] - configure_evaluate: strategy sampled 2 clients (out of 50)
[2024-10-15 16:46:40,163][flwr][INFO] - aggregate_evaluate: received 2 results and 0 failures
[2024-10-15 16:46:40,163][flwr][INFO] - 
[2024-10-15 16:46:40,163][flwr][INFO] - [ROUND 25]
[2024-10-15 16:46:40,163][flwr][INFO] - configure_fit: strategy sampled 5 clients (out of 50)
[2024-10-15 16:47:03,198][flwr][INFO] - aggregate_fit: received 5 results and 0 failures
[2024-10-15 16:47:13,837][flwr][INFO] - fit progress: (25, 194.14509642124176, {'accuracy': 0.7194986072423398}, 1028.4852663325146)
[2024-10-15 16:47:13,838][flwr][INFO] - configure_evaluate: strategy sampled 2 clients (out of 50)
[2024-10-15 16:47:15,007][flwr][INFO] - aggregate_evaluate: received 2 results and 0 failures
[2024-10-15 16:47:15,007][flwr][INFO] - 
[2024-10-15 16:47:15,007][flwr][INFO] - [ROUND 26]
[2024-10-15 16:47:15,007][flwr][INFO] - configure_fit: strategy sampled 5 clients (out of 50)
[2024-10-15 16:47:34,647][flwr][INFO] - aggregate_fit: received 5 results and 0 failures
[2024-10-15 16:47:47,269][flwr][INFO] - fit progress: (26, 336.4060229063034, {'accuracy': 0.6033426183844011}, 1061.9173667514697)
[2024-10-15 16:47:47,270][flwr][INFO] - configure_evaluate: strategy sampled 2 clients (out of 50)
[2024-10-15 16:47:48,507][flwr][INFO] - aggregate_evaluate: received 2 results and 0 failures
[2024-10-15 16:47:48,508][flwr][INFO] - 
[2024-10-15 16:47:48,508][flwr][INFO] - [ROUND 27]
[2024-10-15 16:47:48,508][flwr][INFO] - configure_fit: strategy sampled 5 clients (out of 50)
[2024-10-15 16:48:22,650][flwr][INFO] - aggregate_fit: received 5 results and 0 failures
[2024-10-15 16:48:35,581][flwr][INFO] - fit progress: (27, 194.28141921758652, {'accuracy': 0.7516713091922006}, 1110.2288517784327)
[2024-10-15 16:48:35,581][flwr][INFO] - configure_evaluate: strategy sampled 2 clients (out of 50)
[2024-10-15 16:48:36,966][flwr][INFO] - aggregate_evaluate: received 2 results and 0 failures
[2024-10-15 16:48:36,966][flwr][INFO] - 
[2024-10-15 16:48:36,966][flwr][INFO] - [ROUND 28]
[2024-10-15 16:48:36,966][flwr][INFO] - configure_fit: strategy sampled 5 clients (out of 50)
[2024-10-15 16:49:10,707][flwr][INFO] - aggregate_fit: received 5 results and 0 failures
[2024-10-15 16:49:22,478][flwr][INFO] - fit progress: (28, 171.83558210730553, {'accuracy': 0.7973537604456824}, 1157.126601931639)
[2024-10-15 16:49:22,479][flwr][INFO] - configure_evaluate: strategy sampled 2 clients (out of 50)
[2024-10-15 16:49:23,693][flwr][INFO] - aggregate_evaluate: received 2 results and 0 failures
[2024-10-15 16:49:23,694][flwr][INFO] - 
[2024-10-15 16:49:23,694][flwr][INFO] - [ROUND 29]
[2024-10-15 16:49:23,694][flwr][INFO] - configure_fit: strategy sampled 5 clients (out of 50)
[2024-10-15 16:49:45,024][flwr][INFO] - aggregate_fit: received 5 results and 0 failures
[2024-10-15 16:49:54,866][flwr][INFO] - fit progress: (29, 262.073170542717, {'accuracy': 0.6860724233983287}, 1189.5143232792616)
[2024-10-15 16:49:54,866][flwr][INFO] - configure_evaluate: strategy sampled 2 clients (out of 50)
[2024-10-15 16:49:55,918][flwr][INFO] - aggregate_evaluate: received 2 results and 0 failures
[2024-10-15 16:49:55,918][flwr][INFO] - 
[2024-10-15 16:49:55,918][flwr][INFO] - [ROUND 30]
[2024-10-15 16:49:55,918][flwr][INFO] - configure_fit: strategy sampled 5 clients (out of 50)
[2024-10-15 16:50:13,682][flwr][INFO] - aggregate_fit: received 5 results and 0 failures
[2024-10-15 16:50:24,093][flwr][INFO] - fit progress: (30, 232.2954022884369, {'accuracy': 0.7149025069637883}, 1218.7416135612875)
[2024-10-15 16:50:24,094][flwr][INFO] - configure_evaluate: strategy sampled 2 clients (out of 50)
[2024-10-15 16:50:25,272][flwr][INFO] - aggregate_evaluate: received 2 results and 0 failures
[2024-10-15 16:50:25,272][flwr][INFO] - 
[2024-10-15 16:50:25,272][flwr][INFO] - [ROUND 31]
[2024-10-15 16:50:25,273][flwr][INFO] - configure_fit: strategy sampled 5 clients (out of 50)
[2024-10-15 16:50:59,838][flwr][INFO] - aggregate_fit: received 5 results and 0 failures
[2024-10-15 16:51:11,006][flwr][INFO] - fit progress: (31, 228.1160323023796, {'accuracy': 0.6831476323119777}, 1265.6544120106846)
[2024-10-15 16:51:11,007][flwr][INFO] - configure_evaluate: strategy sampled 2 clients (out of 50)
[2024-10-15 16:51:12,149][flwr][INFO] - aggregate_evaluate: received 2 results and 0 failures
[2024-10-15 16:51:12,150][flwr][INFO] - 
[2024-10-15 16:51:12,150][flwr][INFO] - [ROUND 32]
[2024-10-15 16:51:12,150][flwr][INFO] - configure_fit: strategy sampled 5 clients (out of 50)
[2024-10-15 16:51:47,922][flwr][INFO] - aggregate_fit: received 5 results and 0 failures
[2024-10-15 16:51:59,580][flwr][INFO] - fit progress: (32, 188.6105235517025, {'accuracy': 0.7125348189415042}, 1314.2285693883896)
[2024-10-15 16:51:59,581][flwr][INFO] - configure_evaluate: strategy sampled 2 clients (out of 50)
[2024-10-15 16:52:00,590][flwr][INFO] - aggregate_evaluate: received 2 results and 0 failures
[2024-10-15 16:52:00,591][flwr][INFO] - 
[2024-10-15 16:52:00,591][flwr][INFO] - [ROUND 33]
[2024-10-15 16:52:00,591][flwr][INFO] - configure_fit: strategy sampled 5 clients (out of 50)
[2024-10-15 16:52:31,207][flwr][INFO] - aggregate_fit: received 5 results and 0 failures
[2024-10-15 16:52:43,027][flwr][INFO] - fit progress: (33, 238.47567093372345, {'accuracy': 0.6838440111420613}, 1357.6748540597036)
[2024-10-15 16:52:43,027][flwr][INFO] - configure_evaluate: strategy sampled 2 clients (out of 50)
[2024-10-15 16:52:44,450][flwr][INFO] - aggregate_evaluate: received 2 results and 0 failures
[2024-10-15 16:52:44,450][flwr][INFO] - 
[2024-10-15 16:52:44,450][flwr][INFO] - [ROUND 34]
[2024-10-15 16:52:44,451][flwr][INFO] - configure_fit: strategy sampled 5 clients (out of 50)
[2024-10-15 16:53:11,576][flwr][INFO] - aggregate_fit: received 5 results and 0 failures
[2024-10-15 16:53:22,726][flwr][INFO] - fit progress: (34, 239.22082501649857, {'accuracy': 0.7426183844011142}, 1397.373840868473)
[2024-10-15 16:53:22,726][flwr][INFO] - configure_evaluate: strategy sampled 2 clients (out of 50)
[2024-10-15 16:53:23,872][flwr][INFO] - aggregate_evaluate: received 2 results and 0 failures
[2024-10-15 16:53:23,873][flwr][INFO] - 
[2024-10-15 16:53:23,873][flwr][INFO] - [ROUND 35]
[2024-10-15 16:53:23,873][flwr][INFO] - configure_fit: strategy sampled 5 clients (out of 50)
[2024-10-15 16:53:46,323][flwr][INFO] - aggregate_fit: received 5 results and 0 failures
[2024-10-15 16:53:57,982][flwr][INFO] - fit progress: (35, 205.82040530443192, {'accuracy': 0.727158774373259}, 1432.629958548583)
[2024-10-15 16:53:57,982][flwr][INFO] - configure_evaluate: strategy sampled 2 clients (out of 50)
[2024-10-15 16:53:59,436][flwr][INFO] - aggregate_evaluate: received 2 results and 0 failures
[2024-10-15 16:53:59,436][flwr][INFO] - 
[2024-10-15 16:53:59,436][flwr][INFO] - [ROUND 36]
[2024-10-15 16:53:59,437][flwr][INFO] - configure_fit: strategy sampled 5 clients (out of 50)
[2024-10-15 16:54:31,115][flwr][INFO] - aggregate_fit: received 5 results and 0 failures
[2024-10-15 16:54:42,700][flwr][INFO] - fit progress: (36, 191.60968643426895, {'accuracy': 0.7639275766016713}, 1477.3481408432126)
[2024-10-15 16:54:42,700][flwr][INFO] - configure_evaluate: strategy sampled 2 clients (out of 50)
[2024-10-15 16:54:43,822][flwr][INFO] - aggregate_evaluate: received 2 results and 0 failures
[2024-10-15 16:54:43,822][flwr][INFO] - 
[2024-10-15 16:54:43,823][flwr][INFO] - [ROUND 37]
[2024-10-15 16:54:43,823][flwr][INFO] - configure_fit: strategy sampled 5 clients (out of 50)
[2024-10-15 16:55:14,841][flwr][INFO] - aggregate_fit: received 5 results and 0 failures
[2024-10-15 16:55:25,533][flwr][INFO] - fit progress: (37, 203.99979346990585, {'accuracy': 0.7579387186629526}, 1520.1807520734146)
[2024-10-15 16:55:25,533][flwr][INFO] - configure_evaluate: strategy sampled 2 clients (out of 50)
[2024-10-15 16:55:26,843][flwr][INFO] - aggregate_evaluate: received 2 results and 0 failures
[2024-10-15 16:55:26,843][flwr][INFO] - 
[2024-10-15 16:55:26,843][flwr][INFO] - [ROUND 38]
[2024-10-15 16:55:26,844][flwr][INFO] - configure_fit: strategy sampled 5 clients (out of 50)
[2024-10-15 16:55:54,740][flwr][INFO] - aggregate_fit: received 5 results and 0 failures
[2024-10-15 16:56:06,881][flwr][INFO] - fit progress: (38, 191.290365755558, {'accuracy': 0.7683844011142061}, 1561.5287296036258)
[2024-10-15 16:56:06,881][flwr][INFO] - configure_evaluate: strategy sampled 2 clients (out of 50)
[2024-10-15 16:56:07,944][flwr][INFO] - aggregate_evaluate: received 2 results and 0 failures
[2024-10-15 16:56:07,944][flwr][INFO] - 
[2024-10-15 16:56:07,944][flwr][INFO] - [ROUND 39]
[2024-10-15 16:56:07,944][flwr][INFO] - configure_fit: strategy sampled 5 clients (out of 50)
[2024-10-15 16:56:32,594][flwr][INFO] - aggregate_fit: received 5 results and 0 failures
[2024-10-15 16:56:43,818][flwr][INFO] - fit progress: (39, 204.93673753738403, {'accuracy': 0.7887186629526463}, 1598.4660943951458)
[2024-10-15 16:56:43,819][flwr][INFO] - configure_evaluate: strategy sampled 2 clients (out of 50)
[2024-10-15 16:56:44,978][flwr][INFO] - aggregate_evaluate: received 2 results and 0 failures
[2024-10-15 16:56:44,978][flwr][INFO] - 
[2024-10-15 16:56:44,978][flwr][INFO] - [ROUND 40]
[2024-10-15 16:56:44,979][flwr][INFO] - configure_fit: strategy sampled 5 clients (out of 50)
[2024-10-15 16:56:59,682][flwr][INFO] - aggregate_fit: received 5 results and 0 failures
[2024-10-15 16:57:11,155][flwr][INFO] - fit progress: (40, 165.07152017951012, {'accuracy': 0.7870473537604457}, 1625.8031511688605)
[2024-10-15 16:57:11,155][flwr][INFO] - configure_evaluate: strategy sampled 2 clients (out of 50)
[2024-10-15 16:57:12,112][flwr][INFO] - aggregate_evaluate: received 2 results and 0 failures
[2024-10-15 16:57:12,113][flwr][INFO] - 
[2024-10-15 16:57:12,113][flwr][INFO] - [ROUND 41]
[2024-10-15 16:57:12,113][flwr][INFO] - configure_fit: strategy sampled 5 clients (out of 50)
[2024-10-15 16:57:50,425][flwr][INFO] - aggregate_fit: received 5 results and 0 failures
[2024-10-15 16:58:01,533][flwr][INFO] - fit progress: (41, 175.4091019630432, {'accuracy': 0.7525069637883008}, 1676.1809870470315)
[2024-10-15 16:58:01,533][flwr][INFO] - configure_evaluate: strategy sampled 2 clients (out of 50)
[2024-10-15 16:58:02,742][flwr][INFO] - aggregate_evaluate: received 2 results and 0 failures
[2024-10-15 16:58:02,742][flwr][INFO] - 
[2024-10-15 16:58:02,742][flwr][INFO] - [ROUND 42]
[2024-10-15 16:58:02,742][flwr][INFO] - configure_fit: strategy sampled 5 clients (out of 50)
[2024-10-15 16:58:20,813][flwr][INFO] - aggregate_fit: received 5 results and 0 failures
[2024-10-15 16:58:31,677][flwr][INFO] - fit progress: (42, 186.63358056545258, {'accuracy': 0.7901114206128134}, 1706.3251282339916)
[2024-10-15 16:58:31,678][flwr][INFO] - configure_evaluate: strategy sampled 2 clients (out of 50)
[2024-10-15 16:58:32,747][flwr][INFO] - aggregate_evaluate: received 2 results and 0 failures
[2024-10-15 16:58:32,747][flwr][INFO] - 
[2024-10-15 16:58:32,747][flwr][INFO] - [ROUND 43]
[2024-10-15 16:58:32,748][flwr][INFO] - configure_fit: strategy sampled 5 clients (out of 50)
[2024-10-15 16:58:46,748][flwr][INFO] - aggregate_fit: received 5 results and 0 failures
[2024-10-15 16:58:57,777][flwr][INFO] - fit progress: (43, 233.5934494137764, {'accuracy': 0.7623955431754874}, 1732.425112717785)
[2024-10-15 16:58:57,778][flwr][INFO] - configure_evaluate: strategy sampled 2 clients (out of 50)
[2024-10-15 16:58:58,764][flwr][INFO] - aggregate_evaluate: received 2 results and 0 failures
[2024-10-15 16:58:58,765][flwr][INFO] - 
[2024-10-15 16:58:58,765][flwr][INFO] - [ROUND 44]
[2024-10-15 16:58:58,765][flwr][INFO] - configure_fit: strategy sampled 5 clients (out of 50)
[2024-10-15 16:59:19,905][flwr][INFO] - aggregate_fit: received 5 results and 0 failures
[2024-10-15 16:59:31,559][flwr][INFO] - fit progress: (44, 165.03562906384468, {'accuracy': 0.8182451253481894}, 1766.20707903523)
[2024-10-15 16:59:31,559][flwr][INFO] - configure_evaluate: strategy sampled 2 clients (out of 50)
[2024-10-15 16:59:33,186][flwr][INFO] - aggregate_evaluate: received 2 results and 0 failures
[2024-10-15 16:59:33,186][flwr][INFO] - 
[2024-10-15 16:59:33,186][flwr][INFO] - [ROUND 45]
[2024-10-15 16:59:33,186][flwr][INFO] - configure_fit: strategy sampled 5 clients (out of 50)
[2024-10-15 17:00:07,258][flwr][INFO] - aggregate_fit: received 5 results and 0 failures
[2024-10-15 17:00:18,008][flwr][INFO] - fit progress: (45, 246.33849036693573, {'accuracy': 0.7469359331476323}, 1812.6560465348884)
[2024-10-15 17:00:18,008][flwr][INFO] - configure_evaluate: strategy sampled 2 clients (out of 50)
[2024-10-15 17:00:19,274][flwr][INFO] - aggregate_evaluate: received 2 results and 0 failures
[2024-10-15 17:00:19,275][flwr][INFO] - 
[2024-10-15 17:00:19,275][flwr][INFO] - [ROUND 46]
[2024-10-15 17:00:19,275][flwr][INFO] - configure_fit: strategy sampled 5 clients (out of 50)
[2024-10-15 17:00:52,926][flwr][INFO] - aggregate_fit: received 5 results and 0 failures
[2024-10-15 17:01:04,120][flwr][INFO] - fit progress: (46, 194.85019898414612, {'accuracy': 0.7866295264623956}, 1858.7683881260455)
[2024-10-15 17:01:04,121][flwr][INFO] - configure_evaluate: strategy sampled 2 clients (out of 50)
[2024-10-15 17:01:05,093][flwr][INFO] - aggregate_evaluate: received 2 results and 0 failures
[2024-10-15 17:01:05,093][flwr][INFO] - 
[2024-10-15 17:01:05,093][flwr][INFO] - [ROUND 47]
[2024-10-15 17:01:05,094][flwr][INFO] - configure_fit: strategy sampled 5 clients (out of 50)
[2024-10-15 17:01:33,735][flwr][INFO] - aggregate_fit: received 5 results and 0 failures
[2024-10-15 17:01:45,120][flwr][INFO] - fit progress: (47, 154.80311995744705, {'accuracy': 0.7610027855153203}, 1899.7681651692837)
[2024-10-15 17:01:45,121][flwr][INFO] - configure_evaluate: strategy sampled 2 clients (out of 50)
[2024-10-15 17:01:46,242][flwr][INFO] - aggregate_evaluate: received 2 results and 0 failures
[2024-10-15 17:01:46,242][flwr][INFO] - 
[2024-10-15 17:01:46,242][flwr][INFO] - [ROUND 48]
[2024-10-15 17:01:46,243][flwr][INFO] - configure_fit: strategy sampled 5 clients (out of 50)
[2024-10-15 17:02:23,225][flwr][INFO] - aggregate_fit: received 5 results and 0 failures
[2024-10-15 17:02:34,416][flwr][INFO] - fit progress: (48, 246.45563405752182, {'accuracy': 0.7527855153203342}, 1949.0645223651081)
[2024-10-15 17:02:34,417][flwr][INFO] - configure_evaluate: strategy sampled 2 clients (out of 50)
[2024-10-15 17:02:35,543][flwr][INFO] - aggregate_evaluate: received 2 results and 0 failures
[2024-10-15 17:02:35,543][flwr][INFO] - 
[2024-10-15 17:02:35,543][flwr][INFO] - [ROUND 49]
[2024-10-15 17:02:35,543][flwr][INFO] - configure_fit: strategy sampled 5 clients (out of 50)
[2024-10-15 17:03:17,109][flwr][INFO] - aggregate_fit: received 5 results and 0 failures
[2024-10-15 17:03:29,161][flwr][INFO] - fit progress: (49, 148.82692450284958, {'accuracy': 0.7749303621169916}, 2003.8094776878133)
[2024-10-15 17:03:29,162][flwr][INFO] - configure_evaluate: strategy sampled 2 clients (out of 50)
[2024-10-15 17:03:30,281][flwr][INFO] - aggregate_evaluate: received 2 results and 0 failures
[2024-10-15 17:03:30,282][flwr][INFO] - 
[2024-10-15 17:03:30,282][flwr][INFO] - [ROUND 50]
[2024-10-15 17:03:30,282][flwr][INFO] - configure_fit: strategy sampled 5 clients (out of 50)
[2024-10-15 17:03:54,406][flwr][INFO] - aggregate_fit: received 5 results and 0 failures
[2024-10-15 17:04:05,076][flwr][INFO] - fit progress: (50, 165.74895459413528, {'accuracy': 0.7848189415041783}, 2039.7246471298859)
[2024-10-15 17:04:05,077][flwr][INFO] - configure_evaluate: strategy sampled 2 clients (out of 50)
[2024-10-15 17:04:06,290][flwr][INFO] - aggregate_evaluate: received 2 results and 0 failures
[2024-10-15 17:04:06,291][flwr][INFO] - 
[2024-10-15 17:04:06,291][flwr][INFO] - [ROUND 51]
[2024-10-15 17:04:06,292][flwr][INFO] - configure_fit: strategy sampled 5 clients (out of 50)
[2024-10-15 17:04:36,049][flwr][INFO] - aggregate_fit: received 5 results and 0 failures
[2024-10-15 17:04:48,730][flwr][INFO] - fit progress: (51, 190.5401314496994, {'accuracy': 0.7533426183844011}, 2083.377999094315)
[2024-10-15 17:04:48,730][flwr][INFO] - configure_evaluate: strategy sampled 2 clients (out of 50)
[2024-10-15 17:04:50,641][flwr][INFO] - aggregate_evaluate: received 2 results and 0 failures
[2024-10-15 17:04:50,642][flwr][INFO] - 
[2024-10-15 17:04:50,642][flwr][INFO] - [ROUND 52]
[2024-10-15 17:04:50,642][flwr][INFO] - configure_fit: strategy sampled 5 clients (out of 50)
[2024-10-15 17:05:20,770][flwr][INFO] - aggregate_fit: received 5 results and 0 failures
[2024-10-15 17:05:31,856][flwr][INFO] - fit progress: (52, 197.90245056152344, {'accuracy': 0.7681058495821727}, 2126.5045788455755)
[2024-10-15 17:05:31,857][flwr][INFO] - configure_evaluate: strategy sampled 2 clients (out of 50)
[2024-10-15 17:05:32,807][flwr][INFO] - aggregate_evaluate: received 2 results and 0 failures
[2024-10-15 17:05:32,807][flwr][INFO] - 
[2024-10-15 17:05:32,807][flwr][INFO] - [ROUND 53]
[2024-10-15 17:05:32,808][flwr][INFO] - configure_fit: strategy sampled 5 clients (out of 50)
[2024-10-15 17:05:58,385][flwr][INFO] - aggregate_fit: received 5 results and 0 failures
[2024-10-15 17:06:09,256][flwr][INFO] - fit progress: (53, 184.88288182020187, {'accuracy': 0.8118384401114206}, 2163.903741516173)
[2024-10-15 17:06:09,256][flwr][INFO] - configure_evaluate: strategy sampled 2 clients (out of 50)
[2024-10-15 17:06:10,557][flwr][INFO] - aggregate_evaluate: received 2 results and 0 failures
[2024-10-15 17:06:10,558][flwr][INFO] - 
[2024-10-15 17:06:10,558][flwr][INFO] - [ROUND 54]
[2024-10-15 17:06:10,558][flwr][INFO] - configure_fit: strategy sampled 5 clients (out of 50)
[2024-10-15 17:06:42,158][flwr][INFO] - aggregate_fit: received 5 results and 0 failures
[2024-10-15 17:06:52,727][flwr][INFO] - fit progress: (54, 139.17907291650772, {'accuracy': 0.8306406685236769}, 2207.375717148185)
[2024-10-15 17:06:52,728][flwr][INFO] - configure_evaluate: strategy sampled 2 clients (out of 50)
[2024-10-15 17:06:53,864][flwr][INFO] - aggregate_evaluate: received 2 results and 0 failures
[2024-10-15 17:06:53,865][flwr][INFO] - 
[2024-10-15 17:06:53,865][flwr][INFO] - [ROUND 55]
[2024-10-15 17:06:53,865][flwr][INFO] - configure_fit: strategy sampled 5 clients (out of 50)
[2024-10-15 17:07:22,472][flwr][INFO] - aggregate_fit: received 5 results and 0 failures
[2024-10-15 17:07:33,073][flwr][INFO] - fit progress: (55, 351.44798600673676, {'accuracy': 0.6232590529247911}, 2247.7210122141987)
[2024-10-15 17:07:33,073][flwr][INFO] - configure_evaluate: strategy sampled 2 clients (out of 50)
[2024-10-15 17:07:34,996][flwr][INFO] - aggregate_evaluate: received 2 results and 0 failures
[2024-10-15 17:07:34,996][flwr][INFO] - 
[2024-10-15 17:07:34,996][flwr][INFO] - [ROUND 56]
[2024-10-15 17:07:34,996][flwr][INFO] - configure_fit: strategy sampled 5 clients (out of 50)
[2024-10-15 17:08:06,278][flwr][INFO] - aggregate_fit: received 5 results and 0 failures
[2024-10-15 17:08:17,329][flwr][INFO] - fit progress: (56, 136.12124893069267, {'accuracy': 0.7954038997214484}, 2291.976946541108)
[2024-10-15 17:08:17,329][flwr][INFO] - configure_evaluate: strategy sampled 2 clients (out of 50)
[2024-10-15 17:08:18,526][flwr][INFO] - aggregate_evaluate: received 2 results and 0 failures
[2024-10-15 17:08:18,526][flwr][INFO] - 
[2024-10-15 17:08:18,526][flwr][INFO] - [ROUND 57]
[2024-10-15 17:08:18,526][flwr][INFO] - configure_fit: strategy sampled 5 clients (out of 50)
[2024-10-15 17:08:51,728][flwr][INFO] - aggregate_fit: received 5 results and 0 failures
[2024-10-15 17:09:02,244][flwr][INFO] - fit progress: (57, 146.24336457252502, {'accuracy': 0.7862116991643454}, 2336.892066258006)
[2024-10-15 17:09:02,244][flwr][INFO] - configure_evaluate: strategy sampled 2 clients (out of 50)
[2024-10-15 17:09:03,848][flwr][INFO] - aggregate_evaluate: received 2 results and 0 failures
[2024-10-15 17:09:03,848][flwr][INFO] - 
[2024-10-15 17:09:03,848][flwr][INFO] - [ROUND 58]
[2024-10-15 17:09:03,848][flwr][INFO] - configure_fit: strategy sampled 5 clients (out of 50)
[2024-10-15 17:09:33,374][flwr][INFO] - aggregate_fit: received 5 results and 0 failures
[2024-10-15 17:09:45,119][flwr][INFO] - fit progress: (58, 138.10596522688866, {'accuracy': 0.8083565459610028}, 2379.7666898621246)
[2024-10-15 17:09:45,119][flwr][INFO] - configure_evaluate: strategy sampled 2 clients (out of 50)
[2024-10-15 17:09:46,417][flwr][INFO] - aggregate_evaluate: received 2 results and 0 failures
[2024-10-15 17:09:46,417][flwr][INFO] - 
[2024-10-15 17:09:46,417][flwr][INFO] - [ROUND 59]
[2024-10-15 17:09:46,417][flwr][INFO] - configure_fit: strategy sampled 5 clients (out of 50)
[2024-10-15 17:10:09,112][flwr][INFO] - aggregate_fit: received 5 results and 0 failures
[2024-10-15 17:10:20,096][flwr][INFO] - fit progress: (59, 291.54725754261017, {'accuracy': 0.6422005571030641}, 2414.7437633713707)
[2024-10-15 17:10:20,096][flwr][INFO] - configure_evaluate: strategy sampled 2 clients (out of 50)
[2024-10-15 17:10:21,317][flwr][INFO] - aggregate_evaluate: received 2 results and 0 failures
[2024-10-15 17:10:21,317][flwr][INFO] - 
[2024-10-15 17:10:21,317][flwr][INFO] - [ROUND 60]
[2024-10-15 17:10:21,317][flwr][INFO] - configure_fit: strategy sampled 5 clients (out of 50)
[2024-10-15 17:10:47,020][flwr][INFO] - aggregate_fit: received 5 results and 0 failures
[2024-10-15 17:10:58,007][flwr][INFO] - fit progress: (60, 216.62783360481262, {'accuracy': 0.7694986072423399}, 2452.6556636700407)
[2024-10-15 17:10:58,008][flwr][INFO] - configure_evaluate: strategy sampled 2 clients (out of 50)
[2024-10-15 17:10:59,185][flwr][INFO] - aggregate_evaluate: received 2 results and 0 failures
[2024-10-15 17:10:59,185][flwr][INFO] - 
[2024-10-15 17:10:59,185][flwr][INFO] - [ROUND 61]
[2024-10-15 17:10:59,185][flwr][INFO] - configure_fit: strategy sampled 5 clients (out of 50)
[2024-10-15 17:11:29,931][flwr][INFO] - aggregate_fit: received 5 results and 0 failures
[2024-10-15 17:11:41,630][flwr][INFO] - fit progress: (61, 222.49206644296646, {'accuracy': 0.7540389972144846}, 2496.278323601)
[2024-10-15 17:11:41,631][flwr][INFO] - configure_evaluate: strategy sampled 2 clients (out of 50)
[2024-10-15 17:11:42,833][flwr][INFO] - aggregate_evaluate: received 2 results and 0 failures
[2024-10-15 17:11:42,833][flwr][INFO] - 
[2024-10-15 17:11:42,833][flwr][INFO] - [ROUND 62]
[2024-10-15 17:11:42,833][flwr][INFO] - configure_fit: strategy sampled 5 clients (out of 50)
[2024-10-15 17:12:00,436][flwr][INFO] - aggregate_fit: received 5 results and 0 failures
[2024-10-15 17:12:12,111][flwr][INFO] - fit progress: (62, 185.09679320454597, {'accuracy': 0.7143454038997215}, 2526.759369764477)
[2024-10-15 17:12:12,112][flwr][INFO] - configure_evaluate: strategy sampled 2 clients (out of 50)
[2024-10-15 17:12:13,439][flwr][INFO] - aggregate_evaluate: received 2 results and 0 failures
[2024-10-15 17:12:13,440][flwr][INFO] - 
[2024-10-15 17:12:13,440][flwr][INFO] - [ROUND 63]
[2024-10-15 17:12:13,440][flwr][INFO] - configure_fit: strategy sampled 5 clients (out of 50)
[2024-10-15 17:12:33,968][flwr][INFO] - aggregate_fit: received 5 results and 0 failures
[2024-10-15 17:12:45,857][flwr][INFO] - fit progress: (63, 284.0717206597328, {'accuracy': 0.7360724233983287}, 2560.5052579389885)
[2024-10-15 17:12:45,859][flwr][INFO] - configure_evaluate: strategy sampled 2 clients (out of 50)
[2024-10-15 17:12:47,265][flwr][INFO] - aggregate_evaluate: received 2 results and 0 failures
[2024-10-15 17:12:47,265][flwr][INFO] - 
[2024-10-15 17:12:47,265][flwr][INFO] - [ROUND 64]
[2024-10-15 17:12:47,266][flwr][INFO] - configure_fit: strategy sampled 5 clients (out of 50)
[2024-10-15 17:13:21,579][flwr][INFO] - aggregate_fit: received 5 results and 0 failures
[2024-10-15 17:13:32,599][flwr][INFO] - fit progress: (64, 185.20221143960953, {'accuracy': 0.7657381615598886}, 2607.24701645039)
[2024-10-15 17:13:32,599][flwr][INFO] - configure_evaluate: strategy sampled 2 clients (out of 50)
[2024-10-15 17:13:33,642][flwr][INFO] - aggregate_evaluate: received 2 results and 0 failures
[2024-10-15 17:13:33,643][flwr][INFO] - 
[2024-10-15 17:13:33,643][flwr][INFO] - [ROUND 65]
[2024-10-15 17:13:33,643][flwr][INFO] - configure_fit: strategy sampled 5 clients (out of 50)
[2024-10-15 17:13:59,240][flwr][INFO] - aggregate_fit: received 5 results and 0 failures
[2024-10-15 17:14:10,324][flwr][INFO] - fit progress: (65, 168.60091742873192, {'accuracy': 0.8196378830083565}, 2644.9722175346687)
[2024-10-15 17:14:10,324][flwr][INFO] - configure_evaluate: strategy sampled 2 clients (out of 50)
[2024-10-15 17:14:11,671][flwr][INFO] - aggregate_evaluate: received 2 results and 0 failures
[2024-10-15 17:14:11,671][flwr][INFO] - 
[2024-10-15 17:14:11,671][flwr][INFO] - [ROUND 66]
[2024-10-15 17:14:11,671][flwr][INFO] - configure_fit: strategy sampled 5 clients (out of 50)
[2024-10-15 17:14:33,341][flwr][INFO] - aggregate_fit: received 5 results and 0 failures
[2024-10-15 17:14:44,295][flwr][INFO] - fit progress: (66, 151.57808217406273, {'accuracy': 0.8149025069637883}, 2678.942944303155)
[2024-10-15 17:14:44,295][flwr][INFO] - configure_evaluate: strategy sampled 2 clients (out of 50)
[2024-10-15 17:14:45,520][flwr][INFO] - aggregate_evaluate: received 2 results and 0 failures
[2024-10-15 17:14:45,520][flwr][INFO] - 
[2024-10-15 17:14:45,520][flwr][INFO] - [ROUND 67]
[2024-10-15 17:14:45,520][flwr][INFO] - configure_fit: strategy sampled 5 clients (out of 50)
[2024-10-15 17:15:06,798][flwr][INFO] - aggregate_fit: received 5 results and 0 failures
[2024-10-15 17:15:17,343][flwr][INFO] - fit progress: (67, 130.26513162255287, {'accuracy': 0.8178272980501393}, 2711.9909826172516)
[2024-10-15 17:15:17,343][flwr][INFO] - configure_evaluate: strategy sampled 2 clients (out of 50)
[2024-10-15 17:15:18,356][flwr][INFO] - aggregate_evaluate: received 2 results and 0 failures
[2024-10-15 17:15:18,357][flwr][INFO] - 
[2024-10-15 17:15:18,357][flwr][INFO] - [ROUND 68]
[2024-10-15 17:15:18,357][flwr][INFO] - configure_fit: strategy sampled 5 clients (out of 50)
[2024-10-15 17:15:48,222][flwr][INFO] - aggregate_fit: received 5 results and 0 failures
[2024-10-15 17:16:01,515][flwr][INFO] - fit progress: (68, 152.36997616291046, {'accuracy': 0.8020891364902507}, 2756.1630467660725)
[2024-10-15 17:16:01,515][flwr][INFO] - configure_evaluate: strategy sampled 2 clients (out of 50)
[2024-10-15 17:16:02,797][flwr][INFO] - aggregate_evaluate: received 2 results and 0 failures
[2024-10-15 17:16:02,797][flwr][INFO] - 
[2024-10-15 17:16:02,798][flwr][INFO] - [ROUND 69]
[2024-10-15 17:16:02,798][flwr][INFO] - configure_fit: strategy sampled 5 clients (out of 50)
[2024-10-15 17:16:41,963][flwr][INFO] - aggregate_fit: received 5 results and 0 failures
[2024-10-15 17:16:54,070][flwr][INFO] - fit progress: (69, 206.09864372015, {'accuracy': 0.7615598885793872}, 2808.7183243483305)
[2024-10-15 17:16:54,071][flwr][INFO] - configure_evaluate: strategy sampled 2 clients (out of 50)
[2024-10-15 17:16:55,315][flwr][INFO] - aggregate_evaluate: received 2 results and 0 failures
[2024-10-15 17:16:55,315][flwr][INFO] - 
[2024-10-15 17:16:55,315][flwr][INFO] - [ROUND 70]
[2024-10-15 17:16:55,316][flwr][INFO] - configure_fit: strategy sampled 5 clients (out of 50)
[2024-10-15 17:17:27,217][flwr][INFO] - aggregate_fit: received 5 results and 0 failures
[2024-10-15 17:17:39,066][flwr][INFO] - fit progress: (70, 200.88055166602135, {'accuracy': 0.7190807799442896}, 2853.7137851072475)
[2024-10-15 17:17:39,066][flwr][INFO] - configure_evaluate: strategy sampled 2 clients (out of 50)
[2024-10-15 17:17:40,432][flwr][INFO] - aggregate_evaluate: received 2 results and 0 failures
[2024-10-15 17:17:40,433][flwr][INFO] - 
[2024-10-15 17:17:40,433][flwr][INFO] - [ROUND 71]
[2024-10-15 17:17:40,433][flwr][INFO] - configure_fit: strategy sampled 5 clients (out of 50)
[2024-10-15 17:18:05,822][flwr][INFO] - aggregate_fit: received 5 results and 0 failures
[2024-10-15 17:18:18,144][flwr][INFO] - fit progress: (71, 207.16608941555023, {'accuracy': 0.7675487465181059}, 2892.7918002428487)
[2024-10-15 17:18:18,144][flwr][INFO] - configure_evaluate: strategy sampled 2 clients (out of 50)
[2024-10-15 17:18:19,224][flwr][INFO] - aggregate_evaluate: received 2 results and 0 failures
[2024-10-15 17:18:19,224][flwr][INFO] - 
[2024-10-15 17:18:19,225][flwr][INFO] - [ROUND 72]
[2024-10-15 17:18:19,225][flwr][INFO] - configure_fit: strategy sampled 5 clients (out of 50)
[2024-10-15 17:18:43,546][flwr][INFO] - aggregate_fit: received 5 results and 0 failures
[2024-10-15 17:18:53,661][flwr][INFO] - fit progress: (72, 212.31876826286316, {'accuracy': 0.7537604456824513}, 2928.30964419432)
[2024-10-15 17:18:53,662][flwr][INFO] - configure_evaluate: strategy sampled 2 clients (out of 50)
[2024-10-15 17:18:54,782][flwr][INFO] - aggregate_evaluate: received 2 results and 0 failures
[2024-10-15 17:18:54,783][flwr][INFO] - 
[2024-10-15 17:18:54,783][flwr][INFO] - [ROUND 73]
[2024-10-15 17:18:54,783][flwr][INFO] - configure_fit: strategy sampled 5 clients (out of 50)
[2024-10-15 17:19:23,001][flwr][INFO] - aggregate_fit: received 5 results and 0 failures
[2024-10-15 17:19:35,262][flwr][INFO] - fit progress: (73, 153.5613780617714, {'accuracy': 0.783008356545961}, 2969.9102447396144)
[2024-10-15 17:19:35,262][flwr][INFO] - configure_evaluate: strategy sampled 2 clients (out of 50)
[2024-10-15 17:19:36,550][flwr][INFO] - aggregate_evaluate: received 2 results and 0 failures
[2024-10-15 17:19:36,551][flwr][INFO] - 
[2024-10-15 17:19:36,551][flwr][INFO] - [ROUND 74]
[2024-10-15 17:19:36,551][flwr][INFO] - configure_fit: strategy sampled 5 clients (out of 50)
[2024-10-15 17:20:07,658][flwr][INFO] - aggregate_fit: received 5 results and 0 failures
[2024-10-15 17:20:18,551][flwr][INFO] - fit progress: (74, 196.0195860862732, {'accuracy': 0.770891364902507}, 3013.1993376817554)
[2024-10-15 17:20:18,552][flwr][INFO] - configure_evaluate: strategy sampled 2 clients (out of 50)
[2024-10-15 17:20:19,853][flwr][INFO] - aggregate_evaluate: received 2 results and 0 failures
[2024-10-15 17:20:19,853][flwr][INFO] - 
[2024-10-15 17:20:19,853][flwr][INFO] - [ROUND 75]
[2024-10-15 17:20:19,853][flwr][INFO] - configure_fit: strategy sampled 5 clients (out of 50)
[2024-10-15 17:20:49,757][flwr][INFO] - aggregate_fit: received 5 results and 0 failures
[2024-10-15 17:20:59,981][flwr][INFO] - fit progress: (75, 325.50213944911957, {'accuracy': 0.6935933147632312}, 3054.6296854307875)
[2024-10-15 17:20:59,982][flwr][INFO] - configure_evaluate: strategy sampled 2 clients (out of 50)
[2024-10-15 17:21:00,967][flwr][INFO] - aggregate_evaluate: received 2 results and 0 failures
[2024-10-15 17:21:00,967][flwr][INFO] - 
[2024-10-15 17:21:00,967][flwr][INFO] - [ROUND 76]
[2024-10-15 17:21:00,967][flwr][INFO] - configure_fit: strategy sampled 5 clients (out of 50)
[2024-10-15 17:21:28,164][flwr][INFO] - aggregate_fit: received 5 results and 0 failures
[2024-10-15 17:21:38,991][flwr][INFO] - fit progress: (76, 168.51959189772606, {'accuracy': 0.801949860724234}, 3093.6390927685425)
[2024-10-15 17:21:38,991][flwr][INFO] - configure_evaluate: strategy sampled 2 clients (out of 50)
[2024-10-15 17:21:40,145][flwr][INFO] - aggregate_evaluate: received 2 results and 0 failures
[2024-10-15 17:21:40,145][flwr][INFO] - 
[2024-10-15 17:21:40,145][flwr][INFO] - [ROUND 77]
[2024-10-15 17:21:40,145][flwr][INFO] - configure_fit: strategy sampled 5 clients (out of 50)
[2024-10-15 17:22:10,641][flwr][INFO] - aggregate_fit: received 5 results and 0 failures
[2024-10-15 17:22:20,428][flwr][INFO] - fit progress: (77, 242.20168948173523, {'accuracy': 0.7596100278551532}, 3135.076035035774)
[2024-10-15 17:22:20,428][flwr][INFO] - configure_evaluate: strategy sampled 2 clients (out of 50)
[2024-10-15 17:22:21,630][flwr][INFO] - aggregate_evaluate: received 2 results and 0 failures
[2024-10-15 17:22:21,630][flwr][INFO] - 
[2024-10-15 17:22:21,630][flwr][INFO] - [ROUND 78]
[2024-10-15 17:22:21,630][flwr][INFO] - configure_fit: strategy sampled 5 clients (out of 50)
[2024-10-15 17:22:44,407][flwr][INFO] - aggregate_fit: received 5 results and 0 failures
[2024-10-15 17:22:54,219][flwr][INFO] - fit progress: (78, 218.5722737312317, {'accuracy': 0.7586350974930363}, 3168.8670190135017)
[2024-10-15 17:22:54,219][flwr][INFO] - configure_evaluate: strategy sampled 2 clients (out of 50)
[2024-10-15 17:22:55,341][flwr][INFO] - aggregate_evaluate: received 2 results and 0 failures
[2024-10-15 17:22:55,342][flwr][INFO] - 
[2024-10-15 17:22:55,342][flwr][INFO] - [ROUND 79]
[2024-10-15 17:22:55,342][flwr][INFO] - configure_fit: strategy sampled 5 clients (out of 50)
[2024-10-15 17:23:21,761][flwr][INFO] - aggregate_fit: received 5 results and 0 failures
[2024-10-15 17:23:33,273][flwr][INFO] - fit progress: (79, 201.49582874774933, {'accuracy': 0.7718662952646239}, 3207.920968835242)
[2024-10-15 17:23:33,273][flwr][INFO] - configure_evaluate: strategy sampled 2 clients (out of 50)
[2024-10-15 17:23:34,481][flwr][INFO] - aggregate_evaluate: received 2 results and 0 failures
[2024-10-15 17:23:34,481][flwr][INFO] - 
[2024-10-15 17:23:34,481][flwr][INFO] - [ROUND 80]
[2024-10-15 17:23:34,482][flwr][INFO] - configure_fit: strategy sampled 5 clients (out of 50)
[2024-10-15 17:24:00,230][flwr][INFO] - aggregate_fit: received 5 results and 0 failures
[2024-10-15 17:24:11,890][flwr][INFO] - fit progress: (80, 172.90074834227562, {'accuracy': 0.7299442896935933}, 3246.5383069710806)
[2024-10-15 17:24:11,890][flwr][INFO] - configure_evaluate: strategy sampled 2 clients (out of 50)
[2024-10-15 17:24:13,014][flwr][INFO] - aggregate_evaluate: received 2 results and 0 failures
[2024-10-15 17:24:13,014][flwr][INFO] - 
[2024-10-15 17:24:13,014][flwr][INFO] - [ROUND 81]
[2024-10-15 17:24:13,014][flwr][INFO] - configure_fit: strategy sampled 5 clients (out of 50)
[2024-10-15 17:24:43,246][flwr][INFO] - aggregate_fit: received 5 results and 0 failures
[2024-10-15 17:24:54,056][flwr][INFO] - fit progress: (81, 264.31110495328903, {'accuracy': 0.7188022284122563}, 3288.7044995818287)
[2024-10-15 17:24:54,057][flwr][INFO] - configure_evaluate: strategy sampled 2 clients (out of 50)
[2024-10-15 17:24:55,417][flwr][INFO] - aggregate_evaluate: received 2 results and 0 failures
[2024-10-15 17:24:55,417][flwr][INFO] - 
[2024-10-15 17:24:55,417][flwr][INFO] - [ROUND 82]
[2024-10-15 17:24:55,417][flwr][INFO] - configure_fit: strategy sampled 5 clients (out of 50)
[2024-10-15 17:25:25,653][flwr][INFO] - aggregate_fit: received 5 results and 0 failures
[2024-10-15 17:25:35,506][flwr][INFO] - fit progress: (82, 161.53368520736694, {'accuracy': 0.7952646239554317}, 3330.153694871813)
[2024-10-15 17:25:35,506][flwr][INFO] - configure_evaluate: strategy sampled 2 clients (out of 50)
[2024-10-15 17:25:36,488][flwr][INFO] - aggregate_evaluate: received 2 results and 0 failures
[2024-10-15 17:25:36,489][flwr][INFO] - 
[2024-10-15 17:25:36,489][flwr][INFO] - [ROUND 83]
[2024-10-15 17:25:36,489][flwr][INFO] - configure_fit: strategy sampled 5 clients (out of 50)
[2024-10-15 17:25:56,435][flwr][INFO] - aggregate_fit: received 5 results and 0 failures
[2024-10-15 17:26:09,200][flwr][INFO] - fit progress: (83, 182.10883045196533, {'accuracy': 0.770891364902507}, 3363.847985156812)
[2024-10-15 17:26:09,200][flwr][INFO] - configure_evaluate: strategy sampled 2 clients (out of 50)
[2024-10-15 17:26:10,453][flwr][INFO] - aggregate_evaluate: received 2 results and 0 failures
[2024-10-15 17:26:10,454][flwr][INFO] - 
[2024-10-15 17:26:10,454][flwr][INFO] - [ROUND 84]
[2024-10-15 17:26:10,454][flwr][INFO] - configure_fit: strategy sampled 5 clients (out of 50)
[2024-10-15 17:26:36,732][flwr][INFO] - aggregate_fit: received 5 results and 0 failures
[2024-10-15 17:26:47,215][flwr][INFO] - fit progress: (84, 225.6362271308899, {'accuracy': 0.7559888579387186}, 3401.8627732973546)
[2024-10-15 17:26:47,215][flwr][INFO] - configure_evaluate: strategy sampled 2 clients (out of 50)
[2024-10-15 17:26:48,472][flwr][INFO] - aggregate_evaluate: received 2 results and 0 failures
[2024-10-15 17:26:48,472][flwr][INFO] - 
[2024-10-15 17:26:48,472][flwr][INFO] - [ROUND 85]
[2024-10-15 17:26:48,472][flwr][INFO] - configure_fit: strategy sampled 5 clients (out of 50)
[2024-10-15 17:27:21,276][flwr][INFO] - aggregate_fit: received 5 results and 0 failures
[2024-10-15 17:27:33,740][flwr][INFO] - fit progress: (85, 172.6529084444046, {'accuracy': 0.7739554317548747}, 3448.388244374655)
[2024-10-15 17:27:33,740][flwr][INFO] - configure_evaluate: strategy sampled 2 clients (out of 50)
[2024-10-15 17:27:34,813][flwr][INFO] - aggregate_evaluate: received 2 results and 0 failures
[2024-10-15 17:27:34,813][flwr][INFO] - 
[2024-10-15 17:27:34,813][flwr][INFO] - [ROUND 86]
[2024-10-15 17:27:34,813][flwr][INFO] - configure_fit: strategy sampled 5 clients (out of 50)
[2024-10-15 17:27:53,072][flwr][INFO] - aggregate_fit: received 5 results and 0 failures
[2024-10-15 17:28:03,895][flwr][INFO] - fit progress: (86, 199.89017662405968, {'accuracy': 0.6770194986072423}, 3478.543392180465)
[2024-10-15 17:28:03,896][flwr][INFO] - configure_evaluate: strategy sampled 2 clients (out of 50)
[2024-10-15 17:28:04,984][flwr][INFO] - aggregate_evaluate: received 2 results and 0 failures
[2024-10-15 17:28:04,985][flwr][INFO] - 
[2024-10-15 17:28:04,985][flwr][INFO] - [ROUND 87]
[2024-10-15 17:28:04,985][flwr][INFO] - configure_fit: strategy sampled 5 clients (out of 50)
[2024-10-15 17:28:30,261][flwr][INFO] - aggregate_fit: received 5 results and 0 failures
[2024-10-15 17:28:40,208][flwr][INFO] - fit progress: (87, 216.82752019166946, {'accuracy': 0.7247910863509749}, 3514.856170224026)
[2024-10-15 17:28:40,209][flwr][INFO] - configure_evaluate: strategy sampled 2 clients (out of 50)
[2024-10-15 17:28:41,379][flwr][INFO] - aggregate_evaluate: received 2 results and 0 failures
[2024-10-15 17:28:41,380][flwr][INFO] - 
[2024-10-15 17:28:41,380][flwr][INFO] - [ROUND 88]
[2024-10-15 17:28:41,380][flwr][INFO] - configure_fit: strategy sampled 5 clients (out of 50)
[2024-10-15 17:29:13,958][flwr][INFO] - aggregate_fit: received 5 results and 0 failures
[2024-10-15 17:29:26,064][flwr][INFO] - fit progress: (88, 240.00985705852509, {'accuracy': 0.667966573816156}, 3560.712317158468)
[2024-10-15 17:29:26,064][flwr][INFO] - configure_evaluate: strategy sampled 2 clients (out of 50)
[2024-10-15 17:29:27,332][flwr][INFO] - aggregate_evaluate: received 2 results and 0 failures
[2024-10-15 17:29:27,332][flwr][INFO] - 
[2024-10-15 17:29:27,332][flwr][INFO] - [ROUND 89]
[2024-10-15 17:29:27,332][flwr][INFO] - configure_fit: strategy sampled 5 clients (out of 50)
[2024-10-15 17:29:53,697][flwr][INFO] - aggregate_fit: received 5 results and 0 failures
[2024-10-15 17:30:05,101][flwr][INFO] - fit progress: (89, 227.07067263126373, {'accuracy': 0.7093314763231198}, 3599.749547800049)
[2024-10-15 17:30:05,102][flwr][INFO] - configure_evaluate: strategy sampled 2 clients (out of 50)
[2024-10-15 17:30:06,394][flwr][INFO] - aggregate_evaluate: received 2 results and 0 failures
[2024-10-15 17:30:06,394][flwr][INFO] - 
[2024-10-15 17:30:06,394][flwr][INFO] - [ROUND 90]
[2024-10-15 17:30:06,394][flwr][INFO] - configure_fit: strategy sampled 5 clients (out of 50)
[2024-10-15 17:30:29,403][flwr][INFO] - aggregate_fit: received 5 results and 0 failures
[2024-10-15 17:30:41,167][flwr][INFO] - fit progress: (90, 157.80839675664902, {'accuracy': 0.8064066852367688}, 3635.8153563151136)
[2024-10-15 17:30:41,168][flwr][INFO] - configure_evaluate: strategy sampled 2 clients (out of 50)
[2024-10-15 17:30:43,248][flwr][INFO] - aggregate_evaluate: received 2 results and 0 failures
[2024-10-15 17:30:43,248][flwr][INFO] - 
[2024-10-15 17:30:43,249][flwr][INFO] - [ROUND 91]
[2024-10-15 17:30:43,249][flwr][INFO] - configure_fit: strategy sampled 5 clients (out of 50)
[2024-10-15 17:31:10,164][flwr][INFO] - aggregate_fit: received 5 results and 0 failures
[2024-10-15 17:31:21,797][flwr][INFO] - fit progress: (91, 151.10763442516327, {'accuracy': 0.8116991643454039}, 3676.4451305530965)
[2024-10-15 17:31:21,797][flwr][INFO] - configure_evaluate: strategy sampled 2 clients (out of 50)
[2024-10-15 17:31:22,964][flwr][INFO] - aggregate_evaluate: received 2 results and 0 failures
[2024-10-15 17:31:22,964][flwr][INFO] - 
[2024-10-15 17:31:22,964][flwr][INFO] - [ROUND 92]
[2024-10-15 17:31:22,964][flwr][INFO] - configure_fit: strategy sampled 5 clients (out of 50)
[2024-10-15 17:31:53,509][flwr][INFO] - aggregate_fit: received 5 results and 0 failures
[2024-10-15 17:32:04,985][flwr][INFO] - fit progress: (92, 242.05829179286957, {'accuracy': 0.78008356545961}, 3719.632940397598)
[2024-10-15 17:32:04,985][flwr][INFO] - configure_evaluate: strategy sampled 2 clients (out of 50)
[2024-10-15 17:32:06,287][flwr][INFO] - aggregate_evaluate: received 2 results and 0 failures
[2024-10-15 17:32:06,287][flwr][INFO] - 
[2024-10-15 17:32:06,287][flwr][INFO] - [ROUND 93]
[2024-10-15 17:32:06,288][flwr][INFO] - configure_fit: strategy sampled 5 clients (out of 50)
[2024-10-15 17:32:41,988][flwr][INFO] - aggregate_fit: received 5 results and 0 failures
[2024-10-15 17:32:53,352][flwr][INFO] - fit progress: (93, 173.37092724442482, {'accuracy': 0.7654596100278551}, 3768.000650489703)
[2024-10-15 17:32:53,353][flwr][INFO] - configure_evaluate: strategy sampled 2 clients (out of 50)
[2024-10-15 17:32:54,601][flwr][INFO] - aggregate_evaluate: received 2 results and 0 failures
[2024-10-15 17:32:54,601][flwr][INFO] - 
[2024-10-15 17:32:54,601][flwr][INFO] - [ROUND 94]
[2024-10-15 17:32:54,602][flwr][INFO] - configure_fit: strategy sampled 5 clients (out of 50)
[2024-10-15 17:33:17,860][flwr][INFO] - aggregate_fit: received 5 results and 0 failures
[2024-10-15 17:33:29,198][flwr][INFO] - fit progress: (94, 132.60837544500828, {'accuracy': 0.7903899721448467}, 3803.8465105313808)
[2024-10-15 17:33:29,199][flwr][INFO] - configure_evaluate: strategy sampled 2 clients (out of 50)
[2024-10-15 17:33:30,283][flwr][INFO] - aggregate_evaluate: received 2 results and 0 failures
[2024-10-15 17:33:30,284][flwr][INFO] - 
[2024-10-15 17:33:30,284][flwr][INFO] - [ROUND 95]
[2024-10-15 17:33:30,284][flwr][INFO] - configure_fit: strategy sampled 5 clients (out of 50)
[2024-10-15 17:33:54,256][flwr][INFO] - aggregate_fit: received 5 results and 0 failures
[2024-10-15 17:34:05,496][flwr][INFO] - fit progress: (95, 219.10316437482834, {'accuracy': 0.7467966573816156}, 3840.144439351745)
[2024-10-15 17:34:05,497][flwr][INFO] - configure_evaluate: strategy sampled 2 clients (out of 50)
[2024-10-15 17:34:07,017][flwr][INFO] - aggregate_evaluate: received 2 results and 0 failures
[2024-10-15 17:34:07,018][flwr][INFO] - 
[2024-10-15 17:34:07,018][flwr][INFO] - [ROUND 96]
[2024-10-15 17:34:07,018][flwr][INFO] - configure_fit: strategy sampled 5 clients (out of 50)
[2024-10-15 17:34:32,644][flwr][INFO] - aggregate_fit: received 5 results and 0 failures
[2024-10-15 17:34:44,402][flwr][INFO] - fit progress: (96, 198.04319608211517, {'accuracy': 0.7746518105849582}, 3879.049956029281)
[2024-10-15 17:34:44,402][flwr][INFO] - configure_evaluate: strategy sampled 2 clients (out of 50)
[2024-10-15 17:34:45,876][flwr][INFO] - aggregate_evaluate: received 2 results and 0 failures
[2024-10-15 17:34:45,876][flwr][INFO] - 
[2024-10-15 17:34:45,876][flwr][INFO] - [ROUND 97]
[2024-10-15 17:34:45,876][flwr][INFO] - configure_fit: strategy sampled 5 clients (out of 50)
[2024-10-15 17:35:15,356][flwr][INFO] - aggregate_fit: received 5 results and 0 failures
[2024-10-15 17:35:26,165][flwr][INFO] - fit progress: (97, 166.75951087474823, {'accuracy': 0.7363509749303622}, 3920.8130449401215)
[2024-10-15 17:35:26,165][flwr][INFO] - configure_evaluate: strategy sampled 2 clients (out of 50)
[2024-10-15 17:35:27,261][flwr][INFO] - aggregate_evaluate: received 2 results and 0 failures
[2024-10-15 17:35:27,261][flwr][INFO] - 
[2024-10-15 17:35:27,261][flwr][INFO] - [ROUND 98]
[2024-10-15 17:35:27,261][flwr][INFO] - configure_fit: strategy sampled 5 clients (out of 50)
[2024-10-15 17:35:51,666][flwr][INFO] - aggregate_fit: received 5 results and 0 failures
[2024-10-15 17:36:03,835][flwr][INFO] - fit progress: (98, 187.02403455972672, {'accuracy': 0.7235376044568245}, 3958.482892414555)
[2024-10-15 17:36:03,835][flwr][INFO] - configure_evaluate: strategy sampled 2 clients (out of 50)
[2024-10-15 17:36:05,027][flwr][INFO] - aggregate_evaluate: received 2 results and 0 failures
[2024-10-15 17:36:05,027][flwr][INFO] - 
[2024-10-15 17:36:05,027][flwr][INFO] - [ROUND 99]
[2024-10-15 17:36:05,027][flwr][INFO] - configure_fit: strategy sampled 5 clients (out of 50)
[2024-10-15 17:36:36,450][flwr][INFO] - aggregate_fit: received 5 results and 0 failures
[2024-10-15 17:36:49,896][flwr][INFO] - fit progress: (99, 166.05341666936874, {'accuracy': 0.7657381615598886}, 4004.5437767757103)
[2024-10-15 17:36:49,896][flwr][INFO] - configure_evaluate: strategy sampled 2 clients (out of 50)
[2024-10-15 17:36:50,901][flwr][INFO] - aggregate_evaluate: received 2 results and 0 failures
[2024-10-15 17:36:50,901][flwr][INFO] - 
[2024-10-15 17:36:50,901][flwr][INFO] - [ROUND 100]
[2024-10-15 17:36:50,901][flwr][INFO] - configure_fit: strategy sampled 5 clients (out of 50)
[2024-10-15 17:37:18,403][flwr][INFO] - aggregate_fit: received 5 results and 0 failures
[2024-10-15 17:37:29,624][flwr][INFO] - fit progress: (100, 136.0565527677536, {'accuracy': 0.8064066852367688}, 4044.271940062754)
[2024-10-15 17:37:29,625][flwr][INFO] - configure_evaluate: strategy sampled 2 clients (out of 50)
[2024-10-15 17:37:31,261][flwr][INFO] - aggregate_evaluate: received 2 results and 0 failures
[2024-10-15 17:37:31,261][flwr][INFO] - 
[2024-10-15 17:37:31,261][flwr][INFO] - [SUMMARY]
[2024-10-15 17:37:31,261][flwr][INFO] - Run finished 100 round(s) in 4045.91s
[2024-10-15 17:37:31,265][flwr][INFO] - 	History (loss, distributed):
[2024-10-15 17:37:31,265][flwr][INFO] - 		round 1: 6.942962948612602
[2024-10-15 17:37:31,265][flwr][INFO] - 		round 2: 5.041517753811443
[2024-10-15 17:37:31,265][flwr][INFO] - 		round 3: 4.556919949417665
[2024-10-15 17:37:31,265][flwr][INFO] - 		round 4: 4.960309671815156
[2024-10-15 17:37:31,265][flwr][INFO] - 		round 5: 6.151301704613861
[2024-10-15 17:37:31,265][flwr][INFO] - 		round 6: 4.0762508392958114
[2024-10-15 17:37:31,265][flwr][INFO] - 		round 7: 2.616010312445752
[2024-10-15 17:37:31,266][flwr][INFO] - 		round 8: 4.077551501606583
[2024-10-15 17:37:31,266][flwr][INFO] - 		round 9: 3.7130493462242167
[2024-10-15 17:37:31,266][flwr][INFO] - 		round 10: 4.0956935835749
[2024-10-15 17:37:31,266][flwr][INFO] - 		round 11: 3.7152123998312367
[2024-10-15 17:37:31,266][flwr][INFO] - 		round 12: 4.737698294598647
[2024-10-15 17:37:31,266][flwr][INFO] - 		round 13: 1.8861810543167759
[2024-10-15 17:37:31,266][flwr][INFO] - 		round 14: 3.322020618657808
[2024-10-15 17:37:31,266][flwr][INFO] - 		round 15: 1.5482416045665741
[2024-10-15 17:37:31,266][flwr][INFO] - 		round 16: 2.969436745447655
[2024-10-15 17:37:31,266][flwr][INFO] - 		round 17: 3.4534035468168853
[2024-10-15 17:37:31,266][flwr][INFO] - 		round 18: 2.433145818191135
[2024-10-15 17:37:31,266][flwr][INFO] - 		round 19: 6.585236664140697
[2024-10-15 17:37:31,266][flwr][INFO] - 		round 20: 2.3463060508736153
[2024-10-15 17:37:31,266][flwr][INFO] - 		round 21: 3.5106817473321272
[2024-10-15 17:37:31,266][flwr][INFO] - 		round 22: 6.247330390235939
[2024-10-15 17:37:31,266][flwr][INFO] - 		round 23: 2.619188385569947
[2024-10-15 17:37:31,266][flwr][INFO] - 		round 24: 2.290508961971895
[2024-10-15 17:37:31,266][flwr][INFO] - 		round 25: 4.745792772235541
[2024-10-15 17:37:31,267][flwr][INFO] - 		round 26: 4.6522624960744565
[2024-10-15 17:37:31,267][flwr][INFO] - 		round 27: 2.4513682727984962
[2024-10-15 17:37:31,267][flwr][INFO] - 		round 28: 3.006373467063411
[2024-10-15 17:37:31,267][flwr][INFO] - 		round 29: 3.342426705576037
[2024-10-15 17:37:31,267][flwr][INFO] - 		round 30: 4.597927866114177
[2024-10-15 17:37:31,267][flwr][INFO] - 		round 31: 3.320362052059714
[2024-10-15 17:37:31,267][flwr][INFO] - 		round 32: 1.7463437582873091
[2024-10-15 17:37:31,267][flwr][INFO] - 		round 33: 4.383454447096967
[2024-10-15 17:37:31,267][flwr][INFO] - 		round 34: 3.4667364798295193
[2024-10-15 17:37:31,267][flwr][INFO] - 		round 35: 2.0647388951583476
[2024-10-15 17:37:31,267][flwr][INFO] - 		round 36: 2.569953690327349
[2024-10-15 17:37:31,267][flwr][INFO] - 		round 37: 3.851064249793476
[2024-10-15 17:37:31,267][flwr][INFO] - 		round 38: 3.258141362768972
[2024-10-15 17:37:31,267][flwr][INFO] - 		round 39: 3.004604309975744
[2024-10-15 17:37:31,267][flwr][INFO] - 		round 40: 2.7219768566243787
[2024-10-15 17:37:31,267][flwr][INFO] - 		round 41: 3.200572515014437
[2024-10-15 17:37:31,267][flwr][INFO] - 		round 42: 3.249364767378387
[2024-10-15 17:37:31,267][flwr][INFO] - 		round 43: 3.342892869977921
[2024-10-15 17:37:31,268][flwr][INFO] - 		round 44: 2.367834056340731
[2024-10-15 17:37:31,268][flwr][INFO] - 		round 45: 2.9429786208593947
[2024-10-15 17:37:31,268][flwr][INFO] - 		round 46: 2.4909682435568197
[2024-10-15 17:37:31,268][flwr][INFO] - 		round 47: 1.621107945135898
[2024-10-15 17:37:31,268][flwr][INFO] - 		round 48: 3.318297935360008
[2024-10-15 17:37:31,268][flwr][INFO] - 		round 49: 1.0347284190457688
[2024-10-15 17:37:31,268][flwr][INFO] - 		round 50: 2.6158863488508732
[2024-10-15 17:37:31,268][flwr][INFO] - 		round 51: 2.1698638067373532
[2024-10-15 17:37:31,268][flwr][INFO] - 		round 52: 2.8185379207134247
[2024-10-15 17:37:31,268][flwr][INFO] - 		round 53: 2.672255535336102
[2024-10-15 17:37:31,268][flwr][INFO] - 		round 54: 2.0845678477990823
[2024-10-15 17:37:31,268][flwr][INFO] - 		round 55: 4.51094694033913
[2024-10-15 17:37:31,268][flwr][INFO] - 		round 56: 2.9773048764780947
[2024-10-15 17:37:31,268][flwr][INFO] - 		round 57: 3.056521665304899
[2024-10-15 17:37:31,268][flwr][INFO] - 		round 58: 2.048068336750332
[2024-10-15 17:37:31,268][flwr][INFO] - 		round 59: 4.106482172124489
[2024-10-15 17:37:31,268][flwr][INFO] - 		round 60: 2.2110112179880557
[2024-10-15 17:37:31,268][flwr][INFO] - 		round 61: 3.1621733984431706
[2024-10-15 17:37:31,269][flwr][INFO] - 		round 62: 2.5656415413324485
[2024-10-15 17:37:31,269][flwr][INFO] - 		round 63: 4.3249078417612505
[2024-10-15 17:37:31,269][flwr][INFO] - 		round 64: 2.623546953043662
[2024-10-15 17:37:31,269][flwr][INFO] - 		round 65: 1.8935239863568458
[2024-10-15 17:37:31,269][flwr][INFO] - 		round 66: 2.4395982211846348
[2024-10-15 17:37:31,269][flwr][INFO] - 		round 67: 1.0727634408104587
[2024-10-15 17:37:31,269][flwr][INFO] - 		round 68: 3.0309299860520387
[2024-10-15 17:37:31,269][flwr][INFO] - 		round 69: 2.9138536833028876
[2024-10-15 17:37:31,269][flwr][INFO] - 		round 70: 3.4236689412734918
[2024-10-15 17:37:31,269][flwr][INFO] - 		round 71: 3.0579550871977936
[2024-10-15 17:37:31,269][flwr][INFO] - 		round 72: 3.3397327074233223
[2024-10-15 17:37:31,269][flwr][INFO] - 		round 73: 2.1036988856719803
[2024-10-15 17:37:31,269][flwr][INFO] - 		round 74: 3.1833545584976672
[2024-10-15 17:37:31,269][flwr][INFO] - 		round 75: 4.362300171118516
[2024-10-15 17:37:31,269][flwr][INFO] - 		round 76: 3.51803121662017
[2024-10-15 17:37:31,269][flwr][INFO] - 		round 77: 3.939489964467997
[2024-10-15 17:37:31,269][flwr][INFO] - 		round 78: 3.8590552726423883
[2024-10-15 17:37:31,269][flwr][INFO] - 		round 79: 4.223601701427767
[2024-10-15 17:37:31,270][flwr][INFO] - 		round 80: 2.1744032055528604
[2024-10-15 17:37:31,270][flwr][INFO] - 		round 81: 3.8522717276013885
[2024-10-15 17:37:31,270][flwr][INFO] - 		round 82: 1.4960354991142566
[2024-10-15 17:37:31,270][flwr][INFO] - 		round 83: 1.8442772993674645
[2024-10-15 17:37:31,270][flwr][INFO] - 		round 84: 3.043290959822165
[2024-10-15 17:37:31,270][flwr][INFO] - 		round 85: 1.6472414135932922
[2024-10-15 17:37:31,270][flwr][INFO] - 		round 86: 3.1440814906087065
[2024-10-15 17:37:31,270][flwr][INFO] - 		round 87: 2.6349498851154998
[2024-10-15 17:37:31,270][flwr][INFO] - 		round 88: 3.1992856001531758
[2024-10-15 17:37:31,270][flwr][INFO] - 		round 89: 2.8036123332769973
[2024-10-15 17:37:31,270][flwr][INFO] - 		round 90: 1.991410209090716
[2024-10-15 17:37:31,270][flwr][INFO] - 		round 91: 1.9316724086570185
[2024-10-15 17:37:31,270][flwr][INFO] - 		round 92: 3.323017762783839
[2024-10-15 17:37:31,270][flwr][INFO] - 		round 93: 1.5902674160686068
[2024-10-15 17:37:31,270][flwr][INFO] - 		round 94: 0.8589464546077781
[2024-10-15 17:37:31,270][flwr][INFO] - 		round 95: 4.10923307423464
[2024-10-15 17:37:31,270][flwr][INFO] - 		round 96: 3.2275299588734367
[2024-10-15 17:37:31,271][flwr][INFO] - 		round 97: 2.892225953248831
[2024-10-15 17:37:31,271][flwr][INFO] - 		round 98: 1.5216562350591023
[2024-10-15 17:37:31,271][flwr][INFO] - 		round 99: 1.8324575815519664
[2024-10-15 17:37:31,271][flwr][INFO] - 		round 100: 2.055863885750731
[2024-10-15 17:37:31,271][flwr][INFO] - 	History (loss, centralized):
[2024-10-15 17:37:31,271][flwr][INFO] - 		round 0: 507.5689489841461
[2024-10-15 17:37:31,271][flwr][INFO] - 		round 1: 449.39938259124756
[2024-10-15 17:37:31,271][flwr][INFO] - 		round 2: 399.0035732984543
[2024-10-15 17:37:31,271][flwr][INFO] - 		round 3: 347.459708571434
[2024-10-15 17:37:31,271][flwr][INFO] - 		round 4: 326.9088479280472
[2024-10-15 17:37:31,271][flwr][INFO] - 		round 5: 304.85826820135117
[2024-10-15 17:37:31,271][flwr][INFO] - 		round 6: 309.13637560606
[2024-10-15 17:37:31,271][flwr][INFO] - 		round 7: 285.95391273498535
[2024-10-15 17:37:31,271][flwr][INFO] - 		round 8: 299.3004085421562
[2024-10-15 17:37:31,271][flwr][INFO] - 		round 9: 255.8298316001892
[2024-10-15 17:37:31,271][flwr][INFO] - 		round 10: 285.44420850276947
[2024-10-15 17:37:31,271][flwr][INFO] - 		round 11: 242.86081022024155
[2024-10-15 17:37:31,271][flwr][INFO] - 		round 12: 223.94956430792809
[2024-10-15 17:37:31,271][flwr][INFO] - 		round 13: 205.08518770337105
[2024-10-15 17:37:31,272][flwr][INFO] - 		round 14: 186.5519637465477
[2024-10-15 17:37:31,272][flwr][INFO] - 		round 15: 202.70557391643524
[2024-10-15 17:37:31,272][flwr][INFO] - 		round 16: 182.18183106184006
[2024-10-15 17:37:31,272][flwr][INFO] - 		round 17: 214.70514595508575
[2024-10-15 17:37:31,272][flwr][INFO] - 		round 18: 247.88314133882523
[2024-10-15 17:37:31,272][flwr][INFO] - 		round 19: 263.71344685554504
[2024-10-15 17:37:31,272][flwr][INFO] - 		round 20: 235.25504690408707
[2024-10-15 17:37:31,272][flwr][INFO] - 		round 21: 272.3711806535721
[2024-10-15 17:37:31,272][flwr][INFO] - 		round 22: 318.65763461589813
[2024-10-15 17:37:31,272][flwr][INFO] - 		round 23: 264.89793825149536
[2024-10-15 17:37:31,272][flwr][INFO] - 		round 24: 225.46130174398422
[2024-10-15 17:37:31,272][flwr][INFO] - 		round 25: 194.14509642124176
[2024-10-15 17:37:31,272][flwr][INFO] - 		round 26: 336.4060229063034
[2024-10-15 17:37:31,272][flwr][INFO] - 		round 27: 194.28141921758652
[2024-10-15 17:37:31,272][flwr][INFO] - 		round 28: 171.83558210730553
[2024-10-15 17:37:31,272][flwr][INFO] - 		round 29: 262.073170542717
[2024-10-15 17:37:31,272][flwr][INFO] - 		round 30: 232.2954022884369
[2024-10-15 17:37:31,272][flwr][INFO] - 		round 31: 228.1160323023796
[2024-10-15 17:37:31,273][flwr][INFO] - 		round 32: 188.6105235517025
[2024-10-15 17:37:31,273][flwr][INFO] - 		round 33: 238.47567093372345
[2024-10-15 17:37:31,273][flwr][INFO] - 		round 34: 239.22082501649857
[2024-10-15 17:37:31,273][flwr][INFO] - 		round 35: 205.82040530443192
[2024-10-15 17:37:31,273][flwr][INFO] - 		round 36: 191.60968643426895
[2024-10-15 17:37:31,273][flwr][INFO] - 		round 37: 203.99979346990585
[2024-10-15 17:37:31,273][flwr][INFO] - 		round 38: 191.290365755558
[2024-10-15 17:37:31,273][flwr][INFO] - 		round 39: 204.93673753738403
[2024-10-15 17:37:31,273][flwr][INFO] - 		round 40: 165.07152017951012
[2024-10-15 17:37:31,273][flwr][INFO] - 		round 41: 175.4091019630432
[2024-10-15 17:37:31,273][flwr][INFO] - 		round 42: 186.63358056545258
[2024-10-15 17:37:31,273][flwr][INFO] - 		round 43: 233.5934494137764
[2024-10-15 17:37:31,273][flwr][INFO] - 		round 44: 165.03562906384468
[2024-10-15 17:37:31,273][flwr][INFO] - 		round 45: 246.33849036693573
[2024-10-15 17:37:31,273][flwr][INFO] - 		round 46: 194.85019898414612
[2024-10-15 17:37:31,273][flwr][INFO] - 		round 47: 154.80311995744705
[2024-10-15 17:37:31,273][flwr][INFO] - 		round 48: 246.45563405752182
[2024-10-15 17:37:31,274][flwr][INFO] - 		round 49: 148.82692450284958
[2024-10-15 17:37:31,274][flwr][INFO] - 		round 50: 165.74895459413528
[2024-10-15 17:37:31,274][flwr][INFO] - 		round 51: 190.5401314496994
[2024-10-15 17:37:31,274][flwr][INFO] - 		round 52: 197.90245056152344
[2024-10-15 17:37:31,274][flwr][INFO] - 		round 53: 184.88288182020187
[2024-10-15 17:37:31,274][flwr][INFO] - 		round 54: 139.17907291650772
[2024-10-15 17:37:31,274][flwr][INFO] - 		round 55: 351.44798600673676
[2024-10-15 17:37:31,274][flwr][INFO] - 		round 56: 136.12124893069267
[2024-10-15 17:37:31,274][flwr][INFO] - 		round 57: 146.24336457252502
[2024-10-15 17:37:31,274][flwr][INFO] - 		round 58: 138.10596522688866
[2024-10-15 17:37:31,274][flwr][INFO] - 		round 59: 291.54725754261017
[2024-10-15 17:37:31,274][flwr][INFO] - 		round 60: 216.62783360481262
[2024-10-15 17:37:31,274][flwr][INFO] - 		round 61: 222.49206644296646
[2024-10-15 17:37:31,274][flwr][INFO] - 		round 62: 185.09679320454597
[2024-10-15 17:37:31,274][flwr][INFO] - 		round 63: 284.0717206597328
[2024-10-15 17:37:31,274][flwr][INFO] - 		round 64: 185.20221143960953
[2024-10-15 17:37:31,274][flwr][INFO] - 		round 65: 168.60091742873192
[2024-10-15 17:37:31,274][flwr][INFO] - 		round 66: 151.57808217406273
[2024-10-15 17:37:31,275][flwr][INFO] - 		round 67: 130.26513162255287
[2024-10-15 17:37:31,275][flwr][INFO] - 		round 68: 152.36997616291046
[2024-10-15 17:37:31,275][flwr][INFO] - 		round 69: 206.09864372015
[2024-10-15 17:37:31,275][flwr][INFO] - 		round 70: 200.88055166602135
[2024-10-15 17:37:31,275][flwr][INFO] - 		round 71: 207.16608941555023
[2024-10-15 17:37:31,275][flwr][INFO] - 		round 72: 212.31876826286316
[2024-10-15 17:37:31,275][flwr][INFO] - 		round 73: 153.5613780617714
[2024-10-15 17:37:31,275][flwr][INFO] - 		round 74: 196.0195860862732
[2024-10-15 17:37:31,275][flwr][INFO] - 		round 75: 325.50213944911957
[2024-10-15 17:37:31,275][flwr][INFO] - 		round 76: 168.51959189772606
[2024-10-15 17:37:31,275][flwr][INFO] - 		round 77: 242.20168948173523
[2024-10-15 17:37:31,275][flwr][INFO] - 		round 78: 218.5722737312317
[2024-10-15 17:37:31,275][flwr][INFO] - 		round 79: 201.49582874774933
[2024-10-15 17:37:31,275][flwr][INFO] - 		round 80: 172.90074834227562
[2024-10-15 17:37:31,275][flwr][INFO] - 		round 81: 264.31110495328903
[2024-10-15 17:37:31,275][flwr][INFO] - 		round 82: 161.53368520736694
[2024-10-15 17:37:31,275][flwr][INFO] - 		round 83: 182.10883045196533
[2024-10-15 17:37:31,275][flwr][INFO] - 		round 84: 225.6362271308899
[2024-10-15 17:37:31,276][flwr][INFO] - 		round 85: 172.6529084444046
[2024-10-15 17:37:31,276][flwr][INFO] - 		round 86: 199.89017662405968
[2024-10-15 17:37:31,276][flwr][INFO] - 		round 87: 216.82752019166946
[2024-10-15 17:37:31,276][flwr][INFO] - 		round 88: 240.00985705852509
[2024-10-15 17:37:31,276][flwr][INFO] - 		round 89: 227.07067263126373
[2024-10-15 17:37:31,276][flwr][INFO] - 		round 90: 157.80839675664902
[2024-10-15 17:37:31,276][flwr][INFO] - 		round 91: 151.10763442516327
[2024-10-15 17:37:31,276][flwr][INFO] - 		round 92: 242.05829179286957
[2024-10-15 17:37:31,276][flwr][INFO] - 		round 93: 173.37092724442482
[2024-10-15 17:37:31,276][flwr][INFO] - 		round 94: 132.60837544500828
[2024-10-15 17:37:31,276][flwr][INFO] - 		round 95: 219.10316437482834
[2024-10-15 17:37:31,276][flwr][INFO] - 		round 96: 198.04319608211517
[2024-10-15 17:37:31,276][flwr][INFO] - 		round 97: 166.75951087474823
[2024-10-15 17:37:31,276][flwr][INFO] - 		round 98: 187.02403455972672
[2024-10-15 17:37:31,276][flwr][INFO] - 		round 99: 166.05341666936874
[2024-10-15 17:37:31,276][flwr][INFO] - 		round 100: 136.0565527677536
[2024-10-15 17:37:31,276][flwr][INFO] - 	History (metrics, distributed, evaluate):
[2024-10-15 17:37:31,276][flwr][INFO] - 	{'accuracy': [(1, 0.349862258953168),
[2024-10-15 17:37:31,277][flwr][INFO] - 	              (2, 0.4264705882352941),
[2024-10-15 17:37:31,277][flwr][INFO] - 	              (3, 0.6194225721784777),
[2024-10-15 17:37:31,277][flwr][INFO] - 	              (4, 0.4987405541561713),
[2024-10-15 17:37:31,277][flwr][INFO] - 	              (5, 0.4343675417661098),
[2024-10-15 17:37:31,277][flwr][INFO] - 	              (6, 0.5785340314136126),
[2024-10-15 17:37:31,277][flwr][INFO] - 	              (7, 0.825974025974026),
[2024-10-15 17:37:31,277][flwr][INFO] - 	              (8, 0.5565749235474006),
[2024-10-15 17:37:31,277][flwr][INFO] - 	              (9, 0.6640419947506562),
[2024-10-15 17:37:31,277][flwr][INFO] - 	              (10, 0.6465256797583081),
[2024-10-15 17:37:31,277][flwr][INFO] - 	              (11, 0.5977337110481586),
[2024-10-15 17:37:31,277][flwr][INFO] - 	              (12, 0.4444444444444444),
[2024-10-15 17:37:31,277][flwr][INFO] - 	              (13, 0.8028169014084507),
[2024-10-15 17:37:31,277][flwr][INFO] - 	              (14, 0.7054054054054054),
[2024-10-15 17:37:31,277][flwr][INFO] - 	              (15, 0.8914285714285715),
[2024-10-15 17:37:31,277][flwr][INFO] - 	              (16, 0.7479452054794521),
[2024-10-15 17:37:31,277][flwr][INFO] - 	              (17, 0.5734463276836158),
[2024-10-15 17:37:31,277][flwr][INFO] - 	              (18, 0.8108882521489972),
[2024-10-15 17:37:31,277][flwr][INFO] - 	              (19, 0.46153846153846156),
[2024-10-15 17:37:31,278][flwr][INFO] - 	              (20, 0.78125),
[2024-10-15 17:37:31,278][flwr][INFO] - 	              (21, 0.6331360946745562),
[2024-10-15 17:37:31,278][flwr][INFO] - 	              (22, 0.36272040302267),
[2024-10-15 17:37:31,278][flwr][INFO] - 	              (23, 0.8022922636103151),
[2024-10-15 17:37:31,278][flwr][INFO] - 	              (24, 0.7592592592592593),
[2024-10-15 17:37:31,278][flwr][INFO] - 	              (25, 0.5394088669950738),
[2024-10-15 17:37:31,278][flwr][INFO] - 	              (26, 0.6963350785340314),
[2024-10-15 17:37:31,278][flwr][INFO] - 	              (27, 0.7651933701657458),
[2024-10-15 17:37:31,278][flwr][INFO] - 	              (28, 0.7441860465116279),
[2024-10-15 17:37:31,278][flwr][INFO] - 	              (29, 0.7545219638242894),
[2024-10-15 17:37:31,278][flwr][INFO] - 	              (30, 0.5465994962216625),
[2024-10-15 17:37:31,278][flwr][INFO] - 	              (31, 0.6175637393767706),
[2024-10-15 17:37:31,278][flwr][INFO] - 	              (32, 0.8069620253164557),
[2024-10-15 17:37:31,278][flwr][INFO] - 	              (33, 0.5258358662613982),
[2024-10-15 17:37:31,278][flwr][INFO] - 	              (34, 0.7243589743589743),
[2024-10-15 17:37:31,278][flwr][INFO] - 	              (35, 0.8647798742138365),
[2024-10-15 17:37:31,278][flwr][INFO] - 	              (36, 0.7767857142857143),
[2024-10-15 17:37:31,278][flwr][INFO] - 	              (37, 0.5294117647058824),
[2024-10-15 17:37:31,279][flwr][INFO] - 	              (38, 0.6353276353276354),
[2024-10-15 17:37:31,279][flwr][INFO] - 	              (39, 0.7275449101796407),
[2024-10-15 17:37:31,279][flwr][INFO] - 	              (40, 0.6794117647058824),
[2024-10-15 17:37:31,279][flwr][INFO] - 	              (41, 0.6977329974811083),
[2024-10-15 17:37:31,279][flwr][INFO] - 	              (42, 0.7313019390581718),
[2024-10-15 17:37:31,279][flwr][INFO] - 	              (43, 0.7255520504731862),
[2024-10-15 17:37:31,279][flwr][INFO] - 	              (44, 0.72),
[2024-10-15 17:37:31,279][flwr][INFO] - 	              (45, 0.7451523545706371),
[2024-10-15 17:37:31,279][flwr][INFO] - 	              (46, 0.8422712933753943),
[2024-10-15 17:37:31,279][flwr][INFO] - 	              (47, 0.8416666666666667),
[2024-10-15 17:37:31,279][flwr][INFO] - 	              (48, 0.7361111111111112),
[2024-10-15 17:37:31,279][flwr][INFO] - 	              (49, 0.9051490514905149),
[2024-10-15 17:37:31,279][flwr][INFO] - 	              (50, 0.701530612244898),
[2024-10-15 17:37:31,279][flwr][INFO] - 	              (51, 0.8260869565217391),
[2024-10-15 17:37:31,279][flwr][INFO] - 	              (52, 0.7514792899408284),
[2024-10-15 17:37:31,279][flwr][INFO] - 	              (53, 0.7834224598930482),
[2024-10-15 17:37:31,279][flwr][INFO] - 	              (54, 0.7896174863387978),
[2024-10-15 17:37:31,279][flwr][INFO] - 	              (55, 0.6782608695652174),
[2024-10-15 17:37:31,280][flwr][INFO] - 	              (56, 0.6973684210526315),
[2024-10-15 17:37:31,280][flwr][INFO] - 	              (57, 0.6848958333333334),
[2024-10-15 17:37:31,280][flwr][INFO] - 	              (58, 0.8393351800554016),
[2024-10-15 17:37:31,280][flwr][INFO] - 	              (59, 0.5913978494623656),
[2024-10-15 17:37:31,280][flwr][INFO] - 	              (60, 0.863768115942029),
[2024-10-15 17:37:31,280][flwr][INFO] - 	              (61, 0.7267267267267268),
[2024-10-15 17:37:31,280][flwr][INFO] - 	              (62, 0.7329376854599406),
[2024-10-15 17:37:31,280][flwr][INFO] - 	              (63, 0.7878787878787878),
[2024-10-15 17:37:31,280][flwr][INFO] - 	              (64, 0.7768595041322314),
[2024-10-15 17:37:31,280][flwr][INFO] - 	              (65, 0.8347826086956521),
[2024-10-15 17:37:31,280][flwr][INFO] - 	              (66, 0.7507598784194529),
[2024-10-15 17:37:31,280][flwr][INFO] - 	              (67, 0.8985915492957747),
[2024-10-15 17:37:31,280][flwr][INFO] - 	              (68, 0.7203791469194313),
[2024-10-15 17:37:31,280][flwr][INFO] - 	              (69, 0.7197640117994101),
[2024-10-15 17:37:31,280][flwr][INFO] - 	              (70, 0.5739644970414202),
[2024-10-15 17:37:31,280][flwr][INFO] - 	              (71, 0.8162162162162162),
[2024-10-15 17:37:31,280][flwr][INFO] - 	              (72, 0.7352941176470589),
[2024-10-15 17:37:31,280][flwr][INFO] - 	              (73, 0.775623268698061),
[2024-10-15 17:37:31,281][flwr][INFO] - 	              (74, 0.7425),
[2024-10-15 17:37:31,281][flwr][INFO] - 	              (75, 0.6892307692307692),
[2024-10-15 17:37:31,281][flwr][INFO] - 	              (76, 0.6494845360824743),
[2024-10-15 17:37:31,281][flwr][INFO] - 	              (77, 0.6925207756232687),
[2024-10-15 17:37:31,281][flwr][INFO] - 	              (78, 0.7036144578313253),
[2024-10-15 17:37:31,281][flwr][INFO] - 	              (79, 0.5768261964735516),
[2024-10-15 17:37:31,281][flwr][INFO] - 	              (80, 0.7467362924281984),
[2024-10-15 17:37:31,281][flwr][INFO] - 	              (81, 0.7518796992481203),
[2024-10-15 17:37:31,281][flwr][INFO] - 	              (82, 0.8769230769230769),
[2024-10-15 17:37:31,281][flwr][INFO] - 	              (83, 0.8698224852071006),
[2024-10-15 17:37:31,281][flwr][INFO] - 	              (84, 0.7597597597597597),
[2024-10-15 17:37:31,281][flwr][INFO] - 	              (85, 0.8628048780487805),
[2024-10-15 17:37:31,281][flwr][INFO] - 	              (86, 0.646112600536193),
[2024-10-15 17:37:31,281][flwr][INFO] - 	              (87, 0.7723342939481268),
[2024-10-15 17:37:31,281][flwr][INFO] - 	              (88, 0.6135135135135135),
[2024-10-15 17:37:31,281][flwr][INFO] - 	              (89, 0.8105590062111802),
[2024-10-15 17:37:31,281][flwr][INFO] - 	              (90, 0.8579088471849866),
[2024-10-15 17:37:31,281][flwr][INFO] - 	              (91, 0.8284883720930233),
[2024-10-15 17:37:31,282][flwr][INFO] - 	              (92, 0.8698979591836735),
[2024-10-15 17:37:31,282][flwr][INFO] - 	              (93, 0.8693181818181818),
[2024-10-15 17:37:31,282][flwr][INFO] - 	              (94, 0.9166666666666666),
[2024-10-15 17:37:31,282][flwr][INFO] - 	              (95, 0.7055961070559611),
[2024-10-15 17:37:31,282][flwr][INFO] - 	              (96, 0.7678100263852242),
[2024-10-15 17:37:31,282][flwr][INFO] - 	              (97, 0.6483516483516484),
[2024-10-15 17:37:31,282][flwr][INFO] - 	              (98, 0.8888888888888888),
[2024-10-15 17:37:31,282][flwr][INFO] - 	              (99, 0.8419452887537994),
[2024-10-15 17:37:31,282][flwr][INFO] - 	              (100, 0.8337950138504155)]}
[2024-10-15 17:37:31,282][flwr][INFO] - 	History (metrics, centralized):
[2024-10-15 17:37:31,282][flwr][INFO] - 	{'accuracy': [(0, 0.08245125348189415),
[2024-10-15 17:37:31,282][flwr][INFO] - 	              (1, 0.21197771587743733),
[2024-10-15 17:37:31,282][flwr][INFO] - 	              (2, 0.41810584958217273),
[2024-10-15 17:37:31,282][flwr][INFO] - 	              (3, 0.4284122562674095),
[2024-10-15 17:37:31,282][flwr][INFO] - 	              (4, 0.4616991643454039),
[2024-10-15 17:37:31,282][flwr][INFO] - 	              (5, 0.5466573816155988),
[2024-10-15 17:37:31,282][flwr][INFO] - 	              (6, 0.4735376044568245),
[2024-10-15 17:37:31,282][flwr][INFO] - 	              (7, 0.5837047353760446),
[2024-10-15 17:37:31,283][flwr][INFO] - 	              (8, 0.6246518105849582),
[2024-10-15 17:37:31,283][flwr][INFO] - 	              (9, 0.6837047353760446),
[2024-10-15 17:37:31,283][flwr][INFO] - 	              (10, 0.6952646239554318),
[2024-10-15 17:37:31,283][flwr][INFO] - 	              (11, 0.6870473537604457),
[2024-10-15 17:37:31,283][flwr][INFO] - 	              (12, 0.6434540389972145),
[2024-10-15 17:37:31,283][flwr][INFO] - 	              (13, 0.6736768802228412),
[2024-10-15 17:37:31,283][flwr][INFO] - 	              (14, 0.7479108635097493),
[2024-10-15 17:37:31,283][flwr][INFO] - 	              (15, 0.7115598885793872),
[2024-10-15 17:37:31,283][flwr][INFO] - 	              (16, 0.7236768802228413),
[2024-10-15 17:37:31,283][flwr][INFO] - 	              (17, 0.6665738161559889),
[2024-10-15 17:37:31,283][flwr][INFO] - 	              (18, 0.6887186629526463),
[2024-10-15 17:37:31,283][flwr][INFO] - 	              (19, 0.6653203342618385),
[2024-10-15 17:37:31,283][flwr][INFO] - 	              (20, 0.7037604456824512),
[2024-10-15 17:37:31,283][flwr][INFO] - 	              (21, 0.6512534818941504),
[2024-10-15 17:37:31,283][flwr][INFO] - 	              (22, 0.5601671309192201),
[2024-10-15 17:37:31,283][flwr][INFO] - 	              (23, 0.6662952646239554),
[2024-10-15 17:37:31,283][flwr][INFO] - 	              (24, 0.6555710306406686),
[2024-10-15 17:37:31,283][flwr][INFO] - 	              (25, 0.7194986072423398),
[2024-10-15 17:37:31,284][flwr][INFO] - 	              (26, 0.6033426183844011),
[2024-10-15 17:37:31,284][flwr][INFO] - 	              (27, 0.7516713091922006),
[2024-10-15 17:37:31,284][flwr][INFO] - 	              (28, 0.7973537604456824),
[2024-10-15 17:37:31,284][flwr][INFO] - 	              (29, 0.6860724233983287),
[2024-10-15 17:37:31,284][flwr][INFO] - 	              (30, 0.7149025069637883),
[2024-10-15 17:37:31,284][flwr][INFO] - 	              (31, 0.6831476323119777),
[2024-10-15 17:37:31,284][flwr][INFO] - 	              (32, 0.7125348189415042),
[2024-10-15 17:37:31,284][flwr][INFO] - 	              (33, 0.6838440111420613),
[2024-10-15 17:37:31,284][flwr][INFO] - 	              (34, 0.7426183844011142),
[2024-10-15 17:37:31,284][flwr][INFO] - 	              (35, 0.727158774373259),
[2024-10-15 17:37:31,284][flwr][INFO] - 	              (36, 0.7639275766016713),
[2024-10-15 17:37:31,284][flwr][INFO] - 	              (37, 0.7579387186629526),
[2024-10-15 17:37:31,284][flwr][INFO] - 	              (38, 0.7683844011142061),
[2024-10-15 17:37:31,284][flwr][INFO] - 	              (39, 0.7887186629526463),
[2024-10-15 17:37:31,284][flwr][INFO] - 	              (40, 0.7870473537604457),
[2024-10-15 17:37:31,284][flwr][INFO] - 	              (41, 0.7525069637883008),
[2024-10-15 17:37:31,284][flwr][INFO] - 	              (42, 0.7901114206128134),
[2024-10-15 17:37:31,284][flwr][INFO] - 	              (43, 0.7623955431754874),
[2024-10-15 17:37:31,284][flwr][INFO] - 	              (44, 0.8182451253481894),
[2024-10-15 17:37:31,285][flwr][INFO] - 	              (45, 0.7469359331476323),
[2024-10-15 17:37:31,285][flwr][INFO] - 	              (46, 0.7866295264623956),
[2024-10-15 17:37:31,285][flwr][INFO] - 	              (47, 0.7610027855153203),
[2024-10-15 17:37:31,285][flwr][INFO] - 	              (48, 0.7527855153203342),
[2024-10-15 17:37:31,285][flwr][INFO] - 	              (49, 0.7749303621169916),
[2024-10-15 17:37:31,285][flwr][INFO] - 	              (50, 0.7848189415041783),
[2024-10-15 17:37:31,285][flwr][INFO] - 	              (51, 0.7533426183844011),
[2024-10-15 17:37:31,285][flwr][INFO] - 	              (52, 0.7681058495821727),
[2024-10-15 17:37:31,285][flwr][INFO] - 	              (53, 0.8118384401114206),
[2024-10-15 17:37:31,285][flwr][INFO] - 	              (54, 0.8306406685236769),
[2024-10-15 17:37:31,285][flwr][INFO] - 	              (55, 0.6232590529247911),
[2024-10-15 17:37:31,285][flwr][INFO] - 	              (56, 0.7954038997214484),
[2024-10-15 17:37:31,285][flwr][INFO] - 	              (57, 0.7862116991643454),
[2024-10-15 17:37:31,285][flwr][INFO] - 	              (58, 0.8083565459610028),
[2024-10-15 17:37:31,285][flwr][INFO] - 	              (59, 0.6422005571030641),
[2024-10-15 17:37:31,285][flwr][INFO] - 	              (60, 0.7694986072423399),
[2024-10-15 17:37:31,285][flwr][INFO] - 	              (61, 0.7540389972144846),
[2024-10-15 17:37:31,285][flwr][INFO] - 	              (62, 0.7143454038997215),
[2024-10-15 17:37:31,286][flwr][INFO] - 	              (63, 0.7360724233983287),
[2024-10-15 17:37:31,286][flwr][INFO] - 	              (64, 0.7657381615598886),
[2024-10-15 17:37:31,286][flwr][INFO] - 	              (65, 0.8196378830083565),
[2024-10-15 17:37:31,286][flwr][INFO] - 	              (66, 0.8149025069637883),
[2024-10-15 17:37:31,286][flwr][INFO] - 	              (67, 0.8178272980501393),
[2024-10-15 17:37:31,286][flwr][INFO] - 	              (68, 0.8020891364902507),
[2024-10-15 17:37:31,286][flwr][INFO] - 	              (69, 0.7615598885793872),
[2024-10-15 17:37:31,286][flwr][INFO] - 	              (70, 0.7190807799442896),
[2024-10-15 17:37:31,286][flwr][INFO] - 	              (71, 0.7675487465181059),
[2024-10-15 17:37:31,286][flwr][INFO] - 	              (72, 0.7537604456824513),
[2024-10-15 17:37:31,286][flwr][INFO] - 	              (73, 0.783008356545961),
[2024-10-15 17:37:31,286][flwr][INFO] - 	              (74, 0.770891364902507),
[2024-10-15 17:37:31,286][flwr][INFO] - 	              (75, 0.6935933147632312),
[2024-10-15 17:37:31,286][flwr][INFO] - 	              (76, 0.801949860724234),
[2024-10-15 17:37:31,286][flwr][INFO] - 	              (77, 0.7596100278551532),
[2024-10-15 17:37:31,286][flwr][INFO] - 	              (78, 0.7586350974930363),
[2024-10-15 17:37:31,286][flwr][INFO] - 	              (79, 0.7718662952646239),
[2024-10-15 17:37:31,286][flwr][INFO] - 	              (80, 0.7299442896935933),
[2024-10-15 17:37:31,286][flwr][INFO] - 	              (81, 0.7188022284122563),
[2024-10-15 17:37:31,287][flwr][INFO] - 	              (82, 0.7952646239554317),
[2024-10-15 17:37:31,287][flwr][INFO] - 	              (83, 0.770891364902507),
[2024-10-15 17:37:31,287][flwr][INFO] - 	              (84, 0.7559888579387186),
[2024-10-15 17:37:31,287][flwr][INFO] - 	              (85, 0.7739554317548747),
[2024-10-15 17:37:31,287][flwr][INFO] - 	              (86, 0.6770194986072423),
[2024-10-15 17:37:31,287][flwr][INFO] - 	              (87, 0.7247910863509749),
[2024-10-15 17:37:31,287][flwr][INFO] - 	              (88, 0.667966573816156),
[2024-10-15 17:37:31,287][flwr][INFO] - 	              (89, 0.7093314763231198),
[2024-10-15 17:37:31,287][flwr][INFO] - 	              (90, 0.8064066852367688),
[2024-10-15 17:37:31,287][flwr][INFO] - 	              (91, 0.8116991643454039),
[2024-10-15 17:37:31,287][flwr][INFO] - 	              (92, 0.78008356545961),
[2024-10-15 17:37:31,287][flwr][INFO] - 	              (93, 0.7654596100278551),
[2024-10-15 17:37:31,287][flwr][INFO] - 	              (94, 0.7903899721448467),
[2024-10-15 17:37:31,287][flwr][INFO] - 	              (95, 0.7467966573816156),
[2024-10-15 17:37:31,287][flwr][INFO] - 	              (96, 0.7746518105849582),
[2024-10-15 17:37:31,287][flwr][INFO] - 	              (97, 0.7363509749303622),
[2024-10-15 17:37:31,287][flwr][INFO] - 	              (98, 0.7235376044568245),
[2024-10-15 17:37:31,287][flwr][INFO] - 	              (99, 0.7657381615598886),
[2024-10-15 17:37:31,287][flwr][INFO] - 	              (100, 0.8064066852367688)]}
[2024-10-15 17:37:31,288][flwr][INFO] - 
