[2024-10-01 11:47:57,417][flwr][INFO] - Starting Flower simulation, config: num_rounds=100, no round_timeout
[2024-10-01 11:48:00,517][flwr][INFO] - Flower VCE: Ray initialized with resources: {'memory': 157887344845.0, 'CPU': 256.0, 'node:115.145.172.224': 1.0, 'object_store_memory': 71951719219.0, 'accelerator_type:G': 1.0, 'GPU': 1.0, 'node:__internal_head__': 1.0}
[2024-10-01 11:48:00,517][flwr][INFO] - Optimize your simulation with Flower VCE: https://flower.ai/docs/framework/how-to-run-simulations.html
[2024-10-01 11:48:00,517][flwr][INFO] - Flower VCE: Resources for each Virtual Client: {'num_cpus': 128, 'num_gpus': 0.125}
[2024-10-01 11:48:00,529][flwr][INFO] - Flower VCE: Creating VirtualClientEngineActorPool with 2 actors
[2024-10-01 11:48:00,529][flwr][INFO] - [INIT]
[2024-10-01 11:48:00,530][flwr][INFO] - Requesting initial parameters from one random client
[2024-10-01 11:48:06,036][flwr][INFO] - Received initial parameters from one random client
[2024-10-01 11:48:06,036][flwr][INFO] - Evaluating initial global parameters
[2024-10-01 11:48:25,863][flwr][INFO] - initial parameters (loss, other metrics): 505.41580986976624, {'accuracy': 0.1520891364902507}
[2024-10-01 11:48:25,864][flwr][INFO] - 
[2024-10-01 11:48:25,864][flwr][INFO] - [ROUND 1]
[2024-10-01 11:48:25,864][flwr][INFO] - configure_fit: strategy sampled 5 clients (out of 50)
[2024-10-01 11:50:07,446][flwr][INFO] - aggregate_fit: received 5 results and 0 failures
[2024-10-01 11:50:08,245][flwr][WARNING] - No fit_metrics_aggregation_fn provided
[2024-10-01 11:50:26,989][flwr][INFO] - fit progress: (1, 464.4475347995758, {'accuracy': 0.20027855153203342}, 121.124644711148)
[2024-10-01 11:50:26,989][flwr][INFO] - configure_evaluate: strategy sampled 2 clients (out of 50)
[2024-10-01 11:50:30,118][flwr][INFO] - aggregate_evaluate: received 2 results and 0 failures
[2024-10-01 11:50:30,118][flwr][INFO] - 
[2024-10-01 11:50:30,118][flwr][INFO] - [ROUND 2]
[2024-10-01 11:50:30,118][flwr][INFO] - configure_fit: strategy sampled 5 clients (out of 50)
[2024-10-01 11:51:27,492][flwr][INFO] - aggregate_fit: received 5 results and 0 failures
[2024-10-01 11:51:45,323][flwr][INFO] - fit progress: (2, 472.46404016017914, {'accuracy': 0.11894150417827298}, 199.45867168484256)
[2024-10-01 11:51:45,323][flwr][INFO] - configure_evaluate: strategy sampled 2 clients (out of 50)
[2024-10-01 11:51:47,612][flwr][INFO] - aggregate_evaluate: received 2 results and 0 failures
[2024-10-01 11:51:47,613][flwr][INFO] - 
[2024-10-01 11:51:47,613][flwr][INFO] - [ROUND 3]
[2024-10-01 11:51:47,613][flwr][INFO] - configure_fit: strategy sampled 5 clients (out of 50)
[2024-10-01 11:53:05,916][flwr][INFO] - aggregate_fit: received 5 results and 0 failures
[2024-10-01 11:53:23,833][flwr][INFO] - fit progress: (3, 435.78537130355835, {'accuracy': 0.26977715877437325}, 297.968753837049)
[2024-10-01 11:53:23,833][flwr][INFO] - configure_evaluate: strategy sampled 2 clients (out of 50)
[2024-10-01 11:53:26,752][flwr][INFO] - aggregate_evaluate: received 2 results and 0 failures
[2024-10-01 11:53:26,752][flwr][INFO] - 
[2024-10-01 11:53:26,752][flwr][INFO] - [ROUND 4]
[2024-10-01 11:53:26,753][flwr][INFO] - configure_fit: strategy sampled 5 clients (out of 50)
[2024-10-01 11:54:49,148][flwr][INFO] - aggregate_fit: received 5 results and 0 failures
[2024-10-01 11:55:06,815][flwr][INFO] - fit progress: (4, 334.2737807035446, {'accuracy': 0.46114206128133706}, 400.95133396517485)
[2024-10-01 11:55:06,816][flwr][INFO] - configure_evaluate: strategy sampled 2 clients (out of 50)
[2024-10-01 11:55:09,334][flwr][INFO] - aggregate_evaluate: received 2 results and 0 failures
[2024-10-01 11:55:09,334][flwr][INFO] - 
[2024-10-01 11:55:09,335][flwr][INFO] - [ROUND 5]
[2024-10-01 11:55:09,335][flwr][INFO] - configure_fit: strategy sampled 5 clients (out of 50)
[2024-10-01 11:56:34,958][flwr][INFO] - aggregate_fit: received 5 results and 0 failures
[2024-10-01 11:56:52,430][flwr][INFO] - fit progress: (5, 328.4758287668228, {'accuracy': 0.4522284122562674}, 506.5659061842598)
[2024-10-01 11:56:52,430][flwr][INFO] - configure_evaluate: strategy sampled 2 clients (out of 50)
[2024-10-01 11:56:56,285][flwr][INFO] - aggregate_evaluate: received 2 results and 0 failures
[2024-10-01 11:56:56,285][flwr][INFO] - 
[2024-10-01 11:56:56,285][flwr][INFO] - [ROUND 6]
[2024-10-01 11:56:56,286][flwr][INFO] - configure_fit: strategy sampled 5 clients (out of 50)
[2024-10-01 11:58:18,347][flwr][INFO] - aggregate_fit: received 5 results and 0 failures
[2024-10-01 11:58:36,437][flwr][INFO] - fit progress: (6, 302.57075864076614, {'accuracy': 0.5625348189415041}, 610.5732076331042)
[2024-10-01 11:58:36,438][flwr][INFO] - configure_evaluate: strategy sampled 2 clients (out of 50)
[2024-10-01 11:58:38,123][flwr][INFO] - aggregate_evaluate: received 2 results and 0 failures
[2024-10-01 11:58:38,124][flwr][INFO] - 
[2024-10-01 11:58:38,125][flwr][INFO] - [ROUND 7]
[2024-10-01 11:58:38,125][flwr][INFO] - configure_fit: strategy sampled 5 clients (out of 50)
[2024-10-01 11:59:07,723][flwr][INFO] - aggregate_fit: received 5 results and 0 failures
[2024-10-01 11:59:24,210][flwr][INFO] - fit progress: (7, 533.8309692144394, {'accuracy': 0.5011142061281337}, 658.34599259682)
[2024-10-01 11:59:24,210][flwr][INFO] - configure_evaluate: strategy sampled 2 clients (out of 50)
[2024-10-01 11:59:26,682][flwr][INFO] - aggregate_evaluate: received 2 results and 0 failures
[2024-10-01 11:59:26,682][flwr][INFO] - 
[2024-10-01 11:59:26,682][flwr][INFO] - [ROUND 8]
[2024-10-01 11:59:26,682][flwr][INFO] - configure_fit: strategy sampled 5 clients (out of 50)
[2024-10-01 12:00:23,526][flwr][INFO] - aggregate_fit: received 5 results and 0 failures
[2024-10-01 12:00:40,033][flwr][INFO] - fit progress: (8, 367.64068591594696, {'accuracy': 0.4759052924791086}, 734.1689639571123)
[2024-10-01 12:00:40,033][flwr][INFO] - configure_evaluate: strategy sampled 2 clients (out of 50)
[2024-10-01 12:00:43,026][flwr][INFO] - aggregate_evaluate: received 2 results and 0 failures
[2024-10-01 12:00:43,026][flwr][INFO] - 
[2024-10-01 12:00:43,026][flwr][INFO] - [ROUND 9]
[2024-10-01 12:00:43,027][flwr][INFO] - configure_fit: strategy sampled 5 clients (out of 50)
[2024-10-01 12:02:20,496][flwr][INFO] - aggregate_fit: received 5 results and 0 failures
[2024-10-01 12:02:37,199][flwr][INFO] - fit progress: (9, 208.94028341770172, {'accuracy': 0.6883008356545961}, 851.3346876241267)
[2024-10-01 12:02:37,199][flwr][INFO] - configure_evaluate: strategy sampled 2 clients (out of 50)
[2024-10-01 12:02:39,395][flwr][INFO] - aggregate_evaluate: received 2 results and 0 failures
[2024-10-01 12:02:39,396][flwr][INFO] - 
[2024-10-01 12:02:39,396][flwr][INFO] - [ROUND 10]
[2024-10-01 12:02:39,396][flwr][INFO] - configure_fit: strategy sampled 5 clients (out of 50)
[2024-10-01 12:03:50,159][flwr][INFO] - aggregate_fit: received 5 results and 0 failures
[2024-10-01 12:04:06,844][flwr][INFO] - fit progress: (10, 182.3126329779625, {'accuracy': 0.6676880222841226}, 940.9797106049955)
[2024-10-01 12:04:06,844][flwr][INFO] - configure_evaluate: strategy sampled 2 clients (out of 50)
[2024-10-01 12:04:08,581][flwr][INFO] - aggregate_evaluate: received 2 results and 0 failures
[2024-10-01 12:04:08,582][flwr][INFO] - 
[2024-10-01 12:04:08,582][flwr][INFO] - [ROUND 11]
[2024-10-01 12:04:08,583][flwr][INFO] - configure_fit: strategy sampled 5 clients (out of 50)
[2024-10-01 12:05:21,219][flwr][INFO] - aggregate_fit: received 5 results and 0 failures
[2024-10-01 12:05:37,962][flwr][INFO] - fit progress: (11, 275.90288627147675, {'accuracy': 0.47604456824512537}, 1032.0979711408727)
[2024-10-01 12:05:37,962][flwr][INFO] - configure_evaluate: strategy sampled 2 clients (out of 50)
[2024-10-01 12:05:39,898][flwr][INFO] - aggregate_evaluate: received 2 results and 0 failures
[2024-10-01 12:05:39,898][flwr][INFO] - 
[2024-10-01 12:05:39,899][flwr][INFO] - [ROUND 12]
[2024-10-01 12:05:39,899][flwr][INFO] - configure_fit: strategy sampled 5 clients (out of 50)
[2024-10-01 12:06:29,587][flwr][INFO] - aggregate_fit: received 5 results and 0 failures
[2024-10-01 12:06:46,702][flwr][INFO] - fit progress: (12, 232.70817759633064, {'accuracy': 0.683983286908078}, 1100.8383232578635)
[2024-10-01 12:06:46,703][flwr][INFO] - configure_evaluate: strategy sampled 2 clients (out of 50)
[2024-10-01 12:06:48,808][flwr][INFO] - aggregate_evaluate: received 2 results and 0 failures
[2024-10-01 12:06:48,809][flwr][INFO] - 
[2024-10-01 12:06:48,809][flwr][INFO] - [ROUND 13]
[2024-10-01 12:06:48,809][flwr][INFO] - configure_fit: strategy sampled 5 clients (out of 50)
[2024-10-01 12:08:19,128][flwr][INFO] - aggregate_fit: received 5 results and 0 failures
[2024-10-01 12:08:35,649][flwr][INFO] - fit progress: (13, 213.00406646728516, {'accuracy': 0.7034818941504178}, 1209.7853015270084)
[2024-10-01 12:08:35,650][flwr][INFO] - configure_evaluate: strategy sampled 2 clients (out of 50)
[2024-10-01 12:08:37,726][flwr][INFO] - aggregate_evaluate: received 2 results and 0 failures
[2024-10-01 12:08:37,727][flwr][INFO] - 
[2024-10-01 12:08:37,727][flwr][INFO] - [ROUND 14]
[2024-10-01 12:08:37,727][flwr][INFO] - configure_fit: strategy sampled 5 clients (out of 50)
[2024-10-01 12:10:05,673][flwr][INFO] - aggregate_fit: received 5 results and 0 failures
[2024-10-01 12:10:22,049][flwr][INFO] - fit progress: (14, 250.78885453939438, {'accuracy': 0.643175487465181}, 1316.1854960480705)
[2024-10-01 12:10:22,050][flwr][INFO] - configure_evaluate: strategy sampled 2 clients (out of 50)
[2024-10-01 12:10:24,442][flwr][INFO] - aggregate_evaluate: received 2 results and 0 failures
[2024-10-01 12:10:24,442][flwr][INFO] - 
[2024-10-01 12:10:24,442][flwr][INFO] - [ROUND 15]
[2024-10-01 12:10:24,442][flwr][INFO] - configure_fit: strategy sampled 5 clients (out of 50)
[2024-10-01 12:12:00,412][flwr][INFO] - aggregate_fit: received 5 results and 0 failures
[2024-10-01 12:12:18,776][flwr][INFO] - fit progress: (15, 242.87433177232742, {'accuracy': 0.5596100278551532}, 1432.9118698821403)
[2024-10-01 12:12:18,776][flwr][INFO] - configure_evaluate: strategy sampled 2 clients (out of 50)
[2024-10-01 12:12:21,406][flwr][INFO] - aggregate_evaluate: received 2 results and 0 failures
[2024-10-01 12:12:21,406][flwr][INFO] - 
[2024-10-01 12:12:21,406][flwr][INFO] - [ROUND 16]
[2024-10-01 12:12:21,407][flwr][INFO] - configure_fit: strategy sampled 5 clients (out of 50)
[2024-10-01 12:13:47,160][flwr][INFO] - aggregate_fit: received 5 results and 0 failures
[2024-10-01 12:14:05,459][flwr][INFO] - fit progress: (16, 167.20748409628868, {'accuracy': 0.7133704735376044}, 1539.5953510692343)
[2024-10-01 12:14:05,460][flwr][INFO] - configure_evaluate: strategy sampled 2 clients (out of 50)
[2024-10-01 12:14:07,812][flwr][INFO] - aggregate_evaluate: received 2 results and 0 failures
[2024-10-01 12:14:07,812][flwr][INFO] - 
[2024-10-01 12:14:07,812][flwr][INFO] - [ROUND 17]
[2024-10-01 12:14:07,812][flwr][INFO] - configure_fit: strategy sampled 5 clients (out of 50)
[2024-10-01 12:15:35,576][flwr][INFO] - aggregate_fit: received 5 results and 0 failures
[2024-10-01 12:15:51,905][flwr][INFO] - fit progress: (17, 218.8689839541912, {'accuracy': 0.6452646239554317}, 1646.0409438638017)
[2024-10-01 12:15:51,905][flwr][INFO] - configure_evaluate: strategy sampled 2 clients (out of 50)
[2024-10-01 12:15:53,924][flwr][INFO] - aggregate_evaluate: received 2 results and 0 failures
[2024-10-01 12:15:53,924][flwr][INFO] - 
[2024-10-01 12:15:53,925][flwr][INFO] - [ROUND 18]
[2024-10-01 12:15:53,925][flwr][INFO] - configure_fit: strategy sampled 5 clients (out of 50)
[2024-10-01 12:16:35,445][flwr][INFO] - aggregate_fit: received 5 results and 0 failures
[2024-10-01 12:16:51,854][flwr][INFO] - fit progress: (18, 244.74691516160965, {'accuracy': 0.5693593314763231}, 1705.9898876212537)
[2024-10-01 12:16:51,854][flwr][INFO] - configure_evaluate: strategy sampled 2 clients (out of 50)
[2024-10-01 12:16:53,848][flwr][INFO] - aggregate_evaluate: received 2 results and 0 failures
[2024-10-01 12:16:53,848][flwr][INFO] - 
[2024-10-01 12:16:53,848][flwr][INFO] - [ROUND 19]
[2024-10-01 12:16:53,848][flwr][INFO] - configure_fit: strategy sampled 5 clients (out of 50)
[2024-10-01 12:17:41,760][flwr][INFO] - aggregate_fit: received 5 results and 0 failures
[2024-10-01 12:17:58,458][flwr][INFO] - fit progress: (19, 242.48419430851936, {'accuracy': 0.670891364902507}, 1772.5940950680524)
[2024-10-01 12:17:58,459][flwr][INFO] - configure_evaluate: strategy sampled 2 clients (out of 50)
[2024-10-01 12:18:00,201][flwr][INFO] - aggregate_evaluate: received 2 results and 0 failures
[2024-10-01 12:18:00,201][flwr][INFO] - 
[2024-10-01 12:18:00,201][flwr][INFO] - [ROUND 20]
[2024-10-01 12:18:00,201][flwr][INFO] - configure_fit: strategy sampled 5 clients (out of 50)
[2024-10-01 12:19:27,880][flwr][INFO] - aggregate_fit: received 5 results and 0 failures
[2024-10-01 12:19:44,446][flwr][INFO] - fit progress: (20, 244.17880782485008, {'accuracy': 0.6267409470752089}, 1878.5817195721902)
[2024-10-01 12:19:44,446][flwr][INFO] - configure_evaluate: strategy sampled 2 clients (out of 50)
[2024-10-01 12:19:46,429][flwr][INFO] - aggregate_evaluate: received 2 results and 0 failures
[2024-10-01 12:19:46,429][flwr][INFO] - 
[2024-10-01 12:19:46,429][flwr][INFO] - [ROUND 21]
[2024-10-01 12:19:46,429][flwr][INFO] - configure_fit: strategy sampled 5 clients (out of 50)
[2024-10-01 12:20:36,292][flwr][INFO] - aggregate_fit: received 5 results and 0 failures
[2024-10-01 12:20:52,846][flwr][INFO] - fit progress: (21, 252.24737858772278, {'accuracy': 0.563091922005571}, 1946.9822348318994)
[2024-10-01 12:20:52,847][flwr][INFO] - configure_evaluate: strategy sampled 2 clients (out of 50)
[2024-10-01 12:20:55,208][flwr][INFO] - aggregate_evaluate: received 2 results and 0 failures
[2024-10-01 12:20:55,208][flwr][INFO] - 
[2024-10-01 12:20:55,209][flwr][INFO] - [ROUND 22]
[2024-10-01 12:20:55,209][flwr][INFO] - configure_fit: strategy sampled 5 clients (out of 50)
[2024-10-01 12:23:06,092][flwr][INFO] - aggregate_fit: received 5 results and 0 failures
[2024-10-01 12:23:22,658][flwr][INFO] - fit progress: (22, 252.39554208517075, {'accuracy': 0.5401114206128134}, 2096.7943571461365)
[2024-10-01 12:23:22,659][flwr][INFO] - configure_evaluate: strategy sampled 2 clients (out of 50)
[2024-10-01 12:23:25,359][flwr][INFO] - aggregate_evaluate: received 2 results and 0 failures
[2024-10-01 12:23:25,360][flwr][INFO] - 
[2024-10-01 12:23:25,360][flwr][INFO] - [ROUND 23]
[2024-10-01 12:23:25,360][flwr][INFO] - configure_fit: strategy sampled 5 clients (out of 50)
[2024-10-01 12:25:31,123][flwr][INFO] - aggregate_fit: received 5 results and 0 failures
[2024-10-01 12:25:49,061][flwr][INFO] - fit progress: (23, 196.43208354711533, {'accuracy': 0.6998607242339833}, 2243.1969525390305)
[2024-10-01 12:25:49,061][flwr][INFO] - configure_evaluate: strategy sampled 2 clients (out of 50)
[2024-10-01 12:25:51,071][flwr][INFO] - aggregate_evaluate: received 2 results and 0 failures
[2024-10-01 12:25:51,072][flwr][INFO] - 
[2024-10-01 12:25:51,072][flwr][INFO] - [ROUND 24]
[2024-10-01 12:25:51,072][flwr][INFO] - configure_fit: strategy sampled 5 clients (out of 50)
[2024-10-01 12:26:40,600][flwr][INFO] - aggregate_fit: received 5 results and 0 failures
[2024-10-01 12:26:58,977][flwr][INFO] - fit progress: (24, 157.61577519774437, {'accuracy': 0.7479108635097493}, 2313.1126921791583)
[2024-10-01 12:26:58,977][flwr][INFO] - configure_evaluate: strategy sampled 2 clients (out of 50)
[2024-10-01 12:27:01,480][flwr][INFO] - aggregate_evaluate: received 2 results and 0 failures
[2024-10-01 12:27:01,481][flwr][INFO] - 
[2024-10-01 12:27:01,481][flwr][INFO] - [ROUND 25]
[2024-10-01 12:27:01,481][flwr][INFO] - configure_fit: strategy sampled 5 clients (out of 50)
[2024-10-01 12:28:34,062][flwr][INFO] - aggregate_fit: received 5 results and 0 failures
[2024-10-01 12:28:52,434][flwr][INFO] - fit progress: (25, 134.98279836773872, {'accuracy': 0.7767409470752089}, 2426.5705562862568)
[2024-10-01 12:28:52,435][flwr][INFO] - configure_evaluate: strategy sampled 2 clients (out of 50)
[2024-10-01 12:28:55,206][flwr][INFO] - aggregate_evaluate: received 2 results and 0 failures
[2024-10-01 12:28:55,207][flwr][INFO] - 
[2024-10-01 12:28:55,207][flwr][INFO] - [ROUND 26]
[2024-10-01 12:28:55,207][flwr][INFO] - configure_fit: strategy sampled 5 clients (out of 50)
[2024-10-01 12:29:38,035][flwr][INFO] - aggregate_fit: received 5 results and 0 failures
[2024-10-01 12:29:56,141][flwr][INFO] - fit progress: (26, 162.8006223142147, {'accuracy': 0.799025069637883}, 2490.2769212368876)
[2024-10-01 12:29:56,141][flwr][INFO] - configure_evaluate: strategy sampled 2 clients (out of 50)
[2024-10-01 12:29:58,244][flwr][INFO] - aggregate_evaluate: received 2 results and 0 failures
[2024-10-01 12:29:58,244][flwr][INFO] - 
[2024-10-01 12:29:58,244][flwr][INFO] - [ROUND 27]
[2024-10-01 12:29:58,244][flwr][INFO] - configure_fit: strategy sampled 5 clients (out of 50)
[2024-10-01 12:31:31,278][flwr][INFO] - aggregate_fit: received 5 results and 0 failures
[2024-10-01 12:31:47,701][flwr][INFO] - fit progress: (27, 214.4024574160576, {'accuracy': 0.6409470752089137}, 2601.8373023387976)
[2024-10-01 12:31:47,702][flwr][INFO] - configure_evaluate: strategy sampled 2 clients (out of 50)
[2024-10-01 12:31:50,590][flwr][INFO] - aggregate_evaluate: received 2 results and 0 failures
[2024-10-01 12:31:50,591][flwr][INFO] - 
[2024-10-01 12:31:50,591][flwr][INFO] - [ROUND 28]
[2024-10-01 12:31:50,592][flwr][INFO] - configure_fit: strategy sampled 5 clients (out of 50)
[2024-10-01 12:32:36,485][flwr][INFO] - aggregate_fit: received 5 results and 0 failures
[2024-10-01 12:32:54,630][flwr][INFO] - fit progress: (28, 150.15201157331467, {'accuracy': 0.8008356545961003}, 2668.765980383847)
[2024-10-01 12:32:54,630][flwr][INFO] - configure_evaluate: strategy sampled 2 clients (out of 50)
[2024-10-01 12:32:57,479][flwr][INFO] - aggregate_evaluate: received 2 results and 0 failures
[2024-10-01 12:32:57,479][flwr][INFO] - 
[2024-10-01 12:32:57,479][flwr][INFO] - [ROUND 29]
[2024-10-01 12:32:57,479][flwr][INFO] - configure_fit: strategy sampled 5 clients (out of 50)
[2024-10-01 12:33:58,818][flwr][INFO] - aggregate_fit: received 5 results and 0 failures
[2024-10-01 12:34:15,226][flwr][INFO] - fit progress: (29, 158.7656034231186, {'accuracy': 0.7374651810584958}, 2749.362490940839)
[2024-10-01 12:34:15,227][flwr][INFO] - configure_evaluate: strategy sampled 2 clients (out of 50)
[2024-10-01 12:34:17,568][flwr][INFO] - aggregate_evaluate: received 2 results and 0 failures
[2024-10-01 12:34:17,568][flwr][INFO] - 
[2024-10-01 12:34:17,568][flwr][INFO] - [ROUND 30]
[2024-10-01 12:34:17,568][flwr][INFO] - configure_fit: strategy sampled 5 clients (out of 50)
[2024-10-01 12:34:57,269][flwr][INFO] - aggregate_fit: received 5 results and 0 failures
[2024-10-01 12:35:13,870][flwr][INFO] - fit progress: (30, 204.76475644111633, {'accuracy': 0.6577994428969359}, 2808.006259433925)
[2024-10-01 12:35:13,871][flwr][INFO] - configure_evaluate: strategy sampled 2 clients (out of 50)
[2024-10-01 12:35:15,834][flwr][INFO] - aggregate_evaluate: received 2 results and 0 failures
[2024-10-01 12:35:15,834][flwr][INFO] - 
[2024-10-01 12:35:15,834][flwr][INFO] - [ROUND 31]
[2024-10-01 12:35:15,835][flwr][INFO] - configure_fit: strategy sampled 5 clients (out of 50)
[2024-10-01 12:36:00,639][flwr][INFO] - aggregate_fit: received 5 results and 0 failures
[2024-10-01 12:36:19,530][flwr][INFO] - fit progress: (31, 195.22784814238548, {'accuracy': 0.6555710306406686}, 2873.666314544156)
[2024-10-01 12:36:19,531][flwr][INFO] - configure_evaluate: strategy sampled 2 clients (out of 50)
[2024-10-01 12:36:22,163][flwr][INFO] - aggregate_evaluate: received 2 results and 0 failures
[2024-10-01 12:36:22,163][flwr][INFO] - 
[2024-10-01 12:36:22,163][flwr][INFO] - [ROUND 32]
[2024-10-01 12:36:22,163][flwr][INFO] - configure_fit: strategy sampled 5 clients (out of 50)
[2024-10-01 12:38:12,872][flwr][INFO] - aggregate_fit: received 5 results and 0 failures
[2024-10-01 12:38:30,932][flwr][INFO] - fit progress: (32, 143.7195702791214, {'accuracy': 0.7711699164345404}, 3005.0677721640095)
[2024-10-01 12:38:30,933][flwr][INFO] - configure_evaluate: strategy sampled 2 clients (out of 50)
[2024-10-01 12:38:32,770][flwr][INFO] - aggregate_evaluate: received 2 results and 0 failures
[2024-10-01 12:38:32,771][flwr][INFO] - 
[2024-10-01 12:38:32,771][flwr][INFO] - [ROUND 33]
[2024-10-01 12:38:32,771][flwr][INFO] - configure_fit: strategy sampled 5 clients (out of 50)
[2024-10-01 12:40:17,703][flwr][INFO] - aggregate_fit: received 5 results and 0 failures
[2024-10-01 12:40:34,945][flwr][INFO] - fit progress: (33, 281.7895607352257, {'accuracy': 0.5972144846796658}, 3129.0810390831903)
[2024-10-01 12:40:34,945][flwr][INFO] - configure_evaluate: strategy sampled 2 clients (out of 50)
[2024-10-01 12:40:38,189][flwr][INFO] - aggregate_evaluate: received 2 results and 0 failures
[2024-10-01 12:40:38,190][flwr][INFO] - 
[2024-10-01 12:40:38,190][flwr][INFO] - [ROUND 34]
[2024-10-01 12:40:38,190][flwr][INFO] - configure_fit: strategy sampled 5 clients (out of 50)
[2024-10-01 12:42:15,014][flwr][INFO] - aggregate_fit: received 5 results and 0 failures
[2024-10-01 12:42:32,144][flwr][INFO] - fit progress: (34, 285.99581372737885, {'accuracy': 0.6621169916434541}, 3246.279672686942)
[2024-10-01 12:42:32,144][flwr][INFO] - configure_evaluate: strategy sampled 2 clients (out of 50)
[2024-10-01 12:42:34,481][flwr][INFO] - aggregate_evaluate: received 2 results and 0 failures
[2024-10-01 12:42:34,482][flwr][INFO] - 
[2024-10-01 12:42:34,482][flwr][INFO] - [ROUND 35]
[2024-10-01 12:42:34,482][flwr][INFO] - configure_fit: strategy sampled 5 clients (out of 50)
[2024-10-01 12:43:21,011][flwr][INFO] - aggregate_fit: received 5 results and 0 failures
[2024-10-01 12:43:38,568][flwr][INFO] - fit progress: (35, 171.04180312156677, {'accuracy': 0.717966573816156}, 3312.704275032971)
[2024-10-01 12:43:38,568][flwr][INFO] - configure_evaluate: strategy sampled 2 clients (out of 50)
[2024-10-01 12:43:40,675][flwr][INFO] - aggregate_evaluate: received 2 results and 0 failures
[2024-10-01 12:43:40,675][flwr][INFO] - 
[2024-10-01 12:43:40,675][flwr][INFO] - [ROUND 36]
[2024-10-01 12:43:40,675][flwr][INFO] - configure_fit: strategy sampled 5 clients (out of 50)
[2024-10-01 12:44:43,761][flwr][INFO] - aggregate_fit: received 5 results and 0 failures
[2024-10-01 12:45:00,414][flwr][INFO] - fit progress: (36, 231.71859043836594, {'accuracy': 0.675208913649025}, 3394.549809792079)
[2024-10-01 12:45:00,414][flwr][INFO] - configure_evaluate: strategy sampled 2 clients (out of 50)
[2024-10-01 12:45:03,201][flwr][INFO] - aggregate_evaluate: received 2 results and 0 failures
[2024-10-01 12:45:03,201][flwr][INFO] - 
[2024-10-01 12:45:03,202][flwr][INFO] - [ROUND 37]
[2024-10-01 12:45:03,202][flwr][INFO] - configure_fit: strategy sampled 5 clients (out of 50)
[2024-10-01 12:45:53,586][flwr][INFO] - aggregate_fit: received 5 results and 0 failures
[2024-10-01 12:46:10,846][flwr][INFO] - fit progress: (37, 168.83116430044174, {'accuracy': 0.8012534818941505}, 3464.981677068863)
[2024-10-01 12:46:10,846][flwr][INFO] - configure_evaluate: strategy sampled 2 clients (out of 50)
[2024-10-01 12:46:12,708][flwr][INFO] - aggregate_evaluate: received 2 results and 0 failures
[2024-10-01 12:46:12,708][flwr][INFO] - 
[2024-10-01 12:46:12,709][flwr][INFO] - [ROUND 38]
[2024-10-01 12:46:12,709][flwr][INFO] - configure_fit: strategy sampled 5 clients (out of 50)
[2024-10-01 12:47:11,786][flwr][INFO] - aggregate_fit: received 5 results and 0 failures
[2024-10-01 12:47:28,536][flwr][INFO] - fit progress: (38, 137.60489544272423, {'accuracy': 0.7643454038997215}, 3542.671635968145)
[2024-10-01 12:47:28,536][flwr][INFO] - configure_evaluate: strategy sampled 2 clients (out of 50)
[2024-10-01 12:47:30,079][flwr][INFO] - aggregate_evaluate: received 2 results and 0 failures
[2024-10-01 12:47:30,079][flwr][INFO] - 
[2024-10-01 12:47:30,079][flwr][INFO] - [ROUND 39]
[2024-10-01 12:47:30,080][flwr][INFO] - configure_fit: strategy sampled 5 clients (out of 50)
[2024-10-01 12:49:22,497][flwr][INFO] - aggregate_fit: received 5 results and 0 failures
[2024-10-01 12:49:39,293][flwr][INFO] - fit progress: (39, 221.9369192123413, {'accuracy': 0.6779944289693594}, 3673.4288608292118)
[2024-10-01 12:49:39,293][flwr][INFO] - configure_evaluate: strategy sampled 2 clients (out of 50)
[2024-10-01 12:49:40,921][flwr][INFO] - aggregate_evaluate: received 2 results and 0 failures
[2024-10-01 12:49:40,921][flwr][INFO] - 
[2024-10-01 12:49:40,921][flwr][INFO] - [ROUND 40]
[2024-10-01 12:49:40,921][flwr][INFO] - configure_fit: strategy sampled 5 clients (out of 50)
[2024-10-01 12:51:23,053][flwr][INFO] - aggregate_fit: received 5 results and 0 failures
[2024-10-01 12:51:39,763][flwr][INFO] - fit progress: (40, 206.0387621819973, {'accuracy': 0.6821727019498607}, 3793.8994495002553)
[2024-10-01 12:51:39,764][flwr][INFO] - configure_evaluate: strategy sampled 2 clients (out of 50)
[2024-10-01 12:51:42,209][flwr][INFO] - aggregate_evaluate: received 2 results and 0 failures
[2024-10-01 12:51:42,210][flwr][INFO] - 
[2024-10-01 12:51:42,210][flwr][INFO] - [ROUND 41]
[2024-10-01 12:51:42,210][flwr][INFO] - configure_fit: strategy sampled 5 clients (out of 50)
[2024-10-01 12:53:12,693][flwr][INFO] - aggregate_fit: received 5 results and 0 failures
[2024-10-01 12:53:30,365][flwr][INFO] - fit progress: (41, 246.25247833132744, {'accuracy': 0.6731197771587744}, 3904.5010848902166)
[2024-10-01 12:53:30,365][flwr][INFO] - configure_evaluate: strategy sampled 2 clients (out of 50)
[2024-10-01 12:53:32,182][flwr][INFO] - aggregate_evaluate: received 2 results and 0 failures
[2024-10-01 12:53:32,182][flwr][INFO] - 
[2024-10-01 12:53:32,182][flwr][INFO] - [ROUND 42]
[2024-10-01 12:53:32,182][flwr][INFO] - configure_fit: strategy sampled 5 clients (out of 50)
[2024-10-01 12:54:29,351][flwr][INFO] - aggregate_fit: received 5 results and 0 failures
[2024-10-01 12:54:45,758][flwr][INFO] - fit progress: (42, 219.68933114409447, {'accuracy': 0.665041782729805}, 3979.8945999159478)
[2024-10-01 12:54:45,759][flwr][INFO] - configure_evaluate: strategy sampled 2 clients (out of 50)
[2024-10-01 12:54:47,849][flwr][INFO] - aggregate_evaluate: received 2 results and 0 failures
[2024-10-01 12:54:47,850][flwr][INFO] - 
[2024-10-01 12:54:47,850][flwr][INFO] - [ROUND 43]
[2024-10-01 12:54:47,850][flwr][INFO] - configure_fit: strategy sampled 5 clients (out of 50)
[2024-10-01 12:55:22,940][flwr][INFO] - aggregate_fit: received 5 results and 0 failures
[2024-10-01 12:55:41,149][flwr][INFO] - fit progress: (43, 276.2856491804123, {'accuracy': 0.5963788300835655}, 4035.285334084183)
[2024-10-01 12:55:41,150][flwr][INFO] - configure_evaluate: strategy sampled 2 clients (out of 50)
[2024-10-01 12:55:43,157][flwr][INFO] - aggregate_evaluate: received 2 results and 0 failures
[2024-10-01 12:55:43,158][flwr][INFO] - 
[2024-10-01 12:55:43,158][flwr][INFO] - [ROUND 44]
[2024-10-01 12:55:43,158][flwr][INFO] - configure_fit: strategy sampled 5 clients (out of 50)
[2024-10-01 12:56:25,363][flwr][INFO] - aggregate_fit: received 5 results and 0 failures
[2024-10-01 12:56:42,267][flwr][INFO] - fit progress: (44, 206.5690816938877, {'accuracy': 0.7071030640668524}, 4096.403491766192)
[2024-10-01 12:56:42,268][flwr][INFO] - configure_evaluate: strategy sampled 2 clients (out of 50)
[2024-10-01 12:56:44,997][flwr][INFO] - aggregate_evaluate: received 2 results and 0 failures
[2024-10-01 12:56:44,997][flwr][INFO] - 
[2024-10-01 12:56:44,998][flwr][INFO] - [ROUND 45]
[2024-10-01 12:56:44,998][flwr][INFO] - configure_fit: strategy sampled 5 clients (out of 50)
[2024-10-01 12:57:17,985][flwr][INFO] - aggregate_fit: received 5 results and 0 failures
[2024-10-01 12:57:35,675][flwr][INFO] - fit progress: (45, 376.3232663869858, {'accuracy': 0.6228412256267409}, 4149.810645816848)
[2024-10-01 12:57:35,675][flwr][INFO] - configure_evaluate: strategy sampled 2 clients (out of 50)
[2024-10-01 12:57:37,818][flwr][INFO] - aggregate_evaluate: received 2 results and 0 failures
[2024-10-01 12:57:37,819][flwr][INFO] - 
[2024-10-01 12:57:37,819][flwr][INFO] - [ROUND 46]
[2024-10-01 12:57:37,819][flwr][INFO] - configure_fit: strategy sampled 5 clients (out of 50)
[2024-10-01 12:58:18,481][flwr][INFO] - aggregate_fit: received 5 results and 0 failures
[2024-10-01 12:58:36,821][flwr][INFO] - fit progress: (46, 180.57591158151627, {'accuracy': 0.7317548746518105}, 4210.957262041047)
[2024-10-01 12:58:36,822][flwr][INFO] - configure_evaluate: strategy sampled 2 clients (out of 50)
[2024-10-01 12:58:38,631][flwr][INFO] - aggregate_evaluate: received 2 results and 0 failures
[2024-10-01 12:58:38,631][flwr][INFO] - 
[2024-10-01 12:58:38,631][flwr][INFO] - [ROUND 47]
[2024-10-01 12:58:38,632][flwr][INFO] - configure_fit: strategy sampled 5 clients (out of 50)
[2024-10-01 12:59:34,013][flwr][INFO] - aggregate_fit: received 5 results and 0 failures
[2024-10-01 12:59:52,665][flwr][INFO] - fit progress: (47, 127.66128849983215, {'accuracy': 0.8125348189415041}, 4286.801195221953)
[2024-10-01 12:59:52,665][flwr][INFO] - configure_evaluate: strategy sampled 2 clients (out of 50)
[2024-10-01 12:59:54,619][flwr][INFO] - aggregate_evaluate: received 2 results and 0 failures
[2024-10-01 12:59:54,620][flwr][INFO] - 
[2024-10-01 12:59:54,620][flwr][INFO] - [ROUND 48]
[2024-10-01 12:59:54,620][flwr][INFO] - configure_fit: strategy sampled 5 clients (out of 50)
[2024-10-01 13:01:56,825][flwr][INFO] - aggregate_fit: received 5 results and 0 failures
[2024-10-01 13:02:15,431][flwr][INFO] - fit progress: (48, 132.39041939377785, {'accuracy': 0.8020891364902507}, 4429.567393430043)
[2024-10-01 13:02:15,432][flwr][INFO] - configure_evaluate: strategy sampled 2 clients (out of 50)
[2024-10-01 13:02:17,840][flwr][INFO] - aggregate_evaluate: received 2 results and 0 failures
[2024-10-01 13:02:17,841][flwr][INFO] - 
[2024-10-01 13:02:17,841][flwr][INFO] - [ROUND 49]
[2024-10-01 13:02:17,841][flwr][INFO] - configure_fit: strategy sampled 5 clients (out of 50)
[2024-10-01 13:04:22,425][flwr][INFO] - aggregate_fit: received 5 results and 0 failures
[2024-10-01 13:04:41,358][flwr][INFO] - fit progress: (49, 212.55733263492584, {'accuracy': 0.6807799442896936}, 4575.494610656053)
[2024-10-01 13:04:41,359][flwr][INFO] - configure_evaluate: strategy sampled 2 clients (out of 50)
[2024-10-01 13:04:43,342][flwr][INFO] - aggregate_evaluate: received 2 results and 0 failures
[2024-10-01 13:04:43,342][flwr][INFO] - 
[2024-10-01 13:04:43,342][flwr][INFO] - [ROUND 50]
[2024-10-01 13:04:43,342][flwr][INFO] - configure_fit: strategy sampled 5 clients (out of 50)
[2024-10-01 13:06:32,658][flwr][INFO] - aggregate_fit: received 5 results and 0 failures
[2024-10-01 13:06:51,227][flwr][INFO] - fit progress: (50, 181.96461632847786, {'accuracy': 0.7371866295264624}, 4705.363508345094)
[2024-10-01 13:06:51,228][flwr][INFO] - configure_evaluate: strategy sampled 2 clients (out of 50)
[2024-10-01 13:06:52,975][flwr][INFO] - aggregate_evaluate: received 2 results and 0 failures
[2024-10-01 13:06:52,975][flwr][INFO] - 
[2024-10-01 13:06:52,975][flwr][INFO] - [ROUND 51]
[2024-10-01 13:06:52,976][flwr][INFO] - configure_fit: strategy sampled 5 clients (out of 50)
[2024-10-01 13:08:20,218][flwr][INFO] - aggregate_fit: received 5 results and 0 failures
[2024-10-01 13:08:38,671][flwr][INFO] - fit progress: (51, 624.2220218777657, {'accuracy': 0.6905292479108636}, 4812.807359303813)
[2024-10-01 13:08:38,672][flwr][INFO] - configure_evaluate: strategy sampled 2 clients (out of 50)
[2024-10-01 13:08:41,931][flwr][INFO] - aggregate_evaluate: received 2 results and 0 failures
[2024-10-01 13:08:41,931][flwr][INFO] - 
[2024-10-01 13:08:41,931][flwr][INFO] - [ROUND 52]
[2024-10-01 13:08:41,931][flwr][INFO] - configure_fit: strategy sampled 5 clients (out of 50)
[2024-10-01 13:10:27,994][flwr][INFO] - aggregate_fit: received 5 results and 0 failures
[2024-10-01 13:10:46,944][flwr][INFO] - fit progress: (52, 350.79153949022293, {'accuracy': 0.6013927576601671}, 4941.080197204836)
[2024-10-01 13:10:46,944][flwr][INFO] - configure_evaluate: strategy sampled 2 clients (out of 50)
[2024-10-01 13:10:49,848][flwr][INFO] - aggregate_evaluate: received 2 results and 0 failures
[2024-10-01 13:10:49,848][flwr][INFO] - 
[2024-10-01 13:10:49,848][flwr][INFO] - [ROUND 53]
[2024-10-01 13:10:49,848][flwr][INFO] - configure_fit: strategy sampled 5 clients (out of 50)
[2024-10-01 13:12:36,868][flwr][INFO] - aggregate_fit: received 5 results and 0 failures
[2024-10-01 13:12:56,402][flwr][INFO] - fit progress: (53, 132.96465523540974, {'accuracy': 0.8071030640668524}, 5070.538011092227)
[2024-10-01 13:12:56,402][flwr][INFO] - configure_evaluate: strategy sampled 2 clients (out of 50)
[2024-10-01 13:12:58,920][flwr][INFO] - aggregate_evaluate: received 2 results and 0 failures
[2024-10-01 13:12:58,921][flwr][INFO] - 
[2024-10-01 13:12:58,921][flwr][INFO] - [ROUND 54]
[2024-10-01 13:12:58,921][flwr][INFO] - configure_fit: strategy sampled 5 clients (out of 50)
[2024-10-01 13:13:32,447][flwr][INFO] - aggregate_fit: received 5 results and 0 failures
[2024-10-01 13:13:50,652][flwr][INFO] - fit progress: (54, 114.29004701972008, {'accuracy': 0.8260445682451254}, 5124.788008347154)
[2024-10-01 13:13:50,652][flwr][INFO] - configure_evaluate: strategy sampled 2 clients (out of 50)
[2024-10-01 13:13:53,451][flwr][INFO] - aggregate_evaluate: received 2 results and 0 failures
[2024-10-01 13:13:53,451][flwr][INFO] - 
[2024-10-01 13:13:53,451][flwr][INFO] - [ROUND 55]
[2024-10-01 13:13:53,451][flwr][INFO] - configure_fit: strategy sampled 5 clients (out of 50)
[2024-10-01 13:14:13,715][flwr][INFO] - aggregate_fit: received 5 results and 0 failures
[2024-10-01 13:14:32,923][flwr][INFO] - fit progress: (55, 183.2255082130432, {'accuracy': 0.7192200557103064}, 5167.059370836243)
[2024-10-01 13:14:32,924][flwr][INFO] - configure_evaluate: strategy sampled 2 clients (out of 50)
[2024-10-01 13:14:34,446][flwr][INFO] - aggregate_evaluate: received 2 results and 0 failures
[2024-10-01 13:14:34,447][flwr][INFO] - 
[2024-10-01 13:14:34,447][flwr][INFO] - [ROUND 56]
[2024-10-01 13:14:34,447][flwr][INFO] - configure_fit: strategy sampled 5 clients (out of 50)
[2024-10-01 13:15:28,117][flwr][INFO] - aggregate_fit: received 5 results and 0 failures
[2024-10-01 13:15:46,565][flwr][INFO] - fit progress: (56, 164.5034138262272, {'accuracy': 0.7463788300835654}, 5240.701250174083)
[2024-10-01 13:15:46,566][flwr][INFO] - configure_evaluate: strategy sampled 2 clients (out of 50)
[2024-10-01 13:15:48,799][flwr][INFO] - aggregate_evaluate: received 2 results and 0 failures
[2024-10-01 13:15:48,800][flwr][INFO] - 
[2024-10-01 13:15:48,800][flwr][INFO] - [ROUND 57]
[2024-10-01 13:15:48,800][flwr][INFO] - configure_fit: strategy sampled 5 clients (out of 50)
[2024-10-01 13:16:32,201][flwr][INFO] - aggregate_fit: received 5 results and 0 failures
[2024-10-01 13:16:50,377][flwr][INFO] - fit progress: (57, 185.02208749949932, {'accuracy': 0.7459610027855154}, 5304.512903267052)
[2024-10-01 13:16:50,377][flwr][INFO] - configure_evaluate: strategy sampled 2 clients (out of 50)
[2024-10-01 13:16:52,512][flwr][INFO] - aggregate_evaluate: received 2 results and 0 failures
[2024-10-01 13:16:52,512][flwr][INFO] - 
[2024-10-01 13:16:52,512][flwr][INFO] - [ROUND 58]
[2024-10-01 13:16:52,512][flwr][INFO] - configure_fit: strategy sampled 5 clients (out of 50)
[2024-10-01 13:17:48,603][flwr][INFO] - aggregate_fit: received 5 results and 0 failures
[2024-10-01 13:18:07,338][flwr][INFO] - fit progress: (58, 226.0564472824335, {'accuracy': 0.7488857938718663}, 5381.4743794268)
[2024-10-01 13:18:07,339][flwr][INFO] - configure_evaluate: strategy sampled 2 clients (out of 50)
[2024-10-01 13:18:09,947][flwr][INFO] - aggregate_evaluate: received 2 results and 0 failures
[2024-10-01 13:18:09,947][flwr][INFO] - 
[2024-10-01 13:18:09,947][flwr][INFO] - [ROUND 59]
[2024-10-01 13:18:09,948][flwr][INFO] - configure_fit: strategy sampled 5 clients (out of 50)
[2024-10-01 13:19:03,117][flwr][INFO] - aggregate_fit: received 5 results and 0 failures
[2024-10-01 13:19:21,994][flwr][INFO] - fit progress: (59, 152.31968508660793, {'accuracy': 0.7582172701949861}, 5456.129860769026)
[2024-10-01 13:19:21,994][flwr][INFO] - configure_evaluate: strategy sampled 2 clients (out of 50)
[2024-10-01 13:19:23,902][flwr][INFO] - aggregate_evaluate: received 2 results and 0 failures
[2024-10-01 13:19:23,902][flwr][INFO] - 
[2024-10-01 13:19:23,902][flwr][INFO] - [ROUND 60]
[2024-10-01 13:19:23,903][flwr][INFO] - configure_fit: strategy sampled 5 clients (out of 50)
[2024-10-01 13:20:21,369][flwr][INFO] - aggregate_fit: received 5 results and 0 failures
[2024-10-01 13:20:40,803][flwr][INFO] - fit progress: (60, 128.7449617534876, {'accuracy': 0.814066852367688}, 5534.9389622597955)
[2024-10-01 13:20:40,803][flwr][INFO] - configure_evaluate: strategy sampled 2 clients (out of 50)
[2024-10-01 13:20:42,290][flwr][INFO] - aggregate_evaluate: received 2 results and 0 failures
[2024-10-01 13:20:42,290][flwr][INFO] - 
[2024-10-01 13:20:42,290][flwr][INFO] - [ROUND 61]
[2024-10-01 13:20:42,291][flwr][INFO] - configure_fit: strategy sampled 5 clients (out of 50)
[2024-10-01 13:21:24,477][flwr][INFO] - aggregate_fit: received 5 results and 0 failures
[2024-10-01 13:21:41,868][flwr][INFO] - fit progress: (61, 248.1900637447834, {'accuracy': 0.66991643454039}, 5596.004151410889)
[2024-10-01 13:21:41,868][flwr][INFO] - configure_evaluate: strategy sampled 2 clients (out of 50)
[2024-10-01 13:21:43,951][flwr][INFO] - aggregate_evaluate: received 2 results and 0 failures
[2024-10-01 13:21:43,952][flwr][INFO] - 
[2024-10-01 13:21:43,952][flwr][INFO] - [ROUND 62]
[2024-10-01 13:21:43,952][flwr][INFO] - configure_fit: strategy sampled 5 clients (out of 50)
[2024-10-01 13:22:46,817][flwr][INFO] - aggregate_fit: received 5 results and 0 failures
[2024-10-01 13:23:05,748][flwr][INFO] - fit progress: (62, 214.0265241265297, {'accuracy': 0.7388579387186629}, 5679.883732386865)
[2024-10-01 13:23:05,748][flwr][INFO] - configure_evaluate: strategy sampled 2 clients (out of 50)
[2024-10-01 13:23:07,308][flwr][INFO] - aggregate_evaluate: received 2 results and 0 failures
[2024-10-01 13:23:07,309][flwr][INFO] - 
[2024-10-01 13:23:07,309][flwr][INFO] - [ROUND 63]
[2024-10-01 13:23:07,309][flwr][INFO] - configure_fit: strategy sampled 5 clients (out of 50)
[2024-10-01 13:24:14,138][flwr][INFO] - aggregate_fit: received 5 results and 0 failures
[2024-10-01 13:24:32,865][flwr][INFO] - fit progress: (63, 125.34798701107502, {'accuracy': 0.8161559888579387}, 5767.001351075247)
[2024-10-01 13:24:32,866][flwr][INFO] - configure_evaluate: strategy sampled 2 clients (out of 50)
[2024-10-01 13:24:35,178][flwr][INFO] - aggregate_evaluate: received 2 results and 0 failures
[2024-10-01 13:24:35,178][flwr][INFO] - 
[2024-10-01 13:24:35,178][flwr][INFO] - [ROUND 64]
[2024-10-01 13:24:35,178][flwr][INFO] - configure_fit: strategy sampled 5 clients (out of 50)
[2024-10-01 13:26:07,794][flwr][INFO] - aggregate_fit: received 5 results and 0 failures
[2024-10-01 13:26:27,077][flwr][INFO] - fit progress: (64, 121.80948279052973, {'accuracy': 0.8467966573816156}, 5881.213237490971)
[2024-10-01 13:26:27,077][flwr][INFO] - configure_evaluate: strategy sampled 2 clients (out of 50)
[2024-10-01 13:26:29,132][flwr][INFO] - aggregate_evaluate: received 2 results and 0 failures
[2024-10-01 13:26:29,133][flwr][INFO] - 
[2024-10-01 13:26:29,133][flwr][INFO] - [ROUND 65]
[2024-10-01 13:26:29,134][flwr][INFO] - configure_fit: strategy sampled 5 clients (out of 50)
[2024-10-01 13:27:49,144][flwr][INFO] - aggregate_fit: received 5 results and 0 failures
[2024-10-01 13:28:06,350][flwr][INFO] - fit progress: (65, 326.2206354737282, {'accuracy': 0.6409470752089137}, 5980.486186509952)
[2024-10-01 13:28:06,351][flwr][INFO] - configure_evaluate: strategy sampled 2 clients (out of 50)
[2024-10-01 13:28:07,961][flwr][INFO] - aggregate_evaluate: received 2 results and 0 failures
[2024-10-01 13:28:07,962][flwr][INFO] - 
[2024-10-01 13:28:07,962][flwr][INFO] - [ROUND 66]
[2024-10-01 13:28:07,962][flwr][INFO] - configure_fit: strategy sampled 5 clients (out of 50)
[2024-10-01 13:28:58,986][flwr][INFO] - aggregate_fit: received 5 results and 0 failures
[2024-10-01 13:29:17,201][flwr][INFO] - fit progress: (66, 285.6873451024294, {'accuracy': 0.7040389972144847}, 6051.336944496259)
[2024-10-01 13:29:17,201][flwr][INFO] - configure_evaluate: strategy sampled 2 clients (out of 50)
[2024-10-01 13:29:18,744][flwr][INFO] - aggregate_evaluate: received 2 results and 0 failures
[2024-10-01 13:29:18,745][flwr][INFO] - 
[2024-10-01 13:29:18,745][flwr][INFO] - [ROUND 67]
[2024-10-01 13:29:18,745][flwr][INFO] - configure_fit: strategy sampled 5 clients (out of 50)
[2024-10-01 13:31:12,728][flwr][INFO] - aggregate_fit: received 5 results and 0 failures
[2024-10-01 13:31:29,901][flwr][INFO] - fit progress: (67, 214.5833027213812, {'accuracy': 0.729108635097493}, 6184.037326768041)
[2024-10-01 13:31:29,902][flwr][INFO] - configure_evaluate: strategy sampled 2 clients (out of 50)
[2024-10-01 13:31:32,049][flwr][INFO] - aggregate_evaluate: received 2 results and 0 failures
[2024-10-01 13:31:32,050][flwr][INFO] - 
[2024-10-01 13:31:32,050][flwr][INFO] - [ROUND 68]
[2024-10-01 13:31:32,050][flwr][INFO] - configure_fit: strategy sampled 5 clients (out of 50)
[2024-10-01 13:32:07,482][flwr][INFO] - aggregate_fit: received 5 results and 0 failures
[2024-10-01 13:32:25,484][flwr][INFO] - fit progress: (68, 156.48491060733795, {'accuracy': 0.7664345403899722}, 6239.620174372103)
[2024-10-01 13:32:25,484][flwr][INFO] - configure_evaluate: strategy sampled 2 clients (out of 50)
[2024-10-01 13:32:27,643][flwr][INFO] - aggregate_evaluate: received 2 results and 0 failures
[2024-10-01 13:32:27,643][flwr][INFO] - 
[2024-10-01 13:32:27,643][flwr][INFO] - [ROUND 69]
[2024-10-01 13:32:27,643][flwr][INFO] - configure_fit: strategy sampled 5 clients (out of 50)
[2024-10-01 13:34:21,911][flwr][INFO] - aggregate_fit: received 5 results and 0 failures
[2024-10-01 13:34:39,707][flwr][INFO] - fit progress: (69, 133.41698975861073, {'accuracy': 0.7995821727019499}, 6373.842687066179)
[2024-10-01 13:34:39,707][flwr][INFO] - configure_evaluate: strategy sampled 2 clients (out of 50)
[2024-10-01 13:34:41,476][flwr][INFO] - aggregate_evaluate: received 2 results and 0 failures
[2024-10-01 13:34:41,476][flwr][INFO] - 
[2024-10-01 13:34:41,476][flwr][INFO] - [ROUND 70]
[2024-10-01 13:34:41,476][flwr][INFO] - configure_fit: strategy sampled 5 clients (out of 50)
[2024-10-01 13:35:46,389][flwr][INFO] - aggregate_fit: received 5 results and 0 failures
[2024-10-01 13:36:04,073][flwr][INFO] - fit progress: (70, 165.68505664169788, {'accuracy': 0.7562674094707521}, 6458.209260000847)
[2024-10-01 13:36:04,073][flwr][INFO] - configure_evaluate: strategy sampled 2 clients (out of 50)
[2024-10-01 13:36:05,623][flwr][INFO] - aggregate_evaluate: received 2 results and 0 failures
[2024-10-01 13:36:05,623][flwr][INFO] - 
[2024-10-01 13:36:05,623][flwr][INFO] - [ROUND 71]
[2024-10-01 13:36:05,623][flwr][INFO] - configure_fit: strategy sampled 5 clients (out of 50)
[2024-10-01 13:36:37,105][flwr][INFO] - aggregate_fit: received 5 results and 0 failures
[2024-10-01 13:36:54,905][flwr][INFO] - fit progress: (71, 348.0966759324074, {'accuracy': 0.5817548746518106}, 6509.04077043524)
[2024-10-01 13:36:54,905][flwr][INFO] - configure_evaluate: strategy sampled 2 clients (out of 50)
[2024-10-01 13:36:56,856][flwr][INFO] - aggregate_evaluate: received 2 results and 0 failures
[2024-10-01 13:36:56,857][flwr][INFO] - 
[2024-10-01 13:36:56,857][flwr][INFO] - [ROUND 72]
[2024-10-01 13:36:56,857][flwr][INFO] - configure_fit: strategy sampled 5 clients (out of 50)
[2024-10-01 13:38:39,936][flwr][INFO] - aggregate_fit: received 5 results and 0 failures
[2024-10-01 13:38:57,502][flwr][INFO] - fit progress: (72, 224.3359421491623, {'accuracy': 0.6930362116991643}, 6631.638090175111)
[2024-10-01 13:38:57,503][flwr][INFO] - configure_evaluate: strategy sampled 2 clients (out of 50)
[2024-10-01 13:38:59,018][flwr][INFO] - aggregate_evaluate: received 2 results and 0 failures
[2024-10-01 13:38:59,018][flwr][INFO] - 
[2024-10-01 13:38:59,018][flwr][INFO] - [ROUND 73]
[2024-10-01 13:38:59,018][flwr][INFO] - configure_fit: strategy sampled 5 clients (out of 50)
[2024-10-01 13:40:19,256][flwr][INFO] - aggregate_fit: received 5 results and 0 failures
[2024-10-01 13:40:38,408][flwr][INFO] - fit progress: (73, 201.83633720874786, {'accuracy': 0.7373259052924791}, 6732.54437153507)
[2024-10-01 13:40:38,409][flwr][INFO] - configure_evaluate: strategy sampled 2 clients (out of 50)
[2024-10-01 13:40:41,517][flwr][INFO] - aggregate_evaluate: received 2 results and 0 failures
[2024-10-01 13:40:41,518][flwr][INFO] - 
[2024-10-01 13:40:41,518][flwr][INFO] - [ROUND 74]
[2024-10-01 13:40:41,518][flwr][INFO] - configure_fit: strategy sampled 5 clients (out of 50)
[2024-10-01 13:42:25,086][flwr][INFO] - aggregate_fit: received 5 results and 0 failures
[2024-10-01 13:42:44,250][flwr][INFO] - fit progress: (74, 207.84986913204193, {'accuracy': 0.6714484679665739}, 6858.386475750245)
[2024-10-01 13:42:44,251][flwr][INFO] - configure_evaluate: strategy sampled 2 clients (out of 50)
[2024-10-01 13:42:46,254][flwr][INFO] - aggregate_evaluate: received 2 results and 0 failures
[2024-10-01 13:42:46,255][flwr][INFO] - 
[2024-10-01 13:42:46,255][flwr][INFO] - [ROUND 75]
[2024-10-01 13:42:46,255][flwr][INFO] - configure_fit: strategy sampled 5 clients (out of 50)
[2024-10-01 13:44:09,225][flwr][INFO] - aggregate_fit: received 5 results and 0 failures
[2024-10-01 13:44:28,005][flwr][INFO] - fit progress: (75, 129.14846381545067, {'accuracy': 0.8044568245125349}, 6962.141542559024)
[2024-10-01 13:44:28,006][flwr][INFO] - configure_evaluate: strategy sampled 2 clients (out of 50)
[2024-10-01 13:44:30,510][flwr][INFO] - aggregate_evaluate: received 2 results and 0 failures
[2024-10-01 13:44:30,511][flwr][INFO] - 
[2024-10-01 13:44:30,511][flwr][INFO] - [ROUND 76]
[2024-10-01 13:44:30,511][flwr][INFO] - configure_fit: strategy sampled 5 clients (out of 50)
[2024-10-01 13:45:53,720][flwr][INFO] - aggregate_fit: received 5 results and 0 failures
[2024-10-01 13:46:11,957][flwr][INFO] - fit progress: (76, 262.2965422272682, {'accuracy': 0.61991643454039}, 7066.093407220207)
[2024-10-01 13:46:11,958][flwr][INFO] - configure_evaluate: strategy sampled 2 clients (out of 50)
[2024-10-01 13:46:13,778][flwr][INFO] - aggregate_evaluate: received 2 results and 0 failures
[2024-10-01 13:46:13,778][flwr][INFO] - 
[2024-10-01 13:46:13,778][flwr][INFO] - [ROUND 77]
[2024-10-01 13:46:13,778][flwr][INFO] - configure_fit: strategy sampled 5 clients (out of 50)
[2024-10-01 13:47:58,506][flwr][INFO] - aggregate_fit: received 5 results and 0 failures
[2024-10-01 13:48:16,982][flwr][INFO] - fit progress: (77, 164.83140498399734, {'accuracy': 0.7406685236768802}, 7191.1177812302485)
[2024-10-01 13:48:16,982][flwr][INFO] - configure_evaluate: strategy sampled 2 clients (out of 50)
[2024-10-01 13:48:18,577][flwr][INFO] - aggregate_evaluate: received 2 results and 0 failures
[2024-10-01 13:48:18,577][flwr][INFO] - 
[2024-10-01 13:48:18,578][flwr][INFO] - [ROUND 78]
[2024-10-01 13:48:18,578][flwr][INFO] - configure_fit: strategy sampled 5 clients (out of 50)
[2024-10-01 13:49:20,399][flwr][INFO] - aggregate_fit: received 5 results and 0 failures
[2024-10-01 13:49:39,440][flwr][INFO] - fit progress: (78, 157.0920181274414, {'accuracy': 0.7573816155988858}, 7273.576366913039)
[2024-10-01 13:49:39,441][flwr][INFO] - configure_evaluate: strategy sampled 2 clients (out of 50)
[2024-10-01 13:49:41,130][flwr][INFO] - aggregate_evaluate: received 2 results and 0 failures
[2024-10-01 13:49:41,130][flwr][INFO] - 
[2024-10-01 13:49:41,130][flwr][INFO] - [ROUND 79]
[2024-10-01 13:49:41,130][flwr][INFO] - configure_fit: strategy sampled 5 clients (out of 50)
[2024-10-01 13:50:56,681][flwr][INFO] - aggregate_fit: received 5 results and 0 failures
[2024-10-01 13:51:15,838][flwr][INFO] - fit progress: (79, 374.93196618556976, {'accuracy': 0.6512534818941504}, 7369.9744633832015)
[2024-10-01 13:51:15,839][flwr][INFO] - configure_evaluate: strategy sampled 2 clients (out of 50)
[2024-10-01 13:51:18,097][flwr][INFO] - aggregate_evaluate: received 2 results and 0 failures
[2024-10-01 13:51:18,098][flwr][INFO] - 
[2024-10-01 13:51:18,098][flwr][INFO] - [ROUND 80]
[2024-10-01 13:51:18,098][flwr][INFO] - configure_fit: strategy sampled 5 clients (out of 50)
[2024-10-01 13:52:03,355][flwr][INFO] - aggregate_fit: received 5 results and 0 failures
[2024-10-01 13:52:22,306][flwr][INFO] - fit progress: (80, 144.6329026222229, {'accuracy': 0.8073816155988858}, 7436.442373900209)
[2024-10-01 13:52:22,307][flwr][INFO] - configure_evaluate: strategy sampled 2 clients (out of 50)
[2024-10-01 13:52:24,272][flwr][INFO] - aggregate_evaluate: received 2 results and 0 failures
[2024-10-01 13:52:24,272][flwr][INFO] - 
[2024-10-01 13:52:24,273][flwr][INFO] - [ROUND 81]
[2024-10-01 13:52:24,273][flwr][INFO] - configure_fit: strategy sampled 5 clients (out of 50)
[2024-10-01 13:53:36,818][flwr][INFO] - aggregate_fit: received 5 results and 0 failures
[2024-10-01 13:53:55,820][flwr][INFO] - fit progress: (81, 151.99727694690228, {'accuracy': 0.7962395543175488}, 7529.956468374003)
[2024-10-01 13:53:55,821][flwr][INFO] - configure_evaluate: strategy sampled 2 clients (out of 50)
[2024-10-01 13:53:57,928][flwr][INFO] - aggregate_evaluate: received 2 results and 0 failures
[2024-10-01 13:53:57,929][flwr][INFO] - 
[2024-10-01 13:53:57,929][flwr][INFO] - [ROUND 82]
[2024-10-01 13:53:57,929][flwr][INFO] - configure_fit: strategy sampled 5 clients (out of 50)
[2024-10-01 13:54:58,318][flwr][INFO] - aggregate_fit: received 5 results and 0 failures
[2024-10-01 13:55:17,734][flwr][INFO] - fit progress: (82, 164.9549176990986, {'accuracy': 0.8112813370473537}, 7611.870328476187)
[2024-10-01 13:55:17,735][flwr][INFO] - configure_evaluate: strategy sampled 2 clients (out of 50)
[2024-10-01 13:55:20,123][flwr][INFO] - aggregate_evaluate: received 2 results and 0 failures
[2024-10-01 13:55:20,123][flwr][INFO] - 
[2024-10-01 13:55:20,123][flwr][INFO] - [ROUND 83]
[2024-10-01 13:55:20,124][flwr][INFO] - configure_fit: strategy sampled 5 clients (out of 50)
[2024-10-01 13:56:59,866][flwr][INFO] - aggregate_fit: received 5 results and 0 failures
[2024-10-01 13:57:18,732][flwr][INFO] - fit progress: (83, 218.93209129571915, {'accuracy': 0.6863509749303621}, 7732.868116003927)
[2024-10-01 13:57:18,732][flwr][INFO] - configure_evaluate: strategy sampled 2 clients (out of 50)
[2024-10-01 13:57:20,386][flwr][INFO] - aggregate_evaluate: received 2 results and 0 failures
[2024-10-01 13:57:20,386][flwr][INFO] - 
[2024-10-01 13:57:20,386][flwr][INFO] - [ROUND 84]
[2024-10-01 13:57:20,386][flwr][INFO] - configure_fit: strategy sampled 5 clients (out of 50)
[2024-10-01 13:58:26,661][flwr][INFO] - aggregate_fit: received 5 results and 0 failures
[2024-10-01 13:58:45,686][flwr][INFO] - fit progress: (84, 166.1264985948801, {'accuracy': 0.7750696378830083}, 7819.821660115849)
[2024-10-01 13:58:45,686][flwr][INFO] - configure_evaluate: strategy sampled 2 clients (out of 50)
[2024-10-01 13:58:48,102][flwr][INFO] - aggregate_evaluate: received 2 results and 0 failures
[2024-10-01 13:58:48,103][flwr][INFO] - 
[2024-10-01 13:58:48,103][flwr][INFO] - [ROUND 85]
[2024-10-01 13:58:48,103][flwr][INFO] - configure_fit: strategy sampled 5 clients (out of 50)
[2024-10-01 13:59:57,739][flwr][INFO] - aggregate_fit: received 5 results and 0 failures
[2024-10-01 14:00:17,169][flwr][INFO] - fit progress: (85, 125.86541939526796, {'accuracy': 0.8167130919220056}, 7911.304684699979)
[2024-10-01 14:00:17,169][flwr][INFO] - configure_evaluate: strategy sampled 2 clients (out of 50)
[2024-10-01 14:00:18,731][flwr][INFO] - aggregate_evaluate: received 2 results and 0 failures
[2024-10-01 14:00:18,731][flwr][INFO] - 
[2024-10-01 14:00:18,731][flwr][INFO] - [ROUND 86]
[2024-10-01 14:00:18,732][flwr][INFO] - configure_fit: strategy sampled 5 clients (out of 50)
[2024-10-01 14:00:55,589][flwr][INFO] - aggregate_fit: received 5 results and 0 failures
[2024-10-01 14:01:13,635][flwr][INFO] - fit progress: (86, 194.6221233010292, {'accuracy': 0.7537604456824513}, 7967.7713079741225)
[2024-10-01 14:01:13,636][flwr][INFO] - configure_evaluate: strategy sampled 2 clients (out of 50)
[2024-10-01 14:01:16,411][flwr][INFO] - aggregate_evaluate: received 2 results and 0 failures
[2024-10-01 14:01:16,411][flwr][INFO] - 
[2024-10-01 14:01:16,411][flwr][INFO] - [ROUND 87]
[2024-10-01 14:01:16,411][flwr][INFO] - configure_fit: strategy sampled 5 clients (out of 50)
[2024-10-01 14:02:46,455][flwr][INFO] - aggregate_fit: received 5 results and 0 failures
[2024-10-01 14:03:03,787][flwr][INFO] - fit progress: (87, 169.38732394576073, {'accuracy': 0.7711699164345404}, 8077.922842530068)
[2024-10-01 14:03:03,787][flwr][INFO] - configure_evaluate: strategy sampled 2 clients (out of 50)
[2024-10-01 14:03:06,363][flwr][INFO] - aggregate_evaluate: received 2 results and 0 failures
[2024-10-01 14:03:06,364][flwr][INFO] - 
[2024-10-01 14:03:06,364][flwr][INFO] - [ROUND 88]
[2024-10-01 14:03:06,364][flwr][INFO] - configure_fit: strategy sampled 5 clients (out of 50)
[2024-10-01 14:03:34,900][flwr][INFO] - aggregate_fit: received 5 results and 0 failures
[2024-10-01 14:03:53,254][flwr][INFO] - fit progress: (88, 332.34309607744217, {'accuracy': 0.6266016713091922}, 8127.390421818942)
[2024-10-01 14:03:53,255][flwr][INFO] - configure_evaluate: strategy sampled 2 clients (out of 50)
[2024-10-01 14:03:54,925][flwr][INFO] - aggregate_evaluate: received 2 results and 0 failures
[2024-10-01 14:03:54,926][flwr][INFO] - 
[2024-10-01 14:03:54,926][flwr][INFO] - [ROUND 89]
[2024-10-01 14:03:54,926][flwr][INFO] - configure_fit: strategy sampled 5 clients (out of 50)
[2024-10-01 14:06:18,981][flwr][INFO] - aggregate_fit: received 5 results and 0 failures
[2024-10-01 14:06:36,845][flwr][INFO] - fit progress: (89, 223.63331531733274, {'accuracy': 0.7385793871866295}, 8290.981597620994)
[2024-10-01 14:06:36,846][flwr][INFO] - configure_evaluate: strategy sampled 2 clients (out of 50)
[2024-10-01 14:06:39,848][flwr][INFO] - aggregate_evaluate: received 2 results and 0 failures
[2024-10-01 14:06:39,849][flwr][INFO] - 
[2024-10-01 14:06:39,849][flwr][INFO] - [ROUND 90]
[2024-10-01 14:06:39,849][flwr][INFO] - configure_fit: strategy sampled 5 clients (out of 50)
[2024-10-01 14:07:59,623][flwr][INFO] - aggregate_fit: received 5 results and 0 failures
[2024-10-01 14:08:16,131][flwr][INFO] - fit progress: (90, 323.8923633992672, {'accuracy': 0.6190807799442897}, 8390.267263859045)
[2024-10-01 14:08:16,132][flwr][INFO] - configure_evaluate: strategy sampled 2 clients (out of 50)
[2024-10-01 14:08:17,870][flwr][INFO] - aggregate_evaluate: received 2 results and 0 failures
[2024-10-01 14:08:17,870][flwr][INFO] - 
[2024-10-01 14:08:17,870][flwr][INFO] - [ROUND 91]
[2024-10-01 14:08:17,871][flwr][INFO] - configure_fit: strategy sampled 5 clients (out of 50)
[2024-10-01 14:09:43,878][flwr][INFO] - aggregate_fit: received 5 results and 0 failures
[2024-10-01 14:10:00,272][flwr][INFO] - fit progress: (91, 114.331239849329, {'accuracy': 0.825208913649025}, 8494.408543563914)
[2024-10-01 14:10:00,273][flwr][INFO] - configure_evaluate: strategy sampled 2 clients (out of 50)
[2024-10-01 14:10:03,114][flwr][INFO] - aggregate_evaluate: received 2 results and 0 failures
[2024-10-01 14:10:03,115][flwr][INFO] - 
[2024-10-01 14:10:03,115][flwr][INFO] - [ROUND 92]
[2024-10-01 14:10:03,115][flwr][INFO] - configure_fit: strategy sampled 5 clients (out of 50)
[2024-10-01 14:10:47,546][flwr][INFO] - aggregate_fit: received 5 results and 0 failures
[2024-10-01 14:11:04,186][flwr][INFO] - fit progress: (92, 172.01645450294018, {'accuracy': 0.7725626740947075}, 8558.322558751795)
[2024-10-01 14:11:04,187][flwr][INFO] - configure_evaluate: strategy sampled 2 clients (out of 50)
[2024-10-01 14:11:05,654][flwr][INFO] - aggregate_evaluate: received 2 results and 0 failures
[2024-10-01 14:11:05,655][flwr][INFO] - 
[2024-10-01 14:11:05,655][flwr][INFO] - [ROUND 93]
[2024-10-01 14:11:05,655][flwr][INFO] - configure_fit: strategy sampled 5 clients (out of 50)
[2024-10-01 14:11:47,954][flwr][INFO] - aggregate_fit: received 5 results and 0 failures
[2024-10-01 14:12:05,154][flwr][INFO] - fit progress: (93, 133.46178197860718, {'accuracy': 0.8094707520891364}, 8619.289820821956)
[2024-10-01 14:12:05,154][flwr][INFO] - configure_evaluate: strategy sampled 2 clients (out of 50)
[2024-10-01 14:12:08,048][flwr][INFO] - aggregate_evaluate: received 2 results and 0 failures
[2024-10-01 14:12:08,049][flwr][INFO] - 
[2024-10-01 14:12:08,049][flwr][INFO] - [ROUND 94]
[2024-10-01 14:12:08,049][flwr][INFO] - configure_fit: strategy sampled 5 clients (out of 50)
[2024-10-01 14:13:01,165][flwr][INFO] - aggregate_fit: received 5 results and 0 failures
[2024-10-01 14:13:17,822][flwr][INFO] - fit progress: (94, 2758.8244441747665, {'accuracy': 0.6513927576601671}, 8691.958388783038)
[2024-10-01 14:13:17,823][flwr][INFO] - configure_evaluate: strategy sampled 2 clients (out of 50)
[2024-10-01 14:13:20,582][flwr][INFO] - aggregate_evaluate: received 2 results and 0 failures
[2024-10-01 14:13:20,582][flwr][INFO] - 
[2024-10-01 14:13:20,582][flwr][INFO] - [ROUND 95]
[2024-10-01 14:13:20,583][flwr][INFO] - configure_fit: strategy sampled 5 clients (out of 50)
[2024-10-01 14:14:04,695][flwr][INFO] - aggregate_fit: received 5 results and 0 failures
[2024-10-01 14:14:21,593][flwr][INFO] - fit progress: (95, 196.66866102814674, {'accuracy': 0.7377437325905293}, 8755.728709218092)
[2024-10-01 14:14:21,593][flwr][INFO] - configure_evaluate: strategy sampled 2 clients (out of 50)
[2024-10-01 14:14:23,257][flwr][INFO] - aggregate_evaluate: received 2 results and 0 failures
[2024-10-01 14:14:23,258][flwr][INFO] - 
[2024-10-01 14:14:23,258][flwr][INFO] - [ROUND 96]
[2024-10-01 14:14:23,258][flwr][INFO] - configure_fit: strategy sampled 5 clients (out of 50)
[2024-10-01 14:15:33,691][flwr][INFO] - aggregate_fit: received 5 results and 0 failures
[2024-10-01 14:15:50,312][flwr][INFO] - fit progress: (96, 142.79489855468273, {'accuracy': 0.7816155988857939}, 8844.448330479208)
[2024-10-01 14:15:50,313][flwr][INFO] - configure_evaluate: strategy sampled 2 clients (out of 50)
[2024-10-01 14:15:53,413][flwr][INFO] - aggregate_evaluate: received 2 results and 0 failures
[2024-10-01 14:15:53,413][flwr][INFO] - 
[2024-10-01 14:15:53,413][flwr][INFO] - [ROUND 97]
[2024-10-01 14:15:53,413][flwr][INFO] - configure_fit: strategy sampled 5 clients (out of 50)
[2024-10-01 14:16:55,480][flwr][INFO] - aggregate_fit: received 5 results and 0 failures
[2024-10-01 14:17:11,908][flwr][INFO] - fit progress: (97, 142.52955647557974, {'accuracy': 0.796100278551532}, 8926.044497764204)
[2024-10-01 14:17:11,909][flwr][INFO] - configure_evaluate: strategy sampled 2 clients (out of 50)
[2024-10-01 14:17:13,961][flwr][INFO] - aggregate_evaluate: received 2 results and 0 failures
[2024-10-01 14:17:13,961][flwr][INFO] - 
[2024-10-01 14:17:13,961][flwr][INFO] - [ROUND 98]
[2024-10-01 14:17:13,961][flwr][INFO] - configure_fit: strategy sampled 5 clients (out of 50)
[2024-10-01 14:17:51,766][flwr][INFO] - aggregate_fit: received 5 results and 0 failures
[2024-10-01 14:18:08,322][flwr][INFO] - fit progress: (98, 183.15145213901997, {'accuracy': 0.765041782729805}, 8982.458519362845)
[2024-10-01 14:18:08,323][flwr][INFO] - configure_evaluate: strategy sampled 2 clients (out of 50)
[2024-10-01 14:18:09,872][flwr][INFO] - aggregate_evaluate: received 2 results and 0 failures
[2024-10-01 14:18:09,872][flwr][INFO] - 
[2024-10-01 14:18:09,872][flwr][INFO] - [ROUND 99]
[2024-10-01 14:18:09,872][flwr][INFO] - configure_fit: strategy sampled 5 clients (out of 50)
[2024-10-01 14:19:13,263][flwr][INFO] - aggregate_fit: received 5 results and 0 failures
[2024-10-01 14:19:31,624][flwr][INFO] - fit progress: (99, 222.86198848485947, {'accuracy': 0.7250696378830084}, 9065.759662005119)
[2024-10-01 14:19:31,624][flwr][INFO] - configure_evaluate: strategy sampled 2 clients (out of 50)
[2024-10-01 14:19:33,449][flwr][INFO] - aggregate_evaluate: received 2 results and 0 failures
[2024-10-01 14:19:33,449][flwr][INFO] - 
[2024-10-01 14:19:33,449][flwr][INFO] - [ROUND 100]
[2024-10-01 14:19:33,450][flwr][INFO] - configure_fit: strategy sampled 5 clients (out of 50)
[2024-10-01 14:21:05,498][flwr][INFO] - aggregate_fit: received 5 results and 0 failures
[2024-10-01 14:21:21,904][flwr][INFO] - fit progress: (100, 221.96390394866467, {'accuracy': 0.7582172701949861}, 9176.04021200398)
[2024-10-01 14:21:21,904][flwr][INFO] - configure_evaluate: strategy sampled 2 clients (out of 50)
[2024-10-01 14:21:23,842][flwr][INFO] - aggregate_evaluate: received 2 results and 0 failures
[2024-10-01 14:21:23,852][flwr][INFO] - 
[2024-10-01 14:21:23,852][flwr][INFO] - [SUMMARY]
[2024-10-01 14:21:23,852][flwr][INFO] - Run finished 100 round(s) in 9177.98s
[2024-10-01 14:21:23,854][flwr][INFO] - 	History (loss, distributed):
[2024-10-01 14:21:23,854][flwr][INFO] - 		round 1: 15.266376077745258
[2024-10-01 14:21:23,854][flwr][INFO] - 		round 2: 7.3994293538442095
[2024-10-01 14:21:23,854][flwr][INFO] - 		round 3: 17.916044375012973
[2024-10-01 14:21:23,855][flwr][INFO] - 		round 4: 16.3375185109392
[2024-10-01 14:21:23,855][flwr][INFO] - 		round 5: 12.210870702121285
[2024-10-01 14:21:23,855][flwr][INFO] - 		round 6: 2.9785541195905845
[2024-10-01 14:21:23,855][flwr][INFO] - 		round 7: 28.75360734102338
[2024-10-01 14:21:23,855][flwr][INFO] - 		round 8: 15.427679533594684
[2024-10-01 14:21:23,855][flwr][INFO] - 		round 9: 3.1821638911725354
[2024-10-01 14:21:23,855][flwr][INFO] - 		round 10: 0.7024575661529194
[2024-10-01 14:21:23,855][flwr][INFO] - 		round 11: 4.531968685984611
[2024-10-01 14:21:23,855][flwr][INFO] - 		round 12: 3.3044496099951783
[2024-10-01 14:21:23,855][flwr][INFO] - 		round 13: 2.5827867070517216
[2024-10-01 14:21:23,855][flwr][INFO] - 		round 14: 2.447417644368615
[2024-10-01 14:21:23,855][flwr][INFO] - 		round 15: 8.740645425982196
[2024-10-01 14:21:23,855][flwr][INFO] - 		round 16: 2.4792362590437955
[2024-10-01 14:21:23,855][flwr][INFO] - 		round 17: 1.3918513962608612
[2024-10-01 14:21:23,855][flwr][INFO] - 		round 18: 3.6731989592313767
[2024-10-01 14:21:23,855][flwr][INFO] - 		round 19: 1.4450976689656576
[2024-10-01 14:21:23,855][flwr][INFO] - 		round 20: 5.725860697251779
[2024-10-01 14:21:23,855][flwr][INFO] - 		round 21: 6.259238097925401
[2024-10-01 14:21:23,855][flwr][INFO] - 		round 22: 14.227726515252792
[2024-10-01 14:21:23,855][flwr][INFO] - 		round 23: 3.490996416415764
[2024-10-01 14:21:23,855][flwr][INFO] - 		round 24: 6.547702839312035
[2024-10-01 14:21:23,855][flwr][INFO] - 		round 25: 10.308342535160541
[2024-10-01 14:21:23,856][flwr][INFO] - 		round 26: 2.162255078743977
[2024-10-01 14:21:23,856][flwr][INFO] - 		round 27: 3.726910120103417
[2024-10-01 14:21:23,856][flwr][INFO] - 		round 28: 7.20089988984601
[2024-10-01 14:21:23,856][flwr][INFO] - 		round 29: 2.472997801347834
[2024-10-01 14:21:23,856][flwr][INFO] - 		round 30: 5.79424657616564
[2024-10-01 14:21:23,856][flwr][INFO] - 		round 31: 4.157578274709323
[2024-10-01 14:21:23,856][flwr][INFO] - 		round 32: 1.4531237180974033
[2024-10-01 14:21:23,856][flwr][INFO] - 		round 33: 10.389833728682268
[2024-10-01 14:21:23,856][flwr][INFO] - 		round 34: 13.074693666377538
[2024-10-01 14:21:23,856][flwr][INFO] - 		round 35: 0.6770876856294997
[2024-10-01 14:21:23,856][flwr][INFO] - 		round 36: 6.557883503840124
[2024-10-01 14:21:23,856][flwr][INFO] - 		round 37: 0.9619528393128088
[2024-10-01 14:21:23,856][flwr][INFO] - 		round 38: 0.2942236101737729
[2024-10-01 14:21:23,856][flwr][INFO] - 		round 39: 0.23256309926509858
[2024-10-01 14:21:23,856][flwr][INFO] - 		round 40: 6.959309091054305
[2024-10-01 14:21:23,856][flwr][INFO] - 		round 41: 0.24230149057176378
[2024-10-01 14:21:23,856][flwr][INFO] - 		round 42: 3.7350513348867604
[2024-10-01 14:21:23,856][flwr][INFO] - 		round 43: 4.704938748303582
[2024-10-01 14:21:23,856][flwr][INFO] - 		round 44: 5.146754618361593
[2024-10-01 14:21:23,856][flwr][INFO] - 		round 45: 16.202123200539315
[2024-10-01 14:21:23,856][flwr][INFO] - 		round 46: 1.4719353542878078
[2024-10-01 14:21:23,856][flwr][INFO] - 		round 47: 1.4753729551009935
[2024-10-01 14:21:23,857][flwr][INFO] - 		round 48: 3.4491269792527404
[2024-10-01 14:21:23,857][flwr][INFO] - 		round 49: 6.987939696486404
[2024-10-01 14:21:23,857][flwr][INFO] - 		round 50: 1.3290785790658464
[2024-10-01 14:21:23,857][flwr][INFO] - 		round 51: 5.725016454383526
[2024-10-01 14:21:23,857][flwr][INFO] - 		round 52: 2.7070049390527937
[2024-10-01 14:21:23,857][flwr][INFO] - 		round 53: 5.185752028495627
[2024-10-01 14:21:23,857][flwr][INFO] - 		round 54: 3.555457031884329
[2024-10-01 14:21:23,857][flwr][INFO] - 		round 55: 0.10891021652655168
[2024-10-01 14:21:23,857][flwr][INFO] - 		round 56: 0.6748195842070424
[2024-10-01 14:21:23,857][flwr][INFO] - 		round 57: 8.624328015749636
[2024-10-01 14:21:23,857][flwr][INFO] - 		round 58: 8.801279989397758
[2024-10-01 14:21:23,857][flwr][INFO] - 		round 59: 2.36289337292854
[2024-10-01 14:21:23,857][flwr][INFO] - 		round 60: 0.5476942488125393
[2024-10-01 14:21:23,857][flwr][INFO] - 		round 61: 4.548189652018151
[2024-10-01 14:21:23,857][flwr][INFO] - 		round 62: 1.1050202623009682
[2024-10-01 14:21:23,857][flwr][INFO] - 		round 63: 2.068545597567199
[2024-10-01 14:21:23,857][flwr][INFO] - 		round 64: 0.5843762841599047
[2024-10-01 14:21:23,857][flwr][INFO] - 		round 65: 0.23021595654162494
[2024-10-01 14:21:23,857][flwr][INFO] - 		round 66: 0.7330677829908602
[2024-10-01 14:21:23,857][flwr][INFO] - 		round 67: 3.453092484681074
[2024-10-01 14:21:23,857][flwr][INFO] - 		round 68: 0.5593623675405979
[2024-10-01 14:21:23,857][flwr][INFO] - 		round 69: 0.06449236624787763
[2024-10-01 14:21:23,858][flwr][INFO] - 		round 70: 1.1037162564017555
[2024-10-01 14:21:23,858][flwr][INFO] - 		round 71: 4.41882710428123
[2024-10-01 14:21:23,858][flwr][INFO] - 		round 72: 0.5577219440178438
[2024-10-01 14:21:23,858][flwr][INFO] - 		round 73: 5.618184482809134
[2024-10-01 14:21:23,858][flwr][INFO] - 		round 74: 1.904031948533782
[2024-10-01 14:21:23,858][flwr][INFO] - 		round 75: 3.3530310126287595
[2024-10-01 14:21:23,858][flwr][INFO] - 		round 76: 0.5746576641686261
[2024-10-01 14:21:23,858][flwr][INFO] - 		round 77: 0.9583196012597335
[2024-10-01 14:21:23,858][flwr][INFO] - 		round 78: 0.1601571578104965
[2024-10-01 14:21:23,858][flwr][INFO] - 		round 79: 13.484514017717554
[2024-10-01 14:21:23,858][flwr][INFO] - 		round 80: 0.3395259839660944
[2024-10-01 14:21:23,858][flwr][INFO] - 		round 81: 2.788503279819072
[2024-10-01 14:21:23,858][flwr][INFO] - 		round 82: 0.16182746132835746
[2024-10-01 14:21:23,858][flwr][INFO] - 		round 83: 1.3375498884981805
[2024-10-01 14:21:23,858][flwr][INFO] - 		round 84: 4.915272177553471
[2024-10-01 14:21:23,858][flwr][INFO] - 		round 85: 0.681971937417984
[2024-10-01 14:21:23,858][flwr][INFO] - 		round 86: 9.763551436849937
[2024-10-01 14:21:23,858][flwr][INFO] - 		round 87: 6.724895094739666
[2024-10-01 14:21:23,858][flwr][INFO] - 		round 88: 0.9588747421900431
[2024-10-01 14:21:23,858][flwr][INFO] - 		round 89: 9.060976775177629
[2024-10-01 14:21:23,858][flwr][INFO] - 		round 90: 4.265209603990828
[2024-10-01 14:21:23,858][flwr][INFO] - 		round 91: 3.5281632863081214
[2024-10-01 14:21:23,858][flwr][INFO] - 		round 92: 0.13896648420227897
[2024-10-01 14:21:23,859][flwr][INFO] - 		round 93: 3.7270042669331587
[2024-10-01 14:21:23,859][flwr][INFO] - 		round 94: 38.107863574590205
[2024-10-01 14:21:23,859][flwr][INFO] - 		round 95: 2.2703159578962824
[2024-10-01 14:21:23,859][flwr][INFO] - 		round 96: 4.096783139128185
[2024-10-01 14:21:23,859][flwr][INFO] - 		round 97: 1.2033431337420213
[2024-10-01 14:21:23,859][flwr][INFO] - 		round 98: 2.3518117628400286
[2024-10-01 14:21:23,859][flwr][INFO] - 		round 99: 3.5124660146542084
[2024-10-01 14:21:23,859][flwr][INFO] - 		round 100: 1.143687594268057
[2024-10-01 14:21:23,859][flwr][INFO] - 	History (loss, centralized):
[2024-10-01 14:21:23,859][flwr][INFO] - 		round 0: 505.41580986976624
[2024-10-01 14:21:23,859][flwr][INFO] - 		round 1: 464.4475347995758
[2024-10-01 14:21:23,859][flwr][INFO] - 		round 2: 472.46404016017914
[2024-10-01 14:21:23,859][flwr][INFO] - 		round 3: 435.78537130355835
[2024-10-01 14:21:23,859][flwr][INFO] - 		round 4: 334.2737807035446
[2024-10-01 14:21:23,859][flwr][INFO] - 		round 5: 328.4758287668228
[2024-10-01 14:21:23,859][flwr][INFO] - 		round 6: 302.57075864076614
[2024-10-01 14:21:23,859][flwr][INFO] - 		round 7: 533.8309692144394
[2024-10-01 14:21:23,859][flwr][INFO] - 		round 8: 367.64068591594696
[2024-10-01 14:21:23,859][flwr][INFO] - 		round 9: 208.94028341770172
[2024-10-01 14:21:23,859][flwr][INFO] - 		round 10: 182.3126329779625
[2024-10-01 14:21:23,859][flwr][INFO] - 		round 11: 275.90288627147675
[2024-10-01 14:21:23,859][flwr][INFO] - 		round 12: 232.70817759633064
[2024-10-01 14:21:23,859][flwr][INFO] - 		round 13: 213.00406646728516
[2024-10-01 14:21:23,860][flwr][INFO] - 		round 14: 250.78885453939438
[2024-10-01 14:21:23,860][flwr][INFO] - 		round 15: 242.87433177232742
[2024-10-01 14:21:23,860][flwr][INFO] - 		round 16: 167.20748409628868
[2024-10-01 14:21:23,860][flwr][INFO] - 		round 17: 218.8689839541912
[2024-10-01 14:21:23,860][flwr][INFO] - 		round 18: 244.74691516160965
[2024-10-01 14:21:23,860][flwr][INFO] - 		round 19: 242.48419430851936
[2024-10-01 14:21:23,860][flwr][INFO] - 		round 20: 244.17880782485008
[2024-10-01 14:21:23,860][flwr][INFO] - 		round 21: 252.24737858772278
[2024-10-01 14:21:23,860][flwr][INFO] - 		round 22: 252.39554208517075
[2024-10-01 14:21:23,860][flwr][INFO] - 		round 23: 196.43208354711533
[2024-10-01 14:21:23,860][flwr][INFO] - 		round 24: 157.61577519774437
[2024-10-01 14:21:23,860][flwr][INFO] - 		round 25: 134.98279836773872
[2024-10-01 14:21:23,860][flwr][INFO] - 		round 26: 162.8006223142147
[2024-10-01 14:21:23,860][flwr][INFO] - 		round 27: 214.4024574160576
[2024-10-01 14:21:23,860][flwr][INFO] - 		round 28: 150.15201157331467
[2024-10-01 14:21:23,860][flwr][INFO] - 		round 29: 158.7656034231186
[2024-10-01 14:21:23,860][flwr][INFO] - 		round 30: 204.76475644111633
[2024-10-01 14:21:23,860][flwr][INFO] - 		round 31: 195.22784814238548
[2024-10-01 14:21:23,860][flwr][INFO] - 		round 32: 143.7195702791214
[2024-10-01 14:21:23,860][flwr][INFO] - 		round 33: 281.7895607352257
[2024-10-01 14:21:23,860][flwr][INFO] - 		round 34: 285.99581372737885
[2024-10-01 14:21:23,860][flwr][INFO] - 		round 35: 171.04180312156677
[2024-10-01 14:21:23,860][flwr][INFO] - 		round 36: 231.71859043836594
[2024-10-01 14:21:23,861][flwr][INFO] - 		round 37: 168.83116430044174
[2024-10-01 14:21:23,861][flwr][INFO] - 		round 38: 137.60489544272423
[2024-10-01 14:21:23,861][flwr][INFO] - 		round 39: 221.9369192123413
[2024-10-01 14:21:23,861][flwr][INFO] - 		round 40: 206.0387621819973
[2024-10-01 14:21:23,861][flwr][INFO] - 		round 41: 246.25247833132744
[2024-10-01 14:21:23,861][flwr][INFO] - 		round 42: 219.68933114409447
[2024-10-01 14:21:23,861][flwr][INFO] - 		round 43: 276.2856491804123
[2024-10-01 14:21:23,861][flwr][INFO] - 		round 44: 206.5690816938877
[2024-10-01 14:21:23,861][flwr][INFO] - 		round 45: 376.3232663869858
[2024-10-01 14:21:23,861][flwr][INFO] - 		round 46: 180.57591158151627
[2024-10-01 14:21:23,861][flwr][INFO] - 		round 47: 127.66128849983215
[2024-10-01 14:21:23,861][flwr][INFO] - 		round 48: 132.39041939377785
[2024-10-01 14:21:23,861][flwr][INFO] - 		round 49: 212.55733263492584
[2024-10-01 14:21:23,861][flwr][INFO] - 		round 50: 181.96461632847786
[2024-10-01 14:21:23,861][flwr][INFO] - 		round 51: 624.2220218777657
[2024-10-01 14:21:23,861][flwr][INFO] - 		round 52: 350.79153949022293
[2024-10-01 14:21:23,861][flwr][INFO] - 		round 53: 132.96465523540974
[2024-10-01 14:21:23,861][flwr][INFO] - 		round 54: 114.29004701972008
[2024-10-01 14:21:23,861][flwr][INFO] - 		round 55: 183.2255082130432
[2024-10-01 14:21:23,861][flwr][INFO] - 		round 56: 164.5034138262272
[2024-10-01 14:21:23,861][flwr][INFO] - 		round 57: 185.02208749949932
[2024-10-01 14:21:23,861][flwr][INFO] - 		round 58: 226.0564472824335
[2024-10-01 14:21:23,862][flwr][INFO] - 		round 59: 152.31968508660793
[2024-10-01 14:21:23,862][flwr][INFO] - 		round 60: 128.7449617534876
[2024-10-01 14:21:23,862][flwr][INFO] - 		round 61: 248.1900637447834
[2024-10-01 14:21:23,862][flwr][INFO] - 		round 62: 214.0265241265297
[2024-10-01 14:21:23,862][flwr][INFO] - 		round 63: 125.34798701107502
[2024-10-01 14:21:23,862][flwr][INFO] - 		round 64: 121.80948279052973
[2024-10-01 14:21:23,862][flwr][INFO] - 		round 65: 326.2206354737282
[2024-10-01 14:21:23,862][flwr][INFO] - 		round 66: 285.6873451024294
[2024-10-01 14:21:23,862][flwr][INFO] - 		round 67: 214.5833027213812
[2024-10-01 14:21:23,862][flwr][INFO] - 		round 68: 156.48491060733795
[2024-10-01 14:21:23,862][flwr][INFO] - 		round 69: 133.41698975861073
[2024-10-01 14:21:23,862][flwr][INFO] - 		round 70: 165.68505664169788
[2024-10-01 14:21:23,862][flwr][INFO] - 		round 71: 348.0966759324074
[2024-10-01 14:21:23,862][flwr][INFO] - 		round 72: 224.3359421491623
[2024-10-01 14:21:23,862][flwr][INFO] - 		round 73: 201.83633720874786
[2024-10-01 14:21:23,862][flwr][INFO] - 		round 74: 207.84986913204193
[2024-10-01 14:21:23,862][flwr][INFO] - 		round 75: 129.14846381545067
[2024-10-01 14:21:23,862][flwr][INFO] - 		round 76: 262.2965422272682
[2024-10-01 14:21:23,862][flwr][INFO] - 		round 77: 164.83140498399734
[2024-10-01 14:21:23,862][flwr][INFO] - 		round 78: 157.0920181274414
[2024-10-01 14:21:23,862][flwr][INFO] - 		round 79: 374.93196618556976
[2024-10-01 14:21:23,862][flwr][INFO] - 		round 80: 144.6329026222229
[2024-10-01 14:21:23,862][flwr][INFO] - 		round 81: 151.99727694690228
[2024-10-01 14:21:23,863][flwr][INFO] - 		round 82: 164.9549176990986
[2024-10-01 14:21:23,863][flwr][INFO] - 		round 83: 218.93209129571915
[2024-10-01 14:21:23,863][flwr][INFO] - 		round 84: 166.1264985948801
[2024-10-01 14:21:23,863][flwr][INFO] - 		round 85: 125.86541939526796
[2024-10-01 14:21:23,863][flwr][INFO] - 		round 86: 194.6221233010292
[2024-10-01 14:21:23,863][flwr][INFO] - 		round 87: 169.38732394576073
[2024-10-01 14:21:23,863][flwr][INFO] - 		round 88: 332.34309607744217
[2024-10-01 14:21:23,863][flwr][INFO] - 		round 89: 223.63331531733274
[2024-10-01 14:21:23,863][flwr][INFO] - 		round 90: 323.8923633992672
[2024-10-01 14:21:23,863][flwr][INFO] - 		round 91: 114.331239849329
[2024-10-01 14:21:23,863][flwr][INFO] - 		round 92: 172.01645450294018
[2024-10-01 14:21:23,863][flwr][INFO] - 		round 93: 133.46178197860718
[2024-10-01 14:21:23,863][flwr][INFO] - 		round 94: 2758.8244441747665
[2024-10-01 14:21:23,863][flwr][INFO] - 		round 95: 196.66866102814674
[2024-10-01 14:21:23,863][flwr][INFO] - 		round 96: 142.79489855468273
[2024-10-01 14:21:23,863][flwr][INFO] - 		round 97: 142.52955647557974
[2024-10-01 14:21:23,863][flwr][INFO] - 		round 98: 183.15145213901997
[2024-10-01 14:21:23,863][flwr][INFO] - 		round 99: 222.86198848485947
[2024-10-01 14:21:23,863][flwr][INFO] - 		round 100: 221.96390394866467
[2024-10-01 14:21:23,863][flwr][INFO] - 	History (metrics, distributed, evaluate):
[2024-10-01 14:21:23,863][flwr][INFO] - 	{'accuracy': [(1, 0.015444015444015444),
[2024-10-01 14:21:23,863][flwr][INFO] - 	              (2, 0.008032128514056224),
[2024-10-01 14:21:23,863][flwr][INFO] - 	              (3, 0.0799492385786802),
[2024-10-01 14:21:23,864][flwr][INFO] - 	              (4, 0.2314647377938517),
[2024-10-01 14:21:23,864][flwr][INFO] - 	              (5, 0.4027339642481598),
[2024-10-01 14:21:23,864][flwr][INFO] - 	              (6, 0.45038167938931295),
[2024-10-01 14:21:23,864][flwr][INFO] - 	              (7, 0.05232558139534884),
[2024-10-01 14:21:23,864][flwr][INFO] - 	              (8, 0.39123867069486407),
[2024-10-01 14:21:23,864][flwr][INFO] - 	              (9, 0.7904509283819628),
[2024-10-01 14:21:23,864][flwr][INFO] - 	              (10, 0.8983957219251337),
[2024-10-01 14:21:23,864][flwr][INFO] - 	              (11, 0.3541666666666667),
[2024-10-01 14:21:23,864][flwr][INFO] - 	              (12, 0.7883211678832117),
[2024-10-01 14:21:23,864][flwr][INFO] - 	              (13, 0.7569721115537849),
[2024-10-01 14:21:23,864][flwr][INFO] - 	              (14, 0.821656050955414),
[2024-10-01 14:21:23,864][flwr][INFO] - 	              (15, 0.3856332703213611),
[2024-10-01 14:21:23,864][flwr][INFO] - 	              (16, 0.8155339805825242),
[2024-10-01 14:21:23,864][flwr][INFO] - 	              (17, 0.688622754491018),
[2024-10-01 14:21:23,864][flwr][INFO] - 	              (18, 0.43125),
[2024-10-01 14:21:23,864][flwr][INFO] - 	              (19, 0.4444444444444444),
[2024-10-01 14:21:23,864][flwr][INFO] - 	              (20, 0.5092592592592593),
[2024-10-01 14:21:23,864][flwr][INFO] - 	              (21, 0.519893899204244),
[2024-10-01 14:21:23,864][flwr][INFO] - 	              (22, 0.296849087893864),
[2024-10-01 14:21:23,864][flwr][INFO] - 	              (23, 0.7636986301369864),
[2024-10-01 14:21:23,864][flwr][INFO] - 	              (24, 0.5280898876404494),
[2024-10-01 14:21:23,864][flwr][INFO] - 	              (25, 0.3412322274881517),
[2024-10-01 14:21:23,864][flwr][INFO] - 	              (26, 0.7961783439490446),
[2024-10-01 14:21:23,864][flwr][INFO] - 	              (27, 0.8102981029810298),
[2024-10-01 14:21:23,865][flwr][INFO] - 	              (28, 0.6377607025246982),
[2024-10-01 14:21:23,865][flwr][INFO] - 	              (29, 0.8094262295081968),
[2024-10-01 14:21:23,865][flwr][INFO] - 	              (30, 0.2903225806451613),
[2024-10-01 14:21:23,865][flwr][INFO] - 	              (31, 0.8323586744639376),
[2024-10-01 14:21:23,865][flwr][INFO] - 	              (32, 0.8063063063063063),
[2024-10-01 14:21:23,865][flwr][INFO] - 	              (33, 0.6936619718309859),
[2024-10-01 14:21:23,865][flwr][INFO] - 	              (34, 0.21931589537223342),
[2024-10-01 14:21:23,865][flwr][INFO] - 	              (35, 0.8522727272727273),
[2024-10-01 14:21:23,865][flwr][INFO] - 	              (36, 0.6906474820143885),
[2024-10-01 14:21:23,865][flwr][INFO] - 	              (37, 0.8571428571428571),
[2024-10-01 14:21:23,865][flwr][INFO] - 	              (38, 0.9012345679012346),
[2024-10-01 14:21:23,865][flwr][INFO] - 	              (39, 0.9555555555555556),
[2024-10-01 14:21:23,865][flwr][INFO] - 	              (40, 0.6721311475409836),
[2024-10-01 14:21:23,865][flwr][INFO] - 	              (41, 0.9444444444444444),
[2024-10-01 14:21:23,865][flwr][INFO] - 	              (42, 0.7527472527472527),
[2024-10-01 14:21:23,865][flwr][INFO] - 	              (43, 0.3125),
[2024-10-01 14:21:23,865][flwr][INFO] - 	              (44, 0.6716666666666666),
[2024-10-01 14:21:23,865][flwr][INFO] - 	              (45, 0.46864686468646866),
[2024-10-01 14:21:23,865][flwr][INFO] - 	              (46, 0.8051282051282052),
[2024-10-01 14:21:23,865][flwr][INFO] - 	              (47, 0.8664383561643836),
[2024-10-01 14:21:23,865][flwr][INFO] - 	              (48, 0.7723880597014925),
[2024-10-01 14:21:23,865][flwr][INFO] - 	              (49, 0.4959349593495935),
[2024-10-01 14:21:23,865][flwr][INFO] - 	              (50, 0.803921568627451),
[2024-10-01 14:21:23,866][flwr][INFO] - 	              (51, 0.8333333333333334),
[2024-10-01 14:21:23,866][flwr][INFO] - 	              (52, 0.8251851851851851),
[2024-10-01 14:21:23,866][flwr][INFO] - 	              (53, 0.6763925729442971),
[2024-10-01 14:21:23,866][flwr][INFO] - 	              (54, 0.8536585365853658),
[2024-10-01 14:21:23,866][flwr][INFO] - 	              (55, 0.9545454545454546),
[2024-10-01 14:21:23,866][flwr][INFO] - 	              (56, 0.9375),
[2024-10-01 14:21:23,866][flwr][INFO] - 	              (57, 0.5282392026578073),
[2024-10-01 14:21:23,866][flwr][INFO] - 	              (58, 0.512987012987013),
[2024-10-01 14:21:23,866][flwr][INFO] - 	              (59, 0.6839378238341969),
[2024-10-01 14:21:23,866][flwr][INFO] - 	              (60, 0.7714285714285715),
[2024-10-01 14:21:23,866][flwr][INFO] - 	              (61, 0.5764192139737991),
[2024-10-01 14:21:23,866][flwr][INFO] - 	              (62, 0.6285714285714286),
[2024-10-01 14:21:23,866][flwr][INFO] - 	              (63, 0.9128205128205128),
[2024-10-01 14:21:23,866][flwr][INFO] - 	              (64, 0.9462809917355371),
[2024-10-01 14:21:23,866][flwr][INFO] - 	              (65, 0.9090909090909091),
[2024-10-01 14:21:23,866][flwr][INFO] - 	              (66, 0.8939393939393939),
[2024-10-01 14:21:23,866][flwr][INFO] - 	              (67, 0.5785123966942148),
[2024-10-01 14:21:23,866][flwr][INFO] - 	              (68, 0.9638888888888889),
[2024-10-01 14:21:23,866][flwr][INFO] - 	              (69, 0.979381443298969),
[2024-10-01 14:21:23,866][flwr][INFO] - 	              (70, 0.6909090909090909),
[2024-10-01 14:21:23,866][flwr][INFO] - 	              (71, 0.4578313253012048),
[2024-10-01 14:21:23,866][flwr][INFO] - 	              (72, 0.7727272727272727),
[2024-10-01 14:21:23,866][flwr][INFO] - 	              (73, 0.8529062870699882),
[2024-10-01 14:21:23,867][flwr][INFO] - 	              (74, 0.8844884488448845),
[2024-10-01 14:21:23,867][flwr][INFO] - 	              (75, 0.7619047619047619),
[2024-10-01 14:21:23,867][flwr][INFO] - 	              (76, 0.9038461538461539),
[2024-10-01 14:21:23,867][flwr][INFO] - 	              (77, 0.7105263157894737),
[2024-10-01 14:21:23,867][flwr][INFO] - 	              (78, 0.9344262295081968),
[2024-10-01 14:21:23,867][flwr][INFO] - 	              (79, 0.4288990825688073),
[2024-10-01 14:21:23,867][flwr][INFO] - 	              (80, 0.9627659574468085),
[2024-10-01 14:21:23,867][flwr][INFO] - 	              (81, 0.8009708737864077),
[2024-10-01 14:21:23,867][flwr][INFO] - 	              (82, 0.9873737373737373),
[2024-10-01 14:21:23,867][flwr][INFO] - 	              (83, 0.7582417582417582),
[2024-10-01 14:21:23,867][flwr][INFO] - 	              (84, 0.7530864197530864),
[2024-10-01 14:21:23,867][flwr][INFO] - 	              (85, 0.8983050847457628),
[2024-10-01 14:21:23,867][flwr][INFO] - 	              (86, 0.7279693486590039),
[2024-10-01 14:21:23,867][flwr][INFO] - 	              (87, 0.6572700296735905),
[2024-10-01 14:21:23,867][flwr][INFO] - 	              (88, 0.7592592592592593),
[2024-10-01 14:21:23,867][flwr][INFO] - 	              (89, 0.7142857142857143),
[2024-10-01 14:21:23,867][flwr][INFO] - 	              (90, 0.5657142857142857),
[2024-10-01 14:21:23,867][flwr][INFO] - 	              (91, 0.8487690504103166),
[2024-10-01 14:21:23,867][flwr][INFO] - 	              (92, 0.9682539682539683),
[2024-10-01 14:21:23,867][flwr][INFO] - 	              (93, 0.8311111111111111),
[2024-10-01 14:21:23,867][flwr][INFO] - 	              (94, 0.7780713342140027),
[2024-10-01 14:21:23,867][flwr][INFO] - 	              (95, 0.7225433526011561),
[2024-10-01 14:21:23,867][flwr][INFO] - 	              (96, 0.8229461756373938),
[2024-10-01 14:21:23,868][flwr][INFO] - 	              (97, 0.9110169491525424),
[2024-10-01 14:21:23,868][flwr][INFO] - 	              (98, 0.6190476190476191),
[2024-10-01 14:21:23,868][flwr][INFO] - 	              (99, 0.764102564102564),
[2024-10-01 14:21:23,868][flwr][INFO] - 	              (100, 0.8611111111111112)]}
[2024-10-01 14:21:23,868][flwr][INFO] - 	History (metrics, centralized):
[2024-10-01 14:21:23,868][flwr][INFO] - 	{'accuracy': [(0, 0.1520891364902507),
[2024-10-01 14:21:23,868][flwr][INFO] - 	              (1, 0.20027855153203342),
[2024-10-01 14:21:23,868][flwr][INFO] - 	              (2, 0.11894150417827298),
[2024-10-01 14:21:23,868][flwr][INFO] - 	              (3, 0.26977715877437325),
[2024-10-01 14:21:23,868][flwr][INFO] - 	              (4, 0.46114206128133706),
[2024-10-01 14:21:23,868][flwr][INFO] - 	              (5, 0.4522284122562674),
[2024-10-01 14:21:23,868][flwr][INFO] - 	              (6, 0.5625348189415041),
[2024-10-01 14:21:23,868][flwr][INFO] - 	              (7, 0.5011142061281337),
[2024-10-01 14:21:23,868][flwr][INFO] - 	              (8, 0.4759052924791086),
[2024-10-01 14:21:23,868][flwr][INFO] - 	              (9, 0.6883008356545961),
[2024-10-01 14:21:23,868][flwr][INFO] - 	              (10, 0.6676880222841226),
[2024-10-01 14:21:23,868][flwr][INFO] - 	              (11, 0.47604456824512537),
[2024-10-01 14:21:23,868][flwr][INFO] - 	              (12, 0.683983286908078),
[2024-10-01 14:21:23,868][flwr][INFO] - 	              (13, 0.7034818941504178),
[2024-10-01 14:21:23,868][flwr][INFO] - 	              (14, 0.643175487465181),
[2024-10-01 14:21:23,868][flwr][INFO] - 	              (15, 0.5596100278551532),
[2024-10-01 14:21:23,868][flwr][INFO] - 	              (16, 0.7133704735376044),
[2024-10-01 14:21:23,868][flwr][INFO] - 	              (17, 0.6452646239554317),
[2024-10-01 14:21:23,869][flwr][INFO] - 	              (18, 0.5693593314763231),
[2024-10-01 14:21:23,869][flwr][INFO] - 	              (19, 0.670891364902507),
[2024-10-01 14:21:23,869][flwr][INFO] - 	              (20, 0.6267409470752089),
[2024-10-01 14:21:23,869][flwr][INFO] - 	              (21, 0.563091922005571),
[2024-10-01 14:21:23,869][flwr][INFO] - 	              (22, 0.5401114206128134),
[2024-10-01 14:21:23,869][flwr][INFO] - 	              (23, 0.6998607242339833),
[2024-10-01 14:21:23,869][flwr][INFO] - 	              (24, 0.7479108635097493),
[2024-10-01 14:21:23,869][flwr][INFO] - 	              (25, 0.7767409470752089),
[2024-10-01 14:21:23,869][flwr][INFO] - 	              (26, 0.799025069637883),
[2024-10-01 14:21:23,869][flwr][INFO] - 	              (27, 0.6409470752089137),
[2024-10-01 14:21:23,869][flwr][INFO] - 	              (28, 0.8008356545961003),
[2024-10-01 14:21:23,869][flwr][INFO] - 	              (29, 0.7374651810584958),
[2024-10-01 14:21:23,869][flwr][INFO] - 	              (30, 0.6577994428969359),
[2024-10-01 14:21:23,869][flwr][INFO] - 	              (31, 0.6555710306406686),
[2024-10-01 14:21:23,869][flwr][INFO] - 	              (32, 0.7711699164345404),
[2024-10-01 14:21:23,869][flwr][INFO] - 	              (33, 0.5972144846796658),
[2024-10-01 14:21:23,869][flwr][INFO] - 	              (34, 0.6621169916434541),
[2024-10-01 14:21:23,869][flwr][INFO] - 	              (35, 0.717966573816156),
[2024-10-01 14:21:23,869][flwr][INFO] - 	              (36, 0.675208913649025),
[2024-10-01 14:21:23,869][flwr][INFO] - 	              (37, 0.8012534818941505),
[2024-10-01 14:21:23,869][flwr][INFO] - 	              (38, 0.7643454038997215),
[2024-10-01 14:21:23,869][flwr][INFO] - 	              (39, 0.6779944289693594),
[2024-10-01 14:21:23,869][flwr][INFO] - 	              (40, 0.6821727019498607),
[2024-10-01 14:21:23,870][flwr][INFO] - 	              (41, 0.6731197771587744),
[2024-10-01 14:21:23,870][flwr][INFO] - 	              (42, 0.665041782729805),
[2024-10-01 14:21:23,870][flwr][INFO] - 	              (43, 0.5963788300835655),
[2024-10-01 14:21:23,870][flwr][INFO] - 	              (44, 0.7071030640668524),
[2024-10-01 14:21:23,870][flwr][INFO] - 	              (45, 0.6228412256267409),
[2024-10-01 14:21:23,870][flwr][INFO] - 	              (46, 0.7317548746518105),
[2024-10-01 14:21:23,870][flwr][INFO] - 	              (47, 0.8125348189415041),
[2024-10-01 14:21:23,870][flwr][INFO] - 	              (48, 0.8020891364902507),
[2024-10-01 14:21:23,870][flwr][INFO] - 	              (49, 0.6807799442896936),
[2024-10-01 14:21:23,870][flwr][INFO] - 	              (50, 0.7371866295264624),
[2024-10-01 14:21:23,870][flwr][INFO] - 	              (51, 0.6905292479108636),
[2024-10-01 14:21:23,870][flwr][INFO] - 	              (52, 0.6013927576601671),
[2024-10-01 14:21:23,870][flwr][INFO] - 	              (53, 0.8071030640668524),
[2024-10-01 14:21:23,870][flwr][INFO] - 	              (54, 0.8260445682451254),
[2024-10-01 14:21:23,870][flwr][INFO] - 	              (55, 0.7192200557103064),
[2024-10-01 14:21:23,870][flwr][INFO] - 	              (56, 0.7463788300835654),
[2024-10-01 14:21:23,870][flwr][INFO] - 	              (57, 0.7459610027855154),
[2024-10-01 14:21:23,870][flwr][INFO] - 	              (58, 0.7488857938718663),
[2024-10-01 14:21:23,870][flwr][INFO] - 	              (59, 0.7582172701949861),
[2024-10-01 14:21:23,870][flwr][INFO] - 	              (60, 0.814066852367688),
[2024-10-01 14:21:23,870][flwr][INFO] - 	              (61, 0.66991643454039),
[2024-10-01 14:21:23,870][flwr][INFO] - 	              (62, 0.7388579387186629),
[2024-10-01 14:21:23,870][flwr][INFO] - 	              (63, 0.8161559888579387),
[2024-10-01 14:21:23,870][flwr][INFO] - 	              (64, 0.8467966573816156),
[2024-10-01 14:21:23,871][flwr][INFO] - 	              (65, 0.6409470752089137),
[2024-10-01 14:21:23,871][flwr][INFO] - 	              (66, 0.7040389972144847),
[2024-10-01 14:21:23,871][flwr][INFO] - 	              (67, 0.729108635097493),
[2024-10-01 14:21:23,871][flwr][INFO] - 	              (68, 0.7664345403899722),
[2024-10-01 14:21:23,871][flwr][INFO] - 	              (69, 0.7995821727019499),
[2024-10-01 14:21:23,871][flwr][INFO] - 	              (70, 0.7562674094707521),
[2024-10-01 14:21:23,871][flwr][INFO] - 	              (71, 0.5817548746518106),
[2024-10-01 14:21:23,871][flwr][INFO] - 	              (72, 0.6930362116991643),
[2024-10-01 14:21:23,871][flwr][INFO] - 	              (73, 0.7373259052924791),
[2024-10-01 14:21:23,871][flwr][INFO] - 	              (74, 0.6714484679665739),
[2024-10-01 14:21:23,871][flwr][INFO] - 	              (75, 0.8044568245125349),
[2024-10-01 14:21:23,871][flwr][INFO] - 	              (76, 0.61991643454039),
[2024-10-01 14:21:23,871][flwr][INFO] - 	              (77, 0.7406685236768802),
[2024-10-01 14:21:23,871][flwr][INFO] - 	              (78, 0.7573816155988858),
[2024-10-01 14:21:23,871][flwr][INFO] - 	              (79, 0.6512534818941504),
[2024-10-01 14:21:23,871][flwr][INFO] - 	              (80, 0.8073816155988858),
[2024-10-01 14:21:23,871][flwr][INFO] - 	              (81, 0.7962395543175488),
[2024-10-01 14:21:23,871][flwr][INFO] - 	              (82, 0.8112813370473537),
[2024-10-01 14:21:23,871][flwr][INFO] - 	              (83, 0.6863509749303621),
[2024-10-01 14:21:23,871][flwr][INFO] - 	              (84, 0.7750696378830083),
[2024-10-01 14:21:23,871][flwr][INFO] - 	              (85, 0.8167130919220056),
[2024-10-01 14:21:23,871][flwr][INFO] - 	              (86, 0.7537604456824513),
[2024-10-01 14:21:23,871][flwr][INFO] - 	              (87, 0.7711699164345404),
[2024-10-01 14:21:23,872][flwr][INFO] - 	              (88, 0.6266016713091922),
[2024-10-01 14:21:23,872][flwr][INFO] - 	              (89, 0.7385793871866295),
[2024-10-01 14:21:23,872][flwr][INFO] - 	              (90, 0.6190807799442897),
[2024-10-01 14:21:23,872][flwr][INFO] - 	              (91, 0.825208913649025),
[2024-10-01 14:21:23,872][flwr][INFO] - 	              (92, 0.7725626740947075),
[2024-10-01 14:21:23,872][flwr][INFO] - 	              (93, 0.8094707520891364),
[2024-10-01 14:21:23,872][flwr][INFO] - 	              (94, 0.6513927576601671),
[2024-10-01 14:21:23,872][flwr][INFO] - 	              (95, 0.7377437325905293),
[2024-10-01 14:21:23,872][flwr][INFO] - 	              (96, 0.7816155988857939),
[2024-10-01 14:21:23,872][flwr][INFO] - 	              (97, 0.796100278551532),
[2024-10-01 14:21:23,872][flwr][INFO] - 	              (98, 0.765041782729805),
[2024-10-01 14:21:23,872][flwr][INFO] - 	              (99, 0.7250696378830084),
[2024-10-01 14:21:23,872][flwr][INFO] - 	              (100, 0.7582172701949861)]}
[2024-10-01 14:21:23,872][flwr][INFO] - 
