[2024-09-07 23:47:04,063][flwr][INFO] - Starting Flower simulation, config: num_rounds=100, no round_timeout
[2024-09-07 23:47:10,012][flwr][INFO] - Flower VCE: Ray initialized with resources: {'node:__internal_head__': 1.0, 'node:115.145.171.128': 1.0, 'memory': 15180565710.0, 'object_store_memory': 7590282854.0, 'CPU': 32.0, 'accelerator_type:G': 1.0, 'GPU': 1.0}
[2024-09-07 23:47:10,012][flwr][INFO] - Optimize your simulation with Flower VCE: https://flower.ai/docs/framework/how-to-run-simulations.html
[2024-09-07 23:47:10,012][flwr][INFO] - Flower VCE: Resources for each Virtual Client: {'num_cpus': 24, 'num_gpus': 0.125}
[2024-09-07 23:47:10,024][flwr][INFO] - Flower VCE: Creating VirtualClientEngineActorPool with 1 actors
[2024-09-07 23:47:10,025][flwr][INFO] - [INIT]
[2024-09-07 23:47:10,025][flwr][INFO] - Requesting initial parameters from one random client
[2024-09-07 23:47:12,377][flwr][INFO] - Received initial parameters from one random client
[2024-09-07 23:47:12,377][flwr][INFO] - Evaluating initial global parameters
[2024-09-07 23:47:16,768][flwr][INFO] - initial parameters (loss, other metrics): 221.57649183273315, {'accuracy': 0.10026308097047647}
[2024-09-07 23:47:16,768][flwr][INFO] - 
[2024-09-07 23:47:16,768][flwr][INFO] - [ROUND 1]
[2024-09-07 23:47:16,768][flwr][INFO] - configure_fit: strategy sampled 5 clients (out of 50)
[2024-09-07 23:47:21,292][flwr][INFO] - aggregate_fit: received 5 results and 0 failures
[2024-09-07 23:47:21,331][flwr][WARNING] - No fit_metrics_aggregation_fn provided
[2024-09-07 23:47:25,608][flwr][INFO] - fit progress: (1, 218.405087351799, {'accuracy': 0.3048816135632856}, 8.840018336995854)
[2024-09-07 23:47:25,608][flwr][INFO] - configure_evaluate: strategy sampled 2 clients (out of 50)
[2024-09-07 23:47:25,947][flwr][INFO] - aggregate_evaluate: received 2 results and 0 failures
[2024-09-07 23:47:25,947][flwr][WARNING] - No evaluate_metrics_aggregation_fn provided
[2024-09-07 23:47:25,948][flwr][INFO] - 
[2024-09-07 23:47:25,948][flwr][INFO] - [ROUND 2]
[2024-09-07 23:47:25,948][flwr][INFO] - configure_fit: strategy sampled 5 clients (out of 50)
[2024-09-07 23:47:30,410][flwr][INFO] - aggregate_fit: received 5 results and 0 failures
[2024-09-07 23:47:34,709][flwr][INFO] - fit progress: (2, 224.42405605316162, {'accuracy': 0.21251096170710318}, 17.94126665899239)
[2024-09-07 23:47:34,709][flwr][INFO] - configure_evaluate: strategy sampled 2 clients (out of 50)
[2024-09-07 23:47:35,021][flwr][INFO] - aggregate_evaluate: received 2 results and 0 failures
[2024-09-07 23:47:35,021][flwr][INFO] - 
[2024-09-07 23:47:35,021][flwr][INFO] - [ROUND 3]
[2024-09-07 23:47:35,022][flwr][INFO] - configure_fit: strategy sampled 5 clients (out of 50)
[2024-09-07 23:47:40,309][flwr][INFO] - aggregate_fit: received 5 results and 0 failures
[2024-09-07 23:47:44,614][flwr][INFO] - fit progress: (3, 171.85416221618652, {'accuracy': 0.45571470330312774}, 27.846432631005882)
[2024-09-07 23:47:44,615][flwr][INFO] - configure_evaluate: strategy sampled 2 clients (out of 50)
[2024-09-07 23:47:44,974][flwr][INFO] - aggregate_evaluate: received 2 results and 0 failures
[2024-09-07 23:47:44,975][flwr][INFO] - 
[2024-09-07 23:47:44,975][flwr][INFO] - [ROUND 4]
[2024-09-07 23:47:44,975][flwr][INFO] - configure_fit: strategy sampled 5 clients (out of 50)
[2024-09-07 23:47:49,650][flwr][INFO] - aggregate_fit: received 5 results and 0 failures
[2024-09-07 23:47:53,831][flwr][INFO] - fit progress: (4, 91.66776341199875, {'accuracy': 0.7535808243203742}, 37.063199858996086)
[2024-09-07 23:47:53,831][flwr][INFO] - configure_evaluate: strategy sampled 2 clients (out of 50)
[2024-09-07 23:47:54,101][flwr][INFO] - aggregate_evaluate: received 2 results and 0 failures
[2024-09-07 23:47:54,101][flwr][INFO] - 
[2024-09-07 23:47:54,101][flwr][INFO] - [ROUND 5]
[2024-09-07 23:47:54,101][flwr][INFO] - configure_fit: strategy sampled 5 clients (out of 50)
[2024-09-07 23:47:56,422][flwr][INFO] - aggregate_fit: received 5 results and 0 failures
[2024-09-07 23:48:00,775][flwr][INFO] - fit progress: (5, 79.86054587364197, {'accuracy': 0.721134171294943}, 44.006832869999926)
[2024-09-07 23:48:00,775][flwr][INFO] - configure_evaluate: strategy sampled 2 clients (out of 50)
[2024-09-07 23:48:01,016][flwr][INFO] - aggregate_evaluate: received 2 results and 0 failures
[2024-09-07 23:48:01,016][flwr][INFO] - 
[2024-09-07 23:48:01,016][flwr][INFO] - [ROUND 6]
[2024-09-07 23:48:01,016][flwr][INFO] - configure_fit: strategy sampled 5 clients (out of 50)
[2024-09-07 23:48:05,182][flwr][INFO] - aggregate_fit: received 5 results and 0 failures
[2024-09-07 23:48:09,360][flwr][INFO] - fit progress: (6, 170.72453558444977, {'accuracy': 0.4399298450745396}, 52.591619756)
[2024-09-07 23:48:09,360][flwr][INFO] - configure_evaluate: strategy sampled 2 clients (out of 50)
[2024-09-07 23:48:09,610][flwr][INFO] - aggregate_evaluate: received 2 results and 0 failures
[2024-09-07 23:48:09,610][flwr][INFO] - 
[2024-09-07 23:48:09,610][flwr][INFO] - [ROUND 7]
[2024-09-07 23:48:09,610][flwr][INFO] - configure_fit: strategy sampled 5 clients (out of 50)
[2024-09-07 23:48:13,839][flwr][INFO] - aggregate_fit: received 5 results and 0 failures
[2024-09-07 23:48:18,016][flwr][INFO] - fit progress: (7, 176.31902050971985, {'accuracy': 0.3691902952353113}, 61.247753880001255)
[2024-09-07 23:48:18,016][flwr][INFO] - configure_evaluate: strategy sampled 2 clients (out of 50)
[2024-09-07 23:48:18,282][flwr][INFO] - aggregate_evaluate: received 2 results and 0 failures
[2024-09-07 23:48:18,282][flwr][INFO] - 
[2024-09-07 23:48:18,282][flwr][INFO] - [ROUND 8]
[2024-09-07 23:48:18,282][flwr][INFO] - configure_fit: strategy sampled 5 clients (out of 50)
[2024-09-07 23:48:21,874][flwr][INFO] - aggregate_fit: received 5 results and 0 failures
[2024-09-07 23:48:26,060][flwr][INFO] - fit progress: (8, 183.9579118490219, {'accuracy': 0.5314235603624671}, 69.29223052599991)
[2024-09-07 23:48:26,060][flwr][INFO] - configure_evaluate: strategy sampled 2 clients (out of 50)
[2024-09-07 23:48:26,313][flwr][INFO] - aggregate_evaluate: received 2 results and 0 failures
[2024-09-07 23:48:26,313][flwr][INFO] - 
[2024-09-07 23:48:26,313][flwr][INFO] - [ROUND 9]
[2024-09-07 23:48:26,313][flwr][INFO] - configure_fit: strategy sampled 5 clients (out of 50)
[2024-09-07 23:48:30,520][flwr][INFO] - aggregate_fit: received 5 results and 0 failures
[2024-09-07 23:48:34,694][flwr][INFO] - fit progress: (9, 81.64097726345062, {'accuracy': 0.7372113417129494}, 77.92642507699202)
[2024-09-07 23:48:34,695][flwr][INFO] - configure_evaluate: strategy sampled 2 clients (out of 50)
[2024-09-07 23:48:34,956][flwr][INFO] - aggregate_evaluate: received 2 results and 0 failures
[2024-09-07 23:48:34,956][flwr][INFO] - 
[2024-09-07 23:48:34,956][flwr][INFO] - [ROUND 10]
[2024-09-07 23:48:34,957][flwr][INFO] - configure_fit: strategy sampled 5 clients (out of 50)
[2024-09-07 23:48:37,585][flwr][INFO] - aggregate_fit: received 5 results and 0 failures
[2024-09-07 23:48:41,737][flwr][INFO] - fit progress: (10, 102.36550134420395, {'accuracy': 0.6416252557731658}, 84.9688311189966)
[2024-09-07 23:48:41,737][flwr][INFO] - configure_evaluate: strategy sampled 2 clients (out of 50)
[2024-09-07 23:48:42,098][flwr][INFO] - aggregate_evaluate: received 2 results and 0 failures
[2024-09-07 23:48:42,098][flwr][INFO] - 
[2024-09-07 23:48:42,098][flwr][INFO] - [ROUND 11]
[2024-09-07 23:48:42,098][flwr][INFO] - configure_fit: strategy sampled 5 clients (out of 50)
[2024-09-07 23:48:46,785][flwr][INFO] - aggregate_fit: received 5 results and 0 failures
[2024-09-07 23:48:50,944][flwr][INFO] - fit progress: (11, 120.67989125847816, {'accuracy': 0.6392867582578193}, 94.1761185600044)
[2024-09-07 23:48:50,944][flwr][INFO] - configure_evaluate: strategy sampled 2 clients (out of 50)
[2024-09-07 23:48:51,167][flwr][INFO] - aggregate_evaluate: received 2 results and 0 failures
[2024-09-07 23:48:51,167][flwr][INFO] - 
[2024-09-07 23:48:51,167][flwr][INFO] - [ROUND 12]
[2024-09-07 23:48:51,167][flwr][INFO] - configure_fit: strategy sampled 5 clients (out of 50)
[2024-09-07 23:48:55,512][flwr][INFO] - aggregate_fit: received 5 results and 0 failures
[2024-09-07 23:48:59,639][flwr][INFO] - fit progress: (12, 116.51026034355164, {'accuracy': 0.6840105232388191}, 102.87066828500247)
[2024-09-07 23:48:59,639][flwr][INFO] - configure_evaluate: strategy sampled 2 clients (out of 50)
[2024-09-07 23:48:59,861][flwr][INFO] - aggregate_evaluate: received 2 results and 0 failures
[2024-09-07 23:48:59,861][flwr][INFO] - 
[2024-09-07 23:48:59,861][flwr][INFO] - [ROUND 13]
[2024-09-07 23:48:59,861][flwr][INFO] - configure_fit: strategy sampled 5 clients (out of 50)
[2024-09-07 23:49:02,446][flwr][INFO] - aggregate_fit: received 5 results and 0 failures
[2024-09-07 23:49:06,581][flwr][INFO] - fit progress: (13, 96.27969029545784, {'accuracy': 0.6655948553054662}, 109.81341126399639)
[2024-09-07 23:49:06,582][flwr][INFO] - configure_evaluate: strategy sampled 2 clients (out of 50)
[2024-09-07 23:49:06,827][flwr][INFO] - aggregate_evaluate: received 2 results and 0 failures
[2024-09-07 23:49:06,827][flwr][INFO] - 
[2024-09-07 23:49:06,827][flwr][INFO] - [ROUND 14]
[2024-09-07 23:49:06,827][flwr][INFO] - configure_fit: strategy sampled 5 clients (out of 50)
[2024-09-07 23:49:09,960][flwr][INFO] - aggregate_fit: received 5 results and 0 failures
[2024-09-07 23:49:14,125][flwr][INFO] - fit progress: (14, 65.91152643412352, {'accuracy': 0.7848582285881321}, 117.35708395099209)
[2024-09-07 23:49:14,125][flwr][INFO] - configure_evaluate: strategy sampled 2 clients (out of 50)
[2024-09-07 23:49:14,346][flwr][INFO] - aggregate_evaluate: received 2 results and 0 failures
[2024-09-07 23:49:14,346][flwr][INFO] - 
[2024-09-07 23:49:14,346][flwr][INFO] - [ROUND 15]
[2024-09-07 23:49:14,346][flwr][INFO] - configure_fit: strategy sampled 5 clients (out of 50)
[2024-09-07 23:49:18,901][flwr][INFO] - aggregate_fit: received 5 results and 0 failures
[2024-09-07 23:49:23,096][flwr][INFO] - fit progress: (15, 104.4191085100174, {'accuracy': 0.6726103478515054}, 126.32771025800321)
[2024-09-07 23:49:23,096][flwr][INFO] - configure_evaluate: strategy sampled 2 clients (out of 50)
[2024-09-07 23:49:23,292][flwr][INFO] - aggregate_evaluate: received 2 results and 0 failures
[2024-09-07 23:49:23,292][flwr][INFO] - 
[2024-09-07 23:49:23,292][flwr][INFO] - [ROUND 16]
[2024-09-07 23:49:23,292][flwr][INFO] - configure_fit: strategy sampled 5 clients (out of 50)
[2024-09-07 23:49:27,446][flwr][INFO] - aggregate_fit: received 5 results and 0 failures
[2024-09-07 23:49:31,618][flwr][INFO] - fit progress: (16, 145.05105656385422, {'accuracy': 0.5445776088862906}, 134.84993115399266)
[2024-09-07 23:49:31,618][flwr][INFO] - configure_evaluate: strategy sampled 2 clients (out of 50)
[2024-09-07 23:49:31,876][flwr][INFO] - aggregate_evaluate: received 2 results and 0 failures
[2024-09-07 23:49:31,876][flwr][INFO] - 
[2024-09-07 23:49:31,876][flwr][INFO] - [ROUND 17]
[2024-09-07 23:49:31,876][flwr][INFO] - configure_fit: strategy sampled 5 clients (out of 50)
[2024-09-07 23:49:33,924][flwr][INFO] - aggregate_fit: received 5 results and 0 failures
[2024-09-07 23:49:38,068][flwr][INFO] - fit progress: (17, 219.54357600212097, {'accuracy': 0.4650686933645133}, 141.29978190800466)
[2024-09-07 23:49:38,068][flwr][INFO] - configure_evaluate: strategy sampled 2 clients (out of 50)
[2024-09-07 23:49:38,315][flwr][INFO] - aggregate_evaluate: received 2 results and 0 failures
[2024-09-07 23:49:38,315][flwr][INFO] - 
[2024-09-07 23:49:38,316][flwr][INFO] - [ROUND 18]
[2024-09-07 23:49:38,316][flwr][INFO] - configure_fit: strategy sampled 5 clients (out of 50)
[2024-09-07 23:49:42,204][flwr][INFO] - aggregate_fit: received 5 results and 0 failures
[2024-09-07 23:49:46,413][flwr][INFO] - fit progress: (18, 139.9029060602188, {'accuracy': 0.6413329435837475}, 149.6449221609946)
[2024-09-07 23:49:46,413][flwr][INFO] - configure_evaluate: strategy sampled 2 clients (out of 50)
[2024-09-07 23:49:46,593][flwr][INFO] - aggregate_evaluate: received 2 results and 0 failures
[2024-09-07 23:49:46,593][flwr][INFO] - 
[2024-09-07 23:49:46,593][flwr][INFO] - [ROUND 19]
[2024-09-07 23:49:46,593][flwr][INFO] - configure_fit: strategy sampled 5 clients (out of 50)
[2024-09-07 23:49:50,820][flwr][INFO] - aggregate_fit: received 5 results and 0 failures
[2024-09-07 23:49:55,019][flwr][INFO] - fit progress: (19, 99.03507936000824, {'accuracy': 0.6392867582578193}, 158.25117806499475)
[2024-09-07 23:49:55,019][flwr][INFO] - configure_evaluate: strategy sampled 2 clients (out of 50)
[2024-09-07 23:49:55,194][flwr][INFO] - aggregate_evaluate: received 2 results and 0 failures
[2024-09-07 23:49:55,194][flwr][INFO] - 
[2024-09-07 23:49:55,194][flwr][INFO] - [ROUND 20]
[2024-09-07 23:49:55,194][flwr][INFO] - configure_fit: strategy sampled 5 clients (out of 50)
[2024-09-07 23:49:58,672][flwr][INFO] - aggregate_fit: received 5 results and 0 failures
[2024-09-07 23:50:02,843][flwr][INFO] - fit progress: (20, 87.05109903216362, {'accuracy': 0.7208418591055247}, 166.07470179100346)
[2024-09-07 23:50:02,843][flwr][INFO] - configure_evaluate: strategy sampled 2 clients (out of 50)
[2024-09-07 23:50:02,985][flwr][INFO] - aggregate_evaluate: received 2 results and 0 failures
[2024-09-07 23:50:02,985][flwr][INFO] - 
[2024-09-07 23:50:02,985][flwr][INFO] - [ROUND 21]
[2024-09-07 23:50:02,985][flwr][INFO] - configure_fit: strategy sampled 5 clients (out of 50)
[2024-09-07 23:50:06,582][flwr][INFO] - aggregate_fit: received 5 results and 0 failures
[2024-09-07 23:50:10,756][flwr][INFO] - fit progress: (21, 96.60551908612251, {'accuracy': 0.6404560070154925}, 173.98851853200176)
[2024-09-07 23:50:10,802][flwr][INFO] - configure_evaluate: strategy sampled 2 clients (out of 50)
[2024-09-07 23:50:10,970][flwr][INFO] - aggregate_evaluate: received 2 results and 0 failures
[2024-09-07 23:50:10,971][flwr][INFO] - 
[2024-09-07 23:50:10,971][flwr][INFO] - [ROUND 22]
[2024-09-07 23:50:10,971][flwr][INFO] - configure_fit: strategy sampled 5 clients (out of 50)
[2024-09-07 23:50:13,124][flwr][INFO] - aggregate_fit: received 5 results and 0 failures
[2024-09-07 23:50:17,409][flwr][INFO] - fit progress: (22, 108.62238457798958, {'accuracy': 0.6425021923414206}, 180.64112379599828)
[2024-09-07 23:50:17,409][flwr][INFO] - configure_evaluate: strategy sampled 2 clients (out of 50)
[2024-09-07 23:50:17,610][flwr][INFO] - aggregate_evaluate: received 2 results and 0 failures
[2024-09-07 23:50:17,610][flwr][INFO] - 
[2024-09-07 23:50:17,610][flwr][INFO] - [ROUND 23]
[2024-09-07 23:50:17,610][flwr][INFO] - configure_fit: strategy sampled 5 clients (out of 50)
[2024-09-07 23:50:21,158][flwr][INFO] - aggregate_fit: received 5 results and 0 failures
[2024-09-07 23:50:25,332][flwr][INFO] - fit progress: (23, 121.24202460050583, {'accuracy': 0.6734872844197604}, 188.5641065420059)
[2024-09-07 23:50:25,332][flwr][INFO] - configure_evaluate: strategy sampled 2 clients (out of 50)
[2024-09-07 23:50:25,536][flwr][INFO] - aggregate_evaluate: received 2 results and 0 failures
[2024-09-07 23:50:25,536][flwr][INFO] - 
[2024-09-07 23:50:25,536][flwr][INFO] - [ROUND 24]
[2024-09-07 23:50:25,536][flwr][INFO] - configure_fit: strategy sampled 5 clients (out of 50)
[2024-09-07 23:50:29,387][flwr][INFO] - aggregate_fit: received 5 results and 0 failures
[2024-09-07 23:50:33,593][flwr][INFO] - fit progress: (24, 129.12885463237762, {'accuracy': 0.5857936275942707}, 196.8254919470055)
[2024-09-07 23:50:33,594][flwr][INFO] - configure_evaluate: strategy sampled 2 clients (out of 50)
[2024-09-07 23:50:33,792][flwr][INFO] - aggregate_evaluate: received 2 results and 0 failures
[2024-09-07 23:50:33,792][flwr][INFO] - 
[2024-09-07 23:50:33,792][flwr][INFO] - [ROUND 25]
[2024-09-07 23:50:33,793][flwr][INFO] - configure_fit: strategy sampled 5 clients (out of 50)
[2024-09-07 23:50:36,175][flwr][INFO] - aggregate_fit: received 5 results and 0 failures
[2024-09-07 23:50:40,376][flwr][INFO] - fit progress: (25, 116.45820134878159, {'accuracy': 0.659456299327682}, 203.6075715199986)
[2024-09-07 23:50:40,376][flwr][INFO] - configure_evaluate: strategy sampled 2 clients (out of 50)
[2024-09-07 23:50:40,638][flwr][INFO] - aggregate_evaluate: received 2 results and 0 failures
[2024-09-07 23:50:40,638][flwr][INFO] - 
[2024-09-07 23:50:40,638][flwr][INFO] - [ROUND 26]
[2024-09-07 23:50:40,638][flwr][INFO] - configure_fit: strategy sampled 5 clients (out of 50)
[2024-09-07 23:50:45,011][flwr][INFO] - aggregate_fit: received 5 results and 0 failures
[2024-09-07 23:50:49,149][flwr][INFO] - fit progress: (26, 51.237406224012375, {'accuracy': 0.8339666764104063}, 212.38095486500242)
[2024-09-07 23:50:49,149][flwr][INFO] - configure_evaluate: strategy sampled 2 clients (out of 50)
[2024-09-07 23:50:49,302][flwr][INFO] - aggregate_evaluate: received 2 results and 0 failures
[2024-09-07 23:50:49,302][flwr][INFO] - 
[2024-09-07 23:50:49,302][flwr][INFO] - [ROUND 27]
[2024-09-07 23:50:49,302][flwr][INFO] - configure_fit: strategy sampled 5 clients (out of 50)
[2024-09-07 23:50:54,407][flwr][INFO] - aggregate_fit: received 5 results and 0 failures
[2024-09-07 23:50:58,567][flwr][INFO] - fit progress: (27, 135.32429468631744, {'accuracy': 0.6118094124524993}, 221.7991441799968)
[2024-09-07 23:50:58,567][flwr][INFO] - configure_evaluate: strategy sampled 2 clients (out of 50)
[2024-09-07 23:50:58,791][flwr][INFO] - aggregate_evaluate: received 2 results and 0 failures
[2024-09-07 23:50:58,792][flwr][INFO] - 
[2024-09-07 23:50:58,792][flwr][INFO] - [ROUND 28]
[2024-09-07 23:50:58,792][flwr][INFO] - configure_fit: strategy sampled 5 clients (out of 50)
[2024-09-07 23:51:03,367][flwr][INFO] - aggregate_fit: received 5 results and 0 failures
[2024-09-07 23:51:07,529][flwr][INFO] - fit progress: (28, 62.9113427400589, {'accuracy': 0.7623501900029231}, 230.7615004899999)
[2024-09-07 23:51:07,530][flwr][INFO] - configure_evaluate: strategy sampled 2 clients (out of 50)
[2024-09-07 23:51:07,715][flwr][INFO] - aggregate_evaluate: received 2 results and 0 failures
[2024-09-07 23:51:07,715][flwr][INFO] - 
[2024-09-07 23:51:07,715][flwr][INFO] - [ROUND 29]
[2024-09-07 23:51:07,715][flwr][INFO] - configure_fit: strategy sampled 5 clients (out of 50)
[2024-09-07 23:51:10,215][flwr][INFO] - aggregate_fit: received 5 results and 0 failures
[2024-09-07 23:51:14,424][flwr][INFO] - fit progress: (29, 112.17357513308525, {'accuracy': 0.740719087985969}, 237.65568537100626)
[2024-09-07 23:51:14,424][flwr][INFO] - configure_evaluate: strategy sampled 2 clients (out of 50)
[2024-09-07 23:51:14,637][flwr][INFO] - aggregate_evaluate: received 2 results and 0 failures
[2024-09-07 23:51:14,637][flwr][INFO] - 
[2024-09-07 23:51:14,696][flwr][INFO] - [ROUND 30]
[2024-09-07 23:51:14,696][flwr][INFO] - configure_fit: strategy sampled 5 clients (out of 50)
[2024-09-07 23:51:17,925][flwr][INFO] - aggregate_fit: received 5 results and 0 failures
[2024-09-07 23:51:22,112][flwr][INFO] - fit progress: (30, 71.75128239393234, {'accuracy': 0.7684887459807074}, 245.34432122200087)
[2024-09-07 23:51:22,112][flwr][INFO] - configure_evaluate: strategy sampled 2 clients (out of 50)
[2024-09-07 23:51:22,284][flwr][INFO] - aggregate_evaluate: received 2 results and 0 failures
[2024-09-07 23:51:22,284][flwr][INFO] - 
[2024-09-07 23:51:22,284][flwr][INFO] - [ROUND 31]
[2024-09-07 23:51:22,284][flwr][INFO] - configure_fit: strategy sampled 5 clients (out of 50)
[2024-09-07 23:51:25,451][flwr][INFO] - aggregate_fit: received 5 results and 0 failures
[2024-09-07 23:51:29,630][flwr][INFO] - fit progress: (31, 168.42442959547043, {'accuracy': 0.5258696287635194}, 252.8617469299934)
[2024-09-07 23:51:29,630][flwr][INFO] - configure_evaluate: strategy sampled 2 clients (out of 50)
[2024-09-07 23:51:29,817][flwr][INFO] - aggregate_evaluate: received 2 results and 0 failures
[2024-09-07 23:51:29,817][flwr][INFO] - 
[2024-09-07 23:51:29,817][flwr][INFO] - [ROUND 32]
[2024-09-07 23:51:29,817][flwr][INFO] - configure_fit: strategy sampled 5 clients (out of 50)
[2024-09-07 23:51:34,584][flwr][INFO] - aggregate_fit: received 5 results and 0 failures
[2024-09-07 23:51:38,748][flwr][INFO] - fit progress: (32, 63.51641771197319, {'accuracy': 0.7909967845659164}, 261.98021702299593)
[2024-09-07 23:51:38,748][flwr][INFO] - configure_evaluate: strategy sampled 2 clients (out of 50)
[2024-09-07 23:51:38,949][flwr][INFO] - aggregate_evaluate: received 2 results and 0 failures
[2024-09-07 23:51:38,949][flwr][INFO] - 
[2024-09-07 23:51:38,949][flwr][INFO] - [ROUND 33]
[2024-09-07 23:51:38,949][flwr][INFO] - configure_fit: strategy sampled 5 clients (out of 50)
[2024-09-07 23:51:42,545][flwr][INFO] - aggregate_fit: received 5 results and 0 failures
[2024-09-07 23:51:46,724][flwr][INFO] - fit progress: (33, 100.47826719284058, {'accuracy': 0.6591639871382636}, 269.9558477880055)
[2024-09-07 23:51:46,724][flwr][INFO] - configure_evaluate: strategy sampled 2 clients (out of 50)
[2024-09-07 23:51:46,930][flwr][INFO] - aggregate_evaluate: received 2 results and 0 failures
[2024-09-07 23:51:46,930][flwr][INFO] - 
[2024-09-07 23:51:46,930][flwr][INFO] - [ROUND 34]
[2024-09-07 23:51:46,930][flwr][INFO] - configure_fit: strategy sampled 5 clients (out of 50)
[2024-09-07 23:51:50,652][flwr][INFO] - aggregate_fit: received 5 results and 0 failures
[2024-09-07 23:51:54,878][flwr][INFO] - fit progress: (34, 73.62717559933662, {'accuracy': 0.758257819351067}, 278.11041275000025)
[2024-09-07 23:51:54,879][flwr][INFO] - configure_evaluate: strategy sampled 2 clients (out of 50)
[2024-09-07 23:51:55,038][flwr][INFO] - aggregate_evaluate: received 2 results and 0 failures
[2024-09-07 23:51:55,038][flwr][INFO] - 
[2024-09-07 23:51:55,038][flwr][INFO] - [ROUND 35]
[2024-09-07 23:51:55,038][flwr][INFO] - configure_fit: strategy sampled 5 clients (out of 50)
[2024-09-07 23:51:58,421][flwr][INFO] - aggregate_fit: received 5 results and 0 failures
[2024-09-07 23:52:02,603][flwr][INFO] - fit progress: (35, 61.79972317814827, {'accuracy': 0.7901198479976616}, 285.8353719220031)
[2024-09-07 23:52:02,604][flwr][INFO] - configure_evaluate: strategy sampled 2 clients (out of 50)
[2024-09-07 23:52:02,767][flwr][INFO] - aggregate_evaluate: received 2 results and 0 failures
[2024-09-07 23:52:02,767][flwr][INFO] - 
[2024-09-07 23:52:02,767][flwr][INFO] - [ROUND 36]
[2024-09-07 23:52:02,767][flwr][INFO] - configure_fit: strategy sampled 5 clients (out of 50)
[2024-09-07 23:52:05,545][flwr][INFO] - aggregate_fit: received 5 results and 0 failures
[2024-09-07 23:52:09,863][flwr][INFO] - fit progress: (36, 59.74759516865015, {'accuracy': 0.7997661502484653}, 293.09539955800574)
[2024-09-07 23:52:09,864][flwr][INFO] - configure_evaluate: strategy sampled 2 clients (out of 50)
[2024-09-07 23:52:10,086][flwr][INFO] - aggregate_evaluate: received 2 results and 0 failures
[2024-09-07 23:52:10,086][flwr][INFO] - 
[2024-09-07 23:52:10,086][flwr][INFO] - [ROUND 37]
[2024-09-07 23:52:10,086][flwr][INFO] - configure_fit: strategy sampled 5 clients (out of 50)
[2024-09-07 23:52:13,637][flwr][INFO] - aggregate_fit: received 5 results and 0 failures
[2024-09-07 23:52:17,973][flwr][INFO] - fit progress: (37, 65.17582205682993, {'accuracy': 0.8319204910844782}, 301.2051730719977)
[2024-09-07 23:52:17,973][flwr][INFO] - configure_evaluate: strategy sampled 2 clients (out of 50)
[2024-09-07 23:52:18,187][flwr][INFO] - aggregate_evaluate: received 2 results and 0 failures
[2024-09-07 23:52:18,188][flwr][INFO] - 
[2024-09-07 23:52:18,188][flwr][INFO] - [ROUND 38]
[2024-09-07 23:52:18,188][flwr][INFO] - configure_fit: strategy sampled 5 clients (out of 50)
[2024-09-07 23:52:21,849][flwr][INFO] - aggregate_fit: received 5 results and 0 failures
[2024-09-07 23:52:26,165][flwr][INFO] - fit progress: (38, 54.37612645328045, {'accuracy': 0.8190587547500731}, 309.3965592029999)
[2024-09-07 23:52:26,165][flwr][INFO] - configure_evaluate: strategy sampled 2 clients (out of 50)
[2024-09-07 23:52:26,444][flwr][INFO] - aggregate_evaluate: received 2 results and 0 failures
[2024-09-07 23:52:26,444][flwr][INFO] - 
[2024-09-07 23:52:26,444][flwr][INFO] - [ROUND 39]
[2024-09-07 23:52:26,445][flwr][INFO] - configure_fit: strategy sampled 5 clients (out of 50)
[2024-09-07 23:52:31,009][flwr][INFO] - aggregate_fit: received 5 results and 0 failures
[2024-09-07 23:52:35,317][flwr][INFO] - fit progress: (39, 35.65502302348614, {'accuracy': 0.892429114294066}, 318.54910024300625)
[2024-09-07 23:52:35,317][flwr][INFO] - configure_evaluate: strategy sampled 2 clients (out of 50)
[2024-09-07 23:52:35,479][flwr][INFO] - aggregate_evaluate: received 2 results and 0 failures
[2024-09-07 23:52:35,479][flwr][INFO] - 
[2024-09-07 23:52:35,479][flwr][INFO] - [ROUND 40]
[2024-09-07 23:52:35,479][flwr][INFO] - configure_fit: strategy sampled 5 clients (out of 50)
[2024-09-07 23:52:39,231][flwr][INFO] - aggregate_fit: received 5 results and 0 failures
[2024-09-07 23:52:43,571][flwr][INFO] - fit progress: (40, 85.50469541549683, {'accuracy': 0.7082724349605378}, 326.80254406499444)
[2024-09-07 23:52:43,571][flwr][INFO] - configure_evaluate: strategy sampled 2 clients (out of 50)
[2024-09-07 23:52:43,797][flwr][INFO] - aggregate_evaluate: received 2 results and 0 failures
[2024-09-07 23:52:43,797][flwr][INFO] - 
[2024-09-07 23:52:43,797][flwr][INFO] - [ROUND 41]
[2024-09-07 23:52:43,797][flwr][INFO] - configure_fit: strategy sampled 5 clients (out of 50)
[2024-09-07 23:52:46,817][flwr][INFO] - aggregate_fit: received 5 results and 0 failures
[2024-09-07 23:52:51,200][flwr][INFO] - fit progress: (41, 104.02919182181358, {'accuracy': 0.6845951476176556}, 334.4319347550045)
[2024-09-07 23:52:51,200][flwr][INFO] - configure_evaluate: strategy sampled 2 clients (out of 50)
[2024-09-07 23:52:51,365][flwr][INFO] - aggregate_evaluate: received 2 results and 0 failures
[2024-09-07 23:52:51,365][flwr][INFO] - 
[2024-09-07 23:52:51,366][flwr][INFO] - [ROUND 42]
[2024-09-07 23:52:51,366][flwr][INFO] - configure_fit: strategy sampled 5 clients (out of 50)
[2024-09-07 23:52:54,650][flwr][INFO] - aggregate_fit: received 5 results and 0 failures
[2024-09-07 23:52:58,969][flwr][INFO] - fit progress: (42, 47.427940495312214, {'accuracy': 0.8371821104940076}, 342.20077740200213)
[2024-09-07 23:52:58,969][flwr][INFO] - configure_evaluate: strategy sampled 2 clients (out of 50)
[2024-09-07 23:52:59,157][flwr][INFO] - aggregate_evaluate: received 2 results and 0 failures
[2024-09-07 23:52:59,157][flwr][INFO] - 
[2024-09-07 23:52:59,157][flwr][INFO] - [ROUND 43]
[2024-09-07 23:52:59,157][flwr][INFO] - configure_fit: strategy sampled 5 clients (out of 50)
[2024-09-07 23:53:04,224][flwr][INFO] - aggregate_fit: received 5 results and 0 failures
[2024-09-07 23:53:08,546][flwr][INFO] - fit progress: (43, 31.335266325622797, {'accuracy': 0.9009061677871967}, 351.7779517279996)
[2024-09-07 23:53:08,546][flwr][INFO] - configure_evaluate: strategy sampled 2 clients (out of 50)
[2024-09-07 23:53:08,797][flwr][INFO] - aggregate_evaluate: received 2 results and 0 failures
[2024-09-07 23:53:08,797][flwr][INFO] - 
[2024-09-07 23:53:08,797][flwr][INFO] - [ROUND 44]
[2024-09-07 23:53:08,797][flwr][INFO] - configure_fit: strategy sampled 5 clients (out of 50)
[2024-09-07 23:53:12,230][flwr][INFO] - aggregate_fit: received 5 results and 0 failures
[2024-09-07 23:53:16,585][flwr][INFO] - fit progress: (44, 43.272703260183334, {'accuracy': 0.8672902660040924}, 359.8169785920036)
[2024-09-07 23:53:16,585][flwr][INFO] - configure_evaluate: strategy sampled 2 clients (out of 50)
[2024-09-07 23:53:16,786][flwr][INFO] - aggregate_evaluate: received 2 results and 0 failures
[2024-09-07 23:53:16,786][flwr][INFO] - 
[2024-09-07 23:53:16,786][flwr][INFO] - [ROUND 45]
[2024-09-07 23:53:16,786][flwr][INFO] - configure_fit: strategy sampled 5 clients (out of 50)
[2024-09-07 23:53:18,528][flwr][INFO] - aggregate_fit: received 5 results and 0 failures
[2024-09-07 23:53:22,893][flwr][INFO] - fit progress: (45, 84.84895721077919, {'accuracy': 0.7263957907044724}, 366.12501273999806)
[2024-09-07 23:53:22,893][flwr][INFO] - configure_evaluate: strategy sampled 2 clients (out of 50)
[2024-09-07 23:53:23,218][flwr][INFO] - aggregate_evaluate: received 2 results and 0 failures
[2024-09-07 23:53:23,218][flwr][INFO] - 
[2024-09-07 23:53:23,218][flwr][INFO] - [ROUND 46]
[2024-09-07 23:53:23,218][flwr][INFO] - configure_fit: strategy sampled 5 clients (out of 50)
[2024-09-07 23:53:26,129][flwr][INFO] - aggregate_fit: received 5 results and 0 failures
[2024-09-07 23:53:30,458][flwr][INFO] - fit progress: (46, 39.100251354277134, {'accuracy': 0.8801520023384976}, 373.69008304399904)
[2024-09-07 23:53:30,458][flwr][INFO] - configure_evaluate: strategy sampled 2 clients (out of 50)
[2024-09-07 23:53:30,695][flwr][INFO] - aggregate_evaluate: received 2 results and 0 failures
[2024-09-07 23:53:30,695][flwr][INFO] - 
[2024-09-07 23:53:30,695][flwr][INFO] - [ROUND 47]
[2024-09-07 23:53:30,695][flwr][INFO] - configure_fit: strategy sampled 5 clients (out of 50)
[2024-09-07 23:53:33,824][flwr][INFO] - aggregate_fit: received 5 results and 0 failures
[2024-09-07 23:53:38,164][flwr][INFO] - fit progress: (47, 122.60800552368164, {'accuracy': 0.6901490792166033}, 381.3956519259955)
[2024-09-07 23:53:38,164][flwr][INFO] - configure_evaluate: strategy sampled 2 clients (out of 50)
[2024-09-07 23:53:38,381][flwr][INFO] - aggregate_evaluate: received 2 results and 0 failures
[2024-09-07 23:53:38,381][flwr][INFO] - 
[2024-09-07 23:53:38,381][flwr][INFO] - [ROUND 48]
[2024-09-07 23:53:38,381][flwr][INFO] - configure_fit: strategy sampled 5 clients (out of 50)
[2024-09-07 23:53:41,426][flwr][INFO] - aggregate_fit: received 5 results and 0 failures
[2024-09-07 23:53:45,800][flwr][INFO] - fit progress: (48, 59.09431171417236, {'accuracy': 0.800350774627302}, 389.03250974899856)
[2024-09-07 23:53:45,801][flwr][INFO] - configure_evaluate: strategy sampled 2 clients (out of 50)
[2024-09-07 23:53:46,047][flwr][INFO] - aggregate_evaluate: received 2 results and 0 failures
[2024-09-07 23:53:46,047][flwr][INFO] - 
[2024-09-07 23:53:46,047][flwr][INFO] - [ROUND 49]
[2024-09-07 23:53:46,047][flwr][INFO] - configure_fit: strategy sampled 5 clients (out of 50)
[2024-09-07 23:53:48,257][flwr][INFO] - aggregate_fit: received 5 results and 0 failures
[2024-09-07 23:53:52,544][flwr][INFO] - fit progress: (49, 90.17274916172028, {'accuracy': 0.7442268342589886}, 395.77599405299406)
[2024-09-07 23:53:52,544][flwr][INFO] - configure_evaluate: strategy sampled 2 clients (out of 50)
[2024-09-07 23:53:52,686][flwr][INFO] - aggregate_evaluate: received 2 results and 0 failures
[2024-09-07 23:53:52,686][flwr][INFO] - 
[2024-09-07 23:53:52,686][flwr][INFO] - [ROUND 50]
[2024-09-07 23:53:52,686][flwr][INFO] - configure_fit: strategy sampled 5 clients (out of 50)
[2024-09-07 23:53:55,987][flwr][INFO] - aggregate_fit: received 5 results and 0 failures
[2024-09-07 23:54:00,184][flwr][INFO] - fit progress: (50, 50.09506416320801, {'accuracy': 0.8567670271850336}, 403.4163246060052)
[2024-09-07 23:54:00,184][flwr][INFO] - configure_evaluate: strategy sampled 2 clients (out of 50)
[2024-09-07 23:54:00,420][flwr][INFO] - aggregate_evaluate: received 2 results and 0 failures
[2024-09-07 23:54:00,420][flwr][INFO] - 
[2024-09-07 23:54:00,420][flwr][INFO] - [ROUND 51]
[2024-09-07 23:54:00,420][flwr][INFO] - configure_fit: strategy sampled 5 clients (out of 50)
[2024-09-07 23:54:04,477][flwr][INFO] - aggregate_fit: received 5 results and 0 failures
[2024-09-07 23:54:08,614][flwr][INFO] - fit progress: (51, 61.46407091617584, {'accuracy': 0.8187664425606548}, 411.8462061009923)
[2024-09-07 23:54:08,614][flwr][INFO] - configure_evaluate: strategy sampled 2 clients (out of 50)
[2024-09-07 23:54:08,840][flwr][INFO] - aggregate_evaluate: received 2 results and 0 failures
[2024-09-07 23:54:08,840][flwr][INFO] - 
[2024-09-07 23:54:08,840][flwr][INFO] - [ROUND 52]
[2024-09-07 23:54:08,840][flwr][INFO] - configure_fit: strategy sampled 5 clients (out of 50)
[2024-09-07 23:54:11,262][flwr][INFO] - aggregate_fit: received 5 results and 0 failures
[2024-09-07 23:54:15,404][flwr][INFO] - fit progress: (52, 90.59135437011719, {'accuracy': 0.7161648640748319}, 418.63636927100015)
[2024-09-07 23:54:15,405][flwr][INFO] - configure_evaluate: strategy sampled 2 clients (out of 50)
[2024-09-07 23:54:15,608][flwr][INFO] - aggregate_evaluate: received 2 results and 0 failures
[2024-09-07 23:54:15,608][flwr][INFO] - 
[2024-09-07 23:54:15,609][flwr][INFO] - [ROUND 53]
[2024-09-07 23:54:15,609][flwr][INFO] - configure_fit: strategy sampled 5 clients (out of 50)
[2024-09-07 23:54:19,859][flwr][INFO] - aggregate_fit: received 5 results and 0 failures
[2024-09-07 23:54:24,020][flwr][INFO] - fit progress: (53, 36.11517580598593, {'accuracy': 0.8819058754750073}, 427.2516605290002)
[2024-09-07 23:54:24,020][flwr][INFO] - configure_evaluate: strategy sampled 2 clients (out of 50)
[2024-09-07 23:54:24,202][flwr][INFO] - aggregate_evaluate: received 2 results and 0 failures
[2024-09-07 23:54:24,202][flwr][INFO] - 
[2024-09-07 23:54:24,202][flwr][INFO] - [ROUND 54]
[2024-09-07 23:54:24,202][flwr][INFO] - configure_fit: strategy sampled 5 clients (out of 50)
[2024-09-07 23:54:27,548][flwr][INFO] - aggregate_fit: received 5 results and 0 failures
[2024-09-07 23:54:31,743][flwr][INFO] - fit progress: (54, 37.04132776707411, {'accuracy': 0.8775211926337328}, 434.975364176993)
[2024-09-07 23:54:31,744][flwr][INFO] - configure_evaluate: strategy sampled 2 clients (out of 50)
[2024-09-07 23:54:31,979][flwr][INFO] - aggregate_evaluate: received 2 results and 0 failures
[2024-09-07 23:54:31,979][flwr][INFO] - 
[2024-09-07 23:54:31,979][flwr][INFO] - [ROUND 55]
[2024-09-07 23:54:31,979][flwr][INFO] - configure_fit: strategy sampled 5 clients (out of 50)
[2024-09-07 23:54:35,215][flwr][INFO] - aggregate_fit: received 5 results and 0 failures
[2024-09-07 23:54:39,394][flwr][INFO] - fit progress: (55, 34.15558817982674, {'accuracy': 0.8950599239988307}, 442.62622023999575)
[2024-09-07 23:54:39,394][flwr][INFO] - configure_evaluate: strategy sampled 2 clients (out of 50)
[2024-09-07 23:54:39,594][flwr][INFO] - aggregate_evaluate: received 2 results and 0 failures
[2024-09-07 23:54:39,594][flwr][INFO] - 
[2024-09-07 23:54:39,594][flwr][INFO] - [ROUND 56]
[2024-09-07 23:54:39,594][flwr][INFO] - configure_fit: strategy sampled 5 clients (out of 50)
[2024-09-07 23:54:42,787][flwr][INFO] - aggregate_fit: received 5 results and 0 failures
[2024-09-07 23:54:46,976][flwr][INFO] - fit progress: (56, 53.40511913597584, {'accuracy': 0.8246126863490207}, 450.2083478090062)
[2024-09-07 23:54:46,977][flwr][INFO] - configure_evaluate: strategy sampled 2 clients (out of 50)
[2024-09-07 23:54:47,198][flwr][INFO] - aggregate_evaluate: received 2 results and 0 failures
[2024-09-07 23:54:47,198][flwr][INFO] - 
[2024-09-07 23:54:47,199][flwr][INFO] - [ROUND 57]
[2024-09-07 23:54:47,199][flwr][INFO] - configure_fit: strategy sampled 5 clients (out of 50)
[2024-09-07 23:54:51,743][flwr][INFO] - aggregate_fit: received 5 results and 0 failures
[2024-09-07 23:54:55,932][flwr][INFO] - fit progress: (57, 55.76321072131395, {'accuracy': 0.8304589301373867}, 459.1641751330026)
[2024-09-07 23:54:55,932][flwr][INFO] - configure_evaluate: strategy sampled 2 clients (out of 50)
[2024-09-07 23:54:56,120][flwr][INFO] - aggregate_evaluate: received 2 results and 0 failures
[2024-09-07 23:54:56,120][flwr][INFO] - 
[2024-09-07 23:54:56,120][flwr][INFO] - [ROUND 58]
[2024-09-07 23:54:56,121][flwr][INFO] - configure_fit: strategy sampled 5 clients (out of 50)
[2024-09-07 23:55:00,614][flwr][INFO] - aggregate_fit: received 5 results and 0 failures
[2024-09-07 23:55:04,804][flwr][INFO] - fit progress: (58, 53.67649956047535, {'accuracy': 0.8339666764104063}, 468.03595415300515)
[2024-09-07 23:55:04,804][flwr][INFO] - configure_evaluate: strategy sampled 2 clients (out of 50)
[2024-09-07 23:55:04,978][flwr][INFO] - aggregate_evaluate: received 2 results and 0 failures
[2024-09-07 23:55:04,978][flwr][INFO] - 
[2024-09-07 23:55:04,978][flwr][INFO] - [ROUND 59]
[2024-09-07 23:55:04,978][flwr][INFO] - configure_fit: strategy sampled 5 clients (out of 50)
[2024-09-07 23:55:09,131][flwr][INFO] - aggregate_fit: received 5 results and 0 failures
[2024-09-07 23:55:13,303][flwr][INFO] - fit progress: (59, 49.316201739013195, {'accuracy': 0.8371821104940076}, 476.535416439001)
[2024-09-07 23:55:13,304][flwr][INFO] - configure_evaluate: strategy sampled 2 clients (out of 50)
[2024-09-07 23:55:13,527][flwr][INFO] - aggregate_evaluate: received 2 results and 0 failures
[2024-09-07 23:55:13,527][flwr][INFO] - 
[2024-09-07 23:55:13,527][flwr][INFO] - [ROUND 60]
[2024-09-07 23:55:13,527][flwr][INFO] - configure_fit: strategy sampled 5 clients (out of 50)
[2024-09-07 23:55:15,504][flwr][INFO] - aggregate_fit: received 5 results and 0 failures
[2024-09-07 23:55:19,650][flwr][INFO] - fit progress: (60, 34.38470580428839, {'accuracy': 0.8976907337035954}, 482.88191710099636)
[2024-09-07 23:55:19,650][flwr][INFO] - configure_evaluate: strategy sampled 2 clients (out of 50)
[2024-09-07 23:55:19,823][flwr][INFO] - aggregate_evaluate: received 2 results and 0 failures
[2024-09-07 23:55:19,823][flwr][INFO] - 
[2024-09-07 23:55:19,823][flwr][INFO] - [ROUND 61]
[2024-09-07 23:55:19,823][flwr][INFO] - configure_fit: strategy sampled 5 clients (out of 50)
[2024-09-07 23:55:23,704][flwr][INFO] - aggregate_fit: received 5 results and 0 failures
[2024-09-07 23:55:27,917][flwr][INFO] - fit progress: (61, 110.23625096678734, {'accuracy': 0.7223034200526162}, 491.14922162999574)
[2024-09-07 23:55:27,917][flwr][INFO] - configure_evaluate: strategy sampled 2 clients (out of 50)
[2024-09-07 23:55:28,165][flwr][INFO] - aggregate_evaluate: received 2 results and 0 failures
[2024-09-07 23:55:28,165][flwr][INFO] - 
[2024-09-07 23:55:28,165][flwr][INFO] - [ROUND 62]
[2024-09-07 23:55:28,166][flwr][INFO] - configure_fit: strategy sampled 5 clients (out of 50)
[2024-09-07 23:55:30,733][flwr][INFO] - aggregate_fit: received 5 results and 0 failures
[2024-09-07 23:55:34,920][flwr][INFO] - fit progress: (62, 46.36086120456457, {'accuracy': 0.8529669687225957}, 498.1517177039932)
[2024-09-07 23:55:34,920][flwr][INFO] - configure_evaluate: strategy sampled 2 clients (out of 50)
[2024-09-07 23:55:35,157][flwr][INFO] - aggregate_evaluate: received 2 results and 0 failures
[2024-09-07 23:55:35,157][flwr][INFO] - 
[2024-09-07 23:55:35,157][flwr][INFO] - [ROUND 63]
[2024-09-07 23:55:35,157][flwr][INFO] - configure_fit: strategy sampled 5 clients (out of 50)
[2024-09-07 23:55:38,881][flwr][INFO] - aggregate_fit: received 5 results and 0 failures
[2024-09-07 23:55:43,033][flwr][INFO] - fit progress: (63, 66.03178883343935, {'accuracy': 0.8208126278865828}, 506.2655075810035)
[2024-09-07 23:55:43,034][flwr][INFO] - configure_evaluate: strategy sampled 2 clients (out of 50)
[2024-09-07 23:55:43,262][flwr][INFO] - aggregate_evaluate: received 2 results and 0 failures
[2024-09-07 23:55:43,262][flwr][INFO] - 
[2024-09-07 23:55:43,262][flwr][INFO] - [ROUND 64]
[2024-09-07 23:55:43,262][flwr][INFO] - configure_fit: strategy sampled 5 clients (out of 50)
[2024-09-07 23:55:47,311][flwr][INFO] - aggregate_fit: received 5 results and 0 failures
[2024-09-07 23:55:51,707][flwr][INFO] - fit progress: (64, 72.4943884909153, {'accuracy': 0.8041508330897399}, 514.9386103680008)
[2024-09-07 23:55:51,707][flwr][INFO] - configure_evaluate: strategy sampled 2 clients (out of 50)
[2024-09-07 23:55:51,992][flwr][INFO] - aggregate_evaluate: received 2 results and 0 failures
[2024-09-07 23:55:51,992][flwr][INFO] - 
[2024-09-07 23:55:51,992][flwr][INFO] - [ROUND 65]
[2024-09-07 23:55:51,992][flwr][INFO] - configure_fit: strategy sampled 5 clients (out of 50)
[2024-09-07 23:55:55,804][flwr][INFO] - aggregate_fit: received 5 results and 0 failures
[2024-09-07 23:56:00,141][flwr][INFO] - fit progress: (65, 40.73383419960737, {'accuracy': 0.8661210172464192}, 523.3728788830049)
[2024-09-07 23:56:00,141][flwr][INFO] - configure_evaluate: strategy sampled 2 clients (out of 50)
[2024-09-07 23:56:00,280][flwr][INFO] - aggregate_evaluate: received 2 results and 0 failures
[2024-09-07 23:56:00,280][flwr][INFO] - 
[2024-09-07 23:56:00,281][flwr][INFO] - [ROUND 66]
[2024-09-07 23:56:00,281][flwr][INFO] - configure_fit: strategy sampled 5 clients (out of 50)
[2024-09-07 23:56:04,376][flwr][INFO] - aggregate_fit: received 5 results and 0 failures
[2024-09-07 23:56:08,726][flwr][INFO] - fit progress: (66, 31.922108434140682, {'accuracy': 0.9038292896813798}, 531.9583866710018)
[2024-09-07 23:56:08,727][flwr][INFO] - configure_evaluate: strategy sampled 2 clients (out of 50)
[2024-09-07 23:56:08,916][flwr][INFO] - aggregate_evaluate: received 2 results and 0 failures
[2024-09-07 23:56:08,916][flwr][INFO] - 
[2024-09-07 23:56:08,916][flwr][INFO] - [ROUND 67]
[2024-09-07 23:56:08,916][flwr][INFO] - configure_fit: strategy sampled 5 clients (out of 50)
[2024-09-07 23:56:12,585][flwr][INFO] - aggregate_fit: received 5 results and 0 failures
[2024-09-07 23:56:16,896][flwr][INFO] - fit progress: (67, 53.795088052749634, {'accuracy': 0.8310435545162234}, 540.1280941839941)
[2024-09-07 23:56:16,896][flwr][INFO] - configure_evaluate: strategy sampled 2 clients (out of 50)
[2024-09-07 23:56:17,056][flwr][INFO] - aggregate_evaluate: received 2 results and 0 failures
[2024-09-07 23:56:17,056][flwr][INFO] - 
[2024-09-07 23:56:17,056][flwr][INFO] - [ROUND 68]
[2024-09-07 23:56:17,056][flwr][INFO] - configure_fit: strategy sampled 5 clients (out of 50)
[2024-09-07 23:56:20,274][flwr][INFO] - aggregate_fit: received 5 results and 0 failures
[2024-09-07 23:56:24,612][flwr][INFO] - fit progress: (68, 120.98280027508736, {'accuracy': 0.6451330020461853}, 547.8442504650011)
[2024-09-07 23:56:24,612][flwr][INFO] - configure_evaluate: strategy sampled 2 clients (out of 50)
[2024-09-07 23:56:24,811][flwr][INFO] - aggregate_evaluate: received 2 results and 0 failures
[2024-09-07 23:56:24,811][flwr][INFO] - 
[2024-09-07 23:56:24,811][flwr][INFO] - [ROUND 69]
[2024-09-07 23:56:24,811][flwr][INFO] - configure_fit: strategy sampled 5 clients (out of 50)
[2024-09-07 23:56:28,191][flwr][INFO] - aggregate_fit: received 5 results and 0 failures
[2024-09-07 23:56:32,523][flwr][INFO] - fit progress: (69, 58.255805000662804, {'accuracy': 0.8363051739257527}, 555.7550642970018)
[2024-09-07 23:56:32,523][flwr][INFO] - configure_evaluate: strategy sampled 2 clients (out of 50)
[2024-09-07 23:56:32,728][flwr][INFO] - aggregate_evaluate: received 2 results and 0 failures
[2024-09-07 23:56:32,728][flwr][INFO] - 
[2024-09-07 23:56:32,728][flwr][INFO] - [ROUND 70]
[2024-09-07 23:56:32,728][flwr][INFO] - configure_fit: strategy sampled 5 clients (out of 50)
[2024-09-07 23:56:35,851][flwr][INFO] - aggregate_fit: received 5 results and 0 failures
[2024-09-07 23:56:40,160][flwr][INFO] - fit progress: (70, 64.90128242969513, {'accuracy': 0.8213972522654195}, 563.3921820620017)
[2024-09-07 23:56:40,160][flwr][INFO] - configure_evaluate: strategy sampled 2 clients (out of 50)
[2024-09-07 23:56:40,341][flwr][INFO] - aggregate_evaluate: received 2 results and 0 failures
[2024-09-07 23:56:40,341][flwr][INFO] - 
[2024-09-07 23:56:40,341][flwr][INFO] - [ROUND 71]
[2024-09-07 23:56:40,341][flwr][INFO] - configure_fit: strategy sampled 5 clients (out of 50)
[2024-09-07 23:56:44,440][flwr][INFO] - aggregate_fit: received 5 results and 0 failures
[2024-09-07 23:56:48,776][flwr][INFO] - fit progress: (71, 111.19057470560074, {'accuracy': 0.7114878690441392}, 572.0075705469935)
[2024-09-07 23:56:48,776][flwr][INFO] - configure_evaluate: strategy sampled 2 clients (out of 50)
[2024-09-07 23:56:49,060][flwr][INFO] - aggregate_evaluate: received 2 results and 0 failures
[2024-09-07 23:56:49,060][flwr][INFO] - 
[2024-09-07 23:56:49,060][flwr][INFO] - [ROUND 72]
[2024-09-07 23:56:49,060][flwr][INFO] - configure_fit: strategy sampled 5 clients (out of 50)
[2024-09-07 23:56:53,228][flwr][INFO] - aggregate_fit: received 5 results and 0 failures
[2024-09-07 23:56:57,528][flwr][INFO] - fit progress: (72, 58.919075332582, {'accuracy': 0.8371821104940076}, 580.7596431639977)
[2024-09-07 23:56:57,528][flwr][INFO] - configure_evaluate: strategy sampled 2 clients (out of 50)
[2024-09-07 23:56:57,698][flwr][INFO] - aggregate_evaluate: received 2 results and 0 failures
[2024-09-07 23:56:57,698][flwr][INFO] - 
[2024-09-07 23:56:57,698][flwr][INFO] - [ROUND 73]
[2024-09-07 23:56:57,698][flwr][INFO] - configure_fit: strategy sampled 5 clients (out of 50)
[2024-09-07 23:57:00,794][flwr][INFO] - aggregate_fit: received 5 results and 0 failures
[2024-09-07 23:57:05,121][flwr][INFO] - fit progress: (73, 72.07766558229923, {'accuracy': 0.7717041800643086}, 588.353445707995)
[2024-09-07 23:57:05,122][flwr][INFO] - configure_evaluate: strategy sampled 2 clients (out of 50)
[2024-09-07 23:57:05,418][flwr][INFO] - aggregate_evaluate: received 2 results and 0 failures
[2024-09-07 23:57:05,418][flwr][INFO] - 
[2024-09-07 23:57:05,418][flwr][INFO] - [ROUND 74]
[2024-09-07 23:57:05,418][flwr][INFO] - configure_fit: strategy sampled 5 clients (out of 50)
[2024-09-07 23:57:09,380][flwr][INFO] - aggregate_fit: received 5 results and 0 failures
[2024-09-07 23:57:13,715][flwr][INFO] - fit progress: (74, 53.78443341702223, {'accuracy': 0.8593978368897983}, 596.9468019689957)
[2024-09-07 23:57:13,715][flwr][INFO] - configure_evaluate: strategy sampled 2 clients (out of 50)
[2024-09-07 23:57:13,900][flwr][INFO] - aggregate_evaluate: received 2 results and 0 failures
[2024-09-07 23:57:13,900][flwr][INFO] - 
[2024-09-07 23:57:13,900][flwr][INFO] - [ROUND 75]
[2024-09-07 23:57:13,900][flwr][INFO] - configure_fit: strategy sampled 5 clients (out of 50)
[2024-09-07 23:57:18,342][flwr][INFO] - aggregate_fit: received 5 results and 0 failures
[2024-09-07 23:57:22,696][flwr][INFO] - fit progress: (75, 59.517327807843685, {'accuracy': 0.8681672025723473}, 605.9276758009946)
[2024-09-07 23:57:22,696][flwr][INFO] - configure_evaluate: strategy sampled 2 clients (out of 50)
[2024-09-07 23:57:22,954][flwr][INFO] - aggregate_evaluate: received 2 results and 0 failures
[2024-09-07 23:57:22,955][flwr][INFO] - 
[2024-09-07 23:57:22,955][flwr][INFO] - [ROUND 76]
[2024-09-07 23:57:22,955][flwr][INFO] - configure_fit: strategy sampled 5 clients (out of 50)
[2024-09-07 23:57:25,578][flwr][INFO] - aggregate_fit: received 5 results and 0 failures
[2024-09-07 23:57:29,887][flwr][INFO] - fit progress: (76, 107.36361539363861, {'accuracy': 0.7252265419467991}, 613.1188320630026)
[2024-09-07 23:57:29,887][flwr][INFO] - configure_evaluate: strategy sampled 2 clients (out of 50)
[2024-09-07 23:57:30,124][flwr][INFO] - aggregate_evaluate: received 2 results and 0 failures
[2024-09-07 23:57:30,124][flwr][INFO] - 
[2024-09-07 23:57:30,124][flwr][INFO] - [ROUND 77]
[2024-09-07 23:57:30,124][flwr][INFO] - configure_fit: strategy sampled 5 clients (out of 50)
[2024-09-07 23:57:35,251][flwr][INFO] - aggregate_fit: received 5 results and 0 failures
[2024-09-07 23:57:39,591][flwr][INFO] - fit progress: (77, 59.41670875251293, {'accuracy': 0.8494592224495762}, 622.8226529410022)
[2024-09-07 23:57:39,591][flwr][INFO] - configure_evaluate: strategy sampled 2 clients (out of 50)
[2024-09-07 23:57:39,803][flwr][INFO] - aggregate_evaluate: received 2 results and 0 failures
[2024-09-07 23:57:39,803][flwr][INFO] - 
[2024-09-07 23:57:39,803][flwr][INFO] - [ROUND 78]
[2024-09-07 23:57:39,803][flwr][INFO] - configure_fit: strategy sampled 5 clients (out of 50)
[2024-09-07 23:57:44,021][flwr][INFO] - aggregate_fit: received 5 results and 0 failures
[2024-09-07 23:57:48,369][flwr][INFO] - fit progress: (78, 37.19324972294271, {'accuracy': 0.8950599239988307}, 631.6008170839923)
[2024-09-07 23:57:48,369][flwr][INFO] - configure_evaluate: strategy sampled 2 clients (out of 50)
[2024-09-07 23:57:48,653][flwr][INFO] - aggregate_evaluate: received 2 results and 0 failures
[2024-09-07 23:57:48,653][flwr][INFO] - 
[2024-09-07 23:57:48,653][flwr][INFO] - [ROUND 79]
[2024-09-07 23:57:48,653][flwr][INFO] - configure_fit: strategy sampled 5 clients (out of 50)
[2024-09-07 23:57:52,120][flwr][INFO] - aggregate_fit: received 5 results and 0 failures
[2024-09-07 23:57:56,287][flwr][INFO] - fit progress: (79, 89.77833724208176, {'accuracy': 0.7705349313066355}, 639.5187902299949)
[2024-09-07 23:57:56,287][flwr][INFO] - configure_evaluate: strategy sampled 2 clients (out of 50)
[2024-09-07 23:57:56,508][flwr][INFO] - aggregate_evaluate: received 2 results and 0 failures
[2024-09-07 23:57:56,508][flwr][INFO] - 
[2024-09-07 23:57:56,508][flwr][INFO] - [ROUND 80]
[2024-09-07 23:57:56,508][flwr][INFO] - configure_fit: strategy sampled 5 clients (out of 50)
[2024-09-07 23:57:59,469][flwr][INFO] - aggregate_fit: received 5 results and 0 failures
[2024-09-07 23:58:03,791][flwr][INFO] - fit progress: (80, 55.43960798159242, {'accuracy': 0.8351359251680796}, 647.0233156629984)
[2024-09-07 23:58:03,791][flwr][INFO] - configure_evaluate: strategy sampled 2 clients (out of 50)
[2024-09-07 23:58:03,946][flwr][INFO] - aggregate_evaluate: received 2 results and 0 failures
[2024-09-07 23:58:03,946][flwr][INFO] - 
[2024-09-07 23:58:03,946][flwr][INFO] - [ROUND 81]
[2024-09-07 23:58:03,946][flwr][INFO] - configure_fit: strategy sampled 5 clients (out of 50)
[2024-09-07 23:58:08,373][flwr][INFO] - aggregate_fit: received 5 results and 0 failures
[2024-09-07 23:58:12,686][flwr][INFO] - fit progress: (81, 82.0888914167881, {'accuracy': 0.8102893890675241}, 655.9175318990019)
[2024-09-07 23:58:12,686][flwr][INFO] - configure_evaluate: strategy sampled 2 clients (out of 50)
[2024-09-07 23:58:12,851][flwr][INFO] - aggregate_evaluate: received 2 results and 0 failures
[2024-09-07 23:58:12,851][flwr][INFO] - 
[2024-09-07 23:58:12,851][flwr][INFO] - [ROUND 82]
[2024-09-07 23:58:12,851][flwr][INFO] - configure_fit: strategy sampled 5 clients (out of 50)
[2024-09-07 23:58:15,681][flwr][INFO] - aggregate_fit: received 5 results and 0 failures
[2024-09-07 23:58:20,032][flwr][INFO] - fit progress: (82, 100.91149944067001, {'accuracy': 0.7366267173341128}, 663.2640341060032)
[2024-09-07 23:58:20,032][flwr][INFO] - configure_evaluate: strategy sampled 2 clients (out of 50)
[2024-09-07 23:58:20,237][flwr][INFO] - aggregate_evaluate: received 2 results and 0 failures
[2024-09-07 23:58:20,237][flwr][INFO] - 
[2024-09-07 23:58:20,237][flwr][INFO] - [ROUND 83]
[2024-09-07 23:58:20,237][flwr][INFO] - configure_fit: strategy sampled 5 clients (out of 50)
[2024-09-07 23:58:22,857][flwr][INFO] - aggregate_fit: received 5 results and 0 failures
[2024-09-07 23:58:27,185][flwr][INFO] - fit progress: (83, 106.24988730251789, {'accuracy': 0.7404267757965507}, 670.416861078993)
[2024-09-07 23:58:27,185][flwr][INFO] - configure_evaluate: strategy sampled 2 clients (out of 50)
[2024-09-07 23:58:27,358][flwr][INFO] - aggregate_evaluate: received 2 results and 0 failures
[2024-09-07 23:58:27,358][flwr][INFO] - 
[2024-09-07 23:58:27,358][flwr][INFO] - [ROUND 84]
[2024-09-07 23:58:27,359][flwr][INFO] - configure_fit: strategy sampled 5 clients (out of 50)
[2024-09-07 23:58:30,295][flwr][INFO] - aggregate_fit: received 5 results and 0 failures
[2024-09-07 23:58:34,635][flwr][INFO] - fit progress: (84, 115.35588219761848, {'accuracy': 0.7360420929552762}, 677.8673824879952)
[2024-09-07 23:58:34,636][flwr][INFO] - configure_evaluate: strategy sampled 2 clients (out of 50)
[2024-09-07 23:58:34,851][flwr][INFO] - aggregate_evaluate: received 2 results and 0 failures
[2024-09-07 23:58:34,851][flwr][INFO] - 
[2024-09-07 23:58:34,851][flwr][INFO] - [ROUND 85]
[2024-09-07 23:58:34,852][flwr][INFO] - configure_fit: strategy sampled 5 clients (out of 50)
[2024-09-07 23:58:38,149][flwr][INFO] - aggregate_fit: received 5 results and 0 failures
[2024-09-07 23:58:42,510][flwr][INFO] - fit progress: (85, 81.97004467248917, {'accuracy': 0.7477345805320081}, 685.7424512870057)
[2024-09-07 23:58:42,511][flwr][INFO] - configure_evaluate: strategy sampled 2 clients (out of 50)
[2024-09-07 23:58:42,754][flwr][INFO] - aggregate_evaluate: received 2 results and 0 failures
[2024-09-07 23:58:42,754][flwr][INFO] - 
[2024-09-07 23:58:42,754][flwr][INFO] - [ROUND 86]
[2024-09-07 23:58:42,755][flwr][INFO] - configure_fit: strategy sampled 5 clients (out of 50)
[2024-09-07 23:58:47,258][flwr][INFO] - aggregate_fit: received 5 results and 0 failures
[2024-09-07 23:58:51,596][flwr][INFO] - fit progress: (86, 36.5871948748827, {'accuracy': 0.8848289973691903}, 694.8284996870061)
[2024-09-07 23:58:51,597][flwr][INFO] - configure_evaluate: strategy sampled 2 clients (out of 50)
[2024-09-07 23:58:51,754][flwr][INFO] - aggregate_evaluate: received 2 results and 0 failures
[2024-09-07 23:58:51,754][flwr][INFO] - 
[2024-09-07 23:58:51,754][flwr][INFO] - [ROUND 87]
[2024-09-07 23:58:51,754][flwr][INFO] - configure_fit: strategy sampled 5 clients (out of 50)
[2024-09-07 23:58:54,633][flwr][INFO] - aggregate_fit: received 5 results and 0 failures
[2024-09-07 23:58:58,999][flwr][INFO] - fit progress: (87, 40.0253059566021, {'accuracy': 0.8801520023384976}, 702.2312347160041)
[2024-09-07 23:58:58,999][flwr][INFO] - configure_evaluate: strategy sampled 2 clients (out of 50)
[2024-09-07 23:58:59,269][flwr][INFO] - aggregate_evaluate: received 2 results and 0 failures
[2024-09-07 23:58:59,269][flwr][INFO] - 
[2024-09-07 23:58:59,269][flwr][INFO] - [ROUND 88]
[2024-09-07 23:58:59,270][flwr][INFO] - configure_fit: strategy sampled 5 clients (out of 50)
[2024-09-07 23:59:02,189][flwr][INFO] - aggregate_fit: received 5 results and 0 failures
[2024-09-07 23:59:06,553][flwr][INFO] - fit progress: (88, 49.45651752129197, {'accuracy': 0.8441976030400468}, 709.7855066289922)
[2024-09-07 23:59:06,554][flwr][INFO] - configure_evaluate: strategy sampled 2 clients (out of 50)
[2024-09-07 23:59:06,717][flwr][INFO] - aggregate_evaluate: received 2 results and 0 failures
[2024-09-07 23:59:06,717][flwr][INFO] - 
[2024-09-07 23:59:06,718][flwr][INFO] - [ROUND 89]
[2024-09-07 23:59:06,718][flwr][INFO] - configure_fit: strategy sampled 5 clients (out of 50)
[2024-09-07 23:59:09,594][flwr][INFO] - aggregate_fit: received 5 results and 0 failures
[2024-09-07 23:59:13,941][flwr][INFO] - fit progress: (89, 44.440093491226435, {'accuracy': 0.8763519438760596}, 717.1734389369958)
[2024-09-07 23:59:13,942][flwr][INFO] - configure_evaluate: strategy sampled 2 clients (out of 50)
[2024-09-07 23:59:14,200][flwr][INFO] - aggregate_evaluate: received 2 results and 0 failures
[2024-09-07 23:59:14,200][flwr][INFO] - 
[2024-09-07 23:59:14,200][flwr][INFO] - [ROUND 90]
[2024-09-07 23:59:14,200][flwr][INFO] - configure_fit: strategy sampled 5 clients (out of 50)
[2024-09-07 23:59:17,393][flwr][INFO] - aggregate_fit: received 5 results and 0 failures
[2024-09-07 23:59:21,757][flwr][INFO] - fit progress: (90, 91.76927911490202, {'accuracy': 0.8117509500146156}, 724.9892224409996)
[2024-09-07 23:59:21,757][flwr][INFO] - configure_evaluate: strategy sampled 2 clients (out of 50)
[2024-09-07 23:59:21,987][flwr][INFO] - aggregate_evaluate: received 2 results and 0 failures
[2024-09-07 23:59:21,987][flwr][INFO] - 
[2024-09-07 23:59:21,987][flwr][INFO] - [ROUND 91]
[2024-09-07 23:59:21,987][flwr][INFO] - configure_fit: strategy sampled 5 clients (out of 50)
[2024-09-07 23:59:25,251][flwr][INFO] - aggregate_fit: received 5 results and 0 failures
[2024-09-07 23:59:29,571][flwr][INFO] - fit progress: (91, 48.87292017787695, {'accuracy': 0.8427360420929553}, 732.8032137059927)
[2024-09-07 23:59:29,571][flwr][INFO] - configure_evaluate: strategy sampled 2 clients (out of 50)
[2024-09-07 23:59:29,747][flwr][INFO] - aggregate_evaluate: received 2 results and 0 failures
[2024-09-07 23:59:29,747][flwr][INFO] - 
[2024-09-07 23:59:29,747][flwr][INFO] - [ROUND 92]
[2024-09-07 23:59:29,747][flwr][INFO] - configure_fit: strategy sampled 5 clients (out of 50)
[2024-09-07 23:59:34,065][flwr][INFO] - aggregate_fit: received 5 results and 0 failures
[2024-09-07 23:59:38,394][flwr][INFO] - fit progress: (92, 63.05823535844684, {'accuracy': 0.8652440806781643}, 741.625596162994)
[2024-09-07 23:59:38,394][flwr][INFO] - configure_evaluate: strategy sampled 2 clients (out of 50)
[2024-09-07 23:59:38,665][flwr][INFO] - aggregate_evaluate: received 2 results and 0 failures
[2024-09-07 23:59:38,665][flwr][INFO] - 
[2024-09-07 23:59:38,665][flwr][INFO] - [ROUND 93]
[2024-09-07 23:59:38,665][flwr][INFO] - configure_fit: strategy sampled 5 clients (out of 50)
[2024-09-07 23:59:43,116][flwr][INFO] - aggregate_fit: received 5 results and 0 failures
[2024-09-07 23:59:47,483][flwr][INFO] - fit progress: (93, 93.19622269272804, {'accuracy': 0.7635194387605964}, 750.7154427560017)
[2024-09-07 23:59:47,484][flwr][INFO] - configure_evaluate: strategy sampled 2 clients (out of 50)
[2024-09-07 23:59:47,763][flwr][INFO] - aggregate_evaluate: received 2 results and 0 failures
[2024-09-07 23:59:47,763][flwr][INFO] - 
[2024-09-07 23:59:47,764][flwr][INFO] - [ROUND 94]
[2024-09-07 23:59:47,764][flwr][INFO] - configure_fit: strategy sampled 5 clients (out of 50)
[2024-09-07 23:59:50,736][flwr][INFO] - aggregate_fit: received 5 results and 0 failures
[2024-09-07 23:59:54,899][flwr][INFO] - fit progress: (94, 115.36600399017334, {'accuracy': 0.659456299327682}, 758.1308040680015)
[2024-09-07 23:59:54,899][flwr][INFO] - configure_evaluate: strategy sampled 2 clients (out of 50)
[2024-09-07 23:59:55,074][flwr][INFO] - aggregate_evaluate: received 2 results and 0 failures
[2024-09-07 23:59:55,074][flwr][INFO] - 
[2024-09-07 23:59:55,074][flwr][INFO] - [ROUND 95]
[2024-09-07 23:59:55,074][flwr][INFO] - configure_fit: strategy sampled 5 clients (out of 50)
[2024-09-07 23:59:58,795][flwr][INFO] - aggregate_fit: received 5 results and 0 failures
[2024-09-08 00:00:02,980][flwr][INFO] - fit progress: (95, 76.51835270226002, {'accuracy': 0.8120432622040339}, 766.2124501409999)
[2024-09-08 00:00:02,981][flwr][INFO] - configure_evaluate: strategy sampled 2 clients (out of 50)
[2024-09-08 00:00:03,129][flwr][INFO] - aggregate_evaluate: received 2 results and 0 failures
[2024-09-08 00:00:03,129][flwr][INFO] - 
[2024-09-08 00:00:03,129][flwr][INFO] - [ROUND 96]
[2024-09-08 00:00:03,129][flwr][INFO] - configure_fit: strategy sampled 5 clients (out of 50)
[2024-09-08 00:00:05,914][flwr][INFO] - aggregate_fit: received 5 results and 0 failures
[2024-09-08 00:00:10,084][flwr][INFO] - fit progress: (96, 29.35811399668455, {'accuracy': 0.9134755919321835}, 773.3157588049944)
[2024-09-08 00:00:10,084][flwr][INFO] - configure_evaluate: strategy sampled 2 clients (out of 50)
[2024-09-08 00:00:10,273][flwr][INFO] - aggregate_evaluate: received 2 results and 0 failures
[2024-09-08 00:00:10,273][flwr][INFO] - 
[2024-09-08 00:00:10,273][flwr][INFO] - [ROUND 97]
[2024-09-08 00:00:10,274][flwr][INFO] - configure_fit: strategy sampled 5 clients (out of 50)
[2024-09-08 00:00:13,103][flwr][INFO] - aggregate_fit: received 5 results and 0 failures
[2024-09-08 00:00:17,276][flwr][INFO] - fit progress: (97, 34.67725428752601, {'accuracy': 0.8982753580824321}, 780.5078978599922)
[2024-09-08 00:00:17,276][flwr][INFO] - configure_evaluate: strategy sampled 2 clients (out of 50)
[2024-09-08 00:00:17,479][flwr][INFO] - aggregate_evaluate: received 2 results and 0 failures
[2024-09-08 00:00:17,479][flwr][INFO] - 
[2024-09-08 00:00:17,479][flwr][INFO] - [ROUND 98]
[2024-09-08 00:00:17,479][flwr][INFO] - configure_fit: strategy sampled 5 clients (out of 50)
[2024-09-08 00:00:21,937][flwr][INFO] - aggregate_fit: received 5 results and 0 failures
[2024-09-08 00:00:26,153][flwr][INFO] - fit progress: (98, 54.47868697345257, {'accuracy': 0.8398129201987723}, 789.3848239109939)
[2024-09-08 00:00:26,153][flwr][INFO] - configure_evaluate: strategy sampled 2 clients (out of 50)
[2024-09-08 00:00:26,301][flwr][INFO] - aggregate_evaluate: received 2 results and 0 failures
[2024-09-08 00:00:26,302][flwr][INFO] - 
[2024-09-08 00:00:26,302][flwr][INFO] - [ROUND 99]
[2024-09-08 00:00:26,302][flwr][INFO] - configure_fit: strategy sampled 5 clients (out of 50)
[2024-09-08 00:00:30,659][flwr][INFO] - aggregate_fit: received 5 results and 0 failures
[2024-09-08 00:00:34,830][flwr][INFO] - fit progress: (99, 110.6666254401207, {'accuracy': 0.7427652733118971}, 798.0617774120037)
[2024-09-08 00:00:34,830][flwr][INFO] - configure_evaluate: strategy sampled 2 clients (out of 50)
[2024-09-08 00:00:35,034][flwr][INFO] - aggregate_evaluate: received 2 results and 0 failures
[2024-09-08 00:00:35,034][flwr][INFO] - 
[2024-09-08 00:00:35,035][flwr][INFO] - [ROUND 100]
[2024-09-08 00:00:35,035][flwr][INFO] - configure_fit: strategy sampled 5 clients (out of 50)
[2024-09-08 00:00:39,731][flwr][INFO] - aggregate_fit: received 5 results and 0 failures
[2024-09-08 00:00:43,929][flwr][INFO] - fit progress: (100, 38.46755540184677, {'accuracy': 0.8892136802104648}, 807.1614830619947)
[2024-09-08 00:00:43,930][flwr][INFO] - configure_evaluate: strategy sampled 2 clients (out of 50)
[2024-09-08 00:00:44,216][flwr][INFO] - aggregate_evaluate: received 2 results and 0 failures
[2024-09-08 00:00:44,216][flwr][INFO] - 
[2024-09-08 00:00:44,216][flwr][INFO] - [SUMMARY]
[2024-09-08 00:00:44,216][flwr][INFO] - Run finished 100 round(s) in 807.45s
[2024-09-08 00:00:44,217][flwr][INFO] - 	History (loss, distributed):
[2024-09-08 00:00:44,217][flwr][INFO] - 		round 1: 1.9066014805355587
[2024-09-08 00:00:44,217][flwr][INFO] - 		round 2: 2.399300736349982
[2024-09-08 00:00:44,217][flwr][INFO] - 		round 3: 2.0721825903112236
[2024-09-08 00:00:44,217][flwr][INFO] - 		round 4: 0.8748933672904968
[2024-09-08 00:00:44,217][flwr][INFO] - 		round 5: 0.7616451978683472
[2024-09-08 00:00:44,217][flwr][INFO] - 		round 6: 2.079356802834405
[2024-09-08 00:00:44,217][flwr][INFO] - 		round 7: 1.3694847893455755
[2024-09-08 00:00:44,217][flwr][INFO] - 		round 8: 2.8167081443887008
[2024-09-08 00:00:44,217][flwr][INFO] - 		round 9: 0.44048014355868825
[2024-09-08 00:00:44,217][flwr][INFO] - 		round 10: 0.9258015189852034
[2024-09-08 00:00:44,217][flwr][INFO] - 		round 11: 0.5600585142771403
[2024-09-08 00:00:44,217][flwr][INFO] - 		round 12: 1.8355251198083582
[2024-09-08 00:00:44,217][flwr][INFO] - 		round 13: 0.25924169085919857
[2024-09-08 00:00:44,217][flwr][INFO] - 		round 14: 0.6620869636535645
[2024-09-08 00:00:44,217][flwr][INFO] - 		round 15: 0.38040536642074585
[2024-09-08 00:00:44,217][flwr][INFO] - 		round 16: 2.5320175977853627
[2024-09-08 00:00:44,217][flwr][INFO] - 		round 17: 2.217714565903393
[2024-09-08 00:00:44,217][flwr][INFO] - 		round 18: 1.7371459289600975
[2024-09-08 00:00:44,217][flwr][INFO] - 		round 19: 1.5573763409081627
[2024-09-08 00:00:44,217][flwr][INFO] - 		round 20: 0.7998663620515303
[2024-09-08 00:00:44,217][flwr][INFO] - 		round 21: 0.4947541490677864
[2024-09-08 00:00:44,217][flwr][INFO] - 		round 22: 1.4165450996822782
[2024-09-08 00:00:44,217][flwr][INFO] - 		round 23: 0.5396000776025984
[2024-09-08 00:00:44,217][flwr][INFO] - 		round 24: 0.9863206826004327
[2024-09-08 00:00:44,217][flwr][INFO] - 		round 25: 1.6384534219215656
[2024-09-08 00:00:44,217][flwr][INFO] - 		round 26: 0.5238043533431159
[2024-09-08 00:00:44,217][flwr][INFO] - 		round 27: 2.430355558028588
[2024-09-08 00:00:44,217][flwr][INFO] - 		round 28: 0.4320133725802104
[2024-09-08 00:00:44,217][flwr][INFO] - 		round 29: 2.9243575731913247
[2024-09-08 00:00:44,217][flwr][INFO] - 		round 30: 0.34407303794737787
[2024-09-08 00:00:44,217][flwr][INFO] - 		round 31: 1.1104962765455766
[2024-09-08 00:00:44,217][flwr][INFO] - 		round 32: 0.6145751543764798
[2024-09-08 00:00:44,217][flwr][INFO] - 		round 33: 1.662920981645584
[2024-09-08 00:00:44,217][flwr][INFO] - 		round 34: 1.2205327023630557
[2024-09-08 00:00:44,217][flwr][INFO] - 		round 35: 0.772836868579571
[2024-09-08 00:00:44,217][flwr][INFO] - 		round 36: 0.49623637405388493
[2024-09-08 00:00:44,217][flwr][INFO] - 		round 37: 0.6839270574636147
[2024-09-08 00:00:44,217][flwr][INFO] - 		round 38: 0.5818932135150118
[2024-09-08 00:00:44,217][flwr][INFO] - 		round 39: 0.14147883432882805
[2024-09-08 00:00:44,217][flwr][INFO] - 		round 40: 1.2775111459705928
[2024-09-08 00:00:44,217][flwr][INFO] - 		round 41: 0.4849294744156025
[2024-09-08 00:00:44,217][flwr][INFO] - 		round 42: 0.42869330871672856
[2024-09-08 00:00:44,217][flwr][INFO] - 		round 43: 0.40457649746637664
[2024-09-08 00:00:44,217][flwr][INFO] - 		round 44: 0.3528757792598796
[2024-09-08 00:00:44,217][flwr][INFO] - 		round 45: 0.7390423020491234
[2024-09-08 00:00:44,217][flwr][INFO] - 		round 46: 0.32875132108036476
[2024-09-08 00:00:44,217][flwr][INFO] - 		round 47: 1.6253098971915967
[2024-09-08 00:00:44,217][flwr][INFO] - 		round 48: 0.5219423357178183
[2024-09-08 00:00:44,217][flwr][INFO] - 		round 49: 1.0671872217208147
[2024-09-08 00:00:44,217][flwr][INFO] - 		round 50: 0.9653540656373307
[2024-09-08 00:00:44,218][flwr][INFO] - 		round 51: 0.124787341643657
[2024-09-08 00:00:44,218][flwr][INFO] - 		round 52: 0.552824392914772
[2024-09-08 00:00:44,218][flwr][INFO] - 		round 53: 0.1415710170802317
[2024-09-08 00:00:44,218][flwr][INFO] - 		round 54: 0.3563493937253952
[2024-09-08 00:00:44,218][flwr][INFO] - 		round 55: 0.29306505964352536
[2024-09-08 00:00:44,218][flwr][INFO] - 		round 56: 0.3895615019342479
[2024-09-08 00:00:44,218][flwr][INFO] - 		round 57: 0.2816235206343911
[2024-09-08 00:00:44,218][flwr][INFO] - 		round 58: 0.841017559170723
[2024-09-08 00:00:44,218][flwr][INFO] - 		round 59: 0.6637010418942997
[2024-09-08 00:00:44,218][flwr][INFO] - 		round 60: 0.3578638312491504
[2024-09-08 00:00:44,218][flwr][INFO] - 		round 61: 0.8619094922624785
[2024-09-08 00:00:44,218][flwr][INFO] - 		round 62: 0.6573047719895839
[2024-09-08 00:00:44,218][flwr][INFO] - 		round 63: 0.4036251810235037
[2024-09-08 00:00:44,218][flwr][INFO] - 		round 64: 0.8053267056788873
[2024-09-08 00:00:44,218][flwr][INFO] - 		round 65: 0.6550398766994476
[2024-09-08 00:00:44,218][flwr][INFO] - 		round 66: 0.5630213654738792
[2024-09-08 00:00:44,218][flwr][INFO] - 		round 67: 0.23196601390838623
[2024-09-08 00:00:44,218][flwr][INFO] - 		round 68: 0.7317655704639576
[2024-09-08 00:00:44,218][flwr][INFO] - 		round 69: 0.40201113905225483
[2024-09-08 00:00:44,218][flwr][INFO] - 		round 70: 0.5607327756128813
[2024-09-08 00:00:44,218][flwr][INFO] - 		round 71: 2.7568935691763503
[2024-09-08 00:00:44,218][flwr][INFO] - 		round 72: 0.7535509974695742
[2024-09-08 00:00:44,218][flwr][INFO] - 		round 73: 0.7818109572651875
[2024-09-08 00:00:44,218][flwr][INFO] - 		round 74: 0.10581993524517332
[2024-09-08 00:00:44,218][flwr][INFO] - 		round 75: 0.06424711799315576
[2024-09-08 00:00:44,218][flwr][INFO] - 		round 76: 0.8669269077087703
[2024-09-08 00:00:44,218][flwr][INFO] - 		round 77: 0.39531044638346113
[2024-09-08 00:00:44,218][flwr][INFO] - 		round 78: 0.6006637931697898
[2024-09-08 00:00:44,218][flwr][INFO] - 		round 79: 1.0758493104401756
[2024-09-08 00:00:44,218][flwr][INFO] - 		round 80: 0.6100143442551295
[2024-09-08 00:00:44,218][flwr][INFO] - 		round 81: 0.2349026948534723
[2024-09-08 00:00:44,218][flwr][INFO] - 		round 82: 0.8555441300074259
[2024-09-08 00:00:44,218][flwr][INFO] - 		round 83: 1.0178152243296306
[2024-09-08 00:00:44,218][flwr][INFO] - 		round 84: 0.5460746828466654
[2024-09-08 00:00:44,218][flwr][INFO] - 		round 85: 0.82878832169521
[2024-09-08 00:00:44,218][flwr][INFO] - 		round 86: 0.25181667293821064
[2024-09-08 00:00:44,218][flwr][INFO] - 		round 87: 0.10457723334278028
[2024-09-08 00:00:44,218][flwr][INFO] - 		round 88: 0.6884885212549796
[2024-09-08 00:00:44,218][flwr][INFO] - 		round 89: 0.09726620490352313
[2024-09-08 00:00:44,218][flwr][INFO] - 		round 90: 0.21803136467933654
[2024-09-08 00:00:44,218][flwr][INFO] - 		round 91: 0.28973833008392436
[2024-09-08 00:00:44,218][flwr][INFO] - 		round 92: 0.1266406790819019
[2024-09-08 00:00:44,218][flwr][INFO] - 		round 93: 1.1127825401863962
[2024-09-08 00:00:44,218][flwr][INFO] - 		round 94: 0.8810955320085798
[2024-09-08 00:00:44,218][flwr][INFO] - 		round 95: 0.8417749383328815
[2024-09-08 00:00:44,218][flwr][INFO] - 		round 96: 0.21989702043079196
[2024-09-08 00:00:44,218][flwr][INFO] - 		round 97: 0.16018934481378114
[2024-09-08 00:00:44,218][flwr][INFO] - 		round 98: 2.2162304474757266
[2024-09-08 00:00:44,218][flwr][INFO] - 		round 99: 0.6588737624032157
[2024-09-08 00:00:44,218][flwr][INFO] - 		round 100: 0.1306007016661032
[2024-09-08 00:00:44,218][flwr][INFO] - 	History (loss, centralized):
[2024-09-08 00:00:44,218][flwr][INFO] - 		round 0: 221.57649183273315
[2024-09-08 00:00:44,218][flwr][INFO] - 		round 1: 218.405087351799
[2024-09-08 00:00:44,218][flwr][INFO] - 		round 2: 224.42405605316162
[2024-09-08 00:00:44,218][flwr][INFO] - 		round 3: 171.85416221618652
[2024-09-08 00:00:44,218][flwr][INFO] - 		round 4: 91.66776341199875
[2024-09-08 00:00:44,218][flwr][INFO] - 		round 5: 79.86054587364197
[2024-09-08 00:00:44,218][flwr][INFO] - 		round 6: 170.72453558444977
[2024-09-08 00:00:44,218][flwr][INFO] - 		round 7: 176.31902050971985
[2024-09-08 00:00:44,218][flwr][INFO] - 		round 8: 183.9579118490219
[2024-09-08 00:00:44,218][flwr][INFO] - 		round 9: 81.64097726345062
[2024-09-08 00:00:44,219][flwr][INFO] - 		round 10: 102.36550134420395
[2024-09-08 00:00:44,219][flwr][INFO] - 		round 11: 120.67989125847816
[2024-09-08 00:00:44,219][flwr][INFO] - 		round 12: 116.51026034355164
[2024-09-08 00:00:44,219][flwr][INFO] - 		round 13: 96.27969029545784
[2024-09-08 00:00:44,219][flwr][INFO] - 		round 14: 65.91152643412352
[2024-09-08 00:00:44,219][flwr][INFO] - 		round 15: 104.4191085100174
[2024-09-08 00:00:44,219][flwr][INFO] - 		round 16: 145.05105656385422
[2024-09-08 00:00:44,219][flwr][INFO] - 		round 17: 219.54357600212097
[2024-09-08 00:00:44,219][flwr][INFO] - 		round 18: 139.9029060602188
[2024-09-08 00:00:44,219][flwr][INFO] - 		round 19: 99.03507936000824
[2024-09-08 00:00:44,219][flwr][INFO] - 		round 20: 87.05109903216362
[2024-09-08 00:00:44,219][flwr][INFO] - 		round 21: 96.60551908612251
[2024-09-08 00:00:44,219][flwr][INFO] - 		round 22: 108.62238457798958
[2024-09-08 00:00:44,219][flwr][INFO] - 		round 23: 121.24202460050583
[2024-09-08 00:00:44,219][flwr][INFO] - 		round 24: 129.12885463237762
[2024-09-08 00:00:44,219][flwr][INFO] - 		round 25: 116.45820134878159
[2024-09-08 00:00:44,219][flwr][INFO] - 		round 26: 51.237406224012375
[2024-09-08 00:00:44,219][flwr][INFO] - 		round 27: 135.32429468631744
[2024-09-08 00:00:44,219][flwr][INFO] - 		round 28: 62.9113427400589
[2024-09-08 00:00:44,219][flwr][INFO] - 		round 29: 112.17357513308525
[2024-09-08 00:00:44,219][flwr][INFO] - 		round 30: 71.75128239393234
[2024-09-08 00:00:44,219][flwr][INFO] - 		round 31: 168.42442959547043
[2024-09-08 00:00:44,219][flwr][INFO] - 		round 32: 63.51641771197319
[2024-09-08 00:00:44,219][flwr][INFO] - 		round 33: 100.47826719284058
[2024-09-08 00:00:44,219][flwr][INFO] - 		round 34: 73.62717559933662
[2024-09-08 00:00:44,219][flwr][INFO] - 		round 35: 61.79972317814827
[2024-09-08 00:00:44,219][flwr][INFO] - 		round 36: 59.74759516865015
[2024-09-08 00:00:44,219][flwr][INFO] - 		round 37: 65.17582205682993
[2024-09-08 00:00:44,219][flwr][INFO] - 		round 38: 54.37612645328045
[2024-09-08 00:00:44,219][flwr][INFO] - 		round 39: 35.65502302348614
[2024-09-08 00:00:44,219][flwr][INFO] - 		round 40: 85.50469541549683
[2024-09-08 00:00:44,219][flwr][INFO] - 		round 41: 104.02919182181358
[2024-09-08 00:00:44,219][flwr][INFO] - 		round 42: 47.427940495312214
[2024-09-08 00:00:44,219][flwr][INFO] - 		round 43: 31.335266325622797
[2024-09-08 00:00:44,219][flwr][INFO] - 		round 44: 43.272703260183334
[2024-09-08 00:00:44,219][flwr][INFO] - 		round 45: 84.84895721077919
[2024-09-08 00:00:44,219][flwr][INFO] - 		round 46: 39.100251354277134
[2024-09-08 00:00:44,219][flwr][INFO] - 		round 47: 122.60800552368164
[2024-09-08 00:00:44,219][flwr][INFO] - 		round 48: 59.09431171417236
[2024-09-08 00:00:44,219][flwr][INFO] - 		round 49: 90.17274916172028
[2024-09-08 00:00:44,219][flwr][INFO] - 		round 50: 50.09506416320801
[2024-09-08 00:00:44,219][flwr][INFO] - 		round 51: 61.46407091617584
[2024-09-08 00:00:44,219][flwr][INFO] - 		round 52: 90.59135437011719
[2024-09-08 00:00:44,219][flwr][INFO] - 		round 53: 36.11517580598593
[2024-09-08 00:00:44,219][flwr][INFO] - 		round 54: 37.04132776707411
[2024-09-08 00:00:44,219][flwr][INFO] - 		round 55: 34.15558817982674
[2024-09-08 00:00:44,219][flwr][INFO] - 		round 56: 53.40511913597584
[2024-09-08 00:00:44,219][flwr][INFO] - 		round 57: 55.76321072131395
[2024-09-08 00:00:44,219][flwr][INFO] - 		round 58: 53.67649956047535
[2024-09-08 00:00:44,219][flwr][INFO] - 		round 59: 49.316201739013195
[2024-09-08 00:00:44,219][flwr][INFO] - 		round 60: 34.38470580428839
[2024-09-08 00:00:44,219][flwr][INFO] - 		round 61: 110.23625096678734
[2024-09-08 00:00:44,219][flwr][INFO] - 		round 62: 46.36086120456457
[2024-09-08 00:00:44,219][flwr][INFO] - 		round 63: 66.03178883343935
[2024-09-08 00:00:44,219][flwr][INFO] - 		round 64: 72.4943884909153
[2024-09-08 00:00:44,219][flwr][INFO] - 		round 65: 40.73383419960737
[2024-09-08 00:00:44,219][flwr][INFO] - 		round 66: 31.922108434140682
[2024-09-08 00:00:44,219][flwr][INFO] - 		round 67: 53.795088052749634
[2024-09-08 00:00:44,219][flwr][INFO] - 		round 68: 120.98280027508736
[2024-09-08 00:00:44,219][flwr][INFO] - 		round 69: 58.255805000662804
[2024-09-08 00:00:44,219][flwr][INFO] - 		round 70: 64.90128242969513
[2024-09-08 00:00:44,220][flwr][INFO] - 		round 71: 111.19057470560074
[2024-09-08 00:00:44,220][flwr][INFO] - 		round 72: 58.919075332582
[2024-09-08 00:00:44,220][flwr][INFO] - 		round 73: 72.07766558229923
[2024-09-08 00:00:44,220][flwr][INFO] - 		round 74: 53.78443341702223
[2024-09-08 00:00:44,220][flwr][INFO] - 		round 75: 59.517327807843685
[2024-09-08 00:00:44,220][flwr][INFO] - 		round 76: 107.36361539363861
[2024-09-08 00:00:44,220][flwr][INFO] - 		round 77: 59.41670875251293
[2024-09-08 00:00:44,220][flwr][INFO] - 		round 78: 37.19324972294271
[2024-09-08 00:00:44,220][flwr][INFO] - 		round 79: 89.77833724208176
[2024-09-08 00:00:44,220][flwr][INFO] - 		round 80: 55.43960798159242
[2024-09-08 00:00:44,220][flwr][INFO] - 		round 81: 82.0888914167881
[2024-09-08 00:00:44,220][flwr][INFO] - 		round 82: 100.91149944067001
[2024-09-08 00:00:44,220][flwr][INFO] - 		round 83: 106.24988730251789
[2024-09-08 00:00:44,220][flwr][INFO] - 		round 84: 115.35588219761848
[2024-09-08 00:00:44,220][flwr][INFO] - 		round 85: 81.97004467248917
[2024-09-08 00:00:44,220][flwr][INFO] - 		round 86: 36.5871948748827
[2024-09-08 00:00:44,220][flwr][INFO] - 		round 87: 40.0253059566021
[2024-09-08 00:00:44,220][flwr][INFO] - 		round 88: 49.45651752129197
[2024-09-08 00:00:44,220][flwr][INFO] - 		round 89: 44.440093491226435
[2024-09-08 00:00:44,220][flwr][INFO] - 		round 90: 91.76927911490202
[2024-09-08 00:00:44,220][flwr][INFO] - 		round 91: 48.87292017787695
[2024-09-08 00:00:44,220][flwr][INFO] - 		round 92: 63.05823535844684
[2024-09-08 00:00:44,220][flwr][INFO] - 		round 93: 93.19622269272804
[2024-09-08 00:00:44,220][flwr][INFO] - 		round 94: 115.36600399017334
[2024-09-08 00:00:44,220][flwr][INFO] - 		round 95: 76.51835270226002
[2024-09-08 00:00:44,220][flwr][INFO] - 		round 96: 29.35811399668455
[2024-09-08 00:00:44,220][flwr][INFO] - 		round 97: 34.67725428752601
[2024-09-08 00:00:44,220][flwr][INFO] - 		round 98: 54.47868697345257
[2024-09-08 00:00:44,220][flwr][INFO] - 		round 99: 110.6666254401207
[2024-09-08 00:00:44,220][flwr][INFO] - 		round 100: 38.46755540184677
[2024-09-08 00:00:44,220][flwr][INFO] - 	History (metrics, centralized):
[2024-09-08 00:00:44,220][flwr][INFO] - 	{'accuracy': [(0, 0.10026308097047647),
[2024-09-08 00:00:44,220][flwr][INFO] - 	              (1, 0.3048816135632856),
[2024-09-08 00:00:44,220][flwr][INFO] - 	              (2, 0.21251096170710318),
[2024-09-08 00:00:44,220][flwr][INFO] - 	              (3, 0.45571470330312774),
[2024-09-08 00:00:44,220][flwr][INFO] - 	              (4, 0.7535808243203742),
[2024-09-08 00:00:44,220][flwr][INFO] - 	              (5, 0.721134171294943),
[2024-09-08 00:00:44,220][flwr][INFO] - 	              (6, 0.4399298450745396),
[2024-09-08 00:00:44,220][flwr][INFO] - 	              (7, 0.3691902952353113),
[2024-09-08 00:00:44,220][flwr][INFO] - 	              (8, 0.5314235603624671),
[2024-09-08 00:00:44,220][flwr][INFO] - 	              (9, 0.7372113417129494),
[2024-09-08 00:00:44,220][flwr][INFO] - 	              (10, 0.6416252557731658),
[2024-09-08 00:00:44,220][flwr][INFO] - 	              (11, 0.6392867582578193),
[2024-09-08 00:00:44,220][flwr][INFO] - 	              (12, 0.6840105232388191),
[2024-09-08 00:00:44,220][flwr][INFO] - 	              (13, 0.6655948553054662),
[2024-09-08 00:00:44,220][flwr][INFO] - 	              (14, 0.7848582285881321),
[2024-09-08 00:00:44,220][flwr][INFO] - 	              (15, 0.6726103478515054),
[2024-09-08 00:00:44,220][flwr][INFO] - 	              (16, 0.5445776088862906),
[2024-09-08 00:00:44,220][flwr][INFO] - 	              (17, 0.4650686933645133),
[2024-09-08 00:00:44,220][flwr][INFO] - 	              (18, 0.6413329435837475),
[2024-09-08 00:00:44,220][flwr][INFO] - 	              (19, 0.6392867582578193),
[2024-09-08 00:00:44,220][flwr][INFO] - 	              (20, 0.7208418591055247),
[2024-09-08 00:00:44,220][flwr][INFO] - 	              (21, 0.6404560070154925),
[2024-09-08 00:00:44,220][flwr][INFO] - 	              (22, 0.6425021923414206),
[2024-09-08 00:00:44,220][flwr][INFO] - 	              (23, 0.6734872844197604),
[2024-09-08 00:00:44,220][flwr][INFO] - 	              (24, 0.5857936275942707),
[2024-09-08 00:00:44,220][flwr][INFO] - 	              (25, 0.659456299327682),
[2024-09-08 00:00:44,220][flwr][INFO] - 	              (26, 0.8339666764104063),
[2024-09-08 00:00:44,220][flwr][INFO] - 	              (27, 0.6118094124524993),
[2024-09-08 00:00:44,220][flwr][INFO] - 	              (28, 0.7623501900029231),
[2024-09-08 00:00:44,220][flwr][INFO] - 	              (29, 0.740719087985969),
[2024-09-08 00:00:44,220][flwr][INFO] - 	              (30, 0.7684887459807074),
[2024-09-08 00:00:44,220][flwr][INFO] - 	              (31, 0.5258696287635194),
[2024-09-08 00:00:44,220][flwr][INFO] - 	              (32, 0.7909967845659164),
[2024-09-08 00:00:44,221][flwr][INFO] - 	              (33, 0.6591639871382636),
[2024-09-08 00:00:44,221][flwr][INFO] - 	              (34, 0.758257819351067),
[2024-09-08 00:00:44,221][flwr][INFO] - 	              (35, 0.7901198479976616),
[2024-09-08 00:00:44,221][flwr][INFO] - 	              (36, 0.7997661502484653),
[2024-09-08 00:00:44,221][flwr][INFO] - 	              (37, 0.8319204910844782),
[2024-09-08 00:00:44,221][flwr][INFO] - 	              (38, 0.8190587547500731),
[2024-09-08 00:00:44,221][flwr][INFO] - 	              (39, 0.892429114294066),
[2024-09-08 00:00:44,221][flwr][INFO] - 	              (40, 0.7082724349605378),
[2024-09-08 00:00:44,221][flwr][INFO] - 	              (41, 0.6845951476176556),
[2024-09-08 00:00:44,221][flwr][INFO] - 	              (42, 0.8371821104940076),
[2024-09-08 00:00:44,221][flwr][INFO] - 	              (43, 0.9009061677871967),
[2024-09-08 00:00:44,221][flwr][INFO] - 	              (44, 0.8672902660040924),
[2024-09-08 00:00:44,221][flwr][INFO] - 	              (45, 0.7263957907044724),
[2024-09-08 00:00:44,221][flwr][INFO] - 	              (46, 0.8801520023384976),
[2024-09-08 00:00:44,221][flwr][INFO] - 	              (47, 0.6901490792166033),
[2024-09-08 00:00:44,221][flwr][INFO] - 	              (48, 0.800350774627302),
[2024-09-08 00:00:44,221][flwr][INFO] - 	              (49, 0.7442268342589886),
[2024-09-08 00:00:44,221][flwr][INFO] - 	              (50, 0.8567670271850336),
[2024-09-08 00:00:44,221][flwr][INFO] - 	              (51, 0.8187664425606548),
[2024-09-08 00:00:44,222][flwr][INFO] - 	              (52, 0.7161648640748319),
[2024-09-08 00:00:44,222][flwr][INFO] - 	              (53, 0.8819058754750073),
[2024-09-08 00:00:44,222][flwr][INFO] - 	              (54, 0.8775211926337328),
[2024-09-08 00:00:44,222][flwr][INFO] - 	              (55, 0.8950599239988307),
[2024-09-08 00:00:44,222][flwr][INFO] - 	              (56, 0.8246126863490207),
[2024-09-08 00:00:44,222][flwr][INFO] - 	              (57, 0.8304589301373867),
[2024-09-08 00:00:44,222][flwr][INFO] - 	              (58, 0.8339666764104063),
[2024-09-08 00:00:44,222][flwr][INFO] - 	              (59, 0.8371821104940076),
[2024-09-08 00:00:44,222][flwr][INFO] - 	              (60, 0.8976907337035954),
[2024-09-08 00:00:44,222][flwr][INFO] - 	              (61, 0.7223034200526162),
[2024-09-08 00:00:44,222][flwr][INFO] - 	              (62, 0.8529669687225957),
[2024-09-08 00:00:44,222][flwr][INFO] - 	              (63, 0.8208126278865828),
[2024-09-08 00:00:44,222][flwr][INFO] - 	              (64, 0.8041508330897399),
[2024-09-08 00:00:44,222][flwr][INFO] - 	              (65, 0.8661210172464192),
[2024-09-08 00:00:44,222][flwr][INFO] - 	              (66, 0.9038292896813798),
[2024-09-08 00:00:44,222][flwr][INFO] - 	              (67, 0.8310435545162234),
[2024-09-08 00:00:44,223][flwr][INFO] - 	              (68, 0.6451330020461853),
[2024-09-08 00:00:44,223][flwr][INFO] - 	              (69, 0.8363051739257527),
[2024-09-08 00:00:44,223][flwr][INFO] - 	              (70, 0.8213972522654195),
[2024-09-08 00:00:44,223][flwr][INFO] - 	              (71, 0.7114878690441392),
[2024-09-08 00:00:44,223][flwr][INFO] - 	              (72, 0.8371821104940076),
[2024-09-08 00:00:44,223][flwr][INFO] - 	              (73, 0.7717041800643086),
[2024-09-08 00:00:44,223][flwr][INFO] - 	              (74, 0.8593978368897983),
[2024-09-08 00:00:44,223][flwr][INFO] - 	              (75, 0.8681672025723473),
[2024-09-08 00:00:44,223][flwr][INFO] - 	              (76, 0.7252265419467991),
[2024-09-08 00:00:44,223][flwr][INFO] - 	              (77, 0.8494592224495762),
[2024-09-08 00:00:44,223][flwr][INFO] - 	              (78, 0.8950599239988307),
[2024-09-08 00:00:44,223][flwr][INFO] - 	              (79, 0.7705349313066355),
[2024-09-08 00:00:44,223][flwr][INFO] - 	              (80, 0.8351359251680796),
[2024-09-08 00:00:44,224][flwr][INFO] - 	              (81, 0.8102893890675241),
[2024-09-08 00:00:44,224][flwr][INFO] - 	              (82, 0.7366267173341128),
[2024-09-08 00:00:44,224][flwr][INFO] - 	              (83, 0.7404267757965507),
[2024-09-08 00:00:44,224][flwr][INFO] - 	              (84, 0.7360420929552762),
[2024-09-08 00:00:44,224][flwr][INFO] - 	              (85, 0.7477345805320081),
[2024-09-08 00:00:44,224][flwr][INFO] - 	              (86, 0.8848289973691903),
[2024-09-08 00:00:44,224][flwr][INFO] - 	              (87, 0.8801520023384976),
[2024-09-08 00:00:44,224][flwr][INFO] - 	              (88, 0.8441976030400468),
[2024-09-08 00:00:44,224][flwr][INFO] - 	              (89, 0.8763519438760596),
[2024-09-08 00:00:44,224][flwr][INFO] - 	              (90, 0.8117509500146156),
[2024-09-08 00:00:44,224][flwr][INFO] - 	              (91, 0.8427360420929553),
[2024-09-08 00:00:44,224][flwr][INFO] - 	              (92, 0.8652440806781643),
[2024-09-08 00:00:44,224][flwr][INFO] - 	              (93, 0.7635194387605964),
[2024-09-08 00:00:44,224][flwr][INFO] - 	              (94, 0.659456299327682),
[2024-09-08 00:00:44,224][flwr][INFO] - 	              (95, 0.8120432622040339),
[2024-09-08 00:00:44,224][flwr][INFO] - 	              (96, 0.9134755919321835),
[2024-09-08 00:00:44,224][flwr][INFO] - 	              (97, 0.8982753580824321),
[2024-09-08 00:00:44,224][flwr][INFO] - 	              (98, 0.8398129201987723),
[2024-09-08 00:00:44,224][flwr][INFO] - 	              (99, 0.7427652733118971),
[2024-09-08 00:00:44,224][flwr][INFO] - 	              (100, 0.8892136802104648)]}
[2024-09-08 00:00:44,224][flwr][INFO] - 
