[2024-10-02 13:11:34,552][flwr][INFO] - Starting Flower simulation, config: num_rounds=100, no round_timeout
[2024-10-02 13:11:37,717][flwr][INFO] - Flower VCE: Ray initialized with resources: {'memory': 157797022311.0, 'node:__internal_head__': 1.0, 'accelerator_type:G': 1.0, 'GPU': 1.0, 'object_store_memory': 71913009561.0, 'node:115.145.172.224': 1.0, 'CPU': 256.0}
[2024-10-02 13:11:37,717][flwr][INFO] - Optimize your simulation with Flower VCE: https://flower.ai/docs/framework/how-to-run-simulations.html
[2024-10-02 13:11:37,717][flwr][INFO] - Flower VCE: Resources for each Virtual Client: {'num_cpus': 128, 'num_gpus': 0.125}
[2024-10-02 13:11:37,733][flwr][INFO] - Flower VCE: Creating VirtualClientEngineActorPool with 2 actors
[2024-10-02 13:11:37,734][flwr][INFO] - [INIT]
[2024-10-02 13:11:37,734][flwr][INFO] - Requesting initial parameters from one random client
[2024-10-02 13:11:43,836][flwr][INFO] - Received initial parameters from one random client
[2024-10-02 13:11:43,837][flwr][INFO] - Evaluating initial global parameters
[2024-10-02 13:13:23,541][flwr][INFO] - initial parameters (loss, other metrics): 3096.4082342386246, {'accuracy': 0.10776226734348562}
[2024-10-02 13:13:23,542][flwr][INFO] - 
[2024-10-02 13:13:23,542][flwr][INFO] - [ROUND 1]
[2024-10-02 13:13:23,542][flwr][INFO] - configure_fit: strategy sampled 5 clients (out of 50)
[2024-10-02 13:16:10,605][flwr][INFO] - aggregate_fit: received 5 results and 0 failures
[2024-10-02 13:16:11,401][flwr][WARNING] - No fit_metrics_aggregation_fn provided
[2024-10-02 13:17:46,053][flwr][INFO] - fit progress: (1, 3001.989688396454, {'accuracy': 0.36708967851099833}, 262.511171720922)
[2024-10-02 13:17:46,054][flwr][INFO] - configure_evaluate: strategy sampled 2 clients (out of 50)
[2024-10-02 13:17:48,526][flwr][INFO] - aggregate_evaluate: received 2 results and 0 failures
[2024-10-02 13:17:48,527][flwr][INFO] - 
[2024-10-02 13:17:48,527][flwr][INFO] - [ROUND 2]
[2024-10-02 13:17:48,527][flwr][INFO] - configure_fit: strategy sampled 5 clients (out of 50)
[2024-10-02 13:19:28,180][flwr][INFO] - aggregate_fit: received 5 results and 0 failures
[2024-10-02 13:21:02,853][flwr][INFO] - fit progress: (2, 2629.146827816963, {'accuracy': 0.41230964467005077}, 459.3111698599532)
[2024-10-02 13:21:02,854][flwr][INFO] - configure_evaluate: strategy sampled 2 clients (out of 50)
[2024-10-02 13:21:05,465][flwr][INFO] - aggregate_evaluate: received 2 results and 0 failures
[2024-10-02 13:21:05,466][flwr][INFO] - 
[2024-10-02 13:21:05,466][flwr][INFO] - [ROUND 3]
[2024-10-02 13:21:05,466][flwr][INFO] - configure_fit: strategy sampled 5 clients (out of 50)
