[2024-09-09 05:35:40,152][flwr][INFO] - Starting Flower simulation, config: num_rounds=100, no round_timeout
[2024-09-09 05:35:43,308][flwr][INFO] - Flower VCE: Ray initialized with resources: {'node:__internal_head__': 1.0, 'CPU': 256.0, 'memory': 169060803175.0, 'node:115.145.172.224': 1.0, 'object_store_memory': 76740344217.0, 'accelerator_type:G': 1.0, 'GPU': 1.0}
[2024-09-09 05:35:43,309][flwr][INFO] - Optimize your simulation with Flower VCE: https://flower.ai/docs/framework/how-to-run-simulations.html
[2024-09-09 05:35:43,309][flwr][INFO] - Flower VCE: Resources for each Virtual Client: {'num_cpus': 24, 'num_gpus': 0.125}
[2024-09-09 05:35:43,324][flwr][INFO] - Flower VCE: Creating VirtualClientEngineActorPool with 8 actors
[2024-09-09 05:35:43,324][flwr][INFO] - [INIT]
[2024-09-09 05:35:43,324][flwr][INFO] - Requesting initial parameters from one random client
[2024-09-09 05:35:47,358][flwr][INFO] - Received initial parameters from one random client
[2024-09-09 05:35:47,359][flwr][INFO] - Evaluating initial global parameters
[2024-09-09 05:35:59,525][flwr][INFO] - initial parameters (loss, other metrics): 505.7285945415497, {'accuracy': 0.047075208913649025}
[2024-09-09 05:35:59,526][flwr][INFO] - 
[2024-09-09 05:35:59,526][flwr][INFO] - [ROUND 1]
[2024-09-09 05:35:59,526][flwr][INFO] - configure_fit: strategy sampled 5 clients (out of 50)
[2024-09-09 05:36:19,570][flwr][INFO] - aggregate_fit: received 5 results and 0 failures
[2024-09-09 05:36:19,786][flwr][WARNING] - No fit_metrics_aggregation_fn provided
[2024-09-09 05:36:32,152][flwr][INFO] - fit progress: (1, 488.1722767353058, {'accuracy': 0.21949860724233983}, 32.62579703098163)
[2024-09-09 05:36:32,152][flwr][INFO] - configure_evaluate: strategy sampled 2 clients (out of 50)
[2024-09-09 05:36:33,355][flwr][INFO] - aggregate_evaluate: received 2 results and 0 failures
[2024-09-09 05:36:33,355][flwr][WARNING] - No evaluate_metrics_aggregation_fn provided
[2024-09-09 05:36:33,355][flwr][INFO] - 
[2024-09-09 05:36:33,355][flwr][INFO] - [ROUND 2]
[2024-09-09 05:36:33,356][flwr][INFO] - configure_fit: strategy sampled 5 clients (out of 50)
[2024-09-09 05:36:55,726][flwr][INFO] - aggregate_fit: received 5 results and 0 failures
[2024-09-09 05:37:05,781][flwr][INFO] - fit progress: (2, 489.7645318508148, {'accuracy': 0.06392757660167131}, 66.25492339767516)
[2024-09-09 05:37:05,782][flwr][INFO] - configure_evaluate: strategy sampled 2 clients (out of 50)
[2024-09-09 05:37:06,874][flwr][INFO] - aggregate_evaluate: received 2 results and 0 failures
[2024-09-09 05:37:06,874][flwr][INFO] - 
[2024-09-09 05:37:06,874][flwr][INFO] - [ROUND 3]
[2024-09-09 05:37:06,875][flwr][INFO] - configure_fit: strategy sampled 5 clients (out of 50)
[2024-09-09 05:37:27,505][flwr][INFO] - aggregate_fit: received 5 results and 0 failures
[2024-09-09 05:37:37,395][flwr][INFO] - fit progress: (3, 485.2077555656433, {'accuracy': 0.17256267409470752}, 97.86889723269269)
[2024-09-09 05:37:37,395][flwr][INFO] - configure_evaluate: strategy sampled 2 clients (out of 50)
[2024-09-09 05:37:38,307][flwr][INFO] - aggregate_evaluate: received 2 results and 0 failures
[2024-09-09 05:37:38,307][flwr][INFO] - 
[2024-09-09 05:37:38,307][flwr][INFO] - [ROUND 4]
[2024-09-09 05:37:38,308][flwr][INFO] - configure_fit: strategy sampled 5 clients (out of 50)
[2024-09-09 05:37:59,466][flwr][INFO] - aggregate_fit: received 5 results and 0 failures
[2024-09-09 05:38:09,175][flwr][INFO] - fit progress: (4, 482.65367460250854, {'accuracy': 0.08788300835654596}, 129.6496550887823)
[2024-09-09 05:38:09,176][flwr][INFO] - configure_evaluate: strategy sampled 2 clients (out of 50)
[2024-09-09 05:38:10,215][flwr][INFO] - aggregate_evaluate: received 2 results and 0 failures
[2024-09-09 05:38:10,216][flwr][INFO] - 
[2024-09-09 05:38:10,216][flwr][INFO] - [ROUND 5]
[2024-09-09 05:38:10,216][flwr][INFO] - configure_fit: strategy sampled 5 clients (out of 50)
[2024-09-09 05:38:31,885][flwr][INFO] - aggregate_fit: received 5 results and 0 failures
[2024-09-09 05:38:41,992][flwr][INFO] - fit progress: (5, 479.45981895923615, {'accuracy': 0.1764623955431755}, 162.46623912407085)
[2024-09-09 05:38:41,993][flwr][INFO] - configure_evaluate: strategy sampled 2 clients (out of 50)
[2024-09-09 05:38:43,071][flwr][INFO] - aggregate_evaluate: received 2 results and 0 failures
[2024-09-09 05:38:43,071][flwr][INFO] - 
[2024-09-09 05:38:43,071][flwr][INFO] - [ROUND 6]
[2024-09-09 05:38:43,071][flwr][INFO] - configure_fit: strategy sampled 5 clients (out of 50)
[2024-09-09 05:39:04,452][flwr][INFO] - aggregate_fit: received 5 results and 0 failures
[2024-09-09 05:39:14,642][flwr][INFO] - fit progress: (6, 474.8587466478348, {'accuracy': 0.23662952646239555}, 195.11631152685732)
[2024-09-09 05:39:14,642][flwr][INFO] - configure_evaluate: strategy sampled 2 clients (out of 50)
[2024-09-09 05:39:16,003][flwr][INFO] - aggregate_evaluate: received 2 results and 0 failures
[2024-09-09 05:39:16,003][flwr][INFO] - 
[2024-09-09 05:39:16,003][flwr][INFO] - [ROUND 7]
[2024-09-09 05:39:16,003][flwr][INFO] - configure_fit: strategy sampled 5 clients (out of 50)
[2024-09-09 05:39:33,734][flwr][INFO] - aggregate_fit: received 5 results and 0 failures
[2024-09-09 05:39:45,144][flwr][INFO] - fit progress: (7, 472.0283979177475, {'accuracy': 0.20571030640668525}, 225.61800012364984)
[2024-09-09 05:39:45,144][flwr][INFO] - configure_evaluate: strategy sampled 2 clients (out of 50)
[2024-09-09 05:39:46,225][flwr][INFO] - aggregate_evaluate: received 2 results and 0 failures
[2024-09-09 05:39:46,225][flwr][INFO] - 
[2024-09-09 05:39:46,225][flwr][INFO] - [ROUND 8]
[2024-09-09 05:39:46,226][flwr][INFO] - configure_fit: strategy sampled 5 clients (out of 50)
[2024-09-09 05:40:02,561][flwr][INFO] - aggregate_fit: received 5 results and 0 failures
[2024-09-09 05:40:13,824][flwr][INFO] - fit progress: (8, 559.7614901065826, {'accuracy': 0.2254874651810585}, 254.29801577562466)
[2024-09-09 05:40:13,824][flwr][INFO] - configure_evaluate: strategy sampled 2 clients (out of 50)
[2024-09-09 05:40:14,884][flwr][INFO] - aggregate_evaluate: received 2 results and 0 failures
[2024-09-09 05:40:14,884][flwr][INFO] - 
[2024-09-09 05:40:14,884][flwr][INFO] - [ROUND 9]
[2024-09-09 05:40:14,884][flwr][INFO] - configure_fit: strategy sampled 5 clients (out of 50)
[2024-09-09 05:40:32,258][flwr][INFO] - aggregate_fit: received 5 results and 0 failures
[2024-09-09 05:40:43,604][flwr][INFO] - fit progress: (9, 529.3843435049057, {'accuracy': 0.27158774373259054}, 284.0777674918063)
[2024-09-09 05:40:43,604][flwr][INFO] - configure_evaluate: strategy sampled 2 clients (out of 50)
[2024-09-09 05:40:44,660][flwr][INFO] - aggregate_evaluate: received 2 results and 0 failures
[2024-09-09 05:40:44,660][flwr][INFO] - 
[2024-09-09 05:40:44,660][flwr][INFO] - [ROUND 10]
[2024-09-09 05:40:44,661][flwr][INFO] - configure_fit: strategy sampled 5 clients (out of 50)
[2024-09-09 05:41:01,583][flwr][INFO] - aggregate_fit: received 5 results and 0 failures
[2024-09-09 05:41:13,059][flwr][INFO] - fit progress: (10, 472.4010269641876, {'accuracy': 0.2182451253481894}, 313.533421644941)
[2024-09-09 05:41:13,060][flwr][INFO] - configure_evaluate: strategy sampled 2 clients (out of 50)
[2024-09-09 05:41:14,083][flwr][INFO] - aggregate_evaluate: received 2 results and 0 failures
[2024-09-09 05:41:14,083][flwr][INFO] - 
[2024-09-09 05:41:14,083][flwr][INFO] - [ROUND 11]
[2024-09-09 05:41:14,084][flwr][INFO] - configure_fit: strategy sampled 5 clients (out of 50)
[2024-09-09 05:41:36,701][flwr][INFO] - aggregate_fit: received 5 results and 0 failures
[2024-09-09 05:41:46,742][flwr][INFO] - fit progress: (11, 457.75958120822906, {'accuracy': 0.3561281337047354}, 347.215886421036)
[2024-09-09 05:41:46,742][flwr][INFO] - configure_evaluate: strategy sampled 2 clients (out of 50)
[2024-09-09 05:41:47,714][flwr][INFO] - aggregate_evaluate: received 2 results and 0 failures
[2024-09-09 05:41:47,714][flwr][INFO] - 
[2024-09-09 05:41:47,714][flwr][INFO] - [ROUND 12]
[2024-09-09 05:41:47,714][flwr][INFO] - configure_fit: strategy sampled 5 clients (out of 50)
[2024-09-09 05:42:10,064][flwr][INFO] - aggregate_fit: received 5 results and 0 failures
[2024-09-09 05:42:20,667][flwr][INFO] - fit progress: (12, 450.1807243824005, {'accuracy': 0.26796657381615596}, 381.1414933479391)
[2024-09-09 05:42:20,668][flwr][INFO] - configure_evaluate: strategy sampled 2 clients (out of 50)
[2024-09-09 05:42:21,643][flwr][INFO] - aggregate_evaluate: received 2 results and 0 failures
[2024-09-09 05:42:21,643][flwr][INFO] - 
[2024-09-09 05:42:21,643][flwr][INFO] - [ROUND 13]
[2024-09-09 05:42:21,644][flwr][INFO] - configure_fit: strategy sampled 5 clients (out of 50)
[2024-09-09 05:42:38,931][flwr][INFO] - aggregate_fit: received 5 results and 0 failures
[2024-09-09 05:42:49,942][flwr][INFO] - fit progress: (13, 524.6554852724075, {'accuracy': 0.08899721448467966}, 410.4164209677838)
[2024-09-09 05:42:49,942][flwr][INFO] - configure_evaluate: strategy sampled 2 clients (out of 50)
[2024-09-09 05:42:50,987][flwr][INFO] - aggregate_evaluate: received 2 results and 0 failures
[2024-09-09 05:42:50,987][flwr][INFO] - 
[2024-09-09 05:42:50,987][flwr][INFO] - [ROUND 14]
[2024-09-09 05:42:50,988][flwr][INFO] - configure_fit: strategy sampled 5 clients (out of 50)
[2024-09-09 05:43:08,640][flwr][INFO] - aggregate_fit: received 5 results and 0 failures
[2024-09-09 05:43:19,625][flwr][INFO] - fit progress: (14, 460.2627338171005, {'accuracy': 0.3097493036211699}, 440.0990240019746)
[2024-09-09 05:43:19,625][flwr][INFO] - configure_evaluate: strategy sampled 2 clients (out of 50)
[2024-09-09 05:43:20,507][flwr][INFO] - aggregate_evaluate: received 2 results and 0 failures
[2024-09-09 05:43:20,507][flwr][INFO] - 
[2024-09-09 05:43:20,507][flwr][INFO] - [ROUND 15]
[2024-09-09 05:43:20,508][flwr][INFO] - configure_fit: strategy sampled 5 clients (out of 50)
[2024-09-09 05:43:38,691][flwr][INFO] - aggregate_fit: received 5 results and 0 failures
[2024-09-09 05:43:49,904][flwr][INFO] - fit progress: (15, 503.66802620887756, {'accuracy': 0.18774373259052926}, 470.3785931109451)
[2024-09-09 05:43:49,905][flwr][INFO] - configure_evaluate: strategy sampled 2 clients (out of 50)
[2024-09-09 05:43:50,915][flwr][INFO] - aggregate_evaluate: received 2 results and 0 failures
[2024-09-09 05:43:50,915][flwr][INFO] - 
[2024-09-09 05:43:50,915][flwr][INFO] - [ROUND 16]
[2024-09-09 05:43:50,916][flwr][INFO] - configure_fit: strategy sampled 5 clients (out of 50)
[2024-09-09 05:44:10,739][flwr][INFO] - aggregate_fit: received 5 results and 0 failures
[2024-09-09 05:44:21,667][flwr][INFO] - fit progress: (16, 445.970694065094, {'accuracy': 0.17116991643454038}, 502.1412890306674)
[2024-09-09 05:44:21,667][flwr][INFO] - configure_evaluate: strategy sampled 2 clients (out of 50)
[2024-09-09 05:44:22,687][flwr][INFO] - aggregate_evaluate: received 2 results and 0 failures
[2024-09-09 05:44:22,687][flwr][INFO] - 
[2024-09-09 05:44:22,687][flwr][INFO] - [ROUND 17]
[2024-09-09 05:44:22,688][flwr][INFO] - configure_fit: strategy sampled 5 clients (out of 50)
[2024-09-09 05:44:39,620][flwr][INFO] - aggregate_fit: received 5 results and 0 failures
[2024-09-09 05:44:49,662][flwr][INFO] - fit progress: (17, 486.0463443994522, {'accuracy': 0.26420612813370475}, 530.1364296129905)
[2024-09-09 05:44:49,663][flwr][INFO] - configure_evaluate: strategy sampled 2 clients (out of 50)
[2024-09-09 05:44:50,687][flwr][INFO] - aggregate_evaluate: received 2 results and 0 failures
[2024-09-09 05:44:50,688][flwr][INFO] - 
[2024-09-09 05:44:50,688][flwr][INFO] - [ROUND 18]
[2024-09-09 05:44:50,688][flwr][INFO] - configure_fit: strategy sampled 5 clients (out of 50)
[2024-09-09 05:45:12,211][flwr][INFO] - aggregate_fit: received 5 results and 0 failures
[2024-09-09 05:45:23,158][flwr][INFO] - fit progress: (18, 489.32378005981445, {'accuracy': 0.19526462395543176}, 563.632149330806)
[2024-09-09 05:45:23,158][flwr][INFO] - configure_evaluate: strategy sampled 2 clients (out of 50)
[2024-09-09 05:45:24,147][flwr][INFO] - aggregate_evaluate: received 2 results and 0 failures
[2024-09-09 05:45:24,147][flwr][INFO] - 
[2024-09-09 05:45:24,148][flwr][INFO] - [ROUND 19]
[2024-09-09 05:45:24,148][flwr][INFO] - configure_fit: strategy sampled 5 clients (out of 50)
[2024-09-09 05:45:41,790][flwr][INFO] - aggregate_fit: received 5 results and 0 failures
[2024-09-09 05:45:53,085][flwr][INFO] - fit progress: (19, 520.0682780742645, {'accuracy': 0.12409470752089137}, 593.5596239948645)
[2024-09-09 05:45:53,086][flwr][INFO] - configure_evaluate: strategy sampled 2 clients (out of 50)
[2024-09-09 05:45:54,147][flwr][INFO] - aggregate_evaluate: received 2 results and 0 failures
[2024-09-09 05:45:54,147][flwr][INFO] - 
[2024-09-09 05:45:54,147][flwr][INFO] - [ROUND 20]
[2024-09-09 05:45:54,148][flwr][INFO] - configure_fit: strategy sampled 5 clients (out of 50)
[2024-09-09 05:46:11,816][flwr][INFO] - aggregate_fit: received 5 results and 0 failures
[2024-09-09 05:46:22,900][flwr][INFO] - fit progress: (20, 431.7466893196106, {'accuracy': 0.39303621169916436}, 623.3742975997739)
[2024-09-09 05:46:22,901][flwr][INFO] - configure_evaluate: strategy sampled 2 clients (out of 50)
[2024-09-09 05:46:23,886][flwr][INFO] - aggregate_evaluate: received 2 results and 0 failures
[2024-09-09 05:46:23,887][flwr][INFO] - 
[2024-09-09 05:46:23,887][flwr][INFO] - [ROUND 21]
[2024-09-09 05:46:23,887][flwr][INFO] - configure_fit: strategy sampled 5 clients (out of 50)
[2024-09-09 05:46:50,247][flwr][INFO] - aggregate_fit: received 5 results and 0 failures
[2024-09-09 05:47:00,320][flwr][INFO] - fit progress: (21, 508.6555540561676, {'accuracy': 0.19721448467966574}, 660.7944430047646)
[2024-09-09 05:47:00,321][flwr][INFO] - configure_evaluate: strategy sampled 2 clients (out of 50)
[2024-09-09 05:47:01,371][flwr][INFO] - aggregate_evaluate: received 2 results and 0 failures
[2024-09-09 05:47:01,372][flwr][INFO] - 
[2024-09-09 05:47:01,372][flwr][INFO] - [ROUND 22]
[2024-09-09 05:47:01,372][flwr][INFO] - configure_fit: strategy sampled 5 clients (out of 50)
[2024-09-09 05:47:23,568][flwr][INFO] - aggregate_fit: received 5 results and 0 failures
[2024-09-09 05:47:34,860][flwr][INFO] - fit progress: (22, 478.80207800865173, {'accuracy': 0.20041782729805013}, 695.3338003340177)
[2024-09-09 05:47:34,860][flwr][INFO] - configure_evaluate: strategy sampled 2 clients (out of 50)
[2024-09-09 05:47:35,853][flwr][INFO] - aggregate_evaluate: received 2 results and 0 failures
[2024-09-09 05:47:35,853][flwr][INFO] - 
[2024-09-09 05:47:35,853][flwr][INFO] - [ROUND 23]
[2024-09-09 05:47:35,854][flwr][INFO] - configure_fit: strategy sampled 5 clients (out of 50)
[2024-09-09 05:47:57,651][flwr][INFO] - aggregate_fit: received 5 results and 0 failures
[2024-09-09 05:48:07,928][flwr][INFO] - fit progress: (23, 499.2099986076355, {'accuracy': 0.08802228412256267}, 728.4022016557865)
[2024-09-09 05:48:07,928][flwr][INFO] - configure_evaluate: strategy sampled 2 clients (out of 50)
[2024-09-09 05:48:08,890][flwr][INFO] - aggregate_evaluate: received 2 results and 0 failures
[2024-09-09 05:48:08,891][flwr][INFO] - 
[2024-09-09 05:48:08,891][flwr][INFO] - [ROUND 24]
[2024-09-09 05:48:08,891][flwr][INFO] - configure_fit: strategy sampled 5 clients (out of 50)
[2024-09-09 05:48:27,074][flwr][INFO] - aggregate_fit: received 5 results and 0 failures
[2024-09-09 05:48:37,039][flwr][INFO] - fit progress: (24, 490.7587238550186, {'accuracy': 0.066016713091922}, 757.5133018349297)
[2024-09-09 05:48:37,039][flwr][INFO] - configure_evaluate: strategy sampled 2 clients (out of 50)
[2024-09-09 05:48:38,149][flwr][INFO] - aggregate_evaluate: received 2 results and 0 failures
[2024-09-09 05:48:38,149][flwr][INFO] - 
[2024-09-09 05:48:38,149][flwr][INFO] - [ROUND 25]
[2024-09-09 05:48:38,150][flwr][INFO] - configure_fit: strategy sampled 5 clients (out of 50)
[2024-09-09 05:49:01,953][flwr][INFO] - aggregate_fit: received 5 results and 0 failures
[2024-09-09 05:49:12,079][flwr][INFO] - fit progress: (25, 427.93501365184784, {'accuracy': 0.18022284122562673}, 792.5533984620124)
[2024-09-09 05:49:12,080][flwr][INFO] - configure_evaluate: strategy sampled 2 clients (out of 50)
[2024-09-09 05:49:13,100][flwr][INFO] - aggregate_evaluate: received 2 results and 0 failures
[2024-09-09 05:49:13,100][flwr][INFO] - 
[2024-09-09 05:49:13,100][flwr][INFO] - [ROUND 26]
[2024-09-09 05:49:13,100][flwr][INFO] - configure_fit: strategy sampled 5 clients (out of 50)
[2024-09-09 05:49:31,508][flwr][INFO] - aggregate_fit: received 5 results and 0 failures
[2024-09-09 05:49:41,808][flwr][INFO] - fit progress: (26, 488.89390003681183, {'accuracy': 0.305849582172702}, 822.2822604817338)
[2024-09-09 05:49:41,808][flwr][INFO] - configure_evaluate: strategy sampled 2 clients (out of 50)
[2024-09-09 05:49:42,825][flwr][INFO] - aggregate_evaluate: received 2 results and 0 failures
[2024-09-09 05:49:42,825][flwr][INFO] - 
[2024-09-09 05:49:42,825][flwr][INFO] - [ROUND 27]
[2024-09-09 05:49:42,826][flwr][INFO] - configure_fit: strategy sampled 5 clients (out of 50)
[2024-09-09 05:50:00,407][flwr][INFO] - aggregate_fit: received 5 results and 0 failures
[2024-09-09 05:50:10,711][flwr][INFO] - fit progress: (27, 529.9951974153519, {'accuracy': 0.1403899721448468}, 851.1851687598974)
[2024-09-09 05:50:10,711][flwr][INFO] - configure_evaluate: strategy sampled 2 clients (out of 50)
[2024-09-09 05:50:11,712][flwr][INFO] - aggregate_evaluate: received 2 results and 0 failures
[2024-09-09 05:50:11,713][flwr][INFO] - 
[2024-09-09 05:50:11,713][flwr][INFO] - [ROUND 28]
[2024-09-09 05:50:11,713][flwr][INFO] - configure_fit: strategy sampled 5 clients (out of 50)
[2024-09-09 05:50:34,822][flwr][INFO] - aggregate_fit: received 5 results and 0 failures
[2024-09-09 05:50:45,456][flwr][INFO] - fit progress: (28, 630.1036152839661, {'accuracy': 0.07632311977715878}, 885.930000432767)
[2024-09-09 05:50:45,456][flwr][INFO] - configure_evaluate: strategy sampled 2 clients (out of 50)
[2024-09-09 05:50:46,885][flwr][INFO] - aggregate_evaluate: received 2 results and 0 failures
[2024-09-09 05:50:46,885][flwr][INFO] - 
[2024-09-09 05:50:46,885][flwr][INFO] - [ROUND 29]
[2024-09-09 05:50:46,885][flwr][INFO] - configure_fit: strategy sampled 5 clients (out of 50)
[2024-09-09 05:51:08,103][flwr][INFO] - aggregate_fit: received 5 results and 0 failures
[2024-09-09 05:51:18,640][flwr][INFO] - fit progress: (29, 513.4178891181946, {'accuracy': 0.1118384401114206}, 919.1137525900267)
[2024-09-09 05:51:18,640][flwr][INFO] - configure_evaluate: strategy sampled 2 clients (out of 50)
[2024-09-09 05:51:19,642][flwr][INFO] - aggregate_evaluate: received 2 results and 0 failures
[2024-09-09 05:51:19,642][flwr][INFO] - 
[2024-09-09 05:51:19,642][flwr][INFO] - [ROUND 30]
[2024-09-09 05:51:19,643][flwr][INFO] - configure_fit: strategy sampled 5 clients (out of 50)
[2024-09-09 05:51:44,053][flwr][INFO] - aggregate_fit: received 5 results and 0 failures
[2024-09-09 05:51:54,542][flwr][INFO] - fit progress: (30, 530.4651899337769, {'accuracy': 0.08370473537604457}, 955.0157789010555)
[2024-09-09 05:51:54,542][flwr][INFO] - configure_evaluate: strategy sampled 2 clients (out of 50)
[2024-09-09 05:51:55,550][flwr][INFO] - aggregate_evaluate: received 2 results and 0 failures
[2024-09-09 05:51:55,551][flwr][INFO] - 
[2024-09-09 05:51:55,551][flwr][INFO] - [ROUND 31]
[2024-09-09 05:51:55,551][flwr][INFO] - configure_fit: strategy sampled 5 clients (out of 50)
[2024-09-09 05:52:13,643][flwr][INFO] - aggregate_fit: received 5 results and 0 failures
[2024-09-09 05:52:24,080][flwr][INFO] - fit progress: (31, 457.6897168159485, {'accuracy': 0.20389972144846796}, 984.5538792479783)
[2024-09-09 05:52:24,080][flwr][INFO] - configure_evaluate: strategy sampled 2 clients (out of 50)
[2024-09-09 05:52:25,135][flwr][INFO] - aggregate_evaluate: received 2 results and 0 failures
[2024-09-09 05:52:25,136][flwr][INFO] - 
[2024-09-09 05:52:25,136][flwr][INFO] - [ROUND 32]
[2024-09-09 05:52:25,136][flwr][INFO] - configure_fit: strategy sampled 5 clients (out of 50)
[2024-09-09 05:52:44,294][flwr][INFO] - aggregate_fit: received 5 results and 0 failures
[2024-09-09 05:52:54,696][flwr][INFO] - fit progress: (32, 487.2678940296173, {'accuracy': 0.27785515320334264}, 1015.1701813768595)
[2024-09-09 05:52:54,696][flwr][INFO] - configure_evaluate: strategy sampled 2 clients (out of 50)
[2024-09-09 05:52:55,736][flwr][INFO] - aggregate_evaluate: received 2 results and 0 failures
[2024-09-09 05:52:55,736][flwr][INFO] - 
[2024-09-09 05:52:55,736][flwr][INFO] - [ROUND 33]
[2024-09-09 05:52:55,737][flwr][INFO] - configure_fit: strategy sampled 5 clients (out of 50)
[2024-09-09 05:53:13,595][flwr][INFO] - aggregate_fit: received 5 results and 0 failures
[2024-09-09 05:53:23,804][flwr][INFO] - fit progress: (33, 578.0946234464645, {'accuracy': 0.1766016713091922}, 1044.27803773107)
[2024-09-09 05:53:23,804][flwr][INFO] - configure_evaluate: strategy sampled 2 clients (out of 50)
[2024-09-09 05:53:24,802][flwr][INFO] - aggregate_evaluate: received 2 results and 0 failures
[2024-09-09 05:53:24,802][flwr][INFO] - 
[2024-09-09 05:53:24,802][flwr][INFO] - [ROUND 34]
[2024-09-09 05:53:24,802][flwr][INFO] - configure_fit: strategy sampled 5 clients (out of 50)
[2024-09-09 05:53:42,213][flwr][INFO] - aggregate_fit: received 5 results and 0 failures
[2024-09-09 05:53:52,350][flwr][INFO] - fit progress: (34, 455.99326980113983, {'accuracy': 0.42938718662952646}, 1072.8238386600278)
[2024-09-09 05:53:52,350][flwr][INFO] - configure_evaluate: strategy sampled 2 clients (out of 50)
[2024-09-09 05:53:53,459][flwr][INFO] - aggregate_evaluate: received 2 results and 0 failures
[2024-09-09 05:53:53,459][flwr][INFO] - 
[2024-09-09 05:53:53,459][flwr][INFO] - [ROUND 35]
[2024-09-09 05:53:53,460][flwr][INFO] - configure_fit: strategy sampled 5 clients (out of 50)
[2024-09-09 05:54:12,249][flwr][INFO] - aggregate_fit: received 5 results and 0 failures
[2024-09-09 05:54:22,536][flwr][INFO] - fit progress: (35, 537.8167027235031, {'accuracy': 0.2020891364902507}, 1103.0098378057592)
[2024-09-09 05:54:22,536][flwr][INFO] - configure_evaluate: strategy sampled 2 clients (out of 50)
[2024-09-09 05:54:23,754][flwr][INFO] - aggregate_evaluate: received 2 results and 0 failures
[2024-09-09 05:54:23,755][flwr][INFO] - 
[2024-09-09 05:54:23,755][flwr][INFO] - [ROUND 36]
[2024-09-09 05:54:23,755][flwr][INFO] - configure_fit: strategy sampled 5 clients (out of 50)
[2024-09-09 05:54:40,666][flwr][INFO] - aggregate_fit: received 5 results and 0 failures
[2024-09-09 05:54:50,907][flwr][INFO] - fit progress: (36, 441.85745429992676, {'accuracy': 0.20292479108635098}, 1131.3810439240187)
[2024-09-09 05:54:50,907][flwr][INFO] - configure_evaluate: strategy sampled 2 clients (out of 50)
[2024-09-09 05:54:51,895][flwr][INFO] - aggregate_evaluate: received 2 results and 0 failures
[2024-09-09 05:54:51,896][flwr][INFO] - 
[2024-09-09 05:54:51,896][flwr][INFO] - [ROUND 37]
[2024-09-09 05:54:51,896][flwr][INFO] - configure_fit: strategy sampled 5 clients (out of 50)
[2024-09-09 05:55:11,231][flwr][INFO] - aggregate_fit: received 5 results and 0 failures
[2024-09-09 05:55:23,310][flwr][INFO] - fit progress: (37, 550.119238615036, {'accuracy': 0.15668523676880222}, 1163.784269968979)
[2024-09-09 05:55:23,311][flwr][INFO] - configure_evaluate: strategy sampled 2 clients (out of 50)
[2024-09-09 05:55:24,273][flwr][INFO] - aggregate_evaluate: received 2 results and 0 failures
[2024-09-09 05:55:24,274][flwr][INFO] - 
[2024-09-09 05:55:24,274][flwr][INFO] - [ROUND 38]
[2024-09-09 05:55:24,274][flwr][INFO] - configure_fit: strategy sampled 5 clients (out of 50)
[2024-09-09 05:55:39,891][flwr][INFO] - aggregate_fit: received 5 results and 0 failures
[2024-09-09 05:55:51,561][flwr][INFO] - fit progress: (38, 914.7596440315247, {'accuracy': 0.34401114206128136}, 1192.0355035108514)
[2024-09-09 05:55:51,562][flwr][INFO] - configure_evaluate: strategy sampled 2 clients (out of 50)
[2024-09-09 05:55:52,570][flwr][INFO] - aggregate_evaluate: received 2 results and 0 failures
[2024-09-09 05:55:52,570][flwr][INFO] - 
[2024-09-09 05:55:52,570][flwr][INFO] - [ROUND 39]
[2024-09-09 05:55:52,571][flwr][INFO] - configure_fit: strategy sampled 5 clients (out of 50)
[2024-09-09 05:56:13,770][flwr][INFO] - aggregate_fit: received 5 results and 0 failures
[2024-09-09 05:56:25,125][flwr][INFO] - fit progress: (39, 475.10496985912323, {'accuracy': 0.16323119777158773}, 1225.5994917219505)
[2024-09-09 05:56:25,126][flwr][INFO] - configure_evaluate: strategy sampled 2 clients (out of 50)
[2024-09-09 05:56:26,226][flwr][INFO] - aggregate_evaluate: received 2 results and 0 failures
[2024-09-09 05:56:26,226][flwr][INFO] - 
[2024-09-09 05:56:26,226][flwr][INFO] - [ROUND 40]
[2024-09-09 05:56:26,227][flwr][INFO] - configure_fit: strategy sampled 5 clients (out of 50)
[2024-09-09 05:56:46,862][flwr][INFO] - aggregate_fit: received 5 results and 0 failures
[2024-09-09 05:56:58,311][flwr][INFO] - fit progress: (40, 534.7202438116074, {'accuracy': 0.21364902506963787}, 1258.785352092702)
[2024-09-09 05:56:58,311][flwr][INFO] - configure_evaluate: strategy sampled 2 clients (out of 50)
[2024-09-09 05:56:59,699][flwr][INFO] - aggregate_evaluate: received 2 results and 0 failures
[2024-09-09 05:56:59,699][flwr][INFO] - 
[2024-09-09 05:56:59,699][flwr][INFO] - [ROUND 41]
[2024-09-09 05:56:59,700][flwr][INFO] - configure_fit: strategy sampled 5 clients (out of 50)
[2024-09-09 05:57:22,677][flwr][INFO] - aggregate_fit: received 5 results and 0 failures
[2024-09-09 05:57:33,200][flwr][INFO] - fit progress: (41, 458.0017901659012, {'accuracy': 0.26253481894150416}, 1293.674220575951)
[2024-09-09 05:57:33,201][flwr][INFO] - configure_evaluate: strategy sampled 2 clients (out of 50)
[2024-09-09 05:57:34,218][flwr][INFO] - aggregate_evaluate: received 2 results and 0 failures
[2024-09-09 05:57:34,218][flwr][INFO] - 
[2024-09-09 05:57:34,218][flwr][INFO] - [ROUND 42]
[2024-09-09 05:57:34,219][flwr][INFO] - configure_fit: strategy sampled 5 clients (out of 50)
[2024-09-09 05:57:51,924][flwr][INFO] - aggregate_fit: received 5 results and 0 failures
[2024-09-09 05:58:02,535][flwr][INFO] - fit progress: (42, 412.9197955131531, {'accuracy': 0.4788300835654596}, 1323.0088605307974)
[2024-09-09 05:58:02,535][flwr][INFO] - configure_evaluate: strategy sampled 2 clients (out of 50)
[2024-09-09 05:58:03,522][flwr][INFO] - aggregate_evaluate: received 2 results and 0 failures
[2024-09-09 05:58:03,522][flwr][INFO] - 
[2024-09-09 05:58:03,522][flwr][INFO] - [ROUND 43]
[2024-09-09 05:58:03,523][flwr][INFO] - configure_fit: strategy sampled 5 clients (out of 50)
[2024-09-09 05:58:23,335][flwr][INFO] - aggregate_fit: received 5 results and 0 failures
[2024-09-09 05:58:34,288][flwr][INFO] - fit progress: (43, 470.0569107532501, {'accuracy': 0.24944289693593313}, 1354.7621315880679)
[2024-09-09 05:58:34,288][flwr][INFO] - configure_evaluate: strategy sampled 2 clients (out of 50)
[2024-09-09 05:58:35,270][flwr][INFO] - aggregate_evaluate: received 2 results and 0 failures
[2024-09-09 05:58:35,270][flwr][INFO] - 
[2024-09-09 05:58:35,270][flwr][INFO] - [ROUND 44]
[2024-09-09 05:58:35,270][flwr][INFO] - configure_fit: strategy sampled 5 clients (out of 50)
[2024-09-09 05:58:54,207][flwr][INFO] - aggregate_fit: received 5 results and 0 failures
[2024-09-09 05:59:07,934][flwr][INFO] - fit progress: (44, 428.66688215732574, {'accuracy': 0.2753481894150418}, 1388.4080987968482)
[2024-09-09 05:59:07,934][flwr][INFO] - configure_evaluate: strategy sampled 2 clients (out of 50)
[2024-09-09 05:59:09,019][flwr][INFO] - aggregate_evaluate: received 2 results and 0 failures
[2024-09-09 05:59:09,019][flwr][INFO] - 
[2024-09-09 05:59:09,019][flwr][INFO] - [ROUND 45]
[2024-09-09 05:59:09,019][flwr][INFO] - configure_fit: strategy sampled 5 clients (out of 50)
[2024-09-09 05:59:26,799][flwr][INFO] - aggregate_fit: received 5 results and 0 failures
[2024-09-09 05:59:39,874][flwr][INFO] - fit progress: (45, 455.3927468061447, {'accuracy': 0.2796657381615599}, 1420.348491976969)
[2024-09-09 05:59:39,875][flwr][INFO] - configure_evaluate: strategy sampled 2 clients (out of 50)
[2024-09-09 05:59:40,842][flwr][INFO] - aggregate_evaluate: received 2 results and 0 failures
[2024-09-09 05:59:40,842][flwr][INFO] - 
[2024-09-09 05:59:40,842][flwr][INFO] - [ROUND 46]
[2024-09-09 05:59:40,842][flwr][INFO] - configure_fit: strategy sampled 5 clients (out of 50)
[2024-09-09 06:00:05,354][flwr][INFO] - aggregate_fit: received 5 results and 0 failures
[2024-09-09 06:00:16,710][flwr][INFO] - fit progress: (46, 533.4817782640457, {'accuracy': 0.08314763231197772}, 1457.1842325776815)
[2024-09-09 06:00:16,710][flwr][INFO] - configure_evaluate: strategy sampled 2 clients (out of 50)
[2024-09-09 06:00:17,673][flwr][INFO] - aggregate_evaluate: received 2 results and 0 failures
[2024-09-09 06:00:17,673][flwr][INFO] - 
[2024-09-09 06:00:17,673][flwr][INFO] - [ROUND 47]
[2024-09-09 06:00:17,674][flwr][INFO] - configure_fit: strategy sampled 5 clients (out of 50)
[2024-09-09 06:00:40,698][flwr][INFO] - aggregate_fit: received 5 results and 0 failures
[2024-09-09 06:00:52,493][flwr][INFO] - fit progress: (47, 434.3010468482971, {'accuracy': 0.3416434540389972}, 1492.966945424676)
[2024-09-09 06:00:52,493][flwr][INFO] - configure_evaluate: strategy sampled 2 clients (out of 50)
[2024-09-09 06:00:53,486][flwr][INFO] - aggregate_evaluate: received 2 results and 0 failures
[2024-09-09 06:00:53,486][flwr][INFO] - 
[2024-09-09 06:00:53,486][flwr][INFO] - [ROUND 48]
[2024-09-09 06:00:53,487][flwr][INFO] - configure_fit: strategy sampled 5 clients (out of 50)
[2024-09-09 06:01:15,325][flwr][INFO] - aggregate_fit: received 5 results and 0 failures
[2024-09-09 06:01:26,592][flwr][INFO] - fit progress: (48, 512.4438576698303, {'accuracy': 0.10515320334261838}, 1527.0661379327066)
[2024-09-09 06:01:26,592][flwr][INFO] - configure_evaluate: strategy sampled 2 clients (out of 50)
[2024-09-09 06:01:27,562][flwr][INFO] - aggregate_evaluate: received 2 results and 0 failures
[2024-09-09 06:01:27,563][flwr][INFO] - 
[2024-09-09 06:01:27,563][flwr][INFO] - [ROUND 49]
[2024-09-09 06:01:27,563][flwr][INFO] - configure_fit: strategy sampled 5 clients (out of 50)
[2024-09-09 06:01:44,258][flwr][INFO] - aggregate_fit: received 5 results and 0 failures
[2024-09-09 06:01:55,032][flwr][INFO] - fit progress: (49, 413.50433576107025, {'accuracy': 0.3774373259052925}, 1555.5063365250826)
[2024-09-09 06:01:55,032][flwr][INFO] - configure_evaluate: strategy sampled 2 clients (out of 50)
[2024-09-09 06:01:56,299][flwr][INFO] - aggregate_evaluate: received 2 results and 0 failures
[2024-09-09 06:01:56,300][flwr][INFO] - 
[2024-09-09 06:01:56,300][flwr][INFO] - [ROUND 50]
[2024-09-09 06:01:56,300][flwr][INFO] - configure_fit: strategy sampled 5 clients (out of 50)
[2024-09-09 06:02:15,690][flwr][INFO] - aggregate_fit: received 5 results and 0 failures
[2024-09-09 06:02:26,500][flwr][INFO] - fit progress: (50, 512.7286845445633, {'accuracy': 0.2821727019498607}, 1586.974346095696)
[2024-09-09 06:02:26,500][flwr][INFO] - configure_evaluate: strategy sampled 2 clients (out of 50)
[2024-09-09 06:02:27,496][flwr][INFO] - aggregate_evaluate: received 2 results and 0 failures
[2024-09-09 06:02:27,497][flwr][INFO] - 
[2024-09-09 06:02:27,497][flwr][INFO] - [ROUND 51]
[2024-09-09 06:02:27,497][flwr][INFO] - configure_fit: strategy sampled 5 clients (out of 50)
[2024-09-09 06:02:48,521][flwr][INFO] - aggregate_fit: received 5 results and 0 failures
[2024-09-09 06:02:59,110][flwr][INFO] - fit progress: (51, 458.17896592617035, {'accuracy': 0.11866295264623955}, 1619.5841914759949)
[2024-09-09 06:02:59,110][flwr][INFO] - configure_evaluate: strategy sampled 2 clients (out of 50)
[2024-09-09 06:03:00,428][flwr][INFO] - aggregate_evaluate: received 2 results and 0 failures
[2024-09-09 06:03:00,428][flwr][INFO] - 
[2024-09-09 06:03:00,428][flwr][INFO] - [ROUND 52]
[2024-09-09 06:03:00,428][flwr][INFO] - configure_fit: strategy sampled 5 clients (out of 50)
[2024-09-09 06:03:21,458][flwr][INFO] - aggregate_fit: received 5 results and 0 failures
[2024-09-09 06:03:32,106][flwr][INFO] - fit progress: (52, 418.65687787532806, {'accuracy': 0.22952646239554317}, 1652.5807850728743)
[2024-09-09 06:03:32,107][flwr][INFO] - configure_evaluate: strategy sampled 2 clients (out of 50)
[2024-09-09 06:03:33,114][flwr][INFO] - aggregate_evaluate: received 2 results and 0 failures
[2024-09-09 06:03:33,115][flwr][INFO] - 
[2024-09-09 06:03:33,115][flwr][INFO] - [ROUND 53]
[2024-09-09 06:03:33,115][flwr][INFO] - configure_fit: strategy sampled 5 clients (out of 50)
[2024-09-09 06:03:56,166][flwr][INFO] - aggregate_fit: received 5 results and 0 failures
[2024-09-09 06:04:06,680][flwr][INFO] - fit progress: (53, 395.8793921470642, {'accuracy': 0.3616991643454039}, 1687.1540729347616)
[2024-09-09 06:04:06,680][flwr][INFO] - configure_evaluate: strategy sampled 2 clients (out of 50)
[2024-09-09 06:04:07,686][flwr][INFO] - aggregate_evaluate: received 2 results and 0 failures
[2024-09-09 06:04:07,687][flwr][INFO] - 
[2024-09-09 06:04:07,687][flwr][INFO] - [ROUND 54]
[2024-09-09 06:04:07,687][flwr][INFO] - configure_fit: strategy sampled 5 clients (out of 50)
[2024-09-09 06:04:30,746][flwr][INFO] - aggregate_fit: received 5 results and 0 failures
[2024-09-09 06:04:41,161][flwr][INFO] - fit progress: (54, 442.4184513092041, {'accuracy': 0.32409470752089137}, 1721.6351361377165)
[2024-09-09 06:04:41,161][flwr][INFO] - configure_evaluate: strategy sampled 2 clients (out of 50)
[2024-09-09 06:04:42,297][flwr][INFO] - aggregate_evaluate: received 2 results and 0 failures
[2024-09-09 06:04:42,297][flwr][INFO] - 
[2024-09-09 06:04:42,297][flwr][INFO] - [ROUND 55]
[2024-09-09 06:04:42,297][flwr][INFO] - configure_fit: strategy sampled 5 clients (out of 50)
[2024-09-09 06:05:04,798][flwr][INFO] - aggregate_fit: received 5 results and 0 failures
[2024-09-09 06:05:16,834][flwr][INFO] - fit progress: (55, 404.4306433200836, {'accuracy': 0.40278551532033424}, 1757.3079461157322)
[2024-09-09 06:05:16,834][flwr][INFO] - configure_evaluate: strategy sampled 2 clients (out of 50)
[2024-09-09 06:05:17,812][flwr][INFO] - aggregate_evaluate: received 2 results and 0 failures
[2024-09-09 06:05:17,812][flwr][INFO] - 
[2024-09-09 06:05:17,812][flwr][INFO] - [ROUND 56]
[2024-09-09 06:05:17,812][flwr][INFO] - configure_fit: strategy sampled 5 clients (out of 50)
[2024-09-09 06:05:34,976][flwr][INFO] - aggregate_fit: received 5 results and 0 failures
[2024-09-09 06:05:45,176][flwr][INFO] - fit progress: (56, 657.3599021434784, {'accuracy': 0.13161559888579388}, 1785.6504143606871)
[2024-09-09 06:05:45,176][flwr][INFO] - configure_evaluate: strategy sampled 2 clients (out of 50)
[2024-09-09 06:05:46,116][flwr][INFO] - aggregate_evaluate: received 2 results and 0 failures
[2024-09-09 06:05:46,116][flwr][INFO] - 
[2024-09-09 06:05:46,116][flwr][INFO] - [ROUND 57]
[2024-09-09 06:05:46,117][flwr][INFO] - configure_fit: strategy sampled 5 clients (out of 50)
[2024-09-09 06:06:02,630][flwr][INFO] - aggregate_fit: received 5 results and 0 failures
[2024-09-09 06:06:12,668][flwr][INFO] - fit progress: (57, 548.2907449007034, {'accuracy': 0.383008356545961}, 1813.1418343428522)
[2024-09-09 06:06:12,668][flwr][INFO] - configure_evaluate: strategy sampled 2 clients (out of 50)
[2024-09-09 06:06:13,631][flwr][INFO] - aggregate_evaluate: received 2 results and 0 failures
[2024-09-09 06:06:13,631][flwr][INFO] - 
[2024-09-09 06:06:13,631][flwr][INFO] - [ROUND 58]
[2024-09-09 06:06:13,632][flwr][INFO] - configure_fit: strategy sampled 5 clients (out of 50)
[2024-09-09 06:06:30,371][flwr][INFO] - aggregate_fit: received 5 results and 0 failures
[2024-09-09 06:06:40,406][flwr][INFO] - fit progress: (58, 556.6383734941483, {'accuracy': 0.2749303621169916}, 1840.8800120218657)
[2024-09-09 06:06:40,406][flwr][INFO] - configure_evaluate: strategy sampled 2 clients (out of 50)
[2024-09-09 06:06:41,374][flwr][INFO] - aggregate_evaluate: received 2 results and 0 failures
[2024-09-09 06:06:41,375][flwr][INFO] - 
[2024-09-09 06:06:41,375][flwr][INFO] - [ROUND 59]
[2024-09-09 06:06:41,375][flwr][INFO] - configure_fit: strategy sampled 5 clients (out of 50)
[2024-09-09 06:07:03,876][flwr][INFO] - aggregate_fit: received 5 results and 0 failures
[2024-09-09 06:07:13,947][flwr][INFO] - fit progress: (59, 465.39514565467834, {'accuracy': 0.1778551532033426}, 1874.4210193506442)
[2024-09-09 06:07:13,947][flwr][INFO] - configure_evaluate: strategy sampled 2 clients (out of 50)
[2024-09-09 06:07:15,257][flwr][INFO] - aggregate_evaluate: received 2 results and 0 failures
[2024-09-09 06:07:15,258][flwr][INFO] - 
[2024-09-09 06:07:15,258][flwr][INFO] - [ROUND 60]
[2024-09-09 06:07:15,258][flwr][INFO] - configure_fit: strategy sampled 5 clients (out of 50)
[2024-09-09 06:07:33,546][flwr][INFO] - aggregate_fit: received 5 results and 0 failures
[2024-09-09 06:07:43,730][flwr][INFO] - fit progress: (60, 395.37988007068634, {'accuracy': 0.4128133704735376}, 1904.2040252848528)
[2024-09-09 06:07:43,730][flwr][INFO] - configure_evaluate: strategy sampled 2 clients (out of 50)
[2024-09-09 06:07:44,828][flwr][INFO] - aggregate_evaluate: received 2 results and 0 failures
[2024-09-09 06:07:44,829][flwr][INFO] - 
[2024-09-09 06:07:44,829][flwr][INFO] - [ROUND 61]
[2024-09-09 06:07:44,829][flwr][INFO] - configure_fit: strategy sampled 5 clients (out of 50)
[2024-09-09 06:08:03,513][flwr][INFO] - aggregate_fit: received 5 results and 0 failures
[2024-09-09 06:08:13,673][flwr][INFO] - fit progress: (61, 438.8661377429962, {'accuracy': 0.3306406685236769}, 1934.147781278938)
[2024-09-09 06:08:13,674][flwr][INFO] - configure_evaluate: strategy sampled 2 clients (out of 50)
[2024-09-09 06:08:14,732][flwr][INFO] - aggregate_evaluate: received 2 results and 0 failures
[2024-09-09 06:08:14,732][flwr][INFO] - 
[2024-09-09 06:08:14,732][flwr][INFO] - [ROUND 62]
[2024-09-09 06:08:14,732][flwr][INFO] - configure_fit: strategy sampled 5 clients (out of 50)
[2024-09-09 06:08:32,830][flwr][INFO] - aggregate_fit: received 5 results and 0 failures
[2024-09-09 06:08:43,364][flwr][INFO] - fit progress: (62, 409.952553153038, {'accuracy': 0.3371866295264624}, 1963.838659835048)
[2024-09-09 06:08:43,365][flwr][INFO] - configure_evaluate: strategy sampled 2 clients (out of 50)
[2024-09-09 06:08:44,357][flwr][INFO] - aggregate_evaluate: received 2 results and 0 failures
[2024-09-09 06:08:44,358][flwr][INFO] - 
[2024-09-09 06:08:44,358][flwr][INFO] - [ROUND 63]
[2024-09-09 06:08:44,358][flwr][INFO] - configure_fit: strategy sampled 5 clients (out of 50)
[2024-09-09 06:09:07,841][flwr][INFO] - aggregate_fit: received 5 results and 0 failures
[2024-09-09 06:09:17,992][flwr][INFO] - fit progress: (63, 431.29336619377136, {'accuracy': 0.17493036211699164}, 1998.466496617999)
[2024-09-09 06:09:17,993][flwr][INFO] - configure_evaluate: strategy sampled 2 clients (out of 50)
[2024-09-09 06:09:19,244][flwr][INFO] - aggregate_evaluate: received 2 results and 0 failures
[2024-09-09 06:09:19,244][flwr][INFO] - 
[2024-09-09 06:09:19,244][flwr][INFO] - [ROUND 64]
[2024-09-09 06:09:19,245][flwr][INFO] - configure_fit: strategy sampled 5 clients (out of 50)
[2024-09-09 06:09:41,102][flwr][INFO] - aggregate_fit: received 5 results and 0 failures
[2024-09-09 06:09:51,013][flwr][INFO] - fit progress: (64, 458.4128704071045, {'accuracy': 0.19512534818941504}, 2031.4873485197313)
[2024-09-09 06:09:51,013][flwr][INFO] - configure_evaluate: strategy sampled 2 clients (out of 50)
[2024-09-09 06:09:51,971][flwr][INFO] - aggregate_evaluate: received 2 results and 0 failures
[2024-09-09 06:09:51,971][flwr][INFO] - 
[2024-09-09 06:09:51,971][flwr][INFO] - [ROUND 65]
[2024-09-09 06:09:51,972][flwr][INFO] - configure_fit: strategy sampled 5 clients (out of 50)
[2024-09-09 06:10:13,609][flwr][INFO] - aggregate_fit: received 5 results and 0 failures
[2024-09-09 06:10:23,654][flwr][INFO] - fit progress: (65, 405.0950137376785, {'accuracy': 0.40403899721448466}, 2064.128089616075)
[2024-09-09 06:10:23,654][flwr][INFO] - configure_evaluate: strategy sampled 2 clients (out of 50)
[2024-09-09 06:10:25,009][flwr][INFO] - aggregate_evaluate: received 2 results and 0 failures
[2024-09-09 06:10:25,010][flwr][INFO] - 
[2024-09-09 06:10:25,010][flwr][INFO] - [ROUND 66]
[2024-09-09 06:10:25,010][flwr][INFO] - configure_fit: strategy sampled 5 clients (out of 50)
[2024-09-09 06:10:47,762][flwr][INFO] - aggregate_fit: received 5 results and 0 failures
[2024-09-09 06:10:58,279][flwr][INFO] - fit progress: (66, 431.0975000858307, {'accuracy': 0.2891364902506964}, 2098.7528337207623)
[2024-09-09 06:10:58,279][flwr][INFO] - configure_evaluate: strategy sampled 2 clients (out of 50)
[2024-09-09 06:10:59,174][flwr][INFO] - aggregate_evaluate: received 2 results and 0 failures
[2024-09-09 06:10:59,174][flwr][INFO] - 
[2024-09-09 06:10:59,174][flwr][INFO] - [ROUND 67]
[2024-09-09 06:10:59,174][flwr][INFO] - configure_fit: strategy sampled 5 clients (out of 50)
[2024-09-09 06:11:18,438][flwr][INFO] - aggregate_fit: received 5 results and 0 failures
[2024-09-09 06:11:29,122][flwr][INFO] - fit progress: (67, 396.6897517442703, {'accuracy': 0.4465181058495822}, 2129.596262348816)
[2024-09-09 06:11:29,122][flwr][INFO] - configure_evaluate: strategy sampled 2 clients (out of 50)
[2024-09-09 06:11:30,132][flwr][INFO] - aggregate_evaluate: received 2 results and 0 failures
[2024-09-09 06:11:30,133][flwr][INFO] - 
[2024-09-09 06:11:30,133][flwr][INFO] - [ROUND 68]
[2024-09-09 06:11:30,133][flwr][INFO] - configure_fit: strategy sampled 5 clients (out of 50)
[2024-09-09 06:11:49,353][flwr][INFO] - aggregate_fit: received 5 results and 0 failures
[2024-09-09 06:12:00,020][flwr][INFO] - fit progress: (68, 403.10822904109955, {'accuracy': 0.23788300835654597}, 2160.4942282428965)
[2024-09-09 06:12:00,020][flwr][INFO] - configure_evaluate: strategy sampled 2 clients (out of 50)
[2024-09-09 06:12:01,201][flwr][INFO] - aggregate_evaluate: received 2 results and 0 failures
[2024-09-09 06:12:01,201][flwr][INFO] - 
[2024-09-09 06:12:01,201][flwr][INFO] - [ROUND 69]
[2024-09-09 06:12:01,202][flwr][INFO] - configure_fit: strategy sampled 5 clients (out of 50)
[2024-09-09 06:12:23,550][flwr][INFO] - aggregate_fit: received 5 results and 0 failures
[2024-09-09 06:12:34,173][flwr][INFO] - fit progress: (69, 445.0242826938629, {'accuracy': 0.21949860724233983}, 2194.646816077642)
[2024-09-09 06:12:34,173][flwr][INFO] - configure_evaluate: strategy sampled 2 clients (out of 50)
[2024-09-09 06:12:35,108][flwr][INFO] - aggregate_evaluate: received 2 results and 0 failures
[2024-09-09 06:12:35,108][flwr][INFO] - 
[2024-09-09 06:12:35,108][flwr][INFO] - [ROUND 70]
[2024-09-09 06:12:35,109][flwr][INFO] - configure_fit: strategy sampled 5 clients (out of 50)
[2024-09-09 06:12:55,242][flwr][INFO] - aggregate_fit: received 5 results and 0 failures
[2024-09-09 06:13:08,133][flwr][INFO] - fit progress: (70, 455.62947976589203, {'accuracy': 0.3415041782729805}, 2228.606963657774)
[2024-09-09 06:13:08,133][flwr][INFO] - configure_evaluate: strategy sampled 2 clients (out of 50)
[2024-09-09 06:13:09,231][flwr][INFO] - aggregate_evaluate: received 2 results and 0 failures
[2024-09-09 06:13:09,231][flwr][INFO] - 
[2024-09-09 06:13:09,232][flwr][INFO] - [ROUND 71]
[2024-09-09 06:13:09,232][flwr][INFO] - configure_fit: strategy sampled 5 clients (out of 50)
[2024-09-09 06:13:27,248][flwr][INFO] - aggregate_fit: received 5 results and 0 failures
[2024-09-09 06:13:37,999][flwr][INFO] - fit progress: (71, 446.58676981925964, {'accuracy': 0.22799442896935934}, 2258.4728925470263)
[2024-09-09 06:13:37,999][flwr][INFO] - configure_evaluate: strategy sampled 2 clients (out of 50)
[2024-09-09 06:13:39,038][flwr][INFO] - aggregate_evaluate: received 2 results and 0 failures
[2024-09-09 06:13:39,039][flwr][INFO] - 
[2024-09-09 06:13:39,039][flwr][INFO] - [ROUND 72]
[2024-09-09 06:13:39,039][flwr][INFO] - configure_fit: strategy sampled 5 clients (out of 50)
[2024-09-09 06:14:01,407][flwr][INFO] - aggregate_fit: received 5 results and 0 failures
[2024-09-09 06:14:11,866][flwr][INFO] - fit progress: (72, 466.4018441438675, {'accuracy': 0.12311977715877437}, 2292.3404943076894)
[2024-09-09 06:14:11,867][flwr][INFO] - configure_evaluate: strategy sampled 2 clients (out of 50)
[2024-09-09 06:14:13,129][flwr][INFO] - aggregate_evaluate: received 2 results and 0 failures
[2024-09-09 06:14:13,130][flwr][INFO] - 
[2024-09-09 06:14:13,130][flwr][INFO] - [ROUND 73]
[2024-09-09 06:14:13,130][flwr][INFO] - configure_fit: strategy sampled 5 clients (out of 50)
[2024-09-09 06:14:30,855][flwr][INFO] - aggregate_fit: received 5 results and 0 failures
[2024-09-09 06:14:41,100][flwr][INFO] - fit progress: (73, 403.8915947675705, {'accuracy': 0.3181058495821727}, 2321.5741455717944)
[2024-09-09 06:14:41,100][flwr][INFO] - configure_evaluate: strategy sampled 2 clients (out of 50)
[2024-09-09 06:14:42,464][flwr][INFO] - aggregate_evaluate: received 2 results and 0 failures
[2024-09-09 06:14:42,465][flwr][INFO] - 
[2024-09-09 06:14:42,465][flwr][INFO] - [ROUND 74]
[2024-09-09 06:14:42,465][flwr][INFO] - configure_fit: strategy sampled 5 clients (out of 50)
[2024-09-09 06:14:58,764][flwr][INFO] - aggregate_fit: received 5 results and 0 failures
[2024-09-09 06:15:10,741][flwr][INFO] - fit progress: (74, 524.6889731884003, {'accuracy': 0.33551532033426185}, 2351.215450374875)
[2024-09-09 06:15:10,742][flwr][INFO] - configure_evaluate: strategy sampled 2 clients (out of 50)
[2024-09-09 06:15:11,787][flwr][INFO] - aggregate_evaluate: received 2 results and 0 failures
[2024-09-09 06:15:11,787][flwr][INFO] - 
[2024-09-09 06:15:11,787][flwr][INFO] - [ROUND 75]
[2024-09-09 06:15:11,787][flwr][INFO] - configure_fit: strategy sampled 5 clients (out of 50)
[2024-09-09 06:15:33,260][flwr][INFO] - aggregate_fit: received 5 results and 0 failures
[2024-09-09 06:15:44,929][flwr][INFO] - fit progress: (75, 422.6879996061325, {'accuracy': 0.27910863509749306}, 2385.403283637017)
[2024-09-09 06:15:44,929][flwr][INFO] - configure_evaluate: strategy sampled 2 clients (out of 50)
[2024-09-09 06:15:45,877][flwr][INFO] - aggregate_evaluate: received 2 results and 0 failures
[2024-09-09 06:15:45,878][flwr][INFO] - 
[2024-09-09 06:15:45,878][flwr][INFO] - [ROUND 76]
[2024-09-09 06:15:45,878][flwr][INFO] - configure_fit: strategy sampled 5 clients (out of 50)
[2024-09-09 06:16:07,341][flwr][INFO] - aggregate_fit: received 5 results and 0 failures
[2024-09-09 06:16:18,257][flwr][INFO] - fit progress: (76, 345.9788430929184, {'accuracy': 0.5153203342618384}, 2418.7314243409783)
[2024-09-09 06:16:18,258][flwr][INFO] - configure_evaluate: strategy sampled 2 clients (out of 50)
[2024-09-09 06:16:19,272][flwr][INFO] - aggregate_evaluate: received 2 results and 0 failures
[2024-09-09 06:16:19,272][flwr][INFO] - 
[2024-09-09 06:16:19,272][flwr][INFO] - [ROUND 77]
[2024-09-09 06:16:19,272][flwr][INFO] - configure_fit: strategy sampled 5 clients (out of 50)
[2024-09-09 06:16:43,068][flwr][INFO] - aggregate_fit: received 5 results and 0 failures
[2024-09-09 06:16:53,487][flwr][INFO] - fit progress: (77, 409.99739694595337, {'accuracy': 0.3352367688022284}, 2453.961510861758)
[2024-09-09 06:16:53,488][flwr][INFO] - configure_evaluate: strategy sampled 2 clients (out of 50)
[2024-09-09 06:16:54,695][flwr][INFO] - aggregate_evaluate: received 2 results and 0 failures
[2024-09-09 06:16:54,695][flwr][INFO] - 
[2024-09-09 06:16:54,695][flwr][INFO] - [ROUND 78]
[2024-09-09 06:16:54,696][flwr][INFO] - configure_fit: strategy sampled 5 clients (out of 50)
[2024-09-09 06:17:17,859][flwr][INFO] - aggregate_fit: received 5 results and 0 failures
[2024-09-09 06:17:28,194][flwr][INFO] - fit progress: (78, 378.5821416378021, {'accuracy': 0.4608635097493036}, 2488.6682158419862)
[2024-09-09 06:17:28,194][flwr][INFO] - configure_evaluate: strategy sampled 2 clients (out of 50)
[2024-09-09 06:17:29,177][flwr][INFO] - aggregate_evaluate: received 2 results and 0 failures
[2024-09-09 06:17:29,177][flwr][INFO] - 
[2024-09-09 06:17:29,177][flwr][INFO] - [ROUND 79]
[2024-09-09 06:17:29,178][flwr][INFO] - configure_fit: strategy sampled 5 clients (out of 50)
[2024-09-09 06:17:50,900][flwr][INFO] - aggregate_fit: received 5 results and 0 failures
[2024-09-09 06:18:01,278][flwr][INFO] - fit progress: (79, 374.69703936576843, {'accuracy': 0.3818941504178273}, 2521.75274626771)
[2024-09-09 06:18:01,279][flwr][INFO] - configure_evaluate: strategy sampled 2 clients (out of 50)
[2024-09-09 06:18:02,293][flwr][INFO] - aggregate_evaluate: received 2 results and 0 failures
[2024-09-09 06:18:02,293][flwr][INFO] - 
[2024-09-09 06:18:02,293][flwr][INFO] - [ROUND 80]
[2024-09-09 06:18:02,293][flwr][INFO] - configure_fit: strategy sampled 5 clients (out of 50)
[2024-09-09 06:18:23,828][flwr][INFO] - aggregate_fit: received 5 results and 0 failures
[2024-09-09 06:18:34,082][flwr][INFO] - fit progress: (80, 459.1102600097656, {'accuracy': 0.2540389972144847}, 2554.555907032918)
[2024-09-09 06:18:34,082][flwr][INFO] - configure_evaluate: strategy sampled 2 clients (out of 50)
[2024-09-09 06:18:35,073][flwr][INFO] - aggregate_evaluate: received 2 results and 0 failures
[2024-09-09 06:18:35,073][flwr][INFO] - 
[2024-09-09 06:18:35,073][flwr][INFO] - [ROUND 81]
[2024-09-09 06:18:35,073][flwr][INFO] - configure_fit: strategy sampled 5 clients (out of 50)
[2024-09-09 06:18:55,745][flwr][INFO] - aggregate_fit: received 5 results and 0 failures
[2024-09-09 06:19:06,231][flwr][INFO] - fit progress: (81, 460.26392698287964, {'accuracy': 0.3344011142061281}, 2586.705630226992)
[2024-09-09 06:19:06,232][flwr][INFO] - configure_evaluate: strategy sampled 2 clients (out of 50)
[2024-09-09 06:19:07,309][flwr][INFO] - aggregate_evaluate: received 2 results and 0 failures
[2024-09-09 06:19:07,310][flwr][INFO] - 
[2024-09-09 06:19:07,310][flwr][INFO] - [ROUND 82]
[2024-09-09 06:19:07,310][flwr][INFO] - configure_fit: strategy sampled 5 clients (out of 50)
[2024-09-09 06:19:27,174][flwr][INFO] - aggregate_fit: received 5 results and 0 failures
[2024-09-09 06:19:37,554][flwr][INFO] - fit progress: (82, 502.9661782979965, {'accuracy': 0.1937325905292479}, 2618.028283901047)
[2024-09-09 06:19:37,554][flwr][INFO] - configure_evaluate: strategy sampled 2 clients (out of 50)
[2024-09-09 06:19:38,479][flwr][INFO] - aggregate_evaluate: received 2 results and 0 failures
[2024-09-09 06:19:38,479][flwr][INFO] - 
[2024-09-09 06:19:38,480][flwr][INFO] - [ROUND 83]
[2024-09-09 06:19:38,480][flwr][INFO] - configure_fit: strategy sampled 5 clients (out of 50)
[2024-09-09 06:20:02,999][flwr][INFO] - aggregate_fit: received 5 results and 0 failures
[2024-09-09 06:20:13,294][flwr][INFO] - fit progress: (83, 519.3241674900055, {'accuracy': 0.28927576601671307}, 2653.7683979668655)
[2024-09-09 06:20:13,294][flwr][INFO] - configure_evaluate: strategy sampled 2 clients (out of 50)
[2024-09-09 06:20:14,253][flwr][INFO] - aggregate_evaluate: received 2 results and 0 failures
[2024-09-09 06:20:14,253][flwr][INFO] - 
[2024-09-09 06:20:14,253][flwr][INFO] - [ROUND 84]
[2024-09-09 06:20:14,253][flwr][INFO] - configure_fit: strategy sampled 5 clients (out of 50)
[2024-09-09 06:20:39,161][flwr][INFO] - aggregate_fit: received 5 results and 0 failures
[2024-09-09 06:20:49,782][flwr][INFO] - fit progress: (84, 440.9459385871887, {'accuracy': 0.2722841225626741}, 2690.256344927009)
[2024-09-09 06:20:49,782][flwr][INFO] - configure_evaluate: strategy sampled 2 clients (out of 50)
[2024-09-09 06:20:51,107][flwr][INFO] - aggregate_evaluate: received 2 results and 0 failures
[2024-09-09 06:20:51,107][flwr][INFO] - 
[2024-09-09 06:20:51,108][flwr][INFO] - [ROUND 85]
[2024-09-09 06:20:51,108][flwr][INFO] - configure_fit: strategy sampled 5 clients (out of 50)
[2024-09-09 06:21:13,314][flwr][INFO] - aggregate_fit: received 5 results and 0 failures
[2024-09-09 06:21:23,862][flwr][INFO] - fit progress: (85, 353.96799182891846, {'accuracy': 0.3}, 2724.3367635328323)
[2024-09-09 06:21:23,863][flwr][INFO] - configure_evaluate: strategy sampled 2 clients (out of 50)
[2024-09-09 06:21:24,830][flwr][INFO] - aggregate_evaluate: received 2 results and 0 failures
[2024-09-09 06:21:24,831][flwr][INFO] - 
[2024-09-09 06:21:24,831][flwr][INFO] - [ROUND 86]
[2024-09-09 06:21:24,831][flwr][INFO] - configure_fit: strategy sampled 5 clients (out of 50)
[2024-09-09 06:21:43,537][flwr][INFO] - aggregate_fit: received 5 results and 0 failures
[2024-09-09 06:21:54,092][flwr][INFO] - fit progress: (86, 462.987384557724, {'accuracy': 0.10403899721448467}, 2754.566029876936)
[2024-09-09 06:21:54,092][flwr][INFO] - configure_evaluate: strategy sampled 2 clients (out of 50)
[2024-09-09 06:21:55,050][flwr][INFO] - aggregate_evaluate: received 2 results and 0 failures
[2024-09-09 06:21:55,051][flwr][INFO] - 
[2024-09-09 06:21:55,051][flwr][INFO] - [ROUND 87]
[2024-09-09 06:21:55,051][flwr][INFO] - configure_fit: strategy sampled 5 clients (out of 50)
[2024-09-09 06:22:12,801][flwr][INFO] - aggregate_fit: received 5 results and 0 failures
[2024-09-09 06:22:23,019][flwr][INFO] - fit progress: (87, 650.0321508646011, {'accuracy': 0.2598885793871866}, 2783.4934754036367)
[2024-09-09 06:22:23,020][flwr][INFO] - configure_evaluate: strategy sampled 2 clients (out of 50)
[2024-09-09 06:22:24,093][flwr][INFO] - aggregate_evaluate: received 2 results and 0 failures
[2024-09-09 06:22:24,093][flwr][INFO] - 
[2024-09-09 06:22:24,093][flwr][INFO] - [ROUND 88]
[2024-09-09 06:22:24,094][flwr][INFO] - configure_fit: strategy sampled 5 clients (out of 50)
[2024-09-09 06:22:43,629][flwr][INFO] - aggregate_fit: received 5 results and 0 failures
[2024-09-09 06:22:54,175][flwr][INFO] - fit progress: (88, 374.9938931465149, {'accuracy': 0.45389972144846796}, 2814.649670826737)
[2024-09-09 06:22:54,176][flwr][INFO] - configure_evaluate: strategy sampled 2 clients (out of 50)
[2024-09-09 06:22:55,425][flwr][INFO] - aggregate_evaluate: received 2 results and 0 failures
[2024-09-09 06:22:55,425][flwr][INFO] - 
[2024-09-09 06:22:55,425][flwr][INFO] - [ROUND 89]
[2024-09-09 06:22:55,425][flwr][INFO] - configure_fit: strategy sampled 5 clients (out of 50)
[2024-09-09 06:23:13,682][flwr][INFO] - aggregate_fit: received 5 results and 0 failures
[2024-09-09 06:23:25,937][flwr][INFO] - fit progress: (89, 447.27880859375, {'accuracy': 0.2654596100278552}, 2846.411430407781)
[2024-09-09 06:23:25,937][flwr][INFO] - configure_evaluate: strategy sampled 2 clients (out of 50)
[2024-09-09 06:23:26,984][flwr][INFO] - aggregate_evaluate: received 2 results and 0 failures
[2024-09-09 06:23:26,984][flwr][INFO] - 
[2024-09-09 06:23:26,984][flwr][INFO] - [ROUND 90]
[2024-09-09 06:23:26,984][flwr][INFO] - configure_fit: strategy sampled 5 clients (out of 50)
[2024-09-09 06:23:45,907][flwr][INFO] - aggregate_fit: received 5 results and 0 failures
[2024-09-09 06:23:56,436][flwr][INFO] - fit progress: (90, 427.1448789834976, {'accuracy': 0.3693593314763231}, 2876.909903032705)
[2024-09-09 06:23:56,436][flwr][INFO] - configure_evaluate: strategy sampled 2 clients (out of 50)
[2024-09-09 06:23:57,410][flwr][INFO] - aggregate_evaluate: received 2 results and 0 failures
[2024-09-09 06:23:57,411][flwr][INFO] - 
[2024-09-09 06:23:57,411][flwr][INFO] - [ROUND 91]
[2024-09-09 06:23:57,411][flwr][INFO] - configure_fit: strategy sampled 5 clients (out of 50)
[2024-09-09 06:24:17,741][flwr][INFO] - aggregate_fit: received 5 results and 0 failures
[2024-09-09 06:24:28,272][flwr][INFO] - fit progress: (91, 632.3955694437027, {'accuracy': 0.25292479108635096}, 2908.746733477805)
[2024-09-09 06:24:28,273][flwr][INFO] - configure_evaluate: strategy sampled 2 clients (out of 50)
[2024-09-09 06:24:29,199][flwr][INFO] - aggregate_evaluate: received 2 results and 0 failures
[2024-09-09 06:24:29,199][flwr][INFO] - 
[2024-09-09 06:24:29,199][flwr][INFO] - [ROUND 92]
[2024-09-09 06:24:29,200][flwr][INFO] - configure_fit: strategy sampled 5 clients (out of 50)
[2024-09-09 06:24:47,379][flwr][INFO] - aggregate_fit: received 5 results and 0 failures
[2024-09-09 06:24:58,145][flwr][INFO] - fit progress: (92, 520.9614852666855, {'accuracy': 0.17799442896935933}, 2938.6197416158393)
[2024-09-09 06:24:58,146][flwr][INFO] - configure_evaluate: strategy sampled 2 clients (out of 50)
[2024-09-09 06:24:59,107][flwr][INFO] - aggregate_evaluate: received 2 results and 0 failures
[2024-09-09 06:24:59,107][flwr][INFO] - 
[2024-09-09 06:24:59,108][flwr][INFO] - [ROUND 93]
[2024-09-09 06:24:59,108][flwr][INFO] - configure_fit: strategy sampled 5 clients (out of 50)
[2024-09-09 06:25:16,171][flwr][INFO] - aggregate_fit: received 5 results and 0 failures
[2024-09-09 06:25:26,714][flwr][INFO] - fit progress: (93, 467.30372047424316, {'accuracy': 0.1456824512534819}, 2967.188131392002)
[2024-09-09 06:25:26,714][flwr][INFO] - configure_evaluate: strategy sampled 2 clients (out of 50)
[2024-09-09 06:25:27,722][flwr][INFO] - aggregate_evaluate: received 2 results and 0 failures
[2024-09-09 06:25:27,722][flwr][INFO] - 
[2024-09-09 06:25:27,722][flwr][INFO] - [ROUND 94]
[2024-09-09 06:25:27,722][flwr][INFO] - configure_fit: strategy sampled 5 clients (out of 50)
[2024-09-09 06:25:50,642][flwr][INFO] - aggregate_fit: received 5 results and 0 failures
[2024-09-09 06:26:01,239][flwr][INFO] - fit progress: (94, 391.9635155200958, {'accuracy': 0.32493036211699167}, 3001.7134857769124)
[2024-09-09 06:26:01,240][flwr][INFO] - configure_evaluate: strategy sampled 2 clients (out of 50)
[2024-09-09 06:26:02,347][flwr][INFO] - aggregate_evaluate: received 2 results and 0 failures
[2024-09-09 06:26:02,347][flwr][INFO] - 
[2024-09-09 06:26:02,347][flwr][INFO] - [ROUND 95]
[2024-09-09 06:26:02,347][flwr][INFO] - configure_fit: strategy sampled 5 clients (out of 50)
[2024-09-09 06:26:24,035][flwr][INFO] - aggregate_fit: received 5 results and 0 failures
[2024-09-09 06:26:34,570][flwr][INFO] - fit progress: (95, 392.51968932151794, {'accuracy': 0.32604456824512534}, 3035.0440028989688)
[2024-09-09 06:26:34,570][flwr][INFO] - configure_evaluate: strategy sampled 2 clients (out of 50)
[2024-09-09 06:26:35,605][flwr][INFO] - aggregate_evaluate: received 2 results and 0 failures
[2024-09-09 06:26:35,606][flwr][INFO] - 
[2024-09-09 06:26:35,606][flwr][INFO] - [ROUND 96]
[2024-09-09 06:26:35,606][flwr][INFO] - configure_fit: strategy sampled 5 clients (out of 50)
[2024-09-09 06:26:53,940][flwr][INFO] - aggregate_fit: received 5 results and 0 failures
[2024-09-09 06:27:04,278][flwr][INFO] - fit progress: (96, 363.0734289884567, {'accuracy': 0.3807799442896936}, 3064.752685531974)
[2024-09-09 06:27:04,279][flwr][INFO] - configure_evaluate: strategy sampled 2 clients (out of 50)
[2024-09-09 06:27:05,178][flwr][INFO] - aggregate_evaluate: received 2 results and 0 failures
[2024-09-09 06:27:05,179][flwr][INFO] - 
[2024-09-09 06:27:05,179][flwr][INFO] - [ROUND 97]
[2024-09-09 06:27:05,179][flwr][INFO] - configure_fit: strategy sampled 5 clients (out of 50)
[2024-09-09 06:27:29,603][flwr][INFO] - aggregate_fit: received 5 results and 0 failures
[2024-09-09 06:27:39,786][flwr][INFO] - fit progress: (97, 474.45312225818634, {'accuracy': 0.13398328690807798}, 3100.2605074197054)
[2024-09-09 06:27:39,787][flwr][INFO] - configure_evaluate: strategy sampled 2 clients (out of 50)
[2024-09-09 06:27:40,733][flwr][INFO] - aggregate_evaluate: received 2 results and 0 failures
[2024-09-09 06:27:40,733][flwr][INFO] - 
[2024-09-09 06:27:40,733][flwr][INFO] - [ROUND 98]
[2024-09-09 06:27:40,733][flwr][INFO] - configure_fit: strategy sampled 5 clients (out of 50)
[2024-09-09 06:28:02,566][flwr][INFO] - aggregate_fit: received 5 results and 0 failures
[2024-09-09 06:28:12,795][flwr][INFO] - fit progress: (98, 409.42125618457794, {'accuracy': 0.4200557103064067}, 3133.269491591025)
[2024-09-09 06:28:12,796][flwr][INFO] - configure_evaluate: strategy sampled 2 clients (out of 50)
[2024-09-09 06:28:13,872][flwr][INFO] - aggregate_evaluate: received 2 results and 0 failures
[2024-09-09 06:28:13,873][flwr][INFO] - 
[2024-09-09 06:28:13,873][flwr][INFO] - [ROUND 99]
[2024-09-09 06:28:13,873][flwr][INFO] - configure_fit: strategy sampled 5 clients (out of 50)
[2024-09-09 06:28:32,183][flwr][INFO] - aggregate_fit: received 5 results and 0 failures
[2024-09-09 06:28:42,692][flwr][INFO] - fit progress: (99, 380.1429467201233, {'accuracy': 0.284958217270195}, 3163.166406479664)
[2024-09-09 06:28:42,692][flwr][INFO] - configure_evaluate: strategy sampled 2 clients (out of 50)
[2024-09-09 06:28:43,631][flwr][INFO] - aggregate_evaluate: received 2 results and 0 failures
[2024-09-09 06:28:43,631][flwr][INFO] - 
[2024-09-09 06:28:43,631][flwr][INFO] - [ROUND 100]
[2024-09-09 06:28:43,632][flwr][INFO] - configure_fit: strategy sampled 5 clients (out of 50)
[2024-09-09 06:29:07,050][flwr][INFO] - aggregate_fit: received 5 results and 0 failures
[2024-09-09 06:29:17,490][flwr][INFO] - fit progress: (100, 499.88575506210327, {'accuracy': 0.17089136490250698}, 3197.9646975668147)
[2024-09-09 06:29:17,491][flwr][INFO] - configure_evaluate: strategy sampled 2 clients (out of 50)
[2024-09-09 06:29:18,424][flwr][INFO] - aggregate_evaluate: received 2 results and 0 failures
[2024-09-09 06:29:18,424][flwr][INFO] - 
[2024-09-09 06:29:18,425][flwr][INFO] - [SUMMARY]
[2024-09-09 06:29:18,425][flwr][INFO] - Run finished 100 round(s) in 3198.90s
[2024-09-09 06:29:18,426][flwr][INFO] - 	History (loss, distributed):
[2024-09-09 06:29:18,427][flwr][INFO] - 		round 1: 6.993243067375737
[2024-09-09 06:29:18,427][flwr][INFO] - 		round 2: 6.487284751383813
[2024-09-09 06:29:18,427][flwr][INFO] - 		round 3: 7.553125182912929
[2024-09-09 06:29:18,427][flwr][INFO] - 		round 4: 6.617174075771343
[2024-09-09 06:29:18,427][flwr][INFO] - 		round 5: 8.745267286896706
[2024-09-09 06:29:18,427][flwr][INFO] - 		round 6: 8.885337215037115
[2024-09-09 06:29:18,427][flwr][INFO] - 		round 7: 7.288688876412132
[2024-09-09 06:29:18,427][flwr][INFO] - 		round 8: 8.675320389885572
[2024-09-09 06:29:18,427][flwr][INFO] - 		round 9: 7.142459390498164
[2024-09-09 06:29:18,427][flwr][INFO] - 		round 10: 7.338006228208542
[2024-09-09 06:29:18,427][flwr][INFO] - 		round 11: 6.542456388473511
[2024-09-09 06:29:18,427][flwr][INFO] - 		round 12: 6.647483185076485
[2024-09-09 06:29:18,427][flwr][INFO] - 		round 13: 6.221250303066408
[2024-09-09 06:29:18,427][flwr][INFO] - 		round 14: 4.30110149268324
[2024-09-09 06:29:18,428][flwr][INFO] - 		round 15: 6.011950585329644
[2024-09-09 06:29:18,428][flwr][INFO] - 		round 16: 5.782254667402063
[2024-09-09 06:29:18,428][flwr][INFO] - 		round 17: 5.588309429114378
[2024-09-09 06:29:18,428][flwr][INFO] - 		round 18: 6.893718671798706
[2024-09-09 06:29:18,428][flwr][INFO] - 		round 19: 6.960175691782175
[2024-09-09 06:29:18,428][flwr][INFO] - 		round 20: 6.7740827707704785
[2024-09-09 06:29:18,428][flwr][INFO] - 		round 21: 8.701132284343572
[2024-09-09 06:29:18,428][flwr][INFO] - 		round 22: 5.787837534011165
[2024-09-09 06:29:18,428][flwr][INFO] - 		round 23: 7.187542059335364
[2024-09-09 06:29:18,428][flwr][INFO] - 		round 24: 7.9702549344402245
[2024-09-09 06:29:18,428][flwr][INFO] - 		round 25: 5.6823527900020725
[2024-09-09 06:29:18,428][flwr][INFO] - 		round 26: 4.143300456136561
[2024-09-09 06:29:18,428][flwr][INFO] - 		round 27: 4.994291768354528
[2024-09-09 06:29:18,428][flwr][INFO] - 		round 28: 11.395851464244906
[2024-09-09 06:29:18,428][flwr][INFO] - 		round 29: 6.852821674551074
[2024-09-09 06:29:18,428][flwr][INFO] - 		round 30: 6.06406514130988
[2024-09-09 06:29:18,428][flwr][INFO] - 		round 31: 6.738274108249135
[2024-09-09 06:29:18,428][flwr][INFO] - 		round 32: 7.318351816047322
[2024-09-09 06:29:18,428][flwr][INFO] - 		round 33: 8.003485964005252
[2024-09-09 06:29:18,429][flwr][INFO] - 		round 34: 7.964545468539375
[2024-09-09 06:29:18,429][flwr][INFO] - 		round 35: 13.450963077369643
[2024-09-09 06:29:18,429][flwr][INFO] - 		round 36: 4.822711202897686
[2024-09-09 06:29:18,429][flwr][INFO] - 		round 37: 7.756996713959061
[2024-09-09 06:29:18,429][flwr][INFO] - 		round 38: 5.057102804713779
[2024-09-09 06:29:18,429][flwr][INFO] - 		round 39: 6.0499672330805385
[2024-09-09 06:29:18,429][flwr][INFO] - 		round 40: 8.182995270533734
[2024-09-09 06:29:18,429][flwr][INFO] - 		round 41: 7.894951202683902
[2024-09-09 06:29:18,429][flwr][INFO] - 		round 42: 6.059384808931441
[2024-09-09 06:29:18,429][flwr][INFO] - 		round 43: 6.164764977464772
[2024-09-09 06:29:18,429][flwr][INFO] - 		round 44: 6.131364588021556
[2024-09-09 06:29:18,429][flwr][INFO] - 		round 45: 5.9864444082433526
[2024-09-09 06:29:18,429][flwr][INFO] - 		round 46: 7.082355976104736
[2024-09-09 06:29:18,429][flwr][INFO] - 		round 47: 6.392367828976024
[2024-09-09 06:29:18,429][flwr][INFO] - 		round 48: 6.686516455913845
[2024-09-09 06:29:18,429][flwr][INFO] - 		round 49: 12.940991464467835
[2024-09-09 06:29:18,429][flwr][INFO] - 		round 50: 6.071377920177716
[2024-09-09 06:29:18,429][flwr][INFO] - 		round 51: 11.348178157768402
[2024-09-09 06:29:18,429][flwr][INFO] - 		round 52: 5.296415188497874
[2024-09-09 06:29:18,430][flwr][INFO] - 		round 53: 4.918119293019392
[2024-09-09 06:29:18,430][flwr][INFO] - 		round 54: 4.700752343636393
[2024-09-09 06:29:18,430][flwr][INFO] - 		round 55: 5.750117557340877
[2024-09-09 06:29:18,430][flwr][INFO] - 		round 56: 7.065190990638119
[2024-09-09 06:29:18,430][flwr][INFO] - 		round 57: 2.6242712072978747
[2024-09-09 06:29:18,430][flwr][INFO] - 		round 58: 4.470402125389345
[2024-09-09 06:29:18,430][flwr][INFO] - 		round 59: 9.251629530184884
[2024-09-09 06:29:18,430][flwr][INFO] - 		round 60: 6.352142533219957
[2024-09-09 06:29:18,430][flwr][INFO] - 		round 61: 5.047640705691929
[2024-09-09 06:29:18,430][flwr][INFO] - 		round 62: 8.814476609230042
[2024-09-09 06:29:18,430][flwr][INFO] - 		round 63: 9.5034134177043
[2024-09-09 06:29:18,430][flwr][INFO] - 		round 64: 5.117151452273857
[2024-09-09 06:29:18,430][flwr][INFO] - 		round 65: 5.557179884206728
[2024-09-09 06:29:18,430][flwr][INFO] - 		round 66: 8.2806606656475
[2024-09-09 06:29:18,430][flwr][INFO] - 		round 67: 4.068752401568942
[2024-09-09 06:29:18,430][flwr][INFO] - 		round 68: 12.113369929651341
[2024-09-09 06:29:18,430][flwr][INFO] - 		round 69: 5.484619110366984
[2024-09-09 06:29:18,430][flwr][INFO] - 		round 70: 8.414363475189996
[2024-09-09 06:29:18,430][flwr][INFO] - 		round 71: 7.618986129760742
[2024-09-09 06:29:18,431][flwr][INFO] - 		round 72: 8.304010858759284
[2024-09-09 06:29:18,431][flwr][INFO] - 		round 73: 13.798768481467533
[2024-09-09 06:29:18,431][flwr][INFO] - 		round 74: 17.4495822383826
[2024-09-09 06:29:18,431][flwr][INFO] - 		round 75: 6.507088513601394
[2024-09-09 06:29:18,431][flwr][INFO] - 		round 76: 4.229295428955194
[2024-09-09 06:29:18,431][flwr][INFO] - 		round 77: 9.18500810974049
[2024-09-09 06:29:18,431][flwr][INFO] - 		round 78: 6.908735137094151
[2024-09-09 06:29:18,431][flwr][INFO] - 		round 79: 7.839766414420119
[2024-09-09 06:29:18,431][flwr][INFO] - 		round 80: 3.0763002122330128
[2024-09-09 06:29:18,431][flwr][INFO] - 		round 81: 6.694616795275253
[2024-09-09 06:29:18,431][flwr][INFO] - 		round 82: 12.936616770682797
[2024-09-09 06:29:18,431][flwr][INFO] - 		round 83: 8.289111495018005
[2024-09-09 06:29:18,431][flwr][INFO] - 		round 84: 5.462892320451386
[2024-09-09 06:29:18,431][flwr][INFO] - 		round 85: 6.944705009460449
[2024-09-09 06:29:18,431][flwr][INFO] - 		round 86: 5.677668567029586
[2024-09-09 06:29:18,431][flwr][INFO] - 		round 87: 10.381424725810184
[2024-09-09 06:29:18,431][flwr][INFO] - 		round 88: 10.65170007478259
[2024-09-09 06:29:18,431][flwr][INFO] - 		round 89: 10.094203901962496
[2024-09-09 06:29:18,431][flwr][INFO] - 		round 90: 5.900243949974383
[2024-09-09 06:29:18,431][flwr][INFO] - 		round 91: 8.47887144088745
[2024-09-09 06:29:18,431][flwr][INFO] - 		round 92: 4.762806035626319
[2024-09-09 06:29:18,432][flwr][INFO] - 		round 93: 4.56396684423089
[2024-09-09 06:29:18,432][flwr][INFO] - 		round 94: 4.8736175527545305
[2024-09-09 06:29:18,432][flwr][INFO] - 		round 95: 5.904719314641422
[2024-09-09 06:29:18,432][flwr][INFO] - 		round 96: 3.9206370865214955
[2024-09-09 06:29:18,432][flwr][INFO] - 		round 97: 10.888240858912468
[2024-09-09 06:29:18,432][flwr][INFO] - 		round 98: 6.745023643940462
[2024-09-09 06:29:18,432][flwr][INFO] - 		round 99: 5.08774451039872
[2024-09-09 06:29:18,432][flwr][INFO] - 		round 100: 7.999879999394797
[2024-09-09 06:29:18,432][flwr][INFO] - 	History (loss, centralized):
[2024-09-09 06:29:18,432][flwr][INFO] - 		round 0: 505.7285945415497
[2024-09-09 06:29:18,432][flwr][INFO] - 		round 1: 488.1722767353058
[2024-09-09 06:29:18,432][flwr][INFO] - 		round 2: 489.7645318508148
[2024-09-09 06:29:18,432][flwr][INFO] - 		round 3: 485.2077555656433
[2024-09-09 06:29:18,432][flwr][INFO] - 		round 4: 482.65367460250854
[2024-09-09 06:29:18,432][flwr][INFO] - 		round 5: 479.45981895923615
[2024-09-09 06:29:18,432][flwr][INFO] - 		round 6: 474.8587466478348
[2024-09-09 06:29:18,432][flwr][INFO] - 		round 7: 472.0283979177475
[2024-09-09 06:29:18,432][flwr][INFO] - 		round 8: 559.7614901065826
[2024-09-09 06:29:18,432][flwr][INFO] - 		round 9: 529.3843435049057
[2024-09-09 06:29:18,432][flwr][INFO] - 		round 10: 472.4010269641876
[2024-09-09 06:29:18,433][flwr][INFO] - 		round 11: 457.75958120822906
[2024-09-09 06:29:18,433][flwr][INFO] - 		round 12: 450.1807243824005
[2024-09-09 06:29:18,433][flwr][INFO] - 		round 13: 524.6554852724075
[2024-09-09 06:29:18,433][flwr][INFO] - 		round 14: 460.2627338171005
[2024-09-09 06:29:18,433][flwr][INFO] - 		round 15: 503.66802620887756
[2024-09-09 06:29:18,433][flwr][INFO] - 		round 16: 445.970694065094
[2024-09-09 06:29:18,433][flwr][INFO] - 		round 17: 486.0463443994522
[2024-09-09 06:29:18,433][flwr][INFO] - 		round 18: 489.32378005981445
[2024-09-09 06:29:18,433][flwr][INFO] - 		round 19: 520.0682780742645
[2024-09-09 06:29:18,433][flwr][INFO] - 		round 20: 431.7466893196106
[2024-09-09 06:29:18,433][flwr][INFO] - 		round 21: 508.6555540561676
[2024-09-09 06:29:18,433][flwr][INFO] - 		round 22: 478.80207800865173
[2024-09-09 06:29:18,433][flwr][INFO] - 		round 23: 499.2099986076355
[2024-09-09 06:29:18,433][flwr][INFO] - 		round 24: 490.7587238550186
[2024-09-09 06:29:18,433][flwr][INFO] - 		round 25: 427.93501365184784
[2024-09-09 06:29:18,433][flwr][INFO] - 		round 26: 488.89390003681183
[2024-09-09 06:29:18,433][flwr][INFO] - 		round 27: 529.9951974153519
[2024-09-09 06:29:18,433][flwr][INFO] - 		round 28: 630.1036152839661
[2024-09-09 06:29:18,433][flwr][INFO] - 		round 29: 513.4178891181946
[2024-09-09 06:29:18,434][flwr][INFO] - 		round 30: 530.4651899337769
[2024-09-09 06:29:18,434][flwr][INFO] - 		round 31: 457.6897168159485
[2024-09-09 06:29:18,434][flwr][INFO] - 		round 32: 487.2678940296173
[2024-09-09 06:29:18,434][flwr][INFO] - 		round 33: 578.0946234464645
[2024-09-09 06:29:18,434][flwr][INFO] - 		round 34: 455.99326980113983
[2024-09-09 06:29:18,434][flwr][INFO] - 		round 35: 537.8167027235031
[2024-09-09 06:29:18,434][flwr][INFO] - 		round 36: 441.85745429992676
[2024-09-09 06:29:18,434][flwr][INFO] - 		round 37: 550.119238615036
[2024-09-09 06:29:18,434][flwr][INFO] - 		round 38: 914.7596440315247
[2024-09-09 06:29:18,434][flwr][INFO] - 		round 39: 475.10496985912323
[2024-09-09 06:29:18,434][flwr][INFO] - 		round 40: 534.7202438116074
[2024-09-09 06:29:18,434][flwr][INFO] - 		round 41: 458.0017901659012
[2024-09-09 06:29:18,434][flwr][INFO] - 		round 42: 412.9197955131531
[2024-09-09 06:29:18,434][flwr][INFO] - 		round 43: 470.0569107532501
[2024-09-09 06:29:18,434][flwr][INFO] - 		round 44: 428.66688215732574
[2024-09-09 06:29:18,434][flwr][INFO] - 		round 45: 455.3927468061447
[2024-09-09 06:29:18,434][flwr][INFO] - 		round 46: 533.4817782640457
[2024-09-09 06:29:18,434][flwr][INFO] - 		round 47: 434.3010468482971
[2024-09-09 06:29:18,434][flwr][INFO] - 		round 48: 512.4438576698303
[2024-09-09 06:29:18,434][flwr][INFO] - 		round 49: 413.50433576107025
[2024-09-09 06:29:18,434][flwr][INFO] - 		round 50: 512.7286845445633
[2024-09-09 06:29:18,434][flwr][INFO] - 		round 51: 458.17896592617035
[2024-09-09 06:29:18,434][flwr][INFO] - 		round 52: 418.65687787532806
[2024-09-09 06:29:18,435][flwr][INFO] - 		round 53: 395.8793921470642
[2024-09-09 06:29:18,435][flwr][INFO] - 		round 54: 442.4184513092041
[2024-09-09 06:29:18,435][flwr][INFO] - 		round 55: 404.4306433200836
[2024-09-09 06:29:18,435][flwr][INFO] - 		round 56: 657.3599021434784
[2024-09-09 06:29:18,435][flwr][INFO] - 		round 57: 548.2907449007034
[2024-09-09 06:29:18,435][flwr][INFO] - 		round 58: 556.6383734941483
[2024-09-09 06:29:18,435][flwr][INFO] - 		round 59: 465.39514565467834
[2024-09-09 06:29:18,435][flwr][INFO] - 		round 60: 395.37988007068634
[2024-09-09 06:29:18,435][flwr][INFO] - 		round 61: 438.8661377429962
[2024-09-09 06:29:18,435][flwr][INFO] - 		round 62: 409.952553153038
[2024-09-09 06:29:18,435][flwr][INFO] - 		round 63: 431.29336619377136
[2024-09-09 06:29:18,435][flwr][INFO] - 		round 64: 458.4128704071045
[2024-09-09 06:29:18,435][flwr][INFO] - 		round 65: 405.0950137376785
[2024-09-09 06:29:18,435][flwr][INFO] - 		round 66: 431.0975000858307
[2024-09-09 06:29:18,435][flwr][INFO] - 		round 67: 396.6897517442703
[2024-09-09 06:29:18,435][flwr][INFO] - 		round 68: 403.10822904109955
[2024-09-09 06:29:18,435][flwr][INFO] - 		round 69: 445.0242826938629
[2024-09-09 06:29:18,435][flwr][INFO] - 		round 70: 455.62947976589203
[2024-09-09 06:29:18,435][flwr][INFO] - 		round 71: 446.58676981925964
[2024-09-09 06:29:18,435][flwr][INFO] - 		round 72: 466.4018441438675
[2024-09-09 06:29:18,435][flwr][INFO] - 		round 73: 403.8915947675705
[2024-09-09 06:29:18,435][flwr][INFO] - 		round 74: 524.6889731884003
[2024-09-09 06:29:18,435][flwr][INFO] - 		round 75: 422.6879996061325
[2024-09-09 06:29:18,435][flwr][INFO] - 		round 76: 345.9788430929184
[2024-09-09 06:29:18,436][flwr][INFO] - 		round 77: 409.99739694595337
[2024-09-09 06:29:18,436][flwr][INFO] - 		round 78: 378.5821416378021
[2024-09-09 06:29:18,436][flwr][INFO] - 		round 79: 374.69703936576843
[2024-09-09 06:29:18,436][flwr][INFO] - 		round 80: 459.1102600097656
[2024-09-09 06:29:18,436][flwr][INFO] - 		round 81: 460.26392698287964
[2024-09-09 06:29:18,436][flwr][INFO] - 		round 82: 502.9661782979965
[2024-09-09 06:29:18,436][flwr][INFO] - 		round 83: 519.3241674900055
[2024-09-09 06:29:18,436][flwr][INFO] - 		round 84: 440.9459385871887
[2024-09-09 06:29:18,436][flwr][INFO] - 		round 85: 353.96799182891846
[2024-09-09 06:29:18,436][flwr][INFO] - 		round 86: 462.987384557724
[2024-09-09 06:29:18,436][flwr][INFO] - 		round 87: 650.0321508646011
[2024-09-09 06:29:18,436][flwr][INFO] - 		round 88: 374.9938931465149
[2024-09-09 06:29:18,436][flwr][INFO] - 		round 89: 447.27880859375
[2024-09-09 06:29:18,436][flwr][INFO] - 		round 90: 427.1448789834976
[2024-09-09 06:29:18,436][flwr][INFO] - 		round 91: 632.3955694437027
[2024-09-09 06:29:18,436][flwr][INFO] - 		round 92: 520.9614852666855
[2024-09-09 06:29:18,436][flwr][INFO] - 		round 93: 467.30372047424316
[2024-09-09 06:29:18,436][flwr][INFO] - 		round 94: 391.9635155200958
[2024-09-09 06:29:18,436][flwr][INFO] - 		round 95: 392.51968932151794
[2024-09-09 06:29:18,436][flwr][INFO] - 		round 96: 363.0734289884567
[2024-09-09 06:29:18,436][flwr][INFO] - 		round 97: 474.45312225818634
[2024-09-09 06:29:18,436][flwr][INFO] - 		round 98: 409.42125618457794
[2024-09-09 06:29:18,436][flwr][INFO] - 		round 99: 380.1429467201233
[2024-09-09 06:29:18,436][flwr][INFO] - 		round 100: 499.88575506210327
[2024-09-09 06:29:18,436][flwr][INFO] - 	History (metrics, centralized):
[2024-09-09 06:29:18,437][flwr][INFO] - 	{'accuracy': [(0, 0.047075208913649025),
[2024-09-09 06:29:18,437][flwr][INFO] - 	              (1, 0.21949860724233983),
[2024-09-09 06:29:18,437][flwr][INFO] - 	              (2, 0.06392757660167131),
[2024-09-09 06:29:18,437][flwr][INFO] - 	              (3, 0.17256267409470752),
[2024-09-09 06:29:18,437][flwr][INFO] - 	              (4, 0.08788300835654596),
[2024-09-09 06:29:18,437][flwr][INFO] - 	              (5, 0.1764623955431755),
[2024-09-09 06:29:18,437][flwr][INFO] - 	              (6, 0.23662952646239555),
[2024-09-09 06:29:18,437][flwr][INFO] - 	              (7, 0.20571030640668525),
[2024-09-09 06:29:18,437][flwr][INFO] - 	              (8, 0.2254874651810585),
[2024-09-09 06:29:18,437][flwr][INFO] - 	              (9, 0.27158774373259054),
[2024-09-09 06:29:18,437][flwr][INFO] - 	              (10, 0.2182451253481894),
[2024-09-09 06:29:18,437][flwr][INFO] - 	              (11, 0.3561281337047354),
[2024-09-09 06:29:18,437][flwr][INFO] - 	              (12, 0.26796657381615596),
[2024-09-09 06:29:18,437][flwr][INFO] - 	              (13, 0.08899721448467966),
[2024-09-09 06:29:18,437][flwr][INFO] - 	              (14, 0.3097493036211699),
[2024-09-09 06:29:18,437][flwr][INFO] - 	              (15, 0.18774373259052926),
[2024-09-09 06:29:18,437][flwr][INFO] - 	              (16, 0.17116991643454038),
[2024-09-09 06:29:18,437][flwr][INFO] - 	              (17, 0.26420612813370475),
[2024-09-09 06:29:18,437][flwr][INFO] - 	              (18, 0.19526462395543176),
[2024-09-09 06:29:18,437][flwr][INFO] - 	              (19, 0.12409470752089137),
[2024-09-09 06:29:18,437][flwr][INFO] - 	              (20, 0.39303621169916436),
[2024-09-09 06:29:18,437][flwr][INFO] - 	              (21, 0.19721448467966574),
[2024-09-09 06:29:18,437][flwr][INFO] - 	              (22, 0.20041782729805013),
[2024-09-09 06:29:18,437][flwr][INFO] - 	              (23, 0.08802228412256267),
[2024-09-09 06:29:18,438][flwr][INFO] - 	              (24, 0.066016713091922),
[2024-09-09 06:29:18,438][flwr][INFO] - 	              (25, 0.18022284122562673),
[2024-09-09 06:29:18,438][flwr][INFO] - 	              (26, 0.305849582172702),
[2024-09-09 06:29:18,438][flwr][INFO] - 	              (27, 0.1403899721448468),
[2024-09-09 06:29:18,438][flwr][INFO] - 	              (28, 0.07632311977715878),
[2024-09-09 06:29:18,438][flwr][INFO] - 	              (29, 0.1118384401114206),
[2024-09-09 06:29:18,438][flwr][INFO] - 	              (30, 0.08370473537604457),
[2024-09-09 06:29:18,438][flwr][INFO] - 	              (31, 0.20389972144846796),
[2024-09-09 06:29:18,438][flwr][INFO] - 	              (32, 0.27785515320334264),
[2024-09-09 06:29:18,438][flwr][INFO] - 	              (33, 0.1766016713091922),
[2024-09-09 06:29:18,438][flwr][INFO] - 	              (34, 0.42938718662952646),
[2024-09-09 06:29:18,438][flwr][INFO] - 	              (35, 0.2020891364902507),
[2024-09-09 06:29:18,438][flwr][INFO] - 	              (36, 0.20292479108635098),
[2024-09-09 06:29:18,438][flwr][INFO] - 	              (37, 0.15668523676880222),
[2024-09-09 06:29:18,438][flwr][INFO] - 	              (38, 0.34401114206128136),
[2024-09-09 06:29:18,438][flwr][INFO] - 	              (39, 0.16323119777158773),
[2024-09-09 06:29:18,438][flwr][INFO] - 	              (40, 0.21364902506963787),
[2024-09-09 06:29:18,438][flwr][INFO] - 	              (41, 0.26253481894150416),
[2024-09-09 06:29:18,438][flwr][INFO] - 	              (42, 0.4788300835654596),
[2024-09-09 06:29:18,438][flwr][INFO] - 	              (43, 0.24944289693593313),
[2024-09-09 06:29:18,438][flwr][INFO] - 	              (44, 0.2753481894150418),
[2024-09-09 06:29:18,438][flwr][INFO] - 	              (45, 0.2796657381615599),
[2024-09-09 06:29:18,438][flwr][INFO] - 	              (46, 0.08314763231197772),
[2024-09-09 06:29:18,438][flwr][INFO] - 	              (47, 0.3416434540389972),
[2024-09-09 06:29:18,439][flwr][INFO] - 	              (48, 0.10515320334261838),
[2024-09-09 06:29:18,439][flwr][INFO] - 	              (49, 0.3774373259052925),
[2024-09-09 06:29:18,439][flwr][INFO] - 	              (50, 0.2821727019498607),
[2024-09-09 06:29:18,439][flwr][INFO] - 	              (51, 0.11866295264623955),
[2024-09-09 06:29:18,439][flwr][INFO] - 	              (52, 0.22952646239554317),
[2024-09-09 06:29:18,439][flwr][INFO] - 	              (53, 0.3616991643454039),
[2024-09-09 06:29:18,439][flwr][INFO] - 	              (54, 0.32409470752089137),
[2024-09-09 06:29:18,439][flwr][INFO] - 	              (55, 0.40278551532033424),
[2024-09-09 06:29:18,439][flwr][INFO] - 	              (56, 0.13161559888579388),
[2024-09-09 06:29:18,439][flwr][INFO] - 	              (57, 0.383008356545961),
[2024-09-09 06:29:18,439][flwr][INFO] - 	              (58, 0.2749303621169916),
[2024-09-09 06:29:18,439][flwr][INFO] - 	              (59, 0.1778551532033426),
[2024-09-09 06:29:18,439][flwr][INFO] - 	              (60, 0.4128133704735376),
[2024-09-09 06:29:18,439][flwr][INFO] - 	              (61, 0.3306406685236769),
[2024-09-09 06:29:18,439][flwr][INFO] - 	              (62, 0.3371866295264624),
[2024-09-09 06:29:18,439][flwr][INFO] - 	              (63, 0.17493036211699164),
[2024-09-09 06:29:18,439][flwr][INFO] - 	              (64, 0.19512534818941504),
[2024-09-09 06:29:18,439][flwr][INFO] - 	              (65, 0.40403899721448466),
[2024-09-09 06:29:18,439][flwr][INFO] - 	              (66, 0.2891364902506964),
[2024-09-09 06:29:18,439][flwr][INFO] - 	              (67, 0.4465181058495822),
[2024-09-09 06:29:18,439][flwr][INFO] - 	              (68, 0.23788300835654597),
[2024-09-09 06:29:18,439][flwr][INFO] - 	              (69, 0.21949860724233983),
[2024-09-09 06:29:18,439][flwr][INFO] - 	              (70, 0.3415041782729805),
[2024-09-09 06:29:18,439][flwr][INFO] - 	              (71, 0.22799442896935934),
[2024-09-09 06:29:18,439][flwr][INFO] - 	              (72, 0.12311977715877437),
[2024-09-09 06:29:18,440][flwr][INFO] - 	              (73, 0.3181058495821727),
[2024-09-09 06:29:18,440][flwr][INFO] - 	              (74, 0.33551532033426185),
[2024-09-09 06:29:18,440][flwr][INFO] - 	              (75, 0.27910863509749306),
[2024-09-09 06:29:18,440][flwr][INFO] - 	              (76, 0.5153203342618384),
[2024-09-09 06:29:18,440][flwr][INFO] - 	              (77, 0.3352367688022284),
[2024-09-09 06:29:18,440][flwr][INFO] - 	              (78, 0.4608635097493036),
[2024-09-09 06:29:18,440][flwr][INFO] - 	              (79, 0.3818941504178273),
[2024-09-09 06:29:18,440][flwr][INFO] - 	              (80, 0.2540389972144847),
[2024-09-09 06:29:18,440][flwr][INFO] - 	              (81, 0.3344011142061281),
[2024-09-09 06:29:18,440][flwr][INFO] - 	              (82, 0.1937325905292479),
[2024-09-09 06:29:18,440][flwr][INFO] - 	              (83, 0.28927576601671307),
[2024-09-09 06:29:18,440][flwr][INFO] - 	              (84, 0.2722841225626741),
[2024-09-09 06:29:18,440][flwr][INFO] - 	              (85, 0.3),
[2024-09-09 06:29:18,440][flwr][INFO] - 	              (86, 0.10403899721448467),
[2024-09-09 06:29:18,440][flwr][INFO] - 	              (87, 0.2598885793871866),
[2024-09-09 06:29:18,440][flwr][INFO] - 	              (88, 0.45389972144846796),
[2024-09-09 06:29:18,440][flwr][INFO] - 	              (89, 0.2654596100278552),
[2024-09-09 06:29:18,440][flwr][INFO] - 	              (90, 0.3693593314763231),
[2024-09-09 06:29:18,440][flwr][INFO] - 	              (91, 0.25292479108635096),
[2024-09-09 06:29:18,440][flwr][INFO] - 	              (92, 0.17799442896935933),
[2024-09-09 06:29:18,440][flwr][INFO] - 	              (93, 0.1456824512534819),
[2024-09-09 06:29:18,440][flwr][INFO] - 	              (94, 0.32493036211699167),
[2024-09-09 06:29:18,440][flwr][INFO] - 	              (95, 0.32604456824512534),
[2024-09-09 06:29:18,440][flwr][INFO] - 	              (96, 0.3807799442896936),
[2024-09-09 06:29:18,441][flwr][INFO] - 	              (97, 0.13398328690807798),
[2024-09-09 06:29:18,441][flwr][INFO] - 	              (98, 0.4200557103064067),
[2024-09-09 06:29:18,441][flwr][INFO] - 	              (99, 0.284958217270195),
[2024-09-09 06:29:18,441][flwr][INFO] - 	              (100, 0.17089136490250698)]}
[2024-09-09 06:29:18,441][flwr][INFO] - 
