[2024-10-09 01:00:15,644][flwr][INFO] - Starting Flower simulation, config: num_rounds=100, no round_timeout
[2024-10-09 01:00:18,915][flwr][INFO] - Flower VCE: Ray initialized with resources: {'CPU': 256.0, 'object_store_memory': 67959489331.0, 'node:115.145.172.224': 1.0, 'memory': 148572141773.0, 'node:__internal_head__': 1.0, 'accelerator_type:G': 1.0, 'GPU': 1.0}
[2024-10-09 01:00:18,915][flwr][INFO] - Optimize your simulation with Flower VCE: https://flower.ai/docs/framework/how-to-run-simulations.html
[2024-10-09 01:00:18,915][flwr][INFO] - Flower VCE: Resources for each Virtual Client: {'num_cpus': 64, 'num_gpus': 0.1}
[2024-10-09 01:00:18,929][flwr][INFO] - Flower VCE: Creating VirtualClientEngineActorPool with 4 actors
[2024-10-09 01:00:18,930][flwr][INFO] - [INIT]
[2024-10-09 01:00:18,930][flwr][INFO] - Requesting initial parameters from one random client
[2024-10-09 01:00:23,694][flwr][INFO] - Received initial parameters from one random client
[2024-10-09 01:00:23,694][flwr][INFO] - Evaluating initial global parameters
[2024-10-09 01:00:36,755][flwr][INFO] - initial parameters (loss, other metrics): 504.1472203731537, {'accuracy': 0.01935933147632312}
[2024-10-09 01:00:36,756][flwr][INFO] - 
[2024-10-09 01:00:36,756][flwr][INFO] - [ROUND 1]
[2024-10-09 01:00:36,756][flwr][INFO] - configure_fit: strategy sampled 5 clients (out of 50)
[2024-10-09 01:01:11,852][flwr][INFO] - aggregate_fit: received 5 results and 0 failures
[2024-10-09 01:01:12,080][flwr][WARNING] - No fit_metrics_aggregation_fn provided
[2024-10-09 01:01:24,350][flwr][INFO] - fit progress: (1, 432.5744940042496, {'accuracy': 0.4200557103064067}, 47.59407172817737)
[2024-10-09 01:01:24,351][flwr][INFO] - configure_evaluate: strategy sampled 2 clients (out of 50)
[2024-10-09 01:01:25,574][flwr][INFO] - aggregate_evaluate: received 2 results and 0 failures
[2024-10-09 01:01:25,574][flwr][INFO] - 
[2024-10-09 01:01:25,574][flwr][INFO] - [ROUND 2]
[2024-10-09 01:01:25,575][flwr][INFO] - configure_fit: strategy sampled 5 clients (out of 50)
[2024-10-09 01:01:57,535][flwr][INFO] - aggregate_fit: received 5 results and 0 failures
[2024-10-09 01:02:10,368][flwr][INFO] - fit progress: (2, 300.01884377002716, {'accuracy': 0.5781337047353761}, 93.61226405017078)
[2024-10-09 01:02:10,369][flwr][INFO] - configure_evaluate: strategy sampled 2 clients (out of 50)
[2024-10-09 01:02:11,436][flwr][INFO] - aggregate_evaluate: received 2 results and 0 failures
[2024-10-09 01:02:11,437][flwr][INFO] - 
[2024-10-09 01:02:11,437][flwr][INFO] - [ROUND 3]
[2024-10-09 01:02:11,437][flwr][INFO] - configure_fit: strategy sampled 5 clients (out of 50)
[2024-10-09 01:02:44,954][flwr][INFO] - aggregate_fit: received 5 results and 0 failures
[2024-10-09 01:02:57,858][flwr][INFO] - fit progress: (3, 251.0108055472374, {'accuracy': 0.6984679665738162}, 141.10221136827022)
[2024-10-09 01:02:57,859][flwr][INFO] - configure_evaluate: strategy sampled 2 clients (out of 50)
[2024-10-09 01:02:59,466][flwr][INFO] - aggregate_evaluate: received 2 results and 0 failures
[2024-10-09 01:02:59,466][flwr][INFO] - 
[2024-10-09 01:02:59,466][flwr][INFO] - [ROUND 4]
[2024-10-09 01:02:59,466][flwr][INFO] - configure_fit: strategy sampled 5 clients (out of 50)
[2024-10-09 01:03:32,159][flwr][INFO] - aggregate_fit: received 5 results and 0 failures
[2024-10-09 01:03:45,553][flwr][INFO] - fit progress: (4, 235.68264895677567, {'accuracy': 0.6536211699164345}, 188.79719642922282)
[2024-10-09 01:03:45,553][flwr][INFO] - configure_evaluate: strategy sampled 2 clients (out of 50)
[2024-10-09 01:03:46,623][flwr][INFO] - aggregate_evaluate: received 2 results and 0 failures
[2024-10-09 01:03:46,623][flwr][INFO] - 
[2024-10-09 01:03:46,623][flwr][INFO] - [ROUND 5]
[2024-10-09 01:03:46,623][flwr][INFO] - configure_fit: strategy sampled 5 clients (out of 50)
[2024-10-09 01:04:17,915][flwr][INFO] - aggregate_fit: received 5 results and 0 failures
[2024-10-09 01:04:32,829][flwr][INFO] - fit progress: (5, 235.09395039081573, {'accuracy': 0.621866295264624}, 236.07306178007275)
[2024-10-09 01:04:32,829][flwr][INFO] - configure_evaluate: strategy sampled 2 clients (out of 50)
[2024-10-09 01:04:34,342][flwr][INFO] - aggregate_evaluate: received 2 results and 0 failures
[2024-10-09 01:04:34,343][flwr][INFO] - 
[2024-10-09 01:04:34,343][flwr][INFO] - [ROUND 6]
[2024-10-09 01:04:34,343][flwr][INFO] - configure_fit: strategy sampled 5 clients (out of 50)
[2024-10-09 01:04:57,092][flwr][INFO] - aggregate_fit: received 5 results and 0 failures
[2024-10-09 01:05:09,543][flwr][INFO] - fit progress: (6, 270.8513060808182, {'accuracy': 0.6795264623955432}, 272.7870901338756)
[2024-10-09 01:05:09,544][flwr][INFO] - configure_evaluate: strategy sampled 2 clients (out of 50)
[2024-10-09 01:05:10,571][flwr][INFO] - aggregate_evaluate: received 2 results and 0 failures
[2024-10-09 01:05:10,571][flwr][INFO] - 
[2024-10-09 01:05:10,571][flwr][INFO] - [ROUND 7]
[2024-10-09 01:05:10,571][flwr][INFO] - configure_fit: strategy sampled 5 clients (out of 50)
[2024-10-09 01:05:36,357][flwr][INFO] - aggregate_fit: received 5 results and 0 failures
[2024-10-09 01:05:48,312][flwr][INFO] - fit progress: (7, 286.82273000478745, {'accuracy': 0.658774373259053}, 311.55595243535936)
[2024-10-09 01:05:48,312][flwr][INFO] - configure_evaluate: strategy sampled 2 clients (out of 50)
[2024-10-09 01:05:49,339][flwr][INFO] - aggregate_evaluate: received 2 results and 0 failures
[2024-10-09 01:05:49,339][flwr][INFO] - 
[2024-10-09 01:05:49,339][flwr][INFO] - [ROUND 8]
[2024-10-09 01:05:49,339][flwr][INFO] - configure_fit: strategy sampled 5 clients (out of 50)
[2024-10-09 01:06:17,232][flwr][INFO] - aggregate_fit: received 5 results and 0 failures
[2024-10-09 01:06:29,756][flwr][INFO] - fit progress: (8, 217.13399195671082, {'accuracy': 0.7696378830083566}, 352.9997963840142)
[2024-10-09 01:06:29,756][flwr][INFO] - configure_evaluate: strategy sampled 2 clients (out of 50)
[2024-10-09 01:06:31,384][flwr][INFO] - aggregate_evaluate: received 2 results and 0 failures
[2024-10-09 01:06:31,384][flwr][INFO] - 
[2024-10-09 01:06:31,384][flwr][INFO] - [ROUND 9]
[2024-10-09 01:06:31,384][flwr][INFO] - configure_fit: strategy sampled 5 clients (out of 50)
[2024-10-09 01:06:53,610][flwr][INFO] - aggregate_fit: received 5 results and 0 failures
[2024-10-09 01:07:06,288][flwr][INFO] - fit progress: (9, 231.80074006319046, {'accuracy': 0.7686629526462395}, 389.5322361793369)
[2024-10-09 01:07:06,289][flwr][INFO] - configure_evaluate: strategy sampled 2 clients (out of 50)
[2024-10-09 01:07:07,364][flwr][INFO] - aggregate_evaluate: received 2 results and 0 failures
[2024-10-09 01:07:07,364][flwr][INFO] - 
[2024-10-09 01:07:07,364][flwr][INFO] - [ROUND 10]
[2024-10-09 01:07:07,364][flwr][INFO] - configure_fit: strategy sampled 5 clients (out of 50)
[2024-10-09 01:07:27,454][flwr][INFO] - aggregate_fit: received 5 results and 0 failures
[2024-10-09 01:07:39,150][flwr][INFO] - fit progress: (10, 185.1283030807972, {'accuracy': 0.7646239554317549}, 422.39446255378425)
[2024-10-09 01:07:39,151][flwr][INFO] - configure_evaluate: strategy sampled 2 clients (out of 50)
[2024-10-09 01:07:40,401][flwr][INFO] - aggregate_evaluate: received 2 results and 0 failures
[2024-10-09 01:07:40,402][flwr][INFO] - 
[2024-10-09 01:07:40,403][flwr][INFO] - [ROUND 11]
[2024-10-09 01:07:40,403][flwr][INFO] - configure_fit: strategy sampled 5 clients (out of 50)
[2024-10-09 01:08:16,485][flwr][INFO] - aggregate_fit: received 5 results and 0 failures
[2024-10-09 01:08:28,816][flwr][INFO] - fit progress: (11, 142.68026462197304, {'accuracy': 0.7947075208913649}, 472.0596994198859)
[2024-10-09 01:08:28,816][flwr][INFO] - configure_evaluate: strategy sampled 2 clients (out of 50)
[2024-10-09 01:08:29,889][flwr][INFO] - aggregate_evaluate: received 2 results and 0 failures
[2024-10-09 01:08:29,889][flwr][INFO] - 
[2024-10-09 01:08:29,889][flwr][INFO] - [ROUND 12]
[2024-10-09 01:08:29,889][flwr][INFO] - configure_fit: strategy sampled 5 clients (out of 50)
[2024-10-09 01:09:05,183][flwr][INFO] - aggregate_fit: received 5 results and 0 failures
[2024-10-09 01:09:16,833][flwr][INFO] - fit progress: (12, 137.7162320613861, {'accuracy': 0.8221448467966573}, 520.0773420417681)
[2024-10-09 01:09:16,834][flwr][INFO] - configure_evaluate: strategy sampled 2 clients (out of 50)
[2024-10-09 01:09:17,898][flwr][INFO] - aggregate_evaluate: received 2 results and 0 failures
[2024-10-09 01:09:17,899][flwr][INFO] - 
[2024-10-09 01:09:17,899][flwr][INFO] - [ROUND 13]
[2024-10-09 01:09:17,899][flwr][INFO] - configure_fit: strategy sampled 5 clients (out of 50)
[2024-10-09 01:09:49,894][flwr][INFO] - aggregate_fit: received 5 results and 0 failures
[2024-10-09 01:10:01,580][flwr][INFO] - fit progress: (13, 141.93147784471512, {'accuracy': 0.8129526462395543}, 564.8239848753437)
[2024-10-09 01:10:01,581][flwr][INFO] - configure_evaluate: strategy sampled 2 clients (out of 50)
[2024-10-09 01:10:03,460][flwr][INFO] - aggregate_evaluate: received 2 results and 0 failures
[2024-10-09 01:10:03,460][flwr][INFO] - 
[2024-10-09 01:10:03,460][flwr][INFO] - [ROUND 14]
[2024-10-09 01:10:03,460][flwr][INFO] - configure_fit: strategy sampled 5 clients (out of 50)
[2024-10-09 01:10:29,129][flwr][INFO] - aggregate_fit: received 5 results and 0 failures
[2024-10-09 01:10:40,842][flwr][INFO] - fit progress: (14, 119.64091727137566, {'accuracy': 0.8224233983286908}, 604.0859549548477)
[2024-10-09 01:10:40,842][flwr][INFO] - configure_evaluate: strategy sampled 2 clients (out of 50)
[2024-10-09 01:10:41,932][flwr][INFO] - aggregate_evaluate: received 2 results and 0 failures
[2024-10-09 01:10:41,932][flwr][INFO] - 
[2024-10-09 01:10:41,933][flwr][INFO] - [ROUND 15]
[2024-10-09 01:10:41,933][flwr][INFO] - configure_fit: strategy sampled 5 clients (out of 50)
[2024-10-09 01:11:07,647][flwr][INFO] - aggregate_fit: received 5 results and 0 failures
[2024-10-09 01:11:19,402][flwr][INFO] - fit progress: (15, 119.70412147045135, {'accuracy': 0.8146239554317549}, 642.6459995796904)
[2024-10-09 01:11:19,402][flwr][INFO] - configure_evaluate: strategy sampled 2 clients (out of 50)
[2024-10-09 01:11:20,448][flwr][INFO] - aggregate_evaluate: received 2 results and 0 failures
[2024-10-09 01:11:20,448][flwr][INFO] - 
[2024-10-09 01:11:20,448][flwr][INFO] - [ROUND 16]
[2024-10-09 01:11:20,448][flwr][INFO] - configure_fit: strategy sampled 5 clients (out of 50)
[2024-10-09 01:11:52,734][flwr][INFO] - aggregate_fit: received 5 results and 0 failures
[2024-10-09 01:12:05,789][flwr][INFO] - fit progress: (16, 139.72065916657448, {'accuracy': 0.8217270194986073}, 689.0331585491076)
[2024-10-09 01:12:05,790][flwr][INFO] - configure_evaluate: strategy sampled 2 clients (out of 50)
[2024-10-09 01:12:07,431][flwr][INFO] - aggregate_evaluate: received 2 results and 0 failures
[2024-10-09 01:12:07,432][flwr][INFO] - 
[2024-10-09 01:12:07,432][flwr][INFO] - [ROUND 17]
[2024-10-09 01:12:07,432][flwr][INFO] - configure_fit: strategy sampled 5 clients (out of 50)
[2024-10-09 01:12:26,688][flwr][INFO] - aggregate_fit: received 5 results and 0 failures
[2024-10-09 01:12:38,832][flwr][INFO] - fit progress: (17, 173.51969587802887, {'accuracy': 0.7892757660167131}, 722.076276066713)
[2024-10-09 01:12:38,833][flwr][INFO] - configure_evaluate: strategy sampled 2 clients (out of 50)
[2024-10-09 01:12:39,893][flwr][INFO] - aggregate_evaluate: received 2 results and 0 failures
[2024-10-09 01:12:39,893][flwr][INFO] - 
[2024-10-09 01:12:39,893][flwr][INFO] - [ROUND 18]
[2024-10-09 01:12:39,893][flwr][INFO] - configure_fit: strategy sampled 5 clients (out of 50)
[2024-10-09 01:12:58,592][flwr][INFO] - aggregate_fit: received 5 results and 0 failures
[2024-10-09 01:13:10,388][flwr][INFO] - fit progress: (18, 119.75233685970306, {'accuracy': 0.8274373259052925}, 753.63229496032)
[2024-10-09 01:13:10,389][flwr][INFO] - configure_evaluate: strategy sampled 2 clients (out of 50)
[2024-10-09 01:13:11,509][flwr][INFO] - aggregate_evaluate: received 2 results and 0 failures
[2024-10-09 01:13:11,510][flwr][INFO] - 
[2024-10-09 01:13:11,510][flwr][INFO] - [ROUND 19]
[2024-10-09 01:13:11,510][flwr][INFO] - configure_fit: strategy sampled 5 clients (out of 50)
[2024-10-09 01:13:34,156][flwr][INFO] - aggregate_fit: received 5 results and 0 failures
[2024-10-09 01:13:45,313][flwr][INFO] - fit progress: (19, 185.55766785144806, {'accuracy': 0.7986072423398328}, 788.5567945027724)
[2024-10-09 01:13:45,313][flwr][INFO] - configure_evaluate: strategy sampled 2 clients (out of 50)
[2024-10-09 01:13:46,440][flwr][INFO] - aggregate_evaluate: received 2 results and 0 failures
[2024-10-09 01:13:46,440][flwr][INFO] - 
[2024-10-09 01:13:46,440][flwr][INFO] - [ROUND 20]
[2024-10-09 01:13:46,440][flwr][INFO] - configure_fit: strategy sampled 5 clients (out of 50)
[2024-10-09 01:14:25,826][flwr][INFO] - aggregate_fit: received 5 results and 0 failures
[2024-10-09 01:14:37,043][flwr][INFO] - fit progress: (20, 196.51903349161148, {'accuracy': 0.7681058495821727}, 840.2873920826241)
[2024-10-09 01:14:37,044][flwr][INFO] - configure_evaluate: strategy sampled 2 clients (out of 50)
[2024-10-09 01:14:38,228][flwr][INFO] - aggregate_evaluate: received 2 results and 0 failures
[2024-10-09 01:14:38,229][flwr][INFO] - 
[2024-10-09 01:14:38,229][flwr][INFO] - [ROUND 21]
[2024-10-09 01:14:38,229][flwr][INFO] - configure_fit: strategy sampled 5 clients (out of 50)
[2024-10-09 01:14:56,001][flwr][INFO] - aggregate_fit: received 5 results and 0 failures
[2024-10-09 01:15:06,926][flwr][INFO] - fit progress: (21, 288.38273280858994, {'accuracy': 0.6272980501392758}, 870.1697245482355)
[2024-10-09 01:15:06,926][flwr][INFO] - configure_evaluate: strategy sampled 2 clients (out of 50)
[2024-10-09 01:15:08,136][flwr][INFO] - aggregate_evaluate: received 2 results and 0 failures
[2024-10-09 01:15:08,136][flwr][INFO] - 
[2024-10-09 01:15:08,137][flwr][INFO] - [ROUND 22]
[2024-10-09 01:15:08,137][flwr][INFO] - configure_fit: strategy sampled 5 clients (out of 50)
[2024-10-09 01:15:41,468][flwr][INFO] - aggregate_fit: received 5 results and 0 failures
[2024-10-09 01:15:52,678][flwr][INFO] - fit progress: (22, 191.6537565588951, {'accuracy': 0.782033426183844}, 915.9226117348298)
[2024-10-09 01:15:52,679][flwr][INFO] - configure_evaluate: strategy sampled 2 clients (out of 50)
[2024-10-09 01:15:53,959][flwr][INFO] - aggregate_evaluate: received 2 results and 0 failures
[2024-10-09 01:15:53,960][flwr][INFO] - 
[2024-10-09 01:15:53,960][flwr][INFO] - [ROUND 23]
[2024-10-09 01:15:53,960][flwr][INFO] - configure_fit: strategy sampled 5 clients (out of 50)
[2024-10-09 01:16:18,968][flwr][INFO] - aggregate_fit: received 5 results and 0 failures
[2024-10-09 01:16:30,288][flwr][INFO] - fit progress: (23, 141.16326442360878, {'accuracy': 0.8203342618384402}, 953.5319295693189)
[2024-10-09 01:16:30,288][flwr][INFO] - configure_evaluate: strategy sampled 2 clients (out of 50)
[2024-10-09 01:16:31,363][flwr][INFO] - aggregate_evaluate: received 2 results and 0 failures
[2024-10-09 01:16:31,363][flwr][INFO] - 
[2024-10-09 01:16:31,363][flwr][INFO] - [ROUND 24]
[2024-10-09 01:16:31,363][flwr][INFO] - configure_fit: strategy sampled 5 clients (out of 50)
[2024-10-09 01:16:47,527][flwr][INFO] - aggregate_fit: received 5 results and 0 failures
[2024-10-09 01:16:58,811][flwr][INFO] - fit progress: (24, 137.05855521559715, {'accuracy': 0.8207520891364902}, 982.055449038744)
[2024-10-09 01:16:58,812][flwr][INFO] - configure_evaluate: strategy sampled 2 clients (out of 50)
[2024-10-09 01:16:59,822][flwr][INFO] - aggregate_evaluate: received 2 results and 0 failures
[2024-10-09 01:16:59,822][flwr][INFO] - 
[2024-10-09 01:16:59,822][flwr][INFO] - [ROUND 25]
[2024-10-09 01:16:59,823][flwr][INFO] - configure_fit: strategy sampled 5 clients (out of 50)
[2024-10-09 01:17:20,968][flwr][INFO] - aggregate_fit: received 5 results and 0 failures
[2024-10-09 01:17:32,643][flwr][INFO] - fit progress: (25, 314.14426934719086, {'accuracy': 0.7118384401114206}, 1015.8868170492351)
[2024-10-09 01:17:32,643][flwr][INFO] - configure_evaluate: strategy sampled 2 clients (out of 50)
[2024-10-09 01:17:33,822][flwr][INFO] - aggregate_evaluate: received 2 results and 0 failures
[2024-10-09 01:17:33,822][flwr][INFO] - 
[2024-10-09 01:17:33,822][flwr][INFO] - [ROUND 26]
[2024-10-09 01:17:33,823][flwr][INFO] - configure_fit: strategy sampled 5 clients (out of 50)
[2024-10-09 01:18:06,379][flwr][INFO] - aggregate_fit: received 5 results and 0 failures
[2024-10-09 01:18:17,940][flwr][INFO] - fit progress: (26, 146.24146589636803, {'accuracy': 0.8188022284122562}, 1061.1846821503714)
[2024-10-09 01:18:17,941][flwr][INFO] - configure_evaluate: strategy sampled 2 clients (out of 50)
[2024-10-09 01:18:19,210][flwr][INFO] - aggregate_evaluate: received 2 results and 0 failures
[2024-10-09 01:18:19,210][flwr][INFO] - 
[2024-10-09 01:18:19,210][flwr][INFO] - [ROUND 27]
[2024-10-09 01:18:19,211][flwr][INFO] - configure_fit: strategy sampled 5 clients (out of 50)
[2024-10-09 01:18:47,472][flwr][INFO] - aggregate_fit: received 5 results and 0 failures
[2024-10-09 01:18:59,140][flwr][INFO] - fit progress: (27, 134.3593272268772, {'accuracy': 0.8182451253481894}, 1102.3842229973525)
[2024-10-09 01:18:59,140][flwr][INFO] - configure_evaluate: strategy sampled 2 clients (out of 50)
[2024-10-09 01:19:00,363][flwr][INFO] - aggregate_evaluate: received 2 results and 0 failures
[2024-10-09 01:19:00,363][flwr][INFO] - 
[2024-10-09 01:19:00,363][flwr][INFO] - [ROUND 28]
[2024-10-09 01:19:00,363][flwr][INFO] - configure_fit: strategy sampled 5 clients (out of 50)
[2024-10-09 01:19:22,062][flwr][INFO] - aggregate_fit: received 5 results and 0 failures
[2024-10-09 01:19:34,451][flwr][INFO] - fit progress: (28, 257.8265337944031, {'accuracy': 0.6818941504178273}, 1137.6956328339875)
[2024-10-09 01:19:34,452][flwr][INFO] - configure_evaluate: strategy sampled 2 clients (out of 50)
[2024-10-09 01:19:35,984][flwr][INFO] - aggregate_evaluate: received 2 results and 0 failures
[2024-10-09 01:19:35,984][flwr][INFO] - 
[2024-10-09 01:19:35,984][flwr][INFO] - [ROUND 29]
[2024-10-09 01:19:35,984][flwr][INFO] - configure_fit: strategy sampled 5 clients (out of 50)
[2024-10-09 01:19:54,678][flwr][INFO] - aggregate_fit: received 5 results and 0 failures
[2024-10-09 01:20:07,943][flwr][INFO] - fit progress: (29, 166.86158987879753, {'accuracy': 0.801949860724234}, 1171.1870492985472)
[2024-10-09 01:20:07,944][flwr][INFO] - configure_evaluate: strategy sampled 2 clients (out of 50)
[2024-10-09 01:20:09,076][flwr][INFO] - aggregate_evaluate: received 2 results and 0 failures
[2024-10-09 01:20:09,076][flwr][INFO] - 
[2024-10-09 01:20:09,076][flwr][INFO] - [ROUND 30]
[2024-10-09 01:20:09,076][flwr][INFO] - configure_fit: strategy sampled 5 clients (out of 50)
[2024-10-09 01:20:35,795][flwr][INFO] - aggregate_fit: received 5 results and 0 failures
[2024-10-09 01:20:48,412][flwr][INFO] - fit progress: (30, 137.49770948290825, {'accuracy': 0.8196378830083565}, 1211.6558688413352)
[2024-10-09 01:20:48,412][flwr][INFO] - configure_evaluate: strategy sampled 2 clients (out of 50)
[2024-10-09 01:20:49,976][flwr][INFO] - aggregate_evaluate: received 2 results and 0 failures
[2024-10-09 01:20:49,976][flwr][INFO] - 
[2024-10-09 01:20:49,977][flwr][INFO] - [ROUND 31]
[2024-10-09 01:20:49,977][flwr][INFO] - configure_fit: strategy sampled 5 clients (out of 50)
[2024-10-09 01:21:27,908][flwr][INFO] - aggregate_fit: received 5 results and 0 failures
[2024-10-09 01:21:39,807][flwr][INFO] - fit progress: (31, 139.09995412826538, {'accuracy': 0.8242339832869081}, 1263.051272551529)
[2024-10-09 01:21:39,808][flwr][INFO] - configure_evaluate: strategy sampled 2 clients (out of 50)
[2024-10-09 01:21:40,996][flwr][INFO] - aggregate_evaluate: received 2 results and 0 failures
[2024-10-09 01:21:40,997][flwr][INFO] - 
[2024-10-09 01:21:40,997][flwr][INFO] - [ROUND 32]
[2024-10-09 01:21:40,997][flwr][INFO] - configure_fit: strategy sampled 5 clients (out of 50)
[2024-10-09 01:22:06,381][flwr][INFO] - aggregate_fit: received 5 results and 0 failures
[2024-10-09 01:22:17,615][flwr][INFO] - fit progress: (32, 166.74875864386559, {'accuracy': 0.8121169916434541}, 1300.859033622779)
[2024-10-09 01:22:17,616][flwr][INFO] - configure_evaluate: strategy sampled 2 clients (out of 50)
[2024-10-09 01:22:18,864][flwr][INFO] - aggregate_evaluate: received 2 results and 0 failures
[2024-10-09 01:22:18,865][flwr][INFO] - 
[2024-10-09 01:22:18,865][flwr][INFO] - [ROUND 33]
[2024-10-09 01:22:18,865][flwr][INFO] - configure_fit: strategy sampled 5 clients (out of 50)
[2024-10-09 01:22:52,650][flwr][INFO] - aggregate_fit: received 5 results and 0 failures
[2024-10-09 01:23:04,701][flwr][INFO] - fit progress: (33, 201.8103899359703, {'accuracy': 0.7881615598885794}, 1347.9447593810037)
[2024-10-09 01:23:04,701][flwr][INFO] - configure_evaluate: strategy sampled 2 clients (out of 50)
[2024-10-09 01:23:05,733][flwr][INFO] - aggregate_evaluate: received 2 results and 0 failures
[2024-10-09 01:23:05,733][flwr][INFO] - 
[2024-10-09 01:23:05,733][flwr][INFO] - [ROUND 34]
[2024-10-09 01:23:05,733][flwr][INFO] - configure_fit: strategy sampled 5 clients (out of 50)
[2024-10-09 01:23:27,223][flwr][INFO] - aggregate_fit: received 5 results and 0 failures
[2024-10-09 01:23:38,440][flwr][INFO] - fit progress: (34, 158.4869673550129, {'accuracy': 0.8284122562674094}, 1381.6841796291992)
[2024-10-09 01:23:38,441][flwr][INFO] - configure_evaluate: strategy sampled 2 clients (out of 50)
[2024-10-09 01:23:39,653][flwr][INFO] - aggregate_evaluate: received 2 results and 0 failures
[2024-10-09 01:23:39,654][flwr][INFO] - 
[2024-10-09 01:23:39,654][flwr][INFO] - [ROUND 35]
[2024-10-09 01:23:39,654][flwr][INFO] - configure_fit: strategy sampled 5 clients (out of 50)
[2024-10-09 01:24:06,321][flwr][INFO] - aggregate_fit: received 5 results and 0 failures
[2024-10-09 01:24:17,270][flwr][INFO] - fit progress: (35, 196.47749823331833, {'accuracy': 0.7842618384401114}, 1420.5142679372802)
[2024-10-09 01:24:17,270][flwr][INFO] - configure_evaluate: strategy sampled 2 clients (out of 50)
[2024-10-09 01:24:18,192][flwr][INFO] - aggregate_evaluate: received 2 results and 0 failures
[2024-10-09 01:24:18,192][flwr][INFO] - 
[2024-10-09 01:24:18,192][flwr][INFO] - [ROUND 36]
[2024-10-09 01:24:18,192][flwr][INFO] - configure_fit: strategy sampled 5 clients (out of 50)
[2024-10-09 01:24:57,622][flwr][INFO] - aggregate_fit: received 5 results and 0 failures
[2024-10-09 01:25:09,677][flwr][INFO] - fit progress: (36, 148.7257259786129, {'accuracy': 0.8348189415041782}, 1472.920921355486)
[2024-10-09 01:25:09,677][flwr][INFO] - configure_evaluate: strategy sampled 2 clients (out of 50)
[2024-10-09 01:25:10,859][flwr][INFO] - aggregate_evaluate: received 2 results and 0 failures
[2024-10-09 01:25:10,859][flwr][INFO] - 
[2024-10-09 01:25:10,859][flwr][INFO] - [ROUND 37]
[2024-10-09 01:25:10,859][flwr][INFO] - configure_fit: strategy sampled 5 clients (out of 50)
[2024-10-09 01:25:34,875][flwr][INFO] - aggregate_fit: received 5 results and 0 failures
[2024-10-09 01:25:45,590][flwr][INFO] - fit progress: (37, 139.46493589878082, {'accuracy': 0.8126740947075209}, 1508.834134417586)
[2024-10-09 01:25:45,590][flwr][INFO] - configure_evaluate: strategy sampled 2 clients (out of 50)
[2024-10-09 01:25:46,660][flwr][INFO] - aggregate_evaluate: received 2 results and 0 failures
[2024-10-09 01:25:46,661][flwr][INFO] - 
[2024-10-09 01:25:46,661][flwr][INFO] - [ROUND 38]
[2024-10-09 01:25:46,661][flwr][INFO] - configure_fit: strategy sampled 5 clients (out of 50)
[2024-10-09 01:26:11,226][flwr][INFO] - aggregate_fit: received 5 results and 0 failures
[2024-10-09 01:26:24,374][flwr][INFO] - fit progress: (38, 176.79562404751778, {'accuracy': 0.8104456824512535}, 1547.6183921480551)
[2024-10-09 01:26:24,375][flwr][INFO] - configure_evaluate: strategy sampled 2 clients (out of 50)
[2024-10-09 01:26:25,572][flwr][INFO] - aggregate_evaluate: received 2 results and 0 failures
[2024-10-09 01:26:25,573][flwr][INFO] - 
[2024-10-09 01:26:25,573][flwr][INFO] - [ROUND 39]
[2024-10-09 01:26:25,573][flwr][INFO] - configure_fit: strategy sampled 5 clients (out of 50)
[2024-10-09 01:26:41,659][flwr][INFO] - aggregate_fit: received 5 results and 0 failures
[2024-10-09 01:26:53,593][flwr][INFO] - fit progress: (39, 111.53922683000565, {'accuracy': 0.8513927576601671}, 1576.8370930878446)
[2024-10-09 01:26:53,593][flwr][INFO] - configure_evaluate: strategy sampled 2 clients (out of 50)
[2024-10-09 01:26:54,602][flwr][INFO] - aggregate_evaluate: received 2 results and 0 failures
[2024-10-09 01:26:54,602][flwr][INFO] - 
[2024-10-09 01:26:54,602][flwr][INFO] - [ROUND 40]
[2024-10-09 01:26:54,603][flwr][INFO] - configure_fit: strategy sampled 5 clients (out of 50)
[2024-10-09 01:27:24,646][flwr][INFO] - aggregate_fit: received 5 results and 0 failures
[2024-10-09 01:27:36,882][flwr][INFO] - fit progress: (40, 122.06840945780277, {'accuracy': 0.8299442896935934}, 1620.1266535203904)
[2024-10-09 01:27:36,883][flwr][INFO] - configure_evaluate: strategy sampled 2 clients (out of 50)
[2024-10-09 01:27:38,022][flwr][INFO] - aggregate_evaluate: received 2 results and 0 failures
[2024-10-09 01:27:38,023][flwr][INFO] - 
[2024-10-09 01:27:38,023][flwr][INFO] - [ROUND 41]
[2024-10-09 01:27:38,023][flwr][INFO] - configure_fit: strategy sampled 5 clients (out of 50)
[2024-10-09 01:27:56,133][flwr][INFO] - aggregate_fit: received 5 results and 0 failures
[2024-10-09 01:28:08,933][flwr][INFO] - fit progress: (41, 154.6356408894062, {'accuracy': 0.8175487465181058}, 1652.176690920256)
[2024-10-09 01:28:08,933][flwr][INFO] - configure_evaluate: strategy sampled 2 clients (out of 50)
[2024-10-09 01:28:10,335][flwr][INFO] - aggregate_evaluate: received 2 results and 0 failures
[2024-10-09 01:28:10,336][flwr][INFO] - 
[2024-10-09 01:28:10,336][flwr][INFO] - [ROUND 42]
[2024-10-09 01:28:10,336][flwr][INFO] - configure_fit: strategy sampled 5 clients (out of 50)
[2024-10-09 01:28:25,037][flwr][INFO] - aggregate_fit: received 5 results and 0 failures
[2024-10-09 01:28:36,922][flwr][INFO] - fit progress: (42, 190.31351900100708, {'accuracy': 0.8080779944289693}, 1680.1659994721413)
[2024-10-09 01:28:36,923][flwr][INFO] - configure_evaluate: strategy sampled 2 clients (out of 50)
[2024-10-09 01:28:37,997][flwr][INFO] - aggregate_evaluate: received 2 results and 0 failures
[2024-10-09 01:28:37,997][flwr][INFO] - 
[2024-10-09 01:28:37,997][flwr][INFO] - [ROUND 43]
[2024-10-09 01:28:37,998][flwr][INFO] - configure_fit: strategy sampled 5 clients (out of 50)
[2024-10-09 01:28:56,884][flwr][INFO] - aggregate_fit: received 5 results and 0 failures
[2024-10-09 01:29:07,678][flwr][INFO] - fit progress: (43, 117.16751089692116, {'accuracy': 0.8415041782729805}, 1710.9218006581068)
[2024-10-09 01:29:07,678][flwr][INFO] - configure_evaluate: strategy sampled 2 clients (out of 50)
[2024-10-09 01:29:08,712][flwr][INFO] - aggregate_evaluate: received 2 results and 0 failures
[2024-10-09 01:29:08,712][flwr][INFO] - 
[2024-10-09 01:29:08,712][flwr][INFO] - [ROUND 44]
[2024-10-09 01:29:08,712][flwr][INFO] - configure_fit: strategy sampled 5 clients (out of 50)
[2024-10-09 01:29:42,370][flwr][INFO] - aggregate_fit: received 5 results and 0 failures
[2024-10-09 01:29:54,308][flwr][INFO] - fit progress: (44, 234.1882992386818, {'accuracy': 0.8002785515320334}, 1757.5518643939868)
[2024-10-09 01:29:54,308][flwr][INFO] - configure_evaluate: strategy sampled 2 clients (out of 50)
[2024-10-09 01:29:55,340][flwr][INFO] - aggregate_evaluate: received 2 results and 0 failures
[2024-10-09 01:29:55,340][flwr][INFO] - 
[2024-10-09 01:29:55,340][flwr][INFO] - [ROUND 45]
[2024-10-09 01:29:55,340][flwr][INFO] - configure_fit: strategy sampled 5 clients (out of 50)
[2024-10-09 01:30:29,140][flwr][INFO] - aggregate_fit: received 5 results and 0 failures
[2024-10-09 01:30:41,007][flwr][INFO] - fit progress: (45, 144.9421868622303, {'accuracy': 0.8410863509749303}, 1804.250869420357)
[2024-10-09 01:30:41,007][flwr][INFO] - configure_evaluate: strategy sampled 2 clients (out of 50)
[2024-10-09 01:30:42,154][flwr][INFO] - aggregate_evaluate: received 2 results and 0 failures
[2024-10-09 01:30:42,155][flwr][INFO] - 
[2024-10-09 01:30:42,155][flwr][INFO] - [ROUND 46]
[2024-10-09 01:30:42,155][flwr][INFO] - configure_fit: strategy sampled 5 clients (out of 50)
[2024-10-09 01:31:05,362][flwr][INFO] - aggregate_fit: received 5 results and 0 failures
[2024-10-09 01:31:17,459][flwr][INFO] - fit progress: (46, 94.10216092318296, {'accuracy': 0.8577994428969359}, 1840.7035316852853)
[2024-10-09 01:31:17,460][flwr][INFO] - configure_evaluate: strategy sampled 2 clients (out of 50)
[2024-10-09 01:31:18,524][flwr][INFO] - aggregate_evaluate: received 2 results and 0 failures
[2024-10-09 01:31:18,524][flwr][INFO] - 
[2024-10-09 01:31:18,524][flwr][INFO] - [ROUND 47]
[2024-10-09 01:31:18,524][flwr][INFO] - configure_fit: strategy sampled 5 clients (out of 50)
[2024-10-09 01:31:57,792][flwr][INFO] - aggregate_fit: received 5 results and 0 failures
[2024-10-09 01:32:09,172][flwr][INFO] - fit progress: (47, 251.54381573200226, {'accuracy': 0.7311977715877437}, 1892.4157833978534)
[2024-10-09 01:32:09,172][flwr][INFO] - configure_evaluate: strategy sampled 2 clients (out of 50)
[2024-10-09 01:32:10,313][flwr][INFO] - aggregate_evaluate: received 2 results and 0 failures
[2024-10-09 01:32:10,313][flwr][INFO] - 
[2024-10-09 01:32:10,313][flwr][INFO] - [ROUND 48]
[2024-10-09 01:32:10,314][flwr][INFO] - configure_fit: strategy sampled 5 clients (out of 50)
[2024-10-09 01:32:42,122][flwr][INFO] - aggregate_fit: received 5 results and 0 failures
[2024-10-09 01:32:54,179][flwr][INFO] - fit progress: (48, 95.8525017797947, {'accuracy': 0.8532033426183844}, 1937.4226945815608)
[2024-10-09 01:32:54,179][flwr][INFO] - configure_evaluate: strategy sampled 2 clients (out of 50)
[2024-10-09 01:32:55,361][flwr][INFO] - aggregate_evaluate: received 2 results and 0 failures
[2024-10-09 01:32:55,361][flwr][INFO] - 
[2024-10-09 01:32:55,361][flwr][INFO] - [ROUND 49]
[2024-10-09 01:32:55,361][flwr][INFO] - configure_fit: strategy sampled 5 clients (out of 50)
[2024-10-09 01:33:24,236][flwr][INFO] - aggregate_fit: received 5 results and 0 failures
[2024-10-09 01:33:36,347][flwr][INFO] - fit progress: (49, 121.218481361866, {'accuracy': 0.8419220055710307}, 1979.5912315454334)
[2024-10-09 01:33:36,347][flwr][INFO] - configure_evaluate: strategy sampled 2 clients (out of 50)
[2024-10-09 01:33:37,575][flwr][INFO] - aggregate_evaluate: received 2 results and 0 failures
[2024-10-09 01:33:37,575][flwr][INFO] - 
[2024-10-09 01:33:37,575][flwr][INFO] - [ROUND 50]
[2024-10-09 01:33:37,575][flwr][INFO] - configure_fit: strategy sampled 5 clients (out of 50)
[2024-10-09 01:34:05,949][flwr][INFO] - aggregate_fit: received 5 results and 0 failures
[2024-10-09 01:34:17,157][flwr][INFO] - fit progress: (50, 177.33632135391235, {'accuracy': 0.7966573816155988}, 2020.4015421383083)
[2024-10-09 01:34:17,158][flwr][INFO] - configure_evaluate: strategy sampled 2 clients (out of 50)
[2024-10-09 01:34:18,254][flwr][INFO] - aggregate_evaluate: received 2 results and 0 failures
[2024-10-09 01:34:18,255][flwr][INFO] - 
[2024-10-09 01:34:18,255][flwr][INFO] - [ROUND 51]
[2024-10-09 01:34:18,255][flwr][INFO] - configure_fit: strategy sampled 5 clients (out of 50)
[2024-10-09 01:34:46,638][flwr][INFO] - aggregate_fit: received 5 results and 0 failures
[2024-10-09 01:34:57,526][flwr][INFO] - fit progress: (51, 225.1675591468811, {'accuracy': 0.7214484679665738}, 2060.7697100620717)
[2024-10-09 01:34:57,526][flwr][INFO] - configure_evaluate: strategy sampled 2 clients (out of 50)
[2024-10-09 01:34:59,407][flwr][INFO] - aggregate_evaluate: received 2 results and 0 failures
[2024-10-09 01:34:59,407][flwr][INFO] - 
[2024-10-09 01:34:59,407][flwr][INFO] - [ROUND 52]
[2024-10-09 01:34:59,407][flwr][INFO] - configure_fit: strategy sampled 5 clients (out of 50)
[2024-10-09 01:35:29,591][flwr][INFO] - aggregate_fit: received 5 results and 0 failures
[2024-10-09 01:35:40,901][flwr][INFO] - fit progress: (52, 157.96361801028252, {'accuracy': 0.8355153203342618}, 2104.145036599599)
[2024-10-09 01:35:40,901][flwr][INFO] - configure_evaluate: strategy sampled 2 clients (out of 50)
[2024-10-09 01:35:42,139][flwr][INFO] - aggregate_evaluate: received 2 results and 0 failures
[2024-10-09 01:35:42,140][flwr][INFO] - 
[2024-10-09 01:35:42,140][flwr][INFO] - [ROUND 53]
[2024-10-09 01:35:42,140][flwr][INFO] - configure_fit: strategy sampled 5 clients (out of 50)
[2024-10-09 01:36:07,258][flwr][INFO] - aggregate_fit: received 5 results and 0 failures
[2024-10-09 01:36:18,679][flwr][INFO] - fit progress: (53, 117.8778456300497, {'accuracy': 0.8352367688022284}, 2141.922964559868)
[2024-10-09 01:36:18,679][flwr][INFO] - configure_evaluate: strategy sampled 2 clients (out of 50)
[2024-10-09 01:36:20,041][flwr][INFO] - aggregate_evaluate: received 2 results and 0 failures
[2024-10-09 01:36:20,041][flwr][INFO] - 
[2024-10-09 01:36:20,042][flwr][INFO] - [ROUND 54]
[2024-10-09 01:36:20,042][flwr][INFO] - configure_fit: strategy sampled 5 clients (out of 50)
[2024-10-09 01:36:50,320][flwr][INFO] - aggregate_fit: received 5 results and 0 failures
[2024-10-09 01:37:03,077][flwr][INFO] - fit progress: (54, 303.40927386283875, {'accuracy': 0.7799442896935933}, 2186.321192920208)
[2024-10-09 01:37:03,078][flwr][INFO] - configure_evaluate: strategy sampled 2 clients (out of 50)
[2024-10-09 01:37:04,355][flwr][INFO] - aggregate_evaluate: received 2 results and 0 failures
[2024-10-09 01:37:04,356][flwr][INFO] - 
[2024-10-09 01:37:04,357][flwr][INFO] - [ROUND 55]
[2024-10-09 01:37:04,357][flwr][INFO] - configure_fit: strategy sampled 5 clients (out of 50)
[2024-10-09 01:37:28,200][flwr][INFO] - aggregate_fit: received 5 results and 0 failures
[2024-10-09 01:37:39,828][flwr][INFO] - fit progress: (55, 104.93772721290588, {'accuracy': 0.8426183844011143}, 2223.072361002676)
[2024-10-09 01:37:39,828][flwr][INFO] - configure_evaluate: strategy sampled 2 clients (out of 50)
[2024-10-09 01:37:41,132][flwr][INFO] - aggregate_evaluate: received 2 results and 0 failures
[2024-10-09 01:37:41,132][flwr][INFO] - 
[2024-10-09 01:37:41,132][flwr][INFO] - [ROUND 56]
[2024-10-09 01:37:41,133][flwr][INFO] - configure_fit: strategy sampled 5 clients (out of 50)
[2024-10-09 01:38:14,185][flwr][INFO] - aggregate_fit: received 5 results and 0 failures
[2024-10-09 01:38:24,049][flwr][INFO] - fit progress: (56, 88.05374376475811, {'accuracy': 0.8594707520891365}, 2267.292969195172)
[2024-10-09 01:38:24,049][flwr][INFO] - configure_evaluate: strategy sampled 2 clients (out of 50)
[2024-10-09 01:38:25,261][flwr][INFO] - aggregate_evaluate: received 2 results and 0 failures
[2024-10-09 01:38:25,262][flwr][INFO] - 
[2024-10-09 01:38:25,262][flwr][INFO] - [ROUND 57]
[2024-10-09 01:38:25,262][flwr][INFO] - configure_fit: strategy sampled 5 clients (out of 50)
[2024-10-09 01:38:55,775][flwr][INFO] - aggregate_fit: received 5 results and 0 failures
[2024-10-09 01:39:07,966][flwr][INFO] - fit progress: (57, 112.60335147380829, {'accuracy': 0.8504178272980502}, 2311.2097371723503)
[2024-10-09 01:39:07,966][flwr][INFO] - configure_evaluate: strategy sampled 2 clients (out of 50)
[2024-10-09 01:39:09,132][flwr][INFO] - aggregate_evaluate: received 2 results and 0 failures
[2024-10-09 01:39:09,132][flwr][INFO] - 
[2024-10-09 01:39:09,133][flwr][INFO] - [ROUND 58]
[2024-10-09 01:39:09,133][flwr][INFO] - configure_fit: strategy sampled 5 clients (out of 50)
[2024-10-09 01:39:33,243][flwr][INFO] - aggregate_fit: received 5 results and 0 failures
[2024-10-09 01:39:44,291][flwr][INFO] - fit progress: (58, 241.21529906988144, {'accuracy': 0.7493036211699164}, 2347.5348048303276)
[2024-10-09 01:39:44,291][flwr][INFO] - configure_evaluate: strategy sampled 2 clients (out of 50)
[2024-10-09 01:39:45,514][flwr][INFO] - aggregate_evaluate: received 2 results and 0 failures
[2024-10-09 01:39:45,515][flwr][INFO] - 
[2024-10-09 01:39:45,515][flwr][INFO] - [ROUND 59]
[2024-10-09 01:39:45,515][flwr][INFO] - configure_fit: strategy sampled 5 clients (out of 50)
[2024-10-09 01:40:11,564][flwr][INFO] - aggregate_fit: received 5 results and 0 failures
[2024-10-09 01:40:24,096][flwr][INFO] - fit progress: (59, 160.86092022061348, {'accuracy': 0.8306406685236769}, 2387.3399696806446)
[2024-10-09 01:40:24,097][flwr][INFO] - configure_evaluate: strategy sampled 2 clients (out of 50)
[2024-10-09 01:40:25,626][flwr][INFO] - aggregate_evaluate: received 2 results and 0 failures
[2024-10-09 01:40:25,626][flwr][INFO] - 
[2024-10-09 01:40:25,626][flwr][INFO] - [ROUND 60]
[2024-10-09 01:40:25,626][flwr][INFO] - configure_fit: strategy sampled 5 clients (out of 50)
[2024-10-09 01:40:50,120][flwr][INFO] - aggregate_fit: received 5 results and 0 failures
[2024-10-09 01:41:01,589][flwr][INFO] - fit progress: (60, 241.5607784986496, {'accuracy': 0.7119777158774373}, 2424.8329296326265)
[2024-10-09 01:41:01,589][flwr][INFO] - configure_evaluate: strategy sampled 2 clients (out of 50)
[2024-10-09 01:41:02,642][flwr][INFO] - aggregate_evaluate: received 2 results and 0 failures
[2024-10-09 01:41:02,643][flwr][INFO] - 
[2024-10-09 01:41:02,644][flwr][INFO] - [ROUND 61]
[2024-10-09 01:41:02,645][flwr][INFO] - configure_fit: strategy sampled 5 clients (out of 50)
[2024-10-09 01:41:22,399][flwr][INFO] - aggregate_fit: received 5 results and 0 failures
[2024-10-09 01:41:34,193][flwr][INFO] - fit progress: (61, 135.9177850484848, {'accuracy': 0.8142061281337047}, 2457.4369549183175)
[2024-10-09 01:41:34,193][flwr][INFO] - configure_evaluate: strategy sampled 2 clients (out of 50)
[2024-10-09 01:41:35,495][flwr][INFO] - aggregate_evaluate: received 2 results and 0 failures
[2024-10-09 01:41:35,495][flwr][INFO] - 
[2024-10-09 01:41:35,495][flwr][INFO] - [ROUND 62]
[2024-10-09 01:41:35,495][flwr][INFO] - configure_fit: strategy sampled 5 clients (out of 50)
[2024-10-09 01:41:57,047][flwr][INFO] - aggregate_fit: received 5 results and 0 failures
[2024-10-09 01:42:09,163][flwr][INFO] - fit progress: (62, 251.4779188632965, {'accuracy': 0.7394150417827298}, 2492.4072583112866)
[2024-10-09 01:42:09,164][flwr][INFO] - configure_evaluate: strategy sampled 2 clients (out of 50)
[2024-10-09 01:42:10,789][flwr][INFO] - aggregate_evaluate: received 2 results and 0 failures
[2024-10-09 01:42:10,790][flwr][INFO] - 
[2024-10-09 01:42:10,791][flwr][INFO] - [ROUND 63]
[2024-10-09 01:42:10,791][flwr][INFO] - configure_fit: strategy sampled 5 clients (out of 50)
[2024-10-09 01:42:44,188][flwr][INFO] - aggregate_fit: received 5 results and 0 failures
[2024-10-09 01:42:56,008][flwr][INFO] - fit progress: (63, 117.9401087462902, {'accuracy': 0.8474930362116991}, 2539.252004787326)
[2024-10-09 01:42:56,008][flwr][INFO] - configure_evaluate: strategy sampled 2 clients (out of 50)
[2024-10-09 01:42:57,017][flwr][INFO] - aggregate_evaluate: received 2 results and 0 failures
[2024-10-09 01:42:57,017][flwr][INFO] - 
[2024-10-09 01:42:57,017][flwr][INFO] - [ROUND 64]
[2024-10-09 01:42:57,017][flwr][INFO] - configure_fit: strategy sampled 5 clients (out of 50)
[2024-10-09 01:43:20,413][flwr][INFO] - aggregate_fit: received 5 results and 0 failures
[2024-10-09 01:43:31,308][flwr][INFO] - fit progress: (64, 155.50044107437134, {'accuracy': 0.8254874651810585}, 2574.5516849281266)
[2024-10-09 01:43:31,308][flwr][INFO] - configure_evaluate: strategy sampled 2 clients (out of 50)
[2024-10-09 01:43:32,558][flwr][INFO] - aggregate_evaluate: received 2 results and 0 failures
[2024-10-09 01:43:32,559][flwr][INFO] - 
[2024-10-09 01:43:32,559][flwr][INFO] - [ROUND 65]
[2024-10-09 01:43:32,559][flwr][INFO] - configure_fit: strategy sampled 5 clients (out of 50)
[2024-10-09 01:43:51,786][flwr][INFO] - aggregate_fit: received 5 results and 0 failures
[2024-10-09 01:44:02,833][flwr][INFO] - fit progress: (65, 98.75764259696007, {'accuracy': 0.8693593314763232}, 2606.0767406290397)
[2024-10-09 01:44:02,833][flwr][INFO] - configure_evaluate: strategy sampled 2 clients (out of 50)
[2024-10-09 01:44:03,866][flwr][INFO] - aggregate_evaluate: received 2 results and 0 failures
[2024-10-09 01:44:03,866][flwr][INFO] - 
[2024-10-09 01:44:03,866][flwr][INFO] - [ROUND 66]
[2024-10-09 01:44:03,866][flwr][INFO] - configure_fit: strategy sampled 5 clients (out of 50)
[2024-10-09 01:44:34,010][flwr][INFO] - aggregate_fit: received 5 results and 0 failures
[2024-10-09 01:44:45,359][flwr][INFO] - fit progress: (66, 88.67666728794575, {'accuracy': 0.8662952646239555}, 2648.6028407914564)
[2024-10-09 01:44:45,359][flwr][INFO] - configure_evaluate: strategy sampled 2 clients (out of 50)
[2024-10-09 01:44:46,504][flwr][INFO] - aggregate_evaluate: received 2 results and 0 failures
[2024-10-09 01:44:46,505][flwr][INFO] - 
[2024-10-09 01:44:46,505][flwr][INFO] - [ROUND 67]
[2024-10-09 01:44:46,505][flwr][INFO] - configure_fit: strategy sampled 5 clients (out of 50)
[2024-10-09 01:45:16,188][flwr][INFO] - aggregate_fit: received 5 results and 0 failures
[2024-10-09 01:45:27,695][flwr][INFO] - fit progress: (67, 98.63771325349808, {'accuracy': 0.8647632311977715}, 2690.9387127449736)
[2024-10-09 01:45:27,695][flwr][INFO] - configure_evaluate: strategy sampled 2 clients (out of 50)
[2024-10-09 01:45:28,846][flwr][INFO] - aggregate_evaluate: received 2 results and 0 failures
[2024-10-09 01:45:28,847][flwr][INFO] - 
[2024-10-09 01:45:28,847][flwr][INFO] - [ROUND 68]
[2024-10-09 01:45:28,847][flwr][INFO] - configure_fit: strategy sampled 5 clients (out of 50)
[2024-10-09 01:46:04,911][flwr][INFO] - aggregate_fit: received 5 results and 0 failures
[2024-10-09 01:46:17,813][flwr][INFO] - fit progress: (68, 163.8027231991291, {'accuracy': 0.8360724233983287}, 2741.056906824)
[2024-10-09 01:46:17,814][flwr][INFO] - configure_evaluate: strategy sampled 2 clients (out of 50)
[2024-10-09 01:46:19,626][flwr][INFO] - aggregate_evaluate: received 2 results and 0 failures
[2024-10-09 01:46:19,626][flwr][INFO] - 
[2024-10-09 01:46:19,626][flwr][INFO] - [ROUND 69]
[2024-10-09 01:46:19,627][flwr][INFO] - configure_fit: strategy sampled 5 clients (out of 50)
[2024-10-09 01:46:53,724][flwr][INFO] - aggregate_fit: received 5 results and 0 failures
[2024-10-09 01:47:04,397][flwr][INFO] - fit progress: (69, 100.28794291615486, {'accuracy': 0.8655988857938719}, 2787.6412550592795)
[2024-10-09 01:47:04,397][flwr][INFO] - configure_evaluate: strategy sampled 2 clients (out of 50)
[2024-10-09 01:47:05,941][flwr][INFO] - aggregate_evaluate: received 2 results and 0 failures
[2024-10-09 01:47:05,941][flwr][INFO] - 
[2024-10-09 01:47:05,941][flwr][INFO] - [ROUND 70]
[2024-10-09 01:47:05,941][flwr][INFO] - configure_fit: strategy sampled 5 clients (out of 50)
[2024-10-09 01:47:31,820][flwr][INFO] - aggregate_fit: received 5 results and 0 failures
[2024-10-09 01:47:43,512][flwr][INFO] - fit progress: (70, 165.86346217989922, {'accuracy': 0.8254874651810585}, 2826.756092893891)
[2024-10-09 01:47:43,512][flwr][INFO] - configure_evaluate: strategy sampled 2 clients (out of 50)
[2024-10-09 01:47:44,511][flwr][INFO] - aggregate_evaluate: received 2 results and 0 failures
[2024-10-09 01:47:44,511][flwr][INFO] - 
[2024-10-09 01:47:44,511][flwr][INFO] - [ROUND 71]
[2024-10-09 01:47:44,511][flwr][INFO] - configure_fit: strategy sampled 5 clients (out of 50)
[2024-10-09 01:48:08,989][flwr][INFO] - aggregate_fit: received 5 results and 0 failures
[2024-10-09 01:48:20,445][flwr][INFO] - fit progress: (71, 146.79855397343636, {'accuracy': 0.8547353760445683}, 2863.688885767013)
[2024-10-09 01:48:20,445][flwr][INFO] - configure_evaluate: strategy sampled 2 clients (out of 50)
[2024-10-09 01:48:21,577][flwr][INFO] - aggregate_evaluate: received 2 results and 0 failures
[2024-10-09 01:48:21,578][flwr][INFO] - 
[2024-10-09 01:48:21,578][flwr][INFO] - [ROUND 72]
[2024-10-09 01:48:21,578][flwr][INFO] - configure_fit: strategy sampled 5 clients (out of 50)
[2024-10-09 01:48:58,004][flwr][INFO] - aggregate_fit: received 5 results and 0 failures
[2024-10-09 01:49:09,254][flwr][INFO] - fit progress: (72, 107.84285235404968, {'accuracy': 0.8526462395543175}, 2912.498298129998)
[2024-10-09 01:49:09,255][flwr][INFO] - configure_evaluate: strategy sampled 2 clients (out of 50)
[2024-10-09 01:49:10,388][flwr][INFO] - aggregate_evaluate: received 2 results and 0 failures
[2024-10-09 01:49:10,389][flwr][INFO] - 
[2024-10-09 01:49:10,389][flwr][INFO] - [ROUND 73]
[2024-10-09 01:49:10,389][flwr][INFO] - configure_fit: strategy sampled 5 clients (out of 50)
[2024-10-09 01:49:36,458][flwr][INFO] - aggregate_fit: received 5 results and 0 failures
[2024-10-09 01:49:49,752][flwr][INFO] - fit progress: (73, 161.182857722044, {'accuracy': 0.8448467966573816}, 2952.9966211477295)
[2024-10-09 01:49:49,753][flwr][INFO] - configure_evaluate: strategy sampled 2 clients (out of 50)
[2024-10-09 01:49:50,799][flwr][INFO] - aggregate_evaluate: received 2 results and 0 failures
[2024-10-09 01:49:50,799][flwr][INFO] - 
[2024-10-09 01:49:50,799][flwr][INFO] - [ROUND 74]
[2024-10-09 01:49:50,799][flwr][INFO] - configure_fit: strategy sampled 5 clients (out of 50)
[2024-10-09 01:50:19,578][flwr][INFO] - aggregate_fit: received 5 results and 0 failures
[2024-10-09 01:50:31,653][flwr][INFO] - fit progress: (74, 323.28616881370544, {'accuracy': 0.7625348189415042}, 2994.8967471597716)
[2024-10-09 01:50:31,653][flwr][INFO] - configure_evaluate: strategy sampled 2 clients (out of 50)
[2024-10-09 01:50:32,705][flwr][INFO] - aggregate_evaluate: received 2 results and 0 failures
[2024-10-09 01:50:32,706][flwr][INFO] - 
[2024-10-09 01:50:32,707][flwr][INFO] - [ROUND 75]
[2024-10-09 01:50:32,707][flwr][INFO] - configure_fit: strategy sampled 5 clients (out of 50)
[2024-10-09 01:51:00,983][flwr][INFO] - aggregate_fit: received 5 results and 0 failures
[2024-10-09 01:51:13,218][flwr][INFO] - fit progress: (75, 112.61122892796993, {'accuracy': 0.8566852367688023}, 3036.4618680318817)
[2024-10-09 01:51:13,218][flwr][INFO] - configure_evaluate: strategy sampled 2 clients (out of 50)
[2024-10-09 01:51:14,282][flwr][INFO] - aggregate_evaluate: received 2 results and 0 failures
[2024-10-09 01:51:14,283][flwr][INFO] - 
[2024-10-09 01:51:14,283][flwr][INFO] - [ROUND 76]
[2024-10-09 01:51:14,284][flwr][INFO] - configure_fit: strategy sampled 5 clients (out of 50)
[2024-10-09 01:51:39,084][flwr][INFO] - aggregate_fit: received 5 results and 0 failures
[2024-10-09 01:51:50,917][flwr][INFO] - fit progress: (76, 239.63475781679153, {'accuracy': 0.8065459610027855}, 3074.161681042984)
[2024-10-09 01:51:50,918][flwr][INFO] - configure_evaluate: strategy sampled 2 clients (out of 50)
[2024-10-09 01:51:52,055][flwr][INFO] - aggregate_evaluate: received 2 results and 0 failures
[2024-10-09 01:51:52,056][flwr][INFO] - 
[2024-10-09 01:51:52,056][flwr][INFO] - [ROUND 77]
[2024-10-09 01:51:52,056][flwr][INFO] - configure_fit: strategy sampled 5 clients (out of 50)
[2024-10-09 01:52:15,240][flwr][INFO] - aggregate_fit: received 5 results and 0 failures
[2024-10-09 01:52:26,732][flwr][INFO] - fit progress: (77, 139.79735016822815, {'accuracy': 0.8633704735376044}, 3109.976183217019)
[2024-10-09 01:52:26,732][flwr][INFO] - configure_evaluate: strategy sampled 2 clients (out of 50)
[2024-10-09 01:52:27,848][flwr][INFO] - aggregate_evaluate: received 2 results and 0 failures
[2024-10-09 01:52:27,848][flwr][INFO] - 
[2024-10-09 01:52:27,848][flwr][INFO] - [ROUND 78]
[2024-10-09 01:52:27,848][flwr][INFO] - configure_fit: strategy sampled 5 clients (out of 50)
[2024-10-09 01:52:56,329][flwr][INFO] - aggregate_fit: received 5 results and 0 failures
[2024-10-09 01:53:08,050][flwr][INFO] - fit progress: (78, 163.63581603765488, {'accuracy': 0.8175487465181058}, 3151.293842936866)
[2024-10-09 01:53:08,050][flwr][INFO] - configure_evaluate: strategy sampled 2 clients (out of 50)
[2024-10-09 01:53:09,292][flwr][INFO] - aggregate_evaluate: received 2 results and 0 failures
[2024-10-09 01:53:09,292][flwr][INFO] - 
[2024-10-09 01:53:09,292][flwr][INFO] - [ROUND 79]
[2024-10-09 01:53:09,292][flwr][INFO] - configure_fit: strategy sampled 5 clients (out of 50)
[2024-10-09 01:53:32,810][flwr][INFO] - aggregate_fit: received 5 results and 0 failures
[2024-10-09 01:53:43,940][flwr][INFO] - fit progress: (79, 97.39736518263817, {'accuracy': 0.8607242339832869}, 3187.1845657955855)
[2024-10-09 01:53:43,941][flwr][INFO] - configure_evaluate: strategy sampled 2 clients (out of 50)
[2024-10-09 01:53:45,032][flwr][INFO] - aggregate_evaluate: received 2 results and 0 failures
[2024-10-09 01:53:45,032][flwr][INFO] - 
[2024-10-09 01:53:45,032][flwr][INFO] - [ROUND 80]
[2024-10-09 01:53:45,032][flwr][INFO] - configure_fit: strategy sampled 5 clients (out of 50)
[2024-10-09 01:54:21,272][flwr][INFO] - aggregate_fit: received 5 results and 0 failures
[2024-10-09 01:54:34,991][flwr][INFO] - fit progress: (80, 235.87175351381302, {'accuracy': 0.83008356545961}, 3238.234789401293)
[2024-10-09 01:54:34,991][flwr][INFO] - configure_evaluate: strategy sampled 2 clients (out of 50)
[2024-10-09 01:54:36,116][flwr][INFO] - aggregate_evaluate: received 2 results and 0 failures
[2024-10-09 01:54:36,116][flwr][INFO] - 
[2024-10-09 01:54:36,116][flwr][INFO] - [ROUND 81]
[2024-10-09 01:54:36,116][flwr][INFO] - configure_fit: strategy sampled 5 clients (out of 50)
[2024-10-09 01:55:03,670][flwr][INFO] - aggregate_fit: received 5 results and 0 failures
[2024-10-09 01:55:15,326][flwr][INFO] - fit progress: (81, 110.17822051048279, {'accuracy': 0.8458217270194986}, 3278.569687488489)
[2024-10-09 01:55:15,326][flwr][INFO] - configure_evaluate: strategy sampled 2 clients (out of 50)
[2024-10-09 01:55:16,530][flwr][INFO] - aggregate_evaluate: received 2 results and 0 failures
[2024-10-09 01:55:16,530][flwr][INFO] - 
[2024-10-09 01:55:16,530][flwr][INFO] - [ROUND 82]
[2024-10-09 01:55:16,530][flwr][INFO] - configure_fit: strategy sampled 5 clients (out of 50)
[2024-10-09 01:55:36,699][flwr][INFO] - aggregate_fit: received 5 results and 0 failures
[2024-10-09 01:55:46,798][flwr][INFO] - fit progress: (82, 100.45373533666134, {'accuracy': 0.8575208913649025}, 3310.042006456293)
[2024-10-09 01:55:46,798][flwr][INFO] - configure_evaluate: strategy sampled 2 clients (out of 50)
[2024-10-09 01:55:47,732][flwr][INFO] - aggregate_evaluate: received 2 results and 0 failures
[2024-10-09 01:55:47,732][flwr][INFO] - 
[2024-10-09 01:55:47,732][flwr][INFO] - [ROUND 83]
[2024-10-09 01:55:47,732][flwr][INFO] - configure_fit: strategy sampled 5 clients (out of 50)
[2024-10-09 01:56:11,388][flwr][INFO] - aggregate_fit: received 5 results and 0 failures
[2024-10-09 01:56:23,563][flwr][INFO] - fit progress: (83, 160.37836807966232, {'accuracy': 0.8125348189415041}, 3346.807584655471)
[2024-10-09 01:56:23,564][flwr][INFO] - configure_evaluate: strategy sampled 2 clients (out of 50)
[2024-10-09 01:56:25,637][flwr][INFO] - aggregate_evaluate: received 2 results and 0 failures
[2024-10-09 01:56:25,637][flwr][INFO] - 
[2024-10-09 01:56:25,637][flwr][INFO] - [ROUND 84]
[2024-10-09 01:56:25,638][flwr][INFO] - configure_fit: strategy sampled 5 clients (out of 50)
[2024-10-09 01:56:55,713][flwr][INFO] - aggregate_fit: received 5 results and 0 failures
[2024-10-09 01:57:08,207][flwr][INFO] - fit progress: (84, 107.93164967000484, {'accuracy': 0.864066852367688}, 3391.4511541230604)
[2024-10-09 01:57:08,208][flwr][INFO] - configure_evaluate: strategy sampled 2 clients (out of 50)
[2024-10-09 01:57:09,336][flwr][INFO] - aggregate_evaluate: received 2 results and 0 failures
[2024-10-09 01:57:09,337][flwr][INFO] - 
[2024-10-09 01:57:09,337][flwr][INFO] - [ROUND 85]
[2024-10-09 01:57:09,337][flwr][INFO] - configure_fit: strategy sampled 5 clients (out of 50)
[2024-10-09 01:57:27,893][flwr][INFO] - aggregate_fit: received 5 results and 0 failures
[2024-10-09 01:57:40,264][flwr][INFO] - fit progress: (85, 87.71964311599731, {'accuracy': 0.8647632311977715}, 3423.507900896482)
[2024-10-09 01:57:40,264][flwr][INFO] - configure_evaluate: strategy sampled 2 clients (out of 50)
[2024-10-09 01:57:41,229][flwr][INFO] - aggregate_evaluate: received 2 results and 0 failures
[2024-10-09 01:57:41,229][flwr][INFO] - 
[2024-10-09 01:57:41,229][flwr][INFO] - [ROUND 86]
[2024-10-09 01:57:41,230][flwr][INFO] - configure_fit: strategy sampled 5 clients (out of 50)
[2024-10-09 01:58:03,717][flwr][INFO] - aggregate_fit: received 5 results and 0 failures
[2024-10-09 01:58:15,374][flwr][INFO] - fit progress: (86, 141.59393101930618, {'accuracy': 0.8662952646239555}, 3458.6181943211704)
[2024-10-09 01:58:15,375][flwr][INFO] - configure_evaluate: strategy sampled 2 clients (out of 50)
[2024-10-09 01:58:16,589][flwr][INFO] - aggregate_evaluate: received 2 results and 0 failures
[2024-10-09 01:58:16,589][flwr][INFO] - 
[2024-10-09 01:58:16,589][flwr][INFO] - [ROUND 87]
[2024-10-09 01:58:16,589][flwr][INFO] - configure_fit: strategy sampled 5 clients (out of 50)
[2024-10-09 01:58:45,437][flwr][INFO] - aggregate_fit: received 5 results and 0 failures
[2024-10-09 01:58:56,204][flwr][INFO] - fit progress: (87, 171.18913951516151, {'accuracy': 0.8066852367688022}, 3499.447869502008)
[2024-10-09 01:58:56,204][flwr][INFO] - configure_evaluate: strategy sampled 2 clients (out of 50)
[2024-10-09 01:58:57,208][flwr][INFO] - aggregate_evaluate: received 2 results and 0 failures
[2024-10-09 01:58:57,208][flwr][INFO] - 
[2024-10-09 01:58:57,208][flwr][INFO] - [ROUND 88]
[2024-10-09 01:58:57,208][flwr][INFO] - configure_fit: strategy sampled 5 clients (out of 50)
[2024-10-09 01:59:32,037][flwr][INFO] - aggregate_fit: received 5 results and 0 failures
[2024-10-09 01:59:44,000][flwr][INFO] - fit progress: (88, 140.31424632668495, {'accuracy': 0.861699164345404}, 3547.2443379135802)
[2024-10-09 01:59:44,001][flwr][INFO] - configure_evaluate: strategy sampled 2 clients (out of 50)
[2024-10-09 01:59:45,320][flwr][INFO] - aggregate_evaluate: received 2 results and 0 failures
[2024-10-09 01:59:45,320][flwr][INFO] - 
[2024-10-09 01:59:45,320][flwr][INFO] - [ROUND 89]
[2024-10-09 01:59:45,320][flwr][INFO] - configure_fit: strategy sampled 5 clients (out of 50)
[2024-10-09 02:00:08,310][flwr][INFO] - aggregate_fit: received 5 results and 0 failures
[2024-10-09 02:00:20,644][flwr][INFO] - fit progress: (89, 113.91785073280334, {'accuracy': 0.8533426183844011}, 3583.888306356035)
[2024-10-09 02:00:20,645][flwr][INFO] - configure_evaluate: strategy sampled 2 clients (out of 50)
[2024-10-09 02:00:21,674][flwr][INFO] - aggregate_evaluate: received 2 results and 0 failures
[2024-10-09 02:00:21,675][flwr][INFO] - 
[2024-10-09 02:00:21,675][flwr][INFO] - [ROUND 90]
[2024-10-09 02:00:21,675][flwr][INFO] - configure_fit: strategy sampled 5 clients (out of 50)
[2024-10-09 02:00:54,337][flwr][INFO] - aggregate_fit: received 5 results and 0 failures
[2024-10-09 02:01:05,846][flwr][INFO] - fit progress: (90, 104.20078957080841, {'accuracy': 0.8513927576601671}, 3629.0897770291194)
[2024-10-09 02:01:05,846][flwr][INFO] - configure_evaluate: strategy sampled 2 clients (out of 50)
[2024-10-09 02:01:07,119][flwr][INFO] - aggregate_evaluate: received 2 results and 0 failures
[2024-10-09 02:01:07,120][flwr][INFO] - 
[2024-10-09 02:01:07,120][flwr][INFO] - [ROUND 91]
[2024-10-09 02:01:07,121][flwr][INFO] - configure_fit: strategy sampled 5 clients (out of 50)
[2024-10-09 02:01:35,352][flwr][INFO] - aggregate_fit: received 5 results and 0 failures
[2024-10-09 02:01:48,795][flwr][INFO] - fit progress: (91, 266.4253790974617, {'accuracy': 0.7814763231197771}, 3672.0387553256005)
[2024-10-09 02:01:48,795][flwr][INFO] - configure_evaluate: strategy sampled 2 clients (out of 50)
[2024-10-09 02:01:49,978][flwr][INFO] - aggregate_evaluate: received 2 results and 0 failures
[2024-10-09 02:01:49,978][flwr][INFO] - 
[2024-10-09 02:01:49,979][flwr][INFO] - [ROUND 92]
[2024-10-09 02:01:49,979][flwr][INFO] - configure_fit: strategy sampled 5 clients (out of 50)
[2024-10-09 02:02:18,138][flwr][INFO] - aggregate_fit: received 5 results and 0 failures
[2024-10-09 02:02:30,024][flwr][INFO] - fit progress: (92, 98.65463656187057, {'accuracy': 0.8696378830083565}, 3713.2683074669912)
[2024-10-09 02:02:30,025][flwr][INFO] - configure_evaluate: strategy sampled 2 clients (out of 50)
[2024-10-09 02:02:31,623][flwr][INFO] - aggregate_evaluate: received 2 results and 0 failures
[2024-10-09 02:02:31,623][flwr][INFO] - 
[2024-10-09 02:02:31,623][flwr][INFO] - [ROUND 93]
[2024-10-09 02:02:31,623][flwr][INFO] - configure_fit: strategy sampled 5 clients (out of 50)
[2024-10-09 02:02:58,830][flwr][INFO] - aggregate_fit: received 5 results and 0 failures
[2024-10-09 02:03:10,799][flwr][INFO] - fit progress: (93, 86.72795405983925, {'accuracy': 0.8647632311977715}, 3754.0434894934297)
[2024-10-09 02:03:10,800][flwr][INFO] - configure_evaluate: strategy sampled 2 clients (out of 50)
[2024-10-09 02:03:11,857][flwr][INFO] - aggregate_evaluate: received 2 results and 0 failures
[2024-10-09 02:03:11,857][flwr][INFO] - 
[2024-10-09 02:03:11,857][flwr][INFO] - [ROUND 94]
[2024-10-09 02:03:11,858][flwr][INFO] - configure_fit: strategy sampled 5 clients (out of 50)
[2024-10-09 02:03:36,200][flwr][INFO] - aggregate_fit: received 5 results and 0 failures
[2024-10-09 02:03:48,355][flwr][INFO] - fit progress: (94, 160.99817869067192, {'accuracy': 0.8157381615598885}, 3791.5993858622387)
[2024-10-09 02:03:48,356][flwr][INFO] - configure_evaluate: strategy sampled 2 clients (out of 50)
[2024-10-09 02:03:49,401][flwr][INFO] - aggregate_evaluate: received 2 results and 0 failures
[2024-10-09 02:03:49,401][flwr][INFO] - 
[2024-10-09 02:03:49,401][flwr][INFO] - [ROUND 95]
[2024-10-09 02:03:49,401][flwr][INFO] - configure_fit: strategy sampled 5 clients (out of 50)
[2024-10-09 02:04:10,305][flwr][INFO] - aggregate_fit: received 5 results and 0 failures
[2024-10-09 02:04:21,231][flwr][INFO] - fit progress: (95, 206.60815572738647, {'accuracy': 0.749025069637883}, 3824.475525827147)
[2024-10-09 02:04:21,232][flwr][INFO] - configure_evaluate: strategy sampled 2 clients (out of 50)
[2024-10-09 02:04:22,378][flwr][INFO] - aggregate_evaluate: received 2 results and 0 failures
[2024-10-09 02:04:22,379][flwr][INFO] - 
[2024-10-09 02:04:22,379][flwr][INFO] - [ROUND 96]
[2024-10-09 02:04:22,379][flwr][INFO] - configure_fit: strategy sampled 5 clients (out of 50)
[2024-10-09 02:04:51,575][flwr][INFO] - aggregate_fit: received 5 results and 0 failures
[2024-10-09 02:05:04,600][flwr][INFO] - fit progress: (96, 85.4003092572093, {'accuracy': 0.8662952646239555}, 3867.8446441898122)
[2024-10-09 02:05:04,601][flwr][INFO] - configure_evaluate: strategy sampled 2 clients (out of 50)
[2024-10-09 02:05:06,284][flwr][INFO] - aggregate_evaluate: received 2 results and 0 failures
[2024-10-09 02:05:06,284][flwr][INFO] - 
[2024-10-09 02:05:06,284][flwr][INFO] - [ROUND 97]
[2024-10-09 02:05:06,284][flwr][INFO] - configure_fit: strategy sampled 5 clients (out of 50)
[2024-10-09 02:05:27,639][flwr][INFO] - aggregate_fit: received 5 results and 0 failures
[2024-10-09 02:05:39,863][flwr][INFO] - fit progress: (97, 101.50653380155563, {'accuracy': 0.8679665738161559}, 3903.107658304274)
[2024-10-09 02:05:39,864][flwr][INFO] - configure_evaluate: strategy sampled 2 clients (out of 50)
[2024-10-09 02:05:40,802][flwr][INFO] - aggregate_evaluate: received 2 results and 0 failures
[2024-10-09 02:05:40,802][flwr][INFO] - 
[2024-10-09 02:05:40,803][flwr][INFO] - [ROUND 98]
[2024-10-09 02:05:40,803][flwr][INFO] - configure_fit: strategy sampled 5 clients (out of 50)
[2024-10-09 02:06:10,843][flwr][INFO] - aggregate_fit: received 5 results and 0 failures
[2024-10-09 02:06:23,498][flwr][INFO] - fit progress: (98, 117.92525786161423, {'accuracy': 0.8504178272980502}, 3946.7421233570203)
[2024-10-09 02:06:23,498][flwr][INFO] - configure_evaluate: strategy sampled 2 clients (out of 50)
[2024-10-09 02:06:25,057][flwr][INFO] - aggregate_evaluate: received 2 results and 0 failures
[2024-10-09 02:06:25,057][flwr][INFO] - 
[2024-10-09 02:06:25,058][flwr][INFO] - [ROUND 99]
[2024-10-09 02:06:25,058][flwr][INFO] - configure_fit: strategy sampled 5 clients (out of 50)
[2024-10-09 02:06:52,439][flwr][INFO] - aggregate_fit: received 5 results and 0 failures
[2024-10-09 02:07:04,899][flwr][INFO] - fit progress: (99, 109.32523968815804, {'accuracy': 0.8593314763231198}, 3988.1433071782812)
[2024-10-09 02:07:04,900][flwr][INFO] - configure_evaluate: strategy sampled 2 clients (out of 50)
[2024-10-09 02:07:05,914][flwr][INFO] - aggregate_evaluate: received 2 results and 0 failures
[2024-10-09 02:07:05,914][flwr][INFO] - 
[2024-10-09 02:07:05,914][flwr][INFO] - [ROUND 100]
[2024-10-09 02:07:05,914][flwr][INFO] - configure_fit: strategy sampled 5 clients (out of 50)
[2024-10-09 02:07:32,793][flwr][INFO] - aggregate_fit: received 5 results and 0 failures
[2024-10-09 02:07:44,743][flwr][INFO] - fit progress: (100, 255.83037930727005, {'accuracy': 0.7945682451253482}, 4027.987057801336)
[2024-10-09 02:07:44,744][flwr][INFO] - configure_evaluate: strategy sampled 2 clients (out of 50)
[2024-10-09 02:07:45,881][flwr][INFO] - aggregate_evaluate: received 2 results and 0 failures
[2024-10-09 02:07:45,883][flwr][INFO] - 
[2024-10-09 02:07:45,883][flwr][INFO] - [SUMMARY]
[2024-10-09 02:07:45,883][flwr][INFO] - Run finished 100 round(s) in 4029.13s
[2024-10-09 02:07:45,886][flwr][INFO] - 	History (loss, distributed):
[2024-10-09 02:07:45,887][flwr][INFO] - 		round 1: 5.623173499975552
[2024-10-09 02:07:45,887][flwr][INFO] - 		round 2: 4.527721420225949
[2024-10-09 02:07:45,887][flwr][INFO] - 		round 3: 3.8319691094183326
[2024-10-09 02:07:45,887][flwr][INFO] - 		round 4: 3.680161858258182
[2024-10-09 02:07:45,887][flwr][INFO] - 		round 5: 2.9661496436031416
[2024-10-09 02:07:45,887][flwr][INFO] - 		round 6: 3.2861126004294916
[2024-10-09 02:07:45,887][flwr][INFO] - 		round 7: 3.3556301295757294
[2024-10-09 02:07:45,887][flwr][INFO] - 		round 8: 2.520491869859798
[2024-10-09 02:07:45,887][flwr][INFO] - 		round 9: 2.6440366086412648
[2024-10-09 02:07:45,888][flwr][INFO] - 		round 10: 2.5339857344826062
[2024-10-09 02:07:45,888][flwr][INFO] - 		round 11: 1.621063135524054
[2024-10-09 02:07:45,888][flwr][INFO] - 		round 12: 1.663183849405598
[2024-10-09 02:07:45,888][flwr][INFO] - 		round 13: 1.9755866474868184
[2024-10-09 02:07:45,888][flwr][INFO] - 		round 14: 1.9549458122122059
[2024-10-09 02:07:45,888][flwr][INFO] - 		round 15: 1.4490089045427637
[2024-10-09 02:07:45,888][flwr][INFO] - 		round 16: 1.6550913475177906
[2024-10-09 02:07:45,888][flwr][INFO] - 		round 17: 2.0092059218070726
[2024-10-09 02:07:45,888][flwr][INFO] - 		round 18: 1.5234317225351761
[2024-10-09 02:07:45,888][flwr][INFO] - 		round 19: 1.9462819317976634
[2024-10-09 02:07:45,888][flwr][INFO] - 		round 20: 2.552320223228604
[2024-10-09 02:07:45,888][flwr][INFO] - 		round 21: 4.12279340807952
[2024-10-09 02:07:45,888][flwr][INFO] - 		round 22: 2.3467142151838
[2024-10-09 02:07:45,888][flwr][INFO] - 		round 23: 1.386601636585751
[2024-10-09 02:07:45,888][flwr][INFO] - 		round 24: 1.5875218689441681
[2024-10-09 02:07:45,888][flwr][INFO] - 		round 25: 3.9340945724657317
[2024-10-09 02:07:45,888][flwr][INFO] - 		round 26: 1.8187338398562538
[2024-10-09 02:07:45,889][flwr][INFO] - 		round 27: 2.109865386952382
[2024-10-09 02:07:45,889][flwr][INFO] - 		round 28: 3.283057895068177
[2024-10-09 02:07:45,889][flwr][INFO] - 		round 29: 1.658130405028222
[2024-10-09 02:07:45,889][flwr][INFO] - 		round 30: 1.2922308230535167
[2024-10-09 02:07:45,889][flwr][INFO] - 		round 31: 1.4446345006906858
[2024-10-09 02:07:45,889][flwr][INFO] - 		round 32: 2.239852154321325
[2024-10-09 02:07:45,889][flwr][INFO] - 		round 33: 2.3255010776865115
[2024-10-09 02:07:45,889][flwr][INFO] - 		round 34: 1.8451724772853904
[2024-10-09 02:07:45,889][flwr][INFO] - 		round 35: 2.581518223358728
[2024-10-09 02:07:45,889][flwr][INFO] - 		round 36: 1.6387753413126231
[2024-10-09 02:07:45,889][flwr][INFO] - 		round 37: 1.8149116188287735
[2024-10-09 02:07:45,889][flwr][INFO] - 		round 38: 2.0941141843795776
[2024-10-09 02:07:45,889][flwr][INFO] - 		round 39: 1.3546589209160336
[2024-10-09 02:07:45,889][flwr][INFO] - 		round 40: 1.1662765727765438
[2024-10-09 02:07:45,889][flwr][INFO] - 		round 41: 2.0776112526655197
[2024-10-09 02:07:45,889][flwr][INFO] - 		round 42: 2.286124233256049
[2024-10-09 02:07:45,890][flwr][INFO] - 		round 43: 1.52793660743369
[2024-10-09 02:07:45,890][flwr][INFO] - 		round 44: 3.0295028986148935
[2024-10-09 02:07:45,890][flwr][INFO] - 		round 45: 1.6044345515421552
[2024-10-09 02:07:45,890][flwr][INFO] - 		round 46: 1.182274043560028
[2024-10-09 02:07:45,890][flwr][INFO] - 		round 47: 3.4496072435510388
[2024-10-09 02:07:45,890][flwr][INFO] - 		round 48: 0.8639115606870303
[2024-10-09 02:07:45,890][flwr][INFO] - 		round 49: 1.1656183806749492
[2024-10-09 02:07:45,890][flwr][INFO] - 		round 50: 2.009250833961625
[2024-10-09 02:07:45,890][flwr][INFO] - 		round 51: 2.4154264741987403
[2024-10-09 02:07:45,890][flwr][INFO] - 		round 52: 1.453109811419104
[2024-10-09 02:07:45,890][flwr][INFO] - 		round 53: 1.5246644740373316
[2024-10-09 02:07:45,890][flwr][INFO] - 		round 54: 3.675076108890227
[2024-10-09 02:07:45,890][flwr][INFO] - 		round 55: 0.9405052064220762
[2024-10-09 02:07:45,890][flwr][INFO] - 		round 56: 0.5718879890589674
[2024-10-09 02:07:45,890][flwr][INFO] - 		round 57: 0.9838919590731137
[2024-10-09 02:07:45,890][flwr][INFO] - 		round 58: 2.6484757907345364
[2024-10-09 02:07:45,890][flwr][INFO] - 		round 59: 1.9566614586178974
[2024-10-09 02:07:45,891][flwr][INFO] - 		round 60: 3.0921440650435055
[2024-10-09 02:07:45,891][flwr][INFO] - 		round 61: 1.4993206118543942
[2024-10-09 02:07:45,891][flwr][INFO] - 		round 62: 3.043090861323276
[2024-10-09 02:07:45,891][flwr][INFO] - 		round 63: 1.3539880289975825
[2024-10-09 02:07:45,891][flwr][INFO] - 		round 64: 1.4750362207352277
[2024-10-09 02:07:45,891][flwr][INFO] - 		round 65: 1.0265349244940052
[2024-10-09 02:07:45,891][flwr][INFO] - 		round 66: 0.797615333687928
[2024-10-09 02:07:45,891][flwr][INFO] - 		round 67: 1.1887406586242197
[2024-10-09 02:07:45,891][flwr][INFO] - 		round 68: 1.6671570829942193
[2024-10-09 02:07:45,891][flwr][INFO] - 		round 69: 1.3341162108712725
[2024-10-09 02:07:45,891][flwr][INFO] - 		round 70: 1.8099387493568269
[2024-10-09 02:07:45,891][flwr][INFO] - 		round 71: 1.609871854975417
[2024-10-09 02:07:45,891][flwr][INFO] - 		round 72: 1.0239187925230733
[2024-10-09 02:07:45,891][flwr][INFO] - 		round 73: 1.8099016967258081
[2024-10-09 02:07:45,891][flwr][INFO] - 		round 74: 3.988124034621499
[2024-10-09 02:07:45,891][flwr][INFO] - 		round 75: 1.1690565367429955
[2024-10-09 02:07:45,891][flwr][INFO] - 		round 76: 2.8871994432565327
[2024-10-09 02:07:45,892][flwr][INFO] - 		round 77: 1.6704838898520615
[2024-10-09 02:07:45,892][flwr][INFO] - 		round 78: 2.032494040407302
[2024-10-09 02:07:45,892][flwr][INFO] - 		round 79: 0.8371919829629909
[2024-10-09 02:07:45,892][flwr][INFO] - 		round 80: 2.9205889521904713
[2024-10-09 02:07:45,892][flwr][INFO] - 		round 81: 1.2264183564318552
[2024-10-09 02:07:45,892][flwr][INFO] - 		round 82: 1.0674074399037188
[2024-10-09 02:07:45,892][flwr][INFO] - 		round 83: 1.6696863025426865
[2024-10-09 02:07:45,892][flwr][INFO] - 		round 84: 1.0381798622357912
[2024-10-09 02:07:45,892][flwr][INFO] - 		round 85: 0.652123361825943
[2024-10-09 02:07:45,892][flwr][INFO] - 		round 86: 1.4559937323226366
[2024-10-09 02:07:45,892][flwr][INFO] - 		round 87: 1.8735833647423712
[2024-10-09 02:07:45,892][flwr][INFO] - 		round 88: 1.465337751208901
[2024-10-09 02:07:45,892][flwr][INFO] - 		round 89: 1.4624635189351902
[2024-10-09 02:07:45,892][flwr][INFO] - 		round 90: 0.7003774310046054
[2024-10-09 02:07:45,892][flwr][INFO] - 		round 91: 3.2396383085250853
[2024-10-09 02:07:45,892][flwr][INFO] - 		round 92: 1.0482844070910098
[2024-10-09 02:07:45,892][flwr][INFO] - 		round 93: 0.6109033296121418
[2024-10-09 02:07:45,892][flwr][INFO] - 		round 94: 1.6295181952811217
[2024-10-09 02:07:45,893][flwr][INFO] - 		round 95: 2.252903269183251
[2024-10-09 02:07:45,893][flwr][INFO] - 		round 96: 0.9980437222900977
[2024-10-09 02:07:45,893][flwr][INFO] - 		round 97: 0.9491010502432332
[2024-10-09 02:07:45,893][flwr][INFO] - 		round 98: 0.9719775063832375
[2024-10-09 02:07:45,893][flwr][INFO] - 		round 99: 0.9834575149053892
[2024-10-09 02:07:45,893][flwr][INFO] - 		round 100: 2.785715822457592
[2024-10-09 02:07:45,893][flwr][INFO] - 	History (loss, centralized):
[2024-10-09 02:07:45,893][flwr][INFO] - 		round 0: 504.1472203731537
[2024-10-09 02:07:45,893][flwr][INFO] - 		round 1: 432.5744940042496
[2024-10-09 02:07:45,893][flwr][INFO] - 		round 2: 300.01884377002716
[2024-10-09 02:07:45,893][flwr][INFO] - 		round 3: 251.0108055472374
[2024-10-09 02:07:45,893][flwr][INFO] - 		round 4: 235.68264895677567
[2024-10-09 02:07:45,893][flwr][INFO] - 		round 5: 235.09395039081573
[2024-10-09 02:07:45,893][flwr][INFO] - 		round 6: 270.8513060808182
[2024-10-09 02:07:45,893][flwr][INFO] - 		round 7: 286.82273000478745
[2024-10-09 02:07:45,893][flwr][INFO] - 		round 8: 217.13399195671082
[2024-10-09 02:07:45,893][flwr][INFO] - 		round 9: 231.80074006319046
[2024-10-09 02:07:45,894][flwr][INFO] - 		round 10: 185.1283030807972
[2024-10-09 02:07:45,894][flwr][INFO] - 		round 11: 142.68026462197304
[2024-10-09 02:07:45,894][flwr][INFO] - 		round 12: 137.7162320613861
[2024-10-09 02:07:45,894][flwr][INFO] - 		round 13: 141.93147784471512
[2024-10-09 02:07:45,894][flwr][INFO] - 		round 14: 119.64091727137566
[2024-10-09 02:07:45,894][flwr][INFO] - 		round 15: 119.70412147045135
[2024-10-09 02:07:45,894][flwr][INFO] - 		round 16: 139.72065916657448
[2024-10-09 02:07:45,894][flwr][INFO] - 		round 17: 173.51969587802887
[2024-10-09 02:07:45,894][flwr][INFO] - 		round 18: 119.75233685970306
[2024-10-09 02:07:45,894][flwr][INFO] - 		round 19: 185.55766785144806
[2024-10-09 02:07:45,894][flwr][INFO] - 		round 20: 196.51903349161148
[2024-10-09 02:07:45,894][flwr][INFO] - 		round 21: 288.38273280858994
[2024-10-09 02:07:45,894][flwr][INFO] - 		round 22: 191.6537565588951
[2024-10-09 02:07:45,894][flwr][INFO] - 		round 23: 141.16326442360878
[2024-10-09 02:07:45,894][flwr][INFO] - 		round 24: 137.05855521559715
[2024-10-09 02:07:45,894][flwr][INFO] - 		round 25: 314.14426934719086
[2024-10-09 02:07:45,894][flwr][INFO] - 		round 26: 146.24146589636803
[2024-10-09 02:07:45,895][flwr][INFO] - 		round 27: 134.3593272268772
[2024-10-09 02:07:45,895][flwr][INFO] - 		round 28: 257.8265337944031
[2024-10-09 02:07:45,895][flwr][INFO] - 		round 29: 166.86158987879753
[2024-10-09 02:07:45,895][flwr][INFO] - 		round 30: 137.49770948290825
[2024-10-09 02:07:45,895][flwr][INFO] - 		round 31: 139.09995412826538
[2024-10-09 02:07:45,895][flwr][INFO] - 		round 32: 166.74875864386559
[2024-10-09 02:07:45,895][flwr][INFO] - 		round 33: 201.8103899359703
[2024-10-09 02:07:45,895][flwr][INFO] - 		round 34: 158.4869673550129
[2024-10-09 02:07:45,895][flwr][INFO] - 		round 35: 196.47749823331833
[2024-10-09 02:07:45,895][flwr][INFO] - 		round 36: 148.7257259786129
[2024-10-09 02:07:45,895][flwr][INFO] - 		round 37: 139.46493589878082
[2024-10-09 02:07:45,895][flwr][INFO] - 		round 38: 176.79562404751778
[2024-10-09 02:07:45,895][flwr][INFO] - 		round 39: 111.53922683000565
[2024-10-09 02:07:45,895][flwr][INFO] - 		round 40: 122.06840945780277
[2024-10-09 02:07:45,895][flwr][INFO] - 		round 41: 154.6356408894062
[2024-10-09 02:07:45,895][flwr][INFO] - 		round 42: 190.31351900100708
[2024-10-09 02:07:45,895][flwr][INFO] - 		round 43: 117.16751089692116
[2024-10-09 02:07:45,895][flwr][INFO] - 		round 44: 234.1882992386818
[2024-10-09 02:07:45,896][flwr][INFO] - 		round 45: 144.9421868622303
[2024-10-09 02:07:45,896][flwr][INFO] - 		round 46: 94.10216092318296
[2024-10-09 02:07:45,896][flwr][INFO] - 		round 47: 251.54381573200226
[2024-10-09 02:07:45,896][flwr][INFO] - 		round 48: 95.8525017797947
[2024-10-09 02:07:45,896][flwr][INFO] - 		round 49: 121.218481361866
[2024-10-09 02:07:45,896][flwr][INFO] - 		round 50: 177.33632135391235
[2024-10-09 02:07:45,896][flwr][INFO] - 		round 51: 225.1675591468811
[2024-10-09 02:07:45,896][flwr][INFO] - 		round 52: 157.96361801028252
[2024-10-09 02:07:45,896][flwr][INFO] - 		round 53: 117.8778456300497
[2024-10-09 02:07:45,896][flwr][INFO] - 		round 54: 303.40927386283875
[2024-10-09 02:07:45,896][flwr][INFO] - 		round 55: 104.93772721290588
[2024-10-09 02:07:45,896][flwr][INFO] - 		round 56: 88.05374376475811
[2024-10-09 02:07:45,896][flwr][INFO] - 		round 57: 112.60335147380829
[2024-10-09 02:07:45,896][flwr][INFO] - 		round 58: 241.21529906988144
[2024-10-09 02:07:45,896][flwr][INFO] - 		round 59: 160.86092022061348
[2024-10-09 02:07:45,896][flwr][INFO] - 		round 60: 241.5607784986496
[2024-10-09 02:07:45,896][flwr][INFO] - 		round 61: 135.9177850484848
[2024-10-09 02:07:45,897][flwr][INFO] - 		round 62: 251.4779188632965
[2024-10-09 02:07:45,897][flwr][INFO] - 		round 63: 117.9401087462902
[2024-10-09 02:07:45,897][flwr][INFO] - 		round 64: 155.50044107437134
[2024-10-09 02:07:45,897][flwr][INFO] - 		round 65: 98.75764259696007
[2024-10-09 02:07:45,897][flwr][INFO] - 		round 66: 88.67666728794575
[2024-10-09 02:07:45,897][flwr][INFO] - 		round 67: 98.63771325349808
[2024-10-09 02:07:45,897][flwr][INFO] - 		round 68: 163.8027231991291
[2024-10-09 02:07:45,897][flwr][INFO] - 		round 69: 100.28794291615486
[2024-10-09 02:07:45,897][flwr][INFO] - 		round 70: 165.86346217989922
[2024-10-09 02:07:45,897][flwr][INFO] - 		round 71: 146.79855397343636
[2024-10-09 02:07:45,897][flwr][INFO] - 		round 72: 107.84285235404968
[2024-10-09 02:07:45,897][flwr][INFO] - 		round 73: 161.182857722044
[2024-10-09 02:07:45,897][flwr][INFO] - 		round 74: 323.28616881370544
[2024-10-09 02:07:45,897][flwr][INFO] - 		round 75: 112.61122892796993
[2024-10-09 02:07:45,897][flwr][INFO] - 		round 76: 239.63475781679153
[2024-10-09 02:07:45,897][flwr][INFO] - 		round 77: 139.79735016822815
[2024-10-09 02:07:45,897][flwr][INFO] - 		round 78: 163.63581603765488
[2024-10-09 02:07:45,898][flwr][INFO] - 		round 79: 97.39736518263817
[2024-10-09 02:07:45,898][flwr][INFO] - 		round 80: 235.87175351381302
[2024-10-09 02:07:45,898][flwr][INFO] - 		round 81: 110.17822051048279
[2024-10-09 02:07:45,898][flwr][INFO] - 		round 82: 100.45373533666134
[2024-10-09 02:07:45,898][flwr][INFO] - 		round 83: 160.37836807966232
[2024-10-09 02:07:45,898][flwr][INFO] - 		round 84: 107.93164967000484
[2024-10-09 02:07:45,898][flwr][INFO] - 		round 85: 87.71964311599731
[2024-10-09 02:07:45,898][flwr][INFO] - 		round 86: 141.59393101930618
[2024-10-09 02:07:45,898][flwr][INFO] - 		round 87: 171.18913951516151
[2024-10-09 02:07:45,898][flwr][INFO] - 		round 88: 140.31424632668495
[2024-10-09 02:07:45,898][flwr][INFO] - 		round 89: 113.91785073280334
[2024-10-09 02:07:45,898][flwr][INFO] - 		round 90: 104.20078957080841
[2024-10-09 02:07:45,898][flwr][INFO] - 		round 91: 266.4253790974617
[2024-10-09 02:07:45,898][flwr][INFO] - 		round 92: 98.65463656187057
[2024-10-09 02:07:45,898][flwr][INFO] - 		round 93: 86.72795405983925
[2024-10-09 02:07:45,898][flwr][INFO] - 		round 94: 160.99817869067192
[2024-10-09 02:07:45,898][flwr][INFO] - 		round 95: 206.60815572738647
[2024-10-09 02:07:45,899][flwr][INFO] - 		round 96: 85.4003092572093
[2024-10-09 02:07:45,899][flwr][INFO] - 		round 97: 101.50653380155563
[2024-10-09 02:07:45,899][flwr][INFO] - 		round 98: 117.92525786161423
[2024-10-09 02:07:45,899][flwr][INFO] - 		round 99: 109.32523968815804
[2024-10-09 02:07:45,899][flwr][INFO] - 		round 100: 255.83037930727005
[2024-10-09 02:07:45,899][flwr][INFO] - 	History (metrics, distributed, evaluate):
[2024-10-09 02:07:45,899][flwr][INFO] - 	{'accuracy': [(1, 0.44537815126050423),
[2024-10-09 02:07:45,899][flwr][INFO] - 	              (2, 0.46742209631728043),
[2024-10-09 02:07:45,899][flwr][INFO] - 	              (3, 0.5905292479108635),
[2024-10-09 02:07:45,899][flwr][INFO] - 	              (4, 0.5698630136986301),
[2024-10-09 02:07:45,899][flwr][INFO] - 	              (5, 0.6880222841225627),
[2024-10-09 02:07:45,899][flwr][INFO] - 	              (6, 0.6761363636363636),
[2024-10-09 02:07:45,899][flwr][INFO] - 	              (7, 0.7154696132596685),
[2024-10-09 02:07:45,899][flwr][INFO] - 	              (8, 0.7849462365591398),
[2024-10-09 02:07:45,899][flwr][INFO] - 	              (9, 0.7814207650273224),
[2024-10-09 02:07:45,899][flwr][INFO] - 	              (10, 0.7444444444444445),
[2024-10-09 02:07:45,899][flwr][INFO] - 	              (11, 0.8351351351351352),
[2024-10-09 02:07:45,899][flwr][INFO] - 	              (12, 0.7918918918918919),
[2024-10-09 02:07:45,900][flwr][INFO] - 	              (13, 0.7817679558011049),
[2024-10-09 02:07:45,900][flwr][INFO] - 	              (14, 0.7768595041322314),
[2024-10-09 02:07:45,900][flwr][INFO] - 	              (15, 0.8245125348189415),
[2024-10-09 02:07:45,900][flwr][INFO] - 	              (16, 0.8262108262108262),
[2024-10-09 02:07:45,900][flwr][INFO] - 	              (17, 0.8295454545454546),
[2024-10-09 02:07:45,900][flwr][INFO] - 	              (18, 0.8286516853932584),
[2024-10-09 02:07:45,900][flwr][INFO] - 	              (19, 0.8472222222222222),
[2024-10-09 02:07:45,900][flwr][INFO] - 	              (20, 0.7507002801120448),
[2024-10-09 02:07:45,900][flwr][INFO] - 	              (21, 0.5558659217877095),
[2024-10-09 02:07:45,900][flwr][INFO] - 	              (22, 0.8125),
[2024-10-09 02:07:45,900][flwr][INFO] - 	              (23, 0.8802228412256268),
[2024-10-09 02:07:45,900][flwr][INFO] - 	              (24, 0.848),
[2024-10-09 02:07:45,900][flwr][INFO] - 	              (25, 0.7325905292479109),
[2024-10-09 02:07:45,900][flwr][INFO] - 	              (26, 0.8222222222222222),
[2024-10-09 02:07:45,900][flwr][INFO] - 	              (27, 0.7575757575757576),
[2024-10-09 02:07:45,900][flwr][INFO] - 	              (28, 0.6763848396501457),
[2024-10-09 02:07:45,900][flwr][INFO] - 	              (29, 0.8812154696132597),
[2024-10-09 02:07:45,901][flwr][INFO] - 	              (30, 0.8810198300283286),
[2024-10-09 02:07:45,901][flwr][INFO] - 	              (31, 0.8440860215053764),
[2024-10-09 02:07:45,901][flwr][INFO] - 	              (32, 0.7994428969359332),
[2024-10-09 02:07:45,901][flwr][INFO] - 	              (33, 0.8050139275766016),
[2024-10-09 02:07:45,901][flwr][INFO] - 	              (34, 0.8401084010840109),
[2024-10-09 02:07:45,901][flwr][INFO] - 	              (35, 0.7576601671309192),
[2024-10-09 02:07:45,901][flwr][INFO] - 	              (36, 0.8766756032171582),
[2024-10-09 02:07:45,901][flwr][INFO] - 	              (37, 0.8066298342541437),
[2024-10-09 02:07:45,901][flwr][INFO] - 	              (38, 0.8342541436464088),
[2024-10-09 02:07:45,901][flwr][INFO] - 	              (39, 0.8507042253521127),
[2024-10-09 02:07:45,901][flwr][INFO] - 	              (40, 0.8927613941018767),
[2024-10-09 02:07:45,901][flwr][INFO] - 	              (41, 0.7916666666666666),
[2024-10-09 02:07:45,901][flwr][INFO] - 	              (42, 0.8181818181818182),
[2024-10-09 02:07:45,901][flwr][INFO] - 	              (43, 0.8472222222222222),
[2024-10-09 02:07:45,901][flwr][INFO] - 	              (44, 0.7903225806451613),
[2024-10-09 02:07:45,901][flwr][INFO] - 	              (45, 0.889196675900277),
[2024-10-09 02:07:45,901][flwr][INFO] - 	              (46, 0.8646408839779005),
[2024-10-09 02:07:45,901][flwr][INFO] - 	              (47, 0.6887052341597796),
[2024-10-09 02:07:45,902][flwr][INFO] - 	              (48, 0.9047619047619048),
[2024-10-09 02:07:45,902][flwr][INFO] - 	              (49, 0.8774928774928775),
[2024-10-09 02:07:45,902][flwr][INFO] - 	              (50, 0.83008356545961),
[2024-10-09 02:07:45,902][flwr][INFO] - 	              (51, 0.8060941828254847),
[2024-10-09 02:07:45,902][flwr][INFO] - 	              (52, 0.9110512129380054),
[2024-10-09 02:07:45,902][flwr][INFO] - 	              (53, 0.8253521126760563),
[2024-10-09 02:07:45,902][flwr][INFO] - 	              (54, 0.8199445983379502),
[2024-10-09 02:07:45,902][flwr][INFO] - 	              (55, 0.8961748633879781),
[2024-10-09 02:07:45,902][flwr][INFO] - 	              (56, 0.9421487603305785),
[2024-10-09 02:07:45,902][flwr][INFO] - 	              (57, 0.907103825136612),
[2024-10-09 02:07:45,902][flwr][INFO] - 	              (58, 0.8428184281842819),
[2024-10-09 02:07:45,902][flwr][INFO] - 	              (59, 0.8225806451612904),
[2024-10-09 02:07:45,902][flwr][INFO] - 	              (60, 0.679144385026738),
[2024-10-09 02:07:45,902][flwr][INFO] - 	              (61, 0.8361111111111111),
[2024-10-09 02:07:45,902][flwr][INFO] - 	              (62, 0.7900874635568513),
[2024-10-09 02:07:45,902][flwr][INFO] - 	              (63, 0.8717201166180758),
[2024-10-09 02:07:45,902][flwr][INFO] - 	              (64, 0.8929577464788733),
[2024-10-09 02:07:45,903][flwr][INFO] - 	              (65, 0.90633608815427),
[2024-10-09 02:07:45,903][flwr][INFO] - 	              (66, 0.9083333333333333),
[2024-10-09 02:07:45,903][flwr][INFO] - 	              (67, 0.8575498575498576),
[2024-10-09 02:07:45,903][flwr][INFO] - 	              (68, 0.8929577464788733),
[2024-10-09 02:07:45,903][flwr][INFO] - 	              (69, 0.8638888888888889),
[2024-10-09 02:07:45,903][flwr][INFO] - 	              (70, 0.8717948717948718),
[2024-10-09 02:07:45,903][flwr][INFO] - 	              (71, 0.8918918918918919),
[2024-10-09 02:07:45,903][flwr][INFO] - 	              (72, 0.9005524861878453),
[2024-10-09 02:07:45,903][flwr][INFO] - 	              (73, 0.8802228412256268),
[2024-10-09 02:07:45,903][flwr][INFO] - 	              (74, 0.8181818181818182),
[2024-10-09 02:07:45,903][flwr][INFO] - 	              (75, 0.9116022099447514),
[2024-10-09 02:07:45,903][flwr][INFO] - 	              (76, 0.8783783783783784),
[2024-10-09 02:07:45,903][flwr][INFO] - 	              (77, 0.8941504178272981),
[2024-10-09 02:07:45,903][flwr][INFO] - 	              (78, 0.817174515235457),
[2024-10-09 02:07:45,903][flwr][INFO] - 	              (79, 0.9124293785310734),
[2024-10-09 02:07:45,903][flwr][INFO] - 	              (80, 0.876010781671159),
[2024-10-09 02:07:45,903][flwr][INFO] - 	              (81, 0.8916666666666667),
[2024-10-09 02:07:45,903][flwr][INFO] - 	              (82, 0.896358543417367),
[2024-10-09 02:07:45,904][flwr][INFO] - 	              (83, 0.8603351955307262),
[2024-10-09 02:07:45,904][flwr][INFO] - 	              (84, 0.9088397790055248),
[2024-10-09 02:07:45,904][flwr][INFO] - 	              (85, 0.9297752808988764),
[2024-10-09 02:07:45,904][flwr][INFO] - 	              (86, 0.9222520107238605),
[2024-10-09 02:07:45,904][flwr][INFO] - 	              (87, 0.8284182305630027),
[2024-10-09 02:07:45,904][flwr][INFO] - 	              (88, 0.8879551820728291),
[2024-10-09 02:07:45,904][flwr][INFO] - 	              (89, 0.847887323943662),
[2024-10-09 02:07:45,904][flwr][INFO] - 	              (90, 0.9335106382978723),
[2024-10-09 02:07:45,904][flwr][INFO] - 	              (91, 0.8186666666666667),
[2024-10-09 02:07:45,904][flwr][INFO] - 	              (92, 0.9120879120879121),
[2024-10-09 02:07:45,904][flwr][INFO] - 	              (93, 0.925414364640884),
[2024-10-09 02:07:45,904][flwr][INFO] - 	              (94, 0.8356545961002786),
[2024-10-09 02:07:45,904][flwr][INFO] - 	              (95, 0.8181818181818182),
[2024-10-09 02:07:45,904][flwr][INFO] - 	              (96, 0.8797653958944281),
[2024-10-09 02:07:45,904][flwr][INFO] - 	              (97, 0.9256198347107438),
[2024-10-09 02:07:45,904][flwr][INFO] - 	              (98, 0.9289772727272727),
[2024-10-09 02:07:45,904][flwr][INFO] - 	              (99, 0.9093484419263456),
[2024-10-09 02:07:45,905][flwr][INFO] - 	              (100, 0.8611898016997167)]}
[2024-10-09 02:07:45,905][flwr][INFO] - 	History (metrics, centralized):
[2024-10-09 02:07:45,905][flwr][INFO] - 	{'accuracy': [(0, 0.01935933147632312),
[2024-10-09 02:07:45,905][flwr][INFO] - 	              (1, 0.4200557103064067),
[2024-10-09 02:07:45,905][flwr][INFO] - 	              (2, 0.5781337047353761),
[2024-10-09 02:07:45,905][flwr][INFO] - 	              (3, 0.6984679665738162),
[2024-10-09 02:07:45,905][flwr][INFO] - 	              (4, 0.6536211699164345),
[2024-10-09 02:07:45,905][flwr][INFO] - 	              (5, 0.621866295264624),
[2024-10-09 02:07:45,905][flwr][INFO] - 	              (6, 0.6795264623955432),
[2024-10-09 02:07:45,905][flwr][INFO] - 	              (7, 0.658774373259053),
[2024-10-09 02:07:45,905][flwr][INFO] - 	              (8, 0.7696378830083566),
[2024-10-09 02:07:45,905][flwr][INFO] - 	              (9, 0.7686629526462395),
[2024-10-09 02:07:45,905][flwr][INFO] - 	              (10, 0.7646239554317549),
[2024-10-09 02:07:45,905][flwr][INFO] - 	              (11, 0.7947075208913649),
[2024-10-09 02:07:45,905][flwr][INFO] - 	              (12, 0.8221448467966573),
[2024-10-09 02:07:45,905][flwr][INFO] - 	              (13, 0.8129526462395543),
[2024-10-09 02:07:45,905][flwr][INFO] - 	              (14, 0.8224233983286908),
[2024-10-09 02:07:45,906][flwr][INFO] - 	              (15, 0.8146239554317549),
[2024-10-09 02:07:45,906][flwr][INFO] - 	              (16, 0.8217270194986073),
[2024-10-09 02:07:45,906][flwr][INFO] - 	              (17, 0.7892757660167131),
[2024-10-09 02:07:45,906][flwr][INFO] - 	              (18, 0.8274373259052925),
[2024-10-09 02:07:45,906][flwr][INFO] - 	              (19, 0.7986072423398328),
[2024-10-09 02:07:45,906][flwr][INFO] - 	              (20, 0.7681058495821727),
[2024-10-09 02:07:45,906][flwr][INFO] - 	              (21, 0.6272980501392758),
[2024-10-09 02:07:45,906][flwr][INFO] - 	              (22, 0.782033426183844),
[2024-10-09 02:07:45,906][flwr][INFO] - 	              (23, 0.8203342618384402),
[2024-10-09 02:07:45,906][flwr][INFO] - 	              (24, 0.8207520891364902),
[2024-10-09 02:07:45,906][flwr][INFO] - 	              (25, 0.7118384401114206),
[2024-10-09 02:07:45,906][flwr][INFO] - 	              (26, 0.8188022284122562),
[2024-10-09 02:07:45,906][flwr][INFO] - 	              (27, 0.8182451253481894),
[2024-10-09 02:07:45,906][flwr][INFO] - 	              (28, 0.6818941504178273),
[2024-10-09 02:07:45,906][flwr][INFO] - 	              (29, 0.801949860724234),
[2024-10-09 02:07:45,906][flwr][INFO] - 	              (30, 0.8196378830083565),
[2024-10-09 02:07:45,906][flwr][INFO] - 	              (31, 0.8242339832869081),
[2024-10-09 02:07:45,906][flwr][INFO] - 	              (32, 0.8121169916434541),
[2024-10-09 02:07:45,907][flwr][INFO] - 	              (33, 0.7881615598885794),
[2024-10-09 02:07:45,907][flwr][INFO] - 	              (34, 0.8284122562674094),
[2024-10-09 02:07:45,907][flwr][INFO] - 	              (35, 0.7842618384401114),
[2024-10-09 02:07:45,907][flwr][INFO] - 	              (36, 0.8348189415041782),
[2024-10-09 02:07:45,907][flwr][INFO] - 	              (37, 0.8126740947075209),
[2024-10-09 02:07:45,907][flwr][INFO] - 	              (38, 0.8104456824512535),
[2024-10-09 02:07:45,907][flwr][INFO] - 	              (39, 0.8513927576601671),
[2024-10-09 02:07:45,907][flwr][INFO] - 	              (40, 0.8299442896935934),
[2024-10-09 02:07:45,907][flwr][INFO] - 	              (41, 0.8175487465181058),
[2024-10-09 02:07:45,907][flwr][INFO] - 	              (42, 0.8080779944289693),
[2024-10-09 02:07:45,907][flwr][INFO] - 	              (43, 0.8415041782729805),
[2024-10-09 02:07:45,907][flwr][INFO] - 	              (44, 0.8002785515320334),
[2024-10-09 02:07:45,907][flwr][INFO] - 	              (45, 0.8410863509749303),
[2024-10-09 02:07:45,907][flwr][INFO] - 	              (46, 0.8577994428969359),
[2024-10-09 02:07:45,907][flwr][INFO] - 	              (47, 0.7311977715877437),
[2024-10-09 02:07:45,907][flwr][INFO] - 	              (48, 0.8532033426183844),
[2024-10-09 02:07:45,907][flwr][INFO] - 	              (49, 0.8419220055710307),
[2024-10-09 02:07:45,907][flwr][INFO] - 	              (50, 0.7966573816155988),
[2024-10-09 02:07:45,908][flwr][INFO] - 	              (51, 0.7214484679665738),
[2024-10-09 02:07:45,908][flwr][INFO] - 	              (52, 0.8355153203342618),
[2024-10-09 02:07:45,908][flwr][INFO] - 	              (53, 0.8352367688022284),
[2024-10-09 02:07:45,908][flwr][INFO] - 	              (54, 0.7799442896935933),
[2024-10-09 02:07:45,908][flwr][INFO] - 	              (55, 0.8426183844011143),
[2024-10-09 02:07:45,908][flwr][INFO] - 	              (56, 0.8594707520891365),
[2024-10-09 02:07:45,908][flwr][INFO] - 	              (57, 0.8504178272980502),
[2024-10-09 02:07:45,908][flwr][INFO] - 	              (58, 0.7493036211699164),
[2024-10-09 02:07:45,908][flwr][INFO] - 	              (59, 0.8306406685236769),
[2024-10-09 02:07:45,908][flwr][INFO] - 	              (60, 0.7119777158774373),
[2024-10-09 02:07:45,908][flwr][INFO] - 	              (61, 0.8142061281337047),
[2024-10-09 02:07:45,908][flwr][INFO] - 	              (62, 0.7394150417827298),
[2024-10-09 02:07:45,908][flwr][INFO] - 	              (63, 0.8474930362116991),
[2024-10-09 02:07:45,908][flwr][INFO] - 	              (64, 0.8254874651810585),
[2024-10-09 02:07:45,908][flwr][INFO] - 	              (65, 0.8693593314763232),
[2024-10-09 02:07:45,908][flwr][INFO] - 	              (66, 0.8662952646239555),
[2024-10-09 02:07:45,908][flwr][INFO] - 	              (67, 0.8647632311977715),
[2024-10-09 02:07:45,908][flwr][INFO] - 	              (68, 0.8360724233983287),
[2024-10-09 02:07:45,909][flwr][INFO] - 	              (69, 0.8655988857938719),
[2024-10-09 02:07:45,909][flwr][INFO] - 	              (70, 0.8254874651810585),
[2024-10-09 02:07:45,909][flwr][INFO] - 	              (71, 0.8547353760445683),
[2024-10-09 02:07:45,909][flwr][INFO] - 	              (72, 0.8526462395543175),
[2024-10-09 02:07:45,909][flwr][INFO] - 	              (73, 0.8448467966573816),
[2024-10-09 02:07:45,909][flwr][INFO] - 	              (74, 0.7625348189415042),
[2024-10-09 02:07:45,909][flwr][INFO] - 	              (75, 0.8566852367688023),
[2024-10-09 02:07:45,909][flwr][INFO] - 	              (76, 0.8065459610027855),
[2024-10-09 02:07:45,909][flwr][INFO] - 	              (77, 0.8633704735376044),
[2024-10-09 02:07:45,909][flwr][INFO] - 	              (78, 0.8175487465181058),
[2024-10-09 02:07:45,909][flwr][INFO] - 	              (79, 0.8607242339832869),
[2024-10-09 02:07:45,909][flwr][INFO] - 	              (80, 0.83008356545961),
[2024-10-09 02:07:45,909][flwr][INFO] - 	              (81, 0.8458217270194986),
[2024-10-09 02:07:45,909][flwr][INFO] - 	              (82, 0.8575208913649025),
[2024-10-09 02:07:45,909][flwr][INFO] - 	              (83, 0.8125348189415041),
[2024-10-09 02:07:45,909][flwr][INFO] - 	              (84, 0.864066852367688),
[2024-10-09 02:07:45,909][flwr][INFO] - 	              (85, 0.8647632311977715),
[2024-10-09 02:07:45,910][flwr][INFO] - 	              (86, 0.8662952646239555),
[2024-10-09 02:07:45,910][flwr][INFO] - 	              (87, 0.8066852367688022),
[2024-10-09 02:07:45,910][flwr][INFO] - 	              (88, 0.861699164345404),
[2024-10-09 02:07:45,910][flwr][INFO] - 	              (89, 0.8533426183844011),
[2024-10-09 02:07:45,910][flwr][INFO] - 	              (90, 0.8513927576601671),
[2024-10-09 02:07:45,910][flwr][INFO] - 	              (91, 0.7814763231197771),
[2024-10-09 02:07:45,910][flwr][INFO] - 	              (92, 0.8696378830083565),
[2024-10-09 02:07:45,910][flwr][INFO] - 	              (93, 0.8647632311977715),
[2024-10-09 02:07:45,910][flwr][INFO] - 	              (94, 0.8157381615598885),
[2024-10-09 02:07:45,910][flwr][INFO] - 	              (95, 0.749025069637883),
[2024-10-09 02:07:45,910][flwr][INFO] - 	              (96, 0.8662952646239555),
[2024-10-09 02:07:45,910][flwr][INFO] - 	              (97, 0.8679665738161559),
[2024-10-09 02:07:45,910][flwr][INFO] - 	              (98, 0.8504178272980502),
[2024-10-09 02:07:45,910][flwr][INFO] - 	              (99, 0.8593314763231198),
[2024-10-09 02:07:45,910][flwr][INFO] - 	              (100, 0.7945682451253482)]}
[2024-10-09 02:07:45,910][flwr][INFO] - 
