[2024-08-18 12:21:11,167][flwr][INFO] - Starting Flower simulation, config: num_rounds=20, no round_timeout
[2024-08-18 12:21:25,074][flwr][INFO] - Flower VCE: Ray initialized with resources: {'object_store_memory': 7283218022.0, 'GPU': 1.0, 'accelerator_type:G': 1.0, 'CPU': 32.0, 'memory': 14566436046.0, 'node:115.145.171.128': 1.0, 'node:__internal_head__': 1.0}
[2024-08-18 12:21:25,074][flwr][INFO] - Optimize your simulation with Flower VCE: https://flower.ai/docs/framework/how-to-run-simulations.html
[2024-08-18 12:21:25,074][flwr][INFO] - Flower VCE: Resources for each Virtual Client: {'num_cpus': 24, 'num_gpus': 0.5}
[2024-08-18 12:21:25,087][flwr][INFO] - Flower VCE: Creating VirtualClientEngineActorPool with 1 actors
[2024-08-18 12:21:25,087][flwr][INFO] - [INIT]
[2024-08-18 12:21:25,087][flwr][INFO] - Requesting initial parameters from one random client
[2024-08-18 12:21:29,347][flwr][INFO] - Received initial parameters from one random client
[2024-08-18 12:21:29,348][flwr][INFO] - Evaluating initial global parameters
[2024-08-18 12:21:34,531][flwr][INFO] - initial parameters (loss, other metrics): 13.363160252571106, {'accuracy': 0.625}
[2024-08-18 12:21:34,531][flwr][INFO] - 
[2024-08-18 12:21:34,532][flwr][INFO] - [ROUND 1]
[2024-08-18 12:21:34,532][flwr][INFO] - configure_fit: strategy sampled 8 clients (out of 16)
[2024-08-18 12:21:54,721][flwr][INFO] - aggregate_fit: received 8 results and 0 failures
[2024-08-18 12:21:54,800][flwr][WARNING] - No fit_metrics_aggregation_fn provided
[2024-08-18 12:21:59,712][flwr][INFO] - fit progress: (1, 13.447444915771484, {'accuracy': 0.625}, 25.180263559974264)
[2024-08-18 12:21:59,712][flwr][INFO] - configure_evaluate: strategy sampled 2 clients (out of 16)
[2024-08-18 12:22:00,393][flwr][INFO] - aggregate_evaluate: received 2 results and 0 failures
[2024-08-18 12:22:00,393][flwr][INFO] - 
[2024-08-18 12:22:00,393][flwr][INFO] - [ROUND 2]
[2024-08-18 12:22:00,393][flwr][INFO] - configure_fit: strategy sampled 8 clients (out of 16)
[2024-08-18 12:22:19,767][flwr][INFO] - aggregate_fit: received 8 results and 0 failures
[2024-08-18 12:22:24,843][flwr][INFO] - fit progress: (2, 13.77987813949585, {'accuracy': 0.625}, 50.31145976399421)
[2024-08-18 12:22:24,843][flwr][INFO] - configure_evaluate: strategy sampled 2 clients (out of 16)
[2024-08-18 12:22:25,579][flwr][INFO] - aggregate_evaluate: received 2 results and 0 failures
[2024-08-18 12:22:25,579][flwr][INFO] - 
[2024-08-18 12:22:25,579][flwr][INFO] - [ROUND 3]
[2024-08-18 12:22:25,579][flwr][INFO] - configure_fit: strategy sampled 8 clients (out of 16)
[2024-08-18 12:22:45,595][flwr][INFO] - aggregate_fit: received 8 results and 0 failures
[2024-08-18 12:22:50,625][flwr][INFO] - fit progress: (3, 13.636938095092773, {'accuracy': 0.625}, 76.09306413598824)
[2024-08-18 12:22:50,625][flwr][INFO] - configure_evaluate: strategy sampled 2 clients (out of 16)
[2024-08-18 12:22:51,328][flwr][INFO] - aggregate_evaluate: received 2 results and 0 failures
[2024-08-18 12:22:51,328][flwr][INFO] - 
[2024-08-18 12:22:51,328][flwr][INFO] - [ROUND 4]
[2024-08-18 12:22:51,328][flwr][INFO] - configure_fit: strategy sampled 8 clients (out of 16)
[2024-08-18 12:23:11,036][flwr][INFO] - aggregate_fit: received 8 results and 0 failures
[2024-08-18 12:23:16,210][flwr][INFO] - fit progress: (4, 13.876657664775848, {'accuracy': 0.625}, 101.67869899998186)
[2024-08-18 12:23:16,210][flwr][INFO] - configure_evaluate: strategy sampled 2 clients (out of 16)
[2024-08-18 12:23:16,882][flwr][INFO] - aggregate_evaluate: received 2 results and 0 failures
[2024-08-18 12:23:16,882][flwr][INFO] - 
[2024-08-18 12:23:16,882][flwr][INFO] - [ROUND 5]
[2024-08-18 12:23:16,882][flwr][INFO] - configure_fit: strategy sampled 8 clients (out of 16)
[2024-08-18 12:23:36,584][flwr][INFO] - aggregate_fit: received 8 results and 0 failures
[2024-08-18 12:23:41,710][flwr][INFO] - fit progress: (5, 71.31434440612793, {'accuracy': 0.625}, 127.17872809999972)
[2024-08-18 12:23:41,710][flwr][INFO] - configure_evaluate: strategy sampled 2 clients (out of 16)
[2024-08-18 12:23:42,392][flwr][INFO] - aggregate_evaluate: received 2 results and 0 failures
[2024-08-18 12:23:42,392][flwr][INFO] - 
[2024-08-18 12:23:42,392][flwr][INFO] - [ROUND 6]
[2024-08-18 12:23:42,392][flwr][INFO] - configure_fit: strategy sampled 8 clients (out of 16)
[2024-08-18 12:24:02,328][flwr][INFO] - aggregate_fit: received 8 results and 0 failures
[2024-08-18 12:24:07,494][flwr][INFO] - fit progress: (6, 141.5120120048523, {'accuracy': 0.625}, 152.96240070500062)
[2024-08-18 12:24:07,494][flwr][INFO] - configure_evaluate: strategy sampled 2 clients (out of 16)
[2024-08-18 12:24:08,268][flwr][INFO] - aggregate_evaluate: received 2 results and 0 failures
[2024-08-18 12:24:08,268][flwr][INFO] - 
[2024-08-18 12:24:08,268][flwr][INFO] - [ROUND 7]
[2024-08-18 12:24:08,269][flwr][INFO] - configure_fit: strategy sampled 8 clients (out of 16)
[2024-08-18 12:24:27,165][flwr][INFO] - aggregate_fit: received 8 results and 0 failures
[2024-08-18 12:24:32,140][flwr][INFO] - fit progress: (7, 153.56368446350098, {'accuracy': 0.625}, 177.60824743297417)
[2024-08-18 12:24:32,140][flwr][INFO] - configure_evaluate: strategy sampled 2 clients (out of 16)
[2024-08-18 12:24:32,867][flwr][INFO] - aggregate_evaluate: received 2 results and 0 failures
[2024-08-18 12:24:32,867][flwr][INFO] - 
[2024-08-18 12:24:32,867][flwr][INFO] - [ROUND 8]
[2024-08-18 12:24:32,867][flwr][INFO] - configure_fit: strategy sampled 8 clients (out of 16)
