[2024-09-10 14:45:19,853][flwr][INFO] - Starting Flower simulation, config: num_rounds=100, no round_timeout
[2024-09-10 14:45:23,129][flwr][INFO] - Flower VCE: Ray initialized with resources: {'CPU': 256.0, 'node:__internal_head__': 1.0, 'memory': 168638768538.0, 'node:115.145.172.224': 1.0, 'object_store_memory': 76559472230.0, 'accelerator_type:G': 1.0, 'GPU': 1.0}
[2024-09-10 14:45:23,129][flwr][INFO] - Optimize your simulation with Flower VCE: https://flower.ai/docs/framework/how-to-run-simulations.html
[2024-09-10 14:45:23,129][flwr][INFO] - Flower VCE: Resources for each Virtual Client: {'num_cpus': 16, 'num_gpus': 0.25}
[2024-09-10 14:45:23,149][flwr][INFO] - Flower VCE: Creating VirtualClientEngineActorPool with 4 actors
[2024-09-10 14:45:23,150][flwr][INFO] - [INIT]
[2024-09-10 14:45:23,150][flwr][INFO] - Requesting initial parameters from one random client
[2024-09-10 14:45:27,083][flwr][INFO] - Received initial parameters from one random client
[2024-09-10 14:45:27,084][flwr][INFO] - Evaluating initial global parameters
[2024-09-10 14:45:33,021][flwr][INFO] - initial parameters (loss, other metrics): 241.2980194091797, {'accuracy': 0.06577024261911722}
[2024-09-10 14:45:33,021][flwr][INFO] - 
[2024-09-10 14:45:33,021][flwr][INFO] - [ROUND 1]
[2024-09-10 14:45:33,022][flwr][INFO] - configure_fit: strategy sampled 5 clients (out of 50)
[2024-09-10 14:45:37,921][flwr][INFO] - aggregate_fit: received 5 results and 0 failures
[2024-09-10 14:45:38,126][flwr][WARNING] - No fit_metrics_aggregation_fn provided
[2024-09-10 14:45:43,606][flwr][INFO] - fit progress: (1, 241.31482076644897, {'accuracy': 0.14527915814089448}, 10.584292541258037)
[2024-09-10 14:45:43,606][flwr][INFO] - configure_evaluate: strategy sampled 2 clients (out of 50)
[2024-09-10 14:45:43,972][flwr][INFO] - aggregate_evaluate: received 2 results and 0 failures
[2024-09-10 14:45:43,972][flwr][INFO] - 
[2024-09-10 14:45:43,972][flwr][INFO] - [ROUND 2]
[2024-09-10 14:45:43,972][flwr][INFO] - configure_fit: strategy sampled 5 clients (out of 50)
[2024-09-10 14:45:47,708][flwr][INFO] - aggregate_fit: received 5 results and 0 failures
[2024-09-10 14:45:53,503][flwr][INFO] - fit progress: (2, 205.47433400154114, {'accuracy': 0.4288219818766443}, 20.481754632201046)
[2024-09-10 14:45:53,504][flwr][INFO] - configure_evaluate: strategy sampled 2 clients (out of 50)
[2024-09-10 14:45:53,870][flwr][INFO] - aggregate_evaluate: received 2 results and 0 failures
[2024-09-10 14:45:53,870][flwr][INFO] - 
[2024-09-10 14:45:53,870][flwr][INFO] - [ROUND 3]
[2024-09-10 14:45:53,870][flwr][INFO] - configure_fit: strategy sampled 5 clients (out of 50)
[2024-09-10 14:45:56,966][flwr][INFO] - aggregate_fit: received 5 results and 0 failures
[2024-09-10 14:46:02,438][flwr][INFO] - fit progress: (3, 178.00980269908905, {'accuracy': 0.4668225665010231}, 29.41707611316815)
[2024-09-10 14:46:02,439][flwr][INFO] - configure_evaluate: strategy sampled 2 clients (out of 50)
[2024-09-10 14:46:02,756][flwr][INFO] - aggregate_evaluate: received 2 results and 0 failures
[2024-09-10 14:46:02,757][flwr][INFO] - 
[2024-09-10 14:46:02,757][flwr][INFO] - [ROUND 4]
[2024-09-10 14:46:02,757][flwr][INFO] - configure_fit: strategy sampled 5 clients (out of 50)
[2024-09-10 14:46:05,922][flwr][INFO] - aggregate_fit: received 5 results and 0 failures
[2024-09-10 14:46:11,628][flwr][INFO] - fit progress: (4, 200.61436188220978, {'accuracy': 0.3300204618532593}, 38.606876811012626)
[2024-09-10 14:46:11,629][flwr][INFO] - configure_evaluate: strategy sampled 2 clients (out of 50)
[2024-09-10 14:46:12,063][flwr][INFO] - aggregate_evaluate: received 2 results and 0 failures
[2024-09-10 14:46:12,063][flwr][INFO] - 
[2024-09-10 14:46:12,063][flwr][INFO] - [ROUND 5]
[2024-09-10 14:46:12,063][flwr][INFO] - configure_fit: strategy sampled 5 clients (out of 50)
[2024-09-10 14:46:15,198][flwr][INFO] - aggregate_fit: received 5 results and 0 failures
[2024-09-10 14:46:20,522][flwr][INFO] - fit progress: (5, 162.00790095329285, {'accuracy': 0.575270388775212}, 47.50107364822179)
[2024-09-10 14:46:20,523][flwr][INFO] - configure_evaluate: strategy sampled 2 clients (out of 50)
[2024-09-10 14:46:20,970][flwr][INFO] - aggregate_evaluate: received 2 results and 0 failures
[2024-09-10 14:46:20,970][flwr][INFO] - 
[2024-09-10 14:46:20,970][flwr][INFO] - [ROUND 6]
[2024-09-10 14:46:20,970][flwr][INFO] - configure_fit: strategy sampled 5 clients (out of 50)
[2024-09-10 14:46:24,743][flwr][INFO] - aggregate_fit: received 5 results and 0 failures
[2024-09-10 14:46:30,111][flwr][INFO] - fit progress: (6, 205.05334377288818, {'accuracy': 0.4600993861444022}, 57.08974977629259)
[2024-09-10 14:46:30,112][flwr][INFO] - configure_evaluate: strategy sampled 2 clients (out of 50)
[2024-09-10 14:46:30,398][flwr][INFO] - aggregate_evaluate: received 2 results and 0 failures
[2024-09-10 14:46:30,398][flwr][INFO] - 
[2024-09-10 14:46:30,398][flwr][INFO] - [ROUND 7]
[2024-09-10 14:46:30,398][flwr][INFO] - configure_fit: strategy sampled 5 clients (out of 50)
[2024-09-10 14:46:33,264][flwr][INFO] - aggregate_fit: received 5 results and 0 failures
[2024-09-10 14:46:38,615][flwr][INFO] - fit progress: (7, 282.9990440607071, {'accuracy': 0.3066354866997954}, 65.59328731521964)
[2024-09-10 14:46:38,615][flwr][INFO] - configure_evaluate: strategy sampled 2 clients (out of 50)
[2024-09-10 14:46:39,125][flwr][INFO] - aggregate_evaluate: received 2 results and 0 failures
[2024-09-10 14:46:39,126][flwr][INFO] - 
[2024-09-10 14:46:39,126][flwr][INFO] - [ROUND 8]
[2024-09-10 14:46:39,126][flwr][INFO] - configure_fit: strategy sampled 5 clients (out of 50)
[2024-09-10 14:46:42,553][flwr][INFO] - aggregate_fit: received 5 results and 0 failures
[2024-09-10 14:46:47,861][flwr][INFO] - fit progress: (8, 171.56346237659454, {'accuracy': 0.456007015492546}, 74.8397923852317)
[2024-09-10 14:46:47,861][flwr][INFO] - configure_evaluate: strategy sampled 2 clients (out of 50)
[2024-09-10 14:46:48,282][flwr][INFO] - aggregate_evaluate: received 2 results and 0 failures
[2024-09-10 14:46:48,282][flwr][INFO] - 
[2024-09-10 14:46:48,283][flwr][INFO] - [ROUND 9]
[2024-09-10 14:46:48,283][flwr][INFO] - configure_fit: strategy sampled 5 clients (out of 50)
[2024-09-10 14:46:51,766][flwr][INFO] - aggregate_fit: received 5 results and 0 failures
[2024-09-10 14:46:57,762][flwr][INFO] - fit progress: (9, 219.89697873592377, {'accuracy': 0.4405144694533762}, 84.74103754526004)
[2024-09-10 14:46:57,763][flwr][INFO] - configure_evaluate: strategy sampled 2 clients (out of 50)
[2024-09-10 14:46:58,103][flwr][INFO] - aggregate_evaluate: received 2 results and 0 failures
[2024-09-10 14:46:58,104][flwr][INFO] - 
[2024-09-10 14:46:58,104][flwr][INFO] - [ROUND 10]
[2024-09-10 14:46:58,104][flwr][INFO] - configure_fit: strategy sampled 5 clients (out of 50)
[2024-09-10 14:47:01,388][flwr][INFO] - aggregate_fit: received 5 results and 0 failures
[2024-09-10 14:47:06,945][flwr][INFO] - fit progress: (10, 223.19357991218567, {'accuracy': 0.3741596024554224}, 93.92363601503894)
[2024-09-10 14:47:06,945][flwr][INFO] - configure_evaluate: strategy sampled 2 clients (out of 50)
[2024-09-10 14:47:07,323][flwr][INFO] - aggregate_evaluate: received 2 results and 0 failures
[2024-09-10 14:47:07,323][flwr][INFO] - 
[2024-09-10 14:47:07,323][flwr][INFO] - [ROUND 11]
[2024-09-10 14:47:07,323][flwr][INFO] - configure_fit: strategy sampled 5 clients (out of 50)
[2024-09-10 14:47:10,450][flwr][INFO] - aggregate_fit: received 5 results and 0 failures
[2024-09-10 14:47:16,158][flwr][INFO] - fit progress: (11, 190.6781588792801, {'accuracy': 0.3539900613855598}, 103.13692208332941)
[2024-09-10 14:47:16,158][flwr][INFO] - configure_evaluate: strategy sampled 2 clients (out of 50)
[2024-09-10 14:47:16,610][flwr][INFO] - aggregate_evaluate: received 2 results and 0 failures
[2024-09-10 14:47:16,611][flwr][INFO] - 
[2024-09-10 14:47:16,611][flwr][INFO] - [ROUND 12]
[2024-09-10 14:47:16,611][flwr][INFO] - configure_fit: strategy sampled 5 clients (out of 50)
[2024-09-10 14:47:20,031][flwr][INFO] - aggregate_fit: received 5 results and 0 failures
[2024-09-10 14:47:25,142][flwr][INFO] - fit progress: (12, 251.12331008911133, {'accuracy': 0.445191464484069}, 112.12103256536648)
[2024-09-10 14:47:25,143][flwr][INFO] - configure_evaluate: strategy sampled 2 clients (out of 50)
[2024-09-10 14:47:25,560][flwr][INFO] - aggregate_evaluate: received 2 results and 0 failures
[2024-09-10 14:47:25,561][flwr][INFO] - 
[2024-09-10 14:47:25,561][flwr][INFO] - [ROUND 13]
[2024-09-10 14:47:25,561][flwr][INFO] - configure_fit: strategy sampled 5 clients (out of 50)
[2024-09-10 14:47:28,781][flwr][INFO] - aggregate_fit: received 5 results and 0 failures
[2024-09-10 14:47:33,586][flwr][INFO] - fit progress: (13, 162.65664649009705, {'accuracy': 0.5872551885413622}, 120.56474993517622)
[2024-09-10 14:47:33,587][flwr][INFO] - configure_evaluate: strategy sampled 2 clients (out of 50)
[2024-09-10 14:47:33,949][flwr][INFO] - aggregate_evaluate: received 2 results and 0 failures
[2024-09-10 14:47:33,949][flwr][INFO] - 
[2024-09-10 14:47:33,949][flwr][INFO] - [ROUND 14]
[2024-09-10 14:47:33,949][flwr][INFO] - configure_fit: strategy sampled 5 clients (out of 50)
[2024-09-10 14:47:37,007][flwr][INFO] - aggregate_fit: received 5 results and 0 failures
[2024-09-10 14:47:41,754][flwr][INFO] - fit progress: (14, 191.0366393327713, {'accuracy': 0.5092078339666765}, 128.7328332043253)
[2024-09-10 14:47:41,754][flwr][INFO] - configure_evaluate: strategy sampled 2 clients (out of 50)
[2024-09-10 14:47:42,099][flwr][INFO] - aggregate_evaluate: received 2 results and 0 failures
[2024-09-10 14:47:42,099][flwr][INFO] - 
[2024-09-10 14:47:42,099][flwr][INFO] - [ROUND 15]
[2024-09-10 14:47:42,099][flwr][INFO] - configure_fit: strategy sampled 5 clients (out of 50)
[2024-09-10 14:47:45,298][flwr][INFO] - aggregate_fit: received 5 results and 0 failures
[2024-09-10 14:47:50,094][flwr][INFO] - fit progress: (15, 171.59518498182297, {'accuracy': 0.4820228003507746}, 137.07259516324848)
[2024-09-10 14:47:50,094][flwr][INFO] - configure_evaluate: strategy sampled 2 clients (out of 50)
[2024-09-10 14:47:50,397][flwr][INFO] - aggregate_evaluate: received 2 results and 0 failures
[2024-09-10 14:47:50,398][flwr][INFO] - 
[2024-09-10 14:47:50,398][flwr][INFO] - [ROUND 16]
[2024-09-10 14:47:50,398][flwr][INFO] - configure_fit: strategy sampled 5 clients (out of 50)
[2024-09-10 14:47:53,659][flwr][INFO] - aggregate_fit: received 5 results and 0 failures
[2024-09-10 14:47:59,266][flwr][INFO] - fit progress: (16, 184.59104907512665, {'accuracy': 0.33615901783104357}, 146.24455592641607)
[2024-09-10 14:47:59,266][flwr][INFO] - configure_evaluate: strategy sampled 2 clients (out of 50)
[2024-09-10 14:47:59,553][flwr][INFO] - aggregate_evaluate: received 2 results and 0 failures
[2024-09-10 14:47:59,554][flwr][INFO] - 
[2024-09-10 14:47:59,554][flwr][INFO] - [ROUND 17]
[2024-09-10 14:47:59,554][flwr][INFO] - configure_fit: strategy sampled 5 clients (out of 50)
[2024-09-10 14:48:02,790][flwr][INFO] - aggregate_fit: received 5 results and 0 failures
[2024-09-10 14:48:07,541][flwr][INFO] - fit progress: (17, 188.36215341091156, {'accuracy': 0.3458053200818474}, 154.51951364334673)
[2024-09-10 14:48:07,541][flwr][INFO] - configure_evaluate: strategy sampled 2 clients (out of 50)
[2024-09-10 14:48:07,946][flwr][INFO] - aggregate_evaluate: received 2 results and 0 failures
[2024-09-10 14:48:07,947][flwr][INFO] - 
[2024-09-10 14:48:07,947][flwr][INFO] - [ROUND 18]
[2024-09-10 14:48:07,947][flwr][INFO] - configure_fit: strategy sampled 5 clients (out of 50)
[2024-09-10 14:48:10,895][flwr][INFO] - aggregate_fit: received 5 results and 0 failures
[2024-09-10 14:48:15,791][flwr][INFO] - fit progress: (18, 163.87392699718475, {'accuracy': 0.5749780765857936}, 162.76980379829183)
[2024-09-10 14:48:15,792][flwr][INFO] - configure_evaluate: strategy sampled 2 clients (out of 50)
[2024-09-10 14:48:16,128][flwr][INFO] - aggregate_evaluate: received 2 results and 0 failures
[2024-09-10 14:48:16,128][flwr][INFO] - 
[2024-09-10 14:48:16,129][flwr][INFO] - [ROUND 19]
[2024-09-10 14:48:16,129][flwr][INFO] - configure_fit: strategy sampled 5 clients (out of 50)
[2024-09-10 14:48:19,007][flwr][INFO] - aggregate_fit: received 5 results and 0 failures
[2024-09-10 14:48:23,960][flwr][INFO] - fit progress: (19, 164.17906486988068, {'accuracy': 0.498976907337036}, 170.93856810918078)
[2024-09-10 14:48:23,960][flwr][INFO] - configure_evaluate: strategy sampled 2 clients (out of 50)
[2024-09-10 14:48:24,386][flwr][INFO] - aggregate_evaluate: received 2 results and 0 failures
[2024-09-10 14:48:24,386][flwr][INFO] - 
[2024-09-10 14:48:24,386][flwr][INFO] - [ROUND 20]
[2024-09-10 14:48:24,386][flwr][INFO] - configure_fit: strategy sampled 5 clients (out of 50)
[2024-09-10 14:48:27,698][flwr][INFO] - aggregate_fit: received 5 results and 0 failures
[2024-09-10 14:48:32,451][flwr][INFO] - fit progress: (20, 221.35065400600433, {'accuracy': 0.43174510377082725}, 179.43018409842625)
[2024-09-10 14:48:32,452][flwr][INFO] - configure_evaluate: strategy sampled 2 clients (out of 50)
[2024-09-10 14:48:32,885][flwr][INFO] - aggregate_evaluate: received 2 results and 0 failures
[2024-09-10 14:48:32,885][flwr][INFO] - 
[2024-09-10 14:48:32,885][flwr][INFO] - [ROUND 21]
[2024-09-10 14:48:32,885][flwr][INFO] - configure_fit: strategy sampled 5 clients (out of 50)
[2024-09-10 14:48:36,057][flwr][INFO] - aggregate_fit: received 5 results and 0 failures
[2024-09-10 14:48:40,851][flwr][INFO] - fit progress: (21, 146.9133974313736, {'accuracy': 0.5346389944460684}, 187.83006728813052)
[2024-09-10 14:48:40,852][flwr][INFO] - configure_evaluate: strategy sampled 2 clients (out of 50)
[2024-09-10 14:48:41,180][flwr][INFO] - aggregate_evaluate: received 2 results and 0 failures
[2024-09-10 14:48:41,180][flwr][INFO] - 
[2024-09-10 14:48:41,180][flwr][INFO] - [ROUND 22]
[2024-09-10 14:48:41,181][flwr][INFO] - configure_fit: strategy sampled 5 clients (out of 50)
[2024-09-10 14:48:44,343][flwr][INFO] - aggregate_fit: received 5 results and 0 failures
[2024-09-10 14:48:49,107][flwr][INFO] - fit progress: (22, 125.75684475898743, {'accuracy': 0.5849166910260157}, 196.0861524073407)
[2024-09-10 14:48:49,108][flwr][INFO] - configure_evaluate: strategy sampled 2 clients (out of 50)
[2024-09-10 14:48:49,493][flwr][INFO] - aggregate_evaluate: received 2 results and 0 failures
[2024-09-10 14:48:49,493][flwr][INFO] - 
[2024-09-10 14:48:49,493][flwr][INFO] - [ROUND 23]
[2024-09-10 14:48:49,493][flwr][INFO] - configure_fit: strategy sampled 5 clients (out of 50)
[2024-09-10 14:48:53,032][flwr][INFO] - aggregate_fit: received 5 results and 0 failures
[2024-09-10 14:48:57,762][flwr][INFO] - fit progress: (23, 195.6521143913269, {'accuracy': 0.532300496930722}, 204.7411185260862)
[2024-09-10 14:48:57,763][flwr][INFO] - configure_evaluate: strategy sampled 2 clients (out of 50)
[2024-09-10 14:48:58,196][flwr][INFO] - aggregate_evaluate: received 2 results and 0 failures
[2024-09-10 14:48:58,196][flwr][INFO] - 
[2024-09-10 14:48:58,196][flwr][INFO] - [ROUND 24]
[2024-09-10 14:48:58,196][flwr][INFO] - configure_fit: strategy sampled 5 clients (out of 50)
[2024-09-10 14:49:01,172][flwr][INFO] - aggregate_fit: received 5 results and 0 failures
[2024-09-10 14:49:05,923][flwr][INFO] - fit progress: (24, 157.30343103408813, {'accuracy': 0.5653317743349898}, 212.9022113182582)
[2024-09-10 14:49:05,924][flwr][INFO] - configure_evaluate: strategy sampled 2 clients (out of 50)
[2024-09-10 14:49:06,223][flwr][INFO] - aggregate_evaluate: received 2 results and 0 failures
[2024-09-10 14:49:06,223][flwr][INFO] - 
[2024-09-10 14:49:06,223][flwr][INFO] - [ROUND 25]
[2024-09-10 14:49:06,223][flwr][INFO] - configure_fit: strategy sampled 5 clients (out of 50)
[2024-09-10 14:49:09,516][flwr][INFO] - aggregate_fit: received 5 results and 0 failures
[2024-09-10 14:49:14,282][flwr][INFO] - fit progress: (25, 164.29249238967896, {'accuracy': 0.5463314820228004}, 221.26047591213137)
[2024-09-10 14:49:14,282][flwr][INFO] - configure_evaluate: strategy sampled 2 clients (out of 50)
[2024-09-10 14:49:14,587][flwr][INFO] - aggregate_evaluate: received 2 results and 0 failures
[2024-09-10 14:49:14,587][flwr][INFO] - 
[2024-09-10 14:49:14,587][flwr][INFO] - [ROUND 26]
[2024-09-10 14:49:14,587][flwr][INFO] - configure_fit: strategy sampled 5 clients (out of 50)
[2024-09-10 14:49:17,402][flwr][INFO] - aggregate_fit: received 5 results and 0 failures
[2024-09-10 14:49:22,251][flwr][INFO] - fit progress: (26, 163.69846045970917, {'accuracy': 0.4937152879275066}, 229.2295721420087)
[2024-09-10 14:49:22,251][flwr][INFO] - configure_evaluate: strategy sampled 2 clients (out of 50)
[2024-09-10 14:49:22,554][flwr][INFO] - aggregate_evaluate: received 2 results and 0 failures
[2024-09-10 14:49:22,554][flwr][INFO] - 
[2024-09-10 14:49:22,554][flwr][INFO] - [ROUND 27]
[2024-09-10 14:49:22,555][flwr][INFO] - configure_fit: strategy sampled 5 clients (out of 50)
[2024-09-10 14:49:25,770][flwr][INFO] - aggregate_fit: received 5 results and 0 failures
[2024-09-10 14:49:30,617][flwr][INFO] - fit progress: (27, 152.07761526107788, {'accuracy': 0.49868459514761765}, 237.59560939623043)
[2024-09-10 14:49:30,617][flwr][INFO] - configure_evaluate: strategy sampled 2 clients (out of 50)
[2024-09-10 14:49:30,940][flwr][INFO] - aggregate_evaluate: received 2 results and 0 failures
[2024-09-10 14:49:30,941][flwr][INFO] - 
[2024-09-10 14:49:30,941][flwr][INFO] - [ROUND 28]
[2024-09-10 14:49:30,941][flwr][INFO] - configure_fit: strategy sampled 5 clients (out of 50)
[2024-09-10 14:49:34,239][flwr][INFO] - aggregate_fit: received 5 results and 0 failures
[2024-09-10 14:49:38,949][flwr][INFO] - fit progress: (28, 154.88323539495468, {'accuracy': 0.6591639871382636}, 245.92740329541266)
[2024-09-10 14:49:38,949][flwr][INFO] - configure_evaluate: strategy sampled 2 clients (out of 50)
[2024-09-10 14:49:39,255][flwr][INFO] - aggregate_evaluate: received 2 results and 0 failures
[2024-09-10 14:49:39,256][flwr][INFO] - 
[2024-09-10 14:49:39,256][flwr][INFO] - [ROUND 29]
[2024-09-10 14:49:39,256][flwr][INFO] - configure_fit: strategy sampled 5 clients (out of 50)
[2024-09-10 14:49:42,635][flwr][INFO] - aggregate_fit: received 5 results and 0 failures
[2024-09-10 14:49:47,585][flwr][INFO] - fit progress: (29, 152.408806681633, {'accuracy': 0.597778427360421}, 254.56416233815253)
[2024-09-10 14:49:47,586][flwr][INFO] - configure_evaluate: strategy sampled 2 clients (out of 50)
[2024-09-10 14:49:47,960][flwr][INFO] - aggregate_evaluate: received 2 results and 0 failures
[2024-09-10 14:49:47,960][flwr][INFO] - 
[2024-09-10 14:49:47,960][flwr][INFO] - [ROUND 30]
[2024-09-10 14:49:47,961][flwr][INFO] - configure_fit: strategy sampled 5 clients (out of 50)
[2024-09-10 14:49:50,886][flwr][INFO] - aggregate_fit: received 5 results and 0 failures
[2024-09-10 14:49:55,628][flwr][INFO] - fit progress: (30, 131.61821907758713, {'accuracy': 0.5311312481730488}, 262.60630144225433)
[2024-09-10 14:49:55,628][flwr][INFO] - configure_evaluate: strategy sampled 2 clients (out of 50)
[2024-09-10 14:49:55,963][flwr][INFO] - aggregate_evaluate: received 2 results and 0 failures
[2024-09-10 14:49:55,963][flwr][INFO] - 
[2024-09-10 14:49:55,963][flwr][INFO] - [ROUND 31]
[2024-09-10 14:49:55,963][flwr][INFO] - configure_fit: strategy sampled 5 clients (out of 50)
[2024-09-10 14:49:59,056][flwr][INFO] - aggregate_fit: received 5 results and 0 failures
[2024-09-10 14:50:03,800][flwr][INFO] - fit progress: (31, 165.53947192430496, {'accuracy': 0.5460391698333821}, 270.77925751311705)
[2024-09-10 14:50:03,801][flwr][INFO] - configure_evaluate: strategy sampled 2 clients (out of 50)
[2024-09-10 14:50:04,129][flwr][INFO] - aggregate_evaluate: received 2 results and 0 failures
[2024-09-10 14:50:04,130][flwr][INFO] - 
[2024-09-10 14:50:04,130][flwr][INFO] - [ROUND 32]
[2024-09-10 14:50:04,130][flwr][INFO] - configure_fit: strategy sampled 5 clients (out of 50)
[2024-09-10 14:50:07,318][flwr][INFO] - aggregate_fit: received 5 results and 0 failures
[2024-09-10 14:50:12,027][flwr][INFO] - fit progress: (32, 219.7124559879303, {'accuracy': 0.4820228003507746}, 279.00626600021496)
[2024-09-10 14:50:12,028][flwr][INFO] - configure_evaluate: strategy sampled 2 clients (out of 50)
[2024-09-10 14:50:12,428][flwr][INFO] - aggregate_evaluate: received 2 results and 0 failures
[2024-09-10 14:50:12,428][flwr][INFO] - 
[2024-09-10 14:50:12,429][flwr][INFO] - [ROUND 33]
[2024-09-10 14:50:12,429][flwr][INFO] - configure_fit: strategy sampled 5 clients (out of 50)
[2024-09-10 14:50:15,731][flwr][INFO] - aggregate_fit: received 5 results and 0 failures
[2024-09-10 14:50:21,321][flwr][INFO] - fit progress: (33, 135.7846639752388, {'accuracy': 0.5618240280619702}, 288.2997226980515)
[2024-09-10 14:50:21,322][flwr][INFO] - configure_evaluate: strategy sampled 2 clients (out of 50)
[2024-09-10 14:50:21,634][flwr][INFO] - aggregate_evaluate: received 2 results and 0 failures
[2024-09-10 14:50:21,635][flwr][INFO] - 
[2024-09-10 14:50:21,635][flwr][INFO] - [ROUND 34]
[2024-09-10 14:50:21,635][flwr][INFO] - configure_fit: strategy sampled 5 clients (out of 50)
[2024-09-10 14:50:25,027][flwr][INFO] - aggregate_fit: received 5 results and 0 failures
[2024-09-10 14:50:29,736][flwr][INFO] - fit progress: (34, 142.33276599645615, {'accuracy': 0.45103770827243495}, 296.71466451510787)
[2024-09-10 14:50:29,736][flwr][INFO] - configure_evaluate: strategy sampled 2 clients (out of 50)
[2024-09-10 14:50:30,167][flwr][INFO] - aggregate_evaluate: received 2 results and 0 failures
[2024-09-10 14:50:30,167][flwr][INFO] - 
[2024-09-10 14:50:30,167][flwr][INFO] - [ROUND 35]
[2024-09-10 14:50:30,168][flwr][INFO] - configure_fit: strategy sampled 5 clients (out of 50)
[2024-09-10 14:50:32,835][flwr][INFO] - aggregate_fit: received 5 results and 0 failures
[2024-09-10 14:50:38,384][flwr][INFO] - fit progress: (35, 144.7146612405777, {'accuracy': 0.6182402806197018}, 305.3632228174247)
[2024-09-10 14:50:38,385][flwr][INFO] - configure_evaluate: strategy sampled 2 clients (out of 50)
[2024-09-10 14:50:38,778][flwr][INFO] - aggregate_evaluate: received 2 results and 0 failures
[2024-09-10 14:50:38,778][flwr][INFO] - 
[2024-09-10 14:50:38,778][flwr][INFO] - [ROUND 36]
[2024-09-10 14:50:38,778][flwr][INFO] - configure_fit: strategy sampled 5 clients (out of 50)
[2024-09-10 14:50:41,626][flwr][INFO] - aggregate_fit: received 5 results and 0 failures
[2024-09-10 14:50:46,277][flwr][INFO] - fit progress: (36, 122.20724761486053, {'accuracy': 0.7138263665594855}, 313.2558825374581)
[2024-09-10 14:50:46,278][flwr][INFO] - configure_evaluate: strategy sampled 2 clients (out of 50)
[2024-09-10 14:50:46,578][flwr][INFO] - aggregate_evaluate: received 2 results and 0 failures
[2024-09-10 14:50:46,578][flwr][INFO] - 
[2024-09-10 14:50:46,578][flwr][INFO] - [ROUND 37]
[2024-09-10 14:50:46,578][flwr][INFO] - configure_fit: strategy sampled 5 clients (out of 50)
[2024-09-10 14:50:50,239][flwr][INFO] - aggregate_fit: received 5 results and 0 failures
[2024-09-10 14:50:54,970][flwr][INFO] - fit progress: (37, 139.89276617765427, {'accuracy': 0.5404852382344344}, 321.9490370010026)
[2024-09-10 14:50:54,971][flwr][INFO] - configure_evaluate: strategy sampled 2 clients (out of 50)
[2024-09-10 14:50:55,386][flwr][INFO] - aggregate_evaluate: received 2 results and 0 failures
[2024-09-10 14:50:55,386][flwr][INFO] - 
[2024-09-10 14:50:55,386][flwr][INFO] - [ROUND 38]
[2024-09-10 14:50:55,386][flwr][INFO] - configure_fit: strategy sampled 5 clients (out of 50)
[2024-09-10 14:50:58,683][flwr][INFO] - aggregate_fit: received 5 results and 0 failures
[2024-09-10 14:51:03,348][flwr][INFO] - fit progress: (38, 104.81784230470657, {'accuracy': 0.6767027185033616}, 330.3268924760632)
[2024-09-10 14:51:03,348][flwr][INFO] - configure_evaluate: strategy sampled 2 clients (out of 50)
[2024-09-10 14:51:03,655][flwr][INFO] - aggregate_evaluate: received 2 results and 0 failures
[2024-09-10 14:51:03,655][flwr][INFO] - 
[2024-09-10 14:51:03,655][flwr][INFO] - [ROUND 39]
[2024-09-10 14:51:03,655][flwr][INFO] - configure_fit: strategy sampled 5 clients (out of 50)
[2024-09-10 14:51:07,027][flwr][INFO] - aggregate_fit: received 5 results and 0 failures
[2024-09-10 14:51:11,657][flwr][INFO] - fit progress: (39, 114.91736322641373, {'accuracy': 0.6650102309266296}, 338.63575669704005)
[2024-09-10 14:51:11,657][flwr][INFO] - configure_evaluate: strategy sampled 2 clients (out of 50)
[2024-09-10 14:51:12,004][flwr][INFO] - aggregate_evaluate: received 2 results and 0 failures
[2024-09-10 14:51:12,004][flwr][INFO] - 
[2024-09-10 14:51:12,004][flwr][INFO] - [ROUND 40]
[2024-09-10 14:51:12,004][flwr][INFO] - configure_fit: strategy sampled 5 clients (out of 50)
[2024-09-10 14:51:14,807][flwr][INFO] - aggregate_fit: received 5 results and 0 failures
[2024-09-10 14:51:19,471][flwr][INFO] - fit progress: (40, 170.16917824745178, {'accuracy': 0.56357790119848}, 346.4493929883465)
[2024-09-10 14:51:19,471][flwr][INFO] - configure_evaluate: strategy sampled 2 clients (out of 50)
[2024-09-10 14:51:19,762][flwr][INFO] - aggregate_evaluate: received 2 results and 0 failures
[2024-09-10 14:51:19,762][flwr][INFO] - 
[2024-09-10 14:51:19,762][flwr][INFO] - [ROUND 41]
[2024-09-10 14:51:19,762][flwr][INFO] - configure_fit: strategy sampled 5 clients (out of 50)
[2024-09-10 14:51:22,415][flwr][INFO] - aggregate_fit: received 5 results and 0 failures
[2024-09-10 14:51:27,101][flwr][INFO] - fit progress: (41, 172.6858503818512, {'accuracy': 0.5007307804735458}, 354.07948605017737)
[2024-09-10 14:51:27,101][flwr][INFO] - configure_evaluate: strategy sampled 2 clients (out of 50)
[2024-09-10 14:51:27,402][flwr][INFO] - aggregate_evaluate: received 2 results and 0 failures
[2024-09-10 14:51:27,403][flwr][INFO] - 
[2024-09-10 14:51:27,403][flwr][INFO] - [ROUND 42]
[2024-09-10 14:51:27,403][flwr][INFO] - configure_fit: strategy sampled 5 clients (out of 50)
[2024-09-10 14:51:30,556][flwr][INFO] - aggregate_fit: received 5 results and 0 failures
[2024-09-10 14:51:35,597][flwr][INFO] - fit progress: (42, 117.80212891101837, {'accuracy': 0.6655948553054662}, 362.5760785420425)
[2024-09-10 14:51:35,598][flwr][INFO] - configure_evaluate: strategy sampled 2 clients (out of 50)
[2024-09-10 14:51:35,934][flwr][INFO] - aggregate_evaluate: received 2 results and 0 failures
[2024-09-10 14:51:35,934][flwr][INFO] - 
[2024-09-10 14:51:35,935][flwr][INFO] - [ROUND 43]
[2024-09-10 14:51:35,935][flwr][INFO] - configure_fit: strategy sampled 5 clients (out of 50)
[2024-09-10 14:51:39,294][flwr][INFO] - aggregate_fit: received 5 results and 0 failures
[2024-09-10 14:51:44,002][flwr][INFO] - fit progress: (43, 126.21179789304733, {'accuracy': 0.57731657410114}, 370.9811730743386)
[2024-09-10 14:51:44,003][flwr][INFO] - configure_evaluate: strategy sampled 2 clients (out of 50)
[2024-09-10 14:51:44,310][flwr][INFO] - aggregate_evaluate: received 2 results and 0 failures
[2024-09-10 14:51:44,310][flwr][INFO] - 
[2024-09-10 14:51:44,310][flwr][INFO] - [ROUND 44]
[2024-09-10 14:51:44,310][flwr][INFO] - configure_fit: strategy sampled 5 clients (out of 50)
[2024-09-10 14:51:47,257][flwr][INFO] - aggregate_fit: received 5 results and 0 failures
[2024-09-10 14:51:51,934][flwr][INFO] - fit progress: (44, 202.81818175315857, {'accuracy': 0.3960830166617948}, 378.91287140129134)
[2024-09-10 14:51:51,934][flwr][INFO] - configure_evaluate: strategy sampled 2 clients (out of 50)
[2024-09-10 14:51:52,230][flwr][INFO] - aggregate_evaluate: received 2 results and 0 failures
[2024-09-10 14:51:52,230][flwr][INFO] - 
[2024-09-10 14:51:52,230][flwr][INFO] - [ROUND 45]
[2024-09-10 14:51:52,230][flwr][INFO] - configure_fit: strategy sampled 5 clients (out of 50)
[2024-09-10 14:51:55,479][flwr][INFO] - aggregate_fit: received 5 results and 0 failures
[2024-09-10 14:52:00,191][flwr][INFO] - fit progress: (45, 143.86907690763474, {'accuracy': 0.5168079508915522}, 387.1696383333765)
[2024-09-10 14:52:00,191][flwr][INFO] - configure_evaluate: strategy sampled 2 clients (out of 50)
[2024-09-10 14:52:00,503][flwr][INFO] - aggregate_evaluate: received 2 results and 0 failures
[2024-09-10 14:52:00,503][flwr][INFO] - 
[2024-09-10 14:52:00,503][flwr][INFO] - [ROUND 46]
[2024-09-10 14:52:00,503][flwr][INFO] - configure_fit: strategy sampled 5 clients (out of 50)
[2024-09-10 14:52:03,352][flwr][INFO] - aggregate_fit: received 5 results and 0 failures
[2024-09-10 14:52:08,101][flwr][INFO] - fit progress: (46, 143.21352183818817, {'accuracy': 0.5404852382344344}, 395.0798133960925)
[2024-09-10 14:52:08,101][flwr][INFO] - configure_evaluate: strategy sampled 2 clients (out of 50)
[2024-09-10 14:52:08,473][flwr][INFO] - aggregate_evaluate: received 2 results and 0 failures
[2024-09-10 14:52:08,473][flwr][INFO] - 
[2024-09-10 14:52:08,473][flwr][INFO] - [ROUND 47]
[2024-09-10 14:52:08,473][flwr][INFO] - configure_fit: strategy sampled 5 clients (out of 50)
[2024-09-10 14:52:11,812][flwr][INFO] - aggregate_fit: received 5 results and 0 failures
[2024-09-10 14:52:16,574][flwr][INFO] - fit progress: (47, 163.27844500541687, {'accuracy': 0.554808535515931}, 403.55239151837304)
[2024-09-10 14:52:16,574][flwr][INFO] - configure_evaluate: strategy sampled 2 clients (out of 50)
[2024-09-10 14:52:17,074][flwr][INFO] - aggregate_evaluate: received 2 results and 0 failures
[2024-09-10 14:52:17,074][flwr][INFO] - 
[2024-09-10 14:52:17,074][flwr][INFO] - [ROUND 48]
[2024-09-10 14:52:17,074][flwr][INFO] - configure_fit: strategy sampled 5 clients (out of 50)
[2024-09-10 14:52:20,229][flwr][INFO] - aggregate_fit: received 5 results and 0 failures
[2024-09-10 14:52:25,027][flwr][INFO] - fit progress: (48, 122.00113534927368, {'accuracy': 0.5966091786027478}, 412.00530000030994)
[2024-09-10 14:52:25,027][flwr][INFO] - configure_evaluate: strategy sampled 2 clients (out of 50)
[2024-09-10 14:52:25,311][flwr][INFO] - aggregate_evaluate: received 2 results and 0 failures
[2024-09-10 14:52:25,311][flwr][INFO] - 
[2024-09-10 14:52:25,311][flwr][INFO] - [ROUND 49]
[2024-09-10 14:52:25,311][flwr][INFO] - configure_fit: strategy sampled 5 clients (out of 50)
[2024-09-10 14:52:28,712][flwr][INFO] - aggregate_fit: received 5 results and 0 failures
[2024-09-10 14:52:35,059][flwr][INFO] - fit progress: (49, 113.19150418043137, {'accuracy': 0.6284712072493422}, 422.03791587939486)
[2024-09-10 14:52:35,060][flwr][INFO] - configure_evaluate: strategy sampled 2 clients (out of 50)
[2024-09-10 14:52:35,464][flwr][INFO] - aggregate_evaluate: received 2 results and 0 failures
[2024-09-10 14:52:35,464][flwr][INFO] - 
[2024-09-10 14:52:35,464][flwr][INFO] - [ROUND 50]
[2024-09-10 14:52:35,464][flwr][INFO] - configure_fit: strategy sampled 5 clients (out of 50)
[2024-09-10 14:52:38,931][flwr][INFO] - aggregate_fit: received 5 results and 0 failures
[2024-09-10 14:52:43,742][flwr][INFO] - fit progress: (50, 133.79846495389938, {'accuracy': 0.5878398129201988}, 430.720378681086)
[2024-09-10 14:52:43,742][flwr][INFO] - configure_evaluate: strategy sampled 2 clients (out of 50)
[2024-09-10 14:52:44,064][flwr][INFO] - aggregate_evaluate: received 2 results and 0 failures
[2024-09-10 14:52:44,064][flwr][INFO] - 
[2024-09-10 14:52:44,064][flwr][INFO] - [ROUND 51]
[2024-09-10 14:52:44,064][flwr][INFO] - configure_fit: strategy sampled 5 clients (out of 50)
[2024-09-10 14:52:47,314][flwr][INFO] - aggregate_fit: received 5 results and 0 failures
[2024-09-10 14:52:52,320][flwr][INFO] - fit progress: (51, 243.25384080410004, {'accuracy': 0.44343759134755917}, 439.2992712962441)
[2024-09-10 14:52:52,321][flwr][INFO] - configure_evaluate: strategy sampled 2 clients (out of 50)
[2024-09-10 14:52:52,615][flwr][INFO] - aggregate_evaluate: received 2 results and 0 failures
[2024-09-10 14:52:52,616][flwr][INFO] - 
[2024-09-10 14:52:52,616][flwr][INFO] - [ROUND 52]
[2024-09-10 14:52:52,616][flwr][INFO] - configure_fit: strategy sampled 5 clients (out of 50)
[2024-09-10 14:52:55,709][flwr][INFO] - aggregate_fit: received 5 results and 0 failures
[2024-09-10 14:53:00,436][flwr][INFO] - fit progress: (52, 141.5005038380623, {'accuracy': 0.636948260742473}, 447.4149010954425)
[2024-09-10 14:53:00,437][flwr][INFO] - configure_evaluate: strategy sampled 2 clients (out of 50)
[2024-09-10 14:53:00,780][flwr][INFO] - aggregate_evaluate: received 2 results and 0 failures
[2024-09-10 14:53:00,780][flwr][INFO] - 
[2024-09-10 14:53:00,780][flwr][INFO] - [ROUND 53]
[2024-09-10 14:53:00,780][flwr][INFO] - configure_fit: strategy sampled 5 clients (out of 50)
[2024-09-10 14:53:03,982][flwr][INFO] - aggregate_fit: received 5 results and 0 failures
[2024-09-10 14:53:08,679][flwr][INFO] - fit progress: (53, 108.68916094303131, {'accuracy': 0.6965799473838059}, 455.65759662212804)
[2024-09-10 14:53:08,679][flwr][INFO] - configure_evaluate: strategy sampled 2 clients (out of 50)
[2024-09-10 14:53:08,998][flwr][INFO] - aggregate_evaluate: received 2 results and 0 failures
[2024-09-10 14:53:08,998][flwr][INFO] - 
[2024-09-10 14:53:08,998][flwr][INFO] - [ROUND 54]
[2024-09-10 14:53:08,998][flwr][INFO] - configure_fit: strategy sampled 5 clients (out of 50)
[2024-09-10 14:53:12,123][flwr][INFO] - aggregate_fit: received 5 results and 0 failures
[2024-09-10 14:53:16,825][flwr][INFO] - fit progress: (54, 120.1280369758606, {'accuracy': 0.7062262496346098}, 463.8035629163496)
[2024-09-10 14:53:16,825][flwr][INFO] - configure_evaluate: strategy sampled 2 clients (out of 50)
[2024-09-10 14:53:17,110][flwr][INFO] - aggregate_evaluate: received 2 results and 0 failures
[2024-09-10 14:53:17,111][flwr][INFO] - 
[2024-09-10 14:53:17,111][flwr][INFO] - [ROUND 55]
[2024-09-10 14:53:17,111][flwr][INFO] - configure_fit: strategy sampled 5 clients (out of 50)
[2024-09-10 14:53:20,410][flwr][INFO] - aggregate_fit: received 5 results and 0 failures
[2024-09-10 14:53:25,077][flwr][INFO] - fit progress: (55, 168.16950380802155, {'accuracy': 0.5492546039169833}, 472.0558510283008)
[2024-09-10 14:53:25,077][flwr][INFO] - configure_evaluate: strategy sampled 2 clients (out of 50)
[2024-09-10 14:53:25,449][flwr][INFO] - aggregate_evaluate: received 2 results and 0 failures
[2024-09-10 14:53:25,449][flwr][INFO] - 
[2024-09-10 14:53:25,449][flwr][INFO] - [ROUND 56]
[2024-09-10 14:53:25,449][flwr][INFO] - configure_fit: strategy sampled 5 clients (out of 50)
[2024-09-10 14:53:28,095][flwr][INFO] - aggregate_fit: received 5 results and 0 failures
[2024-09-10 14:53:32,775][flwr][INFO] - fit progress: (56, 182.86519348621368, {'accuracy': 0.36451330020461853}, 479.753918454051)
[2024-09-10 14:53:32,776][flwr][INFO] - configure_evaluate: strategy sampled 2 clients (out of 50)
[2024-09-10 14:53:33,048][flwr][INFO] - aggregate_evaluate: received 2 results and 0 failures
[2024-09-10 14:53:33,049][flwr][INFO] - 
[2024-09-10 14:53:33,049][flwr][INFO] - [ROUND 57]
[2024-09-10 14:53:33,049][flwr][INFO] - configure_fit: strategy sampled 5 clients (out of 50)
[2024-09-10 14:53:36,402][flwr][INFO] - aggregate_fit: received 5 results and 0 failures
[2024-09-10 14:53:41,081][flwr][INFO] - fit progress: (57, 183.25288712978363, {'accuracy': 0.5846243788365975}, 488.06024073436856)
[2024-09-10 14:53:41,082][flwr][INFO] - configure_evaluate: strategy sampled 2 clients (out of 50)
[2024-09-10 14:53:41,355][flwr][INFO] - aggregate_evaluate: received 2 results and 0 failures
[2024-09-10 14:53:41,356][flwr][INFO] - 
[2024-09-10 14:53:41,356][flwr][INFO] - [ROUND 58]
[2024-09-10 14:53:41,356][flwr][INFO] - configure_fit: strategy sampled 5 clients (out of 50)
[2024-09-10 14:53:44,988][flwr][INFO] - aggregate_fit: received 5 results and 0 failures
[2024-09-10 14:53:49,687][flwr][INFO] - fit progress: (58, 148.93873125314713, {'accuracy': 0.5632855890090617}, 496.6658576610498)
[2024-09-10 14:53:49,687][flwr][INFO] - configure_evaluate: strategy sampled 2 clients (out of 50)
[2024-09-10 14:53:50,073][flwr][INFO] - aggregate_evaluate: received 2 results and 0 failures
[2024-09-10 14:53:50,073][flwr][INFO] - 
[2024-09-10 14:53:50,073][flwr][INFO] - [ROUND 59]
[2024-09-10 14:53:50,073][flwr][INFO] - configure_fit: strategy sampled 5 clients (out of 50)
[2024-09-10 14:53:53,321][flwr][INFO] - aggregate_fit: received 5 results and 0 failures
[2024-09-10 14:53:57,955][flwr][INFO] - fit progress: (59, 165.12534189224243, {'accuracy': 0.594855305466238}, 504.9340781890787)
[2024-09-10 14:53:57,956][flwr][INFO] - configure_evaluate: strategy sampled 2 clients (out of 50)
[2024-09-10 14:53:58,242][flwr][INFO] - aggregate_evaluate: received 2 results and 0 failures
[2024-09-10 14:53:58,243][flwr][INFO] - 
[2024-09-10 14:53:58,243][flwr][INFO] - [ROUND 60]
[2024-09-10 14:53:58,243][flwr][INFO] - configure_fit: strategy sampled 5 clients (out of 50)
[2024-09-10 14:54:01,336][flwr][INFO] - aggregate_fit: received 5 results and 0 failures
[2024-09-10 14:54:05,970][flwr][INFO] - fit progress: (60, 162.0516238808632, {'accuracy': 0.5030692779888921}, 512.9485398121178)
[2024-09-10 14:54:05,970][flwr][INFO] - configure_evaluate: strategy sampled 2 clients (out of 50)
[2024-09-10 14:54:06,304][flwr][INFO] - aggregate_evaluate: received 2 results and 0 failures
[2024-09-10 14:54:06,304][flwr][INFO] - 
[2024-09-10 14:54:06,304][flwr][INFO] - [ROUND 61]
[2024-09-10 14:54:06,305][flwr][INFO] - configure_fit: strategy sampled 5 clients (out of 50)
[2024-09-10 14:54:09,591][flwr][INFO] - aggregate_fit: received 5 results and 0 failures
[2024-09-10 14:54:14,207][flwr][INFO] - fit progress: (61, 156.93093085289001, {'accuracy': 0.5863782519731073}, 521.1853860323317)
[2024-09-10 14:54:14,207][flwr][INFO] - configure_evaluate: strategy sampled 2 clients (out of 50)
[2024-09-10 14:54:14,804][flwr][INFO] - aggregate_evaluate: received 2 results and 0 failures
[2024-09-10 14:54:14,804][flwr][INFO] - 
[2024-09-10 14:54:14,804][flwr][INFO] - [ROUND 62]
[2024-09-10 14:54:14,804][flwr][INFO] - configure_fit: strategy sampled 5 clients (out of 50)
[2024-09-10 14:54:17,963][flwr][INFO] - aggregate_fit: received 5 results and 0 failures
[2024-09-10 14:54:22,606][flwr][INFO] - fit progress: (62, 130.1241073012352, {'accuracy': 0.5688395206080094}, 529.5845883521251)
[2024-09-10 14:54:22,606][flwr][INFO] - configure_evaluate: strategy sampled 2 clients (out of 50)
[2024-09-10 14:54:22,974][flwr][INFO] - aggregate_evaluate: received 2 results and 0 failures
[2024-09-10 14:54:22,974][flwr][INFO] - 
[2024-09-10 14:54:22,975][flwr][INFO] - [ROUND 63]
[2024-09-10 14:54:22,975][flwr][INFO] - configure_fit: strategy sampled 5 clients (out of 50)
[2024-09-10 14:54:25,794][flwr][INFO] - aggregate_fit: received 5 results and 0 failures
[2024-09-10 14:54:31,355][flwr][INFO] - fit progress: (63, 153.3743278980255, {'accuracy': 0.6021631102016954}, 538.3335743551143)
[2024-09-10 14:54:31,355][flwr][INFO] - configure_evaluate: strategy sampled 2 clients (out of 50)
[2024-09-10 14:54:31,731][flwr][INFO] - aggregate_evaluate: received 2 results and 0 failures
[2024-09-10 14:54:31,732][flwr][INFO] - 
[2024-09-10 14:54:31,732][flwr][INFO] - [ROUND 64]
[2024-09-10 14:54:31,732][flwr][INFO] - configure_fit: strategy sampled 5 clients (out of 50)
[2024-09-10 14:54:34,536][flwr][INFO] - aggregate_fit: received 5 results and 0 failures
[2024-09-10 14:54:39,974][flwr][INFO] - fit progress: (64, 137.21662509441376, {'accuracy': 0.5933937445191464}, 546.9530526991002)
[2024-09-10 14:54:39,975][flwr][INFO] - configure_evaluate: strategy sampled 2 clients (out of 50)
[2024-09-10 14:54:40,321][flwr][INFO] - aggregate_evaluate: received 2 results and 0 failures
[2024-09-10 14:54:40,321][flwr][INFO] - 
[2024-09-10 14:54:40,321][flwr][INFO] - [ROUND 65]
[2024-09-10 14:54:40,321][flwr][INFO] - configure_fit: strategy sampled 5 clients (out of 50)
[2024-09-10 14:54:43,759][flwr][INFO] - aggregate_fit: received 5 results and 0 failures
[2024-09-10 14:54:48,498][flwr][INFO] - fit progress: (65, 155.09982347488403, {'accuracy': 0.600701549254604}, 555.4766165441833)
[2024-09-10 14:54:48,498][flwr][INFO] - configure_evaluate: strategy sampled 2 clients (out of 50)
[2024-09-10 14:54:48,801][flwr][INFO] - aggregate_evaluate: received 2 results and 0 failures
[2024-09-10 14:54:48,801][flwr][INFO] - 
[2024-09-10 14:54:48,801][flwr][INFO] - [ROUND 66]
[2024-09-10 14:54:48,801][flwr][INFO] - configure_fit: strategy sampled 5 clients (out of 50)
[2024-09-10 14:54:51,503][flwr][INFO] - aggregate_fit: received 5 results and 0 failures
[2024-09-10 14:54:56,178][flwr][INFO] - fit progress: (66, 122.3927052617073, {'accuracy': 0.6375328851213096}, 563.1568960580043)
[2024-09-10 14:54:56,179][flwr][INFO] - configure_evaluate: strategy sampled 2 clients (out of 50)
[2024-09-10 14:54:56,467][flwr][INFO] - aggregate_evaluate: received 2 results and 0 failures
[2024-09-10 14:54:56,467][flwr][INFO] - 
[2024-09-10 14:54:56,467][flwr][INFO] - [ROUND 67]
[2024-09-10 14:54:56,467][flwr][INFO] - configure_fit: strategy sampled 5 clients (out of 50)
[2024-09-10 14:54:59,997][flwr][INFO] - aggregate_fit: received 5 results and 0 failures
[2024-09-10 14:55:04,661][flwr][INFO] - fit progress: (67, 187.51113110780716, {'accuracy': 0.5828705057000877}, 571.640072286129)
[2024-09-10 14:55:04,662][flwr][INFO] - configure_evaluate: strategy sampled 2 clients (out of 50)
[2024-09-10 14:55:04,979][flwr][INFO] - aggregate_evaluate: received 2 results and 0 failures
[2024-09-10 14:55:04,979][flwr][INFO] - 
[2024-09-10 14:55:04,979][flwr][INFO] - [ROUND 68]
[2024-09-10 14:55:04,979][flwr][INFO] - configure_fit: strategy sampled 5 clients (out of 50)
[2024-09-10 14:55:08,168][flwr][INFO] - aggregate_fit: received 5 results and 0 failures
[2024-09-10 14:55:12,936][flwr][INFO] - fit progress: (68, 103.70578676462173, {'accuracy': 0.5939783688979831}, 579.914385500364)
[2024-09-10 14:55:12,936][flwr][INFO] - configure_evaluate: strategy sampled 2 clients (out of 50)
[2024-09-10 14:55:13,269][flwr][INFO] - aggregate_evaluate: received 2 results and 0 failures
[2024-09-10 14:55:13,269][flwr][INFO] - 
[2024-09-10 14:55:13,269][flwr][INFO] - [ROUND 69]
[2024-09-10 14:55:13,269][flwr][INFO] - configure_fit: strategy sampled 5 clients (out of 50)
[2024-09-10 14:55:16,368][flwr][INFO] - aggregate_fit: received 5 results and 0 failures
[2024-09-10 14:55:21,125][flwr][INFO] - fit progress: (69, 125.65350311994553, {'accuracy': 0.6351943876059631}, 588.1037853662856)
[2024-09-10 14:55:21,125][flwr][INFO] - configure_evaluate: strategy sampled 2 clients (out of 50)
[2024-09-10 14:55:21,414][flwr][INFO] - aggregate_evaluate: received 2 results and 0 failures
[2024-09-10 14:55:21,414][flwr][INFO] - 
[2024-09-10 14:55:21,414][flwr][INFO] - [ROUND 70]
[2024-09-10 14:55:21,414][flwr][INFO] - configure_fit: strategy sampled 5 clients (out of 50)
[2024-09-10 14:55:24,428][flwr][INFO] - aggregate_fit: received 5 results and 0 failures
[2024-09-10 14:55:29,126][flwr][INFO] - fit progress: (70, 134.70517945289612, {'accuracy': 0.5597778427360421}, 596.1047912272625)
[2024-09-10 14:55:29,126][flwr][INFO] - configure_evaluate: strategy sampled 2 clients (out of 50)
[2024-09-10 14:55:29,458][flwr][INFO] - aggregate_evaluate: received 2 results and 0 failures
[2024-09-10 14:55:29,458][flwr][INFO] - 
[2024-09-10 14:55:29,458][flwr][INFO] - [ROUND 71]
[2024-09-10 14:55:29,458][flwr][INFO] - configure_fit: strategy sampled 5 clients (out of 50)
[2024-09-10 14:55:32,573][flwr][INFO] - aggregate_fit: received 5 results and 0 failures
[2024-09-10 14:55:37,329][flwr][INFO] - fit progress: (71, 110.36480760574341, {'accuracy': 0.6606255480853551}, 604.3075400553644)
[2024-09-10 14:55:37,329][flwr][INFO] - configure_evaluate: strategy sampled 2 clients (out of 50)
[2024-09-10 14:55:37,666][flwr][INFO] - aggregate_evaluate: received 2 results and 0 failures
[2024-09-10 14:55:37,667][flwr][INFO] - 
[2024-09-10 14:55:37,667][flwr][INFO] - [ROUND 72]
[2024-09-10 14:55:37,667][flwr][INFO] - configure_fit: strategy sampled 5 clients (out of 50)
[2024-09-10 14:55:41,175][flwr][INFO] - aggregate_fit: received 5 results and 0 failures
[2024-09-10 14:55:46,084][flwr][INFO] - fit progress: (72, 243.11880934238434, {'accuracy': 0.40046769950306926}, 613.0628802552819)
[2024-09-10 14:55:46,085][flwr][INFO] - configure_evaluate: strategy sampled 2 clients (out of 50)
[2024-09-10 14:55:46,415][flwr][INFO] - aggregate_evaluate: received 2 results and 0 failures
[2024-09-10 14:55:46,415][flwr][INFO] - 
[2024-09-10 14:55:46,415][flwr][INFO] - [ROUND 73]
[2024-09-10 14:55:46,416][flwr][INFO] - configure_fit: strategy sampled 5 clients (out of 50)
[2024-09-10 14:55:49,912][flwr][INFO] - aggregate_fit: received 5 results and 0 failures
[2024-09-10 14:55:54,685][flwr][INFO] - fit progress: (73, 109.79313623905182, {'accuracy': 0.6144402221572639}, 621.6632832912728)
[2024-09-10 14:55:54,685][flwr][INFO] - configure_evaluate: strategy sampled 2 clients (out of 50)
[2024-09-10 14:55:55,107][flwr][INFO] - aggregate_evaluate: received 2 results and 0 failures
[2024-09-10 14:55:55,107][flwr][INFO] - 
[2024-09-10 14:55:55,107][flwr][INFO] - [ROUND 74]
[2024-09-10 14:55:55,107][flwr][INFO] - configure_fit: strategy sampled 5 clients (out of 50)
[2024-09-10 14:55:58,029][flwr][INFO] - aggregate_fit: received 5 results and 0 failures
[2024-09-10 14:56:02,718][flwr][INFO] - fit progress: (74, 112.58433306217194, {'accuracy': 0.6480561239403683}, 629.6963539910503)
[2024-09-10 14:56:02,718][flwr][INFO] - configure_evaluate: strategy sampled 2 clients (out of 50)
[2024-09-10 14:56:03,139][flwr][INFO] - aggregate_evaluate: received 2 results and 0 failures
[2024-09-10 14:56:03,140][flwr][INFO] - 
[2024-09-10 14:56:03,140][flwr][INFO] - [ROUND 75]
[2024-09-10 14:56:03,140][flwr][INFO] - configure_fit: strategy sampled 5 clients (out of 50)
[2024-09-10 14:56:06,188][flwr][INFO] - aggregate_fit: received 5 results and 0 failures
[2024-09-10 14:56:10,947][flwr][INFO] - fit progress: (75, 217.1475968360901, {'accuracy': 0.4484068985676703}, 637.9260708549991)
[2024-09-10 14:56:10,948][flwr][INFO] - configure_evaluate: strategy sampled 2 clients (out of 50)
[2024-09-10 14:56:11,341][flwr][INFO] - aggregate_evaluate: received 2 results and 0 failures
[2024-09-10 14:56:11,341][flwr][INFO] - 
[2024-09-10 14:56:11,341][flwr][INFO] - [ROUND 76]
[2024-09-10 14:56:11,342][flwr][INFO] - configure_fit: strategy sampled 5 clients (out of 50)
[2024-09-10 14:56:14,262][flwr][INFO] - aggregate_fit: received 5 results and 0 failures
[2024-09-10 14:56:19,805][flwr][INFO] - fit progress: (76, 159.47806465625763, {'accuracy': 0.4799766150248465}, 646.7835542783141)
[2024-09-10 14:56:19,805][flwr][INFO] - configure_evaluate: strategy sampled 2 clients (out of 50)
[2024-09-10 14:56:20,229][flwr][INFO] - aggregate_evaluate: received 2 results and 0 failures
[2024-09-10 14:56:20,229][flwr][INFO] - 
[2024-09-10 14:56:20,229][flwr][INFO] - [ROUND 77]
[2024-09-10 14:56:20,230][flwr][INFO] - configure_fit: strategy sampled 5 clients (out of 50)
[2024-09-10 14:56:23,449][flwr][INFO] - aggregate_fit: received 5 results and 0 failures
[2024-09-10 14:56:28,274][flwr][INFO] - fit progress: (77, 157.20425099134445, {'accuracy': 0.5027769657994738}, 655.2526113432832)
[2024-09-10 14:56:28,274][flwr][INFO] - configure_evaluate: strategy sampled 2 clients (out of 50)
[2024-09-10 14:56:28,591][flwr][INFO] - aggregate_evaluate: received 2 results and 0 failures
[2024-09-10 14:56:28,591][flwr][INFO] - 
[2024-09-10 14:56:28,591][flwr][INFO] - [ROUND 78]
[2024-09-10 14:56:28,591][flwr][INFO] - configure_fit: strategy sampled 5 clients (out of 50)
[2024-09-10 14:56:31,583][flwr][INFO] - aggregate_fit: received 5 results and 0 failures
[2024-09-10 14:56:36,269][flwr][INFO] - fit progress: (78, 166.8589390516281, {'accuracy': 0.45513007892429114}, 663.2478608679958)
[2024-09-10 14:56:36,269][flwr][INFO] - configure_evaluate: strategy sampled 2 clients (out of 50)
[2024-09-10 14:56:36,562][flwr][INFO] - aggregate_evaluate: received 2 results and 0 failures
[2024-09-10 14:56:36,563][flwr][INFO] - 
[2024-09-10 14:56:36,563][flwr][INFO] - [ROUND 79]
[2024-09-10 14:56:36,563][flwr][INFO] - configure_fit: strategy sampled 5 clients (out of 50)
[2024-09-10 14:56:39,464][flwr][INFO] - aggregate_fit: received 5 results and 0 failures
[2024-09-10 14:56:44,201][flwr][INFO] - fit progress: (79, 340.054535984993, {'accuracy': 0.30371236480561237}, 671.1801004470326)
[2024-09-10 14:56:44,202][flwr][INFO] - configure_evaluate: strategy sampled 2 clients (out of 50)
[2024-09-10 14:56:44,565][flwr][INFO] - aggregate_evaluate: received 2 results and 0 failures
[2024-09-10 14:56:44,565][flwr][INFO] - 
[2024-09-10 14:56:44,565][flwr][INFO] - [ROUND 80]
[2024-09-10 14:56:44,565][flwr][INFO] - configure_fit: strategy sampled 5 clients (out of 50)
[2024-09-10 14:56:47,202][flwr][INFO] - aggregate_fit: received 5 results and 0 failures
[2024-09-10 14:56:52,013][flwr][INFO] - fit progress: (80, 193.51927196979523, {'accuracy': 0.2744811458637825}, 678.9915086431429)
[2024-09-10 14:56:52,013][flwr][INFO] - configure_evaluate: strategy sampled 2 clients (out of 50)
[2024-09-10 14:56:52,296][flwr][INFO] - aggregate_evaluate: received 2 results and 0 failures
[2024-09-10 14:56:52,296][flwr][INFO] - 
[2024-09-10 14:56:52,296][flwr][INFO] - [ROUND 81]
[2024-09-10 14:56:52,297][flwr][INFO] - configure_fit: strategy sampled 5 clients (out of 50)
[2024-09-10 14:56:55,523][flwr][INFO] - aggregate_fit: received 5 results and 0 failures
[2024-09-10 14:57:00,477][flwr][INFO] - fit progress: (81, 205.4566923379898, {'accuracy': 0.4405144694533762}, 687.4555142824538)
[2024-09-10 14:57:00,477][flwr][INFO] - configure_evaluate: strategy sampled 2 clients (out of 50)
[2024-09-10 14:57:00,807][flwr][INFO] - aggregate_evaluate: received 2 results and 0 failures
[2024-09-10 14:57:00,808][flwr][INFO] - 
[2024-09-10 14:57:00,808][flwr][INFO] - [ROUND 82]
[2024-09-10 14:57:00,808][flwr][INFO] - configure_fit: strategy sampled 5 clients (out of 50)
[2024-09-10 14:57:03,913][flwr][INFO] - aggregate_fit: received 5 results and 0 failures
[2024-09-10 14:57:08,611][flwr][INFO] - fit progress: (82, 120.06020683050156, {'accuracy': 0.628178895059924}, 695.5896725673229)
[2024-09-10 14:57:08,611][flwr][INFO] - configure_evaluate: strategy sampled 2 clients (out of 50)
[2024-09-10 14:57:08,997][flwr][INFO] - aggregate_evaluate: received 2 results and 0 failures
[2024-09-10 14:57:08,997][flwr][INFO] - 
[2024-09-10 14:57:08,997][flwr][INFO] - [ROUND 83]
[2024-09-10 14:57:08,997][flwr][INFO] - configure_fit: strategy sampled 5 clients (out of 50)
[2024-09-10 14:57:12,223][flwr][INFO] - aggregate_fit: received 5 results and 0 failures
[2024-09-10 14:57:16,964][flwr][INFO] - fit progress: (83, 118.56464964151382, {'accuracy': 0.5688395206080094}, 703.9424185440876)
[2024-09-10 14:57:16,964][flwr][INFO] - configure_evaluate: strategy sampled 2 clients (out of 50)
[2024-09-10 14:57:17,318][flwr][INFO] - aggregate_evaluate: received 2 results and 0 failures
[2024-09-10 14:57:17,319][flwr][INFO] - 
[2024-09-10 14:57:17,319][flwr][INFO] - [ROUND 84]
[2024-09-10 14:57:17,319][flwr][INFO] - configure_fit: strategy sampled 5 clients (out of 50)
[2024-09-10 14:57:20,365][flwr][INFO] - aggregate_fit: received 5 results and 0 failures
[2024-09-10 14:57:25,080][flwr][INFO] - fit progress: (84, 218.98024034500122, {'accuracy': 0.38877521192633735}, 712.0585719821975)
[2024-09-10 14:57:25,080][flwr][INFO] - configure_evaluate: strategy sampled 2 clients (out of 50)
[2024-09-10 14:57:25,515][flwr][INFO] - aggregate_evaluate: received 2 results and 0 failures
[2024-09-10 14:57:25,515][flwr][INFO] - 
[2024-09-10 14:57:25,515][flwr][INFO] - [ROUND 85]
[2024-09-10 14:57:25,515][flwr][INFO] - configure_fit: strategy sampled 5 clients (out of 50)
[2024-09-10 14:57:28,772][flwr][INFO] - aggregate_fit: received 5 results and 0 failures
[2024-09-10 14:57:33,512][flwr][INFO] - fit progress: (85, 161.78287011384964, {'accuracy': 0.5258696287635194}, 720.4910992532969)
[2024-09-10 14:57:33,513][flwr][INFO] - configure_evaluate: strategy sampled 2 clients (out of 50)
[2024-09-10 14:57:33,820][flwr][INFO] - aggregate_evaluate: received 2 results and 0 failures
[2024-09-10 14:57:33,820][flwr][INFO] - 
[2024-09-10 14:57:33,820][flwr][INFO] - [ROUND 86]
[2024-09-10 14:57:33,820][flwr][INFO] - configure_fit: strategy sampled 5 clients (out of 50)
[2024-09-10 14:57:36,538][flwr][INFO] - aggregate_fit: received 5 results and 0 failures
[2024-09-10 14:57:41,385][flwr][INFO] - fit progress: (86, 134.8684812784195, {'accuracy': 0.6024554223911137}, 728.3633887851611)
[2024-09-10 14:57:41,385][flwr][INFO] - configure_evaluate: strategy sampled 2 clients (out of 50)
[2024-09-10 14:57:41,717][flwr][INFO] - aggregate_evaluate: received 2 results and 0 failures
[2024-09-10 14:57:41,717][flwr][INFO] - 
[2024-09-10 14:57:41,718][flwr][INFO] - [ROUND 87]
[2024-09-10 14:57:41,718][flwr][INFO] - configure_fit: strategy sampled 5 clients (out of 50)
[2024-09-10 14:57:44,736][flwr][INFO] - aggregate_fit: received 5 results and 0 failures
[2024-09-10 14:57:49,426][flwr][INFO] - fit progress: (87, 387.34206795692444, {'accuracy': 0.45922244957614733}, 736.4050641041249)
[2024-09-10 14:57:49,427][flwr][INFO] - configure_evaluate: strategy sampled 2 clients (out of 50)
[2024-09-10 14:57:49,834][flwr][INFO] - aggregate_evaluate: received 2 results and 0 failures
[2024-09-10 14:57:49,834][flwr][INFO] - 
[2024-09-10 14:57:49,834][flwr][INFO] - [ROUND 88]
[2024-09-10 14:57:49,835][flwr][INFO] - configure_fit: strategy sampled 5 clients (out of 50)
[2024-09-10 14:57:53,177][flwr][INFO] - aggregate_fit: received 5 results and 0 failures
[2024-09-10 14:57:57,826][flwr][INFO] - fit progress: (88, 220.08823192119598, {'accuracy': 0.5115463314820228}, 744.8047770541161)
[2024-09-10 14:57:57,826][flwr][INFO] - configure_evaluate: strategy sampled 2 clients (out of 50)
[2024-09-10 14:57:58,138][flwr][INFO] - aggregate_evaluate: received 2 results and 0 failures
[2024-09-10 14:57:58,138][flwr][INFO] - 
[2024-09-10 14:57:58,138][flwr][INFO] - [ROUND 89]
[2024-09-10 14:57:58,138][flwr][INFO] - configure_fit: strategy sampled 5 clients (out of 50)
[2024-09-10 14:58:01,024][flwr][INFO] - aggregate_fit: received 5 results and 0 failures
[2024-09-10 14:58:05,797][flwr][INFO] - fit progress: (89, 171.2091544866562, {'accuracy': 0.4387605963168664}, 752.7755057774484)
[2024-09-10 14:58:05,797][flwr][INFO] - configure_evaluate: strategy sampled 2 clients (out of 50)
[2024-09-10 14:58:06,117][flwr][INFO] - aggregate_evaluate: received 2 results and 0 failures
[2024-09-10 14:58:06,117][flwr][INFO] - 
[2024-09-10 14:58:06,117][flwr][INFO] - [ROUND 90]
[2024-09-10 14:58:06,117][flwr][INFO] - configure_fit: strategy sampled 5 clients (out of 50)
[2024-09-10 14:58:08,967][flwr][INFO] - aggregate_fit: received 5 results and 0 failures
[2024-09-10 14:58:13,725][flwr][INFO] - fit progress: (90, 173.23187398910522, {'accuracy': 0.5033615901783104}, 760.7033118312247)
[2024-09-10 14:58:13,725][flwr][INFO] - configure_evaluate: strategy sampled 2 clients (out of 50)
[2024-09-10 14:58:14,049][flwr][INFO] - aggregate_evaluate: received 2 results and 0 failures
[2024-09-10 14:58:14,049][flwr][INFO] - 
[2024-09-10 14:58:14,050][flwr][INFO] - [ROUND 91]
[2024-09-10 14:58:14,050][flwr][INFO] - configure_fit: strategy sampled 5 clients (out of 50)
[2024-09-10 14:58:17,034][flwr][INFO] - aggregate_fit: received 5 results and 0 failures
[2024-09-10 14:58:21,762][flwr][INFO] - fit progress: (91, 142.88263660669327, {'accuracy': 0.47003800058462436}, 768.7406612862833)
[2024-09-10 14:58:21,762][flwr][INFO] - configure_evaluate: strategy sampled 2 clients (out of 50)
[2024-09-10 14:58:22,066][flwr][INFO] - aggregate_evaluate: received 2 results and 0 failures
[2024-09-10 14:58:22,066][flwr][INFO] - 
[2024-09-10 14:58:22,066][flwr][INFO] - [ROUND 92]
[2024-09-10 14:58:22,066][flwr][INFO] - configure_fit: strategy sampled 5 clients (out of 50)
[2024-09-10 14:58:25,047][flwr][INFO] - aggregate_fit: received 5 results and 0 failures
[2024-09-10 14:58:29,967][flwr][INFO] - fit progress: (92, 167.23822474479675, {'accuracy': 0.40952937737503653}, 776.9460362470709)
[2024-09-10 14:58:29,968][flwr][INFO] - configure_evaluate: strategy sampled 2 clients (out of 50)
[2024-09-10 14:58:30,274][flwr][INFO] - aggregate_evaluate: received 2 results and 0 failures
[2024-09-10 14:58:30,275][flwr][INFO] - 
[2024-09-10 14:58:30,275][flwr][INFO] - [ROUND 93]
[2024-09-10 14:58:30,275][flwr][INFO] - configure_fit: strategy sampled 5 clients (out of 50)
[2024-09-10 14:58:33,480][flwr][INFO] - aggregate_fit: received 5 results and 0 failures
[2024-09-10 14:58:38,249][flwr][INFO] - fit progress: (93, 175.25284630060196, {'accuracy': 0.49400760011692485}, 785.2280902140774)
[2024-09-10 14:58:38,250][flwr][INFO] - configure_evaluate: strategy sampled 2 clients (out of 50)
[2024-09-10 14:58:38,592][flwr][INFO] - aggregate_evaluate: received 2 results and 0 failures
[2024-09-10 14:58:38,593][flwr][INFO] - 
[2024-09-10 14:58:38,593][flwr][INFO] - [ROUND 94]
[2024-09-10 14:58:38,593][flwr][INFO] - configure_fit: strategy sampled 5 clients (out of 50)
[2024-09-10 14:58:41,447][flwr][INFO] - aggregate_fit: received 5 results and 0 failures
[2024-09-10 14:58:46,333][flwr][INFO] - fit progress: (94, 207.9552834033966, {'accuracy': 0.31248173048816136}, 793.3118542381562)
[2024-09-10 14:58:46,334][flwr][INFO] - configure_evaluate: strategy sampled 2 clients (out of 50)
[2024-09-10 14:58:46,630][flwr][INFO] - aggregate_evaluate: received 2 results and 0 failures
[2024-09-10 14:58:46,631][flwr][INFO] - 
[2024-09-10 14:58:46,631][flwr][INFO] - [ROUND 95]
[2024-09-10 14:58:46,631][flwr][INFO] - configure_fit: strategy sampled 5 clients (out of 50)
[2024-09-10 14:58:50,042][flwr][INFO] - aggregate_fit: received 5 results and 0 failures
[2024-09-10 14:58:54,776][flwr][INFO] - fit progress: (95, 291.96760112047195, {'accuracy': 0.6240865244080678}, 801.7551708780229)
[2024-09-10 14:58:54,777][flwr][INFO] - configure_evaluate: strategy sampled 2 clients (out of 50)
[2024-09-10 14:58:55,201][flwr][INFO] - aggregate_evaluate: received 2 results and 0 failures
[2024-09-10 14:58:55,201][flwr][INFO] - 
[2024-09-10 14:58:55,202][flwr][INFO] - [ROUND 96]
[2024-09-10 14:58:55,202][flwr][INFO] - configure_fit: strategy sampled 5 clients (out of 50)
[2024-09-10 14:58:58,544][flwr][INFO] - aggregate_fit: received 5 results and 0 failures
[2024-09-10 14:59:03,312][flwr][INFO] - fit progress: (96, 202.56557947397232, {'accuracy': 0.5469161064016369}, 810.2908858284354)
[2024-09-10 14:59:03,312][flwr][INFO] - configure_evaluate: strategy sampled 2 clients (out of 50)
[2024-09-10 14:59:03,598][flwr][INFO] - aggregate_evaluate: received 2 results and 0 failures
[2024-09-10 14:59:03,599][flwr][INFO] - 
[2024-09-10 14:59:03,599][flwr][INFO] - [ROUND 97]
[2024-09-10 14:59:03,599][flwr][INFO] - configure_fit: strategy sampled 5 clients (out of 50)
[2024-09-10 14:59:06,760][flwr][INFO] - aggregate_fit: received 5 results and 0 failures
[2024-09-10 14:59:11,421][flwr][INFO] - fit progress: (97, 202.48712420463562, {'accuracy': 0.42852966968722594}, 818.3995975581929)
[2024-09-10 14:59:11,421][flwr][INFO] - configure_evaluate: strategy sampled 2 clients (out of 50)
[2024-09-10 14:59:11,722][flwr][INFO] - aggregate_evaluate: received 2 results and 0 failures
[2024-09-10 14:59:11,722][flwr][INFO] - 
[2024-09-10 14:59:11,722][flwr][INFO] - [ROUND 98]
[2024-09-10 14:59:11,722][flwr][INFO] - configure_fit: strategy sampled 5 clients (out of 50)
[2024-09-10 14:59:14,762][flwr][INFO] - aggregate_fit: received 5 results and 0 failures
[2024-09-10 14:59:19,545][flwr][INFO] - fit progress: (98, 155.00563955307007, {'accuracy': 0.4203449283835136}, 826.5235607721843)
[2024-09-10 14:59:19,545][flwr][INFO] - configure_evaluate: strategy sampled 2 clients (out of 50)
[2024-09-10 14:59:19,944][flwr][INFO] - aggregate_evaluate: received 2 results and 0 failures
[2024-09-10 14:59:19,944][flwr][INFO] - 
[2024-09-10 14:59:19,945][flwr][INFO] - [ROUND 99]
[2024-09-10 14:59:19,945][flwr][INFO] - configure_fit: strategy sampled 5 clients (out of 50)
[2024-09-10 14:59:23,296][flwr][INFO] - aggregate_fit: received 5 results and 0 failures
[2024-09-10 14:59:28,092][flwr][INFO] - fit progress: (99, 140.37225776910782, {'accuracy': 0.6167787196726103}, 835.0709970411845)
[2024-09-10 14:59:28,093][flwr][INFO] - configure_evaluate: strategy sampled 2 clients (out of 50)
[2024-09-10 14:59:28,592][flwr][INFO] - aggregate_evaluate: received 2 results and 0 failures
[2024-09-10 14:59:28,592][flwr][INFO] - 
[2024-09-10 14:59:28,592][flwr][INFO] - [ROUND 100]
[2024-09-10 14:59:28,592][flwr][INFO] - configure_fit: strategy sampled 5 clients (out of 50)
[2024-09-10 14:59:31,813][flwr][INFO] - aggregate_fit: received 5 results and 0 failures
[2024-09-10 14:59:36,455][flwr][INFO] - fit progress: (100, 301.6791853904724, {'accuracy': 0.509792458345513}, 843.4340385613032)
[2024-09-10 14:59:36,456][flwr][INFO] - configure_evaluate: strategy sampled 2 clients (out of 50)
[2024-09-10 14:59:36,826][flwr][INFO] - aggregate_evaluate: received 2 results and 0 failures
[2024-09-10 14:59:36,827][flwr][INFO] - 
[2024-09-10 14:59:36,827][flwr][INFO] - [SUMMARY]
[2024-09-10 14:59:36,827][flwr][INFO] - Run finished 100 round(s) in 843.81s
[2024-09-10 14:59:36,830][flwr][INFO] - 	History (loss, distributed):
[2024-09-10 14:59:36,831][flwr][INFO] - 		round 1: 2.2685527251316953
[2024-09-10 14:59:36,831][flwr][INFO] - 		round 2: 1.7553844231146354
[2024-09-10 14:59:36,831][flwr][INFO] - 		round 3: 1.6433524334872212
[2024-09-10 14:59:36,831][flwr][INFO] - 		round 4: 1.892981351590624
[2024-09-10 14:59:36,831][flwr][INFO] - 		round 5: 1.8869905799627305
[2024-09-10 14:59:36,831][flwr][INFO] - 		round 6: 3.2302401758903683
[2024-09-10 14:59:36,831][flwr][INFO] - 		round 7: 1.717395565509796
[2024-09-10 14:59:36,831][flwr][INFO] - 		round 8: 0.8501064571467313
[2024-09-10 14:59:36,831][flwr][INFO] - 		round 9: 0.9738563040517411
[2024-09-10 14:59:36,831][flwr][INFO] - 		round 10: 1.2668153722331208
[2024-09-10 14:59:36,831][flwr][INFO] - 		round 11: 1.9315714531756463
[2024-09-10 14:59:36,832][flwr][INFO] - 		round 12: 5.590729286796169
[2024-09-10 14:59:36,832][flwr][INFO] - 		round 13: 2.197810238057917
[2024-09-10 14:59:36,832][flwr][INFO] - 		round 14: 1.9387818683277478
[2024-09-10 14:59:36,832][flwr][INFO] - 		round 15: 1.4725932598114013
[2024-09-10 14:59:36,832][flwr][INFO] - 		round 16: 2.58259505974619
[2024-09-10 14:59:36,832][flwr][INFO] - 		round 17: 2.822962381118952
[2024-09-10 14:59:36,832][flwr][INFO] - 		round 18: 0.8122850675431509
[2024-09-10 14:59:36,832][flwr][INFO] - 		round 19: 1.1964830604466525
[2024-09-10 14:59:36,832][flwr][INFO] - 		round 20: 1.2078055431102883
[2024-09-10 14:59:36,832][flwr][INFO] - 		round 21: 1.1749585822776512
[2024-09-10 14:59:36,832][flwr][INFO] - 		round 22: 1.1476541715008872
[2024-09-10 14:59:36,832][flwr][INFO] - 		round 23: 0.424522837654489
[2024-09-10 14:59:36,832][flwr][INFO] - 		round 24: 0.9995300744442229
[2024-09-10 14:59:36,832][flwr][INFO] - 		round 25: 1.979724825753106
[2024-09-10 14:59:36,832][flwr][INFO] - 		round 26: 2.1111839512983956
[2024-09-10 14:59:36,832][flwr][INFO] - 		round 27: 1.3531723022460938
[2024-09-10 14:59:36,832][flwr][INFO] - 		round 28: 0.37010815534098396
[2024-09-10 14:59:36,832][flwr][INFO] - 		round 29: 1.746955829007285
[2024-09-10 14:59:36,832][flwr][INFO] - 		round 30: 1.5284740186872936
[2024-09-10 14:59:36,832][flwr][INFO] - 		round 31: 2.2267610734584284
[2024-09-10 14:59:36,833][flwr][INFO] - 		round 32: 1.6915705104668934
[2024-09-10 14:59:36,833][flwr][INFO] - 		round 33: 1.5282274853615534
[2024-09-10 14:59:36,833][flwr][INFO] - 		round 34: 0.8880151212215424
[2024-09-10 14:59:36,833][flwr][INFO] - 		round 35: 2.2611396312713623
[2024-09-10 14:59:36,833][flwr][INFO] - 		round 36: 1.1135710179805756
[2024-09-10 14:59:36,833][flwr][INFO] - 		round 37: 1.2821153527965732
[2024-09-10 14:59:36,833][flwr][INFO] - 		round 38: 1.3818455241447272
[2024-09-10 14:59:36,833][flwr][INFO] - 		round 39: 0.5969659233093262
[2024-09-10 14:59:36,833][flwr][INFO] - 		round 40: 1.548826737837358
[2024-09-10 14:59:36,833][flwr][INFO] - 		round 41: 1.685155991713206
[2024-09-10 14:59:36,833][flwr][INFO] - 		round 42: 1.71143011535917
[2024-09-10 14:59:36,833][flwr][INFO] - 		round 43: 0.4209197666180336
[2024-09-10 14:59:36,833][flwr][INFO] - 		round 44: 1.9521910116590302
[2024-09-10 14:59:36,833][flwr][INFO] - 		round 45: 0.838300707084792
[2024-09-10 14:59:36,833][flwr][INFO] - 		round 46: 1.2157199474481435
[2024-09-10 14:59:36,833][flwr][INFO] - 		round 47: 0.4347217826680704
[2024-09-10 14:59:36,833][flwr][INFO] - 		round 48: 0.7442484398682913
[2024-09-10 14:59:36,833][flwr][INFO] - 		round 49: 1.6824287930313422
[2024-09-10 14:59:36,833][flwr][INFO] - 		round 50: 1.535830020904541
[2024-09-10 14:59:36,834][flwr][INFO] - 		round 51: 0.5109080326031236
[2024-09-10 14:59:36,834][flwr][INFO] - 		round 52: 0.48918910324573517
[2024-09-10 14:59:36,834][flwr][INFO] - 		round 53: 1.0424177583227767
[2024-09-10 14:59:36,834][flwr][INFO] - 		round 54: 1.3662365623142407
[2024-09-10 14:59:36,834][flwr][INFO] - 		round 55: 1.2446281164884567
[2024-09-10 14:59:36,834][flwr][INFO] - 		round 56: 0.9561777393868629
[2024-09-10 14:59:36,834][flwr][INFO] - 		round 57: 1.459082757725435
[2024-09-10 14:59:36,834][flwr][INFO] - 		round 58: 2.6223819255828857
[2024-09-10 14:59:36,834][flwr][INFO] - 		round 59: 0.7835315188696218
[2024-09-10 14:59:36,834][flwr][INFO] - 		round 60: 1.122390947341919
[2024-09-10 14:59:36,834][flwr][INFO] - 		round 61: 0.7869035913830712
[2024-09-10 14:59:36,834][flwr][INFO] - 		round 62: 2.8601328105461308
[2024-09-10 14:59:36,834][flwr][INFO] - 		round 63: 0.955425637960434
[2024-09-10 14:59:36,834][flwr][INFO] - 		round 64: 0.7380583516338415
[2024-09-10 14:59:36,834][flwr][INFO] - 		round 65: 2.597274263930875
[2024-09-10 14:59:36,834][flwr][INFO] - 		round 66: 1.378707930445671
[2024-09-10 14:59:36,834][flwr][INFO] - 		round 67: 2.83705936334072
[2024-09-10 14:59:36,834][flwr][INFO] - 		round 68: 0.5508722542755066
[2024-09-10 14:59:36,834][flwr][INFO] - 		round 69: 1.886958450741238
[2024-09-10 14:59:36,835][flwr][INFO] - 		round 70: 1.1581222050044002
[2024-09-10 14:59:36,835][flwr][INFO] - 		round 71: 0.5990418195724487
[2024-09-10 14:59:36,835][flwr][INFO] - 		round 72: 3.202058937332847
[2024-09-10 14:59:36,835][flwr][INFO] - 		round 73: 1.8273552656173706
[2024-09-10 14:59:36,835][flwr][INFO] - 		round 74: 0.49288272735747424
[2024-09-10 14:59:36,835][flwr][INFO] - 		round 75: 1.2115997436434724
[2024-09-10 14:59:36,835][flwr][INFO] - 		round 76: 1.587242725160387
[2024-09-10 14:59:36,835][flwr][INFO] - 		round 77: 1.4824425253001126
[2024-09-10 14:59:36,835][flwr][INFO] - 		round 78: 1.9883608288235135
[2024-09-10 14:59:36,835][flwr][INFO] - 		round 79: 1.2755169671339293
[2024-09-10 14:59:36,835][flwr][INFO] - 		round 80: 1.8088440925647051
[2024-09-10 14:59:36,835][flwr][INFO] - 		round 81: 2.6867640484934268
[2024-09-10 14:59:36,835][flwr][INFO] - 		round 82: 1.4134958118200303
[2024-09-10 14:59:36,835][flwr][INFO] - 		round 83: 0.5610582744866087
[2024-09-10 14:59:36,835][flwr][INFO] - 		round 84: 2.5368134883733897
[2024-09-10 14:59:36,835][flwr][INFO] - 		round 85: 1.190647999048233
[2024-09-10 14:59:36,835][flwr][INFO] - 		round 86: 1.9499253305521878
[2024-09-10 14:59:36,835][flwr][INFO] - 		round 87: 1.6730114431942211
[2024-09-10 14:59:36,835][flwr][INFO] - 		round 88: 1.616697200861844
[2024-09-10 14:59:36,836][flwr][INFO] - 		round 89: 0.9558180067274306
[2024-09-10 14:59:36,836][flwr][INFO] - 		round 90: 2.626498336377351
[2024-09-10 14:59:36,836][flwr][INFO] - 		round 91: 1.4527861611884938
[2024-09-10 14:59:36,836][flwr][INFO] - 		round 92: 0.9092010259628296
[2024-09-10 14:59:36,836][flwr][INFO] - 		round 93: 2.557895463445912
[2024-09-10 14:59:36,836][flwr][INFO] - 		round 94: 2.5225304907018486
[2024-09-10 14:59:36,836][flwr][INFO] - 		round 95: 0.22646688357476266
[2024-09-10 14:59:36,836][flwr][INFO] - 		round 96: 0.8918829134532383
[2024-09-10 14:59:36,836][flwr][INFO] - 		round 97: 1.25194179318672
[2024-09-10 14:59:36,836][flwr][INFO] - 		round 98: 1.5636891682942708
[2024-09-10 14:59:36,836][flwr][INFO] - 		round 99: 0.8841403946280479
[2024-09-10 14:59:36,836][flwr][INFO] - 		round 100: 1.4333897220327498
[2024-09-10 14:59:36,836][flwr][INFO] - 	History (loss, centralized):
[2024-09-10 14:59:36,836][flwr][INFO] - 		round 0: 241.2980194091797
[2024-09-10 14:59:36,836][flwr][INFO] - 		round 1: 241.31482076644897
[2024-09-10 14:59:36,836][flwr][INFO] - 		round 2: 205.47433400154114
[2024-09-10 14:59:36,836][flwr][INFO] - 		round 3: 178.00980269908905
[2024-09-10 14:59:36,836][flwr][INFO] - 		round 4: 200.61436188220978
[2024-09-10 14:59:36,836][flwr][INFO] - 		round 5: 162.00790095329285
[2024-09-10 14:59:36,836][flwr][INFO] - 		round 6: 205.05334377288818
[2024-09-10 14:59:36,837][flwr][INFO] - 		round 7: 282.9990440607071
[2024-09-10 14:59:36,837][flwr][INFO] - 		round 8: 171.56346237659454
[2024-09-10 14:59:36,837][flwr][INFO] - 		round 9: 219.89697873592377
[2024-09-10 14:59:36,837][flwr][INFO] - 		round 10: 223.19357991218567
[2024-09-10 14:59:36,837][flwr][INFO] - 		round 11: 190.6781588792801
[2024-09-10 14:59:36,837][flwr][INFO] - 		round 12: 251.12331008911133
[2024-09-10 14:59:36,837][flwr][INFO] - 		round 13: 162.65664649009705
[2024-09-10 14:59:36,837][flwr][INFO] - 		round 14: 191.0366393327713
[2024-09-10 14:59:36,837][flwr][INFO] - 		round 15: 171.59518498182297
[2024-09-10 14:59:36,837][flwr][INFO] - 		round 16: 184.59104907512665
[2024-09-10 14:59:36,837][flwr][INFO] - 		round 17: 188.36215341091156
[2024-09-10 14:59:36,837][flwr][INFO] - 		round 18: 163.87392699718475
[2024-09-10 14:59:36,837][flwr][INFO] - 		round 19: 164.17906486988068
[2024-09-10 14:59:36,837][flwr][INFO] - 		round 20: 221.35065400600433
[2024-09-10 14:59:36,837][flwr][INFO] - 		round 21: 146.9133974313736
[2024-09-10 14:59:36,837][flwr][INFO] - 		round 22: 125.75684475898743
[2024-09-10 14:59:36,837][flwr][INFO] - 		round 23: 195.6521143913269
[2024-09-10 14:59:36,837][flwr][INFO] - 		round 24: 157.30343103408813
[2024-09-10 14:59:36,837][flwr][INFO] - 		round 25: 164.29249238967896
[2024-09-10 14:59:36,838][flwr][INFO] - 		round 26: 163.69846045970917
[2024-09-10 14:59:36,838][flwr][INFO] - 		round 27: 152.07761526107788
[2024-09-10 14:59:36,838][flwr][INFO] - 		round 28: 154.88323539495468
[2024-09-10 14:59:36,838][flwr][INFO] - 		round 29: 152.408806681633
[2024-09-10 14:59:36,838][flwr][INFO] - 		round 30: 131.61821907758713
[2024-09-10 14:59:36,838][flwr][INFO] - 		round 31: 165.53947192430496
[2024-09-10 14:59:36,838][flwr][INFO] - 		round 32: 219.7124559879303
[2024-09-10 14:59:36,838][flwr][INFO] - 		round 33: 135.7846639752388
[2024-09-10 14:59:36,838][flwr][INFO] - 		round 34: 142.33276599645615
[2024-09-10 14:59:36,838][flwr][INFO] - 		round 35: 144.7146612405777
[2024-09-10 14:59:36,838][flwr][INFO] - 		round 36: 122.20724761486053
[2024-09-10 14:59:36,838][flwr][INFO] - 		round 37: 139.89276617765427
[2024-09-10 14:59:36,838][flwr][INFO] - 		round 38: 104.81784230470657
[2024-09-10 14:59:36,838][flwr][INFO] - 		round 39: 114.91736322641373
[2024-09-10 14:59:36,838][flwr][INFO] - 		round 40: 170.16917824745178
[2024-09-10 14:59:36,838][flwr][INFO] - 		round 41: 172.6858503818512
[2024-09-10 14:59:36,838][flwr][INFO] - 		round 42: 117.80212891101837
[2024-09-10 14:59:36,838][flwr][INFO] - 		round 43: 126.21179789304733
[2024-09-10 14:59:36,838][flwr][INFO] - 		round 44: 202.81818175315857
[2024-09-10 14:59:36,838][flwr][INFO] - 		round 45: 143.86907690763474
[2024-09-10 14:59:36,838][flwr][INFO] - 		round 46: 143.21352183818817
[2024-09-10 14:59:36,838][flwr][INFO] - 		round 47: 163.27844500541687
[2024-09-10 14:59:36,838][flwr][INFO] - 		round 48: 122.00113534927368
[2024-09-10 14:59:36,838][flwr][INFO] - 		round 49: 113.19150418043137
[2024-09-10 14:59:36,839][flwr][INFO] - 		round 50: 133.79846495389938
[2024-09-10 14:59:36,839][flwr][INFO] - 		round 51: 243.25384080410004
[2024-09-10 14:59:36,839][flwr][INFO] - 		round 52: 141.5005038380623
[2024-09-10 14:59:36,839][flwr][INFO] - 		round 53: 108.68916094303131
[2024-09-10 14:59:36,839][flwr][INFO] - 		round 54: 120.1280369758606
[2024-09-10 14:59:36,839][flwr][INFO] - 		round 55: 168.16950380802155
[2024-09-10 14:59:36,839][flwr][INFO] - 		round 56: 182.86519348621368
[2024-09-10 14:59:36,839][flwr][INFO] - 		round 57: 183.25288712978363
[2024-09-10 14:59:36,839][flwr][INFO] - 		round 58: 148.93873125314713
[2024-09-10 14:59:36,839][flwr][INFO] - 		round 59: 165.12534189224243
[2024-09-10 14:59:36,839][flwr][INFO] - 		round 60: 162.0516238808632
[2024-09-10 14:59:36,839][flwr][INFO] - 		round 61: 156.93093085289001
[2024-09-10 14:59:36,839][flwr][INFO] - 		round 62: 130.1241073012352
[2024-09-10 14:59:36,839][flwr][INFO] - 		round 63: 153.3743278980255
[2024-09-10 14:59:36,839][flwr][INFO] - 		round 64: 137.21662509441376
[2024-09-10 14:59:36,839][flwr][INFO] - 		round 65: 155.09982347488403
[2024-09-10 14:59:36,839][flwr][INFO] - 		round 66: 122.3927052617073
[2024-09-10 14:59:36,839][flwr][INFO] - 		round 67: 187.51113110780716
[2024-09-10 14:59:36,839][flwr][INFO] - 		round 68: 103.70578676462173
[2024-09-10 14:59:36,839][flwr][INFO] - 		round 69: 125.65350311994553
[2024-09-10 14:59:36,839][flwr][INFO] - 		round 70: 134.70517945289612
[2024-09-10 14:59:36,839][flwr][INFO] - 		round 71: 110.36480760574341
[2024-09-10 14:59:36,839][flwr][INFO] - 		round 72: 243.11880934238434
[2024-09-10 14:59:36,839][flwr][INFO] - 		round 73: 109.79313623905182
[2024-09-10 14:59:36,840][flwr][INFO] - 		round 74: 112.58433306217194
[2024-09-10 14:59:36,840][flwr][INFO] - 		round 75: 217.1475968360901
[2024-09-10 14:59:36,840][flwr][INFO] - 		round 76: 159.47806465625763
[2024-09-10 14:59:36,840][flwr][INFO] - 		round 77: 157.20425099134445
[2024-09-10 14:59:36,840][flwr][INFO] - 		round 78: 166.8589390516281
[2024-09-10 14:59:36,840][flwr][INFO] - 		round 79: 340.054535984993
[2024-09-10 14:59:36,840][flwr][INFO] - 		round 80: 193.51927196979523
[2024-09-10 14:59:36,840][flwr][INFO] - 		round 81: 205.4566923379898
[2024-09-10 14:59:36,840][flwr][INFO] - 		round 82: 120.06020683050156
[2024-09-10 14:59:36,840][flwr][INFO] - 		round 83: 118.56464964151382
[2024-09-10 14:59:36,840][flwr][INFO] - 		round 84: 218.98024034500122
[2024-09-10 14:59:36,840][flwr][INFO] - 		round 85: 161.78287011384964
[2024-09-10 14:59:36,840][flwr][INFO] - 		round 86: 134.8684812784195
[2024-09-10 14:59:36,840][flwr][INFO] - 		round 87: 387.34206795692444
[2024-09-10 14:59:36,840][flwr][INFO] - 		round 88: 220.08823192119598
[2024-09-10 14:59:36,840][flwr][INFO] - 		round 89: 171.2091544866562
[2024-09-10 14:59:36,840][flwr][INFO] - 		round 90: 173.23187398910522
[2024-09-10 14:59:36,840][flwr][INFO] - 		round 91: 142.88263660669327
[2024-09-10 14:59:36,840][flwr][INFO] - 		round 92: 167.23822474479675
[2024-09-10 14:59:36,840][flwr][INFO] - 		round 93: 175.25284630060196
[2024-09-10 14:59:36,840][flwr][INFO] - 		round 94: 207.9552834033966
[2024-09-10 14:59:36,840][flwr][INFO] - 		round 95: 291.96760112047195
[2024-09-10 14:59:36,840][flwr][INFO] - 		round 96: 202.56557947397232
[2024-09-10 14:59:36,840][flwr][INFO] - 		round 97: 202.48712420463562
[2024-09-10 14:59:36,840][flwr][INFO] - 		round 98: 155.00563955307007
[2024-09-10 14:59:36,841][flwr][INFO] - 		round 99: 140.37225776910782
[2024-09-10 14:59:36,841][flwr][INFO] - 		round 100: 301.6791853904724
[2024-09-10 14:59:36,841][flwr][INFO] - 	History (metrics, distributed, evaluate):
[2024-09-10 14:59:36,841][flwr][INFO] - 	{'accuracy': [(1, 0.0),
[2024-09-10 14:59:36,841][flwr][INFO] - 	              (2, 0.4074074074074074),
[2024-09-10 14:59:36,841][flwr][INFO] - 	              (3, 0.5740740740740741),
[2024-09-10 14:59:36,841][flwr][INFO] - 	              (4, 0.27450980392156865),
[2024-09-10 14:59:36,841][flwr][INFO] - 	              (5, 0.175),
[2024-09-10 14:59:36,841][flwr][INFO] - 	              (6, 0.3023255813953488),
[2024-09-10 14:59:36,841][flwr][INFO] - 	              (7, 0.36),
[2024-09-10 14:59:36,841][flwr][INFO] - 	              (8, 0.6363636363636364),
[2024-09-10 14:59:36,841][flwr][INFO] - 	              (9, 0.5660377358490566),
[2024-09-10 14:59:36,841][flwr][INFO] - 	              (10, 0.4716981132075472),
[2024-09-10 14:59:36,841][flwr][INFO] - 	              (11, 0.40425531914893614),
[2024-09-10 14:59:36,841][flwr][INFO] - 	              (12, 0.10526315789473684),
[2024-09-10 14:59:36,841][flwr][INFO] - 	              (13, 0.29545454545454547),
[2024-09-10 14:59:36,841][flwr][INFO] - 	              (14, 0.45454545454545453),
[2024-09-10 14:59:36,841][flwr][INFO] - 	              (15, 0.37777777777777777),
[2024-09-10 14:59:36,841][flwr][INFO] - 	              (16, 0.15789473684210525),
[2024-09-10 14:59:36,841][flwr][INFO] - 	              (17, 0.2558139534883721),
[2024-09-10 14:59:36,841][flwr][INFO] - 	              (18, 0.6666666666666666),
[2024-09-10 14:59:36,841][flwr][INFO] - 	              (19, 0.6727272727272727),
[2024-09-10 14:59:36,841][flwr][INFO] - 	              (20, 0.5862068965517241),
[2024-09-10 14:59:36,841][flwr][INFO] - 	              (21, 0.6481481481481481),
[2024-09-10 14:59:36,842][flwr][INFO] - 	              (22, 0.4523809523809524),
[2024-09-10 14:59:36,842][flwr][INFO] - 	              (23, 0.8032786885245902),
[2024-09-10 14:59:36,842][flwr][INFO] - 	              (24, 0.6808510638297872),
[2024-09-10 14:59:36,842][flwr][INFO] - 	              (25, 0.4888888888888889),
[2024-09-10 14:59:36,842][flwr][INFO] - 	              (26, 0.2708333333333333),
[2024-09-10 14:59:36,842][flwr][INFO] - 	              (27, 0.45652173913043476),
[2024-09-10 14:59:36,842][flwr][INFO] - 	              (28, 0.9482758620689655),
[2024-09-10 14:59:36,842][flwr][INFO] - 	              (29, 0.5476190476190477),
[2024-09-10 14:59:36,842][flwr][INFO] - 	              (30, 0.3333333333333333),
[2024-09-10 14:59:36,842][flwr][INFO] - 	              (31, 0.49019607843137253),
[2024-09-10 14:59:36,842][flwr][INFO] - 	              (32, 0.75),
[2024-09-10 14:59:36,842][flwr][INFO] - 	              (33, 0.3333333333333333),
[2024-09-10 14:59:36,842][flwr][INFO] - 	              (34, 0.7058823529411765),
[2024-09-10 14:59:36,842][flwr][INFO] - 	              (35, 0.30434782608695654),
[2024-09-10 14:59:36,842][flwr][INFO] - 	              (36, 0.7727272727272727),
[2024-09-10 14:59:36,842][flwr][INFO] - 	              (37, 0.6078431372549019),
[2024-09-10 14:59:36,842][flwr][INFO] - 	              (38, 0.627906976744186),
[2024-09-10 14:59:36,842][flwr][INFO] - 	              (39, 0.88),
[2024-09-10 14:59:36,842][flwr][INFO] - 	              (40, 0.38636363636363635),
[2024-09-10 14:59:36,842][flwr][INFO] - 	              (41, 0.6333333333333333),
[2024-09-10 14:59:36,842][flwr][INFO] - 	              (42, 0.5952380952380952),
[2024-09-10 14:59:36,842][flwr][INFO] - 	              (43, 0.864406779661017),
[2024-09-10 14:59:36,842][flwr][INFO] - 	              (44, 0.10344827586206896),
[2024-09-10 14:59:36,842][flwr][INFO] - 	              (45, 0.625),
[2024-09-10 14:59:36,842][flwr][INFO] - 	              (46, 0.7435897435897436),
[2024-09-10 14:59:36,843][flwr][INFO] - 	              (47, 0.8545454545454545),
[2024-09-10 14:59:36,843][flwr][INFO] - 	              (48, 0.8333333333333334),
[2024-09-10 14:59:36,843][flwr][INFO] - 	              (49, 0.4897959183673469),
[2024-09-10 14:59:36,843][flwr][INFO] - 	              (50, 0.4782608695652174),
[2024-09-10 14:59:36,843][flwr][INFO] - 	              (51, 0.803921568627451),
[2024-09-10 14:59:36,843][flwr][INFO] - 	              (52, 0.8382352941176471),
[2024-09-10 14:59:36,843][flwr][INFO] - 	              (53, 0.6808510638297872),
[2024-09-10 14:59:36,843][flwr][INFO] - 	              (54, 0.717391304347826),
[2024-09-10 14:59:36,843][flwr][INFO] - 	              (55, 0.7291666666666666),
[2024-09-10 14:59:36,843][flwr][INFO] - 	              (56, 0.5957446808510638),
[2024-09-10 14:59:36,843][flwr][INFO] - 	              (57, 0.6078431372549019),
[2024-09-10 14:59:36,843][flwr][INFO] - 	              (58, 0.29545454545454547),
[2024-09-10 14:59:36,843][flwr][INFO] - 	              (59, 0.7209302325581395),
[2024-09-10 14:59:36,843][flwr][INFO] - 	              (60, 0.8),
[2024-09-10 14:59:36,843][flwr][INFO] - 	              (61, 0.5714285714285714),
[2024-09-10 14:59:36,843][flwr][INFO] - 	              (62, 0.0),
[2024-09-10 14:59:36,843][flwr][INFO] - 	              (63, 0.8545454545454545),
[2024-09-10 14:59:36,843][flwr][INFO] - 	              (64, 0.8070175438596491),
[2024-09-10 14:59:36,843][flwr][INFO] - 	              (65, 0.3953488372093023),
[2024-09-10 14:59:36,843][flwr][INFO] - 	              (66, 0.5),
[2024-09-10 14:59:36,843][flwr][INFO] - 	              (67, 0.15384615384615385),
[2024-09-10 14:59:36,843][flwr][INFO] - 	              (68, 0.7258064516129032),
[2024-09-10 14:59:36,843][flwr][INFO] - 	              (69, 0.4666666666666667),
[2024-09-10 14:59:36,843][flwr][INFO] - 	              (70, 0.4897959183673469),
[2024-09-10 14:59:36,843][flwr][INFO] - 	              (71, 0.7608695652173914),
[2024-09-10 14:59:36,844][flwr][INFO] - 	              (72, 0.2909090909090909),
[2024-09-10 14:59:36,844][flwr][INFO] - 	              (73, 0.25),
[2024-09-10 14:59:36,844][flwr][INFO] - 	              (74, 0.8),
[2024-09-10 14:59:36,844][flwr][INFO] - 	              (75, 0.6511627906976745),
[2024-09-10 14:59:36,844][flwr][INFO] - 	              (76, 0.4888888888888889),
[2024-09-10 14:59:36,844][flwr][INFO] - 	              (77, 0.5681818181818182),
[2024-09-10 14:59:36,844][flwr][INFO] - 	              (78, 0.3148148148148148),
[2024-09-10 14:59:36,844][flwr][INFO] - 	              (79, 0.4583333333333333),
[2024-09-10 14:59:36,844][flwr][INFO] - 	              (80, 0.38461538461538464),
[2024-09-10 14:59:36,844][flwr][INFO] - 	              (81, 0.2391304347826087),
[2024-09-10 14:59:36,844][flwr][INFO] - 	              (82, 0.575),
[2024-09-10 14:59:36,844][flwr][INFO] - 	              (83, 0.7543859649122807),
[2024-09-10 14:59:36,844][flwr][INFO] - 	              (84, 0.40384615384615385),
[2024-09-10 14:59:36,844][flwr][INFO] - 	              (85, 0.54),
[2024-09-10 14:59:36,844][flwr][INFO] - 	              (86, 0.45454545454545453),
[2024-09-10 14:59:36,844][flwr][INFO] - 	              (87, 0.6470588235294118),
[2024-09-10 14:59:36,844][flwr][INFO] - 	              (88, 0.5818181818181818),
[2024-09-10 14:59:36,844][flwr][INFO] - 	              (89, 0.6),
[2024-09-10 14:59:36,844][flwr][INFO] - 	              (90, 0.21739130434782608),
[2024-09-10 14:59:36,844][flwr][INFO] - 	              (91, 0.3333333333333333),
[2024-09-10 14:59:36,844][flwr][INFO] - 	              (92, 0.7333333333333333),
[2024-09-10 14:59:36,844][flwr][INFO] - 	              (93, 0.45652173913043476),
[2024-09-10 14:59:36,844][flwr][INFO] - 	              (94, 0.13636363636363635),
[2024-09-10 14:59:36,844][flwr][INFO] - 	              (95, 0.9516129032258065),
[2024-09-10 14:59:36,845][flwr][INFO] - 	              (96, 0.6938775510204082),
[2024-09-10 14:59:36,845][flwr][INFO] - 	              (97, 0.7209302325581395),
[2024-09-10 14:59:36,845][flwr][INFO] - 	              (98, 0.4222222222222222),
[2024-09-10 14:59:36,845][flwr][INFO] - 	              (99, 0.6875),
[2024-09-10 14:59:36,845][flwr][INFO] - 	              (100, 0.6808510638297872)]}
[2024-09-10 14:59:36,845][flwr][INFO] - 	History (metrics, centralized):
[2024-09-10 14:59:36,845][flwr][INFO] - 	{'accuracy': [(0, 0.06577024261911722),
[2024-09-10 14:59:36,845][flwr][INFO] - 	              (1, 0.14527915814089448),
[2024-09-10 14:59:36,845][flwr][INFO] - 	              (2, 0.4288219818766443),
[2024-09-10 14:59:36,845][flwr][INFO] - 	              (3, 0.4668225665010231),
[2024-09-10 14:59:36,845][flwr][INFO] - 	              (4, 0.3300204618532593),
[2024-09-10 14:59:36,845][flwr][INFO] - 	              (5, 0.575270388775212),
[2024-09-10 14:59:36,845][flwr][INFO] - 	              (6, 0.4600993861444022),
[2024-09-10 14:59:36,845][flwr][INFO] - 	              (7, 0.3066354866997954),
[2024-09-10 14:59:36,845][flwr][INFO] - 	              (8, 0.456007015492546),
[2024-09-10 14:59:36,845][flwr][INFO] - 	              (9, 0.4405144694533762),
[2024-09-10 14:59:36,845][flwr][INFO] - 	              (10, 0.3741596024554224),
[2024-09-10 14:59:36,845][flwr][INFO] - 	              (11, 0.3539900613855598),
[2024-09-10 14:59:36,845][flwr][INFO] - 	              (12, 0.445191464484069),
[2024-09-10 14:59:36,845][flwr][INFO] - 	              (13, 0.5872551885413622),
[2024-09-10 14:59:36,845][flwr][INFO] - 	              (14, 0.5092078339666765),
[2024-09-10 14:59:36,845][flwr][INFO] - 	              (15, 0.4820228003507746),
[2024-09-10 14:59:36,845][flwr][INFO] - 	              (16, 0.33615901783104357),
[2024-09-10 14:59:36,846][flwr][INFO] - 	              (17, 0.3458053200818474),
[2024-09-10 14:59:36,846][flwr][INFO] - 	              (18, 0.5749780765857936),
[2024-09-10 14:59:36,846][flwr][INFO] - 	              (19, 0.498976907337036),
[2024-09-10 14:59:36,846][flwr][INFO] - 	              (20, 0.43174510377082725),
[2024-09-10 14:59:36,846][flwr][INFO] - 	              (21, 0.5346389944460684),
[2024-09-10 14:59:36,846][flwr][INFO] - 	              (22, 0.5849166910260157),
[2024-09-10 14:59:36,846][flwr][INFO] - 	              (23, 0.532300496930722),
[2024-09-10 14:59:36,846][flwr][INFO] - 	              (24, 0.5653317743349898),
[2024-09-10 14:59:36,846][flwr][INFO] - 	              (25, 0.5463314820228004),
[2024-09-10 14:59:36,846][flwr][INFO] - 	              (26, 0.4937152879275066),
[2024-09-10 14:59:36,846][flwr][INFO] - 	              (27, 0.49868459514761765),
[2024-09-10 14:59:36,846][flwr][INFO] - 	              (28, 0.6591639871382636),
[2024-09-10 14:59:36,846][flwr][INFO] - 	              (29, 0.597778427360421),
[2024-09-10 14:59:36,846][flwr][INFO] - 	              (30, 0.5311312481730488),
[2024-09-10 14:59:36,846][flwr][INFO] - 	              (31, 0.5460391698333821),
[2024-09-10 14:59:36,846][flwr][INFO] - 	              (32, 0.4820228003507746),
[2024-09-10 14:59:36,846][flwr][INFO] - 	              (33, 0.5618240280619702),
[2024-09-10 14:59:36,846][flwr][INFO] - 	              (34, 0.45103770827243495),
[2024-09-10 14:59:36,846][flwr][INFO] - 	              (35, 0.6182402806197018),
[2024-09-10 14:59:36,846][flwr][INFO] - 	              (36, 0.7138263665594855),
[2024-09-10 14:59:36,846][flwr][INFO] - 	              (37, 0.5404852382344344),
[2024-09-10 14:59:36,846][flwr][INFO] - 	              (38, 0.6767027185033616),
[2024-09-10 14:59:36,846][flwr][INFO] - 	              (39, 0.6650102309266296),
[2024-09-10 14:59:36,846][flwr][INFO] - 	              (40, 0.56357790119848),
[2024-09-10 14:59:36,847][flwr][INFO] - 	              (41, 0.5007307804735458),
[2024-09-10 14:59:36,847][flwr][INFO] - 	              (42, 0.6655948553054662),
[2024-09-10 14:59:36,847][flwr][INFO] - 	              (43, 0.57731657410114),
[2024-09-10 14:59:36,847][flwr][INFO] - 	              (44, 0.3960830166617948),
[2024-09-10 14:59:36,847][flwr][INFO] - 	              (45, 0.5168079508915522),
[2024-09-10 14:59:36,847][flwr][INFO] - 	              (46, 0.5404852382344344),
[2024-09-10 14:59:36,847][flwr][INFO] - 	              (47, 0.554808535515931),
[2024-09-10 14:59:36,847][flwr][INFO] - 	              (48, 0.5966091786027478),
[2024-09-10 14:59:36,847][flwr][INFO] - 	              (49, 0.6284712072493422),
[2024-09-10 14:59:36,847][flwr][INFO] - 	              (50, 0.5878398129201988),
[2024-09-10 14:59:36,847][flwr][INFO] - 	              (51, 0.44343759134755917),
[2024-09-10 14:59:36,847][flwr][INFO] - 	              (52, 0.636948260742473),
[2024-09-10 14:59:36,847][flwr][INFO] - 	              (53, 0.6965799473838059),
[2024-09-10 14:59:36,847][flwr][INFO] - 	              (54, 0.7062262496346098),
[2024-09-10 14:59:36,847][flwr][INFO] - 	              (55, 0.5492546039169833),
[2024-09-10 14:59:36,847][flwr][INFO] - 	              (56, 0.36451330020461853),
[2024-09-10 14:59:36,847][flwr][INFO] - 	              (57, 0.5846243788365975),
[2024-09-10 14:59:36,847][flwr][INFO] - 	              (58, 0.5632855890090617),
[2024-09-10 14:59:36,847][flwr][INFO] - 	              (59, 0.594855305466238),
[2024-09-10 14:59:36,847][flwr][INFO] - 	              (60, 0.5030692779888921),
[2024-09-10 14:59:36,847][flwr][INFO] - 	              (61, 0.5863782519731073),
[2024-09-10 14:59:36,847][flwr][INFO] - 	              (62, 0.5688395206080094),
[2024-09-10 14:59:36,847][flwr][INFO] - 	              (63, 0.6021631102016954),
[2024-09-10 14:59:36,847][flwr][INFO] - 	              (64, 0.5933937445191464),
[2024-09-10 14:59:36,847][flwr][INFO] - 	              (65, 0.600701549254604),
[2024-09-10 14:59:36,847][flwr][INFO] - 	              (66, 0.6375328851213096),
[2024-09-10 14:59:36,848][flwr][INFO] - 	              (67, 0.5828705057000877),
[2024-09-10 14:59:36,848][flwr][INFO] - 	              (68, 0.5939783688979831),
[2024-09-10 14:59:36,848][flwr][INFO] - 	              (69, 0.6351943876059631),
[2024-09-10 14:59:36,848][flwr][INFO] - 	              (70, 0.5597778427360421),
[2024-09-10 14:59:36,848][flwr][INFO] - 	              (71, 0.6606255480853551),
[2024-09-10 14:59:36,848][flwr][INFO] - 	              (72, 0.40046769950306926),
[2024-09-10 14:59:36,848][flwr][INFO] - 	              (73, 0.6144402221572639),
[2024-09-10 14:59:36,848][flwr][INFO] - 	              (74, 0.6480561239403683),
[2024-09-10 14:59:36,848][flwr][INFO] - 	              (75, 0.4484068985676703),
[2024-09-10 14:59:36,848][flwr][INFO] - 	              (76, 0.4799766150248465),
[2024-09-10 14:59:36,848][flwr][INFO] - 	              (77, 0.5027769657994738),
[2024-09-10 14:59:36,848][flwr][INFO] - 	              (78, 0.45513007892429114),
[2024-09-10 14:59:36,848][flwr][INFO] - 	              (79, 0.30371236480561237),
[2024-09-10 14:59:36,848][flwr][INFO] - 	              (80, 0.2744811458637825),
[2024-09-10 14:59:36,848][flwr][INFO] - 	              (81, 0.4405144694533762),
[2024-09-10 14:59:36,848][flwr][INFO] - 	              (82, 0.628178895059924),
[2024-09-10 14:59:36,848][flwr][INFO] - 	              (83, 0.5688395206080094),
[2024-09-10 14:59:36,848][flwr][INFO] - 	              (84, 0.38877521192633735),
[2024-09-10 14:59:36,848][flwr][INFO] - 	              (85, 0.5258696287635194),
[2024-09-10 14:59:36,848][flwr][INFO] - 	              (86, 0.6024554223911137),
[2024-09-10 14:59:36,848][flwr][INFO] - 	              (87, 0.45922244957614733),
[2024-09-10 14:59:36,848][flwr][INFO] - 	              (88, 0.5115463314820228),
[2024-09-10 14:59:36,848][flwr][INFO] - 	              (89, 0.4387605963168664),
[2024-09-10 14:59:36,848][flwr][INFO] - 	              (90, 0.5033615901783104),
[2024-09-10 14:59:36,849][flwr][INFO] - 	              (91, 0.47003800058462436),
[2024-09-10 14:59:36,849][flwr][INFO] - 	              (92, 0.40952937737503653),
[2024-09-10 14:59:36,849][flwr][INFO] - 	              (93, 0.49400760011692485),
[2024-09-10 14:59:36,849][flwr][INFO] - 	              (94, 0.31248173048816136),
[2024-09-10 14:59:36,849][flwr][INFO] - 	              (95, 0.6240865244080678),
[2024-09-10 14:59:36,849][flwr][INFO] - 	              (96, 0.5469161064016369),
[2024-09-10 14:59:36,849][flwr][INFO] - 	              (97, 0.42852966968722594),
[2024-09-10 14:59:36,849][flwr][INFO] - 	              (98, 0.4203449283835136),
[2024-09-10 14:59:36,849][flwr][INFO] - 	              (99, 0.6167787196726103),
[2024-09-10 14:59:36,849][flwr][INFO] - 	              (100, 0.509792458345513)]}
[2024-09-10 14:59:36,849][flwr][INFO] - 
