[2024-10-02 00:34:41,520][flwr][INFO] - Starting Flower simulation, config: num_rounds=100, no round_timeout
[2024-10-02 00:34:44,650][flwr][INFO] - Flower VCE: Ray initialized with resources: {'CPU': 256.0, 'node:__internal_head__': 1.0, 'memory': 157718409421.0, 'node:115.145.172.224': 1.0, 'object_store_memory': 71879318323.0, 'accelerator_type:G': 1.0, 'GPU': 1.0}
[2024-10-02 00:34:44,651][flwr][INFO] - Optimize your simulation with Flower VCE: https://flower.ai/docs/framework/how-to-run-simulations.html
[2024-10-02 00:34:44,651][flwr][INFO] - Flower VCE: Resources for each Virtual Client: {'num_cpus': 128, 'num_gpus': 0.125}
[2024-10-02 00:34:44,666][flwr][INFO] - Flower VCE: Creating VirtualClientEngineActorPool with 2 actors
[2024-10-02 00:34:44,666][flwr][INFO] - [INIT]
[2024-10-02 00:34:44,666][flwr][INFO] - Requesting initial parameters from one random client
[2024-10-02 00:34:50,938][flwr][INFO] - Received initial parameters from one random client
[2024-10-02 00:34:50,938][flwr][INFO] - Evaluating initial global parameters
[2024-10-02 00:36:33,923][flwr][INFO] - initial parameters (loss, other metrics): 3024.170971632004, {'accuracy': 0.16453045685279188}
[2024-10-02 00:36:33,923][flwr][INFO] - 
[2024-10-02 00:36:33,923][flwr][INFO] - [ROUND 1]
[2024-10-02 00:36:33,924][flwr][INFO] - configure_fit: strategy sampled 5 clients (out of 50)
[2024-10-02 00:38:24,817][flwr][INFO] - aggregate_fit: received 5 results and 0 failures
[2024-10-02 00:38:25,596][flwr][WARNING] - No fit_metrics_aggregation_fn provided
[2024-10-02 00:40:06,292][flwr][INFO] - fit progress: (1, 3048.6411468982697, {'accuracy': 0.23692893401015228}, 212.36851607076824)
[2024-10-02 00:40:06,292][flwr][INFO] - configure_evaluate: strategy sampled 2 clients (out of 50)
[2024-10-02 00:40:09,116][flwr][INFO] - aggregate_evaluate: received 2 results and 0 failures
[2024-10-02 00:40:09,116][flwr][INFO] - 
[2024-10-02 00:40:09,116][flwr][INFO] - [ROUND 2]
[2024-10-02 00:40:09,116][flwr][INFO] - configure_fit: strategy sampled 5 clients (out of 50)
[2024-10-02 00:42:08,879][flwr][INFO] - aggregate_fit: received 5 results and 0 failures
[2024-10-02 00:43:40,038][flwr][INFO] - fit progress: (2, 2994.615451812744, {'accuracy': 0.2433798646362098}, 426.11462257197127)
[2024-10-02 00:43:40,038][flwr][INFO] - configure_evaluate: strategy sampled 2 clients (out of 50)
[2024-10-02 00:43:43,631][flwr][INFO] - aggregate_evaluate: received 2 results and 0 failures
[2024-10-02 00:43:43,632][flwr][INFO] - 
[2024-10-02 00:43:43,632][flwr][INFO] - [ROUND 3]
[2024-10-02 00:43:43,633][flwr][INFO] - configure_fit: strategy sampled 5 clients (out of 50)
[2024-10-02 00:46:03,206][flwr][INFO] - aggregate_fit: received 5 results and 0 failures
[2024-10-02 00:47:34,013][flwr][INFO] - fit progress: (3, 2563.827422142029, {'accuracy': 0.4687182741116751}, 660.0897627668455)
[2024-10-02 00:47:34,014][flwr][INFO] - configure_evaluate: strategy sampled 2 clients (out of 50)
[2024-10-02 00:47:36,447][flwr][INFO] - aggregate_evaluate: received 2 results and 0 failures
[2024-10-02 00:47:36,448][flwr][INFO] - 
[2024-10-02 00:47:36,448][flwr][INFO] - [ROUND 4]
[2024-10-02 00:47:36,448][flwr][INFO] - configure_fit: strategy sampled 5 clients (out of 50)
[2024-10-02 00:49:56,539][flwr][INFO] - aggregate_fit: received 5 results and 0 failures
[2024-10-02 00:51:30,343][flwr][INFO] - fit progress: (4, 2324.694028735161, {'accuracy': 0.461082910321489}, 896.4197755549103)
[2024-10-02 00:51:30,344][flwr][INFO] - configure_evaluate: strategy sampled 2 clients (out of 50)
[2024-10-02 00:51:33,096][flwr][INFO] - aggregate_evaluate: received 2 results and 0 failures
[2024-10-02 00:51:33,096][flwr][INFO] - 
[2024-10-02 00:51:33,096][flwr][INFO] - [ROUND 5]
[2024-10-02 00:51:33,096][flwr][INFO] - configure_fit: strategy sampled 5 clients (out of 50)
[2024-10-02 00:54:02,358][flwr][INFO] - aggregate_fit: received 5 results and 0 failures
[2024-10-02 00:55:33,758][flwr][INFO] - fit progress: (5, 2755.6346673965454, {'accuracy': 0.379906937394247}, 1139.8342829220928)
[2024-10-02 00:55:33,758][flwr][INFO] - configure_evaluate: strategy sampled 2 clients (out of 50)
[2024-10-02 00:55:36,758][flwr][INFO] - aggregate_evaluate: received 2 results and 0 failures
[2024-10-02 00:55:36,759][flwr][INFO] - 
[2024-10-02 00:55:36,759][flwr][INFO] - [ROUND 6]
[2024-10-02 00:55:36,759][flwr][INFO] - configure_fit: strategy sampled 5 clients (out of 50)
[2024-10-02 00:57:47,645][flwr][INFO] - aggregate_fit: received 5 results and 0 failures
[2024-10-02 00:59:18,875][flwr][INFO] - fit progress: (6, 3216.4018807411194, {'accuracy': 0.3472715736040609}, 1364.951520450879)
[2024-10-02 00:59:18,875][flwr][INFO] - configure_evaluate: strategy sampled 2 clients (out of 50)
[2024-10-02 00:59:22,234][flwr][INFO] - aggregate_evaluate: received 2 results and 0 failures
[2024-10-02 00:59:22,234][flwr][INFO] - 
[2024-10-02 00:59:22,234][flwr][INFO] - [ROUND 7]
[2024-10-02 00:59:22,234][flwr][INFO] - configure_fit: strategy sampled 5 clients (out of 50)
[2024-10-02 01:01:36,017][flwr][INFO] - aggregate_fit: received 5 results and 0 failures
[2024-10-02 01:03:11,149][flwr][INFO] - fit progress: (7, 2261.935803592205, {'accuracy': 0.4229060913705584}, 1597.2261307858862)
[2024-10-02 01:03:11,150][flwr][INFO] - configure_evaluate: strategy sampled 2 clients (out of 50)
[2024-10-02 01:03:14,517][flwr][INFO] - aggregate_evaluate: received 2 results and 0 failures
[2024-10-02 01:03:14,517][flwr][INFO] - 
[2024-10-02 01:03:14,517][flwr][INFO] - [ROUND 8]
[2024-10-02 01:03:14,517][flwr][INFO] - configure_fit: strategy sampled 5 clients (out of 50)
[2024-10-02 01:05:02,262][flwr][INFO] - aggregate_fit: received 5 results and 0 failures
[2024-10-02 01:06:33,976][flwr][INFO] - fit progress: (8, 2221.809882938862, {'accuracy': 0.46920473773265653}, 1800.0526135130785)
[2024-10-02 01:06:33,976][flwr][INFO] - configure_evaluate: strategy sampled 2 clients (out of 50)
[2024-10-02 01:06:37,140][flwr][INFO] - aggregate_evaluate: received 2 results and 0 failures
[2024-10-02 01:06:37,140][flwr][INFO] - 
[2024-10-02 01:06:37,140][flwr][INFO] - [ROUND 9]
[2024-10-02 01:06:37,140][flwr][INFO] - configure_fit: strategy sampled 5 clients (out of 50)
[2024-10-02 01:08:34,505][flwr][INFO] - aggregate_fit: received 5 results and 0 failures
[2024-10-02 01:10:07,551][flwr][INFO] - fit progress: (9, 2690.754876613617, {'accuracy': 0.3877749576988156}, 2013.627905244939)
[2024-10-02 01:10:07,552][flwr][INFO] - configure_evaluate: strategy sampled 2 clients (out of 50)
[2024-10-02 01:10:10,546][flwr][INFO] - aggregate_evaluate: received 2 results and 0 failures
[2024-10-02 01:10:10,546][flwr][INFO] - 
[2024-10-02 01:10:10,546][flwr][INFO] - [ROUND 10]
[2024-10-02 01:10:10,546][flwr][INFO] - configure_fit: strategy sampled 5 clients (out of 50)
[2024-10-02 01:11:58,806][flwr][INFO] - aggregate_fit: received 5 results and 0 failures
[2024-10-02 01:13:33,004][flwr][INFO] - fit progress: (10, 3403.8235392570496, {'accuracy': 0.22419627749576987}, 2219.0803379337303)
[2024-10-02 01:13:33,004][flwr][INFO] - configure_evaluate: strategy sampled 2 clients (out of 50)
[2024-10-02 01:13:36,362][flwr][INFO] - aggregate_evaluate: received 2 results and 0 failures
[2024-10-02 01:13:36,362][flwr][INFO] - 
[2024-10-02 01:13:36,362][flwr][INFO] - [ROUND 11]
[2024-10-02 01:13:36,362][flwr][INFO] - configure_fit: strategy sampled 5 clients (out of 50)
[2024-10-02 01:15:39,282][flwr][INFO] - aggregate_fit: received 5 results and 0 failures
[2024-10-02 01:17:15,482][flwr][INFO] - fit progress: (11, 2668.0069719552994, {'accuracy': 0.3468485617597293}, 2441.558764976915)
[2024-10-02 01:17:15,483][flwr][INFO] - configure_evaluate: strategy sampled 2 clients (out of 50)
[2024-10-02 01:17:18,570][flwr][INFO] - aggregate_evaluate: received 2 results and 0 failures
[2024-10-02 01:17:18,570][flwr][INFO] - 
[2024-10-02 01:17:18,570][flwr][INFO] - [ROUND 12]
[2024-10-02 01:17:18,570][flwr][INFO] - configure_fit: strategy sampled 5 clients (out of 50)
[2024-10-02 01:19:37,572][flwr][INFO] - aggregate_fit: received 5 results and 0 failures
[2024-10-02 01:21:11,112][flwr][INFO] - fit progress: (12, 2375.5056737065315, {'accuracy': 0.36670896785109985}, 2677.1886656270362)
[2024-10-02 01:21:11,112][flwr][INFO] - configure_evaluate: strategy sampled 2 clients (out of 50)
[2024-10-02 01:21:14,132][flwr][INFO] - aggregate_evaluate: received 2 results and 0 failures
[2024-10-02 01:21:14,132][flwr][INFO] - 
[2024-10-02 01:21:14,132][flwr][INFO] - [ROUND 13]
[2024-10-02 01:21:14,132][flwr][INFO] - configure_fit: strategy sampled 5 clients (out of 50)
[2024-10-02 01:23:22,594][flwr][INFO] - aggregate_fit: received 5 results and 0 failures
[2024-10-02 01:24:56,107][flwr][INFO] - fit progress: (13, 2442.0434945225716, {'accuracy': 0.43898054145516074}, 2902.183887149673)
[2024-10-02 01:24:56,108][flwr][INFO] - configure_evaluate: strategy sampled 2 clients (out of 50)
[2024-10-02 01:24:59,119][flwr][INFO] - aggregate_evaluate: received 2 results and 0 failures
[2024-10-02 01:24:59,119][flwr][INFO] - 
[2024-10-02 01:24:59,119][flwr][INFO] - [ROUND 14]
[2024-10-02 01:24:59,119][flwr][INFO] - configure_fit: strategy sampled 5 clients (out of 50)
[2024-10-02 01:27:08,936][flwr][INFO] - aggregate_fit: received 5 results and 0 failures
[2024-10-02 01:28:47,646][flwr][INFO] - fit progress: (14, 2537.287234187126, {'accuracy': 0.3728426395939086}, 3133.7222333489917)
[2024-10-02 01:28:47,646][flwr][INFO] - configure_evaluate: strategy sampled 2 clients (out of 50)
[2024-10-02 01:28:50,653][flwr][INFO] - aggregate_evaluate: received 2 results and 0 failures
[2024-10-02 01:28:50,654][flwr][INFO] - 
[2024-10-02 01:28:50,654][flwr][INFO] - [ROUND 15]
[2024-10-02 01:28:50,654][flwr][INFO] - configure_fit: strategy sampled 5 clients (out of 50)
[2024-10-02 01:31:00,383][flwr][INFO] - aggregate_fit: received 5 results and 0 failures
[2024-10-02 01:32:40,310][flwr][INFO] - fit progress: (15, 3657.4723131656647, {'accuracy': 0.28269881556683585}, 3366.3869575597346)
[2024-10-02 01:32:40,311][flwr][INFO] - configure_evaluate: strategy sampled 2 clients (out of 50)
[2024-10-02 01:32:42,950][flwr][INFO] - aggregate_evaluate: received 2 results and 0 failures
[2024-10-02 01:32:42,950][flwr][INFO] - 
[2024-10-02 01:32:42,950][flwr][INFO] - [ROUND 16]
[2024-10-02 01:32:42,950][flwr][INFO] - configure_fit: strategy sampled 5 clients (out of 50)
[2024-10-02 01:34:39,581][flwr][INFO] - aggregate_fit: received 5 results and 0 failures
[2024-10-02 01:36:09,955][flwr][INFO] - fit progress: (16, 4125.218463182449, {'accuracy': 0.2699450084602369}, 3576.0316344229504)
[2024-10-02 01:36:09,955][flwr][INFO] - configure_evaluate: strategy sampled 2 clients (out of 50)
[2024-10-02 01:36:13,003][flwr][INFO] - aggregate_evaluate: received 2 results and 0 failures
[2024-10-02 01:36:13,003][flwr][INFO] - 
[2024-10-02 01:36:13,004][flwr][INFO] - [ROUND 17]
[2024-10-02 01:36:13,004][flwr][INFO] - configure_fit: strategy sampled 5 clients (out of 50)
[2024-10-02 01:38:33,530][flwr][INFO] - aggregate_fit: received 5 results and 0 failures
[2024-10-02 01:40:03,538][flwr][INFO] - fit progress: (17, 1977.7303822040558, {'accuracy': 0.5614213197969543}, 3809.614943661727)
[2024-10-02 01:40:03,539][flwr][INFO] - configure_evaluate: strategy sampled 2 clients (out of 50)
[2024-10-02 01:40:06,477][flwr][INFO] - aggregate_evaluate: received 2 results and 0 failures
[2024-10-02 01:40:06,477][flwr][INFO] - 
[2024-10-02 01:40:06,477][flwr][INFO] - [ROUND 18]
[2024-10-02 01:40:06,477][flwr][INFO] - configure_fit: strategy sampled 5 clients (out of 50)
[2024-10-02 01:42:18,085][flwr][INFO] - aggregate_fit: received 5 results and 0 failures
[2024-10-02 01:43:48,123][flwr][INFO] - fit progress: (18, 2160.687683880329, {'accuracy': 0.4296319796954315}, 4034.199158569798)
[2024-10-02 01:43:48,123][flwr][INFO] - configure_evaluate: strategy sampled 2 clients (out of 50)
[2024-10-02 01:43:50,893][flwr][INFO] - aggregate_evaluate: received 2 results and 0 failures
[2024-10-02 01:43:50,893][flwr][INFO] - 
[2024-10-02 01:43:50,893][flwr][INFO] - [ROUND 19]
[2024-10-02 01:43:50,893][flwr][INFO] - configure_fit: strategy sampled 5 clients (out of 50)
[2024-10-02 01:46:12,624][flwr][INFO] - aggregate_fit: received 5 results and 0 failures
[2024-10-02 01:47:45,530][flwr][INFO] - fit progress: (19, 1965.5956811904907, {'accuracy': 0.565587986463621}, 4271.6068589580245)
[2024-10-02 01:47:45,531][flwr][INFO] - configure_evaluate: strategy sampled 2 clients (out of 50)
[2024-10-02 01:47:48,140][flwr][INFO] - aggregate_evaluate: received 2 results and 0 failures
[2024-10-02 01:47:48,140][flwr][INFO] - 
[2024-10-02 01:47:48,140][flwr][INFO] - [ROUND 20]
[2024-10-02 01:47:48,141][flwr][INFO] - configure_fit: strategy sampled 5 clients (out of 50)
[2024-10-02 01:49:36,095][flwr][INFO] - aggregate_fit: received 5 results and 0 failures
[2024-10-02 01:51:05,332][flwr][INFO] - fit progress: (20, 2331.3406463861465, {'accuracy': 0.3765016920473773}, 4471.408611766063)
[2024-10-02 01:51:05,332][flwr][INFO] - configure_evaluate: strategy sampled 2 clients (out of 50)
[2024-10-02 01:51:07,950][flwr][INFO] - aggregate_evaluate: received 2 results and 0 failures
[2024-10-02 01:51:07,951][flwr][INFO] - 
[2024-10-02 01:51:07,951][flwr][INFO] - [ROUND 21]
[2024-10-02 01:51:07,951][flwr][INFO] - configure_fit: strategy sampled 5 clients (out of 50)
[2024-10-02 01:53:05,148][flwr][INFO] - aggregate_fit: received 5 results and 0 failures
[2024-10-02 01:54:41,853][flwr][INFO] - fit progress: (21, 2344.8802841305733, {'accuracy': 0.5065566835871405}, 4687.9299108791165)
[2024-10-02 01:54:41,854][flwr][INFO] - configure_evaluate: strategy sampled 2 clients (out of 50)
[2024-10-02 01:54:44,812][flwr][INFO] - aggregate_evaluate: received 2 results and 0 failures
[2024-10-02 01:54:44,813][flwr][INFO] - 
[2024-10-02 01:54:44,813][flwr][INFO] - [ROUND 22]
[2024-10-02 01:54:44,813][flwr][INFO] - configure_fit: strategy sampled 5 clients (out of 50)
[2024-10-02 01:56:59,218][flwr][INFO] - aggregate_fit: received 5 results and 0 failures
[2024-10-02 01:58:28,915][flwr][INFO] - fit progress: (22, 1717.0239960551262, {'accuracy': 0.5827199661590524}, 4914.9912620256655)
[2024-10-02 01:58:28,915][flwr][INFO] - configure_evaluate: strategy sampled 2 clients (out of 50)
[2024-10-02 01:58:31,688][flwr][INFO] - aggregate_evaluate: received 2 results and 0 failures
[2024-10-02 01:58:31,688][flwr][INFO] - 
[2024-10-02 01:58:31,688][flwr][INFO] - [ROUND 23]
[2024-10-02 01:58:31,689][flwr][INFO] - configure_fit: strategy sampled 5 clients (out of 50)
[2024-10-02 02:00:28,617][flwr][INFO] - aggregate_fit: received 5 results and 0 failures
[2024-10-02 02:02:00,165][flwr][INFO] - fit progress: (23, 2888.56333309412, {'accuracy': 0.3805414551607445}, 5126.2414446207695)
[2024-10-02 02:02:00,165][flwr][INFO] - configure_evaluate: strategy sampled 2 clients (out of 50)
[2024-10-02 02:02:02,523][flwr][INFO] - aggregate_evaluate: received 2 results and 0 failures
[2024-10-02 02:02:02,523][flwr][INFO] - 
[2024-10-02 02:02:02,523][flwr][INFO] - [ROUND 24]
[2024-10-02 02:02:02,523][flwr][INFO] - configure_fit: strategy sampled 5 clients (out of 50)
[2024-10-02 02:03:57,719][flwr][INFO] - aggregate_fit: received 5 results and 0 failures
[2024-10-02 02:05:27,492][flwr][INFO] - fit progress: (24, 2729.806269645691, {'accuracy': 0.3845812182741117}, 5333.5682780439965)
[2024-10-02 02:05:27,492][flwr][INFO] - configure_evaluate: strategy sampled 2 clients (out of 50)
[2024-10-02 02:05:30,653][flwr][INFO] - aggregate_evaluate: received 2 results and 0 failures
[2024-10-02 02:05:30,653][flwr][INFO] - 
[2024-10-02 02:05:30,653][flwr][INFO] - [ROUND 25]
[2024-10-02 02:05:30,653][flwr][INFO] - configure_fit: strategy sampled 5 clients (out of 50)
[2024-10-02 02:07:38,358][flwr][INFO] - aggregate_fit: received 5 results and 0 failures
[2024-10-02 02:09:07,523][flwr][INFO] - fit progress: (25, 2446.100036084652, {'accuracy': 0.45219966159052455}, 5553.6001143800095)
[2024-10-02 02:09:07,524][flwr][INFO] - configure_evaluate: strategy sampled 2 clients (out of 50)
[2024-10-02 02:09:10,430][flwr][INFO] - aggregate_evaluate: received 2 results and 0 failures
[2024-10-02 02:09:10,430][flwr][INFO] - 
[2024-10-02 02:09:10,430][flwr][INFO] - [ROUND 26]
[2024-10-02 02:09:10,430][flwr][INFO] - configure_fit: strategy sampled 5 clients (out of 50)
[2024-10-02 02:11:31,454][flwr][INFO] - aggregate_fit: received 5 results and 0 failures
[2024-10-02 02:13:00,845][flwr][INFO] - fit progress: (26, 2071.624528348446, {'accuracy': 0.5036379018612521}, 5786.921377407853)
[2024-10-02 02:13:00,845][flwr][INFO] - configure_evaluate: strategy sampled 2 clients (out of 50)
[2024-10-02 02:13:04,102][flwr][INFO] - aggregate_evaluate: received 2 results and 0 failures
[2024-10-02 02:13:04,103][flwr][INFO] - 
[2024-10-02 02:13:04,103][flwr][INFO] - [ROUND 27]
[2024-10-02 02:13:04,104][flwr][INFO] - configure_fit: strategy sampled 5 clients (out of 50)
[2024-10-02 02:14:44,726][flwr][INFO] - aggregate_fit: received 5 results and 0 failures
[2024-10-02 02:16:22,602][flwr][INFO] - fit progress: (27, 4490.536446452141, {'accuracy': 0.3420896785109983}, 5988.678228077013)
[2024-10-02 02:16:22,602][flwr][INFO] - configure_evaluate: strategy sampled 2 clients (out of 50)
[2024-10-02 02:16:25,107][flwr][INFO] - aggregate_evaluate: received 2 results and 0 failures
[2024-10-02 02:16:25,107][flwr][INFO] - 
[2024-10-02 02:16:25,108][flwr][INFO] - [ROUND 28]
[2024-10-02 02:16:25,108][flwr][INFO] - configure_fit: strategy sampled 5 clients (out of 50)
[2024-10-02 02:18:44,868][flwr][INFO] - aggregate_fit: received 5 results and 0 failures
[2024-10-02 02:20:16,268][flwr][INFO] - fit progress: (28, 2255.080207824707, {'accuracy': 0.46831641285956005}, 6222.345017625019)
[2024-10-02 02:20:16,269][flwr][INFO] - configure_evaluate: strategy sampled 2 clients (out of 50)
[2024-10-02 02:20:19,500][flwr][INFO] - aggregate_evaluate: received 2 results and 0 failures
[2024-10-02 02:20:19,500][flwr][INFO] - 
[2024-10-02 02:20:19,500][flwr][INFO] - [ROUND 29]
[2024-10-02 02:20:19,500][flwr][INFO] - configure_fit: strategy sampled 5 clients (out of 50)
[2024-10-02 02:22:26,983][flwr][INFO] - aggregate_fit: received 5 results and 0 failures
[2024-10-02 02:23:56,889][flwr][INFO] - fit progress: (29, 5354.770842194557, {'accuracy': 0.34215313028764804}, 6442.965639082715)
[2024-10-02 02:23:56,890][flwr][INFO] - configure_evaluate: strategy sampled 2 clients (out of 50)
[2024-10-02 02:23:59,625][flwr][INFO] - aggregate_evaluate: received 2 results and 0 failures
[2024-10-02 02:23:59,625][flwr][INFO] - 
[2024-10-02 02:23:59,625][flwr][INFO] - [ROUND 30]
[2024-10-02 02:23:59,626][flwr][INFO] - configure_fit: strategy sampled 5 clients (out of 50)
[2024-10-02 02:25:42,881][flwr][INFO] - aggregate_fit: received 5 results and 0 failures
[2024-10-02 02:27:14,270][flwr][INFO] - fit progress: (30, 4525.91451728344, {'accuracy': 0.38826142131979696}, 6640.346981241833)
[2024-10-02 02:27:14,271][flwr][INFO] - configure_evaluate: strategy sampled 2 clients (out of 50)
[2024-10-02 02:27:17,717][flwr][INFO] - aggregate_evaluate: received 2 results and 0 failures
[2024-10-02 02:27:17,718][flwr][INFO] - 
[2024-10-02 02:27:17,718][flwr][INFO] - [ROUND 31]
[2024-10-02 02:27:17,718][flwr][INFO] - configure_fit: strategy sampled 5 clients (out of 50)
[2024-10-02 02:29:42,189][flwr][INFO] - aggregate_fit: received 5 results and 0 failures
[2024-10-02 02:31:11,641][flwr][INFO] - fit progress: (31, 2188.4862743616104, {'accuracy': 0.5286590524534687}, 6877.717937226873)
[2024-10-02 02:31:11,642][flwr][INFO] - configure_evaluate: strategy sampled 2 clients (out of 50)
[2024-10-02 02:31:14,358][flwr][INFO] - aggregate_evaluate: received 2 results and 0 failures
[2024-10-02 02:31:14,359][flwr][INFO] - 
[2024-10-02 02:31:14,359][flwr][INFO] - [ROUND 32]
[2024-10-02 02:31:14,359][flwr][INFO] - configure_fit: strategy sampled 5 clients (out of 50)
[2024-10-02 02:33:01,400][flwr][INFO] - aggregate_fit: received 5 results and 0 failures
[2024-10-02 02:34:38,693][flwr][INFO] - fit progress: (32, 3726.6374801397324, {'accuracy': 0.3199238578680203}, 7084.7695817817)
[2024-10-02 02:34:38,693][flwr][INFO] - configure_evaluate: strategy sampled 2 clients (out of 50)
[2024-10-02 02:34:41,811][flwr][INFO] - aggregate_evaluate: received 2 results and 0 failures
[2024-10-02 02:34:41,811][flwr][INFO] - 
[2024-10-02 02:34:41,811][flwr][INFO] - [ROUND 33]
[2024-10-02 02:34:41,812][flwr][INFO] - configure_fit: strategy sampled 5 clients (out of 50)
[2024-10-02 02:36:18,749][flwr][INFO] - aggregate_fit: received 5 results and 0 failures
[2024-10-02 02:37:49,584][flwr][INFO] - fit progress: (33, 4643.026503801346, {'accuracy': 0.3193104906937394}, 7275.6603209967725)
[2024-10-02 02:37:49,584][flwr][INFO] - configure_evaluate: strategy sampled 2 clients (out of 50)
[2024-10-02 02:37:52,724][flwr][INFO] - aggregate_evaluate: received 2 results and 0 failures
[2024-10-02 02:37:52,724][flwr][INFO] - 
[2024-10-02 02:37:52,724][flwr][INFO] - [ROUND 34]
[2024-10-02 02:37:52,725][flwr][INFO] - configure_fit: strategy sampled 5 clients (out of 50)
[2024-10-02 02:39:49,519][flwr][INFO] - aggregate_fit: received 5 results and 0 failures
[2024-10-02 02:41:26,283][flwr][INFO] - fit progress: (34, 4380.834177136421, {'accuracy': 0.3030245346869712}, 7492.359603519086)
[2024-10-02 02:41:26,284][flwr][INFO] - configure_evaluate: strategy sampled 2 clients (out of 50)
[2024-10-02 02:41:28,971][flwr][INFO] - aggregate_evaluate: received 2 results and 0 failures
[2024-10-02 02:41:28,972][flwr][INFO] - 
[2024-10-02 02:41:28,972][flwr][INFO] - [ROUND 35]
[2024-10-02 02:41:28,972][flwr][INFO] - configure_fit: strategy sampled 5 clients (out of 50)
[2024-10-02 02:43:49,960][flwr][INFO] - aggregate_fit: received 5 results and 0 failures
[2024-10-02 02:45:25,968][flwr][INFO] - fit progress: (35, 2427.241497337818, {'accuracy': 0.5013324873096446}, 7732.044968736824)
[2024-10-02 02:45:25,969][flwr][INFO] - configure_evaluate: strategy sampled 2 clients (out of 50)
[2024-10-02 02:45:29,174][flwr][INFO] - aggregate_evaluate: received 2 results and 0 failures
[2024-10-02 02:45:29,174][flwr][INFO] - 
[2024-10-02 02:45:29,175][flwr][INFO] - [ROUND 36]
[2024-10-02 02:45:29,175][flwr][INFO] - configure_fit: strategy sampled 5 clients (out of 50)
[2024-10-02 02:47:26,659][flwr][INFO] - aggregate_fit: received 5 results and 0 failures
[2024-10-02 02:49:11,536][flwr][INFO] - fit progress: (36, 2115.1388716697693, {'accuracy': 0.5512901861252115}, 7957.6129533890635)
[2024-10-02 02:49:11,537][flwr][INFO] - configure_evaluate: strategy sampled 2 clients (out of 50)
[2024-10-02 02:49:14,044][flwr][INFO] - aggregate_evaluate: received 2 results and 0 failures
[2024-10-02 02:49:14,044][flwr][INFO] - 
[2024-10-02 02:49:14,045][flwr][INFO] - [ROUND 37]
[2024-10-02 02:49:14,045][flwr][INFO] - configure_fit: strategy sampled 5 clients (out of 50)
[2024-10-02 02:51:42,574][flwr][INFO] - aggregate_fit: received 5 results and 0 failures
[2024-10-02 02:53:21,840][flwr][INFO] - fit progress: (37, 2079.7392840385437, {'accuracy': 0.5600253807106599}, 8207.917059986852)
[2024-10-02 02:53:21,841][flwr][INFO] - configure_evaluate: strategy sampled 2 clients (out of 50)
[2024-10-02 02:53:24,915][flwr][INFO] - aggregate_evaluate: received 2 results and 0 failures
[2024-10-02 02:53:24,916][flwr][INFO] - 
[2024-10-02 02:53:24,916][flwr][INFO] - [ROUND 38]
[2024-10-02 02:53:24,916][flwr][INFO] - configure_fit: strategy sampled 5 clients (out of 50)
[2024-10-02 02:55:50,338][flwr][INFO] - aggregate_fit: received 5 results and 0 failures
[2024-10-02 02:57:21,571][flwr][INFO] - fit progress: (38, 2450.122330725193, {'accuracy': 0.5499788494077834}, 8447.647583643906)
[2024-10-02 02:57:21,571][flwr][INFO] - configure_evaluate: strategy sampled 2 clients (out of 50)
[2024-10-02 02:57:24,222][flwr][INFO] - aggregate_evaluate: received 2 results and 0 failures
[2024-10-02 02:57:24,223][flwr][INFO] - 
[2024-10-02 02:57:24,223][flwr][INFO] - [ROUND 39]
[2024-10-02 02:57:24,223][flwr][INFO] - configure_fit: strategy sampled 5 clients (out of 50)
[2024-10-02 03:00:04,043][flwr][INFO] - aggregate_fit: received 5 results and 0 failures
[2024-10-02 03:01:40,624][flwr][INFO] - fit progress: (39, 1983.6982917785645, {'accuracy': 0.5818104906937395}, 8706.700189895928)
[2024-10-02 03:01:40,624][flwr][INFO] - configure_evaluate: strategy sampled 2 clients (out of 50)
[2024-10-02 03:01:43,656][flwr][INFO] - aggregate_evaluate: received 2 results and 0 failures
[2024-10-02 03:01:43,656][flwr][INFO] - 
[2024-10-02 03:01:43,656][flwr][INFO] - [ROUND 40]
[2024-10-02 03:01:43,657][flwr][INFO] - configure_fit: strategy sampled 5 clients (out of 50)
[2024-10-02 03:03:59,786][flwr][INFO] - aggregate_fit: received 5 results and 0 failures
[2024-10-02 03:05:37,461][flwr][INFO] - fit progress: (40, 3348.432672083378, {'accuracy': 0.4119077834179357}, 8943.537978404667)
[2024-10-02 03:05:37,462][flwr][INFO] - configure_evaluate: strategy sampled 2 clients (out of 50)
[2024-10-02 03:05:40,170][flwr][INFO] - aggregate_evaluate: received 2 results and 0 failures
[2024-10-02 03:05:40,171][flwr][INFO] - 
[2024-10-02 03:05:40,171][flwr][INFO] - [ROUND 41]
[2024-10-02 03:05:40,171][flwr][INFO] - configure_fit: strategy sampled 5 clients (out of 50)
[2024-10-02 03:08:06,143][flwr][INFO] - aggregate_fit: received 5 results and 0 failures
[2024-10-02 03:09:36,045][flwr][INFO] - fit progress: (41, 2686.6731402277946, {'accuracy': 0.5503807106598985}, 9182.121458162088)
[2024-10-02 03:09:36,045][flwr][INFO] - configure_evaluate: strategy sampled 2 clients (out of 50)
[2024-10-02 03:09:38,758][flwr][INFO] - aggregate_evaluate: received 2 results and 0 failures
[2024-10-02 03:09:38,758][flwr][INFO] - 
[2024-10-02 03:09:38,758][flwr][INFO] - [ROUND 42]
[2024-10-02 03:09:38,758][flwr][INFO] - configure_fit: strategy sampled 5 clients (out of 50)
[2024-10-02 03:12:08,113][flwr][INFO] - aggregate_fit: received 5 results and 0 failures
[2024-10-02 03:13:43,810][flwr][INFO] - fit progress: (42, 2737.717540383339, {'accuracy': 0.5499788494077834}, 9429.88699363498)
[2024-10-02 03:13:43,811][flwr][INFO] - configure_evaluate: strategy sampled 2 clients (out of 50)
[2024-10-02 03:13:46,614][flwr][INFO] - aggregate_evaluate: received 2 results and 0 failures
[2024-10-02 03:13:46,615][flwr][INFO] - 
[2024-10-02 03:13:46,615][flwr][INFO] - [ROUND 43]
[2024-10-02 03:13:46,615][flwr][INFO] - configure_fit: strategy sampled 5 clients (out of 50)
[2024-10-02 03:15:51,988][flwr][INFO] - aggregate_fit: received 5 results and 0 failures
[2024-10-02 03:17:27,081][flwr][INFO] - fit progress: (43, 3531.861262321472, {'accuracy': 0.386336717428088}, 9653.157911696006)
[2024-10-02 03:17:27,082][flwr][INFO] - configure_evaluate: strategy sampled 2 clients (out of 50)
[2024-10-02 03:17:29,941][flwr][INFO] - aggregate_evaluate: received 2 results and 0 failures
[2024-10-02 03:17:29,942][flwr][INFO] - 
[2024-10-02 03:17:29,942][flwr][INFO] - [ROUND 44]
[2024-10-02 03:17:29,942][flwr][INFO] - configure_fit: strategy sampled 5 clients (out of 50)
[2024-10-02 03:19:28,296][flwr][INFO] - aggregate_fit: received 5 results and 0 failures
[2024-10-02 03:21:06,404][flwr][INFO] - fit progress: (44, 3070.5057290792465, {'accuracy': 0.48538494077834177}, 9872.480580941774)
[2024-10-02 03:21:06,404][flwr][INFO] - configure_evaluate: strategy sampled 2 clients (out of 50)
[2024-10-02 03:21:09,010][flwr][INFO] - aggregate_evaluate: received 2 results and 0 failures
[2024-10-02 03:21:09,010][flwr][INFO] - 
[2024-10-02 03:21:09,010][flwr][INFO] - [ROUND 45]
[2024-10-02 03:21:09,010][flwr][INFO] - configure_fit: strategy sampled 5 clients (out of 50)
[2024-10-02 03:23:05,109][flwr][INFO] - aggregate_fit: received 5 results and 0 failures
[2024-10-02 03:24:36,181][flwr][INFO] - fit progress: (45, 4334.828225970268, {'accuracy': 0.34084179357022}, 10082.257305120118)
[2024-10-02 03:24:36,181][flwr][INFO] - configure_evaluate: strategy sampled 2 clients (out of 50)
[2024-10-02 03:24:38,798][flwr][INFO] - aggregate_evaluate: received 2 results and 0 failures
[2024-10-02 03:24:38,799][flwr][INFO] - 
[2024-10-02 03:24:38,799][flwr][INFO] - [ROUND 46]
[2024-10-02 03:24:38,800][flwr][INFO] - configure_fit: strategy sampled 5 clients (out of 50)
[2024-10-02 03:26:38,228][flwr][INFO] - aggregate_fit: received 5 results and 0 failures
[2024-10-02 03:28:15,060][flwr][INFO] - fit progress: (46, 2457.778369307518, {'accuracy': 0.49877326565143826}, 10301.137145028915)
[2024-10-02 03:28:15,061][flwr][INFO] - configure_evaluate: strategy sampled 2 clients (out of 50)
[2024-10-02 03:28:17,946][flwr][INFO] - aggregate_evaluate: received 2 results and 0 failures
[2024-10-02 03:28:17,947][flwr][INFO] - 
[2024-10-02 03:28:17,947][flwr][INFO] - [ROUND 47]
[2024-10-02 03:28:17,947][flwr][INFO] - configure_fit: strategy sampled 5 clients (out of 50)
[2024-10-02 03:30:24,863][flwr][INFO] - aggregate_fit: received 5 results and 0 failures
[2024-10-02 03:31:55,239][flwr][INFO] - fit progress: (47, 2254.4854574799538, {'accuracy': 0.543824027072758}, 10521.316074757837)
[2024-10-02 03:31:55,240][flwr][INFO] - configure_evaluate: strategy sampled 2 clients (out of 50)
[2024-10-02 03:31:58,133][flwr][INFO] - aggregate_evaluate: received 2 results and 0 failures
[2024-10-02 03:31:58,134][flwr][INFO] - 
[2024-10-02 03:31:58,134][flwr][INFO] - [ROUND 48]
[2024-10-02 03:31:58,134][flwr][INFO] - configure_fit: strategy sampled 5 clients (out of 50)
[2024-10-02 03:34:07,089][flwr][INFO] - aggregate_fit: received 5 results and 0 failures
[2024-10-02 03:35:45,575][flwr][INFO] - fit progress: (48, 2028.4006571769714, {'accuracy': 0.5557952622673434}, 10751.651501690969)
[2024-10-02 03:35:45,575][flwr][INFO] - configure_evaluate: strategy sampled 2 clients (out of 50)
[2024-10-02 03:35:48,227][flwr][INFO] - aggregate_evaluate: received 2 results and 0 failures
[2024-10-02 03:35:48,228][flwr][INFO] - 
[2024-10-02 03:35:48,228][flwr][INFO] - [ROUND 49]
[2024-10-02 03:35:48,228][flwr][INFO] - configure_fit: strategy sampled 5 clients (out of 50)
[2024-10-02 03:38:07,286][flwr][INFO] - aggregate_fit: received 5 results and 0 failures
[2024-10-02 03:39:51,172][flwr][INFO] - fit progress: (49, 2519.5543196201324, {'accuracy': 0.5535532994923857}, 10997.248634808697)
[2024-10-02 03:39:51,172][flwr][INFO] - configure_evaluate: strategy sampled 2 clients (out of 50)
[2024-10-02 03:39:54,248][flwr][INFO] - aggregate_evaluate: received 2 results and 0 failures
[2024-10-02 03:39:54,249][flwr][INFO] - 
[2024-10-02 03:39:54,249][flwr][INFO] - [ROUND 50]
[2024-10-02 03:39:54,249][flwr][INFO] - configure_fit: strategy sampled 5 clients (out of 50)
[2024-10-02 03:42:05,366][flwr][INFO] - aggregate_fit: received 5 results and 0 failures
[2024-10-02 03:43:42,282][flwr][INFO] - fit progress: (50, 3174.053812623024, {'accuracy': 0.4786590524534687}, 11228.358494621702)
[2024-10-02 03:43:42,282][flwr][INFO] - configure_evaluate: strategy sampled 2 clients (out of 50)
[2024-10-02 03:43:44,855][flwr][INFO] - aggregate_evaluate: received 2 results and 0 failures
[2024-10-02 03:43:44,856][flwr][INFO] - 
[2024-10-02 03:43:44,856][flwr][INFO] - [ROUND 51]
[2024-10-02 03:43:44,856][flwr][INFO] - configure_fit: strategy sampled 5 clients (out of 50)
[2024-10-02 03:45:48,131][flwr][INFO] - aggregate_fit: received 5 results and 0 failures
[2024-10-02 03:47:23,815][flwr][INFO] - fit progress: (51, 2551.608908057213, {'accuracy': 0.5020304568527919}, 11449.89123215666)
[2024-10-02 03:47:23,815][flwr][INFO] - configure_evaluate: strategy sampled 2 clients (out of 50)
[2024-10-02 03:47:26,522][flwr][INFO] - aggregate_evaluate: received 2 results and 0 failures
[2024-10-02 03:47:26,522][flwr][INFO] - 
[2024-10-02 03:47:26,523][flwr][INFO] - [ROUND 52]
[2024-10-02 03:47:26,523][flwr][INFO] - configure_fit: strategy sampled 5 clients (out of 50)
[2024-10-02 03:49:13,289][flwr][INFO] - aggregate_fit: received 5 results and 0 failures
[2024-10-02 03:50:48,927][flwr][INFO] - fit progress: (52, 4128.2403337955475, {'accuracy': 0.3086082910321489}, 11655.003587116953)
[2024-10-02 03:50:48,927][flwr][INFO] - configure_evaluate: strategy sampled 2 clients (out of 50)
[2024-10-02 03:50:51,782][flwr][INFO] - aggregate_evaluate: received 2 results and 0 failures
[2024-10-02 03:50:51,782][flwr][INFO] - 
[2024-10-02 03:50:51,782][flwr][INFO] - [ROUND 53]
[2024-10-02 03:50:51,783][flwr][INFO] - configure_fit: strategy sampled 5 clients (out of 50)
[2024-10-02 03:53:01,249][flwr][INFO] - aggregate_fit: received 5 results and 0 failures
[2024-10-02 03:54:37,203][flwr][INFO] - fit progress: (53, 2359.5034896731377, {'accuracy': 0.5395939086294417}, 11883.27977567399)
[2024-10-02 03:54:37,204][flwr][INFO] - configure_evaluate: strategy sampled 2 clients (out of 50)
[2024-10-02 03:54:39,978][flwr][INFO] - aggregate_evaluate: received 2 results and 0 failures
[2024-10-02 03:54:39,978][flwr][INFO] - 
[2024-10-02 03:54:39,978][flwr][INFO] - [ROUND 54]
[2024-10-02 03:54:39,978][flwr][INFO] - configure_fit: strategy sampled 5 clients (out of 50)
[2024-10-02 03:56:15,019][flwr][INFO] - aggregate_fit: received 5 results and 0 failures
[2024-10-02 03:57:50,125][flwr][INFO] - fit progress: (54, 4293.070680975914, {'accuracy': 0.2781514382402707}, 12076.20190425869)
[2024-10-02 03:57:50,126][flwr][INFO] - configure_evaluate: strategy sampled 2 clients (out of 50)
[2024-10-02 03:57:53,022][flwr][INFO] - aggregate_evaluate: received 2 results and 0 failures
[2024-10-02 03:57:53,023][flwr][INFO] - 
[2024-10-02 03:57:53,023][flwr][INFO] - [ROUND 55]
[2024-10-02 03:57:53,023][flwr][INFO] - configure_fit: strategy sampled 5 clients (out of 50)
[2024-10-02 04:00:05,198][flwr][INFO] - aggregate_fit: received 5 results and 0 failures
[2024-10-02 04:01:44,160][flwr][INFO] - fit progress: (55, 3833.0841966867447, {'accuracy': 0.40803722504230117}, 12310.236585904844)
[2024-10-02 04:01:44,160][flwr][INFO] - configure_evaluate: strategy sampled 2 clients (out of 50)
[2024-10-02 04:01:47,292][flwr][INFO] - aggregate_evaluate: received 2 results and 0 failures
[2024-10-02 04:01:47,293][flwr][INFO] - 
[2024-10-02 04:01:47,293][flwr][INFO] - [ROUND 56]
[2024-10-02 04:01:47,293][flwr][INFO] - configure_fit: strategy sampled 5 clients (out of 50)
[2024-10-02 04:04:02,599][flwr][INFO] - aggregate_fit: received 5 results and 0 failures
[2024-10-02 04:05:43,145][flwr][INFO] - fit progress: (56, 2509.850001811981, {'accuracy': 0.5074661590524535}, 12549.221660138108)
[2024-10-02 04:05:43,145][flwr][INFO] - configure_evaluate: strategy sampled 2 clients (out of 50)
[2024-10-02 04:05:46,538][flwr][INFO] - aggregate_evaluate: received 2 results and 0 failures
[2024-10-02 04:05:46,538][flwr][INFO] - 
[2024-10-02 04:05:46,538][flwr][INFO] - [ROUND 57]
[2024-10-02 04:05:46,538][flwr][INFO] - configure_fit: strategy sampled 5 clients (out of 50)
[2024-10-02 04:07:51,346][flwr][INFO] - aggregate_fit: received 5 results and 0 failures
[2024-10-02 04:09:25,727][flwr][INFO] - fit progress: (57, 3444.5023674964905, {'accuracy': 0.353087986463621}, 12771.804060070775)
[2024-10-02 04:09:25,728][flwr][INFO] - configure_evaluate: strategy sampled 2 clients (out of 50)
[2024-10-02 04:09:28,388][flwr][INFO] - aggregate_evaluate: received 2 results and 0 failures
[2024-10-02 04:09:28,388][flwr][INFO] - 
[2024-10-02 04:09:28,388][flwr][INFO] - [ROUND 58]
[2024-10-02 04:09:28,388][flwr][INFO] - configure_fit: strategy sampled 5 clients (out of 50)
[2024-10-02 04:11:26,697][flwr][INFO] - aggregate_fit: received 5 results and 0 failures
[2024-10-02 04:13:11,998][flwr][INFO] - fit progress: (58, 2517.2214574217796, {'accuracy': 0.5147419627749577}, 12998.074885379989)
[2024-10-02 04:13:11,999][flwr][INFO] - configure_evaluate: strategy sampled 2 clients (out of 50)
[2024-10-02 04:13:14,919][flwr][INFO] - aggregate_evaluate: received 2 results and 0 failures
[2024-10-02 04:13:14,919][flwr][INFO] - 
[2024-10-02 04:13:14,919][flwr][INFO] - [ROUND 59]
[2024-10-02 04:13:14,919][flwr][INFO] - configure_fit: strategy sampled 5 clients (out of 50)
[2024-10-02 04:15:43,679][flwr][INFO] - aggregate_fit: received 5 results and 0 failures
[2024-10-02 04:17:29,835][flwr][INFO] - fit progress: (59, 2341.886595070362, {'accuracy': 0.564318950930626}, 13255.91173926508)
[2024-10-02 04:17:29,836][flwr][INFO] - configure_evaluate: strategy sampled 2 clients (out of 50)
[2024-10-02 04:17:32,876][flwr][INFO] - aggregate_evaluate: received 2 results and 0 failures
[2024-10-02 04:17:32,877][flwr][INFO] - 
[2024-10-02 04:17:32,877][flwr][INFO] - [ROUND 60]
[2024-10-02 04:17:32,877][flwr][INFO] - configure_fit: strategy sampled 5 clients (out of 50)
[2024-10-02 04:19:29,316][flwr][INFO] - aggregate_fit: received 5 results and 0 failures
[2024-10-02 04:21:15,363][flwr][INFO] - fit progress: (60, 3737.5208723545074, {'accuracy': 0.42106598984771576}, 13481.43959246995)
[2024-10-02 04:21:15,363][flwr][INFO] - configure_evaluate: strategy sampled 2 clients (out of 50)
[2024-10-02 04:21:18,308][flwr][INFO] - aggregate_evaluate: received 2 results and 0 failures
[2024-10-02 04:21:18,309][flwr][INFO] - 
[2024-10-02 04:21:18,309][flwr][INFO] - [ROUND 61]
[2024-10-02 04:21:18,309][flwr][INFO] - configure_fit: strategy sampled 5 clients (out of 50)
[2024-10-02 04:23:53,497][flwr][INFO] - aggregate_fit: received 5 results and 0 failures
[2024-10-02 04:25:42,822][flwr][INFO] - fit progress: (61, 3215.3414724469185, {'accuracy': 0.5409052453468697}, 13748.89888618607)
[2024-10-02 04:25:42,823][flwr][INFO] - configure_evaluate: strategy sampled 2 clients (out of 50)
[2024-10-02 04:25:45,601][flwr][INFO] - aggregate_evaluate: received 2 results and 0 failures
[2024-10-02 04:25:45,601][flwr][INFO] - 
[2024-10-02 04:25:45,601][flwr][INFO] - [ROUND 62]
[2024-10-02 04:25:45,601][flwr][INFO] - configure_fit: strategy sampled 5 clients (out of 50)
[2024-10-02 04:27:44,464][flwr][INFO] - aggregate_fit: received 5 results and 0 failures
[2024-10-02 04:29:29,978][flwr][INFO] - fit progress: (62, 4374.2185171842575, {'accuracy': 0.45334179357022}, 13976.054722297005)
[2024-10-02 04:29:29,978][flwr][INFO] - configure_evaluate: strategy sampled 2 clients (out of 50)
[2024-10-02 04:29:32,951][flwr][INFO] - aggregate_evaluate: received 2 results and 0 failures
[2024-10-02 04:29:32,951][flwr][INFO] - 
[2024-10-02 04:29:32,951][flwr][INFO] - [ROUND 63]
[2024-10-02 04:29:32,951][flwr][INFO] - configure_fit: strategy sampled 5 clients (out of 50)
[2024-10-02 04:31:44,237][flwr][INFO] - aggregate_fit: received 5 results and 0 failures
[2024-10-02 04:33:32,927][flwr][INFO] - fit progress: (63, 3002.014716923237, {'accuracy': 0.49428934010152287}, 14219.003175284714)
[2024-10-02 04:33:32,927][flwr][INFO] - configure_evaluate: strategy sampled 2 clients (out of 50)
[2024-10-02 04:33:35,839][flwr][INFO] - aggregate_evaluate: received 2 results and 0 failures
[2024-10-02 04:33:35,839][flwr][INFO] - 
[2024-10-02 04:33:35,839][flwr][INFO] - [ROUND 64]
[2024-10-02 04:33:35,840][flwr][INFO] - configure_fit: strategy sampled 5 clients (out of 50)
[2024-10-02 04:35:25,164][flwr][INFO] - aggregate_fit: received 5 results and 0 failures
[2024-10-02 04:37:14,589][flwr][INFO] - fit progress: (64, 3807.820727467537, {'accuracy': 0.3722292724196278}, 14440.6652084589)
[2024-10-02 04:37:14,589][flwr][INFO] - configure_evaluate: strategy sampled 2 clients (out of 50)
[2024-10-02 04:37:17,605][flwr][INFO] - aggregate_evaluate: received 2 results and 0 failures
[2024-10-02 04:37:17,605][flwr][INFO] - 
[2024-10-02 04:37:17,605][flwr][INFO] - [ROUND 65]
[2024-10-02 04:37:17,605][flwr][INFO] - configure_fit: strategy sampled 5 clients (out of 50)
[2024-10-02 04:39:37,992][flwr][INFO] - aggregate_fit: received 5 results and 0 failures
[2024-10-02 04:41:35,063][flwr][INFO] - fit progress: (65, 2550.5967443585396, {'accuracy': 0.5473773265651438}, 14701.139474880882)
[2024-10-02 04:41:35,063][flwr][INFO] - configure_evaluate: strategy sampled 2 clients (out of 50)
[2024-10-02 04:41:38,175][flwr][INFO] - aggregate_evaluate: received 2 results and 0 failures
[2024-10-02 04:41:38,176][flwr][INFO] - 
[2024-10-02 04:41:38,176][flwr][INFO] - [ROUND 66]
[2024-10-02 04:41:38,176][flwr][INFO] - configure_fit: strategy sampled 5 clients (out of 50)
[2024-10-02 04:44:04,824][flwr][INFO] - aggregate_fit: received 5 results and 0 failures
[2024-10-02 04:45:56,328][flwr][INFO] - fit progress: (66, 2823.7638860940933, {'accuracy': 0.5140862944162436}, 14962.404699671082)
[2024-10-02 04:45:56,328][flwr][INFO] - configure_evaluate: strategy sampled 2 clients (out of 50)
[2024-10-02 04:45:59,755][flwr][INFO] - aggregate_evaluate: received 2 results and 0 failures
[2024-10-02 04:45:59,755][flwr][INFO] - 
[2024-10-02 04:45:59,755][flwr][INFO] - [ROUND 67]
[2024-10-02 04:45:59,755][flwr][INFO] - configure_fit: strategy sampled 5 clients (out of 50)
[2024-10-02 04:47:59,790][flwr][INFO] - aggregate_fit: received 5 results and 0 failures
[2024-10-02 04:49:47,190][flwr][INFO] - fit progress: (67, 3706.0465483665466, {'accuracy': 0.4362309644670051}, 15193.266183699016)
[2024-10-02 04:49:47,190][flwr][INFO] - configure_evaluate: strategy sampled 2 clients (out of 50)
[2024-10-02 04:49:49,567][flwr][INFO] - aggregate_evaluate: received 2 results and 0 failures
[2024-10-02 04:49:49,567][flwr][INFO] - 
[2024-10-02 04:49:49,567][flwr][INFO] - [ROUND 68]
[2024-10-02 04:49:49,567][flwr][INFO] - configure_fit: strategy sampled 5 clients (out of 50)
[2024-10-02 04:51:52,814][flwr][INFO] - aggregate_fit: received 5 results and 0 failures
[2024-10-02 04:53:39,400][flwr][INFO] - fit progress: (68, 3517.5347875356674, {'accuracy': 0.42842639593908627}, 15425.477057537064)
[2024-10-02 04:53:39,401][flwr][INFO] - configure_evaluate: strategy sampled 2 clients (out of 50)
[2024-10-02 04:53:42,290][flwr][INFO] - aggregate_evaluate: received 2 results and 0 failures
[2024-10-02 04:53:42,290][flwr][INFO] - 
[2024-10-02 04:53:42,290][flwr][INFO] - [ROUND 69]
[2024-10-02 04:53:42,290][flwr][INFO] - configure_fit: strategy sampled 5 clients (out of 50)
[2024-10-02 04:55:29,247][flwr][INFO] - aggregate_fit: received 5 results and 0 failures
[2024-10-02 04:57:20,175][flwr][INFO] - fit progress: (69, 2840.4908961057663, {'accuracy': 0.39382402707275804}, 15646.251373202074)
[2024-10-02 04:57:20,175][flwr][INFO] - configure_evaluate: strategy sampled 2 clients (out of 50)
[2024-10-02 04:57:23,061][flwr][INFO] - aggregate_evaluate: received 2 results and 0 failures
[2024-10-02 04:57:23,061][flwr][INFO] - 
[2024-10-02 04:57:23,061][flwr][INFO] - [ROUND 70]
[2024-10-02 04:57:23,062][flwr][INFO] - configure_fit: strategy sampled 5 clients (out of 50)
[2024-10-02 04:59:28,540][flwr][INFO] - aggregate_fit: received 5 results and 0 failures
[2024-10-02 05:01:22,544][flwr][INFO] - fit progress: (70, 1936.404335707426, {'accuracy': 0.5885998307952622}, 15888.621022847015)
[2024-10-02 05:01:22,545][flwr][INFO] - configure_evaluate: strategy sampled 2 clients (out of 50)
[2024-10-02 05:01:25,300][flwr][INFO] - aggregate_evaluate: received 2 results and 0 failures
[2024-10-02 05:01:25,300][flwr][INFO] - 
[2024-10-02 05:01:25,300][flwr][INFO] - [ROUND 71]
[2024-10-02 05:01:25,300][flwr][INFO] - configure_fit: strategy sampled 5 clients (out of 50)
[2024-10-02 05:03:37,860][flwr][INFO] - aggregate_fit: received 5 results and 0 failures
[2024-10-02 05:05:37,249][flwr][INFO] - fit progress: (71, 2097.044257760048, {'accuracy': 0.5982656514382403}, 16143.325536749791)
[2024-10-02 05:05:37,249][flwr][INFO] - configure_evaluate: strategy sampled 2 clients (out of 50)
[2024-10-02 05:05:40,341][flwr][INFO] - aggregate_evaluate: received 2 results and 0 failures
[2024-10-02 05:05:40,341][flwr][INFO] - 
[2024-10-02 05:05:40,341][flwr][INFO] - [ROUND 72]
[2024-10-02 05:05:40,341][flwr][INFO] - configure_fit: strategy sampled 5 clients (out of 50)
[2024-10-02 05:07:52,972][flwr][INFO] - aggregate_fit: received 5 results and 0 failures
[2024-10-02 05:09:44,370][flwr][INFO] - fit progress: (72, 2523.195712327957, {'accuracy': 0.574851945854484}, 16390.446812789887)
[2024-10-02 05:09:44,370][flwr][INFO] - configure_evaluate: strategy sampled 2 clients (out of 50)
[2024-10-02 05:09:47,389][flwr][INFO] - aggregate_evaluate: received 2 results and 0 failures
[2024-10-02 05:09:47,390][flwr][INFO] - 
[2024-10-02 05:09:47,390][flwr][INFO] - [ROUND 73]
[2024-10-02 05:09:47,390][flwr][INFO] - configure_fit: strategy sampled 5 clients (out of 50)
[2024-10-02 05:11:56,654][flwr][INFO] - aggregate_fit: received 5 results and 0 failures
[2024-10-02 05:13:52,251][flwr][INFO] - fit progress: (73, 2846.1314771175385, {'accuracy': 0.5630499153976312}, 16638.327218018938)
[2024-10-02 05:13:52,251][flwr][INFO] - configure_evaluate: strategy sampled 2 clients (out of 50)
[2024-10-02 05:13:55,050][flwr][INFO] - aggregate_evaluate: received 2 results and 0 failures
[2024-10-02 05:13:55,051][flwr][INFO] - 
[2024-10-02 05:13:55,051][flwr][INFO] - [ROUND 74]
[2024-10-02 05:13:55,051][flwr][INFO] - configure_fit: strategy sampled 5 clients (out of 50)
[2024-10-02 05:15:43,896][flwr][INFO] - aggregate_fit: received 5 results and 0 failures
[2024-10-02 05:17:31,033][flwr][INFO] - fit progress: (74, 2893.670320391655, {'accuracy': 0.4387901861252115}, 16857.10935160378)
[2024-10-02 05:17:31,033][flwr][INFO] - configure_evaluate: strategy sampled 2 clients (out of 50)
[2024-10-02 05:17:34,329][flwr][INFO] - aggregate_evaluate: received 2 results and 0 failures
[2024-10-02 05:17:34,329][flwr][INFO] - 
[2024-10-02 05:17:34,329][flwr][INFO] - [ROUND 75]
[2024-10-02 05:17:34,329][flwr][INFO] - configure_fit: strategy sampled 5 clients (out of 50)
[2024-10-02 05:19:09,473][flwr][INFO] - aggregate_fit: received 5 results and 0 failures
[2024-10-02 05:20:56,088][flwr][INFO] - fit progress: (75, 2751.3482738137245, {'accuracy': 0.44534686971235193}, 17062.164756953716)
[2024-10-02 05:20:56,088][flwr][INFO] - configure_evaluate: strategy sampled 2 clients (out of 50)
[2024-10-02 05:20:58,702][flwr][INFO] - aggregate_evaluate: received 2 results and 0 failures
[2024-10-02 05:20:58,702][flwr][INFO] - 
[2024-10-02 05:20:58,703][flwr][INFO] - [ROUND 76]
[2024-10-02 05:20:58,703][flwr][INFO] - configure_fit: strategy sampled 5 clients (out of 50)
[2024-10-02 05:23:04,186][flwr][INFO] - aggregate_fit: received 5 results and 0 failures
[2024-10-02 05:24:44,037][flwr][INFO] - fit progress: (76, 2609.9523290395737, {'accuracy': 0.4484771573604061}, 17290.11386639811)
[2024-10-02 05:24:44,038][flwr][INFO] - configure_evaluate: strategy sampled 2 clients (out of 50)
[2024-10-02 05:24:47,053][flwr][INFO] - aggregate_evaluate: received 2 results and 0 failures
[2024-10-02 05:24:47,053][flwr][INFO] - 
[2024-10-02 05:24:47,053][flwr][INFO] - [ROUND 77]
[2024-10-02 05:24:47,053][flwr][INFO] - configure_fit: strategy sampled 5 clients (out of 50)
[2024-10-02 05:27:20,933][flwr][INFO] - aggregate_fit: received 5 results and 0 failures
[2024-10-02 05:29:00,195][flwr][INFO] - fit progress: (77, 2579.5045797228813, {'accuracy': 0.5703680203045686}, 17546.271274540108)
[2024-10-02 05:29:00,195][flwr][INFO] - configure_evaluate: strategy sampled 2 clients (out of 50)
[2024-10-02 05:29:03,500][flwr][INFO] - aggregate_evaluate: received 2 results and 0 failures
[2024-10-02 05:29:03,500][flwr][INFO] - 
[2024-10-02 05:29:03,500][flwr][INFO] - [ROUND 78]
[2024-10-02 05:29:03,500][flwr][INFO] - configure_fit: strategy sampled 5 clients (out of 50)
[2024-10-02 05:31:05,646][flwr][INFO] - aggregate_fit: received 5 results and 0 failures
[2024-10-02 05:32:43,379][flwr][INFO] - fit progress: (78, 2054.556013405323, {'accuracy': 0.5786590524534687}, 17769.456012497656)
[2024-10-02 05:32:43,380][flwr][INFO] - configure_evaluate: strategy sampled 2 clients (out of 50)
[2024-10-02 05:32:46,200][flwr][INFO] - aggregate_evaluate: received 2 results and 0 failures
[2024-10-02 05:32:46,201][flwr][INFO] - 
[2024-10-02 05:32:46,201][flwr][INFO] - [ROUND 79]
[2024-10-02 05:32:46,202][flwr][INFO] - configure_fit: strategy sampled 5 clients (out of 50)
[2024-10-02 05:34:50,247][flwr][INFO] - aggregate_fit: received 5 results and 0 failures
[2024-10-02 05:36:40,109][flwr][INFO] - fit progress: (79, 2887.446008503437, {'accuracy': 0.4871404399323181}, 18006.186072929762)
[2024-10-02 05:36:40,110][flwr][INFO] - configure_evaluate: strategy sampled 2 clients (out of 50)
[2024-10-02 05:36:42,727][flwr][INFO] - aggregate_evaluate: received 2 results and 0 failures
[2024-10-02 05:36:42,728][flwr][INFO] - 
[2024-10-02 05:36:42,728][flwr][INFO] - [ROUND 80]
[2024-10-02 05:36:42,728][flwr][INFO] - configure_fit: strategy sampled 5 clients (out of 50)
[2024-10-02 05:38:59,498][flwr][INFO] - aggregate_fit: received 5 results and 0 failures
[2024-10-02 05:40:53,946][flwr][INFO] - fit progress: (80, 2339.1330531835556, {'accuracy': 0.5743866328257191}, 18260.023011053912)
[2024-10-02 05:40:53,947][flwr][INFO] - configure_evaluate: strategy sampled 2 clients (out of 50)
[2024-10-02 05:40:57,214][flwr][INFO] - aggregate_evaluate: received 2 results and 0 failures
[2024-10-02 05:40:57,215][flwr][INFO] - 
[2024-10-02 05:40:57,215][flwr][INFO] - [ROUND 81]
[2024-10-02 05:40:57,215][flwr][INFO] - configure_fit: strategy sampled 5 clients (out of 50)
[2024-10-02 05:42:38,086][flwr][INFO] - aggregate_fit: received 5 results and 0 failures
[2024-10-02 05:44:22,634][flwr][INFO] - fit progress: (81, 3250.2588959932327, {'accuracy': 0.40598561759729274}, 18468.710475869942)
[2024-10-02 05:44:22,634][flwr][INFO] - configure_evaluate: strategy sampled 2 clients (out of 50)
[2024-10-02 05:44:25,585][flwr][INFO] - aggregate_evaluate: received 2 results and 0 failures
[2024-10-02 05:44:25,585][flwr][INFO] - 
[2024-10-02 05:44:25,585][flwr][INFO] - [ROUND 82]
[2024-10-02 05:44:25,586][flwr][INFO] - configure_fit: strategy sampled 5 clients (out of 50)
[2024-10-02 05:46:16,507][flwr][INFO] - aggregate_fit: received 5 results and 0 failures
[2024-10-02 05:48:10,610][flwr][INFO] - fit progress: (82, 4094.606633424759, {'accuracy': 0.35107868020304567}, 18696.6871184567)
[2024-10-02 05:48:10,611][flwr][INFO] - configure_evaluate: strategy sampled 2 clients (out of 50)
[2024-10-02 05:48:13,765][flwr][INFO] - aggregate_evaluate: received 2 results and 0 failures
[2024-10-02 05:48:13,765][flwr][INFO] - 
[2024-10-02 05:48:13,765][flwr][INFO] - [ROUND 83]
[2024-10-02 05:48:13,765][flwr][INFO] - configure_fit: strategy sampled 5 clients (out of 50)
[2024-10-02 05:50:38,189][flwr][INFO] - aggregate_fit: received 5 results and 0 failures
[2024-10-02 05:52:34,122][flwr][INFO] - fit progress: (83, 2289.0010975003242, {'accuracy': 0.5743654822335026}, 18960.19908363605)
[2024-10-02 05:52:34,123][flwr][INFO] - configure_evaluate: strategy sampled 2 clients (out of 50)
[2024-10-02 05:52:36,948][flwr][INFO] - aggregate_evaluate: received 2 results and 0 failures
[2024-10-02 05:52:36,949][flwr][INFO] - 
[2024-10-02 05:52:36,950][flwr][INFO] - [ROUND 84]
[2024-10-02 05:52:36,950][flwr][INFO] - configure_fit: strategy sampled 5 clients (out of 50)
[2024-10-02 05:54:30,768][flwr][INFO] - aggregate_fit: received 5 results and 0 failures
[2024-10-02 05:56:24,411][flwr][INFO] - fit progress: (84, 3534.19464802742, {'accuracy': 0.4767766497461929}, 19190.48791109491)
[2024-10-02 05:56:24,412][flwr][INFO] - configure_evaluate: strategy sampled 2 clients (out of 50)
[2024-10-02 05:56:27,178][flwr][INFO] - aggregate_evaluate: received 2 results and 0 failures
[2024-10-02 05:56:27,179][flwr][INFO] - 
[2024-10-02 05:56:27,179][flwr][INFO] - [ROUND 85]
[2024-10-02 05:56:27,179][flwr][INFO] - configure_fit: strategy sampled 5 clients (out of 50)
[2024-10-02 05:58:27,126][flwr][INFO] - aggregate_fit: received 5 results and 0 failures
[2024-10-02 06:00:16,867][flwr][INFO] - fit progress: (85, 4216.939998745918, {'accuracy': 0.3600042301184433}, 19422.943213957828)
[2024-10-02 06:00:16,867][flwr][INFO] - configure_evaluate: strategy sampled 2 clients (out of 50)
[2024-10-02 06:00:19,815][flwr][INFO] - aggregate_evaluate: received 2 results and 0 failures
[2024-10-02 06:00:19,816][flwr][INFO] - 
[2024-10-02 06:00:19,816][flwr][INFO] - [ROUND 86]
[2024-10-02 06:00:19,816][flwr][INFO] - configure_fit: strategy sampled 5 clients (out of 50)
[2024-10-02 06:02:15,268][flwr][INFO] - aggregate_fit: received 5 results and 0 failures
[2024-10-02 06:04:02,406][flwr][INFO] - fit progress: (86, 3103.295708656311, {'accuracy': 0.430414551607445}, 19648.48272933904)
[2024-10-02 06:04:02,406][flwr][INFO] - configure_evaluate: strategy sampled 2 clients (out of 50)
[2024-10-02 06:04:05,573][flwr][INFO] - aggregate_evaluate: received 2 results and 0 failures
[2024-10-02 06:04:05,574][flwr][INFO] - 
[2024-10-02 06:04:05,574][flwr][INFO] - [ROUND 87]
[2024-10-02 06:04:05,574][flwr][INFO] - configure_fit: strategy sampled 5 clients (out of 50)
[2024-10-02 06:05:58,168][flwr][INFO] - aggregate_fit: received 5 results and 0 failures
[2024-10-02 06:07:50,296][flwr][INFO] - fit progress: (87, 4140.0253348350525, {'accuracy': 0.409412013536379}, 19876.372499286663)
[2024-10-02 06:07:50,296][flwr][INFO] - configure_evaluate: strategy sampled 2 clients (out of 50)
[2024-10-02 06:07:53,354][flwr][INFO] - aggregate_evaluate: received 2 results and 0 failures
[2024-10-02 06:07:53,355][flwr][INFO] - 
[2024-10-02 06:07:53,355][flwr][INFO] - [ROUND 88]
[2024-10-02 06:07:53,355][flwr][INFO] - configure_fit: strategy sampled 5 clients (out of 50)
[2024-10-02 06:09:58,583][flwr][INFO] - aggregate_fit: received 5 results and 0 failures
[2024-10-02 06:11:46,526][flwr][INFO] - fit progress: (88, 2546.6608867645264, {'accuracy': 0.481831641285956}, 20112.603072743863)
[2024-10-02 06:11:46,527][flwr][INFO] - configure_evaluate: strategy sampled 2 clients (out of 50)
[2024-10-02 06:11:48,950][flwr][INFO] - aggregate_evaluate: received 2 results and 0 failures
[2024-10-02 06:11:48,950][flwr][INFO] - 
[2024-10-02 06:11:48,950][flwr][INFO] - [ROUND 89]
[2024-10-02 06:11:48,950][flwr][INFO] - configure_fit: strategy sampled 5 clients (out of 50)
[2024-10-02 06:14:17,320][flwr][INFO] - aggregate_fit: received 5 results and 0 failures
[2024-10-02 06:16:06,791][flwr][INFO] - fit progress: (89, 3152.3982014656067, {'accuracy': 0.5709390862944163}, 20372.867662060075)
[2024-10-02 06:16:06,792][flwr][INFO] - configure_evaluate: strategy sampled 2 clients (out of 50)
[2024-10-02 06:16:09,630][flwr][INFO] - aggregate_evaluate: received 2 results and 0 failures
[2024-10-02 06:16:09,631][flwr][INFO] - 
[2024-10-02 06:16:09,631][flwr][INFO] - [ROUND 90]
[2024-10-02 06:16:09,631][flwr][INFO] - configure_fit: strategy sampled 5 clients (out of 50)
[2024-10-02 06:18:35,174][flwr][INFO] - aggregate_fit: received 5 results and 0 failures
[2024-10-02 06:20:19,751][flwr][INFO] - fit progress: (90, 2617.037318646908, {'accuracy': 0.5806260575296108}, 20625.8279966251)
[2024-10-02 06:20:19,752][flwr][INFO] - configure_evaluate: strategy sampled 2 clients (out of 50)
[2024-10-02 06:20:22,242][flwr][INFO] - aggregate_evaluate: received 2 results and 0 failures
[2024-10-02 06:20:22,242][flwr][INFO] - 
[2024-10-02 06:20:22,243][flwr][INFO] - [ROUND 91]
[2024-10-02 06:20:22,243][flwr][INFO] - configure_fit: strategy sampled 5 clients (out of 50)
[2024-10-02 06:22:37,400][flwr][INFO] - aggregate_fit: received 5 results and 0 failures
[2024-10-02 06:24:19,370][flwr][INFO] - fit progress: (91, 3298.60615080595, {'accuracy': 0.4722081218274112}, 20865.446422121953)
[2024-10-02 06:24:19,370][flwr][INFO] - configure_evaluate: strategy sampled 2 clients (out of 50)
[2024-10-02 06:24:22,854][flwr][INFO] - aggregate_evaluate: received 2 results and 0 failures
[2024-10-02 06:24:22,855][flwr][INFO] - 
[2024-10-02 06:24:22,855][flwr][INFO] - [ROUND 92]
[2024-10-02 06:24:22,855][flwr][INFO] - configure_fit: strategy sampled 5 clients (out of 50)
[2024-10-02 06:26:05,111][flwr][INFO] - aggregate_fit: received 5 results and 0 failures
[2024-10-02 06:27:44,861][flwr][INFO] - fit progress: (92, 3277.6862692832947, {'accuracy': 0.47341370558375634}, 21070.93773816293)
[2024-10-02 06:27:44,862][flwr][INFO] - configure_evaluate: strategy sampled 2 clients (out of 50)
[2024-10-02 06:27:48,388][flwr][INFO] - aggregate_evaluate: received 2 results and 0 failures
[2024-10-02 06:27:48,389][flwr][INFO] - 
[2024-10-02 06:27:48,389][flwr][INFO] - [ROUND 93]
[2024-10-02 06:27:48,389][flwr][INFO] - configure_fit: strategy sampled 5 clients (out of 50)
[2024-10-02 06:30:03,603][flwr][INFO] - aggregate_fit: received 5 results and 0 failures
[2024-10-02 06:31:42,934][flwr][INFO] - fit progress: (93, 3094.9960158467293, {'accuracy': 0.5472081218274112}, 21309.01038682973)
[2024-10-02 06:31:42,934][flwr][INFO] - configure_evaluate: strategy sampled 2 clients (out of 50)
[2024-10-02 06:31:45,375][flwr][INFO] - aggregate_evaluate: received 2 results and 0 failures
[2024-10-02 06:31:45,375][flwr][INFO] - 
[2024-10-02 06:31:45,375][flwr][INFO] - [ROUND 94]
[2024-10-02 06:31:45,375][flwr][INFO] - configure_fit: strategy sampled 5 clients (out of 50)
[2024-10-02 06:34:15,613][flwr][INFO] - aggregate_fit: received 5 results and 0 failures
[2024-10-02 06:35:54,301][flwr][INFO] - fit progress: (94, 2858.3591886758804, {'accuracy': 0.5520516074450085}, 21560.377748254687)
[2024-10-02 06:35:54,302][flwr][INFO] - configure_evaluate: strategy sampled 2 clients (out of 50)
[2024-10-02 06:35:57,097][flwr][INFO] - aggregate_evaluate: received 2 results and 0 failures
[2024-10-02 06:35:57,099][flwr][INFO] - 
[2024-10-02 06:35:57,099][flwr][INFO] - [ROUND 95]
[2024-10-02 06:35:57,100][flwr][INFO] - configure_fit: strategy sampled 5 clients (out of 50)
[2024-10-02 06:38:26,691][flwr][INFO] - aggregate_fit: received 5 results and 0 failures
[2024-10-02 06:40:06,139][flwr][INFO] - fit progress: (95, 3377.722953259945, {'accuracy': 0.5493654822335026}, 21812.21555729583)
[2024-10-02 06:40:06,139][flwr][INFO] - configure_evaluate: strategy sampled 2 clients (out of 50)
[2024-10-02 06:40:08,893][flwr][INFO] - aggregate_evaluate: received 2 results and 0 failures
[2024-10-02 06:40:08,894][flwr][INFO] - 
[2024-10-02 06:40:08,894][flwr][INFO] - [ROUND 96]
[2024-10-02 06:40:08,894][flwr][INFO] - configure_fit: strategy sampled 5 clients (out of 50)
[2024-10-02 06:42:23,350][flwr][INFO] - aggregate_fit: received 5 results and 0 failures
[2024-10-02 06:44:07,423][flwr][INFO] - fit progress: (96, 2571.1417622566223, {'accuracy': 0.5634940778341794}, 22053.49979195092)
[2024-10-02 06:44:07,423][flwr][INFO] - configure_evaluate: strategy sampled 2 clients (out of 50)
[2024-10-02 06:44:10,049][flwr][INFO] - aggregate_evaluate: received 2 results and 0 failures
[2024-10-02 06:44:10,049][flwr][INFO] - 
[2024-10-02 06:44:10,049][flwr][INFO] - [ROUND 97]
[2024-10-02 06:44:10,050][flwr][INFO] - configure_fit: strategy sampled 5 clients (out of 50)
[2024-10-02 06:46:12,026][flwr][INFO] - aggregate_fit: received 5 results and 0 failures
[2024-10-02 06:47:56,121][flwr][INFO] - fit progress: (97, 3425.7411702275276, {'accuracy': 0.49496615905245345}, 22282.19775748998)
[2024-10-02 06:47:56,122][flwr][INFO] - configure_evaluate: strategy sampled 2 clients (out of 50)
[2024-10-02 06:47:58,649][flwr][INFO] - aggregate_evaluate: received 2 results and 0 failures
[2024-10-02 06:47:58,650][flwr][INFO] - 
[2024-10-02 06:47:58,650][flwr][INFO] - [ROUND 98]
[2024-10-02 06:47:58,650][flwr][INFO] - configure_fit: strategy sampled 5 clients (out of 50)
[2024-10-02 06:49:53,752][flwr][INFO] - aggregate_fit: received 5 results and 0 failures
[2024-10-02 06:51:35,062][flwr][INFO] - fit progress: (98, 2753.2275874614716, {'accuracy': 0.4896150592216582}, 22501.139067316893)
[2024-10-02 06:51:35,063][flwr][INFO] - configure_evaluate: strategy sampled 2 clients (out of 50)
[2024-10-02 06:51:37,798][flwr][INFO] - aggregate_evaluate: received 2 results and 0 failures
[2024-10-02 06:51:37,798][flwr][INFO] - 
[2024-10-02 06:51:37,798][flwr][INFO] - [ROUND 99]
[2024-10-02 06:51:37,798][flwr][INFO] - configure_fit: strategy sampled 5 clients (out of 50)
[2024-10-02 06:53:14,978][flwr][INFO] - aggregate_fit: received 5 results and 0 failures
[2024-10-02 06:54:53,373][flwr][INFO] - fit progress: (99, 3101.7623792886734, {'accuracy': 0.42362521150592214}, 22699.4501556037)
[2024-10-02 06:54:53,374][flwr][INFO] - configure_evaluate: strategy sampled 2 clients (out of 50)
[2024-10-02 06:54:56,014][flwr][INFO] - aggregate_evaluate: received 2 results and 0 failures
[2024-10-02 06:54:56,015][flwr][INFO] - 
[2024-10-02 06:54:56,015][flwr][INFO] - [ROUND 100]
[2024-10-02 06:54:56,015][flwr][INFO] - configure_fit: strategy sampled 5 clients (out of 50)
[2024-10-02 06:56:52,040][flwr][INFO] - aggregate_fit: received 5 results and 0 failures
[2024-10-02 06:58:35,367][flwr][INFO] - fit progress: (100, 2787.2855400443077, {'accuracy': 0.5173223350253807}, 22921.443583773915)
[2024-10-02 06:58:35,367][flwr][INFO] - configure_evaluate: strategy sampled 2 clients (out of 50)
[2024-10-02 06:58:37,933][flwr][INFO] - aggregate_evaluate: received 2 results and 0 failures
[2024-10-02 06:58:37,944][flwr][INFO] - 
[2024-10-02 06:58:37,944][flwr][INFO] - [SUMMARY]
[2024-10-02 06:58:37,944][flwr][INFO] - Run finished 100 round(s) in 22924.01s
[2024-10-02 06:58:37,946][flwr][INFO] - 	History (loss, distributed):
[2024-10-02 06:58:37,946][flwr][INFO] - 		round 1: 9.367532069902364
[2024-10-02 06:58:37,946][flwr][INFO] - 		round 2: 13.927617774524542
[2024-10-02 06:58:37,947][flwr][INFO] - 		round 3: 8.912960951369083
[2024-10-02 06:58:37,947][flwr][INFO] - 		round 4: 6.910830820284559
[2024-10-02 06:58:37,947][flwr][INFO] - 		round 5: 6.714606212236678
[2024-10-02 06:58:37,947][flwr][INFO] - 		round 6: 9.74565196952088
[2024-10-02 06:58:37,947][flwr][INFO] - 		round 7: 8.373725703048072
[2024-10-02 06:58:37,947][flwr][INFO] - 		round 8: 9.125672134800233
[2024-10-02 06:58:37,947][flwr][INFO] - 		round 9: 7.902376034191507
[2024-10-02 06:58:37,947][flwr][INFO] - 		round 10: 14.263114349444129
[2024-10-02 06:58:37,947][flwr][INFO] - 		round 11: 13.301321587514604
[2024-10-02 06:58:37,947][flwr][INFO] - 		round 12: 13.290429002343826
[2024-10-02 06:58:37,947][flwr][INFO] - 		round 13: 8.837622347827823
[2024-10-02 06:58:37,947][flwr][INFO] - 		round 14: 8.458265312682794
[2024-10-02 06:58:37,947][flwr][INFO] - 		round 15: 9.35030393417065
[2024-10-02 06:58:37,947][flwr][INFO] - 		round 16: 18.577768144003635
[2024-10-02 06:58:37,947][flwr][INFO] - 		round 17: 7.583691145429204
[2024-10-02 06:58:37,947][flwr][INFO] - 		round 18: 6.950287249955264
[2024-10-02 06:58:37,947][flwr][INFO] - 		round 19: 6.132455534655565
[2024-10-02 06:58:37,947][flwr][INFO] - 		round 20: 5.143136893103763
[2024-10-02 06:58:37,947][flwr][INFO] - 		round 21: 7.51334359874698
[2024-10-02 06:58:37,947][flwr][INFO] - 		round 22: 5.9847004021086345
[2024-10-02 06:58:37,947][flwr][INFO] - 		round 23: 11.74219768162866
[2024-10-02 06:58:37,948][flwr][INFO] - 		round 24: 12.765571065088535
[2024-10-02 06:58:37,948][flwr][INFO] - 		round 25: 10.394432729657959
[2024-10-02 06:58:37,948][flwr][INFO] - 		round 26: 9.106895928822675
[2024-10-02 06:58:37,948][flwr][INFO] - 		round 27: 20.818980928481093
[2024-10-02 06:58:37,948][flwr][INFO] - 		round 28: 9.288058179967544
[2024-10-02 06:58:37,948][flwr][INFO] - 		round 29: 16.42698261422931
[2024-10-02 06:58:37,948][flwr][INFO] - 		round 30: 21.78507284638267
[2024-10-02 06:58:37,948][flwr][INFO] - 		round 31: 6.8104208642152
[2024-10-02 06:58:37,948][flwr][INFO] - 		round 32: 12.765435301974827
[2024-10-02 06:58:37,948][flwr][INFO] - 		round 33: 29.226766517378497
[2024-10-02 06:58:37,948][flwr][INFO] - 		round 34: 17.95002620907153
[2024-10-02 06:58:37,948][flwr][INFO] - 		round 35: 9.653967046723613
[2024-10-02 06:58:37,948][flwr][INFO] - 		round 36: 9.481798846381052
[2024-10-02 06:58:37,948][flwr][INFO] - 		round 37: 7.661843055914223
[2024-10-02 06:58:37,948][flwr][INFO] - 		round 38: 10.089110305676094
[2024-10-02 06:58:37,948][flwr][INFO] - 		round 39: 7.252901426224943
[2024-10-02 06:58:37,948][flwr][INFO] - 		round 40: 8.112911214120686
[2024-10-02 06:58:37,948][flwr][INFO] - 		round 41: 10.013426478601929
[2024-10-02 06:58:37,948][flwr][INFO] - 		round 42: 9.80827858452111
[2024-10-02 06:58:37,948][flwr][INFO] - 		round 43: 13.515981055904755
[2024-10-02 06:58:37,948][flwr][INFO] - 		round 44: 6.6784498588711605
[2024-10-02 06:58:37,948][flwr][INFO] - 		round 45: 11.585083698864453
[2024-10-02 06:58:37,949][flwr][INFO] - 		round 46: 8.72214978635311
[2024-10-02 06:58:37,949][flwr][INFO] - 		round 47: 8.041283219547594
[2024-10-02 06:58:37,949][flwr][INFO] - 		round 48: 7.840046084183125
[2024-10-02 06:58:37,949][flwr][INFO] - 		round 49: 8.36838360923402
[2024-10-02 06:58:37,949][flwr][INFO] - 		round 50: 10.163188952649481
[2024-10-02 06:58:37,949][flwr][INFO] - 		round 51: 6.753700092781422
[2024-10-02 06:58:37,949][flwr][INFO] - 		round 52: 19.8708151300813
[2024-10-02 06:58:37,949][flwr][INFO] - 		round 53: 7.639401880051863
[2024-10-02 06:58:37,949][flwr][INFO] - 		round 54: 21.465609726972566
[2024-10-02 06:58:37,949][flwr][INFO] - 		round 55: 17.67202159064532
[2024-10-02 06:58:37,949][flwr][INFO] - 		round 56: 12.240101591667907
[2024-10-02 06:58:37,949][flwr][INFO] - 		round 57: 8.787469630656036
[2024-10-02 06:58:37,949][flwr][INFO] - 		round 58: 10.168274571498236
[2024-10-02 06:58:37,949][flwr][INFO] - 		round 59: 7.626684583882068
[2024-10-02 06:58:37,949][flwr][INFO] - 		round 60: 18.67998662750993
[2024-10-02 06:58:37,949][flwr][INFO] - 		round 61: 10.345298767089844
[2024-10-02 06:58:37,949][flwr][INFO] - 		round 62: 14.873086199583831
[2024-10-02 06:58:37,949][flwr][INFO] - 		round 63: 11.835366175224463
[2024-10-02 06:58:37,949][flwr][INFO] - 		round 64: 14.081838051478067
[2024-10-02 06:58:37,949][flwr][INFO] - 		round 65: 6.94487245727067
[2024-10-02 06:58:37,949][flwr][INFO] - 		round 66: 8.113206302899666
[2024-10-02 06:58:37,949][flwr][INFO] - 		round 67: 12.967385808182827
[2024-10-02 06:58:37,950][flwr][INFO] - 		round 68: 15.91670639397668
[2024-10-02 06:58:37,950][flwr][INFO] - 		round 69: 5.69210159778595
[2024-10-02 06:58:37,950][flwr][INFO] - 		round 70: 5.764635502694842
[2024-10-02 06:58:37,950][flwr][INFO] - 		round 71: 8.2517616047001
[2024-10-02 06:58:37,950][flwr][INFO] - 		round 72: 7.22013303957272
[2024-10-02 06:58:37,950][flwr][INFO] - 		round 73: 11.469464744541055
[2024-10-02 06:58:37,950][flwr][INFO] - 		round 74: 15.710648781048244
[2024-10-02 06:58:37,950][flwr][INFO] - 		round 75: 7.600620507710362
[2024-10-02 06:58:37,950][flwr][INFO] - 		round 76: 12.445201662621757
[2024-10-02 06:58:37,950][flwr][INFO] - 		round 77: 6.323129343611377
[2024-10-02 06:58:37,950][flwr][INFO] - 		round 78: 8.464761134976367
[2024-10-02 06:58:37,950][flwr][INFO] - 		round 79: 11.439666443396183
[2024-10-02 06:58:37,950][flwr][INFO] - 		round 80: 9.9728005112034
[2024-10-02 06:58:37,950][flwr][INFO] - 		round 81: 13.750042704422109
[2024-10-02 06:58:37,950][flwr][INFO] - 		round 82: 18.620972478497784
[2024-10-02 06:58:37,950][flwr][INFO] - 		round 83: 7.948779472821875
[2024-10-02 06:58:37,950][flwr][INFO] - 		round 84: 16.50114553941443
[2024-10-02 06:58:37,950][flwr][INFO] - 		round 85: 21.9967076276478
[2024-10-02 06:58:37,950][flwr][INFO] - 		round 86: 9.933985781228781
[2024-10-02 06:58:37,950][flwr][INFO] - 		round 87: 18.857155567830876
[2024-10-02 06:58:37,950][flwr][INFO] - 		round 88: 6.4177172910748865
[2024-10-02 06:58:37,950][flwr][INFO] - 		round 89: 15.493245117109398
[2024-10-02 06:58:37,951][flwr][INFO] - 		round 90: 12.12892896153503
[2024-10-02 06:58:37,951][flwr][INFO] - 		round 91: 17.009505496073963
[2024-10-02 06:58:37,951][flwr][INFO] - 		round 92: 14.711951035814186
[2024-10-02 06:58:37,951][flwr][INFO] - 		round 93: 15.421316245839565
[2024-10-02 06:58:37,951][flwr][INFO] - 		round 94: 10.587776098400354
[2024-10-02 06:58:37,951][flwr][INFO] - 		round 95: 19.472450565460118
[2024-10-02 06:58:37,951][flwr][INFO] - 		round 96: 9.72089745894156
[2024-10-02 06:58:37,951][flwr][INFO] - 		round 97: 11.838704001882657
[2024-10-02 06:58:37,951][flwr][INFO] - 		round 98: 13.88238360870852
[2024-10-02 06:58:37,951][flwr][INFO] - 		round 99: 8.665426777323956
[2024-10-02 06:58:37,951][flwr][INFO] - 		round 100: 9.031429307962958
[2024-10-02 06:58:37,951][flwr][INFO] - 	History (loss, centralized):
[2024-10-02 06:58:37,951][flwr][INFO] - 		round 0: 3024.170971632004
[2024-10-02 06:58:37,951][flwr][INFO] - 		round 1: 3048.6411468982697
[2024-10-02 06:58:37,951][flwr][INFO] - 		round 2: 2994.615451812744
[2024-10-02 06:58:37,951][flwr][INFO] - 		round 3: 2563.827422142029
[2024-10-02 06:58:37,951][flwr][INFO] - 		round 4: 2324.694028735161
[2024-10-02 06:58:37,951][flwr][INFO] - 		round 5: 2755.6346673965454
[2024-10-02 06:58:37,951][flwr][INFO] - 		round 6: 3216.4018807411194
[2024-10-02 06:58:37,951][flwr][INFO] - 		round 7: 2261.935803592205
[2024-10-02 06:58:37,951][flwr][INFO] - 		round 8: 2221.809882938862
[2024-10-02 06:58:37,951][flwr][INFO] - 		round 9: 2690.754876613617
[2024-10-02 06:58:37,952][flwr][INFO] - 		round 10: 3403.8235392570496
[2024-10-02 06:58:37,952][flwr][INFO] - 		round 11: 2668.0069719552994
[2024-10-02 06:58:37,952][flwr][INFO] - 		round 12: 2375.5056737065315
[2024-10-02 06:58:37,952][flwr][INFO] - 		round 13: 2442.0434945225716
[2024-10-02 06:58:37,952][flwr][INFO] - 		round 14: 2537.287234187126
[2024-10-02 06:58:37,952][flwr][INFO] - 		round 15: 3657.4723131656647
[2024-10-02 06:58:37,952][flwr][INFO] - 		round 16: 4125.218463182449
[2024-10-02 06:58:37,952][flwr][INFO] - 		round 17: 1977.7303822040558
[2024-10-02 06:58:37,952][flwr][INFO] - 		round 18: 2160.687683880329
[2024-10-02 06:58:37,952][flwr][INFO] - 		round 19: 1965.5956811904907
[2024-10-02 06:58:37,952][flwr][INFO] - 		round 20: 2331.3406463861465
[2024-10-02 06:58:37,952][flwr][INFO] - 		round 21: 2344.8802841305733
[2024-10-02 06:58:37,952][flwr][INFO] - 		round 22: 1717.0239960551262
[2024-10-02 06:58:37,952][flwr][INFO] - 		round 23: 2888.56333309412
[2024-10-02 06:58:37,952][flwr][INFO] - 		round 24: 2729.806269645691
[2024-10-02 06:58:37,952][flwr][INFO] - 		round 25: 2446.100036084652
[2024-10-02 06:58:37,952][flwr][INFO] - 		round 26: 2071.624528348446
[2024-10-02 06:58:37,952][flwr][INFO] - 		round 27: 4490.536446452141
[2024-10-02 06:58:37,952][flwr][INFO] - 		round 28: 2255.080207824707
[2024-10-02 06:58:37,952][flwr][INFO] - 		round 29: 5354.770842194557
[2024-10-02 06:58:37,952][flwr][INFO] - 		round 30: 4525.91451728344
[2024-10-02 06:58:37,952][flwr][INFO] - 		round 31: 2188.4862743616104
[2024-10-02 06:58:37,953][flwr][INFO] - 		round 32: 3726.6374801397324
[2024-10-02 06:58:37,953][flwr][INFO] - 		round 33: 4643.026503801346
[2024-10-02 06:58:37,953][flwr][INFO] - 		round 34: 4380.834177136421
[2024-10-02 06:58:37,953][flwr][INFO] - 		round 35: 2427.241497337818
[2024-10-02 06:58:37,953][flwr][INFO] - 		round 36: 2115.1388716697693
[2024-10-02 06:58:37,953][flwr][INFO] - 		round 37: 2079.7392840385437
[2024-10-02 06:58:37,953][flwr][INFO] - 		round 38: 2450.122330725193
[2024-10-02 06:58:37,953][flwr][INFO] - 		round 39: 1983.6982917785645
[2024-10-02 06:58:37,953][flwr][INFO] - 		round 40: 3348.432672083378
[2024-10-02 06:58:37,953][flwr][INFO] - 		round 41: 2686.6731402277946
[2024-10-02 06:58:37,953][flwr][INFO] - 		round 42: 2737.717540383339
[2024-10-02 06:58:37,953][flwr][INFO] - 		round 43: 3531.861262321472
[2024-10-02 06:58:37,953][flwr][INFO] - 		round 44: 3070.5057290792465
[2024-10-02 06:58:37,953][flwr][INFO] - 		round 45: 4334.828225970268
[2024-10-02 06:58:37,953][flwr][INFO] - 		round 46: 2457.778369307518
[2024-10-02 06:58:37,953][flwr][INFO] - 		round 47: 2254.4854574799538
[2024-10-02 06:58:37,953][flwr][INFO] - 		round 48: 2028.4006571769714
[2024-10-02 06:58:37,953][flwr][INFO] - 		round 49: 2519.5543196201324
[2024-10-02 06:58:37,953][flwr][INFO] - 		round 50: 3174.053812623024
[2024-10-02 06:58:37,953][flwr][INFO] - 		round 51: 2551.608908057213
[2024-10-02 06:58:37,953][flwr][INFO] - 		round 52: 4128.2403337955475
[2024-10-02 06:58:37,953][flwr][INFO] - 		round 53: 2359.5034896731377
[2024-10-02 06:58:37,954][flwr][INFO] - 		round 54: 4293.070680975914
[2024-10-02 06:58:37,954][flwr][INFO] - 		round 55: 3833.0841966867447
[2024-10-02 06:58:37,954][flwr][INFO] - 		round 56: 2509.850001811981
[2024-10-02 06:58:37,954][flwr][INFO] - 		round 57: 3444.5023674964905
[2024-10-02 06:58:37,954][flwr][INFO] - 		round 58: 2517.2214574217796
[2024-10-02 06:58:37,954][flwr][INFO] - 		round 59: 2341.886595070362
[2024-10-02 06:58:37,954][flwr][INFO] - 		round 60: 3737.5208723545074
[2024-10-02 06:58:37,954][flwr][INFO] - 		round 61: 3215.3414724469185
[2024-10-02 06:58:37,954][flwr][INFO] - 		round 62: 4374.2185171842575
[2024-10-02 06:58:37,954][flwr][INFO] - 		round 63: 3002.014716923237
[2024-10-02 06:58:37,954][flwr][INFO] - 		round 64: 3807.820727467537
[2024-10-02 06:58:37,954][flwr][INFO] - 		round 65: 2550.5967443585396
[2024-10-02 06:58:37,954][flwr][INFO] - 		round 66: 2823.7638860940933
[2024-10-02 06:58:37,954][flwr][INFO] - 		round 67: 3706.0465483665466
[2024-10-02 06:58:37,954][flwr][INFO] - 		round 68: 3517.5347875356674
[2024-10-02 06:58:37,954][flwr][INFO] - 		round 69: 2840.4908961057663
[2024-10-02 06:58:37,954][flwr][INFO] - 		round 70: 1936.404335707426
[2024-10-02 06:58:37,954][flwr][INFO] - 		round 71: 2097.044257760048
[2024-10-02 06:58:37,954][flwr][INFO] - 		round 72: 2523.195712327957
[2024-10-02 06:58:37,954][flwr][INFO] - 		round 73: 2846.1314771175385
[2024-10-02 06:58:37,954][flwr][INFO] - 		round 74: 2893.670320391655
[2024-10-02 06:58:37,955][flwr][INFO] - 		round 75: 2751.3482738137245
[2024-10-02 06:58:37,955][flwr][INFO] - 		round 76: 2609.9523290395737
[2024-10-02 06:58:37,955][flwr][INFO] - 		round 77: 2579.5045797228813
[2024-10-02 06:58:37,955][flwr][INFO] - 		round 78: 2054.556013405323
[2024-10-02 06:58:37,955][flwr][INFO] - 		round 79: 2887.446008503437
[2024-10-02 06:58:37,955][flwr][INFO] - 		round 80: 2339.1330531835556
[2024-10-02 06:58:37,955][flwr][INFO] - 		round 81: 3250.2588959932327
[2024-10-02 06:58:37,955][flwr][INFO] - 		round 82: 4094.606633424759
[2024-10-02 06:58:37,955][flwr][INFO] - 		round 83: 2289.0010975003242
[2024-10-02 06:58:37,955][flwr][INFO] - 		round 84: 3534.19464802742
[2024-10-02 06:58:37,955][flwr][INFO] - 		round 85: 4216.939998745918
[2024-10-02 06:58:37,955][flwr][INFO] - 		round 86: 3103.295708656311
[2024-10-02 06:58:37,955][flwr][INFO] - 		round 87: 4140.0253348350525
[2024-10-02 06:58:37,955][flwr][INFO] - 		round 88: 2546.6608867645264
[2024-10-02 06:58:37,955][flwr][INFO] - 		round 89: 3152.3982014656067
[2024-10-02 06:58:37,955][flwr][INFO] - 		round 90: 2617.037318646908
[2024-10-02 06:58:37,955][flwr][INFO] - 		round 91: 3298.60615080595
[2024-10-02 06:58:37,955][flwr][INFO] - 		round 92: 3277.6862692832947
[2024-10-02 06:58:37,955][flwr][INFO] - 		round 93: 3094.9960158467293
[2024-10-02 06:58:37,955][flwr][INFO] - 		round 94: 2858.3591886758804
[2024-10-02 06:58:37,955][flwr][INFO] - 		round 95: 3377.722953259945
[2024-10-02 06:58:37,955][flwr][INFO] - 		round 96: 2571.1417622566223
[2024-10-02 06:58:37,955][flwr][INFO] - 		round 97: 3425.7411702275276
[2024-10-02 06:58:37,956][flwr][INFO] - 		round 98: 2753.2275874614716
[2024-10-02 06:58:37,956][flwr][INFO] - 		round 99: 3101.7623792886734
[2024-10-02 06:58:37,956][flwr][INFO] - 		round 100: 2787.2855400443077
[2024-10-02 06:58:37,956][flwr][INFO] - 	History (metrics, distributed, evaluate):
[2024-10-02 06:58:37,956][flwr][INFO] - 	{'accuracy': [(1, 0.273972602739726),
[2024-10-02 06:58:37,956][flwr][INFO] - 	              (2, 0.34061696658097684),
[2024-10-02 06:58:37,956][flwr][INFO] - 	              (3, 0.11735941320293398),
[2024-10-02 06:58:37,956][flwr][INFO] - 	              (4, 0.49665551839464883),
[2024-10-02 06:58:37,956][flwr][INFO] - 	              (5, 0.6429479034307497),
[2024-10-02 06:58:37,956][flwr][INFO] - 	              (6, 0.6139088729016786),
[2024-10-02 06:58:37,956][flwr][INFO] - 	              (7, 0.5764966740576497),
[2024-10-02 06:58:37,956][flwr][INFO] - 	              (8, 0.5230566534914362),
[2024-10-02 06:58:37,956][flwr][INFO] - 	              (9, 0.6226650062266501),
[2024-10-02 06:58:37,956][flwr][INFO] - 	              (10, 0.35131195335276966),
[2024-10-02 06:58:37,956][flwr][INFO] - 	              (11, 0.27729885057471265),
[2024-10-02 06:58:37,956][flwr][INFO] - 	              (12, 0.23490813648293962),
[2024-10-02 06:58:37,956][flwr][INFO] - 	              (13, 0.5361527967257844),
[2024-10-02 06:58:37,956][flwr][INFO] - 	              (14, 0.5979247730220493),
[2024-10-02 06:58:37,956][flwr][INFO] - 	              (15, 0.36752136752136755),
[2024-10-02 06:58:37,956][flwr][INFO] - 	              (16, 0.2941952506596306),
[2024-10-02 06:58:37,956][flwr][INFO] - 	              (17, 0.5508100147275405),
[2024-10-02 06:58:37,956][flwr][INFO] - 	              (18, 0.4954545454545455),
[2024-10-02 06:58:37,957][flwr][INFO] - 	              (19, 0.5425330812854442),
[2024-10-02 06:58:37,957][flwr][INFO] - 	              (20, 0.5955284552845529),
[2024-10-02 06:58:37,957][flwr][INFO] - 	              (21, 0.5444126074498568),
[2024-10-02 06:58:37,957][flwr][INFO] - 	              (22, 0.6146341463414634),
[2024-10-02 06:58:37,957][flwr][INFO] - 	              (23, 0.24008810572687225),
[2024-10-02 06:58:37,957][flwr][INFO] - 	              (24, 0.3730496453900709),
[2024-10-02 06:58:37,957][flwr][INFO] - 	              (25, 0.40294117647058825),
[2024-10-02 06:58:37,957][flwr][INFO] - 	              (26, 0.41262135922330095),
[2024-10-02 06:58:37,957][flwr][INFO] - 	              (27, 0.2283464566929134),
[2024-10-02 06:58:37,957][flwr][INFO] - 	              (28, 0.4808823529411765),
[2024-10-02 06:58:37,957][flwr][INFO] - 	              (29, 0.30660377358490565),
[2024-10-02 06:58:37,957][flwr][INFO] - 	              (30, 0.38113207547169814),
[2024-10-02 06:58:37,957][flwr][INFO] - 	              (31, 0.5559380378657487),
[2024-10-02 06:58:37,957][flwr][INFO] - 	              (32, 0.4440052700922266),
[2024-10-02 06:58:37,957][flwr][INFO] - 	              (33, 0.2588699080157687),
[2024-10-02 06:58:37,957][flwr][INFO] - 	              (34, 0.3860640301318267),
[2024-10-02 06:58:37,957][flwr][INFO] - 	              (35, 0.5990566037735849),
[2024-10-02 06:58:37,957][flwr][INFO] - 	              (36, 0.38095238095238093),
[2024-10-02 06:58:37,957][flwr][INFO] - 	              (37, 0.5907172995780591),
[2024-10-02 06:58:37,957][flwr][INFO] - 	              (38, 0.41452991452991456),
[2024-10-02 06:58:37,957][flwr][INFO] - 	              (39, 0.5702199661590525),
[2024-10-02 06:58:37,957][flwr][INFO] - 	              (40, 0.478515625),
[2024-10-02 06:58:37,958][flwr][INFO] - 	              (41, 0.4444444444444444),
[2024-10-02 06:58:37,958][flwr][INFO] - 	              (42, 0.5150684931506849),
[2024-10-02 06:58:37,958][flwr][INFO] - 	              (43, 0.40233236151603496),
[2024-10-02 06:58:37,958][flwr][INFO] - 	              (44, 0.615686274509804),
[2024-10-02 06:58:37,958][flwr][INFO] - 	              (45, 0.4573055028462998),
[2024-10-02 06:58:37,958][flwr][INFO] - 	              (46, 0.47291666666666665),
[2024-10-02 06:58:37,958][flwr][INFO] - 	              (47, 0.6186440677966102),
[2024-10-02 06:58:37,958][flwr][INFO] - 	              (48, 0.5260736196319018),
[2024-10-02 06:58:37,958][flwr][INFO] - 	              (49, 0.6085106382978723),
[2024-10-02 06:58:37,958][flwr][INFO] - 	              (50, 0.40687160940325495),
[2024-10-02 06:58:37,958][flwr][INFO] - 	              (51, 0.6010733452593918),
[2024-10-02 06:58:37,958][flwr][INFO] - 	              (52, 0.27895595432300163),
[2024-10-02 06:58:37,958][flwr][INFO] - 	              (53, 0.4222737819025522),
[2024-10-02 06:58:37,958][flwr][INFO] - 	              (54, 0.24416796267496113),
[2024-10-02 06:58:37,958][flwr][INFO] - 	              (55, 0.35399449035812675),
[2024-10-02 06:58:37,958][flwr][INFO] - 	              (56, 0.5454545454545454),
[2024-10-02 06:58:37,958][flwr][INFO] - 	              (57, 0.5367892976588629),
[2024-10-02 06:58:37,958][flwr][INFO] - 	              (58, 0.49707602339181284),
[2024-10-02 06:58:37,958][flwr][INFO] - 	              (59, 0.5868794326241135),
[2024-10-02 06:58:37,958][flwr][INFO] - 	              (60, 0.32046979865771813),
[2024-10-02 06:58:37,958][flwr][INFO] - 	              (61, 0.44912280701754387),
[2024-10-02 06:58:37,958][flwr][INFO] - 	              (62, 0.45925925925925926),
[2024-10-02 06:58:37,959][flwr][INFO] - 	              (63, 0.47351524879614765),
[2024-10-02 06:58:37,959][flwr][INFO] - 	              (64, 0.3862928348909657),
[2024-10-02 06:58:37,959][flwr][INFO] - 	              (65, 0.6502525252525253),
[2024-10-02 06:58:37,959][flwr][INFO] - 	              (66, 0.7081891580161477),
[2024-10-02 06:58:37,959][flwr][INFO] - 	              (67, 0.388268156424581),
[2024-10-02 06:58:37,959][flwr][INFO] - 	              (68, 0.2827868852459016),
[2024-10-02 06:58:37,959][flwr][INFO] - 	              (69, 0.5929824561403508),
[2024-10-02 06:58:37,959][flwr][INFO] - 	              (70, 0.593186372745491),
[2024-10-02 06:58:37,959][flwr][INFO] - 	              (71, 0.6451204055766794),
[2024-10-02 06:58:37,959][flwr][INFO] - 	              (72, 0.6108726752503576),
[2024-10-02 06:58:37,959][flwr][INFO] - 	              (73, 0.4428822495606327),
[2024-10-02 06:58:37,959][flwr][INFO] - 	              (74, 0.37635574837310193),
[2024-10-02 06:58:37,959][flwr][INFO] - 	              (75, 0.45233265720081134),
[2024-10-02 06:58:37,959][flwr][INFO] - 	              (76, 0.36563307493540054),
[2024-10-02 06:58:37,959][flwr][INFO] - 	              (77, 0.6909090909090909),
[2024-10-02 06:58:37,959][flwr][INFO] - 	              (78, 0.45857418111753373),
[2024-10-02 06:58:37,959][flwr][INFO] - 	              (79, 0.3523809523809524),
[2024-10-02 06:58:37,959][flwr][INFO] - 	              (80, 0.5902864259028643),
[2024-10-02 06:58:37,959][flwr][INFO] - 	              (81, 0.38248175182481753),
[2024-10-02 06:58:37,959][flwr][INFO] - 	              (82, 0.33081570996978854),
[2024-10-02 06:58:37,959][flwr][INFO] - 	              (83, 0.5569620253164557),
[2024-10-02 06:58:37,959][flwr][INFO] - 	              (84, 0.357495881383855),
[2024-10-02 06:58:37,960][flwr][INFO] - 	              (85, 0.25219298245614036),
[2024-10-02 06:58:37,960][flwr][INFO] - 	              (86, 0.47919876733436056),
[2024-10-02 06:58:37,960][flwr][INFO] - 	              (87, 0.3445867287543655),
[2024-10-02 06:58:37,960][flwr][INFO] - 	              (88, 0.5460526315789473),
[2024-10-02 06:58:37,960][flwr][INFO] - 	              (89, 0.5545977011494253),
[2024-10-02 06:58:37,960][flwr][INFO] - 	              (90, 0.37667304015296366),
[2024-10-02 06:58:37,960][flwr][INFO] - 	              (91, 0.44646924829157175),
[2024-10-02 06:58:37,960][flwr][INFO] - 	              (92, 0.4497422680412371),
[2024-10-02 06:58:37,960][flwr][INFO] - 	              (93, 0.2),
[2024-10-02 06:58:37,960][flwr][INFO] - 	              (94, 0.43526785714285715),
[2024-10-02 06:58:37,960][flwr][INFO] - 	              (95, 0.3081395348837209),
[2024-10-02 06:58:37,960][flwr][INFO] - 	              (96, 0.6010928961748634),
[2024-10-02 06:58:37,960][flwr][INFO] - 	              (97, 0.38178633975481613),
[2024-10-02 06:58:37,960][flwr][INFO] - 	              (98, 0.3981623277182236),
[2024-10-02 06:58:37,960][flwr][INFO] - 	              (99, 0.45129224652087474),
[2024-10-02 06:58:37,960][flwr][INFO] - 	              (100, 0.5863377609108159)]}
[2024-10-02 06:58:37,960][flwr][INFO] - 	History (metrics, centralized):
[2024-10-02 06:58:37,960][flwr][INFO] - 	{'accuracy': [(0, 0.16453045685279188),
[2024-10-02 06:58:37,960][flwr][INFO] - 	              (1, 0.23692893401015228),
[2024-10-02 06:58:37,960][flwr][INFO] - 	              (2, 0.2433798646362098),
[2024-10-02 06:58:37,960][flwr][INFO] - 	              (3, 0.4687182741116751),
[2024-10-02 06:58:37,960][flwr][INFO] - 	              (4, 0.461082910321489),
[2024-10-02 06:58:37,961][flwr][INFO] - 	              (5, 0.379906937394247),
[2024-10-02 06:58:37,961][flwr][INFO] - 	              (6, 0.3472715736040609),
[2024-10-02 06:58:37,961][flwr][INFO] - 	              (7, 0.4229060913705584),
[2024-10-02 06:58:37,961][flwr][INFO] - 	              (8, 0.46920473773265653),
[2024-10-02 06:58:37,961][flwr][INFO] - 	              (9, 0.3877749576988156),
[2024-10-02 06:58:37,961][flwr][INFO] - 	              (10, 0.22419627749576987),
[2024-10-02 06:58:37,961][flwr][INFO] - 	              (11, 0.3468485617597293),
[2024-10-02 06:58:37,961][flwr][INFO] - 	              (12, 0.36670896785109985),
[2024-10-02 06:58:37,961][flwr][INFO] - 	              (13, 0.43898054145516074),
[2024-10-02 06:58:37,961][flwr][INFO] - 	              (14, 0.3728426395939086),
[2024-10-02 06:58:37,961][flwr][INFO] - 	              (15, 0.28269881556683585),
[2024-10-02 06:58:37,961][flwr][INFO] - 	              (16, 0.2699450084602369),
[2024-10-02 06:58:37,961][flwr][INFO] - 	              (17, 0.5614213197969543),
[2024-10-02 06:58:37,961][flwr][INFO] - 	              (18, 0.4296319796954315),
[2024-10-02 06:58:37,961][flwr][INFO] - 	              (19, 0.565587986463621),
[2024-10-02 06:58:37,961][flwr][INFO] - 	              (20, 0.3765016920473773),
[2024-10-02 06:58:37,961][flwr][INFO] - 	              (21, 0.5065566835871405),
[2024-10-02 06:58:37,961][flwr][INFO] - 	              (22, 0.5827199661590524),
[2024-10-02 06:58:37,961][flwr][INFO] - 	              (23, 0.3805414551607445),
[2024-10-02 06:58:37,961][flwr][INFO] - 	              (24, 0.3845812182741117),
[2024-10-02 06:58:37,961][flwr][INFO] - 	              (25, 0.45219966159052455),
[2024-10-02 06:58:37,961][flwr][INFO] - 	              (26, 0.5036379018612521),
[2024-10-02 06:58:37,962][flwr][INFO] - 	              (27, 0.3420896785109983),
[2024-10-02 06:58:37,962][flwr][INFO] - 	              (28, 0.46831641285956005),
[2024-10-02 06:58:37,962][flwr][INFO] - 	              (29, 0.34215313028764804),
[2024-10-02 06:58:37,962][flwr][INFO] - 	              (30, 0.38826142131979696),
[2024-10-02 06:58:37,962][flwr][INFO] - 	              (31, 0.5286590524534687),
[2024-10-02 06:58:37,962][flwr][INFO] - 	              (32, 0.3199238578680203),
[2024-10-02 06:58:37,962][flwr][INFO] - 	              (33, 0.3193104906937394),
[2024-10-02 06:58:37,962][flwr][INFO] - 	              (34, 0.3030245346869712),
[2024-10-02 06:58:37,962][flwr][INFO] - 	              (35, 0.5013324873096446),
[2024-10-02 06:58:37,962][flwr][INFO] - 	              (36, 0.5512901861252115),
[2024-10-02 06:58:37,962][flwr][INFO] - 	              (37, 0.5600253807106599),
[2024-10-02 06:58:37,962][flwr][INFO] - 	              (38, 0.5499788494077834),
[2024-10-02 06:58:37,962][flwr][INFO] - 	              (39, 0.5818104906937395),
[2024-10-02 06:58:37,962][flwr][INFO] - 	              (40, 0.4119077834179357),
[2024-10-02 06:58:37,962][flwr][INFO] - 	              (41, 0.5503807106598985),
[2024-10-02 06:58:37,962][flwr][INFO] - 	              (42, 0.5499788494077834),
[2024-10-02 06:58:37,962][flwr][INFO] - 	              (43, 0.386336717428088),
[2024-10-02 06:58:37,962][flwr][INFO] - 	              (44, 0.48538494077834177),
[2024-10-02 06:58:37,962][flwr][INFO] - 	              (45, 0.34084179357022),
[2024-10-02 06:58:37,962][flwr][INFO] - 	              (46, 0.49877326565143826),
[2024-10-02 06:58:37,962][flwr][INFO] - 	              (47, 0.543824027072758),
[2024-10-02 06:58:37,962][flwr][INFO] - 	              (48, 0.5557952622673434),
[2024-10-02 06:58:37,962][flwr][INFO] - 	              (49, 0.5535532994923857),
[2024-10-02 06:58:37,963][flwr][INFO] - 	              (50, 0.4786590524534687),
[2024-10-02 06:58:37,963][flwr][INFO] - 	              (51, 0.5020304568527919),
[2024-10-02 06:58:37,963][flwr][INFO] - 	              (52, 0.3086082910321489),
[2024-10-02 06:58:37,963][flwr][INFO] - 	              (53, 0.5395939086294417),
[2024-10-02 06:58:37,963][flwr][INFO] - 	              (54, 0.2781514382402707),
[2024-10-02 06:58:37,963][flwr][INFO] - 	              (55, 0.40803722504230117),
[2024-10-02 06:58:37,963][flwr][INFO] - 	              (56, 0.5074661590524535),
[2024-10-02 06:58:37,963][flwr][INFO] - 	              (57, 0.353087986463621),
[2024-10-02 06:58:37,963][flwr][INFO] - 	              (58, 0.5147419627749577),
[2024-10-02 06:58:37,963][flwr][INFO] - 	              (59, 0.564318950930626),
[2024-10-02 06:58:37,963][flwr][INFO] - 	              (60, 0.42106598984771576),
[2024-10-02 06:58:37,963][flwr][INFO] - 	              (61, 0.5409052453468697),
[2024-10-02 06:58:37,963][flwr][INFO] - 	              (62, 0.45334179357022),
[2024-10-02 06:58:37,963][flwr][INFO] - 	              (63, 0.49428934010152287),
[2024-10-02 06:58:37,963][flwr][INFO] - 	              (64, 0.3722292724196278),
[2024-10-02 06:58:37,963][flwr][INFO] - 	              (65, 0.5473773265651438),
[2024-10-02 06:58:37,963][flwr][INFO] - 	              (66, 0.5140862944162436),
[2024-10-02 06:58:37,963][flwr][INFO] - 	              (67, 0.4362309644670051),
[2024-10-02 06:58:37,963][flwr][INFO] - 	              (68, 0.42842639593908627),
[2024-10-02 06:58:37,963][flwr][INFO] - 	              (69, 0.39382402707275804),
[2024-10-02 06:58:37,963][flwr][INFO] - 	              (70, 0.5885998307952622),
[2024-10-02 06:58:37,963][flwr][INFO] - 	              (71, 0.5982656514382403),
[2024-10-02 06:58:37,963][flwr][INFO] - 	              (72, 0.574851945854484),
[2024-10-02 06:58:37,964][flwr][INFO] - 	              (73, 0.5630499153976312),
[2024-10-02 06:58:37,964][flwr][INFO] - 	              (74, 0.4387901861252115),
[2024-10-02 06:58:37,964][flwr][INFO] - 	              (75, 0.44534686971235193),
[2024-10-02 06:58:37,964][flwr][INFO] - 	              (76, 0.4484771573604061),
[2024-10-02 06:58:37,964][flwr][INFO] - 	              (77, 0.5703680203045686),
[2024-10-02 06:58:37,964][flwr][INFO] - 	              (78, 0.5786590524534687),
[2024-10-02 06:58:37,964][flwr][INFO] - 	              (79, 0.4871404399323181),
[2024-10-02 06:58:37,964][flwr][INFO] - 	              (80, 0.5743866328257191),
[2024-10-02 06:58:37,964][flwr][INFO] - 	              (81, 0.40598561759729274),
[2024-10-02 06:58:37,964][flwr][INFO] - 	              (82, 0.35107868020304567),
[2024-10-02 06:58:37,964][flwr][INFO] - 	              (83, 0.5743654822335026),
[2024-10-02 06:58:37,964][flwr][INFO] - 	              (84, 0.4767766497461929),
[2024-10-02 06:58:37,964][flwr][INFO] - 	              (85, 0.3600042301184433),
[2024-10-02 06:58:37,964][flwr][INFO] - 	              (86, 0.430414551607445),
[2024-10-02 06:58:37,964][flwr][INFO] - 	              (87, 0.409412013536379),
[2024-10-02 06:58:37,964][flwr][INFO] - 	              (88, 0.481831641285956),
[2024-10-02 06:58:37,964][flwr][INFO] - 	              (89, 0.5709390862944163),
[2024-10-02 06:58:37,964][flwr][INFO] - 	              (90, 0.5806260575296108),
[2024-10-02 06:58:37,964][flwr][INFO] - 	              (91, 0.4722081218274112),
[2024-10-02 06:58:37,964][flwr][INFO] - 	              (92, 0.47341370558375634),
[2024-10-02 06:58:37,964][flwr][INFO] - 	              (93, 0.5472081218274112),
[2024-10-02 06:58:37,964][flwr][INFO] - 	              (94, 0.5520516074450085),
[2024-10-02 06:58:37,964][flwr][INFO] - 	              (95, 0.5493654822335026),
[2024-10-02 06:58:37,965][flwr][INFO] - 	              (96, 0.5634940778341794),
[2024-10-02 06:58:37,965][flwr][INFO] - 	              (97, 0.49496615905245345),
[2024-10-02 06:58:37,965][flwr][INFO] - 	              (98, 0.4896150592216582),
[2024-10-02 06:58:37,965][flwr][INFO] - 	              (99, 0.42362521150592214),
[2024-10-02 06:58:37,965][flwr][INFO] - 	              (100, 0.5173223350253807)]}
[2024-10-02 06:58:37,965][flwr][INFO] - 
