[2024-10-15 17:37:44,527][flwr][INFO] - Starting Flower simulation, config: num_rounds=100, no round_timeout
[2024-10-15 17:37:47,689][flwr][INFO] - Flower VCE: Ray initialized with resources: {'CPU': 256.0, 'memory': 159494846260.0, 'node:__internal_head__': 1.0, 'GPU': 1.0, 'accelerator_type:G': 1.0, 'node:115.145.172.224': 1.0, 'object_store_memory': 72640648396.0}
[2024-10-15 17:37:47,689][flwr][INFO] - Optimize your simulation with Flower VCE: https://flower.ai/docs/framework/how-to-run-simulations.html
[2024-10-15 17:37:47,689][flwr][INFO] - Flower VCE: Resources for each Virtual Client: {'num_cpus': 64, 'num_gpus': 0.1}
[2024-10-15 17:37:47,702][flwr][INFO] - Flower VCE: Creating VirtualClientEngineActorPool with 4 actors
[2024-10-15 17:37:47,702][flwr][INFO] - [INIT]
[2024-10-15 17:37:47,702][flwr][INFO] - Requesting initial parameters from one random client
[2024-10-15 17:37:52,593][flwr][INFO] - Received initial parameters from one random client
[2024-10-15 17:37:52,593][flwr][INFO] - Evaluating initial global parameters
[2024-10-15 17:38:05,904][flwr][INFO] - initial parameters (loss, other metrics): 502.23120379447937, {'accuracy': 0.08426183844011143}
[2024-10-15 17:38:05,904][flwr][INFO] - 
[2024-10-15 17:38:05,904][flwr][INFO] - [ROUND 1]
[2024-10-15 17:38:05,905][flwr][INFO] - configure_fit: strategy sampled 5 clients (out of 50)
[2024-10-15 17:38:33,120][flwr][INFO] - aggregate_fit: received 5 results and 0 failures
[2024-10-15 17:38:33,346][flwr][WARNING] - No fit_metrics_aggregation_fn provided
[2024-10-15 17:38:45,246][flwr][INFO] - fit progress: (1, 547.5365874767303, {'accuracy': 0.05027855153203343}, 39.34210764337331)
[2024-10-15 17:38:45,247][flwr][INFO] - configure_evaluate: strategy sampled 2 clients (out of 50)
[2024-10-15 17:38:46,593][flwr][INFO] - aggregate_evaluate: received 2 results and 0 failures
[2024-10-15 17:38:46,593][flwr][INFO] - 
[2024-10-15 17:38:46,594][flwr][INFO] - [ROUND 2]
[2024-10-15 17:38:46,594][flwr][INFO] - configure_fit: strategy sampled 5 clients (out of 50)
[2024-10-15 17:39:27,208][flwr][INFO] - aggregate_fit: received 5 results and 0 failures
[2024-10-15 17:39:39,505][flwr][INFO] - fit progress: (2, 459.49577951431274, {'accuracy': 0.3044568245125348}, 93.60074112378061)
[2024-10-15 17:39:39,506][flwr][INFO] - configure_evaluate: strategy sampled 2 clients (out of 50)
[2024-10-15 17:39:40,577][flwr][INFO] - aggregate_evaluate: received 2 results and 0 failures
[2024-10-15 17:39:40,577][flwr][INFO] - 
[2024-10-15 17:39:40,578][flwr][INFO] - [ROUND 3]
[2024-10-15 17:39:40,578][flwr][INFO] - configure_fit: strategy sampled 5 clients (out of 50)
[2024-10-15 17:40:22,622][flwr][INFO] - aggregate_fit: received 5 results and 0 failures
[2024-10-15 17:40:34,911][flwr][INFO] - fit progress: (3, 435.089013338089, {'accuracy': 0.2586350974930362}, 149.00638608634472)
[2024-10-15 17:40:34,911][flwr][INFO] - configure_evaluate: strategy sampled 2 clients (out of 50)
[2024-10-15 17:40:35,912][flwr][INFO] - aggregate_evaluate: received 2 results and 0 failures
[2024-10-15 17:40:35,912][flwr][INFO] - 
[2024-10-15 17:40:35,913][flwr][INFO] - [ROUND 4]
[2024-10-15 17:40:35,913][flwr][INFO] - configure_fit: strategy sampled 5 clients (out of 50)
[2024-10-15 17:41:13,339][flwr][INFO] - aggregate_fit: received 5 results and 0 failures
[2024-10-15 17:41:26,983][flwr][INFO] - fit progress: (4, 471.10943961143494, {'accuracy': 0.2717270194986072}, 201.07859556470066)
[2024-10-15 17:41:26,983][flwr][INFO] - configure_evaluate: strategy sampled 2 clients (out of 50)
[2024-10-15 17:41:28,120][flwr][INFO] - aggregate_evaluate: received 2 results and 0 failures
[2024-10-15 17:41:28,121][flwr][INFO] - 
[2024-10-15 17:41:28,121][flwr][INFO] - [ROUND 5]
[2024-10-15 17:41:28,121][flwr][INFO] - configure_fit: strategy sampled 5 clients (out of 50)
[2024-10-15 17:42:01,527][flwr][INFO] - aggregate_fit: received 5 results and 0 failures
[2024-10-15 17:42:12,300][flwr][INFO] - fit progress: (5, 500.2484972476959, {'accuracy': 0.21727019498607242}, 246.39614802598953)
[2024-10-15 17:42:12,301][flwr][INFO] - configure_evaluate: strategy sampled 2 clients (out of 50)
[2024-10-15 17:42:13,422][flwr][INFO] - aggregate_evaluate: received 2 results and 0 failures
[2024-10-15 17:42:13,422][flwr][INFO] - 
[2024-10-15 17:42:13,422][flwr][INFO] - [ROUND 6]
[2024-10-15 17:42:13,422][flwr][INFO] - configure_fit: strategy sampled 5 clients (out of 50)
[2024-10-15 17:42:35,501][flwr][INFO] - aggregate_fit: received 5 results and 0 failures
[2024-10-15 17:42:46,518][flwr][INFO] - fit progress: (6, 449.2455952167511, {'accuracy': 0.2821727019498607}, 280.61349619179964)
[2024-10-15 17:42:46,518][flwr][INFO] - configure_evaluate: strategy sampled 2 clients (out of 50)
[2024-10-15 17:42:47,713][flwr][INFO] - aggregate_evaluate: received 2 results and 0 failures
[2024-10-15 17:42:47,713][flwr][INFO] - 
[2024-10-15 17:42:47,713][flwr][INFO] - [ROUND 7]
[2024-10-15 17:42:47,713][flwr][INFO] - configure_fit: strategy sampled 5 clients (out of 50)
[2024-10-15 17:43:24,624][flwr][INFO] - aggregate_fit: received 5 results and 0 failures
[2024-10-15 17:43:36,355][flwr][INFO] - fit progress: (7, 471.46845519542694, {'accuracy': 0.13760445682451253}, 330.4510692851618)
[2024-10-15 17:43:36,356][flwr][INFO] - configure_evaluate: strategy sampled 2 clients (out of 50)
[2024-10-15 17:43:37,499][flwr][INFO] - aggregate_evaluate: received 2 results and 0 failures
[2024-10-15 17:43:37,499][flwr][INFO] - 
[2024-10-15 17:43:37,499][flwr][INFO] - [ROUND 8]
[2024-10-15 17:43:37,499][flwr][INFO] - configure_fit: strategy sampled 5 clients (out of 50)
[2024-10-15 17:44:03,856][flwr][INFO] - aggregate_fit: received 5 results and 0 failures
[2024-10-15 17:44:14,012][flwr][INFO] - fit progress: (8, 440.3882381916046, {'accuracy': 0.34623955431754877}, 368.108040465042)
[2024-10-15 17:44:14,013][flwr][INFO] - configure_evaluate: strategy sampled 2 clients (out of 50)
[2024-10-15 17:44:15,070][flwr][INFO] - aggregate_evaluate: received 2 results and 0 failures
[2024-10-15 17:44:15,070][flwr][INFO] - 
[2024-10-15 17:44:15,070][flwr][INFO] - [ROUND 9]
[2024-10-15 17:44:15,070][flwr][INFO] - configure_fit: strategy sampled 5 clients (out of 50)
[2024-10-15 17:44:37,612][flwr][INFO] - aggregate_fit: received 5 results and 0 failures
[2024-10-15 17:44:48,186][flwr][INFO] - fit progress: (9, 426.6830562353134, {'accuracy': 0.41866295264623954}, 402.28130107186735)
[2024-10-15 17:44:48,186][flwr][INFO] - configure_evaluate: strategy sampled 2 clients (out of 50)
[2024-10-15 17:44:49,339][flwr][INFO] - aggregate_evaluate: received 2 results and 0 failures
[2024-10-15 17:44:49,339][flwr][INFO] - 
[2024-10-15 17:44:49,340][flwr][INFO] - [ROUND 10]
[2024-10-15 17:44:49,340][flwr][INFO] - configure_fit: strategy sampled 5 clients (out of 50)
[2024-10-15 17:45:09,613][flwr][INFO] - aggregate_fit: received 5 results and 0 failures
[2024-10-15 17:45:21,790][flwr][INFO] - fit progress: (10, 479.8411160707474, {'accuracy': 0.09442896935933148}, 435.88523457944393)
[2024-10-15 17:45:21,790][flwr][INFO] - configure_evaluate: strategy sampled 2 clients (out of 50)
[2024-10-15 17:45:23,009][flwr][INFO] - aggregate_evaluate: received 2 results and 0 failures
[2024-10-15 17:45:23,009][flwr][INFO] - 
[2024-10-15 17:45:23,009][flwr][INFO] - [ROUND 11]
[2024-10-15 17:45:23,009][flwr][INFO] - configure_fit: strategy sampled 5 clients (out of 50)
[2024-10-15 17:45:56,007][flwr][INFO] - aggregate_fit: received 5 results and 0 failures
[2024-10-15 17:46:07,794][flwr][INFO] - fit progress: (11, 382.23669016361237, {'accuracy': 0.43022284122562676}, 481.88986598327756)
[2024-10-15 17:46:07,795][flwr][INFO] - configure_evaluate: strategy sampled 2 clients (out of 50)
[2024-10-15 17:46:09,805][flwr][INFO] - aggregate_evaluate: received 2 results and 0 failures
[2024-10-15 17:46:09,805][flwr][INFO] - 
[2024-10-15 17:46:09,805][flwr][INFO] - [ROUND 12]
[2024-10-15 17:46:09,805][flwr][INFO] - configure_fit: strategy sampled 5 clients (out of 50)
[2024-10-15 17:46:51,022][flwr][INFO] - aggregate_fit: received 5 results and 0 failures
[2024-10-15 17:47:01,888][flwr][INFO] - fit progress: (12, 399.46677017211914, {'accuracy': 0.27618384401114204}, 535.9836201099679)
[2024-10-15 17:47:01,889][flwr][INFO] - configure_evaluate: strategy sampled 2 clients (out of 50)
[2024-10-15 17:47:02,978][flwr][INFO] - aggregate_evaluate: received 2 results and 0 failures
[2024-10-15 17:47:02,978][flwr][INFO] - 
[2024-10-15 17:47:02,978][flwr][INFO] - [ROUND 13]
[2024-10-15 17:47:02,978][flwr][INFO] - configure_fit: strategy sampled 5 clients (out of 50)
[2024-10-15 17:47:33,508][flwr][INFO] - aggregate_fit: received 5 results and 0 failures
[2024-10-15 17:47:45,493][flwr][INFO] - fit progress: (13, 383.7787719964981, {'accuracy': 0.3798050139275766}, 579.5889293197542)
[2024-10-15 17:47:45,494][flwr][INFO] - configure_evaluate: strategy sampled 2 clients (out of 50)
[2024-10-15 17:47:46,789][flwr][INFO] - aggregate_evaluate: received 2 results and 0 failures
[2024-10-15 17:47:46,789][flwr][INFO] - 
[2024-10-15 17:47:46,789][flwr][INFO] - [ROUND 14]
[2024-10-15 17:47:46,789][flwr][INFO] - configure_fit: strategy sampled 5 clients (out of 50)
[2024-10-15 17:48:23,923][flwr][INFO] - aggregate_fit: received 5 results and 0 failures
[2024-10-15 17:48:36,440][flwr][INFO] - fit progress: (14, 343.08220422267914, {'accuracy': 0.5431754874651811}, 630.5357642574236)
[2024-10-15 17:48:36,441][flwr][INFO] - configure_evaluate: strategy sampled 2 clients (out of 50)
[2024-10-15 17:48:37,522][flwr][INFO] - aggregate_evaluate: received 2 results and 0 failures
[2024-10-15 17:48:37,522][flwr][INFO] - 
[2024-10-15 17:48:37,522][flwr][INFO] - [ROUND 15]
[2024-10-15 17:48:37,523][flwr][INFO] - configure_fit: strategy sampled 5 clients (out of 50)
[2024-10-15 17:49:23,723][flwr][INFO] - aggregate_fit: received 5 results and 0 failures
[2024-10-15 17:49:36,960][flwr][INFO] - fit progress: (15, 452.2760581970215, {'accuracy': 0.29303621169916433}, 691.0553460670635)
[2024-10-15 17:49:36,960][flwr][INFO] - configure_evaluate: strategy sampled 2 clients (out of 50)
[2024-10-15 17:49:38,265][flwr][INFO] - aggregate_evaluate: received 2 results and 0 failures
[2024-10-15 17:49:38,265][flwr][INFO] - 
[2024-10-15 17:49:38,265][flwr][INFO] - [ROUND 16]
[2024-10-15 17:49:38,265][flwr][INFO] - configure_fit: strategy sampled 5 clients (out of 50)
[2024-10-15 17:50:27,107][flwr][INFO] - aggregate_fit: received 5 results and 0 failures
[2024-10-15 17:50:39,497][flwr][INFO] - fit progress: (16, 446.9204446077347, {'accuracy': 0.2938718662952646}, 753.5928168464452)
[2024-10-15 17:50:39,498][flwr][INFO] - configure_evaluate: strategy sampled 2 clients (out of 50)
[2024-10-15 17:50:40,588][flwr][INFO] - aggregate_evaluate: received 2 results and 0 failures
[2024-10-15 17:50:40,588][flwr][INFO] - 
[2024-10-15 17:50:40,588][flwr][INFO] - [ROUND 17]
[2024-10-15 17:50:40,588][flwr][INFO] - configure_fit: strategy sampled 5 clients (out of 50)
[2024-10-15 17:51:02,542][flwr][INFO] - aggregate_fit: received 5 results and 0 failures
[2024-10-15 17:51:14,525][flwr][INFO] - fit progress: (17, 339.95291566848755, {'accuracy': 0.4533426183844011}, 788.6207316853106)
[2024-10-15 17:51:14,526][flwr][INFO] - configure_evaluate: strategy sampled 2 clients (out of 50)
[2024-10-15 17:51:15,492][flwr][INFO] - aggregate_evaluate: received 2 results and 0 failures
[2024-10-15 17:51:15,493][flwr][INFO] - 
[2024-10-15 17:51:15,493][flwr][INFO] - [ROUND 18]
[2024-10-15 17:51:15,493][flwr][INFO] - configure_fit: strategy sampled 5 clients (out of 50)
[2024-10-15 17:51:34,385][flwr][INFO] - aggregate_fit: received 5 results and 0 failures
[2024-10-15 17:51:45,869][flwr][INFO] - fit progress: (18, 349.319149851799, {'accuracy': 0.47813370473537603}, 819.9649720806628)
[2024-10-15 17:51:45,870][flwr][INFO] - configure_evaluate: strategy sampled 2 clients (out of 50)
[2024-10-15 17:51:46,990][flwr][INFO] - aggregate_evaluate: received 2 results and 0 failures
[2024-10-15 17:51:46,990][flwr][INFO] - 
[2024-10-15 17:51:46,990][flwr][INFO] - [ROUND 19]
[2024-10-15 17:51:46,990][flwr][INFO] - configure_fit: strategy sampled 5 clients (out of 50)
[2024-10-15 17:52:11,845][flwr][INFO] - aggregate_fit: received 5 results and 0 failures
[2024-10-15 17:52:24,894][flwr][INFO] - fit progress: (19, 344.26829385757446, {'accuracy': 0.5299442896935933}, 858.9893860286102)
[2024-10-15 17:52:24,894][flwr][INFO] - configure_evaluate: strategy sampled 2 clients (out of 50)
[2024-10-15 17:52:25,983][flwr][INFO] - aggregate_evaluate: received 2 results and 0 failures
[2024-10-15 17:52:25,984][flwr][INFO] - 
[2024-10-15 17:52:25,984][flwr][INFO] - [ROUND 20]
[2024-10-15 17:52:25,984][flwr][INFO] - configure_fit: strategy sampled 5 clients (out of 50)
[2024-10-15 17:53:20,280][flwr][INFO] - aggregate_fit: received 5 results and 0 failures
[2024-10-15 17:53:30,801][flwr][INFO] - fit progress: (20, 367.44207894802094, {'accuracy': 0.42395543175487466}, 924.8964535510167)
[2024-10-15 17:53:30,801][flwr][INFO] - configure_evaluate: strategy sampled 2 clients (out of 50)
[2024-10-15 17:53:32,049][flwr][INFO] - aggregate_evaluate: received 2 results and 0 failures
[2024-10-15 17:53:32,049][flwr][INFO] - 
[2024-10-15 17:53:32,049][flwr][INFO] - [ROUND 21]
[2024-10-15 17:53:32,049][flwr][INFO] - configure_fit: strategy sampled 5 clients (out of 50)
[2024-10-15 17:53:48,748][flwr][INFO] - aggregate_fit: received 5 results and 0 failures
[2024-10-15 17:54:00,290][flwr][INFO] - fit progress: (21, 358.03122079372406, {'accuracy': 0.4626740947075209}, 954.3853135062382)
[2024-10-15 17:54:00,290][flwr][INFO] - configure_evaluate: strategy sampled 2 clients (out of 50)
[2024-10-15 17:54:01,899][flwr][INFO] - aggregate_evaluate: received 2 results and 0 failures
[2024-10-15 17:54:01,899][flwr][INFO] - 
[2024-10-15 17:54:01,900][flwr][INFO] - [ROUND 22]
[2024-10-15 17:54:01,900][flwr][INFO] - configure_fit: strategy sampled 5 clients (out of 50)
[2024-10-15 17:54:32,027][flwr][INFO] - aggregate_fit: received 5 results and 0 failures
[2024-10-15 17:54:43,471][flwr][INFO] - fit progress: (22, 353.9227421283722, {'accuracy': 0.4020891364902507}, 997.5671671647578)
[2024-10-15 17:54:43,472][flwr][INFO] - configure_evaluate: strategy sampled 2 clients (out of 50)
[2024-10-15 17:54:45,455][flwr][INFO] - aggregate_evaluate: received 2 results and 0 failures
[2024-10-15 17:54:45,455][flwr][INFO] - 
[2024-10-15 17:54:45,455][flwr][INFO] - [ROUND 23]
[2024-10-15 17:54:45,455][flwr][INFO] - configure_fit: strategy sampled 5 clients (out of 50)
[2024-10-15 17:55:18,454][flwr][INFO] - aggregate_fit: received 5 results and 0 failures
[2024-10-15 17:55:30,830][flwr][INFO] - fit progress: (23, 386.25135254859924, {'accuracy': 0.31337047353760444}, 1044.9260435346514)
[2024-10-15 17:55:30,831][flwr][INFO] - configure_evaluate: strategy sampled 2 clients (out of 50)
[2024-10-15 17:55:32,482][flwr][INFO] - aggregate_evaluate: received 2 results and 0 failures
[2024-10-15 17:55:32,482][flwr][INFO] - 
[2024-10-15 17:55:32,482][flwr][INFO] - [ROUND 24]
[2024-10-15 17:55:32,482][flwr][INFO] - configure_fit: strategy sampled 5 clients (out of 50)
[2024-10-15 17:55:49,602][flwr][INFO] - aggregate_fit: received 5 results and 0 failures
[2024-10-15 17:56:01,818][flwr][INFO] - fit progress: (24, 352.0831654071808, {'accuracy': 0.3816155988857939}, 1075.9139978429303)
[2024-10-15 17:56:01,819][flwr][INFO] - configure_evaluate: strategy sampled 2 clients (out of 50)
[2024-10-15 17:56:03,107][flwr][INFO] - aggregate_evaluate: received 2 results and 0 failures
[2024-10-15 17:56:03,107][flwr][INFO] - 
[2024-10-15 17:56:03,108][flwr][INFO] - [ROUND 25]
[2024-10-15 17:56:03,108][flwr][INFO] - configure_fit: strategy sampled 5 clients (out of 50)
[2024-10-15 17:56:24,516][flwr][INFO] - aggregate_fit: received 5 results and 0 failures
[2024-10-15 17:56:35,691][flwr][INFO] - fit progress: (25, 369.3678170442581, {'accuracy': 0.42674094707520893}, 1109.7868584366515)
[2024-10-15 17:56:35,692][flwr][INFO] - configure_evaluate: strategy sampled 2 clients (out of 50)
[2024-10-15 17:56:36,860][flwr][INFO] - aggregate_evaluate: received 2 results and 0 failures
[2024-10-15 17:56:36,860][flwr][INFO] - 
[2024-10-15 17:56:36,860][flwr][INFO] - [ROUND 26]
[2024-10-15 17:56:36,860][flwr][INFO] - configure_fit: strategy sampled 5 clients (out of 50)
[2024-10-15 17:57:07,655][flwr][INFO] - aggregate_fit: received 5 results and 0 failures
[2024-10-15 17:57:20,293][flwr][INFO] - fit progress: (26, 346.22911047935486, {'accuracy': 0.4704735376044568}, 1154.3883298896253)
[2024-10-15 17:57:20,293][flwr][INFO] - configure_evaluate: strategy sampled 2 clients (out of 50)
[2024-10-15 17:57:21,679][flwr][INFO] - aggregate_evaluate: received 2 results and 0 failures
[2024-10-15 17:57:21,679][flwr][INFO] - 
[2024-10-15 17:57:21,679][flwr][INFO] - [ROUND 27]
[2024-10-15 17:57:21,680][flwr][INFO] - configure_fit: strategy sampled 5 clients (out of 50)
[2024-10-15 17:57:50,752][flwr][INFO] - aggregate_fit: received 5 results and 0 failures
[2024-10-15 17:58:03,843][flwr][INFO] - fit progress: (27, 351.6127487421036, {'accuracy': 0.5108635097493036}, 1197.9388797683641)
[2024-10-15 17:58:03,844][flwr][INFO] - configure_evaluate: strategy sampled 2 clients (out of 50)
[2024-10-15 17:58:05,177][flwr][INFO] - aggregate_evaluate: received 2 results and 0 failures
[2024-10-15 17:58:05,177][flwr][INFO] - 
[2024-10-15 17:58:05,177][flwr][INFO] - [ROUND 28]
[2024-10-15 17:58:05,177][flwr][INFO] - configure_fit: strategy sampled 5 clients (out of 50)
[2024-10-15 17:58:26,757][flwr][INFO] - aggregate_fit: received 5 results and 0 failures
[2024-10-15 17:58:38,525][flwr][INFO] - fit progress: (28, 367.10344648361206, {'accuracy': 0.4777158774373259}, 1232.6201870599762)
[2024-10-15 17:58:38,525][flwr][INFO] - configure_evaluate: strategy sampled 2 clients (out of 50)
[2024-10-15 17:58:39,722][flwr][INFO] - aggregate_evaluate: received 2 results and 0 failures
[2024-10-15 17:58:39,722][flwr][INFO] - 
[2024-10-15 17:58:39,722][flwr][INFO] - [ROUND 29]
[2024-10-15 17:58:39,723][flwr][INFO] - configure_fit: strategy sampled 5 clients (out of 50)
[2024-10-15 17:58:56,239][flwr][INFO] - aggregate_fit: received 5 results and 0 failures
[2024-10-15 17:59:10,365][flwr][INFO] - fit progress: (29, 361.26225650310516, {'accuracy': 0.31838440111420613}, 1264.4607235835865)
[2024-10-15 17:59:10,366][flwr][INFO] - configure_evaluate: strategy sampled 2 clients (out of 50)
[2024-10-15 17:59:11,720][flwr][INFO] - aggregate_evaluate: received 2 results and 0 failures
[2024-10-15 17:59:11,721][flwr][INFO] - 
[2024-10-15 17:59:11,721][flwr][INFO] - [ROUND 30]
[2024-10-15 17:59:11,721][flwr][INFO] - configure_fit: strategy sampled 5 clients (out of 50)
[2024-10-15 17:59:37,551][flwr][INFO] - aggregate_fit: received 5 results and 0 failures
[2024-10-15 17:59:49,426][flwr][INFO] - fit progress: (30, 441.4329550266266, {'accuracy': 0.18050139275766017}, 1303.521514693275)
[2024-10-15 17:59:49,426][flwr][INFO] - configure_evaluate: strategy sampled 2 clients (out of 50)
[2024-10-15 17:59:50,842][flwr][INFO] - aggregate_evaluate: received 2 results and 0 failures
[2024-10-15 17:59:50,843][flwr][INFO] - 
[2024-10-15 17:59:50,844][flwr][INFO] - [ROUND 31]
[2024-10-15 17:59:50,844][flwr][INFO] - configure_fit: strategy sampled 5 clients (out of 50)
[2024-10-15 18:00:30,359][flwr][INFO] - aggregate_fit: received 5 results and 0 failures
[2024-10-15 18:00:42,646][flwr][INFO] - fit progress: (31, 340.7075283527374, {'accuracy': 0.4341225626740947}, 1356.7421842133626)
[2024-10-15 18:00:42,647][flwr][INFO] - configure_evaluate: strategy sampled 2 clients (out of 50)
[2024-10-15 18:00:43,741][flwr][INFO] - aggregate_evaluate: received 2 results and 0 failures
[2024-10-15 18:00:43,741][flwr][INFO] - 
[2024-10-15 18:00:43,741][flwr][INFO] - [ROUND 32]
[2024-10-15 18:00:43,741][flwr][INFO] - configure_fit: strategy sampled 5 clients (out of 50)
[2024-10-15 18:01:07,418][flwr][INFO] - aggregate_fit: received 5 results and 0 failures
[2024-10-15 18:01:19,687][flwr][INFO] - fit progress: (32, 365.5527400970459, {'accuracy': 0.43050139275766014}, 1393.782466236502)
[2024-10-15 18:01:19,687][flwr][INFO] - configure_evaluate: strategy sampled 2 clients (out of 50)
[2024-10-15 18:01:20,922][flwr][INFO] - aggregate_evaluate: received 2 results and 0 failures
[2024-10-15 18:01:20,922][flwr][INFO] - 
[2024-10-15 18:01:20,922][flwr][INFO] - [ROUND 33]
[2024-10-15 18:01:20,922][flwr][INFO] - configure_fit: strategy sampled 5 clients (out of 50)
[2024-10-15 18:01:54,200][flwr][INFO] - aggregate_fit: received 5 results and 0 failures
[2024-10-15 18:02:06,649][flwr][INFO] - fit progress: (33, 384.54339385032654, {'accuracy': 0.34721448467966576}, 1440.7445618603379)
[2024-10-15 18:02:06,649][flwr][INFO] - configure_evaluate: strategy sampled 2 clients (out of 50)
[2024-10-15 18:02:07,873][flwr][INFO] - aggregate_evaluate: received 2 results and 0 failures
[2024-10-15 18:02:07,873][flwr][INFO] - 
[2024-10-15 18:02:07,873][flwr][INFO] - [ROUND 34]
[2024-10-15 18:02:07,874][flwr][INFO] - configure_fit: strategy sampled 5 clients (out of 50)
[2024-10-15 18:02:34,053][flwr][INFO] - aggregate_fit: received 5 results and 0 failures
[2024-10-15 18:02:46,346][flwr][INFO] - fit progress: (34, 378.33546793460846, {'accuracy': 0.34275766016713094}, 1480.441732767038)
[2024-10-15 18:02:46,347][flwr][INFO] - configure_evaluate: strategy sampled 2 clients (out of 50)
[2024-10-15 18:02:47,513][flwr][INFO] - aggregate_evaluate: received 2 results and 0 failures
[2024-10-15 18:02:47,513][flwr][INFO] - 
[2024-10-15 18:02:47,513][flwr][INFO] - [ROUND 35]
[2024-10-15 18:02:47,513][flwr][INFO] - configure_fit: strategy sampled 5 clients (out of 50)
[2024-10-15 18:03:23,971][flwr][INFO] - aggregate_fit: received 5 results and 0 failures
[2024-10-15 18:03:35,620][flwr][INFO] - fit progress: (35, 405.72611582279205, {'accuracy': 0.4096100278551532}, 1529.7158233020455)
[2024-10-15 18:03:35,620][flwr][INFO] - configure_evaluate: strategy sampled 2 clients (out of 50)
[2024-10-15 18:03:36,895][flwr][INFO] - aggregate_evaluate: received 2 results and 0 failures
[2024-10-15 18:03:36,896][flwr][INFO] - 
[2024-10-15 18:03:36,896][flwr][INFO] - [ROUND 36]
[2024-10-15 18:03:36,896][flwr][INFO] - configure_fit: strategy sampled 5 clients (out of 50)
[2024-10-15 18:04:06,566][flwr][INFO] - aggregate_fit: received 5 results and 0 failures
[2024-10-15 18:04:19,195][flwr][INFO] - fit progress: (36, 358.6830583810806, {'accuracy': 0.44707520891364905}, 1573.2903756964952)
[2024-10-15 18:04:19,195][flwr][INFO] - configure_evaluate: strategy sampled 2 clients (out of 50)
[2024-10-15 18:04:20,231][flwr][INFO] - aggregate_evaluate: received 2 results and 0 failures
[2024-10-15 18:04:20,231][flwr][INFO] - 
[2024-10-15 18:04:20,232][flwr][INFO] - [ROUND 37]
[2024-10-15 18:04:20,232][flwr][INFO] - configure_fit: strategy sampled 5 clients (out of 50)
[2024-10-15 18:04:44,938][flwr][INFO] - aggregate_fit: received 5 results and 0 failures
[2024-10-15 18:04:58,611][flwr][INFO] - fit progress: (37, 367.9744163751602, {'accuracy': 0.2948467966573816}, 1612.7071366105229)
[2024-10-15 18:04:58,612][flwr][INFO] - configure_evaluate: strategy sampled 2 clients (out of 50)
[2024-10-15 18:05:00,154][flwr][INFO] - aggregate_evaluate: received 2 results and 0 failures
[2024-10-15 18:05:00,154][flwr][INFO] - 
[2024-10-15 18:05:00,154][flwr][INFO] - [ROUND 38]
[2024-10-15 18:05:00,154][flwr][INFO] - configure_fit: strategy sampled 5 clients (out of 50)
[2024-10-15 18:05:24,940][flwr][INFO] - aggregate_fit: received 5 results and 0 failures
[2024-10-15 18:05:37,143][flwr][INFO] - fit progress: (38, 350.10454535484314, {'accuracy': 0.4572423398328691}, 1651.238822747022)
[2024-10-15 18:05:37,143][flwr][INFO] - configure_evaluate: strategy sampled 2 clients (out of 50)
[2024-10-15 18:05:38,391][flwr][INFO] - aggregate_evaluate: received 2 results and 0 failures
[2024-10-15 18:05:38,392][flwr][INFO] - 
[2024-10-15 18:05:38,392][flwr][INFO] - [ROUND 39]
[2024-10-15 18:05:38,392][flwr][INFO] - configure_fit: strategy sampled 5 clients (out of 50)
[2024-10-15 18:05:51,453][flwr][INFO] - aggregate_fit: received 5 results and 0 failures
[2024-10-15 18:06:02,873][flwr][INFO] - fit progress: (39, 360.4103982448578, {'accuracy': 0.4428969359331476}, 1676.9691654806957)
[2024-10-15 18:06:02,874][flwr][INFO] - configure_evaluate: strategy sampled 2 clients (out of 50)
[2024-10-15 18:06:03,910][flwr][INFO] - aggregate_evaluate: received 2 results and 0 failures
[2024-10-15 18:06:03,910][flwr][INFO] - 
[2024-10-15 18:06:03,910][flwr][INFO] - [ROUND 40]
[2024-10-15 18:06:03,910][flwr][INFO] - configure_fit: strategy sampled 5 clients (out of 50)
[2024-10-15 18:06:46,118][flwr][INFO] - aggregate_fit: received 5 results and 0 failures
[2024-10-15 18:06:58,103][flwr][INFO] - fit progress: (40, 375.146347284317, {'accuracy': 0.4233983286908078}, 1732.1983788646758)
[2024-10-15 18:06:58,103][flwr][INFO] - configure_evaluate: strategy sampled 2 clients (out of 50)
[2024-10-15 18:06:59,141][flwr][INFO] - aggregate_evaluate: received 2 results and 0 failures
[2024-10-15 18:06:59,142][flwr][INFO] - 
[2024-10-15 18:06:59,142][flwr][INFO] - [ROUND 41]
[2024-10-15 18:06:59,142][flwr][INFO] - configure_fit: strategy sampled 5 clients (out of 50)
[2024-10-15 18:07:19,270][flwr][INFO] - aggregate_fit: received 5 results and 0 failures
[2024-10-15 18:07:30,465][flwr][INFO] - fit progress: (41, 364.1040680408478, {'accuracy': 0.3561281337047354}, 1764.5604101186618)
[2024-10-15 18:07:30,465][flwr][INFO] - configure_evaluate: strategy sampled 2 clients (out of 50)
[2024-10-15 18:07:31,640][flwr][INFO] - aggregate_evaluate: received 2 results and 0 failures
[2024-10-15 18:07:31,640][flwr][INFO] - 
[2024-10-15 18:07:31,640][flwr][INFO] - [ROUND 42]
[2024-10-15 18:07:31,640][flwr][INFO] - configure_fit: strategy sampled 5 clients (out of 50)
[2024-10-15 18:07:45,131][flwr][INFO] - aggregate_fit: received 5 results and 0 failures
[2024-10-15 18:07:56,129][flwr][INFO] - fit progress: (42, 375.2006416320801, {'accuracy': 0.3603064066852368}, 1790.2247575940564)
[2024-10-15 18:07:56,129][flwr][INFO] - configure_evaluate: strategy sampled 2 clients (out of 50)
[2024-10-15 18:07:57,048][flwr][INFO] - aggregate_evaluate: received 2 results and 0 failures
[2024-10-15 18:07:57,048][flwr][INFO] - 
[2024-10-15 18:07:57,048][flwr][INFO] - [ROUND 43]
[2024-10-15 18:07:57,048][flwr][INFO] - configure_fit: strategy sampled 5 clients (out of 50)
[2024-10-15 18:08:19,073][flwr][INFO] - aggregate_fit: received 5 results and 0 failures
[2024-10-15 18:08:30,922][flwr][INFO] - fit progress: (43, 353.34342539310455, {'accuracy': 0.43537604456824514}, 1825.0177848432213)
[2024-10-15 18:08:30,923][flwr][INFO] - configure_evaluate: strategy sampled 2 clients (out of 50)
[2024-10-15 18:08:32,048][flwr][INFO] - aggregate_evaluate: received 2 results and 0 failures
[2024-10-15 18:08:32,048][flwr][INFO] - 
[2024-10-15 18:08:32,048][flwr][INFO] - [ROUND 44]
[2024-10-15 18:08:32,049][flwr][INFO] - configure_fit: strategy sampled 5 clients (out of 50)
[2024-10-15 18:08:59,729][flwr][INFO] - aggregate_fit: received 5 results and 0 failures
[2024-10-15 18:09:11,765][flwr][INFO] - fit progress: (44, 358.37184619903564, {'accuracy': 0.4931754874651811}, 1865.8603913430125)
[2024-10-15 18:09:11,765][flwr][INFO] - configure_evaluate: strategy sampled 2 clients (out of 50)
[2024-10-15 18:09:13,023][flwr][INFO] - aggregate_evaluate: received 2 results and 0 failures
[2024-10-15 18:09:13,023][flwr][INFO] - 
[2024-10-15 18:09:13,023][flwr][INFO] - [ROUND 45]
[2024-10-15 18:09:13,023][flwr][INFO] - configure_fit: strategy sampled 5 clients (out of 50)
[2024-10-15 18:10:04,051][flwr][INFO] - aggregate_fit: received 5 results and 0 failures
[2024-10-15 18:10:16,253][flwr][INFO] - fit progress: (45, 470.6290637254715, {'accuracy': 0.21239554317548748}, 1930.348456038162)
[2024-10-15 18:10:16,254][flwr][INFO] - configure_evaluate: strategy sampled 2 clients (out of 50)
[2024-10-15 18:10:17,508][flwr][INFO] - aggregate_evaluate: received 2 results and 0 failures
[2024-10-15 18:10:17,509][flwr][INFO] - 
[2024-10-15 18:10:17,509][flwr][INFO] - [ROUND 46]
[2024-10-15 18:10:17,509][flwr][INFO] - configure_fit: strategy sampled 5 clients (out of 50)
[2024-10-15 18:10:38,259][flwr][INFO] - aggregate_fit: received 5 results and 0 failures
[2024-10-15 18:10:50,541][flwr][INFO] - fit progress: (46, 317.29251313209534, {'accuracy': 0.48885793871866295}, 1964.6364711299539)
[2024-10-15 18:10:50,541][flwr][INFO] - configure_evaluate: strategy sampled 2 clients (out of 50)
[2024-10-15 18:10:51,801][flwr][INFO] - aggregate_evaluate: received 2 results and 0 failures
[2024-10-15 18:10:51,801][flwr][INFO] - 
[2024-10-15 18:10:51,801][flwr][INFO] - [ROUND 47]
[2024-10-15 18:10:51,801][flwr][INFO] - configure_fit: strategy sampled 5 clients (out of 50)
[2024-10-15 18:11:22,346][flwr][INFO] - aggregate_fit: received 5 results and 0 failures
[2024-10-15 18:11:34,758][flwr][INFO] - fit progress: (47, 383.59951889514923, {'accuracy': 0.30612813370473535}, 2008.8539077658206)
[2024-10-15 18:11:34,759][flwr][INFO] - configure_evaluate: strategy sampled 2 clients (out of 50)
[2024-10-15 18:11:36,119][flwr][INFO] - aggregate_evaluate: received 2 results and 0 failures
[2024-10-15 18:11:36,119][flwr][INFO] - 
[2024-10-15 18:11:36,119][flwr][INFO] - [ROUND 48]
[2024-10-15 18:11:36,119][flwr][INFO] - configure_fit: strategy sampled 5 clients (out of 50)
[2024-10-15 18:12:16,909][flwr][INFO] - aggregate_fit: received 5 results and 0 failures
[2024-10-15 18:12:27,922][flwr][INFO] - fit progress: (48, 358.24661934375763, {'accuracy': 0.3753481894150418}, 2062.0175486113876)
[2024-10-15 18:12:27,922][flwr][INFO] - configure_evaluate: strategy sampled 2 clients (out of 50)
[2024-10-15 18:12:28,994][flwr][INFO] - aggregate_evaluate: received 2 results and 0 failures
[2024-10-15 18:12:28,994][flwr][INFO] - 
[2024-10-15 18:12:28,994][flwr][INFO] - [ROUND 49]
[2024-10-15 18:12:28,994][flwr][INFO] - configure_fit: strategy sampled 5 clients (out of 50)
[2024-10-15 18:13:02,231][flwr][INFO] - aggregate_fit: received 5 results and 0 failures
[2024-10-15 18:13:14,299][flwr][INFO] - fit progress: (49, 376.0910313129425, {'accuracy': 0.3317548746518106}, 2108.3949967436492)
[2024-10-15 18:13:14,300][flwr][INFO] - configure_evaluate: strategy sampled 2 clients (out of 50)
[2024-10-15 18:13:15,481][flwr][INFO] - aggregate_evaluate: received 2 results and 0 failures
[2024-10-15 18:13:15,482][flwr][INFO] - 
[2024-10-15 18:13:15,482][flwr][INFO] - [ROUND 50]
[2024-10-15 18:13:15,482][flwr][INFO] - configure_fit: strategy sampled 5 clients (out of 50)
[2024-10-15 18:13:54,455][flwr][INFO] - aggregate_fit: received 5 results and 0 failures
[2024-10-15 18:14:07,112][flwr][INFO] - fit progress: (50, 360.8685493469238, {'accuracy': 0.44805013927576604}, 2161.2073585474864)
[2024-10-15 18:14:07,112][flwr][INFO] - configure_evaluate: strategy sampled 2 clients (out of 50)
[2024-10-15 18:14:08,425][flwr][INFO] - aggregate_evaluate: received 2 results and 0 failures
[2024-10-15 18:14:08,425][flwr][INFO] - 
[2024-10-15 18:14:08,425][flwr][INFO] - [ROUND 51]
[2024-10-15 18:14:08,425][flwr][INFO] - configure_fit: strategy sampled 5 clients (out of 50)
[2024-10-15 18:14:42,738][flwr][INFO] - aggregate_fit: received 5 results and 0 failures
[2024-10-15 18:14:53,832][flwr][INFO] - fit progress: (51, 354.47432923316956, {'accuracy': 0.5004178272980502}, 2207.9279523249716)
[2024-10-15 18:14:53,833][flwr][INFO] - configure_evaluate: strategy sampled 2 clients (out of 50)
[2024-10-15 18:14:54,819][flwr][INFO] - aggregate_evaluate: received 2 results and 0 failures
[2024-10-15 18:14:54,819][flwr][INFO] - 
[2024-10-15 18:14:54,819][flwr][INFO] - [ROUND 52]
[2024-10-15 18:14:54,820][flwr][INFO] - configure_fit: strategy sampled 5 clients (out of 50)
[2024-10-15 18:15:17,093][flwr][INFO] - aggregate_fit: received 5 results and 0 failures
[2024-10-15 18:15:29,241][flwr][INFO] - fit progress: (52, 371.2716552019119, {'accuracy': 0.36016713091922004}, 2243.3365601161495)
[2024-10-15 18:15:29,241][flwr][INFO] - configure_evaluate: strategy sampled 2 clients (out of 50)
[2024-10-15 18:15:30,181][flwr][INFO] - aggregate_evaluate: received 2 results and 0 failures
[2024-10-15 18:15:30,181][flwr][INFO] - 
[2024-10-15 18:15:30,182][flwr][INFO] - [ROUND 53]
[2024-10-15 18:15:30,182][flwr][INFO] - configure_fit: strategy sampled 5 clients (out of 50)
[2024-10-15 18:15:53,677][flwr][INFO] - aggregate_fit: received 5 results and 0 failures
[2024-10-15 18:16:07,142][flwr][INFO] - fit progress: (53, 360.20400607585907, {'accuracy': 0.37047353760445684}, 2281.2376863295212)
[2024-10-15 18:16:07,143][flwr][INFO] - configure_evaluate: strategy sampled 2 clients (out of 50)
[2024-10-15 18:16:08,938][flwr][INFO] - aggregate_evaluate: received 2 results and 0 failures
[2024-10-15 18:16:08,939][flwr][INFO] - 
[2024-10-15 18:16:08,939][flwr][INFO] - [ROUND 54]
[2024-10-15 18:16:08,939][flwr][INFO] - configure_fit: strategy sampled 5 clients (out of 50)
[2024-10-15 18:16:38,851][flwr][INFO] - aggregate_fit: received 5 results and 0 failures
[2024-10-15 18:16:49,895][flwr][INFO] - fit progress: (54, 404.977881193161, {'accuracy': 0.39721448467966575}, 2323.9909375607967)
[2024-10-15 18:16:49,896][flwr][INFO] - configure_evaluate: strategy sampled 2 clients (out of 50)
[2024-10-15 18:16:50,864][flwr][INFO] - aggregate_evaluate: received 2 results and 0 failures
[2024-10-15 18:16:50,865][flwr][INFO] - 
[2024-10-15 18:16:50,865][flwr][INFO] - [ROUND 55]
[2024-10-15 18:16:50,866][flwr][INFO] - configure_fit: strategy sampled 5 clients (out of 50)
[2024-10-15 18:17:23,317][flwr][INFO] - aggregate_fit: received 5 results and 0 failures
[2024-10-15 18:17:35,489][flwr][INFO] - fit progress: (55, 437.81370878219604, {'accuracy': 0.3426183844011142}, 2369.584733184427)
[2024-10-15 18:17:35,489][flwr][INFO] - configure_evaluate: strategy sampled 2 clients (out of 50)
[2024-10-15 18:17:36,756][flwr][INFO] - aggregate_evaluate: received 2 results and 0 failures
[2024-10-15 18:17:36,756][flwr][INFO] - 
[2024-10-15 18:17:36,756][flwr][INFO] - [ROUND 56]
[2024-10-15 18:17:36,756][flwr][INFO] - configure_fit: strategy sampled 5 clients (out of 50)
[2024-10-15 18:18:09,700][flwr][INFO] - aggregate_fit: received 5 results and 0 failures
[2024-10-15 18:18:22,831][flwr][INFO] - fit progress: (56, 401.38640904426575, {'accuracy': 0.3784122562674095}, 2416.9271360449493)
[2024-10-15 18:18:22,832][flwr][INFO] - configure_evaluate: strategy sampled 2 clients (out of 50)
[2024-10-15 18:18:23,971][flwr][INFO] - aggregate_evaluate: received 2 results and 0 failures
[2024-10-15 18:18:23,971][flwr][INFO] - 
[2024-10-15 18:18:23,971][flwr][INFO] - [ROUND 57]
[2024-10-15 18:18:23,972][flwr][INFO] - configure_fit: strategy sampled 5 clients (out of 50)
[2024-10-15 18:18:44,781][flwr][INFO] - aggregate_fit: received 5 results and 0 failures
[2024-10-15 18:18:58,430][flwr][INFO] - fit progress: (57, 353.97769820690155, {'accuracy': 0.48969359331476325}, 2452.525644253008)
[2024-10-15 18:18:58,430][flwr][INFO] - configure_evaluate: strategy sampled 2 clients (out of 50)
[2024-10-15 18:18:59,484][flwr][INFO] - aggregate_evaluate: received 2 results and 0 failures
[2024-10-15 18:18:59,484][flwr][INFO] - 
[2024-10-15 18:18:59,484][flwr][INFO] - [ROUND 58]
[2024-10-15 18:18:59,484][flwr][INFO] - configure_fit: strategy sampled 5 clients (out of 50)
[2024-10-15 18:19:20,107][flwr][INFO] - aggregate_fit: received 5 results and 0 failures
[2024-10-15 18:19:32,364][flwr][INFO] - fit progress: (58, 364.66200292110443, {'accuracy': 0.44846796657381616}, 2486.459943458438)
[2024-10-15 18:19:32,365][flwr][INFO] - configure_evaluate: strategy sampled 2 clients (out of 50)
[2024-10-15 18:19:33,469][flwr][INFO] - aggregate_evaluate: received 2 results and 0 failures
[2024-10-15 18:19:33,470][flwr][INFO] - 
[2024-10-15 18:19:33,470][flwr][INFO] - [ROUND 59]
[2024-10-15 18:19:33,471][flwr][INFO] - configure_fit: strategy sampled 5 clients (out of 50)
[2024-10-15 18:20:06,807][flwr][INFO] - aggregate_fit: received 5 results and 0 failures
[2024-10-15 18:20:18,839][flwr][INFO] - fit progress: (59, 390.5161956548691, {'accuracy': 0.4456824512534819}, 2532.9342943765223)
[2024-10-15 18:20:18,839][flwr][INFO] - configure_evaluate: strategy sampled 2 clients (out of 50)
[2024-10-15 18:20:20,188][flwr][INFO] - aggregate_evaluate: received 2 results and 0 failures
[2024-10-15 18:20:20,188][flwr][INFO] - 
[2024-10-15 18:20:20,188][flwr][INFO] - [ROUND 60]
[2024-10-15 18:20:20,188][flwr][INFO] - configure_fit: strategy sampled 5 clients (out of 50)
[2024-10-15 18:20:48,276][flwr][INFO] - aggregate_fit: received 5 results and 0 failures
[2024-10-15 18:21:00,343][flwr][INFO] - fit progress: (60, 376.21489679813385, {'accuracy': 0.4597493036211699}, 2574.438566993922)
[2024-10-15 18:21:00,343][flwr][INFO] - configure_evaluate: strategy sampled 2 clients (out of 50)
[2024-10-15 18:21:01,429][flwr][INFO] - aggregate_evaluate: received 2 results and 0 failures
[2024-10-15 18:21:01,429][flwr][INFO] - 
[2024-10-15 18:21:01,429][flwr][INFO] - [ROUND 61]
[2024-10-15 18:21:01,429][flwr][INFO] - configure_fit: strategy sampled 5 clients (out of 50)
[2024-10-15 18:21:17,966][flwr][INFO] - aggregate_fit: received 5 results and 0 failures
[2024-10-15 18:21:30,544][flwr][INFO] - fit progress: (61, 439.17742145061493, {'accuracy': 0.2954038997214485}, 2604.6394162708893)
[2024-10-15 18:21:30,544][flwr][INFO] - configure_evaluate: strategy sampled 2 clients (out of 50)
[2024-10-15 18:21:31,636][flwr][INFO] - aggregate_evaluate: received 2 results and 0 failures
[2024-10-15 18:21:31,636][flwr][INFO] - 
[2024-10-15 18:21:31,636][flwr][INFO] - [ROUND 62]
[2024-10-15 18:21:31,636][flwr][INFO] - configure_fit: strategy sampled 5 clients (out of 50)
[2024-10-15 18:21:54,297][flwr][INFO] - aggregate_fit: received 5 results and 0 failures
[2024-10-15 18:22:05,465][flwr][INFO] - fit progress: (62, 421.10109210014343, {'accuracy': 0.2604456824512535}, 2639.5609311619774)
[2024-10-15 18:22:05,466][flwr][INFO] - configure_evaluate: strategy sampled 2 clients (out of 50)
[2024-10-15 18:22:06,543][flwr][INFO] - aggregate_evaluate: received 2 results and 0 failures
[2024-10-15 18:22:06,543][flwr][INFO] - 
[2024-10-15 18:22:06,543][flwr][INFO] - [ROUND 63]
[2024-10-15 18:22:06,543][flwr][INFO] - configure_fit: strategy sampled 5 clients (out of 50)
[2024-10-15 18:22:51,225][flwr][INFO] - aggregate_fit: received 5 results and 0 failures
[2024-10-15 18:23:02,520][flwr][INFO] - fit progress: (63, 380.89818596839905, {'accuracy': 0.38231197771587744}, 2696.6155267525464)
[2024-10-15 18:23:02,520][flwr][INFO] - configure_evaluate: strategy sampled 2 clients (out of 50)
[2024-10-15 18:23:03,586][flwr][INFO] - aggregate_evaluate: received 2 results and 0 failures
[2024-10-15 18:23:03,586][flwr][INFO] - 
[2024-10-15 18:23:03,586][flwr][INFO] - [ROUND 64]
[2024-10-15 18:23:03,586][flwr][INFO] - configure_fit: strategy sampled 5 clients (out of 50)
[2024-10-15 18:23:41,950][flwr][INFO] - aggregate_fit: received 5 results and 0 failures
[2024-10-15 18:23:53,017][flwr][INFO] - fit progress: (64, 478.0181061029434, {'accuracy': 0.2203342618384401}, 2747.1123814405873)
[2024-10-15 18:23:53,017][flwr][INFO] - configure_evaluate: strategy sampled 2 clients (out of 50)
[2024-10-15 18:23:54,223][flwr][INFO] - aggregate_evaluate: received 2 results and 0 failures
[2024-10-15 18:23:54,224][flwr][INFO] - 
[2024-10-15 18:23:54,224][flwr][INFO] - [ROUND 65]
[2024-10-15 18:23:54,224][flwr][INFO] - configure_fit: strategy sampled 5 clients (out of 50)
[2024-10-15 18:24:11,835][flwr][INFO] - aggregate_fit: received 5 results and 0 failures
[2024-10-15 18:24:23,875][flwr][INFO] - fit progress: (65, 337.5005202293396, {'accuracy': 0.44080779944289694}, 2777.970998278819)
[2024-10-15 18:24:23,876][flwr][INFO] - configure_evaluate: strategy sampled 2 clients (out of 50)
[2024-10-15 18:24:25,073][flwr][INFO] - aggregate_evaluate: received 2 results and 0 failures
[2024-10-15 18:24:25,073][flwr][INFO] - 
[2024-10-15 18:24:25,073][flwr][INFO] - [ROUND 66]
[2024-10-15 18:24:25,074][flwr][INFO] - configure_fit: strategy sampled 5 clients (out of 50)
[2024-10-15 18:24:52,882][flwr][INFO] - aggregate_fit: received 5 results and 0 failures
[2024-10-15 18:25:05,480][flwr][INFO] - fit progress: (66, 331.26974511146545, {'accuracy': 0.48746518105849584}, 2819.575971899554)
[2024-10-15 18:25:05,481][flwr][INFO] - configure_evaluate: strategy sampled 2 clients (out of 50)
[2024-10-15 18:25:06,408][flwr][INFO] - aggregate_evaluate: received 2 results and 0 failures
[2024-10-15 18:25:06,409][flwr][INFO] - 
[2024-10-15 18:25:06,409][flwr][INFO] - [ROUND 67]
[2024-10-15 18:25:06,409][flwr][INFO] - configure_fit: strategy sampled 5 clients (out of 50)
[2024-10-15 18:25:34,242][flwr][INFO] - aggregate_fit: received 5 results and 0 failures
[2024-10-15 18:25:46,402][flwr][INFO] - fit progress: (67, 372.2718702554703, {'accuracy': 0.43050139275766014}, 2860.4973039776087)
[2024-10-15 18:25:46,402][flwr][INFO] - configure_evaluate: strategy sampled 2 clients (out of 50)
[2024-10-15 18:25:47,654][flwr][INFO] - aggregate_evaluate: received 2 results and 0 failures
[2024-10-15 18:25:47,655][flwr][INFO] - 
[2024-10-15 18:25:47,655][flwr][INFO] - [ROUND 68]
[2024-10-15 18:25:47,655][flwr][INFO] - configure_fit: strategy sampled 5 clients (out of 50)
[2024-10-15 18:26:34,297][flwr][INFO] - aggregate_fit: received 5 results and 0 failures
[2024-10-15 18:26:46,511][flwr][INFO] - fit progress: (68, 376.32273387908936, {'accuracy': 0.3384401114206128}, 2920.6062426622957)
[2024-10-15 18:26:46,511][flwr][INFO] - configure_evaluate: strategy sampled 2 clients (out of 50)
[2024-10-15 18:26:48,063][flwr][INFO] - aggregate_evaluate: received 2 results and 0 failures
[2024-10-15 18:26:48,063][flwr][INFO] - 
[2024-10-15 18:26:48,063][flwr][INFO] - [ROUND 69]
[2024-10-15 18:26:48,063][flwr][INFO] - configure_fit: strategy sampled 5 clients (out of 50)
[2024-10-15 18:27:22,406][flwr][INFO] - aggregate_fit: received 5 results and 0 failures
[2024-10-15 18:27:34,331][flwr][INFO] - fit progress: (69, 345.0457534790039, {'accuracy': 0.4713091922005571}, 2968.4271050002426)
[2024-10-15 18:27:34,332][flwr][INFO] - configure_evaluate: strategy sampled 2 clients (out of 50)
[2024-10-15 18:27:35,494][flwr][INFO] - aggregate_evaluate: received 2 results and 0 failures
[2024-10-15 18:27:35,494][flwr][INFO] - 
[2024-10-15 18:27:35,494][flwr][INFO] - [ROUND 70]
[2024-10-15 18:27:35,495][flwr][INFO] - configure_fit: strategy sampled 5 clients (out of 50)
[2024-10-15 18:27:56,600][flwr][INFO] - aggregate_fit: received 5 results and 0 failures
[2024-10-15 18:28:09,763][flwr][INFO] - fit progress: (70, 381.6223164796829, {'accuracy': 0.2958217270194986}, 3003.858382697217)
[2024-10-15 18:28:09,763][flwr][INFO] - configure_evaluate: strategy sampled 2 clients (out of 50)
[2024-10-15 18:28:11,144][flwr][INFO] - aggregate_evaluate: received 2 results and 0 failures
[2024-10-15 18:28:11,144][flwr][INFO] - 
[2024-10-15 18:28:11,145][flwr][INFO] - [ROUND 71]
[2024-10-15 18:28:11,145][flwr][INFO] - configure_fit: strategy sampled 5 clients (out of 50)
[2024-10-15 18:28:42,504][flwr][INFO] - aggregate_fit: received 5 results and 0 failures
[2024-10-15 18:28:54,024][flwr][INFO] - fit progress: (71, 363.5301042795181, {'accuracy': 0.3834261838440111}, 3048.120202841237)
[2024-10-15 18:28:54,025][flwr][INFO] - configure_evaluate: strategy sampled 2 clients (out of 50)
[2024-10-15 18:28:55,077][flwr][INFO] - aggregate_evaluate: received 2 results and 0 failures
[2024-10-15 18:28:55,077][flwr][INFO] - 
[2024-10-15 18:28:55,077][flwr][INFO] - [ROUND 72]
[2024-10-15 18:28:55,077][flwr][INFO] - configure_fit: strategy sampled 5 clients (out of 50)
[2024-10-15 18:29:27,759][flwr][INFO] - aggregate_fit: received 5 results and 0 failures
[2024-10-15 18:29:38,736][flwr][INFO] - fit progress: (72, 375.6550405025482, {'accuracy': 0.3267409470752089}, 3092.8317976724356)
[2024-10-15 18:29:38,736][flwr][INFO] - configure_evaluate: strategy sampled 2 clients (out of 50)
[2024-10-15 18:29:40,212][flwr][INFO] - aggregate_evaluate: received 2 results and 0 failures
[2024-10-15 18:29:40,212][flwr][INFO] - 
[2024-10-15 18:29:40,212][flwr][INFO] - [ROUND 73]
[2024-10-15 18:29:40,212][flwr][INFO] - configure_fit: strategy sampled 5 clients (out of 50)
[2024-10-15 18:30:09,686][flwr][INFO] - aggregate_fit: received 5 results and 0 failures
[2024-10-15 18:30:21,317][flwr][INFO] - fit progress: (73, 405.094535946846, {'accuracy': 0.2754874651810585}, 3135.4124546200037)
[2024-10-15 18:30:21,317][flwr][INFO] - configure_evaluate: strategy sampled 2 clients (out of 50)
[2024-10-15 18:30:22,509][flwr][INFO] - aggregate_evaluate: received 2 results and 0 failures
[2024-10-15 18:30:22,509][flwr][INFO] - 
[2024-10-15 18:30:22,509][flwr][INFO] - [ROUND 74]
[2024-10-15 18:30:22,509][flwr][INFO] - configure_fit: strategy sampled 5 clients (out of 50)
[2024-10-15 18:30:59,350][flwr][INFO] - aggregate_fit: received 5 results and 0 failures
[2024-10-15 18:31:09,659][flwr][INFO] - fit progress: (74, 410.77641928195953, {'accuracy': 0.3328690807799443}, 3183.754733381793)
[2024-10-15 18:31:09,659][flwr][INFO] - configure_evaluate: strategy sampled 2 clients (out of 50)
[2024-10-15 18:31:10,856][flwr][INFO] - aggregate_evaluate: received 2 results and 0 failures
[2024-10-15 18:31:10,857][flwr][INFO] - 
[2024-10-15 18:31:10,857][flwr][INFO] - [ROUND 75]
[2024-10-15 18:31:10,857][flwr][INFO] - configure_fit: strategy sampled 5 clients (out of 50)
[2024-10-15 18:31:41,013][flwr][INFO] - aggregate_fit: received 5 results and 0 failures
[2024-10-15 18:31:53,068][flwr][INFO] - fit progress: (75, 393.7071863412857, {'accuracy': 0.3552924791086351}, 3227.1636490756646)
[2024-10-15 18:31:53,068][flwr][INFO] - configure_evaluate: strategy sampled 2 clients (out of 50)
[2024-10-15 18:31:54,727][flwr][INFO] - aggregate_evaluate: received 2 results and 0 failures
[2024-10-15 18:31:54,727][flwr][INFO] - 
[2024-10-15 18:31:54,727][flwr][INFO] - [ROUND 76]
[2024-10-15 18:31:54,727][flwr][INFO] - configure_fit: strategy sampled 5 clients (out of 50)
[2024-10-15 18:32:19,496][flwr][INFO] - aggregate_fit: received 5 results and 0 failures
[2024-10-15 18:32:30,797][flwr][INFO] - fit progress: (76, 387.4585553407669, {'accuracy': 0.3338440111420613}, 3264.893156346865)
[2024-10-15 18:32:30,798][flwr][INFO] - configure_evaluate: strategy sampled 2 clients (out of 50)
[2024-10-15 18:32:31,921][flwr][INFO] - aggregate_evaluate: received 2 results and 0 failures
[2024-10-15 18:32:31,922][flwr][INFO] - 
[2024-10-15 18:32:31,922][flwr][INFO] - [ROUND 77]
[2024-10-15 18:32:31,922][flwr][INFO] - configure_fit: strategy sampled 5 clients (out of 50)
[2024-10-15 18:33:02,193][flwr][INFO] - aggregate_fit: received 5 results and 0 failures
[2024-10-15 18:33:15,330][flwr][INFO] - fit progress: (77, 409.2151473760605, {'accuracy': 0.34832869080779943}, 3309.4259567698464)
[2024-10-15 18:33:15,331][flwr][INFO] - configure_evaluate: strategy sampled 2 clients (out of 50)
[2024-10-15 18:33:16,383][flwr][INFO] - aggregate_evaluate: received 2 results and 0 failures
[2024-10-15 18:33:16,384][flwr][INFO] - 
[2024-10-15 18:33:16,384][flwr][INFO] - [ROUND 78]
[2024-10-15 18:33:16,384][flwr][INFO] - configure_fit: strategy sampled 5 clients (out of 50)
[2024-10-15 18:33:45,615][flwr][INFO] - aggregate_fit: received 5 results and 0 failures
[2024-10-15 18:33:57,198][flwr][INFO] - fit progress: (78, 367.2445236444473, {'accuracy': 0.46030640668523676}, 3351.293853826821)
[2024-10-15 18:33:57,198][flwr][INFO] - configure_evaluate: strategy sampled 2 clients (out of 50)
[2024-10-15 18:33:58,344][flwr][INFO] - aggregate_evaluate: received 2 results and 0 failures
[2024-10-15 18:33:58,345][flwr][INFO] - 
[2024-10-15 18:33:58,345][flwr][INFO] - [ROUND 79]
[2024-10-15 18:33:58,345][flwr][INFO] - configure_fit: strategy sampled 5 clients (out of 50)
[2024-10-15 18:34:33,696][flwr][INFO] - aggregate_fit: received 5 results and 0 failures
[2024-10-15 18:34:45,810][flwr][INFO] - fit progress: (79, 331.65842068195343, {'accuracy': 0.43760445682451254}, 3399.90548620373)
[2024-10-15 18:34:45,810][flwr][INFO] - configure_evaluate: strategy sampled 2 clients (out of 50)
[2024-10-15 18:34:46,872][flwr][INFO] - aggregate_evaluate: received 2 results and 0 failures
[2024-10-15 18:34:46,872][flwr][INFO] - 
[2024-10-15 18:34:46,872][flwr][INFO] - [ROUND 80]
[2024-10-15 18:34:46,872][flwr][INFO] - configure_fit: strategy sampled 5 clients (out of 50)
[2024-10-15 18:35:19,769][flwr][INFO] - aggregate_fit: received 5 results and 0 failures
[2024-10-15 18:35:31,443][flwr][INFO] - fit progress: (80, 388.5598820447922, {'accuracy': 0.368941504178273}, 3445.538687819615)
[2024-10-15 18:35:31,443][flwr][INFO] - configure_evaluate: strategy sampled 2 clients (out of 50)
[2024-10-15 18:35:32,644][flwr][INFO] - aggregate_evaluate: received 2 results and 0 failures
[2024-10-15 18:35:32,644][flwr][INFO] - 
[2024-10-15 18:35:32,645][flwr][INFO] - [ROUND 81]
[2024-10-15 18:35:32,645][flwr][INFO] - configure_fit: strategy sampled 5 clients (out of 50)
[2024-10-15 18:35:59,404][flwr][INFO] - aggregate_fit: received 5 results and 0 failures
[2024-10-15 18:36:10,781][flwr][INFO] - fit progress: (81, 349.9527699947357, {'accuracy': 0.44944289693593314}, 3484.8763226550072)
[2024-10-15 18:36:10,781][flwr][INFO] - configure_evaluate: strategy sampled 2 clients (out of 50)
[2024-10-15 18:36:12,328][flwr][INFO] - aggregate_evaluate: received 2 results and 0 failures
[2024-10-15 18:36:12,329][flwr][INFO] - 
[2024-10-15 18:36:12,329][flwr][INFO] - [ROUND 82]
[2024-10-15 18:36:12,329][flwr][INFO] - configure_fit: strategy sampled 5 clients (out of 50)
[2024-10-15 18:36:42,747][flwr][INFO] - aggregate_fit: received 5 results and 0 failures
[2024-10-15 18:36:57,127][flwr][INFO] - fit progress: (82, 341.0343976020813, {'accuracy': 0.36782729805013925}, 3531.2227968154475)
[2024-10-15 18:36:57,127][flwr][INFO] - configure_evaluate: strategy sampled 2 clients (out of 50)
[2024-10-15 18:36:58,635][flwr][INFO] - aggregate_evaluate: received 2 results and 0 failures
[2024-10-15 18:36:58,635][flwr][INFO] - 
[2024-10-15 18:36:58,635][flwr][INFO] - [ROUND 83]
[2024-10-15 18:36:58,635][flwr][INFO] - configure_fit: strategy sampled 5 clients (out of 50)
[2024-10-15 18:37:24,684][flwr][INFO] - aggregate_fit: received 5 results and 0 failures
[2024-10-15 18:37:36,816][flwr][INFO] - fit progress: (83, 373.7475116252899, {'accuracy': 0.35905292479108636}, 3570.911853211932)
[2024-10-15 18:37:36,816][flwr][INFO] - configure_evaluate: strategy sampled 2 clients (out of 50)
[2024-10-15 18:37:37,920][flwr][INFO] - aggregate_evaluate: received 2 results and 0 failures
[2024-10-15 18:37:37,920][flwr][INFO] - 
[2024-10-15 18:37:37,920][flwr][INFO] - [ROUND 84]
[2024-10-15 18:37:37,920][flwr][INFO] - configure_fit: strategy sampled 5 clients (out of 50)
[2024-10-15 18:38:03,770][flwr][INFO] - aggregate_fit: received 5 results and 0 failures
[2024-10-15 18:38:15,436][flwr][INFO] - fit progress: (84, 373.8989350795746, {'accuracy': 0.32409470752089137}, 3609.531648213044)
[2024-10-15 18:38:15,436][flwr][INFO] - configure_evaluate: strategy sampled 2 clients (out of 50)
[2024-10-15 18:38:16,464][flwr][INFO] - aggregate_evaluate: received 2 results and 0 failures
[2024-10-15 18:38:16,464][flwr][INFO] - 
[2024-10-15 18:38:16,465][flwr][INFO] - [ROUND 85]
[2024-10-15 18:38:16,465][flwr][INFO] - configure_fit: strategy sampled 5 clients (out of 50)
[2024-10-15 18:38:31,595][flwr][INFO] - aggregate_fit: received 5 results and 0 failures
[2024-10-15 18:38:43,093][flwr][INFO] - fit progress: (85, 357.2873795032501, {'accuracy': 0.4477715877437326}, 3637.1886755200103)
[2024-10-15 18:38:43,093][flwr][INFO] - configure_evaluate: strategy sampled 2 clients (out of 50)
[2024-10-15 18:38:44,144][flwr][INFO] - aggregate_evaluate: received 2 results and 0 failures
[2024-10-15 18:38:44,144][flwr][INFO] - 
[2024-10-15 18:38:44,144][flwr][INFO] - [ROUND 86]
[2024-10-15 18:38:44,145][flwr][INFO] - configure_fit: strategy sampled 5 clients (out of 50)
[2024-10-15 18:39:11,402][flwr][INFO] - aggregate_fit: received 5 results and 0 failures
[2024-10-15 18:39:22,793][flwr][INFO] - fit progress: (86, 359.6770142316818, {'accuracy': 0.3775766016713092}, 3676.8889671480283)
[2024-10-15 18:39:22,794][flwr][INFO] - configure_evaluate: strategy sampled 2 clients (out of 50)
[2024-10-15 18:39:23,817][flwr][INFO] - aggregate_evaluate: received 2 results and 0 failures
[2024-10-15 18:39:23,817][flwr][INFO] - 
[2024-10-15 18:39:23,817][flwr][INFO] - [ROUND 87]
[2024-10-15 18:39:23,818][flwr][INFO] - configure_fit: strategy sampled 5 clients (out of 50)
[2024-10-15 18:40:00,594][flwr][INFO] - aggregate_fit: received 5 results and 0 failures
[2024-10-15 18:40:10,664][flwr][INFO] - fit progress: (87, 397.00068283081055, {'accuracy': 0.2977715877437326}, 3724.759955957532)
[2024-10-15 18:40:10,665][flwr][INFO] - configure_evaluate: strategy sampled 2 clients (out of 50)
[2024-10-15 18:40:11,655][flwr][INFO] - aggregate_evaluate: received 2 results and 0 failures
[2024-10-15 18:40:11,655][flwr][INFO] - 
[2024-10-15 18:40:11,655][flwr][INFO] - [ROUND 88]
[2024-10-15 18:40:11,656][flwr][INFO] - configure_fit: strategy sampled 5 clients (out of 50)
[2024-10-15 18:40:39,752][flwr][INFO] - aggregate_fit: received 5 results and 0 failures
[2024-10-15 18:40:51,410][flwr][INFO] - fit progress: (88, 372.81563436985016, {'accuracy': 0.3770194986072423}, 3765.5059938654304)
[2024-10-15 18:40:51,411][flwr][INFO] - configure_evaluate: strategy sampled 2 clients (out of 50)
[2024-10-15 18:40:52,577][flwr][INFO] - aggregate_evaluate: received 2 results and 0 failures
[2024-10-15 18:40:52,577][flwr][INFO] - 
[2024-10-15 18:40:52,577][flwr][INFO] - [ROUND 89]
[2024-10-15 18:40:52,577][flwr][INFO] - configure_fit: strategy sampled 5 clients (out of 50)
[2024-10-15 18:41:17,758][flwr][INFO] - aggregate_fit: received 5 results and 0 failures
[2024-10-15 18:41:29,959][flwr][INFO] - fit progress: (89, 366.6557092666626, {'accuracy': 0.3626740947075209}, 3804.0544421626255)
[2024-10-15 18:41:29,959][flwr][INFO] - configure_evaluate: strategy sampled 2 clients (out of 50)
[2024-10-15 18:41:31,169][flwr][INFO] - aggregate_evaluate: received 2 results and 0 failures
[2024-10-15 18:41:31,169][flwr][INFO] - 
[2024-10-15 18:41:31,169][flwr][INFO] - [ROUND 90]
[2024-10-15 18:41:31,169][flwr][INFO] - configure_fit: strategy sampled 5 clients (out of 50)
[2024-10-15 18:41:56,731][flwr][INFO] - aggregate_fit: received 5 results and 0 failures
[2024-10-15 18:42:08,364][flwr][INFO] - fit progress: (90, 353.68195629119873, {'accuracy': 0.3394150417827298}, 3842.4591605337337)
[2024-10-15 18:42:08,364][flwr][INFO] - configure_evaluate: strategy sampled 2 clients (out of 50)
[2024-10-15 18:42:09,554][flwr][INFO] - aggregate_evaluate: received 2 results and 0 failures
[2024-10-15 18:42:09,554][flwr][INFO] - 
[2024-10-15 18:42:09,554][flwr][INFO] - [ROUND 91]
[2024-10-15 18:42:09,555][flwr][INFO] - configure_fit: strategy sampled 5 clients (out of 50)
[2024-10-15 18:42:41,512][flwr][INFO] - aggregate_fit: received 5 results and 0 failures
[2024-10-15 18:42:53,058][flwr][INFO] - fit progress: (91, 395.3689479827881, {'accuracy': 0.3530640668523677}, 3887.153898520395)
[2024-10-15 18:42:53,059][flwr][INFO] - configure_evaluate: strategy sampled 2 clients (out of 50)
[2024-10-15 18:42:54,189][flwr][INFO] - aggregate_evaluate: received 2 results and 0 failures
[2024-10-15 18:42:54,189][flwr][INFO] - 
[2024-10-15 18:42:54,189][flwr][INFO] - [ROUND 92]
[2024-10-15 18:42:54,189][flwr][INFO] - configure_fit: strategy sampled 5 clients (out of 50)
[2024-10-15 18:43:22,470][flwr][INFO] - aggregate_fit: received 5 results and 0 failures
[2024-10-15 18:43:34,249][flwr][INFO] - fit progress: (92, 357.5737065076828, {'accuracy': 0.38370473537604455}, 3928.3444795394316)
[2024-10-15 18:43:34,249][flwr][INFO] - configure_evaluate: strategy sampled 2 clients (out of 50)
[2024-10-15 18:43:35,495][flwr][INFO] - aggregate_evaluate: received 2 results and 0 failures
[2024-10-15 18:43:35,496][flwr][INFO] - 
[2024-10-15 18:43:35,496][flwr][INFO] - [ROUND 93]
[2024-10-15 18:43:35,496][flwr][INFO] - configure_fit: strategy sampled 5 clients (out of 50)
[2024-10-15 18:43:57,394][flwr][INFO] - aggregate_fit: received 5 results and 0 failures
[2024-10-15 18:44:08,945][flwr][INFO] - fit progress: (93, 317.6155526638031, {'accuracy': 0.4727019498607242}, 3963.0407337341458)
[2024-10-15 18:44:08,946][flwr][INFO] - configure_evaluate: strategy sampled 2 clients (out of 50)
[2024-10-15 18:44:09,911][flwr][INFO] - aggregate_evaluate: received 2 results and 0 failures
[2024-10-15 18:44:09,912][flwr][INFO] - 
[2024-10-15 18:44:09,912][flwr][INFO] - [ROUND 94]
[2024-10-15 18:44:09,912][flwr][INFO] - configure_fit: strategy sampled 5 clients (out of 50)
[2024-10-15 18:44:35,182][flwr][INFO] - aggregate_fit: received 5 results and 0 failures
[2024-10-15 18:44:47,335][flwr][INFO] - fit progress: (94, 373.443994641304, {'accuracy': 0.35584958217270196}, 4001.4303261656314)
[2024-10-15 18:44:47,335][flwr][INFO] - configure_evaluate: strategy sampled 2 clients (out of 50)
[2024-10-15 18:44:48,561][flwr][INFO] - aggregate_evaluate: received 2 results and 0 failures
[2024-10-15 18:44:48,561][flwr][INFO] - 
[2024-10-15 18:44:48,562][flwr][INFO] - [ROUND 95]
[2024-10-15 18:44:48,562][flwr][INFO] - configure_fit: strategy sampled 5 clients (out of 50)
[2024-10-15 18:45:09,520][flwr][INFO] - aggregate_fit: received 5 results and 0 failures
[2024-10-15 18:45:21,029][flwr][INFO] - fit progress: (95, 375.09692549705505, {'accuracy': 0.3534818941504178}, 4035.125173812732)
[2024-10-15 18:45:21,030][flwr][INFO] - configure_evaluate: strategy sampled 2 clients (out of 50)
[2024-10-15 18:45:22,145][flwr][INFO] - aggregate_evaluate: received 2 results and 0 failures
[2024-10-15 18:45:22,145][flwr][INFO] - 
[2024-10-15 18:45:22,145][flwr][INFO] - [ROUND 96]
[2024-10-15 18:45:22,145][flwr][INFO] - configure_fit: strategy sampled 5 clients (out of 50)
[2024-10-15 18:46:07,245][flwr][INFO] - aggregate_fit: received 5 results and 0 failures
[2024-10-15 18:46:17,995][flwr][INFO] - fit progress: (96, 400.63903880119324, {'accuracy': 0.34554317548746516}, 4092.090412092395)
[2024-10-15 18:46:17,995][flwr][INFO] - configure_evaluate: strategy sampled 2 clients (out of 50)
[2024-10-15 18:46:19,103][flwr][INFO] - aggregate_evaluate: received 2 results and 0 failures
[2024-10-15 18:46:19,103][flwr][INFO] - 
[2024-10-15 18:46:19,103][flwr][INFO] - [ROUND 97]
[2024-10-15 18:46:19,103][flwr][INFO] - configure_fit: strategy sampled 5 clients (out of 50)
[2024-10-15 18:46:35,963][flwr][INFO] - aggregate_fit: received 5 results and 0 failures
[2024-10-15 18:46:47,371][flwr][INFO] - fit progress: (97, 338.6046131849289, {'accuracy': 0.4735376044568245}, 4121.466470361687)
[2024-10-15 18:46:47,371][flwr][INFO] - configure_evaluate: strategy sampled 2 clients (out of 50)
[2024-10-15 18:46:48,428][flwr][INFO] - aggregate_evaluate: received 2 results and 0 failures
[2024-10-15 18:46:48,428][flwr][INFO] - 
[2024-10-15 18:46:48,428][flwr][INFO] - [ROUND 98]
[2024-10-15 18:46:48,428][flwr][INFO] - configure_fit: strategy sampled 5 clients (out of 50)
[2024-10-15 18:47:32,467][flwr][INFO] - aggregate_fit: received 5 results and 0 failures
[2024-10-15 18:47:44,479][flwr][INFO] - fit progress: (98, 378.7919245958328, {'accuracy': 0.3658774373259053}, 4178.574839558452)
[2024-10-15 18:47:44,479][flwr][INFO] - configure_evaluate: strategy sampled 2 clients (out of 50)
[2024-10-15 18:47:45,805][flwr][INFO] - aggregate_evaluate: received 2 results and 0 failures
[2024-10-15 18:47:45,806][flwr][INFO] - 
[2024-10-15 18:47:45,806][flwr][INFO] - [ROUND 99]
[2024-10-15 18:47:45,806][flwr][INFO] - configure_fit: strategy sampled 5 clients (out of 50)
[2024-10-15 18:48:12,397][flwr][INFO] - aggregate_fit: received 5 results and 0 failures
[2024-10-15 18:48:23,990][flwr][INFO] - fit progress: (99, 334.4617431163788, {'accuracy': 0.4692200557103064}, 4218.085290991701)
[2024-10-15 18:48:23,990][flwr][INFO] - configure_evaluate: strategy sampled 2 clients (out of 50)
[2024-10-15 18:48:25,115][flwr][INFO] - aggregate_evaluate: received 2 results and 0 failures
[2024-10-15 18:48:25,116][flwr][INFO] - 
[2024-10-15 18:48:25,116][flwr][INFO] - [ROUND 100]
[2024-10-15 18:48:25,116][flwr][INFO] - configure_fit: strategy sampled 5 clients (out of 50)
[2024-10-15 18:49:02,590][flwr][INFO] - aggregate_fit: received 5 results and 0 failures
[2024-10-15 18:49:14,244][flwr][INFO] - fit progress: (100, 375.1409310102463, {'accuracy': 0.30292479108635095}, 4268.339379447512)
[2024-10-15 18:49:14,244][flwr][INFO] - configure_evaluate: strategy sampled 2 clients (out of 50)
[2024-10-15 18:49:15,875][flwr][INFO] - aggregate_evaluate: received 2 results and 0 failures
[2024-10-15 18:49:15,875][flwr][INFO] - 
[2024-10-15 18:49:15,875][flwr][INFO] - [SUMMARY]
[2024-10-15 18:49:15,876][flwr][INFO] - Run finished 100 round(s) in 4269.97s
[2024-10-15 18:49:15,878][flwr][INFO] - 	History (loss, distributed):
[2024-10-15 18:49:15,879][flwr][INFO] - 		round 1: 7.133802157127539
[2024-10-15 18:49:15,879][flwr][INFO] - 		round 2: 5.656470230959971
[2024-10-15 18:49:15,879][flwr][INFO] - 		round 3: 3.537374620922541
[2024-10-15 18:49:15,879][flwr][INFO] - 		round 4: 5.985287687507891
[2024-10-15 18:49:15,879][flwr][INFO] - 		round 5: 6.407714973235953
[2024-10-15 18:49:15,879][flwr][INFO] - 		round 6: 6.320936620063672
[2024-10-15 18:49:15,879][flwr][INFO] - 		round 7: 5.950504725146446
[2024-10-15 18:49:15,879][flwr][INFO] - 		round 8: 5.74196554604073
[2024-10-15 18:49:15,879][flwr][INFO] - 		round 9: 6.462099915258455
[2024-10-15 18:49:15,879][flwr][INFO] - 		round 10: 5.362644903538591
[2024-10-15 18:49:15,879][flwr][INFO] - 		round 11: 5.649053032788853
[2024-10-15 18:49:15,880][flwr][INFO] - 		round 12: 5.249850399413352
[2024-10-15 18:49:15,880][flwr][INFO] - 		round 13: 9.640179102659225
[2024-10-15 18:49:15,880][flwr][INFO] - 		round 14: 4.775579225084635
[2024-10-15 18:49:15,880][flwr][INFO] - 		round 15: 10.558303336412209
[2024-10-15 18:49:15,880][flwr][INFO] - 		round 16: 10.661394715309143
[2024-10-15 18:49:15,880][flwr][INFO] - 		round 17: 3.7718009147613376
[2024-10-15 18:49:15,880][flwr][INFO] - 		round 18: 3.2802725693037273
[2024-10-15 18:49:15,880][flwr][INFO] - 		round 19: 5.2578957080841064
[2024-10-15 18:49:15,880][flwr][INFO] - 		round 20: 5.369358284458233
[2024-10-15 18:49:15,880][flwr][INFO] - 		round 21: 9.955403456886303
[2024-10-15 18:49:15,880][flwr][INFO] - 		round 22: 2.8416265145758723
[2024-10-15 18:49:15,880][flwr][INFO] - 		round 23: 7.788367226883605
[2024-10-15 18:49:15,880][flwr][INFO] - 		round 24: 7.618780045974545
[2024-10-15 18:49:15,880][flwr][INFO] - 		round 25: 2.9576729550443845
[2024-10-15 18:49:15,880][flwr][INFO] - 		round 26: 8.213817542249506
[2024-10-15 18:49:15,880][flwr][INFO] - 		round 27: 4.576344579458237
[2024-10-15 18:49:15,880][flwr][INFO] - 		round 28: 5.1723520561140415
[2024-10-15 18:49:15,880][flwr][INFO] - 		round 29: 6.2618788639245
[2024-10-15 18:49:15,880][flwr][INFO] - 		round 30: 11.281716193670428
[2024-10-15 18:49:15,881][flwr][INFO] - 		round 31: 8.835934385947862
[2024-10-15 18:49:15,881][flwr][INFO] - 		round 32: 6.292961613862639
[2024-10-15 18:49:15,881][flwr][INFO] - 		round 33: 6.420907768957253
[2024-10-15 18:49:15,881][flwr][INFO] - 		round 34: 5.369187627591234
[2024-10-15 18:49:15,881][flwr][INFO] - 		round 35: 6.104367627779642
[2024-10-15 18:49:15,881][flwr][INFO] - 		round 36: 4.76508496833753
[2024-10-15 18:49:15,881][flwr][INFO] - 		round 37: 4.856763417580549
[2024-10-15 18:49:15,881][flwr][INFO] - 		round 38: 3.792685570892381
[2024-10-15 18:49:15,881][flwr][INFO] - 		round 39: 3.9538314999956072
[2024-10-15 18:49:15,881][flwr][INFO] - 		round 40: 6.09345201083592
[2024-10-15 18:49:15,881][flwr][INFO] - 		round 41: 6.2347448198101185
[2024-10-15 18:49:15,881][flwr][INFO] - 		round 42: 4.851425571012662
[2024-10-15 18:49:15,881][flwr][INFO] - 		round 43: 5.611789384574601
[2024-10-15 18:49:15,881][flwr][INFO] - 		round 44: 7.997097830550369
[2024-10-15 18:49:15,881][flwr][INFO] - 		round 45: 5.319384764313312
[2024-10-15 18:49:15,881][flwr][INFO] - 		round 46: 6.536287351393364
[2024-10-15 18:49:15,882][flwr][INFO] - 		round 47: 3.660428036106089
[2024-10-15 18:49:15,882][flwr][INFO] - 		round 48: 7.975540436325817
[2024-10-15 18:49:15,882][flwr][INFO] - 		round 49: 2.451781571991202
[2024-10-15 18:49:15,882][flwr][INFO] - 		round 50: 4.594467997904701
[2024-10-15 18:49:15,882][flwr][INFO] - 		round 51: 5.718831306658917
[2024-10-15 18:49:15,882][flwr][INFO] - 		round 52: 5.2624248196096985
[2024-10-15 18:49:15,882][flwr][INFO] - 		round 53: 9.951955145843371
[2024-10-15 18:49:15,882][flwr][INFO] - 		round 54: 5.056479671779944
[2024-10-15 18:49:15,882][flwr][INFO] - 		round 55: 7.480414358223275
[2024-10-15 18:49:15,882][flwr][INFO] - 		round 56: 2.0342559172703436
[2024-10-15 18:49:15,882][flwr][INFO] - 		round 57: 4.501363333533792
[2024-10-15 18:49:15,882][flwr][INFO] - 		round 58: 6.542664932680654
[2024-10-15 18:49:15,882][flwr][INFO] - 		round 59: 5.853323573759287
[2024-10-15 18:49:15,882][flwr][INFO] - 		round 60: 6.423976008682684
[2024-10-15 18:49:15,882][flwr][INFO] - 		round 61: 5.632521817263435
[2024-10-15 18:49:15,882][flwr][INFO] - 		round 62: 4.6926398548381725
[2024-10-15 18:49:15,882][flwr][INFO] - 		round 63: 4.00105944712214
[2024-10-15 18:49:15,882][flwr][INFO] - 		round 64: 7.613043387730916
[2024-10-15 18:49:15,882][flwr][INFO] - 		round 65: 5.656414237857219
[2024-10-15 18:49:15,882][flwr][INFO] - 		round 66: 4.32405993743021
[2024-10-15 18:49:15,882][flwr][INFO] - 		round 67: 3.3772802352905273
[2024-10-15 18:49:15,882][flwr][INFO] - 		round 68: 6.6400079052132295
[2024-10-15 18:49:15,883][flwr][INFO] - 		round 69: 4.292343324131708
[2024-10-15 18:49:15,883][flwr][INFO] - 		round 70: 9.292716037121512
[2024-10-15 18:49:15,883][flwr][INFO] - 		round 71: 5.624184347477621
[2024-10-15 18:49:15,883][flwr][INFO] - 		round 72: 6.303805805503429
[2024-10-15 18:49:15,883][flwr][INFO] - 		round 73: 5.069880076633987
[2024-10-15 18:49:15,883][flwr][INFO] - 		round 74: 6.4022473313591695
[2024-10-15 18:49:15,883][flwr][INFO] - 		round 75: 7.905734157923496
[2024-10-15 18:49:15,883][flwr][INFO] - 		round 76: 5.247465550899506
[2024-10-15 18:49:15,883][flwr][INFO] - 		round 77: 5.001991710467645
[2024-10-15 18:49:15,883][flwr][INFO] - 		round 78: 3.8647288000544817
[2024-10-15 18:49:15,883][flwr][INFO] - 		round 79: 4.521677138751027
[2024-10-15 18:49:15,883][flwr][INFO] - 		round 80: 4.807927614450454
[2024-10-15 18:49:15,883][flwr][INFO] - 		round 81: 6.440725158260326
[2024-10-15 18:49:15,883][flwr][INFO] - 		round 82: 4.811057941928791
[2024-10-15 18:49:15,883][flwr][INFO] - 		round 83: 4.971548966834882
[2024-10-15 18:49:15,883][flwr][INFO] - 		round 84: 3.80842373415005
[2024-10-15 18:49:15,883][flwr][INFO] - 		round 85: 3.9232715945090018
[2024-10-15 18:49:15,883][flwr][INFO] - 		round 86: 4.553319586188259
[2024-10-15 18:49:15,883][flwr][INFO] - 		round 87: 3.5543192955485563
[2024-10-15 18:49:15,883][flwr][INFO] - 		round 88: 6.101212769826253
[2024-10-15 18:49:15,883][flwr][INFO] - 		round 89: 4.649216252578542
[2024-10-15 18:49:15,883][flwr][INFO] - 		round 90: 3.1988927570043826
[2024-10-15 18:49:15,883][flwr][INFO] - 		round 91: 8.08149338815146
[2024-10-15 18:49:15,884][flwr][INFO] - 		round 92: 3.3292858927113236
[2024-10-15 18:49:15,884][flwr][INFO] - 		round 93: 1.7227084916085005
[2024-10-15 18:49:15,884][flwr][INFO] - 		round 94: 7.072130372154881
[2024-10-15 18:49:15,884][flwr][INFO] - 		round 95: 5.966090206696953
[2024-10-15 18:49:15,884][flwr][INFO] - 		round 96: 7.497186507607741
[2024-10-15 18:49:15,884][flwr][INFO] - 		round 97: 6.41282476713321
[2024-10-15 18:49:15,884][flwr][INFO] - 		round 98: 3.45368892532676
[2024-10-15 18:49:15,884][flwr][INFO] - 		round 99: 4.5041581750971025
[2024-10-15 18:49:15,884][flwr][INFO] - 		round 100: 5.700995035891263
[2024-10-15 18:49:15,884][flwr][INFO] - 	History (loss, centralized):
[2024-10-15 18:49:15,884][flwr][INFO] - 		round 0: 502.23120379447937
[2024-10-15 18:49:15,884][flwr][INFO] - 		round 1: 547.5365874767303
[2024-10-15 18:49:15,884][flwr][INFO] - 		round 2: 459.49577951431274
[2024-10-15 18:49:15,884][flwr][INFO] - 		round 3: 435.089013338089
[2024-10-15 18:49:15,884][flwr][INFO] - 		round 4: 471.10943961143494
[2024-10-15 18:49:15,884][flwr][INFO] - 		round 5: 500.2484972476959
[2024-10-15 18:49:15,884][flwr][INFO] - 		round 6: 449.2455952167511
[2024-10-15 18:49:15,884][flwr][INFO] - 		round 7: 471.46845519542694
[2024-10-15 18:49:15,884][flwr][INFO] - 		round 8: 440.3882381916046
[2024-10-15 18:49:15,884][flwr][INFO] - 		round 9: 426.6830562353134
[2024-10-15 18:49:15,884][flwr][INFO] - 		round 10: 479.8411160707474
[2024-10-15 18:49:15,884][flwr][INFO] - 		round 11: 382.23669016361237
[2024-10-15 18:49:15,884][flwr][INFO] - 		round 12: 399.46677017211914
[2024-10-15 18:49:15,885][flwr][INFO] - 		round 13: 383.7787719964981
[2024-10-15 18:49:15,885][flwr][INFO] - 		round 14: 343.08220422267914
[2024-10-15 18:49:15,885][flwr][INFO] - 		round 15: 452.2760581970215
[2024-10-15 18:49:15,885][flwr][INFO] - 		round 16: 446.9204446077347
[2024-10-15 18:49:15,885][flwr][INFO] - 		round 17: 339.95291566848755
[2024-10-15 18:49:15,885][flwr][INFO] - 		round 18: 349.319149851799
[2024-10-15 18:49:15,885][flwr][INFO] - 		round 19: 344.26829385757446
[2024-10-15 18:49:15,885][flwr][INFO] - 		round 20: 367.44207894802094
[2024-10-15 18:49:15,885][flwr][INFO] - 		round 21: 358.03122079372406
[2024-10-15 18:49:15,885][flwr][INFO] - 		round 22: 353.9227421283722
[2024-10-15 18:49:15,885][flwr][INFO] - 		round 23: 386.25135254859924
[2024-10-15 18:49:15,885][flwr][INFO] - 		round 24: 352.0831654071808
[2024-10-15 18:49:15,885][flwr][INFO] - 		round 25: 369.3678170442581
[2024-10-15 18:49:15,885][flwr][INFO] - 		round 26: 346.22911047935486
[2024-10-15 18:49:15,885][flwr][INFO] - 		round 27: 351.6127487421036
[2024-10-15 18:49:15,885][flwr][INFO] - 		round 28: 367.10344648361206
[2024-10-15 18:49:15,885][flwr][INFO] - 		round 29: 361.26225650310516
[2024-10-15 18:49:15,885][flwr][INFO] - 		round 30: 441.4329550266266
[2024-10-15 18:49:15,885][flwr][INFO] - 		round 31: 340.7075283527374
[2024-10-15 18:49:15,885][flwr][INFO] - 		round 32: 365.5527400970459
[2024-10-15 18:49:15,885][flwr][INFO] - 		round 33: 384.54339385032654
[2024-10-15 18:49:15,886][flwr][INFO] - 		round 34: 378.33546793460846
[2024-10-15 18:49:15,886][flwr][INFO] - 		round 35: 405.72611582279205
[2024-10-15 18:49:15,886][flwr][INFO] - 		round 36: 358.6830583810806
[2024-10-15 18:49:15,886][flwr][INFO] - 		round 37: 367.9744163751602
[2024-10-15 18:49:15,886][flwr][INFO] - 		round 38: 350.10454535484314
[2024-10-15 18:49:15,886][flwr][INFO] - 		round 39: 360.4103982448578
[2024-10-15 18:49:15,886][flwr][INFO] - 		round 40: 375.146347284317
[2024-10-15 18:49:15,886][flwr][INFO] - 		round 41: 364.1040680408478
[2024-10-15 18:49:15,886][flwr][INFO] - 		round 42: 375.2006416320801
[2024-10-15 18:49:15,886][flwr][INFO] - 		round 43: 353.34342539310455
[2024-10-15 18:49:15,886][flwr][INFO] - 		round 44: 358.37184619903564
[2024-10-15 18:49:15,886][flwr][INFO] - 		round 45: 470.6290637254715
[2024-10-15 18:49:15,886][flwr][INFO] - 		round 46: 317.29251313209534
[2024-10-15 18:49:15,886][flwr][INFO] - 		round 47: 383.59951889514923
[2024-10-15 18:49:15,886][flwr][INFO] - 		round 48: 358.24661934375763
[2024-10-15 18:49:15,886][flwr][INFO] - 		round 49: 376.0910313129425
[2024-10-15 18:49:15,886][flwr][INFO] - 		round 50: 360.8685493469238
[2024-10-15 18:49:15,886][flwr][INFO] - 		round 51: 354.47432923316956
[2024-10-15 18:49:15,886][flwr][INFO] - 		round 52: 371.2716552019119
[2024-10-15 18:49:15,886][flwr][INFO] - 		round 53: 360.20400607585907
[2024-10-15 18:49:15,886][flwr][INFO] - 		round 54: 404.977881193161
[2024-10-15 18:49:15,886][flwr][INFO] - 		round 55: 437.81370878219604
[2024-10-15 18:49:15,886][flwr][INFO] - 		round 56: 401.38640904426575
[2024-10-15 18:49:15,887][flwr][INFO] - 		round 57: 353.97769820690155
[2024-10-15 18:49:15,887][flwr][INFO] - 		round 58: 364.66200292110443
[2024-10-15 18:49:15,887][flwr][INFO] - 		round 59: 390.5161956548691
[2024-10-15 18:49:15,887][flwr][INFO] - 		round 60: 376.21489679813385
[2024-10-15 18:49:15,887][flwr][INFO] - 		round 61: 439.17742145061493
[2024-10-15 18:49:15,887][flwr][INFO] - 		round 62: 421.10109210014343
[2024-10-15 18:49:15,887][flwr][INFO] - 		round 63: 380.89818596839905
[2024-10-15 18:49:15,887][flwr][INFO] - 		round 64: 478.0181061029434
[2024-10-15 18:49:15,887][flwr][INFO] - 		round 65: 337.5005202293396
[2024-10-15 18:49:15,887][flwr][INFO] - 		round 66: 331.26974511146545
[2024-10-15 18:49:15,887][flwr][INFO] - 		round 67: 372.2718702554703
[2024-10-15 18:49:15,887][flwr][INFO] - 		round 68: 376.32273387908936
[2024-10-15 18:49:15,887][flwr][INFO] - 		round 69: 345.0457534790039
[2024-10-15 18:49:15,887][flwr][INFO] - 		round 70: 381.6223164796829
[2024-10-15 18:49:15,887][flwr][INFO] - 		round 71: 363.5301042795181
[2024-10-15 18:49:15,887][flwr][INFO] - 		round 72: 375.6550405025482
[2024-10-15 18:49:15,887][flwr][INFO] - 		round 73: 405.094535946846
[2024-10-15 18:49:15,887][flwr][INFO] - 		round 74: 410.77641928195953
[2024-10-15 18:49:15,887][flwr][INFO] - 		round 75: 393.7071863412857
[2024-10-15 18:49:15,887][flwr][INFO] - 		round 76: 387.4585553407669
[2024-10-15 18:49:15,887][flwr][INFO] - 		round 77: 409.2151473760605
[2024-10-15 18:49:15,887][flwr][INFO] - 		round 78: 367.2445236444473
[2024-10-15 18:49:15,888][flwr][INFO] - 		round 79: 331.65842068195343
[2024-10-15 18:49:15,888][flwr][INFO] - 		round 80: 388.5598820447922
[2024-10-15 18:49:15,888][flwr][INFO] - 		round 81: 349.9527699947357
[2024-10-15 18:49:15,888][flwr][INFO] - 		round 82: 341.0343976020813
[2024-10-15 18:49:15,888][flwr][INFO] - 		round 83: 373.7475116252899
[2024-10-15 18:49:15,888][flwr][INFO] - 		round 84: 373.8989350795746
[2024-10-15 18:49:15,888][flwr][INFO] - 		round 85: 357.2873795032501
[2024-10-15 18:49:15,888][flwr][INFO] - 		round 86: 359.6770142316818
[2024-10-15 18:49:15,888][flwr][INFO] - 		round 87: 397.00068283081055
[2024-10-15 18:49:15,888][flwr][INFO] - 		round 88: 372.81563436985016
[2024-10-15 18:49:15,888][flwr][INFO] - 		round 89: 366.6557092666626
[2024-10-15 18:49:15,888][flwr][INFO] - 		round 90: 353.68195629119873
[2024-10-15 18:49:15,888][flwr][INFO] - 		round 91: 395.3689479827881
[2024-10-15 18:49:15,888][flwr][INFO] - 		round 92: 357.5737065076828
[2024-10-15 18:49:15,888][flwr][INFO] - 		round 93: 317.6155526638031
[2024-10-15 18:49:15,888][flwr][INFO] - 		round 94: 373.443994641304
[2024-10-15 18:49:15,888][flwr][INFO] - 		round 95: 375.09692549705505
[2024-10-15 18:49:15,888][flwr][INFO] - 		round 96: 400.63903880119324
[2024-10-15 18:49:15,888][flwr][INFO] - 		round 97: 338.6046131849289
[2024-10-15 18:49:15,888][flwr][INFO] - 		round 98: 378.7919245958328
[2024-10-15 18:49:15,888][flwr][INFO] - 		round 99: 334.4617431163788
[2024-10-15 18:49:15,889][flwr][INFO] - 		round 100: 375.1409310102463
[2024-10-15 18:49:15,889][flwr][INFO] - 	History (metrics, distributed, evaluate):
[2024-10-15 18:49:15,889][flwr][INFO] - 	{'accuracy': [(1, 0.29673590504451036),
[2024-10-15 18:49:15,889][flwr][INFO] - 	              (2, 0.3211009174311927),
[2024-10-15 18:49:15,889][flwr][INFO] - 	              (3, 0.3830508474576271),
[2024-10-15 18:49:15,889][flwr][INFO] - 	              (4, 0.6295503211991434),
[2024-10-15 18:49:15,889][flwr][INFO] - 	              (5, 0.22413793103448276),
[2024-10-15 18:49:15,889][flwr][INFO] - 	              (6, 0.4092219020172911),
[2024-10-15 18:49:15,889][flwr][INFO] - 	              (7, 0.1337579617834395),
[2024-10-15 18:49:15,889][flwr][INFO] - 	              (8, 0.22304832713754646),
[2024-10-15 18:49:15,889][flwr][INFO] - 	              (9, 0.2579505300353357),
[2024-10-15 18:49:15,889][flwr][INFO] - 	              (10, 0.04067796610169491),
[2024-10-15 18:49:15,889][flwr][INFO] - 	              (11, 0.4632768361581921),
[2024-10-15 18:49:15,889][flwr][INFO] - 	              (12, 0.12203389830508475),
[2024-10-15 18:49:15,889][flwr][INFO] - 	              (13, 0.218),
[2024-10-15 18:49:15,889][flwr][INFO] - 	              (14, 0.5195530726256983),
[2024-10-15 18:49:15,889][flwr][INFO] - 	              (15, 0.016574585635359115),
[2024-10-15 18:49:15,889][flwr][INFO] - 	              (16, 0.0),
[2024-10-15 18:49:15,889][flwr][INFO] - 	              (17, 0.729903536977492),
[2024-10-15 18:49:15,889][flwr][INFO] - 	              (18, 0.7041800643086816),
[2024-10-15 18:49:15,889][flwr][INFO] - 	              (19, 0.4066265060240964),
[2024-10-15 18:49:15,889][flwr][INFO] - 	              (20, 0.12738853503184713),
[2024-10-15 18:49:15,890][flwr][INFO] - 	              (21, 0.2295839753466872),
[2024-10-15 18:49:15,890][flwr][INFO] - 	              (22, 0.7331189710610932),
[2024-10-15 18:49:15,890][flwr][INFO] - 	              (23, 0.44505494505494503),
[2024-10-15 18:49:15,890][flwr][INFO] - 	              (24, 0.2682926829268293),
[2024-10-15 18:49:15,890][flwr][INFO] - 	              (25, 0.9448275862068966),
[2024-10-15 18:49:15,890][flwr][INFO] - 	              (26, 0.15977961432506887),
[2024-10-15 18:49:15,890][flwr][INFO] - 	              (27, 0.6404494382022472),
[2024-10-15 18:49:15,890][flwr][INFO] - 	              (28, 0.4752186588921283),
[2024-10-15 18:49:15,890][flwr][INFO] - 	              (29, 0.23121387283236994),
[2024-10-15 18:49:15,890][flwr][INFO] - 	              (30, 0.1264591439688716),
[2024-10-15 18:49:15,890][flwr][INFO] - 	              (31, 0.011142061281337046),
[2024-10-15 18:49:15,890][flwr][INFO] - 	              (32, 0.31129476584022037),
[2024-10-15 18:49:15,890][flwr][INFO] - 	              (33, 0.2722063037249284),
[2024-10-15 18:49:15,890][flwr][INFO] - 	              (34, 0.6238361266294227),
[2024-10-15 18:49:15,890][flwr][INFO] - 	              (35, 0.504),
[2024-10-15 18:49:15,890][flwr][INFO] - 	              (36, 0.46835443037974683),
[2024-10-15 18:49:15,890][flwr][INFO] - 	              (37, 0.3029411764705882),
[2024-10-15 18:49:15,890][flwr][INFO] - 	              (38, 0.5858895705521472),
[2024-10-15 18:49:15,890][flwr][INFO] - 	              (39, 0.603030303030303),
[2024-10-15 18:49:15,890][flwr][INFO] - 	              (40, 0.34857142857142853),
[2024-10-15 18:49:15,890][flwr][INFO] - 	              (41, 0.4860759493670886),
[2024-10-15 18:49:15,890][flwr][INFO] - 	              (42, 0.31141868512110726),
[2024-10-15 18:49:15,890][flwr][INFO] - 	              (43, 0.494949494949495),
[2024-10-15 18:49:15,890][flwr][INFO] - 	              (44, 0.2860310421286031),
[2024-10-15 18:49:15,891][flwr][INFO] - 	              (45, 0.255663430420712),
[2024-10-15 18:49:15,891][flwr][INFO] - 	              (46, 0.3702213279678068),
[2024-10-15 18:49:15,891][flwr][INFO] - 	              (47, 0.6639344262295082),
[2024-10-15 18:49:15,891][flwr][INFO] - 	              (48, 0.25382262996941896),
[2024-10-15 18:49:15,891][flwr][INFO] - 	              (49, 0.6485507246376812),
[2024-10-15 18:49:15,891][flwr][INFO] - 	              (50, 0.5044510385756676),
[2024-10-15 18:49:15,891][flwr][INFO] - 	              (51, 0.2732919254658385),
[2024-10-15 18:49:15,891][flwr][INFO] - 	              (52, 0.3764705882352941),
[2024-10-15 18:49:15,891][flwr][INFO] - 	              (53, 0.1807465618860511),
[2024-10-15 18:49:15,891][flwr][INFO] - 	              (54, 0.47619047619047616),
[2024-10-15 18:49:15,891][flwr][INFO] - 	              (55, 0.2902208201892745),
[2024-10-15 18:49:15,891][flwr][INFO] - 	              (56, 0.9201277955271565),
[2024-10-15 18:49:15,891][flwr][INFO] - 	              (57, 0.6229946524064172),
[2024-10-15 18:49:15,891][flwr][INFO] - 	              (58, 0.23626373626373626),
[2024-10-15 18:49:15,891][flwr][INFO] - 	              (59, 0.6673267326732674),
[2024-10-15 18:49:15,891][flwr][INFO] - 	              (60, 0.5495750708215298),
[2024-10-15 18:49:15,891][flwr][INFO] - 	              (61, 0.3176470588235294),
[2024-10-15 18:49:15,891][flwr][INFO] - 	              (62, 0.43302180685358255),
[2024-10-15 18:49:15,891][flwr][INFO] - 	              (63, 0.5233644859813084),
[2024-10-15 18:49:15,891][flwr][INFO] - 	              (64, 0.07936507936507936),
[2024-10-15 18:49:15,891][flwr][INFO] - 	              (65, 0.27299703264094954),
[2024-10-15 18:49:15,891][flwr][INFO] - 	              (66, 0.4557377049180328),
[2024-10-15 18:49:15,892][flwr][INFO] - 	              (67, 0.5955414012738853),
[2024-10-15 18:49:15,892][flwr][INFO] - 	              (68, 0.5020080321285141),
[2024-10-15 18:49:15,892][flwr][INFO] - 	              (69, 0.6786632390745502),
[2024-10-15 18:49:15,892][flwr][INFO] - 	              (70, 0.17137096774193547),
[2024-10-15 18:49:15,892][flwr][INFO] - 	              (71, 0.26813880126182965),
[2024-10-15 18:49:15,892][flwr][INFO] - 	              (72, 0.6466809421841542),
[2024-10-15 18:49:15,892][flwr][INFO] - 	              (73, 0.5403225806451613),
[2024-10-15 18:49:15,892][flwr][INFO] - 	              (74, 0.3116883116883117),
[2024-10-15 18:49:15,892][flwr][INFO] - 	              (75, 0.21428571428571427),
[2024-10-15 18:49:15,892][flwr][INFO] - 	              (76, 0.38666666666666666),
[2024-10-15 18:49:15,892][flwr][INFO] - 	              (77, 0.4298245614035088),
[2024-10-15 18:49:15,892][flwr][INFO] - 	              (78, 0.745928338762215),
[2024-10-15 18:49:15,892][flwr][INFO] - 	              (79, 0.3973941368078176),
[2024-10-15 18:49:15,892][flwr][INFO] - 	              (80, 0.496875),
[2024-10-15 18:49:15,892][flwr][INFO] - 	              (81, 0.46464646464646464),
[2024-10-15 18:49:15,892][flwr][INFO] - 	              (82, 0.23885350318471338),
[2024-10-15 18:49:15,892][flwr][INFO] - 	              (83, 0.401840490797546),
[2024-10-15 18:49:15,892][flwr][INFO] - 	              (84, 0.6595092024539877),
[2024-10-15 18:49:15,892][flwr][INFO] - 	              (85, 0.4340175953079179),
[2024-10-15 18:49:15,892][flwr][INFO] - 	              (86, 0.4479495268138801),
[2024-10-15 18:49:15,892][flwr][INFO] - 	              (87, 0.4070175438596491),
[2024-10-15 18:49:15,892][flwr][INFO] - 	              (88, 0.3253333333333333),
[2024-10-15 18:49:15,892][flwr][INFO] - 	              (89, 0.6556291390728477),
[2024-10-15 18:49:15,892][flwr][INFO] - 	              (90, 0.6405228758169934),
[2024-10-15 18:49:15,893][flwr][INFO] - 	              (91, 0.22483940042826553),
[2024-10-15 18:49:15,893][flwr][INFO] - 	              (92, 0.6815286624203821),
[2024-10-15 18:49:15,893][flwr][INFO] - 	              (93, 0.846875),
[2024-10-15 18:49:15,893][flwr][INFO] - 	              (94, 0.22535211267605634),
[2024-10-15 18:49:15,893][flwr][INFO] - 	              (95, 0.17746478873239438),
[2024-10-15 18:49:15,893][flwr][INFO] - 	              (96, 0.17475728155339806),
[2024-10-15 18:49:15,893][flwr][INFO] - 	              (97, 0.25766871165644173),
[2024-10-15 18:49:15,893][flwr][INFO] - 	              (98, 0.6791044776119403),
[2024-10-15 18:49:15,893][flwr][INFO] - 	              (99, 0.5162241887905604),
[2024-10-15 18:49:15,893][flwr][INFO] - 	              (100, 0.6519916142557652)]}
[2024-10-15 18:49:15,893][flwr][INFO] - 	History (metrics, centralized):
[2024-10-15 18:49:15,893][flwr][INFO] - 	{'accuracy': [(0, 0.08426183844011143),
[2024-10-15 18:49:15,893][flwr][INFO] - 	              (1, 0.05027855153203343),
[2024-10-15 18:49:15,893][flwr][INFO] - 	              (2, 0.3044568245125348),
[2024-10-15 18:49:15,893][flwr][INFO] - 	              (3, 0.2586350974930362),
[2024-10-15 18:49:15,893][flwr][INFO] - 	              (4, 0.2717270194986072),
[2024-10-15 18:49:15,893][flwr][INFO] - 	              (5, 0.21727019498607242),
[2024-10-15 18:49:15,893][flwr][INFO] - 	              (6, 0.2821727019498607),
[2024-10-15 18:49:15,893][flwr][INFO] - 	              (7, 0.13760445682451253),
[2024-10-15 18:49:15,893][flwr][INFO] - 	              (8, 0.34623955431754877),
[2024-10-15 18:49:15,893][flwr][INFO] - 	              (9, 0.41866295264623954),
[2024-10-15 18:49:15,893][flwr][INFO] - 	              (10, 0.09442896935933148),
[2024-10-15 18:49:15,894][flwr][INFO] - 	              (11, 0.43022284122562676),
[2024-10-15 18:49:15,894][flwr][INFO] - 	              (12, 0.27618384401114204),
[2024-10-15 18:49:15,894][flwr][INFO] - 	              (13, 0.3798050139275766),
[2024-10-15 18:49:15,894][flwr][INFO] - 	              (14, 0.5431754874651811),
[2024-10-15 18:49:15,894][flwr][INFO] - 	              (15, 0.29303621169916433),
[2024-10-15 18:49:15,894][flwr][INFO] - 	              (16, 0.2938718662952646),
[2024-10-15 18:49:15,894][flwr][INFO] - 	              (17, 0.4533426183844011),
[2024-10-15 18:49:15,894][flwr][INFO] - 	              (18, 0.47813370473537603),
[2024-10-15 18:49:15,894][flwr][INFO] - 	              (19, 0.5299442896935933),
[2024-10-15 18:49:15,894][flwr][INFO] - 	              (20, 0.42395543175487466),
[2024-10-15 18:49:15,894][flwr][INFO] - 	              (21, 0.4626740947075209),
[2024-10-15 18:49:15,894][flwr][INFO] - 	              (22, 0.4020891364902507),
[2024-10-15 18:49:15,894][flwr][INFO] - 	              (23, 0.31337047353760444),
[2024-10-15 18:49:15,894][flwr][INFO] - 	              (24, 0.3816155988857939),
[2024-10-15 18:49:15,894][flwr][INFO] - 	              (25, 0.42674094707520893),
[2024-10-15 18:49:15,894][flwr][INFO] - 	              (26, 0.4704735376044568),
[2024-10-15 18:49:15,894][flwr][INFO] - 	              (27, 0.5108635097493036),
[2024-10-15 18:49:15,894][flwr][INFO] - 	              (28, 0.4777158774373259),
[2024-10-15 18:49:15,894][flwr][INFO] - 	              (29, 0.31838440111420613),
[2024-10-15 18:49:15,894][flwr][INFO] - 	              (30, 0.18050139275766017),
[2024-10-15 18:49:15,894][flwr][INFO] - 	              (31, 0.4341225626740947),
[2024-10-15 18:49:15,894][flwr][INFO] - 	              (32, 0.43050139275766014),
[2024-10-15 18:49:15,894][flwr][INFO] - 	              (33, 0.34721448467966576),
[2024-10-15 18:49:15,894][flwr][INFO] - 	              (34, 0.34275766016713094),
[2024-10-15 18:49:15,895][flwr][INFO] - 	              (35, 0.4096100278551532),
[2024-10-15 18:49:15,895][flwr][INFO] - 	              (36, 0.44707520891364905),
[2024-10-15 18:49:15,895][flwr][INFO] - 	              (37, 0.2948467966573816),
[2024-10-15 18:49:15,895][flwr][INFO] - 	              (38, 0.4572423398328691),
[2024-10-15 18:49:15,895][flwr][INFO] - 	              (39, 0.4428969359331476),
[2024-10-15 18:49:15,895][flwr][INFO] - 	              (40, 0.4233983286908078),
[2024-10-15 18:49:15,895][flwr][INFO] - 	              (41, 0.3561281337047354),
[2024-10-15 18:49:15,895][flwr][INFO] - 	              (42, 0.3603064066852368),
[2024-10-15 18:49:15,895][flwr][INFO] - 	              (43, 0.43537604456824514),
[2024-10-15 18:49:15,895][flwr][INFO] - 	              (44, 0.4931754874651811),
[2024-10-15 18:49:15,895][flwr][INFO] - 	              (45, 0.21239554317548748),
[2024-10-15 18:49:15,895][flwr][INFO] - 	              (46, 0.48885793871866295),
[2024-10-15 18:49:15,895][flwr][INFO] - 	              (47, 0.30612813370473535),
[2024-10-15 18:49:15,895][flwr][INFO] - 	              (48, 0.3753481894150418),
[2024-10-15 18:49:15,895][flwr][INFO] - 	              (49, 0.3317548746518106),
[2024-10-15 18:49:15,895][flwr][INFO] - 	              (50, 0.44805013927576604),
[2024-10-15 18:49:15,895][flwr][INFO] - 	              (51, 0.5004178272980502),
[2024-10-15 18:49:15,895][flwr][INFO] - 	              (52, 0.36016713091922004),
[2024-10-15 18:49:15,895][flwr][INFO] - 	              (53, 0.37047353760445684),
[2024-10-15 18:49:15,895][flwr][INFO] - 	              (54, 0.39721448467966575),
[2024-10-15 18:49:15,895][flwr][INFO] - 	              (55, 0.3426183844011142),
[2024-10-15 18:49:15,895][flwr][INFO] - 	              (56, 0.3784122562674095),
[2024-10-15 18:49:15,895][flwr][INFO] - 	              (57, 0.48969359331476325),
[2024-10-15 18:49:15,895][flwr][INFO] - 	              (58, 0.44846796657381616),
[2024-10-15 18:49:15,896][flwr][INFO] - 	              (59, 0.4456824512534819),
[2024-10-15 18:49:15,896][flwr][INFO] - 	              (60, 0.4597493036211699),
[2024-10-15 18:49:15,896][flwr][INFO] - 	              (61, 0.2954038997214485),
[2024-10-15 18:49:15,896][flwr][INFO] - 	              (62, 0.2604456824512535),
[2024-10-15 18:49:15,896][flwr][INFO] - 	              (63, 0.38231197771587744),
[2024-10-15 18:49:15,896][flwr][INFO] - 	              (64, 0.2203342618384401),
[2024-10-15 18:49:15,896][flwr][INFO] - 	              (65, 0.44080779944289694),
[2024-10-15 18:49:15,896][flwr][INFO] - 	              (66, 0.48746518105849584),
[2024-10-15 18:49:15,896][flwr][INFO] - 	              (67, 0.43050139275766014),
[2024-10-15 18:49:15,896][flwr][INFO] - 	              (68, 0.3384401114206128),
[2024-10-15 18:49:15,896][flwr][INFO] - 	              (69, 0.4713091922005571),
[2024-10-15 18:49:15,896][flwr][INFO] - 	              (70, 0.2958217270194986),
[2024-10-15 18:49:15,896][flwr][INFO] - 	              (71, 0.3834261838440111),
[2024-10-15 18:49:15,896][flwr][INFO] - 	              (72, 0.3267409470752089),
[2024-10-15 18:49:15,896][flwr][INFO] - 	              (73, 0.2754874651810585),
[2024-10-15 18:49:15,896][flwr][INFO] - 	              (74, 0.3328690807799443),
[2024-10-15 18:49:15,896][flwr][INFO] - 	              (75, 0.3552924791086351),
[2024-10-15 18:49:15,896][flwr][INFO] - 	              (76, 0.3338440111420613),
[2024-10-15 18:49:15,896][flwr][INFO] - 	              (77, 0.34832869080779943),
[2024-10-15 18:49:15,896][flwr][INFO] - 	              (78, 0.46030640668523676),
[2024-10-15 18:49:15,896][flwr][INFO] - 	              (79, 0.43760445682451254),
[2024-10-15 18:49:15,896][flwr][INFO] - 	              (80, 0.368941504178273),
[2024-10-15 18:49:15,896][flwr][INFO] - 	              (81, 0.44944289693593314),
[2024-10-15 18:49:15,896][flwr][INFO] - 	              (82, 0.36782729805013925),
[2024-10-15 18:49:15,896][flwr][INFO] - 	              (83, 0.35905292479108636),
[2024-10-15 18:49:15,897][flwr][INFO] - 	              (84, 0.32409470752089137),
[2024-10-15 18:49:15,897][flwr][INFO] - 	              (85, 0.4477715877437326),
[2024-10-15 18:49:15,897][flwr][INFO] - 	              (86, 0.3775766016713092),
[2024-10-15 18:49:15,897][flwr][INFO] - 	              (87, 0.2977715877437326),
[2024-10-15 18:49:15,897][flwr][INFO] - 	              (88, 0.3770194986072423),
[2024-10-15 18:49:15,897][flwr][INFO] - 	              (89, 0.3626740947075209),
[2024-10-15 18:49:15,897][flwr][INFO] - 	              (90, 0.3394150417827298),
[2024-10-15 18:49:15,897][flwr][INFO] - 	              (91, 0.3530640668523677),
[2024-10-15 18:49:15,897][flwr][INFO] - 	              (92, 0.38370473537604455),
[2024-10-15 18:49:15,897][flwr][INFO] - 	              (93, 0.4727019498607242),
[2024-10-15 18:49:15,897][flwr][INFO] - 	              (94, 0.35584958217270196),
[2024-10-15 18:49:15,897][flwr][INFO] - 	              (95, 0.3534818941504178),
[2024-10-15 18:49:15,897][flwr][INFO] - 	              (96, 0.34554317548746516),
[2024-10-15 18:49:15,897][flwr][INFO] - 	              (97, 0.4735376044568245),
[2024-10-15 18:49:15,897][flwr][INFO] - 	              (98, 0.3658774373259053),
[2024-10-15 18:49:15,897][flwr][INFO] - 	              (99, 0.4692200557103064),
[2024-10-15 18:49:15,897][flwr][INFO] - 	              (100, 0.30292479108635095)]}
[2024-10-15 18:49:15,897][flwr][INFO] - 
