[2024-10-16 22:23:49,141][flwr][INFO] - Starting Flower simulation, config: num_rounds=100, no round_timeout
[2024-10-16 22:23:52,314][flwr][INFO] - Flower VCE: Ray initialized with resources: {'CPU': 256.0, 'memory': 168415453799.0, 'node:__internal_head__': 1.0, 'node:115.145.172.224': 1.0, 'object_store_memory': 76463765913.0, 'GPU': 5.0, 'accelerator_type:G': 1.0}
[2024-10-16 22:23:52,314][flwr][INFO] - Optimize your simulation with Flower VCE: https://flower.ai/docs/framework/how-to-run-simulations.html
[2024-10-16 22:23:52,314][flwr][INFO] - Flower VCE: Resources for each Virtual Client: {'num_cpus': 64, 'num_gpus': 0.125}
[2024-10-16 22:23:52,328][flwr][INFO] - Flower VCE: Creating VirtualClientEngineActorPool with 4 actors
[2024-10-16 22:23:52,328][flwr][INFO] - [INIT]
[2024-10-16 22:23:52,328][flwr][INFO] - Requesting initial parameters from one random client
[2024-10-16 22:23:58,742][flwr][INFO] - Received initial parameters from one random client
[2024-10-16 22:23:58,743][flwr][INFO] - Evaluating initial global parameters
[2024-10-16 22:25:37,784][flwr][INFO] - initial parameters (loss, other metrics): 3092.5186067819595, {'accuracy': 0.1714467005076142}
[2024-10-16 22:25:37,785][flwr][INFO] - 
[2024-10-16 22:25:37,785][flwr][INFO] - [ROUND 1]
[2024-10-16 22:25:37,785][flwr][INFO] - configure_fit: strategy sampled 5 clients (out of 50)
[2024-10-16 22:27:30,234][flwr][INFO] - aggregate_fit: received 5 results and 0 failures
[2024-10-16 22:27:31,025][flwr][WARNING] - No fit_metrics_aggregation_fn provided
[2024-10-16 22:29:05,113][flwr][INFO] - fit progress: (1, 3606.402223467827, {'accuracy': 0.23642131979695433}, 207.32820424996316)
[2024-10-16 22:29:05,114][flwr][INFO] - configure_evaluate: strategy sampled 2 clients (out of 50)
[2024-10-16 22:29:08,853][flwr][INFO] - aggregate_evaluate: received 2 results and 0 failures
[2024-10-16 22:29:08,854][flwr][INFO] - 
[2024-10-16 22:29:08,854][flwr][INFO] - [ROUND 2]
[2024-10-16 22:29:08,854][flwr][INFO] - configure_fit: strategy sampled 5 clients (out of 50)
[2024-10-16 22:34:06,394][flwr][INFO] - aggregate_fit: received 5 results and 0 failures
[2024-10-16 22:35:42,699][flwr][INFO] - fit progress: (2, 2775.2114536762238, {'accuracy': 0.3218908629441624}, 604.9147953959182)
[2024-10-16 22:35:42,700][flwr][INFO] - configure_evaluate: strategy sampled 2 clients (out of 50)
[2024-10-16 22:35:45,877][flwr][INFO] - aggregate_evaluate: received 2 results and 0 failures
[2024-10-16 22:35:45,877][flwr][INFO] - 
[2024-10-16 22:35:45,877][flwr][INFO] - [ROUND 3]
[2024-10-16 22:35:45,878][flwr][INFO] - configure_fit: strategy sampled 5 clients (out of 50)
[2024-10-16 22:40:57,563][flwr][INFO] - aggregate_fit: received 5 results and 0 failures
[2024-10-16 22:42:32,608][flwr][INFO] - fit progress: (3, 3960.5303552150726, {'accuracy': 0.36010998307952624}, 1014.8236204031855)
[2024-10-16 22:42:32,611][flwr][INFO] - configure_evaluate: strategy sampled 2 clients (out of 50)
[2024-10-16 22:42:35,982][flwr][INFO] - aggregate_evaluate: received 2 results and 0 failures
[2024-10-16 22:42:35,982][flwr][INFO] - 
[2024-10-16 22:42:35,982][flwr][INFO] - [ROUND 4]
[2024-10-16 22:42:35,982][flwr][INFO] - configure_fit: strategy sampled 5 clients (out of 50)
[2024-10-16 22:46:16,102][flwr][INFO] - aggregate_fit: received 5 results and 0 failures
[2024-10-16 22:47:50,020][flwr][INFO] - fit progress: (4, 2681.3207026720047, {'accuracy': 0.36359983079526226}, 1332.235875598155)
[2024-10-16 22:47:50,021][flwr][INFO] - configure_evaluate: strategy sampled 2 clients (out of 50)
[2024-10-16 22:47:53,686][flwr][INFO] - aggregate_evaluate: received 2 results and 0 failures
[2024-10-16 22:47:53,686][flwr][INFO] - 
[2024-10-16 22:47:53,686][flwr][INFO] - [ROUND 5]
[2024-10-16 22:47:53,687][flwr][INFO] - configure_fit: strategy sampled 5 clients (out of 50)
[2024-10-16 22:51:48,281][flwr][INFO] - aggregate_fit: received 5 results and 0 failures
[2024-10-16 22:53:23,293][flwr][INFO] - fit progress: (5, 3298.6337012052536, {'accuracy': 0.34050338409475467}, 1665.5088205896318)
[2024-10-16 22:53:23,294][flwr][INFO] - configure_evaluate: strategy sampled 2 clients (out of 50)
[2024-10-16 22:53:25,400][flwr][INFO] - aggregate_evaluate: received 2 results and 0 failures
[2024-10-16 22:53:25,401][flwr][INFO] - 
[2024-10-16 22:53:25,401][flwr][INFO] - [ROUND 6]
[2024-10-16 22:53:25,401][flwr][INFO] - configure_fit: strategy sampled 5 clients (out of 50)
[2024-10-16 22:55:01,978][flwr][INFO] - aggregate_fit: received 5 results and 0 failures
[2024-10-16 22:56:39,483][flwr][INFO] - fit progress: (6, 2864.5274891853333, {'accuracy': 0.28310067681895096}, 1861.6983500625938)
[2024-10-16 22:56:39,483][flwr][INFO] - configure_evaluate: strategy sampled 2 clients (out of 50)
[2024-10-16 22:56:42,201][flwr][INFO] - aggregate_evaluate: received 2 results and 0 failures
[2024-10-16 22:56:42,201][flwr][INFO] - 
[2024-10-16 22:56:42,201][flwr][INFO] - [ROUND 7]
[2024-10-16 22:56:42,202][flwr][INFO] - configure_fit: strategy sampled 5 clients (out of 50)
[2024-10-16 22:58:49,669][flwr][INFO] - aggregate_fit: received 5 results and 0 failures
[2024-10-16 23:00:25,376][flwr][INFO] - fit progress: (7, 3474.2893242836, {'accuracy': 0.23333333333333334}, 2087.591143567115)
[2024-10-16 23:00:25,376][flwr][INFO] - configure_evaluate: strategy sampled 2 clients (out of 50)
[2024-10-16 23:00:28,662][flwr][INFO] - aggregate_evaluate: received 2 results and 0 failures
[2024-10-16 23:00:28,662][flwr][INFO] - 
[2024-10-16 23:00:28,662][flwr][INFO] - [ROUND 8]
[2024-10-16 23:00:28,663][flwr][INFO] - configure_fit: strategy sampled 5 clients (out of 50)
[2024-10-16 23:04:34,569][flwr][INFO] - aggregate_fit: received 5 results and 0 failures
[2024-10-16 23:06:09,160][flwr][INFO] - fit progress: (8, 3646.3597623109818, {'accuracy': 0.3649746192893401}, 2431.375084908679)
[2024-10-16 23:06:09,160][flwr][INFO] - configure_evaluate: strategy sampled 2 clients (out of 50)
[2024-10-16 23:06:11,604][flwr][INFO] - aggregate_evaluate: received 2 results and 0 failures
[2024-10-16 23:06:11,605][flwr][INFO] - 
[2024-10-16 23:06:11,605][flwr][INFO] - [ROUND 9]
[2024-10-16 23:06:11,605][flwr][INFO] - configure_fit: strategy sampled 5 clients (out of 50)
[2024-10-16 23:08:09,147][flwr][INFO] - aggregate_fit: received 5 results and 0 failures
[2024-10-16 23:09:45,187][flwr][INFO] - fit progress: (9, 2835.9366503953934, {'accuracy': 0.332085448392555}, 2647.40228481777)
[2024-10-16 23:09:45,187][flwr][INFO] - configure_evaluate: strategy sampled 2 clients (out of 50)
[2024-10-16 23:09:47,842][flwr][INFO] - aggregate_evaluate: received 2 results and 0 failures
[2024-10-16 23:09:47,842][flwr][INFO] - 
[2024-10-16 23:09:47,842][flwr][INFO] - [ROUND 10]
[2024-10-16 23:09:47,843][flwr][INFO] - configure_fit: strategy sampled 5 clients (out of 50)
[2024-10-16 23:11:24,445][flwr][INFO] - aggregate_fit: received 5 results and 0 failures
[2024-10-16 23:13:00,462][flwr][INFO] - fit progress: (10, 3375.671707034111, {'accuracy': 0.29073604060913705}, 2842.6773421801627)
[2024-10-16 23:13:00,462][flwr][INFO] - configure_evaluate: strategy sampled 2 clients (out of 50)
[2024-10-16 23:13:04,016][flwr][INFO] - aggregate_evaluate: received 2 results and 0 failures
[2024-10-16 23:13:04,016][flwr][INFO] - 
[2024-10-16 23:13:04,016][flwr][INFO] - [ROUND 11]
[2024-10-16 23:13:04,017][flwr][INFO] - configure_fit: strategy sampled 5 clients (out of 50)
[2024-10-16 23:18:01,066][flwr][INFO] - aggregate_fit: received 5 results and 0 failures
[2024-10-16 23:19:36,754][flwr][INFO] - fit progress: (11, 2961.4842237234116, {'accuracy': 0.37138324873096445}, 3238.969811637886)
[2024-10-16 23:19:36,755][flwr][INFO] - configure_evaluate: strategy sampled 2 clients (out of 50)
[2024-10-16 23:19:39,914][flwr][INFO] - aggregate_evaluate: received 2 results and 0 failures
[2024-10-16 23:19:39,915][flwr][INFO] - 
[2024-10-16 23:19:39,915][flwr][INFO] - [ROUND 12]
[2024-10-16 23:19:39,915][flwr][INFO] - configure_fit: strategy sampled 5 clients (out of 50)
[2024-10-16 23:21:23,046][flwr][INFO] - aggregate_fit: received 5 results and 0 failures
[2024-10-16 23:23:00,810][flwr][INFO] - fit progress: (12, 3898.3009835481644, {'accuracy': 0.19373942470389172}, 3443.025598078966)
[2024-10-16 23:23:00,811][flwr][INFO] - configure_evaluate: strategy sampled 2 clients (out of 50)
[2024-10-16 23:23:04,131][flwr][INFO] - aggregate_evaluate: received 2 results and 0 failures
[2024-10-16 23:23:04,131][flwr][INFO] - 
[2024-10-16 23:23:04,131][flwr][INFO] - [ROUND 13]
[2024-10-16 23:23:04,131][flwr][INFO] - configure_fit: strategy sampled 5 clients (out of 50)
[2024-10-16 23:25:09,614][flwr][INFO] - aggregate_fit: received 5 results and 0 failures
[2024-10-16 23:26:44,940][flwr][INFO] - fit progress: (13, 3376.6123044490814, {'accuracy': 0.1707698815566836}, 3667.155249471776)
[2024-10-16 23:26:44,940][flwr][INFO] - configure_evaluate: strategy sampled 2 clients (out of 50)
[2024-10-16 23:26:47,522][flwr][INFO] - aggregate_evaluate: received 2 results and 0 failures
[2024-10-16 23:26:47,522][flwr][INFO] - 
[2024-10-16 23:26:47,522][flwr][INFO] - [ROUND 14]
[2024-10-16 23:26:47,522][flwr][INFO] - configure_fit: strategy sampled 5 clients (out of 50)
[2024-10-16 23:29:14,770][flwr][INFO] - aggregate_fit: received 5 results and 0 failures
[2024-10-16 23:30:50,909][flwr][INFO] - fit progress: (14, 3399.6409858465195, {'accuracy': 0.3713409475465313}, 3913.1243106666952)
[2024-10-16 23:30:50,909][flwr][INFO] - configure_evaluate: strategy sampled 2 clients (out of 50)
[2024-10-16 23:30:54,033][flwr][INFO] - aggregate_evaluate: received 2 results and 0 failures
[2024-10-16 23:30:54,033][flwr][INFO] - 
[2024-10-16 23:30:54,033][flwr][INFO] - [ROUND 15]
[2024-10-16 23:30:54,033][flwr][INFO] - configure_fit: strategy sampled 5 clients (out of 50)
[2024-10-16 23:34:20,096][flwr][INFO] - aggregate_fit: received 5 results and 0 failures
[2024-10-16 23:35:56,148][flwr][INFO] - fit progress: (15, 3195.596013903618, {'accuracy': 0.35714890016920475}, 4218.363654306158)
[2024-10-16 23:35:56,149][flwr][INFO] - configure_evaluate: strategy sampled 2 clients (out of 50)
[2024-10-16 23:35:59,477][flwr][INFO] - aggregate_evaluate: received 2 results and 0 failures
[2024-10-16 23:35:59,477][flwr][INFO] - 
[2024-10-16 23:35:59,477][flwr][INFO] - [ROUND 16]
[2024-10-16 23:35:59,478][flwr][INFO] - configure_fit: strategy sampled 5 clients (out of 50)
[2024-10-16 23:40:21,379][flwr][INFO] - aggregate_fit: received 5 results and 0 failures
[2024-10-16 23:41:56,410][flwr][INFO] - fit progress: (16, 4668.259467840195, {'accuracy': 0.3486040609137056}, 4578.624971398152)
[2024-10-16 23:41:56,410][flwr][INFO] - configure_evaluate: strategy sampled 2 clients (out of 50)
[2024-10-16 23:41:59,096][flwr][INFO] - aggregate_evaluate: received 2 results and 0 failures
[2024-10-16 23:41:59,097][flwr][INFO] - 
[2024-10-16 23:41:59,097][flwr][INFO] - [ROUND 17]
[2024-10-16 23:41:59,097][flwr][INFO] - configure_fit: strategy sampled 5 clients (out of 50)
[2024-10-16 23:43:37,288][flwr][INFO] - aggregate_fit: received 5 results and 0 failures
[2024-10-16 23:45:11,573][flwr][INFO] - fit progress: (17, 2870.227438569069, {'accuracy': 0.2518612521150592}, 4773.788777830079)
[2024-10-16 23:45:11,574][flwr][INFO] - configure_evaluate: strategy sampled 2 clients (out of 50)
[2024-10-16 23:45:13,685][flwr][INFO] - aggregate_evaluate: received 2 results and 0 failures
[2024-10-16 23:45:13,686][flwr][INFO] - 
[2024-10-16 23:45:13,686][flwr][INFO] - [ROUND 18]
[2024-10-16 23:45:13,686][flwr][INFO] - configure_fit: strategy sampled 5 clients (out of 50)
[2024-10-16 23:48:09,561][flwr][INFO] - aggregate_fit: received 5 results and 0 failures
[2024-10-16 23:49:44,628][flwr][INFO] - fit progress: (18, 4007.93984913826, {'accuracy': 0.34418358714043995}, 5046.843539982103)
[2024-10-16 23:49:44,629][flwr][INFO] - configure_evaluate: strategy sampled 2 clients (out of 50)
[2024-10-16 23:49:47,049][flwr][INFO] - aggregate_evaluate: received 2 results and 0 failures
[2024-10-16 23:49:47,049][flwr][INFO] - 
[2024-10-16 23:49:47,049][flwr][INFO] - [ROUND 19]
[2024-10-16 23:49:47,050][flwr][INFO] - configure_fit: strategy sampled 5 clients (out of 50)
[2024-10-16 23:51:45,104][flwr][INFO] - aggregate_fit: received 5 results and 0 failures
[2024-10-16 23:53:20,552][flwr][INFO] - fit progress: (19, 3132.727786064148, {'accuracy': 0.23022419627749577}, 5262.766939911991)
[2024-10-16 23:53:20,552][flwr][INFO] - configure_evaluate: strategy sampled 2 clients (out of 50)
[2024-10-16 23:53:24,015][flwr][INFO] - aggregate_evaluate: received 2 results and 0 failures
[2024-10-16 23:53:24,016][flwr][INFO] - 
[2024-10-16 23:53:24,016][flwr][INFO] - [ROUND 20]
[2024-10-16 23:53:24,016][flwr][INFO] - configure_fit: strategy sampled 5 clients (out of 50)
[2024-10-16 23:56:45,910][flwr][INFO] - aggregate_fit: received 5 results and 0 failures
[2024-10-16 23:58:20,417][flwr][INFO] - fit progress: (20, 3755.090671658516, {'accuracy': 0.361082910321489}, 5562.631989548914)
[2024-10-16 23:58:20,417][flwr][INFO] - configure_evaluate: strategy sampled 2 clients (out of 50)
[2024-10-16 23:58:23,272][flwr][INFO] - aggregate_evaluate: received 2 results and 0 failures
[2024-10-16 23:58:23,272][flwr][INFO] - 
[2024-10-16 23:58:23,272][flwr][INFO] - [ROUND 21]
[2024-10-16 23:58:23,273][flwr][INFO] - configure_fit: strategy sampled 5 clients (out of 50)
[2024-10-16 23:59:59,647][flwr][INFO] - aggregate_fit: received 5 results and 0 failures
[2024-10-17 00:01:34,654][flwr][INFO] - fit progress: (21, 3064.0899064540863, {'accuracy': 0.2645093062605753}, 5756.869790020399)
[2024-10-17 00:01:34,655][flwr][INFO] - configure_evaluate: strategy sampled 2 clients (out of 50)
[2024-10-17 00:01:37,230][flwr][INFO] - aggregate_evaluate: received 2 results and 0 failures
[2024-10-17 00:01:37,231][flwr][INFO] - 
[2024-10-17 00:01:37,231][flwr][INFO] - [ROUND 22]
[2024-10-17 00:01:37,231][flwr][INFO] - configure_fit: strategy sampled 5 clients (out of 50)
[2024-10-17 00:03:48,119][flwr][INFO] - aggregate_fit: received 5 results and 0 failures
[2024-10-17 00:05:29,077][flwr][INFO] - fit progress: (22, 3230.124943256378, {'accuracy': 0.20547800338409475}, 5991.292885067873)
[2024-10-17 00:05:29,078][flwr][INFO] - configure_evaluate: strategy sampled 2 clients (out of 50)
[2024-10-17 00:05:31,466][flwr][INFO] - aggregate_evaluate: received 2 results and 0 failures
[2024-10-17 00:05:31,466][flwr][INFO] - 
[2024-10-17 00:05:31,466][flwr][INFO] - [ROUND 23]
[2024-10-17 00:05:31,466][flwr][INFO] - configure_fit: strategy sampled 5 clients (out of 50)
[2024-10-17 00:07:31,802][flwr][INFO] - aggregate_fit: received 5 results and 0 failures
[2024-10-17 00:09:08,537][flwr][INFO] - fit progress: (23, 5286.950411081314, {'accuracy': 0.29063028764805415}, 6210.752876496874)
[2024-10-17 00:09:08,538][flwr][INFO] - configure_evaluate: strategy sampled 2 clients (out of 50)
[2024-10-17 00:09:12,165][flwr][INFO] - aggregate_evaluate: received 2 results and 0 failures
[2024-10-17 00:09:12,166][flwr][INFO] - 
[2024-10-17 00:09:12,166][flwr][INFO] - [ROUND 24]
[2024-10-17 00:09:12,166][flwr][INFO] - configure_fit: strategy sampled 5 clients (out of 50)
[2024-10-17 00:10:42,430][flwr][INFO] - aggregate_fit: received 5 results and 0 failures
[2024-10-17 00:12:17,499][flwr][INFO] - fit progress: (24, 6054.287169456482, {'accuracy': 0.37292724196277494}, 6399.714255352505)
[2024-10-17 00:12:17,499][flwr][INFO] - configure_evaluate: strategy sampled 2 clients (out of 50)
[2024-10-17 00:12:20,371][flwr][INFO] - aggregate_evaluate: received 2 results and 0 failures
[2024-10-17 00:12:20,372][flwr][INFO] - 
[2024-10-17 00:12:20,372][flwr][INFO] - [ROUND 25]
[2024-10-17 00:12:20,372][flwr][INFO] - configure_fit: strategy sampled 5 clients (out of 50)
[2024-10-17 00:14:02,315][flwr][INFO] - aggregate_fit: received 5 results and 0 failures
[2024-10-17 00:15:43,284][flwr][INFO] - fit progress: (25, 3018.989400744438, {'accuracy': 0.26584179357022}, 6605.499502749182)
[2024-10-17 00:15:43,284][flwr][INFO] - configure_evaluate: strategy sampled 2 clients (out of 50)
[2024-10-17 00:15:45,474][flwr][INFO] - aggregate_evaluate: received 2 results and 0 failures
[2024-10-17 00:15:45,474][flwr][INFO] - 
[2024-10-17 00:15:45,474][flwr][INFO] - [ROUND 26]
[2024-10-17 00:15:45,474][flwr][INFO] - configure_fit: strategy sampled 5 clients (out of 50)
[2024-10-17 00:19:13,876][flwr][INFO] - aggregate_fit: received 5 results and 0 failures
[2024-10-17 00:20:48,176][flwr][INFO] - fit progress: (26, 4432.75722014904, {'accuracy': 0.3568527918781726}, 6910.391386623494)
[2024-10-17 00:20:48,176][flwr][INFO] - configure_evaluate: strategy sampled 2 clients (out of 50)
[2024-10-17 00:20:50,919][flwr][INFO] - aggregate_evaluate: received 2 results and 0 failures
[2024-10-17 00:20:50,919][flwr][INFO] - 
[2024-10-17 00:20:50,919][flwr][INFO] - [ROUND 27]
[2024-10-17 00:20:50,920][flwr][INFO] - configure_fit: strategy sampled 5 clients (out of 50)
[2024-10-17 00:23:25,856][flwr][INFO] - aggregate_fit: received 5 results and 0 failures
[2024-10-17 00:25:01,212][flwr][INFO] - fit progress: (27, 3082.1721719503403, {'accuracy': 0.3612944162436548}, 7163.427198832855)
[2024-10-17 00:25:01,212][flwr][INFO] - configure_evaluate: strategy sampled 2 clients (out of 50)
[2024-10-17 00:25:04,391][flwr][INFO] - aggregate_evaluate: received 2 results and 0 failures
[2024-10-17 00:25:04,391][flwr][INFO] - 
[2024-10-17 00:25:04,392][flwr][INFO] - [ROUND 28]
[2024-10-17 00:25:04,392][flwr][INFO] - configure_fit: strategy sampled 5 clients (out of 50)
[2024-10-17 00:27:21,500][flwr][INFO] - aggregate_fit: received 5 results and 0 failures
[2024-10-17 00:28:57,097][flwr][INFO] - fit progress: (28, 3675.916555285454, {'accuracy': 0.3399534686971235}, 7399.312316278927)
[2024-10-17 00:28:57,097][flwr][INFO] - configure_evaluate: strategy sampled 2 clients (out of 50)
[2024-10-17 00:29:00,067][flwr][INFO] - aggregate_evaluate: received 2 results and 0 failures
[2024-10-17 00:29:00,068][flwr][INFO] - 
[2024-10-17 00:29:00,068][flwr][INFO] - [ROUND 29]
[2024-10-17 00:29:00,068][flwr][INFO] - configure_fit: strategy sampled 5 clients (out of 50)
[2024-10-17 00:30:13,740][flwr][INFO] - aggregate_fit: received 5 results and 0 failures
[2024-10-17 00:31:49,278][flwr][INFO] - fit progress: (29, 3050.1760605573654, {'accuracy': 0.21761844331641286}, 7571.493768048473)
[2024-10-17 00:31:49,279][flwr][INFO] - configure_evaluate: strategy sampled 2 clients (out of 50)
[2024-10-17 00:31:52,300][flwr][INFO] - aggregate_evaluate: received 2 results and 0 failures
[2024-10-17 00:31:52,301][flwr][INFO] - 
[2024-10-17 00:31:52,301][flwr][INFO] - [ROUND 30]
[2024-10-17 00:31:52,301][flwr][INFO] - configure_fit: strategy sampled 5 clients (out of 50)
[2024-10-17 00:34:00,183][flwr][INFO] - aggregate_fit: received 5 results and 0 failures
[2024-10-17 00:35:35,385][flwr][INFO] - fit progress: (30, 2667.8182364702225, {'accuracy': 0.35207275803722504}, 7797.600372535177)
[2024-10-17 00:35:35,385][flwr][INFO] - configure_evaluate: strategy sampled 2 clients (out of 50)
[2024-10-17 00:35:39,050][flwr][INFO] - aggregate_evaluate: received 2 results and 0 failures
[2024-10-17 00:35:39,050][flwr][INFO] - 
[2024-10-17 00:35:39,050][flwr][INFO] - [ROUND 31]
[2024-10-17 00:35:39,050][flwr][INFO] - configure_fit: strategy sampled 5 clients (out of 50)
[2024-10-17 00:39:23,292][flwr][INFO] - aggregate_fit: received 5 results and 0 failures
[2024-10-17 00:40:57,989][flwr][INFO] - fit progress: (31, 3198.824567437172, {'accuracy': 0.3785744500846024}, 8120.203955852427)
[2024-10-17 00:40:57,989][flwr][INFO] - configure_evaluate: strategy sampled 2 clients (out of 50)
[2024-10-17 00:41:00,859][flwr][INFO] - aggregate_evaluate: received 2 results and 0 failures
[2024-10-17 00:41:00,859][flwr][INFO] - 
[2024-10-17 00:41:00,859][flwr][INFO] - [ROUND 32]
[2024-10-17 00:41:00,859][flwr][INFO] - configure_fit: strategy sampled 5 clients (out of 50)
[2024-10-17 00:42:52,626][flwr][INFO] - aggregate_fit: received 5 results and 0 failures
[2024-10-17 00:44:26,869][flwr][INFO] - fit progress: (32, 3742.408336877823, {'accuracy': 0.19718697123519457}, 8329.084498033859)
[2024-10-17 00:44:26,869][flwr][INFO] - configure_evaluate: strategy sampled 2 clients (out of 50)
[2024-10-17 00:44:30,164][flwr][INFO] - aggregate_evaluate: received 2 results and 0 failures
[2024-10-17 00:44:30,164][flwr][INFO] - 
[2024-10-17 00:44:30,164][flwr][INFO] - [ROUND 33]
[2024-10-17 00:44:30,164][flwr][INFO] - configure_fit: strategy sampled 5 clients (out of 50)
[2024-10-17 00:46:32,314][flwr][INFO] - aggregate_fit: received 5 results and 0 failures
[2024-10-17 00:48:06,976][flwr][INFO] - fit progress: (33, 4031.9980129003525, {'accuracy': 0.1995135363790186}, 8549.19098647777)
[2024-10-17 00:48:06,976][flwr][INFO] - configure_evaluate: strategy sampled 2 clients (out of 50)
[2024-10-17 00:48:09,778][flwr][INFO] - aggregate_evaluate: received 2 results and 0 failures
[2024-10-17 00:48:09,778][flwr][INFO] - 
[2024-10-17 00:48:09,778][flwr][INFO] - [ROUND 34]
[2024-10-17 00:48:09,778][flwr][INFO] - configure_fit: strategy sampled 5 clients (out of 50)
[2024-10-17 00:49:30,580][flwr][INFO] - aggregate_fit: received 5 results and 0 failures
[2024-10-17 00:51:06,202][flwr][INFO] - fit progress: (34, 3274.3689761161804, {'accuracy': 0.23164128595600678}, 8728.417387897149)
[2024-10-17 00:51:06,202][flwr][INFO] - configure_evaluate: strategy sampled 2 clients (out of 50)
[2024-10-17 00:51:08,938][flwr][INFO] - aggregate_evaluate: received 2 results and 0 failures
[2024-10-17 00:51:08,938][flwr][INFO] - 
[2024-10-17 00:51:08,938][flwr][INFO] - [ROUND 35]
[2024-10-17 00:51:08,938][flwr][INFO] - configure_fit: strategy sampled 5 clients (out of 50)
[2024-10-17 00:55:45,755][flwr][INFO] - aggregate_fit: received 5 results and 0 failures
[2024-10-17 00:57:20,983][flwr][INFO] - fit progress: (35, 3158.0092235803604, {'accuracy': 0.3830160744500846}, 9103.19807259459)
[2024-10-17 00:57:20,983][flwr][INFO] - configure_evaluate: strategy sampled 2 clients (out of 50)
[2024-10-17 00:57:24,109][flwr][INFO] - aggregate_evaluate: received 2 results and 0 failures
[2024-10-17 00:57:24,110][flwr][INFO] - 
[2024-10-17 00:57:24,110][flwr][INFO] - [ROUND 36]
[2024-10-17 00:57:24,110][flwr][INFO] - configure_fit: strategy sampled 5 clients (out of 50)
[2024-10-17 00:59:55,752][flwr][INFO] - aggregate_fit: received 5 results and 0 failures
[2024-10-17 01:01:30,341][flwr][INFO] - fit progress: (36, 3031.4986122846603, {'accuracy': 0.22696700507614212}, 9352.556549818255)
[2024-10-17 01:01:30,341][flwr][INFO] - configure_evaluate: strategy sampled 2 clients (out of 50)
[2024-10-17 01:01:33,149][flwr][INFO] - aggregate_evaluate: received 2 results and 0 failures
[2024-10-17 01:01:33,150][flwr][INFO] - 
[2024-10-17 01:01:33,150][flwr][INFO] - [ROUND 37]
[2024-10-17 01:01:33,150][flwr][INFO] - configure_fit: strategy sampled 5 clients (out of 50)
[2024-10-17 01:04:35,220][flwr][INFO] - aggregate_fit: received 5 results and 0 failures
[2024-10-17 01:06:09,539][flwr][INFO] - fit progress: (37, 2785.616904258728, {'accuracy': 0.375253807106599}, 9631.754165997729)
[2024-10-17 01:06:09,539][flwr][INFO] - configure_evaluate: strategy sampled 2 clients (out of 50)
[2024-10-17 01:06:13,568][flwr][INFO] - aggregate_evaluate: received 2 results and 0 failures
[2024-10-17 01:06:13,569][flwr][INFO] - 
[2024-10-17 01:06:13,569][flwr][INFO] - [ROUND 38]
[2024-10-17 01:06:13,569][flwr][INFO] - configure_fit: strategy sampled 5 clients (out of 50)
[2024-10-17 01:08:34,234][flwr][INFO] - aggregate_fit: received 5 results and 0 failures
[2024-10-17 01:10:10,487][flwr][INFO] - fit progress: (38, 2668.7866364717484, {'accuracy': 0.37601522842639595}, 9872.702175307088)
[2024-10-17 01:10:10,487][flwr][INFO] - configure_evaluate: strategy sampled 2 clients (out of 50)
[2024-10-17 01:10:14,217][flwr][INFO] - aggregate_evaluate: received 2 results and 0 failures
[2024-10-17 01:10:14,218][flwr][INFO] - 
[2024-10-17 01:10:14,218][flwr][INFO] - [ROUND 39]
[2024-10-17 01:10:14,218][flwr][INFO] - configure_fit: strategy sampled 5 clients (out of 50)
[2024-10-17 01:11:40,006][flwr][INFO] - aggregate_fit: received 5 results and 0 failures
[2024-10-17 01:13:14,430][flwr][INFO] - fit progress: (39, 2492.755544424057, {'accuracy': 0.4002115059221658}, 10056.64570585452)
[2024-10-17 01:13:14,431][flwr][INFO] - configure_evaluate: strategy sampled 2 clients (out of 50)
[2024-10-17 01:13:17,206][flwr][INFO] - aggregate_evaluate: received 2 results and 0 failures
[2024-10-17 01:13:17,207][flwr][INFO] - 
[2024-10-17 01:13:17,207][flwr][INFO] - [ROUND 40]
[2024-10-17 01:13:17,207][flwr][INFO] - configure_fit: strategy sampled 5 clients (out of 50)
[2024-10-17 01:17:03,109][flwr][INFO] - aggregate_fit: received 5 results and 0 failures
[2024-10-17 01:18:37,219][flwr][INFO] - fit progress: (40, 2666.5448521375656, {'accuracy': 0.3820431472081218}, 10379.434608695097)
[2024-10-17 01:18:37,220][flwr][INFO] - configure_evaluate: strategy sampled 2 clients (out of 50)
[2024-10-17 01:18:40,365][flwr][INFO] - aggregate_evaluate: received 2 results and 0 failures
[2024-10-17 01:18:40,365][flwr][INFO] - 
[2024-10-17 01:18:40,366][flwr][INFO] - [ROUND 41]
[2024-10-17 01:18:40,366][flwr][INFO] - configure_fit: strategy sampled 5 clients (out of 50)
[2024-10-17 01:20:30,925][flwr][INFO] - aggregate_fit: received 5 results and 0 failures
[2024-10-17 01:22:05,510][flwr][INFO] - fit progress: (41, 4388.500500321388, {'accuracy': 0.26774534686971235}, 10587.725520459935)
[2024-10-17 01:22:05,510][flwr][INFO] - configure_evaluate: strategy sampled 2 clients (out of 50)
[2024-10-17 01:22:09,086][flwr][INFO] - aggregate_evaluate: received 2 results and 0 failures
[2024-10-17 01:22:09,087][flwr][INFO] - 
[2024-10-17 01:22:09,087][flwr][INFO] - [ROUND 42]
[2024-10-17 01:22:09,087][flwr][INFO] - configure_fit: strategy sampled 5 clients (out of 50)
[2024-10-17 01:23:32,315][flwr][INFO] - aggregate_fit: received 5 results and 0 failures
[2024-10-17 01:25:08,152][flwr][INFO] - fit progress: (42, 3347.25448179245, {'accuracy': 0.1508460236886633}, 10770.36699711904)
[2024-10-17 01:25:08,152][flwr][INFO] - configure_evaluate: strategy sampled 2 clients (out of 50)
[2024-10-17 01:25:10,625][flwr][INFO] - aggregate_evaluate: received 2 results and 0 failures
[2024-10-17 01:25:10,625][flwr][INFO] - 
[2024-10-17 01:25:10,625][flwr][INFO] - [ROUND 43]
[2024-10-17 01:25:10,625][flwr][INFO] - configure_fit: strategy sampled 5 clients (out of 50)
[2024-10-17 01:26:42,580][flwr][INFO] - aggregate_fit: received 5 results and 0 failures
[2024-10-17 01:28:17,578][flwr][INFO] - fit progress: (43, 3464.4676064252853, {'accuracy': 0.2568739424703892}, 10959.793719514273)
[2024-10-17 01:28:17,579][flwr][INFO] - configure_evaluate: strategy sampled 2 clients (out of 50)
[2024-10-17 01:28:20,738][flwr][INFO] - aggregate_evaluate: received 2 results and 0 failures
[2024-10-17 01:28:20,738][flwr][INFO] - 
[2024-10-17 01:28:20,738][flwr][INFO] - [ROUND 44]
[2024-10-17 01:28:20,738][flwr][INFO] - configure_fit: strategy sampled 5 clients (out of 50)
[2024-10-17 01:31:36,525][flwr][INFO] - aggregate_fit: received 5 results and 0 failures
[2024-10-17 01:33:10,798][flwr][INFO] - fit progress: (44, 3064.396419644356, {'accuracy': 0.3640016920473773}, 11253.013558970764)
[2024-10-17 01:33:10,798][flwr][INFO] - configure_evaluate: strategy sampled 2 clients (out of 50)
[2024-10-17 01:33:13,214][flwr][INFO] - aggregate_evaluate: received 2 results and 0 failures
[2024-10-17 01:33:13,214][flwr][INFO] - 
[2024-10-17 01:33:13,214][flwr][INFO] - [ROUND 45]
[2024-10-17 01:33:13,214][flwr][INFO] - configure_fit: strategy sampled 5 clients (out of 50)
[2024-10-17 01:36:50,204][flwr][INFO] - aggregate_fit: received 5 results and 0 failures
[2024-10-17 01:38:24,016][flwr][INFO] - fit progress: (45, 3162.388147354126, {'accuracy': 0.3455795262267343}, 11566.231596574187)
[2024-10-17 01:38:24,016][flwr][INFO] - configure_evaluate: strategy sampled 2 clients (out of 50)
[2024-10-17 01:38:27,461][flwr][INFO] - aggregate_evaluate: received 2 results and 0 failures
[2024-10-17 01:38:27,461][flwr][INFO] - 
[2024-10-17 01:38:27,462][flwr][INFO] - [ROUND 46]
[2024-10-17 01:38:27,462][flwr][INFO] - configure_fit: strategy sampled 5 clients (out of 50)
[2024-10-17 01:40:33,027][flwr][INFO] - aggregate_fit: received 5 results and 0 failures
[2024-10-17 01:42:07,011][flwr][INFO] - fit progress: (46, 2977.8559432029724, {'accuracy': 0.3984348561759729}, 11789.22620999813)
[2024-10-17 01:42:07,011][flwr][INFO] - configure_evaluate: strategy sampled 2 clients (out of 50)
[2024-10-17 01:42:09,419][flwr][INFO] - aggregate_evaluate: received 2 results and 0 failures
[2024-10-17 01:42:09,420][flwr][INFO] - 
[2024-10-17 01:42:09,420][flwr][INFO] - [ROUND 47]
[2024-10-17 01:42:09,420][flwr][INFO] - configure_fit: strategy sampled 5 clients (out of 50)
[2024-10-17 01:46:17,864][flwr][INFO] - aggregate_fit: received 5 results and 0 failures
[2024-10-17 01:47:51,963][flwr][INFO] - fit progress: (47, 2727.9010219573975, {'accuracy': 0.3110617597292724}, 12134.178088957444)
[2024-10-17 01:47:51,963][flwr][INFO] - configure_evaluate: strategy sampled 2 clients (out of 50)
[2024-10-17 01:47:55,531][flwr][INFO] - aggregate_evaluate: received 2 results and 0 failures
[2024-10-17 01:47:55,531][flwr][INFO] - 
[2024-10-17 01:47:55,531][flwr][INFO] - [ROUND 48]
[2024-10-17 01:47:55,531][flwr][INFO] - configure_fit: strategy sampled 5 clients (out of 50)
[2024-10-17 01:50:53,704][flwr][INFO] - aggregate_fit: received 5 results and 0 failures
[2024-10-17 01:52:30,291][flwr][INFO] - fit progress: (48, 2349.4540190696716, {'accuracy': 0.40348984771573604}, 12412.50599694904)
[2024-10-17 01:52:30,291][flwr][INFO] - configure_evaluate: strategy sampled 2 clients (out of 50)
[2024-10-17 01:52:33,132][flwr][INFO] - aggregate_evaluate: received 2 results and 0 failures
[2024-10-17 01:52:33,132][flwr][INFO] - 
[2024-10-17 01:52:33,132][flwr][INFO] - [ROUND 49]
[2024-10-17 01:52:33,132][flwr][INFO] - configure_fit: strategy sampled 5 clients (out of 50)
[2024-10-17 01:54:39,629][flwr][INFO] - aggregate_fit: received 5 results and 0 failures
[2024-10-17 01:56:18,739][flwr][INFO] - fit progress: (49, 3261.412885427475, {'accuracy': 0.2906091370558376}, 12640.95466830954)
[2024-10-17 01:56:18,740][flwr][INFO] - configure_evaluate: strategy sampled 2 clients (out of 50)
[2024-10-17 01:56:21,060][flwr][INFO] - aggregate_evaluate: received 2 results and 0 failures
[2024-10-17 01:56:21,061][flwr][INFO] - 
[2024-10-17 01:56:21,061][flwr][INFO] - [ROUND 50]
[2024-10-17 01:56:21,061][flwr][INFO] - configure_fit: strategy sampled 5 clients (out of 50)
[2024-10-17 02:00:34,202][flwr][INFO] - aggregate_fit: received 5 results and 0 failures
[2024-10-17 02:02:11,085][flwr][INFO] - fit progress: (50, 3006.6961866617203, {'accuracy': 0.3857233502538071}, 12993.300300181843)
[2024-10-17 02:02:11,085][flwr][INFO] - configure_evaluate: strategy sampled 2 clients (out of 50)
[2024-10-17 02:02:14,058][flwr][INFO] - aggregate_evaluate: received 2 results and 0 failures
[2024-10-17 02:02:14,058][flwr][INFO] - 
[2024-10-17 02:02:14,058][flwr][INFO] - [ROUND 51]
[2024-10-17 02:02:14,059][flwr][INFO] - configure_fit: strategy sampled 5 clients (out of 50)
[2024-10-17 02:05:10,566][flwr][INFO] - aggregate_fit: received 5 results and 0 failures
[2024-10-17 02:06:45,972][flwr][INFO] - fit progress: (51, 3107.5992863178253, {'accuracy': 0.37684010152284264}, 13268.18695797678)
[2024-10-17 02:06:45,972][flwr][INFO] - configure_evaluate: strategy sampled 2 clients (out of 50)
[2024-10-17 02:06:48,937][flwr][INFO] - aggregate_evaluate: received 2 results and 0 failures
[2024-10-17 02:06:48,938][flwr][INFO] - 
[2024-10-17 02:06:48,938][flwr][INFO] - [ROUND 52]
[2024-10-17 02:06:48,938][flwr][INFO] - configure_fit: strategy sampled 5 clients (out of 50)
[2024-10-17 02:09:13,455][flwr][INFO] - aggregate_fit: received 5 results and 0 failures
[2024-10-17 02:10:47,139][flwr][INFO] - fit progress: (52, 3291.391319155693, {'accuracy': 0.2495135363790186}, 13509.353992577642)
[2024-10-17 02:10:47,139][flwr][INFO] - configure_evaluate: strategy sampled 2 clients (out of 50)
[2024-10-17 02:10:50,001][flwr][INFO] - aggregate_evaluate: received 2 results and 0 failures
[2024-10-17 02:10:50,001][flwr][INFO] - 
[2024-10-17 02:10:50,001][flwr][INFO] - [ROUND 53]
[2024-10-17 02:10:50,002][flwr][INFO] - configure_fit: strategy sampled 5 clients (out of 50)
[2024-10-17 02:14:09,415][flwr][INFO] - aggregate_fit: received 5 results and 0 failures
[2024-10-17 02:15:44,251][flwr][INFO] - fit progress: (53, 2950.38143157959, {'accuracy': 0.40740270727580374}, 13806.466707253829)
[2024-10-17 02:15:44,252][flwr][INFO] - configure_evaluate: strategy sampled 2 clients (out of 50)
[2024-10-17 02:15:46,838][flwr][INFO] - aggregate_evaluate: received 2 results and 0 failures
[2024-10-17 02:15:46,838][flwr][INFO] - 
[2024-10-17 02:15:46,838][flwr][INFO] - [ROUND 54]
[2024-10-17 02:15:46,839][flwr][INFO] - configure_fit: strategy sampled 5 clients (out of 50)
[2024-10-17 02:18:53,463][flwr][INFO] - aggregate_fit: received 5 results and 0 failures
[2024-10-17 02:20:27,057][flwr][INFO] - fit progress: (54, 2814.10923743248, {'accuracy': 0.34073604060913704}, 14089.272129043937)
[2024-10-17 02:20:27,057][flwr][INFO] - configure_evaluate: strategy sampled 2 clients (out of 50)
[2024-10-17 02:20:29,551][flwr][INFO] - aggregate_evaluate: received 2 results and 0 failures
[2024-10-17 02:20:29,552][flwr][INFO] - 
[2024-10-17 02:20:29,552][flwr][INFO] - [ROUND 55]
[2024-10-17 02:20:29,552][flwr][INFO] - configure_fit: strategy sampled 5 clients (out of 50)
[2024-10-17 02:21:41,689][flwr][INFO] - aggregate_fit: received 5 results and 0 failures
[2024-10-17 02:23:15,441][flwr][INFO] - fit progress: (55, 3531.351051092148, {'accuracy': 0.24018612521150592}, 14257.656765014865)
[2024-10-17 02:23:15,442][flwr][INFO] - configure_evaluate: strategy sampled 2 clients (out of 50)
[2024-10-17 02:23:18,110][flwr][INFO] - aggregate_evaluate: received 2 results and 0 failures
[2024-10-17 02:23:18,111][flwr][INFO] - 
[2024-10-17 02:23:18,111][flwr][INFO] - [ROUND 56]
[2024-10-17 02:23:18,111][flwr][INFO] - configure_fit: strategy sampled 5 clients (out of 50)
[2024-10-17 02:26:04,547][flwr][INFO] - aggregate_fit: received 5 results and 0 failures
[2024-10-17 02:27:50,555][flwr][INFO] - fit progress: (56, 4240.421196341515, {'accuracy': 0.27787648054145514}, 14532.770112162456)
[2024-10-17 02:27:50,555][flwr][INFO] - configure_evaluate: strategy sampled 2 clients (out of 50)
[2024-10-17 02:27:53,379][flwr][INFO] - aggregate_evaluate: received 2 results and 0 failures
[2024-10-17 02:27:53,380][flwr][INFO] - 
[2024-10-17 02:27:53,380][flwr][INFO] - [ROUND 57]
[2024-10-17 02:27:53,380][flwr][INFO] - configure_fit: strategy sampled 5 clients (out of 50)
[2024-10-17 02:31:28,380][flwr][INFO] - aggregate_fit: received 5 results and 0 failures
[2024-10-17 02:33:13,785][flwr][INFO] - fit progress: (57, 2662.4892185926437, {'accuracy': 0.4139805414551607}, 14856.000857060775)
[2024-10-17 02:33:13,786][flwr][INFO] - configure_evaluate: strategy sampled 2 clients (out of 50)
[2024-10-17 02:33:17,022][flwr][INFO] - aggregate_evaluate: received 2 results and 0 failures
[2024-10-17 02:33:17,022][flwr][INFO] - 
[2024-10-17 02:33:17,022][flwr][INFO] - [ROUND 58]
[2024-10-17 02:33:17,022][flwr][INFO] - configure_fit: strategy sampled 5 clients (out of 50)
[2024-10-17 02:35:27,374][flwr][INFO] - aggregate_fit: received 5 results and 0 failures
[2024-10-17 02:37:16,961][flwr][INFO] - fit progress: (58, 2894.045387029648, {'accuracy': 0.22491539763113366}, 15099.176665043458)
[2024-10-17 02:37:16,962][flwr][INFO] - configure_evaluate: strategy sampled 2 clients (out of 50)
[2024-10-17 02:37:20,096][flwr][INFO] - aggregate_evaluate: received 2 results and 0 failures
[2024-10-17 02:37:20,097][flwr][INFO] - 
[2024-10-17 02:37:20,097][flwr][INFO] - [ROUND 59]
[2024-10-17 02:37:20,097][flwr][INFO] - configure_fit: strategy sampled 5 clients (out of 50)
[2024-10-17 02:39:08,430][flwr][INFO] - aggregate_fit: received 5 results and 0 failures
[2024-10-17 02:40:54,030][flwr][INFO] - fit progress: (59, 4368.5635051727295, {'accuracy': 0.19441624365482232}, 15316.244714391418)
[2024-10-17 02:40:54,031][flwr][INFO] - configure_evaluate: strategy sampled 2 clients (out of 50)
[2024-10-17 02:40:57,293][flwr][INFO] - aggregate_evaluate: received 2 results and 0 failures
[2024-10-17 02:40:57,294][flwr][INFO] - 
[2024-10-17 02:40:57,294][flwr][INFO] - [ROUND 60]
[2024-10-17 02:40:57,294][flwr][INFO] - configure_fit: strategy sampled 5 clients (out of 50)
[2024-10-17 02:42:56,992][flwr][INFO] - aggregate_fit: received 5 results and 0 failures
[2024-10-17 02:44:45,707][flwr][INFO] - fit progress: (60, 3252.7475628852844, {'accuracy': 0.3277284263959391}, 15547.922123811208)
[2024-10-17 02:44:45,707][flwr][INFO] - configure_evaluate: strategy sampled 2 clients (out of 50)
[2024-10-17 02:44:49,180][flwr][INFO] - aggregate_evaluate: received 2 results and 0 failures
[2024-10-17 02:44:49,181][flwr][INFO] - 
[2024-10-17 02:44:49,181][flwr][INFO] - [ROUND 61]
[2024-10-17 02:44:49,181][flwr][INFO] - configure_fit: strategy sampled 5 clients (out of 50)
[2024-10-17 02:46:19,999][flwr][INFO] - aggregate_fit: received 5 results and 0 failures
[2024-10-17 02:48:05,933][flwr][INFO] - fit progress: (61, 3744.320837855339, {'accuracy': 0.2687394247038917}, 15748.148148877546)
[2024-10-17 02:48:05,934][flwr][INFO] - configure_evaluate: strategy sampled 2 clients (out of 50)
[2024-10-17 02:48:10,024][flwr][INFO] - aggregate_evaluate: received 2 results and 0 failures
[2024-10-17 02:48:10,024][flwr][INFO] - 
[2024-10-17 02:48:10,024][flwr][INFO] - [ROUND 62]
[2024-10-17 02:48:10,024][flwr][INFO] - configure_fit: strategy sampled 5 clients (out of 50)
[2024-10-17 02:49:55,699][flwr][INFO] - aggregate_fit: received 5 results and 0 failures
[2024-10-17 02:51:38,462][flwr][INFO] - fit progress: (62, 3454.8547172546387, {'accuracy': 0.15697969543147208}, 15960.677033044398)
[2024-10-17 02:51:38,462][flwr][INFO] - configure_evaluate: strategy sampled 2 clients (out of 50)
[2024-10-17 02:51:42,031][flwr][INFO] - aggregate_evaluate: received 2 results and 0 failures
[2024-10-17 02:51:42,031][flwr][INFO] - 
[2024-10-17 02:51:42,032][flwr][INFO] - [ROUND 63]
[2024-10-17 02:51:42,032][flwr][INFO] - configure_fit: strategy sampled 5 clients (out of 50)
[2024-10-17 02:54:19,015][flwr][INFO] - aggregate_fit: received 5 results and 0 failures
[2024-10-17 02:55:59,260][flwr][INFO] - fit progress: (63, 3749.8570038080215, {'accuracy': 0.2297165820642978}, 16221.475702293217)
[2024-10-17 02:55:59,261][flwr][INFO] - configure_evaluate: strategy sampled 2 clients (out of 50)
[2024-10-17 02:56:02,087][flwr][INFO] - aggregate_evaluate: received 2 results and 0 failures
[2024-10-17 02:56:02,087][flwr][INFO] - 
[2024-10-17 02:56:02,087][flwr][INFO] - [ROUND 64]
[2024-10-17 02:56:02,088][flwr][INFO] - configure_fit: strategy sampled 5 clients (out of 50)
[2024-10-17 02:59:18,904][flwr][INFO] - aggregate_fit: received 5 results and 0 failures
[2024-10-17 03:01:02,898][flwr][INFO] - fit progress: (64, 2790.4122306108475, {'accuracy': 0.2991962774957699}, 16525.112998956814)
[2024-10-17 03:01:02,898][flwr][INFO] - configure_evaluate: strategy sampled 2 clients (out of 50)
[2024-10-17 03:01:04,844][flwr][INFO] - aggregate_evaluate: received 2 results and 0 failures
[2024-10-17 03:01:04,845][flwr][INFO] - 
[2024-10-17 03:01:04,845][flwr][INFO] - [ROUND 65]
[2024-10-17 03:01:04,845][flwr][INFO] - configure_fit: strategy sampled 5 clients (out of 50)
[2024-10-17 03:03:22,377][flwr][INFO] - aggregate_fit: received 5 results and 0 failures
[2024-10-17 03:05:04,554][flwr][INFO] - fit progress: (65, 2434.3473871946335, {'accuracy': 0.38121827411167514}, 16766.76901093684)
[2024-10-17 03:05:04,554][flwr][INFO] - configure_evaluate: strategy sampled 2 clients (out of 50)
[2024-10-17 03:05:07,958][flwr][INFO] - aggregate_evaluate: received 2 results and 0 failures
[2024-10-17 03:05:07,958][flwr][INFO] - 
[2024-10-17 03:05:07,959][flwr][INFO] - [ROUND 66]
[2024-10-17 03:05:07,959][flwr][INFO] - configure_fit: strategy sampled 5 clients (out of 50)
[2024-10-17 03:06:52,057][flwr][INFO] - aggregate_fit: received 5 results and 0 failures
[2024-10-17 03:08:38,507][flwr][INFO] - fit progress: (66, 3222.559287905693, {'accuracy': 0.2941624365482233}, 16980.7222618768)
[2024-10-17 03:08:38,507][flwr][INFO] - configure_evaluate: strategy sampled 2 clients (out of 50)
[2024-10-17 03:08:41,829][flwr][INFO] - aggregate_evaluate: received 2 results and 0 failures
[2024-10-17 03:08:41,829][flwr][INFO] - 
[2024-10-17 03:08:41,829][flwr][INFO] - [ROUND 67]
[2024-10-17 03:08:41,830][flwr][INFO] - configure_fit: strategy sampled 5 clients (out of 50)
[2024-10-17 03:10:56,114][flwr][INFO] - aggregate_fit: received 5 results and 0 failures
[2024-10-17 03:12:41,462][flwr][INFO] - fit progress: (67, 3666.2109332084656, {'accuracy': 0.23724619289340101}, 17223.677134713158)
[2024-10-17 03:12:41,462][flwr][INFO] - configure_evaluate: strategy sampled 2 clients (out of 50)
[2024-10-17 03:12:43,579][flwr][INFO] - aggregate_evaluate: received 2 results and 0 failures
[2024-10-17 03:12:43,579][flwr][INFO] - 
[2024-10-17 03:12:43,579][flwr][INFO] - [ROUND 68]
[2024-10-17 03:12:43,579][flwr][INFO] - configure_fit: strategy sampled 5 clients (out of 50)
[2024-10-17 03:17:08,386][flwr][INFO] - aggregate_fit: received 5 results and 0 failures
[2024-10-17 03:18:56,513][flwr][INFO] - fit progress: (68, 4051.54046690464, {'accuracy': 0.3600042301184433}, 17598.728637335822)
[2024-10-17 03:18:56,514][flwr][INFO] - configure_evaluate: strategy sampled 2 clients (out of 50)
[2024-10-17 03:18:59,005][flwr][INFO] - aggregate_evaluate: received 2 results and 0 failures
[2024-10-17 03:18:59,006][flwr][INFO] - 
[2024-10-17 03:18:59,006][flwr][INFO] - [ROUND 69]
[2024-10-17 03:18:59,006][flwr][INFO] - configure_fit: strategy sampled 5 clients (out of 50)
[2024-10-17 03:21:51,790][flwr][INFO] - aggregate_fit: received 5 results and 0 failures
[2024-10-17 03:23:38,536][flwr][INFO] - fit progress: (69, 4303.8203238248825, {'accuracy': 0.2892766497461929}, 17880.751128468663)
[2024-10-17 03:23:38,536][flwr][INFO] - configure_evaluate: strategy sampled 2 clients (out of 50)
[2024-10-17 03:23:41,312][flwr][INFO] - aggregate_evaluate: received 2 results and 0 failures
[2024-10-17 03:23:41,313][flwr][INFO] - 
[2024-10-17 03:23:41,313][flwr][INFO] - [ROUND 70]
[2024-10-17 03:23:41,313][flwr][INFO] - configure_fit: strategy sampled 5 clients (out of 50)
[2024-10-17 03:26:16,230][flwr][INFO] - aggregate_fit: received 5 results and 0 failures
[2024-10-17 03:28:03,747][flwr][INFO] - fit progress: (70, 2584.167171537876, {'accuracy': 0.36728003384094754}, 18145.96210259199)
[2024-10-17 03:28:03,747][flwr][INFO] - configure_evaluate: strategy sampled 2 clients (out of 50)
[2024-10-17 03:28:05,978][flwr][INFO] - aggregate_evaluate: received 2 results and 0 failures
[2024-10-17 03:28:05,978][flwr][INFO] - 
[2024-10-17 03:28:05,978][flwr][INFO] - [ROUND 71]
[2024-10-17 03:28:05,978][flwr][INFO] - configure_fit: strategy sampled 5 clients (out of 50)
[2024-10-17 03:29:53,911][flwr][INFO] - aggregate_fit: received 5 results and 0 failures
[2024-10-17 03:31:37,832][flwr][INFO] - fit progress: (71, 25782.384900808334, {'accuracy': 0.18214890016920474}, 18360.047514401376)
[2024-10-17 03:31:37,833][flwr][INFO] - configure_evaluate: strategy sampled 2 clients (out of 50)
[2024-10-17 03:31:40,483][flwr][INFO] - aggregate_evaluate: received 2 results and 0 failures
[2024-10-17 03:31:40,483][flwr][INFO] - 
[2024-10-17 03:31:40,483][flwr][INFO] - [ROUND 72]
[2024-10-17 03:31:40,483][flwr][INFO] - configure_fit: strategy sampled 5 clients (out of 50)
[2024-10-17 03:34:16,227][flwr][INFO] - aggregate_fit: received 5 results and 0 failures
[2024-10-17 03:35:56,886][flwr][INFO] - fit progress: (72, 3741.9325544834137, {'accuracy': 0.28098561759729274}, 18619.101240694523)
[2024-10-17 03:35:56,886][flwr][INFO] - configure_evaluate: strategy sampled 2 clients (out of 50)
[2024-10-17 03:36:00,263][flwr][INFO] - aggregate_evaluate: received 2 results and 0 failures
[2024-10-17 03:36:00,263][flwr][INFO] - 
[2024-10-17 03:36:00,263][flwr][INFO] - [ROUND 73]
[2024-10-17 03:36:00,263][flwr][INFO] - configure_fit: strategy sampled 5 clients (out of 50)
[2024-10-17 03:38:24,511][flwr][INFO] - aggregate_fit: received 5 results and 0 failures
[2024-10-17 03:40:04,193][flwr][INFO] - fit progress: (73, 2862.1546853780746, {'accuracy': 0.3617808798646362}, 18866.408360291272)
[2024-10-17 03:40:04,193][flwr][INFO] - configure_evaluate: strategy sampled 2 clients (out of 50)
[2024-10-17 03:40:07,222][flwr][INFO] - aggregate_evaluate: received 2 results and 0 failures
[2024-10-17 03:40:07,223][flwr][INFO] - 
[2024-10-17 03:40:07,223][flwr][INFO] - [ROUND 74]
[2024-10-17 03:40:07,223][flwr][INFO] - configure_fit: strategy sampled 5 clients (out of 50)
[2024-10-17 03:43:24,509][flwr][INFO] - aggregate_fit: received 5 results and 0 failures
[2024-10-17 03:45:05,064][flwr][INFO] - fit progress: (74, 2875.3774951696396, {'accuracy': 0.35395516074450084}, 19167.27923806198)
[2024-10-17 03:45:05,064][flwr][INFO] - configure_evaluate: strategy sampled 2 clients (out of 50)
[2024-10-17 03:45:08,598][flwr][INFO] - aggregate_evaluate: received 2 results and 0 failures
[2024-10-17 03:45:08,598][flwr][INFO] - 
[2024-10-17 03:45:08,598][flwr][INFO] - [ROUND 75]
[2024-10-17 03:45:08,598][flwr][INFO] - configure_fit: strategy sampled 5 clients (out of 50)
[2024-10-17 03:47:31,306][flwr][INFO] - aggregate_fit: received 5 results and 0 failures
[2024-10-17 03:49:20,661][flwr][INFO] - fit progress: (75, 3179.0051976442337, {'accuracy': 0.356831641285956}, 19422.876308781095)
[2024-10-17 03:49:20,661][flwr][INFO] - configure_evaluate: strategy sampled 2 clients (out of 50)
[2024-10-17 03:49:23,305][flwr][INFO] - aggregate_evaluate: received 2 results and 0 failures
[2024-10-17 03:49:23,306][flwr][INFO] - 
[2024-10-17 03:49:23,306][flwr][INFO] - [ROUND 76]
[2024-10-17 03:49:23,306][flwr][INFO] - configure_fit: strategy sampled 5 clients (out of 50)
[2024-10-17 03:51:55,566][flwr][INFO] - aggregate_fit: received 5 results and 0 failures
[2024-10-17 03:53:35,733][flwr][INFO] - fit progress: (76, 3081.9057692289352, {'accuracy': 0.25255922165820643}, 19677.94804533664)
[2024-10-17 03:53:35,733][flwr][INFO] - configure_evaluate: strategy sampled 2 clients (out of 50)
[2024-10-17 03:53:38,446][flwr][INFO] - aggregate_evaluate: received 2 results and 0 failures
[2024-10-17 03:53:38,446][flwr][INFO] - 
[2024-10-17 03:53:38,446][flwr][INFO] - [ROUND 77]
[2024-10-17 03:53:38,446][flwr][INFO] - configure_fit: strategy sampled 5 clients (out of 50)
[2024-10-17 03:54:52,456][flwr][INFO] - aggregate_fit: received 5 results and 0 failures
[2024-10-17 03:56:34,693][flwr][INFO] - fit progress: (77, 3297.804625272751, {'accuracy': 0.1355964467005076}, 19856.908499049023)
[2024-10-17 03:56:34,694][flwr][INFO] - configure_evaluate: strategy sampled 2 clients (out of 50)
[2024-10-17 03:56:38,834][flwr][INFO] - aggregate_evaluate: received 2 results and 0 failures
[2024-10-17 03:56:38,835][flwr][INFO] - 
[2024-10-17 03:56:38,835][flwr][INFO] - [ROUND 78]
[2024-10-17 03:56:38,835][flwr][INFO] - configure_fit: strategy sampled 5 clients (out of 50)
[2024-10-17 03:58:35,821][flwr][INFO] - aggregate_fit: received 5 results and 0 failures
[2024-10-17 04:00:13,086][flwr][INFO] - fit progress: (78, 3344.0631757974625, {'accuracy': 0.2835236886632826}, 20075.30123469606)
[2024-10-17 04:00:13,086][flwr][INFO] - configure_evaluate: strategy sampled 2 clients (out of 50)
[2024-10-17 04:00:15,414][flwr][INFO] - aggregate_evaluate: received 2 results and 0 failures
[2024-10-17 04:00:15,415][flwr][INFO] - 
[2024-10-17 04:00:15,415][flwr][INFO] - [ROUND 79]
[2024-10-17 04:00:15,415][flwr][INFO] - configure_fit: strategy sampled 5 clients (out of 50)
[2024-10-17 04:03:48,740][flwr][INFO] - aggregate_fit: received 5 results and 0 failures
[2024-10-17 04:05:35,996][flwr][INFO] - fit progress: (79, 2470.3171006441116, {'accuracy': 0.35251692047377325}, 20398.211711518466)
[2024-10-17 04:05:35,997][flwr][INFO] - configure_evaluate: strategy sampled 2 clients (out of 50)
[2024-10-17 04:05:38,401][flwr][INFO] - aggregate_evaluate: received 2 results and 0 failures
[2024-10-17 04:05:38,401][flwr][INFO] - 
[2024-10-17 04:05:38,401][flwr][INFO] - [ROUND 80]
[2024-10-17 04:05:38,401][flwr][INFO] - configure_fit: strategy sampled 5 clients (out of 50)
[2024-10-17 04:07:44,625][flwr][INFO] - aggregate_fit: received 5 results and 0 failures
[2024-10-17 04:09:29,880][flwr][INFO] - fit progress: (80, 3435.8880531787872, {'accuracy': 0.2000211505922166}, 20632.09499553498)
[2024-10-17 04:09:29,880][flwr][INFO] - configure_evaluate: strategy sampled 2 clients (out of 50)
[2024-10-17 04:09:32,633][flwr][INFO] - aggregate_evaluate: received 2 results and 0 failures
[2024-10-17 04:09:32,633][flwr][INFO] - 
[2024-10-17 04:09:32,633][flwr][INFO] - [ROUND 81]
[2024-10-17 04:09:32,633][flwr][INFO] - configure_fit: strategy sampled 5 clients (out of 50)
[2024-10-17 04:11:13,689][flwr][INFO] - aggregate_fit: received 5 results and 0 failures
[2024-10-17 04:12:54,673][flwr][INFO] - fit progress: (81, 4001.507310271263, {'accuracy': 0.2729906937394247}, 20836.88844016753)
[2024-10-17 04:12:54,673][flwr][INFO] - configure_evaluate: strategy sampled 2 clients (out of 50)
[2024-10-17 04:12:58,034][flwr][INFO] - aggregate_evaluate: received 2 results and 0 failures
[2024-10-17 04:12:58,034][flwr][INFO] - 
[2024-10-17 04:12:58,035][flwr][INFO] - [ROUND 82]
[2024-10-17 04:12:58,035][flwr][INFO] - configure_fit: strategy sampled 5 clients (out of 50)
[2024-10-17 04:15:36,267][flwr][INFO] - aggregate_fit: received 5 results and 0 failures
[2024-10-17 04:17:13,758][flwr][INFO] - fit progress: (82, 2573.5626612901688, {'accuracy': 0.37516920473773263}, 21095.973649478517)
[2024-10-17 04:17:13,759][flwr][INFO] - configure_evaluate: strategy sampled 2 clients (out of 50)
[2024-10-17 04:17:16,928][flwr][INFO] - aggregate_evaluate: received 2 results and 0 failures
[2024-10-17 04:17:16,929][flwr][INFO] - 
[2024-10-17 04:17:16,929][flwr][INFO] - [ROUND 83]
[2024-10-17 04:17:16,929][flwr][INFO] - configure_fit: strategy sampled 5 clients (out of 50)
[2024-10-17 04:20:35,344][flwr][INFO] - aggregate_fit: received 5 results and 0 failures
[2024-10-17 04:22:13,955][flwr][INFO] - fit progress: (83, 2572.496023416519, {'accuracy': 0.39403553299492383}, 21396.17031719815)
[2024-10-17 04:22:13,956][flwr][INFO] - configure_evaluate: strategy sampled 2 clients (out of 50)
[2024-10-17 04:22:17,732][flwr][INFO] - aggregate_evaluate: received 2 results and 0 failures
[2024-10-17 04:22:17,733][flwr][INFO] - 
[2024-10-17 04:22:17,733][flwr][INFO] - [ROUND 84]
[2024-10-17 04:22:17,733][flwr][INFO] - configure_fit: strategy sampled 5 clients (out of 50)
[2024-10-17 04:23:51,083][flwr][INFO] - aggregate_fit: received 5 results and 0 failures
[2024-10-17 04:25:28,700][flwr][INFO] - fit progress: (84, 3440.4366965293884, {'accuracy': 0.2243020304568528}, 21590.91587097477)
[2024-10-17 04:25:28,701][flwr][INFO] - configure_evaluate: strategy sampled 2 clients (out of 50)
[2024-10-17 04:25:30,868][flwr][INFO] - aggregate_evaluate: received 2 results and 0 failures
[2024-10-17 04:25:30,868][flwr][INFO] - 
[2024-10-17 04:25:30,869][flwr][INFO] - [ROUND 85]
[2024-10-17 04:25:30,869][flwr][INFO] - configure_fit: strategy sampled 5 clients (out of 50)
[2024-10-17 04:27:05,062][flwr][INFO] - aggregate_fit: received 5 results and 0 failures
[2024-10-17 04:28:42,347][flwr][INFO] - fit progress: (85, 3288.0488735437393, {'accuracy': 0.2876480541455161}, 21784.561940389685)
[2024-10-17 04:28:42,347][flwr][INFO] - configure_evaluate: strategy sampled 2 clients (out of 50)
[2024-10-17 04:28:45,515][flwr][INFO] - aggregate_evaluate: received 2 results and 0 failures
[2024-10-17 04:28:45,516][flwr][INFO] - 
[2024-10-17 04:28:45,516][flwr][INFO] - [ROUND 86]
[2024-10-17 04:28:45,516][flwr][INFO] - configure_fit: strategy sampled 5 clients (out of 50)
[2024-10-17 04:31:27,447][flwr][INFO] - aggregate_fit: received 5 results and 0 failures
[2024-10-17 04:33:03,919][flwr][INFO] - fit progress: (86, 2910.9452596902847, {'accuracy': 0.35816412859560065}, 22046.13409035001)
[2024-10-17 04:33:03,919][flwr][INFO] - configure_evaluate: strategy sampled 2 clients (out of 50)
[2024-10-17 04:33:06,522][flwr][INFO] - aggregate_evaluate: received 2 results and 0 failures
[2024-10-17 04:33:06,523][flwr][INFO] - 
[2024-10-17 04:33:06,523][flwr][INFO] - [ROUND 87]
[2024-10-17 04:33:06,523][flwr][INFO] - configure_fit: strategy sampled 5 clients (out of 50)
[2024-10-17 04:35:42,415][flwr][INFO] - aggregate_fit: received 5 results and 0 failures
[2024-10-17 04:37:20,034][flwr][INFO] - fit progress: (87, 3732.823567509651, {'accuracy': 0.25503384094754655}, 22302.248926518485)
[2024-10-17 04:37:20,034][flwr][INFO] - configure_evaluate: strategy sampled 2 clients (out of 50)
[2024-10-17 04:37:22,810][flwr][INFO] - aggregate_evaluate: received 2 results and 0 failures
[2024-10-17 04:37:22,810][flwr][INFO] - 
[2024-10-17 04:37:22,810][flwr][INFO] - [ROUND 88]
[2024-10-17 04:37:22,811][flwr][INFO] - configure_fit: strategy sampled 5 clients (out of 50)
[2024-10-17 04:39:18,379][flwr][INFO] - aggregate_fit: received 5 results and 0 failures
[2024-10-17 04:40:59,879][flwr][INFO] - fit progress: (88, 3634.8509868383408, {'accuracy': 0.21973350253807106}, 22522.094005768187)
[2024-10-17 04:40:59,879][flwr][INFO] - configure_evaluate: strategy sampled 2 clients (out of 50)
[2024-10-17 04:41:03,787][flwr][INFO] - aggregate_evaluate: received 2 results and 0 failures
[2024-10-17 04:41:03,788][flwr][INFO] - 
[2024-10-17 04:41:03,788][flwr][INFO] - [ROUND 89]
[2024-10-17 04:41:03,788][flwr][INFO] - configure_fit: strategy sampled 5 clients (out of 50)
[2024-10-17 04:43:49,295][flwr][INFO] - aggregate_fit: received 5 results and 0 failures
[2024-10-17 04:45:34,732][flwr][INFO] - fit progress: (89, 3095.903624176979, {'accuracy': 0.35936971235194587}, 22796.947430469096)
[2024-10-17 04:45:34,732][flwr][INFO] - configure_evaluate: strategy sampled 2 clients (out of 50)
[2024-10-17 04:45:37,706][flwr][INFO] - aggregate_evaluate: received 2 results and 0 failures
[2024-10-17 04:45:37,707][flwr][INFO] - 
[2024-10-17 04:45:37,707][flwr][INFO] - [ROUND 90]
[2024-10-17 04:45:37,707][flwr][INFO] - configure_fit: strategy sampled 5 clients (out of 50)
[2024-10-17 04:47:35,151][flwr][INFO] - aggregate_fit: received 5 results and 0 failures
[2024-10-17 04:49:13,444][flwr][INFO] - fit progress: (90, 3458.5081189870834, {'accuracy': 0.2737098138747885}, 23015.659640586935)
[2024-10-17 04:49:13,445][flwr][INFO] - configure_evaluate: strategy sampled 2 clients (out of 50)
[2024-10-17 04:49:16,445][flwr][INFO] - aggregate_evaluate: received 2 results and 0 failures
[2024-10-17 04:49:16,445][flwr][INFO] - 
[2024-10-17 04:49:16,445][flwr][INFO] - [ROUND 91]
[2024-10-17 04:49:16,445][flwr][INFO] - configure_fit: strategy sampled 5 clients (out of 50)
[2024-10-17 04:51:09,888][flwr][INFO] - aggregate_fit: received 5 results and 0 failures
[2024-10-17 04:52:46,953][flwr][INFO] - fit progress: (91, 3862.093602657318, {'accuracy': 0.12239847715736041}, 23229.168321535923)
[2024-10-17 04:52:46,954][flwr][INFO] - configure_evaluate: strategy sampled 2 clients (out of 50)
[2024-10-17 04:52:50,072][flwr][INFO] - aggregate_evaluate: received 2 results and 0 failures
[2024-10-17 04:52:50,072][flwr][INFO] - 
[2024-10-17 04:52:50,072][flwr][INFO] - [ROUND 92]
[2024-10-17 04:52:50,072][flwr][INFO] - configure_fit: strategy sampled 5 clients (out of 50)
[2024-10-17 04:55:55,476][flwr][INFO] - aggregate_fit: received 5 results and 0 failures
[2024-10-17 04:57:29,836][flwr][INFO] - fit progress: (92, 3003.44408595562, {'accuracy': 0.3511844331641286}, 23512.05155669339)
[2024-10-17 04:57:29,836][flwr][INFO] - configure_evaluate: strategy sampled 2 clients (out of 50)
[2024-10-17 04:57:33,178][flwr][INFO] - aggregate_evaluate: received 2 results and 0 failures
[2024-10-17 04:57:33,178][flwr][INFO] - 
[2024-10-17 04:57:33,178][flwr][INFO] - [ROUND 93]
[2024-10-17 04:57:33,178][flwr][INFO] - configure_fit: strategy sampled 5 clients (out of 50)
[2024-10-17 05:00:03,761][flwr][INFO] - aggregate_fit: received 5 results and 0 failures
[2024-10-17 05:01:38,803][flwr][INFO] - fit progress: (93, 3658.9935084581375, {'accuracy': 0.3458756345177665}, 23761.01809532661)
[2024-10-17 05:01:38,803][flwr][INFO] - configure_evaluate: strategy sampled 2 clients (out of 50)
[2024-10-17 05:01:41,870][flwr][INFO] - aggregate_evaluate: received 2 results and 0 failures
[2024-10-17 05:01:41,870][flwr][INFO] - 
[2024-10-17 05:01:41,870][flwr][INFO] - [ROUND 94]
[2024-10-17 05:01:41,870][flwr][INFO] - configure_fit: strategy sampled 5 clients (out of 50)
[2024-10-17 05:04:32,273][flwr][INFO] - aggregate_fit: received 5 results and 0 failures
[2024-10-17 05:06:07,434][flwr][INFO] - fit progress: (94, 2901.195846438408, {'accuracy': 0.3391285956006768}, 24029.649237290956)
[2024-10-17 05:06:07,434][flwr][INFO] - configure_evaluate: strategy sampled 2 clients (out of 50)
[2024-10-17 05:06:10,074][flwr][INFO] - aggregate_evaluate: received 2 results and 0 failures
[2024-10-17 05:06:10,074][flwr][INFO] - 
[2024-10-17 05:06:10,074][flwr][INFO] - [ROUND 95]
[2024-10-17 05:06:10,075][flwr][INFO] - configure_fit: strategy sampled 5 clients (out of 50)
[2024-10-17 05:08:43,011][flwr][INFO] - aggregate_fit: received 5 results and 0 failures
[2024-10-17 05:10:18,865][flwr][INFO] - fit progress: (95, 3466.7573676109314, {'accuracy': 0.3277284263959391}, 24281.08050503675)
[2024-10-17 05:10:18,865][flwr][INFO] - configure_evaluate: strategy sampled 2 clients (out of 50)
[2024-10-17 05:10:21,970][flwr][INFO] - aggregate_evaluate: received 2 results and 0 failures
[2024-10-17 05:10:21,970][flwr][INFO] - 
[2024-10-17 05:10:21,970][flwr][INFO] - [ROUND 96]
[2024-10-17 05:10:21,970][flwr][INFO] - configure_fit: strategy sampled 5 clients (out of 50)
[2024-10-17 05:13:58,263][flwr][INFO] - aggregate_fit: received 5 results and 0 failures
[2024-10-17 05:15:32,181][flwr][INFO] - fit progress: (96, 4393.778168559074, {'accuracy': 0.38005499153976313}, 24594.39650671929)
[2024-10-17 05:15:32,182][flwr][INFO] - configure_evaluate: strategy sampled 2 clients (out of 50)
[2024-10-17 05:15:35,393][flwr][INFO] - aggregate_evaluate: received 2 results and 0 failures
[2024-10-17 05:15:35,394][flwr][INFO] - 
[2024-10-17 05:15:35,394][flwr][INFO] - [ROUND 97]
[2024-10-17 05:15:35,394][flwr][INFO] - configure_fit: strategy sampled 5 clients (out of 50)
[2024-10-17 05:17:16,853][flwr][INFO] - aggregate_fit: received 5 results and 0 failures
[2024-10-17 05:18:50,230][flwr][INFO] - fit progress: (97, 3400.528844356537, {'accuracy': 0.3468274111675127}, 24792.445489195175)
[2024-10-17 05:18:50,230][flwr][INFO] - configure_evaluate: strategy sampled 2 clients (out of 50)
[2024-10-17 05:18:52,440][flwr][INFO] - aggregate_evaluate: received 2 results and 0 failures
[2024-10-17 05:18:52,441][flwr][INFO] - 
[2024-10-17 05:18:52,441][flwr][INFO] - [ROUND 98]
[2024-10-17 05:18:52,441][flwr][INFO] - configure_fit: strategy sampled 5 clients (out of 50)
[2024-10-17 05:23:16,257][flwr][INFO] - aggregate_fit: received 5 results and 0 failures
[2024-10-17 05:24:49,749][flwr][INFO] - fit progress: (98, 6165.071459054947, {'accuracy': 0.3463620981387479}, 25151.96488747187)
[2024-10-17 05:24:49,750][flwr][INFO] - configure_evaluate: strategy sampled 2 clients (out of 50)
[2024-10-17 05:24:53,132][flwr][INFO] - aggregate_evaluate: received 2 results and 0 failures
[2024-10-17 05:24:53,132][flwr][INFO] - 
[2024-10-17 05:24:53,132][flwr][INFO] - [ROUND 99]
[2024-10-17 05:24:53,133][flwr][INFO] - configure_fit: strategy sampled 5 clients (out of 50)
[2024-10-17 05:26:42,879][flwr][INFO] - aggregate_fit: received 5 results and 0 failures
[2024-10-17 05:28:17,305][flwr][INFO] - fit progress: (99, 3375.954762816429, {'accuracy': 0.25499153976311334}, 25359.520307146013)
[2024-10-17 05:28:17,307][flwr][INFO] - configure_evaluate: strategy sampled 2 clients (out of 50)
[2024-10-17 05:28:20,356][flwr][INFO] - aggregate_evaluate: received 2 results and 0 failures
[2024-10-17 05:28:20,357][flwr][INFO] - 
[2024-10-17 05:28:20,357][flwr][INFO] - [ROUND 100]
[2024-10-17 05:28:20,357][flwr][INFO] - configure_fit: strategy sampled 5 clients (out of 50)
[2024-10-17 05:31:31,891][flwr][INFO] - aggregate_fit: received 5 results and 0 failures
[2024-10-17 05:33:05,578][flwr][INFO] - fit progress: (100, 2939.1880695819855, {'accuracy': 0.37745346869712354}, 25647.79343455285)
[2024-10-17 05:33:05,579][flwr][INFO] - configure_evaluate: strategy sampled 2 clients (out of 50)
[2024-10-17 05:33:08,539][flwr][INFO] - aggregate_evaluate: received 2 results and 0 failures
[2024-10-17 05:33:08,546][flwr][INFO] - 
[2024-10-17 05:33:08,546][flwr][INFO] - [SUMMARY]
[2024-10-17 05:33:08,546][flwr][INFO] - Run finished 100 round(s) in 25650.75s
[2024-10-17 05:33:08,548][flwr][INFO] - 	History (loss, distributed):
[2024-10-17 05:33:08,549][flwr][INFO] - 		round 1: 30.850498738469955
[2024-10-17 05:33:08,549][flwr][INFO] - 		round 2: 8.366166742768469
[2024-10-17 05:33:08,549][flwr][INFO] - 		round 3: 7.802675195038319
[2024-10-17 05:33:08,549][flwr][INFO] - 		round 4: 11.176059896311912
[2024-10-17 05:33:08,549][flwr][INFO] - 		round 5: 7.307910927604227
[2024-10-17 05:33:08,549][flwr][INFO] - 		round 6: 5.673199088898793
[2024-10-17 05:33:08,549][flwr][INFO] - 		round 7: 14.828791021868803
[2024-10-17 05:33:08,549][flwr][INFO] - 		round 8: 15.376608327815408
[2024-10-17 05:33:08,549][flwr][INFO] - 		round 9: 12.550819090029972
[2024-10-17 05:33:08,549][flwr][INFO] - 		round 10: 30.120478167922
[2024-10-17 05:33:08,549][flwr][INFO] - 		round 11: 6.789526252233471
[2024-10-17 05:33:08,549][flwr][INFO] - 		round 12: 28.786818663044087
[2024-10-17 05:33:08,549][flwr][INFO] - 		round 13: 7.643345309980533
[2024-10-17 05:33:08,550][flwr][INFO] - 		round 14: 11.232030990511872
[2024-10-17 05:33:08,550][flwr][INFO] - 		round 15: 20.470874870623803
[2024-10-17 05:33:08,550][flwr][INFO] - 		round 16: 32.356736183166504
[2024-10-17 05:33:08,550][flwr][INFO] - 		round 17: 4.173667125701904
[2024-10-17 05:33:08,550][flwr][INFO] - 		round 18: 15.783537020501884
[2024-10-17 05:33:08,550][flwr][INFO] - 		round 19: 19.88397146329372
[2024-10-17 05:33:08,550][flwr][INFO] - 		round 20: 27.039049282237535
[2024-10-17 05:33:08,550][flwr][INFO] - 		round 21: 13.485353692972435
[2024-10-17 05:33:08,550][flwr][INFO] - 		round 22: 4.92441263516744
[2024-10-17 05:33:08,550][flwr][INFO] - 		round 23: 44.27918931752035
[2024-10-17 05:33:08,550][flwr][INFO] - 		round 24: 67.71421780365642
[2024-10-17 05:33:08,550][flwr][INFO] - 		round 25: 4.384763160406375
[2024-10-17 05:33:08,550][flwr][INFO] - 		round 26: 24.73908201572553
[2024-10-17 05:33:08,550][flwr][INFO] - 		round 27: 8.50866270699152
[2024-10-17 05:33:08,550][flwr][INFO] - 		round 28: 16.882894423300414
[2024-10-17 05:33:08,550][flwr][INFO] - 		round 29: 15.446265855072237
[2024-10-17 05:33:08,550][flwr][INFO] - 		round 30: 11.741384222729659
[2024-10-17 05:33:08,550][flwr][INFO] - 		round 31: 11.181896243918215
[2024-10-17 05:33:08,550][flwr][INFO] - 		round 32: 12.927557737080019
[2024-10-17 05:33:08,550][flwr][INFO] - 		round 33: 3.826899654664879
[2024-10-17 05:33:08,550][flwr][INFO] - 		round 34: 7.148950743335328
[2024-10-17 05:33:08,550][flwr][INFO] - 		round 35: 9.339198313400493
[2024-10-17 05:33:08,551][flwr][INFO] - 		round 36: 11.554777456040414
[2024-10-17 05:33:08,551][flwr][INFO] - 		round 37: 14.10248388563619
[2024-10-17 05:33:08,551][flwr][INFO] - 		round 38: 10.024073766640933
[2024-10-17 05:33:08,551][flwr][INFO] - 		round 39: 13.100548940006345
[2024-10-17 05:33:08,551][flwr][INFO] - 		round 40: 11.617536338958134
[2024-10-17 05:33:08,551][flwr][INFO] - 		round 41: 27.73451238189724
[2024-10-17 05:33:08,551][flwr][INFO] - 		round 42: 11.659177049910598
[2024-10-17 05:33:08,551][flwr][INFO] - 		round 43: 18.854435986245583
[2024-10-17 05:33:08,551][flwr][INFO] - 		round 44: 10.686753985358447
[2024-10-17 05:33:08,551][flwr][INFO] - 		round 45: 10.532732889582556
[2024-10-17 05:33:08,551][flwr][INFO] - 		round 46: 6.774854130174485
[2024-10-17 05:33:08,551][flwr][INFO] - 		round 47: 10.729486839538668
[2024-10-17 05:33:08,551][flwr][INFO] - 		round 48: 10.272899838444983
[2024-10-17 05:33:08,551][flwr][INFO] - 		round 49: 8.419168055788871
[2024-10-17 05:33:08,551][flwr][INFO] - 		round 50: 5.921666488768179
[2024-10-17 05:33:08,551][flwr][INFO] - 		round 51: 18.551251769065857
[2024-10-17 05:33:08,551][flwr][INFO] - 		round 52: 10.45616587521077
[2024-10-17 05:33:08,551][flwr][INFO] - 		round 53: 15.081820876537998
[2024-10-17 05:33:08,551][flwr][INFO] - 		round 54: 11.310327787085834
[2024-10-17 05:33:08,551][flwr][INFO] - 		round 55: 15.416067352954377
[2024-10-17 05:33:08,551][flwr][INFO] - 		round 56: 4.800384129474317
[2024-10-17 05:33:08,551][flwr][INFO] - 		round 57: 10.941340932322712
[2024-10-17 05:33:08,551][flwr][INFO] - 		round 58: 18.12888247801098
[2024-10-17 05:33:08,552][flwr][INFO] - 		round 59: 32.84834418352693
[2024-10-17 05:33:08,552][flwr][INFO] - 		round 60: 27.446427715863514
[2024-10-17 05:33:08,552][flwr][INFO] - 		round 61: 27.611689958084433
[2024-10-17 05:33:08,552][flwr][INFO] - 		round 62: 14.609202165252123
[2024-10-17 05:33:08,552][flwr][INFO] - 		round 63: 10.402234342044745
[2024-10-17 05:33:08,552][flwr][INFO] - 		round 64: 5.226397275924683
[2024-10-17 05:33:08,552][flwr][INFO] - 		round 65: 12.097680475591105
[2024-10-17 05:33:08,552][flwr][INFO] - 		round 66: 23.872596033900464
[2024-10-17 05:33:08,552][flwr][INFO] - 		round 67: 7.3915134688727875
[2024-10-17 05:33:08,552][flwr][INFO] - 		round 68: 17.206733753546228
[2024-10-17 05:33:08,552][flwr][INFO] - 		round 69: 5.909529721697434
[2024-10-17 05:33:08,552][flwr][INFO] - 		round 70: 5.586918830871582
[2024-10-17 05:33:08,552][flwr][INFO] - 		round 71: 93.44538146851072
[2024-10-17 05:33:08,552][flwr][INFO] - 		round 72: 35.5295352154519
[2024-10-17 05:33:08,552][flwr][INFO] - 		round 73: 9.234608905545125
[2024-10-17 05:33:08,552][flwr][INFO] - 		round 74: 13.452102962990253
[2024-10-17 05:33:08,552][flwr][INFO] - 		round 75: 20.095589780289195
[2024-10-17 05:33:08,552][flwr][INFO] - 		round 76: 13.382936512023953
[2024-10-17 05:33:08,552][flwr][INFO] - 		round 77: 25.601632237434387
[2024-10-17 05:33:08,552][flwr][INFO] - 		round 78: 7.50609990071984
[2024-10-17 05:33:08,552][flwr][INFO] - 		round 79: 9.478563765585422
[2024-10-17 05:33:08,552][flwr][INFO] - 		round 80: 11.634322632989976
[2024-10-17 05:33:08,553][flwr][INFO] - 		round 81: 37.47245281272464
[2024-10-17 05:33:08,553][flwr][INFO] - 		round 82: 14.914597508460677
[2024-10-17 05:33:08,553][flwr][INFO] - 		round 83: 14.457385293990967
[2024-10-17 05:33:08,553][flwr][INFO] - 		round 84: 3.70914399670437
[2024-10-17 05:33:08,553][flwr][INFO] - 		round 85: 33.25286275729537
[2024-10-17 05:33:08,553][flwr][INFO] - 		round 86: 12.739076579709453
[2024-10-17 05:33:08,553][flwr][INFO] - 		round 87: 9.293232326352559
[2024-10-17 05:33:08,553][flwr][INFO] - 		round 88: 26.544060673927817
[2024-10-17 05:33:08,553][flwr][INFO] - 		round 89: 15.233889827681653
[2024-10-17 05:33:08,553][flwr][INFO] - 		round 90: 6.925202499417698
[2024-10-17 05:33:08,553][flwr][INFO] - 		round 91: 26.790654331568337
[2024-10-17 05:33:08,553][flwr][INFO] - 		round 92: 11.98736104410787
[2024-10-17 05:33:08,553][flwr][INFO] - 		round 93: 8.77614866334719
[2024-10-17 05:33:08,553][flwr][INFO] - 		round 94: 16.132857479041437
[2024-10-17 05:33:08,553][flwr][INFO] - 		round 95: 22.451947719788777
[2024-10-17 05:33:08,553][flwr][INFO] - 		round 96: 26.843280999921262
[2024-10-17 05:33:08,553][flwr][INFO] - 		round 97: 5.316243648529053
[2024-10-17 05:33:08,553][flwr][INFO] - 		round 98: 17.582172110024935
[2024-10-17 05:33:08,553][flwr][INFO] - 		round 99: 10.489336887709529
[2024-10-17 05:33:08,553][flwr][INFO] - 		round 100: 15.357211773628956
[2024-10-17 05:33:08,553][flwr][INFO] - 	History (loss, centralized):
[2024-10-17 05:33:08,553][flwr][INFO] - 		round 0: 3092.5186067819595
[2024-10-17 05:33:08,553][flwr][INFO] - 		round 1: 3606.402223467827
[2024-10-17 05:33:08,554][flwr][INFO] - 		round 2: 2775.2114536762238
[2024-10-17 05:33:08,554][flwr][INFO] - 		round 3: 3960.5303552150726
[2024-10-17 05:33:08,554][flwr][INFO] - 		round 4: 2681.3207026720047
[2024-10-17 05:33:08,554][flwr][INFO] - 		round 5: 3298.6337012052536
[2024-10-17 05:33:08,554][flwr][INFO] - 		round 6: 2864.5274891853333
[2024-10-17 05:33:08,554][flwr][INFO] - 		round 7: 3474.2893242836
[2024-10-17 05:33:08,554][flwr][INFO] - 		round 8: 3646.3597623109818
[2024-10-17 05:33:08,554][flwr][INFO] - 		round 9: 2835.9366503953934
[2024-10-17 05:33:08,554][flwr][INFO] - 		round 10: 3375.671707034111
[2024-10-17 05:33:08,554][flwr][INFO] - 		round 11: 2961.4842237234116
[2024-10-17 05:33:08,554][flwr][INFO] - 		round 12: 3898.3009835481644
[2024-10-17 05:33:08,554][flwr][INFO] - 		round 13: 3376.6123044490814
[2024-10-17 05:33:08,554][flwr][INFO] - 		round 14: 3399.6409858465195
[2024-10-17 05:33:08,554][flwr][INFO] - 		round 15: 3195.596013903618
[2024-10-17 05:33:08,554][flwr][INFO] - 		round 16: 4668.259467840195
[2024-10-17 05:33:08,554][flwr][INFO] - 		round 17: 2870.227438569069
[2024-10-17 05:33:08,554][flwr][INFO] - 		round 18: 4007.93984913826
[2024-10-17 05:33:08,554][flwr][INFO] - 		round 19: 3132.727786064148
[2024-10-17 05:33:08,554][flwr][INFO] - 		round 20: 3755.090671658516
[2024-10-17 05:33:08,554][flwr][INFO] - 		round 21: 3064.0899064540863
[2024-10-17 05:33:08,554][flwr][INFO] - 		round 22: 3230.124943256378
[2024-10-17 05:33:08,554][flwr][INFO] - 		round 23: 5286.950411081314
[2024-10-17 05:33:08,554][flwr][INFO] - 		round 24: 6054.287169456482
[2024-10-17 05:33:08,555][flwr][INFO] - 		round 25: 3018.989400744438
[2024-10-17 05:33:08,555][flwr][INFO] - 		round 26: 4432.75722014904
[2024-10-17 05:33:08,555][flwr][INFO] - 		round 27: 3082.1721719503403
[2024-10-17 05:33:08,555][flwr][INFO] - 		round 28: 3675.916555285454
[2024-10-17 05:33:08,555][flwr][INFO] - 		round 29: 3050.1760605573654
[2024-10-17 05:33:08,555][flwr][INFO] - 		round 30: 2667.8182364702225
[2024-10-17 05:33:08,555][flwr][INFO] - 		round 31: 3198.824567437172
[2024-10-17 05:33:08,555][flwr][INFO] - 		round 32: 3742.408336877823
[2024-10-17 05:33:08,555][flwr][INFO] - 		round 33: 4031.9980129003525
[2024-10-17 05:33:08,555][flwr][INFO] - 		round 34: 3274.3689761161804
[2024-10-17 05:33:08,555][flwr][INFO] - 		round 35: 3158.0092235803604
[2024-10-17 05:33:08,555][flwr][INFO] - 		round 36: 3031.4986122846603
[2024-10-17 05:33:08,555][flwr][INFO] - 		round 37: 2785.616904258728
[2024-10-17 05:33:08,555][flwr][INFO] - 		round 38: 2668.7866364717484
[2024-10-17 05:33:08,555][flwr][INFO] - 		round 39: 2492.755544424057
[2024-10-17 05:33:08,555][flwr][INFO] - 		round 40: 2666.5448521375656
[2024-10-17 05:33:08,555][flwr][INFO] - 		round 41: 4388.500500321388
[2024-10-17 05:33:08,555][flwr][INFO] - 		round 42: 3347.25448179245
[2024-10-17 05:33:08,555][flwr][INFO] - 		round 43: 3464.4676064252853
[2024-10-17 05:33:08,555][flwr][INFO] - 		round 44: 3064.396419644356
[2024-10-17 05:33:08,555][flwr][INFO] - 		round 45: 3162.388147354126
[2024-10-17 05:33:08,555][flwr][INFO] - 		round 46: 2977.8559432029724
[2024-10-17 05:33:08,555][flwr][INFO] - 		round 47: 2727.9010219573975
[2024-10-17 05:33:08,555][flwr][INFO] - 		round 48: 2349.4540190696716
[2024-10-17 05:33:08,556][flwr][INFO] - 		round 49: 3261.412885427475
[2024-10-17 05:33:08,556][flwr][INFO] - 		round 50: 3006.6961866617203
[2024-10-17 05:33:08,556][flwr][INFO] - 		round 51: 3107.5992863178253
[2024-10-17 05:33:08,556][flwr][INFO] - 		round 52: 3291.391319155693
[2024-10-17 05:33:08,556][flwr][INFO] - 		round 53: 2950.38143157959
[2024-10-17 05:33:08,556][flwr][INFO] - 		round 54: 2814.10923743248
[2024-10-17 05:33:08,556][flwr][INFO] - 		round 55: 3531.351051092148
[2024-10-17 05:33:08,556][flwr][INFO] - 		round 56: 4240.421196341515
[2024-10-17 05:33:08,556][flwr][INFO] - 		round 57: 2662.4892185926437
[2024-10-17 05:33:08,556][flwr][INFO] - 		round 58: 2894.045387029648
[2024-10-17 05:33:08,556][flwr][INFO] - 		round 59: 4368.5635051727295
[2024-10-17 05:33:08,556][flwr][INFO] - 		round 60: 3252.7475628852844
[2024-10-17 05:33:08,556][flwr][INFO] - 		round 61: 3744.320837855339
[2024-10-17 05:33:08,556][flwr][INFO] - 		round 62: 3454.8547172546387
[2024-10-17 05:33:08,556][flwr][INFO] - 		round 63: 3749.8570038080215
[2024-10-17 05:33:08,556][flwr][INFO] - 		round 64: 2790.4122306108475
[2024-10-17 05:33:08,556][flwr][INFO] - 		round 65: 2434.3473871946335
[2024-10-17 05:33:08,556][flwr][INFO] - 		round 66: 3222.559287905693
[2024-10-17 05:33:08,556][flwr][INFO] - 		round 67: 3666.2109332084656
[2024-10-17 05:33:08,556][flwr][INFO] - 		round 68: 4051.54046690464
[2024-10-17 05:33:08,556][flwr][INFO] - 		round 69: 4303.8203238248825
[2024-10-17 05:33:08,556][flwr][INFO] - 		round 70: 2584.167171537876
[2024-10-17 05:33:08,557][flwr][INFO] - 		round 71: 25782.384900808334
[2024-10-17 05:33:08,557][flwr][INFO] - 		round 72: 3741.9325544834137
[2024-10-17 05:33:08,557][flwr][INFO] - 		round 73: 2862.1546853780746
[2024-10-17 05:33:08,557][flwr][INFO] - 		round 74: 2875.3774951696396
[2024-10-17 05:33:08,557][flwr][INFO] - 		round 75: 3179.0051976442337
[2024-10-17 05:33:08,557][flwr][INFO] - 		round 76: 3081.9057692289352
[2024-10-17 05:33:08,557][flwr][INFO] - 		round 77: 3297.804625272751
[2024-10-17 05:33:08,557][flwr][INFO] - 		round 78: 3344.0631757974625
[2024-10-17 05:33:08,557][flwr][INFO] - 		round 79: 2470.3171006441116
[2024-10-17 05:33:08,557][flwr][INFO] - 		round 80: 3435.8880531787872
[2024-10-17 05:33:08,557][flwr][INFO] - 		round 81: 4001.507310271263
[2024-10-17 05:33:08,557][flwr][INFO] - 		round 82: 2573.5626612901688
[2024-10-17 05:33:08,557][flwr][INFO] - 		round 83: 2572.496023416519
[2024-10-17 05:33:08,557][flwr][INFO] - 		round 84: 3440.4366965293884
[2024-10-17 05:33:08,557][flwr][INFO] - 		round 85: 3288.0488735437393
[2024-10-17 05:33:08,557][flwr][INFO] - 		round 86: 2910.9452596902847
[2024-10-17 05:33:08,557][flwr][INFO] - 		round 87: 3732.823567509651
[2024-10-17 05:33:08,557][flwr][INFO] - 		round 88: 3634.8509868383408
[2024-10-17 05:33:08,557][flwr][INFO] - 		round 89: 3095.903624176979
[2024-10-17 05:33:08,557][flwr][INFO] - 		round 90: 3458.5081189870834
[2024-10-17 05:33:08,557][flwr][INFO] - 		round 91: 3862.093602657318
[2024-10-17 05:33:08,557][flwr][INFO] - 		round 92: 3003.44408595562
[2024-10-17 05:33:08,557][flwr][INFO] - 		round 93: 3658.9935084581375
[2024-10-17 05:33:08,558][flwr][INFO] - 		round 94: 2901.195846438408
[2024-10-17 05:33:08,558][flwr][INFO] - 		round 95: 3466.7573676109314
[2024-10-17 05:33:08,558][flwr][INFO] - 		round 96: 4393.778168559074
[2024-10-17 05:33:08,558][flwr][INFO] - 		round 97: 3400.528844356537
[2024-10-17 05:33:08,558][flwr][INFO] - 		round 98: 6165.071459054947
[2024-10-17 05:33:08,558][flwr][INFO] - 		round 99: 3375.954762816429
[2024-10-17 05:33:08,558][flwr][INFO] - 		round 100: 2939.1880695819855
[2024-10-17 05:33:08,558][flwr][INFO] - 	History (metrics, distributed, evaluate):
[2024-10-17 05:33:08,558][flwr][INFO] - 	{'accuracy': [(1, 0.0),
[2024-10-17 05:33:08,558][flwr][INFO] - 	              (2, 0.7518987341772152),
[2024-10-17 05:33:08,558][flwr][INFO] - 	              (3, 0.6813953488372093),
[2024-10-17 05:33:08,558][flwr][INFO] - 	              (4, 0.6752988047808764),
[2024-10-17 05:33:08,558][flwr][INFO] - 	              (5, 0.2784313725490196),
[2024-10-17 05:33:08,558][flwr][INFO] - 	              (6, 0.6904276985743381),
[2024-10-17 05:33:08,558][flwr][INFO] - 	              (7, 0.3357487922705314),
[2024-10-17 05:33:08,558][flwr][INFO] - 	              (8, 0.10287081339712918),
[2024-10-17 05:33:08,558][flwr][INFO] - 	              (9, 0.05938242280285035),
[2024-10-17 05:33:08,558][flwr][INFO] - 	              (10, 0.0),
[2024-10-17 05:33:08,558][flwr][INFO] - 	              (11, 0.8153446033810143),
[2024-10-17 05:33:08,558][flwr][INFO] - 	              (12, 0.0029585798816568047),
[2024-10-17 05:33:08,558][flwr][INFO] - 	              (13, 0.6054888507718696),
[2024-10-17 05:33:08,558][flwr][INFO] - 	              (14, 0.6411960132890365),
[2024-10-17 05:33:08,558][flwr][INFO] - 	              (15, 0.0),
[2024-10-17 05:33:08,558][flwr][INFO] - 	              (16, 0.0),
[2024-10-17 05:33:08,559][flwr][INFO] - 	              (17, 0.1288888888888889),
[2024-10-17 05:33:08,559][flwr][INFO] - 	              (18, 0.08423913043478261),
[2024-10-17 05:33:08,559][flwr][INFO] - 	              (19, 0.06804733727810651),
[2024-10-17 05:33:08,559][flwr][INFO] - 	              (20, 0.002638522427440633),
[2024-10-17 05:33:08,559][flwr][INFO] - 	              (21, 0.07358490566037736),
[2024-10-17 05:33:08,559][flwr][INFO] - 	              (22, 0.04888888888888889),
[2024-10-17 05:33:08,559][flwr][INFO] - 	              (23, 0.26757990867579906),
[2024-10-17 05:33:08,559][flwr][INFO] - 	              (24, 0.008896797153024912),
[2024-10-17 05:33:08,559][flwr][INFO] - 	              (25, 0.3333333333333333),
[2024-10-17 05:33:08,559][flwr][INFO] - 	              (26, 0.04158004158004158),
[2024-10-17 05:33:08,559][flwr][INFO] - 	              (27, 0.5873170731707317),
[2024-10-17 05:33:08,559][flwr][INFO] - 	              (28, 0.002079002079002079),
[2024-10-17 05:33:08,559][flwr][INFO] - 	              (29, 0.0014184397163120568),
[2024-10-17 05:33:08,559][flwr][INFO] - 	              (30, 0.5689964157706093),
[2024-10-17 05:33:08,559][flwr][INFO] - 	              (31, 0.13721413721413722),
[2024-10-17 05:33:08,559][flwr][INFO] - 	              (32, 0.4531886024423338),
[2024-10-17 05:33:08,559][flwr][INFO] - 	              (33, 0.7787307032590052),
[2024-10-17 05:33:08,559][flwr][INFO] - 	              (34, 0.35234215885947046),
[2024-10-17 05:33:08,559][flwr][INFO] - 	              (35, 0.6297918948521358),
[2024-10-17 05:33:08,559][flwr][INFO] - 	              (36, 0.1672185430463576),
[2024-10-17 05:33:08,559][flwr][INFO] - 	              (37, 0.44991364421416236),
[2024-10-17 05:33:08,559][flwr][INFO] - 	              (38, 0.6115537848605578),
[2024-10-17 05:33:08,559][flwr][INFO] - 	              (39, 0.08275862068965517),
[2024-10-17 05:33:08,560][flwr][INFO] - 	              (40, 0.6221248630887185),
[2024-10-17 05:33:08,560][flwr][INFO] - 	              (41, 0.2592267135325132),
[2024-10-17 05:33:08,560][flwr][INFO] - 	              (42, 0.0300187617260788),
[2024-10-17 05:33:08,560][flwr][INFO] - 	              (43, 0.3538011695906433),
[2024-10-17 05:33:08,560][flwr][INFO] - 	              (44, 0.1565040650406504),
[2024-10-17 05:33:08,560][flwr][INFO] - 	              (45, 0.6394640682095006),
[2024-10-17 05:33:08,560][flwr][INFO] - 	              (46, 0.3159509202453988),
[2024-10-17 05:33:08,560][flwr][INFO] - 	              (47, 0.5346341463414634),
[2024-10-17 05:33:08,560][flwr][INFO] - 	              (48, 0.17096336499321574),
[2024-10-17 05:33:08,560][flwr][INFO] - 	              (49, 0.254601226993865),
[2024-10-17 05:33:08,560][flwr][INFO] - 	              (50, 0.8253164556962025),
[2024-10-17 05:33:08,560][flwr][INFO] - 	              (51, 0.0870712401055409),
[2024-10-17 05:33:08,560][flwr][INFO] - 	              (52, 0.3893653516295026),
[2024-10-17 05:33:08,560][flwr][INFO] - 	              (53, 0.22151898734177214),
[2024-10-17 05:33:08,560][flwr][INFO] - 	              (54, 0.16733067729083664),
[2024-10-17 05:33:08,560][flwr][INFO] - 	              (55, 0.1127659574468085),
[2024-10-17 05:33:08,560][flwr][INFO] - 	              (56, 0.6614699331848553),
[2024-10-17 05:33:08,560][flwr][INFO] - 	              (57, 0.5746341463414634),
[2024-10-17 05:33:08,560][flwr][INFO] - 	              (58, 0.0755287009063444),
[2024-10-17 05:33:08,560][flwr][INFO] - 	              (59, 0.0013020833333333333),
[2024-10-17 05:33:08,560][flwr][INFO] - 	              (60, 0.3097497842968076),
[2024-10-17 05:33:08,560][flwr][INFO] - 	              (61, 0.2979274611398964),
[2024-10-17 05:33:08,560][flwr][INFO] - 	              (62, 0.21153846153846154),
[2024-10-17 05:33:08,561][flwr][INFO] - 	              (63, 0.38782051282051283),
[2024-10-17 05:33:08,561][flwr][INFO] - 	              (64, 0.0),
[2024-10-17 05:33:08,561][flwr][INFO] - 	              (65, 0.7126582278481013),
[2024-10-17 05:33:08,561][flwr][INFO] - 	              (66, 0.31835564053537285),
[2024-10-17 05:33:08,561][flwr][INFO] - 	              (67, 0.25213675213675213),
[2024-10-17 05:33:08,561][flwr][INFO] - 	              (68, 0.24339622641509434),
[2024-10-17 05:33:08,561][flwr][INFO] - 	              (69, 0.5182119205298014),
[2024-10-17 05:33:08,561][flwr][INFO] - 	              (70, 0.2669172932330827),
[2024-10-17 05:33:08,561][flwr][INFO] - 	              (71, 0.05976095617529881),
[2024-10-17 05:33:08,561][flwr][INFO] - 	              (72, 0.04880478087649402),
[2024-10-17 05:33:08,561][flwr][INFO] - 	              (73, 0.77734375),
[2024-10-17 05:33:08,561][flwr][INFO] - 	              (74, 0.5389863547758285),
[2024-10-17 05:33:08,561][flwr][INFO] - 	              (75, 0.008695652173913044),
[2024-10-17 05:33:08,561][flwr][INFO] - 	              (76, 0.1298932384341637),
[2024-10-17 05:33:08,561][flwr][INFO] - 	              (77, 0.09970014992503748),
[2024-10-17 05:33:08,561][flwr][INFO] - 	              (78, 0.3687150837988827),
[2024-10-17 05:33:08,561][flwr][INFO] - 	              (79, 0.0275),
[2024-10-17 05:33:08,561][flwr][INFO] - 	              (80, 0.33876221498371334),
[2024-10-17 05:33:08,562][flwr][INFO] - 	              (81, 0.09649122807017543),
[2024-10-17 05:33:08,562][flwr][INFO] - 	              (82, 0.044854881266490766),
[2024-10-17 05:33:08,562][flwr][INFO] - 	              (83, 0.4930278884462152),
[2024-10-17 05:33:08,562][flwr][INFO] - 	              (84, 0.390625),
[2024-10-17 05:33:08,562][flwr][INFO] - 	              (85, 0.0825),
[2024-10-17 05:33:08,562][flwr][INFO] - 	              (86, 0.06374501992031872),
[2024-10-17 05:33:08,562][flwr][INFO] - 	              (87, 0.5015479876160991),
[2024-10-17 05:33:08,562][flwr][INFO] - 	              (88, 0.21358159912376778),
[2024-10-17 05:33:08,562][flwr][INFO] - 	              (89, 0.25),
[2024-10-17 05:33:08,562][flwr][INFO] - 	              (90, 0.5030959752321982),
[2024-10-17 05:33:08,562][flwr][INFO] - 	              (91, 0.02263374485596708),
[2024-10-17 05:33:08,562][flwr][INFO] - 	              (92, 0.35614525139664804),
[2024-10-17 05:33:08,562][flwr][INFO] - 	              (93, 0.5488126649076517),
[2024-10-17 05:33:08,562][flwr][INFO] - 	              (94, 0.004357298474945534),
[2024-10-17 05:33:08,562][flwr][INFO] - 	              (95, 0.0),
[2024-10-17 05:33:08,562][flwr][INFO] - 	              (96, 0.009765625),
[2024-10-17 05:33:08,562][flwr][INFO] - 	              (97, 0.052845528455284556),
[2024-10-17 05:33:08,562][flwr][INFO] - 	              (98, 0.6093591047812817),
[2024-10-17 05:33:08,563][flwr][INFO] - 	              (99, 0.3985611510791367),
[2024-10-17 05:33:08,563][flwr][INFO] - 	              (100, 0.050699300699300696)]}
[2024-10-17 05:33:08,563][flwr][INFO] - 	History (metrics, centralized):
[2024-10-17 05:33:08,563][flwr][INFO] - 	{'accuracy': [(0, 0.1714467005076142),
[2024-10-17 05:33:08,563][flwr][INFO] - 	              (1, 0.23642131979695433),
[2024-10-17 05:33:08,563][flwr][INFO] - 	              (2, 0.3218908629441624),
[2024-10-17 05:33:08,563][flwr][INFO] - 	              (3, 0.36010998307952624),
[2024-10-17 05:33:08,563][flwr][INFO] - 	              (4, 0.36359983079526226),
[2024-10-17 05:33:08,563][flwr][INFO] - 	              (5, 0.34050338409475467),
[2024-10-17 05:33:08,563][flwr][INFO] - 	              (6, 0.28310067681895096),
[2024-10-17 05:33:08,563][flwr][INFO] - 	              (7, 0.23333333333333334),
[2024-10-17 05:33:08,563][flwr][INFO] - 	              (8, 0.3649746192893401),
[2024-10-17 05:33:08,563][flwr][INFO] - 	              (9, 0.332085448392555),
[2024-10-17 05:33:08,563][flwr][INFO] - 	              (10, 0.29073604060913705),
[2024-10-17 05:33:08,563][flwr][INFO] - 	              (11, 0.37138324873096445),
[2024-10-17 05:33:08,563][flwr][INFO] - 	              (12, 0.19373942470389172),
[2024-10-17 05:33:08,563][flwr][INFO] - 	              (13, 0.1707698815566836),
[2024-10-17 05:33:08,563][flwr][INFO] - 	              (14, 0.3713409475465313),
[2024-10-17 05:33:08,563][flwr][INFO] - 	              (15, 0.35714890016920475),
[2024-10-17 05:33:08,563][flwr][INFO] - 	              (16, 0.3486040609137056),
[2024-10-17 05:33:08,563][flwr][INFO] - 	              (17, 0.2518612521150592),
[2024-10-17 05:33:08,563][flwr][INFO] - 	              (18, 0.34418358714043995),
[2024-10-17 05:33:08,563][flwr][INFO] - 	              (19, 0.23022419627749577),
[2024-10-17 05:33:08,564][flwr][INFO] - 	              (20, 0.361082910321489),
[2024-10-17 05:33:08,564][flwr][INFO] - 	              (21, 0.2645093062605753),
[2024-10-17 05:33:08,564][flwr][INFO] - 	              (22, 0.20547800338409475),
[2024-10-17 05:33:08,564][flwr][INFO] - 	              (23, 0.29063028764805415),
[2024-10-17 05:33:08,564][flwr][INFO] - 	              (24, 0.37292724196277494),
[2024-10-17 05:33:08,564][flwr][INFO] - 	              (25, 0.26584179357022),
[2024-10-17 05:33:08,564][flwr][INFO] - 	              (26, 0.3568527918781726),
[2024-10-17 05:33:08,564][flwr][INFO] - 	              (27, 0.3612944162436548),
[2024-10-17 05:33:08,564][flwr][INFO] - 	              (28, 0.3399534686971235),
[2024-10-17 05:33:08,564][flwr][INFO] - 	              (29, 0.21761844331641286),
[2024-10-17 05:33:08,564][flwr][INFO] - 	              (30, 0.35207275803722504),
[2024-10-17 05:33:08,564][flwr][INFO] - 	              (31, 0.3785744500846024),
[2024-10-17 05:33:08,564][flwr][INFO] - 	              (32, 0.19718697123519457),
[2024-10-17 05:33:08,564][flwr][INFO] - 	              (33, 0.1995135363790186),
[2024-10-17 05:33:08,564][flwr][INFO] - 	              (34, 0.23164128595600678),
[2024-10-17 05:33:08,564][flwr][INFO] - 	              (35, 0.3830160744500846),
[2024-10-17 05:33:08,564][flwr][INFO] - 	              (36, 0.22696700507614212),
[2024-10-17 05:33:08,564][flwr][INFO] - 	              (37, 0.375253807106599),
[2024-10-17 05:33:08,564][flwr][INFO] - 	              (38, 0.37601522842639595),
[2024-10-17 05:33:08,564][flwr][INFO] - 	              (39, 0.4002115059221658),
[2024-10-17 05:33:08,564][flwr][INFO] - 	              (40, 0.3820431472081218),
[2024-10-17 05:33:08,564][flwr][INFO] - 	              (41, 0.26774534686971235),
[2024-10-17 05:33:08,564][flwr][INFO] - 	              (42, 0.1508460236886633),
[2024-10-17 05:33:08,565][flwr][INFO] - 	              (43, 0.2568739424703892),
[2024-10-17 05:33:08,565][flwr][INFO] - 	              (44, 0.3640016920473773),
[2024-10-17 05:33:08,565][flwr][INFO] - 	              (45, 0.3455795262267343),
[2024-10-17 05:33:08,565][flwr][INFO] - 	              (46, 0.3984348561759729),
[2024-10-17 05:33:08,565][flwr][INFO] - 	              (47, 0.3110617597292724),
[2024-10-17 05:33:08,565][flwr][INFO] - 	              (48, 0.40348984771573604),
[2024-10-17 05:33:08,565][flwr][INFO] - 	              (49, 0.2906091370558376),
[2024-10-17 05:33:08,565][flwr][INFO] - 	              (50, 0.3857233502538071),
[2024-10-17 05:33:08,565][flwr][INFO] - 	              (51, 0.37684010152284264),
[2024-10-17 05:33:08,565][flwr][INFO] - 	              (52, 0.2495135363790186),
[2024-10-17 05:33:08,565][flwr][INFO] - 	              (53, 0.40740270727580374),
[2024-10-17 05:33:08,565][flwr][INFO] - 	              (54, 0.34073604060913704),
[2024-10-17 05:33:08,565][flwr][INFO] - 	              (55, 0.24018612521150592),
[2024-10-17 05:33:08,565][flwr][INFO] - 	              (56, 0.27787648054145514),
[2024-10-17 05:33:08,565][flwr][INFO] - 	              (57, 0.4139805414551607),
[2024-10-17 05:33:08,565][flwr][INFO] - 	              (58, 0.22491539763113366),
[2024-10-17 05:33:08,565][flwr][INFO] - 	              (59, 0.19441624365482232),
[2024-10-17 05:33:08,565][flwr][INFO] - 	              (60, 0.3277284263959391),
[2024-10-17 05:33:08,565][flwr][INFO] - 	              (61, 0.2687394247038917),
[2024-10-17 05:33:08,565][flwr][INFO] - 	              (62, 0.15697969543147208),
[2024-10-17 05:33:08,565][flwr][INFO] - 	              (63, 0.2297165820642978),
[2024-10-17 05:33:08,565][flwr][INFO] - 	              (64, 0.2991962774957699),
[2024-10-17 05:33:08,565][flwr][INFO] - 	              (65, 0.38121827411167514),
[2024-10-17 05:33:08,566][flwr][INFO] - 	              (66, 0.2941624365482233),
[2024-10-17 05:33:08,566][flwr][INFO] - 	              (67, 0.23724619289340101),
[2024-10-17 05:33:08,566][flwr][INFO] - 	              (68, 0.3600042301184433),
[2024-10-17 05:33:08,566][flwr][INFO] - 	              (69, 0.2892766497461929),
[2024-10-17 05:33:08,566][flwr][INFO] - 	              (70, 0.36728003384094754),
[2024-10-17 05:33:08,566][flwr][INFO] - 	              (71, 0.18214890016920474),
[2024-10-17 05:33:08,566][flwr][INFO] - 	              (72, 0.28098561759729274),
[2024-10-17 05:33:08,566][flwr][INFO] - 	              (73, 0.3617808798646362),
[2024-10-17 05:33:08,566][flwr][INFO] - 	              (74, 0.35395516074450084),
[2024-10-17 05:33:08,566][flwr][INFO] - 	              (75, 0.356831641285956),
[2024-10-17 05:33:08,566][flwr][INFO] - 	              (76, 0.25255922165820643),
[2024-10-17 05:33:08,566][flwr][INFO] - 	              (77, 0.1355964467005076),
[2024-10-17 05:33:08,566][flwr][INFO] - 	              (78, 0.2835236886632826),
[2024-10-17 05:33:08,566][flwr][INFO] - 	              (79, 0.35251692047377325),
[2024-10-17 05:33:08,566][flwr][INFO] - 	              (80, 0.2000211505922166),
[2024-10-17 05:33:08,566][flwr][INFO] - 	              (81, 0.2729906937394247),
[2024-10-17 05:33:08,566][flwr][INFO] - 	              (82, 0.37516920473773263),
[2024-10-17 05:33:08,566][flwr][INFO] - 	              (83, 0.39403553299492383),
[2024-10-17 05:33:08,566][flwr][INFO] - 	              (84, 0.2243020304568528),
[2024-10-17 05:33:08,566][flwr][INFO] - 	              (85, 0.2876480541455161),
[2024-10-17 05:33:08,566][flwr][INFO] - 	              (86, 0.35816412859560065),
[2024-10-17 05:33:08,566][flwr][INFO] - 	              (87, 0.25503384094754655),
[2024-10-17 05:33:08,566][flwr][INFO] - 	              (88, 0.21973350253807106),
[2024-10-17 05:33:08,567][flwr][INFO] - 	              (89, 0.35936971235194587),
[2024-10-17 05:33:08,567][flwr][INFO] - 	              (90, 0.2737098138747885),
[2024-10-17 05:33:08,567][flwr][INFO] - 	              (91, 0.12239847715736041),
[2024-10-17 05:33:08,567][flwr][INFO] - 	              (92, 0.3511844331641286),
[2024-10-17 05:33:08,567][flwr][INFO] - 	              (93, 0.3458756345177665),
[2024-10-17 05:33:08,567][flwr][INFO] - 	              (94, 0.3391285956006768),
[2024-10-17 05:33:08,567][flwr][INFO] - 	              (95, 0.3277284263959391),
[2024-10-17 05:33:08,567][flwr][INFO] - 	              (96, 0.38005499153976313),
[2024-10-17 05:33:08,567][flwr][INFO] - 	              (97, 0.3468274111675127),
[2024-10-17 05:33:08,567][flwr][INFO] - 	              (98, 0.3463620981387479),
[2024-10-17 05:33:08,567][flwr][INFO] - 	              (99, 0.25499153976311334),
[2024-10-17 05:33:08,567][flwr][INFO] - 	              (100, 0.37745346869712354)]}
[2024-10-17 05:33:08,567][flwr][INFO] - 
