[2024-09-19 00:58:47,787][flwr][INFO] - Starting Flower simulation, config: num_rounds=100, no round_timeout
[2024-09-19 00:58:51,086][flwr][INFO] - Flower VCE: Ray initialized with resources: {'CPU': 256.0, 'memory': 168558939956.0, 'node:115.145.172.224': 1.0, 'object_store_memory': 76525259980.0, 'node:__internal_head__': 1.0, 'accelerator_type:G': 1.0, 'GPU': 1.0}
[2024-09-19 00:58:51,086][flwr][INFO] - Optimize your simulation with Flower VCE: https://flower.ai/docs/framework/how-to-run-simulations.html
[2024-09-19 00:58:51,086][flwr][INFO] - Flower VCE: Resources for each Virtual Client: {'num_cpus': 16, 'num_gpus': 0.5}
[2024-09-19 00:58:51,108][flwr][INFO] - Flower VCE: Creating VirtualClientEngineActorPool with 2 actors
[2024-09-19 00:58:51,109][flwr][INFO] - [INIT]
[2024-09-19 00:58:51,109][flwr][INFO] - Requesting initial parameters from one random client
[2024-09-19 00:58:57,880][flwr][INFO] - Received initial parameters from one random client
[2024-09-19 00:58:57,880][flwr][INFO] - Evaluating initial global parameters
[2024-09-19 00:59:08,341][flwr][INFO] - initial parameters (loss, other metrics): 225.40373408794403, {'accuracy': 0.22332651271558024}
[2024-09-19 00:59:08,342][flwr][INFO] - 
[2024-09-19 00:59:08,342][flwr][INFO] - [ROUND 1]
[2024-09-19 00:59:08,343][flwr][INFO] - configure_fit: strategy sampled 5 clients (out of 50)
[2024-09-19 00:59:25,220][flwr][INFO] - aggregate_fit: received 5 results and 0 failures
[2024-09-19 00:59:26,531][flwr][WARNING] - No fit_metrics_aggregation_fn provided
[2024-09-19 00:59:36,927][flwr][INFO] - fit progress: (1, 218.9040504693985, {'accuracy': 0.16924875767319497}, 28.584569402970374)
[2024-09-19 00:59:36,927][flwr][INFO] - configure_evaluate: strategy sampled 2 clients (out of 50)
[2024-09-19 00:59:40,112][flwr][INFO] - aggregate_evaluate: received 2 results and 0 failures
[2024-09-19 00:59:40,112][flwr][INFO] - 
[2024-09-19 00:59:40,112][flwr][INFO] - [ROUND 2]
[2024-09-19 00:59:40,112][flwr][INFO] - configure_fit: strategy sampled 5 clients (out of 50)
[2024-09-19 00:59:57,254][flwr][INFO] - aggregate_fit: received 5 results and 0 failures
[2024-09-19 01:00:08,200][flwr][INFO] - fit progress: (2, 221.7002466917038, {'accuracy': 0.1824028061970184}, 59.85800731368363)
[2024-09-19 01:00:08,201][flwr][INFO] - configure_evaluate: strategy sampled 2 clients (out of 50)
[2024-09-19 01:00:11,497][flwr][INFO] - aggregate_evaluate: received 2 results and 0 failures
[2024-09-19 01:00:11,497][flwr][INFO] - 
[2024-09-19 01:00:11,498][flwr][INFO] - [ROUND 3]
[2024-09-19 01:00:11,498][flwr][INFO] - configure_fit: strategy sampled 5 clients (out of 50)
[2024-09-19 01:00:28,636][flwr][INFO] - aggregate_fit: received 5 results and 0 failures
[2024-09-19 01:00:39,196][flwr][INFO] - fit progress: (3, 225.09621858596802, {'accuracy': 0.23940368313358668}, 90.85390311665833)
[2024-09-19 01:00:39,197][flwr][INFO] - configure_evaluate: strategy sampled 2 clients (out of 50)
[2024-09-19 01:00:42,312][flwr][INFO] - aggregate_evaluate: received 2 results and 0 failures
[2024-09-19 01:00:42,313][flwr][INFO] - 
[2024-09-19 01:00:42,313][flwr][INFO] - [ROUND 4]
[2024-09-19 01:00:42,313][flwr][INFO] - configure_fit: strategy sampled 5 clients (out of 50)
[2024-09-19 01:00:59,578][flwr][INFO] - aggregate_fit: received 5 results and 0 failures
[2024-09-19 01:01:10,262][flwr][INFO] - fit progress: (4, 217.72977566719055, {'accuracy': 0.1824028061970184}, 121.92000064766034)
[2024-09-19 01:01:10,263][flwr][INFO] - configure_evaluate: strategy sampled 2 clients (out of 50)
[2024-09-19 01:01:13,429][flwr][INFO] - aggregate_evaluate: received 2 results and 0 failures
[2024-09-19 01:01:13,430][flwr][INFO] - 
[2024-09-19 01:01:13,430][flwr][INFO] - [ROUND 5]
[2024-09-19 01:01:13,430][flwr][INFO] - configure_fit: strategy sampled 5 clients (out of 50)
[2024-09-19 01:01:31,734][flwr][INFO] - aggregate_fit: received 5 results and 0 failures
[2024-09-19 01:01:43,053][flwr][INFO] - fit progress: (5, 219.3161814212799, {'accuracy': 0.16924875767319497}, 154.7105435919948)
[2024-09-19 01:01:43,053][flwr][INFO] - configure_evaluate: strategy sampled 2 clients (out of 50)
[2024-09-19 01:01:46,562][flwr][INFO] - aggregate_evaluate: received 2 results and 0 failures
[2024-09-19 01:01:46,562][flwr][INFO] - 
[2024-09-19 01:01:46,562][flwr][INFO] - [ROUND 6]
[2024-09-19 01:01:46,562][flwr][INFO] - configure_fit: strategy sampled 5 clients (out of 50)
[2024-09-19 01:02:03,128][flwr][INFO] - aggregate_fit: received 5 results and 0 failures
[2024-09-19 01:02:14,115][flwr][INFO] - fit progress: (6, 218.59073507785797, {'accuracy': 0.16924875767319497}, 185.77309925900772)
[2024-09-19 01:02:14,116][flwr][INFO] - configure_evaluate: strategy sampled 2 clients (out of 50)
[2024-09-19 01:02:17,535][flwr][INFO] - aggregate_evaluate: received 2 results and 0 failures
[2024-09-19 01:02:17,535][flwr][INFO] - 
[2024-09-19 01:02:17,535][flwr][INFO] - [ROUND 7]
[2024-09-19 01:02:17,536][flwr][INFO] - configure_fit: strategy sampled 5 clients (out of 50)
[2024-09-19 01:02:34,262][flwr][INFO] - aggregate_fit: received 5 results and 0 failures
[2024-09-19 01:02:44,641][flwr][INFO] - fit progress: (7, 216.36014091968536, {'accuracy': 0.19467991815258695}, 216.2985554835759)
[2024-09-19 01:02:44,641][flwr][INFO] - configure_evaluate: strategy sampled 2 clients (out of 50)
[2024-09-19 01:02:47,888][flwr][INFO] - aggregate_evaluate: received 2 results and 0 failures
[2024-09-19 01:02:47,888][flwr][INFO] - 
[2024-09-19 01:02:47,888][flwr][INFO] - [ROUND 8]
[2024-09-19 01:02:47,889][flwr][INFO] - configure_fit: strategy sampled 5 clients (out of 50)
[2024-09-19 01:03:05,209][flwr][INFO] - aggregate_fit: received 5 results and 0 failures
[2024-09-19 01:03:15,874][flwr][INFO] - fit progress: (8, 216.51270997524261, {'accuracy': 0.1824028061970184}, 247.53199192183092)
[2024-09-19 01:03:15,875][flwr][INFO] - configure_evaluate: strategy sampled 2 clients (out of 50)
[2024-09-19 01:03:19,117][flwr][INFO] - aggregate_evaluate: received 2 results and 0 failures
[2024-09-19 01:03:19,117][flwr][INFO] - 
[2024-09-19 01:03:19,118][flwr][INFO] - [ROUND 9]
[2024-09-19 01:03:19,118][flwr][INFO] - configure_fit: strategy sampled 5 clients (out of 50)
[2024-09-19 01:03:35,543][flwr][INFO] - aggregate_fit: received 5 results and 0 failures
[2024-09-19 01:03:46,870][flwr][INFO] - fit progress: (9, 195.9404240846634, {'accuracy': 0.3048816135632856}, 278.52769212797284)
[2024-09-19 01:03:46,870][flwr][INFO] - configure_evaluate: strategy sampled 2 clients (out of 50)
[2024-09-19 01:03:50,310][flwr][INFO] - aggregate_evaluate: received 2 results and 0 failures
[2024-09-19 01:03:50,310][flwr][INFO] - 
[2024-09-19 01:03:50,310][flwr][INFO] - [ROUND 10]
[2024-09-19 01:03:50,311][flwr][INFO] - configure_fit: strategy sampled 5 clients (out of 50)
[2024-09-19 01:04:06,833][flwr][INFO] - aggregate_fit: received 5 results and 0 failures
[2024-09-19 01:04:16,883][flwr][INFO] - fit progress: (10, 204.2946661710739, {'accuracy': 0.3276819643379129}, 308.5404009488411)
[2024-09-19 01:04:16,883][flwr][INFO] - configure_evaluate: strategy sampled 2 clients (out of 50)
[2024-09-19 01:04:20,068][flwr][INFO] - aggregate_evaluate: received 2 results and 0 failures
[2024-09-19 01:04:20,068][flwr][INFO] - 
[2024-09-19 01:04:20,068][flwr][INFO] - [ROUND 11]
[2024-09-19 01:04:20,068][flwr][INFO] - configure_fit: strategy sampled 5 clients (out of 50)
[2024-09-19 01:04:37,630][flwr][INFO] - aggregate_fit: received 5 results and 0 failures
[2024-09-19 01:04:48,655][flwr][INFO] - fit progress: (11, 174.34832286834717, {'accuracy': 0.3700672318035662}, 340.31275416491553)
[2024-09-19 01:04:48,655][flwr][INFO] - configure_evaluate: strategy sampled 2 clients (out of 50)
[2024-09-19 01:04:51,864][flwr][INFO] - aggregate_evaluate: received 2 results and 0 failures
[2024-09-19 01:04:51,865][flwr][INFO] - 
[2024-09-19 01:04:51,865][flwr][INFO] - [ROUND 12]
[2024-09-19 01:04:51,865][flwr][INFO] - configure_fit: strategy sampled 5 clients (out of 50)
[2024-09-19 01:05:09,236][flwr][INFO] - aggregate_fit: received 5 results and 0 failures
[2024-09-19 01:05:19,792][flwr][INFO] - fit progress: (12, 193.04331052303314, {'accuracy': 0.26337328266588717}, 371.44999406160787)
[2024-09-19 01:05:19,793][flwr][INFO] - configure_evaluate: strategy sampled 2 clients (out of 50)
[2024-09-19 01:05:23,118][flwr][INFO] - aggregate_evaluate: received 2 results and 0 failures
[2024-09-19 01:05:23,118][flwr][INFO] - 
[2024-09-19 01:05:23,118][flwr][INFO] - [ROUND 13]
[2024-09-19 01:05:23,118][flwr][INFO] - configure_fit: strategy sampled 5 clients (out of 50)
[2024-09-19 01:05:40,433][flwr][INFO] - aggregate_fit: received 5 results and 0 failures
[2024-09-19 01:05:50,350][flwr][INFO] - fit progress: (13, 173.45799040794373, {'accuracy': 0.3273896521484946}, 402.00817974982783)
[2024-09-19 01:05:50,351][flwr][INFO] - configure_evaluate: strategy sampled 2 clients (out of 50)
[2024-09-19 01:05:53,603][flwr][INFO] - aggregate_evaluate: received 2 results and 0 failures
[2024-09-19 01:05:53,603][flwr][INFO] - 
[2024-09-19 01:05:53,603][flwr][INFO] - [ROUND 14]
[2024-09-19 01:05:53,604][flwr][INFO] - configure_fit: strategy sampled 5 clients (out of 50)
[2024-09-19 01:06:10,444][flwr][INFO] - aggregate_fit: received 5 results and 0 failures
[2024-09-19 01:06:21,340][flwr][INFO] - fit progress: (14, 169.59871459007263, {'accuracy': 0.36159017831043555}, 432.99810204375535)
[2024-09-19 01:06:21,341][flwr][INFO] - configure_evaluate: strategy sampled 2 clients (out of 50)
[2024-09-19 01:06:24,362][flwr][INFO] - aggregate_evaluate: received 2 results and 0 failures
[2024-09-19 01:06:24,362][flwr][INFO] - 
[2024-09-19 01:06:24,362][flwr][INFO] - [ROUND 15]
[2024-09-19 01:06:24,362][flwr][INFO] - configure_fit: strategy sampled 5 clients (out of 50)
[2024-09-19 01:06:40,874][flwr][INFO] - aggregate_fit: received 5 results and 0 failures
[2024-09-19 01:06:50,790][flwr][INFO] - fit progress: (15, 159.80911922454834, {'accuracy': 0.5086232095878398}, 462.44823312666267)
[2024-09-19 01:06:50,791][flwr][INFO] - configure_evaluate: strategy sampled 2 clients (out of 50)
[2024-09-19 01:06:54,122][flwr][INFO] - aggregate_evaluate: received 2 results and 0 failures
[2024-09-19 01:06:54,123][flwr][INFO] - 
[2024-09-19 01:06:54,123][flwr][INFO] - [ROUND 16]
[2024-09-19 01:06:54,123][flwr][INFO] - configure_fit: strategy sampled 5 clients (out of 50)
[2024-09-19 01:07:10,139][flwr][INFO] - aggregate_fit: received 5 results and 0 failures
[2024-09-19 01:07:21,383][flwr][INFO] - fit progress: (16, 173.82551193237305, {'accuracy': 0.22771119555685473}, 493.0404178528115)
[2024-09-19 01:07:21,383][flwr][INFO] - configure_evaluate: strategy sampled 2 clients (out of 50)
[2024-09-19 01:07:24,711][flwr][INFO] - aggregate_evaluate: received 2 results and 0 failures
[2024-09-19 01:07:24,712][flwr][INFO] - 
[2024-09-19 01:07:24,712][flwr][INFO] - [ROUND 17]
[2024-09-19 01:07:24,712][flwr][INFO] - configure_fit: strategy sampled 5 clients (out of 50)
[2024-09-19 01:07:42,254][flwr][INFO] - aggregate_fit: received 5 results and 0 failures
[2024-09-19 01:07:52,790][flwr][INFO] - fit progress: (17, 141.98566472530365, {'accuracy': 0.5334697456883952}, 524.4476012187079)
[2024-09-19 01:07:52,790][flwr][INFO] - configure_evaluate: strategy sampled 2 clients (out of 50)
[2024-09-19 01:07:56,261][flwr][INFO] - aggregate_evaluate: received 2 results and 0 failures
[2024-09-19 01:07:56,262][flwr][INFO] - 
[2024-09-19 01:07:56,262][flwr][INFO] - [ROUND 18]
[2024-09-19 01:07:56,262][flwr][INFO] - configure_fit: strategy sampled 5 clients (out of 50)
[2024-09-19 01:08:14,651][flwr][INFO] - aggregate_fit: received 5 results and 0 failures
[2024-09-19 01:08:25,923][flwr][INFO] - fit progress: (18, 152.42926025390625, {'accuracy': 0.3890675241157556}, 557.5809654640034)
[2024-09-19 01:08:25,924][flwr][INFO] - configure_evaluate: strategy sampled 2 clients (out of 50)
[2024-09-19 01:08:29,062][flwr][INFO] - aggregate_evaluate: received 2 results and 0 failures
[2024-09-19 01:08:29,062][flwr][INFO] - 
[2024-09-19 01:08:29,062][flwr][INFO] - [ROUND 19]
[2024-09-19 01:08:29,062][flwr][INFO] - configure_fit: strategy sampled 5 clients (out of 50)
[2024-09-19 01:08:45,833][flwr][INFO] - aggregate_fit: received 5 results and 0 failures
[2024-09-19 01:08:56,108][flwr][INFO] - fit progress: (19, 144.76844835281372, {'accuracy': 0.4375913475591932}, 587.7654806249775)
[2024-09-19 01:08:56,108][flwr][INFO] - configure_evaluate: strategy sampled 2 clients (out of 50)
[2024-09-19 01:08:59,211][flwr][INFO] - aggregate_evaluate: received 2 results and 0 failures
[2024-09-19 01:08:59,211][flwr][INFO] - 
[2024-09-19 01:08:59,211][flwr][INFO] - [ROUND 20]
[2024-09-19 01:08:59,212][flwr][INFO] - configure_fit: strategy sampled 5 clients (out of 50)
[2024-09-19 01:09:15,968][flwr][INFO] - aggregate_fit: received 5 results and 0 failures
[2024-09-19 01:09:26,044][flwr][INFO] - fit progress: (20, 136.31225270032883, {'accuracy': 0.5147617655656241}, 617.7021119198762)
[2024-09-19 01:09:26,045][flwr][INFO] - configure_evaluate: strategy sampled 2 clients (out of 50)
[2024-09-19 01:09:29,832][flwr][INFO] - aggregate_evaluate: received 2 results and 0 failures
[2024-09-19 01:09:29,832][flwr][INFO] - 
[2024-09-19 01:09:29,832][flwr][INFO] - [ROUND 21]
[2024-09-19 01:09:29,832][flwr][INFO] - configure_fit: strategy sampled 5 clients (out of 50)
[2024-09-19 01:09:46,055][flwr][INFO] - aggregate_fit: received 5 results and 0 failures
[2024-09-19 01:09:56,004][flwr][INFO] - fit progress: (21, 152.7141101360321, {'accuracy': 0.4022215726395791}, 647.6620284146629)
[2024-09-19 01:09:56,005][flwr][INFO] - configure_evaluate: strategy sampled 2 clients (out of 50)
[2024-09-19 01:09:59,242][flwr][INFO] - aggregate_evaluate: received 2 results and 0 failures
[2024-09-19 01:09:59,242][flwr][INFO] - 
[2024-09-19 01:09:59,242][flwr][INFO] - [ROUND 22]
[2024-09-19 01:09:59,243][flwr][INFO] - configure_fit: strategy sampled 5 clients (out of 50)
[2024-09-19 01:10:16,764][flwr][INFO] - aggregate_fit: received 5 results and 0 failures
[2024-09-19 01:10:27,084][flwr][INFO] - fit progress: (22, 129.67487800121307, {'accuracy': 0.556854720841859}, 678.7421239037067)
[2024-09-19 01:10:27,085][flwr][INFO] - configure_evaluate: strategy sampled 2 clients (out of 50)
[2024-09-19 01:10:29,938][flwr][INFO] - aggregate_evaluate: received 2 results and 0 failures
[2024-09-19 01:10:29,939][flwr][INFO] - 
[2024-09-19 01:10:29,939][flwr][INFO] - [ROUND 23]
[2024-09-19 01:10:29,939][flwr][INFO] - configure_fit: strategy sampled 5 clients (out of 50)
[2024-09-19 01:10:46,726][flwr][INFO] - aggregate_fit: received 5 results and 0 failures
[2024-09-19 01:10:56,786][flwr][INFO] - fit progress: (23, 135.622483253479, {'accuracy': 0.555685472084186}, 708.4433144107461)
[2024-09-19 01:10:56,786][flwr][INFO] - configure_evaluate: strategy sampled 2 clients (out of 50)
[2024-09-19 01:10:59,946][flwr][INFO] - aggregate_evaluate: received 2 results and 0 failures
[2024-09-19 01:10:59,947][flwr][INFO] - 
[2024-09-19 01:10:59,947][flwr][INFO] - [ROUND 24]
[2024-09-19 01:10:59,947][flwr][INFO] - configure_fit: strategy sampled 5 clients (out of 50)
[2024-09-19 01:11:17,335][flwr][INFO] - aggregate_fit: received 5 results and 0 failures
[2024-09-19 01:11:28,329][flwr][INFO] - fit progress: (24, 131.86434400081635, {'accuracy': 0.5285004384682841}, 739.9866427606903)
[2024-09-19 01:11:28,329][flwr][INFO] - configure_evaluate: strategy sampled 2 clients (out of 50)
[2024-09-19 01:11:31,592][flwr][INFO] - aggregate_evaluate: received 2 results and 0 failures
[2024-09-19 01:11:31,593][flwr][INFO] - 
[2024-09-19 01:11:31,593][flwr][INFO] - [ROUND 25]
[2024-09-19 01:11:31,593][flwr][INFO] - configure_fit: strategy sampled 5 clients (out of 50)
[2024-09-19 01:11:48,116][flwr][INFO] - aggregate_fit: received 5 results and 0 failures
[2024-09-19 01:11:57,943][flwr][INFO] - fit progress: (25, 117.60960251092911, {'accuracy': 0.5738088278281205}, 769.6009780038148)
[2024-09-19 01:11:57,943][flwr][INFO] - configure_evaluate: strategy sampled 2 clients (out of 50)
[2024-09-19 01:12:01,227][flwr][INFO] - aggregate_evaluate: received 2 results and 0 failures
[2024-09-19 01:12:01,228][flwr][INFO] - 
[2024-09-19 01:12:01,228][flwr][INFO] - [ROUND 26]
[2024-09-19 01:12:01,228][flwr][INFO] - configure_fit: strategy sampled 5 clients (out of 50)
[2024-09-19 01:12:17,345][flwr][INFO] - aggregate_fit: received 5 results and 0 failures
[2024-09-19 01:12:28,401][flwr][INFO] - fit progress: (26, 126.21423840522766, {'accuracy': 0.57731657410114}, 800.0583170759492)
[2024-09-19 01:12:28,401][flwr][INFO] - configure_evaluate: strategy sampled 2 clients (out of 50)
[2024-09-19 01:12:31,785][flwr][INFO] - aggregate_evaluate: received 2 results and 0 failures
[2024-09-19 01:12:31,786][flwr][INFO] - 
[2024-09-19 01:12:31,786][flwr][INFO] - [ROUND 27]
[2024-09-19 01:12:31,786][flwr][INFO] - configure_fit: strategy sampled 5 clients (out of 50)
[2024-09-19 01:12:48,583][flwr][INFO] - aggregate_fit: received 5 results and 0 failures
[2024-09-19 01:12:58,921][flwr][INFO] - fit progress: (27, 111.33824664354324, {'accuracy': 0.5936860567085648}, 830.5785988317803)
[2024-09-19 01:12:58,921][flwr][INFO] - configure_evaluate: strategy sampled 2 clients (out of 50)
[2024-09-19 01:13:02,129][flwr][INFO] - aggregate_evaluate: received 2 results and 0 failures
[2024-09-19 01:13:02,130][flwr][INFO] - 
[2024-09-19 01:13:02,130][flwr][INFO] - [ROUND 28]
[2024-09-19 01:13:02,130][flwr][INFO] - configure_fit: strategy sampled 5 clients (out of 50)
[2024-09-19 01:13:18,834][flwr][INFO] - aggregate_fit: received 5 results and 0 failures
[2024-09-19 01:13:30,418][flwr][INFO] - fit progress: (28, 119.24582082033157, {'accuracy': 0.5308389359836305}, 862.0757122766227)
[2024-09-19 01:13:30,419][flwr][INFO] - configure_evaluate: strategy sampled 2 clients (out of 50)
[2024-09-19 01:13:33,438][flwr][INFO] - aggregate_evaluate: received 2 results and 0 failures
[2024-09-19 01:13:33,439][flwr][INFO] - 
[2024-09-19 01:13:33,439][flwr][INFO] - [ROUND 29]
[2024-09-19 01:13:33,439][flwr][INFO] - configure_fit: strategy sampled 5 clients (out of 50)
[2024-09-19 01:13:50,548][flwr][INFO] - aggregate_fit: received 5 results and 0 failures
[2024-09-19 01:14:00,751][flwr][INFO] - fit progress: (29, 111.9586415886879, {'accuracy': 0.6042092955276235}, 892.4089912869968)
[2024-09-19 01:14:00,752][flwr][INFO] - configure_evaluate: strategy sampled 2 clients (out of 50)
[2024-09-19 01:14:03,876][flwr][INFO] - aggregate_evaluate: received 2 results and 0 failures
[2024-09-19 01:14:03,877][flwr][INFO] - 
[2024-09-19 01:14:03,877][flwr][INFO] - [ROUND 30]
[2024-09-19 01:14:03,877][flwr][INFO] - configure_fit: strategy sampled 5 clients (out of 50)
[2024-09-19 01:14:22,522][flwr][INFO] - aggregate_fit: received 5 results and 0 failures
[2024-09-19 01:14:33,075][flwr][INFO] - fit progress: (30, 103.03872680664062, {'accuracy': 0.6384098216895645}, 924.7326990729198)
[2024-09-19 01:14:33,076][flwr][INFO] - configure_evaluate: strategy sampled 2 clients (out of 50)
[2024-09-19 01:14:36,116][flwr][INFO] - aggregate_evaluate: received 2 results and 0 failures
[2024-09-19 01:14:36,116][flwr][INFO] - 
[2024-09-19 01:14:36,116][flwr][INFO] - [ROUND 31]
[2024-09-19 01:14:36,116][flwr][INFO] - configure_fit: strategy sampled 5 clients (out of 50)
[2024-09-19 01:14:52,332][flwr][INFO] - aggregate_fit: received 5 results and 0 failures
[2024-09-19 01:15:02,471][flwr][INFO] - fit progress: (31, 108.2677349448204, {'accuracy': 0.6609178602747735}, 954.1283995769918)
[2024-09-19 01:15:02,471][flwr][INFO] - configure_evaluate: strategy sampled 2 clients (out of 50)
[2024-09-19 01:15:05,684][flwr][INFO] - aggregate_evaluate: received 2 results and 0 failures
[2024-09-19 01:15:05,685][flwr][INFO] - 
[2024-09-19 01:15:05,685][flwr][INFO] - [ROUND 32]
[2024-09-19 01:15:05,685][flwr][INFO] - configure_fit: strategy sampled 5 clients (out of 50)
[2024-09-19 01:15:22,000][flwr][INFO] - aggregate_fit: received 5 results and 0 failures
[2024-09-19 01:15:32,169][flwr][INFO] - fit progress: (32, 105.61569935083389, {'accuracy': 0.6091786027477346}, 983.8272173400037)
[2024-09-19 01:15:32,170][flwr][INFO] - configure_evaluate: strategy sampled 2 clients (out of 50)
[2024-09-19 01:15:35,281][flwr][INFO] - aggregate_evaluate: received 2 results and 0 failures
[2024-09-19 01:15:35,282][flwr][INFO] - 
[2024-09-19 01:15:35,282][flwr][INFO] - [ROUND 33]
[2024-09-19 01:15:35,282][flwr][INFO] - configure_fit: strategy sampled 5 clients (out of 50)
[2024-09-19 01:15:52,423][flwr][INFO] - aggregate_fit: received 5 results and 0 failures
[2024-09-19 01:16:02,589][flwr][INFO] - fit progress: (33, 121.7270604968071, {'accuracy': 0.5454545454545454}, 1014.2470025457442)
[2024-09-19 01:16:02,590][flwr][INFO] - configure_evaluate: strategy sampled 2 clients (out of 50)
[2024-09-19 01:16:05,629][flwr][INFO] - aggregate_evaluate: received 2 results and 0 failures
[2024-09-19 01:16:05,630][flwr][INFO] - 
[2024-09-19 01:16:05,630][flwr][INFO] - [ROUND 34]
[2024-09-19 01:16:05,630][flwr][INFO] - configure_fit: strategy sampled 5 clients (out of 50)
[2024-09-19 01:16:22,857][flwr][INFO] - aggregate_fit: received 5 results and 0 failures
[2024-09-19 01:16:34,027][flwr][INFO] - fit progress: (34, 99.59429496526718, {'accuracy': 0.6316866413329436}, 1045.6852152268402)
[2024-09-19 01:16:34,028][flwr][INFO] - configure_evaluate: strategy sampled 2 clients (out of 50)
[2024-09-19 01:16:37,296][flwr][INFO] - aggregate_evaluate: received 2 results and 0 failures
[2024-09-19 01:16:37,296][flwr][INFO] - 
[2024-09-19 01:16:37,296][flwr][INFO] - [ROUND 35]
[2024-09-19 01:16:37,297][flwr][INFO] - configure_fit: strategy sampled 5 clients (out of 50)
[2024-09-19 01:16:53,525][flwr][INFO] - aggregate_fit: received 5 results and 0 failures
[2024-09-19 01:17:04,161][flwr][INFO] - fit progress: (35, 92.30212789773941, {'accuracy': 0.6977491961414791}, 1075.8190152407624)
[2024-09-19 01:17:04,162][flwr][INFO] - configure_evaluate: strategy sampled 2 clients (out of 50)
[2024-09-19 01:17:07,286][flwr][INFO] - aggregate_evaluate: received 2 results and 0 failures
[2024-09-19 01:17:07,286][flwr][INFO] - 
[2024-09-19 01:17:07,286][flwr][INFO] - [ROUND 36]
[2024-09-19 01:17:07,286][flwr][INFO] - configure_fit: strategy sampled 5 clients (out of 50)
[2024-09-19 01:17:25,448][flwr][INFO] - aggregate_fit: received 5 results and 0 failures
[2024-09-19 01:17:35,739][flwr][INFO] - fit progress: (36, 124.86897218227386, {'accuracy': 0.5574393452206957}, 1107.3972245445475)
[2024-09-19 01:17:35,740][flwr][INFO] - configure_evaluate: strategy sampled 2 clients (out of 50)
[2024-09-19 01:17:38,739][flwr][INFO] - aggregate_evaluate: received 2 results and 0 failures
[2024-09-19 01:17:38,740][flwr][INFO] - 
[2024-09-19 01:17:38,740][flwr][INFO] - [ROUND 37]
[2024-09-19 01:17:38,740][flwr][INFO] - configure_fit: strategy sampled 5 clients (out of 50)
[2024-09-19 01:17:55,634][flwr][INFO] - aggregate_fit: received 5 results and 0 failures
[2024-09-19 01:18:07,362][flwr][INFO] - fit progress: (37, 92.8124006986618, {'accuracy': 0.701549254603917}, 1139.0202003945597)
[2024-09-19 01:18:07,363][flwr][INFO] - configure_evaluate: strategy sampled 2 clients (out of 50)
[2024-09-19 01:18:10,547][flwr][INFO] - aggregate_evaluate: received 2 results and 0 failures
[2024-09-19 01:18:10,548][flwr][INFO] - 
[2024-09-19 01:18:10,548][flwr][INFO] - [ROUND 38]
[2024-09-19 01:18:10,548][flwr][INFO] - configure_fit: strategy sampled 5 clients (out of 50)
[2024-09-19 01:18:27,700][flwr][INFO] - aggregate_fit: received 5 results and 0 failures
[2024-09-19 01:18:37,846][flwr][INFO] - fit progress: (38, 95.49511760473251, {'accuracy': 0.6597486115171003}, 1169.5039526037872)
[2024-09-19 01:18:37,847][flwr][INFO] - configure_evaluate: strategy sampled 2 clients (out of 50)
[2024-09-19 01:18:41,162][flwr][INFO] - aggregate_evaluate: received 2 results and 0 failures
[2024-09-19 01:18:41,163][flwr][INFO] - 
[2024-09-19 01:18:41,163][flwr][INFO] - [ROUND 39]
[2024-09-19 01:18:41,163][flwr][INFO] - configure_fit: strategy sampled 5 clients (out of 50)
[2024-09-19 01:18:58,054][flwr][INFO] - aggregate_fit: received 5 results and 0 failures
[2024-09-19 01:19:08,240][flwr][INFO] - fit progress: (39, 87.01405930519104, {'accuracy': 0.7161648640748319}, 1199.8976148799993)
[2024-09-19 01:19:08,240][flwr][INFO] - configure_evaluate: strategy sampled 2 clients (out of 50)
[2024-09-19 01:19:11,791][flwr][INFO] - aggregate_evaluate: received 2 results and 0 failures
[2024-09-19 01:19:11,792][flwr][INFO] - 
[2024-09-19 01:19:11,792][flwr][INFO] - [ROUND 40]
[2024-09-19 01:19:11,792][flwr][INFO] - configure_fit: strategy sampled 5 clients (out of 50)
[2024-09-19 01:19:29,454][flwr][INFO] - aggregate_fit: received 5 results and 0 failures
[2024-09-19 01:19:41,000][flwr][INFO] - fit progress: (40, 106.408118724823, {'accuracy': 0.6340251388482899}, 1232.6579741286114)
[2024-09-19 01:19:41,001][flwr][INFO] - configure_evaluate: strategy sampled 2 clients (out of 50)
[2024-09-19 01:19:44,207][flwr][INFO] - aggregate_evaluate: received 2 results and 0 failures
[2024-09-19 01:19:44,207][flwr][INFO] - 
[2024-09-19 01:19:44,207][flwr][INFO] - [ROUND 41]
[2024-09-19 01:19:44,208][flwr][INFO] - configure_fit: strategy sampled 5 clients (out of 50)
[2024-09-19 01:20:01,900][flwr][INFO] - aggregate_fit: received 5 results and 0 failures
[2024-09-19 01:20:12,855][flwr][INFO] - fit progress: (41, 90.4647186100483, {'accuracy': 0.7117801812335575}, 1264.5129844769835)
[2024-09-19 01:20:12,856][flwr][INFO] - configure_evaluate: strategy sampled 2 clients (out of 50)
[2024-09-19 01:20:15,918][flwr][INFO] - aggregate_evaluate: received 2 results and 0 failures
[2024-09-19 01:20:15,919][flwr][INFO] - 
[2024-09-19 01:20:15,919][flwr][INFO] - [ROUND 42]
[2024-09-19 01:20:15,919][flwr][INFO] - configure_fit: strategy sampled 5 clients (out of 50)
[2024-09-19 01:20:32,952][flwr][INFO] - aggregate_fit: received 5 results and 0 failures
[2024-09-19 01:20:43,061][flwr][INFO] - fit progress: (42, 86.73153299093246, {'accuracy': 0.7167494884536685}, 1294.7192550846376)
[2024-09-19 01:20:43,062][flwr][INFO] - configure_evaluate: strategy sampled 2 clients (out of 50)
[2024-09-19 01:20:46,118][flwr][INFO] - aggregate_evaluate: received 2 results and 0 failures
[2024-09-19 01:20:46,119][flwr][INFO] - 
[2024-09-19 01:20:46,119][flwr][INFO] - [ROUND 43]
[2024-09-19 01:20:46,119][flwr][INFO] - configure_fit: strategy sampled 5 clients (out of 50)
[2024-09-19 01:21:02,963][flwr][INFO] - aggregate_fit: received 5 results and 0 failures
[2024-09-19 01:21:13,153][flwr][INFO] - fit progress: (43, 85.80641117691994, {'accuracy': 0.713241742180649}, 1324.810599731747)
[2024-09-19 01:21:13,153][flwr][INFO] - configure_evaluate: strategy sampled 2 clients (out of 50)
[2024-09-19 01:21:16,272][flwr][INFO] - aggregate_evaluate: received 2 results and 0 failures
[2024-09-19 01:21:16,273][flwr][INFO] - 
[2024-09-19 01:21:16,273][flwr][INFO] - [ROUND 44]
[2024-09-19 01:21:16,273][flwr][INFO] - configure_fit: strategy sampled 5 clients (out of 50)
[2024-09-19 01:21:32,571][flwr][INFO] - aggregate_fit: received 5 results and 0 failures
[2024-09-19 01:21:42,722][flwr][INFO] - fit progress: (44, 101.42921912670135, {'accuracy': 0.6501023092662964}, 1354.379845827818)
[2024-09-19 01:21:42,722][flwr][INFO] - configure_evaluate: strategy sampled 2 clients (out of 50)
[2024-09-19 01:21:45,825][flwr][INFO] - aggregate_evaluate: received 2 results and 0 failures
[2024-09-19 01:21:45,826][flwr][INFO] - 
[2024-09-19 01:21:45,826][flwr][INFO] - [ROUND 45]
[2024-09-19 01:21:45,826][flwr][INFO] - configure_fit: strategy sampled 5 clients (out of 50)
[2024-09-19 01:22:03,450][flwr][INFO] - aggregate_fit: received 5 results and 0 failures
[2024-09-19 01:22:14,847][flwr][INFO] - fit progress: (45, 96.19450953602791, {'accuracy': 0.6749488453668518}, 1386.5046909227967)
[2024-09-19 01:22:14,847][flwr][INFO] - configure_evaluate: strategy sampled 2 clients (out of 50)
[2024-09-19 01:22:18,240][flwr][INFO] - aggregate_evaluate: received 2 results and 0 failures
[2024-09-19 01:22:18,241][flwr][INFO] - 
[2024-09-19 01:22:18,241][flwr][INFO] - [ROUND 46]
[2024-09-19 01:22:18,241][flwr][INFO] - configure_fit: strategy sampled 5 clients (out of 50)
[2024-09-19 01:22:34,913][flwr][INFO] - aggregate_fit: received 5 results and 0 failures
[2024-09-19 01:22:46,019][flwr][INFO] - fit progress: (46, 79.75165072083473, {'accuracy': 0.734872844197603}, 1417.6772338747978)
[2024-09-19 01:22:46,020][flwr][INFO] - configure_evaluate: strategy sampled 2 clients (out of 50)
[2024-09-19 01:22:49,059][flwr][INFO] - aggregate_evaluate: received 2 results and 0 failures
[2024-09-19 01:22:49,059][flwr][INFO] - 
[2024-09-19 01:22:49,059][flwr][INFO] - [ROUND 47]
[2024-09-19 01:22:49,059][flwr][INFO] - configure_fit: strategy sampled 5 clients (out of 50)
[2024-09-19 01:23:06,379][flwr][INFO] - aggregate_fit: received 5 results and 0 failures
[2024-09-19 01:23:18,494][flwr][INFO] - fit progress: (47, 85.51946091651917, {'accuracy': 0.710318620286466}, 1450.1521913488396)
[2024-09-19 01:23:18,495][flwr][INFO] - configure_evaluate: strategy sampled 2 clients (out of 50)
[2024-09-19 01:23:21,974][flwr][INFO] - aggregate_evaluate: received 2 results and 0 failures
[2024-09-19 01:23:21,974][flwr][INFO] - 
[2024-09-19 01:23:21,975][flwr][INFO] - [ROUND 48]
[2024-09-19 01:23:21,975][flwr][INFO] - configure_fit: strategy sampled 5 clients (out of 50)
[2024-09-19 01:23:40,169][flwr][INFO] - aggregate_fit: received 5 results and 0 failures
[2024-09-19 01:23:52,948][flwr][INFO] - fit progress: (48, 95.03191241621971, {'accuracy': 0.6743642209880152}, 1484.6053947559558)
[2024-09-19 01:23:52,948][flwr][INFO] - configure_evaluate: strategy sampled 2 clients (out of 50)
[2024-09-19 01:23:56,230][flwr][INFO] - aggregate_evaluate: received 2 results and 0 failures
[2024-09-19 01:23:56,230][flwr][INFO] - 
[2024-09-19 01:23:56,231][flwr][INFO] - [ROUND 49]
[2024-09-19 01:23:56,231][flwr][INFO] - configure_fit: strategy sampled 5 clients (out of 50)
[2024-09-19 01:24:17,224][flwr][INFO] - aggregate_fit: received 5 results and 0 failures
[2024-09-19 01:24:34,416][flwr][INFO] - fit progress: (49, 90.74752953648567, {'accuracy': 0.6974568839520608}, 1526.0739133157767)
[2024-09-19 01:24:34,417][flwr][INFO] - configure_evaluate: strategy sampled 2 clients (out of 50)
[2024-09-19 01:24:37,920][flwr][INFO] - aggregate_evaluate: received 2 results and 0 failures
[2024-09-19 01:24:37,920][flwr][INFO] - 
[2024-09-19 01:24:37,921][flwr][INFO] - [ROUND 50]
[2024-09-19 01:24:37,921][flwr][INFO] - configure_fit: strategy sampled 5 clients (out of 50)
[2024-09-19 01:24:56,854][flwr][INFO] - aggregate_fit: received 5 results and 0 failures
[2024-09-19 01:25:11,108][flwr][INFO] - fit progress: (50, 78.99554708600044, {'accuracy': 0.7261034785150541}, 1562.7660518619232)
[2024-09-19 01:25:11,109][flwr][INFO] - configure_evaluate: strategy sampled 2 clients (out of 50)
[2024-09-19 01:25:14,335][flwr][INFO] - aggregate_evaluate: received 2 results and 0 failures
[2024-09-19 01:25:14,335][flwr][INFO] - 
[2024-09-19 01:25:14,335][flwr][INFO] - [ROUND 51]
[2024-09-19 01:25:14,336][flwr][INFO] - configure_fit: strategy sampled 5 clients (out of 50)
[2024-09-19 01:25:34,796][flwr][INFO] - aggregate_fit: received 5 results and 0 failures
[2024-09-19 01:25:50,239][flwr][INFO] - fit progress: (51, 86.39250767230988, {'accuracy': 0.715287927506577}, 1601.8968805386685)
[2024-09-19 01:25:50,240][flwr][INFO] - configure_evaluate: strategy sampled 2 clients (out of 50)
[2024-09-19 01:25:53,997][flwr][INFO] - aggregate_evaluate: received 2 results and 0 failures
[2024-09-19 01:25:53,998][flwr][INFO] - 
[2024-09-19 01:25:53,998][flwr][INFO] - [ROUND 52]
[2024-09-19 01:25:53,998][flwr][INFO] - configure_fit: strategy sampled 5 clients (out of 50)
[2024-09-19 01:26:13,460][flwr][INFO] - aggregate_fit: received 5 results and 0 failures
[2024-09-19 01:26:28,047][flwr][INFO] - fit progress: (52, 94.70902034640312, {'accuracy': 0.6866413329435838}, 1639.7046397170052)
[2024-09-19 01:26:28,047][flwr][INFO] - configure_evaluate: strategy sampled 2 clients (out of 50)
[2024-09-19 01:26:31,608][flwr][INFO] - aggregate_evaluate: received 2 results and 0 failures
[2024-09-19 01:26:31,608][flwr][INFO] - 
[2024-09-19 01:26:31,608][flwr][INFO] - [ROUND 53]
[2024-09-19 01:26:31,609][flwr][INFO] - configure_fit: strategy sampled 5 clients (out of 50)
[2024-09-19 01:26:49,746][flwr][INFO] - aggregate_fit: received 5 results and 0 failures
[2024-09-19 01:27:00,728][flwr][INFO] - fit progress: (53, 86.53502023220062, {'accuracy': 0.7038877521192634}, 1672.3853808846325)
[2024-09-19 01:27:00,728][flwr][INFO] - configure_evaluate: strategy sampled 2 clients (out of 50)
[2024-09-19 01:27:04,019][flwr][INFO] - aggregate_evaluate: received 2 results and 0 failures
[2024-09-19 01:27:04,020][flwr][INFO] - 
[2024-09-19 01:27:04,020][flwr][INFO] - [ROUND 54]
[2024-09-19 01:27:04,020][flwr][INFO] - configure_fit: strategy sampled 5 clients (out of 50)
[2024-09-19 01:27:21,255][flwr][INFO] - aggregate_fit: received 5 results and 0 failures
[2024-09-19 01:27:35,915][flwr][INFO] - fit progress: (54, 90.18461284041405, {'accuracy': 0.6945337620578779}, 1707.572713822592)
[2024-09-19 01:27:35,915][flwr][INFO] - configure_evaluate: strategy sampled 2 clients (out of 50)
[2024-09-19 01:27:39,498][flwr][INFO] - aggregate_evaluate: received 2 results and 0 failures
[2024-09-19 01:27:39,498][flwr][INFO] - 
[2024-09-19 01:27:39,498][flwr][INFO] - [ROUND 55]
[2024-09-19 01:27:39,498][flwr][INFO] - configure_fit: strategy sampled 5 clients (out of 50)
[2024-09-19 01:27:59,757][flwr][INFO] - aggregate_fit: received 5 results and 0 failures
[2024-09-19 01:28:14,149][flwr][INFO] - fit progress: (55, 80.0591413974762, {'accuracy': 0.7515346389944461}, 1745.8064109538682)
[2024-09-19 01:28:14,149][flwr][INFO] - configure_evaluate: strategy sampled 2 clients (out of 50)
[2024-09-19 01:28:17,500][flwr][INFO] - aggregate_evaluate: received 2 results and 0 failures
[2024-09-19 01:28:17,501][flwr][INFO] - 
[2024-09-19 01:28:17,501][flwr][INFO] - [ROUND 56]
[2024-09-19 01:28:17,501][flwr][INFO] - configure_fit: strategy sampled 5 clients (out of 50)
[2024-09-19 01:28:35,437][flwr][INFO] - aggregate_fit: received 5 results and 0 failures
[2024-09-19 01:28:46,778][flwr][INFO] - fit progress: (56, 74.98825514316559, {'accuracy': 0.7559193218357205}, 1778.4355322578922)
[2024-09-19 01:28:46,778][flwr][INFO] - configure_evaluate: strategy sampled 2 clients (out of 50)
[2024-09-19 01:28:50,208][flwr][INFO] - aggregate_evaluate: received 2 results and 0 failures
[2024-09-19 01:28:50,208][flwr][INFO] - 
[2024-09-19 01:28:50,209][flwr][INFO] - [ROUND 57]
[2024-09-19 01:28:50,209][flwr][INFO] - configure_fit: strategy sampled 5 clients (out of 50)
[2024-09-19 01:29:07,561][flwr][INFO] - aggregate_fit: received 5 results and 0 failures
[2024-09-19 01:29:21,139][flwr][INFO] - fit progress: (57, 80.06031310558319, {'accuracy': 0.7313650979245835}, 1812.7971367579885)
[2024-09-19 01:29:21,140][flwr][INFO] - configure_evaluate: strategy sampled 2 clients (out of 50)
[2024-09-19 01:29:24,239][flwr][INFO] - aggregate_evaluate: received 2 results and 0 failures
[2024-09-19 01:29:24,240][flwr][INFO] - 
[2024-09-19 01:29:24,240][flwr][INFO] - [ROUND 58]
[2024-09-19 01:29:24,240][flwr][INFO] - configure_fit: strategy sampled 5 clients (out of 50)
[2024-09-19 01:29:44,369][flwr][INFO] - aggregate_fit: received 5 results and 0 failures
[2024-09-19 01:29:55,993][flwr][INFO] - fit progress: (58, 80.34071800112724, {'accuracy': 0.7389652148494592}, 1847.6512569077313)
[2024-09-19 01:29:55,994][flwr][INFO] - configure_evaluate: strategy sampled 2 clients (out of 50)
[2024-09-19 01:29:59,484][flwr][INFO] - aggregate_evaluate: received 2 results and 0 failures
[2024-09-19 01:29:59,484][flwr][INFO] - 
[2024-09-19 01:29:59,484][flwr][INFO] - [ROUND 59]
[2024-09-19 01:29:59,484][flwr][INFO] - configure_fit: strategy sampled 5 clients (out of 50)
[2024-09-19 01:30:15,782][flwr][INFO] - aggregate_fit: received 5 results and 0 failures
[2024-09-19 01:30:27,251][flwr][INFO] - fit progress: (59, 96.77116596698761, {'accuracy': 0.6533177433498977}, 1878.9085907666013)
[2024-09-19 01:30:27,251][flwr][INFO] - configure_evaluate: strategy sampled 2 clients (out of 50)
[2024-09-19 01:30:30,695][flwr][INFO] - aggregate_evaluate: received 2 results and 0 failures
[2024-09-19 01:30:30,695][flwr][INFO] - 
[2024-09-19 01:30:30,695][flwr][INFO] - [ROUND 60]
[2024-09-19 01:30:30,695][flwr][INFO] - configure_fit: strategy sampled 5 clients (out of 50)
[2024-09-19 01:30:48,537][flwr][INFO] - aggregate_fit: received 5 results and 0 failures
[2024-09-19 01:31:00,115][flwr][INFO] - fit progress: (60, 72.92118483781815, {'accuracy': 0.7711195556854721}, 1911.7730545317754)
[2024-09-19 01:31:00,116][flwr][INFO] - configure_evaluate: strategy sampled 2 clients (out of 50)
[2024-09-19 01:31:03,465][flwr][INFO] - aggregate_evaluate: received 2 results and 0 failures
[2024-09-19 01:31:03,466][flwr][INFO] - 
[2024-09-19 01:31:03,466][flwr][INFO] - [ROUND 61]
[2024-09-19 01:31:03,466][flwr][INFO] - configure_fit: strategy sampled 5 clients (out of 50)
[2024-09-19 01:31:21,840][flwr][INFO] - aggregate_fit: received 5 results and 0 failures
[2024-09-19 01:31:32,644][flwr][INFO] - fit progress: (61, 77.930355489254, {'accuracy': 0.7483192049108448}, 1944.3018852318637)
[2024-09-19 01:31:32,644][flwr][INFO] - configure_evaluate: strategy sampled 2 clients (out of 50)
[2024-09-19 01:31:35,835][flwr][INFO] - aggregate_evaluate: received 2 results and 0 failures
[2024-09-19 01:31:35,835][flwr][INFO] - 
[2024-09-19 01:31:35,835][flwr][INFO] - [ROUND 62]
[2024-09-19 01:31:35,835][flwr][INFO] - configure_fit: strategy sampled 5 clients (out of 50)
[2024-09-19 01:31:52,493][flwr][INFO] - aggregate_fit: received 5 results and 0 failures
[2024-09-19 01:32:07,969][flwr][INFO] - fit progress: (62, 89.03557413816452, {'accuracy': 0.6951183864367144}, 1979.626397897955)
[2024-09-19 01:32:07,969][flwr][INFO] - configure_evaluate: strategy sampled 2 clients (out of 50)
[2024-09-19 01:32:11,213][flwr][INFO] - aggregate_evaluate: received 2 results and 0 failures
[2024-09-19 01:32:11,213][flwr][INFO] - 
[2024-09-19 01:32:11,214][flwr][INFO] - [ROUND 63]
[2024-09-19 01:32:11,214][flwr][INFO] - configure_fit: strategy sampled 5 clients (out of 50)
[2024-09-19 01:32:31,653][flwr][INFO] - aggregate_fit: received 5 results and 0 failures
[2024-09-19 01:32:44,494][flwr][INFO] - fit progress: (63, 78.62625044584274, {'accuracy': 0.7547500730780473}, 2016.1512831388973)
[2024-09-19 01:32:44,494][flwr][INFO] - configure_evaluate: strategy sampled 2 clients (out of 50)
[2024-09-19 01:32:47,855][flwr][INFO] - aggregate_evaluate: received 2 results and 0 failures
[2024-09-19 01:32:47,855][flwr][INFO] - 
[2024-09-19 01:32:47,855][flwr][INFO] - [ROUND 64]
[2024-09-19 01:32:47,855][flwr][INFO] - configure_fit: strategy sampled 5 clients (out of 50)
[2024-09-19 01:33:05,283][flwr][INFO] - aggregate_fit: received 5 results and 0 failures
[2024-09-19 01:33:16,541][flwr][INFO] - fit progress: (64, 75.67890855669975, {'accuracy': 0.7614732534346682}, 2048.198357106652)
[2024-09-19 01:33:16,541][flwr][INFO] - configure_evaluate: strategy sampled 2 clients (out of 50)
[2024-09-19 01:33:19,989][flwr][INFO] - aggregate_evaluate: received 2 results and 0 failures
[2024-09-19 01:33:19,990][flwr][INFO] - 
[2024-09-19 01:33:19,990][flwr][INFO] - [ROUND 65]
[2024-09-19 01:33:19,990][flwr][INFO] - configure_fit: strategy sampled 5 clients (out of 50)
[2024-09-19 01:33:36,748][flwr][INFO] - aggregate_fit: received 5 results and 0 failures
[2024-09-19 01:33:48,271][flwr][INFO] - fit progress: (65, 75.38327938318253, {'accuracy': 0.7708272434960538}, 2079.9286319329403)
[2024-09-19 01:33:48,271][flwr][INFO] - configure_evaluate: strategy sampled 2 clients (out of 50)
[2024-09-19 01:33:51,768][flwr][INFO] - aggregate_evaluate: received 2 results and 0 failures
[2024-09-19 01:33:51,769][flwr][INFO] - 
[2024-09-19 01:33:51,769][flwr][INFO] - [ROUND 66]
[2024-09-19 01:33:51,769][flwr][INFO] - configure_fit: strategy sampled 5 clients (out of 50)
[2024-09-19 01:34:08,523][flwr][INFO] - aggregate_fit: received 5 results and 0 failures
[2024-09-19 01:34:20,572][flwr][INFO] - fit progress: (66, 86.79847791790962, {'accuracy': 0.712364805612394}, 2112.229879298713)
[2024-09-19 01:34:20,573][flwr][INFO] - configure_evaluate: strategy sampled 2 clients (out of 50)
[2024-09-19 01:34:24,381][flwr][INFO] - aggregate_evaluate: received 2 results and 0 failures
[2024-09-19 01:34:24,382][flwr][INFO] - 
[2024-09-19 01:34:24,382][flwr][INFO] - [ROUND 67]
[2024-09-19 01:34:24,382][flwr][INFO] - configure_fit: strategy sampled 5 clients (out of 50)
[2024-09-19 01:34:41,784][flwr][INFO] - aggregate_fit: received 5 results and 0 failures
[2024-09-19 01:34:54,469][flwr][INFO] - fit progress: (67, 81.73436567187309, {'accuracy': 0.7296112247880736}, 2146.1269452949055)
[2024-09-19 01:34:54,470][flwr][INFO] - configure_evaluate: strategy sampled 2 clients (out of 50)
[2024-09-19 01:34:57,609][flwr][INFO] - aggregate_evaluate: received 2 results and 0 failures
[2024-09-19 01:34:57,609][flwr][INFO] - 
[2024-09-19 01:34:57,609][flwr][INFO] - [ROUND 68]
[2024-09-19 01:34:57,609][flwr][INFO] - configure_fit: strategy sampled 5 clients (out of 50)
[2024-09-19 01:35:14,504][flwr][INFO] - aggregate_fit: received 5 results and 0 failures
[2024-09-19 01:35:26,524][flwr][INFO] - fit progress: (68, 83.73148652911186, {'accuracy': 0.7296112247880736}, 2178.1822466566227)
[2024-09-19 01:35:26,525][flwr][INFO] - configure_evaluate: strategy sampled 2 clients (out of 50)
[2024-09-19 01:35:29,812][flwr][INFO] - aggregate_evaluate: received 2 results and 0 failures
[2024-09-19 01:35:29,812][flwr][INFO] - 
[2024-09-19 01:35:29,812][flwr][INFO] - [ROUND 69]
[2024-09-19 01:35:29,813][flwr][INFO] - configure_fit: strategy sampled 5 clients (out of 50)
[2024-09-19 01:35:47,411][flwr][INFO] - aggregate_fit: received 5 results and 0 failures
[2024-09-19 01:35:59,437][flwr][INFO] - fit progress: (69, 83.8827029466629, {'accuracy': 0.7126571178018123}, 2211.094207423739)
[2024-09-19 01:35:59,437][flwr][INFO] - configure_evaluate: strategy sampled 2 clients (out of 50)
[2024-09-19 01:36:02,759][flwr][INFO] - aggregate_evaluate: received 2 results and 0 failures
[2024-09-19 01:36:02,759][flwr][INFO] - 
[2024-09-19 01:36:02,760][flwr][INFO] - [ROUND 70]
[2024-09-19 01:36:02,760][flwr][INFO] - configure_fit: strategy sampled 5 clients (out of 50)
[2024-09-19 01:36:19,832][flwr][INFO] - aggregate_fit: received 5 results and 0 failures
[2024-09-19 01:36:31,179][flwr][INFO] - fit progress: (70, 84.79785221815109, {'accuracy': 0.7266881028938906}, 2242.836822624784)
[2024-09-19 01:36:31,180][flwr][INFO] - configure_evaluate: strategy sampled 2 clients (out of 50)
[2024-09-19 01:36:35,000][flwr][INFO] - aggregate_evaluate: received 2 results and 0 failures
[2024-09-19 01:36:35,001][flwr][INFO] - 
[2024-09-19 01:36:35,001][flwr][INFO] - [ROUND 71]
[2024-09-19 01:36:35,001][flwr][INFO] - configure_fit: strategy sampled 5 clients (out of 50)
[2024-09-19 01:36:52,493][flwr][INFO] - aggregate_fit: received 5 results and 0 failures
[2024-09-19 01:37:04,334][flwr][INFO] - fit progress: (71, 77.66874516010284, {'accuracy': 0.7570885705933937}, 2275.9913075808436)
[2024-09-19 01:37:04,334][flwr][INFO] - configure_evaluate: strategy sampled 2 clients (out of 50)
[2024-09-19 01:37:07,632][flwr][INFO] - aggregate_evaluate: received 2 results and 0 failures
[2024-09-19 01:37:07,633][flwr][INFO] - 
[2024-09-19 01:37:07,633][flwr][INFO] - [ROUND 72]
[2024-09-19 01:37:07,633][flwr][INFO] - configure_fit: strategy sampled 5 clients (out of 50)
[2024-09-19 01:37:26,562][flwr][INFO] - aggregate_fit: received 5 results and 0 failures
[2024-09-19 01:37:37,960][flwr][INFO] - fit progress: (72, 95.19241741299629, {'accuracy': 0.6924875767319497}, 2309.6173328235745)
[2024-09-19 01:37:37,960][flwr][INFO] - configure_evaluate: strategy sampled 2 clients (out of 50)
[2024-09-19 01:37:41,012][flwr][INFO] - aggregate_evaluate: received 2 results and 0 failures
[2024-09-19 01:37:41,012][flwr][INFO] - 
[2024-09-19 01:37:41,012][flwr][INFO] - [ROUND 73]
[2024-09-19 01:37:41,012][flwr][INFO] - configure_fit: strategy sampled 5 clients (out of 50)
[2024-09-19 01:37:57,284][flwr][INFO] - aggregate_fit: received 5 results and 0 failures
[2024-09-19 01:38:08,662][flwr][INFO] - fit progress: (73, 86.16926193237305, {'accuracy': 0.7275650394621456}, 2340.3195585249923)
[2024-09-19 01:38:08,663][flwr][INFO] - configure_evaluate: strategy sampled 2 clients (out of 50)
[2024-09-19 01:38:11,722][flwr][INFO] - aggregate_evaluate: received 2 results and 0 failures
[2024-09-19 01:38:11,723][flwr][INFO] - 
[2024-09-19 01:38:11,723][flwr][INFO] - [ROUND 74]
[2024-09-19 01:38:11,723][flwr][INFO] - configure_fit: strategy sampled 5 clients (out of 50)
[2024-09-19 01:38:28,643][flwr][INFO] - aggregate_fit: received 5 results and 0 failures
[2024-09-19 01:38:39,873][flwr][INFO] - fit progress: (74, 92.70459380745888, {'accuracy': 0.6831335866705641}, 2371.5304039255716)
[2024-09-19 01:38:39,873][flwr][INFO] - configure_evaluate: strategy sampled 2 clients (out of 50)
[2024-09-19 01:38:43,232][flwr][INFO] - aggregate_evaluate: received 2 results and 0 failures
[2024-09-19 01:38:43,232][flwr][INFO] - 
[2024-09-19 01:38:43,232][flwr][INFO] - [ROUND 75]
[2024-09-19 01:38:43,232][flwr][INFO] - configure_fit: strategy sampled 5 clients (out of 50)
[2024-09-19 01:39:00,283][flwr][INFO] - aggregate_fit: received 5 results and 0 failures
[2024-09-19 01:39:12,020][flwr][INFO] - fit progress: (75, 90.78764203190804, {'accuracy': 0.7179187372113417}, 2403.677850525826)
[2024-09-19 01:39:12,021][flwr][INFO] - configure_evaluate: strategy sampled 2 clients (out of 50)
[2024-09-19 01:39:15,543][flwr][INFO] - aggregate_evaluate: received 2 results and 0 failures
[2024-09-19 01:39:15,543][flwr][INFO] - 
[2024-09-19 01:39:15,544][flwr][INFO] - [ROUND 76]
[2024-09-19 01:39:15,544][flwr][INFO] - configure_fit: strategy sampled 5 clients (out of 50)
[2024-09-19 01:39:33,432][flwr][INFO] - aggregate_fit: received 5 results and 0 failures
[2024-09-19 01:39:46,494][flwr][INFO] - fit progress: (76, 79.62029582262039, {'accuracy': 0.7451037708272436}, 2438.151496940758)
[2024-09-19 01:39:46,494][flwr][INFO] - configure_evaluate: strategy sampled 2 clients (out of 50)
[2024-09-19 01:39:49,965][flwr][INFO] - aggregate_evaluate: received 2 results and 0 failures
[2024-09-19 01:39:49,965][flwr][INFO] - 
[2024-09-19 01:39:49,965][flwr][INFO] - [ROUND 77]
[2024-09-19 01:39:49,965][flwr][INFO] - configure_fit: strategy sampled 5 clients (out of 50)
[2024-09-19 01:40:06,142][flwr][INFO] - aggregate_fit: received 5 results and 0 failures
[2024-09-19 01:40:17,378][flwr][INFO] - fit progress: (77, 87.27793055772781, {'accuracy': 0.7413037123648056}, 2469.0354593358934)
[2024-09-19 01:40:17,378][flwr][INFO] - configure_evaluate: strategy sampled 2 clients (out of 50)
[2024-09-19 01:40:20,548][flwr][INFO] - aggregate_evaluate: received 2 results and 0 failures
[2024-09-19 01:40:20,548][flwr][INFO] - 
[2024-09-19 01:40:20,548][flwr][INFO] - [ROUND 78]
[2024-09-19 01:40:20,548][flwr][INFO] - configure_fit: strategy sampled 5 clients (out of 50)
[2024-09-19 01:40:36,417][flwr][INFO] - aggregate_fit: received 5 results and 0 failures
[2024-09-19 01:40:47,653][flwr][INFO] - fit progress: (78, 89.6850597858429, {'accuracy': 0.681964337912891}, 2499.3103749048896)
[2024-09-19 01:40:47,653][flwr][INFO] - configure_evaluate: strategy sampled 2 clients (out of 50)
[2024-09-19 01:40:51,428][flwr][INFO] - aggregate_evaluate: received 2 results and 0 failures
[2024-09-19 01:40:51,428][flwr][INFO] - 
[2024-09-19 01:40:51,428][flwr][INFO] - [ROUND 79]
[2024-09-19 01:40:51,428][flwr][INFO] - configure_fit: strategy sampled 5 clients (out of 50)
[2024-09-19 01:41:08,022][flwr][INFO] - aggregate_fit: received 5 results and 0 failures
[2024-09-19 01:41:18,800][flwr][INFO] - fit progress: (79, 85.22652488946915, {'accuracy': 0.6959953230049694}, 2530.4576764898375)
[2024-09-19 01:41:18,800][flwr][INFO] - configure_evaluate: strategy sampled 2 clients (out of 50)
[2024-09-19 01:41:22,078][flwr][INFO] - aggregate_evaluate: received 2 results and 0 failures
[2024-09-19 01:41:22,078][flwr][INFO] - 
[2024-09-19 01:41:22,078][flwr][INFO] - [ROUND 80]
[2024-09-19 01:41:22,078][flwr][INFO] - configure_fit: strategy sampled 5 clients (out of 50)
[2024-09-19 01:41:40,139][flwr][INFO] - aggregate_fit: received 5 results and 0 failures
[2024-09-19 01:41:52,103][flwr][INFO] - fit progress: (80, 80.9702659547329, {'accuracy': 0.735749780765858}, 2563.7612048489973)
[2024-09-19 01:41:52,104][flwr][INFO] - configure_evaluate: strategy sampled 2 clients (out of 50)
[2024-09-19 01:41:55,326][flwr][INFO] - aggregate_evaluate: received 2 results and 0 failures
[2024-09-19 01:41:55,327][flwr][INFO] - 
[2024-09-19 01:41:55,327][flwr][INFO] - [ROUND 81]
[2024-09-19 01:41:55,327][flwr][INFO] - configure_fit: strategy sampled 5 clients (out of 50)
[2024-09-19 01:42:11,956][flwr][INFO] - aggregate_fit: received 5 results and 0 failures
[2024-09-19 01:42:23,739][flwr][INFO] - fit progress: (81, 88.69364121556282, {'accuracy': 0.6959953230049694}, 2595.3972229375504)
[2024-09-19 01:42:23,740][flwr][INFO] - configure_evaluate: strategy sampled 2 clients (out of 50)
[2024-09-19 01:42:26,981][flwr][INFO] - aggregate_evaluate: received 2 results and 0 failures
[2024-09-19 01:42:26,981][flwr][INFO] - 
[2024-09-19 01:42:26,981][flwr][INFO] - [ROUND 82]
[2024-09-19 01:42:26,982][flwr][INFO] - configure_fit: strategy sampled 5 clients (out of 50)
[2024-09-19 01:42:43,777][flwr][INFO] - aggregate_fit: received 5 results and 0 failures
[2024-09-19 01:42:55,357][flwr][INFO] - fit progress: (82, 110.70592629909515, {'accuracy': 0.6284712072493422}, 2627.015091239009)
[2024-09-19 01:42:55,358][flwr][INFO] - configure_evaluate: strategy sampled 2 clients (out of 50)
[2024-09-19 01:42:58,370][flwr][INFO] - aggregate_evaluate: received 2 results and 0 failures
[2024-09-19 01:42:58,371][flwr][INFO] - 
[2024-09-19 01:42:58,371][flwr][INFO] - [ROUND 83]
[2024-09-19 01:42:58,371][flwr][INFO] - configure_fit: strategy sampled 5 clients (out of 50)
[2024-09-19 01:43:16,087][flwr][INFO] - aggregate_fit: received 5 results and 0 failures
[2024-09-19 01:43:28,071][flwr][INFO] - fit progress: (83, 87.4470095038414, {'accuracy': 0.7111955568547208}, 2659.7286406457424)
[2024-09-19 01:43:28,071][flwr][INFO] - configure_evaluate: strategy sampled 2 clients (out of 50)
[2024-09-19 01:43:31,173][flwr][INFO] - aggregate_evaluate: received 2 results and 0 failures
[2024-09-19 01:43:31,173][flwr][INFO] - 
[2024-09-19 01:43:31,173][flwr][INFO] - [ROUND 84]
[2024-09-19 01:43:31,173][flwr][INFO] - configure_fit: strategy sampled 5 clients (out of 50)
[2024-09-19 01:43:47,477][flwr][INFO] - aggregate_fit: received 5 results and 0 failures
[2024-09-19 01:43:59,158][flwr][INFO] - fit progress: (84, 89.78083744645119, {'accuracy': 0.71821104940076}, 2690.8160663787276)
[2024-09-19 01:43:59,159][flwr][INFO] - configure_evaluate: strategy sampled 2 clients (out of 50)
[2024-09-19 01:44:02,215][flwr][INFO] - aggregate_evaluate: received 2 results and 0 failures
[2024-09-19 01:44:02,215][flwr][INFO] - 
[2024-09-19 01:44:02,215][flwr][INFO] - [ROUND 85]
[2024-09-19 01:44:02,215][flwr][INFO] - configure_fit: strategy sampled 5 clients (out of 50)
[2024-09-19 01:44:18,605][flwr][INFO] - aggregate_fit: received 5 results and 0 failures
[2024-09-19 01:44:29,603][flwr][INFO] - fit progress: (85, 85.23802718520164, {'accuracy': 0.7339959076293482}, 2721.2603453835472)
[2024-09-19 01:44:29,603][flwr][INFO] - configure_evaluate: strategy sampled 2 clients (out of 50)
[2024-09-19 01:44:33,034][flwr][INFO] - aggregate_evaluate: received 2 results and 0 failures
[2024-09-19 01:44:33,034][flwr][INFO] - 
[2024-09-19 01:44:33,034][flwr][INFO] - [ROUND 86]
[2024-09-19 01:44:33,034][flwr][INFO] - configure_fit: strategy sampled 5 clients (out of 50)
[2024-09-19 01:44:49,654][flwr][INFO] - aggregate_fit: received 5 results and 0 failures
[2024-09-19 01:45:01,227][flwr][INFO] - fit progress: (86, 82.53566753864288, {'accuracy': 0.737795966091786}, 2752.8843365088105)
[2024-09-19 01:45:01,227][flwr][INFO] - configure_evaluate: strategy sampled 2 clients (out of 50)
[2024-09-19 01:45:04,617][flwr][INFO] - aggregate_evaluate: received 2 results and 0 failures
[2024-09-19 01:45:04,618][flwr][INFO] - 
[2024-09-19 01:45:04,618][flwr][INFO] - [ROUND 87]
[2024-09-19 01:45:04,618][flwr][INFO] - configure_fit: strategy sampled 5 clients (out of 50)
[2024-09-19 01:45:21,268][flwr][INFO] - aggregate_fit: received 5 results and 0 failures
[2024-09-19 01:45:32,022][flwr][INFO] - fit progress: (87, 90.64774549007416, {'accuracy': 0.7003800058462438}, 2783.679872881621)
[2024-09-19 01:45:32,022][flwr][INFO] - configure_evaluate: strategy sampled 2 clients (out of 50)
[2024-09-19 01:45:35,506][flwr][INFO] - aggregate_evaluate: received 2 results and 0 failures
[2024-09-19 01:45:35,506][flwr][INFO] - 
[2024-09-19 01:45:35,506][flwr][INFO] - [ROUND 88]
[2024-09-19 01:45:35,506][flwr][INFO] - configure_fit: strategy sampled 5 clients (out of 50)
[2024-09-19 01:45:52,005][flwr][INFO] - aggregate_fit: received 5 results and 0 failures
[2024-09-19 01:46:03,381][flwr][INFO] - fit progress: (88, 84.89288574457169, {'accuracy': 0.7220111078631979}, 2815.0389403938316)
[2024-09-19 01:46:03,382][flwr][INFO] - configure_evaluate: strategy sampled 2 clients (out of 50)
[2024-09-19 01:46:06,731][flwr][INFO] - aggregate_evaluate: received 2 results and 0 failures
[2024-09-19 01:46:06,732][flwr][INFO] - 
[2024-09-19 01:46:06,732][flwr][INFO] - [ROUND 89]
[2024-09-19 01:46:06,732][flwr][INFO] - configure_fit: strategy sampled 5 clients (out of 50)
[2024-09-19 01:46:24,099][flwr][INFO] - aggregate_fit: received 5 results and 0 failures
[2024-09-19 01:46:34,623][flwr][INFO] - fit progress: (89, 93.80836927890778, {'accuracy': 0.7196726103478515}, 2846.2809528396465)
[2024-09-19 01:46:34,624][flwr][INFO] - configure_evaluate: strategy sampled 2 clients (out of 50)
[2024-09-19 01:46:37,926][flwr][INFO] - aggregate_evaluate: received 2 results and 0 failures
[2024-09-19 01:46:37,927][flwr][INFO] - 
[2024-09-19 01:46:37,927][flwr][INFO] - [ROUND 90]
[2024-09-19 01:46:37,927][flwr][INFO] - configure_fit: strategy sampled 5 clients (out of 50)
[2024-09-19 01:46:54,458][flwr][INFO] - aggregate_fit: received 5 results and 0 failures
[2024-09-19 01:47:05,394][flwr][INFO] - fit progress: (90, 92.92913222312927, {'accuracy': 0.7307804735457468}, 2877.0518520856276)
[2024-09-19 01:47:05,394][flwr][INFO] - configure_evaluate: strategy sampled 2 clients (out of 50)
[2024-09-19 01:47:08,476][flwr][INFO] - aggregate_evaluate: received 2 results and 0 failures
[2024-09-19 01:47:08,476][flwr][INFO] - 
[2024-09-19 01:47:08,476][flwr][INFO] - [ROUND 91]
[2024-09-19 01:47:08,476][flwr][INFO] - configure_fit: strategy sampled 5 clients (out of 50)
[2024-09-19 01:47:24,494][flwr][INFO] - aggregate_fit: received 5 results and 0 failures
[2024-09-19 01:47:35,515][flwr][INFO] - fit progress: (91, 105.34160453081131, {'accuracy': 0.6313943291435253}, 2907.173087958712)
[2024-09-19 01:47:35,516][flwr][INFO] - configure_evaluate: strategy sampled 2 clients (out of 50)
[2024-09-19 01:47:38,667][flwr][INFO] - aggregate_evaluate: received 2 results and 0 failures
[2024-09-19 01:47:38,667][flwr][INFO] - 
[2024-09-19 01:47:38,667][flwr][INFO] - [ROUND 92]
[2024-09-19 01:47:38,667][flwr][INFO] - configure_fit: strategy sampled 5 clients (out of 50)
[2024-09-19 01:47:55,136][flwr][INFO] - aggregate_fit: received 5 results and 0 failures
[2024-09-19 01:48:06,005][flwr][INFO] - fit progress: (92, 86.5578755736351, {'accuracy': 0.732826658871675}, 2937.6629499485716)
[2024-09-19 01:48:06,006][flwr][INFO] - configure_evaluate: strategy sampled 2 clients (out of 50)
[2024-09-19 01:48:09,127][flwr][INFO] - aggregate_evaluate: received 2 results and 0 failures
[2024-09-19 01:48:09,127][flwr][INFO] - 
[2024-09-19 01:48:09,127][flwr][INFO] - [ROUND 93]
[2024-09-19 01:48:09,127][flwr][INFO] - configure_fit: strategy sampled 5 clients (out of 50)
[2024-09-19 01:48:25,656][flwr][INFO] - aggregate_fit: received 5 results and 0 failures
[2024-09-19 01:48:37,441][flwr][INFO] - fit progress: (93, 77.86898529529572, {'accuracy': 0.7620578778135049}, 2969.099244377576)
[2024-09-19 01:48:37,442][flwr][INFO] - configure_evaluate: strategy sampled 2 clients (out of 50)
[2024-09-19 01:48:40,609][flwr][INFO] - aggregate_evaluate: received 2 results and 0 failures
[2024-09-19 01:48:40,609][flwr][INFO] - 
[2024-09-19 01:48:40,609][flwr][INFO] - [ROUND 94]
[2024-09-19 01:48:40,609][flwr][INFO] - configure_fit: strategy sampled 5 clients (out of 50)
[2024-09-19 01:48:57,291][flwr][INFO] - aggregate_fit: received 5 results and 0 failures
[2024-09-19 01:49:10,335][flwr][INFO] - fit progress: (94, 89.36606773734093, {'accuracy': 0.7050570008769366}, 3001.99311247468)
[2024-09-19 01:49:10,336][flwr][INFO] - configure_evaluate: strategy sampled 2 clients (out of 50)
[2024-09-19 01:49:13,585][flwr][INFO] - aggregate_evaluate: received 2 results and 0 failures
[2024-09-19 01:49:13,585][flwr][INFO] - 
[2024-09-19 01:49:13,585][flwr][INFO] - [ROUND 95]
[2024-09-19 01:49:13,586][flwr][INFO] - configure_fit: strategy sampled 5 clients (out of 50)
[2024-09-19 01:49:30,773][flwr][INFO] - aggregate_fit: received 5 results and 0 failures
[2024-09-19 01:49:42,629][flwr][INFO] - fit progress: (95, 77.06978669762611, {'accuracy': 0.743642209880152}, 3034.286623902619)
[2024-09-19 01:49:42,629][flwr][INFO] - configure_evaluate: strategy sampled 2 clients (out of 50)
[2024-09-19 01:49:45,917][flwr][INFO] - aggregate_evaluate: received 2 results and 0 failures
[2024-09-19 01:49:45,917][flwr][INFO] - 
[2024-09-19 01:49:45,917][flwr][INFO] - [ROUND 96]
[2024-09-19 01:49:45,918][flwr][INFO] - configure_fit: strategy sampled 5 clients (out of 50)
[2024-09-19 01:50:02,425][flwr][INFO] - aggregate_fit: received 5 results and 0 failures
[2024-09-19 01:50:12,820][flwr][INFO] - fit progress: (96, 96.89719313383102, {'accuracy': 0.7033031277404268}, 3064.478191467002)
[2024-09-19 01:50:12,821][flwr][INFO] - configure_evaluate: strategy sampled 2 clients (out of 50)
[2024-09-19 01:50:16,064][flwr][INFO] - aggregate_evaluate: received 2 results and 0 failures
[2024-09-19 01:50:16,064][flwr][INFO] - 
[2024-09-19 01:50:16,064][flwr][INFO] - [ROUND 97]
[2024-09-19 01:50:16,064][flwr][INFO] - configure_fit: strategy sampled 5 clients (out of 50)
[2024-09-19 01:50:32,323][flwr][INFO] - aggregate_fit: received 5 results and 0 failures
[2024-09-19 01:50:43,829][flwr][INFO] - fit progress: (97, 103.5731770992279, {'accuracy': 0.645717626425022}, 3095.4870257820003)
[2024-09-19 01:50:43,830][flwr][INFO] - configure_evaluate: strategy sampled 2 clients (out of 50)
[2024-09-19 01:50:47,028][flwr][INFO] - aggregate_evaluate: received 2 results and 0 failures
[2024-09-19 01:50:47,029][flwr][INFO] - 
[2024-09-19 01:50:47,029][flwr][INFO] - [ROUND 98]
[2024-09-19 01:50:47,029][flwr][INFO] - configure_fit: strategy sampled 5 clients (out of 50)
[2024-09-19 01:51:04,225][flwr][INFO] - aggregate_fit: received 5 results and 0 failures
[2024-09-19 01:51:15,338][flwr][INFO] - fit progress: (98, 95.7157364487648, {'accuracy': 0.721134171294943}, 3126.995440571569)
[2024-09-19 01:51:15,338][flwr][INFO] - configure_evaluate: strategy sampled 2 clients (out of 50)
[2024-09-19 01:51:19,075][flwr][INFO] - aggregate_evaluate: received 2 results and 0 failures
[2024-09-19 01:51:19,075][flwr][INFO] - 
[2024-09-19 01:51:19,075][flwr][INFO] - [ROUND 99]
[2024-09-19 01:51:19,075][flwr][INFO] - configure_fit: strategy sampled 5 clients (out of 50)
[2024-09-19 01:51:35,200][flwr][INFO] - aggregate_fit: received 5 results and 0 failures
[2024-09-19 01:51:46,219][flwr][INFO] - fit progress: (99, 81.19681963324547, {'accuracy': 0.7375036539023677}, 3157.8771422356367)
[2024-09-19 01:51:46,220][flwr][INFO] - configure_evaluate: strategy sampled 2 clients (out of 50)
[2024-09-19 01:51:49,374][flwr][INFO] - aggregate_evaluate: received 2 results and 0 failures
[2024-09-19 01:51:49,375][flwr][INFO] - 
[2024-09-19 01:51:49,375][flwr][INFO] - [ROUND 100]
[2024-09-19 01:51:49,375][flwr][INFO] - configure_fit: strategy sampled 5 clients (out of 50)
[2024-09-19 01:52:05,988][flwr][INFO] - aggregate_fit: received 5 results and 0 failures
[2024-09-19 01:52:16,710][flwr][INFO] - fit progress: (100, 93.1022589802742, {'accuracy': 0.6954106986261327}, 3188.3678152156062)
[2024-09-19 01:52:16,710][flwr][INFO] - configure_evaluate: strategy sampled 2 clients (out of 50)
[2024-09-19 01:52:19,675][flwr][INFO] - aggregate_evaluate: received 2 results and 0 failures
[2024-09-19 01:52:19,775][flwr][INFO] - 
[2024-09-19 01:52:19,775][flwr][INFO] - [SUMMARY]
[2024-09-19 01:52:19,775][flwr][INFO] - Run finished 100 round(s) in 3191.33s
[2024-09-19 01:52:19,778][flwr][INFO] - 	History (loss, distributed):
[2024-09-19 01:52:19,778][flwr][INFO] - 		round 1: 2.0382909297943117
[2024-09-19 01:52:19,778][flwr][INFO] - 		round 2: 2.0810707807540894
[2024-09-19 01:52:19,778][flwr][INFO] - 		round 3: 2.090403744514952
[2024-09-19 01:52:19,778][flwr][INFO] - 		round 4: 2.029854029417038
[2024-09-19 01:52:19,778][flwr][INFO] - 		round 5: 2.0476510429382326
[2024-09-19 01:52:19,778][flwr][INFO] - 		round 6: 2.063356113433838
[2024-09-19 01:52:19,778][flwr][INFO] - 		round 7: 2.072681685711475
[2024-09-19 01:52:19,778][flwr][INFO] - 		round 8: 2.0537417036421757
[2024-09-19 01:52:19,779][flwr][INFO] - 		round 9: 1.7634690726796787
[2024-09-19 01:52:19,779][flwr][INFO] - 		round 10: 1.9373707389831543
[2024-09-19 01:52:19,779][flwr][INFO] - 		round 11: 1.7147514212365245
[2024-09-19 01:52:19,779][flwr][INFO] - 		round 12: 1.8189823031425476
[2024-09-19 01:52:19,779][flwr][INFO] - 		round 13: 1.6534206420183182
[2024-09-19 01:52:19,779][flwr][INFO] - 		round 14: 1.5976313157957427
[2024-09-19 01:52:19,779][flwr][INFO] - 		round 15: 1.624064862728119
[2024-09-19 01:52:19,779][flwr][INFO] - 		round 16: 1.5469172974022067
[2024-09-19 01:52:19,779][flwr][INFO] - 		round 17: 1.46003098487854
[2024-09-19 01:52:19,779][flwr][INFO] - 		round 18: 1.5964721587239479
[2024-09-19 01:52:19,779][flwr][INFO] - 		round 19: 1.3848938114789067
[2024-09-19 01:52:19,779][flwr][INFO] - 		round 20: 1.276816725730896
[2024-09-19 01:52:19,779][flwr][INFO] - 		round 21: 1.587409241994222
[2024-09-19 01:52:19,779][flwr][INFO] - 		round 22: 1.083137333393097
[2024-09-19 01:52:19,779][flwr][INFO] - 		round 23: 1.1709522604942322
[2024-09-19 01:52:19,779][flwr][INFO] - 		round 24: 1.330046570047419
[2024-09-19 01:52:19,779][flwr][INFO] - 		round 25: 0.9785824177112985
[2024-09-19 01:52:19,779][flwr][INFO] - 		round 26: 1.1625993205051797
[2024-09-19 01:52:19,779][flwr][INFO] - 		round 27: 1.3250016212463378
[2024-09-19 01:52:19,779][flwr][INFO] - 		round 28: 1.2240564356679502
[2024-09-19 01:52:19,779][flwr][INFO] - 		round 29: 0.8621293458284116
[2024-09-19 01:52:19,779][flwr][INFO] - 		round 30: 1.0912849257389705
[2024-09-19 01:52:19,779][flwr][INFO] - 		round 31: 1.1216356590682386
[2024-09-19 01:52:19,780][flwr][INFO] - 		round 32: 0.627067562113417
[2024-09-19 01:52:19,780][flwr][INFO] - 		round 33: 1.154658506898319
[2024-09-19 01:52:19,780][flwr][INFO] - 		round 34: 0.9287511601167566
[2024-09-19 01:52:19,780][flwr][INFO] - 		round 35: 0.5693526045948851
[2024-09-19 01:52:19,780][flwr][INFO] - 		round 36: 1.1523303674614949
[2024-09-19 01:52:19,780][flwr][INFO] - 		round 37: 0.9926627349853515
[2024-09-19 01:52:19,780][flwr][INFO] - 		round 38: 1.014492897426381
[2024-09-19 01:52:19,780][flwr][INFO] - 		round 39: 0.8201605677604675
[2024-09-19 01:52:19,780][flwr][INFO] - 		round 40: 0.9525197391607323
[2024-09-19 01:52:19,780][flwr][INFO] - 		round 41: 0.6703182458877563
[2024-09-19 01:52:19,780][flwr][INFO] - 		round 42: 0.9440484941005707
[2024-09-19 01:52:19,780][flwr][INFO] - 		round 43: 0.8834475139354138
[2024-09-19 01:52:19,780][flwr][INFO] - 		round 44: 1.15981233484891
[2024-09-19 01:52:19,780][flwr][INFO] - 		round 45: 0.858991979336252
[2024-09-19 01:52:19,780][flwr][INFO] - 		round 46: 1.0924837365746498
[2024-09-19 01:52:19,780][flwr][INFO] - 		round 47: 0.7560268774324533
[2024-09-19 01:52:19,780][flwr][INFO] - 		round 48: 0.8243694706838958
[2024-09-19 01:52:19,780][flwr][INFO] - 		round 49: 1.0600157843695746
[2024-09-19 01:52:19,780][flwr][INFO] - 		round 50: 0.9228678034699481
[2024-09-19 01:52:19,780][flwr][INFO] - 		round 51: 0.6622265455674152
[2024-09-19 01:52:19,780][flwr][INFO] - 		round 52: 0.6722675446344881
[2024-09-19 01:52:19,780][flwr][INFO] - 		round 53: 1.0266478955745697
[2024-09-19 01:52:19,780][flwr][INFO] - 		round 54: 0.9709367362820372
[2024-09-19 01:52:19,781][flwr][INFO] - 		round 55: 0.6106747011749112
[2024-09-19 01:52:19,781][flwr][INFO] - 		round 56: 0.5815494523403493
[2024-09-19 01:52:19,781][flwr][INFO] - 		round 57: 0.9501934362494427
[2024-09-19 01:52:19,781][flwr][INFO] - 		round 58: 0.7295132803916932
[2024-09-19 01:52:19,781][flwr][INFO] - 		round 59: 0.6874616801738739
[2024-09-19 01:52:19,781][flwr][INFO] - 		round 60: 0.6805588006973267
[2024-09-19 01:52:19,781][flwr][INFO] - 		round 61: 0.8479591582132422
[2024-09-19 01:52:19,781][flwr][INFO] - 		round 62: 0.7725293998624764
[2024-09-19 01:52:19,781][flwr][INFO] - 		round 63: 0.784903201016974
[2024-09-19 01:52:19,781][flwr][INFO] - 		round 64: 0.8922463033510291
[2024-09-19 01:52:19,781][flwr][INFO] - 		round 65: 0.6491639078879843
[2024-09-19 01:52:19,781][flwr][INFO] - 		round 66: 0.6981566523512205
[2024-09-19 01:52:19,781][flwr][INFO] - 		round 67: 0.825471320050828
[2024-09-19 01:52:19,781][flwr][INFO] - 		round 68: 0.7718938291072845
[2024-09-19 01:52:19,781][flwr][INFO] - 		round 69: 1.4932608902454376
[2024-09-19 01:52:19,781][flwr][INFO] - 		round 70: 0.6725281178951263
[2024-09-19 01:52:19,781][flwr][INFO] - 		round 71: 0.289490208029747
[2024-09-19 01:52:19,781][flwr][INFO] - 		round 72: 0.9336688772160956
[2024-09-19 01:52:19,781][flwr][INFO] - 		round 73: 0.6287782205475702
[2024-09-19 01:52:19,781][flwr][INFO] - 		round 74: 0.6255449714759985
[2024-09-19 01:52:19,781][flwr][INFO] - 		round 75: 0.8038957002116185
[2024-09-19 01:52:19,782][flwr][INFO] - 		round 76: 0.6672049481041578
[2024-09-19 01:52:19,782][flwr][INFO] - 		round 77: 0.6424801641040379
[2024-09-19 01:52:19,782][flwr][INFO] - 		round 78: 0.7469243705272675
[2024-09-19 01:52:19,782][flwr][INFO] - 		round 79: 1.332242579460144
[2024-09-19 01:52:19,782][flwr][INFO] - 		round 80: 1.1665197635690372
[2024-09-19 01:52:19,782][flwr][INFO] - 		round 81: 0.6456833007384319
[2024-09-19 01:52:19,782][flwr][INFO] - 		round 82: 1.3041233602835207
[2024-09-19 01:52:19,782][flwr][INFO] - 		round 83: 0.7844055878355148
[2024-09-19 01:52:19,782][flwr][INFO] - 		round 84: 0.8720246156056722
[2024-09-19 01:52:19,782][flwr][INFO] - 		round 85: 0.7624401748180389
[2024-09-19 01:52:19,782][flwr][INFO] - 		round 86: 0.588137372377071
[2024-09-19 01:52:19,782][flwr][INFO] - 		round 87: 0.9418333720187752
[2024-09-19 01:52:19,782][flwr][INFO] - 		round 88: 0.7833686001757358
[2024-09-19 01:52:19,782][flwr][INFO] - 		round 89: 1.1983421107997065
[2024-09-19 01:52:19,782][flwr][INFO] - 		round 90: 0.8762944688399633
[2024-09-19 01:52:19,782][flwr][INFO] - 		round 91: 0.8902158141136169
[2024-09-19 01:52:19,782][flwr][INFO] - 		round 92: 0.6251273216033468
[2024-09-19 01:52:19,782][flwr][INFO] - 		round 93: 0.6665039220634772
[2024-09-19 01:52:19,782][flwr][INFO] - 		round 94: 0.777964619298776
[2024-09-19 01:52:19,782][flwr][INFO] - 		round 95: 0.8616278370221456
[2024-09-19 01:52:19,782][flwr][INFO] - 		round 96: 1.0261898196261863
[2024-09-19 01:52:19,782][flwr][INFO] - 		round 97: 0.8114374724088931
[2024-09-19 01:52:19,782][flwr][INFO] - 		round 98: 0.8943545293807983
[2024-09-19 01:52:19,783][flwr][INFO] - 		round 99: 0.8243188417476156
[2024-09-19 01:52:19,783][flwr][INFO] - 		round 100: 1.0229195356369019
[2024-09-19 01:52:19,783][flwr][INFO] - 	History (loss, centralized):
[2024-09-19 01:52:19,783][flwr][INFO] - 		round 0: 225.40373408794403
[2024-09-19 01:52:19,783][flwr][INFO] - 		round 1: 218.9040504693985
[2024-09-19 01:52:19,783][flwr][INFO] - 		round 2: 221.7002466917038
[2024-09-19 01:52:19,783][flwr][INFO] - 		round 3: 225.09621858596802
[2024-09-19 01:52:19,783][flwr][INFO] - 		round 4: 217.72977566719055
[2024-09-19 01:52:19,783][flwr][INFO] - 		round 5: 219.3161814212799
[2024-09-19 01:52:19,783][flwr][INFO] - 		round 6: 218.59073507785797
[2024-09-19 01:52:19,783][flwr][INFO] - 		round 7: 216.36014091968536
[2024-09-19 01:52:19,783][flwr][INFO] - 		round 8: 216.51270997524261
[2024-09-19 01:52:19,783][flwr][INFO] - 		round 9: 195.9404240846634
[2024-09-19 01:52:19,783][flwr][INFO] - 		round 10: 204.2946661710739
[2024-09-19 01:52:19,783][flwr][INFO] - 		round 11: 174.34832286834717
[2024-09-19 01:52:19,783][flwr][INFO] - 		round 12: 193.04331052303314
[2024-09-19 01:52:19,783][flwr][INFO] - 		round 13: 173.45799040794373
[2024-09-19 01:52:19,783][flwr][INFO] - 		round 14: 169.59871459007263
[2024-09-19 01:52:19,783][flwr][INFO] - 		round 15: 159.80911922454834
[2024-09-19 01:52:19,783][flwr][INFO] - 		round 16: 173.82551193237305
[2024-09-19 01:52:19,783][flwr][INFO] - 		round 17: 141.98566472530365
[2024-09-19 01:52:19,783][flwr][INFO] - 		round 18: 152.42926025390625
[2024-09-19 01:52:19,783][flwr][INFO] - 		round 19: 144.76844835281372
[2024-09-19 01:52:19,784][flwr][INFO] - 		round 20: 136.31225270032883
[2024-09-19 01:52:19,784][flwr][INFO] - 		round 21: 152.7141101360321
[2024-09-19 01:52:19,784][flwr][INFO] - 		round 22: 129.67487800121307
[2024-09-19 01:52:19,784][flwr][INFO] - 		round 23: 135.622483253479
[2024-09-19 01:52:19,784][flwr][INFO] - 		round 24: 131.86434400081635
[2024-09-19 01:52:19,784][flwr][INFO] - 		round 25: 117.60960251092911
[2024-09-19 01:52:19,784][flwr][INFO] - 		round 26: 126.21423840522766
[2024-09-19 01:52:19,784][flwr][INFO] - 		round 27: 111.33824664354324
[2024-09-19 01:52:19,784][flwr][INFO] - 		round 28: 119.24582082033157
[2024-09-19 01:52:19,784][flwr][INFO] - 		round 29: 111.9586415886879
[2024-09-19 01:52:19,784][flwr][INFO] - 		round 30: 103.03872680664062
[2024-09-19 01:52:19,784][flwr][INFO] - 		round 31: 108.2677349448204
[2024-09-19 01:52:19,784][flwr][INFO] - 		round 32: 105.61569935083389
[2024-09-19 01:52:19,784][flwr][INFO] - 		round 33: 121.7270604968071
[2024-09-19 01:52:19,784][flwr][INFO] - 		round 34: 99.59429496526718
[2024-09-19 01:52:19,784][flwr][INFO] - 		round 35: 92.30212789773941
[2024-09-19 01:52:19,784][flwr][INFO] - 		round 36: 124.86897218227386
[2024-09-19 01:52:19,784][flwr][INFO] - 		round 37: 92.8124006986618
[2024-09-19 01:52:19,784][flwr][INFO] - 		round 38: 95.49511760473251
[2024-09-19 01:52:19,784][flwr][INFO] - 		round 39: 87.01405930519104
[2024-09-19 01:52:19,784][flwr][INFO] - 		round 40: 106.408118724823
[2024-09-19 01:52:19,784][flwr][INFO] - 		round 41: 90.4647186100483
[2024-09-19 01:52:19,784][flwr][INFO] - 		round 42: 86.73153299093246
[2024-09-19 01:52:19,785][flwr][INFO] - 		round 43: 85.80641117691994
[2024-09-19 01:52:19,785][flwr][INFO] - 		round 44: 101.42921912670135
[2024-09-19 01:52:19,785][flwr][INFO] - 		round 45: 96.19450953602791
[2024-09-19 01:52:19,785][flwr][INFO] - 		round 46: 79.75165072083473
[2024-09-19 01:52:19,785][flwr][INFO] - 		round 47: 85.51946091651917
[2024-09-19 01:52:19,785][flwr][INFO] - 		round 48: 95.03191241621971
[2024-09-19 01:52:19,785][flwr][INFO] - 		round 49: 90.74752953648567
[2024-09-19 01:52:19,785][flwr][INFO] - 		round 50: 78.99554708600044
[2024-09-19 01:52:19,785][flwr][INFO] - 		round 51: 86.39250767230988
[2024-09-19 01:52:19,785][flwr][INFO] - 		round 52: 94.70902034640312
[2024-09-19 01:52:19,785][flwr][INFO] - 		round 53: 86.53502023220062
[2024-09-19 01:52:19,785][flwr][INFO] - 		round 54: 90.18461284041405
[2024-09-19 01:52:19,785][flwr][INFO] - 		round 55: 80.0591413974762
[2024-09-19 01:52:19,785][flwr][INFO] - 		round 56: 74.98825514316559
[2024-09-19 01:52:19,785][flwr][INFO] - 		round 57: 80.06031310558319
[2024-09-19 01:52:19,785][flwr][INFO] - 		round 58: 80.34071800112724
[2024-09-19 01:52:19,785][flwr][INFO] - 		round 59: 96.77116596698761
[2024-09-19 01:52:19,785][flwr][INFO] - 		round 60: 72.92118483781815
[2024-09-19 01:52:19,785][flwr][INFO] - 		round 61: 77.930355489254
[2024-09-19 01:52:19,785][flwr][INFO] - 		round 62: 89.03557413816452
[2024-09-19 01:52:19,785][flwr][INFO] - 		round 63: 78.62625044584274
[2024-09-19 01:52:19,786][flwr][INFO] - 		round 64: 75.67890855669975
[2024-09-19 01:52:19,786][flwr][INFO] - 		round 65: 75.38327938318253
[2024-09-19 01:52:19,786][flwr][INFO] - 		round 66: 86.79847791790962
[2024-09-19 01:52:19,786][flwr][INFO] - 		round 67: 81.73436567187309
[2024-09-19 01:52:19,786][flwr][INFO] - 		round 68: 83.73148652911186
[2024-09-19 01:52:19,786][flwr][INFO] - 		round 69: 83.8827029466629
[2024-09-19 01:52:19,786][flwr][INFO] - 		round 70: 84.79785221815109
[2024-09-19 01:52:19,786][flwr][INFO] - 		round 71: 77.66874516010284
[2024-09-19 01:52:19,786][flwr][INFO] - 		round 72: 95.19241741299629
[2024-09-19 01:52:19,786][flwr][INFO] - 		round 73: 86.16926193237305
[2024-09-19 01:52:19,786][flwr][INFO] - 		round 74: 92.70459380745888
[2024-09-19 01:52:19,786][flwr][INFO] - 		round 75: 90.78764203190804
[2024-09-19 01:52:19,786][flwr][INFO] - 		round 76: 79.62029582262039
[2024-09-19 01:52:19,786][flwr][INFO] - 		round 77: 87.27793055772781
[2024-09-19 01:52:19,786][flwr][INFO] - 		round 78: 89.6850597858429
[2024-09-19 01:52:19,786][flwr][INFO] - 		round 79: 85.22652488946915
[2024-09-19 01:52:19,786][flwr][INFO] - 		round 80: 80.9702659547329
[2024-09-19 01:52:19,786][flwr][INFO] - 		round 81: 88.69364121556282
[2024-09-19 01:52:19,786][flwr][INFO] - 		round 82: 110.70592629909515
[2024-09-19 01:52:19,786][flwr][INFO] - 		round 83: 87.4470095038414
[2024-09-19 01:52:19,786][flwr][INFO] - 		round 84: 89.78083744645119
[2024-09-19 01:52:19,786][flwr][INFO] - 		round 85: 85.23802718520164
[2024-09-19 01:52:19,786][flwr][INFO] - 		round 86: 82.53566753864288
[2024-09-19 01:52:19,787][flwr][INFO] - 		round 87: 90.64774549007416
[2024-09-19 01:52:19,787][flwr][INFO] - 		round 88: 84.89288574457169
[2024-09-19 01:52:19,787][flwr][INFO] - 		round 89: 93.80836927890778
[2024-09-19 01:52:19,787][flwr][INFO] - 		round 90: 92.92913222312927
[2024-09-19 01:52:19,787][flwr][INFO] - 		round 91: 105.34160453081131
[2024-09-19 01:52:19,787][flwr][INFO] - 		round 92: 86.5578755736351
[2024-09-19 01:52:19,787][flwr][INFO] - 		round 93: 77.86898529529572
[2024-09-19 01:52:19,787][flwr][INFO] - 		round 94: 89.36606773734093
[2024-09-19 01:52:19,787][flwr][INFO] - 		round 95: 77.06978669762611
[2024-09-19 01:52:19,787][flwr][INFO] - 		round 96: 96.89719313383102
[2024-09-19 01:52:19,787][flwr][INFO] - 		round 97: 103.5731770992279
[2024-09-19 01:52:19,787][flwr][INFO] - 		round 98: 95.7157364487648
[2024-09-19 01:52:19,787][flwr][INFO] - 		round 99: 81.19681963324547
[2024-09-19 01:52:19,787][flwr][INFO] - 		round 100: 93.1022589802742
[2024-09-19 01:52:19,787][flwr][INFO] - 	History (metrics, distributed, evaluate):
[2024-09-19 01:52:19,787][flwr][INFO] - 	{'accuracy': [(1, 0.24),
[2024-09-19 01:52:19,787][flwr][INFO] - 	              (2, 0.19230769230769232),
[2024-09-19 01:52:19,787][flwr][INFO] - 	              (3, 0.14893617021276595),
[2024-09-19 01:52:19,787][flwr][INFO] - 	              (4, 0.2708333333333333),
[2024-09-19 01:52:19,787][flwr][INFO] - 	              (5, 0.2),
[2024-09-19 01:52:19,787][flwr][INFO] - 	              (6, 0.08),
[2024-09-19 01:52:19,787][flwr][INFO] - 	              (7, 0.1702127659574468),
[2024-09-19 01:52:19,787][flwr][INFO] - 	              (8, 0.2127659574468085),
[2024-09-19 01:52:19,788][flwr][INFO] - 	              (9, 0.3958333333333333),
[2024-09-19 01:52:19,788][flwr][INFO] - 	              (10, 0.36),
[2024-09-19 01:52:19,788][flwr][INFO] - 	              (11, 0.21568627450980393),
[2024-09-19 01:52:19,788][flwr][INFO] - 	              (12, 0.1346153846153846),
[2024-09-19 01:52:19,788][flwr][INFO] - 	              (13, 0.2916666666666667),
[2024-09-19 01:52:19,788][flwr][INFO] - 	              (14, 0.3673469387755102),
[2024-09-19 01:52:19,788][flwr][INFO] - 	              (15, 0.29545454545454547),
[2024-09-19 01:52:19,788][flwr][INFO] - 	              (16, 0.24489795918367346),
[2024-09-19 01:52:19,788][flwr][INFO] - 	              (17, 0.38),
[2024-09-19 01:52:19,788][flwr][INFO] - 	              (18, 0.24489795918367346),
[2024-09-19 01:52:19,788][flwr][INFO] - 	              (19, 0.42857142857142855),
[2024-09-19 01:52:19,788][flwr][INFO] - 	              (20, 0.391304347826087),
[2024-09-19 01:52:19,788][flwr][INFO] - 	              (21, 0.24444444444444444),
[2024-09-19 01:52:19,788][flwr][INFO] - 	              (22, 0.5333333333333333),
[2024-09-19 01:52:19,788][flwr][INFO] - 	              (23, 0.56),
[2024-09-19 01:52:19,788][flwr][INFO] - 	              (24, 0.5106382978723404),
[2024-09-19 01:52:19,788][flwr][INFO] - 	              (25, 0.5957446808510638),
[2024-09-19 01:52:19,788][flwr][INFO] - 	              (26, 0.6078431372549019),
[2024-09-19 01:52:19,788][flwr][INFO] - 	              (27, 0.5),
[2024-09-19 01:52:19,788][flwr][INFO] - 	              (28, 0.45652173913043476),
[2024-09-19 01:52:19,788][flwr][INFO] - 	              (29, 0.7450980392156863),
[2024-09-19 01:52:19,788][flwr][INFO] - 	              (30, 0.625),
[2024-09-19 01:52:19,789][flwr][INFO] - 	              (31, 0.5490196078431373),
[2024-09-19 01:52:19,789][flwr][INFO] - 	              (32, 0.7872340425531915),
[2024-09-19 01:52:19,789][flwr][INFO] - 	              (33, 0.5098039215686274),
[2024-09-19 01:52:19,789][flwr][INFO] - 	              (34, 0.6274509803921569),
[2024-09-19 01:52:19,789][flwr][INFO] - 	              (35, 0.803921568627451),
[2024-09-19 01:52:19,789][flwr][INFO] - 	              (36, 0.5869565217391305),
[2024-09-19 01:52:19,789][flwr][INFO] - 	              (37, 0.6),
[2024-09-19 01:52:19,789][flwr][INFO] - 	              (38, 0.6078431372549019),
[2024-09-19 01:52:19,789][flwr][INFO] - 	              (39, 0.7115384615384616),
[2024-09-19 01:52:19,789][flwr][INFO] - 	              (40, 0.6122448979591837),
[2024-09-19 01:52:19,789][flwr][INFO] - 	              (41, 0.75),
[2024-09-19 01:52:19,789][flwr][INFO] - 	              (42, 0.6590909090909091),
[2024-09-19 01:52:19,789][flwr][INFO] - 	              (43, 0.7659574468085106),
[2024-09-19 01:52:19,789][flwr][INFO] - 	              (44, 0.5918367346938775),
[2024-09-19 01:52:19,789][flwr][INFO] - 	              (45, 0.673469387755102),
[2024-09-19 01:52:19,789][flwr][INFO] - 	              (46, 0.5416666666666666),
[2024-09-19 01:52:19,789][flwr][INFO] - 	              (47, 0.673469387755102),
[2024-09-19 01:52:19,789][flwr][INFO] - 	              (48, 0.673469387755102),
[2024-09-19 01:52:19,789][flwr][INFO] - 	              (49, 0.6444444444444445),
[2024-09-19 01:52:19,789][flwr][INFO] - 	              (50, 0.5652173913043478),
[2024-09-19 01:52:19,789][flwr][INFO] - 	              (51, 0.8367346938775511),
[2024-09-19 01:52:19,790][flwr][INFO] - 	              (52, 0.7142857142857143),
[2024-09-19 01:52:19,790][flwr][INFO] - 	              (53, 0.6153846153846154),
[2024-09-19 01:52:19,790][flwr][INFO] - 	              (54, 0.673469387755102),
[2024-09-19 01:52:19,790][flwr][INFO] - 	              (55, 0.7959183673469388),
[2024-09-19 01:52:19,790][flwr][INFO] - 	              (56, 0.7446808510638298),
[2024-09-19 01:52:19,790][flwr][INFO] - 	              (57, 0.7608695652173914),
[2024-09-19 01:52:19,790][flwr][INFO] - 	              (58, 0.7),
[2024-09-19 01:52:19,790][flwr][INFO] - 	              (59, 0.7111111111111111),
[2024-09-19 01:52:19,790][flwr][INFO] - 	              (60, 0.75),
[2024-09-19 01:52:19,790][flwr][INFO] - 	              (61, 0.6956521739130435),
[2024-09-19 01:52:19,790][flwr][INFO] - 	              (62, 0.7647058823529411),
[2024-09-19 01:52:19,790][flwr][INFO] - 	              (63, 0.6808510638297872),
[2024-09-19 01:52:19,790][flwr][INFO] - 	              (64, 0.717391304347826),
[2024-09-19 01:52:19,790][flwr][INFO] - 	              (65, 0.7346938775510204),
[2024-09-19 01:52:19,790][flwr][INFO] - 	              (66, 0.7708333333333334),
[2024-09-19 01:52:19,790][flwr][INFO] - 	              (67, 0.6808510638297872),
[2024-09-19 01:52:19,790][flwr][INFO] - 	              (68, 0.7884615384615384),
[2024-09-19 01:52:19,790][flwr][INFO] - 	              (69, 0.6666666666666666),
[2024-09-19 01:52:19,790][flwr][INFO] - 	              (70, 0.76),
[2024-09-19 01:52:19,790][flwr][INFO] - 	              (71, 0.9130434782608695),
[2024-09-19 01:52:19,790][flwr][INFO] - 	              (72, 0.6808510638297872),
[2024-09-19 01:52:19,790][flwr][INFO] - 	              (73, 0.7555555555555555),
[2024-09-19 01:52:19,790][flwr][INFO] - 	              (74, 0.6875),
[2024-09-19 01:52:19,791][flwr][INFO] - 	              (75, 0.8431372549019608),
[2024-09-19 01:52:19,791][flwr][INFO] - 	              (76, 0.8163265306122449),
[2024-09-19 01:52:19,791][flwr][INFO] - 	              (77, 0.8),
[2024-09-19 01:52:19,791][flwr][INFO] - 	              (78, 0.75),
[2024-09-19 01:52:19,791][flwr][INFO] - 	              (79, 0.6),
[2024-09-19 01:52:19,791][flwr][INFO] - 	              (80, 0.4791666666666667),
[2024-09-19 01:52:19,791][flwr][INFO] - 	              (81, 0.673469387755102),
[2024-09-19 01:52:19,791][flwr][INFO] - 	              (82, 0.6938775510204082),
[2024-09-19 01:52:19,791][flwr][INFO] - 	              (83, 0.723404255319149),
[2024-09-19 01:52:19,791][flwr][INFO] - 	              (84, 0.6),
[2024-09-19 01:52:19,791][flwr][INFO] - 	              (85, 0.6538461538461539),
[2024-09-19 01:52:19,791][flwr][INFO] - 	              (86, 0.7872340425531915),
[2024-09-19 01:52:19,791][flwr][INFO] - 	              (87, 0.6326530612244898),
[2024-09-19 01:52:19,791][flwr][INFO] - 	              (88, 0.6808510638297872),
[2024-09-19 01:52:19,791][flwr][INFO] - 	              (89, 0.6521739130434783),
[2024-09-19 01:52:19,791][flwr][INFO] - 	              (90, 0.7291666666666666),
[2024-09-19 01:52:19,791][flwr][INFO] - 	              (91, 0.6666666666666666),
[2024-09-19 01:52:19,791][flwr][INFO] - 	              (92, 0.7755102040816326),
[2024-09-19 01:52:19,791][flwr][INFO] - 	              (93, 0.8367346938775511),
[2024-09-19 01:52:19,791][flwr][INFO] - 	              (94, 0.6875),
[2024-09-19 01:52:19,791][flwr][INFO] - 	              (95, 0.6222222222222222),
[2024-09-19 01:52:19,792][flwr][INFO] - 	              (96, 0.6521739130434783),
[2024-09-19 01:52:19,792][flwr][INFO] - 	              (97, 0.7647058823529411),
[2024-09-19 01:52:19,792][flwr][INFO] - 	              (98, 0.72),
[2024-09-19 01:52:19,792][flwr][INFO] - 	              (99, 0.717391304347826),
[2024-09-19 01:52:19,792][flwr][INFO] - 	              (100, 0.5686274509803921)]}
[2024-09-19 01:52:19,792][flwr][INFO] - 	History (metrics, centralized):
[2024-09-19 01:52:19,792][flwr][INFO] - 	{'accuracy': [(0, 0.22332651271558024),
[2024-09-19 01:52:19,792][flwr][INFO] - 	              (1, 0.16924875767319497),
[2024-09-19 01:52:19,792][flwr][INFO] - 	              (2, 0.1824028061970184),
[2024-09-19 01:52:19,792][flwr][INFO] - 	              (3, 0.23940368313358668),
[2024-09-19 01:52:19,792][flwr][INFO] - 	              (4, 0.1824028061970184),
[2024-09-19 01:52:19,792][flwr][INFO] - 	              (5, 0.16924875767319497),
[2024-09-19 01:52:19,792][flwr][INFO] - 	              (6, 0.16924875767319497),
[2024-09-19 01:52:19,792][flwr][INFO] - 	              (7, 0.19467991815258695),
[2024-09-19 01:52:19,792][flwr][INFO] - 	              (8, 0.1824028061970184),
[2024-09-19 01:52:19,792][flwr][INFO] - 	              (9, 0.3048816135632856),
[2024-09-19 01:52:19,792][flwr][INFO] - 	              (10, 0.3276819643379129),
[2024-09-19 01:52:19,792][flwr][INFO] - 	              (11, 0.3700672318035662),
[2024-09-19 01:52:19,792][flwr][INFO] - 	              (12, 0.26337328266588717),
[2024-09-19 01:52:19,792][flwr][INFO] - 	              (13, 0.3273896521484946),
[2024-09-19 01:52:19,792][flwr][INFO] - 	              (14, 0.36159017831043555),
[2024-09-19 01:52:19,792][flwr][INFO] - 	              (15, 0.5086232095878398),
[2024-09-19 01:52:19,793][flwr][INFO] - 	              (16, 0.22771119555685473),
[2024-09-19 01:52:19,793][flwr][INFO] - 	              (17, 0.5334697456883952),
[2024-09-19 01:52:19,793][flwr][INFO] - 	              (18, 0.3890675241157556),
[2024-09-19 01:52:19,793][flwr][INFO] - 	              (19, 0.4375913475591932),
[2024-09-19 01:52:19,793][flwr][INFO] - 	              (20, 0.5147617655656241),
[2024-09-19 01:52:19,793][flwr][INFO] - 	              (21, 0.4022215726395791),
[2024-09-19 01:52:19,793][flwr][INFO] - 	              (22, 0.556854720841859),
[2024-09-19 01:52:19,793][flwr][INFO] - 	              (23, 0.555685472084186),
[2024-09-19 01:52:19,793][flwr][INFO] - 	              (24, 0.5285004384682841),
[2024-09-19 01:52:19,793][flwr][INFO] - 	              (25, 0.5738088278281205),
[2024-09-19 01:52:19,793][flwr][INFO] - 	              (26, 0.57731657410114),
[2024-09-19 01:52:19,793][flwr][INFO] - 	              (27, 0.5936860567085648),
[2024-09-19 01:52:19,793][flwr][INFO] - 	              (28, 0.5308389359836305),
[2024-09-19 01:52:19,793][flwr][INFO] - 	              (29, 0.6042092955276235),
[2024-09-19 01:52:19,793][flwr][INFO] - 	              (30, 0.6384098216895645),
[2024-09-19 01:52:19,793][flwr][INFO] - 	              (31, 0.6609178602747735),
[2024-09-19 01:52:19,793][flwr][INFO] - 	              (32, 0.6091786027477346),
[2024-09-19 01:52:19,793][flwr][INFO] - 	              (33, 0.5454545454545454),
[2024-09-19 01:52:19,793][flwr][INFO] - 	              (34, 0.6316866413329436),
[2024-09-19 01:52:19,793][flwr][INFO] - 	              (35, 0.6977491961414791),
[2024-09-19 01:52:19,794][flwr][INFO] - 	              (36, 0.5574393452206957),
[2024-09-19 01:52:19,794][flwr][INFO] - 	              (37, 0.701549254603917),
[2024-09-19 01:52:19,794][flwr][INFO] - 	              (38, 0.6597486115171003),
[2024-09-19 01:52:19,794][flwr][INFO] - 	              (39, 0.7161648640748319),
[2024-09-19 01:52:19,794][flwr][INFO] - 	              (40, 0.6340251388482899),
[2024-09-19 01:52:19,794][flwr][INFO] - 	              (41, 0.7117801812335575),
[2024-09-19 01:52:19,794][flwr][INFO] - 	              (42, 0.7167494884536685),
[2024-09-19 01:52:19,794][flwr][INFO] - 	              (43, 0.713241742180649),
[2024-09-19 01:52:19,794][flwr][INFO] - 	              (44, 0.6501023092662964),
[2024-09-19 01:52:19,794][flwr][INFO] - 	              (45, 0.6749488453668518),
[2024-09-19 01:52:19,794][flwr][INFO] - 	              (46, 0.734872844197603),
[2024-09-19 01:52:19,794][flwr][INFO] - 	              (47, 0.710318620286466),
[2024-09-19 01:52:19,794][flwr][INFO] - 	              (48, 0.6743642209880152),
[2024-09-19 01:52:19,794][flwr][INFO] - 	              (49, 0.6974568839520608),
[2024-09-19 01:52:19,794][flwr][INFO] - 	              (50, 0.7261034785150541),
[2024-09-19 01:52:19,794][flwr][INFO] - 	              (51, 0.715287927506577),
[2024-09-19 01:52:19,794][flwr][INFO] - 	              (52, 0.6866413329435838),
[2024-09-19 01:52:19,794][flwr][INFO] - 	              (53, 0.7038877521192634),
[2024-09-19 01:52:19,795][flwr][INFO] - 	              (54, 0.6945337620578779),
[2024-09-19 01:52:19,795][flwr][INFO] - 	              (55, 0.7515346389944461),
[2024-09-19 01:52:19,795][flwr][INFO] - 	              (56, 0.7559193218357205),
[2024-09-19 01:52:19,795][flwr][INFO] - 	              (57, 0.7313650979245835),
[2024-09-19 01:52:19,795][flwr][INFO] - 	              (58, 0.7389652148494592),
[2024-09-19 01:52:19,795][flwr][INFO] - 	              (59, 0.6533177433498977),
[2024-09-19 01:52:19,795][flwr][INFO] - 	              (60, 0.7711195556854721),
[2024-09-19 01:52:19,795][flwr][INFO] - 	              (61, 0.7483192049108448),
[2024-09-19 01:52:19,795][flwr][INFO] - 	              (62, 0.6951183864367144),
[2024-09-19 01:52:19,795][flwr][INFO] - 	              (63, 0.7547500730780473),
[2024-09-19 01:52:19,795][flwr][INFO] - 	              (64, 0.7614732534346682),
[2024-09-19 01:52:19,795][flwr][INFO] - 	              (65, 0.7708272434960538),
[2024-09-19 01:52:19,795][flwr][INFO] - 	              (66, 0.712364805612394),
[2024-09-19 01:52:19,795][flwr][INFO] - 	              (67, 0.7296112247880736),
[2024-09-19 01:52:19,795][flwr][INFO] - 	              (68, 0.7296112247880736),
[2024-09-19 01:52:19,795][flwr][INFO] - 	              (69, 0.7126571178018123),
[2024-09-19 01:52:19,795][flwr][INFO] - 	              (70, 0.7266881028938906),
[2024-09-19 01:52:19,795][flwr][INFO] - 	              (71, 0.7570885705933937),
[2024-09-19 01:52:19,795][flwr][INFO] - 	              (72, 0.6924875767319497),
[2024-09-19 01:52:19,795][flwr][INFO] - 	              (73, 0.7275650394621456),
[2024-09-19 01:52:19,795][flwr][INFO] - 	              (74, 0.6831335866705641),
[2024-09-19 01:52:19,795][flwr][INFO] - 	              (75, 0.7179187372113417),
[2024-09-19 01:52:19,795][flwr][INFO] - 	              (76, 0.7451037708272436),
[2024-09-19 01:52:19,796][flwr][INFO] - 	              (77, 0.7413037123648056),
[2024-09-19 01:52:19,796][flwr][INFO] - 	              (78, 0.681964337912891),
[2024-09-19 01:52:19,796][flwr][INFO] - 	              (79, 0.6959953230049694),
[2024-09-19 01:52:19,796][flwr][INFO] - 	              (80, 0.735749780765858),
[2024-09-19 01:52:19,796][flwr][INFO] - 	              (81, 0.6959953230049694),
[2024-09-19 01:52:19,796][flwr][INFO] - 	              (82, 0.6284712072493422),
[2024-09-19 01:52:19,796][flwr][INFO] - 	              (83, 0.7111955568547208),
[2024-09-19 01:52:19,796][flwr][INFO] - 	              (84, 0.71821104940076),
[2024-09-19 01:52:19,796][flwr][INFO] - 	              (85, 0.7339959076293482),
[2024-09-19 01:52:19,796][flwr][INFO] - 	              (86, 0.737795966091786),
[2024-09-19 01:52:19,796][flwr][INFO] - 	              (87, 0.7003800058462438),
[2024-09-19 01:52:19,796][flwr][INFO] - 	              (88, 0.7220111078631979),
[2024-09-19 01:52:19,796][flwr][INFO] - 	              (89, 0.7196726103478515),
[2024-09-19 01:52:19,796][flwr][INFO] - 	              (90, 0.7307804735457468),
[2024-09-19 01:52:19,796][flwr][INFO] - 	              (91, 0.6313943291435253),
[2024-09-19 01:52:19,796][flwr][INFO] - 	              (92, 0.732826658871675),
[2024-09-19 01:52:19,796][flwr][INFO] - 	              (93, 0.7620578778135049),
[2024-09-19 01:52:19,796][flwr][INFO] - 	              (94, 0.7050570008769366),
[2024-09-19 01:52:19,796][flwr][INFO] - 	              (95, 0.743642209880152),
[2024-09-19 01:52:19,796][flwr][INFO] - 	              (96, 0.7033031277404268),
[2024-09-19 01:52:19,796][flwr][INFO] - 	              (97, 0.645717626425022),
[2024-09-19 01:52:19,796][flwr][INFO] - 	              (98, 0.721134171294943),
[2024-09-19 01:52:19,796][flwr][INFO] - 	              (99, 0.7375036539023677),
[2024-09-19 01:52:19,797][flwr][INFO] - 	              (100, 0.6954106986261327)]}
[2024-09-19 01:52:19,797][flwr][INFO] - 
