[2024-10-11 00:57:05,439][flwr][INFO] - Starting Flower simulation, config: num_rounds=100, no round_timeout
[2024-10-11 00:57:08,522][flwr][INFO] - Flower VCE: Ray initialized with resources: {'CPU': 256.0, 'node:__internal_head__': 1.0, 'accelerator_type:G': 1.0, 'GPU': 5.0, 'node:115.145.172.224': 1.0, 'object_store_memory': 76334306918.0, 'memory': 168113382810.0}
[2024-10-11 00:57:08,523][flwr][INFO] - Optimize your simulation with Flower VCE: https://flower.ai/docs/framework/how-to-run-simulations.html
[2024-10-11 00:57:08,523][flwr][INFO] - Flower VCE: Resources for each Virtual Client: {'num_cpus': 64, 'num_gpus': 0.125}
[2024-10-11 00:57:08,539][flwr][INFO] - Flower VCE: Creating VirtualClientEngineActorPool with 4 actors
[2024-10-11 00:57:08,539][flwr][INFO] - [INIT]
[2024-10-11 00:57:08,539][flwr][INFO] - Requesting initial parameters from one random client
[2024-10-11 00:57:13,621][flwr][INFO] - Received initial parameters from one random client
[2024-10-11 00:57:13,621][flwr][INFO] - Evaluating initial global parameters
[2024-10-11 00:57:23,844][flwr][INFO] - initial parameters (loss, other metrics): 228.05683183670044, {'accuracy': 0.0707395498392283}
[2024-10-11 00:57:23,845][flwr][INFO] - 
[2024-10-11 00:57:23,845][flwr][INFO] - [ROUND 1]
[2024-10-11 00:57:23,845][flwr][INFO] - configure_fit: strategy sampled 5 clients (out of 50)
[2024-10-11 00:57:39,822][flwr][INFO] - aggregate_fit: received 5 results and 0 failures
[2024-10-11 00:57:40,732][flwr][WARNING] - No fit_metrics_aggregation_fn provided
[2024-10-11 00:57:49,374][flwr][INFO] - fit progress: (1, 215.07165229320526, {'accuracy': 0.19555685472084186}, 25.52953335735947)
[2024-10-11 00:57:49,375][flwr][INFO] - configure_evaluate: strategy sampled 2 clients (out of 50)
[2024-10-11 00:57:50,593][flwr][INFO] - aggregate_evaluate: received 2 results and 0 failures
[2024-10-11 00:57:50,594][flwr][INFO] - 
[2024-10-11 00:57:50,594][flwr][INFO] - [ROUND 2]
[2024-10-11 00:57:50,594][flwr][INFO] - configure_fit: strategy sampled 5 clients (out of 50)
[2024-10-11 00:58:06,425][flwr][INFO] - aggregate_fit: received 5 results and 0 failures
[2024-10-11 00:58:15,225][flwr][INFO] - fit progress: (2, 217.3123881816864, {'accuracy': 0.2356036246711488}, 51.38002170808613)
[2024-10-11 00:58:15,225][flwr][INFO] - configure_evaluate: strategy sampled 2 clients (out of 50)
[2024-10-11 00:58:16,445][flwr][INFO] - aggregate_evaluate: received 2 results and 0 failures
[2024-10-11 00:58:16,446][flwr][INFO] - 
[2024-10-11 00:58:16,446][flwr][INFO] - [ROUND 3]
[2024-10-11 00:58:16,446][flwr][INFO] - configure_fit: strategy sampled 5 clients (out of 50)
[2024-10-11 00:58:33,194][flwr][INFO] - aggregate_fit: received 5 results and 0 failures
[2024-10-11 00:58:41,994][flwr][INFO] - fit progress: (3, 218.1540414094925, {'accuracy': 0.2098801520023385}, 78.14903000090271)
[2024-10-11 00:58:41,994][flwr][INFO] - configure_evaluate: strategy sampled 2 clients (out of 50)
[2024-10-11 00:58:43,280][flwr][INFO] - aggregate_evaluate: received 2 results and 0 failures
[2024-10-11 00:58:43,281][flwr][INFO] - 
[2024-10-11 00:58:43,281][flwr][INFO] - [ROUND 4]
[2024-10-11 00:58:43,281][flwr][INFO] - configure_fit: strategy sampled 5 clients (out of 50)
[2024-10-11 00:58:57,228][flwr][INFO] - aggregate_fit: received 5 results and 0 failures
[2024-10-11 00:59:06,075][flwr][INFO] - fit progress: (4, 217.83411848545074, {'accuracy': 0.20111078631978954}, 102.23003759421408)
[2024-10-11 00:59:06,075][flwr][INFO] - configure_evaluate: strategy sampled 2 clients (out of 50)
[2024-10-11 00:59:07,333][flwr][INFO] - aggregate_evaluate: received 2 results and 0 failures
[2024-10-11 00:59:07,336][flwr][INFO] - 
[2024-10-11 00:59:07,336][flwr][INFO] - [ROUND 5]
[2024-10-11 00:59:07,337][flwr][INFO] - configure_fit: strategy sampled 5 clients (out of 50)
[2024-10-11 00:59:23,635][flwr][INFO] - aggregate_fit: received 5 results and 0 failures
[2024-10-11 00:59:32,448][flwr][INFO] - fit progress: (5, 227.61570024490356, {'accuracy': 0.2095878398129202}, 128.6027212003246)
[2024-10-11 00:59:32,448][flwr][INFO] - configure_evaluate: strategy sampled 2 clients (out of 50)
[2024-10-11 00:59:33,656][flwr][INFO] - aggregate_evaluate: received 2 results and 0 failures
[2024-10-11 00:59:33,656][flwr][INFO] - 
[2024-10-11 00:59:33,656][flwr][INFO] - [ROUND 6]
[2024-10-11 00:59:33,656][flwr][INFO] - configure_fit: strategy sampled 5 clients (out of 50)
[2024-10-11 00:59:44,559][flwr][INFO] - aggregate_fit: received 5 results and 0 failures
[2024-10-11 00:59:53,443][flwr][INFO] - fit progress: (6, 213.10502111911774, {'accuracy': 0.26805027769657996}, 149.5985403470695)
[2024-10-11 00:59:53,444][flwr][INFO] - configure_evaluate: strategy sampled 2 clients (out of 50)
[2024-10-11 00:59:54,679][flwr][INFO] - aggregate_evaluate: received 2 results and 0 failures
[2024-10-11 00:59:54,679][flwr][INFO] - 
[2024-10-11 00:59:54,679][flwr][INFO] - [ROUND 7]
[2024-10-11 00:59:54,679][flwr][INFO] - configure_fit: strategy sampled 5 clients (out of 50)
[2024-10-11 01:00:09,331][flwr][INFO] - aggregate_fit: received 5 results and 0 failures
[2024-10-11 01:00:18,075][flwr][INFO] - fit progress: (7, 212.0892812013626, {'accuracy': 0.29231218941829873}, 174.22995103523135)
[2024-10-11 01:00:18,075][flwr][INFO] - configure_evaluate: strategy sampled 2 clients (out of 50)
[2024-10-11 01:00:19,270][flwr][INFO] - aggregate_evaluate: received 2 results and 0 failures
[2024-10-11 01:00:19,270][flwr][INFO] - 
[2024-10-11 01:00:19,270][flwr][INFO] - [ROUND 8]
[2024-10-11 01:00:19,270][flwr][INFO] - configure_fit: strategy sampled 5 clients (out of 50)
[2024-10-11 01:00:33,241][flwr][INFO] - aggregate_fit: received 5 results and 0 failures
[2024-10-11 01:00:42,003][flwr][INFO] - fit progress: (8, 209.73398661613464, {'accuracy': 0.31745103770827243}, 198.15804745815694)
[2024-10-11 01:00:42,003][flwr][INFO] - configure_evaluate: strategy sampled 2 clients (out of 50)
[2024-10-11 01:00:43,125][flwr][INFO] - aggregate_evaluate: received 2 results and 0 failures
[2024-10-11 01:00:43,125][flwr][INFO] - 
[2024-10-11 01:00:43,125][flwr][INFO] - [ROUND 9]
[2024-10-11 01:00:43,125][flwr][INFO] - configure_fit: strategy sampled 5 clients (out of 50)
[2024-10-11 01:00:52,163][flwr][INFO] - aggregate_fit: received 5 results and 0 failures
[2024-10-11 01:01:00,976][flwr][INFO] - fit progress: (9, 209.5665304660797, {'accuracy': 0.29260450160771706}, 217.13107316568494)
[2024-10-11 01:01:00,976][flwr][INFO] - configure_evaluate: strategy sampled 2 clients (out of 50)
[2024-10-11 01:01:02,280][flwr][INFO] - aggregate_evaluate: received 2 results and 0 failures
[2024-10-11 01:01:02,281][flwr][INFO] - 
[2024-10-11 01:01:02,281][flwr][INFO] - [ROUND 10]
[2024-10-11 01:01:02,281][flwr][INFO] - configure_fit: strategy sampled 5 clients (out of 50)
[2024-10-11 01:01:13,359][flwr][INFO] - aggregate_fit: received 5 results and 0 failures
[2024-10-11 01:01:22,098][flwr][INFO] - fit progress: (10, 204.36601865291595, {'accuracy': 0.3466822566501023}, 238.2529836781323)
[2024-10-11 01:01:22,098][flwr][INFO] - configure_evaluate: strategy sampled 2 clients (out of 50)
[2024-10-11 01:01:23,294][flwr][INFO] - aggregate_evaluate: received 2 results and 0 failures
[2024-10-11 01:01:23,295][flwr][INFO] - 
[2024-10-11 01:01:23,295][flwr][INFO] - [ROUND 11]
[2024-10-11 01:01:23,295][flwr][INFO] - configure_fit: strategy sampled 5 clients (out of 50)
[2024-10-11 01:01:39,704][flwr][INFO] - aggregate_fit: received 5 results and 0 failures
[2024-10-11 01:01:48,674][flwr][INFO] - fit progress: (11, 211.70083665847778, {'accuracy': 0.31745103770827243}, 264.82875651307404)
[2024-10-11 01:01:48,674][flwr][INFO] - configure_evaluate: strategy sampled 2 clients (out of 50)
[2024-10-11 01:01:50,286][flwr][INFO] - aggregate_evaluate: received 2 results and 0 failures
[2024-10-11 01:01:50,286][flwr][INFO] - 
[2024-10-11 01:01:50,286][flwr][INFO] - [ROUND 12]
[2024-10-11 01:01:50,287][flwr][INFO] - configure_fit: strategy sampled 5 clients (out of 50)
[2024-10-11 01:02:03,441][flwr][INFO] - aggregate_fit: received 5 results and 0 failures
[2024-10-11 01:02:12,137][flwr][INFO] - fit progress: (12, 188.8401859998703, {'accuracy': 0.377667348728442}, 288.29274429846555)
[2024-10-11 01:02:12,138][flwr][INFO] - configure_evaluate: strategy sampled 2 clients (out of 50)
[2024-10-11 01:02:13,357][flwr][INFO] - aggregate_evaluate: received 2 results and 0 failures
[2024-10-11 01:02:13,358][flwr][INFO] - 
[2024-10-11 01:02:13,358][flwr][INFO] - [ROUND 13]
[2024-10-11 01:02:13,358][flwr][INFO] - configure_fit: strategy sampled 5 clients (out of 50)
[2024-10-11 01:02:30,246][flwr][INFO] - aggregate_fit: received 5 results and 0 failures
[2024-10-11 01:02:38,938][flwr][INFO] - fit progress: (13, 188.50451397895813, {'accuracy': 0.3706518561824028}, 315.0930265765637)
[2024-10-11 01:02:38,938][flwr][INFO] - configure_evaluate: strategy sampled 2 clients (out of 50)
[2024-10-11 01:02:40,159][flwr][INFO] - aggregate_evaluate: received 2 results and 0 failures
[2024-10-11 01:02:40,159][flwr][INFO] - 
[2024-10-11 01:02:40,159][flwr][INFO] - [ROUND 14]
[2024-10-11 01:02:40,159][flwr][INFO] - configure_fit: strategy sampled 5 clients (out of 50)
[2024-10-11 01:02:49,157][flwr][INFO] - aggregate_fit: received 5 results and 0 failures
[2024-10-11 01:02:58,602][flwr][INFO] - fit progress: (14, 177.32530391216278, {'accuracy': 0.3911137094416837}, 334.7572522601113)
[2024-10-11 01:02:58,602][flwr][INFO] - configure_evaluate: strategy sampled 2 clients (out of 50)
[2024-10-11 01:02:59,918][flwr][INFO] - aggregate_evaluate: received 2 results and 0 failures
[2024-10-11 01:02:59,919][flwr][INFO] - 
[2024-10-11 01:02:59,919][flwr][INFO] - [ROUND 15]
[2024-10-11 01:02:59,919][flwr][INFO] - configure_fit: strategy sampled 5 clients (out of 50)
[2024-10-11 01:03:12,056][flwr][INFO] - aggregate_fit: received 5 results and 0 failures
[2024-10-11 01:03:20,773][flwr][INFO] - fit progress: (15, 164.92262744903564, {'accuracy': 0.5001461560947091}, 356.928569143638)
[2024-10-11 01:03:20,774][flwr][INFO] - configure_evaluate: strategy sampled 2 clients (out of 50)
[2024-10-11 01:03:22,032][flwr][INFO] - aggregate_evaluate: received 2 results and 0 failures
[2024-10-11 01:03:22,032][flwr][INFO] - 
[2024-10-11 01:03:22,032][flwr][INFO] - [ROUND 16]
[2024-10-11 01:03:22,032][flwr][INFO] - configure_fit: strategy sampled 5 clients (out of 50)
[2024-10-11 01:03:37,108][flwr][INFO] - aggregate_fit: received 5 results and 0 failures
[2024-10-11 01:03:45,995][flwr][INFO] - fit progress: (16, 184.7460207939148, {'accuracy': 0.36217480268927216}, 382.1497804475948)
[2024-10-11 01:03:45,995][flwr][INFO] - configure_evaluate: strategy sampled 2 clients (out of 50)
[2024-10-11 01:03:47,146][flwr][INFO] - aggregate_evaluate: received 2 results and 0 failures
[2024-10-11 01:03:47,146][flwr][INFO] - 
[2024-10-11 01:03:47,146][flwr][INFO] - [ROUND 17]
[2024-10-11 01:03:47,147][flwr][INFO] - configure_fit: strategy sampled 5 clients (out of 50)
[2024-10-11 01:03:56,844][flwr][INFO] - aggregate_fit: received 5 results and 0 failures
[2024-10-11 01:04:05,570][flwr][INFO] - fit progress: (17, 180.10970187187195, {'accuracy': 0.35983630517392573}, 401.7256455179304)
[2024-10-11 01:04:05,571][flwr][INFO] - configure_evaluate: strategy sampled 2 clients (out of 50)
[2024-10-11 01:04:06,811][flwr][INFO] - aggregate_evaluate: received 2 results and 0 failures
[2024-10-11 01:04:06,811][flwr][INFO] - 
[2024-10-11 01:04:06,811][flwr][INFO] - [ROUND 18]
[2024-10-11 01:04:06,811][flwr][INFO] - configure_fit: strategy sampled 5 clients (out of 50)
[2024-10-11 01:04:16,476][flwr][INFO] - aggregate_fit: received 5 results and 0 failures
[2024-10-11 01:04:25,646][flwr][INFO] - fit progress: (18, 154.23242950439453, {'accuracy': 0.6100555393159894}, 421.80087237246335)
[2024-10-11 01:04:25,646][flwr][INFO] - configure_evaluate: strategy sampled 2 clients (out of 50)
[2024-10-11 01:04:26,794][flwr][INFO] - aggregate_evaluate: received 2 results and 0 failures
[2024-10-11 01:04:26,794][flwr][INFO] - 
[2024-10-11 01:04:26,794][flwr][INFO] - [ROUND 19]
[2024-10-11 01:04:26,794][flwr][INFO] - configure_fit: strategy sampled 5 clients (out of 50)
[2024-10-11 01:04:39,864][flwr][INFO] - aggregate_fit: received 5 results and 0 failures
[2024-10-11 01:04:48,671][flwr][INFO] - fit progress: (19, 154.57275426387787, {'accuracy': 0.5206080093539901}, 444.82647548336536)
[2024-10-11 01:04:48,672][flwr][INFO] - configure_evaluate: strategy sampled 2 clients (out of 50)
[2024-10-11 01:04:49,894][flwr][INFO] - aggregate_evaluate: received 2 results and 0 failures
[2024-10-11 01:04:49,894][flwr][INFO] - 
[2024-10-11 01:04:49,894][flwr][INFO] - [ROUND 20]
[2024-10-11 01:04:49,895][flwr][INFO] - configure_fit: strategy sampled 5 clients (out of 50)
[2024-10-11 01:05:06,164][flwr][INFO] - aggregate_fit: received 5 results and 0 failures
[2024-10-11 01:05:15,195][flwr][INFO] - fit progress: (20, 156.7531362771988, {'accuracy': 0.5796550716164864}, 471.35035282187164)
[2024-10-11 01:05:15,196][flwr][INFO] - configure_evaluate: strategy sampled 2 clients (out of 50)
[2024-10-11 01:05:16,652][flwr][INFO] - aggregate_evaluate: received 2 results and 0 failures
[2024-10-11 01:05:16,652][flwr][INFO] - 
[2024-10-11 01:05:16,652][flwr][INFO] - [ROUND 21]
[2024-10-11 01:05:16,653][flwr][INFO] - configure_fit: strategy sampled 5 clients (out of 50)
[2024-10-11 01:05:26,451][flwr][INFO] - aggregate_fit: received 5 results and 0 failures
[2024-10-11 01:05:35,955][flwr][INFO] - fit progress: (21, 171.9524655342102, {'accuracy': 0.4644840689856767}, 492.1105263121426)
[2024-10-11 01:05:35,956][flwr][INFO] - configure_evaluate: strategy sampled 2 clients (out of 50)
[2024-10-11 01:05:37,221][flwr][INFO] - aggregate_evaluate: received 2 results and 0 failures
[2024-10-11 01:05:37,221][flwr][INFO] - 
[2024-10-11 01:05:37,221][flwr][INFO] - [ROUND 22]
[2024-10-11 01:05:37,222][flwr][INFO] - configure_fit: strategy sampled 5 clients (out of 50)
[2024-10-11 01:05:50,398][flwr][INFO] - aggregate_fit: received 5 results and 0 failures
[2024-10-11 01:05:59,917][flwr][INFO] - fit progress: (22, 155.67049026489258, {'accuracy': 0.6018707980122772}, 516.072460715659)
[2024-10-11 01:05:59,918][flwr][INFO] - configure_evaluate: strategy sampled 2 clients (out of 50)
[2024-10-11 01:06:01,100][flwr][INFO] - aggregate_evaluate: received 2 results and 0 failures
[2024-10-11 01:06:01,100][flwr][INFO] - 
[2024-10-11 01:06:01,101][flwr][INFO] - [ROUND 23]
[2024-10-11 01:06:01,101][flwr][INFO] - configure_fit: strategy sampled 5 clients (out of 50)
[2024-10-11 01:06:14,079][flwr][INFO] - aggregate_fit: received 5 results and 0 failures
[2024-10-11 01:06:23,401][flwr][INFO] - fit progress: (23, 168.20089423656464, {'accuracy': 0.4612686349020754}, 539.5566233266145)
[2024-10-11 01:06:23,402][flwr][INFO] - configure_evaluate: strategy sampled 2 clients (out of 50)
[2024-10-11 01:06:24,614][flwr][INFO] - aggregate_evaluate: received 2 results and 0 failures
[2024-10-11 01:06:24,614][flwr][INFO] - 
[2024-10-11 01:06:24,614][flwr][INFO] - [ROUND 24]
[2024-10-11 01:06:24,614][flwr][INFO] - configure_fit: strategy sampled 5 clients (out of 50)
[2024-10-11 01:06:32,693][flwr][INFO] - aggregate_fit: received 5 results and 0 failures
[2024-10-11 01:06:42,410][flwr][INFO] - fit progress: (24, 170.65760922431946, {'accuracy': 0.41479099678456594}, 558.5655436767265)
[2024-10-11 01:06:42,411][flwr][INFO] - configure_evaluate: strategy sampled 2 clients (out of 50)
[2024-10-11 01:06:43,682][flwr][INFO] - aggregate_evaluate: received 2 results and 0 failures
[2024-10-11 01:06:43,682][flwr][INFO] - 
[2024-10-11 01:06:43,682][flwr][INFO] - [ROUND 25]
[2024-10-11 01:06:43,683][flwr][INFO] - configure_fit: strategy sampled 5 clients (out of 50)
[2024-10-11 01:06:54,851][flwr][INFO] - aggregate_fit: received 5 results and 0 failures
[2024-10-11 01:07:04,060][flwr][INFO] - fit progress: (25, 156.82573473453522, {'accuracy': 0.5761473253434668}, 580.215551096946)
[2024-10-11 01:07:04,061][flwr][INFO] - configure_evaluate: strategy sampled 2 clients (out of 50)
[2024-10-11 01:07:05,327][flwr][INFO] - aggregate_evaluate: received 2 results and 0 failures
[2024-10-11 01:07:05,328][flwr][INFO] - 
[2024-10-11 01:07:05,328][flwr][INFO] - [ROUND 26]
[2024-10-11 01:07:05,328][flwr][INFO] - configure_fit: strategy sampled 5 clients (out of 50)
[2024-10-11 01:07:20,055][flwr][INFO] - aggregate_fit: received 5 results and 0 failures
[2024-10-11 01:07:28,848][flwr][INFO] - fit progress: (26, 164.16758573055267, {'accuracy': 0.5285004384682841}, 605.0036235647276)
[2024-10-11 01:07:28,849][flwr][INFO] - configure_evaluate: strategy sampled 2 clients (out of 50)
[2024-10-11 01:07:30,120][flwr][INFO] - aggregate_evaluate: received 2 results and 0 failures
[2024-10-11 01:07:30,120][flwr][INFO] - 
[2024-10-11 01:07:30,120][flwr][INFO] - [ROUND 27]
[2024-10-11 01:07:30,120][flwr][INFO] - configure_fit: strategy sampled 5 clients (out of 50)
[2024-10-11 01:07:44,368][flwr][INFO] - aggregate_fit: received 5 results and 0 failures
[2024-10-11 01:07:53,352][flwr][INFO] - fit progress: (27, 148.39730489253998, {'accuracy': 0.6065477930429699}, 629.5076720807701)
[2024-10-11 01:07:53,353][flwr][INFO] - configure_evaluate: strategy sampled 2 clients (out of 50)
[2024-10-11 01:07:54,773][flwr][INFO] - aggregate_evaluate: received 2 results and 0 failures
[2024-10-11 01:07:54,773][flwr][INFO] - 
[2024-10-11 01:07:54,773][flwr][INFO] - [ROUND 28]
[2024-10-11 01:07:54,773][flwr][INFO] - configure_fit: strategy sampled 5 clients (out of 50)
[2024-10-11 01:08:03,288][flwr][INFO] - aggregate_fit: received 5 results and 0 failures
[2024-10-11 01:08:12,058][flwr][INFO] - fit progress: (28, 155.15590047836304, {'accuracy': 0.6211634025138848}, 648.2136719562113)
[2024-10-11 01:08:12,059][flwr][INFO] - configure_evaluate: strategy sampled 2 clients (out of 50)
[2024-10-11 01:08:13,284][flwr][INFO] - aggregate_evaluate: received 2 results and 0 failures
[2024-10-11 01:08:13,284][flwr][INFO] - 
[2024-10-11 01:08:13,284][flwr][INFO] - [ROUND 29]
[2024-10-11 01:08:13,285][flwr][INFO] - configure_fit: strategy sampled 5 clients (out of 50)
[2024-10-11 01:08:22,271][flwr][INFO] - aggregate_fit: received 5 results and 0 failures
[2024-10-11 01:08:30,961][flwr][INFO] - fit progress: (29, 149.30378198623657, {'accuracy': 0.6106401636948261}, 667.1163610164076)
[2024-10-11 01:08:30,961][flwr][INFO] - configure_evaluate: strategy sampled 2 clients (out of 50)
[2024-10-11 01:08:32,279][flwr][INFO] - aggregate_evaluate: received 2 results and 0 failures
[2024-10-11 01:08:32,280][flwr][INFO] - 
[2024-10-11 01:08:32,280][flwr][INFO] - [ROUND 30]
[2024-10-11 01:08:32,280][flwr][INFO] - configure_fit: strategy sampled 5 clients (out of 50)
[2024-10-11 01:08:45,350][flwr][INFO] - aggregate_fit: received 5 results and 0 failures
[2024-10-11 01:08:54,204][flwr][INFO] - fit progress: (30, 129.85775285959244, {'accuracy': 0.6749488453668518}, 690.3593260459602)
[2024-10-11 01:08:54,205][flwr][INFO] - configure_evaluate: strategy sampled 2 clients (out of 50)
[2024-10-11 01:08:55,424][flwr][INFO] - aggregate_evaluate: received 2 results and 0 failures
[2024-10-11 01:08:55,425][flwr][INFO] - 
[2024-10-11 01:08:55,425][flwr][INFO] - [ROUND 31]
[2024-10-11 01:08:55,425][flwr][INFO] - configure_fit: strategy sampled 5 clients (out of 50)
[2024-10-11 01:09:12,524][flwr][INFO] - aggregate_fit: received 5 results and 0 failures
[2024-10-11 01:09:21,185][flwr][INFO] - fit progress: (31, 155.9100649356842, {'accuracy': 0.5808243203741597}, 717.3404511716217)
[2024-10-11 01:09:21,186][flwr][INFO] - configure_evaluate: strategy sampled 2 clients (out of 50)
[2024-10-11 01:09:22,422][flwr][INFO] - aggregate_evaluate: received 2 results and 0 failures
[2024-10-11 01:09:22,423][flwr][INFO] - 
[2024-10-11 01:09:22,423][flwr][INFO] - [ROUND 32]
[2024-10-11 01:09:22,423][flwr][INFO] - configure_fit: strategy sampled 5 clients (out of 50)
[2024-10-11 01:09:33,610][flwr][INFO] - aggregate_fit: received 5 results and 0 failures
[2024-10-11 01:09:42,293][flwr][INFO] - fit progress: (32, 149.05471551418304, {'accuracy': 0.5182695118386437}, 738.4481490608305)
[2024-10-11 01:09:42,293][flwr][INFO] - configure_evaluate: strategy sampled 2 clients (out of 50)
[2024-10-11 01:09:43,579][flwr][INFO] - aggregate_evaluate: received 2 results and 0 failures
[2024-10-11 01:09:43,579][flwr][INFO] - 
[2024-10-11 01:09:43,579][flwr][INFO] - [ROUND 33]
[2024-10-11 01:09:43,580][flwr][INFO] - configure_fit: strategy sampled 5 clients (out of 50)
[2024-10-11 01:09:55,357][flwr][INFO] - aggregate_fit: received 5 results and 0 failures
[2024-10-11 01:10:04,944][flwr][INFO] - fit progress: (33, 172.16895282268524, {'accuracy': 0.31248173048816136}, 761.0992057723925)
[2024-10-11 01:10:04,944][flwr][INFO] - configure_evaluate: strategy sampled 2 clients (out of 50)
[2024-10-11 01:10:06,294][flwr][INFO] - aggregate_evaluate: received 2 results and 0 failures
[2024-10-11 01:10:06,294][flwr][INFO] - 
[2024-10-11 01:10:06,294][flwr][INFO] - [ROUND 34]
[2024-10-11 01:10:06,294][flwr][INFO] - configure_fit: strategy sampled 5 clients (out of 50)
[2024-10-11 01:10:17,199][flwr][INFO] - aggregate_fit: received 5 results and 0 failures
[2024-10-11 01:10:26,379][flwr][INFO] - fit progress: (34, 147.73092126846313, {'accuracy': 0.5869628763519439}, 782.5343779101968)
[2024-10-11 01:10:26,379][flwr][INFO] - configure_evaluate: strategy sampled 2 clients (out of 50)
[2024-10-11 01:10:27,527][flwr][INFO] - aggregate_evaluate: received 2 results and 0 failures
[2024-10-11 01:10:27,527][flwr][INFO] - 
[2024-10-11 01:10:27,527][flwr][INFO] - [ROUND 35]
[2024-10-11 01:10:27,528][flwr][INFO] - configure_fit: strategy sampled 5 clients (out of 50)
[2024-10-11 01:10:39,417][flwr][INFO] - aggregate_fit: received 5 results and 0 failures
[2024-10-11 01:10:48,114][flwr][INFO] - fit progress: (35, 138.15207356214523, {'accuracy': 0.6249634609763227}, 804.2697535576299)
[2024-10-11 01:10:48,115][flwr][INFO] - configure_evaluate: strategy sampled 2 clients (out of 50)
[2024-10-11 01:10:49,351][flwr][INFO] - aggregate_evaluate: received 2 results and 0 failures
[2024-10-11 01:10:49,351][flwr][INFO] - 
[2024-10-11 01:10:49,351][flwr][INFO] - [ROUND 36]
[2024-10-11 01:10:49,352][flwr][INFO] - configure_fit: strategy sampled 5 clients (out of 50)
[2024-10-11 01:11:05,049][flwr][INFO] - aggregate_fit: received 5 results and 0 failures
[2024-10-11 01:11:13,989][flwr][INFO] - fit progress: (36, 124.32137662172318, {'accuracy': 0.6828412744811458}, 830.1446694834158)
[2024-10-11 01:11:13,990][flwr][INFO] - configure_evaluate: strategy sampled 2 clients (out of 50)
[2024-10-11 01:11:15,186][flwr][INFO] - aggregate_evaluate: received 2 results and 0 failures
[2024-10-11 01:11:15,186][flwr][INFO] - 
[2024-10-11 01:11:15,187][flwr][INFO] - [ROUND 37]
[2024-10-11 01:11:15,187][flwr][INFO] - configure_fit: strategy sampled 5 clients (out of 50)
[2024-10-11 01:11:27,658][flwr][INFO] - aggregate_fit: received 5 results and 0 failures
[2024-10-11 01:11:36,323][flwr][INFO] - fit progress: (37, 124.77247244119644, {'accuracy': 0.668225665010231}, 852.4784478070214)
[2024-10-11 01:11:36,324][flwr][INFO] - configure_evaluate: strategy sampled 2 clients (out of 50)
[2024-10-11 01:11:37,623][flwr][INFO] - aggregate_evaluate: received 2 results and 0 failures
[2024-10-11 01:11:37,623][flwr][INFO] - 
[2024-10-11 01:11:37,623][flwr][INFO] - [ROUND 38]
[2024-10-11 01:11:37,624][flwr][INFO] - configure_fit: strategy sampled 5 clients (out of 50)
[2024-10-11 01:11:49,708][flwr][INFO] - aggregate_fit: received 5 results and 0 failures
[2024-10-11 01:11:58,576][flwr][INFO] - fit progress: (38, 135.72957307100296, {'accuracy': 0.600701549254604}, 874.7308777440339)
[2024-10-11 01:11:58,576][flwr][INFO] - configure_evaluate: strategy sampled 2 clients (out of 50)
[2024-10-11 01:11:59,917][flwr][INFO] - aggregate_evaluate: received 2 results and 0 failures
[2024-10-11 01:11:59,917][flwr][INFO] - 
[2024-10-11 01:11:59,917][flwr][INFO] - [ROUND 39]
[2024-10-11 01:11:59,917][flwr][INFO] - configure_fit: strategy sampled 5 clients (out of 50)
[2024-10-11 01:12:07,566][flwr][INFO] - aggregate_fit: received 5 results and 0 failures
[2024-10-11 01:12:16,244][flwr][INFO] - fit progress: (39, 137.905031144619, {'accuracy': 0.6118094124524993}, 892.3992308266461)
[2024-10-11 01:12:16,244][flwr][INFO] - configure_evaluate: strategy sampled 2 clients (out of 50)
[2024-10-11 01:12:17,480][flwr][INFO] - aggregate_evaluate: received 2 results and 0 failures
[2024-10-11 01:12:17,480][flwr][INFO] - 
[2024-10-11 01:12:17,480][flwr][INFO] - [ROUND 40]
[2024-10-11 01:12:17,480][flwr][INFO] - configure_fit: strategy sampled 5 clients (out of 50)
[2024-10-11 01:12:32,115][flwr][INFO] - aggregate_fit: received 5 results and 0 failures
[2024-10-11 01:12:40,748][flwr][INFO] - fit progress: (40, 145.00266134738922, {'accuracy': 0.5931014323297281}, 916.9036324825138)
[2024-10-11 01:12:40,749][flwr][INFO] - configure_evaluate: strategy sampled 2 clients (out of 50)
[2024-10-11 01:12:41,906][flwr][INFO] - aggregate_evaluate: received 2 results and 0 failures
[2024-10-11 01:12:41,906][flwr][INFO] - 
[2024-10-11 01:12:41,906][flwr][INFO] - [ROUND 41]
[2024-10-11 01:12:41,906][flwr][INFO] - configure_fit: strategy sampled 5 clients (out of 50)
[2024-10-11 01:12:52,005][flwr][INFO] - aggregate_fit: received 5 results and 0 failures
[2024-10-11 01:13:00,919][flwr][INFO] - fit progress: (41, 150.25133562088013, {'accuracy': 0.5095001461560947}, 937.0746174380183)
[2024-10-11 01:13:00,920][flwr][INFO] - configure_evaluate: strategy sampled 2 clients (out of 50)
[2024-10-11 01:13:02,111][flwr][INFO] - aggregate_evaluate: received 2 results and 0 failures
[2024-10-11 01:13:02,112][flwr][INFO] - 
[2024-10-11 01:13:02,112][flwr][INFO] - [ROUND 42]
[2024-10-11 01:13:02,112][flwr][INFO] - configure_fit: strategy sampled 5 clients (out of 50)
[2024-10-11 01:13:09,839][flwr][INFO] - aggregate_fit: received 5 results and 0 failures
[2024-10-11 01:13:18,532][flwr][INFO] - fit progress: (42, 128.70884251594543, {'accuracy': 0.6416252557731658}, 954.687372286804)
[2024-10-11 01:13:18,533][flwr][INFO] - configure_evaluate: strategy sampled 2 clients (out of 50)
[2024-10-11 01:13:19,717][flwr][INFO] - aggregate_evaluate: received 2 results and 0 failures
[2024-10-11 01:13:19,717][flwr][INFO] - 
[2024-10-11 01:13:19,717][flwr][INFO] - [ROUND 43]
[2024-10-11 01:13:19,717][flwr][INFO] - configure_fit: strategy sampled 5 clients (out of 50)
[2024-10-11 01:13:29,468][flwr][INFO] - aggregate_fit: received 5 results and 0 failures
[2024-10-11 01:13:38,144][flwr][INFO] - fit progress: (43, 144.6909282207489, {'accuracy': 0.6042092955276235}, 974.2990982634947)
[2024-10-11 01:13:38,144][flwr][INFO] - configure_evaluate: strategy sampled 2 clients (out of 50)
[2024-10-11 01:13:39,284][flwr][INFO] - aggregate_evaluate: received 2 results and 0 failures
[2024-10-11 01:13:39,284][flwr][INFO] - 
[2024-10-11 01:13:39,285][flwr][INFO] - [ROUND 44]
[2024-10-11 01:13:39,285][flwr][INFO] - configure_fit: strategy sampled 5 clients (out of 50)
[2024-10-11 01:13:53,425][flwr][INFO] - aggregate_fit: received 5 results and 0 failures
[2024-10-11 01:14:02,120][flwr][INFO] - fit progress: (44, 140.7957887649536, {'accuracy': 0.6331482022800351}, 998.2752712909132)
[2024-10-11 01:14:02,120][flwr][INFO] - configure_evaluate: strategy sampled 2 clients (out of 50)
[2024-10-11 01:14:03,392][flwr][INFO] - aggregate_evaluate: received 2 results and 0 failures
[2024-10-11 01:14:03,393][flwr][INFO] - 
[2024-10-11 01:14:03,393][flwr][INFO] - [ROUND 45]
[2024-10-11 01:14:03,393][flwr][INFO] - configure_fit: strategy sampled 5 clients (out of 50)
[2024-10-11 01:14:18,386][flwr][INFO] - aggregate_fit: received 5 results and 0 failures
[2024-10-11 01:14:27,073][flwr][INFO] - fit progress: (45, 141.39373314380646, {'accuracy': 0.575270388775212}, 1023.2284333044663)
[2024-10-11 01:14:27,074][flwr][INFO] - configure_evaluate: strategy sampled 2 clients (out of 50)
[2024-10-11 01:14:28,125][flwr][INFO] - aggregate_evaluate: received 2 results and 0 failures
[2024-10-11 01:14:28,126][flwr][INFO] - 
[2024-10-11 01:14:28,126][flwr][INFO] - [ROUND 46]
[2024-10-11 01:14:28,126][flwr][INFO] - configure_fit: strategy sampled 5 clients (out of 50)
[2024-10-11 01:14:38,156][flwr][INFO] - aggregate_fit: received 5 results and 0 failures
[2024-10-11 01:14:46,842][flwr][INFO] - fit progress: (46, 144.5667942762375, {'accuracy': 0.535223618824905}, 1042.9975411538035)
[2024-10-11 01:14:46,843][flwr][INFO] - configure_evaluate: strategy sampled 2 clients (out of 50)
[2024-10-11 01:14:48,003][flwr][INFO] - aggregate_evaluate: received 2 results and 0 failures
[2024-10-11 01:14:48,004][flwr][INFO] - 
[2024-10-11 01:14:48,004][flwr][INFO] - [ROUND 47]
[2024-10-11 01:14:48,004][flwr][INFO] - configure_fit: strategy sampled 5 clients (out of 50)
[2024-10-11 01:15:03,486][flwr][INFO] - aggregate_fit: received 5 results and 0 failures
[2024-10-11 01:15:12,192][flwr][INFO] - fit progress: (47, 136.33272552490234, {'accuracy': 0.5817012569424145}, 1068.3474349649623)
[2024-10-11 01:15:12,192][flwr][INFO] - configure_evaluate: strategy sampled 2 clients (out of 50)
[2024-10-11 01:15:13,399][flwr][INFO] - aggregate_evaluate: received 2 results and 0 failures
[2024-10-11 01:15:13,399][flwr][INFO] - 
[2024-10-11 01:15:13,399][flwr][INFO] - [ROUND 48]
[2024-10-11 01:15:13,399][flwr][INFO] - configure_fit: strategy sampled 5 clients (out of 50)
[2024-10-11 01:15:29,302][flwr][INFO] - aggregate_fit: received 5 results and 0 failures
[2024-10-11 01:15:37,970][flwr][INFO] - fit progress: (48, 120.57489907741547, {'accuracy': 0.7225957322420344}, 1094.1249345149845)
[2024-10-11 01:15:37,970][flwr][INFO] - configure_evaluate: strategy sampled 2 clients (out of 50)
[2024-10-11 01:15:39,306][flwr][INFO] - aggregate_evaluate: received 2 results and 0 failures
[2024-10-11 01:15:39,307][flwr][INFO] - 
[2024-10-11 01:15:39,307][flwr][INFO] - [ROUND 49]
[2024-10-11 01:15:39,307][flwr][INFO] - configure_fit: strategy sampled 5 clients (out of 50)
[2024-10-11 01:15:52,146][flwr][INFO] - aggregate_fit: received 5 results and 0 failures
[2024-10-11 01:16:00,903][flwr][INFO] - fit progress: (49, 136.83448112010956, {'accuracy': 0.6106401636948261}, 1117.0582375805825)
[2024-10-11 01:16:00,903][flwr][INFO] - configure_evaluate: strategy sampled 2 clients (out of 50)
[2024-10-11 01:16:02,110][flwr][INFO] - aggregate_evaluate: received 2 results and 0 failures
[2024-10-11 01:16:02,110][flwr][INFO] - 
[2024-10-11 01:16:02,110][flwr][INFO] - [ROUND 50]
[2024-10-11 01:16:02,110][flwr][INFO] - configure_fit: strategy sampled 5 clients (out of 50)
[2024-10-11 01:16:14,594][flwr][INFO] - aggregate_fit: received 5 results and 0 failures
[2024-10-11 01:16:23,843][flwr][INFO] - fit progress: (50, 141.83884292840958, {'accuracy': 0.6495176848874598}, 1139.9977627545595)
[2024-10-11 01:16:23,843][flwr][INFO] - configure_evaluate: strategy sampled 2 clients (out of 50)
[2024-10-11 01:16:24,980][flwr][INFO] - aggregate_evaluate: received 2 results and 0 failures
[2024-10-11 01:16:24,981][flwr][INFO] - 
[2024-10-11 01:16:24,981][flwr][INFO] - [ROUND 51]
[2024-10-11 01:16:24,981][flwr][INFO] - configure_fit: strategy sampled 5 clients (out of 50)
[2024-10-11 01:16:39,899][flwr][INFO] - aggregate_fit: received 5 results and 0 failures
[2024-10-11 01:16:49,609][flwr][INFO] - fit progress: (51, 125.07683277130127, {'accuracy': 0.6430868167202572}, 1165.7646005060524)
[2024-10-11 01:16:49,610][flwr][INFO] - configure_evaluate: strategy sampled 2 clients (out of 50)
[2024-10-11 01:16:50,856][flwr][INFO] - aggregate_evaluate: received 2 results and 0 failures
[2024-10-11 01:16:50,856][flwr][INFO] - 
[2024-10-11 01:16:50,856][flwr][INFO] - [ROUND 52]
[2024-10-11 01:16:50,856][flwr][INFO] - configure_fit: strategy sampled 5 clients (out of 50)
[2024-10-11 01:17:04,385][flwr][INFO] - aggregate_fit: received 5 results and 0 failures
[2024-10-11 01:17:13,301][flwr][INFO] - fit progress: (52, 134.47671461105347, {'accuracy': 0.5951476176556563}, 1189.4561412632465)
[2024-10-11 01:17:13,301][flwr][INFO] - configure_evaluate: strategy sampled 2 clients (out of 50)
[2024-10-11 01:17:14,540][flwr][INFO] - aggregate_evaluate: received 2 results and 0 failures
[2024-10-11 01:17:14,541][flwr][INFO] - 
[2024-10-11 01:17:14,541][flwr][INFO] - [ROUND 53]
[2024-10-11 01:17:14,541][flwr][INFO] - configure_fit: strategy sampled 5 clients (out of 50)
[2024-10-11 01:17:26,590][flwr][INFO] - aggregate_fit: received 5 results and 0 failures
[2024-10-11 01:17:35,303][flwr][INFO] - fit progress: (53, 138.73045355081558, {'accuracy': 0.5574393452206957}, 1211.4585645236075)
[2024-10-11 01:17:35,304][flwr][INFO] - configure_evaluate: strategy sampled 2 clients (out of 50)
[2024-10-11 01:17:36,553][flwr][INFO] - aggregate_evaluate: received 2 results and 0 failures
[2024-10-11 01:17:36,553][flwr][INFO] - 
[2024-10-11 01:17:36,553][flwr][INFO] - [ROUND 54]
[2024-10-11 01:17:36,553][flwr][INFO] - configure_fit: strategy sampled 5 clients (out of 50)
[2024-10-11 01:17:52,143][flwr][INFO] - aggregate_fit: received 5 results and 0 failures
[2024-10-11 01:18:01,718][flwr][INFO] - fit progress: (54, 139.91384291648865, {'accuracy': 0.5936860567085648}, 1237.8728038361296)
[2024-10-11 01:18:01,718][flwr][INFO] - configure_evaluate: strategy sampled 2 clients (out of 50)
[2024-10-11 01:18:02,850][flwr][INFO] - aggregate_evaluate: received 2 results and 0 failures
[2024-10-11 01:18:02,850][flwr][INFO] - 
[2024-10-11 01:18:02,850][flwr][INFO] - [ROUND 55]
[2024-10-11 01:18:02,850][flwr][INFO] - configure_fit: strategy sampled 5 clients (out of 50)
[2024-10-11 01:18:14,979][flwr][INFO] - aggregate_fit: received 5 results and 0 failures
[2024-10-11 01:18:23,734][flwr][INFO] - fit progress: (55, 127.64227324724197, {'accuracy': 0.5834551300789242}, 1259.8896119808778)
[2024-10-11 01:18:23,735][flwr][INFO] - configure_evaluate: strategy sampled 2 clients (out of 50)
[2024-10-11 01:18:25,342][flwr][INFO] - aggregate_evaluate: received 2 results and 0 failures
[2024-10-11 01:18:25,342][flwr][INFO] - 
[2024-10-11 01:18:25,342][flwr][INFO] - [ROUND 56]
[2024-10-11 01:18:25,342][flwr][INFO] - configure_fit: strategy sampled 5 clients (out of 50)
[2024-10-11 01:18:42,574][flwr][INFO] - aggregate_fit: received 5 results and 0 failures
[2024-10-11 01:18:51,249][flwr][INFO] - fit progress: (56, 120.22663754224777, {'accuracy': 0.6717334112832505}, 1287.404277285561)
[2024-10-11 01:18:51,249][flwr][INFO] - configure_evaluate: strategy sampled 2 clients (out of 50)
[2024-10-11 01:18:52,489][flwr][INFO] - aggregate_evaluate: received 2 results and 0 failures
[2024-10-11 01:18:52,490][flwr][INFO] - 
[2024-10-11 01:18:52,490][flwr][INFO] - [ROUND 57]
[2024-10-11 01:18:52,490][flwr][INFO] - configure_fit: strategy sampled 5 clients (out of 50)
[2024-10-11 01:19:04,284][flwr][INFO] - aggregate_fit: received 5 results and 0 failures
[2024-10-11 01:19:13,014][flwr][INFO] - fit progress: (57, 129.65874350070953, {'accuracy': 0.6121017246419176}, 1309.1689107380807)
[2024-10-11 01:19:13,014][flwr][INFO] - configure_evaluate: strategy sampled 2 clients (out of 50)
[2024-10-11 01:19:14,208][flwr][INFO] - aggregate_evaluate: received 2 results and 0 failures
[2024-10-11 01:19:14,208][flwr][INFO] - 
[2024-10-11 01:19:14,208][flwr][INFO] - [ROUND 58]
[2024-10-11 01:19:14,208][flwr][INFO] - configure_fit: strategy sampled 5 clients (out of 50)
[2024-10-11 01:19:25,736][flwr][INFO] - aggregate_fit: received 5 results and 0 failures
[2024-10-11 01:19:34,400][flwr][INFO] - fit progress: (58, 114.53572154045105, {'accuracy': 0.7258111663256358}, 1330.5554772680625)
[2024-10-11 01:19:34,401][flwr][INFO] - configure_evaluate: strategy sampled 2 clients (out of 50)
[2024-10-11 01:19:35,565][flwr][INFO] - aggregate_evaluate: received 2 results and 0 failures
[2024-10-11 01:19:35,565][flwr][INFO] - 
[2024-10-11 01:19:35,565][flwr][INFO] - [ROUND 59]
[2024-10-11 01:19:35,565][flwr][INFO] - configure_fit: strategy sampled 5 clients (out of 50)
[2024-10-11 01:19:47,723][flwr][INFO] - aggregate_fit: received 5 results and 0 failures
[2024-10-11 01:19:56,377][flwr][INFO] - fit progress: (59, 132.30367320775986, {'accuracy': 0.6097632271265712}, 1352.5321846781299)
[2024-10-11 01:19:56,377][flwr][INFO] - configure_evaluate: strategy sampled 2 clients (out of 50)
[2024-10-11 01:19:57,543][flwr][INFO] - aggregate_evaluate: received 2 results and 0 failures
[2024-10-11 01:19:57,544][flwr][INFO] - 
[2024-10-11 01:19:57,544][flwr][INFO] - [ROUND 60]
[2024-10-11 01:19:57,544][flwr][INFO] - configure_fit: strategy sampled 5 clients (out of 50)
[2024-10-11 01:20:09,058][flwr][INFO] - aggregate_fit: received 5 results and 0 failures
[2024-10-11 01:20:18,236][flwr][INFO] - fit progress: (60, 114.87332993745804, {'accuracy': 0.7106109324758842}, 1374.3909644531086)
[2024-10-11 01:20:18,236][flwr][INFO] - configure_evaluate: strategy sampled 2 clients (out of 50)
[2024-10-11 01:20:19,424][flwr][INFO] - aggregate_evaluate: received 2 results and 0 failures
[2024-10-11 01:20:19,425][flwr][INFO] - 
[2024-10-11 01:20:19,425][flwr][INFO] - [ROUND 61]
[2024-10-11 01:20:19,425][flwr][INFO] - configure_fit: strategy sampled 5 clients (out of 50)
[2024-10-11 01:20:29,094][flwr][INFO] - aggregate_fit: received 5 results and 0 failures
[2024-10-11 01:20:37,839][flwr][INFO] - fit progress: (61, 117.01642280817032, {'accuracy': 0.6571178018123356}, 1393.9941090559587)
[2024-10-11 01:20:37,839][flwr][INFO] - configure_evaluate: strategy sampled 2 clients (out of 50)
[2024-10-11 01:20:39,033][flwr][INFO] - aggregate_evaluate: received 2 results and 0 failures
[2024-10-11 01:20:39,033][flwr][INFO] - 
[2024-10-11 01:20:39,033][flwr][INFO] - [ROUND 62]
[2024-10-11 01:20:39,033][flwr][INFO] - configure_fit: strategy sampled 5 clients (out of 50)
[2024-10-11 01:20:50,965][flwr][INFO] - aggregate_fit: received 5 results and 0 failures
[2024-10-11 01:20:59,597][flwr][INFO] - fit progress: (62, 135.1902225613594, {'accuracy': 0.7091493715287928}, 1415.7521944409236)
[2024-10-11 01:20:59,597][flwr][INFO] - configure_evaluate: strategy sampled 2 clients (out of 50)
[2024-10-11 01:21:00,781][flwr][INFO] - aggregate_evaluate: received 2 results and 0 failures
[2024-10-11 01:21:00,782][flwr][INFO] - 
[2024-10-11 01:21:00,782][flwr][INFO] - [ROUND 63]
[2024-10-11 01:21:00,782][flwr][INFO] - configure_fit: strategy sampled 5 clients (out of 50)
[2024-10-11 01:21:15,279][flwr][INFO] - aggregate_fit: received 5 results and 0 failures
[2024-10-11 01:21:24,010][flwr][INFO] - fit progress: (63, 159.85847389698029, {'accuracy': 0.6004092370651856}, 1440.1651602387428)
[2024-10-11 01:21:24,010][flwr][INFO] - configure_evaluate: strategy sampled 2 clients (out of 50)
[2024-10-11 01:21:25,172][flwr][INFO] - aggregate_evaluate: received 2 results and 0 failures
[2024-10-11 01:21:25,172][flwr][INFO] - 
[2024-10-11 01:21:25,172][flwr][INFO] - [ROUND 64]
[2024-10-11 01:21:25,172][flwr][INFO] - configure_fit: strategy sampled 5 clients (out of 50)
[2024-10-11 01:21:36,683][flwr][INFO] - aggregate_fit: received 5 results and 0 failures
[2024-10-11 01:21:45,361][flwr][INFO] - fit progress: (64, 124.5318552851677, {'accuracy': 0.681964337912891}, 1461.516285635531)
[2024-10-11 01:21:45,361][flwr][INFO] - configure_evaluate: strategy sampled 2 clients (out of 50)
[2024-10-11 01:21:46,752][flwr][INFO] - aggregate_evaluate: received 2 results and 0 failures
[2024-10-11 01:21:46,753][flwr][INFO] - 
[2024-10-11 01:21:46,753][flwr][INFO] - [ROUND 65]
[2024-10-11 01:21:46,753][flwr][INFO] - configure_fit: strategy sampled 5 clients (out of 50)
[2024-10-11 01:21:55,795][flwr][INFO] - aggregate_fit: received 5 results and 0 failures
[2024-10-11 01:22:04,470][flwr][INFO] - fit progress: (65, 130.5280675292015, {'accuracy': 0.6489330605086232}, 1480.6249872073531)
[2024-10-11 01:22:04,470][flwr][INFO] - configure_evaluate: strategy sampled 2 clients (out of 50)
[2024-10-11 01:22:05,573][flwr][INFO] - aggregate_evaluate: received 2 results and 0 failures
[2024-10-11 01:22:05,573][flwr][INFO] - 
[2024-10-11 01:22:05,573][flwr][INFO] - [ROUND 66]
[2024-10-11 01:22:05,574][flwr][INFO] - configure_fit: strategy sampled 5 clients (out of 50)
[2024-10-11 01:22:17,523][flwr][INFO] - aggregate_fit: received 5 results and 0 failures
[2024-10-11 01:22:26,288][flwr][INFO] - fit progress: (66, 113.50072062015533, {'accuracy': 0.6980415083308974}, 1502.442751868628)
[2024-10-11 01:22:26,288][flwr][INFO] - configure_evaluate: strategy sampled 2 clients (out of 50)
[2024-10-11 01:22:27,510][flwr][INFO] - aggregate_evaluate: received 2 results and 0 failures
[2024-10-11 01:22:27,510][flwr][INFO] - 
[2024-10-11 01:22:27,510][flwr][INFO] - [ROUND 67]
[2024-10-11 01:22:27,511][flwr][INFO] - configure_fit: strategy sampled 5 clients (out of 50)
[2024-10-11 01:22:41,436][flwr][INFO] - aggregate_fit: received 5 results and 0 failures
[2024-10-11 01:22:50,620][flwr][INFO] - fit progress: (67, 120.97197830677032, {'accuracy': 0.6752411575562701}, 1526.7752318251878)
[2024-10-11 01:22:50,620][flwr][INFO] - configure_evaluate: strategy sampled 2 clients (out of 50)
[2024-10-11 01:22:51,982][flwr][INFO] - aggregate_evaluate: received 2 results and 0 failures
[2024-10-11 01:22:51,983][flwr][INFO] - 
[2024-10-11 01:22:51,983][flwr][INFO] - [ROUND 68]
[2024-10-11 01:22:51,983][flwr][INFO] - configure_fit: strategy sampled 5 clients (out of 50)
[2024-10-11 01:23:07,117][flwr][INFO] - aggregate_fit: received 5 results and 0 failures
[2024-10-11 01:23:15,828][flwr][INFO] - fit progress: (68, 108.28332555294037, {'accuracy': 0.7471499561531716}, 1551.9829315943643)
[2024-10-11 01:23:15,828][flwr][INFO] - configure_evaluate: strategy sampled 2 clients (out of 50)
[2024-10-11 01:23:17,067][flwr][INFO] - aggregate_evaluate: received 2 results and 0 failures
[2024-10-11 01:23:17,067][flwr][INFO] - 
[2024-10-11 01:23:17,067][flwr][INFO] - [ROUND 69]
[2024-10-11 01:23:17,067][flwr][INFO] - configure_fit: strategy sampled 5 clients (out of 50)
[2024-10-11 01:23:35,480][flwr][INFO] - aggregate_fit: received 5 results and 0 failures
[2024-10-11 01:23:44,077][flwr][INFO] - fit progress: (69, 131.16596871614456, {'accuracy': 0.681964337912891}, 1580.2318317517638)
[2024-10-11 01:23:44,077][flwr][INFO] - configure_evaluate: strategy sampled 2 clients (out of 50)
[2024-10-11 01:23:45,914][flwr][INFO] - aggregate_evaluate: received 2 results and 0 failures
[2024-10-11 01:23:45,914][flwr][INFO] - 
[2024-10-11 01:23:45,914][flwr][INFO] - [ROUND 70]
[2024-10-11 01:23:45,914][flwr][INFO] - configure_fit: strategy sampled 5 clients (out of 50)
[2024-10-11 01:23:59,081][flwr][INFO] - aggregate_fit: received 5 results and 0 failures
[2024-10-11 01:24:07,727][flwr][INFO] - fit progress: (70, 119.98008984327316, {'accuracy': 0.7018415667933353}, 1603.882458852604)
[2024-10-11 01:24:07,728][flwr][INFO] - configure_evaluate: strategy sampled 2 clients (out of 50)
[2024-10-11 01:24:08,963][flwr][INFO] - aggregate_evaluate: received 2 results and 0 failures
[2024-10-11 01:24:08,964][flwr][INFO] - 
[2024-10-11 01:24:08,964][flwr][INFO] - [ROUND 71]
[2024-10-11 01:24:08,964][flwr][INFO] - configure_fit: strategy sampled 5 clients (out of 50)
[2024-10-11 01:24:19,914][flwr][INFO] - aggregate_fit: received 5 results and 0 failures
[2024-10-11 01:24:28,590][flwr][INFO] - fit progress: (71, 134.54952085018158, {'accuracy': 0.6503946214557147}, 1624.7447052709758)
[2024-10-11 01:24:28,590][flwr][INFO] - configure_evaluate: strategy sampled 2 clients (out of 50)
[2024-10-11 01:24:29,830][flwr][INFO] - aggregate_evaluate: received 2 results and 0 failures
[2024-10-11 01:24:29,830][flwr][INFO] - 
[2024-10-11 01:24:29,830][flwr][INFO] - [ROUND 72]
[2024-10-11 01:24:29,830][flwr][INFO] - configure_fit: strategy sampled 5 clients (out of 50)
[2024-10-11 01:24:45,957][flwr][INFO] - aggregate_fit: received 5 results and 0 failures
[2024-10-11 01:24:54,641][flwr][INFO] - fit progress: (72, 122.51229870319366, {'accuracy': 0.6886875182695118}, 1650.7966128969565)
[2024-10-11 01:24:54,642][flwr][INFO] - configure_evaluate: strategy sampled 2 clients (out of 50)
[2024-10-11 01:24:55,699][flwr][INFO] - aggregate_evaluate: received 2 results and 0 failures
[2024-10-11 01:24:55,699][flwr][INFO] - 
[2024-10-11 01:24:55,700][flwr][INFO] - [ROUND 73]
[2024-10-11 01:24:55,700][flwr][INFO] - configure_fit: strategy sampled 5 clients (out of 50)
[2024-10-11 01:25:07,521][flwr][INFO] - aggregate_fit: received 5 results and 0 failures
[2024-10-11 01:25:16,269][flwr][INFO] - fit progress: (73, 114.95286786556244, {'accuracy': 0.6828412744811458}, 1672.4246841380373)
[2024-10-11 01:25:16,270][flwr][INFO] - configure_evaluate: strategy sampled 2 clients (out of 50)
[2024-10-11 01:25:17,315][flwr][INFO] - aggregate_evaluate: received 2 results and 0 failures
[2024-10-11 01:25:17,316][flwr][INFO] - 
[2024-10-11 01:25:17,316][flwr][INFO] - [ROUND 74]
[2024-10-11 01:25:17,316][flwr][INFO] - configure_fit: strategy sampled 5 clients (out of 50)
[2024-10-11 01:25:29,962][flwr][INFO] - aggregate_fit: received 5 results and 0 failures
[2024-10-11 01:25:38,686][flwr][INFO] - fit progress: (74, 139.48541742563248, {'accuracy': 0.6167787196726103}, 1694.8408083403483)
[2024-10-11 01:25:38,686][flwr][INFO] - configure_evaluate: strategy sampled 2 clients (out of 50)
[2024-10-11 01:25:40,204][flwr][INFO] - aggregate_evaluate: received 2 results and 0 failures
[2024-10-11 01:25:40,205][flwr][INFO] - 
[2024-10-11 01:25:40,205][flwr][INFO] - [ROUND 75]
[2024-10-11 01:25:40,205][flwr][INFO] - configure_fit: strategy sampled 5 clients (out of 50)
[2024-10-11 01:25:54,230][flwr][INFO] - aggregate_fit: received 5 results and 0 failures
[2024-10-11 01:26:02,882][flwr][INFO] - fit progress: (75, 133.19953083992004, {'accuracy': 0.6305173925752704}, 1719.0371087118983)
[2024-10-11 01:26:02,882][flwr][INFO] - configure_evaluate: strategy sampled 2 clients (out of 50)
[2024-10-11 01:26:03,926][flwr][INFO] - aggregate_evaluate: received 2 results and 0 failures
[2024-10-11 01:26:03,926][flwr][INFO] - 
[2024-10-11 01:26:03,926][flwr][INFO] - [ROUND 76]
[2024-10-11 01:26:03,926][flwr][INFO] - configure_fit: strategy sampled 5 clients (out of 50)
[2024-10-11 01:26:18,047][flwr][INFO] - aggregate_fit: received 5 results and 0 failures
[2024-10-11 01:26:26,765][flwr][INFO] - fit progress: (76, 135.54738342761993, {'accuracy': 0.617363344051447}, 1742.920147904195)
[2024-10-11 01:26:26,765][flwr][INFO] - configure_evaluate: strategy sampled 2 clients (out of 50)
[2024-10-11 01:26:27,937][flwr][INFO] - aggregate_evaluate: received 2 results and 0 failures
[2024-10-11 01:26:27,937][flwr][INFO] - 
[2024-10-11 01:26:27,938][flwr][INFO] - [ROUND 77]
[2024-10-11 01:26:27,938][flwr][INFO] - configure_fit: strategy sampled 5 clients (out of 50)
[2024-10-11 01:26:39,795][flwr][INFO] - aggregate_fit: received 5 results and 0 failures
[2024-10-11 01:26:48,559][flwr][INFO] - fit progress: (77, 143.41811227798462, {'accuracy': 0.5477930429698918}, 1764.7146889707074)
[2024-10-11 01:26:48,560][flwr][INFO] - configure_evaluate: strategy sampled 2 clients (out of 50)
[2024-10-11 01:26:49,932][flwr][INFO] - aggregate_evaluate: received 2 results and 0 failures
[2024-10-11 01:26:49,932][flwr][INFO] - 
[2024-10-11 01:26:49,932][flwr][INFO] - [ROUND 78]
[2024-10-11 01:26:49,932][flwr][INFO] - configure_fit: strategy sampled 5 clients (out of 50)
[2024-10-11 01:27:04,144][flwr][INFO] - aggregate_fit: received 5 results and 0 failures
[2024-10-11 01:27:12,916][flwr][INFO] - fit progress: (78, 110.50134336948395, {'accuracy': 0.7009646302250804}, 1789.0712174484506)
[2024-10-11 01:27:12,917][flwr][INFO] - configure_evaluate: strategy sampled 2 clients (out of 50)
[2024-10-11 01:27:14,152][flwr][INFO] - aggregate_evaluate: received 2 results and 0 failures
[2024-10-11 01:27:14,152][flwr][INFO] - 
[2024-10-11 01:27:14,152][flwr][INFO] - [ROUND 79]
[2024-10-11 01:27:14,152][flwr][INFO] - configure_fit: strategy sampled 5 clients (out of 50)
[2024-10-11 01:27:26,849][flwr][INFO] - aggregate_fit: received 5 results and 0 failures
[2024-10-11 01:27:35,523][flwr][INFO] - fit progress: (79, 98.57387632131577, {'accuracy': 0.7401344636071324}, 1811.6782879112288)
[2024-10-11 01:27:35,523][flwr][INFO] - configure_evaluate: strategy sampled 2 clients (out of 50)
[2024-10-11 01:27:36,609][flwr][INFO] - aggregate_evaluate: received 2 results and 0 failures
[2024-10-11 01:27:36,610][flwr][INFO] - 
[2024-10-11 01:27:36,610][flwr][INFO] - [ROUND 80]
[2024-10-11 01:27:36,610][flwr][INFO] - configure_fit: strategy sampled 5 clients (out of 50)
[2024-10-11 01:27:50,595][flwr][INFO] - aggregate_fit: received 5 results and 0 failures
[2024-10-11 01:27:59,293][flwr][INFO] - fit progress: (80, 116.31098157167435, {'accuracy': 0.7316574101140018}, 1835.4485228471458)
[2024-10-11 01:27:59,294][flwr][INFO] - configure_evaluate: strategy sampled 2 clients (out of 50)
[2024-10-11 01:28:00,390][flwr][INFO] - aggregate_evaluate: received 2 results and 0 failures
[2024-10-11 01:28:00,390][flwr][INFO] - 
[2024-10-11 01:28:00,390][flwr][INFO] - [ROUND 81]
[2024-10-11 01:28:00,391][flwr][INFO] - configure_fit: strategy sampled 5 clients (out of 50)
[2024-10-11 01:28:14,126][flwr][INFO] - aggregate_fit: received 5 results and 0 failures
[2024-10-11 01:28:23,687][flwr][INFO] - fit progress: (81, 104.86225497722626, {'accuracy': 0.7278573516515638}, 1859.8422142835334)
[2024-10-11 01:28:23,687][flwr][INFO] - configure_evaluate: strategy sampled 2 clients (out of 50)
[2024-10-11 01:28:24,814][flwr][INFO] - aggregate_evaluate: received 2 results and 0 failures
[2024-10-11 01:28:24,814][flwr][INFO] - 
[2024-10-11 01:28:24,815][flwr][INFO] - [ROUND 82]
[2024-10-11 01:28:24,815][flwr][INFO] - configure_fit: strategy sampled 5 clients (out of 50)
[2024-10-11 01:28:34,685][flwr][INFO] - aggregate_fit: received 5 results and 0 failures
[2024-10-11 01:28:43,568][flwr][INFO] - fit progress: (82, 122.71805787086487, {'accuracy': 0.6655948553054662}, 1879.7235926948488)
[2024-10-11 01:28:43,569][flwr][INFO] - configure_evaluate: strategy sampled 2 clients (out of 50)
[2024-10-11 01:28:44,797][flwr][INFO] - aggregate_evaluate: received 2 results and 0 failures
[2024-10-11 01:28:44,797][flwr][INFO] - 
[2024-10-11 01:28:44,797][flwr][INFO] - [ROUND 83]
[2024-10-11 01:28:44,797][flwr][INFO] - configure_fit: strategy sampled 5 clients (out of 50)
[2024-10-11 01:28:57,196][flwr][INFO] - aggregate_fit: received 5 results and 0 failures
[2024-10-11 01:29:05,917][flwr][INFO] - fit progress: (83, 112.1280488371849, {'accuracy': 0.7433498976907337}, 1902.0718684755266)
[2024-10-11 01:29:05,917][flwr][INFO] - configure_evaluate: strategy sampled 2 clients (out of 50)
[2024-10-11 01:29:07,132][flwr][INFO] - aggregate_evaluate: received 2 results and 0 failures
[2024-10-11 01:29:07,133][flwr][INFO] - 
[2024-10-11 01:29:07,133][flwr][INFO] - [ROUND 84]
[2024-10-11 01:29:07,133][flwr][INFO] - configure_fit: strategy sampled 5 clients (out of 50)
[2024-10-11 01:29:19,645][flwr][INFO] - aggregate_fit: received 5 results and 0 failures
[2024-10-11 01:29:28,349][flwr][INFO] - fit progress: (84, 108.40797609090805, {'accuracy': 0.6775796550716164}, 1924.5041645281017)
[2024-10-11 01:29:28,349][flwr][INFO] - configure_evaluate: strategy sampled 2 clients (out of 50)
[2024-10-11 01:29:29,617][flwr][INFO] - aggregate_evaluate: received 2 results and 0 failures
[2024-10-11 01:29:29,617][flwr][INFO] - 
[2024-10-11 01:29:29,618][flwr][INFO] - [ROUND 85]
[2024-10-11 01:29:29,618][flwr][INFO] - configure_fit: strategy sampled 5 clients (out of 50)
[2024-10-11 01:29:38,921][flwr][INFO] - aggregate_fit: received 5 results and 0 failures
[2024-10-11 01:29:48,494][flwr][INFO] - fit progress: (85, 114.0528056025505, {'accuracy': 0.6787489038292897}, 1944.6491879597306)
[2024-10-11 01:29:48,494][flwr][INFO] - configure_evaluate: strategy sampled 2 clients (out of 50)
[2024-10-11 01:29:49,602][flwr][INFO] - aggregate_evaluate: received 2 results and 0 failures
[2024-10-11 01:29:49,602][flwr][INFO] - 
[2024-10-11 01:29:49,602][flwr][INFO] - [ROUND 86]
[2024-10-11 01:29:49,602][flwr][INFO] - configure_fit: strategy sampled 5 clients (out of 50)
[2024-10-11 01:29:59,941][flwr][INFO] - aggregate_fit: received 5 results and 0 failures
[2024-10-11 01:30:08,672][flwr][INFO] - fit progress: (86, 109.53844320774078, {'accuracy': 0.6974568839520608}, 1964.8268092107028)
[2024-10-11 01:30:08,672][flwr][INFO] - configure_evaluate: strategy sampled 2 clients (out of 50)
[2024-10-11 01:30:09,757][flwr][INFO] - aggregate_evaluate: received 2 results and 0 failures
[2024-10-11 01:30:09,757][flwr][INFO] - 
[2024-10-11 01:30:09,757][flwr][INFO] - [ROUND 87]
[2024-10-11 01:30:09,757][flwr][INFO] - configure_fit: strategy sampled 5 clients (out of 50)
[2024-10-11 01:30:24,683][flwr][INFO] - aggregate_fit: received 5 results and 0 failures
[2024-10-11 01:30:33,920][flwr][INFO] - fit progress: (87, 133.09091651439667, {'accuracy': 0.6579947383805904}, 1990.0756360329688)
[2024-10-11 01:30:33,921][flwr][INFO] - configure_evaluate: strategy sampled 2 clients (out of 50)
[2024-10-11 01:30:35,130][flwr][INFO] - aggregate_evaluate: received 2 results and 0 failures
[2024-10-11 01:30:35,131][flwr][INFO] - 
[2024-10-11 01:30:35,131][flwr][INFO] - [ROUND 88]
[2024-10-11 01:30:35,131][flwr][INFO] - configure_fit: strategy sampled 5 clients (out of 50)
[2024-10-11 01:30:48,605][flwr][INFO] - aggregate_fit: received 5 results and 0 failures
[2024-10-11 01:30:57,732][flwr][INFO] - fit progress: (88, 136.3817920088768, {'accuracy': 0.6658871674948845}, 2013.8868725905195)
[2024-10-11 01:30:57,732][flwr][INFO] - configure_evaluate: strategy sampled 2 clients (out of 50)
[2024-10-11 01:30:59,262][flwr][INFO] - aggregate_evaluate: received 2 results and 0 failures
[2024-10-11 01:30:59,263][flwr][INFO] - 
[2024-10-11 01:30:59,263][flwr][INFO] - [ROUND 89]
[2024-10-11 01:30:59,263][flwr][INFO] - configure_fit: strategy sampled 5 clients (out of 50)
[2024-10-11 01:31:10,294][flwr][INFO] - aggregate_fit: received 5 results and 0 failures
[2024-10-11 01:31:18,955][flwr][INFO] - fit progress: (89, 124.32707178592682, {'accuracy': 0.6860567085647471}, 2035.1099608764052)
[2024-10-11 01:31:18,955][flwr][INFO] - configure_evaluate: strategy sampled 2 clients (out of 50)
[2024-10-11 01:31:20,249][flwr][INFO] - aggregate_evaluate: received 2 results and 0 failures
[2024-10-11 01:31:20,250][flwr][INFO] - 
[2024-10-11 01:31:20,250][flwr][INFO] - [ROUND 90]
[2024-10-11 01:31:20,250][flwr][INFO] - configure_fit: strategy sampled 5 clients (out of 50)
[2024-10-11 01:31:33,780][flwr][INFO] - aggregate_fit: received 5 results and 0 failures
[2024-10-11 01:31:42,439][flwr][INFO] - fit progress: (90, 112.88491654396057, {'accuracy': 0.698626132709734}, 2058.5944102527574)
[2024-10-11 01:31:42,439][flwr][INFO] - configure_evaluate: strategy sampled 2 clients (out of 50)
[2024-10-11 01:31:43,782][flwr][INFO] - aggregate_evaluate: received 2 results and 0 failures
[2024-10-11 01:31:43,783][flwr][INFO] - 
[2024-10-11 01:31:43,783][flwr][INFO] - [ROUND 91]
[2024-10-11 01:31:43,783][flwr][INFO] - configure_fit: strategy sampled 5 clients (out of 50)
[2024-10-11 01:31:58,539][flwr][INFO] - aggregate_fit: received 5 results and 0 failures
[2024-10-11 01:32:07,224][flwr][INFO] - fit progress: (91, 120.08872205018997, {'accuracy': 0.7059339374451915}, 2083.3787837121636)
[2024-10-11 01:32:07,224][flwr][INFO] - configure_evaluate: strategy sampled 2 clients (out of 50)
[2024-10-11 01:32:08,396][flwr][INFO] - aggregate_evaluate: received 2 results and 0 failures
[2024-10-11 01:32:08,397][flwr][INFO] - 
[2024-10-11 01:32:08,397][flwr][INFO] - [ROUND 92]
[2024-10-11 01:32:08,397][flwr][INFO] - configure_fit: strategy sampled 5 clients (out of 50)
[2024-10-11 01:32:22,890][flwr][INFO] - aggregate_fit: received 5 results and 0 failures
[2024-10-11 01:32:31,524][flwr][INFO] - fit progress: (92, 114.4703174829483, {'accuracy': 0.6588716749488454}, 2107.679706355557)
[2024-10-11 01:32:31,525][flwr][INFO] - configure_evaluate: strategy sampled 2 clients (out of 50)
[2024-10-11 01:32:32,663][flwr][INFO] - aggregate_evaluate: received 2 results and 0 failures
[2024-10-11 01:32:32,664][flwr][INFO] - 
[2024-10-11 01:32:32,664][flwr][INFO] - [ROUND 93]
[2024-10-11 01:32:32,664][flwr][INFO] - configure_fit: strategy sampled 5 clients (out of 50)
[2024-10-11 01:32:43,912][flwr][INFO] - aggregate_fit: received 5 results and 0 failures
[2024-10-11 01:32:52,738][flwr][INFO] - fit progress: (93, 96.48890399932861, {'accuracy': 0.7418883367436422}, 2128.893455259502)
[2024-10-11 01:32:52,739][flwr][INFO] - configure_evaluate: strategy sampled 2 clients (out of 50)
[2024-10-11 01:32:53,789][flwr][INFO] - aggregate_evaluate: received 2 results and 0 failures
[2024-10-11 01:32:53,789][flwr][INFO] - 
[2024-10-11 01:32:53,789][flwr][INFO] - [ROUND 94]
[2024-10-11 01:32:53,789][flwr][INFO] - configure_fit: strategy sampled 5 clients (out of 50)
[2024-10-11 01:33:04,056][flwr][INFO] - aggregate_fit: received 5 results and 0 failures
[2024-10-11 01:33:12,892][flwr][INFO] - fit progress: (94, 102.49103200435638, {'accuracy': 0.740719087985969}, 2149.0477047543973)
[2024-10-11 01:33:12,893][flwr][INFO] - configure_evaluate: strategy sampled 2 clients (out of 50)
[2024-10-11 01:33:14,128][flwr][INFO] - aggregate_evaluate: received 2 results and 0 failures
[2024-10-11 01:33:14,129][flwr][INFO] - 
[2024-10-11 01:33:14,129][flwr][INFO] - [ROUND 95]
[2024-10-11 01:33:14,129][flwr][INFO] - configure_fit: strategy sampled 5 clients (out of 50)
[2024-10-11 01:33:24,645][flwr][INFO] - aggregate_fit: received 5 results and 0 failures
[2024-10-11 01:33:33,488][flwr][INFO] - fit progress: (95, 111.70581984519958, {'accuracy': 0.6942414498684595}, 2169.643369545229)
[2024-10-11 01:33:33,488][flwr][INFO] - configure_evaluate: strategy sampled 2 clients (out of 50)
[2024-10-11 01:33:34,637][flwr][INFO] - aggregate_evaluate: received 2 results and 0 failures
[2024-10-11 01:33:34,638][flwr][INFO] - 
[2024-10-11 01:33:34,638][flwr][INFO] - [ROUND 96]
[2024-10-11 01:33:34,638][flwr][INFO] - configure_fit: strategy sampled 5 clients (out of 50)
[2024-10-11 01:33:47,887][flwr][INFO] - aggregate_fit: received 5 results and 0 failures
[2024-10-11 01:33:56,544][flwr][INFO] - fit progress: (96, 106.36044520139694, {'accuracy': 0.7149956153171587}, 2192.6990207303315)
[2024-10-11 01:33:56,544][flwr][INFO] - configure_evaluate: strategy sampled 2 clients (out of 50)
[2024-10-11 01:33:57,707][flwr][INFO] - aggregate_evaluate: received 2 results and 0 failures
[2024-10-11 01:33:57,707][flwr][INFO] - 
[2024-10-11 01:33:57,707][flwr][INFO] - [ROUND 97]
[2024-10-11 01:33:57,708][flwr][INFO] - configure_fit: strategy sampled 5 clients (out of 50)
[2024-10-11 01:34:07,002][flwr][INFO] - aggregate_fit: received 5 results and 0 failures
[2024-10-11 01:34:15,647][flwr][INFO] - fit progress: (97, 122.06736725568771, {'accuracy': 0.6524408067816428}, 2211.8023613104597)
[2024-10-11 01:34:15,647][flwr][INFO] - configure_evaluate: strategy sampled 2 clients (out of 50)
[2024-10-11 01:34:16,708][flwr][INFO] - aggregate_evaluate: received 2 results and 0 failures
[2024-10-11 01:34:16,708][flwr][INFO] - 
[2024-10-11 01:34:16,708][flwr][INFO] - [ROUND 98]
[2024-10-11 01:34:16,708][flwr][INFO] - configure_fit: strategy sampled 5 clients (out of 50)
[2024-10-11 01:34:29,691][flwr][INFO] - aggregate_fit: received 5 results and 0 failures
[2024-10-11 01:34:38,393][flwr][INFO] - fit progress: (98, 149.1813982129097, {'accuracy': 0.5325928091201403}, 2234.547846651636)
[2024-10-11 01:34:38,393][flwr][INFO] - configure_evaluate: strategy sampled 2 clients (out of 50)
[2024-10-11 01:34:39,620][flwr][INFO] - aggregate_evaluate: received 2 results and 0 failures
[2024-10-11 01:34:39,620][flwr][INFO] - 
[2024-10-11 01:34:39,620][flwr][INFO] - [ROUND 99]
[2024-10-11 01:34:39,620][flwr][INFO] - configure_fit: strategy sampled 5 clients (out of 50)
[2024-10-11 01:34:52,897][flwr][INFO] - aggregate_fit: received 5 results and 0 failures
[2024-10-11 01:35:01,555][flwr][INFO] - fit progress: (99, 121.88126963376999, {'accuracy': 0.7468576439637533}, 2257.710038686171)
[2024-10-11 01:35:01,555][flwr][INFO] - configure_evaluate: strategy sampled 2 clients (out of 50)
[2024-10-11 01:35:02,780][flwr][INFO] - aggregate_evaluate: received 2 results and 0 failures
[2024-10-11 01:35:02,780][flwr][INFO] - 
[2024-10-11 01:35:02,780][flwr][INFO] - [ROUND 100]
[2024-10-11 01:35:02,781][flwr][INFO] - configure_fit: strategy sampled 5 clients (out of 50)
[2024-10-11 01:35:15,805][flwr][INFO] - aggregate_fit: received 5 results and 0 failures
[2024-10-11 01:35:24,431][flwr][INFO] - fit progress: (100, 138.0849867463112, {'accuracy': 0.6179479684302835}, 2280.586561578326)
[2024-10-11 01:35:24,432][flwr][INFO] - configure_evaluate: strategy sampled 2 clients (out of 50)
[2024-10-11 01:35:25,767][flwr][INFO] - aggregate_evaluate: received 2 results and 0 failures
[2024-10-11 01:35:25,769][flwr][INFO] - 
[2024-10-11 01:35:25,769][flwr][INFO] - [SUMMARY]
[2024-10-11 01:35:25,769][flwr][INFO] - Run finished 100 round(s) in 2281.92s
[2024-10-11 01:35:25,772][flwr][INFO] - 	History (loss, distributed):
[2024-10-11 01:35:25,772][flwr][INFO] - 		round 1: 2.372449923784305
[2024-10-11 01:35:25,772][flwr][INFO] - 		round 2: 2.0696474466568384
[2024-10-11 01:35:25,773][flwr][INFO] - 		round 3: 2.257735802577092
[2024-10-11 01:35:25,773][flwr][INFO] - 		round 4: 2.1346589651974766
[2024-10-11 01:35:25,773][flwr][INFO] - 		round 5: 2.2181522846221924
[2024-10-11 01:35:25,773][flwr][INFO] - 		round 6: 1.4253650625546774
[2024-10-11 01:35:25,773][flwr][INFO] - 		round 7: 2.1044450174678455
[2024-10-11 01:35:25,773][flwr][INFO] - 		round 8: 2.929610234498978
[2024-10-11 01:35:25,773][flwr][INFO] - 		round 9: 2.17030529643214
[2024-10-11 01:35:25,773][flwr][INFO] - 		round 10: 3.361149971301739
[2024-10-11 01:35:25,773][flwr][INFO] - 		round 11: 2.0254694011476304
[2024-10-11 01:35:25,773][flwr][INFO] - 		round 12: 2.2138778023097827
[2024-10-11 01:35:25,773][flwr][INFO] - 		round 13: 1.3425534480022934
[2024-10-11 01:35:25,773][flwr][INFO] - 		round 14: 1.5831141500245958
[2024-10-11 01:35:25,773][flwr][INFO] - 		round 15: 1.4265456878221952
[2024-10-11 01:35:25,773][flwr][INFO] - 		round 16: 1.6897929310798645
[2024-10-11 01:35:25,773][flwr][INFO] - 		round 17: 1.8429004342056985
[2024-10-11 01:35:25,773][flwr][INFO] - 		round 18: 1.3666791053528482
[2024-10-11 01:35:25,773][flwr][INFO] - 		round 19: 1.8269904074461565
[2024-10-11 01:35:25,773][flwr][INFO] - 		round 20: 1.1589214139514499
[2024-10-11 01:35:25,774][flwr][INFO] - 		round 21: 1.7463395124257997
[2024-10-11 01:35:25,774][flwr][INFO] - 		round 22: 1.4931971306024596
[2024-10-11 01:35:25,774][flwr][INFO] - 		round 23: 1.5878857263812312
[2024-10-11 01:35:25,774][flwr][INFO] - 		round 24: 1.99628799756368
[2024-10-11 01:35:25,774][flwr][INFO] - 		round 25: 1.5569635738026013
[2024-10-11 01:35:25,774][flwr][INFO] - 		round 26: 1.8184269284302335
[2024-10-11 01:35:25,774][flwr][INFO] - 		round 27: 1.1950251349696406
[2024-10-11 01:35:25,774][flwr][INFO] - 		round 28: 1.3256746035701823
[2024-10-11 01:35:25,774][flwr][INFO] - 		round 29: 1.6431289872185129
[2024-10-11 01:35:25,774][flwr][INFO] - 		round 30: 1.518557886282603
[2024-10-11 01:35:25,774][flwr][INFO] - 		round 31: 2.5039614146610476
[2024-10-11 01:35:25,774][flwr][INFO] - 		round 32: 1.1100196719169617
[2024-10-11 01:35:25,774][flwr][INFO] - 		round 33: 1.12226864976703
[2024-10-11 01:35:25,774][flwr][INFO] - 		round 34: 0.929658156633377
[2024-10-11 01:35:25,774][flwr][INFO] - 		round 35: 1.4776650326592582
[2024-10-11 01:35:25,774][flwr][INFO] - 		round 36: 1.3546099322182792
[2024-10-11 01:35:25,774][flwr][INFO] - 		round 37: 1.104130248228709
[2024-10-11 01:35:25,774][flwr][INFO] - 		round 38: 1.3595360409129749
[2024-10-11 01:35:25,774][flwr][INFO] - 		round 39: 1.0182955679246934
[2024-10-11 01:35:25,775][flwr][INFO] - 		round 40: 1.3281585002432064
[2024-10-11 01:35:25,775][flwr][INFO] - 		round 41: 1.3728616049415188
[2024-10-11 01:35:25,775][flwr][INFO] - 		round 42: 1.393892079591751
[2024-10-11 01:35:25,775][flwr][INFO] - 		round 43: 0.9578659970026749
[2024-10-11 01:35:25,775][flwr][INFO] - 		round 44: 1.4250959943641315
[2024-10-11 01:35:25,775][flwr][INFO] - 		round 45: 1.866516351699829
[2024-10-11 01:35:25,775][flwr][INFO] - 		round 46: 1.5000100294748941
[2024-10-11 01:35:25,775][flwr][INFO] - 		round 47: 1.166890192914892
[2024-10-11 01:35:25,775][flwr][INFO] - 		round 48: 0.8765643008293644
[2024-10-11 01:35:25,775][flwr][INFO] - 		round 49: 2.223117150200738
[2024-10-11 01:35:25,775][flwr][INFO] - 		round 50: 1.31374825269748
[2024-10-11 01:35:25,775][flwr][INFO] - 		round 51: 1.4482731819152832
[2024-10-11 01:35:25,775][flwr][INFO] - 		round 52: 1.5530008055947044
[2024-10-11 01:35:25,775][flwr][INFO] - 		round 53: 1.3955930173397064
[2024-10-11 01:35:25,775][flwr][INFO] - 		round 54: 1.2019087634188064
[2024-10-11 01:35:25,775][flwr][INFO] - 		round 55: 1.828457174093827
[2024-10-11 01:35:25,775][flwr][INFO] - 		round 56: 1.1547586427015417
[2024-10-11 01:35:25,775][flwr][INFO] - 		round 57: 1.0126019318898518
[2024-10-11 01:35:25,775][flwr][INFO] - 		round 58: 1.2718136539826026
[2024-10-11 01:35:25,775][flwr][INFO] - 		round 59: 1.4664272232489153
[2024-10-11 01:35:25,776][flwr][INFO] - 		round 60: 1.0246710613662122
[2024-10-11 01:35:25,776][flwr][INFO] - 		round 61: 0.9444635042957231
[2024-10-11 01:35:25,776][flwr][INFO] - 		round 62: 0.880412312976101
[2024-10-11 01:35:25,776][flwr][INFO] - 		round 63: 1.0953588433432997
[2024-10-11 01:35:25,776][flwr][INFO] - 		round 64: 2.999395430088043
[2024-10-11 01:35:25,776][flwr][INFO] - 		round 65: 3.2750488183437247
[2024-10-11 01:35:25,776][flwr][INFO] - 		round 66: 1.1853905220826466
[2024-10-11 01:35:25,776][flwr][INFO] - 		round 67: 0.9805043482780457
[2024-10-11 01:35:25,776][flwr][INFO] - 		round 68: 1.0345524909884432
[2024-10-11 01:35:25,776][flwr][INFO] - 		round 69: 0.485331690500653
[2024-10-11 01:35:25,776][flwr][INFO] - 		round 70: 0.9839175045490265
[2024-10-11 01:35:25,776][flwr][INFO] - 		round 71: 3.1104382454080786
[2024-10-11 01:35:25,776][flwr][INFO] - 		round 72: 1.1369608197101326
[2024-10-11 01:35:25,776][flwr][INFO] - 		round 73: 1.4288502606478604
[2024-10-11 01:35:25,776][flwr][INFO] - 		round 74: 0.940078562268844
[2024-10-11 01:35:25,776][flwr][INFO] - 		round 75: 2.0664167348728624
[2024-10-11 01:35:25,776][flwr][INFO] - 		round 76: 1.4418293635050456
[2024-10-11 01:35:25,776][flwr][INFO] - 		round 77: 1.6247811913490295
[2024-10-11 01:35:25,776][flwr][INFO] - 		round 78: 1.1645586592085817
[2024-10-11 01:35:25,777][flwr][INFO] - 		round 79: 0.709175323953434
[2024-10-11 01:35:25,777][flwr][INFO] - 		round 80: 1.0141083812713623
[2024-10-11 01:35:25,777][flwr][INFO] - 		round 81: 0.9101869727556522
[2024-10-11 01:35:25,777][flwr][INFO] - 		round 82: 0.620163471058563
[2024-10-11 01:35:25,777][flwr][INFO] - 		round 83: 1.0378069335764104
[2024-10-11 01:35:25,777][flwr][INFO] - 		round 84: 1.1503736522462633
[2024-10-11 01:35:25,777][flwr][INFO] - 		round 85: 1.6810186246167058
[2024-10-11 01:35:25,777][flwr][INFO] - 		round 86: 0.966754083937787
[2024-10-11 01:35:25,777][flwr][INFO] - 		round 87: 1.0012592918732588
[2024-10-11 01:35:25,777][flwr][INFO] - 		round 88: 1.3754974409025542
[2024-10-11 01:35:25,777][flwr][INFO] - 		round 89: 0.823252225821873
[2024-10-11 01:35:25,777][flwr][INFO] - 		round 90: 0.9247996035744163
[2024-10-11 01:35:25,777][flwr][INFO] - 		round 91: 1.3610927036830358
[2024-10-11 01:35:25,777][flwr][INFO] - 		round 92: 0.9112115960854751
[2024-10-11 01:35:25,777][flwr][INFO] - 		round 93: 0.9512234684583303
[2024-10-11 01:35:25,777][flwr][INFO] - 		round 94: 0.8631035356686033
[2024-10-11 01:35:25,777][flwr][INFO] - 		round 95: 1.1017594068281111
[2024-10-11 01:35:25,777][flwr][INFO] - 		round 96: 1.1883016131140969
[2024-10-11 01:35:25,777][flwr][INFO] - 		round 97: 0.5561118423938751
[2024-10-11 01:35:25,777][flwr][INFO] - 		round 98: 0.9640210404687998
[2024-10-11 01:35:25,778][flwr][INFO] - 		round 99: 0.8069419449773328
[2024-10-11 01:35:25,778][flwr][INFO] - 		round 100: 1.3119351965315798
[2024-10-11 01:35:25,778][flwr][INFO] - 	History (loss, centralized):
[2024-10-11 01:35:25,778][flwr][INFO] - 		round 0: 228.05683183670044
[2024-10-11 01:35:25,778][flwr][INFO] - 		round 1: 215.07165229320526
[2024-10-11 01:35:25,778][flwr][INFO] - 		round 2: 217.3123881816864
[2024-10-11 01:35:25,778][flwr][INFO] - 		round 3: 218.1540414094925
[2024-10-11 01:35:25,778][flwr][INFO] - 		round 4: 217.83411848545074
[2024-10-11 01:35:25,778][flwr][INFO] - 		round 5: 227.61570024490356
[2024-10-11 01:35:25,778][flwr][INFO] - 		round 6: 213.10502111911774
[2024-10-11 01:35:25,778][flwr][INFO] - 		round 7: 212.0892812013626
[2024-10-11 01:35:25,778][flwr][INFO] - 		round 8: 209.73398661613464
[2024-10-11 01:35:25,778][flwr][INFO] - 		round 9: 209.5665304660797
[2024-10-11 01:35:25,778][flwr][INFO] - 		round 10: 204.36601865291595
[2024-10-11 01:35:25,778][flwr][INFO] - 		round 11: 211.70083665847778
[2024-10-11 01:35:25,778][flwr][INFO] - 		round 12: 188.8401859998703
[2024-10-11 01:35:25,778][flwr][INFO] - 		round 13: 188.50451397895813
[2024-10-11 01:35:25,778][flwr][INFO] - 		round 14: 177.32530391216278
[2024-10-11 01:35:25,778][flwr][INFO] - 		round 15: 164.92262744903564
[2024-10-11 01:35:25,778][flwr][INFO] - 		round 16: 184.7460207939148
[2024-10-11 01:35:25,778][flwr][INFO] - 		round 17: 180.10970187187195
[2024-10-11 01:35:25,778][flwr][INFO] - 		round 18: 154.23242950439453
[2024-10-11 01:35:25,778][flwr][INFO] - 		round 19: 154.57275426387787
[2024-10-11 01:35:25,779][flwr][INFO] - 		round 20: 156.7531362771988
[2024-10-11 01:35:25,779][flwr][INFO] - 		round 21: 171.9524655342102
[2024-10-11 01:35:25,779][flwr][INFO] - 		round 22: 155.67049026489258
[2024-10-11 01:35:25,779][flwr][INFO] - 		round 23: 168.20089423656464
[2024-10-11 01:35:25,779][flwr][INFO] - 		round 24: 170.65760922431946
[2024-10-11 01:35:25,779][flwr][INFO] - 		round 25: 156.82573473453522
[2024-10-11 01:35:25,779][flwr][INFO] - 		round 26: 164.16758573055267
[2024-10-11 01:35:25,779][flwr][INFO] - 		round 27: 148.39730489253998
[2024-10-11 01:35:25,779][flwr][INFO] - 		round 28: 155.15590047836304
[2024-10-11 01:35:25,779][flwr][INFO] - 		round 29: 149.30378198623657
[2024-10-11 01:35:25,779][flwr][INFO] - 		round 30: 129.85775285959244
[2024-10-11 01:35:25,779][flwr][INFO] - 		round 31: 155.9100649356842
[2024-10-11 01:35:25,779][flwr][INFO] - 		round 32: 149.05471551418304
[2024-10-11 01:35:25,779][flwr][INFO] - 		round 33: 172.16895282268524
[2024-10-11 01:35:25,779][flwr][INFO] - 		round 34: 147.73092126846313
[2024-10-11 01:35:25,779][flwr][INFO] - 		round 35: 138.15207356214523
[2024-10-11 01:35:25,779][flwr][INFO] - 		round 36: 124.32137662172318
[2024-10-11 01:35:25,779][flwr][INFO] - 		round 37: 124.77247244119644
[2024-10-11 01:35:25,779][flwr][INFO] - 		round 38: 135.72957307100296
[2024-10-11 01:35:25,779][flwr][INFO] - 		round 39: 137.905031144619
[2024-10-11 01:35:25,779][flwr][INFO] - 		round 40: 145.00266134738922
[2024-10-11 01:35:25,779][flwr][INFO] - 		round 41: 150.25133562088013
[2024-10-11 01:35:25,780][flwr][INFO] - 		round 42: 128.70884251594543
[2024-10-11 01:35:25,780][flwr][INFO] - 		round 43: 144.6909282207489
[2024-10-11 01:35:25,780][flwr][INFO] - 		round 44: 140.7957887649536
[2024-10-11 01:35:25,780][flwr][INFO] - 		round 45: 141.39373314380646
[2024-10-11 01:35:25,780][flwr][INFO] - 		round 46: 144.5667942762375
[2024-10-11 01:35:25,780][flwr][INFO] - 		round 47: 136.33272552490234
[2024-10-11 01:35:25,780][flwr][INFO] - 		round 48: 120.57489907741547
[2024-10-11 01:35:25,780][flwr][INFO] - 		round 49: 136.83448112010956
[2024-10-11 01:35:25,780][flwr][INFO] - 		round 50: 141.83884292840958
[2024-10-11 01:35:25,780][flwr][INFO] - 		round 51: 125.07683277130127
[2024-10-11 01:35:25,780][flwr][INFO] - 		round 52: 134.47671461105347
[2024-10-11 01:35:25,780][flwr][INFO] - 		round 53: 138.73045355081558
[2024-10-11 01:35:25,780][flwr][INFO] - 		round 54: 139.91384291648865
[2024-10-11 01:35:25,780][flwr][INFO] - 		round 55: 127.64227324724197
[2024-10-11 01:35:25,780][flwr][INFO] - 		round 56: 120.22663754224777
[2024-10-11 01:35:25,780][flwr][INFO] - 		round 57: 129.65874350070953
[2024-10-11 01:35:25,780][flwr][INFO] - 		round 58: 114.53572154045105
[2024-10-11 01:35:25,780][flwr][INFO] - 		round 59: 132.30367320775986
[2024-10-11 01:35:25,780][flwr][INFO] - 		round 60: 114.87332993745804
[2024-10-11 01:35:25,780][flwr][INFO] - 		round 61: 117.01642280817032
[2024-10-11 01:35:25,780][flwr][INFO] - 		round 62: 135.1902225613594
[2024-10-11 01:35:25,780][flwr][INFO] - 		round 63: 159.85847389698029
[2024-10-11 01:35:25,781][flwr][INFO] - 		round 64: 124.5318552851677
[2024-10-11 01:35:25,781][flwr][INFO] - 		round 65: 130.5280675292015
[2024-10-11 01:35:25,781][flwr][INFO] - 		round 66: 113.50072062015533
[2024-10-11 01:35:25,781][flwr][INFO] - 		round 67: 120.97197830677032
[2024-10-11 01:35:25,781][flwr][INFO] - 		round 68: 108.28332555294037
[2024-10-11 01:35:25,781][flwr][INFO] - 		round 69: 131.16596871614456
[2024-10-11 01:35:25,781][flwr][INFO] - 		round 70: 119.98008984327316
[2024-10-11 01:35:25,781][flwr][INFO] - 		round 71: 134.54952085018158
[2024-10-11 01:35:25,781][flwr][INFO] - 		round 72: 122.51229870319366
[2024-10-11 01:35:25,781][flwr][INFO] - 		round 73: 114.95286786556244
[2024-10-11 01:35:25,781][flwr][INFO] - 		round 74: 139.48541742563248
[2024-10-11 01:35:25,781][flwr][INFO] - 		round 75: 133.19953083992004
[2024-10-11 01:35:25,781][flwr][INFO] - 		round 76: 135.54738342761993
[2024-10-11 01:35:25,781][flwr][INFO] - 		round 77: 143.41811227798462
[2024-10-11 01:35:25,781][flwr][INFO] - 		round 78: 110.50134336948395
[2024-10-11 01:35:25,781][flwr][INFO] - 		round 79: 98.57387632131577
[2024-10-11 01:35:25,781][flwr][INFO] - 		round 80: 116.31098157167435
[2024-10-11 01:35:25,781][flwr][INFO] - 		round 81: 104.86225497722626
[2024-10-11 01:35:25,781][flwr][INFO] - 		round 82: 122.71805787086487
[2024-10-11 01:35:25,781][flwr][INFO] - 		round 83: 112.1280488371849
[2024-10-11 01:35:25,782][flwr][INFO] - 		round 84: 108.40797609090805
[2024-10-11 01:35:25,782][flwr][INFO] - 		round 85: 114.0528056025505
[2024-10-11 01:35:25,782][flwr][INFO] - 		round 86: 109.53844320774078
[2024-10-11 01:35:25,782][flwr][INFO] - 		round 87: 133.09091651439667
[2024-10-11 01:35:25,782][flwr][INFO] - 		round 88: 136.3817920088768
[2024-10-11 01:35:25,782][flwr][INFO] - 		round 89: 124.32707178592682
[2024-10-11 01:35:25,782][flwr][INFO] - 		round 90: 112.88491654396057
[2024-10-11 01:35:25,782][flwr][INFO] - 		round 91: 120.08872205018997
[2024-10-11 01:35:25,782][flwr][INFO] - 		round 92: 114.4703174829483
[2024-10-11 01:35:25,782][flwr][INFO] - 		round 93: 96.48890399932861
[2024-10-11 01:35:25,782][flwr][INFO] - 		round 94: 102.49103200435638
[2024-10-11 01:35:25,782][flwr][INFO] - 		round 95: 111.70581984519958
[2024-10-11 01:35:25,782][flwr][INFO] - 		round 96: 106.36044520139694
[2024-10-11 01:35:25,782][flwr][INFO] - 		round 97: 122.06736725568771
[2024-10-11 01:35:25,782][flwr][INFO] - 		round 98: 149.1813982129097
[2024-10-11 01:35:25,782][flwr][INFO] - 		round 99: 121.88126963376999
[2024-10-11 01:35:25,782][flwr][INFO] - 		round 100: 138.0849867463112
[2024-10-11 01:35:25,782][flwr][INFO] - 	History (metrics, distributed, evaluate):
[2024-10-11 01:35:25,782][flwr][INFO] - 	{'accuracy': [(1, 0.0),
[2024-10-11 01:35:25,782][flwr][INFO] - 	              (2, 0.1282051282051282),
[2024-10-11 01:35:25,782][flwr][INFO] - 	              (3, 0.07692307692307693),
[2024-10-11 01:35:25,782][flwr][INFO] - 	              (4, 0.0),
[2024-10-11 01:35:25,783][flwr][INFO] - 	              (5, 0.045454545454545456),
[2024-10-11 01:35:25,783][flwr][INFO] - 	              (6, 0.5333333333333333),
[2024-10-11 01:35:25,783][flwr][INFO] - 	              (7, 0.12727272727272726),
[2024-10-11 01:35:25,783][flwr][INFO] - 	              (8, 0.125),
[2024-10-11 01:35:25,783][flwr][INFO] - 	              (9, 0.0),
[2024-10-11 01:35:25,783][flwr][INFO] - 	              (10, 0.0),
[2024-10-11 01:35:25,783][flwr][INFO] - 	              (11, 0.26666666666666666),
[2024-10-11 01:35:25,783][flwr][INFO] - 	              (12, 0.08695652173913043),
[2024-10-11 01:35:25,783][flwr][INFO] - 	              (13, 0.6981132075471698),
[2024-10-11 01:35:25,783][flwr][INFO] - 	              (14, 0.5238095238095238),
[2024-10-11 01:35:25,783][flwr][INFO] - 	              (15, 0.6307692307692307),
[2024-10-11 01:35:25,783][flwr][INFO] - 	              (16, 0.32142857142857145),
[2024-10-11 01:35:25,783][flwr][INFO] - 	              (17, 0.27906976744186046),
[2024-10-11 01:35:25,783][flwr][INFO] - 	              (18, 0.5957446808510638),
[2024-10-11 01:35:25,783][flwr][INFO] - 	              (19, 0.1956521739130435),
[2024-10-11 01:35:25,783][flwr][INFO] - 	              (20, 0.7962962962962963),
[2024-10-11 01:35:25,783][flwr][INFO] - 	              (21, 0.3023255813953488),
[2024-10-11 01:35:25,783][flwr][INFO] - 	              (22, 0.4883720930232558),
[2024-10-11 01:35:25,783][flwr][INFO] - 	              (23, 0.42592592592592593),
[2024-10-11 01:35:25,783][flwr][INFO] - 	              (24, 0.2222222222222222),
[2024-10-11 01:35:25,783][flwr][INFO] - 	              (25, 0.2727272727272727),
[2024-10-11 01:35:25,783][flwr][INFO] - 	              (26, 0.49056603773584906),
[2024-10-11 01:35:25,783][flwr][INFO] - 	              (27, 0.6481481481481481),
[2024-10-11 01:35:25,784][flwr][INFO] - 	              (28, 0.6981132075471698),
[2024-10-11 01:35:25,784][flwr][INFO] - 	              (29, 0.4918032786885246),
[2024-10-11 01:35:25,784][flwr][INFO] - 	              (30, 0.3333333333333333),
[2024-10-11 01:35:25,784][flwr][INFO] - 	              (31, 0.7169811320754716),
[2024-10-11 01:35:25,784][flwr][INFO] - 	              (32, 0.65),
[2024-10-11 01:35:25,784][flwr][INFO] - 	              (33, 0.660377358490566),
[2024-10-11 01:35:25,784][flwr][INFO] - 	              (34, 0.7666666666666667),
[2024-10-11 01:35:25,784][flwr][INFO] - 	              (35, 0.40816326530612246),
[2024-10-11 01:35:25,784][flwr][INFO] - 	              (36, 0.5714285714285714),
[2024-10-11 01:35:25,784][flwr][INFO] - 	              (37, 0.6274509803921569),
[2024-10-11 01:35:25,784][flwr][INFO] - 	              (38, 0.45454545454545453),
[2024-10-11 01:35:25,784][flwr][INFO] - 	              (39, 0.711864406779661),
[2024-10-11 01:35:25,784][flwr][INFO] - 	              (40, 0.5918367346938775),
[2024-10-11 01:35:25,784][flwr][INFO] - 	              (41, 0.5789473684210527),
[2024-10-11 01:35:25,784][flwr][INFO] - 	              (42, 0.5208333333333334),
[2024-10-11 01:35:25,784][flwr][INFO] - 	              (43, 0.7307692307692307),
[2024-10-11 01:35:25,784][flwr][INFO] - 	              (44, 0.4318181818181818),
[2024-10-11 01:35:25,784][flwr][INFO] - 	              (45, 0.25),
[2024-10-11 01:35:25,784][flwr][INFO] - 	              (46, 0.5333333333333333),
[2024-10-11 01:35:25,784][flwr][INFO] - 	              (47, 0.6666666666666666),
[2024-10-11 01:35:25,784][flwr][INFO] - 	              (48, 0.8548387096774194),
[2024-10-11 01:35:25,784][flwr][INFO] - 	              (49, 0.6444444444444445),
[2024-10-11 01:35:25,784][flwr][INFO] - 	              (50, 0.46153846153846156),
[2024-10-11 01:35:25,785][flwr][INFO] - 	              (51, 0.5),
[2024-10-11 01:35:25,785][flwr][INFO] - 	              (52, 0.43636363636363634),
[2024-10-11 01:35:25,785][flwr][INFO] - 	              (53, 0.42105263157894735),
[2024-10-11 01:35:25,785][flwr][INFO] - 	              (54, 0.6595744680851063),
[2024-10-11 01:35:25,785][flwr][INFO] - 	              (55, 0.5869565217391305),
[2024-10-11 01:35:25,785][flwr][INFO] - 	              (56, 0.5882352941176471),
[2024-10-11 01:35:25,785][flwr][INFO] - 	              (57, 0.5555555555555556),
[2024-10-11 01:35:25,785][flwr][INFO] - 	              (58, 0.6923076923076923),
[2024-10-11 01:35:25,785][flwr][INFO] - 	              (59, 0.5681818181818182),
[2024-10-11 01:35:25,785][flwr][INFO] - 	              (60, 0.803921568627451),
[2024-10-11 01:35:25,785][flwr][INFO] - 	              (61, 0.7058823529411765),
[2024-10-11 01:35:25,785][flwr][INFO] - 	              (62, 0.8596491228070176),
[2024-10-11 01:35:25,785][flwr][INFO] - 	              (63, 0.6491228070175439),
[2024-10-11 01:35:25,785][flwr][INFO] - 	              (64, 0.6052631578947368),
[2024-10-11 01:35:25,785][flwr][INFO] - 	              (65, 0.4358974358974359),
[2024-10-11 01:35:25,785][flwr][INFO] - 	              (66, 0.6041666666666666),
[2024-10-11 01:35:25,785][flwr][INFO] - 	              (67, 0.66),
[2024-10-11 01:35:25,785][flwr][INFO] - 	              (68, 0.6744186046511628),
[2024-10-11 01:35:25,785][flwr][INFO] - 	              (69, 0.9047619047619048),
[2024-10-11 01:35:25,785][flwr][INFO] - 	              (70, 0.6923076923076923),
[2024-10-11 01:35:25,785][flwr][INFO] - 	              (71, 0.48936170212765956),
[2024-10-11 01:35:25,785][flwr][INFO] - 	              (72, 0.6511627906976745),
[2024-10-11 01:35:25,785][flwr][INFO] - 	              (73, 0.4318181818181818),
[2024-10-11 01:35:25,786][flwr][INFO] - 	              (74, 0.8269230769230769),
[2024-10-11 01:35:25,786][flwr][INFO] - 	              (75, 0.4883720930232558),
[2024-10-11 01:35:25,786][flwr][INFO] - 	              (76, 0.4444444444444444),
[2024-10-11 01:35:25,786][flwr][INFO] - 	              (77, 0.35),
[2024-10-11 01:35:25,786][flwr][INFO] - 	              (78, 0.5531914893617021),
[2024-10-11 01:35:25,786][flwr][INFO] - 	              (79, 0.8571428571428571),
[2024-10-11 01:35:25,786][flwr][INFO] - 	              (80, 0.62),
[2024-10-11 01:35:25,786][flwr][INFO] - 	              (81, 0.7692307692307693),
[2024-10-11 01:35:25,786][flwr][INFO] - 	              (82, 0.8888888888888888),
[2024-10-11 01:35:25,786][flwr][INFO] - 	              (83, 0.5909090909090909),
[2024-10-11 01:35:25,786][flwr][INFO] - 	              (84, 0.7333333333333333),
[2024-10-11 01:35:25,786][flwr][INFO] - 	              (85, 0.391304347826087),
[2024-10-11 01:35:25,786][flwr][INFO] - 	              (86, 0.851063829787234),
[2024-10-11 01:35:25,786][flwr][INFO] - 	              (87, 0.7647058823529411),
[2024-10-11 01:35:25,786][flwr][INFO] - 	              (88, 0.5918367346938775),
[2024-10-11 01:35:25,786][flwr][INFO] - 	              (89, 0.8113207547169812),
[2024-10-11 01:35:25,786][flwr][INFO] - 	              (90, 0.7058823529411765),
[2024-10-11 01:35:25,786][flwr][INFO] - 	              (91, 0.5238095238095238),
[2024-10-11 01:35:25,786][flwr][INFO] - 	              (92, 0.6153846153846154),
[2024-10-11 01:35:25,786][flwr][INFO] - 	              (93, 0.7837837837837838),
[2024-10-11 01:35:25,786][flwr][INFO] - 	              (94, 0.8448275862068966),
[2024-10-11 01:35:25,786][flwr][INFO] - 	              (95, 0.6935483870967742),
[2024-10-11 01:35:25,786][flwr][INFO] - 	              (96, 0.7454545454545455),
[2024-10-11 01:35:25,787][flwr][INFO] - 	              (97, 0.9473684210526315),
[2024-10-11 01:35:25,787][flwr][INFO] - 	              (98, 0.7346938775510204),
[2024-10-11 01:35:25,787][flwr][INFO] - 	              (99, 0.8103448275862069),
[2024-10-11 01:35:25,787][flwr][INFO] - 	              (100, 0.574468085106383)]}
[2024-10-11 01:35:25,787][flwr][INFO] - 	History (metrics, centralized):
[2024-10-11 01:35:25,787][flwr][INFO] - 	{'accuracy': [(0, 0.0707395498392283),
[2024-10-11 01:35:25,787][flwr][INFO] - 	              (1, 0.19555685472084186),
[2024-10-11 01:35:25,787][flwr][INFO] - 	              (2, 0.2356036246711488),
[2024-10-11 01:35:25,787][flwr][INFO] - 	              (3, 0.2098801520023385),
[2024-10-11 01:35:25,787][flwr][INFO] - 	              (4, 0.20111078631978954),
[2024-10-11 01:35:25,787][flwr][INFO] - 	              (5, 0.2095878398129202),
[2024-10-11 01:35:25,787][flwr][INFO] - 	              (6, 0.26805027769657996),
[2024-10-11 01:35:25,787][flwr][INFO] - 	              (7, 0.29231218941829873),
[2024-10-11 01:35:25,787][flwr][INFO] - 	              (8, 0.31745103770827243),
[2024-10-11 01:35:25,787][flwr][INFO] - 	              (9, 0.29260450160771706),
[2024-10-11 01:35:25,787][flwr][INFO] - 	              (10, 0.3466822566501023),
[2024-10-11 01:35:25,787][flwr][INFO] - 	              (11, 0.31745103770827243),
[2024-10-11 01:35:25,787][flwr][INFO] - 	              (12, 0.377667348728442),
[2024-10-11 01:35:25,787][flwr][INFO] - 	              (13, 0.3706518561824028),
[2024-10-11 01:35:25,787][flwr][INFO] - 	              (14, 0.3911137094416837),
[2024-10-11 01:35:25,787][flwr][INFO] - 	              (15, 0.5001461560947091),
[2024-10-11 01:35:25,787][flwr][INFO] - 	              (16, 0.36217480268927216),
[2024-10-11 01:35:25,788][flwr][INFO] - 	              (17, 0.35983630517392573),
[2024-10-11 01:35:25,788][flwr][INFO] - 	              (18, 0.6100555393159894),
[2024-10-11 01:35:25,788][flwr][INFO] - 	              (19, 0.5206080093539901),
[2024-10-11 01:35:25,788][flwr][INFO] - 	              (20, 0.5796550716164864),
[2024-10-11 01:35:25,788][flwr][INFO] - 	              (21, 0.4644840689856767),
[2024-10-11 01:35:25,788][flwr][INFO] - 	              (22, 0.6018707980122772),
[2024-10-11 01:35:25,788][flwr][INFO] - 	              (23, 0.4612686349020754),
[2024-10-11 01:35:25,788][flwr][INFO] - 	              (24, 0.41479099678456594),
[2024-10-11 01:35:25,788][flwr][INFO] - 	              (25, 0.5761473253434668),
[2024-10-11 01:35:25,788][flwr][INFO] - 	              (26, 0.5285004384682841),
[2024-10-11 01:35:25,788][flwr][INFO] - 	              (27, 0.6065477930429699),
[2024-10-11 01:35:25,788][flwr][INFO] - 	              (28, 0.6211634025138848),
[2024-10-11 01:35:25,788][flwr][INFO] - 	              (29, 0.6106401636948261),
[2024-10-11 01:35:25,788][flwr][INFO] - 	              (30, 0.6749488453668518),
[2024-10-11 01:35:25,788][flwr][INFO] - 	              (31, 0.5808243203741597),
[2024-10-11 01:35:25,788][flwr][INFO] - 	              (32, 0.5182695118386437),
[2024-10-11 01:35:25,788][flwr][INFO] - 	              (33, 0.31248173048816136),
[2024-10-11 01:35:25,788][flwr][INFO] - 	              (34, 0.5869628763519439),
[2024-10-11 01:35:25,788][flwr][INFO] - 	              (35, 0.6249634609763227),
[2024-10-11 01:35:25,789][flwr][INFO] - 	              (36, 0.6828412744811458),
[2024-10-11 01:35:25,789][flwr][INFO] - 	              (37, 0.668225665010231),
[2024-10-11 01:35:25,789][flwr][INFO] - 	              (38, 0.600701549254604),
[2024-10-11 01:35:25,789][flwr][INFO] - 	              (39, 0.6118094124524993),
[2024-10-11 01:35:25,789][flwr][INFO] - 	              (40, 0.5931014323297281),
[2024-10-11 01:35:25,789][flwr][INFO] - 	              (41, 0.5095001461560947),
[2024-10-11 01:35:25,789][flwr][INFO] - 	              (42, 0.6416252557731658),
[2024-10-11 01:35:25,789][flwr][INFO] - 	              (43, 0.6042092955276235),
[2024-10-11 01:35:25,789][flwr][INFO] - 	              (44, 0.6331482022800351),
[2024-10-11 01:35:25,789][flwr][INFO] - 	              (45, 0.575270388775212),
[2024-10-11 01:35:25,789][flwr][INFO] - 	              (46, 0.535223618824905),
[2024-10-11 01:35:25,789][flwr][INFO] - 	              (47, 0.5817012569424145),
[2024-10-11 01:35:25,789][flwr][INFO] - 	              (48, 0.7225957322420344),
[2024-10-11 01:35:25,789][flwr][INFO] - 	              (49, 0.6106401636948261),
[2024-10-11 01:35:25,789][flwr][INFO] - 	              (50, 0.6495176848874598),
[2024-10-11 01:35:25,789][flwr][INFO] - 	              (51, 0.6430868167202572),
[2024-10-11 01:35:25,789][flwr][INFO] - 	              (52, 0.5951476176556563),
[2024-10-11 01:35:25,789][flwr][INFO] - 	              (53, 0.5574393452206957),
[2024-10-11 01:35:25,789][flwr][INFO] - 	              (54, 0.5936860567085648),
[2024-10-11 01:35:25,789][flwr][INFO] - 	              (55, 0.5834551300789242),
[2024-10-11 01:35:25,789][flwr][INFO] - 	              (56, 0.6717334112832505),
[2024-10-11 01:35:25,789][flwr][INFO] - 	              (57, 0.6121017246419176),
[2024-10-11 01:35:25,789][flwr][INFO] - 	              (58, 0.7258111663256358),
[2024-10-11 01:35:25,790][flwr][INFO] - 	              (59, 0.6097632271265712),
[2024-10-11 01:35:25,790][flwr][INFO] - 	              (60, 0.7106109324758842),
[2024-10-11 01:35:25,790][flwr][INFO] - 	              (61, 0.6571178018123356),
[2024-10-11 01:35:25,790][flwr][INFO] - 	              (62, 0.7091493715287928),
[2024-10-11 01:35:25,790][flwr][INFO] - 	              (63, 0.6004092370651856),
[2024-10-11 01:35:25,790][flwr][INFO] - 	              (64, 0.681964337912891),
[2024-10-11 01:35:25,790][flwr][INFO] - 	              (65, 0.6489330605086232),
[2024-10-11 01:35:25,790][flwr][INFO] - 	              (66, 0.6980415083308974),
[2024-10-11 01:35:25,790][flwr][INFO] - 	              (67, 0.6752411575562701),
[2024-10-11 01:35:25,790][flwr][INFO] - 	              (68, 0.7471499561531716),
[2024-10-11 01:35:25,790][flwr][INFO] - 	              (69, 0.681964337912891),
[2024-10-11 01:35:25,790][flwr][INFO] - 	              (70, 0.7018415667933353),
[2024-10-11 01:35:25,790][flwr][INFO] - 	              (71, 0.6503946214557147),
[2024-10-11 01:35:25,790][flwr][INFO] - 	              (72, 0.6886875182695118),
[2024-10-11 01:35:25,790][flwr][INFO] - 	              (73, 0.6828412744811458),
[2024-10-11 01:35:25,790][flwr][INFO] - 	              (74, 0.6167787196726103),
[2024-10-11 01:35:25,790][flwr][INFO] - 	              (75, 0.6305173925752704),
[2024-10-11 01:35:25,790][flwr][INFO] - 	              (76, 0.617363344051447),
[2024-10-11 01:35:25,790][flwr][INFO] - 	              (77, 0.5477930429698918),
[2024-10-11 01:35:25,790][flwr][INFO] - 	              (78, 0.7009646302250804),
[2024-10-11 01:35:25,790][flwr][INFO] - 	              (79, 0.7401344636071324),
[2024-10-11 01:35:25,790][flwr][INFO] - 	              (80, 0.7316574101140018),
[2024-10-11 01:35:25,790][flwr][INFO] - 	              (81, 0.7278573516515638),
[2024-10-11 01:35:25,790][flwr][INFO] - 	              (82, 0.6655948553054662),
[2024-10-11 01:35:25,791][flwr][INFO] - 	              (83, 0.7433498976907337),
[2024-10-11 01:35:25,791][flwr][INFO] - 	              (84, 0.6775796550716164),
[2024-10-11 01:35:25,791][flwr][INFO] - 	              (85, 0.6787489038292897),
[2024-10-11 01:35:25,791][flwr][INFO] - 	              (86, 0.6974568839520608),
[2024-10-11 01:35:25,791][flwr][INFO] - 	              (87, 0.6579947383805904),
[2024-10-11 01:35:25,791][flwr][INFO] - 	              (88, 0.6658871674948845),
[2024-10-11 01:35:25,791][flwr][INFO] - 	              (89, 0.6860567085647471),
[2024-10-11 01:35:25,791][flwr][INFO] - 	              (90, 0.698626132709734),
[2024-10-11 01:35:25,791][flwr][INFO] - 	              (91, 0.7059339374451915),
[2024-10-11 01:35:25,791][flwr][INFO] - 	              (92, 0.6588716749488454),
[2024-10-11 01:35:25,791][flwr][INFO] - 	              (93, 0.7418883367436422),
[2024-10-11 01:35:25,791][flwr][INFO] - 	              (94, 0.740719087985969),
[2024-10-11 01:35:25,791][flwr][INFO] - 	              (95, 0.6942414498684595),
[2024-10-11 01:35:25,791][flwr][INFO] - 	              (96, 0.7149956153171587),
[2024-10-11 01:35:25,791][flwr][INFO] - 	              (97, 0.6524408067816428),
[2024-10-11 01:35:25,791][flwr][INFO] - 	              (98, 0.5325928091201403),
[2024-10-11 01:35:25,791][flwr][INFO] - 	              (99, 0.7468576439637533),
[2024-10-11 01:35:25,791][flwr][INFO] - 	              (100, 0.6179479684302835)]}
[2024-10-11 01:35:25,791][flwr][INFO] - 
