[2024-09-19 01:52:30,981][flwr][INFO] - Starting Flower simulation, config: num_rounds=100, no round_timeout
[2024-09-19 01:52:34,169][flwr][INFO] - Flower VCE: Ray initialized with resources: {'CPU': 256.0, 'object_store_memory': 67234356019.0, 'node:115.145.172.224': 1.0, 'node:__internal_head__': 1.0, 'memory': 146880164045.0, 'accelerator_type:G': 1.0, 'GPU': 1.0}
[2024-09-19 01:52:34,169][flwr][INFO] - Optimize your simulation with Flower VCE: https://flower.ai/docs/framework/how-to-run-simulations.html
[2024-09-19 01:52:34,169][flwr][INFO] - Flower VCE: Resources for each Virtual Client: {'num_cpus': 16, 'num_gpus': 0.5}
[2024-09-19 01:52:34,181][flwr][INFO] - Flower VCE: Creating VirtualClientEngineActorPool with 2 actors
[2024-09-19 01:52:34,181][flwr][INFO] - [INIT]
[2024-09-19 01:52:34,181][flwr][INFO] - Requesting initial parameters from one random client
[2024-09-19 01:52:40,633][flwr][INFO] - Received initial parameters from one random client
[2024-09-19 01:52:40,633][flwr][INFO] - Evaluating initial global parameters
[2024-09-19 01:52:50,491][flwr][INFO] - initial parameters (loss, other metrics): 231.18093633651733, {'accuracy': 0.08506284712072494}
[2024-09-19 01:52:50,492][flwr][INFO] - 
[2024-09-19 01:52:50,492][flwr][INFO] - [ROUND 1]
[2024-09-19 01:52:50,493][flwr][INFO] - configure_fit: strategy sampled 5 clients (out of 50)
[2024-09-19 01:53:07,436][flwr][INFO] - aggregate_fit: received 5 results and 0 failures
[2024-09-19 01:53:08,820][flwr][WARNING] - No fit_metrics_aggregation_fn provided
[2024-09-19 01:53:17,748][flwr][INFO] - fit progress: (1, 225.90068316459656, {'accuracy': 0.09090909090909091}, 27.25550447963178)
[2024-09-19 01:53:17,749][flwr][INFO] - configure_evaluate: strategy sampled 2 clients (out of 50)
[2024-09-19 01:53:21,250][flwr][INFO] - aggregate_evaluate: received 2 results and 0 failures
[2024-09-19 01:53:21,250][flwr][INFO] - 
[2024-09-19 01:53:21,250][flwr][INFO] - [ROUND 2]
[2024-09-19 01:53:21,250][flwr][INFO] - configure_fit: strategy sampled 5 clients (out of 50)
[2024-09-19 01:53:37,864][flwr][INFO] - aggregate_fit: received 5 results and 0 failures
[2024-09-19 01:53:49,330][flwr][INFO] - fit progress: (2, 223.72468900680542, {'accuracy': 0.0710318620286466}, 58.83782439958304)
[2024-09-19 01:53:49,331][flwr][INFO] - configure_evaluate: strategy sampled 2 clients (out of 50)
[2024-09-19 01:53:52,397][flwr][INFO] - aggregate_evaluate: received 2 results and 0 failures
[2024-09-19 01:53:52,398][flwr][INFO] - 
[2024-09-19 01:53:52,398][flwr][INFO] - [ROUND 3]
[2024-09-19 01:53:52,398][flwr][INFO] - configure_fit: strategy sampled 5 clients (out of 50)
[2024-09-19 01:54:08,610][flwr][INFO] - aggregate_fit: received 5 results and 0 failures
[2024-09-19 01:54:19,842][flwr][INFO] - fit progress: (3, 231.04934287071228, {'accuracy': 0.19467991815258695}, 89.34970321692526)
[2024-09-19 01:54:19,843][flwr][INFO] - configure_evaluate: strategy sampled 2 clients (out of 50)
[2024-09-19 01:54:23,023][flwr][INFO] - aggregate_evaluate: received 2 results and 0 failures
[2024-09-19 01:54:23,023][flwr][INFO] - 
[2024-09-19 01:54:23,024][flwr][INFO] - [ROUND 4]
[2024-09-19 01:54:23,024][flwr][INFO] - configure_fit: strategy sampled 5 clients (out of 50)
[2024-09-19 01:54:38,854][flwr][INFO] - aggregate_fit: received 5 results and 0 failures
[2024-09-19 01:54:50,771][flwr][INFO] - fit progress: (4, 221.8717783689499, {'accuracy': 0.19467991815258695}, 120.27867499459535)
[2024-09-19 01:54:50,771][flwr][INFO] - configure_evaluate: strategy sampled 2 clients (out of 50)
[2024-09-19 01:54:53,997][flwr][INFO] - aggregate_evaluate: received 2 results and 0 failures
[2024-09-19 01:54:53,998][flwr][INFO] - 
[2024-09-19 01:54:53,998][flwr][INFO] - [ROUND 5]
[2024-09-19 01:54:53,998][flwr][INFO] - configure_fit: strategy sampled 5 clients (out of 50)
[2024-09-19 01:55:11,971][flwr][INFO] - aggregate_fit: received 5 results and 0 failures
[2024-09-19 01:55:23,435][flwr][INFO] - fit progress: (5, 221.16156947612762, {'accuracy': 0.1824028061970184}, 152.9428948238492)
[2024-09-19 01:55:23,435][flwr][INFO] - configure_evaluate: strategy sampled 2 clients (out of 50)
[2024-09-19 01:55:27,281][flwr][INFO] - aggregate_evaluate: received 2 results and 0 failures
[2024-09-19 01:55:27,281][flwr][INFO] - 
[2024-09-19 01:55:27,281][flwr][INFO] - [ROUND 6]
[2024-09-19 01:55:27,281][flwr][INFO] - configure_fit: strategy sampled 5 clients (out of 50)
[2024-09-19 01:55:44,281][flwr][INFO] - aggregate_fit: received 5 results and 0 failures
[2024-09-19 01:55:55,423][flwr][INFO] - fit progress: (6, 217.24484598636627, {'accuracy': 0.1824028061970184}, 184.93067725375295)
[2024-09-19 01:55:55,424][flwr][INFO] - configure_evaluate: strategy sampled 2 clients (out of 50)
[2024-09-19 01:55:58,595][flwr][INFO] - aggregate_evaluate: received 2 results and 0 failures
[2024-09-19 01:55:58,596][flwr][INFO] - 
[2024-09-19 01:55:58,596][flwr][INFO] - [ROUND 7]
[2024-09-19 01:55:58,596][flwr][INFO] - configure_fit: strategy sampled 5 clients (out of 50)
[2024-09-19 01:56:16,414][flwr][INFO] - aggregate_fit: received 5 results and 0 failures
[2024-09-19 01:56:27,074][flwr][INFO] - fit progress: (7, 217.25225281715393, {'accuracy': 0.1824028061970184}, 216.5818857420236)
[2024-09-19 01:56:27,075][flwr][INFO] - configure_evaluate: strategy sampled 2 clients (out of 50)
[2024-09-19 01:56:30,218][flwr][INFO] - aggregate_evaluate: received 2 results and 0 failures
[2024-09-19 01:56:30,218][flwr][INFO] - 
[2024-09-19 01:56:30,218][flwr][INFO] - [ROUND 8]
[2024-09-19 01:56:30,218][flwr][INFO] - configure_fit: strategy sampled 5 clients (out of 50)
[2024-09-19 01:56:47,060][flwr][INFO] - aggregate_fit: received 5 results and 0 failures
[2024-09-19 01:56:58,531][flwr][INFO] - fit progress: (8, 244.84720766544342, {'accuracy': 0.1373867290266004}, 248.03900708490983)
[2024-09-19 01:56:58,532][flwr][INFO] - configure_evaluate: strategy sampled 2 clients (out of 50)
[2024-09-19 01:57:01,814][flwr][INFO] - aggregate_evaluate: received 2 results and 0 failures
[2024-09-19 01:57:01,814][flwr][INFO] - 
[2024-09-19 01:57:01,814][flwr][INFO] - [ROUND 9]
[2024-09-19 01:57:01,815][flwr][INFO] - configure_fit: strategy sampled 5 clients (out of 50)
[2024-09-19 01:57:19,012][flwr][INFO] - aggregate_fit: received 5 results and 0 failures
[2024-09-19 01:57:30,628][flwr][INFO] - fit progress: (9, 217.0252239704132, {'accuracy': 0.19467991815258695}, 280.13568814098835)
[2024-09-19 01:57:30,629][flwr][INFO] - configure_evaluate: strategy sampled 2 clients (out of 50)
[2024-09-19 01:57:33,889][flwr][INFO] - aggregate_evaluate: received 2 results and 0 failures
[2024-09-19 01:57:33,889][flwr][INFO] - 
[2024-09-19 01:57:33,889][flwr][INFO] - [ROUND 10]
[2024-09-19 01:57:33,889][flwr][INFO] - configure_fit: strategy sampled 5 clients (out of 50)
[2024-09-19 01:57:49,351][flwr][INFO] - aggregate_fit: received 5 results and 0 failures
[2024-09-19 01:58:00,328][flwr][INFO] - fit progress: (10, 227.20001983642578, {'accuracy': 0.1824028061970184}, 309.8360038069077)
[2024-09-19 01:58:00,329][flwr][INFO] - configure_evaluate: strategy sampled 2 clients (out of 50)
[2024-09-19 01:58:03,695][flwr][INFO] - aggregate_evaluate: received 2 results and 0 failures
[2024-09-19 01:58:03,695][flwr][INFO] - 
[2024-09-19 01:58:03,696][flwr][INFO] - [ROUND 11]
[2024-09-19 01:58:03,696][flwr][INFO] - configure_fit: strategy sampled 5 clients (out of 50)
[2024-09-19 01:58:21,381][flwr][INFO] - aggregate_fit: received 5 results and 0 failures
[2024-09-19 01:58:33,071][flwr][INFO] - fit progress: (11, 230.65197134017944, {'accuracy': 0.08301666179479684}, 342.5790585707873)
[2024-09-19 01:58:33,072][flwr][INFO] - configure_evaluate: strategy sampled 2 clients (out of 50)
[2024-09-19 01:58:36,256][flwr][INFO] - aggregate_evaluate: received 2 results and 0 failures
[2024-09-19 01:58:36,256][flwr][INFO] - 
[2024-09-19 01:58:36,256][flwr][INFO] - [ROUND 12]
[2024-09-19 01:58:36,256][flwr][INFO] - configure_fit: strategy sampled 5 clients (out of 50)
[2024-09-19 01:58:54,676][flwr][INFO] - aggregate_fit: received 5 results and 0 failures
[2024-09-19 01:59:06,699][flwr][INFO] - fit progress: (12, 230.45417547225952, {'accuracy': 0.24261911721718796}, 376.2067928276956)
[2024-09-19 01:59:06,700][flwr][INFO] - configure_evaluate: strategy sampled 2 clients (out of 50)
[2024-09-19 01:59:09,783][flwr][INFO] - aggregate_evaluate: received 2 results and 0 failures
[2024-09-19 01:59:09,784][flwr][INFO] - 
[2024-09-19 01:59:09,784][flwr][INFO] - [ROUND 13]
[2024-09-19 01:59:09,784][flwr][INFO] - configure_fit: strategy sampled 5 clients (out of 50)
[2024-09-19 01:59:25,296][flwr][INFO] - aggregate_fit: received 5 results and 0 failures
[2024-09-19 01:59:37,618][flwr][INFO] - fit progress: (13, 216.4691572189331, {'accuracy': 0.1826951183864367}, 407.12621478782967)
[2024-09-19 01:59:37,619][flwr][INFO] - configure_evaluate: strategy sampled 2 clients (out of 50)
[2024-09-19 01:59:40,730][flwr][INFO] - aggregate_evaluate: received 2 results and 0 failures
[2024-09-19 01:59:40,730][flwr][INFO] - 
[2024-09-19 01:59:40,730][flwr][INFO] - [ROUND 14]
[2024-09-19 01:59:40,731][flwr][INFO] - configure_fit: strategy sampled 5 clients (out of 50)
[2024-09-19 01:59:57,080][flwr][INFO] - aggregate_fit: received 5 results and 0 failures
[2024-09-19 02:00:08,276][flwr][INFO] - fit progress: (14, 224.12807893753052, {'accuracy': 0.16895644548377667}, 437.7834597369656)
[2024-09-19 02:00:08,276][flwr][INFO] - configure_evaluate: strategy sampled 2 clients (out of 50)
[2024-09-19 02:00:11,967][flwr][INFO] - aggregate_evaluate: received 2 results and 0 failures
[2024-09-19 02:00:11,967][flwr][INFO] - 
[2024-09-19 02:00:11,967][flwr][INFO] - [ROUND 15]
[2024-09-19 02:00:11,968][flwr][INFO] - configure_fit: strategy sampled 5 clients (out of 50)
[2024-09-19 02:00:28,119][flwr][INFO] - aggregate_fit: received 5 results and 0 failures
[2024-09-19 02:00:38,753][flwr][INFO] - fit progress: (15, 211.57774674892426, {'accuracy': 0.21280327389652148}, 468.261045338586)
[2024-09-19 02:00:38,754][flwr][INFO] - configure_evaluate: strategy sampled 2 clients (out of 50)
[2024-09-19 02:00:42,175][flwr][INFO] - aggregate_evaluate: received 2 results and 0 failures
[2024-09-19 02:00:42,175][flwr][INFO] - 
[2024-09-19 02:00:42,176][flwr][INFO] - [ROUND 16]
[2024-09-19 02:00:42,176][flwr][INFO] - configure_fit: strategy sampled 5 clients (out of 50)
[2024-09-19 02:01:00,018][flwr][INFO] - aggregate_fit: received 5 results and 0 failures
[2024-09-19 02:01:11,319][flwr][INFO] - fit progress: (16, 217.66058146953583, {'accuracy': 0.19935691318327975}, 500.826774305664)
[2024-09-19 02:01:11,319][flwr][INFO] - configure_evaluate: strategy sampled 2 clients (out of 50)
[2024-09-19 02:01:14,454][flwr][INFO] - aggregate_evaluate: received 2 results and 0 failures
[2024-09-19 02:01:14,454][flwr][INFO] - 
[2024-09-19 02:01:14,454][flwr][INFO] - [ROUND 17]
[2024-09-19 02:01:14,455][flwr][INFO] - configure_fit: strategy sampled 5 clients (out of 50)
[2024-09-19 02:01:29,515][flwr][INFO] - aggregate_fit: received 5 results and 0 failures
[2024-09-19 02:01:41,126][flwr][INFO] - fit progress: (17, 185.13709914684296, {'accuracy': 0.2768196433791289}, 530.6338754436001)
[2024-09-19 02:01:41,127][flwr][INFO] - configure_evaluate: strategy sampled 2 clients (out of 50)
[2024-09-19 02:01:44,331][flwr][INFO] - aggregate_evaluate: received 2 results and 0 failures
[2024-09-19 02:01:44,331][flwr][INFO] - 
[2024-09-19 02:01:44,331][flwr][INFO] - [ROUND 18]
[2024-09-19 02:01:44,331][flwr][INFO] - configure_fit: strategy sampled 5 clients (out of 50)
[2024-09-19 02:02:01,478][flwr][INFO] - aggregate_fit: received 5 results and 0 failures
[2024-09-19 02:02:12,853][flwr][INFO] - fit progress: (18, 183.86075103282928, {'accuracy': 0.3449283835135925}, 562.3609708356671)
[2024-09-19 02:02:12,854][flwr][INFO] - configure_evaluate: strategy sampled 2 clients (out of 50)
[2024-09-19 02:02:16,126][flwr][INFO] - aggregate_evaluate: received 2 results and 0 failures
[2024-09-19 02:02:16,126][flwr][INFO] - 
[2024-09-19 02:02:16,126][flwr][INFO] - [ROUND 19]
[2024-09-19 02:02:16,126][flwr][INFO] - configure_fit: strategy sampled 5 clients (out of 50)
[2024-09-19 02:02:31,857][flwr][INFO] - aggregate_fit: received 5 results and 0 failures
[2024-09-19 02:02:43,423][flwr][INFO] - fit progress: (19, 226.23645961284637, {'accuracy': 0.19321835720549546}, 592.9310755869374)
[2024-09-19 02:02:43,424][flwr][INFO] - configure_evaluate: strategy sampled 2 clients (out of 50)
[2024-09-19 02:02:46,689][flwr][INFO] - aggregate_evaluate: received 2 results and 0 failures
[2024-09-19 02:02:46,689][flwr][INFO] - 
[2024-09-19 02:02:46,689][flwr][INFO] - [ROUND 20]
[2024-09-19 02:02:46,689][flwr][INFO] - configure_fit: strategy sampled 5 clients (out of 50)
[2024-09-19 02:03:01,999][flwr][INFO] - aggregate_fit: received 5 results and 0 failures
[2024-09-19 02:03:13,425][flwr][INFO] - fit progress: (20, 172.12392342090607, {'accuracy': 0.25869628763519437}, 622.9329018755816)
[2024-09-19 02:03:13,426][flwr][INFO] - configure_evaluate: strategy sampled 2 clients (out of 50)
[2024-09-19 02:03:17,078][flwr][INFO] - aggregate_evaluate: received 2 results and 0 failures
[2024-09-19 02:03:17,079][flwr][INFO] - 
[2024-09-19 02:03:17,079][flwr][INFO] - [ROUND 21]
[2024-09-19 02:03:17,079][flwr][INFO] - configure_fit: strategy sampled 5 clients (out of 50)
[2024-09-19 02:03:34,593][flwr][INFO] - aggregate_fit: received 5 results and 0 failures
[2024-09-19 02:03:45,859][flwr][INFO] - fit progress: (21, 168.37626671791077, {'accuracy': 0.511838643671441}, 655.367098341696)
[2024-09-19 02:03:45,860][flwr][INFO] - configure_evaluate: strategy sampled 2 clients (out of 50)
[2024-09-19 02:03:49,342][flwr][INFO] - aggregate_evaluate: received 2 results and 0 failures
[2024-09-19 02:03:49,343][flwr][INFO] - 
[2024-09-19 02:03:49,343][flwr][INFO] - [ROUND 22]
[2024-09-19 02:03:49,343][flwr][INFO] - configure_fit: strategy sampled 5 clients (out of 50)
[2024-09-19 02:04:06,129][flwr][INFO] - aggregate_fit: received 5 results and 0 failures
[2024-09-19 02:04:17,548][flwr][INFO] - fit progress: (22, 147.76264548301697, {'accuracy': 0.4919614147909968}, 687.0555797256529)
[2024-09-19 02:04:17,548][flwr][INFO] - configure_evaluate: strategy sampled 2 clients (out of 50)
[2024-09-19 02:04:20,719][flwr][INFO] - aggregate_evaluate: received 2 results and 0 failures
[2024-09-19 02:04:20,720][flwr][INFO] - 
[2024-09-19 02:04:20,720][flwr][INFO] - [ROUND 23]
[2024-09-19 02:04:20,720][flwr][INFO] - configure_fit: strategy sampled 5 clients (out of 50)
[2024-09-19 02:04:36,699][flwr][INFO] - aggregate_fit: received 5 results and 0 failures
[2024-09-19 02:04:48,281][flwr][INFO] - fit progress: (23, 166.68377590179443, {'accuracy': 0.38409821689564455}, 717.7892338116653)
[2024-09-19 02:04:48,282][flwr][INFO] - configure_evaluate: strategy sampled 2 clients (out of 50)
[2024-09-19 02:04:51,728][flwr][INFO] - aggregate_evaluate: received 2 results and 0 failures
[2024-09-19 02:04:51,729][flwr][INFO] - 
[2024-09-19 02:04:51,729][flwr][INFO] - [ROUND 24]
[2024-09-19 02:04:51,729][flwr][INFO] - configure_fit: strategy sampled 5 clients (out of 50)
[2024-09-19 02:05:07,517][flwr][INFO] - aggregate_fit: received 5 results and 0 failures
[2024-09-19 02:05:18,973][flwr][INFO] - fit progress: (24, 164.3041976094246, {'accuracy': 0.5168079508915522}, 748.4804751030169)
[2024-09-19 02:05:18,973][flwr][INFO] - configure_evaluate: strategy sampled 2 clients (out of 50)
[2024-09-19 02:05:22,348][flwr][INFO] - aggregate_evaluate: received 2 results and 0 failures
[2024-09-19 02:05:22,348][flwr][INFO] - 
[2024-09-19 02:05:22,348][flwr][INFO] - [ROUND 25]
[2024-09-19 02:05:22,349][flwr][INFO] - configure_fit: strategy sampled 5 clients (out of 50)
[2024-09-19 02:05:38,664][flwr][INFO] - aggregate_fit: received 5 results and 0 failures
[2024-09-19 02:05:49,878][flwr][INFO] - fit progress: (25, 152.85292768478394, {'accuracy': 0.456007015492546}, 779.3860540846363)
[2024-09-19 02:05:49,879][flwr][INFO] - configure_evaluate: strategy sampled 2 clients (out of 50)
[2024-09-19 02:05:53,038][flwr][INFO] - aggregate_evaluate: received 2 results and 0 failures
[2024-09-19 02:05:53,038][flwr][INFO] - 
[2024-09-19 02:05:53,038][flwr][INFO] - [ROUND 26]
[2024-09-19 02:05:53,039][flwr][INFO] - configure_fit: strategy sampled 5 clients (out of 50)
[2024-09-19 02:06:10,602][flwr][INFO] - aggregate_fit: received 5 results and 0 failures
[2024-09-19 02:06:21,491][flwr][INFO] - fit progress: (26, 142.05648416280746, {'accuracy': 0.5010230926629641}, 810.9984956090339)
[2024-09-19 02:06:21,491][flwr][INFO] - configure_evaluate: strategy sampled 2 clients (out of 50)
[2024-09-19 02:06:24,884][flwr][INFO] - aggregate_evaluate: received 2 results and 0 failures
[2024-09-19 02:06:24,884][flwr][INFO] - 
[2024-09-19 02:06:24,884][flwr][INFO] - [ROUND 27]
[2024-09-19 02:06:24,884][flwr][INFO] - configure_fit: strategy sampled 5 clients (out of 50)
[2024-09-19 02:06:42,836][flwr][INFO] - aggregate_fit: received 5 results and 0 failures
[2024-09-19 02:06:54,154][flwr][INFO] - fit progress: (27, 275.09235072135925, {'accuracy': 0.5065770242619118}, 843.6619849498384)
[2024-09-19 02:06:54,155][flwr][INFO] - configure_evaluate: strategy sampled 2 clients (out of 50)
[2024-09-19 02:06:57,644][flwr][INFO] - aggregate_evaluate: received 2 results and 0 failures
[2024-09-19 02:06:57,645][flwr][INFO] - 
[2024-09-19 02:06:57,645][flwr][INFO] - [ROUND 28]
[2024-09-19 02:06:57,645][flwr][INFO] - configure_fit: strategy sampled 5 clients (out of 50)
[2024-09-19 02:07:15,128][flwr][INFO] - aggregate_fit: received 5 results and 0 failures
[2024-09-19 02:07:26,086][flwr][INFO] - fit progress: (28, 142.71416413784027, {'accuracy': 0.5431160479391991}, 875.5933161238208)
[2024-09-19 02:07:26,086][flwr][INFO] - configure_evaluate: strategy sampled 2 clients (out of 50)
[2024-09-19 02:07:29,664][flwr][INFO] - aggregate_evaluate: received 2 results and 0 failures
[2024-09-19 02:07:29,664][flwr][INFO] - 
[2024-09-19 02:07:29,664][flwr][INFO] - [ROUND 29]
[2024-09-19 02:07:29,665][flwr][INFO] - configure_fit: strategy sampled 5 clients (out of 50)
[2024-09-19 02:07:46,780][flwr][INFO] - aggregate_fit: received 5 results and 0 failures
[2024-09-19 02:07:57,242][flwr][INFO] - fit progress: (29, 130.12055480480194, {'accuracy': 0.4937152879275066}, 906.7499154666439)
[2024-09-19 02:07:57,243][flwr][INFO] - configure_evaluate: strategy sampled 2 clients (out of 50)
[2024-09-19 02:08:00,592][flwr][INFO] - aggregate_evaluate: received 2 results and 0 failures
[2024-09-19 02:08:00,592][flwr][INFO] - 
[2024-09-19 02:08:00,592][flwr][INFO] - [ROUND 30]
[2024-09-19 02:08:00,592][flwr][INFO] - configure_fit: strategy sampled 5 clients (out of 50)
[2024-09-19 02:08:17,443][flwr][INFO] - aggregate_fit: received 5 results and 0 failures
[2024-09-19 02:08:28,620][flwr][INFO] - fit progress: (30, 127.45210939645767, {'accuracy': 0.5235311312481731}, 938.1276780036278)
[2024-09-19 02:08:28,621][flwr][INFO] - configure_evaluate: strategy sampled 2 clients (out of 50)
[2024-09-19 02:08:31,721][flwr][INFO] - aggregate_evaluate: received 2 results and 0 failures
[2024-09-19 02:08:31,722][flwr][INFO] - 
[2024-09-19 02:08:31,722][flwr][INFO] - [ROUND 31]
[2024-09-19 02:08:31,722][flwr][INFO] - configure_fit: strategy sampled 5 clients (out of 50)
[2024-09-19 02:08:46,473][flwr][INFO] - aggregate_fit: received 5 results and 0 failures
[2024-09-19 02:08:57,701][flwr][INFO] - fit progress: (31, 145.54438042640686, {'accuracy': 0.4948845366851798}, 967.2091157576069)
[2024-09-19 02:08:57,702][flwr][INFO] - configure_evaluate: strategy sampled 2 clients (out of 50)
[2024-09-19 02:09:01,271][flwr][INFO] - aggregate_evaluate: received 2 results and 0 failures
[2024-09-19 02:09:01,271][flwr][INFO] - 
[2024-09-19 02:09:01,271][flwr][INFO] - [ROUND 32]
[2024-09-19 02:09:01,271][flwr][INFO] - configure_fit: strategy sampled 5 clients (out of 50)
[2024-09-19 02:09:18,745][flwr][INFO] - aggregate_fit: received 5 results and 0 failures
[2024-09-19 02:09:29,080][flwr][INFO] - fit progress: (32, 184.9215801358223, {'accuracy': 0.49809997076878104}, 998.5875729727559)
[2024-09-19 02:09:29,080][flwr][INFO] - configure_evaluate: strategy sampled 2 clients (out of 50)
[2024-09-19 02:09:32,238][flwr][INFO] - aggregate_evaluate: received 2 results and 0 failures
[2024-09-19 02:09:32,239][flwr][INFO] - 
[2024-09-19 02:09:32,239][flwr][INFO] - [ROUND 33]
[2024-09-19 02:09:32,239][flwr][INFO] - configure_fit: strategy sampled 5 clients (out of 50)
[2024-09-19 02:09:48,991][flwr][INFO] - aggregate_fit: received 5 results and 0 failures
[2024-09-19 02:09:59,500][flwr][INFO] - fit progress: (33, 135.43755745887756, {'accuracy': 0.49751534638994444}, 1029.0076872389764)
[2024-09-19 02:09:59,500][flwr][INFO] - configure_evaluate: strategy sampled 2 clients (out of 50)
[2024-09-19 02:10:02,678][flwr][INFO] - aggregate_evaluate: received 2 results and 0 failures
[2024-09-19 02:10:02,679][flwr][INFO] - 
[2024-09-19 02:10:02,679][flwr][INFO] - [ROUND 34]
[2024-09-19 02:10:02,679][flwr][INFO] - configure_fit: strategy sampled 5 clients (out of 50)
[2024-09-19 02:10:20,332][flwr][INFO] - aggregate_fit: received 5 results and 0 failures
[2024-09-19 02:10:31,079][flwr][INFO] - fit progress: (34, 135.45760613679886, {'accuracy': 0.45513007892429114}, 1060.5869795079343)
[2024-09-19 02:10:31,080][flwr][INFO] - configure_evaluate: strategy sampled 2 clients (out of 50)
[2024-09-19 02:10:34,299][flwr][INFO] - aggregate_evaluate: received 2 results and 0 failures
[2024-09-19 02:10:34,300][flwr][INFO] - 
[2024-09-19 02:10:34,300][flwr][INFO] - [ROUND 35]
[2024-09-19 02:10:34,300][flwr][INFO] - configure_fit: strategy sampled 5 clients (out of 50)
[2024-09-19 02:10:50,587][flwr][INFO] - aggregate_fit: received 5 results and 0 failures
[2024-09-19 02:11:01,759][flwr][INFO] - fit progress: (35, 133.72947883605957, {'accuracy': 0.5618240280619702}, 1091.2667849818245)
[2024-09-19 02:11:01,760][flwr][INFO] - configure_evaluate: strategy sampled 2 clients (out of 50)
[2024-09-19 02:11:04,791][flwr][INFO] - aggregate_evaluate: received 2 results and 0 failures
[2024-09-19 02:11:04,792][flwr][INFO] - 
[2024-09-19 02:11:04,792][flwr][INFO] - [ROUND 36]
[2024-09-19 02:11:04,792][flwr][INFO] - configure_fit: strategy sampled 5 clients (out of 50)
[2024-09-19 02:11:21,907][flwr][INFO] - aggregate_fit: received 5 results and 0 failures
[2024-09-19 02:11:33,666][flwr][INFO] - fit progress: (36, 160.77079367637634, {'accuracy': 0.5074539608301666}, 1123.1740910336375)
[2024-09-19 02:11:33,667][flwr][INFO] - configure_evaluate: strategy sampled 2 clients (out of 50)
[2024-09-19 02:11:36,941][flwr][INFO] - aggregate_evaluate: received 2 results and 0 failures
[2024-09-19 02:11:36,941][flwr][INFO] - 
[2024-09-19 02:11:36,941][flwr][INFO] - [ROUND 37]
[2024-09-19 02:11:36,942][flwr][INFO] - configure_fit: strategy sampled 5 clients (out of 50)
[2024-09-19 02:11:55,354][flwr][INFO] - aggregate_fit: received 5 results and 0 failures
[2024-09-19 02:12:06,841][flwr][INFO] - fit progress: (37, 128.77284038066864, {'accuracy': 0.5428237357497807}, 1156.3485497036017)
[2024-09-19 02:12:06,841][flwr][INFO] - configure_evaluate: strategy sampled 2 clients (out of 50)
[2024-09-19 02:12:10,488][flwr][INFO] - aggregate_evaluate: received 2 results and 0 failures
[2024-09-19 02:12:10,488][flwr][INFO] - 
[2024-09-19 02:12:10,488][flwr][INFO] - [ROUND 38]
[2024-09-19 02:12:10,489][flwr][INFO] - configure_fit: strategy sampled 5 clients (out of 50)
[2024-09-19 02:12:27,201][flwr][INFO] - aggregate_fit: received 5 results and 0 failures
[2024-09-19 02:12:38,399][flwr][INFO] - fit progress: (38, 146.83281058073044, {'accuracy': 0.49400760011692485}, 1187.9067899947986)
[2024-09-19 02:12:38,399][flwr][INFO] - configure_evaluate: strategy sampled 2 clients (out of 50)
[2024-09-19 02:12:42,038][flwr][INFO] - aggregate_evaluate: received 2 results and 0 failures
[2024-09-19 02:12:42,038][flwr][INFO] - 
[2024-09-19 02:12:42,038][flwr][INFO] - [ROUND 39]
[2024-09-19 02:12:42,039][flwr][INFO] - configure_fit: strategy sampled 5 clients (out of 50)
[2024-09-19 02:13:00,452][flwr][INFO] - aggregate_fit: received 5 results and 0 failures
[2024-09-19 02:13:11,060][flwr][INFO] - fit progress: (39, 182.4949643611908, {'accuracy': 0.326805027769658}, 1220.5676284315996)
[2024-09-19 02:13:11,060][flwr][INFO] - configure_evaluate: strategy sampled 2 clients (out of 50)
[2024-09-19 02:13:14,602][flwr][INFO] - aggregate_evaluate: received 2 results and 0 failures
[2024-09-19 02:13:14,602][flwr][INFO] - 
[2024-09-19 02:13:14,602][flwr][INFO] - [ROUND 40]
[2024-09-19 02:13:14,602][flwr][INFO] - configure_fit: strategy sampled 5 clients (out of 50)
[2024-09-19 02:13:33,020][flwr][INFO] - aggregate_fit: received 5 results and 0 failures
[2024-09-19 02:13:43,981][flwr][INFO] - fit progress: (40, 138.17833989858627, {'accuracy': 0.5144694533762058}, 1253.4886804260314)
[2024-09-19 02:13:43,981][flwr][INFO] - configure_evaluate: strategy sampled 2 clients (out of 50)
[2024-09-19 02:13:47,318][flwr][INFO] - aggregate_evaluate: received 2 results and 0 failures
[2024-09-19 02:13:47,319][flwr][INFO] - 
[2024-09-19 02:13:47,319][flwr][INFO] - [ROUND 41]
[2024-09-19 02:13:47,319][flwr][INFO] - configure_fit: strategy sampled 5 clients (out of 50)
[2024-09-19 02:14:03,832][flwr][INFO] - aggregate_fit: received 5 results and 0 failures
[2024-09-19 02:14:14,838][flwr][INFO] - fit progress: (41, 107.66123008728027, {'accuracy': 0.6617947968430283}, 1284.346087306738)
[2024-09-19 02:14:14,839][flwr][INFO] - configure_evaluate: strategy sampled 2 clients (out of 50)
[2024-09-19 02:14:17,897][flwr][INFO] - aggregate_evaluate: received 2 results and 0 failures
[2024-09-19 02:14:17,897][flwr][INFO] - 
[2024-09-19 02:14:17,897][flwr][INFO] - [ROUND 42]
[2024-09-19 02:14:17,898][flwr][INFO] - configure_fit: strategy sampled 5 clients (out of 50)
[2024-09-19 02:14:34,124][flwr][INFO] - aggregate_fit: received 5 results and 0 failures
[2024-09-19 02:14:45,973][flwr][INFO] - fit progress: (42, 115.6107160449028, {'accuracy': 0.5846243788365975}, 1315.4807721576653)
[2024-09-19 02:14:45,973][flwr][INFO] - configure_evaluate: strategy sampled 2 clients (out of 50)
[2024-09-19 02:14:49,211][flwr][INFO] - aggregate_evaluate: received 2 results and 0 failures
[2024-09-19 02:14:49,211][flwr][INFO] - 
[2024-09-19 02:14:49,211][flwr][INFO] - [ROUND 43]
[2024-09-19 02:14:49,211][flwr][INFO] - configure_fit: strategy sampled 5 clients (out of 50)
[2024-09-19 02:15:07,651][flwr][INFO] - aggregate_fit: received 5 results and 0 failures
[2024-09-19 02:15:19,381][flwr][INFO] - fit progress: (43, 121.37965822219849, {'accuracy': 0.5922244957614733}, 1348.8888828339987)
[2024-09-19 02:15:19,382][flwr][INFO] - configure_evaluate: strategy sampled 2 clients (out of 50)
[2024-09-19 02:15:22,376][flwr][INFO] - aggregate_evaluate: received 2 results and 0 failures
[2024-09-19 02:15:22,377][flwr][INFO] - 
[2024-09-19 02:15:22,377][flwr][INFO] - [ROUND 44]
[2024-09-19 02:15:22,377][flwr][INFO] - configure_fit: strategy sampled 5 clients (out of 50)
[2024-09-19 02:15:39,213][flwr][INFO] - aggregate_fit: received 5 results and 0 failures
[2024-09-19 02:15:50,852][flwr][INFO] - fit progress: (44, 155.24681901931763, {'accuracy': 0.4150833089739842}, 1380.3598411697894)
[2024-09-19 02:15:50,853][flwr][INFO] - configure_evaluate: strategy sampled 2 clients (out of 50)
[2024-09-19 02:15:54,568][flwr][INFO] - aggregate_evaluate: received 2 results and 0 failures
[2024-09-19 02:15:54,568][flwr][INFO] - 
[2024-09-19 02:15:54,568][flwr][INFO] - [ROUND 45]
[2024-09-19 02:15:54,568][flwr][INFO] - configure_fit: strategy sampled 5 clients (out of 50)
[2024-09-19 02:16:10,281][flwr][INFO] - aggregate_fit: received 5 results and 0 failures
[2024-09-19 02:16:21,626][flwr][INFO] - fit progress: (45, 137.16909474134445, {'accuracy': 0.4288219818766443}, 1411.1339147416875)
[2024-09-19 02:16:21,627][flwr][INFO] - configure_evaluate: strategy sampled 2 clients (out of 50)
[2024-09-19 02:16:25,055][flwr][INFO] - aggregate_evaluate: received 2 results and 0 failures
[2024-09-19 02:16:25,055][flwr][INFO] - 
[2024-09-19 02:16:25,056][flwr][INFO] - [ROUND 46]
[2024-09-19 02:16:25,056][flwr][INFO] - configure_fit: strategy sampled 5 clients (out of 50)
[2024-09-19 02:16:41,078][flwr][INFO] - aggregate_fit: received 5 results and 0 failures
[2024-09-19 02:16:52,874][flwr][INFO] - fit progress: (46, 125.20590472221375, {'accuracy': 0.5200233849751534}, 1442.3815639098175)
[2024-09-19 02:16:52,874][flwr][INFO] - configure_evaluate: strategy sampled 2 clients (out of 50)
[2024-09-19 02:16:56,283][flwr][INFO] - aggregate_evaluate: received 2 results and 0 failures
[2024-09-19 02:16:56,284][flwr][INFO] - 
[2024-09-19 02:16:56,284][flwr][INFO] - [ROUND 47]
[2024-09-19 02:16:56,284][flwr][INFO] - configure_fit: strategy sampled 5 clients (out of 50)
[2024-09-19 02:17:12,883][flwr][INFO] - aggregate_fit: received 5 results and 0 failures
[2024-09-19 02:17:24,355][flwr][INFO] - fit progress: (47, 129.3050422668457, {'accuracy': 0.5898859982461269}, 1473.8628835757263)
[2024-09-19 02:17:24,356][flwr][INFO] - configure_evaluate: strategy sampled 2 clients (out of 50)
[2024-09-19 02:17:27,631][flwr][INFO] - aggregate_evaluate: received 2 results and 0 failures
[2024-09-19 02:17:27,632][flwr][INFO] - 
[2024-09-19 02:17:27,632][flwr][INFO] - [ROUND 48]
[2024-09-19 02:17:27,632][flwr][INFO] - configure_fit: strategy sampled 5 clients (out of 50)
[2024-09-19 02:17:43,248][flwr][INFO] - aggregate_fit: received 5 results and 0 failures
[2024-09-19 02:17:55,630][flwr][INFO] - fit progress: (48, 120.0361362695694, {'accuracy': 0.5755627009646302}, 1505.13763959473)
[2024-09-19 02:17:55,630][flwr][INFO] - configure_evaluate: strategy sampled 2 clients (out of 50)
[2024-09-19 02:17:58,742][flwr][INFO] - aggregate_evaluate: received 2 results and 0 failures
[2024-09-19 02:17:58,742][flwr][INFO] - 
[2024-09-19 02:17:58,742][flwr][INFO] - [ROUND 49]
[2024-09-19 02:17:58,742][flwr][INFO] - configure_fit: strategy sampled 5 clients (out of 50)
[2024-09-19 02:18:15,595][flwr][INFO] - aggregate_fit: received 5 results and 0 failures
[2024-09-19 02:18:27,663][flwr][INFO] - fit progress: (49, 97.8707966208458, {'accuracy': 0.659456299327682}, 1537.1708013578318)
[2024-09-19 02:18:27,664][flwr][INFO] - configure_evaluate: strategy sampled 2 clients (out of 50)
[2024-09-19 02:18:31,649][flwr][INFO] - aggregate_evaluate: received 2 results and 0 failures
[2024-09-19 02:18:31,650][flwr][INFO] - 
[2024-09-19 02:18:31,650][flwr][INFO] - [ROUND 50]
[2024-09-19 02:18:31,650][flwr][INFO] - configure_fit: strategy sampled 5 clients (out of 50)
[2024-09-19 02:18:47,818][flwr][INFO] - aggregate_fit: received 5 results and 0 failures
[2024-09-19 02:18:59,487][flwr][INFO] - fit progress: (50, 110.58370098471642, {'accuracy': 0.62028646594563}, 1568.9951108638197)
[2024-09-19 02:18:59,488][flwr][INFO] - configure_evaluate: strategy sampled 2 clients (out of 50)
[2024-09-19 02:19:02,548][flwr][INFO] - aggregate_evaluate: received 2 results and 0 failures
[2024-09-19 02:19:02,549][flwr][INFO] - 
[2024-09-19 02:19:02,549][flwr][INFO] - [ROUND 51]
[2024-09-19 02:19:02,549][flwr][INFO] - configure_fit: strategy sampled 5 clients (out of 50)
[2024-09-19 02:19:19,321][flwr][INFO] - aggregate_fit: received 5 results and 0 failures
[2024-09-19 02:19:30,788][flwr][INFO] - fit progress: (51, 140.18579995632172, {'accuracy': 0.5477930429698918}, 1600.2953293048777)
[2024-09-19 02:19:30,788][flwr][INFO] - configure_evaluate: strategy sampled 2 clients (out of 50)
[2024-09-19 02:19:34,368][flwr][INFO] - aggregate_evaluate: received 2 results and 0 failures
[2024-09-19 02:19:34,369][flwr][INFO] - 
[2024-09-19 02:19:34,369][flwr][INFO] - [ROUND 52]
[2024-09-19 02:19:34,369][flwr][INFO] - configure_fit: strategy sampled 5 clients (out of 50)
[2024-09-19 02:19:52,217][flwr][INFO] - aggregate_fit: received 5 results and 0 failures
[2024-09-19 02:20:05,829][flwr][INFO] - fit progress: (52, 126.74989348649979, {'accuracy': 0.5770242619117217}, 1635.337015660014)
[2024-09-19 02:20:05,830][flwr][INFO] - configure_evaluate: strategy sampled 2 clients (out of 50)
[2024-09-19 02:20:09,138][flwr][INFO] - aggregate_evaluate: received 2 results and 0 failures
[2024-09-19 02:20:09,138][flwr][INFO] - 
[2024-09-19 02:20:09,138][flwr][INFO] - [ROUND 53]
[2024-09-19 02:20:09,139][flwr][INFO] - configure_fit: strategy sampled 5 clients (out of 50)
[2024-09-19 02:20:25,956][flwr][INFO] - aggregate_fit: received 5 results and 0 failures
[2024-09-19 02:20:37,475][flwr][INFO] - fit progress: (53, 113.6307657957077, {'accuracy': 0.5925168079508916}, 1666.9827828868292)
[2024-09-19 02:20:37,476][flwr][INFO] - configure_evaluate: strategy sampled 2 clients (out of 50)
[2024-09-19 02:20:40,837][flwr][INFO] - aggregate_evaluate: received 2 results and 0 failures
[2024-09-19 02:20:40,838][flwr][INFO] - 
[2024-09-19 02:20:40,838][flwr][INFO] - [ROUND 54]
[2024-09-19 02:20:40,838][flwr][INFO] - configure_fit: strategy sampled 5 clients (out of 50)
[2024-09-19 02:20:57,605][flwr][INFO] - aggregate_fit: received 5 results and 0 failures
[2024-09-19 02:21:09,851][flwr][INFO] - fit progress: (54, 123.19367879629135, {'accuracy': 0.5790704472376498}, 1699.3587171626277)
[2024-09-19 02:21:09,852][flwr][INFO] - configure_evaluate: strategy sampled 2 clients (out of 50)
[2024-09-19 02:21:13,250][flwr][INFO] - aggregate_evaluate: received 2 results and 0 failures
[2024-09-19 02:21:13,251][flwr][INFO] - 
[2024-09-19 02:21:13,251][flwr][INFO] - [ROUND 55]
[2024-09-19 02:21:13,251][flwr][INFO] - configure_fit: strategy sampled 5 clients (out of 50)
[2024-09-19 02:21:32,238][flwr][INFO] - aggregate_fit: received 5 results and 0 failures
[2024-09-19 02:21:43,769][flwr][INFO] - fit progress: (55, 103.28420186042786, {'accuracy': 0.6708564747149957}, 1733.2764650150202)
[2024-09-19 02:21:43,769][flwr][INFO] - configure_evaluate: strategy sampled 2 clients (out of 50)
[2024-09-19 02:21:47,188][flwr][INFO] - aggregate_evaluate: received 2 results and 0 failures
[2024-09-19 02:21:47,189][flwr][INFO] - 
[2024-09-19 02:21:47,189][flwr][INFO] - [ROUND 56]
[2024-09-19 02:21:47,189][flwr][INFO] - configure_fit: strategy sampled 5 clients (out of 50)
[2024-09-19 02:22:04,387][flwr][INFO] - aggregate_fit: received 5 results and 0 failures
[2024-09-19 02:22:15,624][flwr][INFO] - fit progress: (56, 144.46217474341393, {'accuracy': 0.5115463314820228}, 1765.1318912906572)
[2024-09-19 02:22:15,625][flwr][INFO] - configure_evaluate: strategy sampled 2 clients (out of 50)
[2024-09-19 02:22:19,114][flwr][INFO] - aggregate_evaluate: received 2 results and 0 failures
[2024-09-19 02:22:19,114][flwr][INFO] - 
[2024-09-19 02:22:19,114][flwr][INFO] - [ROUND 57]
[2024-09-19 02:22:19,114][flwr][INFO] - configure_fit: strategy sampled 5 clients (out of 50)
[2024-09-19 02:22:35,612][flwr][INFO] - aggregate_fit: received 5 results and 0 failures
[2024-09-19 02:22:47,475][flwr][INFO] - fit progress: (57, 112.13760906457901, {'accuracy': 0.6343174510377083}, 1796.9822620539926)
[2024-09-19 02:22:47,475][flwr][INFO] - configure_evaluate: strategy sampled 2 clients (out of 50)
[2024-09-19 02:22:50,742][flwr][INFO] - aggregate_evaluate: received 2 results and 0 failures
[2024-09-19 02:22:50,743][flwr][INFO] - 
[2024-09-19 02:22:50,743][flwr][INFO] - [ROUND 58]
[2024-09-19 02:22:50,743][flwr][INFO] - configure_fit: strategy sampled 5 clients (out of 50)
[2024-09-19 02:23:08,723][flwr][INFO] - aggregate_fit: received 5 results and 0 failures
[2024-09-19 02:23:20,051][flwr][INFO] - fit progress: (58, 103.78610754013062, {'accuracy': 0.6316866413329436}, 1829.5588218229823)
[2024-09-19 02:23:20,052][flwr][INFO] - configure_evaluate: strategy sampled 2 clients (out of 50)
[2024-09-19 02:23:23,997][flwr][INFO] - aggregate_evaluate: received 2 results and 0 failures
[2024-09-19 02:23:23,997][flwr][INFO] - 
[2024-09-19 02:23:23,997][flwr][INFO] - [ROUND 59]
[2024-09-19 02:23:23,998][flwr][INFO] - configure_fit: strategy sampled 5 clients (out of 50)
[2024-09-19 02:23:42,275][flwr][INFO] - aggregate_fit: received 5 results and 0 failures
[2024-09-19 02:23:52,952][flwr][INFO] - fit progress: (59, 152.70884311199188, {'accuracy': 0.6240865244080678}, 1862.4592589735985)
[2024-09-19 02:23:52,952][flwr][INFO] - configure_evaluate: strategy sampled 2 clients (out of 50)
[2024-09-19 02:23:56,680][flwr][INFO] - aggregate_evaluate: received 2 results and 0 failures
[2024-09-19 02:23:56,680][flwr][INFO] - 
[2024-09-19 02:23:56,680][flwr][INFO] - [ROUND 60]
[2024-09-19 02:23:56,680][flwr][INFO] - configure_fit: strategy sampled 5 clients (out of 50)
[2024-09-19 02:24:12,659][flwr][INFO] - aggregate_fit: received 5 results and 0 failures
[2024-09-19 02:24:24,021][flwr][INFO] - fit progress: (60, 116.46283572912216, {'accuracy': 0.6106401636948261}, 1893.5282552428544)
[2024-09-19 02:24:24,021][flwr][INFO] - configure_evaluate: strategy sampled 2 clients (out of 50)
[2024-09-19 02:24:27,456][flwr][INFO] - aggregate_evaluate: received 2 results and 0 failures
[2024-09-19 02:24:27,456][flwr][INFO] - 
[2024-09-19 02:24:27,456][flwr][INFO] - [ROUND 61]
[2024-09-19 02:24:27,456][flwr][INFO] - configure_fit: strategy sampled 5 clients (out of 50)
[2024-09-19 02:24:45,432][flwr][INFO] - aggregate_fit: received 5 results and 0 failures
[2024-09-19 02:24:55,908][flwr][INFO] - fit progress: (61, 103.19145119190216, {'accuracy': 0.6062554808535516}, 1925.4154395088553)
[2024-09-19 02:24:55,908][flwr][INFO] - configure_evaluate: strategy sampled 2 clients (out of 50)
[2024-09-19 02:24:59,324][flwr][INFO] - aggregate_evaluate: received 2 results and 0 failures
[2024-09-19 02:24:59,324][flwr][INFO] - 
[2024-09-19 02:24:59,324][flwr][INFO] - [ROUND 62]
[2024-09-19 02:24:59,324][flwr][INFO] - configure_fit: strategy sampled 5 clients (out of 50)
[2024-09-19 02:25:14,938][flwr][INFO] - aggregate_fit: received 5 results and 0 failures
[2024-09-19 02:25:25,679][flwr][INFO] - fit progress: (62, 106.41762924194336, {'accuracy': 0.6465945629932768}, 1955.1865340378135)
[2024-09-19 02:25:25,679][flwr][INFO] - configure_evaluate: strategy sampled 2 clients (out of 50)
[2024-09-19 02:25:28,990][flwr][INFO] - aggregate_evaluate: received 2 results and 0 failures
[2024-09-19 02:25:28,991][flwr][INFO] - 
[2024-09-19 02:25:28,991][flwr][INFO] - [ROUND 63]
[2024-09-19 02:25:28,991][flwr][INFO] - configure_fit: strategy sampled 5 clients (out of 50)
[2024-09-19 02:25:45,548][flwr][INFO] - aggregate_fit: received 5 results and 0 failures
[2024-09-19 02:25:56,712][flwr][INFO] - fit progress: (63, 124.14261668920517, {'accuracy': 0.56357790119848}, 1986.2193286539987)
[2024-09-19 02:25:56,712][flwr][INFO] - configure_evaluate: strategy sampled 2 clients (out of 50)
[2024-09-19 02:26:00,343][flwr][INFO] - aggregate_evaluate: received 2 results and 0 failures
[2024-09-19 02:26:00,344][flwr][INFO] - 
[2024-09-19 02:26:00,344][flwr][INFO] - [ROUND 64]
[2024-09-19 02:26:00,344][flwr][INFO] - configure_fit: strategy sampled 5 clients (out of 50)
[2024-09-19 02:26:19,388][flwr][INFO] - aggregate_fit: received 5 results and 0 failures
[2024-09-19 02:26:30,044][flwr][INFO] - fit progress: (64, 120.36588597297668, {'accuracy': 0.5919321835720549}, 2019.5515353186056)
[2024-09-19 02:26:30,044][flwr][INFO] - configure_evaluate: strategy sampled 2 clients (out of 50)
[2024-09-19 02:26:33,738][flwr][INFO] - aggregate_evaluate: received 2 results and 0 failures
[2024-09-19 02:26:33,739][flwr][INFO] - 
[2024-09-19 02:26:33,739][flwr][INFO] - [ROUND 65]
[2024-09-19 02:26:33,739][flwr][INFO] - configure_fit: strategy sampled 5 clients (out of 50)
[2024-09-19 02:26:49,227][flwr][INFO] - aggregate_fit: received 5 results and 0 failures
[2024-09-19 02:26:59,780][flwr][INFO] - fit progress: (65, 113.3253830075264, {'accuracy': 0.5957322420344928}, 2049.2876993366517)
[2024-09-19 02:26:59,780][flwr][INFO] - configure_evaluate: strategy sampled 2 clients (out of 50)
[2024-09-19 02:27:03,620][flwr][INFO] - aggregate_evaluate: received 2 results and 0 failures
[2024-09-19 02:27:03,620][flwr][INFO] - 
[2024-09-19 02:27:03,620][flwr][INFO] - [ROUND 66]
[2024-09-19 02:27:03,621][flwr][INFO] - configure_fit: strategy sampled 5 clients (out of 50)
[2024-09-19 02:27:20,940][flwr][INFO] - aggregate_fit: received 5 results and 0 failures
[2024-09-19 02:27:31,894][flwr][INFO] - fit progress: (66, 102.45178985595703, {'accuracy': 0.6743642209880152}, 2081.402070248034)
[2024-09-19 02:27:31,895][flwr][INFO] - configure_evaluate: strategy sampled 2 clients (out of 50)
[2024-09-19 02:27:34,960][flwr][INFO] - aggregate_evaluate: received 2 results and 0 failures
[2024-09-19 02:27:34,960][flwr][INFO] - 
[2024-09-19 02:27:34,960][flwr][INFO] - [ROUND 67]
[2024-09-19 02:27:34,960][flwr][INFO] - configure_fit: strategy sampled 5 clients (out of 50)
[2024-09-19 02:27:52,607][flwr][INFO] - aggregate_fit: received 5 results and 0 failures
[2024-09-19 02:28:04,078][flwr][INFO] - fit progress: (67, 108.33032584190369, {'accuracy': 0.6074247296112247}, 2113.586204504594)
[2024-09-19 02:28:04,079][flwr][INFO] - configure_evaluate: strategy sampled 2 clients (out of 50)
[2024-09-19 02:28:07,473][flwr][INFO] - aggregate_evaluate: received 2 results and 0 failures
[2024-09-19 02:28:07,473][flwr][INFO] - 
[2024-09-19 02:28:07,473][flwr][INFO] - [ROUND 68]
[2024-09-19 02:28:07,474][flwr][INFO] - configure_fit: strategy sampled 5 clients (out of 50)
[2024-09-19 02:28:25,202][flwr][INFO] - aggregate_fit: received 5 results and 0 failures
[2024-09-19 02:28:37,372][flwr][INFO] - fit progress: (68, 121.23815500736237, {'accuracy': 0.6042092955276235}, 2146.8797448067926)
[2024-09-19 02:28:37,372][flwr][INFO] - configure_evaluate: strategy sampled 2 clients (out of 50)
[2024-09-19 02:28:40,631][flwr][INFO] - aggregate_evaluate: received 2 results and 0 failures
[2024-09-19 02:28:40,632][flwr][INFO] - 
[2024-09-19 02:28:40,632][flwr][INFO] - [ROUND 69]
[2024-09-19 02:28:40,632][flwr][INFO] - configure_fit: strategy sampled 5 clients (out of 50)
[2024-09-19 02:28:57,946][flwr][INFO] - aggregate_fit: received 5 results and 0 failures
[2024-09-19 02:29:09,465][flwr][INFO] - fit progress: (69, 118.80026492476463, {'accuracy': 0.5717626425021923}, 2178.9726202106103)
[2024-09-19 02:29:09,465][flwr][INFO] - configure_evaluate: strategy sampled 2 clients (out of 50)
[2024-09-19 02:29:12,716][flwr][INFO] - aggregate_evaluate: received 2 results and 0 failures
[2024-09-19 02:29:12,716][flwr][INFO] - 
[2024-09-19 02:29:12,716][flwr][INFO] - [ROUND 70]
[2024-09-19 02:29:12,716][flwr][INFO] - configure_fit: strategy sampled 5 clients (out of 50)
[2024-09-19 02:29:29,175][flwr][INFO] - aggregate_fit: received 5 results and 0 failures
[2024-09-19 02:29:40,506][flwr][INFO] - fit progress: (70, 109.63564312458038, {'accuracy': 0.6518561824028062}, 2210.0142285767943)
[2024-09-19 02:29:40,507][flwr][INFO] - configure_evaluate: strategy sampled 2 clients (out of 50)
[2024-09-19 02:29:43,773][flwr][INFO] - aggregate_evaluate: received 2 results and 0 failures
[2024-09-19 02:29:43,773][flwr][INFO] - 
[2024-09-19 02:29:43,773][flwr][INFO] - [ROUND 71]
[2024-09-19 02:29:43,773][flwr][INFO] - configure_fit: strategy sampled 5 clients (out of 50)
[2024-09-19 02:30:01,322][flwr][INFO] - aggregate_fit: received 5 results and 0 failures
[2024-09-19 02:30:12,246][flwr][INFO] - fit progress: (71, 123.66480594873428, {'accuracy': 0.5697164571762643}, 2241.753383058589)
[2024-09-19 02:30:12,246][flwr][INFO] - configure_evaluate: strategy sampled 2 clients (out of 50)
[2024-09-19 02:30:15,588][flwr][INFO] - aggregate_evaluate: received 2 results and 0 failures
[2024-09-19 02:30:15,588][flwr][INFO] - 
[2024-09-19 02:30:15,589][flwr][INFO] - [ROUND 72]
[2024-09-19 02:30:15,589][flwr][INFO] - configure_fit: strategy sampled 5 clients (out of 50)
[2024-09-19 02:30:30,585][flwr][INFO] - aggregate_fit: received 5 results and 0 failures
[2024-09-19 02:30:41,365][flwr][INFO] - fit progress: (72, 139.8039231300354, {'accuracy': 0.47413037123648055}, 2270.8722908166237)
[2024-09-19 02:30:41,365][flwr][INFO] - configure_evaluate: strategy sampled 2 clients (out of 50)
[2024-09-19 02:30:44,644][flwr][INFO] - aggregate_evaluate: received 2 results and 0 failures
[2024-09-19 02:30:44,644][flwr][INFO] - 
[2024-09-19 02:30:44,644][flwr][INFO] - [ROUND 73]
[2024-09-19 02:30:44,644][flwr][INFO] - configure_fit: strategy sampled 5 clients (out of 50)
[2024-09-19 02:31:01,812][flwr][INFO] - aggregate_fit: received 5 results and 0 failures
[2024-09-19 02:31:12,705][flwr][INFO] - fit progress: (73, 120.08132040500641, {'accuracy': 0.6094709149371529}, 2302.2123853117228)
[2024-09-19 02:31:12,705][flwr][INFO] - configure_evaluate: strategy sampled 2 clients (out of 50)
[2024-09-19 02:31:16,245][flwr][INFO] - aggregate_evaluate: received 2 results and 0 failures
[2024-09-19 02:31:16,245][flwr][INFO] - 
[2024-09-19 02:31:16,245][flwr][INFO] - [ROUND 74]
[2024-09-19 02:31:16,245][flwr][INFO] - configure_fit: strategy sampled 5 clients (out of 50)
[2024-09-19 02:31:34,025][flwr][INFO] - aggregate_fit: received 5 results and 0 failures
[2024-09-19 02:31:45,079][flwr][INFO] - fit progress: (74, 137.31853473186493, {'accuracy': 0.49722303420052616}, 2334.5862958859652)
[2024-09-19 02:31:45,079][flwr][INFO] - configure_evaluate: strategy sampled 2 clients (out of 50)
[2024-09-19 02:31:48,187][flwr][INFO] - aggregate_evaluate: received 2 results and 0 failures
[2024-09-19 02:31:48,187][flwr][INFO] - 
[2024-09-19 02:31:48,187][flwr][INFO] - [ROUND 75]
[2024-09-19 02:31:48,187][flwr][INFO] - configure_fit: strategy sampled 5 clients (out of 50)
[2024-09-19 02:32:05,719][flwr][INFO] - aggregate_fit: received 5 results and 0 failures
[2024-09-19 02:32:16,534][flwr][INFO] - fit progress: (75, 110.65668314695358, {'accuracy': 0.574393452206957}, 2366.0413507106714)
[2024-09-19 02:32:16,534][flwr][INFO] - configure_evaluate: strategy sampled 2 clients (out of 50)
[2024-09-19 02:32:19,729][flwr][INFO] - aggregate_evaluate: received 2 results and 0 failures
[2024-09-19 02:32:19,729][flwr][INFO] - 
[2024-09-19 02:32:19,729][flwr][INFO] - [ROUND 76]
[2024-09-19 02:32:19,729][flwr][INFO] - configure_fit: strategy sampled 5 clients (out of 50)
[2024-09-19 02:32:34,002][flwr][INFO] - aggregate_fit: received 5 results and 0 failures
[2024-09-19 02:32:44,460][flwr][INFO] - fit progress: (76, 104.19254612922668, {'accuracy': 0.6389944460684011}, 2393.9678870737553)
[2024-09-19 02:32:44,460][flwr][INFO] - configure_evaluate: strategy sampled 2 clients (out of 50)
[2024-09-19 02:32:48,005][flwr][INFO] - aggregate_evaluate: received 2 results and 0 failures
[2024-09-19 02:32:48,005][flwr][INFO] - 
[2024-09-19 02:32:48,005][flwr][INFO] - [ROUND 77]
[2024-09-19 02:32:48,006][flwr][INFO] - configure_fit: strategy sampled 5 clients (out of 50)
[2024-09-19 02:33:06,643][flwr][INFO] - aggregate_fit: received 5 results and 0 failures
[2024-09-19 02:33:17,164][flwr][INFO] - fit progress: (77, 253.69880414009094, {'accuracy': 0.5135925168079509}, 2426.6720786588266)
[2024-09-19 02:33:17,165][flwr][INFO] - configure_evaluate: strategy sampled 2 clients (out of 50)
[2024-09-19 02:33:20,487][flwr][INFO] - aggregate_evaluate: received 2 results and 0 failures
[2024-09-19 02:33:20,487][flwr][INFO] - 
[2024-09-19 02:33:20,487][flwr][INFO] - [ROUND 78]
[2024-09-19 02:33:20,487][flwr][INFO] - configure_fit: strategy sampled 5 clients (out of 50)
[2024-09-19 02:33:36,776][flwr][INFO] - aggregate_fit: received 5 results and 0 failures
[2024-09-19 02:33:48,298][flwr][INFO] - fit progress: (78, 107.25827729701996, {'accuracy': 0.6360713241742181}, 2457.8054726268165)
[2024-09-19 02:33:48,298][flwr][INFO] - configure_evaluate: strategy sampled 2 clients (out of 50)
[2024-09-19 02:33:51,541][flwr][INFO] - aggregate_evaluate: received 2 results and 0 failures
[2024-09-19 02:33:51,541][flwr][INFO] - 
[2024-09-19 02:33:51,541][flwr][INFO] - [ROUND 79]
[2024-09-19 02:33:51,541][flwr][INFO] - configure_fit: strategy sampled 5 clients (out of 50)
[2024-09-19 02:34:08,749][flwr][INFO] - aggregate_fit: received 5 results and 0 failures
[2024-09-19 02:34:20,528][flwr][INFO] - fit progress: (79, 108.66709768772125, {'accuracy': 0.6615024846536101}, 2490.035255764611)
[2024-09-19 02:34:20,528][flwr][INFO] - configure_evaluate: strategy sampled 2 clients (out of 50)
[2024-09-19 02:34:23,743][flwr][INFO] - aggregate_evaluate: received 2 results and 0 failures
[2024-09-19 02:34:23,743][flwr][INFO] - 
[2024-09-19 02:34:23,743][flwr][INFO] - [ROUND 80]
[2024-09-19 02:34:23,744][flwr][INFO] - configure_fit: strategy sampled 5 clients (out of 50)
[2024-09-19 02:34:42,032][flwr][INFO] - aggregate_fit: received 5 results and 0 failures
[2024-09-19 02:34:53,502][flwr][INFO] - fit progress: (80, 162.20438998937607, {'accuracy': 0.5054077755042385}, 2523.0097260880284)
[2024-09-19 02:34:53,502][flwr][INFO] - configure_evaluate: strategy sampled 2 clients (out of 50)
[2024-09-19 02:34:56,656][flwr][INFO] - aggregate_evaluate: received 2 results and 0 failures
[2024-09-19 02:34:56,656][flwr][INFO] - 
[2024-09-19 02:34:56,657][flwr][INFO] - [ROUND 81]
[2024-09-19 02:34:56,657][flwr][INFO] - configure_fit: strategy sampled 5 clients (out of 50)
[2024-09-19 02:35:14,361][flwr][INFO] - aggregate_fit: received 5 results and 0 failures
[2024-09-19 02:35:26,152][flwr][INFO] - fit progress: (81, 96.65868365764618, {'accuracy': 0.6664717918737212}, 2555.659668716602)
[2024-09-19 02:35:26,152][flwr][INFO] - configure_evaluate: strategy sampled 2 clients (out of 50)
[2024-09-19 02:35:29,545][flwr][INFO] - aggregate_evaluate: received 2 results and 0 failures
[2024-09-19 02:35:29,545][flwr][INFO] - 
[2024-09-19 02:35:29,545][flwr][INFO] - [ROUND 82]
[2024-09-19 02:35:29,545][flwr][INFO] - configure_fit: strategy sampled 5 clients (out of 50)
[2024-09-19 02:35:45,186][flwr][INFO] - aggregate_fit: received 5 results and 0 failures
[2024-09-19 02:35:56,631][flwr][INFO] - fit progress: (82, 129.87616029381752, {'accuracy': 0.594855305466238}, 2586.1385798905976)
[2024-09-19 02:35:56,631][flwr][INFO] - configure_evaluate: strategy sampled 2 clients (out of 50)
[2024-09-19 02:35:59,923][flwr][INFO] - aggregate_evaluate: received 2 results and 0 failures
[2024-09-19 02:35:59,923][flwr][INFO] - 
[2024-09-19 02:35:59,924][flwr][INFO] - [ROUND 83]
[2024-09-19 02:35:59,924][flwr][INFO] - configure_fit: strategy sampled 5 clients (out of 50)
[2024-09-19 02:36:15,941][flwr][INFO] - aggregate_fit: received 5 results and 0 failures
[2024-09-19 02:36:27,671][flwr][INFO] - fit progress: (83, 143.30593156814575, {'accuracy': 0.4831920491084478}, 2617.1790037839673)
[2024-09-19 02:36:27,672][flwr][INFO] - configure_evaluate: strategy sampled 2 clients (out of 50)
[2024-09-19 02:36:31,212][flwr][INFO] - aggregate_evaluate: received 2 results and 0 failures
[2024-09-19 02:36:31,212][flwr][INFO] - 
[2024-09-19 02:36:31,212][flwr][INFO] - [ROUND 84]
[2024-09-19 02:36:31,212][flwr][INFO] - configure_fit: strategy sampled 5 clients (out of 50)
[2024-09-19 02:36:47,736][flwr][INFO] - aggregate_fit: received 5 results and 0 failures
[2024-09-19 02:36:58,741][flwr][INFO] - fit progress: (84, 128.7148603796959, {'accuracy': 0.5270388775211926}, 2648.2491047368385)
[2024-09-19 02:36:58,742][flwr][INFO] - configure_evaluate: strategy sampled 2 clients (out of 50)
[2024-09-19 02:37:02,166][flwr][INFO] - aggregate_evaluate: received 2 results and 0 failures
[2024-09-19 02:37:02,166][flwr][INFO] - 
[2024-09-19 02:37:02,166][flwr][INFO] - [ROUND 85]
[2024-09-19 02:37:02,166][flwr][INFO] - configure_fit: strategy sampled 5 clients (out of 50)
[2024-09-19 02:37:19,664][flwr][INFO] - aggregate_fit: received 5 results and 0 failures
[2024-09-19 02:37:30,839][flwr][INFO] - fit progress: (85, 92.90534627437592, {'accuracy': 0.6790412160187079}, 2680.34649661975)
[2024-09-19 02:37:30,839][flwr][INFO] - configure_evaluate: strategy sampled 2 clients (out of 50)
[2024-09-19 02:37:34,026][flwr][INFO] - aggregate_evaluate: received 2 results and 0 failures
[2024-09-19 02:37:34,026][flwr][INFO] - 
[2024-09-19 02:37:34,026][flwr][INFO] - [ROUND 86]
[2024-09-19 02:37:34,027][flwr][INFO] - configure_fit: strategy sampled 5 clients (out of 50)
[2024-09-19 02:37:51,342][flwr][INFO] - aggregate_fit: received 5 results and 0 failures
[2024-09-19 02:38:02,150][flwr][INFO] - fit progress: (86, 145.27456587553024, {'accuracy': 0.5770242619117217}, 2711.6572234136984)
[2024-09-19 02:38:02,150][flwr][INFO] - configure_evaluate: strategy sampled 2 clients (out of 50)
[2024-09-19 02:38:05,400][flwr][INFO] - aggregate_evaluate: received 2 results and 0 failures
[2024-09-19 02:38:05,401][flwr][INFO] - 
[2024-09-19 02:38:05,401][flwr][INFO] - [ROUND 87]
[2024-09-19 02:38:05,401][flwr][INFO] - configure_fit: strategy sampled 5 clients (out of 50)
[2024-09-19 02:38:23,647][flwr][INFO] - aggregate_fit: received 5 results and 0 failures
[2024-09-19 02:38:34,332][flwr][INFO] - fit progress: (87, 146.49718689918518, {'accuracy': 0.5419467991815259}, 2743.839784094598)
[2024-09-19 02:38:34,333][flwr][INFO] - configure_evaluate: strategy sampled 2 clients (out of 50)
[2024-09-19 02:38:37,515][flwr][INFO] - aggregate_evaluate: received 2 results and 0 failures
[2024-09-19 02:38:37,515][flwr][INFO] - 
[2024-09-19 02:38:37,515][flwr][INFO] - [ROUND 88]
[2024-09-19 02:38:37,516][flwr][INFO] - configure_fit: strategy sampled 5 clients (out of 50)
[2024-09-19 02:38:55,048][flwr][INFO] - aggregate_fit: received 5 results and 0 failures
[2024-09-19 02:39:07,197][flwr][INFO] - fit progress: (88, 153.31178092956543, {'accuracy': 0.6270096463022508}, 2776.704347922001)
[2024-09-19 02:39:07,197][flwr][INFO] - configure_evaluate: strategy sampled 2 clients (out of 50)
[2024-09-19 02:39:10,447][flwr][INFO] - aggregate_evaluate: received 2 results and 0 failures
[2024-09-19 02:39:10,447][flwr][INFO] - 
[2024-09-19 02:39:10,447][flwr][INFO] - [ROUND 89]
[2024-09-19 02:39:10,447][flwr][INFO] - configure_fit: strategy sampled 5 clients (out of 50)
[2024-09-19 02:39:27,533][flwr][INFO] - aggregate_fit: received 5 results and 0 failures
[2024-09-19 02:39:39,171][flwr][INFO] - fit progress: (89, 110.6896703839302, {'accuracy': 0.6632563577901198}, 2808.678257626947)
[2024-09-19 02:39:39,171][flwr][INFO] - configure_evaluate: strategy sampled 2 clients (out of 50)
[2024-09-19 02:39:42,379][flwr][INFO] - aggregate_evaluate: received 2 results and 0 failures
[2024-09-19 02:39:42,380][flwr][INFO] - 
[2024-09-19 02:39:42,380][flwr][INFO] - [ROUND 90]
[2024-09-19 02:39:42,380][flwr][INFO] - configure_fit: strategy sampled 5 clients (out of 50)
[2024-09-19 02:39:58,117][flwr][INFO] - aggregate_fit: received 5 results and 0 failures
[2024-09-19 02:40:09,571][flwr][INFO] - fit progress: (90, 115.14084666967392, {'accuracy': 0.6030400467699503}, 2839.0785334226675)
[2024-09-19 02:40:09,571][flwr][INFO] - configure_evaluate: strategy sampled 2 clients (out of 50)
[2024-09-19 02:40:12,849][flwr][INFO] - aggregate_evaluate: received 2 results and 0 failures
[2024-09-19 02:40:12,849][flwr][INFO] - 
[2024-09-19 02:40:12,849][flwr][INFO] - [ROUND 91]
[2024-09-19 02:40:12,849][flwr][INFO] - configure_fit: strategy sampled 5 clients (out of 50)
[2024-09-19 02:40:28,320][flwr][INFO] - aggregate_fit: received 5 results and 0 failures
[2024-09-19 02:40:39,130][flwr][INFO] - fit progress: (91, 135.78030490875244, {'accuracy': 0.4858228588132125}, 2868.637871060986)
[2024-09-19 02:40:39,130][flwr][INFO] - configure_evaluate: strategy sampled 2 clients (out of 50)
[2024-09-19 02:40:42,309][flwr][INFO] - aggregate_evaluate: received 2 results and 0 failures
[2024-09-19 02:40:42,310][flwr][INFO] - 
[2024-09-19 02:40:42,310][flwr][INFO] - [ROUND 92]
[2024-09-19 02:40:42,310][flwr][INFO] - configure_fit: strategy sampled 5 clients (out of 50)
[2024-09-19 02:40:59,285][flwr][INFO] - aggregate_fit: received 5 results and 0 failures
[2024-09-19 02:41:10,704][flwr][INFO] - fit progress: (92, 129.87978738546371, {'accuracy': 0.5624086524408067}, 2900.212207769975)
[2024-09-19 02:41:10,705][flwr][INFO] - configure_evaluate: strategy sampled 2 clients (out of 50)
[2024-09-19 02:41:14,048][flwr][INFO] - aggregate_evaluate: received 2 results and 0 failures
[2024-09-19 02:41:14,049][flwr][INFO] - 
[2024-09-19 02:41:14,049][flwr][INFO] - [ROUND 93]
[2024-09-19 02:41:14,049][flwr][INFO] - configure_fit: strategy sampled 5 clients (out of 50)
[2024-09-19 02:41:30,143][flwr][INFO] - aggregate_fit: received 5 results and 0 failures
[2024-09-19 02:41:40,538][flwr][INFO] - fit progress: (93, 151.8742082118988, {'accuracy': 0.6083016661794797}, 2930.045540075749)
[2024-09-19 02:41:40,538][flwr][INFO] - configure_evaluate: strategy sampled 2 clients (out of 50)
[2024-09-19 02:41:43,815][flwr][INFO] - aggregate_evaluate: received 2 results and 0 failures
[2024-09-19 02:41:43,815][flwr][INFO] - 
[2024-09-19 02:41:43,815][flwr][INFO] - [ROUND 94]
[2024-09-19 02:41:43,815][flwr][INFO] - configure_fit: strategy sampled 5 clients (out of 50)
[2024-09-19 02:42:01,185][flwr][INFO] - aggregate_fit: received 5 results and 0 failures
[2024-09-19 02:42:11,978][flwr][INFO] - fit progress: (94, 110.60004729032516, {'accuracy': 0.64776381175095}, 2961.4857584945858)
[2024-09-19 02:42:11,978][flwr][INFO] - configure_evaluate: strategy sampled 2 clients (out of 50)
[2024-09-19 02:42:15,088][flwr][INFO] - aggregate_evaluate: received 2 results and 0 failures
[2024-09-19 02:42:15,088][flwr][INFO] - 
[2024-09-19 02:42:15,088][flwr][INFO] - [ROUND 95]
[2024-09-19 02:42:15,088][flwr][INFO] - configure_fit: strategy sampled 5 clients (out of 50)
[2024-09-19 02:42:30,635][flwr][INFO] - aggregate_fit: received 5 results and 0 failures
[2024-09-19 02:42:41,634][flwr][INFO] - fit progress: (95, 121.20628291368484, {'accuracy': 0.5545162233265127}, 2991.1417838106863)
[2024-09-19 02:42:41,635][flwr][INFO] - configure_evaluate: strategy sampled 2 clients (out of 50)
[2024-09-19 02:42:44,771][flwr][INFO] - aggregate_evaluate: received 2 results and 0 failures
[2024-09-19 02:42:44,771][flwr][INFO] - 
[2024-09-19 02:42:44,771][flwr][INFO] - [ROUND 96]
[2024-09-19 02:42:44,771][flwr][INFO] - configure_fit: strategy sampled 5 clients (out of 50)
[2024-09-19 02:43:00,969][flwr][INFO] - aggregate_fit: received 5 results and 0 failures
[2024-09-19 02:43:11,192][flwr][INFO] - fit progress: (96, 122.36884438991547, {'accuracy': 0.5974861151710026}, 3020.699896278791)
[2024-09-19 02:43:11,192][flwr][INFO] - configure_evaluate: strategy sampled 2 clients (out of 50)
[2024-09-19 02:43:14,375][flwr][INFO] - aggregate_evaluate: received 2 results and 0 failures
[2024-09-19 02:43:14,375][flwr][INFO] - 
[2024-09-19 02:43:14,375][flwr][INFO] - [ROUND 97]
[2024-09-19 02:43:14,375][flwr][INFO] - configure_fit: strategy sampled 5 clients (out of 50)
[2024-09-19 02:43:29,735][flwr][INFO] - aggregate_fit: received 5 results and 0 failures
[2024-09-19 02:43:39,774][flwr][INFO] - fit progress: (97, 111.48686599731445, {'accuracy': 0.5866705641625256}, 3049.2815897678956)
[2024-09-19 02:43:39,774][flwr][INFO] - configure_evaluate: strategy sampled 2 clients (out of 50)
[2024-09-19 02:43:43,106][flwr][INFO] - aggregate_evaluate: received 2 results and 0 failures
[2024-09-19 02:43:43,106][flwr][INFO] - 
[2024-09-19 02:43:43,106][flwr][INFO] - [ROUND 98]
[2024-09-19 02:43:43,106][flwr][INFO] - configure_fit: strategy sampled 5 clients (out of 50)
[2024-09-19 02:44:00,066][flwr][INFO] - aggregate_fit: received 5 results and 0 failures
[2024-09-19 02:44:10,853][flwr][INFO] - fit progress: (98, 112.09988927841187, {'accuracy': 0.6088862905583163}, 3080.360611104872)
[2024-09-19 02:44:10,853][flwr][INFO] - configure_evaluate: strategy sampled 2 clients (out of 50)
[2024-09-19 02:44:14,257][flwr][INFO] - aggregate_evaluate: received 2 results and 0 failures
[2024-09-19 02:44:14,257][flwr][INFO] - 
[2024-09-19 02:44:14,257][flwr][INFO] - [ROUND 99]
[2024-09-19 02:44:14,258][flwr][INFO] - configure_fit: strategy sampled 5 clients (out of 50)
[2024-09-19 02:44:31,281][flwr][INFO] - aggregate_fit: received 5 results and 0 failures
[2024-09-19 02:44:42,013][flwr][INFO] - fit progress: (99, 92.25294649600983, {'accuracy': 0.6796258403975446}, 3111.520921047777)
[2024-09-19 02:44:42,014][flwr][INFO] - configure_evaluate: strategy sampled 2 clients (out of 50)
[2024-09-19 02:44:45,404][flwr][INFO] - aggregate_evaluate: received 2 results and 0 failures
[2024-09-19 02:44:45,405][flwr][INFO] - 
[2024-09-19 02:44:45,405][flwr][INFO] - [ROUND 100]
[2024-09-19 02:44:45,405][flwr][INFO] - configure_fit: strategy sampled 5 clients (out of 50)
[2024-09-19 02:45:02,480][flwr][INFO] - aggregate_fit: received 5 results and 0 failures
[2024-09-19 02:45:13,612][flwr][INFO] - fit progress: (100, 143.56284230947495, {'accuracy': 0.636948260742473}, 3143.1194809828885)
[2024-09-19 02:45:13,612][flwr][INFO] - configure_evaluate: strategy sampled 2 clients (out of 50)
[2024-09-19 02:45:16,746][flwr][INFO] - aggregate_evaluate: received 2 results and 0 failures
[2024-09-19 02:45:16,908][flwr][INFO] - 
[2024-09-19 02:45:16,908][flwr][INFO] - [SUMMARY]
[2024-09-19 02:45:16,908][flwr][INFO] - Run finished 100 round(s) in 3146.25s
[2024-09-19 02:45:16,912][flwr][INFO] - 	History (loss, distributed):
[2024-09-19 02:45:16,929][flwr][INFO] - 		round 1: 2.1379268420370003
[2024-09-19 02:45:16,929][flwr][INFO] - 		round 2: 2.105404116890647
[2024-09-19 02:45:16,929][flwr][INFO] - 		round 3: 2.2034691788933496
[2024-09-19 02:45:16,929][flwr][INFO] - 		round 4: 2.314413821697235
[2024-09-19 02:45:16,930][flwr][INFO] - 		round 5: 2.032469871432282
[2024-09-19 02:45:16,930][flwr][INFO] - 		round 6: 1.9881878990237996
[2024-09-19 02:45:16,930][flwr][INFO] - 		round 7: 2.0378920253442256
[2024-09-19 02:45:16,930][flwr][INFO] - 		round 8: 2.7924035812946078
[2024-09-19 02:45:16,930][flwr][INFO] - 		round 9: 2.041276623805364
[2024-09-19 02:45:16,930][flwr][INFO] - 		round 10: 2.0005727043518653
[2024-09-19 02:45:16,930][flwr][INFO] - 		round 11: 2.1309312022462183
[2024-09-19 02:45:16,930][flwr][INFO] - 		round 12: 2.2290611802315223
[2024-09-19 02:45:16,930][flwr][INFO] - 		round 13: 1.9294757318496705
[2024-09-19 02:45:16,930][flwr][INFO] - 		round 14: 2.706727516360399
[2024-09-19 02:45:16,930][flwr][INFO] - 		round 15: 2.0190152486165363
[2024-09-19 02:45:16,930][flwr][INFO] - 		round 16: 1.921202113231023
[2024-09-19 02:45:16,930][flwr][INFO] - 		round 17: 1.5834295153617859
[2024-09-19 02:45:16,930][flwr][INFO] - 		round 18: 1.1316679869928667
[2024-09-19 02:45:16,930][flwr][INFO] - 		round 19: 2.4436142444610596
[2024-09-19 02:45:16,930][flwr][INFO] - 		round 20: 1.2751142149386199
[2024-09-19 02:45:16,930][flwr][INFO] - 		round 21: 1.1194538388933455
[2024-09-19 02:45:16,930][flwr][INFO] - 		round 22: 0.8338997066020966
[2024-09-19 02:45:16,931][flwr][INFO] - 		round 23: 1.4761624119498513
[2024-09-19 02:45:16,931][flwr][INFO] - 		round 24: 1.092798041847517
[2024-09-19 02:45:16,931][flwr][INFO] - 		round 25: 1.5609679371118546
[2024-09-19 02:45:16,931][flwr][INFO] - 		round 26: 0.7692668461332134
[2024-09-19 02:45:16,931][flwr][INFO] - 		round 27: 3.579732242383455
[2024-09-19 02:45:16,931][flwr][INFO] - 		round 28: 1.600274822291206
[2024-09-19 02:45:16,931][flwr][INFO] - 		round 29: 1.0684103111051164
[2024-09-19 02:45:16,931][flwr][INFO] - 		round 30: 1.7512205053459515
[2024-09-19 02:45:16,931][flwr][INFO] - 		round 31: 1.3907973051071167
[2024-09-19 02:45:16,931][flwr][INFO] - 		round 32: 1.9693759655952454
[2024-09-19 02:45:16,931][flwr][INFO] - 		round 33: 1.3182821506407203
[2024-09-19 02:45:16,931][flwr][INFO] - 		round 34: 1.2433310580808064
[2024-09-19 02:45:16,931][flwr][INFO] - 		round 35: 0.9819469071449117
[2024-09-19 02:45:16,931][flwr][INFO] - 		round 36: 1.169527265490318
[2024-09-19 02:45:16,931][flwr][INFO] - 		round 37: 1.1701191480343158
[2024-09-19 02:45:16,931][flwr][INFO] - 		round 38: 1.0835373757178324
[2024-09-19 02:45:16,931][flwr][INFO] - 		round 39: 2.02718825340271
[2024-09-19 02:45:16,931][flwr][INFO] - 		round 40: 1.1054575630262786
[2024-09-19 02:45:16,931][flwr][INFO] - 		round 41: 1.1059513432638985
[2024-09-19 02:45:16,932][flwr][INFO] - 		round 42: 1.6840793421102125
[2024-09-19 02:45:16,932][flwr][INFO] - 		round 43: 1.3941739723086357
[2024-09-19 02:45:16,932][flwr][INFO] - 		round 44: 1.1069836169481277
[2024-09-19 02:45:16,932][flwr][INFO] - 		round 45: 1.3615961968898773
[2024-09-19 02:45:16,932][flwr][INFO] - 		round 46: 1.271426792238273
[2024-09-19 02:45:16,932][flwr][INFO] - 		round 47: 1.0216545749593664
[2024-09-19 02:45:16,932][flwr][INFO] - 		round 48: 1.3184314555135266
[2024-09-19 02:45:16,932][flwr][INFO] - 		round 49: 0.8800712422448762
[2024-09-19 02:45:16,932][flwr][INFO] - 		round 50: 0.7390459974606832
[2024-09-19 02:45:16,932][flwr][INFO] - 		round 51: 0.9882506716926143
[2024-09-19 02:45:16,932][flwr][INFO] - 		round 52: 0.9556532994560574
[2024-09-19 02:45:16,932][flwr][INFO] - 		round 53: 0.8025429650794628
[2024-09-19 02:45:16,932][flwr][INFO] - 		round 54: 1.3080054998397828
[2024-09-19 02:45:16,932][flwr][INFO] - 		round 55: 1.1198886660012333
[2024-09-19 02:45:16,932][flwr][INFO] - 		round 56: 1.3809407621622085
[2024-09-19 02:45:16,932][flwr][INFO] - 		round 57: 0.9596105438691599
[2024-09-19 02:45:16,932][flwr][INFO] - 		round 58: 1.3919278355531914
[2024-09-19 02:45:16,932][flwr][INFO] - 		round 59: 1.2057923120364809
[2024-09-19 02:45:16,932][flwr][INFO] - 		round 60: 1.0202640190459134
[2024-09-19 02:45:16,933][flwr][INFO] - 		round 61: 0.8865169248682387
[2024-09-19 02:45:16,933][flwr][INFO] - 		round 62: 1.109135982941608
[2024-09-19 02:45:16,933][flwr][INFO] - 		round 63: 0.991633303463459
[2024-09-19 02:45:16,933][flwr][INFO] - 		round 64: 1.4147302668269088
[2024-09-19 02:45:16,933][flwr][INFO] - 		round 65: 1.0051019854015775
[2024-09-19 02:45:16,933][flwr][INFO] - 		round 66: 0.8855269284958535
[2024-09-19 02:45:16,933][flwr][INFO] - 		round 67: 0.8382431234953538
[2024-09-19 02:45:16,933][flwr][INFO] - 		round 68: 1.195506613701582
[2024-09-19 02:45:16,933][flwr][INFO] - 		round 69: 1.3856036833354406
[2024-09-19 02:45:16,933][flwr][INFO] - 		round 70: 0.9912770962228581
[2024-09-19 02:45:16,933][flwr][INFO] - 		round 71: 1.6514514851015667
[2024-09-19 02:45:16,933][flwr][INFO] - 		round 72: 1.3595919889562271
[2024-09-19 02:45:16,933][flwr][INFO] - 		round 73: 1.0700135218600433
[2024-09-19 02:45:16,933][flwr][INFO] - 		round 74: 1.7211880726473672
[2024-09-19 02:45:16,933][flwr][INFO] - 		round 75: 1.0408105850219727
[2024-09-19 02:45:16,933][flwr][INFO] - 		round 76: 0.6905842870473862
[2024-09-19 02:45:16,933][flwr][INFO] - 		round 77: 1.6850778046300856
[2024-09-19 02:45:16,933][flwr][INFO] - 		round 78: 1.0880918673106603
[2024-09-19 02:45:16,934][flwr][INFO] - 		round 79: 1.7989235990925838
[2024-09-19 02:45:16,934][flwr][INFO] - 		round 80: 1.1558943683450873
[2024-09-19 02:45:16,934][flwr][INFO] - 		round 81: 0.9127238212629806
[2024-09-19 02:45:16,934][flwr][INFO] - 		round 82: 1.214579169656716
[2024-09-19 02:45:16,934][flwr][INFO] - 		round 83: 1.2241830825805664
[2024-09-19 02:45:16,934][flwr][INFO] - 		round 84: 1.0918180292302913
[2024-09-19 02:45:16,934][flwr][INFO] - 		round 85: 0.7934510425517434
[2024-09-19 02:45:16,934][flwr][INFO] - 		round 86: 0.9815666052428159
[2024-09-19 02:45:16,934][flwr][INFO] - 		round 87: 1.825748896598816
[2024-09-19 02:45:16,934][flwr][INFO] - 		round 88: 1.5014747358718008
[2024-09-19 02:45:16,934][flwr][INFO] - 		round 89: 1.2190418268243473
[2024-09-19 02:45:16,935][flwr][INFO] - 		round 90: 1.1082294702529907
[2024-09-19 02:45:16,935][flwr][INFO] - 		round 91: 1.2468791424103502
[2024-09-19 02:45:16,935][flwr][INFO] - 		round 92: 1.277680468559265
[2024-09-19 02:45:16,935][flwr][INFO] - 		round 93: 1.6206951008902655
[2024-09-19 02:45:16,935][flwr][INFO] - 		round 94: 0.9050041156656602
[2024-09-19 02:45:16,935][flwr][INFO] - 		round 95: 1.2456574676171788
[2024-09-19 02:45:16,936][flwr][INFO] - 		round 96: 0.9403249104817708
[2024-09-19 02:45:16,936][flwr][INFO] - 		round 97: 1.1589224871168746
[2024-09-19 02:45:16,936][flwr][INFO] - 		round 98: 0.8501295226591604
[2024-09-19 02:45:16,936][flwr][INFO] - 		round 99: 1.5740982592105865
[2024-09-19 02:45:16,936][flwr][INFO] - 		round 100: 2.060090369366585
[2024-09-19 02:45:16,936][flwr][INFO] - 	History (loss, centralized):
[2024-09-19 02:45:16,936][flwr][INFO] - 		round 0: 231.18093633651733
[2024-09-19 02:45:16,936][flwr][INFO] - 		round 1: 225.90068316459656
[2024-09-19 02:45:16,937][flwr][INFO] - 		round 2: 223.72468900680542
[2024-09-19 02:45:16,937][flwr][INFO] - 		round 3: 231.04934287071228
[2024-09-19 02:45:16,937][flwr][INFO] - 		round 4: 221.8717783689499
[2024-09-19 02:45:16,937][flwr][INFO] - 		round 5: 221.16156947612762
[2024-09-19 02:45:16,937][flwr][INFO] - 		round 6: 217.24484598636627
[2024-09-19 02:45:16,937][flwr][INFO] - 		round 7: 217.25225281715393
[2024-09-19 02:45:16,937][flwr][INFO] - 		round 8: 244.84720766544342
[2024-09-19 02:45:16,937][flwr][INFO] - 		round 9: 217.0252239704132
[2024-09-19 02:45:16,937][flwr][INFO] - 		round 10: 227.20001983642578
[2024-09-19 02:45:16,937][flwr][INFO] - 		round 11: 230.65197134017944
[2024-09-19 02:45:16,937][flwr][INFO] - 		round 12: 230.45417547225952
[2024-09-19 02:45:16,937][flwr][INFO] - 		round 13: 216.4691572189331
[2024-09-19 02:45:16,937][flwr][INFO] - 		round 14: 224.12807893753052
[2024-09-19 02:45:16,937][flwr][INFO] - 		round 15: 211.57774674892426
[2024-09-19 02:45:16,937][flwr][INFO] - 		round 16: 217.66058146953583
[2024-09-19 02:45:16,937][flwr][INFO] - 		round 17: 185.13709914684296
[2024-09-19 02:45:16,938][flwr][INFO] - 		round 18: 183.86075103282928
[2024-09-19 02:45:16,938][flwr][INFO] - 		round 19: 226.23645961284637
[2024-09-19 02:45:16,938][flwr][INFO] - 		round 20: 172.12392342090607
[2024-09-19 02:45:16,938][flwr][INFO] - 		round 21: 168.37626671791077
[2024-09-19 02:45:16,938][flwr][INFO] - 		round 22: 147.76264548301697
[2024-09-19 02:45:16,938][flwr][INFO] - 		round 23: 166.68377590179443
[2024-09-19 02:45:16,938][flwr][INFO] - 		round 24: 164.3041976094246
[2024-09-19 02:45:16,938][flwr][INFO] - 		round 25: 152.85292768478394
[2024-09-19 02:45:16,938][flwr][INFO] - 		round 26: 142.05648416280746
[2024-09-19 02:45:16,938][flwr][INFO] - 		round 27: 275.09235072135925
[2024-09-19 02:45:16,938][flwr][INFO] - 		round 28: 142.71416413784027
[2024-09-19 02:45:16,938][flwr][INFO] - 		round 29: 130.12055480480194
[2024-09-19 02:45:16,938][flwr][INFO] - 		round 30: 127.45210939645767
[2024-09-19 02:45:16,938][flwr][INFO] - 		round 31: 145.54438042640686
[2024-09-19 02:45:16,938][flwr][INFO] - 		round 32: 184.9215801358223
[2024-09-19 02:45:16,938][flwr][INFO] - 		round 33: 135.43755745887756
[2024-09-19 02:45:16,938][flwr][INFO] - 		round 34: 135.45760613679886
[2024-09-19 02:45:16,938][flwr][INFO] - 		round 35: 133.72947883605957
[2024-09-19 02:45:16,938][flwr][INFO] - 		round 36: 160.77079367637634
[2024-09-19 02:45:16,939][flwr][INFO] - 		round 37: 128.77284038066864
[2024-09-19 02:45:16,939][flwr][INFO] - 		round 38: 146.83281058073044
[2024-09-19 02:45:16,939][flwr][INFO] - 		round 39: 182.4949643611908
[2024-09-19 02:45:16,939][flwr][INFO] - 		round 40: 138.17833989858627
[2024-09-19 02:45:16,939][flwr][INFO] - 		round 41: 107.66123008728027
[2024-09-19 02:45:16,939][flwr][INFO] - 		round 42: 115.6107160449028
[2024-09-19 02:45:16,939][flwr][INFO] - 		round 43: 121.37965822219849
[2024-09-19 02:45:16,939][flwr][INFO] - 		round 44: 155.24681901931763
[2024-09-19 02:45:16,939][flwr][INFO] - 		round 45: 137.16909474134445
[2024-09-19 02:45:16,939][flwr][INFO] - 		round 46: 125.20590472221375
[2024-09-19 02:45:16,939][flwr][INFO] - 		round 47: 129.3050422668457
[2024-09-19 02:45:16,939][flwr][INFO] - 		round 48: 120.0361362695694
[2024-09-19 02:45:16,939][flwr][INFO] - 		round 49: 97.8707966208458
[2024-09-19 02:45:16,939][flwr][INFO] - 		round 50: 110.58370098471642
[2024-09-19 02:45:16,939][flwr][INFO] - 		round 51: 140.18579995632172
[2024-09-19 02:45:16,939][flwr][INFO] - 		round 52: 126.74989348649979
[2024-09-19 02:45:16,939][flwr][INFO] - 		round 53: 113.6307657957077
[2024-09-19 02:45:16,939][flwr][INFO] - 		round 54: 123.19367879629135
[2024-09-19 02:45:16,940][flwr][INFO] - 		round 55: 103.28420186042786
[2024-09-19 02:45:16,940][flwr][INFO] - 		round 56: 144.46217474341393
[2024-09-19 02:45:16,940][flwr][INFO] - 		round 57: 112.13760906457901
[2024-09-19 02:45:16,940][flwr][INFO] - 		round 58: 103.78610754013062
[2024-09-19 02:45:16,940][flwr][INFO] - 		round 59: 152.70884311199188
[2024-09-19 02:45:16,940][flwr][INFO] - 		round 60: 116.46283572912216
[2024-09-19 02:45:16,940][flwr][INFO] - 		round 61: 103.19145119190216
[2024-09-19 02:45:16,940][flwr][INFO] - 		round 62: 106.41762924194336
[2024-09-19 02:45:16,940][flwr][INFO] - 		round 63: 124.14261668920517
[2024-09-19 02:45:16,940][flwr][INFO] - 		round 64: 120.36588597297668
[2024-09-19 02:45:16,940][flwr][INFO] - 		round 65: 113.3253830075264
[2024-09-19 02:45:16,940][flwr][INFO] - 		round 66: 102.45178985595703
[2024-09-19 02:45:16,940][flwr][INFO] - 		round 67: 108.33032584190369
[2024-09-19 02:45:16,940][flwr][INFO] - 		round 68: 121.23815500736237
[2024-09-19 02:45:16,940][flwr][INFO] - 		round 69: 118.80026492476463
[2024-09-19 02:45:16,940][flwr][INFO] - 		round 70: 109.63564312458038
[2024-09-19 02:45:16,940][flwr][INFO] - 		round 71: 123.66480594873428
[2024-09-19 02:45:16,940][flwr][INFO] - 		round 72: 139.8039231300354
[2024-09-19 02:45:16,940][flwr][INFO] - 		round 73: 120.08132040500641
[2024-09-19 02:45:16,941][flwr][INFO] - 		round 74: 137.31853473186493
[2024-09-19 02:45:16,941][flwr][INFO] - 		round 75: 110.65668314695358
[2024-09-19 02:45:16,941][flwr][INFO] - 		round 76: 104.19254612922668
[2024-09-19 02:45:16,941][flwr][INFO] - 		round 77: 253.69880414009094
[2024-09-19 02:45:16,941][flwr][INFO] - 		round 78: 107.25827729701996
[2024-09-19 02:45:16,941][flwr][INFO] - 		round 79: 108.66709768772125
[2024-09-19 02:45:16,941][flwr][INFO] - 		round 80: 162.20438998937607
[2024-09-19 02:45:16,941][flwr][INFO] - 		round 81: 96.65868365764618
[2024-09-19 02:45:16,941][flwr][INFO] - 		round 82: 129.87616029381752
[2024-09-19 02:45:16,941][flwr][INFO] - 		round 83: 143.30593156814575
[2024-09-19 02:45:16,941][flwr][INFO] - 		round 84: 128.7148603796959
[2024-09-19 02:45:16,941][flwr][INFO] - 		round 85: 92.90534627437592
[2024-09-19 02:45:16,941][flwr][INFO] - 		round 86: 145.27456587553024
[2024-09-19 02:45:16,941][flwr][INFO] - 		round 87: 146.49718689918518
[2024-09-19 02:45:16,941][flwr][INFO] - 		round 88: 153.31178092956543
[2024-09-19 02:45:16,941][flwr][INFO] - 		round 89: 110.6896703839302
[2024-09-19 02:45:16,941][flwr][INFO] - 		round 90: 115.14084666967392
[2024-09-19 02:45:16,942][flwr][INFO] - 		round 91: 135.78030490875244
[2024-09-19 02:45:16,942][flwr][INFO] - 		round 92: 129.87978738546371
[2024-09-19 02:45:16,942][flwr][INFO] - 		round 93: 151.8742082118988
[2024-09-19 02:45:16,942][flwr][INFO] - 		round 94: 110.60004729032516
[2024-09-19 02:45:16,942][flwr][INFO] - 		round 95: 121.20628291368484
[2024-09-19 02:45:16,942][flwr][INFO] - 		round 96: 122.36884438991547
[2024-09-19 02:45:16,942][flwr][INFO] - 		round 97: 111.48686599731445
[2024-09-19 02:45:16,942][flwr][INFO] - 		round 98: 112.09988927841187
[2024-09-19 02:45:16,942][flwr][INFO] - 		round 99: 92.25294649600983
[2024-09-19 02:45:16,942][flwr][INFO] - 		round 100: 143.56284230947495
[2024-09-19 02:45:16,942][flwr][INFO] - 	History (metrics, distributed, evaluate):
[2024-09-19 02:45:16,942][flwr][INFO] - 	{'accuracy': [(1, 0.0),
[2024-09-19 02:45:16,942][flwr][INFO] - 	              (2, 0.11363636363636363),
[2024-09-19 02:45:16,942][flwr][INFO] - 	              (3, 0.22727272727272727),
[2024-09-19 02:45:16,942][flwr][INFO] - 	              (4, 0.125),
[2024-09-19 02:45:16,942][flwr][INFO] - 	              (5, 0.20930232558139536),
[2024-09-19 02:45:16,942][flwr][INFO] - 	              (6, 0.23728813559322035),
[2024-09-19 02:45:16,942][flwr][INFO] - 	              (7, 0.1836734693877551),
[2024-09-19 02:45:16,942][flwr][INFO] - 	              (8, 0.0),
[2024-09-19 02:45:16,943][flwr][INFO] - 	              (9, 0.2708333333333333),
[2024-09-19 02:45:16,943][flwr][INFO] - 	              (10, 0.28846153846153844),
[2024-09-19 02:45:16,943][flwr][INFO] - 	              (11, 0.10204081632653061),
[2024-09-19 02:45:16,943][flwr][INFO] - 	              (12, 0.2857142857142857),
[2024-09-19 02:45:16,943][flwr][INFO] - 	              (13, 0.34),
[2024-09-19 02:45:16,943][flwr][INFO] - 	              (14, 0.0),
[2024-09-19 02:45:16,943][flwr][INFO] - 	              (15, 0.15555555555555556),
[2024-09-19 02:45:16,943][flwr][INFO] - 	              (16, 0.22916666666666666),
[2024-09-19 02:45:16,943][flwr][INFO] - 	              (17, 0.32),
[2024-09-19 02:45:16,943][flwr][INFO] - 	              (18, 0.3870967741935484),
[2024-09-19 02:45:16,943][flwr][INFO] - 	              (19, 0.19148936170212766),
[2024-09-19 02:45:16,943][flwr][INFO] - 	              (20, 0.391304347826087),
[2024-09-19 02:45:16,943][flwr][INFO] - 	              (21, 0.5510204081632653),
[2024-09-19 02:45:16,943][flwr][INFO] - 	              (22, 0.8461538461538461),
[2024-09-19 02:45:16,943][flwr][INFO] - 	              (23, 0.43636363636363634),
[2024-09-19 02:45:16,943][flwr][INFO] - 	              (24, 0.6792452830188679),
[2024-09-19 02:45:16,943][flwr][INFO] - 	              (25, 0.375),
[2024-09-19 02:45:16,943][flwr][INFO] - 	              (26, 0.7843137254901961),
[2024-09-19 02:45:16,943][flwr][INFO] - 	              (27, 0.3684210526315789),
[2024-09-19 02:45:16,944][flwr][INFO] - 	              (28, 0.29411764705882354),
[2024-09-19 02:45:16,944][flwr][INFO] - 	              (29, 0.5660377358490566),
[2024-09-19 02:45:16,944][flwr][INFO] - 	              (30, 0.18181818181818182),
[2024-09-19 02:45:16,944][flwr][INFO] - 	              (31, 0.42),
[2024-09-19 02:45:16,944][flwr][INFO] - 	              (32, 0.52),
[2024-09-19 02:45:16,944][flwr][INFO] - 	              (33, 0.43902439024390244),
[2024-09-19 02:45:16,944][flwr][INFO] - 	              (34, 0.4418604651162791),
[2024-09-19 02:45:16,944][flwr][INFO] - 	              (35, 0.6170212765957447),
[2024-09-19 02:45:16,944][flwr][INFO] - 	              (36, 0.6122448979591837),
[2024-09-19 02:45:16,944][flwr][INFO] - 	              (37, 0.5576923076923077),
[2024-09-19 02:45:16,944][flwr][INFO] - 	              (38, 0.5263157894736842),
[2024-09-19 02:45:16,944][flwr][INFO] - 	              (39, 0.2222222222222222),
[2024-09-19 02:45:16,944][flwr][INFO] - 	              (40, 0.6470588235294118),
[2024-09-19 02:45:16,944][flwr][INFO] - 	              (41, 0.6190476190476191),
[2024-09-19 02:45:16,944][flwr][INFO] - 	              (42, 0.32558139534883723),
[2024-09-19 02:45:16,944][flwr][INFO] - 	              (43, 0.5833333333333334),
[2024-09-19 02:45:16,944][flwr][INFO] - 	              (44, 0.5576923076923077),
[2024-09-19 02:45:16,944][flwr][INFO] - 	              (45, 0.45),
[2024-09-19 02:45:16,944][flwr][INFO] - 	              (46, 0.47058823529411764),
[2024-09-19 02:45:16,945][flwr][INFO] - 	              (47, 0.6851851851851852),
[2024-09-19 02:45:16,945][flwr][INFO] - 	              (48, 0.4482758620689655),
[2024-09-19 02:45:16,945][flwr][INFO] - 	              (49, 0.6122448979591837),
[2024-09-19 02:45:16,945][flwr][INFO] - 	              (50, 0.7619047619047619),
[2024-09-19 02:45:16,945][flwr][INFO] - 	              (51, 0.660377358490566),
[2024-09-19 02:45:16,945][flwr][INFO] - 	              (52, 0.6739130434782609),
[2024-09-19 02:45:16,945][flwr][INFO] - 	              (53, 0.5581395348837209),
[2024-09-19 02:45:16,945][flwr][INFO] - 	              (54, 0.509090909090909),
[2024-09-19 02:45:16,945][flwr][INFO] - 	              (55, 0.6136363636363636),
[2024-09-19 02:45:16,945][flwr][INFO] - 	              (56, 0.425),
[2024-09-19 02:45:16,945][flwr][INFO] - 	              (57, 0.6666666666666666),
[2024-09-19 02:45:16,945][flwr][INFO] - 	              (58, 0.3953488372093023),
[2024-09-19 02:45:16,945][flwr][INFO] - 	              (59, 0.5964912280701754),
[2024-09-19 02:45:16,945][flwr][INFO] - 	              (60, 0.5789473684210527),
[2024-09-19 02:45:16,945][flwr][INFO] - 	              (61, 0.6170212765957447),
[2024-09-19 02:45:16,945][flwr][INFO] - 	              (62, 0.5714285714285714),
[2024-09-19 02:45:16,945][flwr][INFO] - 	              (63, 0.6041666666666666),
[2024-09-19 02:45:16,945][flwr][INFO] - 	              (64, 0.34146341463414637),
[2024-09-19 02:45:16,945][flwr][INFO] - 	              (65, 0.6222222222222222),
[2024-09-19 02:45:16,946][flwr][INFO] - 	              (66, 0.723404255319149),
[2024-09-19 02:45:16,946][flwr][INFO] - 	              (67, 0.6792452830188679),
[2024-09-19 02:45:16,946][flwr][INFO] - 	              (68, 0.5625),
[2024-09-19 02:45:16,946][flwr][INFO] - 	              (69, 0.3392857142857143),
[2024-09-19 02:45:16,946][flwr][INFO] - 	              (70, 0.6530612244897959),
[2024-09-19 02:45:16,946][flwr][INFO] - 	              (71, 0.5116279069767442),
[2024-09-19 02:45:16,946][flwr][INFO] - 	              (72, 0.4117647058823529),
[2024-09-19 02:45:16,946][flwr][INFO] - 	              (73, 0.6041666666666666),
[2024-09-19 02:45:16,946][flwr][INFO] - 	              (74, 0.23214285714285715),
[2024-09-19 02:45:16,946][flwr][INFO] - 	              (75, 0.5217391304347826),
[2024-09-19 02:45:16,946][flwr][INFO] - 	              (76, 0.7916666666666666),
[2024-09-19 02:45:16,946][flwr][INFO] - 	              (77, 0.6949152542372882),
[2024-09-19 02:45:16,946][flwr][INFO] - 	              (78, 0.5714285714285714),
[2024-09-19 02:45:16,946][flwr][INFO] - 	              (79, 0.39473684210526316),
[2024-09-19 02:45:16,946][flwr][INFO] - 	              (80, 0.4909090909090909),
[2024-09-19 02:45:16,946][flwr][INFO] - 	              (81, 0.627906976744186),
[2024-09-19 02:45:16,946][flwr][INFO] - 	              (82, 0.5686274509803921),
[2024-09-19 02:45:16,946][flwr][INFO] - 	              (83, 0.6304347826086957),
[2024-09-19 02:45:16,947][flwr][INFO] - 	              (84, 0.5636363636363636),
[2024-09-19 02:45:16,947][flwr][INFO] - 	              (85, 0.7719298245614035),
[2024-09-19 02:45:16,947][flwr][INFO] - 	              (86, 0.7045454545454546),
[2024-09-19 02:45:16,947][flwr][INFO] - 	              (87, 0.4222222222222222),
[2024-09-19 02:45:16,947][flwr][INFO] - 	              (88, 0.6415094339622641),
[2024-09-19 02:45:16,947][flwr][INFO] - 	              (89, 0.625),
[2024-09-19 02:45:16,947][flwr][INFO] - 	              (90, 0.5454545454545454),
[2024-09-19 02:45:16,947][flwr][INFO] - 	              (91, 0.4716981132075472),
[2024-09-19 02:45:16,947][flwr][INFO] - 	              (92, 0.46),
[2024-09-19 02:45:16,947][flwr][INFO] - 	              (93, 0.5925925925925926),
[2024-09-19 02:45:16,947][flwr][INFO] - 	              (94, 0.6470588235294118),
[2024-09-19 02:45:16,947][flwr][INFO] - 	              (95, 0.5471698113207547),
[2024-09-19 02:45:16,947][flwr][INFO] - 	              (96, 0.6666666666666666),
[2024-09-19 02:45:16,947][flwr][INFO] - 	              (97, 0.48936170212765956),
[2024-09-19 02:45:16,947][flwr][INFO] - 	              (98, 0.6481481481481481),
[2024-09-19 02:45:16,947][flwr][INFO] - 	              (99, 0.5740740740740741),
[2024-09-19 02:45:16,947][flwr][INFO] - 	              (100, 0.5319148936170213)]}
[2024-09-19 02:45:16,947][flwr][INFO] - 	History (metrics, centralized):
[2024-09-19 02:45:16,948][flwr][INFO] - 	{'accuracy': [(0, 0.08506284712072494),
[2024-09-19 02:45:16,948][flwr][INFO] - 	              (1, 0.09090909090909091),
[2024-09-19 02:45:16,948][flwr][INFO] - 	              (2, 0.0710318620286466),
[2024-09-19 02:45:16,948][flwr][INFO] - 	              (3, 0.19467991815258695),
[2024-09-19 02:45:16,948][flwr][INFO] - 	              (4, 0.19467991815258695),
[2024-09-19 02:45:16,948][flwr][INFO] - 	              (5, 0.1824028061970184),
[2024-09-19 02:45:16,948][flwr][INFO] - 	              (6, 0.1824028061970184),
[2024-09-19 02:45:16,948][flwr][INFO] - 	              (7, 0.1824028061970184),
[2024-09-19 02:45:16,948][flwr][INFO] - 	              (8, 0.1373867290266004),
[2024-09-19 02:45:16,948][flwr][INFO] - 	              (9, 0.19467991815258695),
[2024-09-19 02:45:16,948][flwr][INFO] - 	              (10, 0.1824028061970184),
[2024-09-19 02:45:16,948][flwr][INFO] - 	              (11, 0.08301666179479684),
[2024-09-19 02:45:16,948][flwr][INFO] - 	              (12, 0.24261911721718796),
[2024-09-19 02:45:16,948][flwr][INFO] - 	              (13, 0.1826951183864367),
[2024-09-19 02:45:16,948][flwr][INFO] - 	              (14, 0.16895644548377667),
[2024-09-19 02:45:16,948][flwr][INFO] - 	              (15, 0.21280327389652148),
[2024-09-19 02:45:16,948][flwr][INFO] - 	              (16, 0.19935691318327975),
[2024-09-19 02:45:16,948][flwr][INFO] - 	              (17, 0.2768196433791289),
[2024-09-19 02:45:16,948][flwr][INFO] - 	              (18, 0.3449283835135925),
[2024-09-19 02:45:16,949][flwr][INFO] - 	              (19, 0.19321835720549546),
[2024-09-19 02:45:16,949][flwr][INFO] - 	              (20, 0.25869628763519437),
[2024-09-19 02:45:16,949][flwr][INFO] - 	              (21, 0.511838643671441),
[2024-09-19 02:45:16,949][flwr][INFO] - 	              (22, 0.4919614147909968),
[2024-09-19 02:45:16,949][flwr][INFO] - 	              (23, 0.38409821689564455),
[2024-09-19 02:45:16,949][flwr][INFO] - 	              (24, 0.5168079508915522),
[2024-09-19 02:45:16,949][flwr][INFO] - 	              (25, 0.456007015492546),
[2024-09-19 02:45:16,949][flwr][INFO] - 	              (26, 0.5010230926629641),
[2024-09-19 02:45:16,949][flwr][INFO] - 	              (27, 0.5065770242619118),
[2024-09-19 02:45:16,949][flwr][INFO] - 	              (28, 0.5431160479391991),
[2024-09-19 02:45:16,949][flwr][INFO] - 	              (29, 0.4937152879275066),
[2024-09-19 02:45:16,949][flwr][INFO] - 	              (30, 0.5235311312481731),
[2024-09-19 02:45:16,949][flwr][INFO] - 	              (31, 0.4948845366851798),
[2024-09-19 02:45:16,949][flwr][INFO] - 	              (32, 0.49809997076878104),
[2024-09-19 02:45:16,949][flwr][INFO] - 	              (33, 0.49751534638994444),
[2024-09-19 02:45:16,949][flwr][INFO] - 	              (34, 0.45513007892429114),
[2024-09-19 02:45:16,949][flwr][INFO] - 	              (35, 0.5618240280619702),
[2024-09-19 02:45:16,949][flwr][INFO] - 	              (36, 0.5074539608301666),
[2024-09-19 02:45:16,950][flwr][INFO] - 	              (37, 0.5428237357497807),
[2024-09-19 02:45:16,950][flwr][INFO] - 	              (38, 0.49400760011692485),
[2024-09-19 02:45:16,950][flwr][INFO] - 	              (39, 0.326805027769658),
[2024-09-19 02:45:16,950][flwr][INFO] - 	              (40, 0.5144694533762058),
[2024-09-19 02:45:16,950][flwr][INFO] - 	              (41, 0.6617947968430283),
[2024-09-19 02:45:16,950][flwr][INFO] - 	              (42, 0.5846243788365975),
[2024-09-19 02:45:16,950][flwr][INFO] - 	              (43, 0.5922244957614733),
[2024-09-19 02:45:16,950][flwr][INFO] - 	              (44, 0.4150833089739842),
[2024-09-19 02:45:16,950][flwr][INFO] - 	              (45, 0.4288219818766443),
[2024-09-19 02:45:16,950][flwr][INFO] - 	              (46, 0.5200233849751534),
[2024-09-19 02:45:16,950][flwr][INFO] - 	              (47, 0.5898859982461269),
[2024-09-19 02:45:16,950][flwr][INFO] - 	              (48, 0.5755627009646302),
[2024-09-19 02:45:16,950][flwr][INFO] - 	              (49, 0.659456299327682),
[2024-09-19 02:45:16,950][flwr][INFO] - 	              (50, 0.62028646594563),
[2024-09-19 02:45:16,950][flwr][INFO] - 	              (51, 0.5477930429698918),
[2024-09-19 02:45:16,950][flwr][INFO] - 	              (52, 0.5770242619117217),
[2024-09-19 02:45:16,950][flwr][INFO] - 	              (53, 0.5925168079508916),
[2024-09-19 02:45:16,950][flwr][INFO] - 	              (54, 0.5790704472376498),
[2024-09-19 02:45:16,950][flwr][INFO] - 	              (55, 0.6708564747149957),
[2024-09-19 02:45:16,950][flwr][INFO] - 	              (56, 0.5115463314820228),
[2024-09-19 02:45:16,951][flwr][INFO] - 	              (57, 0.6343174510377083),
[2024-09-19 02:45:16,951][flwr][INFO] - 	              (58, 0.6316866413329436),
[2024-09-19 02:45:16,951][flwr][INFO] - 	              (59, 0.6240865244080678),
[2024-09-19 02:45:16,951][flwr][INFO] - 	              (60, 0.6106401636948261),
[2024-09-19 02:45:16,951][flwr][INFO] - 	              (61, 0.6062554808535516),
[2024-09-19 02:45:16,951][flwr][INFO] - 	              (62, 0.6465945629932768),
[2024-09-19 02:45:16,951][flwr][INFO] - 	              (63, 0.56357790119848),
[2024-09-19 02:45:16,951][flwr][INFO] - 	              (64, 0.5919321835720549),
[2024-09-19 02:45:16,951][flwr][INFO] - 	              (65, 0.5957322420344928),
[2024-09-19 02:45:16,951][flwr][INFO] - 	              (66, 0.6743642209880152),
[2024-09-19 02:45:16,951][flwr][INFO] - 	              (67, 0.6074247296112247),
[2024-09-19 02:45:16,951][flwr][INFO] - 	              (68, 0.6042092955276235),
[2024-09-19 02:45:16,951][flwr][INFO] - 	              (69, 0.5717626425021923),
[2024-09-19 02:45:16,951][flwr][INFO] - 	              (70, 0.6518561824028062),
[2024-09-19 02:45:16,951][flwr][INFO] - 	              (71, 0.5697164571762643),
[2024-09-19 02:45:16,951][flwr][INFO] - 	              (72, 0.47413037123648055),
[2024-09-19 02:45:16,951][flwr][INFO] - 	              (73, 0.6094709149371529),
[2024-09-19 02:45:16,951][flwr][INFO] - 	              (74, 0.49722303420052616),
[2024-09-19 02:45:16,951][flwr][INFO] - 	              (75, 0.574393452206957),
[2024-09-19 02:45:16,952][flwr][INFO] - 	              (76, 0.6389944460684011),
[2024-09-19 02:45:16,952][flwr][INFO] - 	              (77, 0.5135925168079509),
[2024-09-19 02:45:16,952][flwr][INFO] - 	              (78, 0.6360713241742181),
[2024-09-19 02:45:16,952][flwr][INFO] - 	              (79, 0.6615024846536101),
[2024-09-19 02:45:16,952][flwr][INFO] - 	              (80, 0.5054077755042385),
[2024-09-19 02:45:16,952][flwr][INFO] - 	              (81, 0.6664717918737212),
[2024-09-19 02:45:16,952][flwr][INFO] - 	              (82, 0.594855305466238),
[2024-09-19 02:45:16,952][flwr][INFO] - 	              (83, 0.4831920491084478),
[2024-09-19 02:45:16,952][flwr][INFO] - 	              (84, 0.5270388775211926),
[2024-09-19 02:45:16,952][flwr][INFO] - 	              (85, 0.6790412160187079),
[2024-09-19 02:45:16,952][flwr][INFO] - 	              (86, 0.5770242619117217),
[2024-09-19 02:45:16,952][flwr][INFO] - 	              (87, 0.5419467991815259),
[2024-09-19 02:45:16,952][flwr][INFO] - 	              (88, 0.6270096463022508),
[2024-09-19 02:45:16,952][flwr][INFO] - 	              (89, 0.6632563577901198),
[2024-09-19 02:45:16,952][flwr][INFO] - 	              (90, 0.6030400467699503),
[2024-09-19 02:45:16,952][flwr][INFO] - 	              (91, 0.4858228588132125),
[2024-09-19 02:45:16,952][flwr][INFO] - 	              (92, 0.5624086524408067),
[2024-09-19 02:45:16,952][flwr][INFO] - 	              (93, 0.6083016661794797),
[2024-09-19 02:45:16,952][flwr][INFO] - 	              (94, 0.64776381175095),
[2024-09-19 02:45:16,953][flwr][INFO] - 	              (95, 0.5545162233265127),
[2024-09-19 02:45:16,953][flwr][INFO] - 	              (96, 0.5974861151710026),
[2024-09-19 02:45:16,953][flwr][INFO] - 	              (97, 0.5866705641625256),
[2024-09-19 02:45:16,953][flwr][INFO] - 	              (98, 0.6088862905583163),
[2024-09-19 02:45:16,953][flwr][INFO] - 	              (99, 0.6796258403975446),
[2024-09-19 02:45:16,953][flwr][INFO] - 	              (100, 0.636948260742473)]}
[2024-09-19 02:45:16,953][flwr][INFO] - 
