[2024-08-15 16:56:12,473][flwr][INFO] - Starting Flower simulation, config: num_rounds=10, no round_timeout
[2024-08-15 16:56:24,133][flwr][INFO] - Flower VCE: Ray initialized with resources: {'CPU': 32.0, 'object_store_memory': 7276266700.0, 'accelerator_type:G': 1.0, 'GPU': 1.0, 'memory': 14552533403.0, 'node:115.145.171.128': 1.0, 'node:__internal_head__': 1.0}
[2024-08-15 16:56:24,134][flwr][INFO] - Optimize your simulation with Flower VCE: https://flower.ai/docs/framework/how-to-run-simulations.html
[2024-08-15 16:56:24,134][flwr][INFO] - Flower VCE: Resources for each Virtual Client: {'num_cpus': 24, 'num_gpus': 0.5}
[2024-08-15 16:56:24,141][flwr][INFO] - Flower VCE: Creating VirtualClientEngineActorPool with 1 actors
[2024-08-15 16:56:24,141][flwr][INFO] - [INIT]
[2024-08-15 16:56:24,141][flwr][INFO] - Requesting initial parameters from one random client
[2024-08-15 16:56:27,587][flwr][INFO] - Received initial parameters from one random client
[2024-08-15 16:56:27,587][flwr][INFO] - Evaluating initial global parameters
[2024-08-15 16:56:32,067][flwr][INFO] - initial parameters (loss, other metrics): 13.769881069660187, {'accuracy': 0.5480769230769231}
[2024-08-15 16:56:32,067][flwr][INFO] - 
[2024-08-15 16:56:32,067][flwr][INFO] - [ROUND 1]
[2024-08-15 16:56:32,067][flwr][INFO] - configure_fit: strategy sampled 8 clients (out of 16)
[2024-08-15 16:56:49,584][flwr][INFO] - aggregate_fit: received 8 results and 0 failures
[2024-08-15 16:56:49,643][flwr][WARNING] - No fit_metrics_aggregation_fn provided
[2024-08-15 16:56:53,887][flwr][INFO] - fit progress: (1, 7.850950628519058, {'accuracy': 0.782051282051282}, 21.820629016001476)
[2024-08-15 16:56:53,888][flwr][INFO] - configure_evaluate: strategy sampled 2 clients (out of 16)
[2024-08-15 16:56:54,452][flwr][INFO] - aggregate_evaluate: received 2 results and 0 failures
[2024-08-15 16:56:54,452][flwr][INFO] - 
[2024-08-15 16:56:54,452][flwr][INFO] - [ROUND 2]
[2024-08-15 16:56:54,452][flwr][INFO] - configure_fit: strategy sampled 8 clients (out of 16)
[2024-08-15 16:57:11,527][flwr][INFO] - aggregate_fit: received 8 results and 0 failures
[2024-08-15 16:57:15,842][flwr][INFO] - fit progress: (2, 6.951486974954605, {'accuracy': 0.8333333333333334}, 43.77537600600044)
[2024-08-15 16:57:15,842][flwr][INFO] - configure_evaluate: strategy sampled 2 clients (out of 16)
[2024-08-15 16:57:16,393][flwr][INFO] - aggregate_evaluate: received 2 results and 0 failures
[2024-08-15 16:57:16,393][flwr][INFO] - 
[2024-08-15 16:57:16,393][flwr][INFO] - [ROUND 3]
[2024-08-15 16:57:16,393][flwr][INFO] - configure_fit: strategy sampled 8 clients (out of 16)
[2024-08-15 16:57:33,523][flwr][INFO] - aggregate_fit: received 8 results and 0 failures
[2024-08-15 16:57:37,838][flwr][INFO] - fit progress: (3, 11.750850647687912, {'accuracy': 0.7516025641025641}, 65.77128421499947)
[2024-08-15 16:57:37,838][flwr][INFO] - configure_evaluate: strategy sampled 2 clients (out of 16)
[2024-08-15 16:57:38,412][flwr][INFO] - aggregate_evaluate: received 2 results and 0 failures
[2024-08-15 16:57:38,412][flwr][INFO] - 
[2024-08-15 16:57:38,412][flwr][INFO] - [ROUND 4]
[2024-08-15 16:57:38,412][flwr][INFO] - configure_fit: strategy sampled 8 clients (out of 16)
[2024-08-15 16:57:55,538][flwr][INFO] - aggregate_fit: received 8 results and 0 failures
[2024-08-15 16:57:59,820][flwr][INFO] - fit progress: (4, 8.625846661627293, {'accuracy': 0.8766025641025641}, 87.75287124900206)
[2024-08-15 16:57:59,820][flwr][INFO] - configure_evaluate: strategy sampled 2 clients (out of 16)
[2024-08-15 16:58:00,397][flwr][INFO] - aggregate_evaluate: received 2 results and 0 failures
[2024-08-15 16:58:00,397][flwr][INFO] - 
[2024-08-15 16:58:00,397][flwr][INFO] - [ROUND 5]
[2024-08-15 16:58:00,397][flwr][INFO] - configure_fit: strategy sampled 8 clients (out of 16)
[2024-08-15 16:58:17,421][flwr][INFO] - aggregate_fit: received 8 results and 0 failures
[2024-08-15 16:58:21,731][flwr][INFO] - fit progress: (5, 16.02965697646141, {'accuracy': 0.7836538461538461}, 109.66387452500203)
[2024-08-15 16:58:21,731][flwr][INFO] - configure_evaluate: strategy sampled 2 clients (out of 16)
[2024-08-15 16:58:22,320][flwr][INFO] - aggregate_evaluate: received 2 results and 0 failures
[2024-08-15 16:58:22,320][flwr][INFO] - 
[2024-08-15 16:58:22,320][flwr][INFO] - [ROUND 6]
[2024-08-15 16:58:22,320][flwr][INFO] - configure_fit: strategy sampled 8 clients (out of 16)
[2024-08-15 16:58:39,411][flwr][INFO] - aggregate_fit: received 8 results and 0 failures
[2024-08-15 16:58:43,723][flwr][INFO] - fit progress: (6, 9.276683747768402, {'accuracy': 0.9022435897435898}, 131.6561622400004)
[2024-08-15 16:58:43,723][flwr][INFO] - configure_evaluate: strategy sampled 2 clients (out of 16)
[2024-08-15 16:58:44,381][flwr][INFO] - aggregate_evaluate: received 2 results and 0 failures
[2024-08-15 16:58:44,381][flwr][INFO] - 
[2024-08-15 16:58:44,381][flwr][INFO] - [ROUND 7]
[2024-08-15 16:58:44,381][flwr][INFO] - configure_fit: strategy sampled 8 clients (out of 16)
[2024-08-15 16:59:01,499][flwr][INFO] - aggregate_fit: received 8 results and 0 failures
[2024-08-15 16:59:05,835][flwr][INFO] - fit progress: (7, 13.071754917502403, {'accuracy': 0.8733974358974359}, 153.76819044399963)
[2024-08-15 16:59:05,835][flwr][INFO] - configure_evaluate: strategy sampled 2 clients (out of 16)
[2024-08-15 16:59:06,505][flwr][INFO] - aggregate_evaluate: received 2 results and 0 failures
[2024-08-15 16:59:06,506][flwr][INFO] - 
[2024-08-15 16:59:06,506][flwr][INFO] - [ROUND 8]
[2024-08-15 16:59:06,506][flwr][INFO] - configure_fit: strategy sampled 8 clients (out of 16)
[2024-08-15 16:59:23,161][flwr][INFO] - aggregate_fit: received 8 results and 0 failures
[2024-08-15 16:59:27,504][flwr][INFO] - fit progress: (8, 24.116848677396774, {'accuracy': 0.7724358974358975}, 175.43702933199893)
[2024-08-15 16:59:27,504][flwr][INFO] - configure_evaluate: strategy sampled 2 clients (out of 16)
[2024-08-15 16:59:28,091][flwr][INFO] - aggregate_evaluate: received 2 results and 0 failures
[2024-08-15 16:59:28,091][flwr][INFO] - 
[2024-08-15 16:59:28,091][flwr][INFO] - [ROUND 9]
[2024-08-15 16:59:28,091][flwr][INFO] - configure_fit: strategy sampled 8 clients (out of 16)
[2024-08-15 16:59:44,816][flwr][INFO] - aggregate_fit: received 8 results and 0 failures
[2024-08-15 16:59:49,147][flwr][INFO] - fit progress: (9, 16.619455508887768, {'accuracy': 0.8621794871794872}, 197.07973067900093)
[2024-08-15 16:59:49,147][flwr][INFO] - configure_evaluate: strategy sampled 2 clients (out of 16)
[2024-08-15 16:59:49,702][flwr][INFO] - aggregate_evaluate: received 2 results and 0 failures
[2024-08-15 16:59:49,703][flwr][INFO] - 
[2024-08-15 16:59:49,703][flwr][INFO] - [ROUND 10]
[2024-08-15 16:59:49,703][flwr][INFO] - configure_fit: strategy sampled 8 clients (out of 16)
[2024-08-15 17:00:06,816][flwr][INFO] - aggregate_fit: received 8 results and 0 failures
[2024-08-15 17:00:11,127][flwr][INFO] - fit progress: (10, 32.74792671203613, {'accuracy': 0.7692307692307693}, 219.06003589600004)
[2024-08-15 17:00:11,127][flwr][INFO] - configure_evaluate: strategy sampled 2 clients (out of 16)
[2024-08-15 17:00:11,731][flwr][INFO] - aggregate_evaluate: received 2 results and 0 failures
[2024-08-15 17:00:11,731][flwr][INFO] - 
[2024-08-15 17:00:11,731][flwr][INFO] - [SUMMARY]
[2024-08-15 17:00:11,731][flwr][INFO] - Run finished 10 round(s) in 219.66s
[2024-08-15 17:00:11,731][flwr][INFO] - 	History (loss, distributed):
[2024-08-15 17:00:11,731][flwr][INFO] - 		round 1: 0.17451052367687225
[2024-08-15 17:00:11,731][flwr][INFO] - 		round 2: 0.05892063491046429
[2024-08-15 17:00:11,731][flwr][INFO] - 		round 3: 0.048265728168189526
[2024-08-15 17:00:11,731][flwr][INFO] - 		round 4: 0.08730463590472937
[2024-08-15 17:00:11,731][flwr][INFO] - 		round 5: 0.03508206084370613
[2024-08-15 17:00:11,731][flwr][INFO] - 		round 6: 0.039005545899271965
[2024-08-15 17:00:11,731][flwr][INFO] - 		round 7: 0.0899855203460902
[2024-08-15 17:00:11,731][flwr][INFO] - 		round 8: 0.02527197264134884
[2024-08-15 17:00:11,732][flwr][INFO] - 		round 9: 0.10995884239673615
[2024-08-15 17:00:11,732][flwr][INFO] - 		round 10: 0.008332846569828689
[2024-08-15 17:00:11,732][flwr][INFO] - 	History (loss, centralized):
[2024-08-15 17:00:11,732][flwr][INFO] - 		round 0: 13.769881069660187
[2024-08-15 17:00:11,732][flwr][INFO] - 		round 1: 7.850950628519058
[2024-08-15 17:00:11,732][flwr][INFO] - 		round 2: 6.951486974954605
[2024-08-15 17:00:11,732][flwr][INFO] - 		round 3: 11.750850647687912
[2024-08-15 17:00:11,732][flwr][INFO] - 		round 4: 8.625846661627293
[2024-08-15 17:00:11,732][flwr][INFO] - 		round 5: 16.02965697646141
[2024-08-15 17:00:11,732][flwr][INFO] - 		round 6: 9.276683747768402
[2024-08-15 17:00:11,732][flwr][INFO] - 		round 7: 13.071754917502403
[2024-08-15 17:00:11,732][flwr][INFO] - 		round 8: 24.116848677396774
[2024-08-15 17:00:11,732][flwr][INFO] - 		round 9: 16.619455508887768
[2024-08-15 17:00:11,732][flwr][INFO] - 		round 10: 32.74792671203613
[2024-08-15 17:00:11,732][flwr][INFO] - 	History (metrics, distributed, evaluate):
[2024-08-15 17:00:11,732][flwr][INFO] - 	{'accuracy': [(1, 0.9696969696969697),
[2024-08-15 17:00:11,732][flwr][INFO] - 	              (2, 1.0),
[2024-08-15 17:00:11,732][flwr][INFO] - 	              (3, 0.9848484848484849),
[2024-08-15 17:00:11,732][flwr][INFO] - 	              (4, 0.9545454545454546),
[2024-08-15 17:00:11,732][flwr][INFO] - 	              (5, 0.9848484848484849),
[2024-08-15 17:00:11,732][flwr][INFO] - 	              (6, 0.9848484848484849),
[2024-08-15 17:00:11,732][flwr][INFO] - 	              (7, 0.9848484848484849),
[2024-08-15 17:00:11,732][flwr][INFO] - 	              (8, 0.9848484848484849),
[2024-08-15 17:00:11,732][flwr][INFO] - 	              (9, 0.9393939393939394),
[2024-08-15 17:00:11,732][flwr][INFO] - 	              (10, 1.0)]}
[2024-08-15 17:00:11,732][flwr][INFO] - 	History (metrics, centralized):
[2024-08-15 17:00:11,732][flwr][INFO] - 	{'accuracy': [(0, 0.5480769230769231),
[2024-08-15 17:00:11,732][flwr][INFO] - 	              (1, 0.782051282051282),
[2024-08-15 17:00:11,732][flwr][INFO] - 	              (2, 0.8333333333333334),
[2024-08-15 17:00:11,732][flwr][INFO] - 	              (3, 0.7516025641025641),
[2024-08-15 17:00:11,732][flwr][INFO] - 	              (4, 0.8766025641025641),
[2024-08-15 17:00:11,732][flwr][INFO] - 	              (5, 0.7836538461538461),
[2024-08-15 17:00:11,732][flwr][INFO] - 	              (6, 0.9022435897435898),
[2024-08-15 17:00:11,732][flwr][INFO] - 	              (7, 0.8733974358974359),
[2024-08-15 17:00:11,732][flwr][INFO] - 	              (8, 0.7724358974358975),
[2024-08-15 17:00:11,732][flwr][INFO] - 	              (9, 0.8621794871794872),
[2024-08-15 17:00:11,732][flwr][INFO] - 	              (10, 0.7692307692307693)]}
[2024-08-15 17:00:11,732][flwr][INFO] - 
