[2024-10-10 03:53:51,494][flwr][INFO] - Starting Flower simulation, config: num_rounds=100, no round_timeout
[2024-10-10 03:53:55,002][flwr][INFO] - Flower VCE: Ray initialized with resources: {'CPU': 256.0, 'node:__internal_head__': 1.0, 'GPU': 1.0, 'accelerator_type:G': 1.0, 'node:115.145.172.224': 1.0, 'object_store_memory': 72574343577.0, 'memory': 159340135015.0}
[2024-10-10 03:53:55,002][flwr][INFO] - Optimize your simulation with Flower VCE: https://flower.ai/docs/framework/how-to-run-simulations.html
[2024-10-10 03:53:55,002][flwr][INFO] - Flower VCE: Resources for each Virtual Client: {'num_cpus': 64, 'num_gpus': 0.1}
[2024-10-10 03:53:55,014][flwr][INFO] - Flower VCE: Creating VirtualClientEngineActorPool with 4 actors
[2024-10-10 03:53:55,015][flwr][INFO] - [INIT]
[2024-10-10 03:53:55,015][flwr][INFO] - Requesting initial parameters from one random client
[2024-10-10 03:53:59,344][flwr][INFO] - Received initial parameters from one random client
[2024-10-10 03:53:59,344][flwr][INFO] - Evaluating initial global parameters
[2024-10-10 03:54:07,359][flwr][INFO] - initial parameters (loss, other metrics): 224.71063542366028, {'accuracy': 0.09617071031862029}
[2024-10-10 03:54:07,359][flwr][INFO] - 
[2024-10-10 03:54:07,359][flwr][INFO] - [ROUND 1]
[2024-10-10 03:54:07,359][flwr][INFO] - configure_fit: strategy sampled 5 clients (out of 50)
[2024-10-10 03:54:13,605][flwr][INFO] - aggregate_fit: received 5 results and 0 failures
[2024-10-10 03:54:13,821][flwr][WARNING] - No fit_metrics_aggregation_fn provided
[2024-10-10 03:54:20,454][flwr][INFO] - fit progress: (1, 219.8211829662323, {'accuracy': 0.12189418298743057}, 13.095136567950249)
[2024-10-10 03:54:20,455][flwr][INFO] - configure_evaluate: strategy sampled 2 clients (out of 50)
[2024-10-10 03:54:20,904][flwr][INFO] - aggregate_evaluate: received 2 results and 0 failures
[2024-10-10 03:54:20,904][flwr][INFO] - 
[2024-10-10 03:54:20,904][flwr][INFO] - [ROUND 2]
[2024-10-10 03:54:20,904][flwr][INFO] - configure_fit: strategy sampled 5 clients (out of 50)
[2024-10-10 03:54:26,272][flwr][INFO] - aggregate_fit: received 5 results and 0 failures
[2024-10-10 03:54:32,478][flwr][INFO] - fit progress: (2, 219.6846408843994, {'accuracy': 0.16515638702133878}, 25.118565776385367)
[2024-10-10 03:54:32,478][flwr][INFO] - configure_evaluate: strategy sampled 2 clients (out of 50)
[2024-10-10 03:54:32,924][flwr][INFO] - aggregate_evaluate: received 2 results and 0 failures
[2024-10-10 03:54:32,925][flwr][INFO] - 
[2024-10-10 03:54:32,925][flwr][INFO] - [ROUND 3]
[2024-10-10 03:54:32,925][flwr][INFO] - configure_fit: strategy sampled 5 clients (out of 50)
[2024-10-10 03:54:39,661][flwr][INFO] - aggregate_fit: received 5 results and 0 failures
[2024-10-10 03:54:45,867][flwr][INFO] - fit progress: (3, 213.90741860866547, {'accuracy': 0.22478807366267173}, 38.507483042776585)
[2024-10-10 03:54:45,868][flwr][INFO] - configure_evaluate: strategy sampled 2 clients (out of 50)
[2024-10-10 03:54:46,352][flwr][INFO] - aggregate_evaluate: received 2 results and 0 failures
[2024-10-10 03:54:46,353][flwr][INFO] - 
[2024-10-10 03:54:46,353][flwr][INFO] - [ROUND 4]
[2024-10-10 03:54:46,353][flwr][INFO] - configure_fit: strategy sampled 5 clients (out of 50)
[2024-10-10 03:54:54,060][flwr][INFO] - aggregate_fit: received 5 results and 0 failures
[2024-10-10 03:55:00,200][flwr][INFO] - fit progress: (4, 204.65417659282684, {'accuracy': 0.2917275650394621}, 52.840322711504996)
[2024-10-10 03:55:00,201][flwr][INFO] - configure_evaluate: strategy sampled 2 clients (out of 50)
[2024-10-10 03:55:00,598][flwr][INFO] - aggregate_evaluate: received 2 results and 0 failures
[2024-10-10 03:55:00,599][flwr][INFO] - 
[2024-10-10 03:55:00,599][flwr][INFO] - [ROUND 5]
[2024-10-10 03:55:00,600][flwr][INFO] - configure_fit: strategy sampled 5 clients (out of 50)
[2024-10-10 03:55:05,752][flwr][INFO] - aggregate_fit: received 5 results and 0 failures
[2024-10-10 03:55:12,083][flwr][INFO] - fit progress: (5, 203.81544291973114, {'accuracy': 0.3428821981876644}, 64.72411146108061)
[2024-10-10 03:55:12,085][flwr][INFO] - configure_evaluate: strategy sampled 2 clients (out of 50)
[2024-10-10 03:55:12,609][flwr][INFO] - aggregate_evaluate: received 2 results and 0 failures
[2024-10-10 03:55:12,610][flwr][INFO] - 
[2024-10-10 03:55:12,610][flwr][INFO] - [ROUND 6]
[2024-10-10 03:55:12,611][flwr][INFO] - configure_fit: strategy sampled 5 clients (out of 50)
[2024-10-10 03:55:18,988][flwr][INFO] - aggregate_fit: received 5 results and 0 failures
[2024-10-10 03:55:25,194][flwr][INFO] - fit progress: (6, 201.23002243041992, {'accuracy': 0.259280912014031}, 77.83460154104978)
[2024-10-10 03:55:25,194][flwr][INFO] - configure_evaluate: strategy sampled 2 clients (out of 50)
[2024-10-10 03:55:25,577][flwr][INFO] - aggregate_evaluate: received 2 results and 0 failures
[2024-10-10 03:55:25,577][flwr][INFO] - 
[2024-10-10 03:55:25,577][flwr][INFO] - [ROUND 7]
[2024-10-10 03:55:25,578][flwr][INFO] - configure_fit: strategy sampled 5 clients (out of 50)
[2024-10-10 03:55:29,169][flwr][INFO] - aggregate_fit: received 5 results and 0 failures
[2024-10-10 03:55:35,218][flwr][INFO] - fit progress: (7, 197.31396389007568, {'accuracy': 0.3279742765273312}, 87.85919852461666)
[2024-10-10 03:55:35,219][flwr][INFO] - configure_evaluate: strategy sampled 2 clients (out of 50)
[2024-10-10 03:55:35,575][flwr][INFO] - aggregate_evaluate: received 2 results and 0 failures
[2024-10-10 03:55:35,575][flwr][INFO] - 
[2024-10-10 03:55:35,576][flwr][INFO] - [ROUND 8]
[2024-10-10 03:55:35,576][flwr][INFO] - configure_fit: strategy sampled 5 clients (out of 50)
[2024-10-10 03:55:39,439][flwr][INFO] - aggregate_fit: received 5 results and 0 failures
[2024-10-10 03:55:44,219][flwr][INFO] - fit progress: (8, 196.49320471286774, {'accuracy': 0.3487284419760304}, 96.85987637098879)
[2024-10-10 03:55:44,219][flwr][INFO] - configure_evaluate: strategy sampled 2 clients (out of 50)
[2024-10-10 03:55:44,605][flwr][INFO] - aggregate_evaluate: received 2 results and 0 failures
[2024-10-10 03:55:44,605][flwr][INFO] - 
[2024-10-10 03:55:44,605][flwr][INFO] - [ROUND 9]
[2024-10-10 03:55:44,606][flwr][INFO] - configure_fit: strategy sampled 5 clients (out of 50)
[2024-10-10 03:55:50,007][flwr][INFO] - aggregate_fit: received 5 results and 0 failures
[2024-10-10 03:55:55,640][flwr][INFO] - fit progress: (9, 189.3730912208557, {'accuracy': 0.36363636363636365}, 108.28105686698109)
[2024-10-10 03:55:55,641][flwr][INFO] - configure_evaluate: strategy sampled 2 clients (out of 50)
[2024-10-10 03:55:56,066][flwr][INFO] - aggregate_evaluate: received 2 results and 0 failures
[2024-10-10 03:55:56,066][flwr][INFO] - 
[2024-10-10 03:55:56,066][flwr][INFO] - [ROUND 10]
[2024-10-10 03:55:56,066][flwr][INFO] - configure_fit: strategy sampled 5 clients (out of 50)
[2024-10-10 03:55:59,181][flwr][INFO] - aggregate_fit: received 5 results and 0 failures
[2024-10-10 03:56:04,794][flwr][INFO] - fit progress: (10, 182.9807244539261, {'accuracy': 0.4349605378544285}, 117.43526232615113)
[2024-10-10 03:56:04,795][flwr][INFO] - configure_evaluate: strategy sampled 2 clients (out of 50)
[2024-10-10 03:56:05,241][flwr][INFO] - aggregate_evaluate: received 2 results and 0 failures
[2024-10-10 03:56:05,241][flwr][INFO] - 
[2024-10-10 03:56:05,241][flwr][INFO] - [ROUND 11]
[2024-10-10 03:56:05,241][flwr][INFO] - configure_fit: strategy sampled 5 clients (out of 50)
[2024-10-10 03:56:08,049][flwr][INFO] - aggregate_fit: received 5 results and 0 failures
[2024-10-10 03:56:13,388][flwr][INFO] - fit progress: (11, 175.91689014434814, {'accuracy': 0.5776088862905583}, 126.02907845750451)
[2024-10-10 03:56:13,389][flwr][INFO] - configure_evaluate: strategy sampled 2 clients (out of 50)
[2024-10-10 03:56:13,736][flwr][INFO] - aggregate_evaluate: received 2 results and 0 failures
[2024-10-10 03:56:13,736][flwr][INFO] - 
[2024-10-10 03:56:13,736][flwr][INFO] - [ROUND 12]
[2024-10-10 03:56:13,736][flwr][INFO] - configure_fit: strategy sampled 5 clients (out of 50)
[2024-10-10 03:56:19,219][flwr][INFO] - aggregate_fit: received 5 results and 0 failures
[2024-10-10 03:56:25,496][flwr][INFO] - fit progress: (12, 168.1354409456253, {'accuracy': 0.5206080093539901}, 138.13647764362395)
[2024-10-10 03:56:25,496][flwr][INFO] - configure_evaluate: strategy sampled 2 clients (out of 50)
[2024-10-10 03:56:25,841][flwr][INFO] - aggregate_evaluate: received 2 results and 0 failures
[2024-10-10 03:56:25,841][flwr][INFO] - 
[2024-10-10 03:56:25,841][flwr][INFO] - [ROUND 13]
[2024-10-10 03:56:25,841][flwr][INFO] - configure_fit: strategy sampled 5 clients (out of 50)
[2024-10-10 03:56:29,318][flwr][INFO] - aggregate_fit: received 5 results and 0 failures
[2024-10-10 03:56:34,916][flwr][INFO] - fit progress: (13, 161.02068662643433, {'accuracy': 0.6030400467699503}, 147.55645419005305)
[2024-10-10 03:56:34,916][flwr][INFO] - configure_evaluate: strategy sampled 2 clients (out of 50)
[2024-10-10 03:56:35,344][flwr][INFO] - aggregate_evaluate: received 2 results and 0 failures
[2024-10-10 03:56:35,344][flwr][INFO] - 
[2024-10-10 03:56:35,345][flwr][INFO] - [ROUND 14]
[2024-10-10 03:56:35,345][flwr][INFO] - configure_fit: strategy sampled 5 clients (out of 50)
[2024-10-10 03:56:40,755][flwr][INFO] - aggregate_fit: received 5 results and 0 failures
[2024-10-10 03:56:46,110][flwr][INFO] - fit progress: (14, 148.55399358272552, {'accuracy': 0.6346097632271266}, 158.75082308705896)
[2024-10-10 03:56:46,110][flwr][INFO] - configure_evaluate: strategy sampled 2 clients (out of 50)
[2024-10-10 03:56:46,476][flwr][INFO] - aggregate_evaluate: received 2 results and 0 failures
[2024-10-10 03:56:46,477][flwr][INFO] - 
[2024-10-10 03:56:46,477][flwr][INFO] - [ROUND 15]
[2024-10-10 03:56:46,477][flwr][INFO] - configure_fit: strategy sampled 5 clients (out of 50)
[2024-10-10 03:56:49,194][flwr][INFO] - aggregate_fit: received 5 results and 0 failures
[2024-10-10 03:56:53,917][flwr][INFO] - fit progress: (15, 144.5444175004959, {'accuracy': 0.6378251973107278}, 166.55812271218747)
[2024-10-10 03:56:53,918][flwr][INFO] - configure_evaluate: strategy sampled 2 clients (out of 50)
[2024-10-10 03:56:54,290][flwr][INFO] - aggregate_evaluate: received 2 results and 0 failures
[2024-10-10 03:56:54,290][flwr][INFO] - 
[2024-10-10 03:56:54,290][flwr][INFO] - [ROUND 16]
[2024-10-10 03:56:54,290][flwr][INFO] - configure_fit: strategy sampled 5 clients (out of 50)
[2024-10-10 03:56:57,863][flwr][INFO] - aggregate_fit: received 5 results and 0 failures
[2024-10-10 03:57:03,407][flwr][INFO] - fit progress: (16, 138.36620140075684, {'accuracy': 0.6945337620578779}, 176.04794988315552)
[2024-10-10 03:57:03,408][flwr][INFO] - configure_evaluate: strategy sampled 2 clients (out of 50)
[2024-10-10 03:57:03,769][flwr][INFO] - aggregate_evaluate: received 2 results and 0 failures
[2024-10-10 03:57:03,769][flwr][INFO] - 
[2024-10-10 03:57:03,770][flwr][INFO] - [ROUND 17]
[2024-10-10 03:57:03,770][flwr][INFO] - configure_fit: strategy sampled 5 clients (out of 50)
[2024-10-10 03:57:08,668][flwr][INFO] - aggregate_fit: received 5 results and 0 failures
[2024-10-10 03:57:15,888][flwr][INFO] - fit progress: (17, 139.17547404766083, {'accuracy': 0.6360713241742181}, 188.52929916139692)
[2024-10-10 03:57:15,889][flwr][INFO] - configure_evaluate: strategy sampled 2 clients (out of 50)
[2024-10-10 03:57:16,274][flwr][INFO] - aggregate_evaluate: received 2 results and 0 failures
[2024-10-10 03:57:16,274][flwr][INFO] - 
[2024-10-10 03:57:16,275][flwr][INFO] - [ROUND 18]
[2024-10-10 03:57:16,275][flwr][INFO] - configure_fit: strategy sampled 5 clients (out of 50)
[2024-10-10 03:57:20,018][flwr][INFO] - aggregate_fit: received 5 results and 0 failures
[2024-10-10 03:57:25,725][flwr][INFO] - fit progress: (18, 143.52839767932892, {'accuracy': 0.69073370359544}, 198.36592892557383)
[2024-10-10 03:57:25,725][flwr][INFO] - configure_evaluate: strategy sampled 2 clients (out of 50)
[2024-10-10 03:57:26,096][flwr][INFO] - aggregate_evaluate: received 2 results and 0 failures
[2024-10-10 03:57:26,097][flwr][INFO] - 
[2024-10-10 03:57:26,098][flwr][INFO] - [ROUND 19]
[2024-10-10 03:57:26,098][flwr][INFO] - configure_fit: strategy sampled 5 clients (out of 50)
[2024-10-10 03:57:29,101][flwr][INFO] - aggregate_fit: received 5 results and 0 failures
[2024-10-10 03:57:34,725][flwr][INFO] - fit progress: (19, 129.69343674182892, {'accuracy': 0.715287927506577}, 207.36545978300273)
[2024-10-10 03:57:34,725][flwr][INFO] - configure_evaluate: strategy sampled 2 clients (out of 50)
[2024-10-10 03:57:35,051][flwr][INFO] - aggregate_evaluate: received 2 results and 0 failures
[2024-10-10 03:57:35,051][flwr][INFO] - 
[2024-10-10 03:57:35,051][flwr][INFO] - [ROUND 20]
[2024-10-10 03:57:35,051][flwr][INFO] - configure_fit: strategy sampled 5 clients (out of 50)
[2024-10-10 03:57:37,999][flwr][INFO] - aggregate_fit: received 5 results and 0 failures
[2024-10-10 03:57:44,177][flwr][INFO] - fit progress: (20, 129.32156985998154, {'accuracy': 0.6544869921075709}, 216.8177874116227)
[2024-10-10 03:57:44,177][flwr][INFO] - configure_evaluate: strategy sampled 2 clients (out of 50)
[2024-10-10 03:57:44,630][flwr][INFO] - aggregate_evaluate: received 2 results and 0 failures
[2024-10-10 03:57:44,631][flwr][INFO] - 
[2024-10-10 03:57:44,631][flwr][INFO] - [ROUND 21]
[2024-10-10 03:57:44,631][flwr][INFO] - configure_fit: strategy sampled 5 clients (out of 50)
[2024-10-10 03:57:49,620][flwr][INFO] - aggregate_fit: received 5 results and 0 failures
[2024-10-10 03:57:55,155][flwr][INFO] - fit progress: (21, 127.3145781159401, {'accuracy': 0.6840105232388191}, 227.79577537998557)
[2024-10-10 03:57:55,155][flwr][INFO] - configure_evaluate: strategy sampled 2 clients (out of 50)
[2024-10-10 03:57:55,606][flwr][INFO] - aggregate_evaluate: received 2 results and 0 failures
[2024-10-10 03:57:55,607][flwr][INFO] - 
[2024-10-10 03:57:55,608][flwr][INFO] - [ROUND 22]
[2024-10-10 03:57:55,608][flwr][INFO] - configure_fit: strategy sampled 5 clients (out of 50)
[2024-10-10 03:57:58,018][flwr][INFO] - aggregate_fit: received 5 results and 0 failures
[2024-10-10 03:58:03,659][flwr][INFO] - fit progress: (22, 132.40005886554718, {'accuracy': 0.7035954399298451}, 236.29962248541415)
[2024-10-10 03:58:03,659][flwr][INFO] - configure_evaluate: strategy sampled 2 clients (out of 50)
[2024-10-10 03:58:04,068][flwr][INFO] - aggregate_evaluate: received 2 results and 0 failures
[2024-10-10 03:58:04,069][flwr][INFO] - 
[2024-10-10 03:58:04,069][flwr][INFO] - [ROUND 23]
[2024-10-10 03:58:04,069][flwr][INFO] - configure_fit: strategy sampled 5 clients (out of 50)
[2024-10-10 03:58:08,394][flwr][INFO] - aggregate_fit: received 5 results and 0 failures
[2024-10-10 03:58:14,023][flwr][INFO] - fit progress: (23, 150.11525702476501, {'accuracy': 0.6413329435837475}, 246.6641992246732)
[2024-10-10 03:58:14,024][flwr][INFO] - configure_evaluate: strategy sampled 2 clients (out of 50)
[2024-10-10 03:58:14,446][flwr][INFO] - aggregate_evaluate: received 2 results and 0 failures
[2024-10-10 03:58:14,447][flwr][INFO] - 
[2024-10-10 03:58:14,448][flwr][INFO] - [ROUND 24]
[2024-10-10 03:58:14,448][flwr][INFO] - configure_fit: strategy sampled 5 clients (out of 50)
[2024-10-10 03:58:17,504][flwr][INFO] - aggregate_fit: received 5 results and 0 failures
[2024-10-10 03:58:23,027][flwr][INFO] - fit progress: (24, 132.17368304729462, {'accuracy': 0.7071031862028646}, 255.6679702149704)
[2024-10-10 03:58:23,027][flwr][INFO] - configure_evaluate: strategy sampled 2 clients (out of 50)
[2024-10-10 03:58:23,420][flwr][INFO] - aggregate_evaluate: received 2 results and 0 failures
[2024-10-10 03:58:23,420][flwr][INFO] - 
[2024-10-10 03:58:23,420][flwr][INFO] - [ROUND 25]
[2024-10-10 03:58:23,420][flwr][INFO] - configure_fit: strategy sampled 5 clients (out of 50)
[2024-10-10 03:58:26,637][flwr][INFO] - aggregate_fit: received 5 results and 0 failures
[2024-10-10 03:58:32,234][flwr][INFO] - fit progress: (25, 123.48000568151474, {'accuracy': 0.7445191464484069}, 264.8749243170023)
[2024-10-10 03:58:32,235][flwr][INFO] - configure_evaluate: strategy sampled 2 clients (out of 50)
[2024-10-10 03:58:32,580][flwr][INFO] - aggregate_evaluate: received 2 results and 0 failures
[2024-10-10 03:58:32,580][flwr][INFO] - 
[2024-10-10 03:58:32,581][flwr][INFO] - [ROUND 26]
[2024-10-10 03:58:32,581][flwr][INFO] - configure_fit: strategy sampled 5 clients (out of 50)
[2024-10-10 03:58:35,543][flwr][INFO] - aggregate_fit: received 5 results and 0 failures
[2024-10-10 03:58:41,837][flwr][INFO] - fit progress: (26, 113.51704585552216, {'accuracy': 0.7547500730780473}, 274.4778122436255)
[2024-10-10 03:58:41,837][flwr][INFO] - configure_evaluate: strategy sampled 2 clients (out of 50)
[2024-10-10 03:58:42,354][flwr][INFO] - aggregate_evaluate: received 2 results and 0 failures
[2024-10-10 03:58:42,354][flwr][INFO] - 
[2024-10-10 03:58:42,354][flwr][INFO] - [ROUND 27]
[2024-10-10 03:58:42,354][flwr][INFO] - configure_fit: strategy sampled 5 clients (out of 50)
[2024-10-10 03:58:48,500][flwr][INFO] - aggregate_fit: received 5 results and 0 failures
[2024-10-10 03:58:55,386][flwr][INFO] - fit progress: (27, 114.6745131611824, {'accuracy': 0.7258111663256358}, 288.0273107793182)
[2024-10-10 03:58:55,387][flwr][INFO] - configure_evaluate: strategy sampled 2 clients (out of 50)
[2024-10-10 03:58:55,755][flwr][INFO] - aggregate_evaluate: received 2 results and 0 failures
[2024-10-10 03:58:55,756][flwr][INFO] - 
[2024-10-10 03:58:55,756][flwr][INFO] - [ROUND 28]
[2024-10-10 03:58:55,756][flwr][INFO] - configure_fit: strategy sampled 5 clients (out of 50)
[2024-10-10 03:59:02,072][flwr][INFO] - aggregate_fit: received 5 results and 0 failures
[2024-10-10 03:59:08,064][flwr][INFO] - fit progress: (28, 127.37263059616089, {'accuracy': 0.7120724934229757}, 300.7052281256765)
[2024-10-10 03:59:08,065][flwr][INFO] - configure_evaluate: strategy sampled 2 clients (out of 50)
[2024-10-10 03:59:08,530][flwr][INFO] - aggregate_evaluate: received 2 results and 0 failures
[2024-10-10 03:59:08,530][flwr][INFO] - 
[2024-10-10 03:59:08,530][flwr][INFO] - [ROUND 29]
[2024-10-10 03:59:08,531][flwr][INFO] - configure_fit: strategy sampled 5 clients (out of 50)
[2024-10-10 03:59:11,779][flwr][INFO] - aggregate_fit: received 5 results and 0 failures
[2024-10-10 03:59:17,994][flwr][INFO] - fit progress: (29, 152.09274852275848, {'accuracy': 0.5849166910260157}, 310.63504852354527)
[2024-10-10 03:59:17,996][flwr][INFO] - configure_evaluate: strategy sampled 2 clients (out of 50)
[2024-10-10 03:59:18,475][flwr][INFO] - aggregate_evaluate: received 2 results and 0 failures
[2024-10-10 03:59:18,475][flwr][INFO] - 
[2024-10-10 03:59:18,475][flwr][INFO] - [ROUND 30]
[2024-10-10 03:59:18,475][flwr][INFO] - configure_fit: strategy sampled 5 clients (out of 50)
[2024-10-10 03:59:22,065][flwr][INFO] - aggregate_fit: received 5 results and 0 failures
[2024-10-10 03:59:28,168][flwr][INFO] - fit progress: (30, 168.11915755271912, {'accuracy': 0.41011400175387314}, 320.8086545234546)
[2024-10-10 03:59:28,168][flwr][INFO] - configure_evaluate: strategy sampled 2 clients (out of 50)
[2024-10-10 03:59:28,556][flwr][INFO] - aggregate_evaluate: received 2 results and 0 failures
[2024-10-10 03:59:28,556][flwr][INFO] - 
[2024-10-10 03:59:28,556][flwr][INFO] - [ROUND 31]
[2024-10-10 03:59:28,556][flwr][INFO] - configure_fit: strategy sampled 5 clients (out of 50)
[2024-10-10 03:59:37,357][flwr][INFO] - aggregate_fit: received 5 results and 0 failures
[2024-10-10 03:59:43,676][flwr][INFO] - fit progress: (31, 126.25950849056244, {'accuracy': 0.7129494299912307}, 336.3163847019896)
[2024-10-10 03:59:43,676][flwr][INFO] - configure_evaluate: strategy sampled 2 clients (out of 50)
[2024-10-10 03:59:44,025][flwr][INFO] - aggregate_evaluate: received 2 results and 0 failures
[2024-10-10 03:59:44,025][flwr][INFO] - 
[2024-10-10 03:59:44,025][flwr][INFO] - [ROUND 32]
[2024-10-10 03:59:44,026][flwr][INFO] - configure_fit: strategy sampled 5 clients (out of 50)
[2024-10-10 03:59:51,954][flwr][INFO] - aggregate_fit: received 5 results and 0 failures
[2024-10-10 03:59:58,218][flwr][INFO] - fit progress: (32, 102.87781709432602, {'accuracy': 0.7687810581701257}, 350.8590657329187)
[2024-10-10 03:59:58,219][flwr][INFO] - configure_evaluate: strategy sampled 2 clients (out of 50)
[2024-10-10 03:59:58,696][flwr][INFO] - aggregate_evaluate: received 2 results and 0 failures
[2024-10-10 03:59:58,697][flwr][INFO] - 
[2024-10-10 03:59:58,697][flwr][INFO] - [ROUND 33]
[2024-10-10 03:59:58,697][flwr][INFO] - configure_fit: strategy sampled 5 clients (out of 50)
[2024-10-10 04:00:03,993][flwr][INFO] - aggregate_fit: received 5 results and 0 failures
[2024-10-10 04:00:10,119][flwr][INFO] - fit progress: (33, 131.62230718135834, {'accuracy': 0.7071031862028646}, 362.7596669541672)
[2024-10-10 04:00:10,119][flwr][INFO] - configure_evaluate: strategy sampled 2 clients (out of 50)
[2024-10-10 04:00:10,528][flwr][INFO] - aggregate_evaluate: received 2 results and 0 failures
[2024-10-10 04:00:10,529][flwr][INFO] - 
[2024-10-10 04:00:10,529][flwr][INFO] - [ROUND 34]
[2024-10-10 04:00:10,529][flwr][INFO] - configure_fit: strategy sampled 5 clients (out of 50)
[2024-10-10 04:00:17,159][flwr][INFO] - aggregate_fit: received 5 results and 0 failures
[2024-10-10 04:00:23,200][flwr][INFO] - fit progress: (34, 131.66511058807373, {'accuracy': 0.7135340543700672}, 375.840396463871)
[2024-10-10 04:00:23,201][flwr][INFO] - configure_evaluate: strategy sampled 2 clients (out of 50)
[2024-10-10 04:00:23,568][flwr][INFO] - aggregate_evaluate: received 2 results and 0 failures
[2024-10-10 04:00:23,569][flwr][INFO] - 
[2024-10-10 04:00:23,570][flwr][INFO] - [ROUND 35]
[2024-10-10 04:00:23,570][flwr][INFO] - configure_fit: strategy sampled 5 clients (out of 50)
[2024-10-10 04:00:26,686][flwr][INFO] - aggregate_fit: received 5 results and 0 failures
[2024-10-10 04:00:32,359][flwr][INFO] - fit progress: (35, 139.2174632549286, {'accuracy': 0.6843028354282373}, 384.9998511373997)
[2024-10-10 04:00:32,359][flwr][INFO] - configure_evaluate: strategy sampled 2 clients (out of 50)
[2024-10-10 04:00:32,692][flwr][INFO] - aggregate_evaluate: received 2 results and 0 failures
[2024-10-10 04:00:32,692][flwr][INFO] - 
[2024-10-10 04:00:32,692][flwr][INFO] - [ROUND 36]
[2024-10-10 04:00:32,693][flwr][INFO] - configure_fit: strategy sampled 5 clients (out of 50)
[2024-10-10 04:00:36,721][flwr][INFO] - aggregate_fit: received 5 results and 0 failures
[2024-10-10 04:00:42,109][flwr][INFO] - fit progress: (36, 109.37069004774094, {'accuracy': 0.7287342882198188}, 394.74935172498226)
[2024-10-10 04:00:42,109][flwr][INFO] - configure_evaluate: strategy sampled 2 clients (out of 50)
[2024-10-10 04:00:42,457][flwr][INFO] - aggregate_evaluate: received 2 results and 0 failures
[2024-10-10 04:00:42,458][flwr][INFO] - 
[2024-10-10 04:00:42,458][flwr][INFO] - [ROUND 37]
[2024-10-10 04:00:42,459][flwr][INFO] - configure_fit: strategy sampled 5 clients (out of 50)
[2024-10-10 04:00:47,266][flwr][INFO] - aggregate_fit: received 5 results and 0 failures
[2024-10-10 04:00:52,954][flwr][INFO] - fit progress: (37, 87.05808943510056, {'accuracy': 0.7822274188833674}, 405.5944855567068)
[2024-10-10 04:00:52,954][flwr][INFO] - configure_evaluate: strategy sampled 2 clients (out of 50)
[2024-10-10 04:00:53,299][flwr][INFO] - aggregate_evaluate: received 2 results and 0 failures
[2024-10-10 04:00:53,299][flwr][INFO] - 
[2024-10-10 04:00:53,300][flwr][INFO] - [ROUND 38]
[2024-10-10 04:00:53,300][flwr][INFO] - configure_fit: strategy sampled 5 clients (out of 50)
[2024-10-10 04:00:57,467][flwr][INFO] - aggregate_fit: received 5 results and 0 failures
[2024-10-10 04:01:03,150][flwr][INFO] - fit progress: (38, 96.74655449390411, {'accuracy': 0.7462730195849167}, 415.79075845796615)
[2024-10-10 04:01:03,150][flwr][INFO] - configure_evaluate: strategy sampled 2 clients (out of 50)
[2024-10-10 04:01:03,564][flwr][INFO] - aggregate_evaluate: received 2 results and 0 failures
[2024-10-10 04:01:03,565][flwr][INFO] - 
[2024-10-10 04:01:03,565][flwr][INFO] - [ROUND 39]
[2024-10-10 04:01:03,565][flwr][INFO] - configure_fit: strategy sampled 5 clients (out of 50)
[2024-10-10 04:01:08,636][flwr][INFO] - aggregate_fit: received 5 results and 0 failures
[2024-10-10 04:01:14,212][flwr][INFO] - fit progress: (39, 136.96087628602982, {'accuracy': 0.6416252557731658}, 426.8524818904698)
[2024-10-10 04:01:14,212][flwr][INFO] - configure_evaluate: strategy sampled 2 clients (out of 50)
[2024-10-10 04:01:14,624][flwr][INFO] - aggregate_evaluate: received 2 results and 0 failures
[2024-10-10 04:01:14,624][flwr][INFO] - 
[2024-10-10 04:01:14,624][flwr][INFO] - [ROUND 40]
[2024-10-10 04:01:14,624][flwr][INFO] - configure_fit: strategy sampled 5 clients (out of 50)
[2024-10-10 04:01:16,881][flwr][INFO] - aggregate_fit: received 5 results and 0 failures
[2024-10-10 04:01:22,467][flwr][INFO] - fit progress: (40, 126.31484705209732, {'accuracy': 0.6883952060800935}, 435.10816834587604)
[2024-10-10 04:01:22,468][flwr][INFO] - configure_evaluate: strategy sampled 2 clients (out of 50)
[2024-10-10 04:01:22,798][flwr][INFO] - aggregate_evaluate: received 2 results and 0 failures
[2024-10-10 04:01:22,799][flwr][INFO] - 
[2024-10-10 04:01:22,800][flwr][INFO] - [ROUND 41]
[2024-10-10 04:01:22,800][flwr][INFO] - configure_fit: strategy sampled 5 clients (out of 50)
[2024-10-10 04:01:26,407][flwr][INFO] - aggregate_fit: received 5 results and 0 failures
[2024-10-10 04:01:32,006][flwr][INFO] - fit progress: (41, 106.59468042850494, {'accuracy': 0.755334697456884}, 444.6471913373098)
[2024-10-10 04:01:32,007][flwr][INFO] - configure_evaluate: strategy sampled 2 clients (out of 50)
[2024-10-10 04:01:32,359][flwr][INFO] - aggregate_evaluate: received 2 results and 0 failures
[2024-10-10 04:01:32,359][flwr][INFO] - 
[2024-10-10 04:01:32,359][flwr][INFO] - [ROUND 42]
[2024-10-10 04:01:32,359][flwr][INFO] - configure_fit: strategy sampled 5 clients (out of 50)
[2024-10-10 04:01:35,721][flwr][INFO] - aggregate_fit: received 5 results and 0 failures
[2024-10-10 04:01:41,335][flwr][INFO] - fit progress: (42, 96.78212112188339, {'accuracy': 0.7795966091786027}, 453.97579763270915)
[2024-10-10 04:01:41,335][flwr][INFO] - configure_evaluate: strategy sampled 2 clients (out of 50)
[2024-10-10 04:01:41,767][flwr][INFO] - aggregate_evaluate: received 2 results and 0 failures
[2024-10-10 04:01:41,767][flwr][INFO] - 
[2024-10-10 04:01:41,768][flwr][INFO] - [ROUND 43]
[2024-10-10 04:01:41,768][flwr][INFO] - configure_fit: strategy sampled 5 clients (out of 50)
[2024-10-10 04:01:43,728][flwr][INFO] - aggregate_fit: received 5 results and 0 failures
[2024-10-10 04:01:49,479][flwr][INFO] - fit progress: (43, 131.91803860664368, {'accuracy': 0.6585793627594271}, 462.11982942186296)
[2024-10-10 04:01:49,479][flwr][INFO] - configure_evaluate: strategy sampled 2 clients (out of 50)
[2024-10-10 04:01:49,889][flwr][INFO] - aggregate_evaluate: received 2 results and 0 failures
[2024-10-10 04:01:49,889][flwr][INFO] - 
[2024-10-10 04:01:49,889][flwr][INFO] - [ROUND 44]
[2024-10-10 04:01:49,889][flwr][INFO] - configure_fit: strategy sampled 5 clients (out of 50)
[2024-10-10 04:01:52,546][flwr][INFO] - aggregate_fit: received 5 results and 0 failures
[2024-10-10 04:01:57,963][flwr][INFO] - fit progress: (44, 81.89339631795883, {'accuracy': 0.782812043262204}, 470.6039957944304)
[2024-10-10 04:01:57,963][flwr][INFO] - configure_evaluate: strategy sampled 2 clients (out of 50)
[2024-10-10 04:01:58,312][flwr][INFO] - aggregate_evaluate: received 2 results and 0 failures
[2024-10-10 04:01:58,312][flwr][INFO] - 
[2024-10-10 04:01:58,312][flwr][INFO] - [ROUND 45]
[2024-10-10 04:01:58,312][flwr][INFO] - configure_fit: strategy sampled 5 clients (out of 50)
[2024-10-10 04:02:03,936][flwr][INFO] - aggregate_fit: received 5 results and 0 failures
[2024-10-10 04:02:09,243][flwr][INFO] - fit progress: (45, 132.67751026153564, {'accuracy': 0.6749488453668518}, 481.8841262133792)
[2024-10-10 04:02:09,244][flwr][INFO] - configure_evaluate: strategy sampled 2 clients (out of 50)
[2024-10-10 04:02:09,589][flwr][INFO] - aggregate_evaluate: received 2 results and 0 failures
[2024-10-10 04:02:09,589][flwr][INFO] - 
[2024-10-10 04:02:09,589][flwr][INFO] - [ROUND 46]
[2024-10-10 04:02:09,589][flwr][INFO] - configure_fit: strategy sampled 5 clients (out of 50)
[2024-10-10 04:02:14,554][flwr][INFO] - aggregate_fit: received 5 results and 0 failures
[2024-10-10 04:02:20,710][flwr][INFO] - fit progress: (46, 133.29917573928833, {'accuracy': 0.7111955568547208}, 493.35041573643684)
[2024-10-10 04:02:20,710][flwr][INFO] - configure_evaluate: strategy sampled 2 clients (out of 50)
[2024-10-10 04:02:21,086][flwr][INFO] - aggregate_evaluate: received 2 results and 0 failures
[2024-10-10 04:02:21,087][flwr][INFO] - 
[2024-10-10 04:02:21,087][flwr][INFO] - [ROUND 47]
[2024-10-10 04:02:21,087][flwr][INFO] - configure_fit: strategy sampled 5 clients (out of 50)
[2024-10-10 04:02:23,733][flwr][INFO] - aggregate_fit: received 5 results and 0 failures
[2024-10-10 04:02:29,538][flwr][INFO] - fit progress: (47, 125.0499729514122, {'accuracy': 0.6302250803858521}, 502.17831112630665)
[2024-10-10 04:02:29,538][flwr][INFO] - configure_evaluate: strategy sampled 2 clients (out of 50)
[2024-10-10 04:02:29,974][flwr][INFO] - aggregate_evaluate: received 2 results and 0 failures
[2024-10-10 04:02:29,975][flwr][INFO] - 
[2024-10-10 04:02:29,975][flwr][INFO] - [ROUND 48]
[2024-10-10 04:02:29,975][flwr][INFO] - configure_fit: strategy sampled 5 clients (out of 50)
[2024-10-10 04:02:35,374][flwr][INFO] - aggregate_fit: received 5 results and 0 failures
[2024-10-10 04:02:41,015][flwr][INFO] - fit progress: (48, 129.96868187189102, {'accuracy': 0.71821104940076}, 513.6561137167737)
[2024-10-10 04:02:41,016][flwr][INFO] - configure_evaluate: strategy sampled 2 clients (out of 50)
[2024-10-10 04:02:41,370][flwr][INFO] - aggregate_evaluate: received 2 results and 0 failures
[2024-10-10 04:02:41,370][flwr][INFO] - 
[2024-10-10 04:02:41,370][flwr][INFO] - [ROUND 49]
[2024-10-10 04:02:41,370][flwr][INFO] - configure_fit: strategy sampled 5 clients (out of 50)
[2024-10-10 04:02:45,168][flwr][INFO] - aggregate_fit: received 5 results and 0 failures
[2024-10-10 04:02:51,617][flwr][INFO] - fit progress: (49, 83.8250724375248, {'accuracy': 0.7983045893013738}, 524.2574819885194)
[2024-10-10 04:02:51,617][flwr][INFO] - configure_evaluate: strategy sampled 2 clients (out of 50)
[2024-10-10 04:02:51,951][flwr][INFO] - aggregate_evaluate: received 2 results and 0 failures
[2024-10-10 04:02:51,952][flwr][INFO] - 
[2024-10-10 04:02:51,952][flwr][INFO] - [ROUND 50]
[2024-10-10 04:02:51,952][flwr][INFO] - configure_fit: strategy sampled 5 clients (out of 50)
[2024-10-10 04:02:54,588][flwr][INFO] - aggregate_fit: received 5 results and 0 failures
[2024-10-10 04:03:00,881][flwr][INFO] - fit progress: (50, 132.1529130935669, {'accuracy': 0.5933937445191464}, 533.5220486940816)
[2024-10-10 04:03:00,882][flwr][INFO] - configure_evaluate: strategy sampled 2 clients (out of 50)
[2024-10-10 04:03:01,385][flwr][INFO] - aggregate_evaluate: received 2 results and 0 failures
[2024-10-10 04:03:01,385][flwr][INFO] - 
[2024-10-10 04:03:01,385][flwr][INFO] - [ROUND 51]
[2024-10-10 04:03:01,385][flwr][INFO] - configure_fit: strategy sampled 5 clients (out of 50)
[2024-10-10 04:03:09,205][flwr][INFO] - aggregate_fit: received 5 results and 0 failures
[2024-10-10 04:03:15,171][flwr][INFO] - fit progress: (51, 120.97358006238937, {'accuracy': 0.6664717918737212}, 547.8118295120075)
[2024-10-10 04:03:15,171][flwr][INFO] - configure_evaluate: strategy sampled 2 clients (out of 50)
[2024-10-10 04:03:15,595][flwr][INFO] - aggregate_evaluate: received 2 results and 0 failures
[2024-10-10 04:03:15,596][flwr][INFO] - 
[2024-10-10 04:03:15,596][flwr][INFO] - [ROUND 52]
[2024-10-10 04:03:15,596][flwr][INFO] - configure_fit: strategy sampled 5 clients (out of 50)
[2024-10-10 04:03:23,031][flwr][INFO] - aggregate_fit: received 5 results and 0 failures
[2024-10-10 04:03:29,880][flwr][INFO] - fit progress: (52, 82.36849772930145, {'accuracy': 0.7763811750950015}, 562.520856525749)
[2024-10-10 04:03:29,880][flwr][INFO] - configure_evaluate: strategy sampled 2 clients (out of 50)
[2024-10-10 04:03:30,348][flwr][INFO] - aggregate_evaluate: received 2 results and 0 failures
[2024-10-10 04:03:30,349][flwr][INFO] - 
[2024-10-10 04:03:30,349][flwr][INFO] - [ROUND 53]
[2024-10-10 04:03:30,349][flwr][INFO] - configure_fit: strategy sampled 5 clients (out of 50)
[2024-10-10 04:03:34,857][flwr][INFO] - aggregate_fit: received 5 results and 0 failures
[2024-10-10 04:03:41,618][flwr][INFO] - fit progress: (53, 106.21736043691635, {'accuracy': 0.7337035954399298}, 574.258998115547)
[2024-10-10 04:03:41,619][flwr][INFO] - configure_evaluate: strategy sampled 2 clients (out of 50)
[2024-10-10 04:03:42,120][flwr][INFO] - aggregate_evaluate: received 2 results and 0 failures
[2024-10-10 04:03:42,121][flwr][INFO] - 
[2024-10-10 04:03:42,121][flwr][INFO] - [ROUND 54]
[2024-10-10 04:03:42,121][flwr][INFO] - configure_fit: strategy sampled 5 clients (out of 50)
[2024-10-10 04:03:49,024][flwr][INFO] - aggregate_fit: received 5 results and 0 failures
[2024-10-10 04:03:55,231][flwr][INFO] - fit progress: (54, 87.75404900312424, {'accuracy': 0.7836889798304589}, 587.8721258249134)
[2024-10-10 04:03:55,233][flwr][INFO] - configure_evaluate: strategy sampled 2 clients (out of 50)
[2024-10-10 04:03:55,701][flwr][INFO] - aggregate_evaluate: received 2 results and 0 failures
[2024-10-10 04:03:55,701][flwr][INFO] - 
[2024-10-10 04:03:55,702][flwr][INFO] - [ROUND 55]
[2024-10-10 04:03:55,702][flwr][INFO] - configure_fit: strategy sampled 5 clients (out of 50)
[2024-10-10 04:04:00,451][flwr][INFO] - aggregate_fit: received 5 results and 0 failures
[2024-10-10 04:04:06,728][flwr][INFO] - fit progress: (55, 134.29813277721405, {'accuracy': 0.7079801227711195}, 599.3686448335648)
[2024-10-10 04:04:06,728][flwr][INFO] - configure_evaluate: strategy sampled 2 clients (out of 50)
[2024-10-10 04:04:07,279][flwr][INFO] - aggregate_evaluate: received 2 results and 0 failures
[2024-10-10 04:04:07,280][flwr][INFO] - 
[2024-10-10 04:04:07,280][flwr][INFO] - [ROUND 56]
[2024-10-10 04:04:07,280][flwr][INFO] - configure_fit: strategy sampled 5 clients (out of 50)
[2024-10-10 04:04:11,562][flwr][INFO] - aggregate_fit: received 5 results and 0 failures
[2024-10-10 04:04:17,528][flwr][INFO] - fit progress: (56, 153.3198372721672, {'accuracy': 0.43320666471791874}, 610.1688011549413)
[2024-10-10 04:04:17,528][flwr][INFO] - configure_evaluate: strategy sampled 2 clients (out of 50)
[2024-10-10 04:04:17,929][flwr][INFO] - aggregate_evaluate: received 2 results and 0 failures
[2024-10-10 04:04:17,929][flwr][INFO] - 
[2024-10-10 04:04:17,929][flwr][INFO] - [ROUND 57]
[2024-10-10 04:04:17,930][flwr][INFO] - configure_fit: strategy sampled 5 clients (out of 50)
[2024-10-10 04:04:24,833][flwr][INFO] - aggregate_fit: received 5 results and 0 failures
[2024-10-10 04:04:30,993][flwr][INFO] - fit progress: (57, 87.28829798102379, {'accuracy': 0.7591347559193219}, 623.6340244188905)
[2024-10-10 04:04:30,994][flwr][INFO] - configure_evaluate: strategy sampled 2 clients (out of 50)
[2024-10-10 04:04:31,410][flwr][INFO] - aggregate_evaluate: received 2 results and 0 failures
[2024-10-10 04:04:31,410][flwr][INFO] - 
[2024-10-10 04:04:31,411][flwr][INFO] - [ROUND 58]
[2024-10-10 04:04:31,411][flwr][INFO] - configure_fit: strategy sampled 5 clients (out of 50)
[2024-10-10 04:04:36,755][flwr][INFO] - aggregate_fit: received 5 results and 0 failures
[2024-10-10 04:04:42,884][flwr][INFO] - fit progress: (58, 100.83220881223679, {'accuracy': 0.6840105232388191}, 635.5252277394757)
[2024-10-10 04:04:42,885][flwr][INFO] - configure_evaluate: strategy sampled 2 clients (out of 50)
[2024-10-10 04:04:43,205][flwr][INFO] - aggregate_evaluate: received 2 results and 0 failures
[2024-10-10 04:04:43,206][flwr][INFO] - 
[2024-10-10 04:04:43,206][flwr][INFO] - [ROUND 59]
[2024-10-10 04:04:43,206][flwr][INFO] - configure_fit: strategy sampled 5 clients (out of 50)
[2024-10-10 04:04:47,087][flwr][INFO] - aggregate_fit: received 5 results and 0 failures
[2024-10-10 04:04:52,684][flwr][INFO] - fit progress: (59, 114.90522003173828, {'accuracy': 0.6933645133002047}, 645.3245615614578)
[2024-10-10 04:04:52,684][flwr][INFO] - configure_evaluate: strategy sampled 2 clients (out of 50)
[2024-10-10 04:04:53,078][flwr][INFO] - aggregate_evaluate: received 2 results and 0 failures
[2024-10-10 04:04:53,079][flwr][INFO] - 
[2024-10-10 04:04:53,079][flwr][INFO] - [ROUND 60]
[2024-10-10 04:04:53,079][flwr][INFO] - configure_fit: strategy sampled 5 clients (out of 50)
[2024-10-10 04:04:56,569][flwr][INFO] - aggregate_fit: received 5 results and 0 failures
[2024-10-10 04:05:02,144][flwr][INFO] - fit progress: (60, 107.05893349647522, {'accuracy': 0.7281496638409821}, 654.7844515610486)
[2024-10-10 04:05:02,144][flwr][INFO] - configure_evaluate: strategy sampled 2 clients (out of 50)
[2024-10-10 04:05:02,550][flwr][INFO] - aggregate_evaluate: received 2 results and 0 failures
[2024-10-10 04:05:02,550][flwr][INFO] - 
[2024-10-10 04:05:02,550][flwr][INFO] - [ROUND 61]
[2024-10-10 04:05:02,550][flwr][INFO] - configure_fit: strategy sampled 5 clients (out of 50)
[2024-10-10 04:05:05,973][flwr][INFO] - aggregate_fit: received 5 results and 0 failures
[2024-10-10 04:05:10,886][flwr][INFO] - fit progress: (61, 116.17754763364792, {'accuracy': 0.6752411575562701}, 663.527277706191)
[2024-10-10 04:05:10,887][flwr][INFO] - configure_evaluate: strategy sampled 2 clients (out of 50)
[2024-10-10 04:05:11,265][flwr][INFO] - aggregate_evaluate: received 2 results and 0 failures
[2024-10-10 04:05:11,265][flwr][INFO] - 
[2024-10-10 04:05:11,265][flwr][INFO] - [ROUND 62]
[2024-10-10 04:05:11,265][flwr][INFO] - configure_fit: strategy sampled 5 clients (out of 50)
[2024-10-10 04:05:13,581][flwr][INFO] - aggregate_fit: received 5 results and 0 failures
[2024-10-10 04:05:19,170][flwr][INFO] - fit progress: (62, 98.10435384511948, {'accuracy': 0.7500730780473546}, 671.8105022022501)
[2024-10-10 04:05:19,170][flwr][INFO] - configure_evaluate: strategy sampled 2 clients (out of 50)
[2024-10-10 04:05:19,530][flwr][INFO] - aggregate_evaluate: received 2 results and 0 failures
[2024-10-10 04:05:19,530][flwr][INFO] - 
[2024-10-10 04:05:19,530][flwr][INFO] - [ROUND 63]
[2024-10-10 04:05:19,530][flwr][INFO] - configure_fit: strategy sampled 5 clients (out of 50)
[2024-10-10 04:05:23,846][flwr][INFO] - aggregate_fit: received 5 results and 0 failures
[2024-10-10 04:05:29,523][flwr][INFO] - fit progress: (63, 144.63131666183472, {'accuracy': 0.5884244372990354}, 682.1641172291711)
[2024-10-10 04:05:29,524][flwr][INFO] - configure_evaluate: strategy sampled 2 clients (out of 50)
[2024-10-10 04:05:29,877][flwr][INFO] - aggregate_evaluate: received 2 results and 0 failures
[2024-10-10 04:05:29,878][flwr][INFO] - 
[2024-10-10 04:05:29,878][flwr][INFO] - [ROUND 64]
[2024-10-10 04:05:29,878][flwr][INFO] - configure_fit: strategy sampled 5 clients (out of 50)
[2024-10-10 04:05:34,169][flwr][INFO] - aggregate_fit: received 5 results and 0 failures
[2024-10-10 04:05:39,729][flwr][INFO] - fit progress: (64, 96.94986140727997, {'accuracy': 0.7965507161648641}, 692.3697977401316)
[2024-10-10 04:05:39,729][flwr][INFO] - configure_evaluate: strategy sampled 2 clients (out of 50)
[2024-10-10 04:05:40,107][flwr][INFO] - aggregate_evaluate: received 2 results and 0 failures
[2024-10-10 04:05:40,107][flwr][INFO] - 
[2024-10-10 04:05:40,107][flwr][INFO] - [ROUND 65]
[2024-10-10 04:05:40,108][flwr][INFO] - configure_fit: strategy sampled 5 clients (out of 50)
[2024-10-10 04:05:43,229][flwr][INFO] - aggregate_fit: received 5 results and 0 failures
[2024-10-10 04:05:48,802][flwr][INFO] - fit progress: (65, 93.21692168712616, {'accuracy': 0.7956737795966092}, 701.4423977695405)
[2024-10-10 04:05:48,802][flwr][INFO] - configure_evaluate: strategy sampled 2 clients (out of 50)
[2024-10-10 04:05:49,223][flwr][INFO] - aggregate_evaluate: received 2 results and 0 failures
[2024-10-10 04:05:49,223][flwr][INFO] - 
[2024-10-10 04:05:49,224][flwr][INFO] - [ROUND 66]
[2024-10-10 04:05:49,224][flwr][INFO] - configure_fit: strategy sampled 5 clients (out of 50)
[2024-10-10 04:05:51,610][flwr][INFO] - aggregate_fit: received 5 results and 0 failures
[2024-10-10 04:05:57,292][flwr][INFO] - fit progress: (66, 82.37188565731049, {'accuracy': 0.7784273604209295}, 709.9323602663353)
[2024-10-10 04:05:57,292][flwr][INFO] - configure_evaluate: strategy sampled 2 clients (out of 50)
[2024-10-10 04:05:57,647][flwr][INFO] - aggregate_evaluate: received 2 results and 0 failures
[2024-10-10 04:05:57,647][flwr][INFO] - 
[2024-10-10 04:05:57,647][flwr][INFO] - [ROUND 67]
[2024-10-10 04:05:57,648][flwr][INFO] - configure_fit: strategy sampled 5 clients (out of 50)
[2024-10-10 04:06:01,332][flwr][INFO] - aggregate_fit: received 5 results and 0 failures
[2024-10-10 04:06:06,201][flwr][INFO] - fit progress: (67, 78.33567571640015, {'accuracy': 0.7562116340251388}, 718.8414723565802)
[2024-10-10 04:06:06,201][flwr][INFO] - configure_evaluate: strategy sampled 2 clients (out of 50)
[2024-10-10 04:06:06,602][flwr][INFO] - aggregate_evaluate: received 2 results and 0 failures
[2024-10-10 04:06:06,602][flwr][INFO] - 
[2024-10-10 04:06:06,602][flwr][INFO] - [ROUND 68]
[2024-10-10 04:06:06,603][flwr][INFO] - configure_fit: strategy sampled 5 clients (out of 50)
[2024-10-10 04:06:11,075][flwr][INFO] - aggregate_fit: received 5 results and 0 failures
[2024-10-10 04:06:17,393][flwr][INFO] - fit progress: (68, 69.74513679742813, {'accuracy': 0.7930429698918445}, 730.0340219121426)
[2024-10-10 04:06:17,394][flwr][INFO] - configure_evaluate: strategy sampled 2 clients (out of 50)
[2024-10-10 04:06:17,869][flwr][INFO] - aggregate_evaluate: received 2 results and 0 failures
[2024-10-10 04:06:17,869][flwr][INFO] - 
[2024-10-10 04:06:17,869][flwr][INFO] - [ROUND 69]
[2024-10-10 04:06:17,869][flwr][INFO] - configure_fit: strategy sampled 5 clients (out of 50)
[2024-10-10 04:06:22,236][flwr][INFO] - aggregate_fit: received 5 results and 0 failures
[2024-10-10 04:06:26,957][flwr][INFO] - fit progress: (69, 99.00492858886719, {'accuracy': 0.7296112247880736}, 739.5974554875866)
[2024-10-10 04:06:26,957][flwr][INFO] - configure_evaluate: strategy sampled 2 clients (out of 50)
[2024-10-10 04:06:27,388][flwr][INFO] - aggregate_evaluate: received 2 results and 0 failures
[2024-10-10 04:06:27,388][flwr][INFO] - 
[2024-10-10 04:06:27,388][flwr][INFO] - [ROUND 70]
[2024-10-10 04:06:27,388][flwr][INFO] - configure_fit: strategy sampled 5 clients (out of 50)
[2024-10-10 04:06:31,566][flwr][INFO] - aggregate_fit: received 5 results and 0 failures
[2024-10-10 04:06:37,182][flwr][INFO] - fit progress: (70, 77.0330690741539, {'accuracy': 0.8146740719087986}, 749.8225153675303)
[2024-10-10 04:06:37,182][flwr][INFO] - configure_evaluate: strategy sampled 2 clients (out of 50)
[2024-10-10 04:06:37,669][flwr][INFO] - aggregate_evaluate: received 2 results and 0 failures
[2024-10-10 04:06:37,669][flwr][INFO] - 
[2024-10-10 04:06:37,669][flwr][INFO] - [ROUND 71]
[2024-10-10 04:06:37,669][flwr][INFO] - configure_fit: strategy sampled 5 clients (out of 50)
[2024-10-10 04:06:40,342][flwr][INFO] - aggregate_fit: received 5 results and 0 failures
[2024-10-10 04:06:45,135][flwr][INFO] - fit progress: (71, 97.89112681150436, {'accuracy': 0.7223034200526162}, 757.7753906892613)
[2024-10-10 04:06:45,135][flwr][INFO] - configure_evaluate: strategy sampled 2 clients (out of 50)
[2024-10-10 04:06:45,443][flwr][INFO] - aggregate_evaluate: received 2 results and 0 failures
[2024-10-10 04:06:45,444][flwr][INFO] - 
[2024-10-10 04:06:45,444][flwr][INFO] - [ROUND 72]
[2024-10-10 04:06:45,444][flwr][INFO] - configure_fit: strategy sampled 5 clients (out of 50)
[2024-10-10 04:06:49,234][flwr][INFO] - aggregate_fit: received 5 results and 0 failures
[2024-10-10 04:06:54,817][flwr][INFO] - fit progress: (72, 89.45757275819778, {'accuracy': 0.7687810581701257}, 767.4577632825822)
[2024-10-10 04:06:54,817][flwr][INFO] - configure_evaluate: strategy sampled 2 clients (out of 50)
[2024-10-10 04:06:55,333][flwr][INFO] - aggregate_evaluate: received 2 results and 0 failures
[2024-10-10 04:06:55,333][flwr][INFO] - 
[2024-10-10 04:06:55,333][flwr][INFO] - [ROUND 73]
[2024-10-10 04:06:55,334][flwr][INFO] - configure_fit: strategy sampled 5 clients (out of 50)
[2024-10-10 04:06:59,232][flwr][INFO] - aggregate_fit: received 5 results and 0 failures
[2024-10-10 04:07:04,802][flwr][INFO] - fit progress: (73, 121.12211287021637, {'accuracy': 0.6579947383805904}, 777.4432643372566)
[2024-10-10 04:07:04,803][flwr][INFO] - configure_evaluate: strategy sampled 2 clients (out of 50)
[2024-10-10 04:07:05,143][flwr][INFO] - aggregate_evaluate: received 2 results and 0 failures
[2024-10-10 04:07:05,143][flwr][INFO] - 
[2024-10-10 04:07:05,143][flwr][INFO] - [ROUND 74]
[2024-10-10 04:07:05,143][flwr][INFO] - configure_fit: strategy sampled 5 clients (out of 50)
[2024-10-10 04:07:09,891][flwr][INFO] - aggregate_fit: received 5 results and 0 failures
[2024-10-10 04:07:15,435][flwr][INFO] - fit progress: (74, 106.72702646255493, {'accuracy': 0.6825489622917276}, 788.0761752743274)
[2024-10-10 04:07:15,436][flwr][INFO] - configure_evaluate: strategy sampled 2 clients (out of 50)
[2024-10-10 04:07:15,744][flwr][INFO] - aggregate_evaluate: received 2 results and 0 failures
[2024-10-10 04:07:15,744][flwr][INFO] - 
[2024-10-10 04:07:15,744][flwr][INFO] - [ROUND 75]
[2024-10-10 04:07:15,745][flwr][INFO] - configure_fit: strategy sampled 5 clients (out of 50)
[2024-10-10 04:07:20,240][flwr][INFO] - aggregate_fit: received 5 results and 0 failures
[2024-10-10 04:07:26,568][flwr][INFO] - fit progress: (75, 166.67876541614532, {'accuracy': 0.5010230926629641}, 799.2089461972937)
[2024-10-10 04:07:26,568][flwr][INFO] - configure_evaluate: strategy sampled 2 clients (out of 50)
[2024-10-10 04:07:26,955][flwr][INFO] - aggregate_evaluate: received 2 results and 0 failures
[2024-10-10 04:07:26,955][flwr][INFO] - 
[2024-10-10 04:07:26,955][flwr][INFO] - [ROUND 76]
[2024-10-10 04:07:26,956][flwr][INFO] - configure_fit: strategy sampled 5 clients (out of 50)
[2024-10-10 04:07:31,301][flwr][INFO] - aggregate_fit: received 5 results and 0 failures
[2024-10-10 04:07:37,075][flwr][INFO] - fit progress: (76, 73.61126452684402, {'accuracy': 0.8132125109617071}, 809.7162608746439)
[2024-10-10 04:07:37,077][flwr][INFO] - configure_evaluate: strategy sampled 2 clients (out of 50)
[2024-10-10 04:07:37,523][flwr][INFO] - aggregate_evaluate: received 2 results and 0 failures
[2024-10-10 04:07:37,523][flwr][INFO] - 
[2024-10-10 04:07:37,523][flwr][INFO] - [ROUND 77]
[2024-10-10 04:07:37,523][flwr][INFO] - configure_fit: strategy sampled 5 clients (out of 50)
[2024-10-10 04:07:41,561][flwr][INFO] - aggregate_fit: received 5 results and 0 failures
[2024-10-10 04:07:47,696][flwr][INFO] - fit progress: (77, 99.02476900815964, {'accuracy': 0.7193802981584332}, 820.3365846415982)
[2024-10-10 04:07:47,696][flwr][INFO] - configure_evaluate: strategy sampled 2 clients (out of 50)
[2024-10-10 04:07:48,087][flwr][INFO] - aggregate_evaluate: received 2 results and 0 failures
[2024-10-10 04:07:48,088][flwr][INFO] - 
[2024-10-10 04:07:48,089][flwr][INFO] - [ROUND 78]
[2024-10-10 04:07:48,089][flwr][INFO] - configure_fit: strategy sampled 5 clients (out of 50)
[2024-10-10 04:07:53,997][flwr][INFO] - aggregate_fit: received 5 results and 0 failures
[2024-10-10 04:08:00,064][flwr][INFO] - fit progress: (78, 90.40364909172058, {'accuracy': 0.7448114586378252}, 832.7045818800107)
[2024-10-10 04:08:00,065][flwr][INFO] - configure_evaluate: strategy sampled 2 clients (out of 50)
[2024-10-10 04:08:00,575][flwr][INFO] - aggregate_evaluate: received 2 results and 0 failures
[2024-10-10 04:08:00,576][flwr][INFO] - 
[2024-10-10 04:08:00,576][flwr][INFO] - [ROUND 79]
[2024-10-10 04:08:00,576][flwr][INFO] - configure_fit: strategy sampled 5 clients (out of 50)
[2024-10-10 04:08:07,657][flwr][INFO] - aggregate_fit: received 5 results and 0 failures
[2024-10-10 04:08:13,740][flwr][INFO] - fit progress: (79, 113.66552954912186, {'accuracy': 0.6331482022800351}, 846.3803582657129)
[2024-10-10 04:08:13,740][flwr][INFO] - configure_evaluate: strategy sampled 2 clients (out of 50)
[2024-10-10 04:08:14,203][flwr][INFO] - aggregate_evaluate: received 2 results and 0 failures
[2024-10-10 04:08:14,203][flwr][INFO] - 
[2024-10-10 04:08:14,203][flwr][INFO] - [ROUND 80]
[2024-10-10 04:08:14,203][flwr][INFO] - configure_fit: strategy sampled 5 clients (out of 50)
[2024-10-10 04:08:17,438][flwr][INFO] - aggregate_fit: received 5 results and 0 failures
[2024-10-10 04:08:24,341][flwr][INFO] - fit progress: (80, 68.65695729851723, {'accuracy': 0.8152586962876351}, 856.9819436436519)
[2024-10-10 04:08:24,342][flwr][INFO] - configure_evaluate: strategy sampled 2 clients (out of 50)
[2024-10-10 04:08:24,708][flwr][INFO] - aggregate_evaluate: received 2 results and 0 failures
[2024-10-10 04:08:24,708][flwr][INFO] - 
[2024-10-10 04:08:24,709][flwr][INFO] - [ROUND 81]
[2024-10-10 04:08:24,709][flwr][INFO] - configure_fit: strategy sampled 5 clients (out of 50)
[2024-10-10 04:08:31,376][flwr][INFO] - aggregate_fit: received 5 results and 0 failures
[2024-10-10 04:08:37,452][flwr][INFO] - fit progress: (81, 154.2290745973587, {'accuracy': 0.5133002046185325}, 870.0928375907242)
[2024-10-10 04:08:37,452][flwr][INFO] - configure_evaluate: strategy sampled 2 clients (out of 50)
[2024-10-10 04:08:37,820][flwr][INFO] - aggregate_evaluate: received 2 results and 0 failures
[2024-10-10 04:08:37,821][flwr][INFO] - 
[2024-10-10 04:08:37,821][flwr][INFO] - [ROUND 82]
[2024-10-10 04:08:37,821][flwr][INFO] - configure_fit: strategy sampled 5 clients (out of 50)
[2024-10-10 04:08:44,525][flwr][INFO] - aggregate_fit: received 5 results and 0 failures
[2024-10-10 04:08:50,557][flwr][INFO] - fit progress: (82, 60.58502048254013, {'accuracy': 0.8368897983045893}, 883.1976938946173)
[2024-10-10 04:08:50,558][flwr][INFO] - configure_evaluate: strategy sampled 2 clients (out of 50)
[2024-10-10 04:08:50,940][flwr][INFO] - aggregate_evaluate: received 2 results and 0 failures
[2024-10-10 04:08:50,940][flwr][INFO] - 
[2024-10-10 04:08:50,940][flwr][INFO] - [ROUND 83]
[2024-10-10 04:08:50,940][flwr][INFO] - configure_fit: strategy sampled 5 clients (out of 50)
[2024-10-10 04:08:55,833][flwr][INFO] - aggregate_fit: received 5 results and 0 failures
[2024-10-10 04:09:01,878][flwr][INFO] - fit progress: (83, 91.12499541044235, {'accuracy': 0.7588424437299035}, 894.5192294651642)
[2024-10-10 04:09:01,879][flwr][INFO] - configure_evaluate: strategy sampled 2 clients (out of 50)
[2024-10-10 04:09:02,363][flwr][INFO] - aggregate_evaluate: received 2 results and 0 failures
[2024-10-10 04:09:02,364][flwr][INFO] - 
[2024-10-10 04:09:02,364][flwr][INFO] - [ROUND 84]
[2024-10-10 04:09:02,364][flwr][INFO] - configure_fit: strategy sampled 5 clients (out of 50)
[2024-10-10 04:09:07,938][flwr][INFO] - aggregate_fit: received 5 results and 0 failures
[2024-10-10 04:09:14,259][flwr][INFO] - fit progress: (84, 57.07996967434883, {'accuracy': 0.8333820520315697}, 906.8996035214514)
[2024-10-10 04:09:14,259][flwr][INFO] - configure_evaluate: strategy sampled 2 clients (out of 50)
[2024-10-10 04:09:14,600][flwr][INFO] - aggregate_evaluate: received 2 results and 0 failures
[2024-10-10 04:09:14,600][flwr][INFO] - 
[2024-10-10 04:09:14,600][flwr][INFO] - [ROUND 85]
[2024-10-10 04:09:14,600][flwr][INFO] - configure_fit: strategy sampled 5 clients (out of 50)
[2024-10-10 04:09:19,598][flwr][INFO] - aggregate_fit: received 5 results and 0 failures
[2024-10-10 04:09:25,169][flwr][INFO] - fit progress: (85, 54.63555991649628, {'accuracy': 0.8465361005553932}, 917.8094904534519)
[2024-10-10 04:09:25,169][flwr][INFO] - configure_evaluate: strategy sampled 2 clients (out of 50)
[2024-10-10 04:09:25,524][flwr][INFO] - aggregate_evaluate: received 2 results and 0 failures
[2024-10-10 04:09:25,524][flwr][INFO] - 
[2024-10-10 04:09:25,524][flwr][INFO] - [ROUND 86]
[2024-10-10 04:09:25,525][flwr][INFO] - configure_fit: strategy sampled 5 clients (out of 50)
[2024-10-10 04:09:28,416][flwr][INFO] - aggregate_fit: received 5 results and 0 failures
[2024-10-10 04:09:34,687][flwr][INFO] - fit progress: (86, 62.18151181936264, {'accuracy': 0.8123355743934522}, 927.3283020146191)
[2024-10-10 04:09:34,688][flwr][INFO] - configure_evaluate: strategy sampled 2 clients (out of 50)
[2024-10-10 04:09:35,028][flwr][INFO] - aggregate_evaluate: received 2 results and 0 failures
[2024-10-10 04:09:35,028][flwr][INFO] - 
[2024-10-10 04:09:35,028][flwr][INFO] - [ROUND 87]
[2024-10-10 04:09:35,028][flwr][INFO] - configure_fit: strategy sampled 5 clients (out of 50)
[2024-10-10 04:09:38,961][flwr][INFO] - aggregate_fit: received 5 results and 0 failures
[2024-10-10 04:09:44,562][flwr][INFO] - fit progress: (87, 77.46015134453773, {'accuracy': 0.7737503653902368}, 937.2031751852483)
[2024-10-10 04:09:44,563][flwr][INFO] - configure_evaluate: strategy sampled 2 clients (out of 50)
[2024-10-10 04:09:44,914][flwr][INFO] - aggregate_evaluate: received 2 results and 0 failures
[2024-10-10 04:09:44,915][flwr][INFO] - 
[2024-10-10 04:09:44,915][flwr][INFO] - [ROUND 88]
[2024-10-10 04:09:44,915][flwr][INFO] - configure_fit: strategy sampled 5 clients (out of 50)
[2024-10-10 04:09:49,239][flwr][INFO] - aggregate_fit: received 5 results and 0 failures
[2024-10-10 04:09:54,172][flwr][INFO] - fit progress: (88, 116.23939114809036, {'accuracy': 0.7266881028938906}, 946.812646173872)
[2024-10-10 04:09:54,172][flwr][INFO] - configure_evaluate: strategy sampled 2 clients (out of 50)
[2024-10-10 04:09:54,494][flwr][INFO] - aggregate_evaluate: received 2 results and 0 failures
[2024-10-10 04:09:54,494][flwr][INFO] - 
[2024-10-10 04:09:54,494][flwr][INFO] - [ROUND 89]
[2024-10-10 04:09:54,494][flwr][INFO] - configure_fit: strategy sampled 5 clients (out of 50)
[2024-10-10 04:09:57,948][flwr][INFO] - aggregate_fit: received 5 results and 0 failures
[2024-10-10 04:10:03,594][flwr][INFO] - fit progress: (89, 104.96350830793381, {'accuracy': 0.7708272434960538}, 956.2350660422817)
[2024-10-10 04:10:03,595][flwr][INFO] - configure_evaluate: strategy sampled 2 clients (out of 50)
[2024-10-10 04:10:04,057][flwr][INFO] - aggregate_evaluate: received 2 results and 0 failures
[2024-10-10 04:10:04,058][flwr][INFO] - 
[2024-10-10 04:10:04,058][flwr][INFO] - [ROUND 90]
[2024-10-10 04:10:04,058][flwr][INFO] - configure_fit: strategy sampled 5 clients (out of 50)
[2024-10-10 04:10:08,171][flwr][INFO] - aggregate_fit: received 5 results and 0 failures
[2024-10-10 04:10:13,728][flwr][INFO] - fit progress: (90, 58.884563237428665, {'accuracy': 0.8406898567670272}, 966.3690674137324)
[2024-10-10 04:10:13,729][flwr][INFO] - configure_evaluate: strategy sampled 2 clients (out of 50)
[2024-10-10 04:10:14,112][flwr][INFO] - aggregate_evaluate: received 2 results and 0 failures
[2024-10-10 04:10:14,112][flwr][INFO] - 
[2024-10-10 04:10:14,112][flwr][INFO] - [ROUND 91]
[2024-10-10 04:10:14,112][flwr][INFO] - configure_fit: strategy sampled 5 clients (out of 50)
[2024-10-10 04:10:17,108][flwr][INFO] - aggregate_fit: received 5 results and 0 failures
[2024-10-10 04:10:22,656][flwr][INFO] - fit progress: (91, 71.14053097367287, {'accuracy': 0.8047354574685764}, 975.2968896152452)
[2024-10-10 04:10:22,656][flwr][INFO] - configure_evaluate: strategy sampled 2 clients (out of 50)
[2024-10-10 04:10:22,989][flwr][INFO] - aggregate_evaluate: received 2 results and 0 failures
[2024-10-10 04:10:22,989][flwr][INFO] - 
[2024-10-10 04:10:22,989][flwr][INFO] - [ROUND 92]
[2024-10-10 04:10:22,989][flwr][INFO] - configure_fit: strategy sampled 5 clients (out of 50)
[2024-10-10 04:10:27,267][flwr][INFO] - aggregate_fit: received 5 results and 0 failures
[2024-10-10 04:10:32,017][flwr][INFO] - fit progress: (92, 98.90596508979797, {'accuracy': 0.7673194972230342}, 984.6574485618621)
[2024-10-10 04:10:32,017][flwr][INFO] - configure_evaluate: strategy sampled 2 clients (out of 50)
[2024-10-10 04:10:32,454][flwr][INFO] - aggregate_evaluate: received 2 results and 0 failures
[2024-10-10 04:10:32,454][flwr][INFO] - 
[2024-10-10 04:10:32,454][flwr][INFO] - [ROUND 93]
[2024-10-10 04:10:32,455][flwr][INFO] - configure_fit: strategy sampled 5 clients (out of 50)
[2024-10-10 04:10:36,584][flwr][INFO] - aggregate_fit: received 5 results and 0 failures
[2024-10-10 04:10:41,279][flwr][INFO] - fit progress: (93, 84.55864450335503, {'accuracy': 0.7991815258696288}, 993.9193942602724)
[2024-10-10 04:10:41,279][flwr][INFO] - configure_evaluate: strategy sampled 2 clients (out of 50)
[2024-10-10 04:10:41,645][flwr][INFO] - aggregate_evaluate: received 2 results and 0 failures
[2024-10-10 04:10:41,645][flwr][INFO] - 
[2024-10-10 04:10:41,645][flwr][INFO] - [ROUND 94]
[2024-10-10 04:10:41,646][flwr][INFO] - configure_fit: strategy sampled 5 clients (out of 50)
[2024-10-10 04:10:44,967][flwr][INFO] - aggregate_fit: received 5 results and 0 failures
[2024-10-10 04:10:50,378][flwr][INFO] - fit progress: (94, 66.29867842793465, {'accuracy': 0.8222741888336743}, 1003.018358820118)
[2024-10-10 04:10:50,378][flwr][INFO] - configure_evaluate: strategy sampled 2 clients (out of 50)
[2024-10-10 04:10:50,826][flwr][INFO] - aggregate_evaluate: received 2 results and 0 failures
[2024-10-10 04:10:50,826][flwr][INFO] - 
[2024-10-10 04:10:50,826][flwr][INFO] - [ROUND 95]
[2024-10-10 04:10:50,827][flwr][INFO] - configure_fit: strategy sampled 5 clients (out of 50)
[2024-10-10 04:10:55,158][flwr][INFO] - aggregate_fit: received 5 results and 0 failures
[2024-10-10 04:10:59,826][flwr][INFO] - fit progress: (95, 78.55577972531319, {'accuracy': 0.7950891552177726}, 1012.4672612491995)
[2024-10-10 04:10:59,827][flwr][INFO] - configure_evaluate: strategy sampled 2 clients (out of 50)
[2024-10-10 04:11:00,177][flwr][INFO] - aggregate_evaluate: received 2 results and 0 failures
[2024-10-10 04:11:00,177][flwr][INFO] - 
[2024-10-10 04:11:00,177][flwr][INFO] - [ROUND 96]
[2024-10-10 04:11:00,178][flwr][INFO] - configure_fit: strategy sampled 5 clients (out of 50)
[2024-10-10 04:11:03,678][flwr][INFO] - aggregate_fit: received 5 results and 0 failures
[2024-10-10 04:11:08,763][flwr][INFO] - fit progress: (96, 83.77870175242424, {'accuracy': 0.782812043262204}, 1021.4034113613889)
[2024-10-10 04:11:08,763][flwr][INFO] - configure_evaluate: strategy sampled 2 clients (out of 50)
[2024-10-10 04:11:09,260][flwr][INFO] - aggregate_evaluate: received 2 results and 0 failures
[2024-10-10 04:11:09,260][flwr][INFO] - 
[2024-10-10 04:11:09,260][flwr][INFO] - [ROUND 97]
[2024-10-10 04:11:09,260][flwr][INFO] - configure_fit: strategy sampled 5 clients (out of 50)
[2024-10-10 04:11:12,738][flwr][INFO] - aggregate_fit: received 5 results and 0 failures
[2024-10-10 04:11:19,123][flwr][INFO] - fit progress: (97, 55.116004317998886, {'accuracy': 0.8526746565331774}, 1031.763772859238)
[2024-10-10 04:11:19,123][flwr][INFO] - configure_evaluate: strategy sampled 2 clients (out of 50)
[2024-10-10 04:11:19,497][flwr][INFO] - aggregate_evaluate: received 2 results and 0 failures
[2024-10-10 04:11:19,498][flwr][INFO] - 
[2024-10-10 04:11:19,498][flwr][INFO] - [ROUND 98]
[2024-10-10 04:11:19,498][flwr][INFO] - configure_fit: strategy sampled 5 clients (out of 50)
[2024-10-10 04:11:23,431][flwr][INFO] - aggregate_fit: received 5 results and 0 failures
[2024-10-10 04:11:29,141][flwr][INFO] - fit progress: (98, 71.1837868988514, {'accuracy': 0.7699503069277989}, 1041.781943649985)
[2024-10-10 04:11:29,141][flwr][INFO] - configure_evaluate: strategy sampled 2 clients (out of 50)
[2024-10-10 04:11:29,496][flwr][INFO] - aggregate_evaluate: received 2 results and 0 failures
[2024-10-10 04:11:29,496][flwr][INFO] - 
[2024-10-10 04:11:29,496][flwr][INFO] - [ROUND 99]
[2024-10-10 04:11:29,496][flwr][INFO] - configure_fit: strategy sampled 5 clients (out of 50)
[2024-10-10 04:11:34,104][flwr][INFO] - aggregate_fit: received 5 results and 0 failures
[2024-10-10 04:11:39,788][flwr][INFO] - fit progress: (99, 63.872513979673386, {'accuracy': 0.8360128617363344}, 1052.4287649169564)
[2024-10-10 04:11:39,788][flwr][INFO] - configure_evaluate: strategy sampled 2 clients (out of 50)
[2024-10-10 04:11:40,089][flwr][INFO] - aggregate_evaluate: received 2 results and 0 failures
[2024-10-10 04:11:40,089][flwr][INFO] - 
[2024-10-10 04:11:40,089][flwr][INFO] - [ROUND 100]
[2024-10-10 04:11:40,089][flwr][INFO] - configure_fit: strategy sampled 5 clients (out of 50)
[2024-10-10 04:11:44,069][flwr][INFO] - aggregate_fit: received 5 results and 0 failures
[2024-10-10 04:11:50,428][flwr][INFO] - fit progress: (100, 54.22840070724487, {'accuracy': 0.8561824028061971}, 1063.0690607009456)
[2024-10-10 04:11:50,429][flwr][INFO] - configure_evaluate: strategy sampled 2 clients (out of 50)
[2024-10-10 04:11:50,752][flwr][INFO] - aggregate_evaluate: received 2 results and 0 failures
[2024-10-10 04:11:50,752][flwr][INFO] - 
[2024-10-10 04:11:50,752][flwr][INFO] - [SUMMARY]
[2024-10-10 04:11:50,753][flwr][INFO] - Run finished 100 round(s) in 1063.39s
[2024-10-10 04:11:50,756][flwr][INFO] - 	History (loss, distributed):
[2024-10-10 04:11:50,757][flwr][INFO] - 		round 1: 2.0503440057077715
[2024-10-10 04:11:50,757][flwr][INFO] - 		round 2: 2.098009546597799
[2024-10-10 04:11:50,757][flwr][INFO] - 		round 3: 1.9274972279866536
[2024-10-10 04:11:50,757][flwr][INFO] - 		round 4: 2.026313304901123
[2024-10-10 04:11:50,757][flwr][INFO] - 		round 5: 1.7673666874567668
[2024-10-10 04:11:50,757][flwr][INFO] - 		round 6: 1.8364540170878172
[2024-10-10 04:11:50,757][flwr][INFO] - 		round 7: 1.869499886035919
[2024-10-10 04:11:50,757][flwr][INFO] - 		round 8: 1.7385219150119358
[2024-10-10 04:11:50,757][flwr][INFO] - 		round 9: 1.6686813548459845
[2024-10-10 04:11:50,757][flwr][INFO] - 		round 10: 1.723843913078308
[2024-10-10 04:11:50,757][flwr][INFO] - 		round 11: 1.8177145208631242
[2024-10-10 04:11:50,757][flwr][INFO] - 		round 12: 1.4775667265057564
[2024-10-10 04:11:50,757][flwr][INFO] - 		round 13: 1.4818128708637122
[2024-10-10 04:11:50,757][flwr][INFO] - 		round 14: 1.4796980894528902
[2024-10-10 04:11:50,757][flwr][INFO] - 		round 15: 1.361960530281067
[2024-10-10 04:11:50,758][flwr][INFO] - 		round 16: 1.2279492665310294
[2024-10-10 04:11:50,758][flwr][INFO] - 		round 17: 1.1968589513390153
[2024-10-10 04:11:50,758][flwr][INFO] - 		round 18: 1.2549024757586027
[2024-10-10 04:11:50,758][flwr][INFO] - 		round 19: 1.3830789299238295
[2024-10-10 04:11:50,758][flwr][INFO] - 		round 20: 1.1841716596058436
[2024-10-10 04:11:50,758][flwr][INFO] - 		round 21: 1.3146271832445835
[2024-10-10 04:11:50,758][flwr][INFO] - 		round 22: 1.2057472736604753
[2024-10-10 04:11:50,758][flwr][INFO] - 		round 23: 1.1854066535046226
[2024-10-10 04:11:50,758][flwr][INFO] - 		round 24: 1.4160136133432388
[2024-10-10 04:11:50,758][flwr][INFO] - 		round 25: 1.0147318235585387
[2024-10-10 04:11:50,758][flwr][INFO] - 		round 26: 0.9101846599951386
[2024-10-10 04:11:50,758][flwr][INFO] - 		round 27: 1.166239675722624
[2024-10-10 04:11:50,758][flwr][INFO] - 		round 28: 1.2509162604808808
[2024-10-10 04:11:50,758][flwr][INFO] - 		round 29: 1.3206767378182247
[2024-10-10 04:11:50,758][flwr][INFO] - 		round 30: 1.4065561562776565
[2024-10-10 04:11:50,758][flwr][INFO] - 		round 31: 1.3094115187140072
[2024-10-10 04:11:50,758][flwr][INFO] - 		round 32: 1.0952320955693722
[2024-10-10 04:11:50,759][flwr][INFO] - 		round 33: 1.2402968968985215
[2024-10-10 04:11:50,759][flwr][INFO] - 		round 34: 1.319170508119795
[2024-10-10 04:11:50,759][flwr][INFO] - 		round 35: 1.305743932723999
[2024-10-10 04:11:50,759][flwr][INFO] - 		round 36: 1.0915757933178463
[2024-10-10 04:11:50,759][flwr][INFO] - 		round 37: 0.6763830145200094
[2024-10-10 04:11:50,759][flwr][INFO] - 		round 38: 0.7290881470493649
[2024-10-10 04:11:50,759][flwr][INFO] - 		round 39: 1.3529273189347366
[2024-10-10 04:11:50,759][flwr][INFO] - 		round 40: 1.1979666579337347
[2024-10-10 04:11:50,759][flwr][INFO] - 		round 41: 1.108031262313166
[2024-10-10 04:11:50,759][flwr][INFO] - 		round 42: 1.0818540587717174
[2024-10-10 04:11:50,759][flwr][INFO] - 		round 43: 1.323998456131922
[2024-10-10 04:11:50,759][flwr][INFO] - 		round 44: 1.0158620038122501
[2024-10-10 04:11:50,759][flwr][INFO] - 		round 45: 1.2790920640908034
[2024-10-10 04:11:50,759][flwr][INFO] - 		round 46: 1.1496859495757057
[2024-10-10 04:11:50,759][flwr][INFO] - 		round 47: 1.351449909210205
[2024-10-10 04:11:50,759][flwr][INFO] - 		round 48: 1.2330826925781537
[2024-10-10 04:11:50,759][flwr][INFO] - 		round 49: 0.8787547221054902
[2024-10-10 04:11:50,760][flwr][INFO] - 		round 50: 1.4196528434753417
[2024-10-10 04:11:50,760][flwr][INFO] - 		round 51: 1.1320604012936961
[2024-10-10 04:11:50,760][flwr][INFO] - 		round 52: 0.8587170902051424
[2024-10-10 04:11:50,760][flwr][INFO] - 		round 53: 0.9774713968789136
[2024-10-10 04:11:50,760][flwr][INFO] - 		round 54: 0.7844237846041483
[2024-10-10 04:11:50,760][flwr][INFO] - 		round 55: 1.141071350410067
[2024-10-10 04:11:50,760][flwr][INFO] - 		round 56: 2.0017890334129333
[2024-10-10 04:11:50,760][flwr][INFO] - 		round 57: 0.8072848726402629
[2024-10-10 04:11:50,760][flwr][INFO] - 		round 58: 0.9953631724630083
[2024-10-10 04:11:50,760][flwr][INFO] - 		round 59: 0.9151831604540348
[2024-10-10 04:11:50,760][flwr][INFO] - 		round 60: 0.9107927799224853
[2024-10-10 04:11:50,760][flwr][INFO] - 		round 61: 1.2717544965024263
[2024-10-10 04:11:50,760][flwr][INFO] - 		round 62: 0.8440907481240063
[2024-10-10 04:11:50,760][flwr][INFO] - 		round 63: 1.4919394731521607
[2024-10-10 04:11:50,760][flwr][INFO] - 		round 64: 0.7719944066471524
[2024-10-10 04:11:50,760][flwr][INFO] - 		round 65: 1.0646651658144863
[2024-10-10 04:11:50,760][flwr][INFO] - 		round 66: 1.005320143699646
[2024-10-10 04:11:50,761][flwr][INFO] - 		round 67: 0.6049058165620355
[2024-10-10 04:11:50,761][flwr][INFO] - 		round 68: 0.7991747432284885
[2024-10-10 04:11:50,761][flwr][INFO] - 		round 69: 1.1262533094571985
[2024-10-10 04:11:50,761][flwr][INFO] - 		round 70: 0.8481872379779816
[2024-10-10 04:11:50,761][flwr][INFO] - 		round 71: 0.9392164746920267
[2024-10-10 04:11:50,761][flwr][INFO] - 		round 72: 0.991727111240228
[2024-10-10 04:11:50,761][flwr][INFO] - 		round 73: 1.3598069970200701
[2024-10-10 04:11:50,761][flwr][INFO] - 		round 74: 1.1248697280883788
[2024-10-10 04:11:50,761][flwr][INFO] - 		round 75: 1.6301868476119696
[2024-10-10 04:11:50,761][flwr][INFO] - 		round 76: 0.6369435840419361
[2024-10-10 04:11:50,761][flwr][INFO] - 		round 77: 0.8258109573732343
[2024-10-10 04:11:50,761][flwr][INFO] - 		round 78: 0.8918765604496002
[2024-10-10 04:11:50,761][flwr][INFO] - 		round 79: 0.9474785791503059
[2024-10-10 04:11:50,761][flwr][INFO] - 		round 80: 0.799223112023395
[2024-10-10 04:11:50,761][flwr][INFO] - 		round 81: 1.4930726528167724
[2024-10-10 04:11:50,761][flwr][INFO] - 		round 82: 0.8256231512663499
[2024-10-10 04:11:50,761][flwr][INFO] - 		round 83: 1.0217592969853828
[2024-10-10 04:11:50,762][flwr][INFO] - 		round 84: 0.5441961678174826
[2024-10-10 04:11:50,762][flwr][INFO] - 		round 85: 0.3901841234077107
[2024-10-10 04:11:50,762][flwr][INFO] - 		round 86: 0.5923715829849243
[2024-10-10 04:11:50,762][flwr][INFO] - 		round 87: 0.6806082106986135
[2024-10-10 04:11:50,762][flwr][INFO] - 		round 88: 0.9487851566738552
[2024-10-10 04:11:50,762][flwr][INFO] - 		round 89: 1.0197129249572754
[2024-10-10 04:11:50,762][flwr][INFO] - 		round 90: 0.5318089664821893
[2024-10-10 04:11:50,762][flwr][INFO] - 		round 91: 0.7071306368579036
[2024-10-10 04:11:50,762][flwr][INFO] - 		round 92: 0.7783107784661379
[2024-10-10 04:11:50,762][flwr][INFO] - 		round 93: 0.7754680337384343
[2024-10-10 04:11:50,762][flwr][INFO] - 		round 94: 0.5015481431037188
[2024-10-10 04:11:50,762][flwr][INFO] - 		round 95: 0.887158643908617
[2024-10-10 04:11:50,762][flwr][INFO] - 		round 96: 0.674833946901819
[2024-10-10 04:11:50,762][flwr][INFO] - 		round 97: 0.5354544520378113
[2024-10-10 04:11:50,762][flwr][INFO] - 		round 98: 0.647263639313834
[2024-10-10 04:11:50,762][flwr][INFO] - 		round 99: 0.5912949783461434
[2024-10-10 04:11:50,762][flwr][INFO] - 		round 100: 0.5132160508632659
[2024-10-10 04:11:50,763][flwr][INFO] - 	History (loss, centralized):
[2024-10-10 04:11:50,763][flwr][INFO] - 		round 0: 224.71063542366028
[2024-10-10 04:11:50,763][flwr][INFO] - 		round 1: 219.8211829662323
[2024-10-10 04:11:50,763][flwr][INFO] - 		round 2: 219.6846408843994
[2024-10-10 04:11:50,763][flwr][INFO] - 		round 3: 213.90741860866547
[2024-10-10 04:11:50,763][flwr][INFO] - 		round 4: 204.65417659282684
[2024-10-10 04:11:50,763][flwr][INFO] - 		round 5: 203.81544291973114
[2024-10-10 04:11:50,763][flwr][INFO] - 		round 6: 201.23002243041992
[2024-10-10 04:11:50,763][flwr][INFO] - 		round 7: 197.31396389007568
[2024-10-10 04:11:50,763][flwr][INFO] - 		round 8: 196.49320471286774
[2024-10-10 04:11:50,763][flwr][INFO] - 		round 9: 189.3730912208557
[2024-10-10 04:11:50,763][flwr][INFO] - 		round 10: 182.9807244539261
[2024-10-10 04:11:50,763][flwr][INFO] - 		round 11: 175.91689014434814
[2024-10-10 04:11:50,763][flwr][INFO] - 		round 12: 168.1354409456253
[2024-10-10 04:11:50,763][flwr][INFO] - 		round 13: 161.02068662643433
[2024-10-10 04:11:50,763][flwr][INFO] - 		round 14: 148.55399358272552
[2024-10-10 04:11:50,763][flwr][INFO] - 		round 15: 144.5444175004959
[2024-10-10 04:11:50,764][flwr][INFO] - 		round 16: 138.36620140075684
[2024-10-10 04:11:50,764][flwr][INFO] - 		round 17: 139.17547404766083
[2024-10-10 04:11:50,764][flwr][INFO] - 		round 18: 143.52839767932892
[2024-10-10 04:11:50,764][flwr][INFO] - 		round 19: 129.69343674182892
[2024-10-10 04:11:50,764][flwr][INFO] - 		round 20: 129.32156985998154
[2024-10-10 04:11:50,764][flwr][INFO] - 		round 21: 127.3145781159401
[2024-10-10 04:11:50,764][flwr][INFO] - 		round 22: 132.40005886554718
[2024-10-10 04:11:50,764][flwr][INFO] - 		round 23: 150.11525702476501
[2024-10-10 04:11:50,764][flwr][INFO] - 		round 24: 132.17368304729462
[2024-10-10 04:11:50,764][flwr][INFO] - 		round 25: 123.48000568151474
[2024-10-10 04:11:50,764][flwr][INFO] - 		round 26: 113.51704585552216
[2024-10-10 04:11:50,764][flwr][INFO] - 		round 27: 114.6745131611824
[2024-10-10 04:11:50,764][flwr][INFO] - 		round 28: 127.37263059616089
[2024-10-10 04:11:50,764][flwr][INFO] - 		round 29: 152.09274852275848
[2024-10-10 04:11:50,764][flwr][INFO] - 		round 30: 168.11915755271912
[2024-10-10 04:11:50,764][flwr][INFO] - 		round 31: 126.25950849056244
[2024-10-10 04:11:50,764][flwr][INFO] - 		round 32: 102.87781709432602
[2024-10-10 04:11:50,765][flwr][INFO] - 		round 33: 131.62230718135834
[2024-10-10 04:11:50,765][flwr][INFO] - 		round 34: 131.66511058807373
[2024-10-10 04:11:50,765][flwr][INFO] - 		round 35: 139.2174632549286
[2024-10-10 04:11:50,765][flwr][INFO] - 		round 36: 109.37069004774094
[2024-10-10 04:11:50,765][flwr][INFO] - 		round 37: 87.05808943510056
[2024-10-10 04:11:50,765][flwr][INFO] - 		round 38: 96.74655449390411
[2024-10-10 04:11:50,765][flwr][INFO] - 		round 39: 136.96087628602982
[2024-10-10 04:11:50,765][flwr][INFO] - 		round 40: 126.31484705209732
[2024-10-10 04:11:50,765][flwr][INFO] - 		round 41: 106.59468042850494
[2024-10-10 04:11:50,765][flwr][INFO] - 		round 42: 96.78212112188339
[2024-10-10 04:11:50,765][flwr][INFO] - 		round 43: 131.91803860664368
[2024-10-10 04:11:50,765][flwr][INFO] - 		round 44: 81.89339631795883
[2024-10-10 04:11:50,765][flwr][INFO] - 		round 45: 132.67751026153564
[2024-10-10 04:11:50,765][flwr][INFO] - 		round 46: 133.29917573928833
[2024-10-10 04:11:50,765][flwr][INFO] - 		round 47: 125.0499729514122
[2024-10-10 04:11:50,765][flwr][INFO] - 		round 48: 129.96868187189102
[2024-10-10 04:11:50,766][flwr][INFO] - 		round 49: 83.8250724375248
[2024-10-10 04:11:50,766][flwr][INFO] - 		round 50: 132.1529130935669
[2024-10-10 04:11:50,766][flwr][INFO] - 		round 51: 120.97358006238937
[2024-10-10 04:11:50,766][flwr][INFO] - 		round 52: 82.36849772930145
[2024-10-10 04:11:50,766][flwr][INFO] - 		round 53: 106.21736043691635
[2024-10-10 04:11:50,766][flwr][INFO] - 		round 54: 87.75404900312424
[2024-10-10 04:11:50,766][flwr][INFO] - 		round 55: 134.29813277721405
[2024-10-10 04:11:50,766][flwr][INFO] - 		round 56: 153.3198372721672
[2024-10-10 04:11:50,766][flwr][INFO] - 		round 57: 87.28829798102379
[2024-10-10 04:11:50,766][flwr][INFO] - 		round 58: 100.83220881223679
[2024-10-10 04:11:50,766][flwr][INFO] - 		round 59: 114.90522003173828
[2024-10-10 04:11:50,766][flwr][INFO] - 		round 60: 107.05893349647522
[2024-10-10 04:11:50,766][flwr][INFO] - 		round 61: 116.17754763364792
[2024-10-10 04:11:50,766][flwr][INFO] - 		round 62: 98.10435384511948
[2024-10-10 04:11:50,766][flwr][INFO] - 		round 63: 144.63131666183472
[2024-10-10 04:11:50,766][flwr][INFO] - 		round 64: 96.94986140727997
[2024-10-10 04:11:50,766][flwr][INFO] - 		round 65: 93.21692168712616
[2024-10-10 04:11:50,767][flwr][INFO] - 		round 66: 82.37188565731049
[2024-10-10 04:11:50,767][flwr][INFO] - 		round 67: 78.33567571640015
[2024-10-10 04:11:50,767][flwr][INFO] - 		round 68: 69.74513679742813
[2024-10-10 04:11:50,767][flwr][INFO] - 		round 69: 99.00492858886719
[2024-10-10 04:11:50,767][flwr][INFO] - 		round 70: 77.0330690741539
[2024-10-10 04:11:50,767][flwr][INFO] - 		round 71: 97.89112681150436
[2024-10-10 04:11:50,767][flwr][INFO] - 		round 72: 89.45757275819778
[2024-10-10 04:11:50,767][flwr][INFO] - 		round 73: 121.12211287021637
[2024-10-10 04:11:50,767][flwr][INFO] - 		round 74: 106.72702646255493
[2024-10-10 04:11:50,767][flwr][INFO] - 		round 75: 166.67876541614532
[2024-10-10 04:11:50,767][flwr][INFO] - 		round 76: 73.61126452684402
[2024-10-10 04:11:50,767][flwr][INFO] - 		round 77: 99.02476900815964
[2024-10-10 04:11:50,767][flwr][INFO] - 		round 78: 90.40364909172058
[2024-10-10 04:11:50,767][flwr][INFO] - 		round 79: 113.66552954912186
[2024-10-10 04:11:50,767][flwr][INFO] - 		round 80: 68.65695729851723
[2024-10-10 04:11:50,767][flwr][INFO] - 		round 81: 154.2290745973587
[2024-10-10 04:11:50,767][flwr][INFO] - 		round 82: 60.58502048254013
[2024-10-10 04:11:50,768][flwr][INFO] - 		round 83: 91.12499541044235
[2024-10-10 04:11:50,768][flwr][INFO] - 		round 84: 57.07996967434883
[2024-10-10 04:11:50,768][flwr][INFO] - 		round 85: 54.63555991649628
[2024-10-10 04:11:50,768][flwr][INFO] - 		round 86: 62.18151181936264
[2024-10-10 04:11:50,768][flwr][INFO] - 		round 87: 77.46015134453773
[2024-10-10 04:11:50,768][flwr][INFO] - 		round 88: 116.23939114809036
[2024-10-10 04:11:50,768][flwr][INFO] - 		round 89: 104.96350830793381
[2024-10-10 04:11:50,768][flwr][INFO] - 		round 90: 58.884563237428665
[2024-10-10 04:11:50,768][flwr][INFO] - 		round 91: 71.14053097367287
[2024-10-10 04:11:50,768][flwr][INFO] - 		round 92: 98.90596508979797
[2024-10-10 04:11:50,768][flwr][INFO] - 		round 93: 84.55864450335503
[2024-10-10 04:11:50,768][flwr][INFO] - 		round 94: 66.29867842793465
[2024-10-10 04:11:50,768][flwr][INFO] - 		round 95: 78.55577972531319
[2024-10-10 04:11:50,768][flwr][INFO] - 		round 96: 83.77870175242424
[2024-10-10 04:11:50,768][flwr][INFO] - 		round 97: 55.116004317998886
[2024-10-10 04:11:50,768][flwr][INFO] - 		round 98: 71.1837868988514
[2024-10-10 04:11:50,768][flwr][INFO] - 		round 99: 63.872513979673386
[2024-10-10 04:11:50,768][flwr][INFO] - 		round 100: 54.22840070724487
[2024-10-10 04:11:50,769][flwr][INFO] - 	History (metrics, distributed, evaluate):
[2024-10-10 04:11:50,769][flwr][INFO] - 	{'accuracy': [(1, 0.0967741935483871),
[2024-10-10 04:11:50,769][flwr][INFO] - 	              (2, 0.2222222222222222),
[2024-10-10 04:11:50,769][flwr][INFO] - 	              (3, 0.34782608695652173),
[2024-10-10 04:11:50,769][flwr][INFO] - 	              (4, 0.1388888888888889),
[2024-10-10 04:11:50,769][flwr][INFO] - 	              (5, 0.5),
[2024-10-10 04:11:50,769][flwr][INFO] - 	              (6, 0.328125),
[2024-10-10 04:11:50,769][flwr][INFO] - 	              (7, 0.23333333333333334),
[2024-10-10 04:11:50,769][flwr][INFO] - 	              (8, 0.4444444444444444),
[2024-10-10 04:11:50,769][flwr][INFO] - 	              (9, 0.559322033898305),
[2024-10-10 04:11:50,769][flwr][INFO] - 	              (10, 0.37333333333333335),
[2024-10-10 04:11:50,769][flwr][INFO] - 	              (11, 0.42857142857142855),
[2024-10-10 04:11:50,769][flwr][INFO] - 	              (12, 0.5),
[2024-10-10 04:11:50,769][flwr][INFO] - 	              (13, 0.6666666666666666),
[2024-10-10 04:11:50,769][flwr][INFO] - 	              (14, 0.6346153846153846),
[2024-10-10 04:11:50,769][flwr][INFO] - 	              (15, 0.6451612903225806),
[2024-10-10 04:11:50,770][flwr][INFO] - 	              (16, 0.673469387755102),
[2024-10-10 04:11:50,770][flwr][INFO] - 	              (17, 0.6296296296296297),
[2024-10-10 04:11:50,770][flwr][INFO] - 	              (18, 0.8245614035087719),
[2024-10-10 04:11:50,770][flwr][INFO] - 	              (19, 0.5714285714285714),
[2024-10-10 04:11:50,770][flwr][INFO] - 	              (20, 0.6122448979591837),
[2024-10-10 04:11:50,770][flwr][INFO] - 	              (21, 0.5531914893617021),
[2024-10-10 04:11:50,770][flwr][INFO] - 	              (22, 0.6612903225806451),
[2024-10-10 04:11:50,770][flwr][INFO] - 	              (23, 0.7719298245614035),
[2024-10-10 04:11:50,770][flwr][INFO] - 	              (24, 0.53125),
[2024-10-10 04:11:50,770][flwr][INFO] - 	              (25, 0.8028169014084507),
[2024-10-10 04:11:50,770][flwr][INFO] - 	              (26, 0.8125),
[2024-10-10 04:11:50,770][flwr][INFO] - 	              (27, 0.7192982456140351),
[2024-10-10 04:11:50,770][flwr][INFO] - 	              (28, 0.675),
[2024-10-10 04:11:50,770][flwr][INFO] - 	              (29, 0.6551724137931034),
[2024-10-10 04:11:50,770][flwr][INFO] - 	              (30, 0.55),
[2024-10-10 04:11:50,770][flwr][INFO] - 	              (31, 0.5882352941176471),
[2024-10-10 04:11:50,770][flwr][INFO] - 	              (32, 0.71875),
[2024-10-10 04:11:50,770][flwr][INFO] - 	              (33, 0.6981132075471698),
[2024-10-10 04:11:50,771][flwr][INFO] - 	              (34, 0.6388888888888888),
[2024-10-10 04:11:50,771][flwr][INFO] - 	              (35, 0.8214285714285714),
[2024-10-10 04:11:50,771][flwr][INFO] - 	              (36, 0.7027027027027027),
[2024-10-10 04:11:50,771][flwr][INFO] - 	              (37, 0.8166666666666667),
[2024-10-10 04:11:50,771][flwr][INFO] - 	              (38, 0.8260869565217391),
[2024-10-10 04:11:50,771][flwr][INFO] - 	              (39, 0.6206896551724138),
[2024-10-10 04:11:50,771][flwr][INFO] - 	              (40, 0.6428571428571429),
[2024-10-10 04:11:50,771][flwr][INFO] - 	              (41, 0.6451612903225806),
[2024-10-10 04:11:50,771][flwr][INFO] - 	              (42, 0.6938775510204082),
[2024-10-10 04:11:50,771][flwr][INFO] - 	              (43, 0.589041095890411),
[2024-10-10 04:11:50,771][flwr][INFO] - 	              (44, 0.6226415094339622),
[2024-10-10 04:11:50,771][flwr][INFO] - 	              (45, 0.7450980392156863),
[2024-10-10 04:11:50,771][flwr][INFO] - 	              (46, 0.7704918032786885),
[2024-10-10 04:11:50,771][flwr][INFO] - 	              (47, 0.52),
[2024-10-10 04:11:50,771][flwr][INFO] - 	              (48, 0.6981132075471698),
[2024-10-10 04:11:50,771][flwr][INFO] - 	              (49, 0.7027027027027027),
[2024-10-10 04:11:50,771][flwr][INFO] - 	              (50, 0.475),
[2024-10-10 04:11:50,772][flwr][INFO] - 	              (51, 0.6938775510204082),
[2024-10-10 04:11:50,772][flwr][INFO] - 	              (52, 0.7017543859649122),
[2024-10-10 04:11:50,772][flwr][INFO] - 	              (53, 0.7037037037037037),
[2024-10-10 04:11:50,772][flwr][INFO] - 	              (54, 0.8412698412698413),
[2024-10-10 04:11:50,772][flwr][INFO] - 	              (55, 0.7758620689655172),
[2024-10-10 04:11:50,772][flwr][INFO] - 	              (56, 0.19047619047619047),
[2024-10-10 04:11:50,772][flwr][INFO] - 	              (57, 0.7575757575757576),
[2024-10-10 04:11:50,772][flwr][INFO] - 	              (58, 0.6571428571428571),
[2024-10-10 04:11:50,772][flwr][INFO] - 	              (59, 0.6875),
[2024-10-10 04:11:50,772][flwr][INFO] - 	              (60, 0.8),
[2024-10-10 04:11:50,772][flwr][INFO] - 	              (61, 0.6037735849056604),
[2024-10-10 04:11:50,772][flwr][INFO] - 	              (62, 0.7804878048780488),
[2024-10-10 04:11:50,772][flwr][INFO] - 	              (63, 0.5111111111111111),
[2024-10-10 04:11:50,772][flwr][INFO] - 	              (64, 0.8666666666666667),
[2024-10-10 04:11:50,772][flwr][INFO] - 	              (65, 0.7272727272727273),
[2024-10-10 04:11:50,772][flwr][INFO] - 	              (66, 0.64),
[2024-10-10 04:11:50,772][flwr][INFO] - 	              (67, 0.7941176470588235),
[2024-10-10 04:11:50,773][flwr][INFO] - 	              (68, 0.7111111111111111),
[2024-10-10 04:11:50,773][flwr][INFO] - 	              (69, 0.5217391304347826),
[2024-10-10 04:11:50,773][flwr][INFO] - 	              (70, 0.8333333333333334),
[2024-10-10 04:11:50,773][flwr][INFO] - 	              (71, 0.7575757575757576),
[2024-10-10 04:11:50,773][flwr][INFO] - 	              (72, 0.7291666666666666),
[2024-10-10 04:11:50,773][flwr][INFO] - 	              (73, 0.4634146341463415),
[2024-10-10 04:11:50,773][flwr][INFO] - 	              (74, 0.6444444444444445),
[2024-10-10 04:11:50,773][flwr][INFO] - 	              (75, 0.45098039215686275),
[2024-10-10 04:11:50,773][flwr][INFO] - 	              (76, 0.7321428571428571),
[2024-10-10 04:11:50,773][flwr][INFO] - 	              (77, 0.7719298245614035),
[2024-10-10 04:11:50,773][flwr][INFO] - 	              (78, 0.7666666666666667),
[2024-10-10 04:11:50,773][flwr][INFO] - 	              (79, 0.6984126984126984),
[2024-10-10 04:11:50,773][flwr][INFO] - 	              (80, 0.7608695652173914),
[2024-10-10 04:11:50,773][flwr][INFO] - 	              (81, 0.4222222222222222),
[2024-10-10 04:11:50,773][flwr][INFO] - 	              (82, 0.7358490566037735),
[2024-10-10 04:11:50,773][flwr][INFO] - 	              (83, 0.6382978723404256),
[2024-10-10 04:11:50,774][flwr][INFO] - 	              (84, 0.7692307692307693),
[2024-10-10 04:11:50,774][flwr][INFO] - 	              (85, 0.9393939393939394),
[2024-10-10 04:11:50,774][flwr][INFO] - 	              (86, 0.8055555555555556),
[2024-10-10 04:11:50,774][flwr][INFO] - 	              (87, 0.7735849056603774),
[2024-10-10 04:11:50,774][flwr][INFO] - 	              (88, 0.8),
[2024-10-10 04:11:50,774][flwr][INFO] - 	              (89, 0.78125),
[2024-10-10 04:11:50,774][flwr][INFO] - 	              (90, 0.8309859154929577),
[2024-10-10 04:11:50,774][flwr][INFO] - 	              (91, 0.8043478260869565),
[2024-10-10 04:11:50,774][flwr][INFO] - 	              (92, 0.8636363636363636),
[2024-10-10 04:11:50,774][flwr][INFO] - 	              (93, 0.796875),
[2024-10-10 04:11:50,774][flwr][INFO] - 	              (94, 0.84375),
[2024-10-10 04:11:50,774][flwr][INFO] - 	              (95, 0.7317073170731707),
[2024-10-10 04:11:50,774][flwr][INFO] - 	              (96, 0.6956521739130435),
[2024-10-10 04:11:50,774][flwr][INFO] - 	              (97, 0.8253968253968254),
[2024-10-10 04:11:50,774][flwr][INFO] - 	              (98, 0.8),
[2024-10-10 04:11:50,774][flwr][INFO] - 	              (99, 0.8285714285714286),
[2024-10-10 04:11:50,774][flwr][INFO] - 	              (100, 0.8)]}
[2024-10-10 04:11:50,774][flwr][INFO] - 	History (metrics, centralized):
[2024-10-10 04:11:50,775][flwr][INFO] - 	{'accuracy': [(0, 0.09617071031862029),
[2024-10-10 04:11:50,775][flwr][INFO] - 	              (1, 0.12189418298743057),
[2024-10-10 04:11:50,775][flwr][INFO] - 	              (2, 0.16515638702133878),
[2024-10-10 04:11:50,775][flwr][INFO] - 	              (3, 0.22478807366267173),
[2024-10-10 04:11:50,775][flwr][INFO] - 	              (4, 0.2917275650394621),
[2024-10-10 04:11:50,775][flwr][INFO] - 	              (5, 0.3428821981876644),
[2024-10-10 04:11:50,775][flwr][INFO] - 	              (6, 0.259280912014031),
[2024-10-10 04:11:50,775][flwr][INFO] - 	              (7, 0.3279742765273312),
[2024-10-10 04:11:50,775][flwr][INFO] - 	              (8, 0.3487284419760304),
[2024-10-10 04:11:50,775][flwr][INFO] - 	              (9, 0.36363636363636365),
[2024-10-10 04:11:50,775][flwr][INFO] - 	              (10, 0.4349605378544285),
[2024-10-10 04:11:50,775][flwr][INFO] - 	              (11, 0.5776088862905583),
[2024-10-10 04:11:50,775][flwr][INFO] - 	              (12, 0.5206080093539901),
[2024-10-10 04:11:50,775][flwr][INFO] - 	              (13, 0.6030400467699503),
[2024-10-10 04:11:50,775][flwr][INFO] - 	              (14, 0.6346097632271266),
[2024-10-10 04:11:50,775][flwr][INFO] - 	              (15, 0.6378251973107278),
[2024-10-10 04:11:50,775][flwr][INFO] - 	              (16, 0.6945337620578779),
[2024-10-10 04:11:50,776][flwr][INFO] - 	              (17, 0.6360713241742181),
[2024-10-10 04:11:50,776][flwr][INFO] - 	              (18, 0.69073370359544),
[2024-10-10 04:11:50,776][flwr][INFO] - 	              (19, 0.715287927506577),
[2024-10-10 04:11:50,776][flwr][INFO] - 	              (20, 0.6544869921075709),
[2024-10-10 04:11:50,776][flwr][INFO] - 	              (21, 0.6840105232388191),
[2024-10-10 04:11:50,776][flwr][INFO] - 	              (22, 0.7035954399298451),
[2024-10-10 04:11:50,776][flwr][INFO] - 	              (23, 0.6413329435837475),
[2024-10-10 04:11:50,776][flwr][INFO] - 	              (24, 0.7071031862028646),
[2024-10-10 04:11:50,776][flwr][INFO] - 	              (25, 0.7445191464484069),
[2024-10-10 04:11:50,776][flwr][INFO] - 	              (26, 0.7547500730780473),
[2024-10-10 04:11:50,776][flwr][INFO] - 	              (27, 0.7258111663256358),
[2024-10-10 04:11:50,776][flwr][INFO] - 	              (28, 0.7120724934229757),
[2024-10-10 04:11:50,776][flwr][INFO] - 	              (29, 0.5849166910260157),
[2024-10-10 04:11:50,776][flwr][INFO] - 	              (30, 0.41011400175387314),
[2024-10-10 04:11:50,776][flwr][INFO] - 	              (31, 0.7129494299912307),
[2024-10-10 04:11:50,776][flwr][INFO] - 	              (32, 0.7687810581701257),
[2024-10-10 04:11:50,776][flwr][INFO] - 	              (33, 0.7071031862028646),
[2024-10-10 04:11:50,777][flwr][INFO] - 	              (34, 0.7135340543700672),
[2024-10-10 04:11:50,777][flwr][INFO] - 	              (35, 0.6843028354282373),
[2024-10-10 04:11:50,777][flwr][INFO] - 	              (36, 0.7287342882198188),
[2024-10-10 04:11:50,777][flwr][INFO] - 	              (37, 0.7822274188833674),
[2024-10-10 04:11:50,777][flwr][INFO] - 	              (38, 0.7462730195849167),
[2024-10-10 04:11:50,777][flwr][INFO] - 	              (39, 0.6416252557731658),
[2024-10-10 04:11:50,777][flwr][INFO] - 	              (40, 0.6883952060800935),
[2024-10-10 04:11:50,777][flwr][INFO] - 	              (41, 0.755334697456884),
[2024-10-10 04:11:50,777][flwr][INFO] - 	              (42, 0.7795966091786027),
[2024-10-10 04:11:50,777][flwr][INFO] - 	              (43, 0.6585793627594271),
[2024-10-10 04:11:50,777][flwr][INFO] - 	              (44, 0.782812043262204),
[2024-10-10 04:11:50,777][flwr][INFO] - 	              (45, 0.6749488453668518),
[2024-10-10 04:11:50,777][flwr][INFO] - 	              (46, 0.7111955568547208),
[2024-10-10 04:11:50,777][flwr][INFO] - 	              (47, 0.6302250803858521),
[2024-10-10 04:11:50,777][flwr][INFO] - 	              (48, 0.71821104940076),
[2024-10-10 04:11:50,777][flwr][INFO] - 	              (49, 0.7983045893013738),
[2024-10-10 04:11:50,777][flwr][INFO] - 	              (50, 0.5933937445191464),
[2024-10-10 04:11:50,778][flwr][INFO] - 	              (51, 0.6664717918737212),
[2024-10-10 04:11:50,778][flwr][INFO] - 	              (52, 0.7763811750950015),
[2024-10-10 04:11:50,778][flwr][INFO] - 	              (53, 0.7337035954399298),
[2024-10-10 04:11:50,778][flwr][INFO] - 	              (54, 0.7836889798304589),
[2024-10-10 04:11:50,778][flwr][INFO] - 	              (55, 0.7079801227711195),
[2024-10-10 04:11:50,778][flwr][INFO] - 	              (56, 0.43320666471791874),
[2024-10-10 04:11:50,778][flwr][INFO] - 	              (57, 0.7591347559193219),
[2024-10-10 04:11:50,778][flwr][INFO] - 	              (58, 0.6840105232388191),
[2024-10-10 04:11:50,778][flwr][INFO] - 	              (59, 0.6933645133002047),
[2024-10-10 04:11:50,778][flwr][INFO] - 	              (60, 0.7281496638409821),
[2024-10-10 04:11:50,778][flwr][INFO] - 	              (61, 0.6752411575562701),
[2024-10-10 04:11:50,778][flwr][INFO] - 	              (62, 0.7500730780473546),
[2024-10-10 04:11:50,778][flwr][INFO] - 	              (63, 0.5884244372990354),
[2024-10-10 04:11:50,778][flwr][INFO] - 	              (64, 0.7965507161648641),
[2024-10-10 04:11:50,778][flwr][INFO] - 	              (65, 0.7956737795966092),
[2024-10-10 04:11:50,778][flwr][INFO] - 	              (66, 0.7784273604209295),
[2024-10-10 04:11:50,778][flwr][INFO] - 	              (67, 0.7562116340251388),
[2024-10-10 04:11:50,778][flwr][INFO] - 	              (68, 0.7930429698918445),
[2024-10-10 04:11:50,779][flwr][INFO] - 	              (69, 0.7296112247880736),
[2024-10-10 04:11:50,779][flwr][INFO] - 	              (70, 0.8146740719087986),
[2024-10-10 04:11:50,779][flwr][INFO] - 	              (71, 0.7223034200526162),
[2024-10-10 04:11:50,779][flwr][INFO] - 	              (72, 0.7687810581701257),
[2024-10-10 04:11:50,779][flwr][INFO] - 	              (73, 0.6579947383805904),
[2024-10-10 04:11:50,779][flwr][INFO] - 	              (74, 0.6825489622917276),
[2024-10-10 04:11:50,779][flwr][INFO] - 	              (75, 0.5010230926629641),
[2024-10-10 04:11:50,779][flwr][INFO] - 	              (76, 0.8132125109617071),
[2024-10-10 04:11:50,779][flwr][INFO] - 	              (77, 0.7193802981584332),
[2024-10-10 04:11:50,779][flwr][INFO] - 	              (78, 0.7448114586378252),
[2024-10-10 04:11:50,779][flwr][INFO] - 	              (79, 0.6331482022800351),
[2024-10-10 04:11:50,779][flwr][INFO] - 	              (80, 0.8152586962876351),
[2024-10-10 04:11:50,779][flwr][INFO] - 	              (81, 0.5133002046185325),
[2024-10-10 04:11:50,779][flwr][INFO] - 	              (82, 0.8368897983045893),
[2024-10-10 04:11:50,779][flwr][INFO] - 	              (83, 0.7588424437299035),
[2024-10-10 04:11:50,779][flwr][INFO] - 	              (84, 0.8333820520315697),
[2024-10-10 04:11:50,779][flwr][INFO] - 	              (85, 0.8465361005553932),
[2024-10-10 04:11:50,780][flwr][INFO] - 	              (86, 0.8123355743934522),
[2024-10-10 04:11:50,780][flwr][INFO] - 	              (87, 0.7737503653902368),
[2024-10-10 04:11:50,780][flwr][INFO] - 	              (88, 0.7266881028938906),
[2024-10-10 04:11:50,780][flwr][INFO] - 	              (89, 0.7708272434960538),
[2024-10-10 04:11:50,780][flwr][INFO] - 	              (90, 0.8406898567670272),
[2024-10-10 04:11:50,780][flwr][INFO] - 	              (91, 0.8047354574685764),
[2024-10-10 04:11:50,780][flwr][INFO] - 	              (92, 0.7673194972230342),
[2024-10-10 04:11:50,780][flwr][INFO] - 	              (93, 0.7991815258696288),
[2024-10-10 04:11:50,780][flwr][INFO] - 	              (94, 0.8222741888336743),
[2024-10-10 04:11:50,780][flwr][INFO] - 	              (95, 0.7950891552177726),
[2024-10-10 04:11:50,780][flwr][INFO] - 	              (96, 0.782812043262204),
[2024-10-10 04:11:50,780][flwr][INFO] - 	              (97, 0.8526746565331774),
[2024-10-10 04:11:50,780][flwr][INFO] - 	              (98, 0.7699503069277989),
[2024-10-10 04:11:50,780][flwr][INFO] - 	              (99, 0.8360128617363344),
[2024-10-10 04:11:50,780][flwr][INFO] - 	              (100, 0.8561824028061971)]}
[2024-10-10 04:11:50,780][flwr][INFO] - 
