[2024-10-08 06:31:39,132][flwr][INFO] - Starting Flower simulation, config: num_rounds=100, no round_timeout
[2024-10-08 06:31:42,670][flwr][INFO] - Flower VCE: Ray initialized with resources: {'node:115.145.172.224': 1.0, 'object_store_memory': 70657269350.0, 'accelerator_type:G': 1.0, 'GPU': 5.0, 'memory': 154866961818.0, 'CPU': 256.0, 'node:__internal_head__': 1.0}
[2024-10-08 06:31:42,671][flwr][INFO] - Optimize your simulation with Flower VCE: https://flower.ai/docs/framework/how-to-run-simulations.html
[2024-10-08 06:31:42,671][flwr][INFO] - Flower VCE: Resources for each Virtual Client: {'num_cpus': 128, 'num_gpus': 0.1}
[2024-10-08 06:31:42,682][flwr][INFO] - Flower VCE: Creating VirtualClientEngineActorPool with 2 actors
[2024-10-08 06:31:42,682][flwr][INFO] - [INIT]
[2024-10-08 06:31:42,682][flwr][INFO] - Requesting initial parameters from one random client
[2024-10-08 06:31:48,248][flwr][INFO] - Received initial parameters from one random client
[2024-10-08 06:31:48,249][flwr][INFO] - Evaluating initial global parameters
[2024-10-08 06:31:59,319][flwr][INFO] - initial parameters (loss, other metrics): 229.20237159729004, {'accuracy': 0.08681672025723473}
[2024-10-08 06:31:59,320][flwr][INFO] - 
[2024-10-08 06:31:59,320][flwr][INFO] - [ROUND 1]
[2024-10-08 06:31:59,320][flwr][INFO] - configure_fit: strategy sampled 5 clients (out of 50)
[2024-10-08 06:32:11,797][flwr][INFO] - aggregate_fit: received 5 results and 0 failures
[2024-10-08 06:32:12,591][flwr][WARNING] - No fit_metrics_aggregation_fn provided
[2024-10-08 06:32:22,521][flwr][INFO] - fit progress: (1, 269.45272994041443, {'accuracy': 0.3025431160479392}, 23.20062612183392)
[2024-10-08 06:32:22,521][flwr][INFO] - configure_evaluate: strategy sampled 2 clients (out of 50)
[2024-10-08 06:32:24,110][flwr][INFO] - aggregate_evaluate: received 2 results and 0 failures
[2024-10-08 06:32:24,110][flwr][INFO] - 
[2024-10-08 06:32:24,110][flwr][INFO] - [ROUND 2]
[2024-10-08 06:32:24,110][flwr][INFO] - configure_fit: strategy sampled 5 clients (out of 50)
[2024-10-08 06:32:34,431][flwr][INFO] - aggregate_fit: received 5 results and 0 failures
[2024-10-08 06:32:44,848][flwr][INFO] - fit progress: (2, 456.0981709957123, {'accuracy': 0.256357790119848}, 45.52832803502679)
[2024-10-08 06:32:44,849][flwr][INFO] - configure_evaluate: strategy sampled 2 clients (out of 50)
[2024-10-08 06:32:46,469][flwr][INFO] - aggregate_evaluate: received 2 results and 0 failures
[2024-10-08 06:32:46,469][flwr][INFO] - 
[2024-10-08 06:32:46,469][flwr][INFO] - [ROUND 3]
[2024-10-08 06:32:46,469][flwr][INFO] - configure_fit: strategy sampled 5 clients (out of 50)
[2024-10-08 06:32:57,244][flwr][INFO] - aggregate_fit: received 5 results and 0 failures
[2024-10-08 06:33:07,737][flwr][INFO] - fit progress: (3, 725.8654007911682, {'accuracy': 0.10230926629640456}, 68.41725071892142)
[2024-10-08 06:33:07,738][flwr][INFO] - configure_evaluate: strategy sampled 2 clients (out of 50)
[2024-10-08 06:33:09,321][flwr][INFO] - aggregate_evaluate: received 2 results and 0 failures
[2024-10-08 06:33:09,321][flwr][INFO] - 
[2024-10-08 06:33:09,321][flwr][INFO] - [ROUND 4]
[2024-10-08 06:33:09,321][flwr][INFO] - configure_fit: strategy sampled 5 clients (out of 50)
[2024-10-08 06:33:23,774][flwr][INFO] - aggregate_fit: received 5 results and 0 failures
[2024-10-08 06:33:34,747][flwr][INFO] - fit progress: (4, 260.95791804790497, {'accuracy': 0.3019584916691026}, 95.42707962542772)
[2024-10-08 06:33:34,747][flwr][INFO] - configure_evaluate: strategy sampled 2 clients (out of 50)
[2024-10-08 06:33:36,286][flwr][INFO] - aggregate_evaluate: received 2 results and 0 failures
[2024-10-08 06:33:36,287][flwr][INFO] - 
[2024-10-08 06:33:36,287][flwr][INFO] - [ROUND 5]
[2024-10-08 06:33:36,287][flwr][INFO] - configure_fit: strategy sampled 5 clients (out of 50)
[2024-10-08 06:33:52,796][flwr][INFO] - aggregate_fit: received 5 results and 0 failures
[2024-10-08 06:34:03,467][flwr][INFO] - fit progress: (5, 173.14418160915375, {'accuracy': 0.47880736626717335}, 124.14733843319118)
[2024-10-08 06:34:03,468][flwr][INFO] - configure_evaluate: strategy sampled 2 clients (out of 50)
[2024-10-08 06:34:05,068][flwr][INFO] - aggregate_evaluate: received 2 results and 0 failures
[2024-10-08 06:34:05,068][flwr][INFO] - 
[2024-10-08 06:34:05,068][flwr][INFO] - [ROUND 6]
[2024-10-08 06:34:05,068][flwr][INFO] - configure_fit: strategy sampled 5 clients (out of 50)
[2024-10-08 06:34:19,715][flwr][INFO] - aggregate_fit: received 5 results and 0 failures
[2024-10-08 06:34:30,422][flwr][INFO] - fit progress: (6, 164.15255999565125, {'accuracy': 0.4606840105232388}, 151.10255018342286)
[2024-10-08 06:34:30,423][flwr][INFO] - configure_evaluate: strategy sampled 2 clients (out of 50)
[2024-10-08 06:34:31,969][flwr][INFO] - aggregate_evaluate: received 2 results and 0 failures
[2024-10-08 06:34:31,969][flwr][INFO] - 
[2024-10-08 06:34:31,969][flwr][INFO] - [ROUND 7]
[2024-10-08 06:34:31,970][flwr][INFO] - configure_fit: strategy sampled 5 clients (out of 50)
[2024-10-08 06:34:44,313][flwr][INFO] - aggregate_fit: received 5 results and 0 failures
[2024-10-08 06:34:54,984][flwr][INFO] - fit progress: (7, 194.65511965751648, {'accuracy': 0.5469161064016369}, 175.66424558591098)
[2024-10-08 06:34:54,985][flwr][INFO] - configure_evaluate: strategy sampled 2 clients (out of 50)
[2024-10-08 06:34:56,342][flwr][INFO] - aggregate_evaluate: received 2 results and 0 failures
[2024-10-08 06:34:56,343][flwr][INFO] - 
[2024-10-08 06:34:56,343][flwr][INFO] - [ROUND 8]
[2024-10-08 06:34:56,343][flwr][INFO] - configure_fit: strategy sampled 5 clients (out of 50)
[2024-10-08 06:35:09,372][flwr][INFO] - aggregate_fit: received 5 results and 0 failures
[2024-10-08 06:35:19,844][flwr][INFO] - fit progress: (8, 145.58732801675797, {'accuracy': 0.575270388775212}, 200.52412218041718)
[2024-10-08 06:35:19,845][flwr][INFO] - configure_evaluate: strategy sampled 2 clients (out of 50)
[2024-10-08 06:35:21,478][flwr][INFO] - aggregate_evaluate: received 2 results and 0 failures
[2024-10-08 06:35:21,478][flwr][INFO] - 
[2024-10-08 06:35:21,478][flwr][INFO] - [ROUND 9]
[2024-10-08 06:35:21,478][flwr][INFO] - configure_fit: strategy sampled 5 clients (out of 50)
[2024-10-08 06:35:36,441][flwr][INFO] - aggregate_fit: received 5 results and 0 failures
[2024-10-08 06:35:47,364][flwr][INFO] - fit progress: (9, 199.53859412670135, {'accuracy': 0.3040046769950307}, 228.0442411378026)
[2024-10-08 06:35:47,365][flwr][INFO] - configure_evaluate: strategy sampled 2 clients (out of 50)
[2024-10-08 06:35:48,704][flwr][INFO] - aggregate_evaluate: received 2 results and 0 failures
[2024-10-08 06:35:48,705][flwr][INFO] - 
[2024-10-08 06:35:48,705][flwr][INFO] - [ROUND 10]
[2024-10-08 06:35:48,705][flwr][INFO] - configure_fit: strategy sampled 5 clients (out of 50)
[2024-10-08 06:36:04,752][flwr][INFO] - aggregate_fit: received 5 results and 0 failures
[2024-10-08 06:36:15,296][flwr][INFO] - fit progress: (10, 199.98537528514862, {'accuracy': 0.3025431160479392}, 255.97563359327614)
[2024-10-08 06:36:15,296][flwr][INFO] - configure_evaluate: strategy sampled 2 clients (out of 50)
[2024-10-08 06:36:16,793][flwr][INFO] - aggregate_evaluate: received 2 results and 0 failures
[2024-10-08 06:36:16,794][flwr][INFO] - 
[2024-10-08 06:36:16,794][flwr][INFO] - [ROUND 11]
[2024-10-08 06:36:16,794][flwr][INFO] - configure_fit: strategy sampled 5 clients (out of 50)
[2024-10-08 06:36:28,005][flwr][INFO] - aggregate_fit: received 5 results and 0 failures
[2024-10-08 06:36:39,183][flwr][INFO] - fit progress: (11, 139.6240816116333, {'accuracy': 0.6161940952937738}, 279.8634797586128)
[2024-10-08 06:36:39,184][flwr][INFO] - configure_evaluate: strategy sampled 2 clients (out of 50)
[2024-10-08 06:36:40,870][flwr][INFO] - aggregate_evaluate: received 2 results and 0 failures
[2024-10-08 06:36:40,870][flwr][INFO] - 
[2024-10-08 06:36:40,870][flwr][INFO] - [ROUND 12]
[2024-10-08 06:36:40,870][flwr][INFO] - configure_fit: strategy sampled 5 clients (out of 50)
[2024-10-08 06:36:49,683][flwr][INFO] - aggregate_fit: received 5 results and 0 failures
[2024-10-08 06:37:00,610][flwr][INFO] - fit progress: (12, 228.69990527629852, {'accuracy': 0.30575855013154046}, 301.2902552532032)
[2024-10-08 06:37:00,611][flwr][INFO] - configure_evaluate: strategy sampled 2 clients (out of 50)
[2024-10-08 06:37:02,037][flwr][INFO] - aggregate_evaluate: received 2 results and 0 failures
[2024-10-08 06:37:02,037][flwr][INFO] - 
[2024-10-08 06:37:02,037][flwr][INFO] - [ROUND 13]
[2024-10-08 06:37:02,037][flwr][INFO] - configure_fit: strategy sampled 5 clients (out of 50)
[2024-10-08 06:37:11,612][flwr][INFO] - aggregate_fit: received 5 results and 0 failures
[2024-10-08 06:37:22,334][flwr][INFO] - fit progress: (13, 113.83907091617584, {'accuracy': 0.5936860567085648}, 323.01451798994094)
[2024-10-08 06:37:22,335][flwr][INFO] - configure_evaluate: strategy sampled 2 clients (out of 50)
[2024-10-08 06:37:23,882][flwr][INFO] - aggregate_evaluate: received 2 results and 0 failures
[2024-10-08 06:37:23,882][flwr][INFO] - 
[2024-10-08 06:37:23,882][flwr][INFO] - [ROUND 14]
[2024-10-08 06:37:23,882][flwr][INFO] - configure_fit: strategy sampled 5 clients (out of 50)
[2024-10-08 06:37:37,891][flwr][INFO] - aggregate_fit: received 5 results and 0 failures
[2024-10-08 06:37:48,606][flwr][INFO] - fit progress: (14, 254.55017924308777, {'accuracy': 0.3893598363051739}, 349.28581290412694)
[2024-10-08 06:37:48,607][flwr][INFO] - configure_evaluate: strategy sampled 2 clients (out of 50)
[2024-10-08 06:37:50,371][flwr][INFO] - aggregate_evaluate: received 2 results and 0 failures
[2024-10-08 06:37:50,371][flwr][INFO] - 
[2024-10-08 06:37:50,371][flwr][INFO] - [ROUND 15]
[2024-10-08 06:37:50,372][flwr][INFO] - configure_fit: strategy sampled 5 clients (out of 50)
[2024-10-08 06:38:03,625][flwr][INFO] - aggregate_fit: received 5 results and 0 failures
[2024-10-08 06:38:14,335][flwr][INFO] - fit progress: (15, 111.92260521650314, {'accuracy': 0.5796550716164864}, 375.0146581195295)
[2024-10-08 06:38:14,335][flwr][INFO] - configure_evaluate: strategy sampled 2 clients (out of 50)
[2024-10-08 06:38:15,953][flwr][INFO] - aggregate_evaluate: received 2 results and 0 failures
[2024-10-08 06:38:15,954][flwr][INFO] - 
[2024-10-08 06:38:15,954][flwr][INFO] - [ROUND 16]
[2024-10-08 06:38:15,954][flwr][INFO] - configure_fit: strategy sampled 5 clients (out of 50)
[2024-10-08 06:38:31,030][flwr][INFO] - aggregate_fit: received 5 results and 0 failures
[2024-10-08 06:38:41,588][flwr][INFO] - fit progress: (16, 179.56522977352142, {'accuracy': 0.48289973691902954}, 402.2676737634465)
[2024-10-08 06:38:41,588][flwr][INFO] - configure_evaluate: strategy sampled 2 clients (out of 50)
[2024-10-08 06:38:43,008][flwr][INFO] - aggregate_evaluate: received 2 results and 0 failures
[2024-10-08 06:38:43,008][flwr][INFO] - 
[2024-10-08 06:38:43,008][flwr][INFO] - [ROUND 17]
[2024-10-08 06:38:43,008][flwr][INFO] - configure_fit: strategy sampled 5 clients (out of 50)
[2024-10-08 06:38:57,836][flwr][INFO] - aggregate_fit: received 5 results and 0 failures
[2024-10-08 06:39:08,394][flwr][INFO] - fit progress: (17, 118.22288858890533, {'accuracy': 0.6357790119847998}, 429.07404810376465)
[2024-10-08 06:39:08,395][flwr][INFO] - configure_evaluate: strategy sampled 2 clients (out of 50)
[2024-10-08 06:39:10,029][flwr][INFO] - aggregate_evaluate: received 2 results and 0 failures
[2024-10-08 06:39:10,030][flwr][INFO] - 
[2024-10-08 06:39:10,030][flwr][INFO] - [ROUND 18]
[2024-10-08 06:39:10,030][flwr][INFO] - configure_fit: strategy sampled 5 clients (out of 50)
[2024-10-08 06:39:19,193][flwr][INFO] - aggregate_fit: received 5 results and 0 failures
[2024-10-08 06:39:29,984][flwr][INFO] - fit progress: (18, 138.6260604262352, {'accuracy': 0.46039169833382054}, 450.6642507351935)
[2024-10-08 06:39:29,985][flwr][INFO] - configure_evaluate: strategy sampled 2 clients (out of 50)
[2024-10-08 06:39:31,554][flwr][INFO] - aggregate_evaluate: received 2 results and 0 failures
[2024-10-08 06:39:31,554][flwr][INFO] - 
[2024-10-08 06:39:31,554][flwr][INFO] - [ROUND 19]
[2024-10-08 06:39:31,555][flwr][INFO] - configure_fit: strategy sampled 5 clients (out of 50)
[2024-10-08 06:39:45,245][flwr][INFO] - aggregate_fit: received 5 results and 0 failures
[2024-10-08 06:39:56,051][flwr][INFO] - fit progress: (19, 180.76971924304962, {'accuracy': 0.40456007015492546}, 476.7308396631852)
[2024-10-08 06:39:56,051][flwr][INFO] - configure_evaluate: strategy sampled 2 clients (out of 50)
[2024-10-08 06:39:57,727][flwr][INFO] - aggregate_evaluate: received 2 results and 0 failures
[2024-10-08 06:39:57,728][flwr][INFO] - 
[2024-10-08 06:39:57,728][flwr][INFO] - [ROUND 20]
[2024-10-08 06:39:57,728][flwr][INFO] - configure_fit: strategy sampled 5 clients (out of 50)
[2024-10-08 06:40:14,561][flwr][INFO] - aggregate_fit: received 5 results and 0 failures
[2024-10-08 06:40:25,038][flwr][INFO] - fit progress: (20, 206.16375768184662, {'accuracy': 0.346389944460684}, 505.71767717506737)
[2024-10-08 06:40:25,038][flwr][INFO] - configure_evaluate: strategy sampled 2 clients (out of 50)
[2024-10-08 06:40:26,374][flwr][INFO] - aggregate_evaluate: received 2 results and 0 failures
[2024-10-08 06:40:26,375][flwr][INFO] - 
[2024-10-08 06:40:26,375][flwr][INFO] - [ROUND 21]
[2024-10-08 06:40:26,375][flwr][INFO] - configure_fit: strategy sampled 5 clients (out of 50)
[2024-10-08 06:40:41,382][flwr][INFO] - aggregate_fit: received 5 results and 0 failures
[2024-10-08 06:40:52,643][flwr][INFO] - fit progress: (21, 200.19549179077148, {'accuracy': 0.3004969307220111}, 533.3231125259772)
[2024-10-08 06:40:52,643][flwr][INFO] - configure_evaluate: strategy sampled 2 clients (out of 50)
[2024-10-08 06:40:54,077][flwr][INFO] - aggregate_evaluate: received 2 results and 0 failures
[2024-10-08 06:40:54,078][flwr][INFO] - 
[2024-10-08 06:40:54,078][flwr][INFO] - [ROUND 22]
[2024-10-08 06:40:54,078][flwr][INFO] - configure_fit: strategy sampled 5 clients (out of 50)
[2024-10-08 06:41:02,549][flwr][INFO] - aggregate_fit: received 5 results and 0 failures
[2024-10-08 06:41:13,208][flwr][INFO] - fit progress: (22, 184.4255324602127, {'accuracy': 0.4232680502776966}, 553.8880850505084)
[2024-10-08 06:41:13,209][flwr][INFO] - configure_evaluate: strategy sampled 2 clients (out of 50)
[2024-10-08 06:41:14,713][flwr][INFO] - aggregate_evaluate: received 2 results and 0 failures
[2024-10-08 06:41:14,713][flwr][INFO] - 
[2024-10-08 06:41:14,713][flwr][INFO] - [ROUND 23]
[2024-10-08 06:41:14,713][flwr][INFO] - configure_fit: strategy sampled 5 clients (out of 50)
[2024-10-08 06:41:24,213][flwr][INFO] - aggregate_fit: received 5 results and 0 failures
[2024-10-08 06:41:35,043][flwr][INFO] - fit progress: (23, 180.29825735092163, {'accuracy': 0.529377375036539}, 575.7228667875752)
[2024-10-08 06:41:35,043][flwr][INFO] - configure_evaluate: strategy sampled 2 clients (out of 50)
[2024-10-08 06:41:36,499][flwr][INFO] - aggregate_evaluate: received 2 results and 0 failures
[2024-10-08 06:41:36,500][flwr][INFO] - 
[2024-10-08 06:41:36,500][flwr][INFO] - [ROUND 24]
[2024-10-08 06:41:36,500][flwr][INFO] - configure_fit: strategy sampled 5 clients (out of 50)
[2024-10-08 06:41:49,074][flwr][INFO] - aggregate_fit: received 5 results and 0 failures
[2024-10-08 06:41:59,719][flwr][INFO] - fit progress: (24, 139.45630085468292, {'accuracy': 0.5580239695995323}, 600.3993434449658)
[2024-10-08 06:41:59,720][flwr][INFO] - configure_evaluate: strategy sampled 2 clients (out of 50)
[2024-10-08 06:42:01,328][flwr][INFO] - aggregate_evaluate: received 2 results and 0 failures
[2024-10-08 06:42:01,328][flwr][INFO] - 
[2024-10-08 06:42:01,328][flwr][INFO] - [ROUND 25]
[2024-10-08 06:42:01,328][flwr][INFO] - configure_fit: strategy sampled 5 clients (out of 50)
[2024-10-08 06:42:16,485][flwr][INFO] - aggregate_fit: received 5 results and 0 failures
[2024-10-08 06:42:27,213][flwr][INFO] - fit progress: (25, 222.17952418327332, {'accuracy': 0.14294066062554808}, 627.8927110657096)
[2024-10-08 06:42:27,213][flwr][INFO] - configure_evaluate: strategy sampled 2 clients (out of 50)
[2024-10-08 06:42:29,058][flwr][INFO] - aggregate_evaluate: received 2 results and 0 failures
[2024-10-08 06:42:29,058][flwr][INFO] - 
[2024-10-08 06:42:29,058][flwr][INFO] - [ROUND 26]
[2024-10-08 06:42:29,058][flwr][INFO] - configure_fit: strategy sampled 5 clients (out of 50)
[2024-10-08 06:42:38,895][flwr][INFO] - aggregate_fit: received 5 results and 0 failures
[2024-10-08 06:42:49,070][flwr][INFO] - fit progress: (26, 191.93088817596436, {'accuracy': 0.45688395206080096}, 649.7500147698447)
[2024-10-08 06:42:49,071][flwr][INFO] - configure_evaluate: strategy sampled 2 clients (out of 50)
[2024-10-08 06:42:50,590][flwr][INFO] - aggregate_evaluate: received 2 results and 0 failures
[2024-10-08 06:42:50,591][flwr][INFO] - 
[2024-10-08 06:42:50,591][flwr][INFO] - [ROUND 27]
[2024-10-08 06:42:50,591][flwr][INFO] - configure_fit: strategy sampled 5 clients (out of 50)
[2024-10-08 06:43:00,594][flwr][INFO] - aggregate_fit: received 5 results and 0 failures
[2024-10-08 06:43:11,073][flwr][INFO] - fit progress: (27, 225.98707818984985, {'accuracy': 0.2624963460976323}, 671.7532985154539)
[2024-10-08 06:43:11,074][flwr][INFO] - configure_evaluate: strategy sampled 2 clients (out of 50)
[2024-10-08 06:43:12,829][flwr][INFO] - aggregate_evaluate: received 2 results and 0 failures
[2024-10-08 06:43:12,829][flwr][INFO] - 
[2024-10-08 06:43:12,829][flwr][INFO] - [ROUND 28]
[2024-10-08 06:43:12,829][flwr][INFO] - configure_fit: strategy sampled 5 clients (out of 50)
[2024-10-08 06:43:27,623][flwr][INFO] - aggregate_fit: received 5 results and 0 failures
[2024-10-08 06:43:38,596][flwr][INFO] - fit progress: (28, 206.09023702144623, {'accuracy': 0.24495761473253436}, 699.2765576951206)
[2024-10-08 06:43:38,597][flwr][INFO] - configure_evaluate: strategy sampled 2 clients (out of 50)
[2024-10-08 06:43:40,477][flwr][INFO] - aggregate_evaluate: received 2 results and 0 failures
[2024-10-08 06:43:40,478][flwr][INFO] - 
[2024-10-08 06:43:40,478][flwr][INFO] - [ROUND 29]
[2024-10-08 06:43:40,478][flwr][INFO] - configure_fit: strategy sampled 5 clients (out of 50)
[2024-10-08 06:43:54,294][flwr][INFO] - aggregate_fit: received 5 results and 0 failures
[2024-10-08 06:44:04,828][flwr][INFO] - fit progress: (29, 194.07098531723022, {'accuracy': 0.3966676410406314}, 725.5081056477502)
[2024-10-08 06:44:04,829][flwr][INFO] - configure_evaluate: strategy sampled 2 clients (out of 50)
[2024-10-08 06:44:06,357][flwr][INFO] - aggregate_evaluate: received 2 results and 0 failures
[2024-10-08 06:44:06,357][flwr][INFO] - 
[2024-10-08 06:44:06,357][flwr][INFO] - [ROUND 30]
[2024-10-08 06:44:06,357][flwr][INFO] - configure_fit: strategy sampled 5 clients (out of 50)
[2024-10-08 06:44:19,661][flwr][INFO] - aggregate_fit: received 5 results and 0 failures
[2024-10-08 06:44:30,321][flwr][INFO] - fit progress: (30, 187.13000869750977, {'accuracy': 0.3797135340543701}, 751.0006724689156)
[2024-10-08 06:44:30,321][flwr][INFO] - configure_evaluate: strategy sampled 2 clients (out of 50)
[2024-10-08 06:44:32,094][flwr][INFO] - aggregate_evaluate: received 2 results and 0 failures
[2024-10-08 06:44:32,094][flwr][INFO] - 
[2024-10-08 06:44:32,094][flwr][INFO] - [ROUND 31]
[2024-10-08 06:44:32,094][flwr][INFO] - configure_fit: strategy sampled 5 clients (out of 50)
[2024-10-08 06:44:43,298][flwr][INFO] - aggregate_fit: received 5 results and 0 failures
[2024-10-08 06:44:54,149][flwr][INFO] - fit progress: (31, 85.68827855587006, {'accuracy': 0.7246419175679626}, 774.8292163508013)
[2024-10-08 06:44:54,149][flwr][INFO] - configure_evaluate: strategy sampled 2 clients (out of 50)
[2024-10-08 06:44:55,718][flwr][INFO] - aggregate_evaluate: received 2 results and 0 failures
[2024-10-08 06:44:55,718][flwr][INFO] - 
[2024-10-08 06:44:55,718][flwr][INFO] - [ROUND 32]
[2024-10-08 06:44:55,718][flwr][INFO] - configure_fit: strategy sampled 5 clients (out of 50)
[2024-10-08 06:45:05,453][flwr][INFO] - aggregate_fit: received 5 results and 0 failures
[2024-10-08 06:45:16,835][flwr][INFO] - fit progress: (32, 240.0741913318634, {'accuracy': 0.4191756796258404}, 797.5148595366627)
[2024-10-08 06:45:16,835][flwr][INFO] - configure_evaluate: strategy sampled 2 clients (out of 50)
[2024-10-08 06:45:18,498][flwr][INFO] - aggregate_evaluate: received 2 results and 0 failures
[2024-10-08 06:45:18,498][flwr][INFO] - 
[2024-10-08 06:45:18,498][flwr][INFO] - [ROUND 33]
[2024-10-08 06:45:18,498][flwr][INFO] - configure_fit: strategy sampled 5 clients (out of 50)
[2024-10-08 06:45:25,924][flwr][INFO] - aggregate_fit: received 5 results and 0 failures
[2024-10-08 06:45:36,943][flwr][INFO] - fit progress: (33, 138.6364807486534, {'accuracy': 0.5761473253434668}, 817.6235102182254)
[2024-10-08 06:45:36,944][flwr][INFO] - configure_evaluate: strategy sampled 2 clients (out of 50)
[2024-10-08 06:45:38,514][flwr][INFO] - aggregate_evaluate: received 2 results and 0 failures
[2024-10-08 06:45:38,515][flwr][INFO] - 
[2024-10-08 06:45:38,515][flwr][INFO] - [ROUND 34]
[2024-10-08 06:45:38,515][flwr][INFO] - configure_fit: strategy sampled 5 clients (out of 50)
[2024-10-08 06:45:49,711][flwr][INFO] - aggregate_fit: received 5 results and 0 failures
[2024-10-08 06:46:00,505][flwr][INFO] - fit progress: (34, 125.73736613988876, {'accuracy': 0.6524408067816428}, 841.1855058697984)
[2024-10-08 06:46:00,506][flwr][INFO] - configure_evaluate: strategy sampled 2 clients (out of 50)
[2024-10-08 06:46:02,029][flwr][INFO] - aggregate_evaluate: received 2 results and 0 failures
[2024-10-08 06:46:02,030][flwr][INFO] - 
[2024-10-08 06:46:02,030][flwr][INFO] - [ROUND 35]
[2024-10-08 06:46:02,030][flwr][INFO] - configure_fit: strategy sampled 5 clients (out of 50)
[2024-10-08 06:46:17,453][flwr][INFO] - aggregate_fit: received 5 results and 0 failures
[2024-10-08 06:46:27,894][flwr][INFO] - fit progress: (35, 194.48353254795074, {'accuracy': 0.3002046185325928}, 868.573997573927)
[2024-10-08 06:46:27,895][flwr][INFO] - configure_evaluate: strategy sampled 2 clients (out of 50)
[2024-10-08 06:46:29,513][flwr][INFO] - aggregate_evaluate: received 2 results and 0 failures
[2024-10-08 06:46:29,513][flwr][INFO] - 
[2024-10-08 06:46:29,514][flwr][INFO] - [ROUND 36]
[2024-10-08 06:46:29,514][flwr][INFO] - configure_fit: strategy sampled 5 clients (out of 50)
[2024-10-08 06:46:42,540][flwr][INFO] - aggregate_fit: received 5 results and 0 failures
[2024-10-08 06:46:53,780][flwr][INFO] - fit progress: (36, 179.10281789302826, {'accuracy': 0.3981292019877229}, 894.4604098470882)
[2024-10-08 06:46:53,781][flwr][INFO] - configure_evaluate: strategy sampled 2 clients (out of 50)
[2024-10-08 06:46:55,219][flwr][INFO] - aggregate_evaluate: received 2 results and 0 failures
[2024-10-08 06:46:55,219][flwr][INFO] - 
[2024-10-08 06:46:55,219][flwr][INFO] - [ROUND 37]
[2024-10-08 06:46:55,219][flwr][INFO] - configure_fit: strategy sampled 5 clients (out of 50)
[2024-10-08 06:47:12,517][flwr][INFO] - aggregate_fit: received 5 results and 0 failures
[2024-10-08 06:47:23,303][flwr][INFO] - fit progress: (37, 107.97601300477982, {'accuracy': 0.7027185033615901}, 923.9836437348276)
[2024-10-08 06:47:23,304][flwr][INFO] - configure_evaluate: strategy sampled 2 clients (out of 50)
[2024-10-08 06:47:24,724][flwr][INFO] - aggregate_evaluate: received 2 results and 0 failures
[2024-10-08 06:47:24,725][flwr][INFO] - 
[2024-10-08 06:47:24,725][flwr][INFO] - [ROUND 38]
[2024-10-08 06:47:24,725][flwr][INFO] - configure_fit: strategy sampled 5 clients (out of 50)
[2024-10-08 06:47:37,731][flwr][INFO] - aggregate_fit: received 5 results and 0 failures
[2024-10-08 06:47:48,501][flwr][INFO] - fit progress: (38, 122.19767791032791, {'accuracy': 0.7497807658579363}, 949.1810930026695)
[2024-10-08 06:47:48,502][flwr][INFO] - configure_evaluate: strategy sampled 2 clients (out of 50)
[2024-10-08 06:47:50,106][flwr][INFO] - aggregate_evaluate: received 2 results and 0 failures
[2024-10-08 06:47:50,107][flwr][INFO] - 
[2024-10-08 06:47:50,107][flwr][INFO] - [ROUND 39]
[2024-10-08 06:47:50,107][flwr][INFO] - configure_fit: strategy sampled 5 clients (out of 50)
[2024-10-08 06:48:01,025][flwr][INFO] - aggregate_fit: received 5 results and 0 failures
[2024-10-08 06:48:12,676][flwr][INFO] - fit progress: (39, 93.68138509988785, {'accuracy': 0.7187956737795966}, 973.3563999049366)
[2024-10-08 06:48:12,677][flwr][INFO] - configure_evaluate: strategy sampled 2 clients (out of 50)
[2024-10-08 06:48:14,195][flwr][INFO] - aggregate_evaluate: received 2 results and 0 failures
[2024-10-08 06:48:14,196][flwr][INFO] - 
[2024-10-08 06:48:14,196][flwr][INFO] - [ROUND 40]
[2024-10-08 06:48:14,196][flwr][INFO] - configure_fit: strategy sampled 5 clients (out of 50)
[2024-10-08 06:48:26,638][flwr][INFO] - aggregate_fit: received 5 results and 0 failures
[2024-10-08 06:48:37,532][flwr][INFO] - fit progress: (40, 137.34707939624786, {'accuracy': 0.5349313066354867}, 998.2117949398234)
[2024-10-08 06:48:37,533][flwr][INFO] - configure_evaluate: strategy sampled 2 clients (out of 50)
[2024-10-08 06:48:39,079][flwr][INFO] - aggregate_evaluate: received 2 results and 0 failures
[2024-10-08 06:48:39,079][flwr][INFO] - 
[2024-10-08 06:48:39,079][flwr][INFO] - [ROUND 41]
[2024-10-08 06:48:39,079][flwr][INFO] - configure_fit: strategy sampled 5 clients (out of 50)
[2024-10-08 06:48:50,358][flwr][INFO] - aggregate_fit: received 5 results and 0 failures
[2024-10-08 06:49:01,558][flwr][INFO] - fit progress: (41, 118.73487824201584, {'accuracy': 0.5919321835720549}, 1022.2385480012745)
[2024-10-08 06:49:01,559][flwr][INFO] - configure_evaluate: strategy sampled 2 clients (out of 50)
[2024-10-08 06:49:03,071][flwr][INFO] - aggregate_evaluate: received 2 results and 0 failures
[2024-10-08 06:49:03,071][flwr][INFO] - 
[2024-10-08 06:49:03,071][flwr][INFO] - [ROUND 42]
[2024-10-08 06:49:03,071][flwr][INFO] - configure_fit: strategy sampled 5 clients (out of 50)
[2024-10-08 06:49:16,894][flwr][INFO] - aggregate_fit: received 5 results and 0 failures
[2024-10-08 06:49:27,389][flwr][INFO] - fit progress: (42, 186.22455978393555, {'accuracy': 0.4600993861444022}, 1048.068705201149)
[2024-10-08 06:49:27,389][flwr][INFO] - configure_evaluate: strategy sampled 2 clients (out of 50)
[2024-10-08 06:49:28,830][flwr][INFO] - aggregate_evaluate: received 2 results and 0 failures
[2024-10-08 06:49:28,831][flwr][INFO] - 
[2024-10-08 06:49:28,831][flwr][INFO] - [ROUND 43]
[2024-10-08 06:49:28,831][flwr][INFO] - configure_fit: strategy sampled 5 clients (out of 50)
[2024-10-08 06:49:43,288][flwr][INFO] - aggregate_fit: received 5 results and 0 failures
[2024-10-08 06:49:54,700][flwr][INFO] - fit progress: (43, 197.44790256023407, {'accuracy': 0.4983922829581994}, 1075.3805604632944)
[2024-10-08 06:49:54,701][flwr][INFO] - configure_evaluate: strategy sampled 2 clients (out of 50)
[2024-10-08 06:49:56,341][flwr][INFO] - aggregate_evaluate: received 2 results and 0 failures
[2024-10-08 06:49:56,341][flwr][INFO] - 
[2024-10-08 06:49:56,342][flwr][INFO] - [ROUND 44]
[2024-10-08 06:49:56,342][flwr][INFO] - configure_fit: strategy sampled 5 clients (out of 50)
[2024-10-08 06:50:12,436][flwr][INFO] - aggregate_fit: received 5 results and 0 failures
[2024-10-08 06:50:23,240][flwr][INFO] - fit progress: (44, 188.52693736553192, {'accuracy': 0.5796550716164864}, 1103.9198883250356)
[2024-10-08 06:50:23,241][flwr][INFO] - configure_evaluate: strategy sampled 2 clients (out of 50)
[2024-10-08 06:50:24,810][flwr][INFO] - aggregate_evaluate: received 2 results and 0 failures
[2024-10-08 06:50:24,811][flwr][INFO] - 
[2024-10-08 06:50:24,811][flwr][INFO] - [ROUND 45]
[2024-10-08 06:50:24,811][flwr][INFO] - configure_fit: strategy sampled 5 clients (out of 50)
[2024-10-08 06:50:35,551][flwr][INFO] - aggregate_fit: received 5 results and 0 failures
[2024-10-08 06:50:46,311][flwr][INFO] - fit progress: (45, 192.9640041589737, {'accuracy': 0.3197895352236188}, 1126.9910852322355)
[2024-10-08 06:50:46,312][flwr][INFO] - configure_evaluate: strategy sampled 2 clients (out of 50)
[2024-10-08 06:50:47,990][flwr][INFO] - aggregate_evaluate: received 2 results and 0 failures
[2024-10-08 06:50:47,990][flwr][INFO] - 
[2024-10-08 06:50:47,990][flwr][INFO] - [ROUND 46]
[2024-10-08 06:50:47,990][flwr][INFO] - configure_fit: strategy sampled 5 clients (out of 50)
[2024-10-08 06:50:58,856][flwr][INFO] - aggregate_fit: received 5 results and 0 failures
[2024-10-08 06:51:09,277][flwr][INFO] - fit progress: (46, 130.29886931180954, {'accuracy': 0.5594855305466238}, 1149.9567915946245)
[2024-10-08 06:51:09,277][flwr][INFO] - configure_evaluate: strategy sampled 2 clients (out of 50)
[2024-10-08 06:51:10,740][flwr][INFO] - aggregate_evaluate: received 2 results and 0 failures
[2024-10-08 06:51:10,741][flwr][INFO] - 
[2024-10-08 06:51:10,741][flwr][INFO] - [ROUND 47]
[2024-10-08 06:51:10,741][flwr][INFO] - configure_fit: strategy sampled 5 clients (out of 50)
[2024-10-08 06:51:23,376][flwr][INFO] - aggregate_fit: received 5 results and 0 failures
[2024-10-08 06:51:34,538][flwr][INFO] - fit progress: (47, 126.76777935028076, {'accuracy': 0.6591639871382636}, 1175.2176561197266)
[2024-10-08 06:51:34,538][flwr][INFO] - configure_evaluate: strategy sampled 2 clients (out of 50)
[2024-10-08 06:51:36,355][flwr][INFO] - aggregate_evaluate: received 2 results and 0 failures
[2024-10-08 06:51:36,355][flwr][INFO] - 
[2024-10-08 06:51:36,356][flwr][INFO] - [ROUND 48]
[2024-10-08 06:51:36,356][flwr][INFO] - configure_fit: strategy sampled 5 clients (out of 50)
[2024-10-08 06:51:44,924][flwr][INFO] - aggregate_fit: received 5 results and 0 failures
[2024-10-08 06:51:56,358][flwr][INFO] - fit progress: (48, 125.60070288181305, {'accuracy': 0.5206080093539901}, 1197.0380009012297)
[2024-10-08 06:51:56,359][flwr][INFO] - configure_evaluate: strategy sampled 2 clients (out of 50)
[2024-10-08 06:51:58,044][flwr][INFO] - aggregate_evaluate: received 2 results and 0 failures
[2024-10-08 06:51:58,045][flwr][INFO] - 
[2024-10-08 06:51:58,045][flwr][INFO] - [ROUND 49]
[2024-10-08 06:51:58,045][flwr][INFO] - configure_fit: strategy sampled 5 clients (out of 50)
[2024-10-08 06:52:08,139][flwr][INFO] - aggregate_fit: received 5 results and 0 failures
[2024-10-08 06:52:19,277][flwr][INFO] - fit progress: (49, 159.21288061141968, {'accuracy': 0.645717626425022}, 1219.9575118217617)
[2024-10-08 06:52:19,278][flwr][INFO] - configure_evaluate: strategy sampled 2 clients (out of 50)
[2024-10-08 06:52:20,736][flwr][INFO] - aggregate_evaluate: received 2 results and 0 failures
[2024-10-08 06:52:20,737][flwr][INFO] - 
[2024-10-08 06:52:20,737][flwr][INFO] - [ROUND 50]
[2024-10-08 06:52:20,737][flwr][INFO] - configure_fit: strategy sampled 5 clients (out of 50)
[2024-10-08 06:52:30,815][flwr][INFO] - aggregate_fit: received 5 results and 0 failures
[2024-10-08 06:52:41,184][flwr][INFO] - fit progress: (50, 163.86501520872116, {'accuracy': 0.5214849459222449}, 1241.8637144463137)
[2024-10-08 06:52:41,184][flwr][INFO] - configure_evaluate: strategy sampled 2 clients (out of 50)
[2024-10-08 06:52:42,855][flwr][INFO] - aggregate_evaluate: received 2 results and 0 failures
[2024-10-08 06:52:42,856][flwr][INFO] - 
[2024-10-08 06:52:42,856][flwr][INFO] - [ROUND 51]
[2024-10-08 06:52:42,856][flwr][INFO] - configure_fit: strategy sampled 5 clients (out of 50)
[2024-10-08 06:53:00,493][flwr][INFO] - aggregate_fit: received 5 results and 0 failures
[2024-10-08 06:53:11,212][flwr][INFO] - fit progress: (51, 113.74808764457703, {'accuracy': 0.5787781350482315}, 1271.892513343133)
[2024-10-08 06:53:11,213][flwr][INFO] - configure_evaluate: strategy sampled 2 clients (out of 50)
[2024-10-08 06:53:12,907][flwr][INFO] - aggregate_evaluate: received 2 results and 0 failures
[2024-10-08 06:53:12,907][flwr][INFO] - 
[2024-10-08 06:53:12,907][flwr][INFO] - [ROUND 52]
[2024-10-08 06:53:12,908][flwr][INFO] - configure_fit: strategy sampled 5 clients (out of 50)
[2024-10-08 06:53:27,847][flwr][INFO] - aggregate_fit: received 5 results and 0 failures
[2024-10-08 06:53:38,068][flwr][INFO] - fit progress: (52, 111.34368044137955, {'accuracy': 0.7158725518854137}, 1298.7477525956929)
[2024-10-08 06:53:38,068][flwr][INFO] - configure_evaluate: strategy sampled 2 clients (out of 50)
[2024-10-08 06:53:39,525][flwr][INFO] - aggregate_evaluate: received 2 results and 0 failures
[2024-10-08 06:53:39,525][flwr][INFO] - 
[2024-10-08 06:53:39,526][flwr][INFO] - [ROUND 53]
[2024-10-08 06:53:39,526][flwr][INFO] - configure_fit: strategy sampled 5 clients (out of 50)
[2024-10-08 06:53:49,759][flwr][INFO] - aggregate_fit: received 5 results and 0 failures
[2024-10-08 06:54:00,907][flwr][INFO] - fit progress: (53, 147.1855458021164, {'accuracy': 0.5092078339666765}, 1321.5872956179082)
[2024-10-08 06:54:00,908][flwr][INFO] - configure_evaluate: strategy sampled 2 clients (out of 50)
[2024-10-08 06:54:02,447][flwr][INFO] - aggregate_evaluate: received 2 results and 0 failures
[2024-10-08 06:54:02,448][flwr][INFO] - 
[2024-10-08 06:54:02,448][flwr][INFO] - [ROUND 54]
[2024-10-08 06:54:02,448][flwr][INFO] - configure_fit: strategy sampled 5 clients (out of 50)
[2024-10-08 06:54:14,110][flwr][INFO] - aggregate_fit: received 5 results and 0 failures
[2024-10-08 06:54:25,255][flwr][INFO] - fit progress: (54, 205.47768676280975, {'accuracy': 0.29231218941829873}, 1345.9355962937698)
[2024-10-08 06:54:25,256][flwr][INFO] - configure_evaluate: strategy sampled 2 clients (out of 50)
[2024-10-08 06:54:26,758][flwr][INFO] - aggregate_evaluate: received 2 results and 0 failures
[2024-10-08 06:54:26,759][flwr][INFO] - 
[2024-10-08 06:54:26,759][flwr][INFO] - [ROUND 55]
[2024-10-08 06:54:26,759][flwr][INFO] - configure_fit: strategy sampled 5 clients (out of 50)
[2024-10-08 06:54:35,600][flwr][INFO] - aggregate_fit: received 5 results and 0 failures
[2024-10-08 06:54:45,968][flwr][INFO] - fit progress: (55, 170.91685211658478, {'accuracy': 0.5042385267465653}, 1366.6485385047272)
[2024-10-08 06:54:45,969][flwr][INFO] - configure_evaluate: strategy sampled 2 clients (out of 50)
[2024-10-08 06:54:47,367][flwr][INFO] - aggregate_evaluate: received 2 results and 0 failures
[2024-10-08 06:54:47,368][flwr][INFO] - 
[2024-10-08 06:54:47,368][flwr][INFO] - [ROUND 56]
[2024-10-08 06:54:47,368][flwr][INFO] - configure_fit: strategy sampled 5 clients (out of 50)
[2024-10-08 06:55:00,514][flwr][INFO] - aggregate_fit: received 5 results and 0 failures
[2024-10-08 06:55:11,391][flwr][INFO] - fit progress: (56, 90.31578353047371, {'accuracy': 0.6924875767319497}, 1392.0706827072427)
[2024-10-08 06:55:11,392][flwr][INFO] - configure_evaluate: strategy sampled 2 clients (out of 50)
[2024-10-08 06:55:12,782][flwr][INFO] - aggregate_evaluate: received 2 results and 0 failures
[2024-10-08 06:55:12,783][flwr][INFO] - 
[2024-10-08 06:55:12,783][flwr][INFO] - [ROUND 57]
[2024-10-08 06:55:12,783][flwr][INFO] - configure_fit: strategy sampled 5 clients (out of 50)
[2024-10-08 06:55:23,107][flwr][INFO] - aggregate_fit: received 5 results and 0 failures
[2024-10-08 06:55:33,896][flwr][INFO] - fit progress: (57, 54.747068375349045, {'accuracy': 0.8363051739257527}, 1414.575601445511)
[2024-10-08 06:55:33,897][flwr][INFO] - configure_evaluate: strategy sampled 2 clients (out of 50)
[2024-10-08 06:55:35,568][flwr][INFO] - aggregate_evaluate: received 2 results and 0 failures
[2024-10-08 06:55:35,568][flwr][INFO] - 
[2024-10-08 06:55:35,568][flwr][INFO] - [ROUND 58]
[2024-10-08 06:55:35,569][flwr][INFO] - configure_fit: strategy sampled 5 clients (out of 50)
[2024-10-08 06:55:49,101][flwr][INFO] - aggregate_fit: received 5 results and 0 failures
[2024-10-08 06:55:59,806][flwr][INFO] - fit progress: (58, 161.19632852077484, {'accuracy': 0.6553639286758258}, 1440.486093823798)
[2024-10-08 06:55:59,807][flwr][INFO] - configure_evaluate: strategy sampled 2 clients (out of 50)
[2024-10-08 06:56:01,397][flwr][INFO] - aggregate_evaluate: received 2 results and 0 failures
[2024-10-08 06:56:01,398][flwr][INFO] - 
[2024-10-08 06:56:01,398][flwr][INFO] - [ROUND 59]
[2024-10-08 06:56:01,398][flwr][INFO] - configure_fit: strategy sampled 5 clients (out of 50)
[2024-10-08 06:56:10,655][flwr][INFO] - aggregate_fit: received 5 results and 0 failures
[2024-10-08 06:56:21,272][flwr][INFO] - fit progress: (59, 151.6202598810196, {'accuracy': 0.698626132709734}, 1461.9520444031805)
[2024-10-08 06:56:21,272][flwr][INFO] - configure_evaluate: strategy sampled 2 clients (out of 50)
[2024-10-08 06:56:22,737][flwr][INFO] - aggregate_evaluate: received 2 results and 0 failures
[2024-10-08 06:56:22,738][flwr][INFO] - 
[2024-10-08 06:56:22,738][flwr][INFO] - [ROUND 60]
[2024-10-08 06:56:22,738][flwr][INFO] - configure_fit: strategy sampled 5 clients (out of 50)
[2024-10-08 06:56:36,558][flwr][INFO] - aggregate_fit: received 5 results and 0 failures
[2024-10-08 06:56:46,874][flwr][INFO] - fit progress: (60, 160.10831558704376, {'accuracy': 0.698626132709734}, 1487.5544317429885)
[2024-10-08 06:56:46,875][flwr][INFO] - configure_evaluate: strategy sampled 2 clients (out of 50)
[2024-10-08 06:56:48,179][flwr][INFO] - aggregate_evaluate: received 2 results and 0 failures
[2024-10-08 06:56:48,179][flwr][INFO] - 
[2024-10-08 06:56:48,179][flwr][INFO] - [ROUND 61]
[2024-10-08 06:56:48,179][flwr][INFO] - configure_fit: strategy sampled 5 clients (out of 50)
[2024-10-08 06:56:59,226][flwr][INFO] - aggregate_fit: received 5 results and 0 failures
[2024-10-08 06:57:09,462][flwr][INFO] - fit progress: (61, 135.9536228775978, {'accuracy': 0.5346389944460684}, 1510.1420777384192)
[2024-10-08 06:57:09,462][flwr][INFO] - configure_evaluate: strategy sampled 2 clients (out of 50)
[2024-10-08 06:57:11,120][flwr][INFO] - aggregate_evaluate: received 2 results and 0 failures
[2024-10-08 06:57:11,120][flwr][INFO] - 
[2024-10-08 06:57:11,120][flwr][INFO] - [ROUND 62]
[2024-10-08 06:57:11,120][flwr][INFO] - configure_fit: strategy sampled 5 clients (out of 50)
[2024-10-08 06:57:25,736][flwr][INFO] - aggregate_fit: received 5 results and 0 failures
[2024-10-08 06:57:36,652][flwr][INFO] - fit progress: (62, 197.72474241256714, {'accuracy': 0.41479099678456594}, 1537.3319268934429)
[2024-10-08 06:57:36,653][flwr][INFO] - configure_evaluate: strategy sampled 2 clients (out of 50)
[2024-10-08 06:57:38,037][flwr][INFO] - aggregate_evaluate: received 2 results and 0 failures
[2024-10-08 06:57:38,038][flwr][INFO] - 
[2024-10-08 06:57:38,038][flwr][INFO] - [ROUND 63]
[2024-10-08 06:57:38,038][flwr][INFO] - configure_fit: strategy sampled 5 clients (out of 50)
[2024-10-08 06:57:45,142][flwr][INFO] - aggregate_fit: received 5 results and 0 failures
[2024-10-08 06:57:55,952][flwr][INFO] - fit progress: (63, 161.62749338150024, {'accuracy': 0.5232388190587548}, 1556.6323365923017)
[2024-10-08 06:57:55,953][flwr][INFO] - configure_evaluate: strategy sampled 2 clients (out of 50)
[2024-10-08 06:57:57,411][flwr][INFO] - aggregate_evaluate: received 2 results and 0 failures
[2024-10-08 06:57:57,412][flwr][INFO] - 
[2024-10-08 06:57:57,412][flwr][INFO] - [ROUND 64]
[2024-10-08 06:57:57,412][flwr][INFO] - configure_fit: strategy sampled 5 clients (out of 50)
[2024-10-08 06:58:09,646][flwr][INFO] - aggregate_fit: received 5 results and 0 failures
[2024-10-08 06:58:19,902][flwr][INFO] - fit progress: (64, 149.5264494419098, {'accuracy': 0.6176556562408653}, 1580.582469751127)
[2024-10-08 06:58:19,903][flwr][INFO] - configure_evaluate: strategy sampled 2 clients (out of 50)
[2024-10-08 06:58:21,444][flwr][INFO] - aggregate_evaluate: received 2 results and 0 failures
[2024-10-08 06:58:21,444][flwr][INFO] - 
[2024-10-08 06:58:21,445][flwr][INFO] - [ROUND 65]
[2024-10-08 06:58:21,445][flwr][INFO] - configure_fit: strategy sampled 5 clients (out of 50)
[2024-10-08 06:58:35,190][flwr][INFO] - aggregate_fit: received 5 results and 0 failures
[2024-10-08 06:58:46,290][flwr][INFO] - fit progress: (65, 146.74628233909607, {'accuracy': 0.7293189125986553}, 1606.9698131969199)
[2024-10-08 06:58:46,290][flwr][INFO] - configure_evaluate: strategy sampled 2 clients (out of 50)
[2024-10-08 06:58:47,856][flwr][INFO] - aggregate_evaluate: received 2 results and 0 failures
[2024-10-08 06:58:47,857][flwr][INFO] - 
[2024-10-08 06:58:47,857][flwr][INFO] - [ROUND 66]
[2024-10-08 06:58:47,857][flwr][INFO] - configure_fit: strategy sampled 5 clients (out of 50)
[2024-10-08 06:58:57,356][flwr][INFO] - aggregate_fit: received 5 results and 0 failures
[2024-10-08 06:59:08,114][flwr][INFO] - fit progress: (66, 79.9241136610508, {'accuracy': 0.7883659748611517}, 1628.7943930337206)
[2024-10-08 06:59:08,115][flwr][INFO] - configure_evaluate: strategy sampled 2 clients (out of 50)
[2024-10-08 06:59:09,464][flwr][INFO] - aggregate_evaluate: received 2 results and 0 failures
[2024-10-08 06:59:09,465][flwr][INFO] - 
[2024-10-08 06:59:09,465][flwr][INFO] - [ROUND 67]
[2024-10-08 06:59:09,465][flwr][INFO] - configure_fit: strategy sampled 5 clients (out of 50)
[2024-10-08 06:59:20,164][flwr][INFO] - aggregate_fit: received 5 results and 0 failures
[2024-10-08 06:59:30,640][flwr][INFO] - fit progress: (67, 137.37052595615387, {'accuracy': 0.7027185033615901}, 1651.3200973737985)
[2024-10-08 06:59:30,640][flwr][INFO] - configure_evaluate: strategy sampled 2 clients (out of 50)
[2024-10-08 06:59:32,281][flwr][INFO] - aggregate_evaluate: received 2 results and 0 failures
[2024-10-08 06:59:32,281][flwr][INFO] - 
[2024-10-08 06:59:32,281][flwr][INFO] - [ROUND 68]
[2024-10-08 06:59:32,281][flwr][INFO] - configure_fit: strategy sampled 5 clients (out of 50)
[2024-10-08 06:59:46,293][flwr][INFO] - aggregate_fit: received 5 results and 0 failures
[2024-10-08 06:59:57,140][flwr][INFO] - fit progress: (68, 123.44820040464401, {'accuracy': 0.6346097632271266}, 1677.8202382456511)
[2024-10-08 06:59:57,141][flwr][INFO] - configure_evaluate: strategy sampled 2 clients (out of 50)
[2024-10-08 06:59:58,830][flwr][INFO] - aggregate_evaluate: received 2 results and 0 failures
[2024-10-08 06:59:58,831][flwr][INFO] - 
[2024-10-08 06:59:58,831][flwr][INFO] - [ROUND 69]
[2024-10-08 06:59:58,831][flwr][INFO] - configure_fit: strategy sampled 5 clients (out of 50)
[2024-10-08 07:00:16,192][flwr][INFO] - aggregate_fit: received 5 results and 0 failures
[2024-10-08 07:00:26,445][flwr][INFO] - fit progress: (69, 105.43883144855499, {'accuracy': 0.6258403975445777}, 1707.1246052645147)
[2024-10-08 07:00:26,445][flwr][INFO] - configure_evaluate: strategy sampled 2 clients (out of 50)
[2024-10-08 07:00:28,082][flwr][INFO] - aggregate_evaluate: received 2 results and 0 failures
[2024-10-08 07:00:28,082][flwr][INFO] - 
[2024-10-08 07:00:28,082][flwr][INFO] - [ROUND 70]
[2024-10-08 07:00:28,082][flwr][INFO] - configure_fit: strategy sampled 5 clients (out of 50)
[2024-10-08 07:00:38,974][flwr][INFO] - aggregate_fit: received 5 results and 0 failures
[2024-10-08 07:00:49,961][flwr][INFO] - fit progress: (70, 169.32730323076248, {'accuracy': 0.4410990938322128}, 1730.6409121192992)
[2024-10-08 07:00:49,961][flwr][INFO] - configure_evaluate: strategy sampled 2 clients (out of 50)
[2024-10-08 07:00:51,305][flwr][INFO] - aggregate_evaluate: received 2 results and 0 failures
[2024-10-08 07:00:51,305][flwr][INFO] - 
[2024-10-08 07:00:51,305][flwr][INFO] - [ROUND 71]
[2024-10-08 07:00:51,305][flwr][INFO] - configure_fit: strategy sampled 5 clients (out of 50)
[2024-10-08 07:01:01,467][flwr][INFO] - aggregate_fit: received 5 results and 0 failures
[2024-10-08 07:01:12,468][flwr][INFO] - fit progress: (71, 182.39236450195312, {'accuracy': 0.49751534638994444}, 1753.1484765559435)
[2024-10-08 07:01:12,469][flwr][INFO] - configure_evaluate: strategy sampled 2 clients (out of 50)
[2024-10-08 07:01:14,267][flwr][INFO] - aggregate_evaluate: received 2 results and 0 failures
[2024-10-08 07:01:14,267][flwr][INFO] - 
[2024-10-08 07:01:14,267][flwr][INFO] - [ROUND 72]
[2024-10-08 07:01:14,267][flwr][INFO] - configure_fit: strategy sampled 5 clients (out of 50)
[2024-10-08 07:01:27,023][flwr][INFO] - aggregate_fit: received 5 results and 0 failures
[2024-10-08 07:01:37,684][flwr][INFO] - fit progress: (72, 136.86009109020233, {'accuracy': 0.5510084770534931}, 1778.363967506215)
[2024-10-08 07:01:37,684][flwr][INFO] - configure_evaluate: strategy sampled 2 clients (out of 50)
[2024-10-08 07:01:39,316][flwr][INFO] - aggregate_evaluate: received 2 results and 0 failures
[2024-10-08 07:01:39,316][flwr][INFO] - 
[2024-10-08 07:01:39,316][flwr][INFO] - [ROUND 73]
[2024-10-08 07:01:39,316][flwr][INFO] - configure_fit: strategy sampled 5 clients (out of 50)
[2024-10-08 07:01:50,573][flwr][INFO] - aggregate_fit: received 5 results and 0 failures
[2024-10-08 07:02:00,646][flwr][INFO] - fit progress: (73, 128.54202109575272, {'accuracy': 0.701549254603917}, 1801.3258881419897)
[2024-10-08 07:02:00,646][flwr][INFO] - configure_evaluate: strategy sampled 2 clients (out of 50)
[2024-10-08 07:02:02,070][flwr][INFO] - aggregate_evaluate: received 2 results and 0 failures
[2024-10-08 07:02:02,071][flwr][INFO] - 
[2024-10-08 07:02:02,071][flwr][INFO] - [ROUND 74]
[2024-10-08 07:02:02,071][flwr][INFO] - configure_fit: strategy sampled 5 clients (out of 50)
[2024-10-08 07:02:17,048][flwr][INFO] - aggregate_fit: received 5 results and 0 failures
[2024-10-08 07:02:27,399][flwr][INFO] - fit progress: (74, 155.08834648132324, {'accuracy': 0.6030400467699503}, 1828.0791083844379)
[2024-10-08 07:02:27,400][flwr][INFO] - configure_evaluate: strategy sampled 2 clients (out of 50)
[2024-10-08 07:02:28,786][flwr][INFO] - aggregate_evaluate: received 2 results and 0 failures
[2024-10-08 07:02:28,787][flwr][INFO] - 
[2024-10-08 07:02:28,787][flwr][INFO] - [ROUND 75]
[2024-10-08 07:02:28,787][flwr][INFO] - configure_fit: strategy sampled 5 clients (out of 50)
[2024-10-08 07:02:39,255][flwr][INFO] - aggregate_fit: received 5 results and 0 failures
[2024-10-08 07:02:50,001][flwr][INFO] - fit progress: (75, 160.36723852157593, {'accuracy': 0.6305173925752704}, 1850.681518617086)
[2024-10-08 07:02:50,002][flwr][INFO] - configure_evaluate: strategy sampled 2 clients (out of 50)
[2024-10-08 07:02:51,467][flwr][INFO] - aggregate_evaluate: received 2 results and 0 failures
[2024-10-08 07:02:51,468][flwr][INFO] - 
[2024-10-08 07:02:51,468][flwr][INFO] - [ROUND 76]
[2024-10-08 07:02:51,468][flwr][INFO] - configure_fit: strategy sampled 5 clients (out of 50)
[2024-10-08 07:03:04,562][flwr][INFO] - aggregate_fit: received 5 results and 0 failures
[2024-10-08 07:03:14,566][flwr][INFO] - fit progress: (76, 143.2098788022995, {'accuracy': 0.6384098216895645}, 1875.2459165761247)
[2024-10-08 07:03:14,566][flwr][INFO] - configure_evaluate: strategy sampled 2 clients (out of 50)
[2024-10-08 07:03:16,030][flwr][INFO] - aggregate_evaluate: received 2 results and 0 failures
[2024-10-08 07:03:16,030][flwr][INFO] - 
[2024-10-08 07:03:16,031][flwr][INFO] - [ROUND 77]
[2024-10-08 07:03:16,031][flwr][INFO] - configure_fit: strategy sampled 5 clients (out of 50)
[2024-10-08 07:03:24,822][flwr][INFO] - aggregate_fit: received 5 results and 0 failures
[2024-10-08 07:03:35,515][flwr][INFO] - fit progress: (77, 156.18351835012436, {'accuracy': 0.49926921952645426}, 1896.1949703218415)
[2024-10-08 07:03:35,515][flwr][INFO] - configure_evaluate: strategy sampled 2 clients (out of 50)
[2024-10-08 07:03:37,156][flwr][INFO] - aggregate_evaluate: received 2 results and 0 failures
[2024-10-08 07:03:37,156][flwr][INFO] - 
[2024-10-08 07:03:37,156][flwr][INFO] - [ROUND 78]
[2024-10-08 07:03:37,156][flwr][INFO] - configure_fit: strategy sampled 5 clients (out of 50)
[2024-10-08 07:03:51,463][flwr][INFO] - aggregate_fit: received 5 results and 0 failures
[2024-10-08 07:04:01,643][flwr][INFO] - fit progress: (78, 122.2560498714447, {'accuracy': 0.7313650979245835}, 1922.3232560846955)
[2024-10-08 07:04:01,644][flwr][INFO] - configure_evaluate: strategy sampled 2 clients (out of 50)
[2024-10-08 07:04:03,108][flwr][INFO] - aggregate_evaluate: received 2 results and 0 failures
[2024-10-08 07:04:03,109][flwr][INFO] - 
[2024-10-08 07:04:03,109][flwr][INFO] - [ROUND 79]
[2024-10-08 07:04:03,109][flwr][INFO] - configure_fit: strategy sampled 5 clients (out of 50)
[2024-10-08 07:04:20,152][flwr][INFO] - aggregate_fit: received 5 results and 0 failures
[2024-10-08 07:04:30,995][flwr][INFO] - fit progress: (79, 123.09298408031464, {'accuracy': 0.6904413914060217}, 1951.6749863410369)
[2024-10-08 07:04:30,996][flwr][INFO] - configure_evaluate: strategy sampled 2 clients (out of 50)
[2024-10-08 07:04:32,639][flwr][INFO] - aggregate_evaluate: received 2 results and 0 failures
[2024-10-08 07:04:32,640][flwr][INFO] - 
[2024-10-08 07:04:32,640][flwr][INFO] - [ROUND 80]
[2024-10-08 07:04:32,640][flwr][INFO] - configure_fit: strategy sampled 5 clients (out of 50)
[2024-10-08 07:04:47,269][flwr][INFO] - aggregate_fit: received 5 results and 0 failures
[2024-10-08 07:04:57,732][flwr][INFO] - fit progress: (80, 202.6262320280075, {'accuracy': 0.43525285004384684}, 1978.4118550019339)
[2024-10-08 07:04:57,733][flwr][INFO] - configure_evaluate: strategy sampled 2 clients (out of 50)
[2024-10-08 07:04:59,064][flwr][INFO] - aggregate_evaluate: received 2 results and 0 failures
[2024-10-08 07:04:59,064][flwr][INFO] - 
[2024-10-08 07:04:59,064][flwr][INFO] - [ROUND 81]
[2024-10-08 07:04:59,064][flwr][INFO] - configure_fit: strategy sampled 5 clients (out of 50)
[2024-10-08 07:05:07,949][flwr][INFO] - aggregate_fit: received 5 results and 0 failures
[2024-10-08 07:05:18,814][flwr][INFO] - fit progress: (81, 153.67899370193481, {'accuracy': 0.6723180356620871}, 1999.4937033932656)
[2024-10-08 07:05:18,814][flwr][INFO] - configure_evaluate: strategy sampled 2 clients (out of 50)
[2024-10-08 07:05:20,537][flwr][INFO] - aggregate_evaluate: received 2 results and 0 failures
[2024-10-08 07:05:20,537][flwr][INFO] - 
[2024-10-08 07:05:20,537][flwr][INFO] - [ROUND 82]
[2024-10-08 07:05:20,537][flwr][INFO] - configure_fit: strategy sampled 5 clients (out of 50)
[2024-10-08 07:05:32,273][flwr][INFO] - aggregate_fit: received 5 results and 0 failures
[2024-10-08 07:05:42,811][flwr][INFO] - fit progress: (82, 134.27846598625183, {'accuracy': 0.7231803566208711}, 2023.4909754656255)
[2024-10-08 07:05:42,811][flwr][INFO] - configure_evaluate: strategy sampled 2 clients (out of 50)
[2024-10-08 07:05:44,167][flwr][INFO] - aggregate_evaluate: received 2 results and 0 failures
[2024-10-08 07:05:44,168][flwr][INFO] - 
[2024-10-08 07:05:44,168][flwr][INFO] - [ROUND 83]
[2024-10-08 07:05:44,168][flwr][INFO] - configure_fit: strategy sampled 5 clients (out of 50)
[2024-10-08 07:05:56,516][flwr][INFO] - aggregate_fit: received 5 results and 0 failures
[2024-10-08 07:06:07,591][flwr][INFO] - fit progress: (83, 162.42905509471893, {'accuracy': 0.6220403390821397}, 2048.271349695511)
[2024-10-08 07:06:07,592][flwr][INFO] - configure_evaluate: strategy sampled 2 clients (out of 50)
[2024-10-08 07:06:09,206][flwr][INFO] - aggregate_evaluate: received 2 results and 0 failures
[2024-10-08 07:06:09,207][flwr][INFO] - 
[2024-10-08 07:06:09,207][flwr][INFO] - [ROUND 84]
[2024-10-08 07:06:09,207][flwr][INFO] - configure_fit: strategy sampled 5 clients (out of 50)
[2024-10-08 07:06:18,173][flwr][INFO] - aggregate_fit: received 5 results and 0 failures
[2024-10-08 07:06:28,776][flwr][INFO] - fit progress: (84, 124.63364017009735, {'accuracy': 0.49459222449576146}, 2069.455875863321)
[2024-10-08 07:06:28,776][flwr][INFO] - configure_evaluate: strategy sampled 2 clients (out of 50)
[2024-10-08 07:06:30,392][flwr][INFO] - aggregate_evaluate: received 2 results and 0 failures
[2024-10-08 07:06:30,393][flwr][INFO] - 
[2024-10-08 07:06:30,393][flwr][INFO] - [ROUND 85]
[2024-10-08 07:06:30,393][flwr][INFO] - configure_fit: strategy sampled 5 clients (out of 50)
[2024-10-08 07:06:40,579][flwr][INFO] - aggregate_fit: received 5 results and 0 failures
[2024-10-08 07:06:51,353][flwr][INFO] - fit progress: (85, 76.0189905166626, {'accuracy': 0.805320081847413}, 2092.0328016942367)
[2024-10-08 07:06:51,354][flwr][INFO] - configure_evaluate: strategy sampled 2 clients (out of 50)
[2024-10-08 07:06:52,825][flwr][INFO] - aggregate_evaluate: received 2 results and 0 failures
[2024-10-08 07:06:52,826][flwr][INFO] - 
[2024-10-08 07:06:52,826][flwr][INFO] - [ROUND 86]
[2024-10-08 07:06:52,826][flwr][INFO] - configure_fit: strategy sampled 5 clients (out of 50)
[2024-10-08 07:07:04,059][flwr][INFO] - aggregate_fit: received 5 results and 0 failures
[2024-10-08 07:07:15,329][flwr][INFO] - fit progress: (86, 156.88037312030792, {'accuracy': 0.4717918737211342}, 2116.008664830588)
[2024-10-08 07:07:15,329][flwr][INFO] - configure_evaluate: strategy sampled 2 clients (out of 50)
[2024-10-08 07:07:16,790][flwr][INFO] - aggregate_evaluate: received 2 results and 0 failures
[2024-10-08 07:07:16,790][flwr][INFO] - 
[2024-10-08 07:07:16,790][flwr][INFO] - [ROUND 87]
[2024-10-08 07:07:16,791][flwr][INFO] - configure_fit: strategy sampled 5 clients (out of 50)
[2024-10-08 07:07:27,342][flwr][INFO] - aggregate_fit: received 5 results and 0 failures
[2024-10-08 07:07:36,599][flwr][INFO] - fit progress: (87, 173.44323182106018, {'accuracy': 0.47559193218357204}, 2137.2793397018686)
[2024-10-08 07:07:36,600][flwr][INFO] - configure_evaluate: strategy sampled 2 clients (out of 50)
[2024-10-08 07:07:38,285][flwr][INFO] - aggregate_evaluate: received 2 results and 0 failures
[2024-10-08 07:07:38,286][flwr][INFO] - 
[2024-10-08 07:07:38,286][flwr][INFO] - [ROUND 88]
[2024-10-08 07:07:38,286][flwr][INFO] - configure_fit: strategy sampled 5 clients (out of 50)
[2024-10-08 07:07:55,704][flwr][INFO] - aggregate_fit: received 5 results and 0 failures
[2024-10-08 07:08:06,432][flwr][INFO] - fit progress: (88, 163.5848387479782, {'accuracy': 0.6579947383805904}, 2167.1116772098467)
[2024-10-08 07:08:06,432][flwr][INFO] - configure_evaluate: strategy sampled 2 clients (out of 50)
[2024-10-08 07:08:08,084][flwr][INFO] - aggregate_evaluate: received 2 results and 0 failures
[2024-10-08 07:08:08,084][flwr][INFO] - 
[2024-10-08 07:08:08,084][flwr][INFO] - [ROUND 89]
[2024-10-08 07:08:08,085][flwr][INFO] - configure_fit: strategy sampled 5 clients (out of 50)
[2024-10-08 07:08:18,935][flwr][INFO] - aggregate_fit: received 5 results and 0 failures
[2024-10-08 07:08:29,306][flwr][INFO] - fit progress: (89, 131.32888293266296, {'accuracy': 0.8000584624378837}, 2189.9866132121533)
[2024-10-08 07:08:29,307][flwr][INFO] - configure_evaluate: strategy sampled 2 clients (out of 50)
[2024-10-08 07:08:30,852][flwr][INFO] - aggregate_evaluate: received 2 results and 0 failures
[2024-10-08 07:08:30,852][flwr][INFO] - 
[2024-10-08 07:08:30,852][flwr][INFO] - [ROUND 90]
[2024-10-08 07:08:30,852][flwr][INFO] - configure_fit: strategy sampled 5 clients (out of 50)
[2024-10-08 07:08:46,793][flwr][INFO] - aggregate_fit: received 5 results and 0 failures
[2024-10-08 07:08:56,812][flwr][INFO] - fit progress: (90, 139.3561544418335, {'accuracy': 0.5325928091201403}, 2217.491637825966)
[2024-10-08 07:08:56,812][flwr][INFO] - configure_evaluate: strategy sampled 2 clients (out of 50)
[2024-10-08 07:08:58,415][flwr][INFO] - aggregate_evaluate: received 2 results and 0 failures
[2024-10-08 07:08:58,415][flwr][INFO] - 
[2024-10-08 07:08:58,415][flwr][INFO] - [ROUND 91]
[2024-10-08 07:08:58,416][flwr][INFO] - configure_fit: strategy sampled 5 clients (out of 50)
[2024-10-08 07:09:13,192][flwr][INFO] - aggregate_fit: received 5 results and 0 failures
[2024-10-08 07:09:23,583][flwr][INFO] - fit progress: (91, 165.8639544248581, {'accuracy': 0.6948260742472961}, 2244.2634070776403)
[2024-10-08 07:09:23,584][flwr][INFO] - configure_evaluate: strategy sampled 2 clients (out of 50)
[2024-10-08 07:09:25,378][flwr][INFO] - aggregate_evaluate: received 2 results and 0 failures
[2024-10-08 07:09:25,379][flwr][INFO] - 
[2024-10-08 07:09:25,379][flwr][INFO] - [ROUND 92]
[2024-10-08 07:09:25,379][flwr][INFO] - configure_fit: strategy sampled 5 clients (out of 50)
[2024-10-08 07:09:41,304][flwr][INFO] - aggregate_fit: received 5 results and 0 failures
[2024-10-08 07:09:51,532][flwr][INFO] - fit progress: (92, 66.88933610916138, {'accuracy': 0.8009353990061385}, 2272.2124857846648)
[2024-10-08 07:09:51,533][flwr][INFO] - configure_evaluate: strategy sampled 2 clients (out of 50)
[2024-10-08 07:09:53,456][flwr][INFO] - aggregate_evaluate: received 2 results and 0 failures
[2024-10-08 07:09:53,457][flwr][INFO] - 
[2024-10-08 07:09:53,457][flwr][INFO] - [ROUND 93]
[2024-10-08 07:09:53,457][flwr][INFO] - configure_fit: strategy sampled 5 clients (out of 50)
[2024-10-08 07:10:07,720][flwr][INFO] - aggregate_fit: received 5 results and 0 failures
[2024-10-08 07:10:17,994][flwr][INFO] - fit progress: (93, 125.26327210664749, {'accuracy': 0.6626717334112833}, 2298.674052670598)
[2024-10-08 07:10:17,995][flwr][INFO] - configure_evaluate: strategy sampled 2 clients (out of 50)
[2024-10-08 07:10:19,472][flwr][INFO] - aggregate_evaluate: received 2 results and 0 failures
[2024-10-08 07:10:19,473][flwr][INFO] - 
[2024-10-08 07:10:19,473][flwr][INFO] - [ROUND 94]
[2024-10-08 07:10:19,473][flwr][INFO] - configure_fit: strategy sampled 5 clients (out of 50)
[2024-10-08 07:10:36,422][flwr][INFO] - aggregate_fit: received 5 results and 0 failures
[2024-10-08 07:10:46,890][flwr][INFO] - fit progress: (94, 116.94257950782776, {'accuracy': 0.7398421514177141}, 2327.5705887498334)
[2024-10-08 07:10:46,891][flwr][INFO] - configure_evaluate: strategy sampled 2 clients (out of 50)
[2024-10-08 07:10:48,520][flwr][INFO] - aggregate_evaluate: received 2 results and 0 failures
[2024-10-08 07:10:48,520][flwr][INFO] - 
[2024-10-08 07:10:48,520][flwr][INFO] - [ROUND 95]
[2024-10-08 07:10:48,520][flwr][INFO] - configure_fit: strategy sampled 5 clients (out of 50)
[2024-10-08 07:11:03,438][flwr][INFO] - aggregate_fit: received 5 results and 0 failures
[2024-10-08 07:11:14,639][flwr][INFO] - fit progress: (95, 142.479478597641, {'accuracy': 0.6407483192049108}, 2355.319271144457)
[2024-10-08 07:11:14,640][flwr][INFO] - configure_evaluate: strategy sampled 2 clients (out of 50)
[2024-10-08 07:11:16,649][flwr][INFO] - aggregate_evaluate: received 2 results and 0 failures
[2024-10-08 07:11:16,649][flwr][INFO] - 
[2024-10-08 07:11:16,650][flwr][INFO] - [ROUND 96]
[2024-10-08 07:11:16,650][flwr][INFO] - configure_fit: strategy sampled 5 clients (out of 50)
[2024-10-08 07:11:30,622][flwr][INFO] - aggregate_fit: received 5 results and 0 failures
[2024-10-08 07:11:41,683][flwr][INFO] - fit progress: (96, 90.84865546226501, {'accuracy': 0.780765857936276}, 2382.362950936891)
[2024-10-08 07:11:41,684][flwr][INFO] - configure_evaluate: strategy sampled 2 clients (out of 50)
[2024-10-08 07:11:43,194][flwr][INFO] - aggregate_evaluate: received 2 results and 0 failures
[2024-10-08 07:11:43,194][flwr][INFO] - 
[2024-10-08 07:11:43,194][flwr][INFO] - [ROUND 97]
[2024-10-08 07:11:43,194][flwr][INFO] - configure_fit: strategy sampled 5 clients (out of 50)
[2024-10-08 07:11:59,159][flwr][INFO] - aggregate_fit: received 5 results and 0 failures
[2024-10-08 07:12:09,677][flwr][INFO] - fit progress: (97, 72.66363295912743, {'accuracy': 0.7904121601870798}, 2410.357594761066)
[2024-10-08 07:12:09,678][flwr][INFO] - configure_evaluate: strategy sampled 2 clients (out of 50)
[2024-10-08 07:12:11,095][flwr][INFO] - aggregate_evaluate: received 2 results and 0 failures
[2024-10-08 07:12:11,095][flwr][INFO] - 
[2024-10-08 07:12:11,095][flwr][INFO] - [ROUND 98]
[2024-10-08 07:12:11,095][flwr][INFO] - configure_fit: strategy sampled 5 clients (out of 50)
[2024-10-08 07:12:22,575][flwr][INFO] - aggregate_fit: received 5 results and 0 failures
[2024-10-08 07:12:33,074][flwr][INFO] - fit progress: (98, 95.8590637743473, {'accuracy': 0.715287927506577}, 2433.754163966514)
[2024-10-08 07:12:33,075][flwr][INFO] - configure_evaluate: strategy sampled 2 clients (out of 50)
[2024-10-08 07:12:34,777][flwr][INFO] - aggregate_evaluate: received 2 results and 0 failures
[2024-10-08 07:12:34,777][flwr][INFO] - 
[2024-10-08 07:12:34,777][flwr][INFO] - [ROUND 99]
[2024-10-08 07:12:34,777][flwr][INFO] - configure_fit: strategy sampled 5 clients (out of 50)
[2024-10-08 07:12:46,966][flwr][INFO] - aggregate_fit: received 5 results and 0 failures
[2024-10-08 07:12:57,559][flwr][INFO] - fit progress: (99, 113.55136126279831, {'accuracy': 0.6115171002630809}, 2458.2387946825475)
[2024-10-08 07:12:57,559][flwr][INFO] - configure_evaluate: strategy sampled 2 clients (out of 50)
[2024-10-08 07:12:59,206][flwr][INFO] - aggregate_evaluate: received 2 results and 0 failures
[2024-10-08 07:12:59,206][flwr][INFO] - 
[2024-10-08 07:12:59,207][flwr][INFO] - [ROUND 100]
[2024-10-08 07:12:59,207][flwr][INFO] - configure_fit: strategy sampled 5 clients (out of 50)
[2024-10-08 07:13:10,904][flwr][INFO] - aggregate_fit: received 5 results and 0 failures
[2024-10-08 07:13:21,235][flwr][INFO] - fit progress: (100, 195.2473896741867, {'accuracy': 0.4124524992692195}, 2481.915424580686)
[2024-10-08 07:13:21,236][flwr][INFO] - configure_evaluate: strategy sampled 2 clients (out of 50)
[2024-10-08 07:13:22,872][flwr][INFO] - aggregate_evaluate: received 2 results and 0 failures
[2024-10-08 07:13:22,875][flwr][INFO] - 
[2024-10-08 07:13:22,875][flwr][INFO] - [SUMMARY]
[2024-10-08 07:13:22,875][flwr][INFO] - Run finished 100 round(s) in 2483.55s
[2024-10-08 07:13:22,878][flwr][INFO] - 	History (loss, distributed):
[2024-10-08 07:13:22,879][flwr][INFO] - 		round 1: 2.7011410875140496
[2024-10-08 07:13:22,879][flwr][INFO] - 		round 2: 3.5328630893788437
[2024-10-08 07:13:22,879][flwr][INFO] - 		round 3: 8.790352761745453
[2024-10-08 07:13:22,879][flwr][INFO] - 		round 4: 3.4175422361918857
[2024-10-08 07:13:22,879][flwr][INFO] - 		round 5: 1.8318579196929932
[2024-10-08 07:13:22,879][flwr][INFO] - 		round 6: 1.534814198062105
[2024-10-08 07:13:22,879][flwr][INFO] - 		round 7: 2.006434632384259
[2024-10-08 07:13:22,879][flwr][INFO] - 		round 8: 0.5491536855697632
[2024-10-08 07:13:22,880][flwr][INFO] - 		round 9: 1.7972534043448312
[2024-10-08 07:13:22,880][flwr][INFO] - 		round 10: 1.873043505238815
[2024-10-08 07:13:22,880][flwr][INFO] - 		round 11: 2.195590465299545
[2024-10-08 07:13:22,880][flwr][INFO] - 		round 12: 2.9351076954289486
[2024-10-08 07:13:22,880][flwr][INFO] - 		round 13: 1.937748755438853
[2024-10-08 07:13:22,880][flwr][INFO] - 		round 14: 2.619388090597617
[2024-10-08 07:13:22,880][flwr][INFO] - 		round 15: 1.0302934107872157
[2024-10-08 07:13:22,880][flwr][INFO] - 		round 16: 1.5544400400802738
[2024-10-08 07:13:22,880][flwr][INFO] - 		round 17: 1.0558671248264802
[2024-10-08 07:13:22,880][flwr][INFO] - 		round 18: 1.592473190171378
[2024-10-08 07:13:22,880][flwr][INFO] - 		round 19: 1.9027251899242401
[2024-10-08 07:13:22,880][flwr][INFO] - 		round 20: 1.9994037970900536
[2024-10-08 07:13:22,880][flwr][INFO] - 		round 21: 1.7655367306300571
[2024-10-08 07:13:22,880][flwr][INFO] - 		round 22: 1.496762486604544
[2024-10-08 07:13:22,880][flwr][INFO] - 		round 23: 1.653477090678803
[2024-10-08 07:13:22,880][flwr][INFO] - 		round 24: 1.3913703850337438
[2024-10-08 07:13:22,881][flwr][INFO] - 		round 25: 2.072672208150228
[2024-10-08 07:13:22,881][flwr][INFO] - 		round 26: 1.1943267870832373
[2024-10-08 07:13:22,881][flwr][INFO] - 		round 27: 2.220950965320363
[2024-10-08 07:13:22,881][flwr][INFO] - 		round 28: 1.8171262382024742
[2024-10-08 07:13:22,881][flwr][INFO] - 		round 29: 1.868943214416504
[2024-10-08 07:13:22,881][flwr][INFO] - 		round 30: 2.471930980682373
[2024-10-08 07:13:22,881][flwr][INFO] - 		round 31: 0.35190195507473415
[2024-10-08 07:13:22,881][flwr][INFO] - 		round 32: 3.957695180719549
[2024-10-08 07:13:22,881][flwr][INFO] - 		round 33: 0.8596582535435172
[2024-10-08 07:13:22,881][flwr][INFO] - 		round 34: 0.6750987619161606
[2024-10-08 07:13:22,881][flwr][INFO] - 		round 35: 2.188401222229004
[2024-10-08 07:13:22,881][flwr][INFO] - 		round 36: 1.8464036723400683
[2024-10-08 07:13:22,881][flwr][INFO] - 		round 37: 1.0071836742194924
[2024-10-08 07:13:22,881][flwr][INFO] - 		round 38: 1.0118479537963867
[2024-10-08 07:13:22,881][flwr][INFO] - 		round 39: 0.8775390442460775
[2024-10-08 07:13:22,881][flwr][INFO] - 		round 40: 2.2303567343744737
[2024-10-08 07:13:22,882][flwr][INFO] - 		round 41: 0.976041454076767
[2024-10-08 07:13:22,882][flwr][INFO] - 		round 42: 1.9854787313021147
[2024-10-08 07:13:22,882][flwr][INFO] - 		round 43: 2.115382512410482
[2024-10-08 07:13:22,882][flwr][INFO] - 		round 44: 1.7905446887016296
[2024-10-08 07:13:22,882][flwr][INFO] - 		round 45: 2.007008088959588
[2024-10-08 07:13:22,882][flwr][INFO] - 		round 46: 1.416125112109714
[2024-10-08 07:13:22,882][flwr][INFO] - 		round 47: 0.9985363943236215
[2024-10-08 07:13:22,882][flwr][INFO] - 		round 48: 1.7123704616163598
[2024-10-08 07:13:22,882][flwr][INFO] - 		round 49: 1.3605766112987812
[2024-10-08 07:13:22,882][flwr][INFO] - 		round 50: 0.6700933314859867
[2024-10-08 07:13:22,882][flwr][INFO] - 		round 51: 1.8085301876068116
[2024-10-08 07:13:22,882][flwr][INFO] - 		round 52: 0.49446920041115056
[2024-10-08 07:13:22,882][flwr][INFO] - 		round 53: 1.5784030342102051
[2024-10-08 07:13:22,882][flwr][INFO] - 		round 54: 1.7780590057373047
[2024-10-08 07:13:22,882][flwr][INFO] - 		round 55: 1.4726057989256722
[2024-10-08 07:13:22,882][flwr][INFO] - 		round 56: 0.7973130318251523
[2024-10-08 07:13:22,883][flwr][INFO] - 		round 57: 0.42757467988511205
[2024-10-08 07:13:22,883][flwr][INFO] - 		round 58: 1.7466480933444601
[2024-10-08 07:13:22,883][flwr][INFO] - 		round 59: 1.6654391001010764
[2024-10-08 07:13:22,883][flwr][INFO] - 		round 60: 1.5688937695130059
[2024-10-08 07:13:22,883][flwr][INFO] - 		round 61: 1.0633267645652478
[2024-10-08 07:13:22,883][flwr][INFO] - 		round 62: 1.795185047846574
[2024-10-08 07:13:22,883][flwr][INFO] - 		round 63: 1.517768919467926
[2024-10-08 07:13:22,883][flwr][INFO] - 		round 64: 1.4679161495632596
[2024-10-08 07:13:22,883][flwr][INFO] - 		round 65: 1.5304780108588083
[2024-10-08 07:13:22,883][flwr][INFO] - 		round 66: 0.5822898123575293
[2024-10-08 07:13:22,883][flwr][INFO] - 		round 67: 1.5685931165167626
[2024-10-08 07:13:22,883][flwr][INFO] - 		round 68: 0.6907363506880674
[2024-10-08 07:13:22,883][flwr][INFO] - 		round 69: 0.9828335453163494
[2024-10-08 07:13:22,883][flwr][INFO] - 		round 70: 1.8329256474971771
[2024-10-08 07:13:22,883][flwr][INFO] - 		round 71: 1.782724974811941
[2024-10-08 07:13:22,883][flwr][INFO] - 		round 72: 1.4285951375961303
[2024-10-08 07:13:22,884][flwr][INFO] - 		round 73: 1.2366736067665949
[2024-10-08 07:13:22,884][flwr][INFO] - 		round 74: 1.4472016648548405
[2024-10-08 07:13:22,884][flwr][INFO] - 		round 75: 1.1677413775640375
[2024-10-08 07:13:22,884][flwr][INFO] - 		round 76: 1.0130743066469827
[2024-10-08 07:13:22,884][flwr][INFO] - 		round 77: 1.5016263572649025
[2024-10-08 07:13:22,884][flwr][INFO] - 		round 78: 0.9529004169673454
[2024-10-08 07:13:22,884][flwr][INFO] - 		round 79: 1.1405102908611298
[2024-10-08 07:13:22,884][flwr][INFO] - 		round 80: 1.8129754568401135
[2024-10-08 07:13:22,884][flwr][INFO] - 		round 81: 1.483971529536777
[2024-10-08 07:13:22,884][flwr][INFO] - 		round 82: 1.3538640066981316
[2024-10-08 07:13:22,884][flwr][INFO] - 		round 83: 1.4697364498587215
[2024-10-08 07:13:22,884][flwr][INFO] - 		round 84: 0.2984925563830663
[2024-10-08 07:13:22,884][flwr][INFO] - 		round 85: 0.5290689608630013
[2024-10-08 07:13:22,884][flwr][INFO] - 		round 86: 1.5002219957463883
[2024-10-08 07:13:22,884][flwr][INFO] - 		round 87: 1.2667253911495209
[2024-10-08 07:13:22,884][flwr][INFO] - 		round 88: 1.5873500059560401
[2024-10-08 07:13:22,884][flwr][INFO] - 		round 89: 1.142949067056179
[2024-10-08 07:13:22,885][flwr][INFO] - 		round 90: 1.2884279489517212
[2024-10-08 07:13:22,885][flwr][INFO] - 		round 91: 1.5765495733781294
[2024-10-08 07:13:22,885][flwr][INFO] - 		round 92: 0.4300253681234411
[2024-10-08 07:13:22,885][flwr][INFO] - 		round 93: 0.9810555318127507
[2024-10-08 07:13:22,885][flwr][INFO] - 		round 94: 1.3910410509833806
[2024-10-08 07:13:22,885][flwr][INFO] - 		round 95: 1.583788550726258
[2024-10-08 07:13:22,885][flwr][INFO] - 		round 96: 1.1884011312534934
[2024-10-08 07:13:22,885][flwr][INFO] - 		round 97: 1.0872576236724854
[2024-10-08 07:13:22,885][flwr][INFO] - 		round 98: 1.1513126134872436
[2024-10-08 07:13:22,885][flwr][INFO] - 		round 99: 1.0979073802127113
[2024-10-08 07:13:22,885][flwr][INFO] - 		round 100: 1.6483242213726044
[2024-10-08 07:13:22,885][flwr][INFO] - 	History (loss, centralized):
[2024-10-08 07:13:22,885][flwr][INFO] - 		round 0: 229.20237159729004
[2024-10-08 07:13:22,885][flwr][INFO] - 		round 1: 269.45272994041443
[2024-10-08 07:13:22,885][flwr][INFO] - 		round 2: 456.0981709957123
[2024-10-08 07:13:22,885][flwr][INFO] - 		round 3: 725.8654007911682
[2024-10-08 07:13:22,886][flwr][INFO] - 		round 4: 260.95791804790497
[2024-10-08 07:13:22,886][flwr][INFO] - 		round 5: 173.14418160915375
[2024-10-08 07:13:22,886][flwr][INFO] - 		round 6: 164.15255999565125
[2024-10-08 07:13:22,886][flwr][INFO] - 		round 7: 194.65511965751648
[2024-10-08 07:13:22,886][flwr][INFO] - 		round 8: 145.58732801675797
[2024-10-08 07:13:22,886][flwr][INFO] - 		round 9: 199.53859412670135
[2024-10-08 07:13:22,886][flwr][INFO] - 		round 10: 199.98537528514862
[2024-10-08 07:13:22,886][flwr][INFO] - 		round 11: 139.6240816116333
[2024-10-08 07:13:22,886][flwr][INFO] - 		round 12: 228.69990527629852
[2024-10-08 07:13:22,886][flwr][INFO] - 		round 13: 113.83907091617584
[2024-10-08 07:13:22,886][flwr][INFO] - 		round 14: 254.55017924308777
[2024-10-08 07:13:22,886][flwr][INFO] - 		round 15: 111.92260521650314
[2024-10-08 07:13:22,886][flwr][INFO] - 		round 16: 179.56522977352142
[2024-10-08 07:13:22,886][flwr][INFO] - 		round 17: 118.22288858890533
[2024-10-08 07:13:22,886][flwr][INFO] - 		round 18: 138.6260604262352
[2024-10-08 07:13:22,886][flwr][INFO] - 		round 19: 180.76971924304962
[2024-10-08 07:13:22,887][flwr][INFO] - 		round 20: 206.16375768184662
[2024-10-08 07:13:22,887][flwr][INFO] - 		round 21: 200.19549179077148
[2024-10-08 07:13:22,887][flwr][INFO] - 		round 22: 184.4255324602127
[2024-10-08 07:13:22,887][flwr][INFO] - 		round 23: 180.29825735092163
[2024-10-08 07:13:22,887][flwr][INFO] - 		round 24: 139.45630085468292
[2024-10-08 07:13:22,887][flwr][INFO] - 		round 25: 222.17952418327332
[2024-10-08 07:13:22,887][flwr][INFO] - 		round 26: 191.93088817596436
[2024-10-08 07:13:22,887][flwr][INFO] - 		round 27: 225.98707818984985
[2024-10-08 07:13:22,887][flwr][INFO] - 		round 28: 206.09023702144623
[2024-10-08 07:13:22,887][flwr][INFO] - 		round 29: 194.07098531723022
[2024-10-08 07:13:22,887][flwr][INFO] - 		round 30: 187.13000869750977
[2024-10-08 07:13:22,887][flwr][INFO] - 		round 31: 85.68827855587006
[2024-10-08 07:13:22,887][flwr][INFO] - 		round 32: 240.0741913318634
[2024-10-08 07:13:22,887][flwr][INFO] - 		round 33: 138.6364807486534
[2024-10-08 07:13:22,887][flwr][INFO] - 		round 34: 125.73736613988876
[2024-10-08 07:13:22,887][flwr][INFO] - 		round 35: 194.48353254795074
[2024-10-08 07:13:22,888][flwr][INFO] - 		round 36: 179.10281789302826
[2024-10-08 07:13:22,888][flwr][INFO] - 		round 37: 107.97601300477982
[2024-10-08 07:13:22,888][flwr][INFO] - 		round 38: 122.19767791032791
[2024-10-08 07:13:22,888][flwr][INFO] - 		round 39: 93.68138509988785
[2024-10-08 07:13:22,888][flwr][INFO] - 		round 40: 137.34707939624786
[2024-10-08 07:13:22,888][flwr][INFO] - 		round 41: 118.73487824201584
[2024-10-08 07:13:22,888][flwr][INFO] - 		round 42: 186.22455978393555
[2024-10-08 07:13:22,888][flwr][INFO] - 		round 43: 197.44790256023407
[2024-10-08 07:13:22,888][flwr][INFO] - 		round 44: 188.52693736553192
[2024-10-08 07:13:22,888][flwr][INFO] - 		round 45: 192.9640041589737
[2024-10-08 07:13:22,888][flwr][INFO] - 		round 46: 130.29886931180954
[2024-10-08 07:13:22,888][flwr][INFO] - 		round 47: 126.76777935028076
[2024-10-08 07:13:22,888][flwr][INFO] - 		round 48: 125.60070288181305
[2024-10-08 07:13:22,888][flwr][INFO] - 		round 49: 159.21288061141968
[2024-10-08 07:13:22,888][flwr][INFO] - 		round 50: 163.86501520872116
[2024-10-08 07:13:22,888][flwr][INFO] - 		round 51: 113.74808764457703
[2024-10-08 07:13:22,888][flwr][INFO] - 		round 52: 111.34368044137955
[2024-10-08 07:13:22,889][flwr][INFO] - 		round 53: 147.1855458021164
[2024-10-08 07:13:22,889][flwr][INFO] - 		round 54: 205.47768676280975
[2024-10-08 07:13:22,889][flwr][INFO] - 		round 55: 170.91685211658478
[2024-10-08 07:13:22,889][flwr][INFO] - 		round 56: 90.31578353047371
[2024-10-08 07:13:22,889][flwr][INFO] - 		round 57: 54.747068375349045
[2024-10-08 07:13:22,889][flwr][INFO] - 		round 58: 161.19632852077484
[2024-10-08 07:13:22,889][flwr][INFO] - 		round 59: 151.6202598810196
[2024-10-08 07:13:22,889][flwr][INFO] - 		round 60: 160.10831558704376
[2024-10-08 07:13:22,889][flwr][INFO] - 		round 61: 135.9536228775978
[2024-10-08 07:13:22,889][flwr][INFO] - 		round 62: 197.72474241256714
[2024-10-08 07:13:22,889][flwr][INFO] - 		round 63: 161.62749338150024
[2024-10-08 07:13:22,889][flwr][INFO] - 		round 64: 149.5264494419098
[2024-10-08 07:13:22,889][flwr][INFO] - 		round 65: 146.74628233909607
[2024-10-08 07:13:22,889][flwr][INFO] - 		round 66: 79.9241136610508
[2024-10-08 07:13:22,889][flwr][INFO] - 		round 67: 137.37052595615387
[2024-10-08 07:13:22,889][flwr][INFO] - 		round 68: 123.44820040464401
[2024-10-08 07:13:22,890][flwr][INFO] - 		round 69: 105.43883144855499
[2024-10-08 07:13:22,890][flwr][INFO] - 		round 70: 169.32730323076248
[2024-10-08 07:13:22,890][flwr][INFO] - 		round 71: 182.39236450195312
[2024-10-08 07:13:22,890][flwr][INFO] - 		round 72: 136.86009109020233
[2024-10-08 07:13:22,890][flwr][INFO] - 		round 73: 128.54202109575272
[2024-10-08 07:13:22,890][flwr][INFO] - 		round 74: 155.08834648132324
[2024-10-08 07:13:22,890][flwr][INFO] - 		round 75: 160.36723852157593
[2024-10-08 07:13:22,890][flwr][INFO] - 		round 76: 143.2098788022995
[2024-10-08 07:13:22,890][flwr][INFO] - 		round 77: 156.18351835012436
[2024-10-08 07:13:22,890][flwr][INFO] - 		round 78: 122.2560498714447
[2024-10-08 07:13:22,890][flwr][INFO] - 		round 79: 123.09298408031464
[2024-10-08 07:13:22,890][flwr][INFO] - 		round 80: 202.6262320280075
[2024-10-08 07:13:22,890][flwr][INFO] - 		round 81: 153.67899370193481
[2024-10-08 07:13:22,890][flwr][INFO] - 		round 82: 134.27846598625183
[2024-10-08 07:13:22,890][flwr][INFO] - 		round 83: 162.42905509471893
[2024-10-08 07:13:22,890][flwr][INFO] - 		round 84: 124.63364017009735
[2024-10-08 07:13:22,890][flwr][INFO] - 		round 85: 76.0189905166626
[2024-10-08 07:13:22,891][flwr][INFO] - 		round 86: 156.88037312030792
[2024-10-08 07:13:22,891][flwr][INFO] - 		round 87: 173.44323182106018
[2024-10-08 07:13:22,891][flwr][INFO] - 		round 88: 163.5848387479782
[2024-10-08 07:13:22,891][flwr][INFO] - 		round 89: 131.32888293266296
[2024-10-08 07:13:22,891][flwr][INFO] - 		round 90: 139.3561544418335
[2024-10-08 07:13:22,891][flwr][INFO] - 		round 91: 165.8639544248581
[2024-10-08 07:13:22,891][flwr][INFO] - 		round 92: 66.88933610916138
[2024-10-08 07:13:22,891][flwr][INFO] - 		round 93: 125.26327210664749
[2024-10-08 07:13:22,891][flwr][INFO] - 		round 94: 116.94257950782776
[2024-10-08 07:13:22,891][flwr][INFO] - 		round 95: 142.479478597641
[2024-10-08 07:13:22,891][flwr][INFO] - 		round 96: 90.84865546226501
[2024-10-08 07:13:22,891][flwr][INFO] - 		round 97: 72.66363295912743
[2024-10-08 07:13:22,891][flwr][INFO] - 		round 98: 95.8590637743473
[2024-10-08 07:13:22,891][flwr][INFO] - 		round 99: 113.55136126279831
[2024-10-08 07:13:22,891][flwr][INFO] - 		round 100: 195.2473896741867
[2024-10-08 07:13:22,891][flwr][INFO] - 	History (metrics, distributed, evaluate):
[2024-10-08 07:13:22,892][flwr][INFO] - 	{'accuracy': [(1, 0.27358490566037735),
[2024-10-08 07:13:22,892][flwr][INFO] - 	              (2, 0.14893617021276595),
[2024-10-08 07:13:22,892][flwr][INFO] - 	              (3, 0.109375),
[2024-10-08 07:13:22,892][flwr][INFO] - 	              (4, 0.0),
[2024-10-08 07:13:22,892][flwr][INFO] - 	              (5, 0.3541666666666667),
[2024-10-08 07:13:22,892][flwr][INFO] - 	              (6, 0.5094339622641509),
[2024-10-08 07:13:22,892][flwr][INFO] - 	              (7, 0.17391304347826086),
[2024-10-08 07:13:22,892][flwr][INFO] - 	              (8, 0.78),
[2024-10-08 07:13:22,892][flwr][INFO] - 	              (9, 0.38095238095238093),
[2024-10-08 07:13:22,892][flwr][INFO] - 	              (10, 0.352112676056338),
[2024-10-08 07:13:22,892][flwr][INFO] - 	              (11, 0.5591397849462365),
[2024-10-08 07:13:22,892][flwr][INFO] - 	              (12, 0.02631578947368421),
[2024-10-08 07:13:22,892][flwr][INFO] - 	              (13, 0.3220338983050847),
[2024-10-08 07:13:22,892][flwr][INFO] - 	              (14, 0.32432432432432434),
[2024-10-08 07:13:22,892][flwr][INFO] - 	              (15, 0.6730769230769231),
[2024-10-08 07:13:22,892][flwr][INFO] - 	              (16, 0.39344262295081966),
[2024-10-08 07:13:22,892][flwr][INFO] - 	              (17, 0.717948717948718),
[2024-10-08 07:13:22,893][flwr][INFO] - 	              (18, 0.2857142857142857),
[2024-10-08 07:13:22,893][flwr][INFO] - 	              (19, 0.328125),
[2024-10-08 07:13:22,893][flwr][INFO] - 	              (20, 0.25),
[2024-10-08 07:13:22,893][flwr][INFO] - 	              (21, 0.45714285714285713),
[2024-10-08 07:13:22,893][flwr][INFO] - 	              (22, 0.6923076923076923),
[2024-10-08 07:13:22,893][flwr][INFO] - 	              (23, 0.547945205479452),
[2024-10-08 07:13:22,893][flwr][INFO] - 	              (24, 0.6571428571428571),
[2024-10-08 07:13:22,893][flwr][INFO] - 	              (25, 0.0625),
[2024-10-08 07:13:22,893][flwr][INFO] - 	              (26, 0.8703703703703703),
[2024-10-08 07:13:22,893][flwr][INFO] - 	              (27, 0.10588235294117647),
[2024-10-08 07:13:22,893][flwr][INFO] - 	              (28, 0.37349397590361444),
[2024-10-08 07:13:22,893][flwr][INFO] - 	              (29, 0.3),
[2024-10-08 07:13:22,893][flwr][INFO] - 	              (30, 0.1111111111111111),
[2024-10-08 07:13:22,893][flwr][INFO] - 	              (31, 0.9074074074074074),
[2024-10-08 07:13:22,893][flwr][INFO] - 	              (32, 0.16363636363636364),
[2024-10-08 07:13:22,893][flwr][INFO] - 	              (33, 0.8676470588235294),
[2024-10-08 07:13:22,894][flwr][INFO] - 	              (34, 0.8055555555555556),
[2024-10-08 07:13:22,894][flwr][INFO] - 	              (35, 0.23170731707317074),
[2024-10-08 07:13:22,894][flwr][INFO] - 	              (36, 0.2978723404255319),
[2024-10-08 07:13:22,894][flwr][INFO] - 	              (37, 0.6756756756756757),
[2024-10-08 07:13:22,894][flwr][INFO] - 	              (38, 0.82),
[2024-10-08 07:13:22,894][flwr][INFO] - 	              (39, 0.75),
[2024-10-08 07:13:22,894][flwr][INFO] - 	              (40, 0.2413793103448276),
[2024-10-08 07:13:22,894][flwr][INFO] - 	              (41, 0.7333333333333333),
[2024-10-08 07:13:22,894][flwr][INFO] - 	              (42, 0.46153846153846156),
[2024-10-08 07:13:22,894][flwr][INFO] - 	              (43, 0.20634920634920634),
[2024-10-08 07:13:22,894][flwr][INFO] - 	              (44, 0.5416666666666666),
[2024-10-08 07:13:22,894][flwr][INFO] - 	              (45, 0.1746031746031746),
[2024-10-08 07:13:22,894][flwr][INFO] - 	              (46, 0.4444444444444444),
[2024-10-08 07:13:22,894][flwr][INFO] - 	              (47, 0.7857142857142857),
[2024-10-08 07:13:22,894][flwr][INFO] - 	              (48, 0.26229508196721313),
[2024-10-08 07:13:22,894][flwr][INFO] - 	              (49, 0.6923076923076923),
[2024-10-08 07:13:22,894][flwr][INFO] - 	              (50, 0.796875),
[2024-10-08 07:13:22,895][flwr][INFO] - 	              (51, 0.26),
[2024-10-08 07:13:22,895][flwr][INFO] - 	              (52, 0.8709677419354839),
[2024-10-08 07:13:22,895][flwr][INFO] - 	              (53, 0.42),
[2024-10-08 07:13:22,895][flwr][INFO] - 	              (54, 0.5238095238095238),
[2024-10-08 07:13:22,895][flwr][INFO] - 	              (55, 0.8214285714285714),
[2024-10-08 07:13:22,895][flwr][INFO] - 	              (56, 0.5909090909090909),
[2024-10-08 07:13:22,895][flwr][INFO] - 	              (57, 0.8873239436619719),
[2024-10-08 07:13:22,895][flwr][INFO] - 	              (58, 0.38028169014084506),
[2024-10-08 07:13:22,895][flwr][INFO] - 	              (59, 0.4827586206896552),
[2024-10-08 07:13:22,895][flwr][INFO] - 	              (60, 0.4782608695652174),
[2024-10-08 07:13:22,895][flwr][INFO] - 	              (61, 0.6730769230769231),
[2024-10-08 07:13:22,895][flwr][INFO] - 	              (62, 0.5384615384615384),
[2024-10-08 07:13:22,895][flwr][INFO] - 	              (63, 0.5769230769230769),
[2024-10-08 07:13:22,895][flwr][INFO] - 	              (64, 0.7777777777777778),
[2024-10-08 07:13:22,895][flwr][INFO] - 	              (65, 0.8571428571428571),
[2024-10-08 07:13:22,895][flwr][INFO] - 	              (66, 0.9565217391304348),
[2024-10-08 07:13:22,896][flwr][INFO] - 	              (67, 0.44680851063829785),
[2024-10-08 07:13:22,896][flwr][INFO] - 	              (68, 0.7045454545454546),
[2024-10-08 07:13:22,896][flwr][INFO] - 	              (69, 0.6022727272727273),
[2024-10-08 07:13:22,896][flwr][INFO] - 	              (70, 0.25),
[2024-10-08 07:13:22,896][flwr][INFO] - 	              (71, 0.5362318840579711),
[2024-10-08 07:13:22,896][flwr][INFO] - 	              (72, 0.45714285714285713),
[2024-10-08 07:13:22,896][flwr][INFO] - 	              (73, 0.6888888888888889),
[2024-10-08 07:13:22,896][flwr][INFO] - 	              (74, 0.6585365853658537),
[2024-10-08 07:13:22,896][flwr][INFO] - 	              (75, 0.6176470588235294),
[2024-10-08 07:13:22,896][flwr][INFO] - 	              (76, 0.9),
[2024-10-08 07:13:22,896][flwr][INFO] - 	              (77, 0.5517241379310345),
[2024-10-08 07:13:22,896][flwr][INFO] - 	              (78, 0.9024390243902439),
[2024-10-08 07:13:22,896][flwr][INFO] - 	              (79, 0.8),
[2024-10-08 07:13:22,896][flwr][INFO] - 	              (80, 0.631578947368421),
[2024-10-08 07:13:22,896][flwr][INFO] - 	              (81, 0.6031746031746031),
[2024-10-08 07:13:22,896][flwr][INFO] - 	              (82, 0.8125),
[2024-10-08 07:13:22,896][flwr][INFO] - 	              (83, 0.6274509803921569),
[2024-10-08 07:13:22,897][flwr][INFO] - 	              (84, 0.8529411764705882),
[2024-10-08 07:13:22,897][flwr][INFO] - 	              (85, 0.9411764705882353),
[2024-10-08 07:13:22,897][flwr][INFO] - 	              (86, 0.4411764705882353),
[2024-10-08 07:13:22,897][flwr][INFO] - 	              (87, 0.6938775510204082),
[2024-10-08 07:13:22,897][flwr][INFO] - 	              (88, 0.7010309278350515),
[2024-10-08 07:13:22,897][flwr][INFO] - 	              (89, 0.84375),
[2024-10-08 07:13:22,897][flwr][INFO] - 	              (90, 0.6),
[2024-10-08 07:13:22,897][flwr][INFO] - 	              (91, 0.5757575757575758),
[2024-10-08 07:13:22,897][flwr][INFO] - 	              (92, 0.8108108108108109),
[2024-10-08 07:13:22,897][flwr][INFO] - 	              (93, 0.6956521739130435),
[2024-10-08 07:13:22,897][flwr][INFO] - 	              (94, 0.569620253164557),
[2024-10-08 07:13:22,897][flwr][INFO] - 	              (95, 0.5346534653465347),
[2024-10-08 07:13:22,897][flwr][INFO] - 	              (96, 0.7105263157894737),
[2024-10-08 07:13:22,897][flwr][INFO] - 	              (97, 0.6774193548387096),
[2024-10-08 07:13:22,897][flwr][INFO] - 	              (98, 0.6714285714285714),
[2024-10-08 07:13:22,897][flwr][INFO] - 	              (99, 0.569620253164557),
[2024-10-08 07:13:22,898][flwr][INFO] - 	              (100, 0.55)]}
[2024-10-08 07:13:22,898][flwr][INFO] - 	History (metrics, centralized):
[2024-10-08 07:13:22,898][flwr][INFO] - 	{'accuracy': [(0, 0.08681672025723473),
[2024-10-08 07:13:22,898][flwr][INFO] - 	              (1, 0.3025431160479392),
[2024-10-08 07:13:22,898][flwr][INFO] - 	              (2, 0.256357790119848),
[2024-10-08 07:13:22,898][flwr][INFO] - 	              (3, 0.10230926629640456),
[2024-10-08 07:13:22,898][flwr][INFO] - 	              (4, 0.3019584916691026),
[2024-10-08 07:13:22,898][flwr][INFO] - 	              (5, 0.47880736626717335),
[2024-10-08 07:13:22,898][flwr][INFO] - 	              (6, 0.4606840105232388),
[2024-10-08 07:13:22,898][flwr][INFO] - 	              (7, 0.5469161064016369),
[2024-10-08 07:13:22,898][flwr][INFO] - 	              (8, 0.575270388775212),
[2024-10-08 07:13:22,898][flwr][INFO] - 	              (9, 0.3040046769950307),
[2024-10-08 07:13:22,898][flwr][INFO] - 	              (10, 0.3025431160479392),
[2024-10-08 07:13:22,898][flwr][INFO] - 	              (11, 0.6161940952937738),
[2024-10-08 07:13:22,898][flwr][INFO] - 	              (12, 0.30575855013154046),
[2024-10-08 07:13:22,898][flwr][INFO] - 	              (13, 0.5936860567085648),
[2024-10-08 07:13:22,899][flwr][INFO] - 	              (14, 0.3893598363051739),
[2024-10-08 07:13:22,899][flwr][INFO] - 	              (15, 0.5796550716164864),
[2024-10-08 07:13:22,899][flwr][INFO] - 	              (16, 0.48289973691902954),
[2024-10-08 07:13:22,899][flwr][INFO] - 	              (17, 0.6357790119847998),
[2024-10-08 07:13:22,899][flwr][INFO] - 	              (18, 0.46039169833382054),
[2024-10-08 07:13:22,899][flwr][INFO] - 	              (19, 0.40456007015492546),
[2024-10-08 07:13:22,899][flwr][INFO] - 	              (20, 0.346389944460684),
[2024-10-08 07:13:22,899][flwr][INFO] - 	              (21, 0.3004969307220111),
[2024-10-08 07:13:22,899][flwr][INFO] - 	              (22, 0.4232680502776966),
[2024-10-08 07:13:22,899][flwr][INFO] - 	              (23, 0.529377375036539),
[2024-10-08 07:13:22,899][flwr][INFO] - 	              (24, 0.5580239695995323),
[2024-10-08 07:13:22,899][flwr][INFO] - 	              (25, 0.14294066062554808),
[2024-10-08 07:13:22,899][flwr][INFO] - 	              (26, 0.45688395206080096),
[2024-10-08 07:13:22,899][flwr][INFO] - 	              (27, 0.2624963460976323),
[2024-10-08 07:13:22,899][flwr][INFO] - 	              (28, 0.24495761473253436),
[2024-10-08 07:13:22,899][flwr][INFO] - 	              (29, 0.3966676410406314),
[2024-10-08 07:13:22,899][flwr][INFO] - 	              (30, 0.3797135340543701),
[2024-10-08 07:13:22,900][flwr][INFO] - 	              (31, 0.7246419175679626),
[2024-10-08 07:13:22,900][flwr][INFO] - 	              (32, 0.4191756796258404),
[2024-10-08 07:13:22,900][flwr][INFO] - 	              (33, 0.5761473253434668),
[2024-10-08 07:13:22,900][flwr][INFO] - 	              (34, 0.6524408067816428),
[2024-10-08 07:13:22,900][flwr][INFO] - 	              (35, 0.3002046185325928),
[2024-10-08 07:13:22,900][flwr][INFO] - 	              (36, 0.3981292019877229),
[2024-10-08 07:13:22,900][flwr][INFO] - 	              (37, 0.7027185033615901),
[2024-10-08 07:13:22,900][flwr][INFO] - 	              (38, 0.7497807658579363),
[2024-10-08 07:13:22,900][flwr][INFO] - 	              (39, 0.7187956737795966),
[2024-10-08 07:13:22,900][flwr][INFO] - 	              (40, 0.5349313066354867),
[2024-10-08 07:13:22,900][flwr][INFO] - 	              (41, 0.5919321835720549),
[2024-10-08 07:13:22,900][flwr][INFO] - 	              (42, 0.4600993861444022),
[2024-10-08 07:13:22,900][flwr][INFO] - 	              (43, 0.4983922829581994),
[2024-10-08 07:13:22,900][flwr][INFO] - 	              (44, 0.5796550716164864),
[2024-10-08 07:13:22,900][flwr][INFO] - 	              (45, 0.3197895352236188),
[2024-10-08 07:13:22,900][flwr][INFO] - 	              (46, 0.5594855305466238),
[2024-10-08 07:13:22,900][flwr][INFO] - 	              (47, 0.6591639871382636),
[2024-10-08 07:13:22,901][flwr][INFO] - 	              (48, 0.5206080093539901),
[2024-10-08 07:13:22,901][flwr][INFO] - 	              (49, 0.645717626425022),
[2024-10-08 07:13:22,901][flwr][INFO] - 	              (50, 0.5214849459222449),
[2024-10-08 07:13:22,901][flwr][INFO] - 	              (51, 0.5787781350482315),
[2024-10-08 07:13:22,901][flwr][INFO] - 	              (52, 0.7158725518854137),
[2024-10-08 07:13:22,901][flwr][INFO] - 	              (53, 0.5092078339666765),
[2024-10-08 07:13:22,901][flwr][INFO] - 	              (54, 0.29231218941829873),
[2024-10-08 07:13:22,901][flwr][INFO] - 	              (55, 0.5042385267465653),
[2024-10-08 07:13:22,901][flwr][INFO] - 	              (56, 0.6924875767319497),
[2024-10-08 07:13:22,901][flwr][INFO] - 	              (57, 0.8363051739257527),
[2024-10-08 07:13:22,901][flwr][INFO] - 	              (58, 0.6553639286758258),
[2024-10-08 07:13:22,901][flwr][INFO] - 	              (59, 0.698626132709734),
[2024-10-08 07:13:22,901][flwr][INFO] - 	              (60, 0.698626132709734),
[2024-10-08 07:13:22,901][flwr][INFO] - 	              (61, 0.5346389944460684),
[2024-10-08 07:13:22,901][flwr][INFO] - 	              (62, 0.41479099678456594),
[2024-10-08 07:13:22,901][flwr][INFO] - 	              (63, 0.5232388190587548),
[2024-10-08 07:13:22,902][flwr][INFO] - 	              (64, 0.6176556562408653),
[2024-10-08 07:13:22,902][flwr][INFO] - 	              (65, 0.7293189125986553),
[2024-10-08 07:13:22,902][flwr][INFO] - 	              (66, 0.7883659748611517),
[2024-10-08 07:13:22,902][flwr][INFO] - 	              (67, 0.7027185033615901),
[2024-10-08 07:13:22,902][flwr][INFO] - 	              (68, 0.6346097632271266),
[2024-10-08 07:13:22,902][flwr][INFO] - 	              (69, 0.6258403975445777),
[2024-10-08 07:13:22,902][flwr][INFO] - 	              (70, 0.4410990938322128),
[2024-10-08 07:13:22,902][flwr][INFO] - 	              (71, 0.49751534638994444),
[2024-10-08 07:13:22,902][flwr][INFO] - 	              (72, 0.5510084770534931),
[2024-10-08 07:13:22,902][flwr][INFO] - 	              (73, 0.701549254603917),
[2024-10-08 07:13:22,902][flwr][INFO] - 	              (74, 0.6030400467699503),
[2024-10-08 07:13:22,902][flwr][INFO] - 	              (75, 0.6305173925752704),
[2024-10-08 07:13:22,902][flwr][INFO] - 	              (76, 0.6384098216895645),
[2024-10-08 07:13:22,902][flwr][INFO] - 	              (77, 0.49926921952645426),
[2024-10-08 07:13:22,902][flwr][INFO] - 	              (78, 0.7313650979245835),
[2024-10-08 07:13:22,902][flwr][INFO] - 	              (79, 0.6904413914060217),
[2024-10-08 07:13:22,902][flwr][INFO] - 	              (80, 0.43525285004384684),
[2024-10-08 07:13:22,903][flwr][INFO] - 	              (81, 0.6723180356620871),
[2024-10-08 07:13:22,903][flwr][INFO] - 	              (82, 0.7231803566208711),
[2024-10-08 07:13:22,903][flwr][INFO] - 	              (83, 0.6220403390821397),
[2024-10-08 07:13:22,903][flwr][INFO] - 	              (84, 0.49459222449576146),
[2024-10-08 07:13:22,903][flwr][INFO] - 	              (85, 0.805320081847413),
[2024-10-08 07:13:22,903][flwr][INFO] - 	              (86, 0.4717918737211342),
[2024-10-08 07:13:22,903][flwr][INFO] - 	              (87, 0.47559193218357204),
[2024-10-08 07:13:22,903][flwr][INFO] - 	              (88, 0.6579947383805904),
[2024-10-08 07:13:22,903][flwr][INFO] - 	              (89, 0.8000584624378837),
[2024-10-08 07:13:22,903][flwr][INFO] - 	              (90, 0.5325928091201403),
[2024-10-08 07:13:22,903][flwr][INFO] - 	              (91, 0.6948260742472961),
[2024-10-08 07:13:22,903][flwr][INFO] - 	              (92, 0.8009353990061385),
[2024-10-08 07:13:22,903][flwr][INFO] - 	              (93, 0.6626717334112833),
[2024-10-08 07:13:22,903][flwr][INFO] - 	              (94, 0.7398421514177141),
[2024-10-08 07:13:22,903][flwr][INFO] - 	              (95, 0.6407483192049108),
[2024-10-08 07:13:22,903][flwr][INFO] - 	              (96, 0.780765857936276),
[2024-10-08 07:13:22,903][flwr][INFO] - 	              (97, 0.7904121601870798),
[2024-10-08 07:13:22,904][flwr][INFO] - 	              (98, 0.715287927506577),
[2024-10-08 07:13:22,904][flwr][INFO] - 	              (99, 0.6115171002630809),
[2024-10-08 07:13:22,904][flwr][INFO] - 	              (100, 0.4124524992692195)]}
[2024-10-08 07:13:22,904][flwr][INFO] - 
