[2024-10-16 03:04:50,836][flwr][INFO] - Starting Flower simulation, config: num_rounds=100, no round_timeout
[2024-10-16 03:04:54,347][flwr][INFO] - Flower VCE: Ray initialized with resources: {'node:__internal_head__': 1.0, 'node:115.145.172.224': 1.0, 'object_store_memory': 74649364070.0, 'GPU': 5.0, 'accelerator_type:G': 1.0, 'CPU': 256.0, 'memory': 164181849498.0}
[2024-10-16 03:04:54,347][flwr][INFO] - Optimize your simulation with Flower VCE: https://flower.ai/docs/framework/how-to-run-simulations.html
[2024-10-16 03:04:54,347][flwr][INFO] - Flower VCE: Resources for each Virtual Client: {'num_cpus': 64, 'num_gpus': 0.125}
[2024-10-16 03:04:54,366][flwr][INFO] - Flower VCE: Creating VirtualClientEngineActorPool with 4 actors
[2024-10-16 03:04:54,366][flwr][INFO] - [INIT]
[2024-10-16 03:04:54,366][flwr][INFO] - Requesting initial parameters from one random client
[2024-10-16 03:05:00,755][flwr][INFO] - Received initial parameters from one random client
[2024-10-16 03:05:00,756][flwr][INFO] - Evaluating initial global parameters
[2024-10-16 03:05:22,309][flwr][INFO] - initial parameters (loss, other metrics): 503.2880485057831, {'accuracy': 0.09860724233983287}
[2024-10-16 03:05:22,310][flwr][INFO] - 
[2024-10-16 03:05:22,310][flwr][INFO] - [ROUND 1]
[2024-10-16 03:05:22,310][flwr][INFO] - configure_fit: strategy sampled 5 clients (out of 50)
[2024-10-16 03:06:49,858][flwr][INFO] - aggregate_fit: received 5 results and 0 failures
[2024-10-16 03:06:50,619][flwr][WARNING] - No fit_metrics_aggregation_fn provided
[2024-10-16 03:07:08,966][flwr][INFO] - fit progress: (1, 483.9598824977875, {'accuracy': 0.19025069637883008}, 106.65606042277068)
[2024-10-16 03:07:08,971][flwr][INFO] - configure_evaluate: strategy sampled 2 clients (out of 50)
[2024-10-16 03:07:12,326][flwr][INFO] - aggregate_evaluate: received 2 results and 0 failures
[2024-10-16 03:07:12,326][flwr][INFO] - 
[2024-10-16 03:07:12,327][flwr][INFO] - [ROUND 2]
[2024-10-16 03:07:12,328][flwr][INFO] - configure_fit: strategy sampled 5 clients (out of 50)
[2024-10-16 03:08:30,932][flwr][INFO] - aggregate_fit: received 5 results and 0 failures
[2024-10-16 03:08:50,624][flwr][INFO] - fit progress: (2, 382.914732336998, {'accuracy': 0.4915041782729805}, 208.3143561044708)
[2024-10-16 03:08:50,625][flwr][INFO] - configure_evaluate: strategy sampled 2 clients (out of 50)
[2024-10-16 03:08:54,411][flwr][INFO] - aggregate_evaluate: received 2 results and 0 failures
[2024-10-16 03:08:54,411][flwr][INFO] - 
[2024-10-16 03:08:54,412][flwr][INFO] - [ROUND 3]
[2024-10-16 03:08:54,412][flwr][INFO] - configure_fit: strategy sampled 5 clients (out of 50)
[2024-10-16 03:10:50,521][flwr][INFO] - aggregate_fit: received 5 results and 0 failures
[2024-10-16 03:11:10,152][flwr][INFO] - fit progress: (3, 370.39747726917267, {'accuracy': 0.5328690807799443}, 347.8421893501654)
[2024-10-16 03:11:10,153][flwr][INFO] - configure_evaluate: strategy sampled 2 clients (out of 50)
[2024-10-16 03:11:12,892][flwr][INFO] - aggregate_evaluate: received 2 results and 0 failures
[2024-10-16 03:11:12,893][flwr][INFO] - 
[2024-10-16 03:11:12,893][flwr][INFO] - [ROUND 4]
[2024-10-16 03:11:12,893][flwr][INFO] - configure_fit: strategy sampled 5 clients (out of 50)
[2024-10-16 03:13:56,464][flwr][INFO] - aggregate_fit: received 5 results and 0 failures
[2024-10-16 03:14:16,542][flwr][INFO] - fit progress: (4, 349.29135620594025, {'accuracy': 0.39944289693593316}, 534.2318701287732)
[2024-10-16 03:14:16,543][flwr][INFO] - configure_evaluate: strategy sampled 2 clients (out of 50)
[2024-10-16 03:14:19,544][flwr][INFO] - aggregate_evaluate: received 2 results and 0 failures
[2024-10-16 03:14:19,544][flwr][INFO] - 
[2024-10-16 03:14:19,544][flwr][INFO] - [ROUND 5]
[2024-10-16 03:14:19,544][flwr][INFO] - configure_fit: strategy sampled 5 clients (out of 50)
[2024-10-16 03:16:30,426][flwr][INFO] - aggregate_fit: received 5 results and 0 failures
[2024-10-16 03:16:49,663][flwr][INFO] - fit progress: (5, 279.3332796692848, {'accuracy': 0.5041782729805014}, 687.352741792798)
[2024-10-16 03:16:49,663][flwr][INFO] - configure_evaluate: strategy sampled 2 clients (out of 50)
[2024-10-16 03:16:52,814][flwr][INFO] - aggregate_evaluate: received 2 results and 0 failures
[2024-10-16 03:16:52,814][flwr][INFO] - 
[2024-10-16 03:16:52,814][flwr][INFO] - [ROUND 6]
[2024-10-16 03:16:52,814][flwr][INFO] - configure_fit: strategy sampled 5 clients (out of 50)
[2024-10-16 03:19:26,748][flwr][INFO] - aggregate_fit: received 5 results and 0 failures
[2024-10-16 03:19:46,222][flwr][INFO] - fit progress: (6, 227.43769991397858, {'accuracy': 0.7057103064066852}, 863.9117565117776)
[2024-10-16 03:19:46,223][flwr][INFO] - configure_evaluate: strategy sampled 2 clients (out of 50)
[2024-10-16 03:19:48,547][flwr][INFO] - aggregate_evaluate: received 2 results and 0 failures
[2024-10-16 03:19:48,547][flwr][INFO] - 
[2024-10-16 03:19:48,547][flwr][INFO] - [ROUND 7]
[2024-10-16 03:19:48,547][flwr][INFO] - configure_fit: strategy sampled 5 clients (out of 50)
[2024-10-16 03:21:01,241][flwr][INFO] - aggregate_fit: received 5 results and 0 failures
[2024-10-16 03:21:21,386][flwr][INFO] - fit progress: (7, 234.2516503930092, {'accuracy': 0.6511142061281338}, 959.0762701714411)
[2024-10-16 03:21:21,387][flwr][INFO] - configure_evaluate: strategy sampled 2 clients (out of 50)
[2024-10-16 03:21:24,911][flwr][INFO] - aggregate_evaluate: received 2 results and 0 failures
[2024-10-16 03:21:24,912][flwr][INFO] - 
[2024-10-16 03:21:24,912][flwr][INFO] - [ROUND 8]
[2024-10-16 03:21:24,912][flwr][INFO] - configure_fit: strategy sampled 5 clients (out of 50)
[2024-10-16 03:23:02,253][flwr][INFO] - aggregate_fit: received 5 results and 0 failures
[2024-10-16 03:23:20,512][flwr][INFO] - fit progress: (8, 289.0525133013725, {'accuracy': 0.5894150417827299}, 1078.2017781790346)
[2024-10-16 03:23:20,512][flwr][INFO] - configure_evaluate: strategy sampled 2 clients (out of 50)
[2024-10-16 03:23:23,038][flwr][INFO] - aggregate_evaluate: received 2 results and 0 failures
[2024-10-16 03:23:23,039][flwr][INFO] - 
[2024-10-16 03:23:23,039][flwr][INFO] - [ROUND 9]
[2024-10-16 03:23:23,039][flwr][INFO] - configure_fit: strategy sampled 5 clients (out of 50)
[2024-10-16 03:25:33,168][flwr][INFO] - aggregate_fit: received 5 results and 0 failures
[2024-10-16 03:25:53,088][flwr][INFO] - fit progress: (9, 230.60081189870834, {'accuracy': 0.667966573816156}, 1230.7782453717664)
[2024-10-16 03:25:53,089][flwr][INFO] - configure_evaluate: strategy sampled 2 clients (out of 50)
[2024-10-16 03:25:55,743][flwr][INFO] - aggregate_evaluate: received 2 results and 0 failures
[2024-10-16 03:25:55,744][flwr][INFO] - 
[2024-10-16 03:25:55,744][flwr][INFO] - [ROUND 10]
[2024-10-16 03:25:55,744][flwr][INFO] - configure_fit: strategy sampled 5 clients (out of 50)
[2024-10-16 03:26:55,601][flwr][INFO] - aggregate_fit: received 5 results and 0 failures
[2024-10-16 03:27:15,903][flwr][INFO] - fit progress: (10, 250.81821393966675, {'accuracy': 0.6536211699164345}, 1313.5924523500726)
[2024-10-16 03:27:15,903][flwr][INFO] - configure_evaluate: strategy sampled 2 clients (out of 50)
[2024-10-16 03:27:17,884][flwr][INFO] - aggregate_evaluate: received 2 results and 0 failures
[2024-10-16 03:27:17,885][flwr][INFO] - 
[2024-10-16 03:27:17,885][flwr][INFO] - [ROUND 11]
[2024-10-16 03:27:17,885][flwr][INFO] - configure_fit: strategy sampled 5 clients (out of 50)
[2024-10-16 03:28:33,211][flwr][INFO] - aggregate_fit: received 5 results and 0 failures
[2024-10-16 03:28:53,177][flwr][INFO] - fit progress: (11, 240.10660660266876, {'accuracy': 0.6796657381615598}, 1410.8672807915136)
[2024-10-16 03:28:53,178][flwr][INFO] - configure_evaluate: strategy sampled 2 clients (out of 50)
[2024-10-16 03:28:57,105][flwr][INFO] - aggregate_evaluate: received 2 results and 0 failures
[2024-10-16 03:28:57,105][flwr][INFO] - 
[2024-10-16 03:28:57,105][flwr][INFO] - [ROUND 12]
[2024-10-16 03:28:57,106][flwr][INFO] - configure_fit: strategy sampled 5 clients (out of 50)
[2024-10-16 03:31:30,004][flwr][INFO] - aggregate_fit: received 5 results and 0 failures
[2024-10-16 03:31:49,027][flwr][INFO] - fit progress: (12, 220.7129807472229, {'accuracy': 0.6935933147632312}, 1586.7167993681505)
[2024-10-16 03:31:49,027][flwr][INFO] - configure_evaluate: strategy sampled 2 clients (out of 50)
[2024-10-16 03:31:53,275][flwr][INFO] - aggregate_evaluate: received 2 results and 0 failures
[2024-10-16 03:31:53,276][flwr][INFO] - 
[2024-10-16 03:31:53,276][flwr][INFO] - [ROUND 13]
[2024-10-16 03:31:53,276][flwr][INFO] - configure_fit: strategy sampled 5 clients (out of 50)
[2024-10-16 03:32:53,596][flwr][INFO] - aggregate_fit: received 5 results and 0 failures
[2024-10-16 03:33:13,720][flwr][INFO] - fit progress: (13, 168.09357872605324, {'accuracy': 0.7598885793871867}, 1671.4101952342317)
[2024-10-16 03:33:13,721][flwr][INFO] - configure_evaluate: strategy sampled 2 clients (out of 50)
[2024-10-16 03:33:16,764][flwr][INFO] - aggregate_evaluate: received 2 results and 0 failures
[2024-10-16 03:33:16,764][flwr][INFO] - 
[2024-10-16 03:33:16,764][flwr][INFO] - [ROUND 14]
[2024-10-16 03:33:16,764][flwr][INFO] - configure_fit: strategy sampled 5 clients (out of 50)
[2024-10-16 03:34:26,806][flwr][INFO] - aggregate_fit: received 5 results and 0 failures
[2024-10-16 03:34:46,803][flwr][INFO] - fit progress: (14, 162.00810053944588, {'accuracy': 0.7487465181058496}, 1764.4930246267468)
[2024-10-16 03:34:46,804][flwr][INFO] - configure_evaluate: strategy sampled 2 clients (out of 50)
[2024-10-16 03:34:49,473][flwr][INFO] - aggregate_evaluate: received 2 results and 0 failures
[2024-10-16 03:34:49,473][flwr][INFO] - 
[2024-10-16 03:34:49,473][flwr][INFO] - [ROUND 15]
[2024-10-16 03:34:49,473][flwr][INFO] - configure_fit: strategy sampled 5 clients (out of 50)
[2024-10-16 03:36:40,839][flwr][INFO] - aggregate_fit: received 5 results and 0 failures
[2024-10-16 03:37:01,092][flwr][INFO] - fit progress: (15, 171.8421739935875, {'accuracy': 0.7506963788300836}, 1898.781630480662)
[2024-10-16 03:37:01,092][flwr][INFO] - configure_evaluate: strategy sampled 2 clients (out of 50)
[2024-10-16 03:37:03,723][flwr][INFO] - aggregate_evaluate: received 2 results and 0 failures
[2024-10-16 03:37:03,723][flwr][INFO] - 
[2024-10-16 03:37:03,723][flwr][INFO] - [ROUND 16]
[2024-10-16 03:37:03,723][flwr][INFO] - configure_fit: strategy sampled 5 clients (out of 50)
[2024-10-16 03:39:09,724][flwr][INFO] - aggregate_fit: received 5 results and 0 failures
[2024-10-16 03:39:28,830][flwr][INFO] - fit progress: (16, 173.7737575918436, {'accuracy': 0.7516713091922006}, 2046.5201808260754)
[2024-10-16 03:39:28,831][flwr][INFO] - configure_evaluate: strategy sampled 2 clients (out of 50)
[2024-10-16 03:39:31,456][flwr][INFO] - aggregate_evaluate: received 2 results and 0 failures
[2024-10-16 03:39:31,456][flwr][INFO] - 
[2024-10-16 03:39:31,456][flwr][INFO] - [ROUND 17]
[2024-10-16 03:39:31,456][flwr][INFO] - configure_fit: strategy sampled 5 clients (out of 50)
[2024-10-16 03:41:50,970][flwr][INFO] - aggregate_fit: received 5 results and 0 failures
[2024-10-16 03:42:10,660][flwr][INFO] - fit progress: (17, 201.81118991971016, {'accuracy': 0.7011142061281337}, 2208.3500701338053)
[2024-10-16 03:42:10,661][flwr][INFO] - configure_evaluate: strategy sampled 2 clients (out of 50)
[2024-10-16 03:42:13,823][flwr][INFO] - aggregate_evaluate: received 2 results and 0 failures
[2024-10-16 03:42:13,824][flwr][INFO] - 
[2024-10-16 03:42:13,824][flwr][INFO] - [ROUND 18]
[2024-10-16 03:42:13,824][flwr][INFO] - configure_fit: strategy sampled 5 clients (out of 50)
[2024-10-16 03:43:25,790][flwr][INFO] - aggregate_fit: received 5 results and 0 failures
[2024-10-16 03:43:45,835][flwr][INFO] - fit progress: (18, 213.39902997016907, {'accuracy': 0.7037604456824512}, 2303.5245251385495)
[2024-10-16 03:43:45,835][flwr][INFO] - configure_evaluate: strategy sampled 2 clients (out of 50)
[2024-10-16 03:43:48,097][flwr][INFO] - aggregate_evaluate: received 2 results and 0 failures
[2024-10-16 03:43:48,098][flwr][INFO] - 
[2024-10-16 03:43:48,098][flwr][INFO] - [ROUND 19]
[2024-10-16 03:43:48,098][flwr][INFO] - configure_fit: strategy sampled 5 clients (out of 50)
[2024-10-16 03:44:38,072][flwr][INFO] - aggregate_fit: received 5 results and 0 failures
[2024-10-16 03:44:57,509][flwr][INFO] - fit progress: (19, 218.03571006655693, {'accuracy': 0.6916434540389972}, 2375.1990169947967)
[2024-10-16 03:44:57,510][flwr][INFO] - configure_evaluate: strategy sampled 2 clients (out of 50)
[2024-10-16 03:44:59,918][flwr][INFO] - aggregate_evaluate: received 2 results and 0 failures
[2024-10-16 03:44:59,918][flwr][INFO] - 
[2024-10-16 03:44:59,919][flwr][INFO] - [ROUND 20]
[2024-10-16 03:44:59,919][flwr][INFO] - configure_fit: strategy sampled 5 clients (out of 50)
[2024-10-16 03:46:05,295][flwr][INFO] - aggregate_fit: received 5 results and 0 failures
[2024-10-16 03:46:23,956][flwr][INFO] - fit progress: (20, 250.42528384923935, {'accuracy': 0.699025069637883}, 2461.6455556275323)
[2024-10-16 03:46:23,956][flwr][INFO] - configure_evaluate: strategy sampled 2 clients (out of 50)
[2024-10-16 03:46:26,529][flwr][INFO] - aggregate_evaluate: received 2 results and 0 failures
[2024-10-16 03:46:26,529][flwr][INFO] - 
[2024-10-16 03:46:26,529][flwr][INFO] - [ROUND 21]
[2024-10-16 03:46:26,529][flwr][INFO] - configure_fit: strategy sampled 5 clients (out of 50)
[2024-10-16 03:49:16,571][flwr][INFO] - aggregate_fit: received 5 results and 0 failures
[2024-10-16 03:49:35,769][flwr][INFO] - fit progress: (21, 288.3200732469559, {'accuracy': 0.6739554317548746}, 2653.4590138951316)
[2024-10-16 03:49:35,770][flwr][INFO] - configure_evaluate: strategy sampled 2 clients (out of 50)
[2024-10-16 03:49:37,648][flwr][INFO] - aggregate_evaluate: received 2 results and 0 failures
[2024-10-16 03:49:37,649][flwr][INFO] - 
[2024-10-16 03:49:37,649][flwr][INFO] - [ROUND 22]
[2024-10-16 03:49:37,649][flwr][INFO] - configure_fit: strategy sampled 5 clients (out of 50)
[2024-10-16 03:50:49,462][flwr][INFO] - aggregate_fit: received 5 results and 0 failures
[2024-10-16 03:51:09,501][flwr][INFO] - fit progress: (22, 290.8546612262726, {'accuracy': 0.6498607242339833}, 2747.1910194261)
[2024-10-16 03:51:09,502][flwr][INFO] - configure_evaluate: strategy sampled 2 clients (out of 50)
[2024-10-16 03:51:11,878][flwr][INFO] - aggregate_evaluate: received 2 results and 0 failures
[2024-10-16 03:51:11,878][flwr][INFO] - 
[2024-10-16 03:51:11,878][flwr][INFO] - [ROUND 23]
[2024-10-16 03:51:11,879][flwr][INFO] - configure_fit: strategy sampled 5 clients (out of 50)
[2024-10-16 03:51:59,308][flwr][INFO] - aggregate_fit: received 5 results and 0 failures
[2024-10-16 03:52:19,676][flwr][INFO] - fit progress: (23, 301.399845123291, {'accuracy': 0.6742339832869081}, 2817.365627327934)
[2024-10-16 03:52:19,676][flwr][INFO] - configure_evaluate: strategy sampled 2 clients (out of 50)
[2024-10-16 03:52:21,715][flwr][INFO] - aggregate_evaluate: received 2 results and 0 failures
[2024-10-16 03:52:21,715][flwr][INFO] - 
[2024-10-16 03:52:21,715][flwr][INFO] - [ROUND 24]
[2024-10-16 03:52:21,715][flwr][INFO] - configure_fit: strategy sampled 5 clients (out of 50)
[2024-10-16 03:53:13,703][flwr][INFO] - aggregate_fit: received 5 results and 0 failures
[2024-10-16 03:53:32,013][flwr][INFO] - fit progress: (24, 232.30013781785965, {'accuracy': 0.7441504178272981}, 2889.703179604374)
[2024-10-16 03:53:32,014][flwr][INFO] - configure_evaluate: strategy sampled 2 clients (out of 50)
[2024-10-16 03:53:34,535][flwr][INFO] - aggregate_evaluate: received 2 results and 0 failures
[2024-10-16 03:53:34,535][flwr][INFO] - 
[2024-10-16 03:53:34,536][flwr][INFO] - [ROUND 25]
[2024-10-16 03:53:34,536][flwr][INFO] - configure_fit: strategy sampled 5 clients (out of 50)
[2024-10-16 03:54:23,831][flwr][INFO] - aggregate_fit: received 5 results and 0 failures
[2024-10-16 03:54:43,438][flwr][INFO] - fit progress: (25, 195.00462007522583, {'accuracy': 0.7952646239554317}, 2961.128100987524)
[2024-10-16 03:54:43,439][flwr][INFO] - configure_evaluate: strategy sampled 2 clients (out of 50)
[2024-10-16 03:54:45,656][flwr][INFO] - aggregate_evaluate: received 2 results and 0 failures
[2024-10-16 03:54:45,656][flwr][INFO] - 
[2024-10-16 03:54:45,656][flwr][INFO] - [ROUND 26]
[2024-10-16 03:54:45,656][flwr][INFO] - configure_fit: strategy sampled 5 clients (out of 50)
[2024-10-16 03:55:33,229][flwr][INFO] - aggregate_fit: received 5 results and 0 failures
[2024-10-16 03:55:53,251][flwr][INFO] - fit progress: (26, 351.37258875370026, {'accuracy': 0.6426183844011142}, 3030.941228517331)
[2024-10-16 03:55:53,252][flwr][INFO] - configure_evaluate: strategy sampled 2 clients (out of 50)
[2024-10-16 03:55:55,543][flwr][INFO] - aggregate_evaluate: received 2 results and 0 failures
[2024-10-16 03:55:55,543][flwr][INFO] - 
[2024-10-16 03:55:55,543][flwr][INFO] - [ROUND 27]
[2024-10-16 03:55:55,543][flwr][INFO] - configure_fit: strategy sampled 5 clients (out of 50)
[2024-10-16 03:57:30,737][flwr][INFO] - aggregate_fit: received 5 results and 0 failures
[2024-10-16 03:57:50,383][flwr][INFO] - fit progress: (27, 203.66582214832306, {'accuracy': 0.7033426183844012}, 3148.072537297383)
[2024-10-16 03:57:50,383][flwr][INFO] - configure_evaluate: strategy sampled 2 clients (out of 50)
[2024-10-16 03:57:52,695][flwr][INFO] - aggregate_evaluate: received 2 results and 0 failures
[2024-10-16 03:57:52,696][flwr][INFO] - 
[2024-10-16 03:57:52,696][flwr][INFO] - [ROUND 28]
[2024-10-16 03:57:52,696][flwr][INFO] - configure_fit: strategy sampled 5 clients (out of 50)
[2024-10-16 03:59:27,720][flwr][INFO] - aggregate_fit: received 5 results and 0 failures
[2024-10-16 03:59:47,277][flwr][INFO] - fit progress: (28, 218.89700824022293, {'accuracy': 0.7066852367688022}, 3264.966490216553)
[2024-10-16 03:59:47,277][flwr][INFO] - configure_evaluate: strategy sampled 2 clients (out of 50)
[2024-10-16 03:59:50,292][flwr][INFO] - aggregate_evaluate: received 2 results and 0 failures
[2024-10-16 03:59:50,293][flwr][INFO] - 
[2024-10-16 03:59:50,293][flwr][INFO] - [ROUND 29]
[2024-10-16 03:59:50,293][flwr][INFO] - configure_fit: strategy sampled 5 clients (out of 50)
[2024-10-16 04:01:12,457][flwr][INFO] - aggregate_fit: received 5 results and 0 failures
[2024-10-16 04:01:32,298][flwr][INFO] - fit progress: (29, 303.0344226360321, {'accuracy': 0.6605849582172701}, 3369.9875430408865)
[2024-10-16 04:01:32,298][flwr][INFO] - configure_evaluate: strategy sampled 2 clients (out of 50)
[2024-10-16 04:01:35,397][flwr][INFO] - aggregate_evaluate: received 2 results and 0 failures
[2024-10-16 04:01:35,397][flwr][INFO] - 
[2024-10-16 04:01:35,397][flwr][INFO] - [ROUND 30]
[2024-10-16 04:01:35,398][flwr][INFO] - configure_fit: strategy sampled 5 clients (out of 50)
[2024-10-16 04:02:42,053][flwr][INFO] - aggregate_fit: received 5 results and 0 failures
[2024-10-16 04:03:01,573][flwr][INFO] - fit progress: (30, 296.6320824623108, {'accuracy': 0.6745125348189415}, 3459.2629922376946)
[2024-10-16 04:03:01,574][flwr][INFO] - configure_evaluate: strategy sampled 2 clients (out of 50)
[2024-10-16 04:03:03,406][flwr][INFO] - aggregate_evaluate: received 2 results and 0 failures
[2024-10-16 04:03:03,406][flwr][INFO] - 
[2024-10-16 04:03:03,406][flwr][INFO] - [ROUND 31]
[2024-10-16 04:03:03,406][flwr][INFO] - configure_fit: strategy sampled 5 clients (out of 50)
[2024-10-16 04:04:15,511][flwr][INFO] - aggregate_fit: received 5 results and 0 failures
[2024-10-16 04:04:34,983][flwr][INFO] - fit progress: (31, 214.00649470090866, {'accuracy': 0.7086350974930362}, 3552.672822404653)
[2024-10-16 04:04:34,983][flwr][INFO] - configure_evaluate: strategy sampled 2 clients (out of 50)
[2024-10-16 04:04:37,873][flwr][INFO] - aggregate_evaluate: received 2 results and 0 failures
[2024-10-16 04:04:37,873][flwr][INFO] - 
[2024-10-16 04:04:37,873][flwr][INFO] - [ROUND 32]
[2024-10-16 04:04:37,873][flwr][INFO] - configure_fit: strategy sampled 5 clients (out of 50)
[2024-10-16 04:06:46,166][flwr][INFO] - aggregate_fit: received 5 results and 0 failures
[2024-10-16 04:07:05,963][flwr][INFO] - fit progress: (32, 147.90593442320824, {'accuracy': 0.7697771587743732}, 3703.653018509969)
[2024-10-16 04:07:05,964][flwr][INFO] - configure_evaluate: strategy sampled 2 clients (out of 50)
[2024-10-16 04:07:08,376][flwr][INFO] - aggregate_evaluate: received 2 results and 0 failures
[2024-10-16 04:07:08,376][flwr][INFO] - 
[2024-10-16 04:07:08,376][flwr][INFO] - [ROUND 33]
[2024-10-16 04:07:08,376][flwr][INFO] - configure_fit: strategy sampled 5 clients (out of 50)
[2024-10-16 04:07:59,770][flwr][INFO] - aggregate_fit: received 5 results and 0 failures
[2024-10-16 04:08:19,468][flwr][INFO] - fit progress: (33, 189.53095000982285, {'accuracy': 0.707799442896936}, 3777.15793123655)
[2024-10-16 04:08:19,469][flwr][INFO] - configure_evaluate: strategy sampled 2 clients (out of 50)
[2024-10-16 04:08:22,150][flwr][INFO] - aggregate_evaluate: received 2 results and 0 failures
[2024-10-16 04:08:22,151][flwr][INFO] - 
[2024-10-16 04:08:22,151][flwr][INFO] - [ROUND 34]
[2024-10-16 04:08:22,151][flwr][INFO] - configure_fit: strategy sampled 5 clients (out of 50)
[2024-10-16 04:09:02,807][flwr][INFO] - aggregate_fit: received 5 results and 0 failures
[2024-10-16 04:09:22,602][flwr][INFO] - fit progress: (34, 238.54780250787735, {'accuracy': 0.7469359331476323}, 3840.292099765502)
[2024-10-16 04:09:22,602][flwr][INFO] - configure_evaluate: strategy sampled 2 clients (out of 50)
[2024-10-16 04:09:25,560][flwr][INFO] - aggregate_evaluate: received 2 results and 0 failures
[2024-10-16 04:09:25,560][flwr][INFO] - 
[2024-10-16 04:09:25,561][flwr][INFO] - [ROUND 35]
[2024-10-16 04:09:25,561][flwr][INFO] - configure_fit: strategy sampled 5 clients (out of 50)
[2024-10-16 04:10:07,727][flwr][INFO] - aggregate_fit: received 5 results and 0 failures
[2024-10-16 04:10:27,392][flwr][INFO] - fit progress: (35, 178.31426307559013, {'accuracy': 0.791782729805014}, 3905.0819517299533)
[2024-10-16 04:10:27,392][flwr][INFO] - configure_evaluate: strategy sampled 2 clients (out of 50)
[2024-10-16 04:10:29,536][flwr][INFO] - aggregate_evaluate: received 2 results and 0 failures
[2024-10-16 04:10:29,537][flwr][INFO] - 
[2024-10-16 04:10:29,537][flwr][INFO] - [ROUND 36]
[2024-10-16 04:10:29,537][flwr][INFO] - configure_fit: strategy sampled 5 clients (out of 50)
[2024-10-16 04:12:46,411][flwr][INFO] - aggregate_fit: received 5 results and 0 failures
[2024-10-16 04:13:05,944][flwr][INFO] - fit progress: (36, 255.51054275035858, {'accuracy': 0.6697771587743733}, 4063.633610333316)
[2024-10-16 04:13:05,945][flwr][INFO] - configure_evaluate: strategy sampled 2 clients (out of 50)
[2024-10-16 04:13:08,888][flwr][INFO] - aggregate_evaluate: received 2 results and 0 failures
[2024-10-16 04:13:08,888][flwr][INFO] - 
[2024-10-16 04:13:08,888][flwr][INFO] - [ROUND 37]
[2024-10-16 04:13:08,888][flwr][INFO] - configure_fit: strategy sampled 5 clients (out of 50)
[2024-10-16 04:14:17,921][flwr][INFO] - aggregate_fit: received 5 results and 0 failures
[2024-10-16 04:14:37,596][flwr][INFO] - fit progress: (37, 239.09194922447205, {'accuracy': 0.7770194986072423}, 4155.2857184121385)
[2024-10-16 04:14:37,596][flwr][INFO] - configure_evaluate: strategy sampled 2 clients (out of 50)
[2024-10-16 04:14:39,683][flwr][INFO] - aggregate_evaluate: received 2 results and 0 failures
[2024-10-16 04:14:39,683][flwr][INFO] - 
[2024-10-16 04:14:39,684][flwr][INFO] - [ROUND 38]
[2024-10-16 04:14:39,684][flwr][INFO] - configure_fit: strategy sampled 5 clients (out of 50)
[2024-10-16 04:16:47,335][flwr][INFO] - aggregate_fit: received 5 results and 0 failures
[2024-10-16 04:17:07,791][flwr][INFO] - fit progress: (38, 172.8896653354168, {'accuracy': 0.7870473537604457}, 4305.480928083882)
[2024-10-16 04:17:07,792][flwr][INFO] - configure_evaluate: strategy sampled 2 clients (out of 50)
[2024-10-16 04:17:09,793][flwr][INFO] - aggregate_evaluate: received 2 results and 0 failures
[2024-10-16 04:17:09,793][flwr][INFO] - 
[2024-10-16 04:17:09,793][flwr][INFO] - [ROUND 39]
[2024-10-16 04:17:09,794][flwr][INFO] - configure_fit: strategy sampled 5 clients (out of 50)
[2024-10-16 04:18:23,846][flwr][INFO] - aggregate_fit: received 5 results and 0 failures
[2024-10-16 04:18:42,933][flwr][INFO] - fit progress: (39, 224.5318220257759, {'accuracy': 0.7710306406685237}, 4400.622831839137)
[2024-10-16 04:18:42,934][flwr][INFO] - configure_evaluate: strategy sampled 2 clients (out of 50)
[2024-10-16 04:18:45,060][flwr][INFO] - aggregate_evaluate: received 2 results and 0 failures
[2024-10-16 04:18:45,060][flwr][INFO] - 
[2024-10-16 04:18:45,060][flwr][INFO] - [ROUND 40]
[2024-10-16 04:18:45,060][flwr][INFO] - configure_fit: strategy sampled 5 clients (out of 50)
[2024-10-16 04:19:14,893][flwr][INFO] - aggregate_fit: received 5 results and 0 failures
[2024-10-16 04:19:34,779][flwr][INFO] - fit progress: (40, 232.81821686029434, {'accuracy': 0.753899721448468}, 4452.468962178566)
[2024-10-16 04:19:34,780][flwr][INFO] - configure_evaluate: strategy sampled 2 clients (out of 50)
[2024-10-16 04:19:36,755][flwr][INFO] - aggregate_evaluate: received 2 results and 0 failures
[2024-10-16 04:19:36,755][flwr][INFO] - 
[2024-10-16 04:19:36,755][flwr][INFO] - [ROUND 41]
[2024-10-16 04:19:36,755][flwr][INFO] - configure_fit: strategy sampled 5 clients (out of 50)
[2024-10-16 04:21:29,493][flwr][INFO] - aggregate_fit: received 5 results and 0 failures
[2024-10-16 04:21:49,637][flwr][INFO] - fit progress: (41, 157.20175683498383, {'accuracy': 0.7586350974930363}, 4587.32728708908)
[2024-10-16 04:21:49,638][flwr][INFO] - configure_evaluate: strategy sampled 2 clients (out of 50)
[2024-10-16 04:21:51,524][flwr][INFO] - aggregate_evaluate: received 2 results and 0 failures
[2024-10-16 04:21:51,524][flwr][INFO] - 
[2024-10-16 04:21:51,524][flwr][INFO] - [ROUND 42]
[2024-10-16 04:21:51,524][flwr][INFO] - configure_fit: strategy sampled 5 clients (out of 50)
[2024-10-16 04:22:43,429][flwr][INFO] - aggregate_fit: received 5 results and 0 failures
[2024-10-16 04:23:03,423][flwr][INFO] - fit progress: (42, 154.6589159965515, {'accuracy': 0.7799442896935933}, 4661.112729726359)
[2024-10-16 04:23:03,423][flwr][INFO] - configure_evaluate: strategy sampled 2 clients (out of 50)
[2024-10-16 04:23:05,649][flwr][INFO] - aggregate_evaluate: received 2 results and 0 failures
[2024-10-16 04:23:05,649][flwr][INFO] - 
[2024-10-16 04:23:05,650][flwr][INFO] - [ROUND 43]
[2024-10-16 04:23:05,650][flwr][INFO] - configure_fit: strategy sampled 5 clients (out of 50)
[2024-10-16 04:23:53,579][flwr][INFO] - aggregate_fit: received 5 results and 0 failures
[2024-10-16 04:24:16,854][flwr][INFO] - fit progress: (43, 257.1059980392456, {'accuracy': 0.7845403899721448}, 4734.543552457355)
[2024-10-16 04:24:16,854][flwr][INFO] - configure_evaluate: strategy sampled 2 clients (out of 50)
[2024-10-16 04:24:19,125][flwr][INFO] - aggregate_evaluate: received 2 results and 0 failures
[2024-10-16 04:24:19,125][flwr][INFO] - 
[2024-10-16 04:24:19,126][flwr][INFO] - [ROUND 44]
[2024-10-16 04:24:19,126][flwr][INFO] - configure_fit: strategy sampled 5 clients (out of 50)
[2024-10-16 04:25:18,695][flwr][INFO] - aggregate_fit: received 5 results and 0 failures
[2024-10-16 04:25:39,432][flwr][INFO] - fit progress: (44, 241.05989211797714, {'accuracy': 0.7639275766016713}, 4817.12211714033)
[2024-10-16 04:25:39,433][flwr][INFO] - configure_evaluate: strategy sampled 2 clients (out of 50)
[2024-10-16 04:25:42,443][flwr][INFO] - aggregate_evaluate: received 2 results and 0 failures
[2024-10-16 04:25:42,443][flwr][INFO] - 
[2024-10-16 04:25:42,443][flwr][INFO] - [ROUND 45]
[2024-10-16 04:25:42,443][flwr][INFO] - configure_fit: strategy sampled 5 clients (out of 50)
[2024-10-16 04:27:55,782][flwr][INFO] - aggregate_fit: received 5 results and 0 failures
[2024-10-16 04:28:16,976][flwr][INFO] - fit progress: (45, 298.7834378480911, {'accuracy': 0.7133704735376044}, 4974.665920170955)
[2024-10-16 04:28:16,976][flwr][INFO] - configure_evaluate: strategy sampled 2 clients (out of 50)
[2024-10-16 04:28:19,061][flwr][INFO] - aggregate_evaluate: received 2 results and 0 failures
[2024-10-16 04:28:19,062][flwr][INFO] - 
[2024-10-16 04:28:19,063][flwr][INFO] - [ROUND 46]
[2024-10-16 04:28:19,063][flwr][INFO] - configure_fit: strategy sampled 5 clients (out of 50)
[2024-10-16 04:30:28,895][flwr][INFO] - aggregate_fit: received 5 results and 0 failures
[2024-10-16 04:30:49,846][flwr][INFO] - fit progress: (46, 215.13332521915436, {'accuracy': 0.7126740947075209}, 5127.535644121468)
[2024-10-16 04:30:49,846][flwr][INFO] - configure_evaluate: strategy sampled 2 clients (out of 50)
[2024-10-16 04:30:52,553][flwr][INFO] - aggregate_evaluate: received 2 results and 0 failures
[2024-10-16 04:30:52,553][flwr][INFO] - 
[2024-10-16 04:30:52,553][flwr][INFO] - [ROUND 47]
[2024-10-16 04:30:52,553][flwr][INFO] - configure_fit: strategy sampled 5 clients (out of 50)
[2024-10-16 04:32:11,879][flwr][INFO] - aggregate_fit: received 5 results and 0 failures
[2024-10-16 04:32:30,675][flwr][INFO] - fit progress: (47, 200.67372392117977, {'accuracy': 0.7090529247910864}, 5228.364709365182)
[2024-10-16 04:32:30,675][flwr][INFO] - configure_evaluate: strategy sampled 2 clients (out of 50)
[2024-10-16 04:32:32,445][flwr][INFO] - aggregate_evaluate: received 2 results and 0 failures
[2024-10-16 04:32:32,445][flwr][INFO] - 
[2024-10-16 04:32:32,445][flwr][INFO] - [ROUND 48]
[2024-10-16 04:32:32,446][flwr][INFO] - configure_fit: strategy sampled 5 clients (out of 50)
[2024-10-16 04:34:40,911][flwr][INFO] - aggregate_fit: received 5 results and 0 failures
[2024-10-16 04:35:01,520][flwr][INFO] - fit progress: (48, 221.2930005788803, {'accuracy': 0.7288300835654596}, 5379.210112216882)
[2024-10-16 04:35:01,521][flwr][INFO] - configure_evaluate: strategy sampled 2 clients (out of 50)
[2024-10-16 04:35:04,345][flwr][INFO] - aggregate_evaluate: received 2 results and 0 failures
[2024-10-16 04:35:04,345][flwr][INFO] - 
[2024-10-16 04:35:04,345][flwr][INFO] - [ROUND 49]
[2024-10-16 04:35:04,345][flwr][INFO] - configure_fit: strategy sampled 5 clients (out of 50)
[2024-10-16 04:36:20,319][flwr][INFO] - aggregate_fit: received 5 results and 0 failures
[2024-10-16 04:36:42,018][flwr][INFO] - fit progress: (49, 188.9363634288311, {'accuracy': 0.6668523676880223}, 5479.70832126122)
[2024-10-16 04:36:42,019][flwr][INFO] - configure_evaluate: strategy sampled 2 clients (out of 50)
[2024-10-16 04:36:44,517][flwr][INFO] - aggregate_evaluate: received 2 results and 0 failures
[2024-10-16 04:36:44,518][flwr][INFO] - 
[2024-10-16 04:36:44,518][flwr][INFO] - [ROUND 50]
[2024-10-16 04:36:44,518][flwr][INFO] - configure_fit: strategy sampled 5 clients (out of 50)
[2024-10-16 04:38:02,199][flwr][INFO] - aggregate_fit: received 5 results and 0 failures
[2024-10-16 04:38:24,007][flwr][INFO] - fit progress: (50, 246.02224326133728, {'accuracy': 0.7257660167130919}, 5581.696443753317)
[2024-10-16 04:38:24,007][flwr][INFO] - configure_evaluate: strategy sampled 2 clients (out of 50)
[2024-10-16 04:38:26,561][flwr][INFO] - aggregate_evaluate: received 2 results and 0 failures
[2024-10-16 04:38:26,562][flwr][INFO] - 
[2024-10-16 04:38:26,562][flwr][INFO] - [ROUND 51]
[2024-10-16 04:38:26,562][flwr][INFO] - configure_fit: strategy sampled 5 clients (out of 50)
[2024-10-16 04:40:17,063][flwr][INFO] - aggregate_fit: received 5 results and 0 failures
[2024-10-16 04:40:37,567][flwr][INFO] - fit progress: (51, 227.5880969762802, {'accuracy': 0.7252089136490251}, 5715.257313263603)
[2024-10-16 04:40:37,568][flwr][INFO] - configure_evaluate: strategy sampled 2 clients (out of 50)
[2024-10-16 04:40:40,152][flwr][INFO] - aggregate_evaluate: received 2 results and 0 failures
[2024-10-16 04:40:40,152][flwr][INFO] - 
[2024-10-16 04:40:40,152][flwr][INFO] - [ROUND 52]
[2024-10-16 04:40:40,152][flwr][INFO] - configure_fit: strategy sampled 5 clients (out of 50)
[2024-10-16 04:42:41,463][flwr][INFO] - aggregate_fit: received 5 results and 0 failures
[2024-10-16 04:43:01,038][flwr][INFO] - fit progress: (52, 161.00617018342018, {'accuracy': 0.7562674094707521}, 5858.727917075157)
[2024-10-16 04:43:01,039][flwr][INFO] - configure_evaluate: strategy sampled 2 clients (out of 50)
[2024-10-16 04:43:03,160][flwr][INFO] - aggregate_evaluate: received 2 results and 0 failures
[2024-10-16 04:43:03,160][flwr][INFO] - 
[2024-10-16 04:43:03,160][flwr][INFO] - [ROUND 53]
[2024-10-16 04:43:03,161][flwr][INFO] - configure_fit: strategy sampled 5 clients (out of 50)
[2024-10-16 04:44:11,278][flwr][INFO] - aggregate_fit: received 5 results and 0 failures
[2024-10-16 04:44:31,302][flwr][INFO] - fit progress: (53, 172.4634954035282, {'accuracy': 0.7367688022284122}, 5948.991854871623)
[2024-10-16 04:44:31,302][flwr][INFO] - configure_evaluate: strategy sampled 2 clients (out of 50)
[2024-10-16 04:44:33,724][flwr][INFO] - aggregate_evaluate: received 2 results and 0 failures
[2024-10-16 04:44:33,725][flwr][INFO] - 
[2024-10-16 04:44:33,725][flwr][INFO] - [ROUND 54]
[2024-10-16 04:44:33,726][flwr][INFO] - configure_fit: strategy sampled 5 clients (out of 50)
[2024-10-16 04:46:04,917][flwr][INFO] - aggregate_fit: received 5 results and 0 failures
[2024-10-16 04:46:26,200][flwr][INFO] - fit progress: (54, 144.76855559647083, {'accuracy': 0.7725626740947075}, 6063.889746290632)
[2024-10-16 04:46:26,200][flwr][INFO] - configure_evaluate: strategy sampled 2 clients (out of 50)
[2024-10-16 04:46:28,798][flwr][INFO] - aggregate_evaluate: received 2 results and 0 failures
[2024-10-16 04:46:28,799][flwr][INFO] - 
[2024-10-16 04:46:28,799][flwr][INFO] - [ROUND 55]
[2024-10-16 04:46:28,799][flwr][INFO] - configure_fit: strategy sampled 5 clients (out of 50)
[2024-10-16 04:48:02,591][flwr][INFO] - aggregate_fit: received 5 results and 0 failures
[2024-10-16 04:48:22,859][flwr][INFO] - fit progress: (55, 365.2454676628113, {'accuracy': 0.6949860724233984}, 6180.54862449877)
[2024-10-16 04:48:22,859][flwr][INFO] - configure_evaluate: strategy sampled 2 clients (out of 50)
[2024-10-16 04:48:24,689][flwr][INFO] - aggregate_evaluate: received 2 results and 0 failures
[2024-10-16 04:48:24,689][flwr][INFO] - 
[2024-10-16 04:48:24,689][flwr][INFO] - [ROUND 56]
[2024-10-16 04:48:24,689][flwr][INFO] - configure_fit: strategy sampled 5 clients (out of 50)
[2024-10-16 04:49:14,891][flwr][INFO] - aggregate_fit: received 5 results and 0 failures
[2024-10-16 04:49:36,498][flwr][INFO] - fit progress: (56, 162.8813681602478, {'accuracy': 0.7307799442896936}, 6254.187962282449)
[2024-10-16 04:49:36,498][flwr][INFO] - configure_evaluate: strategy sampled 2 clients (out of 50)
[2024-10-16 04:49:38,843][flwr][INFO] - aggregate_evaluate: received 2 results and 0 failures
[2024-10-16 04:49:38,844][flwr][INFO] - 
[2024-10-16 04:49:38,844][flwr][INFO] - [ROUND 57]
[2024-10-16 04:49:38,844][flwr][INFO] - configure_fit: strategy sampled 5 clients (out of 50)
[2024-10-16 04:51:27,656][flwr][INFO] - aggregate_fit: received 5 results and 0 failures
[2024-10-16 04:51:49,094][flwr][INFO] - fit progress: (57, 119.84395730495453, {'accuracy': 0.8183844011142062}, 6386.783690945245)
[2024-10-16 04:51:49,094][flwr][INFO] - configure_evaluate: strategy sampled 2 clients (out of 50)
[2024-10-16 04:51:51,124][flwr][INFO] - aggregate_evaluate: received 2 results and 0 failures
[2024-10-16 04:51:51,125][flwr][INFO] - 
[2024-10-16 04:51:51,126][flwr][INFO] - [ROUND 58]
[2024-10-16 04:51:51,126][flwr][INFO] - configure_fit: strategy sampled 5 clients (out of 50)
[2024-10-16 04:53:04,265][flwr][INFO] - aggregate_fit: received 5 results and 0 failures
[2024-10-16 04:53:24,671][flwr][INFO] - fit progress: (58, 140.52536550164223, {'accuracy': 0.7825905292479108}, 6482.361122052185)
[2024-10-16 04:53:24,672][flwr][INFO] - configure_evaluate: strategy sampled 2 clients (out of 50)
[2024-10-16 04:53:27,380][flwr][INFO] - aggregate_evaluate: received 2 results and 0 failures
[2024-10-16 04:53:27,380][flwr][INFO] - 
[2024-10-16 04:53:27,381][flwr][INFO] - [ROUND 59]
[2024-10-16 04:53:27,381][flwr][INFO] - configure_fit: strategy sampled 5 clients (out of 50)
[2024-10-16 04:54:50,372][flwr][INFO] - aggregate_fit: received 5 results and 0 failures
[2024-10-16 04:55:09,692][flwr][INFO] - fit progress: (59, 318.73800027370453, {'accuracy': 0.7435933147632312}, 6587.382238404825)
[2024-10-16 04:55:09,693][flwr][INFO] - configure_evaluate: strategy sampled 2 clients (out of 50)
[2024-10-16 04:55:12,188][flwr][INFO] - aggregate_evaluate: received 2 results and 0 failures
[2024-10-16 04:55:12,188][flwr][INFO] - 
[2024-10-16 04:55:12,189][flwr][INFO] - [ROUND 60]
[2024-10-16 04:55:12,189][flwr][INFO] - configure_fit: strategy sampled 5 clients (out of 50)
[2024-10-16 04:56:10,744][flwr][INFO] - aggregate_fit: received 5 results and 0 failures
[2024-10-16 04:56:30,329][flwr][INFO] - fit progress: (60, 252.6378734111786, {'accuracy': 0.771309192200557}, 6668.019280795008)
[2024-10-16 04:56:30,330][flwr][INFO] - configure_evaluate: strategy sampled 2 clients (out of 50)
[2024-10-16 04:56:33,374][flwr][INFO] - aggregate_evaluate: received 2 results and 0 failures
[2024-10-16 04:56:33,374][flwr][INFO] - 
[2024-10-16 04:56:33,374][flwr][INFO] - [ROUND 61]
[2024-10-16 04:56:33,374][flwr][INFO] - configure_fit: strategy sampled 5 clients (out of 50)
[2024-10-16 04:57:48,615][flwr][INFO] - aggregate_fit: received 5 results and 0 failures
[2024-10-16 04:58:08,051][flwr][INFO] - fit progress: (61, 230.85472691059113, {'accuracy': 0.7874651810584958}, 6765.7405674299225)
[2024-10-16 04:58:08,051][flwr][INFO] - configure_evaluate: strategy sampled 2 clients (out of 50)
[2024-10-16 04:58:10,453][flwr][INFO] - aggregate_evaluate: received 2 results and 0 failures
[2024-10-16 04:58:10,453][flwr][INFO] - 
[2024-10-16 04:58:10,453][flwr][INFO] - [ROUND 62]
[2024-10-16 04:58:10,453][flwr][INFO] - configure_fit: strategy sampled 5 clients (out of 50)
[2024-10-16 04:59:07,588][flwr][INFO] - aggregate_fit: received 5 results and 0 failures
[2024-10-16 04:59:28,897][flwr][INFO] - fit progress: (62, 175.31244787573814, {'accuracy': 0.8}, 6846.587034855969)
[2024-10-16 04:59:28,898][flwr][INFO] - configure_evaluate: strategy sampled 2 clients (out of 50)
[2024-10-16 04:59:31,455][flwr][INFO] - aggregate_evaluate: received 2 results and 0 failures
[2024-10-16 04:59:31,456][flwr][INFO] - 
[2024-10-16 04:59:31,456][flwr][INFO] - [ROUND 63]
[2024-10-16 04:59:31,456][flwr][INFO] - configure_fit: strategy sampled 5 clients (out of 50)
[2024-10-16 05:01:07,680][flwr][INFO] - aggregate_fit: received 5 results and 0 failures
[2024-10-16 05:01:29,113][flwr][INFO] - fit progress: (63, 347.0446240901947, {'accuracy': 0.7437325905292479}, 6966.802697796375)
[2024-10-16 05:01:29,113][flwr][INFO] - configure_evaluate: strategy sampled 2 clients (out of 50)
[2024-10-16 05:01:31,154][flwr][INFO] - aggregate_evaluate: received 2 results and 0 failures
[2024-10-16 05:01:31,154][flwr][INFO] - 
[2024-10-16 05:01:31,155][flwr][INFO] - [ROUND 64]
[2024-10-16 05:01:31,155][flwr][INFO] - configure_fit: strategy sampled 5 clients (out of 50)
[2024-10-16 05:02:31,940][flwr][INFO] - aggregate_fit: received 5 results and 0 failures
[2024-10-16 05:02:52,679][flwr][INFO] - fit progress: (64, 146.71134613454342, {'accuracy': 0.7913649025069638}, 7050.368794914335)
[2024-10-16 05:02:52,679][flwr][INFO] - configure_evaluate: strategy sampled 2 clients (out of 50)
[2024-10-16 05:02:54,727][flwr][INFO] - aggregate_evaluate: received 2 results and 0 failures
[2024-10-16 05:02:54,727][flwr][INFO] - 
[2024-10-16 05:02:54,727][flwr][INFO] - [ROUND 65]
[2024-10-16 05:02:54,727][flwr][INFO] - configure_fit: strategy sampled 5 clients (out of 50)
[2024-10-16 05:04:43,825][flwr][INFO] - aggregate_fit: received 5 results and 0 failures
[2024-10-16 05:05:03,574][flwr][INFO] - fit progress: (65, 198.89085048437119, {'accuracy': 0.7523676880222842}, 7181.263789836317)
[2024-10-16 05:05:03,574][flwr][INFO] - configure_evaluate: strategy sampled 2 clients (out of 50)
[2024-10-16 05:05:06,054][flwr][INFO] - aggregate_evaluate: received 2 results and 0 failures
[2024-10-16 05:05:06,055][flwr][INFO] - 
[2024-10-16 05:05:06,055][flwr][INFO] - [ROUND 66]
[2024-10-16 05:05:06,056][flwr][INFO] - configure_fit: strategy sampled 5 clients (out of 50)
[2024-10-16 05:06:06,208][flwr][INFO] - aggregate_fit: received 5 results and 0 failures
[2024-10-16 05:06:26,628][flwr][INFO] - fit progress: (66, 205.15748119354248, {'accuracy': 0.7729805013927576}, 7264.317684074864)
[2024-10-16 05:06:26,628][flwr][INFO] - configure_evaluate: strategy sampled 2 clients (out of 50)
[2024-10-16 05:06:29,307][flwr][INFO] - aggregate_evaluate: received 2 results and 0 failures
[2024-10-16 05:06:29,308][flwr][INFO] - 
[2024-10-16 05:06:29,308][flwr][INFO] - [ROUND 67]
[2024-10-16 05:06:29,309][flwr][INFO] - configure_fit: strategy sampled 5 clients (out of 50)
[2024-10-16 05:07:31,094][flwr][INFO] - aggregate_fit: received 5 results and 0 failures
[2024-10-16 05:07:50,975][flwr][INFO] - fit progress: (67, 115.45451356470585, {'accuracy': 0.8231197771587744}, 7348.664596032351)
[2024-10-16 05:07:50,975][flwr][INFO] - configure_evaluate: strategy sampled 2 clients (out of 50)
[2024-10-16 05:07:53,286][flwr][INFO] - aggregate_evaluate: received 2 results and 0 failures
[2024-10-16 05:07:53,286][flwr][INFO] - 
[2024-10-16 05:07:53,286][flwr][INFO] - [ROUND 68]
[2024-10-16 05:07:53,286][flwr][INFO] - configure_fit: strategy sampled 5 clients (out of 50)
[2024-10-16 05:09:28,568][flwr][INFO] - aggregate_fit: received 5 results and 0 failures
[2024-10-16 05:09:47,460][flwr][INFO] - fit progress: (68, 178.12716820836067, {'accuracy': 0.7873259052924791}, 7465.149911710061)
[2024-10-16 05:09:47,460][flwr][INFO] - configure_evaluate: strategy sampled 2 clients (out of 50)
[2024-10-16 05:09:49,654][flwr][INFO] - aggregate_evaluate: received 2 results and 0 failures
[2024-10-16 05:09:49,654][flwr][INFO] - 
[2024-10-16 05:09:49,654][flwr][INFO] - [ROUND 69]
[2024-10-16 05:09:49,655][flwr][INFO] - configure_fit: strategy sampled 5 clients (out of 50)
[2024-10-16 05:12:21,749][flwr][INFO] - aggregate_fit: received 5 results and 0 failures
[2024-10-16 05:12:41,675][flwr][INFO] - fit progress: (69, 157.10256445407867, {'accuracy': 0.7831476323119777}, 7639.365053353831)
[2024-10-16 05:12:41,676][flwr][INFO] - configure_evaluate: strategy sampled 2 clients (out of 50)
[2024-10-16 05:12:43,967][flwr][INFO] - aggregate_evaluate: received 2 results and 0 failures
[2024-10-16 05:12:43,968][flwr][INFO] - 
[2024-10-16 05:12:43,968][flwr][INFO] - [ROUND 70]
[2024-10-16 05:12:43,968][flwr][INFO] - configure_fit: strategy sampled 5 clients (out of 50)
[2024-10-16 05:14:54,861][flwr][INFO] - aggregate_fit: received 5 results and 0 failures
[2024-10-16 05:15:14,089][flwr][INFO] - fit progress: (70, 160.42372032999992, {'accuracy': 0.7841225626740947}, 7791.778541121632)
[2024-10-16 05:15:14,089][flwr][INFO] - configure_evaluate: strategy sampled 2 clients (out of 50)
[2024-10-16 05:15:16,790][flwr][INFO] - aggregate_evaluate: received 2 results and 0 failures
[2024-10-16 05:15:16,791][flwr][INFO] - 
[2024-10-16 05:15:16,791][flwr][INFO] - [ROUND 71]
[2024-10-16 05:15:16,791][flwr][INFO] - configure_fit: strategy sampled 5 clients (out of 50)
[2024-10-16 05:16:09,729][flwr][INFO] - aggregate_fit: received 5 results and 0 failures
[2024-10-16 05:16:29,328][flwr][INFO] - fit progress: (71, 199.98384141921997, {'accuracy': 0.7972144846796657}, 7867.018366408534)
[2024-10-16 05:16:29,329][flwr][INFO] - configure_evaluate: strategy sampled 2 clients (out of 50)
[2024-10-16 05:16:31,246][flwr][INFO] - aggregate_evaluate: received 2 results and 0 failures
[2024-10-16 05:16:31,247][flwr][INFO] - 
[2024-10-16 05:16:31,247][flwr][INFO] - [ROUND 72]
[2024-10-16 05:16:31,247][flwr][INFO] - configure_fit: strategy sampled 5 clients (out of 50)
[2024-10-16 05:17:25,985][flwr][INFO] - aggregate_fit: received 5 results and 0 failures
[2024-10-16 05:17:45,536][flwr][INFO] - fit progress: (72, 335.9602711200714, {'accuracy': 0.7747910863509749}, 7943.225594736636)
[2024-10-16 05:17:45,536][flwr][INFO] - configure_evaluate: strategy sampled 2 clients (out of 50)
[2024-10-16 05:17:48,713][flwr][INFO] - aggregate_evaluate: received 2 results and 0 failures
[2024-10-16 05:17:48,713][flwr][INFO] - 
[2024-10-16 05:17:48,713][flwr][INFO] - [ROUND 73]
[2024-10-16 05:17:48,713][flwr][INFO] - configure_fit: strategy sampled 5 clients (out of 50)
[2024-10-16 05:19:28,284][flwr][INFO] - aggregate_fit: received 5 results and 0 failures
[2024-10-16 05:19:48,335][flwr][INFO] - fit progress: (73, 229.91501170396805, {'accuracy': 0.7346796657381616}, 8066.025149402209)
[2024-10-16 05:19:48,336][flwr][INFO] - configure_evaluate: strategy sampled 2 clients (out of 50)
[2024-10-16 05:19:51,559][flwr][INFO] - aggregate_evaluate: received 2 results and 0 failures
[2024-10-16 05:19:51,559][flwr][INFO] - 
[2024-10-16 05:19:51,559][flwr][INFO] - [ROUND 74]
[2024-10-16 05:19:51,559][flwr][INFO] - configure_fit: strategy sampled 5 clients (out of 50)
[2024-10-16 05:21:13,914][flwr][INFO] - aggregate_fit: received 5 results and 0 failures
[2024-10-16 05:21:34,024][flwr][INFO] - fit progress: (74, 212.0722976922989, {'accuracy': 0.7894150417827298}, 8171.713882790878)
[2024-10-16 05:21:34,024][flwr][INFO] - configure_evaluate: strategy sampled 2 clients (out of 50)
[2024-10-16 05:21:36,012][flwr][INFO] - aggregate_evaluate: received 2 results and 0 failures
[2024-10-16 05:21:36,013][flwr][INFO] - 
[2024-10-16 05:21:36,013][flwr][INFO] - [ROUND 75]
[2024-10-16 05:21:36,014][flwr][INFO] - configure_fit: strategy sampled 5 clients (out of 50)
[2024-10-16 05:23:32,601][flwr][INFO] - aggregate_fit: received 5 results and 0 failures
[2024-10-16 05:23:52,883][flwr][INFO] - fit progress: (75, 226.9732865691185, {'accuracy': 0.758774373259053}, 8310.573489647359)
[2024-10-16 05:23:52,884][flwr][INFO] - configure_evaluate: strategy sampled 2 clients (out of 50)
[2024-10-16 05:23:55,526][flwr][INFO] - aggregate_evaluate: received 2 results and 0 failures
[2024-10-16 05:23:55,526][flwr][INFO] - 
[2024-10-16 05:23:55,526][flwr][INFO] - [ROUND 76]
[2024-10-16 05:23:55,526][flwr][INFO] - configure_fit: strategy sampled 5 clients (out of 50)
[2024-10-16 05:24:45,175][flwr][INFO] - aggregate_fit: received 5 results and 0 failures
[2024-10-16 05:25:05,272][flwr][INFO] - fit progress: (76, 136.35426162183285, {'accuracy': 0.8}, 8382.961537629366)
[2024-10-16 05:25:05,272][flwr][INFO] - configure_evaluate: strategy sampled 2 clients (out of 50)
[2024-10-16 05:25:08,345][flwr][INFO] - aggregate_evaluate: received 2 results and 0 failures
[2024-10-16 05:25:08,346][flwr][INFO] - 
[2024-10-16 05:25:08,346][flwr][INFO] - [ROUND 77]
[2024-10-16 05:25:08,346][flwr][INFO] - configure_fit: strategy sampled 5 clients (out of 50)
[2024-10-16 05:26:14,036][flwr][INFO] - aggregate_fit: received 5 results and 0 failures
[2024-10-16 05:26:33,795][flwr][INFO] - fit progress: (77, 275.2524625658989, {'accuracy': 0.7410863509749304}, 8471.485112952068)
[2024-10-16 05:26:33,796][flwr][INFO] - configure_evaluate: strategy sampled 2 clients (out of 50)
[2024-10-16 05:26:35,657][flwr][INFO] - aggregate_evaluate: received 2 results and 0 failures
[2024-10-16 05:26:35,657][flwr][INFO] - 
[2024-10-16 05:26:35,657][flwr][INFO] - [ROUND 78]
[2024-10-16 05:26:35,657][flwr][INFO] - configure_fit: strategy sampled 5 clients (out of 50)
[2024-10-16 05:27:24,829][flwr][INFO] - aggregate_fit: received 5 results and 0 failures
[2024-10-16 05:27:45,693][flwr][INFO] - fit progress: (78, 311.70728266239166, {'accuracy': 0.7845403899721448}, 8543.38321750518)
[2024-10-16 05:27:45,694][flwr][INFO] - configure_evaluate: strategy sampled 2 clients (out of 50)
[2024-10-16 05:27:49,386][flwr][INFO] - aggregate_evaluate: received 2 results and 0 failures
[2024-10-16 05:27:49,386][flwr][INFO] - 
[2024-10-16 05:27:49,386][flwr][INFO] - [ROUND 79]
[2024-10-16 05:27:49,387][flwr][INFO] - configure_fit: strategy sampled 5 clients (out of 50)
[2024-10-16 05:29:49,804][flwr][INFO] - aggregate_fit: received 5 results and 0 failures
[2024-10-16 05:30:08,928][flwr][INFO] - fit progress: (79, 175.0150147974491, {'accuracy': 0.7905292479108635}, 8686.617807495408)
[2024-10-16 05:30:08,928][flwr][INFO] - configure_evaluate: strategy sampled 2 clients (out of 50)
[2024-10-16 05:30:10,998][flwr][INFO] - aggregate_evaluate: received 2 results and 0 failures
[2024-10-16 05:30:10,999][flwr][INFO] - 
[2024-10-16 05:30:10,999][flwr][INFO] - [ROUND 80]
[2024-10-16 05:30:10,999][flwr][INFO] - configure_fit: strategy sampled 5 clients (out of 50)
[2024-10-16 05:32:21,344][flwr][INFO] - aggregate_fit: received 5 results and 0 failures
[2024-10-16 05:32:42,190][flwr][INFO] - fit progress: (80, 195.81699115037918, {'accuracy': 0.7356545961002785}, 8839.880391142331)
[2024-10-16 05:32:42,191][flwr][INFO] - configure_evaluate: strategy sampled 2 clients (out of 50)
[2024-10-16 05:32:44,086][flwr][INFO] - aggregate_evaluate: received 2 results and 0 failures
[2024-10-16 05:32:44,086][flwr][INFO] - 
[2024-10-16 05:32:44,086][flwr][INFO] - [ROUND 81]
[2024-10-16 05:32:44,086][flwr][INFO] - configure_fit: strategy sampled 5 clients (out of 50)
[2024-10-16 05:34:32,693][flwr][INFO] - aggregate_fit: received 5 results and 0 failures
[2024-10-16 05:34:52,911][flwr][INFO] - fit progress: (81, 378.8579868078232, {'accuracy': 0.718941504178273}, 8970.601037465967)
[2024-10-16 05:34:52,912][flwr][INFO] - configure_evaluate: strategy sampled 2 clients (out of 50)
[2024-10-16 05:34:55,488][flwr][INFO] - aggregate_evaluate: received 2 results and 0 failures
[2024-10-16 05:34:55,489][flwr][INFO] - 
[2024-10-16 05:34:55,490][flwr][INFO] - [ROUND 82]
[2024-10-16 05:34:55,490][flwr][INFO] - configure_fit: strategy sampled 5 clients (out of 50)
[2024-10-16 05:35:48,098][flwr][INFO] - aggregate_fit: received 5 results and 0 failures
[2024-10-16 05:36:08,065][flwr][INFO] - fit progress: (82, 167.92634496092796, {'accuracy': 0.8001392757660167}, 9045.754779478535)
[2024-10-16 05:36:08,065][flwr][INFO] - configure_evaluate: strategy sampled 2 clients (out of 50)
[2024-10-16 05:36:10,531][flwr][INFO] - aggregate_evaluate: received 2 results and 0 failures
[2024-10-16 05:36:10,531][flwr][INFO] - 
[2024-10-16 05:36:10,531][flwr][INFO] - [ROUND 83]
[2024-10-16 05:36:10,531][flwr][INFO] - configure_fit: strategy sampled 5 clients (out of 50)
[2024-10-16 05:38:03,842][flwr][INFO] - aggregate_fit: received 5 results and 0 failures
[2024-10-16 05:38:24,631][flwr][INFO] - fit progress: (83, 194.49073231220245, {'accuracy': 0.7818941504178273}, 9182.320847677067)
[2024-10-16 05:38:24,631][flwr][INFO] - configure_evaluate: strategy sampled 2 clients (out of 50)
[2024-10-16 05:38:26,393][flwr][INFO] - aggregate_evaluate: received 2 results and 0 failures
[2024-10-16 05:38:26,394][flwr][INFO] - 
[2024-10-16 05:38:26,394][flwr][INFO] - [ROUND 84]
[2024-10-16 05:38:26,394][flwr][INFO] - configure_fit: strategy sampled 5 clients (out of 50)
[2024-10-16 05:40:08,007][flwr][INFO] - aggregate_fit: received 5 results and 0 failures
[2024-10-16 05:40:27,070][flwr][INFO] - fit progress: (84, 239.27417308092117, {'accuracy': 0.7674094707520891}, 9304.760249877349)
[2024-10-16 05:40:27,071][flwr][INFO] - configure_evaluate: strategy sampled 2 clients (out of 50)
[2024-10-16 05:40:30,264][flwr][INFO] - aggregate_evaluate: received 2 results and 0 failures
[2024-10-16 05:40:30,264][flwr][INFO] - 
[2024-10-16 05:40:30,264][flwr][INFO] - [ROUND 85]
[2024-10-16 05:40:30,265][flwr][INFO] - configure_fit: strategy sampled 5 clients (out of 50)
[2024-10-16 05:41:24,591][flwr][INFO] - aggregate_fit: received 5 results and 0 failures
[2024-10-16 05:41:44,800][flwr][INFO] - fit progress: (85, 135.38173560798168, {'accuracy': 0.8}, 9382.490348755382)
[2024-10-16 05:41:44,801][flwr][INFO] - configure_evaluate: strategy sampled 2 clients (out of 50)
[2024-10-16 05:41:46,825][flwr][INFO] - aggregate_evaluate: received 2 results and 0 failures
[2024-10-16 05:41:46,825][flwr][INFO] - 
[2024-10-16 05:41:46,826][flwr][INFO] - [ROUND 86]
[2024-10-16 05:41:46,826][flwr][INFO] - configure_fit: strategy sampled 5 clients (out of 50)
[2024-10-16 05:42:43,995][flwr][INFO] - aggregate_fit: received 5 results and 0 failures
[2024-10-16 05:43:04,926][flwr][INFO] - fit progress: (86, 143.7331486940384, {'accuracy': 0.7821727019498608}, 9462.61593560595)
[2024-10-16 05:43:04,926][flwr][INFO] - configure_evaluate: strategy sampled 2 clients (out of 50)
[2024-10-16 05:43:07,453][flwr][INFO] - aggregate_evaluate: received 2 results and 0 failures
[2024-10-16 05:43:07,453][flwr][INFO] - 
[2024-10-16 05:43:07,453][flwr][INFO] - [ROUND 87]
[2024-10-16 05:43:07,453][flwr][INFO] - configure_fit: strategy sampled 5 clients (out of 50)
[2024-10-16 05:44:27,745][flwr][INFO] - aggregate_fit: received 5 results and 0 failures
[2024-10-16 05:44:47,538][flwr][INFO] - fit progress: (87, 259.8332864642143, {'accuracy': 0.7394150417827298}, 9565.227628828958)
[2024-10-16 05:44:47,538][flwr][INFO] - configure_evaluate: strategy sampled 2 clients (out of 50)
[2024-10-16 05:44:49,711][flwr][INFO] - aggregate_evaluate: received 2 results and 0 failures
[2024-10-16 05:44:49,712][flwr][INFO] - 
[2024-10-16 05:44:49,712][flwr][INFO] - [ROUND 88]
[2024-10-16 05:44:49,712][flwr][INFO] - configure_fit: strategy sampled 5 clients (out of 50)
[2024-10-16 05:46:23,457][flwr][INFO] - aggregate_fit: received 5 results and 0 failures
[2024-10-16 05:46:43,107][flwr][INFO] - fit progress: (88, 317.93828934431076, {'accuracy': 0.7487465181058496}, 9680.797367000021)
[2024-10-16 05:46:43,108][flwr][INFO] - configure_evaluate: strategy sampled 2 clients (out of 50)
[2024-10-16 05:46:45,221][flwr][INFO] - aggregate_evaluate: received 2 results and 0 failures
[2024-10-16 05:46:45,222][flwr][INFO] - 
[2024-10-16 05:46:45,222][flwr][INFO] - [ROUND 89]
[2024-10-16 05:46:45,222][flwr][INFO] - configure_fit: strategy sampled 5 clients (out of 50)
[2024-10-16 05:48:52,102][flwr][INFO] - aggregate_fit: received 5 results and 0 failures
[2024-10-16 05:49:11,918][flwr][INFO] - fit progress: (89, 300.6250261068344, {'accuracy': 0.7562674094707521}, 9829.607877267525)
[2024-10-16 05:49:11,918][flwr][INFO] - configure_evaluate: strategy sampled 2 clients (out of 50)
[2024-10-16 05:49:14,962][flwr][INFO] - aggregate_evaluate: received 2 results and 0 failures
[2024-10-16 05:49:14,962][flwr][INFO] - 
[2024-10-16 05:49:14,962][flwr][INFO] - [ROUND 90]
[2024-10-16 05:49:14,962][flwr][INFO] - configure_fit: strategy sampled 5 clients (out of 50)
[2024-10-16 05:49:55,228][flwr][INFO] - aggregate_fit: received 5 results and 0 failures
[2024-10-16 05:50:15,526][flwr][INFO] - fit progress: (90, 175.41960045695305, {'accuracy': 0.8103064066852368}, 9893.215702817775)
[2024-10-16 05:50:15,526][flwr][INFO] - configure_evaluate: strategy sampled 2 clients (out of 50)
[2024-10-16 05:50:18,720][flwr][INFO] - aggregate_evaluate: received 2 results and 0 failures
[2024-10-16 05:50:18,720][flwr][INFO] - 
[2024-10-16 05:50:18,720][flwr][INFO] - [ROUND 91]
[2024-10-16 05:50:18,720][flwr][INFO] - configure_fit: strategy sampled 5 clients (out of 50)
[2024-10-16 05:51:50,269][flwr][INFO] - aggregate_fit: received 5 results and 0 failures
[2024-10-16 05:52:09,588][flwr][INFO] - fit progress: (91, 252.69328421354294, {'accuracy': 0.8089136490250697}, 10007.277943807654)
[2024-10-16 05:52:09,588][flwr][INFO] - configure_evaluate: strategy sampled 2 clients (out of 50)
[2024-10-16 05:52:11,575][flwr][INFO] - aggregate_evaluate: received 2 results and 0 failures
[2024-10-16 05:52:11,576][flwr][INFO] - 
[2024-10-16 05:52:11,576][flwr][INFO] - [ROUND 92]
[2024-10-16 05:52:11,576][flwr][INFO] - configure_fit: strategy sampled 5 clients (out of 50)
[2024-10-16 05:53:19,465][flwr][INFO] - aggregate_fit: received 5 results and 0 failures
[2024-10-16 05:53:40,915][flwr][INFO] - fit progress: (92, 328.2249220609665, {'accuracy': 0.8026462395543176}, 10098.60447266791)
[2024-10-16 05:53:40,915][flwr][INFO] - configure_evaluate: strategy sampled 2 clients (out of 50)
[2024-10-16 05:53:43,175][flwr][INFO] - aggregate_evaluate: received 2 results and 0 failures
[2024-10-16 05:53:43,175][flwr][INFO] - 
[2024-10-16 05:53:43,175][flwr][INFO] - [ROUND 93]
[2024-10-16 05:53:43,176][flwr][INFO] - configure_fit: strategy sampled 5 clients (out of 50)
[2024-10-16 05:55:21,542][flwr][INFO] - aggregate_fit: received 5 results and 0 failures
[2024-10-16 05:55:40,972][flwr][INFO] - fit progress: (93, 135.87232100963593, {'accuracy': 0.8043175487465181}, 10218.662137066014)
[2024-10-16 05:55:40,973][flwr][INFO] - configure_evaluate: strategy sampled 2 clients (out of 50)
[2024-10-16 05:55:43,136][flwr][INFO] - aggregate_evaluate: received 2 results and 0 failures
[2024-10-16 05:55:43,136][flwr][INFO] - 
[2024-10-16 05:55:43,136][flwr][INFO] - [ROUND 94]
[2024-10-16 05:55:43,136][flwr][INFO] - configure_fit: strategy sampled 5 clients (out of 50)
[2024-10-16 05:56:42,488][flwr][INFO] - aggregate_fit: received 5 results and 0 failures
[2024-10-16 05:57:02,952][flwr][INFO] - fit progress: (94, 144.41337737441063, {'accuracy': 0.7818941504178273}, 10300.642125992104)
[2024-10-16 05:57:02,953][flwr][INFO] - configure_evaluate: strategy sampled 2 clients (out of 50)
[2024-10-16 05:57:05,245][flwr][INFO] - aggregate_evaluate: received 2 results and 0 failures
[2024-10-16 05:57:05,245][flwr][INFO] - 
[2024-10-16 05:57:05,245][flwr][INFO] - [ROUND 95]
[2024-10-16 05:57:05,245][flwr][INFO] - configure_fit: strategy sampled 5 clients (out of 50)
[2024-10-16 05:58:22,799][flwr][INFO] - aggregate_fit: received 5 results and 0 failures
[2024-10-16 05:58:41,768][flwr][INFO] - fit progress: (95, 200.3488689661026, {'accuracy': 0.7888579387186629}, 10399.45833680965)
[2024-10-16 05:58:41,769][flwr][INFO] - configure_evaluate: strategy sampled 2 clients (out of 50)
[2024-10-16 05:58:44,031][flwr][INFO] - aggregate_evaluate: received 2 results and 0 failures
[2024-10-16 05:58:44,031][flwr][INFO] - 
[2024-10-16 05:58:44,032][flwr][INFO] - [ROUND 96]
[2024-10-16 05:58:44,032][flwr][INFO] - configure_fit: strategy sampled 5 clients (out of 50)
[2024-10-16 05:59:41,518][flwr][INFO] - aggregate_fit: received 5 results and 0 failures
[2024-10-16 06:00:01,228][flwr][INFO] - fit progress: (96, 255.32711553573608, {'accuracy': 0.7973537604456824}, 10478.917986459099)
[2024-10-16 06:00:01,229][flwr][INFO] - configure_evaluate: strategy sampled 2 clients (out of 50)
[2024-10-16 06:00:04,139][flwr][INFO] - aggregate_evaluate: received 2 results and 0 failures
[2024-10-16 06:00:04,140][flwr][INFO] - 
[2024-10-16 06:00:04,140][flwr][INFO] - [ROUND 97]
[2024-10-16 06:00:04,140][flwr][INFO] - configure_fit: strategy sampled 5 clients (out of 50)
[2024-10-16 06:02:04,899][flwr][INFO] - aggregate_fit: received 5 results and 0 failures
[2024-10-16 06:02:23,831][flwr][INFO] - fit progress: (97, 246.3033289015293, {'accuracy': 0.6374651810584958}, 10621.520700768568)
[2024-10-16 06:02:23,831][flwr][INFO] - configure_evaluate: strategy sampled 2 clients (out of 50)
[2024-10-16 06:02:26,216][flwr][INFO] - aggregate_evaluate: received 2 results and 0 failures
[2024-10-16 06:02:26,217][flwr][INFO] - 
[2024-10-16 06:02:26,217][flwr][INFO] - [ROUND 98]
[2024-10-16 06:02:26,217][flwr][INFO] - configure_fit: strategy sampled 5 clients (out of 50)
[2024-10-16 06:03:26,801][flwr][INFO] - aggregate_fit: received 5 results and 0 failures
[2024-10-16 06:03:46,346][flwr][INFO] - fit progress: (98, 145.56661009788513, {'accuracy': 0.781058495821727}, 10704.03594928421)
[2024-10-16 06:03:46,346][flwr][INFO] - configure_evaluate: strategy sampled 2 clients (out of 50)
[2024-10-16 06:03:48,548][flwr][INFO] - aggregate_evaluate: received 2 results and 0 failures
[2024-10-16 06:03:48,548][flwr][INFO] - 
[2024-10-16 06:03:48,548][flwr][INFO] - [ROUND 99]
[2024-10-16 06:03:48,548][flwr][INFO] - configure_fit: strategy sampled 5 clients (out of 50)
[2024-10-16 06:05:05,697][flwr][INFO] - aggregate_fit: received 5 results and 0 failures
[2024-10-16 06:05:26,341][flwr][INFO] - fit progress: (99, 154.94608083367348, {'accuracy': 0.7710306406685237}, 10804.03063627053)
[2024-10-16 06:05:26,341][flwr][INFO] - configure_evaluate: strategy sampled 2 clients (out of 50)
[2024-10-16 06:05:28,987][flwr][INFO] - aggregate_evaluate: received 2 results and 0 failures
[2024-10-16 06:05:28,987][flwr][INFO] - 
[2024-10-16 06:05:28,987][flwr][INFO] - [ROUND 100]
[2024-10-16 06:05:28,987][flwr][INFO] - configure_fit: strategy sampled 5 clients (out of 50)
[2024-10-16 06:06:44,810][flwr][INFO] - aggregate_fit: received 5 results and 0 failures
[2024-10-16 06:07:04,510][flwr][INFO] - fit progress: (100, 136.49135717749596, {'accuracy': 0.7884401114206128}, 10902.200196591206)
[2024-10-16 06:07:04,511][flwr][INFO] - configure_evaluate: strategy sampled 2 clients (out of 50)
[2024-10-16 06:07:07,726][flwr][INFO] - aggregate_evaluate: received 2 results and 0 failures
[2024-10-16 06:07:07,727][flwr][INFO] - 
[2024-10-16 06:07:07,727][flwr][INFO] - [SUMMARY]
[2024-10-16 06:07:07,727][flwr][INFO] - Run finished 100 round(s) in 10905.42s
[2024-10-16 06:07:07,730][flwr][INFO] - 	History (loss, distributed):
[2024-10-16 06:07:07,730][flwr][INFO] - 		round 1: 12.556688323087265
[2024-10-16 06:07:07,730][flwr][INFO] - 		round 2: 12.081046702335406
[2024-10-16 06:07:07,730][flwr][INFO] - 		round 3: 3.2614283734791605
[2024-10-16 06:07:07,730][flwr][INFO] - 		round 4: 7.792280625413965
[2024-10-16 06:07:07,730][flwr][INFO] - 		round 5: 4.5406856175926
[2024-10-16 06:07:07,731][flwr][INFO] - 		round 6: 3.5612992587425896
[2024-10-16 06:07:07,731][flwr][INFO] - 		round 7: 4.003162401655446
[2024-10-16 06:07:07,731][flwr][INFO] - 		round 8: 4.060169501507536
[2024-10-16 06:07:07,731][flwr][INFO] - 		round 9: 2.259732461959413
[2024-10-16 06:07:07,731][flwr][INFO] - 		round 10: 2.896720753380315
[2024-10-16 06:07:07,731][flwr][INFO] - 		round 11: 4.393516579378955
[2024-10-16 06:07:07,731][flwr][INFO] - 		round 12: 9.330438273839462
[2024-10-16 06:07:07,731][flwr][INFO] - 		round 13: 3.281729919569833
[2024-10-16 06:07:07,731][flwr][INFO] - 		round 14: 5.0970218288364695
[2024-10-16 06:07:07,731][flwr][INFO] - 		round 15: 2.2761213836998775
[2024-10-16 06:07:07,731][flwr][INFO] - 		round 16: 2.8926533479027765
[2024-10-16 06:07:07,731][flwr][INFO] - 		round 17: 2.24833141474878
[2024-10-16 06:07:07,731][flwr][INFO] - 		round 18: 1.879532984723436
[2024-10-16 06:07:07,731][flwr][INFO] - 		round 19: 5.075767729257673
[2024-10-16 06:07:07,731][flwr][INFO] - 		round 20: 5.143303468497563
[2024-10-16 06:07:07,731][flwr][INFO] - 		round 21: 1.9035047790278559
[2024-10-16 06:07:07,731][flwr][INFO] - 		round 22: 2.8054583974000886
[2024-10-16 06:07:07,731][flwr][INFO] - 		round 23: 2.5348040885113656
[2024-10-16 06:07:07,732][flwr][INFO] - 		round 24: 4.13289616819696
[2024-10-16 06:07:07,732][flwr][INFO] - 		round 25: 2.5511806663477197
[2024-10-16 06:07:07,732][flwr][INFO] - 		round 26: 4.393750176390177
[2024-10-16 06:07:07,732][flwr][INFO] - 		round 27: 2.710174360540178
[2024-10-16 06:07:07,732][flwr][INFO] - 		round 28: 4.074893565595749
[2024-10-16 06:07:07,732][flwr][INFO] - 		round 29: 7.684473193591061
[2024-10-16 06:07:07,732][flwr][INFO] - 		round 30: 1.191552477546885
[2024-10-16 06:07:07,732][flwr][INFO] - 		round 31: 6.506752305713139
[2024-10-16 06:07:07,732][flwr][INFO] - 		round 32: 1.3140183900277336
[2024-10-16 06:07:07,732][flwr][INFO] - 		round 33: 2.4593833811008015
[2024-10-16 06:07:07,732][flwr][INFO] - 		round 34: 3.685889249232054
[2024-10-16 06:07:07,732][flwr][INFO] - 		round 35: 1.1447818659934677
[2024-10-16 06:07:07,732][flwr][INFO] - 		round 36: 5.4883524912854895
[2024-10-16 06:07:07,732][flwr][INFO] - 		round 37: 2.860891765054268
[2024-10-16 06:07:07,732][flwr][INFO] - 		round 38: 2.356101127401475
[2024-10-16 06:07:07,732][flwr][INFO] - 		round 39: 2.853700966453264
[2024-10-16 06:07:07,732][flwr][INFO] - 		round 40: 2.908773120465102
[2024-10-16 06:07:07,732][flwr][INFO] - 		round 41: 3.1749120473861696
[2024-10-16 06:07:07,733][flwr][INFO] - 		round 42: 1.6539099959656596
[2024-10-16 06:07:07,733][flwr][INFO] - 		round 43: 2.4216236164004115
[2024-10-16 06:07:07,733][flwr][INFO] - 		round 44: 3.9120660916496726
[2024-10-16 06:07:07,733][flwr][INFO] - 		round 45: 2.717627689242363
[2024-10-16 06:07:07,733][flwr][INFO] - 		round 46: 3.8989426160451046
[2024-10-16 06:07:07,733][flwr][INFO] - 		round 47: 0.6055764242222434
[2024-10-16 06:07:07,733][flwr][INFO] - 		round 48: 3.864123638533056
[2024-10-16 06:07:07,733][flwr][INFO] - 		round 49: 2.29748783455813
[2024-10-16 06:07:07,733][flwr][INFO] - 		round 50: 2.1965093895842465
[2024-10-16 06:07:07,733][flwr][INFO] - 		round 51: 3.4413668995000877
[2024-10-16 06:07:07,733][flwr][INFO] - 		round 52: 3.2470178233182176
[2024-10-16 06:07:07,733][flwr][INFO] - 		round 53: 1.349067465951111
[2024-10-16 06:07:07,733][flwr][INFO] - 		round 54: 1.2465715603111616
[2024-10-16 06:07:07,733][flwr][INFO] - 		round 55: 3.3309286214687206
[2024-10-16 06:07:07,733][flwr][INFO] - 		round 56: 0.7217301716804504
[2024-10-16 06:07:07,733][flwr][INFO] - 		round 57: 0.8314281929744763
[2024-10-16 06:07:07,733][flwr][INFO] - 		round 58: 2.855704429637955
[2024-10-16 06:07:07,733][flwr][INFO] - 		round 59: 6.197497552609539
[2024-10-16 06:07:07,734][flwr][INFO] - 		round 60: 4.923257882723552
[2024-10-16 06:07:07,734][flwr][INFO] - 		round 61: 1.7584174981696068
[2024-10-16 06:07:07,734][flwr][INFO] - 		round 62: 2.4328357887799363
[2024-10-16 06:07:07,734][flwr][INFO] - 		round 63: 2.7565581237568573
[2024-10-16 06:07:07,734][flwr][INFO] - 		round 64: 1.0929743301342516
[2024-10-16 06:07:07,734][flwr][INFO] - 		round 65: 2.822930416183285
[2024-10-16 06:07:07,734][flwr][INFO] - 		round 66: 3.049662865713033
[2024-10-16 06:07:07,734][flwr][INFO] - 		round 67: 1.4408457861390225
[2024-10-16 06:07:07,734][flwr][INFO] - 		round 68: 2.1144317634727643
[2024-10-16 06:07:07,734][flwr][INFO] - 		round 69: 1.6221107701078439
[2024-10-16 06:07:07,734][flwr][INFO] - 		round 70: 3.180943280888727
[2024-10-16 06:07:07,734][flwr][INFO] - 		round 71: 1.5826455019191354
[2024-10-16 06:07:07,734][flwr][INFO] - 		round 72: 9.770079547087047
[2024-10-16 06:07:07,734][flwr][INFO] - 		round 73: 6.7192144019592215
[2024-10-16 06:07:07,734][flwr][INFO] - 		round 74: 5.307739509706912
[2024-10-16 06:07:07,734][flwr][INFO] - 		round 75: 2.0074718538168312
[2024-10-16 06:07:07,734][flwr][INFO] - 		round 76: 3.3150801633196108
[2024-10-16 06:07:07,734][flwr][INFO] - 		round 77: 3.157170362142195
[2024-10-16 06:07:07,735][flwr][INFO] - 		round 78: 8.936304443785591
[2024-10-16 06:07:07,735][flwr][INFO] - 		round 79: 1.7036986527442932
[2024-10-16 06:07:07,735][flwr][INFO] - 		round 80: 1.800039746402915
[2024-10-16 06:07:07,735][flwr][INFO] - 		round 81: 3.592011205188891
[2024-10-16 06:07:07,735][flwr][INFO] - 		round 82: 2.534475451918209
[2024-10-16 06:07:07,735][flwr][INFO] - 		round 83: 1.045005816998689
[2024-10-16 06:07:07,735][flwr][INFO] - 		round 84: 3.343568063020027
[2024-10-16 06:07:07,735][flwr][INFO] - 		round 85: 0.5497376097917137
[2024-10-16 06:07:07,735][flwr][INFO] - 		round 86: 3.8589857288962346
[2024-10-16 06:07:07,735][flwr][INFO] - 		round 87: 2.063805113513156
[2024-10-16 06:07:07,735][flwr][INFO] - 		round 88: 4.394203189115499
[2024-10-16 06:07:07,735][flwr][INFO] - 		round 89: 5.602710625383338
[2024-10-16 06:07:07,735][flwr][INFO] - 		round 90: 1.3269183487820446
[2024-10-16 06:07:07,735][flwr][INFO] - 		round 91: 1.5840179661307672
[2024-10-16 06:07:07,735][flwr][INFO] - 		round 92: 6.317199843913076
[2024-10-16 06:07:07,735][flwr][INFO] - 		round 93: 1.3197038946146111
[2024-10-16 06:07:07,735][flwr][INFO] - 		round 94: 2.587746594824008
[2024-10-16 06:07:07,735][flwr][INFO] - 		round 95: 2.493775040476626
[2024-10-16 06:07:07,736][flwr][INFO] - 		round 96: 6.150290407505622
[2024-10-16 06:07:07,736][flwr][INFO] - 		round 97: 3.0873001409988654
[2024-10-16 06:07:07,736][flwr][INFO] - 		round 98: 0.9474211305379867
[2024-10-16 06:07:07,736][flwr][INFO] - 		round 99: 4.429064479475131
[2024-10-16 06:07:07,736][flwr][INFO] - 		round 100: 2.668958621372863
[2024-10-16 06:07:07,736][flwr][INFO] - 	History (loss, centralized):
[2024-10-16 06:07:07,736][flwr][INFO] - 		round 0: 503.2880485057831
[2024-10-16 06:07:07,736][flwr][INFO] - 		round 1: 483.9598824977875
[2024-10-16 06:07:07,736][flwr][INFO] - 		round 2: 382.914732336998
[2024-10-16 06:07:07,736][flwr][INFO] - 		round 3: 370.39747726917267
[2024-10-16 06:07:07,736][flwr][INFO] - 		round 4: 349.29135620594025
[2024-10-16 06:07:07,736][flwr][INFO] - 		round 5: 279.3332796692848
[2024-10-16 06:07:07,736][flwr][INFO] - 		round 6: 227.43769991397858
[2024-10-16 06:07:07,736][flwr][INFO] - 		round 7: 234.2516503930092
[2024-10-16 06:07:07,736][flwr][INFO] - 		round 8: 289.0525133013725
[2024-10-16 06:07:07,736][flwr][INFO] - 		round 9: 230.60081189870834
[2024-10-16 06:07:07,736][flwr][INFO] - 		round 10: 250.81821393966675
[2024-10-16 06:07:07,736][flwr][INFO] - 		round 11: 240.10660660266876
[2024-10-16 06:07:07,737][flwr][INFO] - 		round 12: 220.7129807472229
[2024-10-16 06:07:07,737][flwr][INFO] - 		round 13: 168.09357872605324
[2024-10-16 06:07:07,737][flwr][INFO] - 		round 14: 162.00810053944588
[2024-10-16 06:07:07,737][flwr][INFO] - 		round 15: 171.8421739935875
[2024-10-16 06:07:07,737][flwr][INFO] - 		round 16: 173.7737575918436
[2024-10-16 06:07:07,737][flwr][INFO] - 		round 17: 201.81118991971016
[2024-10-16 06:07:07,737][flwr][INFO] - 		round 18: 213.39902997016907
[2024-10-16 06:07:07,737][flwr][INFO] - 		round 19: 218.03571006655693
[2024-10-16 06:07:07,737][flwr][INFO] - 		round 20: 250.42528384923935
[2024-10-16 06:07:07,737][flwr][INFO] - 		round 21: 288.3200732469559
[2024-10-16 06:07:07,737][flwr][INFO] - 		round 22: 290.8546612262726
[2024-10-16 06:07:07,737][flwr][INFO] - 		round 23: 301.399845123291
[2024-10-16 06:07:07,737][flwr][INFO] - 		round 24: 232.30013781785965
[2024-10-16 06:07:07,737][flwr][INFO] - 		round 25: 195.00462007522583
[2024-10-16 06:07:07,737][flwr][INFO] - 		round 26: 351.37258875370026
[2024-10-16 06:07:07,737][flwr][INFO] - 		round 27: 203.66582214832306
[2024-10-16 06:07:07,737][flwr][INFO] - 		round 28: 218.89700824022293
[2024-10-16 06:07:07,737][flwr][INFO] - 		round 29: 303.0344226360321
[2024-10-16 06:07:07,737][flwr][INFO] - 		round 30: 296.6320824623108
[2024-10-16 06:07:07,738][flwr][INFO] - 		round 31: 214.00649470090866
[2024-10-16 06:07:07,738][flwr][INFO] - 		round 32: 147.90593442320824
[2024-10-16 06:07:07,738][flwr][INFO] - 		round 33: 189.53095000982285
[2024-10-16 06:07:07,738][flwr][INFO] - 		round 34: 238.54780250787735
[2024-10-16 06:07:07,738][flwr][INFO] - 		round 35: 178.31426307559013
[2024-10-16 06:07:07,738][flwr][INFO] - 		round 36: 255.51054275035858
[2024-10-16 06:07:07,738][flwr][INFO] - 		round 37: 239.09194922447205
[2024-10-16 06:07:07,738][flwr][INFO] - 		round 38: 172.8896653354168
[2024-10-16 06:07:07,738][flwr][INFO] - 		round 39: 224.5318220257759
[2024-10-16 06:07:07,738][flwr][INFO] - 		round 40: 232.81821686029434
[2024-10-16 06:07:07,738][flwr][INFO] - 		round 41: 157.20175683498383
[2024-10-16 06:07:07,738][flwr][INFO] - 		round 42: 154.6589159965515
[2024-10-16 06:07:07,738][flwr][INFO] - 		round 43: 257.1059980392456
[2024-10-16 06:07:07,738][flwr][INFO] - 		round 44: 241.05989211797714
[2024-10-16 06:07:07,738][flwr][INFO] - 		round 45: 298.7834378480911
[2024-10-16 06:07:07,738][flwr][INFO] - 		round 46: 215.13332521915436
[2024-10-16 06:07:07,738][flwr][INFO] - 		round 47: 200.67372392117977
[2024-10-16 06:07:07,738][flwr][INFO] - 		round 48: 221.2930005788803
[2024-10-16 06:07:07,739][flwr][INFO] - 		round 49: 188.9363634288311
[2024-10-16 06:07:07,739][flwr][INFO] - 		round 50: 246.02224326133728
[2024-10-16 06:07:07,739][flwr][INFO] - 		round 51: 227.5880969762802
[2024-10-16 06:07:07,739][flwr][INFO] - 		round 52: 161.00617018342018
[2024-10-16 06:07:07,739][flwr][INFO] - 		round 53: 172.4634954035282
[2024-10-16 06:07:07,739][flwr][INFO] - 		round 54: 144.76855559647083
[2024-10-16 06:07:07,739][flwr][INFO] - 		round 55: 365.2454676628113
[2024-10-16 06:07:07,739][flwr][INFO] - 		round 56: 162.8813681602478
[2024-10-16 06:07:07,739][flwr][INFO] - 		round 57: 119.84395730495453
[2024-10-16 06:07:07,739][flwr][INFO] - 		round 58: 140.52536550164223
[2024-10-16 06:07:07,739][flwr][INFO] - 		round 59: 318.73800027370453
[2024-10-16 06:07:07,739][flwr][INFO] - 		round 60: 252.6378734111786
[2024-10-16 06:07:07,739][flwr][INFO] - 		round 61: 230.85472691059113
[2024-10-16 06:07:07,739][flwr][INFO] - 		round 62: 175.31244787573814
[2024-10-16 06:07:07,739][flwr][INFO] - 		round 63: 347.0446240901947
[2024-10-16 06:07:07,739][flwr][INFO] - 		round 64: 146.71134613454342
[2024-10-16 06:07:07,739][flwr][INFO] - 		round 65: 198.89085048437119
[2024-10-16 06:07:07,739][flwr][INFO] - 		round 66: 205.15748119354248
[2024-10-16 06:07:07,739][flwr][INFO] - 		round 67: 115.45451356470585
[2024-10-16 06:07:07,740][flwr][INFO] - 		round 68: 178.12716820836067
[2024-10-16 06:07:07,740][flwr][INFO] - 		round 69: 157.10256445407867
[2024-10-16 06:07:07,740][flwr][INFO] - 		round 70: 160.42372032999992
[2024-10-16 06:07:07,740][flwr][INFO] - 		round 71: 199.98384141921997
[2024-10-16 06:07:07,740][flwr][INFO] - 		round 72: 335.9602711200714
[2024-10-16 06:07:07,740][flwr][INFO] - 		round 73: 229.91501170396805
[2024-10-16 06:07:07,740][flwr][INFO] - 		round 74: 212.0722976922989
[2024-10-16 06:07:07,740][flwr][INFO] - 		round 75: 226.9732865691185
[2024-10-16 06:07:07,740][flwr][INFO] - 		round 76: 136.35426162183285
[2024-10-16 06:07:07,740][flwr][INFO] - 		round 77: 275.2524625658989
[2024-10-16 06:07:07,740][flwr][INFO] - 		round 78: 311.70728266239166
[2024-10-16 06:07:07,740][flwr][INFO] - 		round 79: 175.0150147974491
[2024-10-16 06:07:07,740][flwr][INFO] - 		round 80: 195.81699115037918
[2024-10-16 06:07:07,740][flwr][INFO] - 		round 81: 378.8579868078232
[2024-10-16 06:07:07,740][flwr][INFO] - 		round 82: 167.92634496092796
[2024-10-16 06:07:07,740][flwr][INFO] - 		round 83: 194.49073231220245
[2024-10-16 06:07:07,740][flwr][INFO] - 		round 84: 239.27417308092117
[2024-10-16 06:07:07,740][flwr][INFO] - 		round 85: 135.38173560798168
[2024-10-16 06:07:07,741][flwr][INFO] - 		round 86: 143.7331486940384
[2024-10-16 06:07:07,741][flwr][INFO] - 		round 87: 259.8332864642143
[2024-10-16 06:07:07,741][flwr][INFO] - 		round 88: 317.93828934431076
[2024-10-16 06:07:07,741][flwr][INFO] - 		round 89: 300.6250261068344
[2024-10-16 06:07:07,741][flwr][INFO] - 		round 90: 175.41960045695305
[2024-10-16 06:07:07,741][flwr][INFO] - 		round 91: 252.69328421354294
[2024-10-16 06:07:07,741][flwr][INFO] - 		round 92: 328.2249220609665
[2024-10-16 06:07:07,741][flwr][INFO] - 		round 93: 135.87232100963593
[2024-10-16 06:07:07,741][flwr][INFO] - 		round 94: 144.41337737441063
[2024-10-16 06:07:07,741][flwr][INFO] - 		round 95: 200.3488689661026
[2024-10-16 06:07:07,741][flwr][INFO] - 		round 96: 255.32711553573608
[2024-10-16 06:07:07,741][flwr][INFO] - 		round 97: 246.3033289015293
[2024-10-16 06:07:07,741][flwr][INFO] - 		round 98: 145.56661009788513
[2024-10-16 06:07:07,741][flwr][INFO] - 		round 99: 154.94608083367348
[2024-10-16 06:07:07,741][flwr][INFO] - 		round 100: 136.49135717749596
[2024-10-16 06:07:07,741][flwr][INFO] - 	History (metrics, distributed, evaluate):
[2024-10-16 06:07:07,741][flwr][INFO] - 	{'accuracy': [(1, 0.20247295208655333),
[2024-10-16 06:07:07,741][flwr][INFO] - 	              (2, 0.34285714285714286),
[2024-10-16 06:07:07,742][flwr][INFO] - 	              (3, 0.8404907975460123),
[2024-10-16 06:07:07,742][flwr][INFO] - 	              (4, 0.3786008230452675),
[2024-10-16 06:07:07,742][flwr][INFO] - 	              (5, 0.7129629629629629),
[2024-10-16 06:07:07,742][flwr][INFO] - 	              (6, 0.5394190871369294),
[2024-10-16 06:07:07,742][flwr][INFO] - 	              (7, 0.7152173913043478),
[2024-10-16 06:07:07,742][flwr][INFO] - 	              (8, 0.4425531914893617),
[2024-10-16 06:07:07,742][flwr][INFO] - 	              (9, 0.7669902912621359),
[2024-10-16 06:07:07,742][flwr][INFO] - 	              (10, 0.6666666666666666),
[2024-10-16 06:07:07,742][flwr][INFO] - 	              (11, 0.631578947368421),
[2024-10-16 06:07:07,742][flwr][INFO] - 	              (12, 0.4855769230769231),
[2024-10-16 06:07:07,742][flwr][INFO] - 	              (13, 0.734375),
[2024-10-16 06:07:07,742][flwr][INFO] - 	              (14, 0.5373134328358209),
[2024-10-16 06:07:07,742][flwr][INFO] - 	              (15, 0.7103448275862069),
[2024-10-16 06:07:07,742][flwr][INFO] - 	              (16, 0.6872586872586872),
[2024-10-16 06:07:07,742][flwr][INFO] - 	              (17, 0.818407960199005),
[2024-10-16 06:07:07,742][flwr][INFO] - 	              (18, 0.7148936170212766),
[2024-10-16 06:07:07,742][flwr][INFO] - 	              (19, 0.47150259067357514),
[2024-10-16 06:07:07,742][flwr][INFO] - 	              (20, 0.7137176938369781),
[2024-10-16 06:07:07,743][flwr][INFO] - 	              (21, 0.7565217391304347),
[2024-10-16 06:07:07,743][flwr][INFO] - 	              (22, 0.624390243902439),
[2024-10-16 06:07:07,743][flwr][INFO] - 	              (23, 0.7702127659574468),
[2024-10-16 06:07:07,743][flwr][INFO] - 	              (24, 0.8091353996737357),
[2024-10-16 06:07:07,743][flwr][INFO] - 	              (25, 0.660377358490566),
[2024-10-16 06:07:07,743][flwr][INFO] - 	              (26, 0.5726141078838174),
[2024-10-16 06:07:07,743][flwr][INFO] - 	              (27, 0.762962962962963),
[2024-10-16 06:07:07,743][flwr][INFO] - 	              (28, 0.8907035175879398),
[2024-10-16 06:07:07,743][flwr][INFO] - 	              (29, 0.7001934235976789),
[2024-10-16 06:07:07,743][flwr][INFO] - 	              (30, 0.7974683544303798),
[2024-10-16 06:07:07,743][flwr][INFO] - 	              (31, 0.6151315789473685),
[2024-10-16 06:07:07,743][flwr][INFO] - 	              (32, 0.8597402597402597),
[2024-10-16 06:07:07,743][flwr][INFO] - 	              (33, 0.8736263736263736),
[2024-10-16 06:07:07,743][flwr][INFO] - 	              (34, 0.8369351669941061),
[2024-10-16 06:07:07,743][flwr][INFO] - 	              (35, 0.9159663865546218),
[2024-10-16 06:07:07,743][flwr][INFO] - 	              (36, 0.6173913043478261),
[2024-10-16 06:07:07,743][flwr][INFO] - 	              (37, 0.7436708860759493),
[2024-10-16 06:07:07,743][flwr][INFO] - 	              (38, 0.7419354838709677),
[2024-10-16 06:07:07,743][flwr][INFO] - 	              (39, 0.7915407854984894),
[2024-10-16 06:07:07,744][flwr][INFO] - 	              (40, 0.7148148148148148),
[2024-10-16 06:07:07,744][flwr][INFO] - 	              (41, 0.5222222222222223),
[2024-10-16 06:07:07,744][flwr][INFO] - 	              (42, 0.8625),
[2024-10-16 06:07:07,744][flwr][INFO] - 	              (43, 0.8432203389830508),
[2024-10-16 06:07:07,744][flwr][INFO] - 	              (44, 0.8329411764705882),
[2024-10-16 06:07:07,744][flwr][INFO] - 	              (45, 0.9074074074074074),
[2024-10-16 06:07:07,744][flwr][INFO] - 	              (46, 0.7619047619047619),
[2024-10-16 06:07:07,744][flwr][INFO] - 	              (47, 0.8026315789473685),
[2024-10-16 06:07:07,744][flwr][INFO] - 	              (48, 0.7979166666666667),
[2024-10-16 06:07:07,744][flwr][INFO] - 	              (49, 0.7914438502673797),
[2024-10-16 06:07:07,744][flwr][INFO] - 	              (50, 0.8239202657807309),
[2024-10-16 06:07:07,744][flwr][INFO] - 	              (51, 0.8285714285714286),
[2024-10-16 06:07:07,744][flwr][INFO] - 	              (52, 0.6843971631205674),
[2024-10-16 06:07:07,744][flwr][INFO] - 	              (53, 0.7947019867549668),
[2024-10-16 06:07:07,744][flwr][INFO] - 	              (54, 0.7941176470588235),
[2024-10-16 06:07:07,744][flwr][INFO] - 	              (55, 0.8611111111111112),
[2024-10-16 06:07:07,744][flwr][INFO] - 	              (56, 0.916),
[2024-10-16 06:07:07,744][flwr][INFO] - 	              (57, 0.8202247191011236),
[2024-10-16 06:07:07,745][flwr][INFO] - 	              (58, 0.7550200803212851),
[2024-10-16 06:07:07,745][flwr][INFO] - 	              (59, 0.8266932270916335),
[2024-10-16 06:07:07,745][flwr][INFO] - 	              (60, 0.7874251497005988),
[2024-10-16 06:07:07,745][flwr][INFO] - 	              (61, 0.8092485549132948),
[2024-10-16 06:07:07,745][flwr][INFO] - 	              (62, 0.8662952646239555),
[2024-10-16 06:07:07,745][flwr][INFO] - 	              (63, 0.8137254901960784),
[2024-10-16 06:07:07,745][flwr][INFO] - 	              (64, 0.7745098039215687),
[2024-10-16 06:07:07,745][flwr][INFO] - 	              (65, 0.7035830618892508),
[2024-10-16 06:07:07,745][flwr][INFO] - 	              (66, 0.8816568047337278),
[2024-10-16 06:07:07,745][flwr][INFO] - 	              (67, 0.8471760797342193),
[2024-10-16 06:07:07,745][flwr][INFO] - 	              (68, 0.7608695652173914),
[2024-10-16 06:07:07,745][flwr][INFO] - 	              (69, 0.7948717948717948),
[2024-10-16 06:07:07,745][flwr][INFO] - 	              (70, 0.8419452887537994),
[2024-10-16 06:07:07,745][flwr][INFO] - 	              (71, 0.8143712574850299),
[2024-10-16 06:07:07,745][flwr][INFO] - 	              (72, 0.8910133843212237),
[2024-10-16 06:07:07,745][flwr][INFO] - 	              (73, 0.785829307568438),
[2024-10-16 06:07:07,745][flwr][INFO] - 	              (74, 0.6550724637681159),
[2024-10-16 06:07:07,745][flwr][INFO] - 	              (75, 0.8851351351351351),
[2024-10-16 06:07:07,746][flwr][INFO] - 	              (76, 0.8423005565862709),
[2024-10-16 06:07:07,746][flwr][INFO] - 	              (77, 0.6144578313253012),
[2024-10-16 06:07:07,746][flwr][INFO] - 	              (78, 0.8034076015727392),
[2024-10-16 06:07:07,746][flwr][INFO] - 	              (79, 0.788),
[2024-10-16 06:07:07,746][flwr][INFO] - 	              (80, 0.6209150326797386),
[2024-10-16 06:07:07,746][flwr][INFO] - 	              (81, 0.8324607329842932),
[2024-10-16 06:07:07,746][flwr][INFO] - 	              (82, 0.8541176470588235),
[2024-10-16 06:07:07,746][flwr][INFO] - 	              (83, 0.7913043478260869),
[2024-10-16 06:07:07,746][flwr][INFO] - 	              (84, 0.9031339031339032),
[2024-10-16 06:07:07,746][flwr][INFO] - 	              (85, 0.9330985915492958),
[2024-10-16 06:07:07,746][flwr][INFO] - 	              (86, 0.7229219143576826),
[2024-10-16 06:07:07,746][flwr][INFO] - 	              (87, 0.8884462151394422),
[2024-10-16 06:07:07,746][flwr][INFO] - 	              (88, 0.8294573643410853),
[2024-10-16 06:07:07,746][flwr][INFO] - 	              (89, 0.8862559241706162),
[2024-10-16 06:07:07,746][flwr][INFO] - 	              (90, 0.9060150375939849),
[2024-10-16 06:07:07,746][flwr][INFO] - 	              (91, 0.7373737373737373),
[2024-10-16 06:07:07,746][flwr][INFO] - 	              (92, 0.7681940700808625),
[2024-10-16 06:07:07,746][flwr][INFO] - 	              (93, 0.7830188679245284),
[2024-10-16 06:07:07,746][flwr][INFO] - 	              (94, 0.8233830845771144),
[2024-10-16 06:07:07,747][flwr][INFO] - 	              (95, 0.8672086720867209),
[2024-10-16 06:07:07,747][flwr][INFO] - 	              (96, 0.8398058252427184),
[2024-10-16 06:07:07,747][flwr][INFO] - 	              (97, 0.6710526315789473),
[2024-10-16 06:07:07,747][flwr][INFO] - 	              (98, 0.8916666666666667),
[2024-10-16 06:07:07,747][flwr][INFO] - 	              (99, 0.8330605564648118),
[2024-10-16 06:07:07,747][flwr][INFO] - 	              (100, 0.8600337268128162)]}
[2024-10-16 06:07:07,747][flwr][INFO] - 	History (metrics, centralized):
[2024-10-16 06:07:07,747][flwr][INFO] - 	{'accuracy': [(0, 0.09860724233983287),
[2024-10-16 06:07:07,747][flwr][INFO] - 	              (1, 0.19025069637883008),
[2024-10-16 06:07:07,747][flwr][INFO] - 	              (2, 0.4915041782729805),
[2024-10-16 06:07:07,747][flwr][INFO] - 	              (3, 0.5328690807799443),
[2024-10-16 06:07:07,747][flwr][INFO] - 	              (4, 0.39944289693593316),
[2024-10-16 06:07:07,747][flwr][INFO] - 	              (5, 0.5041782729805014),
[2024-10-16 06:07:07,747][flwr][INFO] - 	              (6, 0.7057103064066852),
[2024-10-16 06:07:07,747][flwr][INFO] - 	              (7, 0.6511142061281338),
[2024-10-16 06:07:07,747][flwr][INFO] - 	              (8, 0.5894150417827299),
[2024-10-16 06:07:07,747][flwr][INFO] - 	              (9, 0.667966573816156),
[2024-10-16 06:07:07,747][flwr][INFO] - 	              (10, 0.6536211699164345),
[2024-10-16 06:07:07,748][flwr][INFO] - 	              (11, 0.6796657381615598),
[2024-10-16 06:07:07,748][flwr][INFO] - 	              (12, 0.6935933147632312),
[2024-10-16 06:07:07,748][flwr][INFO] - 	              (13, 0.7598885793871867),
[2024-10-16 06:07:07,748][flwr][INFO] - 	              (14, 0.7487465181058496),
[2024-10-16 06:07:07,748][flwr][INFO] - 	              (15, 0.7506963788300836),
[2024-10-16 06:07:07,748][flwr][INFO] - 	              (16, 0.7516713091922006),
[2024-10-16 06:07:07,748][flwr][INFO] - 	              (17, 0.7011142061281337),
[2024-10-16 06:07:07,748][flwr][INFO] - 	              (18, 0.7037604456824512),
[2024-10-16 06:07:07,748][flwr][INFO] - 	              (19, 0.6916434540389972),
[2024-10-16 06:07:07,748][flwr][INFO] - 	              (20, 0.699025069637883),
[2024-10-16 06:07:07,748][flwr][INFO] - 	              (21, 0.6739554317548746),
[2024-10-16 06:07:07,748][flwr][INFO] - 	              (22, 0.6498607242339833),
[2024-10-16 06:07:07,748][flwr][INFO] - 	              (23, 0.6742339832869081),
[2024-10-16 06:07:07,748][flwr][INFO] - 	              (24, 0.7441504178272981),
[2024-10-16 06:07:07,748][flwr][INFO] - 	              (25, 0.7952646239554317),
[2024-10-16 06:07:07,748][flwr][INFO] - 	              (26, 0.6426183844011142),
[2024-10-16 06:07:07,748][flwr][INFO] - 	              (27, 0.7033426183844012),
[2024-10-16 06:07:07,748][flwr][INFO] - 	              (28, 0.7066852367688022),
[2024-10-16 06:07:07,748][flwr][INFO] - 	              (29, 0.6605849582172701),
[2024-10-16 06:07:07,749][flwr][INFO] - 	              (30, 0.6745125348189415),
[2024-10-16 06:07:07,749][flwr][INFO] - 	              (31, 0.7086350974930362),
[2024-10-16 06:07:07,749][flwr][INFO] - 	              (32, 0.7697771587743732),
[2024-10-16 06:07:07,749][flwr][INFO] - 	              (33, 0.707799442896936),
[2024-10-16 06:07:07,749][flwr][INFO] - 	              (34, 0.7469359331476323),
[2024-10-16 06:07:07,749][flwr][INFO] - 	              (35, 0.791782729805014),
[2024-10-16 06:07:07,749][flwr][INFO] - 	              (36, 0.6697771587743733),
[2024-10-16 06:07:07,749][flwr][INFO] - 	              (37, 0.7770194986072423),
[2024-10-16 06:07:07,749][flwr][INFO] - 	              (38, 0.7870473537604457),
[2024-10-16 06:07:07,749][flwr][INFO] - 	              (39, 0.7710306406685237),
[2024-10-16 06:07:07,749][flwr][INFO] - 	              (40, 0.753899721448468),
[2024-10-16 06:07:07,749][flwr][INFO] - 	              (41, 0.7586350974930363),
[2024-10-16 06:07:07,749][flwr][INFO] - 	              (42, 0.7799442896935933),
[2024-10-16 06:07:07,749][flwr][INFO] - 	              (43, 0.7845403899721448),
[2024-10-16 06:07:07,749][flwr][INFO] - 	              (44, 0.7639275766016713),
[2024-10-16 06:07:07,749][flwr][INFO] - 	              (45, 0.7133704735376044),
[2024-10-16 06:07:07,749][flwr][INFO] - 	              (46, 0.7126740947075209),
[2024-10-16 06:07:07,749][flwr][INFO] - 	              (47, 0.7090529247910864),
[2024-10-16 06:07:07,750][flwr][INFO] - 	              (48, 0.7288300835654596),
[2024-10-16 06:07:07,750][flwr][INFO] - 	              (49, 0.6668523676880223),
[2024-10-16 06:07:07,750][flwr][INFO] - 	              (50, 0.7257660167130919),
[2024-10-16 06:07:07,750][flwr][INFO] - 	              (51, 0.7252089136490251),
[2024-10-16 06:07:07,750][flwr][INFO] - 	              (52, 0.7562674094707521),
[2024-10-16 06:07:07,750][flwr][INFO] - 	              (53, 0.7367688022284122),
[2024-10-16 06:07:07,750][flwr][INFO] - 	              (54, 0.7725626740947075),
[2024-10-16 06:07:07,750][flwr][INFO] - 	              (55, 0.6949860724233984),
[2024-10-16 06:07:07,750][flwr][INFO] - 	              (56, 0.7307799442896936),
[2024-10-16 06:07:07,750][flwr][INFO] - 	              (57, 0.8183844011142062),
[2024-10-16 06:07:07,750][flwr][INFO] - 	              (58, 0.7825905292479108),
[2024-10-16 06:07:07,750][flwr][INFO] - 	              (59, 0.7435933147632312),
[2024-10-16 06:07:07,750][flwr][INFO] - 	              (60, 0.771309192200557),
[2024-10-16 06:07:07,750][flwr][INFO] - 	              (61, 0.7874651810584958),
[2024-10-16 06:07:07,750][flwr][INFO] - 	              (62, 0.8),
[2024-10-16 06:07:07,750][flwr][INFO] - 	              (63, 0.7437325905292479),
[2024-10-16 06:07:07,750][flwr][INFO] - 	              (64, 0.7913649025069638),
[2024-10-16 06:07:07,750][flwr][INFO] - 	              (65, 0.7523676880222842),
[2024-10-16 06:07:07,750][flwr][INFO] - 	              (66, 0.7729805013927576),
[2024-10-16 06:07:07,751][flwr][INFO] - 	              (67, 0.8231197771587744),
[2024-10-16 06:07:07,751][flwr][INFO] - 	              (68, 0.7873259052924791),
[2024-10-16 06:07:07,751][flwr][INFO] - 	              (69, 0.7831476323119777),
[2024-10-16 06:07:07,751][flwr][INFO] - 	              (70, 0.7841225626740947),
[2024-10-16 06:07:07,751][flwr][INFO] - 	              (71, 0.7972144846796657),
[2024-10-16 06:07:07,751][flwr][INFO] - 	              (72, 0.7747910863509749),
[2024-10-16 06:07:07,751][flwr][INFO] - 	              (73, 0.7346796657381616),
[2024-10-16 06:07:07,751][flwr][INFO] - 	              (74, 0.7894150417827298),
[2024-10-16 06:07:07,751][flwr][INFO] - 	              (75, 0.758774373259053),
[2024-10-16 06:07:07,751][flwr][INFO] - 	              (76, 0.8),
[2024-10-16 06:07:07,751][flwr][INFO] - 	              (77, 0.7410863509749304),
[2024-10-16 06:07:07,751][flwr][INFO] - 	              (78, 0.7845403899721448),
[2024-10-16 06:07:07,751][flwr][INFO] - 	              (79, 0.7905292479108635),
[2024-10-16 06:07:07,751][flwr][INFO] - 	              (80, 0.7356545961002785),
[2024-10-16 06:07:07,751][flwr][INFO] - 	              (81, 0.718941504178273),
[2024-10-16 06:07:07,751][flwr][INFO] - 	              (82, 0.8001392757660167),
[2024-10-16 06:07:07,751][flwr][INFO] - 	              (83, 0.7818941504178273),
[2024-10-16 06:07:07,751][flwr][INFO] - 	              (84, 0.7674094707520891),
[2024-10-16 06:07:07,751][flwr][INFO] - 	              (85, 0.8),
[2024-10-16 06:07:07,752][flwr][INFO] - 	              (86, 0.7821727019498608),
[2024-10-16 06:07:07,752][flwr][INFO] - 	              (87, 0.7394150417827298),
[2024-10-16 06:07:07,752][flwr][INFO] - 	              (88, 0.7487465181058496),
[2024-10-16 06:07:07,752][flwr][INFO] - 	              (89, 0.7562674094707521),
[2024-10-16 06:07:07,752][flwr][INFO] - 	              (90, 0.8103064066852368),
[2024-10-16 06:07:07,752][flwr][INFO] - 	              (91, 0.8089136490250697),
[2024-10-16 06:07:07,752][flwr][INFO] - 	              (92, 0.8026462395543176),
[2024-10-16 06:07:07,752][flwr][INFO] - 	              (93, 0.8043175487465181),
[2024-10-16 06:07:07,752][flwr][INFO] - 	              (94, 0.7818941504178273),
[2024-10-16 06:07:07,752][flwr][INFO] - 	              (95, 0.7888579387186629),
[2024-10-16 06:07:07,752][flwr][INFO] - 	              (96, 0.7973537604456824),
[2024-10-16 06:07:07,752][flwr][INFO] - 	              (97, 0.6374651810584958),
[2024-10-16 06:07:07,752][flwr][INFO] - 	              (98, 0.781058495821727),
[2024-10-16 06:07:07,752][flwr][INFO] - 	              (99, 0.7710306406685237),
[2024-10-16 06:07:07,752][flwr][INFO] - 	              (100, 0.7884401114206128)]}
[2024-10-16 06:07:07,752][flwr][INFO] - 
