[2024-10-09 23:50:39,260][flwr][INFO] - Starting Flower simulation, config: num_rounds=100, no round_timeout
[2024-10-09 23:50:42,822][flwr][INFO] - Flower VCE: Ray initialized with resources: {'accelerator_type:G': 1.0, 'GPU': 1.0, 'node:__internal_head__': 1.0, 'CPU': 256.0, 'memory': 159407448269.0, 'object_store_memory': 72603192115.0, 'node:115.145.172.224': 1.0}
[2024-10-09 23:50:42,822][flwr][INFO] - Optimize your simulation with Flower VCE: https://flower.ai/docs/framework/how-to-run-simulations.html
[2024-10-09 23:50:42,822][flwr][INFO] - Flower VCE: Resources for each Virtual Client: {'num_cpus': 64, 'num_gpus': 0.1}
[2024-10-09 23:50:42,834][flwr][INFO] - Flower VCE: Creating VirtualClientEngineActorPool with 4 actors
[2024-10-09 23:50:42,834][flwr][INFO] - [INIT]
[2024-10-09 23:50:42,835][flwr][INFO] - Requesting initial parameters from one random client
[2024-10-09 23:50:47,647][flwr][INFO] - Received initial parameters from one random client
[2024-10-09 23:50:47,648][flwr][INFO] - Evaluating initial global parameters
[2024-10-09 23:52:06,000][flwr][INFO] - initial parameters (loss, other metrics): 3124.021516561508, {'accuracy': 0.11869712351945855}
[2024-10-09 23:52:06,001][flwr][INFO] - 
[2024-10-09 23:52:06,001][flwr][INFO] - [ROUND 1]
[2024-10-09 23:52:06,001][flwr][INFO] - configure_fit: strategy sampled 5 clients (out of 50)
[2024-10-09 23:53:04,440][flwr][INFO] - aggregate_fit: received 5 results and 0 failures
[2024-10-09 23:53:04,676][flwr][WARNING] - No fit_metrics_aggregation_fn provided
[2024-10-09 23:54:06,838][flwr][INFO] - fit progress: (1, 2990.4485350847244, {'accuracy': 0.32561336717428085}, 120.8371234703809)
[2024-10-09 23:54:06,839][flwr][INFO] - configure_evaluate: strategy sampled 2 clients (out of 50)
[2024-10-09 23:54:08,979][flwr][INFO] - aggregate_evaluate: received 2 results and 0 failures
[2024-10-09 23:54:08,979][flwr][INFO] - 
[2024-10-09 23:54:08,979][flwr][INFO] - [ROUND 2]
[2024-10-09 23:54:08,980][flwr][INFO] - configure_fit: strategy sampled 5 clients (out of 50)
[2024-10-09 23:54:30,305][flwr][INFO] - aggregate_fit: received 5 results and 0 failures
[2024-10-09 23:55:37,927][flwr][INFO] - fit progress: (2, 3416.1400500535965, {'accuracy': 0.17079103214890018}, 211.92558334954083)
[2024-10-09 23:55:37,927][flwr][INFO] - configure_evaluate: strategy sampled 2 clients (out of 50)
[2024-10-09 23:55:41,105][flwr][INFO] - aggregate_evaluate: received 2 results and 0 failures
[2024-10-09 23:55:41,105][flwr][INFO] - 
[2024-10-09 23:55:41,105][flwr][INFO] - [ROUND 3]
[2024-10-09 23:55:41,105][flwr][INFO] - configure_fit: strategy sampled 5 clients (out of 50)
[2024-10-09 23:56:12,385][flwr][INFO] - aggregate_fit: received 5 results and 0 failures
[2024-10-09 23:57:11,309][flwr][INFO] - fit progress: (3, 3065.0730184316635, {'accuracy': 0.2696065989847716}, 305.3083711229265)
[2024-10-09 23:57:11,310][flwr][INFO] - configure_evaluate: strategy sampled 2 clients (out of 50)
[2024-10-09 23:57:14,068][flwr][INFO] - aggregate_evaluate: received 2 results and 0 failures
[2024-10-09 23:57:14,069][flwr][INFO] - 
[2024-10-09 23:57:14,069][flwr][INFO] - [ROUND 4]
[2024-10-09 23:57:14,069][flwr][INFO] - configure_fit: strategy sampled 5 clients (out of 50)
[2024-10-09 23:58:04,337][flwr][INFO] - aggregate_fit: received 5 results and 0 failures
[2024-10-09 23:59:04,407][flwr][INFO] - fit progress: (4, 2871.771839618683, {'accuracy': 0.27774957698815567}, 418.406458218582)
[2024-10-09 23:59:04,408][flwr][INFO] - configure_evaluate: strategy sampled 2 clients (out of 50)
[2024-10-09 23:59:05,679][flwr][INFO] - aggregate_evaluate: received 2 results and 0 failures
[2024-10-09 23:59:05,679][flwr][INFO] - 
[2024-10-09 23:59:05,679][flwr][INFO] - [ROUND 5]
[2024-10-09 23:59:05,680][flwr][INFO] - configure_fit: strategy sampled 5 clients (out of 50)
[2024-10-09 23:59:39,971][flwr][INFO] - aggregate_fit: received 5 results and 0 failures
[2024-10-10 00:00:39,230][flwr][INFO] - fit progress: (5, 2690.6770939826965, {'accuracy': 0.3403976311336717}, 513.2294342722744)
[2024-10-10 00:00:39,231][flwr][INFO] - configure_evaluate: strategy sampled 2 clients (out of 50)
[2024-10-10 00:00:40,600][flwr][INFO] - aggregate_evaluate: received 2 results and 0 failures
[2024-10-10 00:00:40,600][flwr][INFO] - 
[2024-10-10 00:00:40,600][flwr][INFO] - [ROUND 6]
[2024-10-10 00:00:40,600][flwr][INFO] - configure_fit: strategy sampled 5 clients (out of 50)
[2024-10-10 00:01:45,310][flwr][INFO] - aggregate_fit: received 5 results and 0 failures
[2024-10-10 00:02:48,227][flwr][INFO] - fit progress: (6, 2605.636296391487, {'accuracy': 0.38343908629441625}, 642.22581244912)
[2024-10-10 00:02:48,227][flwr][INFO] - configure_evaluate: strategy sampled 2 clients (out of 50)
[2024-10-10 00:02:49,373][flwr][INFO] - aggregate_evaluate: received 2 results and 0 failures
[2024-10-10 00:02:49,374][flwr][INFO] - 
[2024-10-10 00:02:49,374][flwr][INFO] - [ROUND 7]
[2024-10-10 00:02:49,374][flwr][INFO] - configure_fit: strategy sampled 5 clients (out of 50)
[2024-10-10 00:03:14,221][flwr][INFO] - aggregate_fit: received 5 results and 0 failures
[2024-10-10 00:04:08,879][flwr][INFO] - fit progress: (7, 2548.9473980665207, {'accuracy': 0.371256345177665}, 722.8780937856063)
[2024-10-10 00:04:08,886][flwr][INFO] - configure_evaluate: strategy sampled 2 clients (out of 50)
[2024-10-10 00:04:10,922][flwr][INFO] - aggregate_evaluate: received 2 results and 0 failures
[2024-10-10 00:04:10,922][flwr][INFO] - 
[2024-10-10 00:04:10,922][flwr][INFO] - [ROUND 8]
[2024-10-10 00:04:10,922][flwr][INFO] - configure_fit: strategy sampled 5 clients (out of 50)
[2024-10-10 00:04:47,191][flwr][INFO] - aggregate_fit: received 5 results and 0 failures
[2024-10-10 00:05:45,970][flwr][INFO] - fit progress: (8, 2641.7181577682495, {'accuracy': 0.36670896785109985}, 819.9688808685169)
[2024-10-10 00:05:45,970][flwr][INFO] - configure_evaluate: strategy sampled 2 clients (out of 50)
[2024-10-10 00:05:47,811][flwr][INFO] - aggregate_evaluate: received 2 results and 0 failures
[2024-10-10 00:05:47,811][flwr][INFO] - 
[2024-10-10 00:05:47,811][flwr][INFO] - [ROUND 9]
[2024-10-10 00:05:47,811][flwr][INFO] - configure_fit: strategy sampled 5 clients (out of 50)
[2024-10-10 00:06:38,848][flwr][INFO] - aggregate_fit: received 5 results and 0 failures
[2024-10-10 00:07:43,194][flwr][INFO] - fit progress: (9, 2617.698394536972, {'accuracy': 0.3767554991539763}, 937.1933000665158)
[2024-10-10 00:07:43,195][flwr][INFO] - configure_evaluate: strategy sampled 2 clients (out of 50)
[2024-10-10 00:07:44,061][flwr][INFO] - aggregate_evaluate: received 2 results and 0 failures
[2024-10-10 00:07:44,061][flwr][INFO] - 
[2024-10-10 00:07:44,061][flwr][INFO] - [ROUND 10]
[2024-10-10 00:07:44,061][flwr][INFO] - configure_fit: strategy sampled 5 clients (out of 50)
[2024-10-10 00:08:03,380][flwr][INFO] - aggregate_fit: received 5 results and 0 failures
[2024-10-10 00:09:05,065][flwr][INFO] - fit progress: (10, 2673.184361100197, {'accuracy': 0.374090524534687}, 1019.0643274467438)
[2024-10-10 00:09:05,066][flwr][INFO] - configure_evaluate: strategy sampled 2 clients (out of 50)
[2024-10-10 00:09:07,100][flwr][INFO] - aggregate_evaluate: received 2 results and 0 failures
[2024-10-10 00:09:07,100][flwr][INFO] - 
[2024-10-10 00:09:07,100][flwr][INFO] - [ROUND 11]
[2024-10-10 00:09:07,100][flwr][INFO] - configure_fit: strategy sampled 5 clients (out of 50)
[2024-10-10 00:09:41,524][flwr][INFO] - aggregate_fit: received 5 results and 0 failures
[2024-10-10 00:10:45,516][flwr][INFO] - fit progress: (11, 2572.26801776886, {'accuracy': 0.38472927241962773}, 1119.5155192334205)
[2024-10-10 00:10:45,517][flwr][INFO] - configure_evaluate: strategy sampled 2 clients (out of 50)
[2024-10-10 00:10:48,984][flwr][INFO] - aggregate_evaluate: received 2 results and 0 failures
[2024-10-10 00:10:48,985][flwr][INFO] - 
[2024-10-10 00:10:48,985][flwr][INFO] - [ROUND 12]
[2024-10-10 00:10:48,985][flwr][INFO] - configure_fit: strategy sampled 5 clients (out of 50)
[2024-10-10 00:12:11,009][flwr][INFO] - aggregate_fit: received 5 results and 0 failures
[2024-10-10 00:13:11,623][flwr][INFO] - fit progress: (12, 3519.8660789728165, {'accuracy': 0.3604060913705584}, 1265.6219629915431)
[2024-10-10 00:13:11,624][flwr][INFO] - configure_evaluate: strategy sampled 2 clients (out of 50)
[2024-10-10 00:13:12,801][flwr][INFO] - aggregate_evaluate: received 2 results and 0 failures
[2024-10-10 00:13:12,801][flwr][INFO] - 
[2024-10-10 00:13:12,801][flwr][INFO] - [ROUND 13]
[2024-10-10 00:13:12,802][flwr][INFO] - configure_fit: strategy sampled 5 clients (out of 50)
[2024-10-10 00:14:36,824][flwr][INFO] - aggregate_fit: received 5 results and 0 failures
[2024-10-10 00:15:36,468][flwr][INFO] - fit progress: (13, 3415.1194655895233, {'accuracy': 0.27419627749576986}, 1410.467453867197)
[2024-10-10 00:15:36,469][flwr][INFO] - configure_evaluate: strategy sampled 2 clients (out of 50)
[2024-10-10 00:15:37,556][flwr][INFO] - aggregate_evaluate: received 2 results and 0 failures
[2024-10-10 00:15:37,556][flwr][INFO] - 
[2024-10-10 00:15:37,556][flwr][INFO] - [ROUND 14]
[2024-10-10 00:15:37,556][flwr][INFO] - configure_fit: strategy sampled 5 clients (out of 50)
[2024-10-10 00:16:55,957][flwr][INFO] - aggregate_fit: received 5 results and 0 failures
[2024-10-10 00:17:48,299][flwr][INFO] - fit progress: (14, 2702.2103888988495, {'accuracy': 0.3115059221658206}, 1542.298496258445)
[2024-10-10 00:17:48,300][flwr][INFO] - configure_evaluate: strategy sampled 2 clients (out of 50)
[2024-10-10 00:17:49,583][flwr][INFO] - aggregate_evaluate: received 2 results and 0 failures
[2024-10-10 00:17:49,583][flwr][INFO] - 
[2024-10-10 00:17:49,583][flwr][INFO] - [ROUND 15]
[2024-10-10 00:17:49,583][flwr][INFO] - configure_fit: strategy sampled 5 clients (out of 50)
[2024-10-10 00:18:30,771][flwr][INFO] - aggregate_fit: received 5 results and 0 failures
[2024-10-10 00:19:35,913][flwr][INFO] - fit progress: (15, 3034.6209794282913, {'accuracy': 0.4225042301184433}, 1649.9121415028349)
[2024-10-10 00:19:35,914][flwr][INFO] - configure_evaluate: strategy sampled 2 clients (out of 50)
[2024-10-10 00:19:39,257][flwr][INFO] - aggregate_evaluate: received 2 results and 0 failures
[2024-10-10 00:19:39,257][flwr][INFO] - 
[2024-10-10 00:19:39,257][flwr][INFO] - [ROUND 16]
[2024-10-10 00:19:39,258][flwr][INFO] - configure_fit: strategy sampled 5 clients (out of 50)
[2024-10-10 00:21:13,075][flwr][INFO] - aggregate_fit: received 5 results and 0 failures
[2024-10-10 00:22:09,750][flwr][INFO] - fit progress: (16, 2774.279016494751, {'accuracy': 0.46579949238578683}, 1803.7486524134874)
[2024-10-10 00:22:09,750][flwr][INFO] - configure_evaluate: strategy sampled 2 clients (out of 50)
[2024-10-10 00:22:11,718][flwr][INFO] - aggregate_evaluate: received 2 results and 0 failures
[2024-10-10 00:22:11,719][flwr][INFO] - 
[2024-10-10 00:22:11,719][flwr][INFO] - [ROUND 17]
[2024-10-10 00:22:11,719][flwr][INFO] - configure_fit: strategy sampled 5 clients (out of 50)
[2024-10-10 00:22:54,949][flwr][INFO] - aggregate_fit: received 5 results and 0 failures
[2024-10-10 00:24:00,668][flwr][INFO] - fit progress: (17, 2905.907297730446, {'accuracy': 0.41618020304568526}, 1914.6667882613838)
[2024-10-10 00:24:00,668][flwr][INFO] - configure_evaluate: strategy sampled 2 clients (out of 50)
[2024-10-10 00:24:02,936][flwr][INFO] - aggregate_evaluate: received 2 results and 0 failures
[2024-10-10 00:24:02,936][flwr][INFO] - 
[2024-10-10 00:24:02,936][flwr][INFO] - [ROUND 18]
[2024-10-10 00:24:02,936][flwr][INFO] - configure_fit: strategy sampled 5 clients (out of 50)
[2024-10-10 00:24:56,262][flwr][INFO] - aggregate_fit: received 5 results and 0 failures
[2024-10-10 00:26:07,613][flwr][INFO] - fit progress: (18, 2327.7919307351112, {'accuracy': 0.43318527918781724}, 2041.6119425138459)
[2024-10-10 00:26:07,613][flwr][INFO] - configure_evaluate: strategy sampled 2 clients (out of 50)
[2024-10-10 00:26:09,532][flwr][INFO] - aggregate_evaluate: received 2 results and 0 failures
[2024-10-10 00:26:09,532][flwr][INFO] - 
[2024-10-10 00:26:09,532][flwr][INFO] - [ROUND 19]
[2024-10-10 00:26:09,532][flwr][INFO] - configure_fit: strategy sampled 5 clients (out of 50)
[2024-10-10 00:26:28,003][flwr][INFO] - aggregate_fit: received 5 results and 0 failures
[2024-10-10 00:27:25,569][flwr][INFO] - fit progress: (19, 2470.625431895256, {'accuracy': 0.4299915397631134}, 2119.5684806834906)
[2024-10-10 00:27:25,570][flwr][INFO] - configure_evaluate: strategy sampled 2 clients (out of 50)
[2024-10-10 00:27:26,621][flwr][INFO] - aggregate_evaluate: received 2 results and 0 failures
[2024-10-10 00:27:26,622][flwr][INFO] - 
[2024-10-10 00:27:26,623][flwr][INFO] - [ROUND 20]
[2024-10-10 00:27:26,623][flwr][INFO] - configure_fit: strategy sampled 5 clients (out of 50)
[2024-10-10 00:28:15,395][flwr][INFO] - aggregate_fit: received 5 results and 0 failures
[2024-10-10 00:29:16,120][flwr][INFO] - fit progress: (20, 3225.654993534088, {'accuracy': 0.2977791878172589}, 2230.119428482838)
[2024-10-10 00:29:16,122][flwr][INFO] - configure_evaluate: strategy sampled 2 clients (out of 50)
[2024-10-10 00:29:17,393][flwr][INFO] - aggregate_evaluate: received 2 results and 0 failures
[2024-10-10 00:29:17,393][flwr][INFO] - 
[2024-10-10 00:29:17,393][flwr][INFO] - [ROUND 21]
[2024-10-10 00:29:17,394][flwr][INFO] - configure_fit: strategy sampled 5 clients (out of 50)
[2024-10-10 00:30:47,934][flwr][INFO] - aggregate_fit: received 5 results and 0 failures
[2024-10-10 00:31:49,253][flwr][INFO] - fit progress: (21, 2671.7845948934555, {'accuracy': 0.29168781725888326}, 2383.2519763801247)
[2024-10-10 00:31:49,253][flwr][INFO] - configure_evaluate: strategy sampled 2 clients (out of 50)
[2024-10-10 00:31:51,206][flwr][INFO] - aggregate_evaluate: received 2 results and 0 failures
[2024-10-10 00:31:51,206][flwr][INFO] - 
[2024-10-10 00:31:51,206][flwr][INFO] - [ROUND 22]
[2024-10-10 00:31:51,207][flwr][INFO] - configure_fit: strategy sampled 5 clients (out of 50)
[2024-10-10 00:32:33,998][flwr][INFO] - aggregate_fit: received 5 results and 0 failures
[2024-10-10 00:33:25,263][flwr][INFO] - fit progress: (22, 2828.695442676544, {'accuracy': 0.4046954314720812}, 2479.262263515964)
[2024-10-10 00:33:25,264][flwr][INFO] - configure_evaluate: strategy sampled 2 clients (out of 50)
[2024-10-10 00:33:29,106][flwr][INFO] - aggregate_evaluate: received 2 results and 0 failures
[2024-10-10 00:33:29,106][flwr][INFO] - 
[2024-10-10 00:33:29,106][flwr][INFO] - [ROUND 23]
[2024-10-10 00:33:29,107][flwr][INFO] - configure_fit: strategy sampled 5 clients (out of 50)
[2024-10-10 00:34:58,227][flwr][INFO] - aggregate_fit: received 5 results and 0 failures
[2024-10-10 00:35:58,872][flwr][INFO] - fit progress: (23, 2762.6123818159103, {'accuracy': 0.22480964467005077}, 2632.8706725565717)
[2024-10-10 00:35:58,872][flwr][INFO] - configure_evaluate: strategy sampled 2 clients (out of 50)
[2024-10-10 00:36:00,422][flwr][INFO] - aggregate_evaluate: received 2 results and 0 failures
[2024-10-10 00:36:00,422][flwr][INFO] - 
[2024-10-10 00:36:00,422][flwr][INFO] - [ROUND 24]
[2024-10-10 00:36:00,422][flwr][INFO] - configure_fit: strategy sampled 5 clients (out of 50)
[2024-10-10 00:36:26,767][flwr][INFO] - aggregate_fit: received 5 results and 0 failures
[2024-10-10 00:37:23,271][flwr][INFO] - fit progress: (24, 3032.8786638975143, {'accuracy': 0.38504653130287647}, 2717.270331173204)
[2024-10-10 00:37:23,272][flwr][INFO] - configure_evaluate: strategy sampled 2 clients (out of 50)
[2024-10-10 00:37:24,273][flwr][INFO] - aggregate_evaluate: received 2 results and 0 failures
[2024-10-10 00:37:24,273][flwr][INFO] - 
[2024-10-10 00:37:24,274][flwr][INFO] - [ROUND 25]
[2024-10-10 00:37:24,274][flwr][INFO] - configure_fit: strategy sampled 5 clients (out of 50)
[2024-10-10 00:37:45,059][flwr][INFO] - aggregate_fit: received 5 results and 0 failures
[2024-10-10 00:38:39,623][flwr][INFO] - fit progress: (25, 2271.0083194971085, {'accuracy': 0.4560913705583756}, 2793.62174086459)
[2024-10-10 00:38:39,623][flwr][INFO] - configure_evaluate: strategy sampled 2 clients (out of 50)
[2024-10-10 00:38:41,444][flwr][INFO] - aggregate_evaluate: received 2 results and 0 failures
[2024-10-10 00:38:41,444][flwr][INFO] - 
[2024-10-10 00:38:41,444][flwr][INFO] - [ROUND 26]
[2024-10-10 00:38:41,445][flwr][INFO] - configure_fit: strategy sampled 5 clients (out of 50)
[2024-10-10 00:39:20,191][flwr][INFO] - aggregate_fit: received 5 results and 0 failures
[2024-10-10 00:40:25,521][flwr][INFO] - fit progress: (26, 2624.3985491991043, {'accuracy': 0.34543147208121827}, 2899.519835215062)
[2024-10-10 00:40:25,521][flwr][INFO] - configure_evaluate: strategy sampled 2 clients (out of 50)
[2024-10-10 00:40:27,197][flwr][INFO] - aggregate_evaluate: received 2 results and 0 failures
[2024-10-10 00:40:27,197][flwr][INFO] - 
[2024-10-10 00:40:27,197][flwr][INFO] - [ROUND 27]
[2024-10-10 00:40:27,197][flwr][INFO] - configure_fit: strategy sampled 5 clients (out of 50)
[2024-10-10 00:41:26,964][flwr][INFO] - aggregate_fit: received 5 results and 0 failures
[2024-10-10 00:42:28,830][flwr][INFO] - fit progress: (27, 2521.6865005493164, {'accuracy': 0.27679780033840945}, 3022.8290339503437)
[2024-10-10 00:42:28,831][flwr][INFO] - configure_evaluate: strategy sampled 2 clients (out of 50)
[2024-10-10 00:42:30,471][flwr][INFO] - aggregate_evaluate: received 2 results and 0 failures
[2024-10-10 00:42:30,471][flwr][INFO] - 
[2024-10-10 00:42:30,471][flwr][INFO] - [ROUND 28]
[2024-10-10 00:42:30,471][flwr][INFO] - configure_fit: strategy sampled 5 clients (out of 50)
[2024-10-10 00:42:52,342][flwr][INFO] - aggregate_fit: received 5 results and 0 failures
[2024-10-10 00:43:58,621][flwr][INFO] - fit progress: (28, 2843.8636187314987, {'accuracy': 0.23092216582064298}, 3112.6203519776464)
[2024-10-10 00:43:58,622][flwr][INFO] - configure_evaluate: strategy sampled 2 clients (out of 50)
[2024-10-10 00:44:01,293][flwr][INFO] - aggregate_evaluate: received 2 results and 0 failures
[2024-10-10 00:44:01,293][flwr][INFO] - 
[2024-10-10 00:44:01,293][flwr][INFO] - [ROUND 29]
[2024-10-10 00:44:01,293][flwr][INFO] - configure_fit: strategy sampled 5 clients (out of 50)
[2024-10-10 00:44:36,211][flwr][INFO] - aggregate_fit: received 5 results and 0 failures
[2024-10-10 00:45:38,362][flwr][INFO] - fit progress: (29, 2613.388575196266, {'accuracy': 0.3205583756345178}, 3212.3609234709293)
[2024-10-10 00:45:38,362][flwr][INFO] - configure_evaluate: strategy sampled 2 clients (out of 50)
[2024-10-10 00:45:39,672][flwr][INFO] - aggregate_evaluate: received 2 results and 0 failures
[2024-10-10 00:45:39,672][flwr][INFO] - 
[2024-10-10 00:45:39,672][flwr][INFO] - [ROUND 30]
[2024-10-10 00:45:39,673][flwr][INFO] - configure_fit: strategy sampled 5 clients (out of 50)
[2024-10-10 00:46:23,528][flwr][INFO] - aggregate_fit: received 5 results and 0 failures
[2024-10-10 00:47:21,893][flwr][INFO] - fit progress: (30, 2335.968053460121, {'accuracy': 0.46833756345177663}, 3315.892380335368)
[2024-10-10 00:47:21,894][flwr][INFO] - configure_evaluate: strategy sampled 2 clients (out of 50)
[2024-10-10 00:47:23,836][flwr][INFO] - aggregate_evaluate: received 2 results and 0 failures
[2024-10-10 00:47:23,836][flwr][INFO] - 
[2024-10-10 00:47:23,836][flwr][INFO] - [ROUND 31]
[2024-10-10 00:47:23,836][flwr][INFO] - configure_fit: strategy sampled 5 clients (out of 50)
[2024-10-10 00:47:58,775][flwr][INFO] - aggregate_fit: received 5 results and 0 failures
[2024-10-10 00:48:59,168][flwr][INFO] - fit progress: (31, 2685.28897190094, {'accuracy': 0.42588832487309647}, 3413.166658759117)
[2024-10-10 00:48:59,168][flwr][INFO] - configure_evaluate: strategy sampled 2 clients (out of 50)
[2024-10-10 00:49:01,182][flwr][INFO] - aggregate_evaluate: received 2 results and 0 failures
[2024-10-10 00:49:01,182][flwr][INFO] - 
[2024-10-10 00:49:01,182][flwr][INFO] - [ROUND 32]
[2024-10-10 00:49:01,182][flwr][INFO] - configure_fit: strategy sampled 5 clients (out of 50)
[2024-10-10 00:50:25,348][flwr][INFO] - aggregate_fit: received 5 results and 0 failures
[2024-10-10 00:51:21,527][flwr][INFO] - fit progress: (32, 3113.612622141838, {'accuracy': 0.2703680203045685}, 3555.5256874570623)
[2024-10-10 00:51:21,527][flwr][INFO] - configure_evaluate: strategy sampled 2 clients (out of 50)
[2024-10-10 00:51:23,912][flwr][INFO] - aggregate_evaluate: received 2 results and 0 failures
[2024-10-10 00:51:23,912][flwr][INFO] - 
[2024-10-10 00:51:23,912][flwr][INFO] - [ROUND 33]
[2024-10-10 00:51:23,913][flwr][INFO] - configure_fit: strategy sampled 5 clients (out of 50)
[2024-10-10 00:51:51,983][flwr][INFO] - aggregate_fit: received 5 results and 0 failures
[2024-10-10 00:52:51,010][flwr][INFO] - fit progress: (33, 2720.4225038290024, {'accuracy': 0.2708756345177665}, 3645.009505457245)
[2024-10-10 00:52:51,011][flwr][INFO] - configure_evaluate: strategy sampled 2 clients (out of 50)
[2024-10-10 00:52:53,480][flwr][INFO] - aggregate_evaluate: received 2 results and 0 failures
[2024-10-10 00:52:53,480][flwr][INFO] - 
[2024-10-10 00:52:53,480][flwr][INFO] - [ROUND 34]
[2024-10-10 00:52:53,480][flwr][INFO] - configure_fit: strategy sampled 5 clients (out of 50)
[2024-10-10 00:53:38,550][flwr][INFO] - aggregate_fit: received 5 results and 0 failures
[2024-10-10 00:54:49,190][flwr][INFO] - fit progress: (34, 3034.6505382061005, {'accuracy': 0.17635363790186126}, 3763.188919791952)
[2024-10-10 00:54:49,190][flwr][INFO] - configure_evaluate: strategy sampled 2 clients (out of 50)
[2024-10-10 00:54:50,590][flwr][INFO] - aggregate_evaluate: received 2 results and 0 failures
[2024-10-10 00:54:50,590][flwr][INFO] - 
[2024-10-10 00:54:50,590][flwr][INFO] - [ROUND 35]
[2024-10-10 00:54:50,590][flwr][INFO] - configure_fit: strategy sampled 5 clients (out of 50)
[2024-10-10 00:55:20,519][flwr][INFO] - aggregate_fit: received 5 results and 0 failures
[2024-10-10 00:56:25,685][flwr][INFO] - fit progress: (35, 2921.8255261182785, {'accuracy': 0.15854483925549914}, 3859.6842768033966)
[2024-10-10 00:56:25,686][flwr][INFO] - configure_evaluate: strategy sampled 2 clients (out of 50)
[2024-10-10 00:56:27,183][flwr][INFO] - aggregate_evaluate: received 2 results and 0 failures
[2024-10-10 00:56:27,184][flwr][INFO] - 
[2024-10-10 00:56:27,184][flwr][INFO] - [ROUND 36]
[2024-10-10 00:56:27,184][flwr][INFO] - configure_fit: strategy sampled 5 clients (out of 50)
[2024-10-10 00:56:52,922][flwr][INFO] - aggregate_fit: received 5 results and 0 failures
[2024-10-10 00:58:09,221][flwr][INFO] - fit progress: (36, 2827.070160627365, {'accuracy': 0.34517766497461927}, 3963.220522227697)
[2024-10-10 00:58:09,222][flwr][INFO] - configure_evaluate: strategy sampled 2 clients (out of 50)
[2024-10-10 00:58:15,563][flwr][INFO] - aggregate_evaluate: received 2 results and 0 failures
[2024-10-10 00:58:15,563][flwr][INFO] - 
[2024-10-10 00:58:15,563][flwr][INFO] - [ROUND 37]
[2024-10-10 00:58:15,563][flwr][INFO] - configure_fit: strategy sampled 5 clients (out of 50)
[2024-10-10 00:59:38,504][flwr][INFO] - aggregate_fit: received 5 results and 0 failures
[2024-10-10 01:00:41,256][flwr][INFO] - fit progress: (37, 3105.810078382492, {'accuracy': 0.2128595600676819}, 4115.25533585716)
[2024-10-10 01:00:41,257][flwr][INFO] - configure_evaluate: strategy sampled 2 clients (out of 50)
[2024-10-10 01:00:43,379][flwr][INFO] - aggregate_evaluate: received 2 results and 0 failures
[2024-10-10 01:00:43,380][flwr][INFO] - 
[2024-10-10 01:00:43,380][flwr][INFO] - [ROUND 38]
[2024-10-10 01:00:43,380][flwr][INFO] - configure_fit: strategy sampled 5 clients (out of 50)
[2024-10-10 01:01:34,715][flwr][INFO] - aggregate_fit: received 5 results and 0 failures
[2024-10-10 01:02:39,635][flwr][INFO] - fit progress: (38, 2647.926810503006, {'accuracy': 0.39972504230118444}, 4233.634111744352)
[2024-10-10 01:02:39,636][flwr][INFO] - configure_evaluate: strategy sampled 2 clients (out of 50)
[2024-10-10 01:02:41,561][flwr][INFO] - aggregate_evaluate: received 2 results and 0 failures
[2024-10-10 01:02:41,562][flwr][INFO] - 
[2024-10-10 01:02:41,562][flwr][INFO] - [ROUND 39]
[2024-10-10 01:02:41,562][flwr][INFO] - configure_fit: strategy sampled 5 clients (out of 50)
[2024-10-10 01:03:40,090][flwr][INFO] - aggregate_fit: received 5 results and 0 failures
[2024-10-10 01:04:45,731][flwr][INFO] - fit progress: (39, 2280.316068172455, {'accuracy': 0.45382825719120135}, 4359.7295862380415)
[2024-10-10 01:04:45,731][flwr][INFO] - configure_evaluate: strategy sampled 2 clients (out of 50)
[2024-10-10 01:04:48,070][flwr][INFO] - aggregate_evaluate: received 2 results and 0 failures
[2024-10-10 01:04:48,070][flwr][INFO] - 
[2024-10-10 01:04:48,070][flwr][INFO] - [ROUND 40]
[2024-10-10 01:04:48,070][flwr][INFO] - configure_fit: strategy sampled 5 clients (out of 50)
[2024-10-10 01:05:07,941][flwr][INFO] - aggregate_fit: received 5 results and 0 failures
[2024-10-10 01:06:05,135][flwr][INFO] - fit progress: (40, 2501.4323604106903, {'accuracy': 0.3659052453468697}, 4439.134309425019)
[2024-10-10 01:06:05,136][flwr][INFO] - configure_evaluate: strategy sampled 2 clients (out of 50)
[2024-10-10 01:06:07,332][flwr][INFO] - aggregate_evaluate: received 2 results and 0 failures
[2024-10-10 01:06:07,333][flwr][INFO] - 
[2024-10-10 01:06:07,333][flwr][INFO] - [ROUND 41]
[2024-10-10 01:06:07,333][flwr][INFO] - configure_fit: strategy sampled 5 clients (out of 50)
[2024-10-10 01:07:12,655][flwr][INFO] - aggregate_fit: received 5 results and 0 failures
[2024-10-10 01:08:14,616][flwr][INFO] - fit progress: (41, 2485.645687699318, {'accuracy': 0.45516074450084604}, 4568.614753514528)
[2024-10-10 01:08:14,617][flwr][INFO] - configure_evaluate: strategy sampled 2 clients (out of 50)
[2024-10-10 01:08:18,097][flwr][INFO] - aggregate_evaluate: received 2 results and 0 failures
[2024-10-10 01:08:18,097][flwr][INFO] - 
[2024-10-10 01:08:18,097][flwr][INFO] - [ROUND 42]
[2024-10-10 01:08:18,097][flwr][INFO] - configure_fit: strategy sampled 5 clients (out of 50)
[2024-10-10 01:09:18,837][flwr][INFO] - aggregate_fit: received 5 results and 0 failures
[2024-10-10 01:10:16,202][flwr][INFO] - fit progress: (42, 2684.3684651255608, {'accuracy': 0.4535321489001692}, 4690.20109290164)
[2024-10-10 01:10:16,202][flwr][INFO] - configure_evaluate: strategy sampled 2 clients (out of 50)
[2024-10-10 01:10:17,738][flwr][INFO] - aggregate_evaluate: received 2 results and 0 failures
[2024-10-10 01:10:17,739][flwr][INFO] - 
[2024-10-10 01:10:17,739][flwr][INFO] - [ROUND 43]
[2024-10-10 01:10:17,739][flwr][INFO] - configure_fit: strategy sampled 5 clients (out of 50)
[2024-10-10 01:10:39,240][flwr][INFO] - aggregate_fit: received 5 results and 0 failures
[2024-10-10 01:11:35,487][flwr][INFO] - fit progress: (43, 2620.5463413000107, {'accuracy': 0.4146362098138748}, 4769.4857545904815)
[2024-10-10 01:11:35,487][flwr][INFO] - configure_evaluate: strategy sampled 2 clients (out of 50)
[2024-10-10 01:11:37,159][flwr][INFO] - aggregate_evaluate: received 2 results and 0 failures
[2024-10-10 01:11:37,159][flwr][INFO] - 
[2024-10-10 01:11:37,160][flwr][INFO] - [ROUND 44]
[2024-10-10 01:11:37,160][flwr][INFO] - configure_fit: strategy sampled 5 clients (out of 50)
[2024-10-10 01:12:13,599][flwr][INFO] - aggregate_fit: received 5 results and 0 failures
[2024-10-10 01:13:19,527][flwr][INFO] - fit progress: (44, 2540.0994216799736, {'accuracy': 0.48709813874788493}, 4873.526408803649)
[2024-10-10 01:13:19,528][flwr][INFO] - configure_evaluate: strategy sampled 2 clients (out of 50)
[2024-10-10 01:13:20,854][flwr][INFO] - aggregate_evaluate: received 2 results and 0 failures
[2024-10-10 01:13:20,855][flwr][INFO] - 
[2024-10-10 01:13:20,855][flwr][INFO] - [ROUND 45]
[2024-10-10 01:13:20,855][flwr][INFO] - configure_fit: strategy sampled 5 clients (out of 50)
[2024-10-10 01:14:01,383][flwr][INFO] - aggregate_fit: received 5 results and 0 failures
[2024-10-10 01:14:56,227][flwr][INFO] - fit progress: (45, 2680.896344304085, {'accuracy': 0.38424280879864636}, 4970.225781114772)
[2024-10-10 01:14:56,227][flwr][INFO] - configure_evaluate: strategy sampled 2 clients (out of 50)
[2024-10-10 01:14:57,639][flwr][INFO] - aggregate_evaluate: received 2 results and 0 failures
[2024-10-10 01:14:57,639][flwr][INFO] - 
[2024-10-10 01:14:57,639][flwr][INFO] - [ROUND 46]
[2024-10-10 01:14:57,640][flwr][INFO] - configure_fit: strategy sampled 5 clients (out of 50)
[2024-10-10 01:15:38,506][flwr][INFO] - aggregate_fit: received 5 results and 0 failures
[2024-10-10 01:16:33,820][flwr][INFO] - fit progress: (46, 3009.9206331968307, {'accuracy': 0.16478426395939086}, 5067.819555108435)
[2024-10-10 01:16:33,821][flwr][INFO] - configure_evaluate: strategy sampled 2 clients (out of 50)
[2024-10-10 01:16:39,032][flwr][INFO] - aggregate_evaluate: received 2 results and 0 failures
[2024-10-10 01:16:39,033][flwr][INFO] - 
[2024-10-10 01:16:39,033][flwr][INFO] - [ROUND 47]
[2024-10-10 01:16:39,033][flwr][INFO] - configure_fit: strategy sampled 5 clients (out of 50)
[2024-10-10 01:18:15,767][flwr][INFO] - aggregate_fit: received 5 results and 0 failures
[2024-10-10 01:19:10,734][flwr][INFO] - fit progress: (47, 2346.095727622509, {'accuracy': 0.40205160744500845}, 5224.732737773098)
[2024-10-10 01:19:10,734][flwr][INFO] - configure_evaluate: strategy sampled 2 clients (out of 50)
[2024-10-10 01:19:12,113][flwr][INFO] - aggregate_evaluate: received 2 results and 0 failures
[2024-10-10 01:19:12,113][flwr][INFO] - 
[2024-10-10 01:19:12,114][flwr][INFO] - [ROUND 48]
[2024-10-10 01:19:12,114][flwr][INFO] - configure_fit: strategy sampled 5 clients (out of 50)
[2024-10-10 01:20:09,650][flwr][INFO] - aggregate_fit: received 5 results and 0 failures
[2024-10-10 01:21:08,901][flwr][INFO] - fit progress: (48, 2534.1346027851105, {'accuracy': 0.3045473773265651}, 5342.899767997675)
[2024-10-10 01:21:08,901][flwr][INFO] - configure_evaluate: strategy sampled 2 clients (out of 50)
[2024-10-10 01:21:11,075][flwr][INFO] - aggregate_evaluate: received 2 results and 0 failures
[2024-10-10 01:21:11,076][flwr][INFO] - 
[2024-10-10 01:21:11,076][flwr][INFO] - [ROUND 49]
[2024-10-10 01:21:11,076][flwr][INFO] - configure_fit: strategy sampled 5 clients (out of 50)
[2024-10-10 01:21:28,153][flwr][INFO] - aggregate_fit: received 5 results and 0 failures
[2024-10-10 01:22:29,844][flwr][INFO] - fit progress: (49, 3797.2666516304016, {'accuracy': 0.09462774957698815}, 5423.843127517961)
[2024-10-10 01:22:29,845][flwr][INFO] - configure_evaluate: strategy sampled 2 clients (out of 50)
[2024-10-10 01:22:31,722][flwr][INFO] - aggregate_evaluate: received 2 results and 0 failures
[2024-10-10 01:22:31,722][flwr][INFO] - 
[2024-10-10 01:22:31,722][flwr][INFO] - [ROUND 50]
[2024-10-10 01:22:31,722][flwr][INFO] - configure_fit: strategy sampled 5 clients (out of 50)
[2024-10-10 01:22:59,258][flwr][INFO] - aggregate_fit: received 5 results and 0 failures
[2024-10-10 01:23:59,622][flwr][INFO] - fit progress: (50, 3630.1122022867203, {'accuracy': 0.14898477157360407}, 5513.621485830285)
[2024-10-10 01:23:59,623][flwr][INFO] - configure_evaluate: strategy sampled 2 clients (out of 50)
[2024-10-10 01:24:00,839][flwr][INFO] - aggregate_evaluate: received 2 results and 0 failures
[2024-10-10 01:24:00,840][flwr][INFO] - 
[2024-10-10 01:24:00,840][flwr][INFO] - [ROUND 51]
[2024-10-10 01:24:00,840][flwr][INFO] - configure_fit: strategy sampled 5 clients (out of 50)
[2024-10-10 01:24:36,268][flwr][INFO] - aggregate_fit: received 5 results and 0 failures
[2024-10-10 01:25:42,218][flwr][INFO] - fit progress: (51, 2763.623809695244, {'accuracy': 0.30653553299492386}, 5616.217001602985)
[2024-10-10 01:25:42,218][flwr][INFO] - configure_evaluate: strategy sampled 2 clients (out of 50)
[2024-10-10 01:25:46,632][flwr][INFO] - aggregate_evaluate: received 2 results and 0 failures
[2024-10-10 01:25:46,632][flwr][INFO] - 
[2024-10-10 01:25:46,632][flwr][INFO] - [ROUND 52]
[2024-10-10 01:25:46,632][flwr][INFO] - configure_fit: strategy sampled 5 clients (out of 50)
[2024-10-10 01:26:41,725][flwr][INFO] - aggregate_fit: received 5 results and 0 failures
[2024-10-10 01:27:39,217][flwr][INFO] - fit progress: (52, 2527.384968161583, {'accuracy': 0.40488578680203047}, 5733.216149782762)
[2024-10-10 01:27:39,218][flwr][INFO] - configure_evaluate: strategy sampled 2 clients (out of 50)
[2024-10-10 01:27:40,456][flwr][INFO] - aggregate_evaluate: received 2 results and 0 failures
[2024-10-10 01:27:40,456][flwr][INFO] - 
[2024-10-10 01:27:40,456][flwr][INFO] - [ROUND 53]
[2024-10-10 01:27:40,457][flwr][INFO] - configure_fit: strategy sampled 5 clients (out of 50)
[2024-10-10 01:27:54,179][flwr][INFO] - aggregate_fit: received 5 results and 0 failures
[2024-10-10 01:28:55,440][flwr][INFO] - fit progress: (53, 2657.943510532379, {'accuracy': 0.401163282571912}, 5809.439501247369)
[2024-10-10 01:28:55,441][flwr][INFO] - configure_evaluate: strategy sampled 2 clients (out of 50)
[2024-10-10 01:28:56,543][flwr][INFO] - aggregate_evaluate: received 2 results and 0 failures
[2024-10-10 01:28:56,543][flwr][INFO] - 
[2024-10-10 01:28:56,543][flwr][INFO] - [ROUND 54]
[2024-10-10 01:28:56,543][flwr][INFO] - configure_fit: strategy sampled 5 clients (out of 50)
[2024-10-10 01:29:39,474][flwr][INFO] - aggregate_fit: received 5 results and 0 failures
[2024-10-10 01:30:46,298][flwr][INFO] - fit progress: (54, 2608.6887798309326, {'accuracy': 0.39534686971235194}, 5920.297104424797)
[2024-10-10 01:30:46,299][flwr][INFO] - configure_evaluate: strategy sampled 2 clients (out of 50)
[2024-10-10 01:30:50,051][flwr][INFO] - aggregate_evaluate: received 2 results and 0 failures
[2024-10-10 01:30:50,051][flwr][INFO] - 
[2024-10-10 01:30:50,051][flwr][INFO] - [ROUND 55]
[2024-10-10 01:30:50,051][flwr][INFO] - configure_fit: strategy sampled 5 clients (out of 50)
[2024-10-10 01:31:29,759][flwr][INFO] - aggregate_fit: received 5 results and 0 failures
[2024-10-10 01:32:30,971][flwr][INFO] - fit progress: (55, 2687.4153769016266, {'accuracy': 0.444585448392555}, 6024.970114081167)
[2024-10-10 01:32:30,972][flwr][INFO] - configure_evaluate: strategy sampled 2 clients (out of 50)
[2024-10-10 01:32:32,543][flwr][INFO] - aggregate_evaluate: received 2 results and 0 failures
[2024-10-10 01:32:32,544][flwr][INFO] - 
[2024-10-10 01:32:32,544][flwr][INFO] - [ROUND 56]
[2024-10-10 01:32:32,544][flwr][INFO] - configure_fit: strategy sampled 5 clients (out of 50)
[2024-10-10 01:33:20,055][flwr][INFO] - aggregate_fit: received 5 results and 0 failures
[2024-10-10 01:34:18,679][flwr][INFO] - fit progress: (56, 2545.0265885591507, {'accuracy': 0.4540397631133672}, 6132.678327950649)
[2024-10-10 01:34:18,680][flwr][INFO] - configure_evaluate: strategy sampled 2 clients (out of 50)
[2024-10-10 01:34:21,500][flwr][INFO] - aggregate_evaluate: received 2 results and 0 failures
[2024-10-10 01:34:21,501][flwr][INFO] - 
[2024-10-10 01:34:21,501][flwr][INFO] - [ROUND 57]
[2024-10-10 01:34:21,501][flwr][INFO] - configure_fit: strategy sampled 5 clients (out of 50)
[2024-10-10 01:36:12,338][flwr][INFO] - aggregate_fit: received 5 results and 0 failures
[2024-10-10 01:37:08,963][flwr][INFO] - fit progress: (57, 2181.5075919628143, {'accuracy': 0.5120558375634517}, 6302.962033590302)
[2024-10-10 01:37:08,963][flwr][INFO] - configure_evaluate: strategy sampled 2 clients (out of 50)
[2024-10-10 01:37:11,345][flwr][INFO] - aggregate_evaluate: received 2 results and 0 failures
[2024-10-10 01:37:11,345][flwr][INFO] - 
[2024-10-10 01:37:11,345][flwr][INFO] - [ROUND 58]
[2024-10-10 01:37:11,346][flwr][INFO] - configure_fit: strategy sampled 5 clients (out of 50)
[2024-10-10 01:37:29,831][flwr][INFO] - aggregate_fit: received 5 results and 0 failures
[2024-10-10 01:38:24,487][flwr][INFO] - fit progress: (58, 2655.0006625652313, {'accuracy': 0.38248730964467004}, 6378.48611535877)
[2024-10-10 01:38:24,488][flwr][INFO] - configure_evaluate: strategy sampled 2 clients (out of 50)
[2024-10-10 01:38:25,815][flwr][INFO] - aggregate_evaluate: received 2 results and 0 failures
[2024-10-10 01:38:25,816][flwr][INFO] - 
[2024-10-10 01:38:25,816][flwr][INFO] - [ROUND 59]
[2024-10-10 01:38:25,816][flwr][INFO] - configure_fit: strategy sampled 5 clients (out of 50)
[2024-10-10 01:39:29,483][flwr][INFO] - aggregate_fit: received 5 results and 0 failures
[2024-10-10 01:40:35,618][flwr][INFO] - fit progress: (59, 2534.1801369190216, {'accuracy': 0.42770727580372253}, 6509.617078898475)
[2024-10-10 01:40:35,619][flwr][INFO] - configure_evaluate: strategy sampled 2 clients (out of 50)
[2024-10-10 01:40:37,023][flwr][INFO] - aggregate_evaluate: received 2 results and 0 failures
[2024-10-10 01:40:37,024][flwr][INFO] - 
[2024-10-10 01:40:37,025][flwr][INFO] - [ROUND 60]
[2024-10-10 01:40:37,025][flwr][INFO] - configure_fit: strategy sampled 5 clients (out of 50)
[2024-10-10 01:41:26,636][flwr][INFO] - aggregate_fit: received 5 results and 0 failures
[2024-10-10 01:42:32,301][flwr][INFO] - fit progress: (60, 3973.1733018159866, {'accuracy': 0.2666032148900169}, 6626.299418193288)
[2024-10-10 01:42:32,303][flwr][INFO] - configure_evaluate: strategy sampled 2 clients (out of 50)
[2024-10-10 01:42:34,309][flwr][INFO] - aggregate_evaluate: received 2 results and 0 failures
[2024-10-10 01:42:34,309][flwr][INFO] - 
[2024-10-10 01:42:34,310][flwr][INFO] - [ROUND 61]
[2024-10-10 01:42:34,310][flwr][INFO] - configure_fit: strategy sampled 5 clients (out of 50)
[2024-10-10 01:44:01,606][flwr][INFO] - aggregate_fit: received 5 results and 0 failures
[2024-10-10 01:45:00,958][flwr][INFO] - fit progress: (61, 2098.2569610476494, {'accuracy': 0.511336717428088}, 6774.95722821448)
[2024-10-10 01:45:00,959][flwr][INFO] - configure_evaluate: strategy sampled 2 clients (out of 50)
[2024-10-10 01:45:02,179][flwr][INFO] - aggregate_evaluate: received 2 results and 0 failures
[2024-10-10 01:45:02,179][flwr][INFO] - 
[2024-10-10 01:45:02,180][flwr][INFO] - [ROUND 62]
[2024-10-10 01:45:02,180][flwr][INFO] - configure_fit: strategy sampled 5 clients (out of 50)
[2024-10-10 01:45:57,931][flwr][INFO] - aggregate_fit: received 5 results and 0 failures
[2024-10-10 01:47:07,525][flwr][INFO] - fit progress: (62, 2160.671519935131, {'accuracy': 0.5249788494077834}, 6901.523848557845)
[2024-10-10 01:47:07,526][flwr][INFO] - configure_evaluate: strategy sampled 2 clients (out of 50)
[2024-10-10 01:47:11,449][flwr][INFO] - aggregate_evaluate: received 2 results and 0 failures
[2024-10-10 01:47:11,450][flwr][INFO] - 
[2024-10-10 01:47:11,450][flwr][INFO] - [ROUND 63]
[2024-10-10 01:47:11,450][flwr][INFO] - configure_fit: strategy sampled 5 clients (out of 50)
[2024-10-10 01:48:05,814][flwr][INFO] - aggregate_fit: received 5 results and 0 failures
[2024-10-10 01:49:00,842][flwr][INFO] - fit progress: (63, 2322.2362904548645, {'accuracy': 0.42656514382402705}, 7014.8411708809435)
[2024-10-10 01:49:00,843][flwr][INFO] - configure_evaluate: strategy sampled 2 clients (out of 50)
[2024-10-10 01:49:01,986][flwr][INFO] - aggregate_evaluate: received 2 results and 0 failures
[2024-10-10 01:49:01,986][flwr][INFO] - 
[2024-10-10 01:49:01,987][flwr][INFO] - [ROUND 64]
[2024-10-10 01:49:01,987][flwr][INFO] - configure_fit: strategy sampled 5 clients (out of 50)
[2024-10-10 01:50:41,380][flwr][INFO] - aggregate_fit: received 5 results and 0 failures
[2024-10-10 01:51:44,735][flwr][INFO] - fit progress: (64, 2413.8176062703133, {'accuracy': 0.43022419627749575}, 7178.7342182146385)
[2024-10-10 01:51:44,736][flwr][INFO] - configure_evaluate: strategy sampled 2 clients (out of 50)
[2024-10-10 01:51:46,192][flwr][INFO] - aggregate_evaluate: received 2 results and 0 failures
[2024-10-10 01:51:46,192][flwr][INFO] - 
[2024-10-10 01:51:46,192][flwr][INFO] - [ROUND 65]
[2024-10-10 01:51:46,192][flwr][INFO] - configure_fit: strategy sampled 5 clients (out of 50)
[2024-10-10 01:52:18,606][flwr][INFO] - aggregate_fit: received 5 results and 0 failures
[2024-10-10 01:53:12,486][flwr][INFO] - fit progress: (65, 2680.270789027214, {'accuracy': 0.27859560067681893}, 7266.485130033456)
[2024-10-10 01:53:12,487][flwr][INFO] - configure_evaluate: strategy sampled 2 clients (out of 50)
[2024-10-10 01:53:27,862][flwr][INFO] - aggregate_evaluate: received 2 results and 0 failures
[2024-10-10 01:53:27,862][flwr][INFO] - 
[2024-10-10 01:53:27,862][flwr][INFO] - [ROUND 66]
[2024-10-10 01:53:27,862][flwr][INFO] - configure_fit: strategy sampled 5 clients (out of 50)
[2024-10-10 01:53:59,825][flwr][INFO] - aggregate_fit: received 5 results and 0 failures
[2024-10-10 01:55:03,987][flwr][INFO] - fit progress: (66, 2692.500969171524, {'accuracy': 0.33155668358714047}, 7377.985724062659)
[2024-10-10 01:55:03,987][flwr][INFO] - configure_evaluate: strategy sampled 2 clients (out of 50)
[2024-10-10 01:55:07,473][flwr][INFO] - aggregate_evaluate: received 2 results and 0 failures
[2024-10-10 01:55:07,473][flwr][INFO] - 
[2024-10-10 01:55:07,473][flwr][INFO] - [ROUND 67]
[2024-10-10 01:55:07,473][flwr][INFO] - configure_fit: strategy sampled 5 clients (out of 50)
[2024-10-10 01:56:20,280][flwr][INFO] - aggregate_fit: received 5 results and 0 failures
[2024-10-10 01:57:17,613][flwr][INFO] - fit progress: (67, 2188.003753721714, {'accuracy': 0.4994077834179357}, 7511.611878412776)
[2024-10-10 01:57:17,613][flwr][INFO] - configure_evaluate: strategy sampled 2 clients (out of 50)
[2024-10-10 01:57:19,550][flwr][INFO] - aggregate_evaluate: received 2 results and 0 failures
[2024-10-10 01:57:19,550][flwr][INFO] - 
[2024-10-10 01:57:19,550][flwr][INFO] - [ROUND 68]
[2024-10-10 01:57:19,550][flwr][INFO] - configure_fit: strategy sampled 5 clients (out of 50)
[2024-10-10 01:57:44,994][flwr][INFO] - aggregate_fit: received 5 results and 0 failures
[2024-10-10 01:58:51,732][flwr][INFO] - fit progress: (68, 3099.07716524601, {'accuracy': 0.20173434856175973}, 7605.731359786354)
[2024-10-10 01:58:51,733][flwr][INFO] - configure_evaluate: strategy sampled 2 clients (out of 50)
[2024-10-10 01:58:53,075][flwr][INFO] - aggregate_evaluate: received 2 results and 0 failures
[2024-10-10 01:58:53,075][flwr][INFO] - 
[2024-10-10 01:58:53,075][flwr][INFO] - [ROUND 69]
[2024-10-10 01:58:53,075][flwr][INFO] - configure_fit: strategy sampled 5 clients (out of 50)
[2024-10-10 01:59:32,629][flwr][INFO] - aggregate_fit: received 5 results and 0 failures
[2024-10-10 02:00:29,431][flwr][INFO] - fit progress: (69, 2661.6635344028473, {'accuracy': 0.29911167512690356}, 7703.430283891037)
[2024-10-10 02:00:29,432][flwr][INFO] - configure_evaluate: strategy sampled 2 clients (out of 50)
[2024-10-10 02:00:31,291][flwr][INFO] - aggregate_evaluate: received 2 results and 0 failures
[2024-10-10 02:00:31,291][flwr][INFO] - 
[2024-10-10 02:00:31,291][flwr][INFO] - [ROUND 70]
[2024-10-10 02:00:31,291][flwr][INFO] - configure_fit: strategy sampled 5 clients (out of 50)
[2024-10-10 02:01:24,428][flwr][INFO] - aggregate_fit: received 5 results and 0 failures
[2024-10-10 02:02:22,160][flwr][INFO] - fit progress: (70, 4388.27261531353, {'accuracy': 0.2670896785109983}, 7816.158883284777)
[2024-10-10 02:02:22,160][flwr][INFO] - configure_evaluate: strategy sampled 2 clients (out of 50)
[2024-10-10 02:02:24,321][flwr][INFO] - aggregate_evaluate: received 2 results and 0 failures
[2024-10-10 02:02:24,321][flwr][INFO] - 
[2024-10-10 02:02:24,321][flwr][INFO] - [ROUND 71]
[2024-10-10 02:02:24,321][flwr][INFO] - configure_fit: strategy sampled 5 clients (out of 50)
[2024-10-10 02:02:43,850][flwr][INFO] - aggregate_fit: received 5 results and 0 failures
[2024-10-10 02:03:47,483][flwr][INFO] - fit progress: (71, 2576.616098999977, {'accuracy': 0.3625634517766497}, 7901.482421427965)
[2024-10-10 02:03:47,484][flwr][INFO] - configure_evaluate: strategy sampled 2 clients (out of 50)
[2024-10-10 02:03:48,863][flwr][INFO] - aggregate_evaluate: received 2 results and 0 failures
[2024-10-10 02:03:48,864][flwr][INFO] - 
[2024-10-10 02:03:48,864][flwr][INFO] - [ROUND 72]
[2024-10-10 02:03:48,864][flwr][INFO] - configure_fit: strategy sampled 5 clients (out of 50)
[2024-10-10 02:05:02,198][flwr][INFO] - aggregate_fit: received 5 results and 0 failures
[2024-10-10 02:06:00,258][flwr][INFO] - fit progress: (72, 2257.7762240171432, {'accuracy': 0.39390862944162436}, 8034.256927946582)
[2024-10-10 02:06:00,258][flwr][INFO] - configure_evaluate: strategy sampled 2 clients (out of 50)
[2024-10-10 02:06:02,241][flwr][INFO] - aggregate_evaluate: received 2 results and 0 failures
[2024-10-10 02:06:02,242][flwr][INFO] - 
[2024-10-10 02:06:02,242][flwr][INFO] - [ROUND 73]
[2024-10-10 02:06:02,242][flwr][INFO] - configure_fit: strategy sampled 5 clients (out of 50)
[2024-10-10 02:06:29,732][flwr][INFO] - aggregate_fit: received 5 results and 0 failures
[2024-10-10 02:07:30,323][flwr][INFO] - fit progress: (73, 2198.1790880560875, {'accuracy': 0.40473773265651436}, 8124.321990723722)
[2024-10-10 02:07:30,324][flwr][INFO] - configure_evaluate: strategy sampled 2 clients (out of 50)
[2024-10-10 02:07:36,364][flwr][INFO] - aggregate_evaluate: received 2 results and 0 failures
[2024-10-10 02:07:36,364][flwr][INFO] - 
[2024-10-10 02:07:36,364][flwr][INFO] - [ROUND 74]
[2024-10-10 02:07:36,364][flwr][INFO] - configure_fit: strategy sampled 5 clients (out of 50)
[2024-10-10 02:08:25,825][flwr][INFO] - aggregate_fit: received 5 results and 0 failures
[2024-10-10 02:09:22,946][flwr][INFO] - fit progress: (74, 2557.988753914833, {'accuracy': 0.33354483925549916}, 8236.945446453989)
[2024-10-10 02:09:22,947][flwr][INFO] - configure_evaluate: strategy sampled 2 clients (out of 50)
[2024-10-10 02:09:24,888][flwr][INFO] - aggregate_evaluate: received 2 results and 0 failures
[2024-10-10 02:09:24,889][flwr][INFO] - 
[2024-10-10 02:09:24,889][flwr][INFO] - [ROUND 75]
[2024-10-10 02:09:24,889][flwr][INFO] - configure_fit: strategy sampled 5 clients (out of 50)
[2024-10-10 02:09:48,938][flwr][INFO] - aggregate_fit: received 5 results and 0 failures
[2024-10-10 02:10:50,075][flwr][INFO] - fit progress: (75, 2846.7464413642883, {'accuracy': 0.2883248730964467}, 8324.074565228075)
[2024-10-10 02:10:50,076][flwr][INFO] - configure_evaluate: strategy sampled 2 clients (out of 50)
[2024-10-10 02:10:52,121][flwr][INFO] - aggregate_evaluate: received 2 results and 0 failures
[2024-10-10 02:10:52,122][flwr][INFO] - 
[2024-10-10 02:10:52,122][flwr][INFO] - [ROUND 76]
[2024-10-10 02:10:52,122][flwr][INFO] - configure_fit: strategy sampled 5 clients (out of 50)
[2024-10-10 02:11:25,334][flwr][INFO] - aggregate_fit: received 5 results and 0 failures
[2024-10-10 02:12:26,600][flwr][INFO] - fit progress: (76, 2178.7642867565155, {'accuracy': 0.4820219966159052}, 8420.59866440203)
[2024-10-10 02:12:26,600][flwr][INFO] - configure_evaluate: strategy sampled 2 clients (out of 50)
[2024-10-10 02:12:29,168][flwr][INFO] - aggregate_evaluate: received 2 results and 0 failures
[2024-10-10 02:12:29,168][flwr][INFO] - 
[2024-10-10 02:12:29,168][flwr][INFO] - [ROUND 77]
[2024-10-10 02:12:29,169][flwr][INFO] - configure_fit: strategy sampled 5 clients (out of 50)
[2024-10-10 02:12:49,737][flwr][INFO] - aggregate_fit: received 5 results and 0 failures
[2024-10-10 02:13:53,623][flwr][INFO] - fit progress: (77, 2745.0021557807922, {'accuracy': 0.3998730964467005}, 8507.6220774604)
[2024-10-10 02:13:53,623][flwr][INFO] - configure_evaluate: strategy sampled 2 clients (out of 50)
[2024-10-10 02:13:55,013][flwr][INFO] - aggregate_evaluate: received 2 results and 0 failures
[2024-10-10 02:13:55,014][flwr][INFO] - 
[2024-10-10 02:13:55,014][flwr][INFO] - [ROUND 78]
[2024-10-10 02:13:55,014][flwr][INFO] - configure_fit: strategy sampled 5 clients (out of 50)
[2024-10-10 02:15:02,586][flwr][INFO] - aggregate_fit: received 5 results and 0 failures
[2024-10-10 02:16:10,784][flwr][INFO] - fit progress: (78, 2419.342651605606, {'accuracy': 0.42045262267343486}, 8644.783332414925)
[2024-10-10 02:16:10,785][flwr][INFO] - configure_evaluate: strategy sampled 2 clients (out of 50)
[2024-10-10 02:16:12,204][flwr][INFO] - aggregate_evaluate: received 2 results and 0 failures
[2024-10-10 02:16:12,204][flwr][INFO] - 
[2024-10-10 02:16:12,204][flwr][INFO] - [ROUND 79]
[2024-10-10 02:16:12,204][flwr][INFO] - configure_fit: strategy sampled 5 clients (out of 50)
[2024-10-10 02:16:51,651][flwr][INFO] - aggregate_fit: received 5 results and 0 failures
[2024-10-10 02:17:55,215][flwr][INFO] - fit progress: (79, 2643.465242266655, {'accuracy': 0.37980118443316413}, 8749.21363858413)
[2024-10-10 02:17:55,215][flwr][INFO] - configure_evaluate: strategy sampled 2 clients (out of 50)
[2024-10-10 02:17:56,334][flwr][INFO] - aggregate_evaluate: received 2 results and 0 failures
[2024-10-10 02:17:56,334][flwr][INFO] - 
[2024-10-10 02:17:56,335][flwr][INFO] - [ROUND 80]
[2024-10-10 02:17:56,335][flwr][INFO] - configure_fit: strategy sampled 5 clients (out of 50)
[2024-10-10 02:18:33,407][flwr][INFO] - aggregate_fit: received 5 results and 0 failures
[2024-10-10 02:19:36,095][flwr][INFO] - fit progress: (80, 2447.945516347885, {'accuracy': 0.38917089678510997}, 8850.09376667533)
[2024-10-10 02:19:36,095][flwr][INFO] - configure_evaluate: strategy sampled 2 clients (out of 50)
[2024-10-10 02:19:38,186][flwr][INFO] - aggregate_evaluate: received 2 results and 0 failures
[2024-10-10 02:19:38,186][flwr][INFO] - 
[2024-10-10 02:19:38,186][flwr][INFO] - [ROUND 81]
[2024-10-10 02:19:38,186][flwr][INFO] - configure_fit: strategy sampled 5 clients (out of 50)
[2024-10-10 02:20:18,789][flwr][INFO] - aggregate_fit: received 5 results and 0 failures
[2024-10-10 02:21:20,115][flwr][INFO] - fit progress: (81, 4487.20347070694, {'accuracy': 0.22470389170896785}, 8954.113631317392)
[2024-10-10 02:21:20,116][flwr][INFO] - configure_evaluate: strategy sampled 2 clients (out of 50)
[2024-10-10 02:21:22,747][flwr][INFO] - aggregate_evaluate: received 2 results and 0 failures
[2024-10-10 02:21:22,747][flwr][INFO] - 
[2024-10-10 02:21:22,748][flwr][INFO] - [ROUND 82]
[2024-10-10 02:21:22,748][flwr][INFO] - configure_fit: strategy sampled 5 clients (out of 50)
[2024-10-10 02:22:20,102][flwr][INFO] - aggregate_fit: received 5 results and 0 failures
[2024-10-10 02:23:18,005][flwr][INFO] - fit progress: (82, 2454.019212126732, {'accuracy': 0.4041243654822335}, 9072.00370463077)
[2024-10-10 02:23:18,005][flwr][INFO] - configure_evaluate: strategy sampled 2 clients (out of 50)
[2024-10-10 02:23:19,268][flwr][INFO] - aggregate_evaluate: received 2 results and 0 failures
[2024-10-10 02:23:19,268][flwr][INFO] - 
[2024-10-10 02:23:19,268][flwr][INFO] - [ROUND 83]
[2024-10-10 02:23:19,268][flwr][INFO] - configure_fit: strategy sampled 5 clients (out of 50)
[2024-10-10 02:24:08,253][flwr][INFO] - aggregate_fit: received 5 results and 0 failures
[2024-10-10 02:25:09,699][flwr][INFO] - fit progress: (83, 2077.270436525345, {'accuracy': 0.5107445008460237}, 9183.698083169758)
[2024-10-10 02:25:09,699][flwr][INFO] - configure_evaluate: strategy sampled 2 clients (out of 50)
[2024-10-10 02:25:12,184][flwr][INFO] - aggregate_evaluate: received 2 results and 0 failures
[2024-10-10 02:25:12,184][flwr][INFO] - 
[2024-10-10 02:25:12,184][flwr][INFO] - [ROUND 84]
[2024-10-10 02:25:12,184][flwr][INFO] - configure_fit: strategy sampled 5 clients (out of 50)
[2024-10-10 02:26:17,300][flwr][INFO] - aggregate_fit: received 5 results and 0 failures
[2024-10-10 02:27:17,382][flwr][INFO] - fit progress: (84, 2555.8831998705864, {'accuracy': 0.4375}, 9311.38152257353)
[2024-10-10 02:27:17,383][flwr][INFO] - configure_evaluate: strategy sampled 2 clients (out of 50)
[2024-10-10 02:27:20,260][flwr][INFO] - aggregate_evaluate: received 2 results and 0 failures
[2024-10-10 02:27:20,260][flwr][INFO] - 
[2024-10-10 02:27:20,260][flwr][INFO] - [ROUND 85]
[2024-10-10 02:27:20,260][flwr][INFO] - configure_fit: strategy sampled 5 clients (out of 50)
[2024-10-10 02:28:49,696][flwr][INFO] - aggregate_fit: received 5 results and 0 failures
[2024-10-10 02:29:51,692][flwr][INFO] - fit progress: (85, 1886.0779852867126, {'accuracy': 0.545494923857868}, 9465.690944033675)
[2024-10-10 02:29:51,693][flwr][INFO] - configure_evaluate: strategy sampled 2 clients (out of 50)
[2024-10-10 02:29:54,578][flwr][INFO] - aggregate_evaluate: received 2 results and 0 failures
[2024-10-10 02:29:54,578][flwr][INFO] - 
[2024-10-10 02:29:54,578][flwr][INFO] - [ROUND 86]
[2024-10-10 02:29:54,578][flwr][INFO] - configure_fit: strategy sampled 5 clients (out of 50)
[2024-10-10 02:30:32,983][flwr][INFO] - aggregate_fit: received 5 results and 0 failures
[2024-10-10 02:31:33,931][flwr][INFO] - fit progress: (86, 2220.691680788994, {'accuracy': 0.5123942470389171}, 9567.929875554517)
[2024-10-10 02:31:33,931][flwr][INFO] - configure_evaluate: strategy sampled 2 clients (out of 50)
[2024-10-10 02:31:35,659][flwr][INFO] - aggregate_evaluate: received 2 results and 0 failures
[2024-10-10 02:31:35,659][flwr][INFO] - 
[2024-10-10 02:31:35,659][flwr][INFO] - [ROUND 87]
[2024-10-10 02:31:35,660][flwr][INFO] - configure_fit: strategy sampled 5 clients (out of 50)
[2024-10-10 02:32:17,943][flwr][INFO] - aggregate_fit: received 5 results and 0 failures
[2024-10-10 02:33:19,875][flwr][INFO] - fit progress: (87, 2317.5003014802933, {'accuracy': 0.4315989847715736}, 9673.873663436621)
[2024-10-10 02:33:19,875][flwr][INFO] - configure_evaluate: strategy sampled 2 clients (out of 50)
[2024-10-10 02:33:22,472][flwr][INFO] - aggregate_evaluate: received 2 results and 0 failures
[2024-10-10 02:33:22,473][flwr][INFO] - 
[2024-10-10 02:33:22,473][flwr][INFO] - [ROUND 88]
[2024-10-10 02:33:22,473][flwr][INFO] - configure_fit: strategy sampled 5 clients (out of 50)
[2024-10-10 02:34:13,092][flwr][INFO] - aggregate_fit: received 5 results and 0 failures
[2024-10-10 02:35:13,035][flwr][INFO] - fit progress: (88, 2559.6684197187424, {'accuracy': 0.42163705583756345}, 9787.034035594203)
[2024-10-10 02:35:13,036][flwr][INFO] - configure_evaluate: strategy sampled 2 clients (out of 50)
[2024-10-10 02:35:15,041][flwr][INFO] - aggregate_evaluate: received 2 results and 0 failures
[2024-10-10 02:35:15,042][flwr][INFO] - 
[2024-10-10 02:35:15,042][flwr][INFO] - [ROUND 89]
[2024-10-10 02:35:15,042][flwr][INFO] - configure_fit: strategy sampled 5 clients (out of 50)
[2024-10-10 02:36:19,111][flwr][INFO] - aggregate_fit: received 5 results and 0 failures
[2024-10-10 02:37:14,956][flwr][INFO] - fit progress: (89, 2172.7882047891617, {'accuracy': 0.4751269035532995}, 9908.95482491143)
[2024-10-10 02:37:14,956][flwr][INFO] - configure_evaluate: strategy sampled 2 clients (out of 50)
[2024-10-10 02:37:18,433][flwr][INFO] - aggregate_evaluate: received 2 results and 0 failures
[2024-10-10 02:37:18,433][flwr][INFO] - 
[2024-10-10 02:37:18,433][flwr][INFO] - [ROUND 90]
[2024-10-10 02:37:18,434][flwr][INFO] - configure_fit: strategy sampled 5 clients (out of 50)
[2024-10-10 02:37:43,581][flwr][INFO] - aggregate_fit: received 5 results and 0 failures
[2024-10-10 02:38:48,712][flwr][INFO] - fit progress: (90, 2733.9920979738235, {'accuracy': 0.2765439932318105}, 10002.710802053101)
[2024-10-10 02:38:48,712][flwr][INFO] - configure_evaluate: strategy sampled 2 clients (out of 50)
[2024-10-10 02:38:51,168][flwr][INFO] - aggregate_evaluate: received 2 results and 0 failures
[2024-10-10 02:38:51,168][flwr][INFO] - 
[2024-10-10 02:38:51,168][flwr][INFO] - [ROUND 91]
[2024-10-10 02:38:51,168][flwr][INFO] - configure_fit: strategy sampled 5 clients (out of 50)
[2024-10-10 02:40:17,076][flwr][INFO] - aggregate_fit: received 5 results and 0 failures
[2024-10-10 02:41:15,835][flwr][INFO] - fit progress: (91, 2109.302691400051, {'accuracy': 0.504251269035533}, 10149.833941810764)
[2024-10-10 02:41:15,836][flwr][INFO] - configure_evaluate: strategy sampled 2 clients (out of 50)
[2024-10-10 02:41:18,028][flwr][INFO] - aggregate_evaluate: received 2 results and 0 failures
[2024-10-10 02:41:18,029][flwr][INFO] - 
[2024-10-10 02:41:18,029][flwr][INFO] - [ROUND 92]
[2024-10-10 02:41:18,029][flwr][INFO] - configure_fit: strategy sampled 5 clients (out of 50)
[2024-10-10 02:41:51,384][flwr][INFO] - aggregate_fit: received 5 results and 0 failures
[2024-10-10 02:42:54,625][flwr][INFO] - fit progress: (92, 2284.7309238910675, {'accuracy': 0.4201776649746193}, 10248.623927911744)
[2024-10-10 02:42:54,625][flwr][INFO] - configure_evaluate: strategy sampled 2 clients (out of 50)
[2024-10-10 02:42:56,312][flwr][INFO] - aggregate_evaluate: received 2 results and 0 failures
[2024-10-10 02:42:56,313][flwr][INFO] - 
[2024-10-10 02:42:56,313][flwr][INFO] - [ROUND 93]
[2024-10-10 02:42:56,313][flwr][INFO] - configure_fit: strategy sampled 5 clients (out of 50)
[2024-10-10 02:43:16,838][flwr][INFO] - aggregate_fit: received 5 results and 0 failures
[2024-10-10 02:44:13,458][flwr][INFO] - fit progress: (93, 1958.8475835323334, {'accuracy': 0.5286379018612521}, 10327.456901916303)
[2024-10-10 02:44:13,458][flwr][INFO] - configure_evaluate: strategy sampled 2 clients (out of 50)
[2024-10-10 02:44:14,867][flwr][INFO] - aggregate_evaluate: received 2 results and 0 failures
[2024-10-10 02:44:14,867][flwr][INFO] - 
[2024-10-10 02:44:14,867][flwr][INFO] - [ROUND 94]
[2024-10-10 02:44:14,867][flwr][INFO] - configure_fit: strategy sampled 5 clients (out of 50)
[2024-10-10 02:44:28,135][flwr][INFO] - aggregate_fit: received 5 results and 0 failures
[2024-10-10 02:45:26,899][flwr][INFO] - fit progress: (94, 3338.0015070438385, {'accuracy': 0.19200507614213197}, 10400.897883037105)
[2024-10-10 02:45:26,899][flwr][INFO] - configure_evaluate: strategy sampled 2 clients (out of 50)
[2024-10-10 02:45:28,156][flwr][INFO] - aggregate_evaluate: received 2 results and 0 failures
[2024-10-10 02:45:28,156][flwr][INFO] - 
[2024-10-10 02:45:28,156][flwr][INFO] - [ROUND 95]
[2024-10-10 02:45:28,156][flwr][INFO] - configure_fit: strategy sampled 5 clients (out of 50)
[2024-10-10 02:45:48,776][flwr][INFO] - aggregate_fit: received 5 results and 0 failures
[2024-10-10 02:46:50,704][flwr][INFO] - fit progress: (95, 2639.144937634468, {'accuracy': 0.37779187817258886}, 10484.703037132509)
[2024-10-10 02:46:50,705][flwr][INFO] - configure_evaluate: strategy sampled 2 clients (out of 50)
[2024-10-10 02:46:51,951][flwr][INFO] - aggregate_evaluate: received 2 results and 0 failures
[2024-10-10 02:46:51,952][flwr][INFO] - 
[2024-10-10 02:46:51,952][flwr][INFO] - [ROUND 96]
[2024-10-10 02:46:51,952][flwr][INFO] - configure_fit: strategy sampled 5 clients (out of 50)
[2024-10-10 02:47:31,556][flwr][INFO] - aggregate_fit: received 5 results and 0 failures
[2024-10-10 02:48:35,803][flwr][INFO] - fit progress: (96, 2258.9141223430634, {'accuracy': 0.4116539763113367}, 10589.801935124211)
[2024-10-10 02:48:35,803][flwr][INFO] - configure_evaluate: strategy sampled 2 clients (out of 50)
[2024-10-10 02:48:37,214][flwr][INFO] - aggregate_evaluate: received 2 results and 0 failures
[2024-10-10 02:48:37,214][flwr][INFO] - 
[2024-10-10 02:48:37,214][flwr][INFO] - [ROUND 97]
[2024-10-10 02:48:37,214][flwr][INFO] - configure_fit: strategy sampled 5 clients (out of 50)
[2024-10-10 02:49:35,118][flwr][INFO] - aggregate_fit: received 5 results and 0 failures
[2024-10-10 02:50:31,248][flwr][INFO] - fit progress: (97, 4002.333582878113, {'accuracy': 0.289424703891709}, 10705.2468300974)
[2024-10-10 02:50:31,248][flwr][INFO] - configure_evaluate: strategy sampled 2 clients (out of 50)
[2024-10-10 02:50:33,393][flwr][INFO] - aggregate_evaluate: received 2 results and 0 failures
[2024-10-10 02:50:33,393][flwr][INFO] - 
[2024-10-10 02:50:33,393][flwr][INFO] - [ROUND 98]
[2024-10-10 02:50:33,393][flwr][INFO] - configure_fit: strategy sampled 5 clients (out of 50)
[2024-10-10 02:51:26,376][flwr][INFO] - aggregate_fit: received 5 results and 0 failures
[2024-10-10 02:52:27,631][flwr][INFO] - fit progress: (98, 2124.1696868538857, {'accuracy': 0.48153553299492385}, 10821.630153615028)
[2024-10-10 02:52:27,632][flwr][INFO] - configure_evaluate: strategy sampled 2 clients (out of 50)
[2024-10-10 02:52:29,945][flwr][INFO] - aggregate_evaluate: received 2 results and 0 failures
[2024-10-10 02:52:29,945][flwr][INFO] - 
[2024-10-10 02:52:29,945][flwr][INFO] - [ROUND 99]
[2024-10-10 02:52:29,946][flwr][INFO] - configure_fit: strategy sampled 5 clients (out of 50)
[2024-10-10 02:53:20,487][flwr][INFO] - aggregate_fit: received 5 results and 0 failures
[2024-10-10 02:54:14,388][flwr][INFO] - fit progress: (99, 2533.5034564733505, {'accuracy': 0.36093485617597293}, 10928.386835353449)
[2024-10-10 02:54:14,388][flwr][INFO] - configure_evaluate: strategy sampled 2 clients (out of 50)
[2024-10-10 02:54:16,486][flwr][INFO] - aggregate_evaluate: received 2 results and 0 failures
[2024-10-10 02:54:16,487][flwr][INFO] - 
[2024-10-10 02:54:16,487][flwr][INFO] - [ROUND 100]
[2024-10-10 02:54:16,487][flwr][INFO] - configure_fit: strategy sampled 5 clients (out of 50)
[2024-10-10 02:55:16,539][flwr][INFO] - aggregate_fit: received 5 results and 0 failures
[2024-10-10 02:56:17,352][flwr][INFO] - fit progress: (100, 2091.047547519207, {'accuracy': 0.4770093062605753}, 11051.351532053202)
[2024-10-10 02:56:17,353][flwr][INFO] - configure_evaluate: strategy sampled 2 clients (out of 50)
[2024-10-10 02:56:18,986][flwr][INFO] - aggregate_evaluate: received 2 results and 0 failures
[2024-10-10 02:56:18,987][flwr][INFO] - 
[2024-10-10 02:56:18,987][flwr][INFO] - [SUMMARY]
[2024-10-10 02:56:18,987][flwr][INFO] - Run finished 100 round(s) in 11052.99s
[2024-10-10 02:56:18,990][flwr][INFO] - 	History (loss, distributed):
[2024-10-10 02:56:18,991][flwr][INFO] - 		round 1: 39.79959160416307
[2024-10-10 02:56:18,991][flwr][INFO] - 		round 2: 27.408229527639623
[2024-10-10 02:56:18,991][flwr][INFO] - 		round 3: 15.275848621134793
[2024-10-10 02:56:18,991][flwr][INFO] - 		round 4: 10.695635365377559
[2024-10-10 02:56:18,991][flwr][INFO] - 		round 5: 12.382604575738675
[2024-10-10 02:56:18,991][flwr][INFO] - 		round 6: 2.575544538705245
[2024-10-10 02:56:18,991][flwr][INFO] - 		round 7: 21.21537526169015
[2024-10-10 02:56:18,992][flwr][INFO] - 		round 8: 7.041105440093411
[2024-10-10 02:56:18,992][flwr][INFO] - 		round 9: 1.8875922362009685
[2024-10-10 02:56:18,992][flwr][INFO] - 		round 10: 19.990480819371697
[2024-10-10 02:56:18,992][flwr][INFO] - 		round 11: 20.2193721585414
[2024-10-10 02:56:18,992][flwr][INFO] - 		round 12: 6.41933827996254
[2024-10-10 02:56:18,992][flwr][INFO] - 		round 13: 7.517208012667569
[2024-10-10 02:56:18,992][flwr][INFO] - 		round 14: 23.297124455769858
[2024-10-10 02:56:18,992][flwr][INFO] - 		round 15: 23.902499688189963
[2024-10-10 02:56:18,992][flwr][INFO] - 		round 16: 6.074438683553176
[2024-10-10 02:56:18,992][flwr][INFO] - 		round 17: 16.380748558963955
[2024-10-10 02:56:18,992][flwr][INFO] - 		round 18: 14.877506078743354
[2024-10-10 02:56:18,992][flwr][INFO] - 		round 19: 6.628677971951373
[2024-10-10 02:56:18,992][flwr][INFO] - 		round 20: 7.407005904212831
[2024-10-10 02:56:18,992][flwr][INFO] - 		round 21: 16.917204554088016
[2024-10-10 02:56:18,992][flwr][INFO] - 		round 22: 25.271774782292983
[2024-10-10 02:56:18,992][flwr][INFO] - 		round 23: 12.70459338368439
[2024-10-10 02:56:18,993][flwr][INFO] - 		round 24: 8.972901232195216
[2024-10-10 02:56:18,993][flwr][INFO] - 		round 25: 20.43538142684707
[2024-10-10 02:56:18,993][flwr][INFO] - 		round 26: 3.3338337077034845
[2024-10-10 02:56:18,993][flwr][INFO] - 		round 27: 6.750531009398401
[2024-10-10 02:56:18,993][flwr][INFO] - 		round 28: 7.450251620129285
[2024-10-10 02:56:18,993][flwr][INFO] - 		round 29: 5.898855605808842
[2024-10-10 02:56:18,993][flwr][INFO] - 		round 30: 8.833619622461486
[2024-10-10 02:56:18,993][flwr][INFO] - 		round 31: 8.801494698658168
[2024-10-10 02:56:18,993][flwr][INFO] - 		round 32: 44.13235284422935
[2024-10-10 02:56:18,993][flwr][INFO] - 		round 33: 10.327066210127368
[2024-10-10 02:56:18,993][flwr][INFO] - 		round 34: 7.348573751449585
[2024-10-10 02:56:18,993][flwr][INFO] - 		round 35: 5.334714941680431
[2024-10-10 02:56:18,993][flwr][INFO] - 		round 36: 21.952562644746568
[2024-10-10 02:56:18,993][flwr][INFO] - 		round 37: 24.236311027452988
[2024-10-10 02:56:18,993][flwr][INFO] - 		round 38: 17.063809384518127
[2024-10-10 02:56:18,993][flwr][INFO] - 		round 39: 9.214086390927225
[2024-10-10 02:56:18,994][flwr][INFO] - 		round 40: 17.98757808907901
[2024-10-10 02:56:18,994][flwr][INFO] - 		round 41: 16.878727229190446
[2024-10-10 02:56:18,994][flwr][INFO] - 		round 42: 4.537641788306444
[2024-10-10 02:56:18,994][flwr][INFO] - 		round 43: 23.27261724193262
[2024-10-10 02:56:18,994][flwr][INFO] - 		round 44: 1.0951281309127807
[2024-10-10 02:56:18,994][flwr][INFO] - 		round 45: 6.413391131718954
[2024-10-10 02:56:18,994][flwr][INFO] - 		round 46: 35.20269695861829
[2024-10-10 02:56:18,994][flwr][INFO] - 		round 47: 8.89904800270285
[2024-10-10 02:56:18,994][flwr][INFO] - 		round 48: 15.981589630661643
[2024-10-10 02:56:18,994][flwr][INFO] - 		round 49: 11.09722810164094
[2024-10-10 02:56:18,994][flwr][INFO] - 		round 50: 1.4307844949805217
[2024-10-10 02:56:18,994][flwr][INFO] - 		round 51: 17.984732574604926
[2024-10-10 02:56:18,994][flwr][INFO] - 		round 52: 2.474552651246389
[2024-10-10 02:56:18,994][flwr][INFO] - 		round 53: 2.8416837060574403
[2024-10-10 02:56:18,994][flwr][INFO] - 		round 54: 11.977422735907815
[2024-10-10 02:56:18,994][flwr][INFO] - 		round 55: 4.7442692469906165
[2024-10-10 02:56:18,994][flwr][INFO] - 		round 56: 8.568771464850403
[2024-10-10 02:56:18,995][flwr][INFO] - 		round 57: 8.691373472320615
[2024-10-10 02:56:18,995][flwr][INFO] - 		round 58: 2.4464436529557916
[2024-10-10 02:56:18,995][flwr][INFO] - 		round 59: 6.275571387442176
[2024-10-10 02:56:18,995][flwr][INFO] - 		round 60: 11.05847919023508
[2024-10-10 02:56:18,995][flwr][INFO] - 		round 61: 1.3665096558881609
[2024-10-10 02:56:18,995][flwr][INFO] - 		round 62: 8.811511745098151
[2024-10-10 02:56:18,995][flwr][INFO] - 		round 63: 3.501406754146923
[2024-10-10 02:56:18,995][flwr][INFO] - 		round 64: 4.858218054337935
[2024-10-10 02:56:18,995][flwr][INFO] - 		round 65: 34.063642895966765
[2024-10-10 02:56:18,995][flwr][INFO] - 		round 66: 33.18737564515761
[2024-10-10 02:56:18,995][flwr][INFO] - 		round 67: 9.361040354816803
[2024-10-10 02:56:18,995][flwr][INFO] - 		round 68: 3.607666893005371
[2024-10-10 02:56:18,995][flwr][INFO] - 		round 69: 14.233256059374128
[2024-10-10 02:56:18,995][flwr][INFO] - 		round 70: 41.64153752754337
[2024-10-10 02:56:18,995][flwr][INFO] - 		round 71: 10.710953330993652
[2024-10-10 02:56:18,995][flwr][INFO] - 		round 72: 21.863145836110952
[2024-10-10 02:56:18,995][flwr][INFO] - 		round 73: 6.470507971693519
[2024-10-10 02:56:18,996][flwr][INFO] - 		round 74: 9.59003331968183
[2024-10-10 02:56:18,996][flwr][INFO] - 		round 75: 28.652888196976104
[2024-10-10 02:56:18,996][flwr][INFO] - 		round 76: 22.60517281019489
[2024-10-10 02:56:18,996][flwr][INFO] - 		round 77: 14.416306761246693
[2024-10-10 02:56:18,996][flwr][INFO] - 		round 78: 10.622778540404243
[2024-10-10 02:56:18,996][flwr][INFO] - 		round 79: 1.935906064921412
[2024-10-10 02:56:18,996][flwr][INFO] - 		round 80: 14.76692218985242
[2024-10-10 02:56:18,996][flwr][INFO] - 		round 81: 17.148761754013247
[2024-10-10 02:56:18,996][flwr][INFO] - 		round 82: 2.410820992787679
[2024-10-10 02:56:18,996][flwr][INFO] - 		round 83: 11.273821171218827
[2024-10-10 02:56:18,996][flwr][INFO] - 		round 84: 10.35843939547028
[2024-10-10 02:56:18,996][flwr][INFO] - 		round 85: 17.299754114719047
[2024-10-10 02:56:18,996][flwr][INFO] - 		round 86: 5.365999332114832
[2024-10-10 02:56:18,996][flwr][INFO] - 		round 87: 19.42049102039094
[2024-10-10 02:56:18,996][flwr][INFO] - 		round 88: 5.1602027808380315
[2024-10-10 02:56:18,996][flwr][INFO] - 		round 89: 7.071286820366633
[2024-10-10 02:56:18,996][flwr][INFO] - 		round 90: 12.197598048684677
[2024-10-10 02:56:18,997][flwr][INFO] - 		round 91: 13.541974349643873
[2024-10-10 02:56:18,997][flwr][INFO] - 		round 92: 15.133351783268154
[2024-10-10 02:56:18,997][flwr][INFO] - 		round 93: 2.170322351667979
[2024-10-10 02:56:18,997][flwr][INFO] - 		round 94: 4.245656359979438
[2024-10-10 02:56:18,997][flwr][INFO] - 		round 95: 8.449268160945307
[2024-10-10 02:56:18,997][flwr][INFO] - 		round 96: 6.47675281100803
[2024-10-10 02:56:18,997][flwr][INFO] - 		round 97: 32.614112096083794
[2024-10-10 02:56:18,997][flwr][INFO] - 		round 98: 12.995427163876192
[2024-10-10 02:56:18,997][flwr][INFO] - 		round 99: 5.6221064558116405
[2024-10-10 02:56:18,997][flwr][INFO] - 		round 100: 5.628868423010173
[2024-10-10 02:56:18,997][flwr][INFO] - 	History (loss, centralized):
[2024-10-10 02:56:18,997][flwr][INFO] - 		round 0: 3124.021516561508
[2024-10-10 02:56:18,997][flwr][INFO] - 		round 1: 2990.4485350847244
[2024-10-10 02:56:18,997][flwr][INFO] - 		round 2: 3416.1400500535965
[2024-10-10 02:56:18,997][flwr][INFO] - 		round 3: 3065.0730184316635
[2024-10-10 02:56:18,997][flwr][INFO] - 		round 4: 2871.771839618683
[2024-10-10 02:56:18,998][flwr][INFO] - 		round 5: 2690.6770939826965
[2024-10-10 02:56:18,998][flwr][INFO] - 		round 6: 2605.636296391487
[2024-10-10 02:56:18,998][flwr][INFO] - 		round 7: 2548.9473980665207
[2024-10-10 02:56:18,998][flwr][INFO] - 		round 8: 2641.7181577682495
[2024-10-10 02:56:18,998][flwr][INFO] - 		round 9: 2617.698394536972
[2024-10-10 02:56:18,998][flwr][INFO] - 		round 10: 2673.184361100197
[2024-10-10 02:56:18,998][flwr][INFO] - 		round 11: 2572.26801776886
[2024-10-10 02:56:18,998][flwr][INFO] - 		round 12: 3519.8660789728165
[2024-10-10 02:56:18,998][flwr][INFO] - 		round 13: 3415.1194655895233
[2024-10-10 02:56:18,998][flwr][INFO] - 		round 14: 2702.2103888988495
[2024-10-10 02:56:18,998][flwr][INFO] - 		round 15: 3034.6209794282913
[2024-10-10 02:56:18,998][flwr][INFO] - 		round 16: 2774.279016494751
[2024-10-10 02:56:18,998][flwr][INFO] - 		round 17: 2905.907297730446
[2024-10-10 02:56:18,998][flwr][INFO] - 		round 18: 2327.7919307351112
[2024-10-10 02:56:18,998][flwr][INFO] - 		round 19: 2470.625431895256
[2024-10-10 02:56:18,998][flwr][INFO] - 		round 20: 3225.654993534088
[2024-10-10 02:56:18,998][flwr][INFO] - 		round 21: 2671.7845948934555
[2024-10-10 02:56:18,999][flwr][INFO] - 		round 22: 2828.695442676544
[2024-10-10 02:56:18,999][flwr][INFO] - 		round 23: 2762.6123818159103
[2024-10-10 02:56:18,999][flwr][INFO] - 		round 24: 3032.8786638975143
[2024-10-10 02:56:18,999][flwr][INFO] - 		round 25: 2271.0083194971085
[2024-10-10 02:56:18,999][flwr][INFO] - 		round 26: 2624.3985491991043
[2024-10-10 02:56:18,999][flwr][INFO] - 		round 27: 2521.6865005493164
[2024-10-10 02:56:18,999][flwr][INFO] - 		round 28: 2843.8636187314987
[2024-10-10 02:56:18,999][flwr][INFO] - 		round 29: 2613.388575196266
[2024-10-10 02:56:18,999][flwr][INFO] - 		round 30: 2335.968053460121
[2024-10-10 02:56:18,999][flwr][INFO] - 		round 31: 2685.28897190094
[2024-10-10 02:56:18,999][flwr][INFO] - 		round 32: 3113.612622141838
[2024-10-10 02:56:18,999][flwr][INFO] - 		round 33: 2720.4225038290024
[2024-10-10 02:56:18,999][flwr][INFO] - 		round 34: 3034.6505382061005
[2024-10-10 02:56:18,999][flwr][INFO] - 		round 35: 2921.8255261182785
[2024-10-10 02:56:18,999][flwr][INFO] - 		round 36: 2827.070160627365
[2024-10-10 02:56:18,999][flwr][INFO] - 		round 37: 3105.810078382492
[2024-10-10 02:56:18,999][flwr][INFO] - 		round 38: 2647.926810503006
[2024-10-10 02:56:18,999][flwr][INFO] - 		round 39: 2280.316068172455
[2024-10-10 02:56:19,000][flwr][INFO] - 		round 40: 2501.4323604106903
[2024-10-10 02:56:19,000][flwr][INFO] - 		round 41: 2485.645687699318
[2024-10-10 02:56:19,000][flwr][INFO] - 		round 42: 2684.3684651255608
[2024-10-10 02:56:19,000][flwr][INFO] - 		round 43: 2620.5463413000107
[2024-10-10 02:56:19,000][flwr][INFO] - 		round 44: 2540.0994216799736
[2024-10-10 02:56:19,000][flwr][INFO] - 		round 45: 2680.896344304085
[2024-10-10 02:56:19,000][flwr][INFO] - 		round 46: 3009.9206331968307
[2024-10-10 02:56:19,000][flwr][INFO] - 		round 47: 2346.095727622509
[2024-10-10 02:56:19,000][flwr][INFO] - 		round 48: 2534.1346027851105
[2024-10-10 02:56:19,000][flwr][INFO] - 		round 49: 3797.2666516304016
[2024-10-10 02:56:19,000][flwr][INFO] - 		round 50: 3630.1122022867203
[2024-10-10 02:56:19,000][flwr][INFO] - 		round 51: 2763.623809695244
[2024-10-10 02:56:19,000][flwr][INFO] - 		round 52: 2527.384968161583
[2024-10-10 02:56:19,000][flwr][INFO] - 		round 53: 2657.943510532379
[2024-10-10 02:56:19,000][flwr][INFO] - 		round 54: 2608.6887798309326
[2024-10-10 02:56:19,000][flwr][INFO] - 		round 55: 2687.4153769016266
[2024-10-10 02:56:19,000][flwr][INFO] - 		round 56: 2545.0265885591507
[2024-10-10 02:56:19,001][flwr][INFO] - 		round 57: 2181.5075919628143
[2024-10-10 02:56:19,001][flwr][INFO] - 		round 58: 2655.0006625652313
[2024-10-10 02:56:19,001][flwr][INFO] - 		round 59: 2534.1801369190216
[2024-10-10 02:56:19,001][flwr][INFO] - 		round 60: 3973.1733018159866
[2024-10-10 02:56:19,001][flwr][INFO] - 		round 61: 2098.2569610476494
[2024-10-10 02:56:19,001][flwr][INFO] - 		round 62: 2160.671519935131
[2024-10-10 02:56:19,001][flwr][INFO] - 		round 63: 2322.2362904548645
[2024-10-10 02:56:19,001][flwr][INFO] - 		round 64: 2413.8176062703133
[2024-10-10 02:56:19,001][flwr][INFO] - 		round 65: 2680.270789027214
[2024-10-10 02:56:19,001][flwr][INFO] - 		round 66: 2692.500969171524
[2024-10-10 02:56:19,001][flwr][INFO] - 		round 67: 2188.003753721714
[2024-10-10 02:56:19,001][flwr][INFO] - 		round 68: 3099.07716524601
[2024-10-10 02:56:19,001][flwr][INFO] - 		round 69: 2661.6635344028473
[2024-10-10 02:56:19,001][flwr][INFO] - 		round 70: 4388.27261531353
[2024-10-10 02:56:19,001][flwr][INFO] - 		round 71: 2576.616098999977
[2024-10-10 02:56:19,001][flwr][INFO] - 		round 72: 2257.7762240171432
[2024-10-10 02:56:19,002][flwr][INFO] - 		round 73: 2198.1790880560875
[2024-10-10 02:56:19,002][flwr][INFO] - 		round 74: 2557.988753914833
[2024-10-10 02:56:19,002][flwr][INFO] - 		round 75: 2846.7464413642883
[2024-10-10 02:56:19,002][flwr][INFO] - 		round 76: 2178.7642867565155
[2024-10-10 02:56:19,002][flwr][INFO] - 		round 77: 2745.0021557807922
[2024-10-10 02:56:19,002][flwr][INFO] - 		round 78: 2419.342651605606
[2024-10-10 02:56:19,002][flwr][INFO] - 		round 79: 2643.465242266655
[2024-10-10 02:56:19,002][flwr][INFO] - 		round 80: 2447.945516347885
[2024-10-10 02:56:19,002][flwr][INFO] - 		round 81: 4487.20347070694
[2024-10-10 02:56:19,002][flwr][INFO] - 		round 82: 2454.019212126732
[2024-10-10 02:56:19,002][flwr][INFO] - 		round 83: 2077.270436525345
[2024-10-10 02:56:19,002][flwr][INFO] - 		round 84: 2555.8831998705864
[2024-10-10 02:56:19,002][flwr][INFO] - 		round 85: 1886.0779852867126
[2024-10-10 02:56:19,002][flwr][INFO] - 		round 86: 2220.691680788994
[2024-10-10 02:56:19,002][flwr][INFO] - 		round 87: 2317.5003014802933
[2024-10-10 02:56:19,002][flwr][INFO] - 		round 88: 2559.6684197187424
[2024-10-10 02:56:19,002][flwr][INFO] - 		round 89: 2172.7882047891617
[2024-10-10 02:56:19,003][flwr][INFO] - 		round 90: 2733.9920979738235
[2024-10-10 02:56:19,003][flwr][INFO] - 		round 91: 2109.302691400051
[2024-10-10 02:56:19,003][flwr][INFO] - 		round 92: 2284.7309238910675
[2024-10-10 02:56:19,003][flwr][INFO] - 		round 93: 1958.8475835323334
[2024-10-10 02:56:19,003][flwr][INFO] - 		round 94: 3338.0015070438385
[2024-10-10 02:56:19,003][flwr][INFO] - 		round 95: 2639.144937634468
[2024-10-10 02:56:19,003][flwr][INFO] - 		round 96: 2258.9141223430634
[2024-10-10 02:56:19,003][flwr][INFO] - 		round 97: 4002.333582878113
[2024-10-10 02:56:19,003][flwr][INFO] - 		round 98: 2124.1696868538857
[2024-10-10 02:56:19,003][flwr][INFO] - 		round 99: 2533.5034564733505
[2024-10-10 02:56:19,003][flwr][INFO] - 		round 100: 2091.047547519207
[2024-10-10 02:56:19,003][flwr][INFO] - 	History (metrics, distributed, evaluate):
[2024-10-10 02:56:19,003][flwr][INFO] - 	{'accuracy': [(1, 0.10530896431679723),
[2024-10-10 02:56:19,003][flwr][INFO] - 	              (2, 0.1494388659184879),
[2024-10-10 02:56:19,003][flwr][INFO] - 	              (3, 0.7969379532634971),
[2024-10-10 02:56:19,003][flwr][INFO] - 	              (4, 0.29455445544554454),
[2024-10-10 02:56:19,003][flwr][INFO] - 	              (5, 0.19337979094076652),
[2024-10-10 02:56:19,003][flwr][INFO] - 	              (6, 0.9371980676328503),
[2024-10-10 02:56:19,004][flwr][INFO] - 	              (7, 0.0033500837520938024),
[2024-10-10 02:56:19,004][flwr][INFO] - 	              (8, 0.7170138888888888),
[2024-10-10 02:56:19,004][flwr][INFO] - 	              (9, 0.0),
[2024-10-10 02:56:19,004][flwr][INFO] - 	              (10, 0.4095744680851064),
[2024-10-10 02:56:19,004][flwr][INFO] - 	              (11, 0.36121323529411764),
[2024-10-10 02:56:19,004][flwr][INFO] - 	              (12, 0.008333333333333333),
[2024-10-10 02:56:19,004][flwr][INFO] - 	              (13, 0.11515151515151516),
[2024-10-10 02:56:19,004][flwr][INFO] - 	              (14, 0.1288888888888889),
[2024-10-10 02:56:19,004][flwr][INFO] - 	              (15, 0.3557312252964427),
[2024-10-10 02:56:19,004][flwr][INFO] - 	              (16, 0.7074380165289256),
[2024-10-10 02:56:19,004][flwr][INFO] - 	              (17, 0.4490358126721763),
[2024-10-10 02:56:19,004][flwr][INFO] - 	              (18, 0.18157181571815717),
[2024-10-10 02:56:19,004][flwr][INFO] - 	              (19, 0.0),
[2024-10-10 02:56:19,004][flwr][INFO] - 	              (20, 0.0),
[2024-10-10 02:56:19,004][flwr][INFO] - 	              (21, 0.20266272189349113),
[2024-10-10 02:56:19,004][flwr][INFO] - 	              (22, 0.0058823529411764705),
[2024-10-10 02:56:19,004][flwr][INFO] - 	              (23, 0.3604336043360434),
[2024-10-10 02:56:19,005][flwr][INFO] - 	              (24, 0.026490066225165563),
[2024-10-10 02:56:19,005][flwr][INFO] - 	              (25, 0.010025062656641603),
[2024-10-10 02:56:19,005][flwr][INFO] - 	              (26, 0.8357487922705314),
[2024-10-10 02:56:19,005][flwr][INFO] - 	              (27, 0.4419642857142857),
[2024-10-10 02:56:19,005][flwr][INFO] - 	              (28, 0.6600265604249668),
[2024-10-10 02:56:19,005][flwr][INFO] - 	              (29, 0.26384364820846906),
[2024-10-10 02:56:19,005][flwr][INFO] - 	              (30, 0.4299835255354201),
[2024-10-10 02:56:19,005][flwr][INFO] - 	              (31, 0.6728971962616822),
[2024-10-10 02:56:19,005][flwr][INFO] - 	              (32, 0.09048361934477381),
[2024-10-10 02:56:19,005][flwr][INFO] - 	              (33, 0.20876288659793815),
[2024-10-10 02:56:19,005][flwr][INFO] - 	              (34, 0.05),
[2024-10-10 02:56:19,005][flwr][INFO] - 	              (35, 0.7410714285714286),
[2024-10-10 02:56:19,005][flwr][INFO] - 	              (36, 0.24814814814814812),
[2024-10-10 02:56:19,005][flwr][INFO] - 	              (37, 0.06085753803596127),
[2024-10-10 02:56:19,005][flwr][INFO] - 	              (38, 0.358195211786372),
[2024-10-10 02:56:19,005][flwr][INFO] - 	              (39, 0.7414829659318637),
[2024-10-10 02:56:19,006][flwr][INFO] - 	              (40, 0.28637951105937137),
[2024-10-10 02:56:19,006][flwr][INFO] - 	              (41, 0.22336769759450173),
[2024-10-10 02:56:19,006][flwr][INFO] - 	              (42, 0.6521739130434783),
[2024-10-10 02:56:19,006][flwr][INFO] - 	              (43, 0.33495736906211937),
[2024-10-10 02:56:19,006][flwr][INFO] - 	              (44, 0.6),
[2024-10-10 02:56:19,006][flwr][INFO] - 	              (45, 0.4186666666666667),
[2024-10-10 02:56:19,006][flwr][INFO] - 	              (46, 0.01353546291283162),
[2024-10-10 02:56:19,006][flwr][INFO] - 	              (47, 0.13095238095238096),
[2024-10-10 02:56:19,006][flwr][INFO] - 	              (48, 0.4453654860587792),
[2024-10-10 02:56:19,006][flwr][INFO] - 	              (49, 0.190625),
[2024-10-10 02:56:19,006][flwr][INFO] - 	              (50, 0.5),
[2024-10-10 02:56:19,006][flwr][INFO] - 	              (51, 0.8485607008760951),
[2024-10-10 02:56:19,006][flwr][INFO] - 	              (52, 0.125),
[2024-10-10 02:56:19,006][flwr][INFO] - 	              (53, 0.7422680412371134),
[2024-10-10 02:56:19,006][flwr][INFO] - 	              (54, 0.6465311004784688),
[2024-10-10 02:56:19,006][flwr][INFO] - 	              (55, 0.3063063063063063),
[2024-10-10 02:56:19,006][flwr][INFO] - 	              (56, 0.7460762331838565),
[2024-10-10 02:56:19,007][flwr][INFO] - 	              (57, 0.6284658040665434),
[2024-10-10 02:56:19,007][flwr][INFO] - 	              (58, 0.8708860759493671),
[2024-10-10 02:56:19,007][flwr][INFO] - 	              (59, 0.5473145780051151),
[2024-10-10 02:56:19,007][flwr][INFO] - 	              (60, 0.00911854103343465),
[2024-10-10 02:56:19,007][flwr][INFO] - 	              (61, 0.5280898876404494),
[2024-10-10 02:56:19,007][flwr][INFO] - 	              (62, 0.7675250357653791),
[2024-10-10 02:56:19,007][flwr][INFO] - 	              (63, 0.503030303030303),
[2024-10-10 02:56:19,007][flwr][INFO] - 	              (64, 0.38181818181818183),
[2024-10-10 02:56:19,007][flwr][INFO] - 	              (65, 0.16111111111111112),
[2024-10-10 02:56:19,007][flwr][INFO] - 	              (66, 0.3233404710920771),
[2024-10-10 02:56:19,007][flwr][INFO] - 	              (67, 0.7390761548064919),
[2024-10-10 02:56:19,007][flwr][INFO] - 	              (68, 0.0),
[2024-10-10 02:56:19,007][flwr][INFO] - 	              (69, 0.06),
[2024-10-10 02:56:19,007][flwr][INFO] - 	              (70, 0.13354531001589826),
[2024-10-10 02:56:19,007][flwr][INFO] - 	              (71, 0.04680851063829787),
[2024-10-10 02:56:19,007][flwr][INFO] - 	              (72, 0.04047976011994003),
[2024-10-10 02:56:19,007][flwr][INFO] - 	              (73, 0.2984409799554566),
[2024-10-10 02:56:19,007][flwr][INFO] - 	              (74, 0.2345679012345679),
[2024-10-10 02:56:19,008][flwr][INFO] - 	              (75, 0.28781925343811393),
[2024-10-10 02:56:19,008][flwr][INFO] - 	              (76, 0.10088148873653281),
[2024-10-10 02:56:19,008][flwr][INFO] - 	              (77, 0.09113924050632911),
[2024-10-10 02:56:19,008][flwr][INFO] - 	              (78, 0.2704626334519573),
[2024-10-10 02:56:19,008][flwr][INFO] - 	              (79, 0.10344827586206896),
[2024-10-10 02:56:19,008][flwr][INFO] - 	              (80, 0.27549194991055453),
[2024-10-10 02:56:19,008][flwr][INFO] - 	              (81, 0.5478119935170178),
[2024-10-10 02:56:19,008][flwr][INFO] - 	              (82, 0.0761904761904762),
[2024-10-10 02:56:19,008][flwr][INFO] - 	              (83, 0.514792899408284),
[2024-10-10 02:56:19,008][flwr][INFO] - 	              (84, 0.6902472527472527),
[2024-10-10 02:56:19,008][flwr][INFO] - 	              (85, 0.702013422818792),
[2024-10-10 02:56:19,008][flwr][INFO] - 	              (86, 0.5804311774461028),
[2024-10-10 02:56:19,008][flwr][INFO] - 	              (87, 0.8256369426751592),
[2024-10-10 02:56:19,008][flwr][INFO] - 	              (88, 0.891156462585034),
[2024-10-10 02:56:19,008][flwr][INFO] - 	              (89, 0.8698752228163993),
[2024-10-10 02:56:19,008][flwr][INFO] - 	              (90, 0.421256038647343),
[2024-10-10 02:56:19,008][flwr][INFO] - 	              (91, 0.41043478260869565),
[2024-10-10 02:56:19,009][flwr][INFO] - 	              (92, 0.01171875),
[2024-10-10 02:56:19,009][flwr][INFO] - 	              (93, 0.6986301369863014),
[2024-10-10 02:56:19,009][flwr][INFO] - 	              (94, 0.4532871972318339),
[2024-10-10 02:56:19,009][flwr][INFO] - 	              (95, 0.5036496350364964),
[2024-10-10 02:56:19,009][flwr][INFO] - 	              (96, 0.2916666666666667),
[2024-10-10 02:56:19,009][flwr][INFO] - 	              (97, 0.08571428571428572),
[2024-10-10 02:56:19,009][flwr][INFO] - 	              (98, 0.7210639827462257),
[2024-10-10 02:56:19,009][flwr][INFO] - 	              (99, 0.8346883468834688),
[2024-10-10 02:56:19,009][flwr][INFO] - 	              (100, 0.45263157894736844)]}
[2024-10-10 02:56:19,009][flwr][INFO] - 	History (metrics, centralized):
[2024-10-10 02:56:19,009][flwr][INFO] - 	{'accuracy': [(0, 0.11869712351945855),
[2024-10-10 02:56:19,009][flwr][INFO] - 	              (1, 0.32561336717428085),
[2024-10-10 02:56:19,009][flwr][INFO] - 	              (2, 0.17079103214890018),
[2024-10-10 02:56:19,009][flwr][INFO] - 	              (3, 0.2696065989847716),
[2024-10-10 02:56:19,009][flwr][INFO] - 	              (4, 0.27774957698815567),
[2024-10-10 02:56:19,009][flwr][INFO] - 	              (5, 0.3403976311336717),
[2024-10-10 02:56:19,010][flwr][INFO] - 	              (6, 0.38343908629441625),
[2024-10-10 02:56:19,010][flwr][INFO] - 	              (7, 0.371256345177665),
[2024-10-10 02:56:19,010][flwr][INFO] - 	              (8, 0.36670896785109985),
[2024-10-10 02:56:19,010][flwr][INFO] - 	              (9, 0.3767554991539763),
[2024-10-10 02:56:19,010][flwr][INFO] - 	              (10, 0.374090524534687),
[2024-10-10 02:56:19,010][flwr][INFO] - 	              (11, 0.38472927241962773),
[2024-10-10 02:56:19,010][flwr][INFO] - 	              (12, 0.3604060913705584),
[2024-10-10 02:56:19,010][flwr][INFO] - 	              (13, 0.27419627749576986),
[2024-10-10 02:56:19,010][flwr][INFO] - 	              (14, 0.3115059221658206),
[2024-10-10 02:56:19,010][flwr][INFO] - 	              (15, 0.4225042301184433),
[2024-10-10 02:56:19,010][flwr][INFO] - 	              (16, 0.46579949238578683),
[2024-10-10 02:56:19,010][flwr][INFO] - 	              (17, 0.41618020304568526),
[2024-10-10 02:56:19,010][flwr][INFO] - 	              (18, 0.43318527918781724),
[2024-10-10 02:56:19,010][flwr][INFO] - 	              (19, 0.4299915397631134),
[2024-10-10 02:56:19,010][flwr][INFO] - 	              (20, 0.2977791878172589),
[2024-10-10 02:56:19,010][flwr][INFO] - 	              (21, 0.29168781725888326),
[2024-10-10 02:56:19,010][flwr][INFO] - 	              (22, 0.4046954314720812),
[2024-10-10 02:56:19,010][flwr][INFO] - 	              (23, 0.22480964467005077),
[2024-10-10 02:56:19,011][flwr][INFO] - 	              (24, 0.38504653130287647),
[2024-10-10 02:56:19,011][flwr][INFO] - 	              (25, 0.4560913705583756),
[2024-10-10 02:56:19,011][flwr][INFO] - 	              (26, 0.34543147208121827),
[2024-10-10 02:56:19,011][flwr][INFO] - 	              (27, 0.27679780033840945),
[2024-10-10 02:56:19,011][flwr][INFO] - 	              (28, 0.23092216582064298),
[2024-10-10 02:56:19,011][flwr][INFO] - 	              (29, 0.3205583756345178),
[2024-10-10 02:56:19,011][flwr][INFO] - 	              (30, 0.46833756345177663),
[2024-10-10 02:56:19,011][flwr][INFO] - 	              (31, 0.42588832487309647),
[2024-10-10 02:56:19,011][flwr][INFO] - 	              (32, 0.2703680203045685),
[2024-10-10 02:56:19,011][flwr][INFO] - 	              (33, 0.2708756345177665),
[2024-10-10 02:56:19,011][flwr][INFO] - 	              (34, 0.17635363790186126),
[2024-10-10 02:56:19,011][flwr][INFO] - 	              (35, 0.15854483925549914),
[2024-10-10 02:56:19,011][flwr][INFO] - 	              (36, 0.34517766497461927),
[2024-10-10 02:56:19,011][flwr][INFO] - 	              (37, 0.2128595600676819),
[2024-10-10 02:56:19,011][flwr][INFO] - 	              (38, 0.39972504230118444),
[2024-10-10 02:56:19,011][flwr][INFO] - 	              (39, 0.45382825719120135),
[2024-10-10 02:56:19,011][flwr][INFO] - 	              (40, 0.3659052453468697),
[2024-10-10 02:56:19,012][flwr][INFO] - 	              (41, 0.45516074450084604),
[2024-10-10 02:56:19,012][flwr][INFO] - 	              (42, 0.4535321489001692),
[2024-10-10 02:56:19,012][flwr][INFO] - 	              (43, 0.4146362098138748),
[2024-10-10 02:56:19,012][flwr][INFO] - 	              (44, 0.48709813874788493),
[2024-10-10 02:56:19,012][flwr][INFO] - 	              (45, 0.38424280879864636),
[2024-10-10 02:56:19,012][flwr][INFO] - 	              (46, 0.16478426395939086),
[2024-10-10 02:56:19,012][flwr][INFO] - 	              (47, 0.40205160744500845),
[2024-10-10 02:56:19,012][flwr][INFO] - 	              (48, 0.3045473773265651),
[2024-10-10 02:56:19,012][flwr][INFO] - 	              (49, 0.09462774957698815),
[2024-10-10 02:56:19,012][flwr][INFO] - 	              (50, 0.14898477157360407),
[2024-10-10 02:56:19,012][flwr][INFO] - 	              (51, 0.30653553299492386),
[2024-10-10 02:56:19,012][flwr][INFO] - 	              (52, 0.40488578680203047),
[2024-10-10 02:56:19,012][flwr][INFO] - 	              (53, 0.401163282571912),
[2024-10-10 02:56:19,012][flwr][INFO] - 	              (54, 0.39534686971235194),
[2024-10-10 02:56:19,012][flwr][INFO] - 	              (55, 0.444585448392555),
[2024-10-10 02:56:19,012][flwr][INFO] - 	              (56, 0.4540397631133672),
[2024-10-10 02:56:19,012][flwr][INFO] - 	              (57, 0.5120558375634517),
[2024-10-10 02:56:19,012][flwr][INFO] - 	              (58, 0.38248730964467004),
[2024-10-10 02:56:19,013][flwr][INFO] - 	              (59, 0.42770727580372253),
[2024-10-10 02:56:19,013][flwr][INFO] - 	              (60, 0.2666032148900169),
[2024-10-10 02:56:19,013][flwr][INFO] - 	              (61, 0.511336717428088),
[2024-10-10 02:56:19,013][flwr][INFO] - 	              (62, 0.5249788494077834),
[2024-10-10 02:56:19,013][flwr][INFO] - 	              (63, 0.42656514382402705),
[2024-10-10 02:56:19,013][flwr][INFO] - 	              (64, 0.43022419627749575),
[2024-10-10 02:56:19,013][flwr][INFO] - 	              (65, 0.27859560067681893),
[2024-10-10 02:56:19,013][flwr][INFO] - 	              (66, 0.33155668358714047),
[2024-10-10 02:56:19,013][flwr][INFO] - 	              (67, 0.4994077834179357),
[2024-10-10 02:56:19,013][flwr][INFO] - 	              (68, 0.20173434856175973),
[2024-10-10 02:56:19,013][flwr][INFO] - 	              (69, 0.29911167512690356),
[2024-10-10 02:56:19,013][flwr][INFO] - 	              (70, 0.2670896785109983),
[2024-10-10 02:56:19,013][flwr][INFO] - 	              (71, 0.3625634517766497),
[2024-10-10 02:56:19,013][flwr][INFO] - 	              (72, 0.39390862944162436),
[2024-10-10 02:56:19,013][flwr][INFO] - 	              (73, 0.40473773265651436),
[2024-10-10 02:56:19,013][flwr][INFO] - 	              (74, 0.33354483925549916),
[2024-10-10 02:56:19,013][flwr][INFO] - 	              (75, 0.2883248730964467),
[2024-10-10 02:56:19,014][flwr][INFO] - 	              (76, 0.4820219966159052),
[2024-10-10 02:56:19,014][flwr][INFO] - 	              (77, 0.3998730964467005),
[2024-10-10 02:56:19,014][flwr][INFO] - 	              (78, 0.42045262267343486),
[2024-10-10 02:56:19,014][flwr][INFO] - 	              (79, 0.37980118443316413),
[2024-10-10 02:56:19,014][flwr][INFO] - 	              (80, 0.38917089678510997),
[2024-10-10 02:56:19,014][flwr][INFO] - 	              (81, 0.22470389170896785),
[2024-10-10 02:56:19,014][flwr][INFO] - 	              (82, 0.4041243654822335),
[2024-10-10 02:56:19,014][flwr][INFO] - 	              (83, 0.5107445008460237),
[2024-10-10 02:56:19,014][flwr][INFO] - 	              (84, 0.4375),
[2024-10-10 02:56:19,014][flwr][INFO] - 	              (85, 0.545494923857868),
[2024-10-10 02:56:19,014][flwr][INFO] - 	              (86, 0.5123942470389171),
[2024-10-10 02:56:19,014][flwr][INFO] - 	              (87, 0.4315989847715736),
[2024-10-10 02:56:19,014][flwr][INFO] - 	              (88, 0.42163705583756345),
[2024-10-10 02:56:19,014][flwr][INFO] - 	              (89, 0.4751269035532995),
[2024-10-10 02:56:19,014][flwr][INFO] - 	              (90, 0.2765439932318105),
[2024-10-10 02:56:19,014][flwr][INFO] - 	              (91, 0.504251269035533),
[2024-10-10 02:56:19,014][flwr][INFO] - 	              (92, 0.4201776649746193),
[2024-10-10 02:56:19,014][flwr][INFO] - 	              (93, 0.5286379018612521),
[2024-10-10 02:56:19,015][flwr][INFO] - 	              (94, 0.19200507614213197),
[2024-10-10 02:56:19,015][flwr][INFO] - 	              (95, 0.37779187817258886),
[2024-10-10 02:56:19,015][flwr][INFO] - 	              (96, 0.4116539763113367),
[2024-10-10 02:56:19,015][flwr][INFO] - 	              (97, 0.289424703891709),
[2024-10-10 02:56:19,015][flwr][INFO] - 	              (98, 0.48153553299492385),
[2024-10-10 02:56:19,015][flwr][INFO] - 	              (99, 0.36093485617597293),
[2024-10-10 02:56:19,015][flwr][INFO] - 	              (100, 0.4770093062605753)]}
[2024-10-10 02:56:19,015][flwr][INFO] - 
