[2024-09-14 22:06:26,091][flwr][INFO] - Starting Flower simulation, config: num_rounds=100, no round_timeout
[2024-09-14 22:06:29,320][flwr][INFO] - Flower VCE: Ray initialized with resources: {'memory': 168664223540.0, 'node:__internal_head__': 1.0, 'node:115.145.172.224': 1.0, 'object_store_memory': 76570381516.0, 'accelerator_type:G': 1.0, 'GPU': 1.0, 'CPU': 256.0}
[2024-09-14 22:06:29,321][flwr][INFO] - Optimize your simulation with Flower VCE: https://flower.ai/docs/framework/how-to-run-simulations.html
[2024-09-14 22:06:29,321][flwr][INFO] - Flower VCE: Resources for each Virtual Client: {'num_cpus': 24, 'num_gpus': 0.5}
[2024-09-14 22:06:29,337][flwr][INFO] - Flower VCE: Creating VirtualClientEngineActorPool with 2 actors
[2024-09-14 22:06:29,338][flwr][INFO] - [INIT]
[2024-09-14 22:06:29,338][flwr][INFO] - Requesting initial parameters from one random client
[2024-09-14 22:06:33,105][flwr][INFO] - Received initial parameters from one random client
[2024-09-14 22:06:33,106][flwr][INFO] - Evaluating initial global parameters
[2024-09-14 22:06:38,798][flwr][INFO] - initial parameters (loss, other metrics): 222.44489562511444, {'accuracy': 0.13855597778427362}
[2024-09-14 22:06:38,798][flwr][INFO] - 
[2024-09-14 22:06:38,798][flwr][INFO] - [ROUND 1]
[2024-09-14 22:06:38,799][flwr][INFO] - configure_fit: strategy sampled 5 clients (out of 50)
[2024-09-14 22:06:45,385][flwr][INFO] - aggregate_fit: received 5 results and 0 failures
[2024-09-14 22:06:45,587][flwr][WARNING] - No fit_metrics_aggregation_fn provided
[2024-09-14 22:06:51,000][flwr][INFO] - fit progress: (1, 220.63119113445282, {'accuracy': 0.1598947676118094}, 12.2015150943771)
[2024-09-14 22:06:51,001][flwr][INFO] - configure_evaluate: strategy sampled 2 clients (out of 50)
[2024-09-14 22:06:51,338][flwr][INFO] - aggregate_evaluate: received 2 results and 0 failures
[2024-09-14 22:06:51,338][flwr][INFO] - 
[2024-09-14 22:06:51,339][flwr][INFO] - [ROUND 2]
[2024-09-14 22:06:51,339][flwr][INFO] - configure_fit: strategy sampled 5 clients (out of 50)
[2024-09-14 22:06:54,953][flwr][INFO] - aggregate_fit: received 5 results and 0 failures
[2024-09-14 22:06:59,967][flwr][INFO] - fit progress: (2, 217.63391995429993, {'accuracy': 0.22274188833674363}, 21.168304906226695)
[2024-09-14 22:06:59,967][flwr][INFO] - configure_evaluate: strategy sampled 2 clients (out of 50)
[2024-09-14 22:07:00,319][flwr][INFO] - aggregate_evaluate: received 2 results and 0 failures
[2024-09-14 22:07:00,319][flwr][INFO] - 
[2024-09-14 22:07:00,319][flwr][INFO] - [ROUND 3]
[2024-09-14 22:07:00,319][flwr][INFO] - configure_fit: strategy sampled 5 clients (out of 50)
[2024-09-14 22:07:04,980][flwr][INFO] - aggregate_fit: received 5 results and 0 failures
[2024-09-14 22:07:09,941][flwr][INFO] - fit progress: (3, 210.0824818611145, {'accuracy': 0.26863490207541657}, 31.142325289081782)
[2024-09-14 22:07:09,941][flwr][INFO] - configure_evaluate: strategy sampled 2 clients (out of 50)
[2024-09-14 22:07:10,292][flwr][INFO] - aggregate_evaluate: received 2 results and 0 failures
[2024-09-14 22:07:10,292][flwr][INFO] - 
[2024-09-14 22:07:10,292][flwr][INFO] - [ROUND 4]
[2024-09-14 22:07:10,293][flwr][INFO] - configure_fit: strategy sampled 5 clients (out of 50)
[2024-09-14 22:07:13,949][flwr][INFO] - aggregate_fit: received 5 results and 0 failures
[2024-09-14 22:07:18,855][flwr][INFO] - fit progress: (4, 204.29501736164093, {'accuracy': 0.35603624671148787}, 40.05651754233986)
[2024-09-14 22:07:18,855][flwr][INFO] - configure_evaluate: strategy sampled 2 clients (out of 50)
[2024-09-14 22:07:19,273][flwr][INFO] - aggregate_evaluate: received 2 results and 0 failures
[2024-09-14 22:07:19,273][flwr][INFO] - 
[2024-09-14 22:07:19,273][flwr][INFO] - [ROUND 5]
[2024-09-14 22:07:19,273][flwr][INFO] - configure_fit: strategy sampled 5 clients (out of 50)
[2024-09-14 22:07:24,110][flwr][INFO] - aggregate_fit: received 5 results and 0 failures
[2024-09-14 22:07:29,766][flwr][INFO] - fit progress: (5, 197.76218938827515, {'accuracy': 0.36275942706810876}, 50.96753528621048)
[2024-09-14 22:07:29,766][flwr][INFO] - configure_evaluate: strategy sampled 2 clients (out of 50)
[2024-09-14 22:07:30,104][flwr][INFO] - aggregate_evaluate: received 2 results and 0 failures
[2024-09-14 22:07:30,104][flwr][INFO] - 
[2024-09-14 22:07:30,104][flwr][INFO] - [ROUND 6]
[2024-09-14 22:07:30,104][flwr][INFO] - configure_fit: strategy sampled 5 clients (out of 50)
[2024-09-14 22:07:35,376][flwr][INFO] - aggregate_fit: received 5 results and 0 failures
[2024-09-14 22:07:40,892][flwr][INFO] - fit progress: (6, 180.83314788341522, {'accuracy': 0.5059923998830751}, 62.09415786433965)
[2024-09-14 22:07:40,893][flwr][INFO] - configure_evaluate: strategy sampled 2 clients (out of 50)
[2024-09-14 22:07:41,218][flwr][INFO] - aggregate_evaluate: received 2 results and 0 failures
[2024-09-14 22:07:41,218][flwr][INFO] - 
[2024-09-14 22:07:41,218][flwr][INFO] - [ROUND 7]
[2024-09-14 22:07:41,218][flwr][INFO] - configure_fit: strategy sampled 5 clients (out of 50)
[2024-09-14 22:07:45,386][flwr][INFO] - aggregate_fit: received 5 results and 0 failures
[2024-09-14 22:07:50,256][flwr][INFO] - fit progress: (7, 165.93623220920563, {'accuracy': 0.5662087109032446}, 71.45761012239382)
[2024-09-14 22:07:50,256][flwr][INFO] - configure_evaluate: strategy sampled 2 clients (out of 50)
[2024-09-14 22:07:50,563][flwr][INFO] - aggregate_evaluate: received 2 results and 0 failures
[2024-09-14 22:07:50,563][flwr][INFO] - 
[2024-09-14 22:07:50,563][flwr][INFO] - [ROUND 8]
[2024-09-14 22:07:50,563][flwr][INFO] - configure_fit: strategy sampled 5 clients (out of 50)
[2024-09-14 22:07:54,238][flwr][INFO] - aggregate_fit: received 5 results and 0 failures
[2024-09-14 22:07:59,368][flwr][INFO] - fit progress: (8, 160.70481860637665, {'accuracy': 0.5252850043846828}, 80.57021151809022)
[2024-09-14 22:07:59,369][flwr][INFO] - configure_evaluate: strategy sampled 2 clients (out of 50)
[2024-09-14 22:07:59,858][flwr][INFO] - aggregate_evaluate: received 2 results and 0 failures
[2024-09-14 22:07:59,859][flwr][INFO] - 
[2024-09-14 22:07:59,859][flwr][INFO] - [ROUND 9]
[2024-09-14 22:07:59,859][flwr][INFO] - configure_fit: strategy sampled 5 clients (out of 50)
[2024-09-14 22:08:03,471][flwr][INFO] - aggregate_fit: received 5 results and 0 failures
[2024-09-14 22:08:09,974][flwr][INFO] - fit progress: (9, 153.37461459636688, {'accuracy': 0.5735165156387021}, 91.17555627599359)
[2024-09-14 22:08:09,975][flwr][INFO] - configure_evaluate: strategy sampled 2 clients (out of 50)
[2024-09-14 22:08:10,306][flwr][INFO] - aggregate_evaluate: received 2 results and 0 failures
[2024-09-14 22:08:10,306][flwr][INFO] - 
[2024-09-14 22:08:10,306][flwr][INFO] - [ROUND 10]
[2024-09-14 22:08:10,306][flwr][INFO] - configure_fit: strategy sampled 5 clients (out of 50)
[2024-09-14 22:08:15,329][flwr][INFO] - aggregate_fit: received 5 results and 0 failures
[2024-09-14 22:08:20,491][flwr][INFO] - fit progress: (10, 146.67633855342865, {'accuracy': 0.5881321251096171}, 101.69245361629874)
[2024-09-14 22:08:20,491][flwr][INFO] - configure_evaluate: strategy sampled 2 clients (out of 50)
[2024-09-14 22:08:20,794][flwr][INFO] - aggregate_evaluate: received 2 results and 0 failures
[2024-09-14 22:08:20,794][flwr][INFO] - 
[2024-09-14 22:08:20,794][flwr][INFO] - [ROUND 11]
[2024-09-14 22:08:20,794][flwr][INFO] - configure_fit: strategy sampled 5 clients (out of 50)
[2024-09-14 22:08:24,874][flwr][INFO] - aggregate_fit: received 5 results and 0 failures
[2024-09-14 22:08:30,151][flwr][INFO] - fit progress: (11, 141.46135354042053, {'accuracy': 0.6480561239403683}, 111.35276064602658)
[2024-09-14 22:08:30,151][flwr][INFO] - configure_evaluate: strategy sampled 2 clients (out of 50)
[2024-09-14 22:08:30,462][flwr][INFO] - aggregate_evaluate: received 2 results and 0 failures
[2024-09-14 22:08:30,463][flwr][INFO] - 
[2024-09-14 22:08:30,463][flwr][INFO] - [ROUND 12]
[2024-09-14 22:08:30,463][flwr][INFO] - configure_fit: strategy sampled 5 clients (out of 50)
[2024-09-14 22:08:35,058][flwr][INFO] - aggregate_fit: received 5 results and 0 failures
[2024-09-14 22:08:40,873][flwr][INFO] - fit progress: (12, 128.4282933473587, {'accuracy': 0.6843028354282373}, 122.07465477101505)
[2024-09-14 22:08:40,874][flwr][INFO] - configure_evaluate: strategy sampled 2 clients (out of 50)
[2024-09-14 22:08:41,194][flwr][INFO] - aggregate_evaluate: received 2 results and 0 failures
[2024-09-14 22:08:41,195][flwr][INFO] - 
[2024-09-14 22:08:41,195][flwr][INFO] - [ROUND 13]
[2024-09-14 22:08:41,195][flwr][INFO] - configure_fit: strategy sampled 5 clients (out of 50)
[2024-09-14 22:08:45,717][flwr][INFO] - aggregate_fit: received 5 results and 0 failures
[2024-09-14 22:08:51,615][flwr][INFO] - fit progress: (13, 116.37114638090134, {'accuracy': 0.689856767027185}, 132.8171411571093)
[2024-09-14 22:08:51,616][flwr][INFO] - configure_evaluate: strategy sampled 2 clients (out of 50)
[2024-09-14 22:08:52,016][flwr][INFO] - aggregate_evaluate: received 2 results and 0 failures
[2024-09-14 22:08:52,016][flwr][INFO] - 
[2024-09-14 22:08:52,016][flwr][INFO] - [ROUND 14]
[2024-09-14 22:08:52,016][flwr][INFO] - configure_fit: strategy sampled 5 clients (out of 50)
[2024-09-14 22:08:57,070][flwr][INFO] - aggregate_fit: received 5 results and 0 failures
[2024-09-14 22:09:02,497][flwr][INFO] - fit progress: (14, 108.96812880039215, {'accuracy': 0.7059339374451915}, 143.69915078394115)
[2024-09-14 22:09:02,498][flwr][INFO] - configure_evaluate: strategy sampled 2 clients (out of 50)
[2024-09-14 22:09:02,800][flwr][INFO] - aggregate_evaluate: received 2 results and 0 failures
[2024-09-14 22:09:02,800][flwr][INFO] - 
[2024-09-14 22:09:02,800][flwr][INFO] - [ROUND 15]
[2024-09-14 22:09:02,800][flwr][INFO] - configure_fit: strategy sampled 5 clients (out of 50)
[2024-09-14 22:09:07,185][flwr][INFO] - aggregate_fit: received 5 results and 0 failures
[2024-09-14 22:09:12,653][flwr][INFO] - fit progress: (15, 101.83951199054718, {'accuracy': 0.7141186787489038}, 153.85457520838827)
[2024-09-14 22:09:12,653][flwr][INFO] - configure_evaluate: strategy sampled 2 clients (out of 50)
[2024-09-14 22:09:13,026][flwr][INFO] - aggregate_evaluate: received 2 results and 0 failures
[2024-09-14 22:09:13,026][flwr][INFO] - 
[2024-09-14 22:09:13,027][flwr][INFO] - [ROUND 16]
[2024-09-14 22:09:13,027][flwr][INFO] - configure_fit: strategy sampled 5 clients (out of 50)
[2024-09-14 22:09:18,081][flwr][INFO] - aggregate_fit: received 5 results and 0 failures
[2024-09-14 22:09:22,889][flwr][INFO] - fit progress: (16, 95.9708001613617, {'accuracy': 0.7255188541362175}, 164.09076021099463)
[2024-09-14 22:09:22,889][flwr][INFO] - configure_evaluate: strategy sampled 2 clients (out of 50)
[2024-09-14 22:09:23,216][flwr][INFO] - aggregate_evaluate: received 2 results and 0 failures
[2024-09-14 22:09:23,216][flwr][INFO] - 
[2024-09-14 22:09:23,216][flwr][INFO] - [ROUND 17]
[2024-09-14 22:09:23,216][flwr][INFO] - configure_fit: strategy sampled 5 clients (out of 50)
[2024-09-14 22:09:27,929][flwr][INFO] - aggregate_fit: received 5 results and 0 failures
[2024-09-14 22:09:34,041][flwr][INFO] - fit progress: (17, 87.42728251218796, {'accuracy': 0.7614732534346682}, 175.24237479735166)
[2024-09-14 22:09:34,042][flwr][INFO] - configure_evaluate: strategy sampled 2 clients (out of 50)
[2024-09-14 22:09:34,351][flwr][INFO] - aggregate_evaluate: received 2 results and 0 failures
[2024-09-14 22:09:34,351][flwr][INFO] - 
[2024-09-14 22:09:34,352][flwr][INFO] - [ROUND 18]
[2024-09-14 22:09:34,352][flwr][INFO] - configure_fit: strategy sampled 5 clients (out of 50)
[2024-09-14 22:09:39,803][flwr][INFO] - aggregate_fit: received 5 results and 0 failures
[2024-09-14 22:09:44,648][flwr][INFO] - fit progress: (18, 80.41267350316048, {'accuracy': 0.7638117509500146}, 185.85006189811975)
[2024-09-14 22:09:44,649][flwr][INFO] - configure_evaluate: strategy sampled 2 clients (out of 50)
[2024-09-14 22:09:45,062][flwr][INFO] - aggregate_evaluate: received 2 results and 0 failures
[2024-09-14 22:09:45,063][flwr][INFO] - 
[2024-09-14 22:09:45,063][flwr][INFO] - [ROUND 19]
[2024-09-14 22:09:45,063][flwr][INFO] - configure_fit: strategy sampled 5 clients (out of 50)
[2024-09-14 22:09:49,339][flwr][INFO] - aggregate_fit: received 5 results and 0 failures
[2024-09-14 22:09:54,479][flwr][INFO] - fit progress: (19, 87.61069715023041, {'accuracy': 0.743642209880152}, 195.68091353029013)
[2024-09-14 22:09:54,480][flwr][INFO] - configure_evaluate: strategy sampled 2 clients (out of 50)
[2024-09-14 22:09:54,816][flwr][INFO] - aggregate_evaluate: received 2 results and 0 failures
[2024-09-14 22:09:54,816][flwr][INFO] - 
[2024-09-14 22:09:54,816][flwr][INFO] - [ROUND 20]
[2024-09-14 22:09:54,816][flwr][INFO] - configure_fit: strategy sampled 5 clients (out of 50)
[2024-09-14 22:09:58,066][flwr][INFO] - aggregate_fit: received 5 results and 0 failures
[2024-09-14 22:10:02,837][flwr][INFO] - fit progress: (20, 77.77168262004852, {'accuracy': 0.7693656825489623}, 204.03898632433265)
[2024-09-14 22:10:02,838][flwr][INFO] - configure_evaluate: strategy sampled 2 clients (out of 50)
[2024-09-14 22:10:03,240][flwr][INFO] - aggregate_evaluate: received 2 results and 0 failures
[2024-09-14 22:10:03,241][flwr][INFO] - 
[2024-09-14 22:10:03,241][flwr][INFO] - [ROUND 21]
[2024-09-14 22:10:03,241][flwr][INFO] - configure_fit: strategy sampled 5 clients (out of 50)
[2024-09-14 22:10:09,114][flwr][INFO] - aggregate_fit: received 5 results and 0 failures
[2024-09-14 22:10:14,333][flwr][INFO] - fit progress: (21, 77.37873592972755, {'accuracy': 0.7795966091786027}, 215.5350018851459)
[2024-09-14 22:10:14,334][flwr][INFO] - configure_evaluate: strategy sampled 2 clients (out of 50)
[2024-09-14 22:10:14,652][flwr][INFO] - aggregate_evaluate: received 2 results and 0 failures
[2024-09-14 22:10:14,652][flwr][INFO] - 
[2024-09-14 22:10:14,652][flwr][INFO] - [ROUND 22]
[2024-09-14 22:10:14,653][flwr][INFO] - configure_fit: strategy sampled 5 clients (out of 50)
[2024-09-14 22:10:18,624][flwr][INFO] - aggregate_fit: received 5 results and 0 failures
[2024-09-14 22:10:23,376][flwr][INFO] - fit progress: (22, 68.5419451892376, {'accuracy': 0.8035662087109032}, 224.57758443104103)
[2024-09-14 22:10:23,376][flwr][INFO] - configure_evaluate: strategy sampled 2 clients (out of 50)
[2024-09-14 22:10:23,729][flwr][INFO] - aggregate_evaluate: received 2 results and 0 failures
[2024-09-14 22:10:23,729][flwr][INFO] - 
[2024-09-14 22:10:23,730][flwr][INFO] - [ROUND 23]
[2024-09-14 22:10:23,730][flwr][INFO] - configure_fit: strategy sampled 5 clients (out of 50)
[2024-09-14 22:10:27,486][flwr][INFO] - aggregate_fit: received 5 results and 0 failures
[2024-09-14 22:10:32,252][flwr][INFO] - fit progress: (23, 66.41405272483826, {'accuracy': 0.8073662671733411}, 233.453500633128)
[2024-09-14 22:10:32,252][flwr][INFO] - configure_evaluate: strategy sampled 2 clients (out of 50)
[2024-09-14 22:10:32,615][flwr][INFO] - aggregate_evaluate: received 2 results and 0 failures
[2024-09-14 22:10:32,616][flwr][INFO] - 
[2024-09-14 22:10:32,616][flwr][INFO] - [ROUND 24]
[2024-09-14 22:10:32,616][flwr][INFO] - configure_fit: strategy sampled 5 clients (out of 50)
[2024-09-14 22:10:37,524][flwr][INFO] - aggregate_fit: received 5 results and 0 failures
[2024-09-14 22:10:42,648][flwr][INFO] - fit progress: (24, 73.01093366742134, {'accuracy': 0.7772581116632563}, 243.84933406999335)
[2024-09-14 22:10:42,648][flwr][INFO] - configure_evaluate: strategy sampled 2 clients (out of 50)
[2024-09-14 22:10:43,040][flwr][INFO] - aggregate_evaluate: received 2 results and 0 failures
[2024-09-14 22:10:43,041][flwr][INFO] - 
[2024-09-14 22:10:43,041][flwr][INFO] - [ROUND 25]
[2024-09-14 22:10:43,041][flwr][INFO] - configure_fit: strategy sampled 5 clients (out of 50)
[2024-09-14 22:10:47,379][flwr][INFO] - aggregate_fit: received 5 results and 0 failures
[2024-09-14 22:10:52,963][flwr][INFO] - fit progress: (25, 89.12443435192108, {'accuracy': 0.7275650394621456}, 254.16470914706588)
[2024-09-14 22:10:52,964][flwr][INFO] - configure_evaluate: strategy sampled 2 clients (out of 50)
[2024-09-14 22:10:53,289][flwr][INFO] - aggregate_evaluate: received 2 results and 0 failures
[2024-09-14 22:10:53,289][flwr][INFO] - 
[2024-09-14 22:10:53,289][flwr][INFO] - [ROUND 26]
[2024-09-14 22:10:53,289][flwr][INFO] - configure_fit: strategy sampled 5 clients (out of 50)
[2024-09-14 22:10:58,156][flwr][INFO] - aggregate_fit: received 5 results and 0 failures
[2024-09-14 22:11:03,154][flwr][INFO] - fit progress: (26, 72.93675446510315, {'accuracy': 0.7831043554516224}, 264.3554596202448)
[2024-09-14 22:11:03,154][flwr][INFO] - configure_evaluate: strategy sampled 2 clients (out of 50)
[2024-09-14 22:11:03,441][flwr][INFO] - aggregate_evaluate: received 2 results and 0 failures
[2024-09-14 22:11:03,442][flwr][INFO] - 
[2024-09-14 22:11:03,442][flwr][INFO] - [ROUND 27]
[2024-09-14 22:11:03,442][flwr][INFO] - configure_fit: strategy sampled 5 clients (out of 50)
[2024-09-14 22:11:08,482][flwr][INFO] - aggregate_fit: received 5 results and 0 failures
[2024-09-14 22:11:14,247][flwr][INFO] - fit progress: (27, 64.3615525662899, {'accuracy': 0.821981876644256}, 275.44856683304533)
[2024-09-14 22:11:14,247][flwr][INFO] - configure_evaluate: strategy sampled 2 clients (out of 50)
[2024-09-14 22:11:14,852][flwr][INFO] - aggregate_evaluate: received 2 results and 0 failures
[2024-09-14 22:11:14,853][flwr][INFO] - 
[2024-09-14 22:11:14,853][flwr][INFO] - [ROUND 28]
[2024-09-14 22:11:14,853][flwr][INFO] - configure_fit: strategy sampled 5 clients (out of 50)
[2024-09-14 22:11:19,271][flwr][INFO] - aggregate_fit: received 5 results and 0 failures
[2024-09-14 22:11:23,989][flwr][INFO] - fit progress: (28, 61.87013718485832, {'accuracy': 0.814089447529962}, 285.19112952798605)
[2024-09-14 22:11:23,990][flwr][INFO] - configure_evaluate: strategy sampled 2 clients (out of 50)
[2024-09-14 22:11:24,346][flwr][INFO] - aggregate_evaluate: received 2 results and 0 failures
[2024-09-14 22:11:24,347][flwr][INFO] - 
[2024-09-14 22:11:24,347][flwr][INFO] - [ROUND 29]
[2024-09-14 22:11:24,347][flwr][INFO] - configure_fit: strategy sampled 5 clients (out of 50)
