[2024-09-12 16:35:34,108][flwr][INFO] - Starting Flower simulation, config: num_rounds=100, no round_timeout
[2024-09-12 16:35:37,309][flwr][INFO] - Flower VCE: Ray initialized with resources: {'CPU': 256.0, 'accelerator_type:G': 1.0, 'GPU': 1.0, 'node:__internal_head__': 1.0, 'object_store_memory': 76557036748.0, 'node:115.145.172.224': 1.0, 'memory': 168633085748.0}
[2024-09-12 16:35:37,309][flwr][INFO] - Optimize your simulation with Flower VCE: https://flower.ai/docs/framework/how-to-run-simulations.html
[2024-09-12 16:35:37,309][flwr][INFO] - Flower VCE: Resources for each Virtual Client: {'num_cpus': 128, 'num_gpus': 0.1}
[2024-09-12 16:35:37,320][flwr][INFO] - Flower VCE: Creating VirtualClientEngineActorPool with 2 actors
[2024-09-12 16:35:37,321][flwr][INFO] - [INIT]
[2024-09-12 16:35:37,321][flwr][INFO] - Requesting initial parameters from one random client
[2024-09-12 16:35:41,888][flwr][INFO] - Received initial parameters from one random client
[2024-09-12 16:35:41,889][flwr][INFO] - Evaluating initial global parameters
[2024-09-12 16:35:55,283][flwr][INFO] - initial parameters (loss, other metrics): 493.3989613056183, {'accuracy': 0.1701949860724234}
[2024-09-12 16:35:55,283][flwr][INFO] - 
[2024-09-12 16:35:55,283][flwr][INFO] - [ROUND 1]
[2024-09-12 16:35:55,283][flwr][INFO] - configure_fit: strategy sampled 5 clients (out of 50)
[2024-09-12 16:36:17,181][flwr][INFO] - aggregate_fit: received 5 results and 0 failures
[2024-09-12 16:36:17,412][flwr][WARNING] - No fit_metrics_aggregation_fn provided
[2024-09-12 16:36:28,984][flwr][INFO] - fit progress: (1, 396.580029964447, {'accuracy': 0.541782729805014}, 33.70054160896689)
[2024-09-12 16:36:28,984][flwr][INFO] - configure_evaluate: strategy sampled 2 clients (out of 50)
[2024-09-12 16:36:30,833][flwr][INFO] - aggregate_evaluate: received 2 results and 0 failures
[2024-09-12 16:36:30,836][flwr][INFO] - 
[2024-09-12 16:36:30,836][flwr][INFO] - [ROUND 2]
[2024-09-12 16:36:30,836][flwr][INFO] - configure_fit: strategy sampled 5 clients (out of 50)
[2024-09-12 16:36:52,299][flwr][INFO] - aggregate_fit: received 5 results and 0 failures
[2024-09-12 16:37:03,032][flwr][INFO] - fit progress: (2, 335.4693446159363, {'accuracy': 0.5143454038997215}, 67.748814471066)
[2024-09-12 16:37:03,033][flwr][INFO] - configure_evaluate: strategy sampled 2 clients (out of 50)
[2024-09-12 16:37:04,152][flwr][INFO] - aggregate_evaluate: received 2 results and 0 failures
[2024-09-12 16:37:04,153][flwr][INFO] - 
[2024-09-12 16:37:04,153][flwr][INFO] - [ROUND 3]
[2024-09-12 16:37:04,153][flwr][INFO] - configure_fit: strategy sampled 5 clients (out of 50)
[2024-09-12 16:37:29,069][flwr][INFO] - aggregate_fit: received 5 results and 0 failures
[2024-09-12 16:37:41,024][flwr][INFO] - fit progress: (3, 320.4251899719238, {'accuracy': 0.4501392757660167}, 105.7410556008108)
[2024-09-12 16:37:41,025][flwr][INFO] - configure_evaluate: strategy sampled 2 clients (out of 50)
[2024-09-12 16:37:42,116][flwr][INFO] - aggregate_evaluate: received 2 results and 0 failures
[2024-09-12 16:37:42,116][flwr][INFO] - 
[2024-09-12 16:37:42,116][flwr][INFO] - [ROUND 4]
[2024-09-12 16:37:42,116][flwr][INFO] - configure_fit: strategy sampled 5 clients (out of 50)
[2024-09-12 16:38:06,363][flwr][INFO] - aggregate_fit: received 5 results and 0 failures
[2024-09-12 16:38:15,978][flwr][INFO] - fit progress: (4, 349.2318218946457, {'accuracy': 0.6895543175487465}, 140.69489156408235)
[2024-09-12 16:38:15,979][flwr][INFO] - configure_evaluate: strategy sampled 2 clients (out of 50)
[2024-09-12 16:38:17,373][flwr][INFO] - aggregate_evaluate: received 2 results and 0 failures
[2024-09-12 16:38:17,373][flwr][INFO] - 
[2024-09-12 16:38:17,373][flwr][INFO] - [ROUND 5]
[2024-09-12 16:38:17,373][flwr][INFO] - configure_fit: strategy sampled 5 clients (out of 50)
[2024-09-12 16:38:42,689][flwr][INFO] - aggregate_fit: received 5 results and 0 failures
[2024-09-12 16:38:52,172][flwr][INFO] - fit progress: (5, 333.5425330400467, {'accuracy': 0.694150417827298}, 176.8892236109823)
[2024-09-12 16:38:52,173][flwr][INFO] - configure_evaluate: strategy sampled 2 clients (out of 50)
[2024-09-12 16:38:53,304][flwr][INFO] - aggregate_evaluate: received 2 results and 0 failures
[2024-09-12 16:38:53,305][flwr][INFO] - 
[2024-09-12 16:38:53,305][flwr][INFO] - [ROUND 6]
[2024-09-12 16:38:53,305][flwr][INFO] - configure_fit: strategy sampled 5 clients (out of 50)
[2024-09-12 16:39:14,602][flwr][INFO] - aggregate_fit: received 5 results and 0 failures
[2024-09-12 16:39:24,181][flwr][INFO] - fit progress: (6, 279.7236068844795, {'accuracy': 0.6540389972144847}, 208.89754472114146)
[2024-09-12 16:39:24,181][flwr][INFO] - configure_evaluate: strategy sampled 2 clients (out of 50)
[2024-09-12 16:39:25,585][flwr][INFO] - aggregate_evaluate: received 2 results and 0 failures
[2024-09-12 16:39:25,585][flwr][INFO] - 
[2024-09-12 16:39:25,585][flwr][INFO] - [ROUND 7]
[2024-09-12 16:39:25,585][flwr][INFO] - configure_fit: strategy sampled 5 clients (out of 50)
[2024-09-12 16:39:42,886][flwr][INFO] - aggregate_fit: received 5 results and 0 failures
[2024-09-12 16:39:52,497][flwr][INFO] - fit progress: (7, 344.8791778087616, {'accuracy': 0.7714484679665738}, 237.21353286504745)
[2024-09-12 16:39:52,497][flwr][INFO] - configure_evaluate: strategy sampled 2 clients (out of 50)
[2024-09-12 16:39:53,430][flwr][INFO] - aggregate_evaluate: received 2 results and 0 failures
[2024-09-12 16:39:53,431][flwr][INFO] - 
[2024-09-12 16:39:53,431][flwr][INFO] - [ROUND 8]
[2024-09-12 16:39:53,431][flwr][INFO] - configure_fit: strategy sampled 5 clients (out of 50)
[2024-09-12 16:40:15,757][flwr][INFO] - aggregate_fit: received 5 results and 0 failures
[2024-09-12 16:40:27,895][flwr][INFO] - fit progress: (8, 169.41520816087723, {'accuracy': 0.7406685236768802}, 272.61233480414376)
[2024-09-12 16:40:27,896][flwr][INFO] - configure_evaluate: strategy sampled 2 clients (out of 50)
[2024-09-12 16:40:28,974][flwr][INFO] - aggregate_evaluate: received 2 results and 0 failures
[2024-09-12 16:40:28,974][flwr][INFO] - 
[2024-09-12 16:40:28,974][flwr][INFO] - [ROUND 9]
[2024-09-12 16:40:28,975][flwr][INFO] - configure_fit: strategy sampled 5 clients (out of 50)
[2024-09-12 16:40:50,300][flwr][INFO] - aggregate_fit: received 5 results and 0 failures
[2024-09-12 16:40:59,870][flwr][INFO] - fit progress: (9, 340.7890337705612, {'accuracy': 0.6465181058495821}, 304.5868612341583)
[2024-09-12 16:40:59,871][flwr][INFO] - configure_evaluate: strategy sampled 2 clients (out of 50)
[2024-09-12 16:41:00,771][flwr][INFO] - aggregate_evaluate: received 2 results and 0 failures
[2024-09-12 16:41:00,772][flwr][INFO] - 
[2024-09-12 16:41:00,772][flwr][INFO] - [ROUND 10]
[2024-09-12 16:41:00,772][flwr][INFO] - configure_fit: strategy sampled 5 clients (out of 50)
[2024-09-12 16:41:26,125][flwr][INFO] - aggregate_fit: received 5 results and 0 failures
[2024-09-12 16:41:36,267][flwr][INFO] - fit progress: (10, 276.18240481615067, {'accuracy': 0.684958217270195}, 340.98371617589146)
[2024-09-12 16:41:36,267][flwr][INFO] - configure_evaluate: strategy sampled 2 clients (out of 50)
[2024-09-12 16:41:37,762][flwr][INFO] - aggregate_evaluate: received 2 results and 0 failures
[2024-09-12 16:41:37,763][flwr][INFO] - 
[2024-09-12 16:41:37,763][flwr][INFO] - [ROUND 11]
[2024-09-12 16:41:37,763][flwr][INFO] - configure_fit: strategy sampled 5 clients (out of 50)
[2024-09-12 16:42:03,807][flwr][INFO] - aggregate_fit: received 5 results and 0 failures
[2024-09-12 16:42:13,981][flwr][INFO] - fit progress: (11, 166.78817987442017, {'accuracy': 0.729108635097493}, 378.6975464290008)
[2024-09-12 16:42:13,981][flwr][INFO] - configure_evaluate: strategy sampled 2 clients (out of 50)
[2024-09-12 16:42:15,606][flwr][INFO] - aggregate_evaluate: received 2 results and 0 failures
[2024-09-12 16:42:15,607][flwr][INFO] - 
[2024-09-12 16:42:15,607][flwr][INFO] - [ROUND 12]
[2024-09-12 16:42:15,607][flwr][INFO] - configure_fit: strategy sampled 5 clients (out of 50)
[2024-09-12 16:42:31,455][flwr][INFO] - aggregate_fit: received 5 results and 0 failures
[2024-09-12 16:42:41,177][flwr][INFO] - fit progress: (12, 140.4002059698105, {'accuracy': 0.7779944289693593}, 405.89372432325035)
[2024-09-12 16:42:41,178][flwr][INFO] - configure_evaluate: strategy sampled 2 clients (out of 50)
[2024-09-12 16:42:42,662][flwr][INFO] - aggregate_evaluate: received 2 results and 0 failures
[2024-09-12 16:42:42,662][flwr][INFO] - 
[2024-09-12 16:42:42,662][flwr][INFO] - [ROUND 13]
[2024-09-12 16:42:42,662][flwr][INFO] - configure_fit: strategy sampled 5 clients (out of 50)
[2024-09-12 16:42:57,581][flwr][INFO] - aggregate_fit: received 5 results and 0 failures
[2024-09-12 16:43:07,376][flwr][INFO] - fit progress: (13, 150.993582457304, {'accuracy': 0.7994428969359332}, 432.09265026217327)
[2024-09-12 16:43:07,376][flwr][INFO] - configure_evaluate: strategy sampled 2 clients (out of 50)
[2024-09-12 16:43:08,738][flwr][INFO] - aggregate_evaluate: received 2 results and 0 failures
[2024-09-12 16:43:08,738][flwr][INFO] - 
[2024-09-12 16:43:08,738][flwr][INFO] - [ROUND 14]
[2024-09-12 16:43:08,738][flwr][INFO] - configure_fit: strategy sampled 5 clients (out of 50)
[2024-09-12 16:43:32,043][flwr][INFO] - aggregate_fit: received 5 results and 0 failures
[2024-09-12 16:43:41,734][flwr][INFO] - fit progress: (14, 148.02862909436226, {'accuracy': 0.7805013927576602}, 466.4506059489213)
[2024-09-12 16:43:41,734][flwr][INFO] - configure_evaluate: strategy sampled 2 clients (out of 50)
[2024-09-12 16:43:42,835][flwr][INFO] - aggregate_evaluate: received 2 results and 0 failures
[2024-09-12 16:43:42,836][flwr][INFO] - 
[2024-09-12 16:43:42,836][flwr][INFO] - [ROUND 15]
[2024-09-12 16:43:42,837][flwr][INFO] - configure_fit: strategy sampled 5 clients (out of 50)
[2024-09-12 16:44:07,633][flwr][INFO] - aggregate_fit: received 5 results and 0 failures
[2024-09-12 16:44:17,070][flwr][INFO] - fit progress: (15, 134.61753231287003, {'accuracy': 0.8129526462395543}, 501.78712959680706)
[2024-09-12 16:44:17,071][flwr][INFO] - configure_evaluate: strategy sampled 2 clients (out of 50)
[2024-09-12 16:44:18,143][flwr][INFO] - aggregate_evaluate: received 2 results and 0 failures
[2024-09-12 16:44:18,143][flwr][INFO] - 
[2024-09-12 16:44:18,143][flwr][INFO] - [ROUND 16]
[2024-09-12 16:44:18,143][flwr][INFO] - configure_fit: strategy sampled 5 clients (out of 50)
[2024-09-12 16:44:43,555][flwr][INFO] - aggregate_fit: received 5 results and 0 failures
[2024-09-12 16:44:53,098][flwr][INFO] - fit progress: (16, 210.44399827718735, {'accuracy': 0.8026462395543176}, 537.8146547139622)
[2024-09-12 16:44:53,098][flwr][INFO] - configure_evaluate: strategy sampled 2 clients (out of 50)
[2024-09-12 16:44:54,259][flwr][INFO] - aggregate_evaluate: received 2 results and 0 failures
[2024-09-12 16:44:54,259][flwr][INFO] - 
[2024-09-12 16:44:54,260][flwr][INFO] - [ROUND 17]
[2024-09-12 16:44:54,260][flwr][INFO] - configure_fit: strategy sampled 5 clients (out of 50)
[2024-09-12 16:45:23,387][flwr][INFO] - aggregate_fit: received 5 results and 0 failures
[2024-09-12 16:45:32,966][flwr][INFO] - fit progress: (17, 182.06410187482834, {'accuracy': 0.8022284122562674}, 577.6830589980818)
[2024-09-12 16:45:32,966][flwr][INFO] - configure_evaluate: strategy sampled 2 clients (out of 50)
[2024-09-12 16:45:33,853][flwr][INFO] - aggregate_evaluate: received 2 results and 0 failures
[2024-09-12 16:45:33,853][flwr][INFO] - 
[2024-09-12 16:45:33,854][flwr][INFO] - [ROUND 18]
[2024-09-12 16:45:33,854][flwr][INFO] - configure_fit: strategy sampled 5 clients (out of 50)
[2024-09-12 16:45:48,043][flwr][INFO] - aggregate_fit: received 5 results and 0 failures
[2024-09-12 16:45:57,384][flwr][INFO] - fit progress: (18, 104.25380116701126, {'accuracy': 0.8497214484679666}, 602.1014290242456)
[2024-09-12 16:45:57,385][flwr][INFO] - configure_evaluate: strategy sampled 2 clients (out of 50)
[2024-09-12 16:45:58,657][flwr][INFO] - aggregate_evaluate: received 2 results and 0 failures
[2024-09-12 16:45:58,658][flwr][INFO] - 
[2024-09-12 16:45:58,658][flwr][INFO] - [ROUND 19]
[2024-09-12 16:45:58,658][flwr][INFO] - configure_fit: strategy sampled 5 clients (out of 50)
[2024-09-12 16:46:24,001][flwr][INFO] - aggregate_fit: received 5 results and 0 failures
[2024-09-12 16:46:33,438][flwr][INFO] - fit progress: (19, 215.04889804124832, {'accuracy': 0.7952646239554317}, 638.1545660649426)
[2024-09-12 16:46:33,438][flwr][INFO] - configure_evaluate: strategy sampled 2 clients (out of 50)
[2024-09-12 16:46:34,544][flwr][INFO] - aggregate_evaluate: received 2 results and 0 failures
[2024-09-12 16:46:34,545][flwr][INFO] - 
[2024-09-12 16:46:34,545][flwr][INFO] - [ROUND 20]
[2024-09-12 16:46:34,546][flwr][INFO] - configure_fit: strategy sampled 5 clients (out of 50)
[2024-09-12 16:47:10,296][flwr][INFO] - aggregate_fit: received 5 results and 0 failures
[2024-09-12 16:47:20,058][flwr][INFO] - fit progress: (20, 267.1000859737396, {'accuracy': 0.7944289693593315}, 684.774472584948)
[2024-09-12 16:47:20,058][flwr][INFO] - configure_evaluate: strategy sampled 2 clients (out of 50)
[2024-09-12 16:47:20,816][flwr][INFO] - aggregate_evaluate: received 2 results and 0 failures
[2024-09-12 16:47:20,816][flwr][INFO] - 
[2024-09-12 16:47:20,816][flwr][INFO] - [ROUND 21]
[2024-09-12 16:47:20,816][flwr][INFO] - configure_fit: strategy sampled 5 clients (out of 50)
[2024-09-12 16:47:50,480][flwr][INFO] - aggregate_fit: received 5 results and 0 failures
[2024-09-12 16:48:00,591][flwr][INFO] - fit progress: (21, 189.49318224191666, {'accuracy': 0.8161559888579387}, 725.3075102842413)
[2024-09-12 16:48:00,591][flwr][INFO] - configure_evaluate: strategy sampled 2 clients (out of 50)
[2024-09-12 16:48:01,539][flwr][INFO] - aggregate_evaluate: received 2 results and 0 failures
[2024-09-12 16:48:01,540][flwr][INFO] - 
[2024-09-12 16:48:01,540][flwr][INFO] - [ROUND 22]
[2024-09-12 16:48:01,540][flwr][INFO] - configure_fit: strategy sampled 5 clients (out of 50)
[2024-09-12 16:48:11,797][flwr][INFO] - aggregate_fit: received 5 results and 0 failures
[2024-09-12 16:48:23,566][flwr][INFO] - fit progress: (22, 237.74114578962326, {'accuracy': 0.7175487465181059}, 748.2834370392375)
[2024-09-12 16:48:23,567][flwr][INFO] - configure_evaluate: strategy sampled 2 clients (out of 50)
[2024-09-12 16:48:24,640][flwr][INFO] - aggregate_evaluate: received 2 results and 0 failures
[2024-09-12 16:48:24,640][flwr][INFO] - 
[2024-09-12 16:48:24,640][flwr][INFO] - [ROUND 23]
[2024-09-12 16:48:24,640][flwr][INFO] - configure_fit: strategy sampled 5 clients (out of 50)
[2024-09-12 16:48:39,142][flwr][INFO] - aggregate_fit: received 5 results and 0 failures
[2024-09-12 16:48:48,581][flwr][INFO] - fit progress: (23, 169.10630321502686, {'accuracy': 0.8385793871866295}, 773.2977265720256)
[2024-09-12 16:48:48,581][flwr][INFO] - configure_evaluate: strategy sampled 2 clients (out of 50)
[2024-09-12 16:48:49,982][flwr][INFO] - aggregate_evaluate: received 2 results and 0 failures
[2024-09-12 16:48:49,982][flwr][INFO] - 
[2024-09-12 16:48:49,982][flwr][INFO] - [ROUND 24]
[2024-09-12 16:48:49,982][flwr][INFO] - configure_fit: strategy sampled 5 clients (out of 50)
[2024-09-12 16:49:06,096][flwr][INFO] - aggregate_fit: received 5 results and 0 failures
[2024-09-12 16:49:15,541][flwr][INFO] - fit progress: (24, 161.29572254419327, {'accuracy': 0.7731197771587743}, 800.2582957949489)
[2024-09-12 16:49:15,542][flwr][INFO] - configure_evaluate: strategy sampled 2 clients (out of 50)
[2024-09-12 16:49:16,420][flwr][INFO] - aggregate_evaluate: received 2 results and 0 failures
[2024-09-12 16:49:16,420][flwr][INFO] - 
[2024-09-12 16:49:16,420][flwr][INFO] - [ROUND 25]
[2024-09-12 16:49:16,420][flwr][INFO] - configure_fit: strategy sampled 5 clients (out of 50)
[2024-09-12 16:49:42,155][flwr][INFO] - aggregate_fit: received 5 results and 0 failures
[2024-09-12 16:49:51,890][flwr][INFO] - fit progress: (25, 274.479527592659, {'accuracy': 0.8178272980501393}, 836.6068795952015)
[2024-09-12 16:49:51,891][flwr][INFO] - configure_evaluate: strategy sampled 2 clients (out of 50)
[2024-09-12 16:49:52,911][flwr][INFO] - aggregate_evaluate: received 2 results and 0 failures
[2024-09-12 16:49:52,911][flwr][INFO] - 
[2024-09-12 16:49:52,911][flwr][INFO] - [ROUND 26]
[2024-09-12 16:49:52,911][flwr][INFO] - configure_fit: strategy sampled 5 clients (out of 50)
[2024-09-12 16:50:10,240][flwr][INFO] - aggregate_fit: received 5 results and 0 failures
[2024-09-12 16:50:19,994][flwr][INFO] - fit progress: (26, 150.15382380783558, {'accuracy': 0.7463788300835654}, 864.7109692418016)
[2024-09-12 16:50:19,995][flwr][INFO] - configure_evaluate: strategy sampled 2 clients (out of 50)
[2024-09-12 16:50:21,014][flwr][INFO] - aggregate_evaluate: received 2 results and 0 failures
[2024-09-12 16:50:21,014][flwr][INFO] - 
[2024-09-12 16:50:21,014][flwr][INFO] - [ROUND 27]
[2024-09-12 16:50:21,014][flwr][INFO] - configure_fit: strategy sampled 5 clients (out of 50)
[2024-09-12 16:50:37,799][flwr][INFO] - aggregate_fit: received 5 results and 0 failures
[2024-09-12 16:50:47,247][flwr][INFO] - fit progress: (27, 229.00203615427017, {'accuracy': 0.7837047353760446}, 891.9642509720288)
[2024-09-12 16:50:47,248][flwr][INFO] - configure_evaluate: strategy sampled 2 clients (out of 50)
[2024-09-12 16:50:48,759][flwr][INFO] - aggregate_evaluate: received 2 results and 0 failures
[2024-09-12 16:50:48,760][flwr][INFO] - 
[2024-09-12 16:50:48,760][flwr][INFO] - [ROUND 28]
[2024-09-12 16:50:48,760][flwr][INFO] - configure_fit: strategy sampled 5 clients (out of 50)
[2024-09-12 16:51:14,316][flwr][INFO] - aggregate_fit: received 5 results and 0 failures
[2024-09-12 16:51:23,900][flwr][INFO] - fit progress: (28, 259.9058635234833, {'accuracy': 0.79025069637883}, 928.6169639471918)
[2024-09-12 16:51:23,900][flwr][INFO] - configure_evaluate: strategy sampled 2 clients (out of 50)
[2024-09-12 16:51:25,850][flwr][INFO] - aggregate_evaluate: received 2 results and 0 failures
[2024-09-12 16:51:25,850][flwr][INFO] - 
[2024-09-12 16:51:25,850][flwr][INFO] - [ROUND 29]
[2024-09-12 16:51:25,850][flwr][INFO] - configure_fit: strategy sampled 5 clients (out of 50)
[2024-09-12 16:51:48,993][flwr][INFO] - aggregate_fit: received 5 results and 0 failures
[2024-09-12 16:51:58,626][flwr][INFO] - fit progress: (29, 215.6339235305786, {'accuracy': 0.8367688022284122}, 963.3429206009023)
[2024-09-12 16:51:58,627][flwr][INFO] - configure_evaluate: strategy sampled 2 clients (out of 50)
[2024-09-12 16:51:59,434][flwr][INFO] - aggregate_evaluate: received 2 results and 0 failures
[2024-09-12 16:51:59,434][flwr][INFO] - 
[2024-09-12 16:51:59,434][flwr][INFO] - [ROUND 30]
[2024-09-12 16:51:59,434][flwr][INFO] - configure_fit: strategy sampled 5 clients (out of 50)
[2024-09-12 16:52:15,716][flwr][INFO] - aggregate_fit: received 5 results and 0 failures
[2024-09-12 16:52:25,418][flwr][INFO] - fit progress: (30, 179.5759134888649, {'accuracy': 0.8040389972144847}, 990.1348786740564)
[2024-09-12 16:52:25,418][flwr][INFO] - configure_evaluate: strategy sampled 2 clients (out of 50)
[2024-09-12 16:52:26,702][flwr][INFO] - aggregate_evaluate: received 2 results and 0 failures
[2024-09-12 16:52:26,702][flwr][INFO] - 
[2024-09-12 16:52:26,702][flwr][INFO] - [ROUND 31]
[2024-09-12 16:52:26,703][flwr][INFO] - configure_fit: strategy sampled 5 clients (out of 50)
[2024-09-12 16:52:47,369][flwr][INFO] - aggregate_fit: received 5 results and 0 failures
[2024-09-12 16:52:57,160][flwr][INFO] - fit progress: (31, 115.27460233867168, {'accuracy': 0.8151810584958217}, 1021.8765101381578)
[2024-09-12 16:52:57,160][flwr][INFO] - configure_evaluate: strategy sampled 2 clients (out of 50)
[2024-09-12 16:52:58,292][flwr][INFO] - aggregate_evaluate: received 2 results and 0 failures
[2024-09-12 16:52:58,293][flwr][INFO] - 
[2024-09-12 16:52:58,293][flwr][INFO] - [ROUND 32]
[2024-09-12 16:52:58,293][flwr][INFO] - configure_fit: strategy sampled 5 clients (out of 50)
[2024-09-12 16:53:12,291][flwr][INFO] - aggregate_fit: received 5 results and 0 failures
[2024-09-12 16:53:22,255][flwr][INFO] - fit progress: (32, 161.57212391495705, {'accuracy': 0.8543175487465181}, 1046.9722162191756)
[2024-09-12 16:53:22,256][flwr][INFO] - configure_evaluate: strategy sampled 2 clients (out of 50)
[2024-09-12 16:53:23,598][flwr][INFO] - aggregate_evaluate: received 2 results and 0 failures
[2024-09-12 16:53:23,598][flwr][INFO] - 
[2024-09-12 16:53:23,598][flwr][INFO] - [ROUND 33]
[2024-09-12 16:53:23,598][flwr][INFO] - configure_fit: strategy sampled 5 clients (out of 50)
[2024-09-12 16:53:33,353][flwr][INFO] - aggregate_fit: received 5 results and 0 failures
[2024-09-12 16:53:42,933][flwr][INFO] - fit progress: (33, 200.74286884069443, {'accuracy': 0.8360724233983287}, 1067.649454075843)
[2024-09-12 16:53:42,933][flwr][INFO] - configure_evaluate: strategy sampled 2 clients (out of 50)
[2024-09-12 16:53:44,316][flwr][INFO] - aggregate_evaluate: received 2 results and 0 failures
[2024-09-12 16:53:44,316][flwr][INFO] - 
[2024-09-12 16:53:44,316][flwr][INFO] - [ROUND 34]
[2024-09-12 16:53:44,316][flwr][INFO] - configure_fit: strategy sampled 5 clients (out of 50)
[2024-09-12 16:53:59,348][flwr][INFO] - aggregate_fit: received 5 results and 0 failures
[2024-09-12 16:54:09,140][flwr][INFO] - fit progress: (34, 182.48759585618973, {'accuracy': 0.7721448467966574}, 1093.8565168147907)
[2024-09-12 16:54:09,140][flwr][INFO] - configure_evaluate: strategy sampled 2 clients (out of 50)
[2024-09-12 16:54:10,030][flwr][INFO] - aggregate_evaluate: received 2 results and 0 failures
[2024-09-12 16:54:10,031][flwr][INFO] - 
[2024-09-12 16:54:10,031][flwr][INFO] - [ROUND 35]
[2024-09-12 16:54:10,031][flwr][INFO] - configure_fit: strategy sampled 5 clients (out of 50)
[2024-09-12 16:54:40,610][flwr][INFO] - aggregate_fit: received 5 results and 0 failures
[2024-09-12 16:54:50,316][flwr][INFO] - fit progress: (35, 182.8821222782135, {'accuracy': 0.8335654596100278}, 1135.0332198678516)
[2024-09-12 16:54:50,317][flwr][INFO] - configure_evaluate: strategy sampled 2 clients (out of 50)
[2024-09-12 16:54:51,676][flwr][INFO] - aggregate_evaluate: received 2 results and 0 failures
[2024-09-12 16:54:51,677][flwr][INFO] - 
[2024-09-12 16:54:51,677][flwr][INFO] - [ROUND 36]
[2024-09-12 16:54:51,677][flwr][INFO] - configure_fit: strategy sampled 5 clients (out of 50)
[2024-09-12 16:55:09,835][flwr][INFO] - aggregate_fit: received 5 results and 0 failures
[2024-09-12 16:55:19,485][flwr][INFO] - fit progress: (36, 211.78084880113602, {'accuracy': 0.7619777158774373}, 1164.201659059152)
[2024-09-12 16:55:19,486][flwr][INFO] - configure_evaluate: strategy sampled 2 clients (out of 50)
[2024-09-12 16:55:20,557][flwr][INFO] - aggregate_evaluate: received 2 results and 0 failures
[2024-09-12 16:55:20,558][flwr][INFO] - 
[2024-09-12 16:55:20,558][flwr][INFO] - [ROUND 37]
[2024-09-12 16:55:20,558][flwr][INFO] - configure_fit: strategy sampled 5 clients (out of 50)
[2024-09-12 16:55:53,918][flwr][INFO] - aggregate_fit: received 5 results and 0 failures
[2024-09-12 16:56:05,132][flwr][INFO] - fit progress: (37, 141.2979595065117, {'accuracy': 0.833983286908078}, 1209.8486690539867)
[2024-09-12 16:56:05,132][flwr][INFO] - configure_evaluate: strategy sampled 2 clients (out of 50)
[2024-09-12 16:56:06,018][flwr][INFO] - aggregate_evaluate: received 2 results and 0 failures
[2024-09-12 16:56:06,018][flwr][INFO] - 
[2024-09-12 16:56:06,018][flwr][INFO] - [ROUND 38]
[2024-09-12 16:56:06,018][flwr][INFO] - configure_fit: strategy sampled 5 clients (out of 50)
[2024-09-12 16:56:24,365][flwr][INFO] - aggregate_fit: received 5 results and 0 failures
[2024-09-12 16:56:35,111][flwr][INFO] - fit progress: (38, 260.0978077054024, {'accuracy': 0.7600278551532034}, 1239.827585523948)
[2024-09-12 16:56:35,111][flwr][INFO] - configure_evaluate: strategy sampled 2 clients (out of 50)
[2024-09-12 16:56:36,089][flwr][INFO] - aggregate_evaluate: received 2 results and 0 failures
[2024-09-12 16:56:36,089][flwr][INFO] - 
[2024-09-12 16:56:36,090][flwr][INFO] - [ROUND 39]
[2024-09-12 16:56:36,090][flwr][INFO] - configure_fit: strategy sampled 5 clients (out of 50)
[2024-09-12 16:56:51,139][flwr][INFO] - aggregate_fit: received 5 results and 0 failures
[2024-09-12 16:57:00,897][flwr][INFO] - fit progress: (39, 170.71533599495888, {'accuracy': 0.840807799442897}, 1265.6143255578354)
[2024-09-12 16:57:00,898][flwr][INFO] - configure_evaluate: strategy sampled 2 clients (out of 50)
[2024-09-12 16:57:01,894][flwr][INFO] - aggregate_evaluate: received 2 results and 0 failures
[2024-09-12 16:57:01,894][flwr][INFO] - 
[2024-09-12 16:57:01,895][flwr][INFO] - [ROUND 40]
[2024-09-12 16:57:01,895][flwr][INFO] - configure_fit: strategy sampled 5 clients (out of 50)
[2024-09-12 16:57:24,915][flwr][INFO] - aggregate_fit: received 5 results and 0 failures
[2024-09-12 16:57:35,889][flwr][INFO] - fit progress: (40, 99.18347263336182, {'accuracy': 0.866016713091922}, 1300.6060139490291)
[2024-09-12 16:57:35,890][flwr][INFO] - configure_evaluate: strategy sampled 2 clients (out of 50)
[2024-09-12 16:57:36,786][flwr][INFO] - aggregate_evaluate: received 2 results and 0 failures
[2024-09-12 16:57:36,787][flwr][INFO] - 
[2024-09-12 16:57:36,787][flwr][INFO] - [ROUND 41]
[2024-09-12 16:57:36,787][flwr][INFO] - configure_fit: strategy sampled 5 clients (out of 50)
[2024-09-12 16:57:54,351][flwr][INFO] - aggregate_fit: received 5 results and 0 failures
[2024-09-12 16:58:04,549][flwr][INFO] - fit progress: (41, 131.05502140522003, {'accuracy': 0.8525069637883008}, 1329.2657008059323)
[2024-09-12 16:58:04,549][flwr][INFO] - configure_evaluate: strategy sampled 2 clients (out of 50)
[2024-09-12 16:58:05,584][flwr][INFO] - aggregate_evaluate: received 2 results and 0 failures
[2024-09-12 16:58:05,584][flwr][INFO] - 
[2024-09-12 16:58:05,585][flwr][INFO] - [ROUND 42]
[2024-09-12 16:58:05,585][flwr][INFO] - configure_fit: strategy sampled 5 clients (out of 50)
[2024-09-12 16:58:31,605][flwr][INFO] - aggregate_fit: received 5 results and 0 failures
[2024-09-12 16:58:41,300][flwr][INFO] - fit progress: (42, 251.020569562912, {'accuracy': 0.7537604456824513}, 1366.016948794946)
[2024-09-12 16:58:41,301][flwr][INFO] - configure_evaluate: strategy sampled 2 clients (out of 50)
[2024-09-12 16:58:42,472][flwr][INFO] - aggregate_evaluate: received 2 results and 0 failures
[2024-09-12 16:58:42,473][flwr][INFO] - 
[2024-09-12 16:58:42,473][flwr][INFO] - [ROUND 43]
[2024-09-12 16:58:42,473][flwr][INFO] - configure_fit: strategy sampled 5 clients (out of 50)
[2024-09-12 16:59:06,209][flwr][INFO] - aggregate_fit: received 5 results and 0 failures
[2024-09-12 16:59:18,604][flwr][INFO] - fit progress: (43, 168.50140300393105, {'accuracy': 0.8498607242339833}, 1403.3207033779472)
[2024-09-12 16:59:18,605][flwr][INFO] - configure_evaluate: strategy sampled 2 clients (out of 50)
[2024-09-12 16:59:20,264][flwr][INFO] - aggregate_evaluate: received 2 results and 0 failures
[2024-09-12 16:59:20,264][flwr][INFO] - 
[2024-09-12 16:59:20,264][flwr][INFO] - [ROUND 44]
[2024-09-12 16:59:20,264][flwr][INFO] - configure_fit: strategy sampled 5 clients (out of 50)
[2024-09-12 16:59:46,111][flwr][INFO] - aggregate_fit: received 5 results and 0 failures
[2024-09-12 16:59:58,390][flwr][INFO] - fit progress: (44, 228.43248122930527, {'accuracy': 0.850974930362117}, 1443.107321942225)
[2024-09-12 16:59:58,391][flwr][INFO] - configure_evaluate: strategy sampled 2 clients (out of 50)
[2024-09-12 16:59:59,333][flwr][INFO] - aggregate_evaluate: received 2 results and 0 failures
[2024-09-12 16:59:59,333][flwr][INFO] - 
[2024-09-12 16:59:59,333][flwr][INFO] - [ROUND 45]
[2024-09-12 16:59:59,333][flwr][INFO] - configure_fit: strategy sampled 5 clients (out of 50)
[2024-09-12 17:00:23,372][flwr][INFO] - aggregate_fit: received 5 results and 0 failures
[2024-09-12 17:00:34,085][flwr][INFO] - fit progress: (45, 186.87395507097244, {'accuracy': 0.8059888579387187}, 1478.8022855292074)
[2024-09-12 17:00:34,086][flwr][INFO] - configure_evaluate: strategy sampled 2 clients (out of 50)
[2024-09-12 17:00:35,847][flwr][INFO] - aggregate_evaluate: received 2 results and 0 failures
[2024-09-12 17:00:35,847][flwr][INFO] - 
[2024-09-12 17:00:35,847][flwr][INFO] - [ROUND 46]
[2024-09-12 17:00:35,847][flwr][INFO] - configure_fit: strategy sampled 5 clients (out of 50)
[2024-09-12 17:00:59,901][flwr][INFO] - aggregate_fit: received 5 results and 0 failures
[2024-09-12 17:01:09,752][flwr][INFO] - fit progress: (46, 143.7742203399539, {'accuracy': 0.7952646239554317}, 1514.468978329096)
[2024-09-12 17:01:09,752][flwr][INFO] - configure_evaluate: strategy sampled 2 clients (out of 50)
[2024-09-12 17:01:10,516][flwr][INFO] - aggregate_evaluate: received 2 results and 0 failures
[2024-09-12 17:01:10,517][flwr][INFO] - 
[2024-09-12 17:01:10,517][flwr][INFO] - [ROUND 47]
[2024-09-12 17:01:10,518][flwr][INFO] - configure_fit: strategy sampled 5 clients (out of 50)
[2024-09-12 17:01:33,316][flwr][INFO] - aggregate_fit: received 5 results and 0 failures
[2024-09-12 17:01:43,245][flwr][INFO] - fit progress: (47, 218.2686173915863, {'accuracy': 0.8289693593314763}, 1547.9622310940176)
[2024-09-12 17:01:43,246][flwr][INFO] - configure_evaluate: strategy sampled 2 clients (out of 50)
[2024-09-12 17:01:44,803][flwr][INFO] - aggregate_evaluate: received 2 results and 0 failures
[2024-09-12 17:01:44,804][flwr][INFO] - 
[2024-09-12 17:01:44,804][flwr][INFO] - [ROUND 48]
[2024-09-12 17:01:44,805][flwr][INFO] - configure_fit: strategy sampled 5 clients (out of 50)
[2024-09-12 17:02:01,237][flwr][INFO] - aggregate_fit: received 5 results and 0 failures
[2024-09-12 17:02:11,315][flwr][INFO] - fit progress: (48, 228.59402680397034, {'accuracy': 0.6877437325905292}, 1576.032339293044)
[2024-09-12 17:02:11,316][flwr][INFO] - configure_evaluate: strategy sampled 2 clients (out of 50)
[2024-09-12 17:02:12,367][flwr][INFO] - aggregate_evaluate: received 2 results and 0 failures
[2024-09-12 17:02:12,367][flwr][INFO] - 
[2024-09-12 17:02:12,368][flwr][INFO] - [ROUND 49]
[2024-09-12 17:02:12,368][flwr][INFO] - configure_fit: strategy sampled 5 clients (out of 50)
[2024-09-12 17:02:27,880][flwr][INFO] - aggregate_fit: received 5 results and 0 failures
[2024-09-12 17:02:37,568][flwr][INFO] - fit progress: (49, 199.95286029577255, {'accuracy': 0.8311977715877438}, 1602.2848405698314)
[2024-09-12 17:02:37,569][flwr][INFO] - configure_evaluate: strategy sampled 2 clients (out of 50)
[2024-09-12 17:02:38,674][flwr][INFO] - aggregate_evaluate: received 2 results and 0 failures
[2024-09-12 17:02:38,675][flwr][INFO] - 
[2024-09-12 17:02:38,675][flwr][INFO] - [ROUND 50]
[2024-09-12 17:02:38,675][flwr][INFO] - configure_fit: strategy sampled 5 clients (out of 50)
[2024-09-12 17:03:04,918][flwr][INFO] - aggregate_fit: received 5 results and 0 failures
[2024-09-12 17:03:14,816][flwr][INFO] - fit progress: (50, 179.57199001312256, {'accuracy': 0.7395543175487466}, 1639.533050198108)
[2024-09-12 17:03:14,817][flwr][INFO] - configure_evaluate: strategy sampled 2 clients (out of 50)
[2024-09-12 17:03:16,091][flwr][INFO] - aggregate_evaluate: received 2 results and 0 failures
[2024-09-12 17:03:16,092][flwr][INFO] - 
[2024-09-12 17:03:16,092][flwr][INFO] - [ROUND 51]
[2024-09-12 17:03:16,092][flwr][INFO] - configure_fit: strategy sampled 5 clients (out of 50)
[2024-09-12 17:03:43,117][flwr][INFO] - aggregate_fit: received 5 results and 0 failures
[2024-09-12 17:03:52,758][flwr][INFO] - fit progress: (51, 83.63228891789913, {'accuracy': 0.8713091922005571}, 1677.4750282121822)
[2024-09-12 17:03:52,759][flwr][INFO] - configure_evaluate: strategy sampled 2 clients (out of 50)
[2024-09-12 17:03:53,824][flwr][INFO] - aggregate_evaluate: received 2 results and 0 failures
[2024-09-12 17:03:53,824][flwr][INFO] - 
[2024-09-12 17:03:53,824][flwr][INFO] - [ROUND 52]
[2024-09-12 17:03:53,825][flwr][INFO] - configure_fit: strategy sampled 5 clients (out of 50)
[2024-09-12 17:04:17,815][flwr][INFO] - aggregate_fit: received 5 results and 0 failures
[2024-09-12 17:04:27,335][flwr][INFO] - fit progress: (52, 139.07206559181213, {'accuracy': 0.7923398328690808}, 1712.0520134880207)
[2024-09-12 17:04:27,335][flwr][INFO] - configure_evaluate: strategy sampled 2 clients (out of 50)
[2024-09-12 17:04:28,362][flwr][INFO] - aggregate_evaluate: received 2 results and 0 failures
[2024-09-12 17:04:28,363][flwr][INFO] - 
[2024-09-12 17:04:28,363][flwr][INFO] - [ROUND 53]
[2024-09-12 17:04:28,363][flwr][INFO] - configure_fit: strategy sampled 5 clients (out of 50)
[2024-09-12 17:04:49,267][flwr][INFO] - aggregate_fit: received 5 results and 0 failures
[2024-09-12 17:04:58,906][flwr][INFO] - fit progress: (53, 121.98911510407925, {'accuracy': 0.8305013927576602}, 1743.6232994860038)
[2024-09-12 17:04:58,907][flwr][INFO] - configure_evaluate: strategy sampled 2 clients (out of 50)
[2024-09-12 17:05:00,016][flwr][INFO] - aggregate_evaluate: received 2 results and 0 failures
[2024-09-12 17:05:00,016][flwr][INFO] - 
[2024-09-12 17:05:00,016][flwr][INFO] - [ROUND 54]
[2024-09-12 17:05:00,016][flwr][INFO] - configure_fit: strategy sampled 5 clients (out of 50)
[2024-09-12 17:05:26,355][flwr][INFO] - aggregate_fit: received 5 results and 0 failures
[2024-09-12 17:05:36,141][flwr][INFO] - fit progress: (54, 214.74284309148788, {'accuracy': 0.8331476323119777}, 1780.8583714189008)
[2024-09-12 17:05:36,142][flwr][INFO] - configure_evaluate: strategy sampled 2 clients (out of 50)
[2024-09-12 17:05:37,034][flwr][INFO] - aggregate_evaluate: received 2 results and 0 failures
[2024-09-12 17:05:37,034][flwr][INFO] - 
[2024-09-12 17:05:37,034][flwr][INFO] - [ROUND 55]
[2024-09-12 17:05:37,035][flwr][INFO] - configure_fit: strategy sampled 5 clients (out of 50)
[2024-09-12 17:05:51,450][flwr][INFO] - aggregate_fit: received 5 results and 0 failures
[2024-09-12 17:06:01,434][flwr][INFO] - fit progress: (55, 108.84833361208439, {'accuracy': 0.8590529247910863}, 1806.1507829809561)
[2024-09-12 17:06:01,434][flwr][INFO] - configure_evaluate: strategy sampled 2 clients (out of 50)
[2024-09-12 17:06:02,397][flwr][INFO] - aggregate_evaluate: received 2 results and 0 failures
[2024-09-12 17:06:02,397][flwr][INFO] - 
[2024-09-12 17:06:02,397][flwr][INFO] - [ROUND 56]
[2024-09-12 17:06:02,397][flwr][INFO] - configure_fit: strategy sampled 5 clients (out of 50)
[2024-09-12 17:06:25,854][flwr][INFO] - aggregate_fit: received 5 results and 0 failures
[2024-09-12 17:06:35,416][flwr][INFO] - fit progress: (56, 79.67476220428944, {'accuracy': 0.865041782729805}, 1840.1331898430362)
[2024-09-12 17:06:35,417][flwr][INFO] - configure_evaluate: strategy sampled 2 clients (out of 50)
[2024-09-12 17:06:36,579][flwr][INFO] - aggregate_evaluate: received 2 results and 0 failures
[2024-09-12 17:06:36,580][flwr][INFO] - 
[2024-09-12 17:06:36,580][flwr][INFO] - [ROUND 57]
[2024-09-12 17:06:36,580][flwr][INFO] - configure_fit: strategy sampled 5 clients (out of 50)
[2024-09-12 17:06:54,313][flwr][INFO] - aggregate_fit: received 5 results and 0 failures
[2024-09-12 17:07:05,035][flwr][INFO] - fit progress: (57, 96.2108938395977, {'accuracy': 0.8454038997214485}, 1869.7519030980766)
[2024-09-12 17:07:05,035][flwr][INFO] - configure_evaluate: strategy sampled 2 clients (out of 50)
[2024-09-12 17:07:06,348][flwr][INFO] - aggregate_evaluate: received 2 results and 0 failures
[2024-09-12 17:07:06,348][flwr][INFO] - 
[2024-09-12 17:07:06,348][flwr][INFO] - [ROUND 58]
[2024-09-12 17:07:06,349][flwr][INFO] - configure_fit: strategy sampled 5 clients (out of 50)
[2024-09-12 17:07:30,074][flwr][INFO] - aggregate_fit: received 5 results and 0 failures
[2024-09-12 17:07:39,574][flwr][INFO] - fit progress: (58, 231.07420426607132, {'accuracy': 0.8427576601671309}, 1904.290762980003)
[2024-09-12 17:07:39,574][flwr][INFO] - configure_evaluate: strategy sampled 2 clients (out of 50)
[2024-09-12 17:07:40,658][flwr][INFO] - aggregate_evaluate: received 2 results and 0 failures
[2024-09-12 17:07:40,658][flwr][INFO] - 
[2024-09-12 17:07:40,658][flwr][INFO] - [ROUND 59]
[2024-09-12 17:07:40,658][flwr][INFO] - configure_fit: strategy sampled 5 clients (out of 50)
[2024-09-12 17:07:56,661][flwr][INFO] - aggregate_fit: received 5 results and 0 failures
[2024-09-12 17:08:06,072][flwr][INFO] - fit progress: (59, 201.54802072048187, {'accuracy': 0.8318941504178273}, 1930.7891075890511)
[2024-09-12 17:08:06,073][flwr][INFO] - configure_evaluate: strategy sampled 2 clients (out of 50)
[2024-09-12 17:08:07,203][flwr][INFO] - aggregate_evaluate: received 2 results and 0 failures
[2024-09-12 17:08:07,204][flwr][INFO] - 
[2024-09-12 17:08:07,204][flwr][INFO] - [ROUND 60]
[2024-09-12 17:08:07,204][flwr][INFO] - configure_fit: strategy sampled 5 clients (out of 50)
[2024-09-12 17:08:32,165][flwr][INFO] - aggregate_fit: received 5 results and 0 failures
[2024-09-12 17:08:41,568][flwr][INFO] - fit progress: (60, 124.69906347990036, {'accuracy': 0.863091922005571}, 1966.284572970122)
[2024-09-12 17:08:41,568][flwr][INFO] - configure_evaluate: strategy sampled 2 clients (out of 50)
[2024-09-12 17:08:42,455][flwr][INFO] - aggregate_evaluate: received 2 results and 0 failures
[2024-09-12 17:08:42,456][flwr][INFO] - 
[2024-09-12 17:08:42,456][flwr][INFO] - [ROUND 61]
[2024-09-12 17:08:42,456][flwr][INFO] - configure_fit: strategy sampled 5 clients (out of 50)
[2024-09-12 17:09:03,198][flwr][INFO] - aggregate_fit: received 5 results and 0 failures
[2024-09-12 17:09:12,576][flwr][INFO] - fit progress: (61, 133.02260133624077, {'accuracy': 0.8533426183844011}, 1997.2932755560614)
[2024-09-12 17:09:12,577][flwr][INFO] - configure_evaluate: strategy sampled 2 clients (out of 50)
[2024-09-12 17:09:13,920][flwr][INFO] - aggregate_evaluate: received 2 results and 0 failures
[2024-09-12 17:09:13,920][flwr][INFO] - 
[2024-09-12 17:09:13,920][flwr][INFO] - [ROUND 62]
[2024-09-12 17:09:13,920][flwr][INFO] - configure_fit: strategy sampled 5 clients (out of 50)
[2024-09-12 17:09:35,430][flwr][INFO] - aggregate_fit: received 5 results and 0 failures
[2024-09-12 17:09:44,851][flwr][INFO] - fit progress: (62, 247.9599134325981, {'accuracy': 0.8533426183844011}, 2029.5678403801285)
[2024-09-12 17:09:44,852][flwr][INFO] - configure_evaluate: strategy sampled 2 clients (out of 50)
[2024-09-12 17:09:45,661][flwr][INFO] - aggregate_evaluate: received 2 results and 0 failures
[2024-09-12 17:09:45,662][flwr][INFO] - 
[2024-09-12 17:09:45,662][flwr][INFO] - [ROUND 63]
[2024-09-12 17:09:45,662][flwr][INFO] - configure_fit: strategy sampled 5 clients (out of 50)
[2024-09-12 17:09:57,029][flwr][INFO] - aggregate_fit: received 5 results and 0 failures
[2024-09-12 17:10:06,433][flwr][INFO] - fit progress: (63, 128.17159055173397, {'accuracy': 0.8119777158774373}, 2051.150187327992)
[2024-09-12 17:10:06,434][flwr][INFO] - configure_evaluate: strategy sampled 2 clients (out of 50)
[2024-09-12 17:10:07,276][flwr][INFO] - aggregate_evaluate: received 2 results and 0 failures
[2024-09-12 17:10:07,276][flwr][INFO] - 
[2024-09-12 17:10:07,277][flwr][INFO] - [ROUND 64]
[2024-09-12 17:10:07,277][flwr][INFO] - configure_fit: strategy sampled 5 clients (out of 50)
[2024-09-12 17:10:29,362][flwr][INFO] - aggregate_fit: received 5 results and 0 failures
[2024-09-12 17:10:40,392][flwr][INFO] - fit progress: (64, 190.22945207357407, {'accuracy': 0.7213091922005571}, 2085.1091930782422)
[2024-09-12 17:10:40,393][flwr][INFO] - configure_evaluate: strategy sampled 2 clients (out of 50)
[2024-09-12 17:10:41,406][flwr][INFO] - aggregate_evaluate: received 2 results and 0 failures
[2024-09-12 17:10:41,407][flwr][INFO] - 
[2024-09-12 17:10:41,407][flwr][INFO] - [ROUND 65]
[2024-09-12 17:10:41,407][flwr][INFO] - configure_fit: strategy sampled 5 clients (out of 50)
[2024-09-12 17:11:05,056][flwr][INFO] - aggregate_fit: received 5 results and 0 failures
[2024-09-12 17:11:16,821][flwr][INFO] - fit progress: (65, 138.8811185657978, {'accuracy': 0.8675487465181059}, 2121.538162734825)
[2024-09-12 17:11:16,822][flwr][INFO] - configure_evaluate: strategy sampled 2 clients (out of 50)
[2024-09-12 17:11:18,282][flwr][INFO] - aggregate_evaluate: received 2 results and 0 failures
[2024-09-12 17:11:18,282][flwr][INFO] - 
[2024-09-12 17:11:18,282][flwr][INFO] - [ROUND 66]
[2024-09-12 17:11:18,282][flwr][INFO] - configure_fit: strategy sampled 5 clients (out of 50)
[2024-09-12 17:11:33,885][flwr][INFO] - aggregate_fit: received 5 results and 0 failures
[2024-09-12 17:11:44,745][flwr][INFO] - fit progress: (66, 69.64351806044579, {'accuracy': 0.8896935933147633}, 2149.4619604251347)
[2024-09-12 17:11:44,746][flwr][INFO] - configure_evaluate: strategy sampled 2 clients (out of 50)
[2024-09-12 17:11:45,705][flwr][INFO] - aggregate_evaluate: received 2 results and 0 failures
[2024-09-12 17:11:45,705][flwr][INFO] - 
[2024-09-12 17:11:45,705][flwr][INFO] - [ROUND 67]
[2024-09-12 17:11:45,706][flwr][INFO] - configure_fit: strategy sampled 5 clients (out of 50)
[2024-09-12 17:12:05,547][flwr][INFO] - aggregate_fit: received 5 results and 0 failures
[2024-09-12 17:12:16,162][flwr][INFO] - fit progress: (67, 192.11538976430893, {'accuracy': 0.7997214484679666}, 2180.8789631030522)
[2024-09-12 17:12:16,162][flwr][INFO] - configure_evaluate: strategy sampled 2 clients (out of 50)
[2024-09-12 17:12:17,142][flwr][INFO] - aggregate_evaluate: received 2 results and 0 failures
[2024-09-12 17:12:17,142][flwr][INFO] - 
[2024-09-12 17:12:17,143][flwr][INFO] - [ROUND 68]
[2024-09-12 17:12:17,143][flwr][INFO] - configure_fit: strategy sampled 5 clients (out of 50)
[2024-09-12 17:12:43,029][flwr][INFO] - aggregate_fit: received 5 results and 0 failures
[2024-09-12 17:12:53,707][flwr][INFO] - fit progress: (68, 138.61436876654625, {'accuracy': 0.8242339832869081}, 2218.4241410130635)
[2024-09-12 17:12:53,708][flwr][INFO] - configure_evaluate: strategy sampled 2 clients (out of 50)
[2024-09-12 17:12:54,661][flwr][INFO] - aggregate_evaluate: received 2 results and 0 failures
[2024-09-12 17:12:54,661][flwr][INFO] - 
[2024-09-12 17:12:54,662][flwr][INFO] - [ROUND 69]
[2024-09-12 17:12:54,662][flwr][INFO] - configure_fit: strategy sampled 5 clients (out of 50)
[2024-09-12 17:13:18,326][flwr][INFO] - aggregate_fit: received 5 results and 0 failures
[2024-09-12 17:13:29,204][flwr][INFO] - fit progress: (69, 138.82520398497581, {'accuracy': 0.8451253481894151}, 2253.920551931951)
[2024-09-12 17:13:29,204][flwr][INFO] - configure_evaluate: strategy sampled 2 clients (out of 50)
[2024-09-12 17:13:30,620][flwr][INFO] - aggregate_evaluate: received 2 results and 0 failures
[2024-09-12 17:13:30,620][flwr][INFO] - 
[2024-09-12 17:13:30,620][flwr][INFO] - [ROUND 70]
[2024-09-12 17:13:30,621][flwr][INFO] - configure_fit: strategy sampled 5 clients (out of 50)
[2024-09-12 17:13:48,013][flwr][INFO] - aggregate_fit: received 5 results and 0 failures
[2024-09-12 17:14:00,000][flwr][INFO] - fit progress: (70, 155.22293877601624, {'accuracy': 0.8204735376044568}, 2284.7173578441143)
[2024-09-12 17:14:00,001][flwr][INFO] - configure_evaluate: strategy sampled 2 clients (out of 50)
[2024-09-12 17:14:00,826][flwr][INFO] - aggregate_evaluate: received 2 results and 0 failures
[2024-09-12 17:14:00,827][flwr][INFO] - 
[2024-09-12 17:14:00,827][flwr][INFO] - [ROUND 71]
[2024-09-12 17:14:00,827][flwr][INFO] - configure_fit: strategy sampled 5 clients (out of 50)
[2024-09-12 17:14:24,695][flwr][INFO] - aggregate_fit: received 5 results and 0 failures
[2024-09-12 17:14:35,459][flwr][INFO] - fit progress: (71, 159.5579394698143, {'accuracy': 0.8569637883008356}, 2320.175708319992)
[2024-09-12 17:14:35,459][flwr][INFO] - configure_evaluate: strategy sampled 2 clients (out of 50)
[2024-09-12 17:14:37,157][flwr][INFO] - aggregate_evaluate: received 2 results and 0 failures
[2024-09-12 17:14:37,157][flwr][INFO] - 
[2024-09-12 17:14:37,157][flwr][INFO] - [ROUND 72]
[2024-09-12 17:14:37,157][flwr][INFO] - configure_fit: strategy sampled 5 clients (out of 50)
[2024-09-12 17:14:55,553][flwr][INFO] - aggregate_fit: received 5 results and 0 failures
[2024-09-12 17:15:06,136][flwr][INFO] - fit progress: (72, 165.976611495018, {'accuracy': 0.8139275766016713}, 2350.8532446818426)
[2024-09-12 17:15:06,137][flwr][INFO] - configure_evaluate: strategy sampled 2 clients (out of 50)
[2024-09-12 17:15:07,609][flwr][INFO] - aggregate_evaluate: received 2 results and 0 failures
[2024-09-12 17:15:07,609][flwr][INFO] - 
[2024-09-12 17:15:07,609][flwr][INFO] - [ROUND 73]
[2024-09-12 17:15:07,610][flwr][INFO] - configure_fit: strategy sampled 5 clients (out of 50)
[2024-09-12 17:15:29,816][flwr][INFO] - aggregate_fit: received 5 results and 0 failures
[2024-09-12 17:15:40,803][flwr][INFO] - fit progress: (73, 160.74734631180763, {'accuracy': 0.8566852367688023}, 2385.520166817121)
[2024-09-12 17:15:40,804][flwr][INFO] - configure_evaluate: strategy sampled 2 clients (out of 50)
[2024-09-12 17:15:41,949][flwr][INFO] - aggregate_evaluate: received 2 results and 0 failures
[2024-09-12 17:15:41,949][flwr][INFO] - 
[2024-09-12 17:15:41,949][flwr][INFO] - [ROUND 74]
[2024-09-12 17:15:41,949][flwr][INFO] - configure_fit: strategy sampled 5 clients (out of 50)
[2024-09-12 17:16:04,074][flwr][INFO] - aggregate_fit: received 5 results and 0 failures
[2024-09-12 17:16:14,957][flwr][INFO] - fit progress: (74, 200.13057178258896, {'accuracy': 0.7974930362116992}, 2419.6742947581224)
[2024-09-12 17:16:14,958][flwr][INFO] - configure_evaluate: strategy sampled 2 clients (out of 50)
[2024-09-12 17:16:15,997][flwr][INFO] - aggregate_evaluate: received 2 results and 0 failures
[2024-09-12 17:16:15,998][flwr][INFO] - 
[2024-09-12 17:16:15,998][flwr][INFO] - [ROUND 75]
[2024-09-12 17:16:15,998][flwr][INFO] - configure_fit: strategy sampled 5 clients (out of 50)
[2024-09-12 17:16:30,229][flwr][INFO] - aggregate_fit: received 5 results and 0 failures
[2024-09-12 17:16:42,788][flwr][INFO] - fit progress: (75, 130.35911631584167, {'accuracy': 0.7972144846796657}, 2447.5053502330557)
[2024-09-12 17:16:42,789][flwr][INFO] - configure_evaluate: strategy sampled 2 clients (out of 50)
[2024-09-12 17:16:44,551][flwr][INFO] - aggregate_evaluate: received 2 results and 0 failures
[2024-09-12 17:16:44,551][flwr][INFO] - 
[2024-09-12 17:16:44,551][flwr][INFO] - [ROUND 76]
[2024-09-12 17:16:44,551][flwr][INFO] - configure_fit: strategy sampled 5 clients (out of 50)
[2024-09-12 17:17:04,884][flwr][INFO] - aggregate_fit: received 5 results and 0 failures
[2024-09-12 17:17:15,690][flwr][INFO] - fit progress: (76, 211.94986844062805, {'accuracy': 0.8401114206128134}, 2480.4073154288344)
[2024-09-12 17:17:15,691][flwr][INFO] - configure_evaluate: strategy sampled 2 clients (out of 50)
[2024-09-12 17:17:16,537][flwr][INFO] - aggregate_evaluate: received 2 results and 0 failures
[2024-09-12 17:17:16,538][flwr][INFO] - 
[2024-09-12 17:17:16,538][flwr][INFO] - [ROUND 77]
[2024-09-12 17:17:16,539][flwr][INFO] - configure_fit: strategy sampled 5 clients (out of 50)
[2024-09-12 17:17:35,883][flwr][INFO] - aggregate_fit: received 5 results and 0 failures
[2024-09-12 17:17:46,816][flwr][INFO] - fit progress: (77, 191.99488112330437, {'accuracy': 0.8162952646239554}, 2511.5330458912067)
[2024-09-12 17:17:46,816][flwr][INFO] - configure_evaluate: strategy sampled 2 clients (out of 50)
[2024-09-12 17:17:48,389][flwr][INFO] - aggregate_evaluate: received 2 results and 0 failures
[2024-09-12 17:17:48,389][flwr][INFO] - 
[2024-09-12 17:17:48,389][flwr][INFO] - [ROUND 78]
[2024-09-12 17:17:48,389][flwr][INFO] - configure_fit: strategy sampled 5 clients (out of 50)
[2024-09-12 17:18:15,456][flwr][INFO] - aggregate_fit: received 5 results and 0 failures
[2024-09-12 17:18:27,270][flwr][INFO] - fit progress: (78, 130.1495759487152, {'accuracy': 0.8494428969359331}, 2551.986613761168)
[2024-09-12 17:18:27,270][flwr][INFO] - configure_evaluate: strategy sampled 2 clients (out of 50)
[2024-09-12 17:18:28,234][flwr][INFO] - aggregate_evaluate: received 2 results and 0 failures
[2024-09-12 17:18:28,235][flwr][INFO] - 
[2024-09-12 17:18:28,235][flwr][INFO] - [ROUND 79]
[2024-09-12 17:18:28,235][flwr][INFO] - configure_fit: strategy sampled 5 clients (out of 50)
[2024-09-12 17:18:56,549][flwr][INFO] - aggregate_fit: received 5 results and 0 failures
[2024-09-12 17:19:06,911][flwr][INFO] - fit progress: (79, 149.33269968628883, {'accuracy': 0.8314763231197771}, 2591.628323705867)
[2024-09-12 17:19:06,912][flwr][INFO] - configure_evaluate: strategy sampled 2 clients (out of 50)
[2024-09-12 17:19:07,715][flwr][INFO] - aggregate_evaluate: received 2 results and 0 failures
[2024-09-12 17:19:07,716][flwr][INFO] - 
[2024-09-12 17:19:07,716][flwr][INFO] - [ROUND 80]
[2024-09-12 17:19:07,716][flwr][INFO] - configure_fit: strategy sampled 5 clients (out of 50)
[2024-09-12 17:19:32,963][flwr][INFO] - aggregate_fit: received 5 results and 0 failures
[2024-09-12 17:19:42,540][flwr][INFO] - fit progress: (80, 255.94045913219452, {'accuracy': 0.829108635097493}, 2627.257138181012)
[2024-09-12 17:19:42,541][flwr][INFO] - configure_evaluate: strategy sampled 2 clients (out of 50)
[2024-09-12 17:19:43,305][flwr][INFO] - aggregate_evaluate: received 2 results and 0 failures
[2024-09-12 17:19:43,305][flwr][INFO] - 
[2024-09-12 17:19:43,305][flwr][INFO] - [ROUND 81]
[2024-09-12 17:19:43,306][flwr][INFO] - configure_fit: strategy sampled 5 clients (out of 50)
[2024-09-12 17:19:55,447][flwr][INFO] - aggregate_fit: received 5 results and 0 failures
[2024-09-12 17:20:06,196][flwr][INFO] - fit progress: (81, 147.10510337352753, {'accuracy': 0.8474930362116991}, 2650.912750288844)
[2024-09-12 17:20:06,196][flwr][INFO] - configure_evaluate: strategy sampled 2 clients (out of 50)
[2024-09-12 17:20:07,535][flwr][INFO] - aggregate_evaluate: received 2 results and 0 failures
[2024-09-12 17:20:07,535][flwr][INFO] - 
[2024-09-12 17:20:07,535][flwr][INFO] - [ROUND 82]
[2024-09-12 17:20:07,536][flwr][INFO] - configure_fit: strategy sampled 5 clients (out of 50)
[2024-09-12 17:20:34,314][flwr][INFO] - aggregate_fit: received 5 results and 0 failures
[2024-09-12 17:20:45,079][flwr][INFO] - fit progress: (82, 152.85926777124405, {'accuracy': 0.825208913649025}, 2689.7960967221297)
[2024-09-12 17:20:45,079][flwr][INFO] - configure_evaluate: strategy sampled 2 clients (out of 50)
[2024-09-12 17:20:45,900][flwr][INFO] - aggregate_evaluate: received 2 results and 0 failures
[2024-09-12 17:20:45,900][flwr][INFO] - 
[2024-09-12 17:20:45,900][flwr][INFO] - [ROUND 83]
[2024-09-12 17:20:45,900][flwr][INFO] - configure_fit: strategy sampled 5 clients (out of 50)
[2024-09-12 17:21:10,934][flwr][INFO] - aggregate_fit: received 5 results and 0 failures
[2024-09-12 17:21:22,162][flwr][INFO] - fit progress: (83, 150.3728147149086, {'accuracy': 0.8345403899721449}, 2726.8790627960116)
[2024-09-12 17:21:22,163][flwr][INFO] - configure_evaluate: strategy sampled 2 clients (out of 50)
[2024-09-12 17:21:23,579][flwr][INFO] - aggregate_evaluate: received 2 results and 0 failures
[2024-09-12 17:21:23,580][flwr][INFO] - 
[2024-09-12 17:21:23,580][flwr][INFO] - [ROUND 84]
[2024-09-12 17:21:23,580][flwr][INFO] - configure_fit: strategy sampled 5 clients (out of 50)
[2024-09-12 17:21:37,989][flwr][INFO] - aggregate_fit: received 5 results and 0 failures
[2024-09-12 17:21:48,055][flwr][INFO] - fit progress: (84, 111.60174485296011, {'accuracy': 0.8410863509749303}, 2752.772097190842)
[2024-09-12 17:21:48,056][flwr][INFO] - configure_evaluate: strategy sampled 2 clients (out of 50)
[2024-09-12 17:21:49,032][flwr][INFO] - aggregate_evaluate: received 2 results and 0 failures
[2024-09-12 17:21:49,032][flwr][INFO] - 
[2024-09-12 17:21:49,032][flwr][INFO] - [ROUND 85]
[2024-09-12 17:21:49,032][flwr][INFO] - configure_fit: strategy sampled 5 clients (out of 50)
[2024-09-12 17:22:09,174][flwr][INFO] - aggregate_fit: received 5 results and 0 failures
[2024-09-12 17:22:19,415][flwr][INFO] - fit progress: (85, 89.80999483913183, {'accuracy': 0.8715877437325905}, 2784.1318419571035)
[2024-09-12 17:22:19,415][flwr][INFO] - configure_evaluate: strategy sampled 2 clients (out of 50)
[2024-09-12 17:22:20,601][flwr][INFO] - aggregate_evaluate: received 2 results and 0 failures
[2024-09-12 17:22:20,602][flwr][INFO] - 
[2024-09-12 17:22:20,602][flwr][INFO] - [ROUND 86]
[2024-09-12 17:22:20,602][flwr][INFO] - configure_fit: strategy sampled 5 clients (out of 50)
[2024-09-12 17:22:41,164][flwr][INFO] - aggregate_fit: received 5 results and 0 failures
[2024-09-12 17:22:51,511][flwr][INFO] - fit progress: (86, 183.06047016382217, {'accuracy': 0.7711699164345404}, 2816.227869660128)
[2024-09-12 17:22:51,511][flwr][INFO] - configure_evaluate: strategy sampled 2 clients (out of 50)
[2024-09-12 17:22:52,409][flwr][INFO] - aggregate_evaluate: received 2 results and 0 failures
[2024-09-12 17:22:52,409][flwr][INFO] - 
[2024-09-12 17:22:52,410][flwr][INFO] - [ROUND 87]
[2024-09-12 17:22:52,410][flwr][INFO] - configure_fit: strategy sampled 5 clients (out of 50)
[2024-09-12 17:23:11,441][flwr][INFO] - aggregate_fit: received 5 results and 0 failures
[2024-09-12 17:23:21,661][flwr][INFO] - fit progress: (87, 188.62317311763763, {'accuracy': 0.8227019498607242}, 2846.377606711816)
[2024-09-12 17:23:21,661][flwr][INFO] - configure_evaluate: strategy sampled 2 clients (out of 50)
[2024-09-12 17:23:22,919][flwr][INFO] - aggregate_evaluate: received 2 results and 0 failures
[2024-09-12 17:23:22,920][flwr][INFO] - 
[2024-09-12 17:23:22,920][flwr][INFO] - [ROUND 88]
[2024-09-12 17:23:22,920][flwr][INFO] - configure_fit: strategy sampled 5 clients (out of 50)
[2024-09-12 17:23:53,427][flwr][INFO] - aggregate_fit: received 5 results and 0 failures
[2024-09-12 17:24:04,308][flwr][INFO] - fit progress: (88, 187.05808103084564, {'accuracy': 0.8552924791086352}, 2889.024802898988)
[2024-09-12 17:24:04,308][flwr][INFO] - configure_evaluate: strategy sampled 2 clients (out of 50)
[2024-09-12 17:24:05,837][flwr][INFO] - aggregate_evaluate: received 2 results and 0 failures
[2024-09-12 17:24:05,837][flwr][INFO] - 
[2024-09-12 17:24:05,838][flwr][INFO] - [ROUND 89]
[2024-09-12 17:24:05,838][flwr][INFO] - configure_fit: strategy sampled 5 clients (out of 50)
[2024-09-12 17:24:18,015][flwr][INFO] - aggregate_fit: received 5 results and 0 failures
[2024-09-12 17:24:28,503][flwr][INFO] - fit progress: (89, 143.61578729748726, {'accuracy': 0.8327298050139276}, 2913.2203057291918)
[2024-09-12 17:24:28,504][flwr][INFO] - configure_evaluate: strategy sampled 2 clients (out of 50)
[2024-09-12 17:24:29,435][flwr][INFO] - aggregate_evaluate: received 2 results and 0 failures
[2024-09-12 17:24:29,435][flwr][INFO] - 
[2024-09-12 17:24:29,435][flwr][INFO] - [ROUND 90]
[2024-09-12 17:24:29,435][flwr][INFO] - configure_fit: strategy sampled 5 clients (out of 50)
[2024-09-12 17:24:57,558][flwr][INFO] - aggregate_fit: received 5 results and 0 failures
[2024-09-12 17:25:07,464][flwr][INFO] - fit progress: (90, 139.1344534754753, {'accuracy': 0.8466573816155989}, 2952.180970299989)
[2024-09-12 17:25:07,464][flwr][INFO] - configure_evaluate: strategy sampled 2 clients (out of 50)
[2024-09-12 17:25:08,175][flwr][INFO] - aggregate_evaluate: received 2 results and 0 failures
[2024-09-12 17:25:08,176][flwr][INFO] - 
[2024-09-12 17:25:08,176][flwr][INFO] - [ROUND 91]
[2024-09-12 17:25:08,176][flwr][INFO] - configure_fit: strategy sampled 5 clients (out of 50)
[2024-09-12 17:25:29,847][flwr][INFO] - aggregate_fit: received 5 results and 0 failures
[2024-09-12 17:25:40,303][flwr][INFO] - fit progress: (91, 182.77344769239426, {'accuracy': 0.843175487465181}, 2985.0202799821272)
[2024-09-12 17:25:40,304][flwr][INFO] - configure_evaluate: strategy sampled 2 clients (out of 50)
[2024-09-12 17:25:41,438][flwr][INFO] - aggregate_evaluate: received 2 results and 0 failures
[2024-09-12 17:25:41,439][flwr][INFO] - 
[2024-09-12 17:25:41,439][flwr][INFO] - [ROUND 92]
[2024-09-12 17:25:41,440][flwr][INFO] - configure_fit: strategy sampled 5 clients (out of 50)
[2024-09-12 17:26:03,954][flwr][INFO] - aggregate_fit: received 5 results and 0 failures
[2024-09-12 17:26:13,569][flwr][INFO] - fit progress: (92, 96.69508269429207, {'accuracy': 0.8778551532033426}, 3018.286040863022)
[2024-09-12 17:26:13,569][flwr][INFO] - configure_evaluate: strategy sampled 2 clients (out of 50)
[2024-09-12 17:26:14,535][flwr][INFO] - aggregate_evaluate: received 2 results and 0 failures
[2024-09-12 17:26:14,536][flwr][INFO] - 
[2024-09-12 17:26:14,536][flwr][INFO] - [ROUND 93]
[2024-09-12 17:26:14,536][flwr][INFO] - configure_fit: strategy sampled 5 clients (out of 50)
[2024-09-12 17:26:36,917][flwr][INFO] - aggregate_fit: received 5 results and 0 failures
[2024-09-12 17:26:46,547][flwr][INFO] - fit progress: (93, 130.94494380056858, {'accuracy': 0.8108635097493037}, 3051.264053535182)
[2024-09-12 17:26:46,547][flwr][INFO] - configure_evaluate: strategy sampled 2 clients (out of 50)
[2024-09-12 17:26:47,675][flwr][INFO] - aggregate_evaluate: received 2 results and 0 failures
[2024-09-12 17:26:47,675][flwr][INFO] - 
[2024-09-12 17:26:47,675][flwr][INFO] - [ROUND 94]
[2024-09-12 17:26:47,676][flwr][INFO] - configure_fit: strategy sampled 5 clients (out of 50)
[2024-09-12 17:27:18,369][flwr][INFO] - aggregate_fit: received 5 results and 0 failures
[2024-09-12 17:27:27,902][flwr][INFO] - fit progress: (94, 164.08518022298813, {'accuracy': 0.7997214484679666}, 3092.6193295889534)
[2024-09-12 17:27:27,903][flwr][INFO] - configure_evaluate: strategy sampled 2 clients (out of 50)
[2024-09-12 17:27:28,911][flwr][INFO] - aggregate_evaluate: received 2 results and 0 failures
[2024-09-12 17:27:28,912][flwr][INFO] - 
[2024-09-12 17:27:28,912][flwr][INFO] - [ROUND 95]
[2024-09-12 17:27:28,912][flwr][INFO] - configure_fit: strategy sampled 5 clients (out of 50)
[2024-09-12 17:27:51,136][flwr][INFO] - aggregate_fit: received 5 results and 0 failures
[2024-09-12 17:28:00,678][flwr][INFO] - fit progress: (95, 140.01469704508781, {'accuracy': 0.824791086350975}, 3125.395346493926)
[2024-09-12 17:28:00,679][flwr][INFO] - configure_evaluate: strategy sampled 2 clients (out of 50)
[2024-09-12 17:28:02,230][flwr][INFO] - aggregate_evaluate: received 2 results and 0 failures
[2024-09-12 17:28:02,230][flwr][INFO] - 
[2024-09-12 17:28:02,230][flwr][INFO] - [ROUND 96]
[2024-09-12 17:28:02,230][flwr][INFO] - configure_fit: strategy sampled 5 clients (out of 50)
[2024-09-12 17:28:26,884][flwr][INFO] - aggregate_fit: received 5 results and 0 failures
[2024-09-12 17:28:38,231][flwr][INFO] - fit progress: (96, 126.63499410450459, {'accuracy': 0.806267409470752}, 3162.9480065861717)
[2024-09-12 17:28:38,231][flwr][INFO] - configure_evaluate: strategy sampled 2 clients (out of 50)
[2024-09-12 17:28:39,380][flwr][INFO] - aggregate_evaluate: received 2 results and 0 failures
[2024-09-12 17:28:39,380][flwr][INFO] - 
[2024-09-12 17:28:39,380][flwr][INFO] - [ROUND 97]
[2024-09-12 17:28:39,380][flwr][INFO] - configure_fit: strategy sampled 5 clients (out of 50)
[2024-09-12 17:29:05,848][flwr][INFO] - aggregate_fit: received 5 results and 0 failures
[2024-09-12 17:29:16,721][flwr][INFO] - fit progress: (97, 155.40811729431152, {'accuracy': 0.7976323119777159}, 3201.4374807188287)
[2024-09-12 17:29:16,721][flwr][INFO] - configure_evaluate: strategy sampled 2 clients (out of 50)
[2024-09-12 17:29:17,605][flwr][INFO] - aggregate_evaluate: received 2 results and 0 failures
[2024-09-12 17:29:17,606][flwr][INFO] - 
[2024-09-12 17:29:17,606][flwr][INFO] - [ROUND 98]
[2024-09-12 17:29:17,607][flwr][INFO] - configure_fit: strategy sampled 5 clients (out of 50)
[2024-09-12 17:29:32,780][flwr][INFO] - aggregate_fit: received 5 results and 0 failures
[2024-09-12 17:29:43,680][flwr][INFO] - fit progress: (98, 127.69113896787167, {'accuracy': 0.8076601671309193}, 3228.3970976262353)
[2024-09-12 17:29:43,681][flwr][INFO] - configure_evaluate: strategy sampled 2 clients (out of 50)
[2024-09-12 17:29:45,061][flwr][INFO] - aggregate_evaluate: received 2 results and 0 failures
[2024-09-12 17:29:45,062][flwr][INFO] - 
[2024-09-12 17:29:45,062][flwr][INFO] - [ROUND 99]
[2024-09-12 17:29:45,062][flwr][INFO] - configure_fit: strategy sampled 5 clients (out of 50)
[2024-09-12 17:30:02,639][flwr][INFO] - aggregate_fit: received 5 results and 0 failures
[2024-09-12 17:30:13,554][flwr][INFO] - fit progress: (99, 131.58975099027157, {'accuracy': 0.7944289693593315}, 3258.270824970212)
[2024-09-12 17:30:13,554][flwr][INFO] - configure_evaluate: strategy sampled 2 clients (out of 50)
[2024-09-12 17:30:15,128][flwr][INFO] - aggregate_evaluate: received 2 results and 0 failures
[2024-09-12 17:30:15,129][flwr][INFO] - 
[2024-09-12 17:30:15,129][flwr][INFO] - [ROUND 100]
[2024-09-12 17:30:15,129][flwr][INFO] - configure_fit: strategy sampled 5 clients (out of 50)
[2024-09-12 17:30:34,572][flwr][INFO] - aggregate_fit: received 5 results and 0 failures
[2024-09-12 17:30:45,637][flwr][INFO] - fit progress: (100, 265.0612159371376, {'accuracy': 0.7959610027855153}, 3290.353542766068)
[2024-09-12 17:30:45,637][flwr][INFO] - configure_evaluate: strategy sampled 2 clients (out of 50)
[2024-09-12 17:30:46,535][flwr][INFO] - aggregate_evaluate: received 2 results and 0 failures
[2024-09-12 17:30:46,536][flwr][INFO] - 
[2024-09-12 17:30:46,537][flwr][INFO] - [SUMMARY]
[2024-09-12 17:30:46,537][flwr][INFO] - Run finished 100 round(s) in 3291.25s
[2024-09-12 17:30:46,541][flwr][INFO] - 	History (loss, distributed):
[2024-09-12 17:30:46,542][flwr][INFO] - 		round 1: 12.839464604080497
[2024-09-12 17:30:46,542][flwr][INFO] - 		round 2: 3.0862590339042413
[2024-09-12 17:30:46,543][flwr][INFO] - 		round 3: 5.905307681472213
[2024-09-12 17:30:46,543][flwr][INFO] - 		round 4: 10.715392619592173
[2024-09-12 17:30:46,544][flwr][INFO] - 		round 5: 4.217761147071712
[2024-09-12 17:30:46,544][flwr][INFO] - 		round 6: 5.868429203396258
[2024-09-12 17:30:46,545][flwr][INFO] - 		round 7: 4.714208255422876
[2024-09-12 17:30:46,546][flwr][INFO] - 		round 8: 1.7516019050646754
[2024-09-12 17:30:46,546][flwr][INFO] - 		round 9: 3.7345039791135646
[2024-09-12 17:30:46,547][flwr][INFO] - 		round 10: 5.696496718325595
[2024-09-12 17:30:46,547][flwr][INFO] - 		round 11: 5.374669153338823
[2024-09-12 17:30:46,548][flwr][INFO] - 		round 12: 4.565474433558328
[2024-09-12 17:30:46,548][flwr][INFO] - 		round 13: 4.856999798348887
[2024-09-12 17:30:46,549][flwr][INFO] - 		round 14: 1.7294650386119712
[2024-09-12 17:30:46,549][flwr][INFO] - 		round 15: 2.016706376692503
[2024-09-12 17:30:46,550][flwr][INFO] - 		round 16: 2.53557924666808
[2024-09-12 17:30:46,551][flwr][INFO] - 		round 17: 1.5554404656937781
[2024-09-12 17:30:46,551][flwr][INFO] - 		round 18: 3.5690568654648382
[2024-09-12 17:30:46,552][flwr][INFO] - 		round 19: 4.49553990482573
[2024-09-12 17:30:46,552][flwr][INFO] - 		round 20: 2.050266299040421
[2024-09-12 17:30:46,553][flwr][INFO] - 		round 21: 1.786807473694406
[2024-09-12 17:30:46,553][flwr][INFO] - 		round 22: 1.9251812983066479
[2024-09-12 17:30:46,554][flwr][INFO] - 		round 23: 3.6385214045813967
[2024-09-12 17:30:46,554][flwr][INFO] - 		round 24: 1.9249083143922519
[2024-09-12 17:30:46,555][flwr][INFO] - 		round 25: 3.767840469526552
[2024-09-12 17:30:46,555][flwr][INFO] - 		round 26: 2.8251163319305137
[2024-09-12 17:30:46,556][flwr][INFO] - 		round 27: 7.514602462924905
[2024-09-12 17:30:46,556][flwr][INFO] - 		round 28: 6.622566040526045
[2024-09-12 17:30:46,557][flwr][INFO] - 		round 29: 0.9540016296543653
[2024-09-12 17:30:46,557][flwr][INFO] - 		round 30: 6.039914134301637
[2024-09-12 17:30:46,558][flwr][INFO] - 		round 31: 0.8083131317194406
[2024-09-12 17:30:46,559][flwr][INFO] - 		round 32: 2.6432913382138525
[2024-09-12 17:30:46,559][flwr][INFO] - 		round 33: 3.640893342921214
[2024-09-12 17:30:46,560][flwr][INFO] - 		round 34: 0.9495583765146112
[2024-09-12 17:30:46,560][flwr][INFO] - 		round 35: 4.639867592505786
[2024-09-12 17:30:46,561][flwr][INFO] - 		round 36: 2.972847482307425
[2024-09-12 17:30:46,561][flwr][INFO] - 		round 37: 2.006393449441079
[2024-09-12 17:30:46,562][flwr][INFO] - 		round 38: 3.0017434133503733
[2024-09-12 17:30:46,562][flwr][INFO] - 		round 39: 2.310971032690119
[2024-09-12 17:30:46,563][flwr][INFO] - 		round 40: 2.45453778107961
[2024-09-12 17:30:46,563][flwr][INFO] - 		round 41: 1.4235746571794152
[2024-09-12 17:30:46,564][flwr][INFO] - 		round 42: 2.499660836690563
[2024-09-12 17:30:46,564][flwr][INFO] - 		round 43: 3.328907926783842
[2024-09-12 17:30:46,565][flwr][INFO] - 		round 44: 1.7998385622545525
[2024-09-12 17:30:46,566][flwr][INFO] - 		round 45: 4.004090863602008
[2024-09-12 17:30:46,566][flwr][INFO] - 		round 46: 0.3420683816075325
[2024-09-12 17:30:46,567][flwr][INFO] - 		round 47: 3.269388798624277
[2024-09-12 17:30:46,567][flwr][INFO] - 		round 48: 2.186075881203228
[2024-09-12 17:30:46,568][flwr][INFO] - 		round 49: 2.4378039763615376
[2024-09-12 17:30:46,568][flwr][INFO] - 		round 50: 1.796043494647863
[2024-09-12 17:30:46,569][flwr][INFO] - 		round 51: 1.1089465488144692
[2024-09-12 17:30:46,569][flwr][INFO] - 		round 52: 0.42357425326296433
[2024-09-12 17:30:46,570][flwr][INFO] - 		round 53: 1.0723271560824774
[2024-09-12 17:30:46,570][flwr][INFO] - 		round 54: 2.0425871941778393
[2024-09-12 17:30:46,571][flwr][INFO] - 		round 55: 0.3160992592126131
[2024-09-12 17:30:46,571][flwr][INFO] - 		round 56: 0.5775276199820336
[2024-09-12 17:30:46,571][flwr][INFO] - 		round 57: 1.412076952945755
[2024-09-12 17:30:46,571][flwr][INFO] - 		round 58: 4.847149430993069
[2024-09-12 17:30:46,572][flwr][INFO] - 		round 59: 5.105295785529885
[2024-09-12 17:30:46,572][flwr][INFO] - 		round 60: 0.9492459829487553
[2024-09-12 17:30:46,572][flwr][INFO] - 		round 61: 1.3589989079738394
[2024-09-12 17:30:46,572][flwr][INFO] - 		round 62: 1.963632362730363
[2024-09-12 17:30:46,572][flwr][INFO] - 		round 63: 0.8102065481099427
[2024-09-12 17:30:46,572][flwr][INFO] - 		round 64: 2.317172708651142
[2024-09-12 17:30:46,572][flwr][INFO] - 		round 65: 2.1762347888546816
[2024-09-12 17:30:46,572][flwr][INFO] - 		round 66: 1.0005778119314548
[2024-09-12 17:30:46,572][flwr][INFO] - 		round 67: 2.5106769880090933
[2024-09-12 17:30:46,572][flwr][INFO] - 		round 68: 0.9386045871636807
[2024-09-12 17:30:46,572][flwr][INFO] - 		round 69: 3.2574673985728375
[2024-09-12 17:30:46,573][flwr][INFO] - 		round 70: 0.8722523120705953
[2024-09-12 17:30:46,573][flwr][INFO] - 		round 71: 5.26657911696352
[2024-09-12 17:30:46,573][flwr][INFO] - 		round 72: 4.915395653670153
[2024-09-12 17:30:46,573][flwr][INFO] - 		round 73: 4.231256512973619
[2024-09-12 17:30:46,573][flwr][INFO] - 		round 74: 1.9702074479412388
[2024-09-12 17:30:46,573][flwr][INFO] - 		round 75: 1.7688267342400683
[2024-09-12 17:30:46,573][flwr][INFO] - 		round 76: 1.550622310175235
[2024-09-12 17:30:46,573][flwr][INFO] - 		round 77: 4.1905271305091105
[2024-09-12 17:30:46,573][flwr][INFO] - 		round 78: 1.120349670946598
[2024-09-12 17:30:46,573][flwr][INFO] - 		round 79: 0.8798016757746927
[2024-09-12 17:30:46,574][flwr][INFO] - 		round 80: 1.8740437455202272
[2024-09-12 17:30:46,574][flwr][INFO] - 		round 81: 3.1858002030148227
[2024-09-12 17:30:46,574][flwr][INFO] - 		round 82: 0.8969708113566689
[2024-09-12 17:30:46,574][flwr][INFO] - 		round 83: 1.8419986983649752
[2024-09-12 17:30:46,574][flwr][INFO] - 		round 84: 0.651910431656829
[2024-09-12 17:30:46,574][flwr][INFO] - 		round 85: 3.0705097158174373
[2024-09-12 17:30:46,574][flwr][INFO] - 		round 86: 1.1809565998702884
[2024-09-12 17:30:46,574][flwr][INFO] - 		round 87: 3.0047161369668727
[2024-09-12 17:30:46,574][flwr][INFO] - 		round 88: 4.002974521021519
[2024-09-12 17:30:46,574][flwr][INFO] - 		round 89: 1.3682622229470347
[2024-09-12 17:30:46,574][flwr][INFO] - 		round 90: 0.7383483103429428
[2024-09-12 17:30:46,574][flwr][INFO] - 		round 91: 3.4476784218675043
[2024-09-12 17:30:46,575][flwr][INFO] - 		round 92: 0.5633063042813139
[2024-09-12 17:30:46,575][flwr][INFO] - 		round 93: 2.2644681232189066
[2024-09-12 17:30:46,575][flwr][INFO] - 		round 94: 2.208779045075259
[2024-09-12 17:30:46,575][flwr][INFO] - 		round 95: 3.0949111702372725
[2024-09-12 17:30:46,575][flwr][INFO] - 		round 96: 1.0235966365588338
[2024-09-12 17:30:46,575][flwr][INFO] - 		round 97: 0.9963492512702942
[2024-09-12 17:30:46,575][flwr][INFO] - 		round 98: 2.3763273188115726
[2024-09-12 17:30:46,575][flwr][INFO] - 		round 99: 3.314715486805113
[2024-09-12 17:30:46,575][flwr][INFO] - 		round 100: 3.029560924421811
[2024-09-12 17:30:46,575][flwr][INFO] - 	History (loss, centralized):
[2024-09-12 17:30:46,575][flwr][INFO] - 		round 0: 493.3989613056183
[2024-09-12 17:30:46,575][flwr][INFO] - 		round 1: 396.580029964447
[2024-09-12 17:30:46,575][flwr][INFO] - 		round 2: 335.4693446159363
[2024-09-12 17:30:46,576][flwr][INFO] - 		round 3: 320.4251899719238
[2024-09-12 17:30:46,576][flwr][INFO] - 		round 4: 349.2318218946457
[2024-09-12 17:30:46,576][flwr][INFO] - 		round 5: 333.5425330400467
[2024-09-12 17:30:46,576][flwr][INFO] - 		round 6: 279.7236068844795
[2024-09-12 17:30:46,576][flwr][INFO] - 		round 7: 344.8791778087616
[2024-09-12 17:30:46,576][flwr][INFO] - 		round 8: 169.41520816087723
[2024-09-12 17:30:46,576][flwr][INFO] - 		round 9: 340.7890337705612
[2024-09-12 17:30:46,576][flwr][INFO] - 		round 10: 276.18240481615067
[2024-09-12 17:30:46,576][flwr][INFO] - 		round 11: 166.78817987442017
[2024-09-12 17:30:46,576][flwr][INFO] - 		round 12: 140.4002059698105
[2024-09-12 17:30:46,576][flwr][INFO] - 		round 13: 150.993582457304
[2024-09-12 17:30:46,576][flwr][INFO] - 		round 14: 148.02862909436226
[2024-09-12 17:30:46,577][flwr][INFO] - 		round 15: 134.61753231287003
[2024-09-12 17:30:46,577][flwr][INFO] - 		round 16: 210.44399827718735
[2024-09-12 17:30:46,577][flwr][INFO] - 		round 17: 182.06410187482834
[2024-09-12 17:30:46,577][flwr][INFO] - 		round 18: 104.25380116701126
[2024-09-12 17:30:46,577][flwr][INFO] - 		round 19: 215.04889804124832
[2024-09-12 17:30:46,577][flwr][INFO] - 		round 20: 267.1000859737396
[2024-09-12 17:30:46,577][flwr][INFO] - 		round 21: 189.49318224191666
[2024-09-12 17:30:46,577][flwr][INFO] - 		round 22: 237.74114578962326
[2024-09-12 17:30:46,577][flwr][INFO] - 		round 23: 169.10630321502686
[2024-09-12 17:30:46,577][flwr][INFO] - 		round 24: 161.29572254419327
[2024-09-12 17:30:46,577][flwr][INFO] - 		round 25: 274.479527592659
[2024-09-12 17:30:46,577][flwr][INFO] - 		round 26: 150.15382380783558
[2024-09-12 17:30:46,578][flwr][INFO] - 		round 27: 229.00203615427017
[2024-09-12 17:30:46,578][flwr][INFO] - 		round 28: 259.9058635234833
[2024-09-12 17:30:46,578][flwr][INFO] - 		round 29: 215.6339235305786
[2024-09-12 17:30:46,578][flwr][INFO] - 		round 30: 179.5759134888649
[2024-09-12 17:30:46,578][flwr][INFO] - 		round 31: 115.27460233867168
[2024-09-12 17:30:46,578][flwr][INFO] - 		round 32: 161.57212391495705
[2024-09-12 17:30:46,578][flwr][INFO] - 		round 33: 200.74286884069443
[2024-09-12 17:30:46,578][flwr][INFO] - 		round 34: 182.48759585618973
[2024-09-12 17:30:46,578][flwr][INFO] - 		round 35: 182.8821222782135
[2024-09-12 17:30:46,578][flwr][INFO] - 		round 36: 211.78084880113602
[2024-09-12 17:30:46,578][flwr][INFO] - 		round 37: 141.2979595065117
[2024-09-12 17:30:46,578][flwr][INFO] - 		round 38: 260.0978077054024
[2024-09-12 17:30:46,578][flwr][INFO] - 		round 39: 170.71533599495888
[2024-09-12 17:30:46,579][flwr][INFO] - 		round 40: 99.18347263336182
[2024-09-12 17:30:46,579][flwr][INFO] - 		round 41: 131.05502140522003
[2024-09-12 17:30:46,579][flwr][INFO] - 		round 42: 251.020569562912
[2024-09-12 17:30:46,579][flwr][INFO] - 		round 43: 168.50140300393105
[2024-09-12 17:30:46,579][flwr][INFO] - 		round 44: 228.43248122930527
[2024-09-12 17:30:46,579][flwr][INFO] - 		round 45: 186.87395507097244
[2024-09-12 17:30:46,579][flwr][INFO] - 		round 46: 143.7742203399539
[2024-09-12 17:30:46,579][flwr][INFO] - 		round 47: 218.2686173915863
[2024-09-12 17:30:46,579][flwr][INFO] - 		round 48: 228.59402680397034
[2024-09-12 17:30:46,579][flwr][INFO] - 		round 49: 199.95286029577255
[2024-09-12 17:30:46,579][flwr][INFO] - 		round 50: 179.57199001312256
[2024-09-12 17:30:46,579][flwr][INFO] - 		round 51: 83.63228891789913
[2024-09-12 17:30:46,579][flwr][INFO] - 		round 52: 139.07206559181213
[2024-09-12 17:30:46,579][flwr][INFO] - 		round 53: 121.98911510407925
[2024-09-12 17:30:46,580][flwr][INFO] - 		round 54: 214.74284309148788
[2024-09-12 17:30:46,580][flwr][INFO] - 		round 55: 108.84833361208439
[2024-09-12 17:30:46,580][flwr][INFO] - 		round 56: 79.67476220428944
[2024-09-12 17:30:46,580][flwr][INFO] - 		round 57: 96.2108938395977
[2024-09-12 17:30:46,580][flwr][INFO] - 		round 58: 231.07420426607132
[2024-09-12 17:30:46,580][flwr][INFO] - 		round 59: 201.54802072048187
[2024-09-12 17:30:46,580][flwr][INFO] - 		round 60: 124.69906347990036
[2024-09-12 17:30:46,580][flwr][INFO] - 		round 61: 133.02260133624077
[2024-09-12 17:30:46,580][flwr][INFO] - 		round 62: 247.9599134325981
[2024-09-12 17:30:46,580][flwr][INFO] - 		round 63: 128.17159055173397
[2024-09-12 17:30:46,580][flwr][INFO] - 		round 64: 190.22945207357407
[2024-09-12 17:30:46,581][flwr][INFO] - 		round 65: 138.8811185657978
[2024-09-12 17:30:46,581][flwr][INFO] - 		round 66: 69.64351806044579
[2024-09-12 17:30:46,581][flwr][INFO] - 		round 67: 192.11538976430893
[2024-09-12 17:30:46,581][flwr][INFO] - 		round 68: 138.61436876654625
[2024-09-12 17:30:46,581][flwr][INFO] - 		round 69: 138.82520398497581
[2024-09-12 17:30:46,581][flwr][INFO] - 		round 70: 155.22293877601624
[2024-09-12 17:30:46,581][flwr][INFO] - 		round 71: 159.5579394698143
[2024-09-12 17:30:46,581][flwr][INFO] - 		round 72: 165.976611495018
[2024-09-12 17:30:46,581][flwr][INFO] - 		round 73: 160.74734631180763
[2024-09-12 17:30:46,581][flwr][INFO] - 		round 74: 200.13057178258896
[2024-09-12 17:30:46,581][flwr][INFO] - 		round 75: 130.35911631584167
[2024-09-12 17:30:46,581][flwr][INFO] - 		round 76: 211.94986844062805
[2024-09-12 17:30:46,581][flwr][INFO] - 		round 77: 191.99488112330437
[2024-09-12 17:30:46,581][flwr][INFO] - 		round 78: 130.1495759487152
[2024-09-12 17:30:46,582][flwr][INFO] - 		round 79: 149.33269968628883
[2024-09-12 17:30:46,582][flwr][INFO] - 		round 80: 255.94045913219452
[2024-09-12 17:30:46,582][flwr][INFO] - 		round 81: 147.10510337352753
[2024-09-12 17:30:46,582][flwr][INFO] - 		round 82: 152.85926777124405
[2024-09-12 17:30:46,582][flwr][INFO] - 		round 83: 150.3728147149086
[2024-09-12 17:30:46,582][flwr][INFO] - 		round 84: 111.60174485296011
[2024-09-12 17:30:46,582][flwr][INFO] - 		round 85: 89.80999483913183
[2024-09-12 17:30:46,582][flwr][INFO] - 		round 86: 183.06047016382217
[2024-09-12 17:30:46,582][flwr][INFO] - 		round 87: 188.62317311763763
[2024-09-12 17:30:46,582][flwr][INFO] - 		round 88: 187.05808103084564
[2024-09-12 17:30:46,582][flwr][INFO] - 		round 89: 143.61578729748726
[2024-09-12 17:30:46,582][flwr][INFO] - 		round 90: 139.1344534754753
[2024-09-12 17:30:46,582][flwr][INFO] - 		round 91: 182.77344769239426
[2024-09-12 17:30:46,582][flwr][INFO] - 		round 92: 96.69508269429207
[2024-09-12 17:30:46,582][flwr][INFO] - 		round 93: 130.94494380056858
[2024-09-12 17:30:46,583][flwr][INFO] - 		round 94: 164.08518022298813
[2024-09-12 17:30:46,583][flwr][INFO] - 		round 95: 140.01469704508781
[2024-09-12 17:30:46,583][flwr][INFO] - 		round 96: 126.63499410450459
[2024-09-12 17:30:46,583][flwr][INFO] - 		round 97: 155.40811729431152
[2024-09-12 17:30:46,583][flwr][INFO] - 		round 98: 127.69113896787167
[2024-09-12 17:30:46,583][flwr][INFO] - 		round 99: 131.58975099027157
[2024-09-12 17:30:46,583][flwr][INFO] - 		round 100: 265.0612159371376
[2024-09-12 17:30:46,583][flwr][INFO] - 	History (metrics, distributed, evaluate):
[2024-09-12 17:30:46,583][flwr][INFO] - 	{'accuracy': [(1, 0.4038961038961039),
[2024-09-12 17:30:46,583][flwr][INFO] - 	              (2, 0.8445807770961146),
[2024-09-12 17:30:46,584][flwr][INFO] - 	              (3, 0.4156378600823045),
[2024-09-12 17:30:46,584][flwr][INFO] - 	              (4, 0.8407407407407408),
[2024-09-12 17:30:46,584][flwr][INFO] - 	              (5, 0.4730290456431535),
[2024-09-12 17:30:46,584][flwr][INFO] - 	              (6, 0.7086956521739131),
[2024-09-12 17:30:46,584][flwr][INFO] - 	              (7, 0.5531914893617021),
[2024-09-12 17:30:46,584][flwr][INFO] - 	              (8, 0.8220064724919094),
[2024-09-12 17:30:46,584][flwr][INFO] - 	              (9, 0.6417910447761194),
[2024-09-12 17:30:46,584][flwr][INFO] - 	              (10, 0.562753036437247),
[2024-09-12 17:30:46,584][flwr][INFO] - 	              (11, 0.6730769230769231),
[2024-09-12 17:30:46,584][flwr][INFO] - 	              (12, 0.6183035714285714),
[2024-09-12 17:30:46,584][flwr][INFO] - 	              (13, 0.5646766169154229),
[2024-09-12 17:30:46,584][flwr][INFO] - 	              (14, 0.7793103448275862),
[2024-09-12 17:30:46,584][flwr][INFO] - 	              (15, 0.8416988416988417),
[2024-09-12 17:30:46,584][flwr][INFO] - 	              (16, 0.8855721393034826),
[2024-09-12 17:30:46,585][flwr][INFO] - 	              (17, 0.825531914893617),
[2024-09-12 17:30:46,585][flwr][INFO] - 	              (18, 0.6398963730569949),
[2024-09-12 17:30:46,585][flwr][INFO] - 	              (19, 0.7495029821073559),
[2024-09-12 17:30:46,585][flwr][INFO] - 	              (20, 0.7130434782608696),
[2024-09-12 17:30:46,585][flwr][INFO] - 	              (21, 0.6585365853658537),
[2024-09-12 17:30:46,585][flwr][INFO] - 	              (22, 0.8553191489361702),
[2024-09-12 17:30:46,585][flwr][INFO] - 	              (23, 0.8858075040783034),
[2024-09-12 17:30:46,585][flwr][INFO] - 	              (24, 0.8113207547169812),
[2024-09-12 17:30:46,586][flwr][INFO] - 	              (25, 0.7800829875518672),
[2024-09-12 17:30:46,586][flwr][INFO] - 	              (26, 0.7074074074074074),
[2024-09-12 17:30:46,586][flwr][INFO] - 	              (27, 0.8266331658291457),
[2024-09-12 17:30:46,586][flwr][INFO] - 	              (28, 0.7601547388781431),
[2024-09-12 17:30:46,586][flwr][INFO] - 	              (29, 0.8734177215189873),
[2024-09-12 17:30:46,586][flwr][INFO] - 	              (30, 0.631578947368421),
[2024-09-12 17:30:46,586][flwr][INFO] - 	              (31, 0.9194805194805195),
[2024-09-12 17:30:46,586][flwr][INFO] - 	              (32, 0.9038461538461539),
[2024-09-12 17:30:46,586][flwr][INFO] - 	              (33, 0.8212180746561886),
[2024-09-12 17:30:46,586][flwr][INFO] - 	              (34, 0.9789915966386554),
[2024-09-12 17:30:46,586][flwr][INFO] - 	              (35, 0.758695652173913),
[2024-09-12 17:30:46,587][flwr][INFO] - 	              (36, 0.7626582278481012),
[2024-09-12 17:30:46,587][flwr][INFO] - 	              (37, 0.8064516129032258),
[2024-09-12 17:30:46,587][flwr][INFO] - 	              (38, 0.7945619335347432),
[2024-09-12 17:30:46,587][flwr][INFO] - 	              (39, 0.7296296296296296),
[2024-09-12 17:30:46,587][flwr][INFO] - 	              (40, 0.5944444444444444),
[2024-09-12 17:30:46,587][flwr][INFO] - 	              (41, 0.90625),
[2024-09-12 17:30:46,587][flwr][INFO] - 	              (42, 0.847457627118644),
[2024-09-12 17:30:46,587][flwr][INFO] - 	              (43, 0.8305882352941176),
[2024-09-12 17:30:46,587][flwr][INFO] - 	              (44, 0.9583333333333334),
[2024-09-12 17:30:46,587][flwr][INFO] - 	              (45, 0.782608695652174),
[2024-09-12 17:30:46,587][flwr][INFO] - 	              (46, 0.881578947368421),
[2024-09-12 17:30:46,588][flwr][INFO] - 	              (47, 0.9145833333333333),
[2024-09-12 17:30:46,588][flwr][INFO] - 	              (48, 0.7807486631016043),
[2024-09-12 17:30:46,588][flwr][INFO] - 	              (49, 0.8571428571428571),
[2024-09-12 17:30:46,588][flwr][INFO] - 	              (50, 0.936734693877551),
[2024-09-12 17:30:46,588][flwr][INFO] - 	              (51, 0.9113475177304965),
[2024-09-12 17:30:46,588][flwr][INFO] - 	              (52, 0.9205298013245033),
[2024-09-12 17:30:46,588][flwr][INFO] - 	              (53, 0.8104575163398693),
[2024-09-12 17:30:46,588][flwr][INFO] - 	              (54, 0.875),
[2024-09-12 17:30:46,588][flwr][INFO] - 	              (55, 0.98),
[2024-09-12 17:30:46,588][flwr][INFO] - 	              (56, 0.8539325842696629),
[2024-09-12 17:30:46,588][flwr][INFO] - 	              (57, 0.8734939759036144),
[2024-09-12 17:30:46,588][flwr][INFO] - 	              (58, 0.8804780876494024),
[2024-09-12 17:30:46,589][flwr][INFO] - 	              (59, 0.6586826347305389),
[2024-09-12 17:30:46,589][flwr][INFO] - 	              (60, 0.8901734104046243),
[2024-09-12 17:30:46,589][flwr][INFO] - 	              (61, 0.958217270194986),
[2024-09-12 17:30:46,589][flwr][INFO] - 	              (62, 0.8872549019607843),
[2024-09-12 17:30:46,589][flwr][INFO] - 	              (63, 0.8284313725490197),
[2024-09-12 17:30:46,589][flwr][INFO] - 	              (64, 0.7296416938110749),
[2024-09-12 17:30:46,589][flwr][INFO] - 	              (65, 0.9388560157790927),
[2024-09-12 17:30:46,589][flwr][INFO] - 	              (66, 0.8970099667774086),
[2024-09-12 17:30:46,589][flwr][INFO] - 	              (67, 0.7246376811594203),
[2024-09-12 17:30:46,589][flwr][INFO] - 	              (68, 0.9038461538461539),
[2024-09-12 17:30:46,589][flwr][INFO] - 	              (69, 0.851063829787234),
[2024-09-12 17:30:46,590][flwr][INFO] - 	              (70, 0.8982035928143712),
[2024-09-12 17:30:46,590][flwr][INFO] - 	              (71, 0.9120458891013384),
[2024-09-12 17:30:46,590][flwr][INFO] - 	              (72, 0.7761674718196457),
[2024-09-12 17:30:46,590][flwr][INFO] - 	              (73, 0.6898550724637681),
[2024-09-12 17:30:46,590][flwr][INFO] - 	              (74, 0.8513513513513513),
[2024-09-12 17:30:46,590][flwr][INFO] - 	              (75, 0.9239332096474954),
[2024-09-12 17:30:46,590][flwr][INFO] - 	              (76, 0.8795180722891566),
[2024-09-12 17:30:46,590][flwr][INFO] - 	              (77, 0.8820445609436435),
[2024-09-12 17:30:46,590][flwr][INFO] - 	              (78, 0.888),
[2024-09-12 17:30:46,590][flwr][INFO] - 	              (79, 0.8758169934640523),
[2024-09-12 17:30:46,590][flwr][INFO] - 	              (80, 0.9057591623036649),
[2024-09-12 17:30:46,591][flwr][INFO] - 	              (81, 0.8094117647058824),
[2024-09-12 17:30:46,591][flwr][INFO] - 	              (82, 0.808695652173913),
[2024-09-12 17:30:46,591][flwr][INFO] - 	              (83, 0.9316239316239316),
[2024-09-12 17:30:46,591][flwr][INFO] - 	              (84, 0.9507042253521126),
[2024-09-12 17:30:46,591][flwr][INFO] - 	              (85, 0.7909319899244333),
[2024-09-12 17:30:46,591][flwr][INFO] - 	              (86, 0.896414342629482),
[2024-09-12 17:30:46,591][flwr][INFO] - 	              (87, 0.834625322997416),
[2024-09-12 17:30:46,591][flwr][INFO] - 	              (88, 0.8815165876777251),
[2024-09-12 17:30:46,591][flwr][INFO] - 	              (89, 0.8834586466165414),
[2024-09-12 17:30:46,591][flwr][INFO] - 	              (90, 0.898989898989899),
[2024-09-12 17:30:46,592][flwr][INFO] - 	              (91, 0.8194070080862533),
[2024-09-12 17:30:46,592][flwr][INFO] - 	              (92, 0.9339622641509434),
[2024-09-12 17:30:46,592][flwr][INFO] - 	              (93, 0.8258706467661692),
[2024-09-12 17:30:46,592][flwr][INFO] - 	              (94, 0.8753387533875339),
[2024-09-12 17:30:46,592][flwr][INFO] - 	              (95, 0.8705501618122977),
[2024-09-12 17:30:46,592][flwr][INFO] - 	              (96, 0.9046052631578947),
[2024-09-12 17:30:46,592][flwr][INFO] - 	              (97, 0.825),
[2024-09-12 17:30:46,592][flwr][INFO] - 	              (98, 0.8641571194762684),
[2024-09-12 17:30:46,592][flwr][INFO] - 	              (99, 0.821247892074199),
[2024-09-12 17:30:46,592][flwr][INFO] - 	              (100, 0.8049645390070922)]}
[2024-09-12 17:30:46,592][flwr][INFO] - 	History (metrics, centralized):
[2024-09-12 17:30:46,593][flwr][INFO] - 	{'accuracy': [(0, 0.1701949860724234),
[2024-09-12 17:30:46,593][flwr][INFO] - 	              (1, 0.541782729805014),
[2024-09-12 17:30:46,593][flwr][INFO] - 	              (2, 0.5143454038997215),
[2024-09-12 17:30:46,593][flwr][INFO] - 	              (3, 0.4501392757660167),
[2024-09-12 17:30:46,593][flwr][INFO] - 	              (4, 0.6895543175487465),
[2024-09-12 17:30:46,593][flwr][INFO] - 	              (5, 0.694150417827298),
[2024-09-12 17:30:46,593][flwr][INFO] - 	              (6, 0.6540389972144847),
[2024-09-12 17:30:46,593][flwr][INFO] - 	              (7, 0.7714484679665738),
[2024-09-12 17:30:46,593][flwr][INFO] - 	              (8, 0.7406685236768802),
[2024-09-12 17:30:46,593][flwr][INFO] - 	              (9, 0.6465181058495821),
[2024-09-12 17:30:46,594][flwr][INFO] - 	              (10, 0.684958217270195),
[2024-09-12 17:30:46,594][flwr][INFO] - 	              (11, 0.729108635097493),
[2024-09-12 17:30:46,594][flwr][INFO] - 	              (12, 0.7779944289693593),
[2024-09-12 17:30:46,594][flwr][INFO] - 	              (13, 0.7994428969359332),
[2024-09-12 17:30:46,594][flwr][INFO] - 	              (14, 0.7805013927576602),
[2024-09-12 17:30:46,594][flwr][INFO] - 	              (15, 0.8129526462395543),
[2024-09-12 17:30:46,594][flwr][INFO] - 	              (16, 0.8026462395543176),
[2024-09-12 17:30:46,594][flwr][INFO] - 	              (17, 0.8022284122562674),
[2024-09-12 17:30:46,594][flwr][INFO] - 	              (18, 0.8497214484679666),
[2024-09-12 17:30:46,594][flwr][INFO] - 	              (19, 0.7952646239554317),
[2024-09-12 17:30:46,595][flwr][INFO] - 	              (20, 0.7944289693593315),
[2024-09-12 17:30:46,595][flwr][INFO] - 	              (21, 0.8161559888579387),
[2024-09-12 17:30:46,595][flwr][INFO] - 	              (22, 0.7175487465181059),
[2024-09-12 17:30:46,595][flwr][INFO] - 	              (23, 0.8385793871866295),
[2024-09-12 17:30:46,595][flwr][INFO] - 	              (24, 0.7731197771587743),
[2024-09-12 17:30:46,595][flwr][INFO] - 	              (25, 0.8178272980501393),
[2024-09-12 17:30:46,595][flwr][INFO] - 	              (26, 0.7463788300835654),
[2024-09-12 17:30:46,595][flwr][INFO] - 	              (27, 0.7837047353760446),
[2024-09-12 17:30:46,595][flwr][INFO] - 	              (28, 0.79025069637883),
[2024-09-12 17:30:46,595][flwr][INFO] - 	              (29, 0.8367688022284122),
[2024-09-12 17:30:46,595][flwr][INFO] - 	              (30, 0.8040389972144847),
[2024-09-12 17:30:46,595][flwr][INFO] - 	              (31, 0.8151810584958217),
[2024-09-12 17:30:46,596][flwr][INFO] - 	              (32, 0.8543175487465181),
[2024-09-12 17:30:46,596][flwr][INFO] - 	              (33, 0.8360724233983287),
[2024-09-12 17:30:46,596][flwr][INFO] - 	              (34, 0.7721448467966574),
[2024-09-12 17:30:46,596][flwr][INFO] - 	              (35, 0.8335654596100278),
[2024-09-12 17:30:46,596][flwr][INFO] - 	              (36, 0.7619777158774373),
[2024-09-12 17:30:46,596][flwr][INFO] - 	              (37, 0.833983286908078),
[2024-09-12 17:30:46,596][flwr][INFO] - 	              (38, 0.7600278551532034),
[2024-09-12 17:30:46,596][flwr][INFO] - 	              (39, 0.840807799442897),
[2024-09-12 17:30:46,596][flwr][INFO] - 	              (40, 0.866016713091922),
[2024-09-12 17:30:46,596][flwr][INFO] - 	              (41, 0.8525069637883008),
[2024-09-12 17:30:46,596][flwr][INFO] - 	              (42, 0.7537604456824513),
[2024-09-12 17:30:46,596][flwr][INFO] - 	              (43, 0.8498607242339833),
[2024-09-12 17:30:46,597][flwr][INFO] - 	              (44, 0.850974930362117),
[2024-09-12 17:30:46,597][flwr][INFO] - 	              (45, 0.8059888579387187),
[2024-09-12 17:30:46,597][flwr][INFO] - 	              (46, 0.7952646239554317),
[2024-09-12 17:30:46,597][flwr][INFO] - 	              (47, 0.8289693593314763),
[2024-09-12 17:30:46,597][flwr][INFO] - 	              (48, 0.6877437325905292),
[2024-09-12 17:30:46,597][flwr][INFO] - 	              (49, 0.8311977715877438),
[2024-09-12 17:30:46,597][flwr][INFO] - 	              (50, 0.7395543175487466),
[2024-09-12 17:30:46,597][flwr][INFO] - 	              (51, 0.8713091922005571),
[2024-09-12 17:30:46,597][flwr][INFO] - 	              (52, 0.7923398328690808),
[2024-09-12 17:30:46,597][flwr][INFO] - 	              (53, 0.8305013927576602),
[2024-09-12 17:30:46,597][flwr][INFO] - 	              (54, 0.8331476323119777),
[2024-09-12 17:30:46,597][flwr][INFO] - 	              (55, 0.8590529247910863),
[2024-09-12 17:30:46,598][flwr][INFO] - 	              (56, 0.865041782729805),
[2024-09-12 17:30:46,598][flwr][INFO] - 	              (57, 0.8454038997214485),
[2024-09-12 17:30:46,598][flwr][INFO] - 	              (58, 0.8427576601671309),
[2024-09-12 17:30:46,598][flwr][INFO] - 	              (59, 0.8318941504178273),
[2024-09-12 17:30:46,598][flwr][INFO] - 	              (60, 0.863091922005571),
[2024-09-12 17:30:46,598][flwr][INFO] - 	              (61, 0.8533426183844011),
[2024-09-12 17:30:46,598][flwr][INFO] - 	              (62, 0.8533426183844011),
[2024-09-12 17:30:46,598][flwr][INFO] - 	              (63, 0.8119777158774373),
[2024-09-12 17:30:46,598][flwr][INFO] - 	              (64, 0.7213091922005571),
[2024-09-12 17:30:46,598][flwr][INFO] - 	              (65, 0.8675487465181059),
[2024-09-12 17:30:46,598][flwr][INFO] - 	              (66, 0.8896935933147633),
[2024-09-12 17:30:46,598][flwr][INFO] - 	              (67, 0.7997214484679666),
[2024-09-12 17:30:46,598][flwr][INFO] - 	              (68, 0.8242339832869081),
[2024-09-12 17:30:46,598][flwr][INFO] - 	              (69, 0.8451253481894151),
[2024-09-12 17:30:46,599][flwr][INFO] - 	              (70, 0.8204735376044568),
[2024-09-12 17:30:46,599][flwr][INFO] - 	              (71, 0.8569637883008356),
[2024-09-12 17:30:46,599][flwr][INFO] - 	              (72, 0.8139275766016713),
[2024-09-12 17:30:46,599][flwr][INFO] - 	              (73, 0.8566852367688023),
[2024-09-12 17:30:46,599][flwr][INFO] - 	              (74, 0.7974930362116992),
[2024-09-12 17:30:46,599][flwr][INFO] - 	              (75, 0.7972144846796657),
[2024-09-12 17:30:46,599][flwr][INFO] - 	              (76, 0.8401114206128134),
[2024-09-12 17:30:46,599][flwr][INFO] - 	              (77, 0.8162952646239554),
[2024-09-12 17:30:46,599][flwr][INFO] - 	              (78, 0.8494428969359331),
[2024-09-12 17:30:46,599][flwr][INFO] - 	              (79, 0.8314763231197771),
[2024-09-12 17:30:46,599][flwr][INFO] - 	              (80, 0.829108635097493),
[2024-09-12 17:30:46,599][flwr][INFO] - 	              (81, 0.8474930362116991),
[2024-09-12 17:30:46,599][flwr][INFO] - 	              (82, 0.825208913649025),
[2024-09-12 17:30:46,599][flwr][INFO] - 	              (83, 0.8345403899721449),
[2024-09-12 17:30:46,600][flwr][INFO] - 	              (84, 0.8410863509749303),
[2024-09-12 17:30:46,600][flwr][INFO] - 	              (85, 0.8715877437325905),
[2024-09-12 17:30:46,600][flwr][INFO] - 	              (86, 0.7711699164345404),
[2024-09-12 17:30:46,600][flwr][INFO] - 	              (87, 0.8227019498607242),
[2024-09-12 17:30:46,600][flwr][INFO] - 	              (88, 0.8552924791086352),
[2024-09-12 17:30:46,600][flwr][INFO] - 	              (89, 0.8327298050139276),
[2024-09-12 17:30:46,600][flwr][INFO] - 	              (90, 0.8466573816155989),
[2024-09-12 17:30:46,600][flwr][INFO] - 	              (91, 0.843175487465181),
[2024-09-12 17:30:46,600][flwr][INFO] - 	              (92, 0.8778551532033426),
[2024-09-12 17:30:46,600][flwr][INFO] - 	              (93, 0.8108635097493037),
[2024-09-12 17:30:46,600][flwr][INFO] - 	              (94, 0.7997214484679666),
[2024-09-12 17:30:46,600][flwr][INFO] - 	              (95, 0.824791086350975),
[2024-09-12 17:30:46,600][flwr][INFO] - 	              (96, 0.806267409470752),
[2024-09-12 17:30:46,600][flwr][INFO] - 	              (97, 0.7976323119777159),
[2024-09-12 17:30:46,601][flwr][INFO] - 	              (98, 0.8076601671309193),
[2024-09-12 17:30:46,601][flwr][INFO] - 	              (99, 0.7944289693593315),
[2024-09-12 17:30:46,601][flwr][INFO] - 	              (100, 0.7959610027855153)]}
[2024-09-12 17:30:46,601][flwr][INFO] - 
