[2024-10-11 03:29:30,008][flwr][INFO] - Starting Flower simulation, config: num_rounds=100, no round_timeout
[2024-10-11 03:29:33,298][flwr][INFO] - Flower VCE: Ray initialized with resources: {'CPU': 256.0, 'memory': 168099141428.0, 'node:__internal_head__': 1.0, 'accelerator_type:G': 1.0, 'GPU': 5.0, 'node:115.145.172.224': 1.0, 'object_store_memory': 76328203468.0}
[2024-10-11 03:29:33,298][flwr][INFO] - Optimize your simulation with Flower VCE: https://flower.ai/docs/framework/how-to-run-simulations.html
[2024-10-11 03:29:33,298][flwr][INFO] - Flower VCE: Resources for each Virtual Client: {'num_cpus': 64, 'num_gpus': 0.125}
[2024-10-11 03:29:33,313][flwr][INFO] - Flower VCE: Creating VirtualClientEngineActorPool with 4 actors
[2024-10-11 03:29:33,313][flwr][INFO] - [INIT]
[2024-10-11 03:29:33,314][flwr][INFO] - Requesting initial parameters from one random client
[2024-10-11 03:29:38,222][flwr][INFO] - Received initial parameters from one random client
[2024-10-11 03:29:38,222][flwr][INFO] - Evaluating initial global parameters
[2024-10-11 03:29:48,335][flwr][INFO] - initial parameters (loss, other metrics): 228.59961318969727, {'accuracy': 0.10084770534931306}
[2024-10-11 03:29:48,336][flwr][INFO] - 
[2024-10-11 03:29:48,336][flwr][INFO] - [ROUND 1]
[2024-10-11 03:29:48,336][flwr][INFO] - configure_fit: strategy sampled 5 clients (out of 50)
[2024-10-11 03:30:04,797][flwr][INFO] - aggregate_fit: received 5 results and 0 failures
[2024-10-11 03:30:05,607][flwr][WARNING] - No fit_metrics_aggregation_fn provided
[2024-10-11 03:30:14,832][flwr][INFO] - fit progress: (1, 219.3058077096939, {'accuracy': 0.18211049400760013}, 26.496320450678468)
[2024-10-11 03:30:14,833][flwr][INFO] - configure_evaluate: strategy sampled 2 clients (out of 50)
[2024-10-11 03:30:16,217][flwr][INFO] - aggregate_evaluate: received 2 results and 0 failures
[2024-10-11 03:30:16,217][flwr][INFO] - 
[2024-10-11 03:30:16,218][flwr][INFO] - [ROUND 2]
[2024-10-11 03:30:16,218][flwr][INFO] - configure_fit: strategy sampled 5 clients (out of 50)
[2024-10-11 03:30:29,670][flwr][INFO] - aggregate_fit: received 5 results and 0 failures
[2024-10-11 03:30:39,813][flwr][INFO] - fit progress: (2, 221.6217416524887, {'accuracy': 0.19526454253142356}, 51.477743819355965)
[2024-10-11 03:30:39,814][flwr][INFO] - configure_evaluate: strategy sampled 2 clients (out of 50)
[2024-10-11 03:30:41,138][flwr][INFO] - aggregate_evaluate: received 2 results and 0 failures
[2024-10-11 03:30:41,138][flwr][INFO] - 
[2024-10-11 03:30:41,138][flwr][INFO] - [ROUND 3]
[2024-10-11 03:30:41,138][flwr][INFO] - configure_fit: strategy sampled 5 clients (out of 50)
[2024-10-11 03:30:57,270][flwr][INFO] - aggregate_fit: received 5 results and 0 failures
[2024-10-11 03:31:06,996][flwr][INFO] - fit progress: (3, 229.37998604774475, {'accuracy': 0.10727857351651564}, 78.65990619547665)
[2024-10-11 03:31:06,996][flwr][INFO] - configure_evaluate: strategy sampled 2 clients (out of 50)
[2024-10-11 03:31:08,402][flwr][INFO] - aggregate_evaluate: received 2 results and 0 failures
[2024-10-11 03:31:08,403][flwr][INFO] - 
[2024-10-11 03:31:08,403][flwr][INFO] - [ROUND 4]
[2024-10-11 03:31:08,403][flwr][INFO] - configure_fit: strategy sampled 5 clients (out of 50)
[2024-10-11 03:31:25,241][flwr][INFO] - aggregate_fit: received 5 results and 0 failures
[2024-10-11 03:31:34,263][flwr][INFO] - fit progress: (4, 219.7160985469818, {'accuracy': 0.20841859105524702}, 105.92726397886872)
[2024-10-11 03:31:34,263][flwr][INFO] - configure_evaluate: strategy sampled 2 clients (out of 50)
[2024-10-11 03:31:35,579][flwr][INFO] - aggregate_evaluate: received 2 results and 0 failures
[2024-10-11 03:31:35,579][flwr][INFO] - 
[2024-10-11 03:31:35,579][flwr][INFO] - [ROUND 5]
[2024-10-11 03:31:35,580][flwr][INFO] - configure_fit: strategy sampled 5 clients (out of 50)
[2024-10-11 03:31:57,455][flwr][INFO] - aggregate_fit: received 5 results and 0 failures
[2024-10-11 03:32:06,362][flwr][INFO] - fit progress: (5, 199.06760668754578, {'accuracy': 0.31335866705641624}, 138.02630053460598)
[2024-10-11 03:32:06,362][flwr][INFO] - configure_evaluate: strategy sampled 2 clients (out of 50)
[2024-10-11 03:32:07,700][flwr][INFO] - aggregate_evaluate: received 2 results and 0 failures
[2024-10-11 03:32:07,701][flwr][INFO] - 
[2024-10-11 03:32:07,701][flwr][INFO] - [ROUND 6]
[2024-10-11 03:32:07,701][flwr][INFO] - configure_fit: strategy sampled 5 clients (out of 50)
[2024-10-11 03:32:21,331][flwr][INFO] - aggregate_fit: received 5 results and 0 failures
[2024-10-11 03:32:30,347][flwr][INFO] - fit progress: (6, 211.00713658332825, {'accuracy': 0.2993276819643379}, 162.0113549316302)
[2024-10-11 03:32:30,348][flwr][INFO] - configure_evaluate: strategy sampled 2 clients (out of 50)
[2024-10-11 03:32:31,762][flwr][INFO] - aggregate_evaluate: received 2 results and 0 failures
[2024-10-11 03:32:31,763][flwr][INFO] - 
[2024-10-11 03:32:31,763][flwr][INFO] - [ROUND 7]
[2024-10-11 03:32:31,763][flwr][INFO] - configure_fit: strategy sampled 5 clients (out of 50)
[2024-10-11 03:32:48,812][flwr][INFO] - aggregate_fit: received 5 results and 0 failures
[2024-10-11 03:32:57,614][flwr][INFO] - fit progress: (7, 200.46961164474487, {'accuracy': 0.35486699795381466}, 189.2780543062836)
[2024-10-11 03:32:57,614][flwr][INFO] - configure_evaluate: strategy sampled 2 clients (out of 50)
[2024-10-11 03:32:58,776][flwr][INFO] - aggregate_evaluate: received 2 results and 0 failures
[2024-10-11 03:32:58,777][flwr][INFO] - 
[2024-10-11 03:32:58,777][flwr][INFO] - [ROUND 8]
[2024-10-11 03:32:58,777][flwr][INFO] - configure_fit: strategy sampled 5 clients (out of 50)
[2024-10-11 03:33:13,818][flwr][INFO] - aggregate_fit: received 5 results and 0 failures
[2024-10-11 03:33:22,834][flwr][INFO] - fit progress: (8, 187.4859482049942, {'accuracy': 0.3683133586670564}, 214.4983245972544)
[2024-10-11 03:33:22,835][flwr][INFO] - configure_evaluate: strategy sampled 2 clients (out of 50)
[2024-10-11 03:33:24,133][flwr][INFO] - aggregate_evaluate: received 2 results and 0 failures
[2024-10-11 03:33:24,133][flwr][INFO] - 
[2024-10-11 03:33:24,133][flwr][INFO] - [ROUND 9]
[2024-10-11 03:33:24,133][flwr][INFO] - configure_fit: strategy sampled 5 clients (out of 50)
[2024-10-11 03:33:34,099][flwr][INFO] - aggregate_fit: received 5 results and 0 failures
[2024-10-11 03:33:43,035][flwr][INFO] - fit progress: (9, 184.26145589351654, {'accuracy': 0.3726980415083309}, 234.6997407125309)
[2024-10-11 03:33:43,036][flwr][INFO] - configure_evaluate: strategy sampled 2 clients (out of 50)
[2024-10-11 03:33:44,465][flwr][INFO] - aggregate_evaluate: received 2 results and 0 failures
[2024-10-11 03:33:44,465][flwr][INFO] - 
[2024-10-11 03:33:44,465][flwr][INFO] - [ROUND 10]
[2024-10-11 03:33:44,465][flwr][INFO] - configure_fit: strategy sampled 5 clients (out of 50)
[2024-10-11 03:33:57,840][flwr][INFO] - aggregate_fit: received 5 results and 0 failures
[2024-10-11 03:34:06,821][flwr][INFO] - fit progress: (10, 189.58025121688843, {'accuracy': 0.3247588424437299}, 258.4853177405894)
[2024-10-11 03:34:06,822][flwr][INFO] - configure_evaluate: strategy sampled 2 clients (out of 50)
[2024-10-11 03:34:08,022][flwr][INFO] - aggregate_evaluate: received 2 results and 0 failures
[2024-10-11 03:34:08,022][flwr][INFO] - 
[2024-10-11 03:34:08,022][flwr][INFO] - [ROUND 11]
[2024-10-11 03:34:08,023][flwr][INFO] - configure_fit: strategy sampled 5 clients (out of 50)
[2024-10-11 03:34:24,402][flwr][INFO] - aggregate_fit: received 5 results and 0 failures
[2024-10-11 03:34:33,683][flwr][INFO] - fit progress: (11, 185.43750536441803, {'accuracy': 0.41069862613270974}, 285.34694129787385)
[2024-10-11 03:34:33,683][flwr][INFO] - configure_evaluate: strategy sampled 2 clients (out of 50)
[2024-10-11 03:34:35,319][flwr][INFO] - aggregate_evaluate: received 2 results and 0 failures
[2024-10-11 03:34:35,319][flwr][INFO] - 
[2024-10-11 03:34:35,319][flwr][INFO] - [ROUND 12]
[2024-10-11 03:34:35,319][flwr][INFO] - configure_fit: strategy sampled 5 clients (out of 50)
[2024-10-11 03:34:43,079][flwr][INFO] - aggregate_fit: received 5 results and 0 failures
[2024-10-11 03:34:51,968][flwr][INFO] - fit progress: (12, 163.18235325813293, {'accuracy': 0.42765273311897106}, 303.6326024662703)
[2024-10-11 03:34:51,969][flwr][INFO] - configure_evaluate: strategy sampled 2 clients (out of 50)
[2024-10-11 03:34:53,121][flwr][INFO] - aggregate_evaluate: received 2 results and 0 failures
[2024-10-11 03:34:53,122][flwr][INFO] - 
[2024-10-11 03:34:53,122][flwr][INFO] - [ROUND 13]
[2024-10-11 03:34:53,122][flwr][INFO] - configure_fit: strategy sampled 5 clients (out of 50)
[2024-10-11 03:35:03,658][flwr][INFO] - aggregate_fit: received 5 results and 0 failures
[2024-10-11 03:35:12,470][flwr][INFO] - fit progress: (13, 154.06928372383118, {'accuracy': 0.4688687518269512}, 324.1345951780677)
[2024-10-11 03:35:12,471][flwr][INFO] - configure_evaluate: strategy sampled 2 clients (out of 50)
[2024-10-11 03:35:13,630][flwr][INFO] - aggregate_evaluate: received 2 results and 0 failures
[2024-10-11 03:35:13,631][flwr][INFO] - 
[2024-10-11 03:35:13,631][flwr][INFO] - [ROUND 14]
[2024-10-11 03:35:13,631][flwr][INFO] - configure_fit: strategy sampled 5 clients (out of 50)
[2024-10-11 03:35:26,378][flwr][INFO] - aggregate_fit: received 5 results and 0 failures
[2024-10-11 03:35:35,469][flwr][INFO] - fit progress: (14, 135.2730056643486, {'accuracy': 0.5819935691318328}, 347.1334914630279)
[2024-10-11 03:35:35,470][flwr][INFO] - configure_evaluate: strategy sampled 2 clients (out of 50)
[2024-10-11 03:35:36,704][flwr][INFO] - aggregate_evaluate: received 2 results and 0 failures
[2024-10-11 03:35:36,705][flwr][INFO] - 
[2024-10-11 03:35:36,705][flwr][INFO] - [ROUND 15]
[2024-10-11 03:35:36,705][flwr][INFO] - configure_fit: strategy sampled 5 clients (out of 50)
[2024-10-11 03:35:50,407][flwr][INFO] - aggregate_fit: received 5 results and 0 failures
[2024-10-11 03:35:59,321][flwr][INFO] - fit progress: (15, 137.87852382659912, {'accuracy': 0.5317158725518855}, 370.9855932276696)
[2024-10-11 03:35:59,322][flwr][INFO] - configure_evaluate: strategy sampled 2 clients (out of 50)
[2024-10-11 03:36:00,898][flwr][INFO] - aggregate_evaluate: received 2 results and 0 failures
[2024-10-11 03:36:00,898][flwr][INFO] - 
[2024-10-11 03:36:00,898][flwr][INFO] - [ROUND 16]
[2024-10-11 03:36:00,898][flwr][INFO] - configure_fit: strategy sampled 5 clients (out of 50)
[2024-10-11 03:36:18,026][flwr][INFO] - aggregate_fit: received 5 results and 0 failures
[2024-10-11 03:36:27,116][flwr][INFO] - fit progress: (16, 141.75210332870483, {'accuracy': 0.5603624671148787}, 398.78057455457747)
[2024-10-11 03:36:27,117][flwr][INFO] - configure_evaluate: strategy sampled 2 clients (out of 50)
[2024-10-11 03:36:28,558][flwr][INFO] - aggregate_evaluate: received 2 results and 0 failures
[2024-10-11 03:36:28,558][flwr][INFO] - 
[2024-10-11 03:36:28,558][flwr][INFO] - [ROUND 17]
[2024-10-11 03:36:28,558][flwr][INFO] - configure_fit: strategy sampled 5 clients (out of 50)
[2024-10-11 03:36:38,960][flwr][INFO] - aggregate_fit: received 5 results and 0 failures
[2024-10-11 03:36:48,749][flwr][INFO] - fit progress: (17, 135.0273277759552, {'accuracy': 0.5901783104355451}, 420.4131620489061)
[2024-10-11 03:36:48,749][flwr][INFO] - configure_evaluate: strategy sampled 2 clients (out of 50)
[2024-10-11 03:36:50,062][flwr][INFO] - aggregate_evaluate: received 2 results and 0 failures
[2024-10-11 03:36:50,062][flwr][INFO] - 
[2024-10-11 03:36:50,062][flwr][INFO] - [ROUND 18]
[2024-10-11 03:36:50,062][flwr][INFO] - configure_fit: strategy sampled 5 clients (out of 50)
[2024-10-11 03:36:56,068][flwr][INFO] - aggregate_fit: received 5 results and 0 failures
[2024-10-11 03:37:05,362][flwr][INFO] - fit progress: (18, 138.87630993127823, {'accuracy': 0.5349313066354867}, 437.0262180408463)
[2024-10-11 03:37:05,363][flwr][INFO] - configure_evaluate: strategy sampled 2 clients (out of 50)
[2024-10-11 03:37:06,670][flwr][INFO] - aggregate_evaluate: received 2 results and 0 failures
[2024-10-11 03:37:06,671][flwr][INFO] - 
[2024-10-11 03:37:06,671][flwr][INFO] - [ROUND 19]
[2024-10-11 03:37:06,671][flwr][INFO] - configure_fit: strategy sampled 5 clients (out of 50)
[2024-10-11 03:37:17,273][flwr][INFO] - aggregate_fit: received 5 results and 0 failures
[2024-10-11 03:37:26,397][flwr][INFO] - fit progress: (19, 128.9673068523407, {'accuracy': 0.6778719672610348}, 458.06161763332784)
[2024-10-11 03:37:26,398][flwr][INFO] - configure_evaluate: strategy sampled 2 clients (out of 50)
[2024-10-11 03:37:27,647][flwr][INFO] - aggregate_evaluate: received 2 results and 0 failures
[2024-10-11 03:37:27,647][flwr][INFO] - 
[2024-10-11 03:37:27,647][flwr][INFO] - [ROUND 20]
[2024-10-11 03:37:27,647][flwr][INFO] - configure_fit: strategy sampled 5 clients (out of 50)
[2024-10-11 03:37:48,344][flwr][INFO] - aggregate_fit: received 5 results and 0 failures
[2024-10-11 03:37:58,050][flwr][INFO] - fit progress: (20, 135.98722219467163, {'accuracy': 0.6097632271265712}, 489.71431918349117)
[2024-10-11 03:37:58,051][flwr][INFO] - configure_evaluate: strategy sampled 2 clients (out of 50)
[2024-10-11 03:37:59,403][flwr][INFO] - aggregate_evaluate: received 2 results and 0 failures
[2024-10-11 03:37:59,403][flwr][INFO] - 
[2024-10-11 03:37:59,403][flwr][INFO] - [ROUND 21]
[2024-10-11 03:37:59,403][flwr][INFO] - configure_fit: strategy sampled 5 clients (out of 50)
[2024-10-11 03:38:09,965][flwr][INFO] - aggregate_fit: received 5 results and 0 failures
[2024-10-11 03:38:18,726][flwr][INFO] - fit progress: (21, 136.5643218755722, {'accuracy': 0.6080093539900614}, 510.3905108664185)
[2024-10-11 03:38:18,727][flwr][INFO] - configure_evaluate: strategy sampled 2 clients (out of 50)
[2024-10-11 03:38:20,000][flwr][INFO] - aggregate_evaluate: received 2 results and 0 failures
[2024-10-11 03:38:20,000][flwr][INFO] - 
[2024-10-11 03:38:20,000][flwr][INFO] - [ROUND 22]
[2024-10-11 03:38:20,001][flwr][INFO] - configure_fit: strategy sampled 5 clients (out of 50)
[2024-10-11 03:38:27,267][flwr][INFO] - aggregate_fit: received 5 results and 0 failures
[2024-10-11 03:38:36,943][flwr][INFO] - fit progress: (22, 150.4569376707077, {'accuracy': 0.5536392867582578}, 528.6076016519219)
[2024-10-11 03:38:36,944][flwr][INFO] - configure_evaluate: strategy sampled 2 clients (out of 50)
[2024-10-11 03:38:38,094][flwr][INFO] - aggregate_evaluate: received 2 results and 0 failures
[2024-10-11 03:38:38,094][flwr][INFO] - 
[2024-10-11 03:38:38,094][flwr][INFO] - [ROUND 23]
[2024-10-11 03:38:38,095][flwr][INFO] - configure_fit: strategy sampled 5 clients (out of 50)
[2024-10-11 03:38:45,390][flwr][INFO] - aggregate_fit: received 5 results and 0 failures
[2024-10-11 03:38:54,150][flwr][INFO] - fit progress: (23, 147.43618822097778, {'accuracy': 0.6670564162525577}, 545.814414203167)
[2024-10-11 03:38:54,151][flwr][INFO] - configure_evaluate: strategy sampled 2 clients (out of 50)
[2024-10-11 03:38:55,590][flwr][INFO] - aggregate_evaluate: received 2 results and 0 failures
[2024-10-11 03:38:55,591][flwr][INFO] - 
[2024-10-11 03:38:55,591][flwr][INFO] - [ROUND 24]
[2024-10-11 03:38:55,591][flwr][INFO] - configure_fit: strategy sampled 5 clients (out of 50)
[2024-10-11 03:39:05,768][flwr][INFO] - aggregate_fit: received 5 results and 0 failures
[2024-10-11 03:39:14,772][flwr][INFO] - fit progress: (24, 155.27521181106567, {'accuracy': 0.49868459514761765}, 566.4364072252065)
[2024-10-11 03:39:14,772][flwr][INFO] - configure_evaluate: strategy sampled 2 clients (out of 50)
[2024-10-11 03:39:15,992][flwr][INFO] - aggregate_evaluate: received 2 results and 0 failures
[2024-10-11 03:39:15,992][flwr][INFO] - 
[2024-10-11 03:39:15,992][flwr][INFO] - [ROUND 25]
[2024-10-11 03:39:15,992][flwr][INFO] - configure_fit: strategy sampled 5 clients (out of 50)
[2024-10-11 03:39:23,652][flwr][INFO] - aggregate_fit: received 5 results and 0 failures
[2024-10-11 03:39:32,425][flwr][INFO] - fit progress: (25, 154.2184168100357, {'accuracy': 0.6197018415667933}, 584.0889423424378)
[2024-10-11 03:39:32,425][flwr][INFO] - configure_evaluate: strategy sampled 2 clients (out of 50)
[2024-10-11 03:39:33,810][flwr][INFO] - aggregate_evaluate: received 2 results and 0 failures
[2024-10-11 03:39:33,810][flwr][INFO] - 
[2024-10-11 03:39:33,811][flwr][INFO] - [ROUND 26]
[2024-10-11 03:39:33,811][flwr][INFO] - configure_fit: strategy sampled 5 clients (out of 50)
[2024-10-11 03:39:44,380][flwr][INFO] - aggregate_fit: received 5 results and 0 failures
[2024-10-11 03:39:53,168][flwr][INFO] - fit progress: (26, 138.35106748342514, {'accuracy': 0.6004092370651856}, 604.831988511607)
[2024-10-11 03:39:53,168][flwr][INFO] - configure_evaluate: strategy sampled 2 clients (out of 50)
[2024-10-11 03:39:54,463][flwr][INFO] - aggregate_evaluate: received 2 results and 0 failures
[2024-10-11 03:39:54,463][flwr][INFO] - 
[2024-10-11 03:39:54,463][flwr][INFO] - [ROUND 27]
[2024-10-11 03:39:54,464][flwr][INFO] - configure_fit: strategy sampled 5 clients (out of 50)
[2024-10-11 03:40:07,954][flwr][INFO] - aggregate_fit: received 5 results and 0 failures
[2024-10-11 03:40:16,881][flwr][INFO] - fit progress: (27, 137.48224449157715, {'accuracy': 0.6530254311604794}, 628.5456801028922)
[2024-10-11 03:40:16,882][flwr][INFO] - configure_evaluate: strategy sampled 2 clients (out of 50)
[2024-10-11 03:40:18,222][flwr][INFO] - aggregate_evaluate: received 2 results and 0 failures
[2024-10-11 03:40:18,222][flwr][INFO] - 
[2024-10-11 03:40:18,222][flwr][INFO] - [ROUND 28]
[2024-10-11 03:40:18,223][flwr][INFO] - configure_fit: strategy sampled 5 clients (out of 50)
[2024-10-11 03:40:30,772][flwr][INFO] - aggregate_fit: received 5 results and 0 failures
[2024-10-11 03:40:39,726][flwr][INFO] - fit progress: (28, 141.91381990909576, {'accuracy': 0.5328851213095586}, 651.3899240484461)
[2024-10-11 03:40:39,726][flwr][INFO] - configure_evaluate: strategy sampled 2 clients (out of 50)
[2024-10-11 03:40:41,138][flwr][INFO] - aggregate_evaluate: received 2 results and 0 failures
[2024-10-11 03:40:41,138][flwr][INFO] - 
[2024-10-11 03:40:41,138][flwr][INFO] - [ROUND 29]
[2024-10-11 03:40:41,138][flwr][INFO] - configure_fit: strategy sampled 5 clients (out of 50)
[2024-10-11 03:40:49,997][flwr][INFO] - aggregate_fit: received 5 results and 0 failures
[2024-10-11 03:40:58,834][flwr][INFO] - fit progress: (29, 143.5020478963852, {'accuracy': 0.6021631102016954}, 670.4980055652559)
[2024-10-11 03:40:58,834][flwr][INFO] - configure_evaluate: strategy sampled 2 clients (out of 50)
[2024-10-11 03:41:00,409][flwr][INFO] - aggregate_evaluate: received 2 results and 0 failures
[2024-10-11 03:41:00,409][flwr][INFO] - 
[2024-10-11 03:41:00,409][flwr][INFO] - [ROUND 30]
[2024-10-11 03:41:00,409][flwr][INFO] - configure_fit: strategy sampled 5 clients (out of 50)
[2024-10-11 03:41:14,914][flwr][INFO] - aggregate_fit: received 5 results and 0 failures
[2024-10-11 03:41:24,108][flwr][INFO] - fit progress: (30, 155.46077871322632, {'accuracy': 0.4636071324174218}, 695.7725448217243)
[2024-10-11 03:41:24,109][flwr][INFO] - configure_evaluate: strategy sampled 2 clients (out of 50)
[2024-10-11 03:41:25,359][flwr][INFO] - aggregate_evaluate: received 2 results and 0 failures
[2024-10-11 03:41:25,359][flwr][INFO] - 
[2024-10-11 03:41:25,359][flwr][INFO] - [ROUND 31]
[2024-10-11 03:41:25,360][flwr][INFO] - configure_fit: strategy sampled 5 clients (out of 50)
[2024-10-11 03:41:40,438][flwr][INFO] - aggregate_fit: received 5 results and 0 failures
[2024-10-11 03:41:49,226][flwr][INFO] - fit progress: (31, 109.85142010450363, {'accuracy': 0.6734872844197604}, 720.8907222142443)
[2024-10-11 03:41:49,227][flwr][INFO] - configure_evaluate: strategy sampled 2 clients (out of 50)
[2024-10-11 03:41:50,553][flwr][INFO] - aggregate_evaluate: received 2 results and 0 failures
[2024-10-11 03:41:50,553][flwr][INFO] - 
[2024-10-11 03:41:50,554][flwr][INFO] - [ROUND 32]
[2024-10-11 03:41:50,554][flwr][INFO] - configure_fit: strategy sampled 5 clients (out of 50)
[2024-10-11 03:41:59,406][flwr][INFO] - aggregate_fit: received 5 results and 0 failures
[2024-10-11 03:42:08,758][flwr][INFO] - fit progress: (32, 116.10145330429077, {'accuracy': 0.6737795966091786}, 740.4223474152386)
[2024-10-11 03:42:08,759][flwr][INFO] - configure_evaluate: strategy sampled 2 clients (out of 50)
[2024-10-11 03:42:10,182][flwr][INFO] - aggregate_evaluate: received 2 results and 0 failures
[2024-10-11 03:42:10,182][flwr][INFO] - 
[2024-10-11 03:42:10,182][flwr][INFO] - [ROUND 33]
[2024-10-11 03:42:10,183][flwr][INFO] - configure_fit: strategy sampled 5 clients (out of 50)
[2024-10-11 03:42:18,231][flwr][INFO] - aggregate_fit: received 5 results and 0 failures
[2024-10-11 03:42:27,197][flwr][INFO] - fit progress: (33, 123.17107272148132, {'accuracy': 0.6691026015784858}, 758.8612770102918)
[2024-10-11 03:42:27,197][flwr][INFO] - configure_evaluate: strategy sampled 2 clients (out of 50)
[2024-10-11 03:42:28,554][flwr][INFO] - aggregate_evaluate: received 2 results and 0 failures
[2024-10-11 03:42:28,555][flwr][INFO] - 
[2024-10-11 03:42:28,555][flwr][INFO] - [ROUND 34]
[2024-10-11 03:42:28,555][flwr][INFO] - configure_fit: strategy sampled 5 clients (out of 50)
[2024-10-11 03:42:36,030][flwr][INFO] - aggregate_fit: received 5 results and 0 failures
[2024-10-11 03:42:44,868][flwr][INFO] - fit progress: (34, 107.09678429365158, {'accuracy': 0.6883952060800935}, 776.5324925389141)
[2024-10-11 03:42:44,869][flwr][INFO] - configure_evaluate: strategy sampled 2 clients (out of 50)
[2024-10-11 03:42:46,177][flwr][INFO] - aggregate_evaluate: received 2 results and 0 failures
[2024-10-11 03:42:46,178][flwr][INFO] - 
[2024-10-11 03:42:46,178][flwr][INFO] - [ROUND 35]
[2024-10-11 03:42:46,178][flwr][INFO] - configure_fit: strategy sampled 5 clients (out of 50)
[2024-10-11 03:43:00,921][flwr][INFO] - aggregate_fit: received 5 results and 0 failures
[2024-10-11 03:43:10,395][flwr][INFO] - fit progress: (35, 114.243019759655, {'accuracy': 0.7263957907044724}, 802.0588181158528)
[2024-10-11 03:43:10,395][flwr][INFO] - configure_evaluate: strategy sampled 2 clients (out of 50)
[2024-10-11 03:43:11,760][flwr][INFO] - aggregate_evaluate: received 2 results and 0 failures
[2024-10-11 03:43:11,760][flwr][INFO] - 
[2024-10-11 03:43:11,760][flwr][INFO] - [ROUND 36]
[2024-10-11 03:43:11,760][flwr][INFO] - configure_fit: strategy sampled 5 clients (out of 50)
[2024-10-11 03:43:21,782][flwr][INFO] - aggregate_fit: received 5 results and 0 failures
[2024-10-11 03:43:30,531][flwr][INFO] - fit progress: (36, 127.13527566194534, {'accuracy': 0.6524408067816428}, 822.1954190209508)
[2024-10-11 03:43:30,532][flwr][INFO] - configure_evaluate: strategy sampled 2 clients (out of 50)
[2024-10-11 03:43:31,913][flwr][INFO] - aggregate_evaluate: received 2 results and 0 failures
[2024-10-11 03:43:31,913][flwr][INFO] - 
[2024-10-11 03:43:31,913][flwr][INFO] - [ROUND 37]
[2024-10-11 03:43:31,913][flwr][INFO] - configure_fit: strategy sampled 5 clients (out of 50)
[2024-10-11 03:43:48,895][flwr][INFO] - aggregate_fit: received 5 results and 0 failures
[2024-10-11 03:43:57,634][flwr][INFO] - fit progress: (37, 92.5609439611435, {'accuracy': 0.7991815258696288}, 849.2981491629034)
[2024-10-11 03:43:57,634][flwr][INFO] - configure_evaluate: strategy sampled 2 clients (out of 50)
[2024-10-11 03:43:58,778][flwr][INFO] - aggregate_evaluate: received 2 results and 0 failures
[2024-10-11 03:43:58,778][flwr][INFO] - 
[2024-10-11 03:43:58,778][flwr][INFO] - [ROUND 38]
[2024-10-11 03:43:58,778][flwr][INFO] - configure_fit: strategy sampled 5 clients (out of 50)
[2024-10-11 03:44:10,789][flwr][INFO] - aggregate_fit: received 5 results and 0 failures
[2024-10-11 03:44:19,765][flwr][INFO] - fit progress: (38, 103.42742502689362, {'accuracy': 0.7275650394621456}, 871.4295616680756)
[2024-10-11 03:44:19,766][flwr][INFO] - configure_evaluate: strategy sampled 2 clients (out of 50)
[2024-10-11 03:44:21,088][flwr][INFO] - aggregate_evaluate: received 2 results and 0 failures
[2024-10-11 03:44:21,089][flwr][INFO] - 
[2024-10-11 03:44:21,089][flwr][INFO] - [ROUND 39]
[2024-10-11 03:44:21,089][flwr][INFO] - configure_fit: strategy sampled 5 clients (out of 50)
[2024-10-11 03:44:27,718][flwr][INFO] - aggregate_fit: received 5 results and 0 failures
[2024-10-11 03:44:36,527][flwr][INFO] - fit progress: (39, 104.90541452169418, {'accuracy': 0.6854720841859105}, 888.1915916390717)
[2024-10-11 03:44:36,528][flwr][INFO] - configure_evaluate: strategy sampled 2 clients (out of 50)
[2024-10-11 03:44:37,703][flwr][INFO] - aggregate_evaluate: received 2 results and 0 failures
[2024-10-11 03:44:37,703][flwr][INFO] - 
[2024-10-11 03:44:37,703][flwr][INFO] - [ROUND 40]
[2024-10-11 03:44:37,703][flwr][INFO] - configure_fit: strategy sampled 5 clients (out of 50)
[2024-10-11 03:44:50,309][flwr][INFO] - aggregate_fit: received 5 results and 0 failures
[2024-10-11 03:44:59,071][flwr][INFO] - fit progress: (40, 91.2694485783577, {'accuracy': 0.7673194972230342}, 910.7356833675876)
[2024-10-11 03:44:59,072][flwr][INFO] - configure_evaluate: strategy sampled 2 clients (out of 50)
[2024-10-11 03:45:00,167][flwr][INFO] - aggregate_evaluate: received 2 results and 0 failures
[2024-10-11 03:45:00,167][flwr][INFO] - 
[2024-10-11 03:45:00,167][flwr][INFO] - [ROUND 41]
[2024-10-11 03:45:00,167][flwr][INFO] - configure_fit: strategy sampled 5 clients (out of 50)
[2024-10-11 03:45:09,318][flwr][INFO] - aggregate_fit: received 5 results and 0 failures
[2024-10-11 03:45:18,123][flwr][INFO] - fit progress: (41, 102.03558576107025, {'accuracy': 0.6635486699795381}, 929.7873404007405)
[2024-10-11 03:45:18,123][flwr][INFO] - configure_evaluate: strategy sampled 2 clients (out of 50)
[2024-10-11 03:45:19,418][flwr][INFO] - aggregate_evaluate: received 2 results and 0 failures
[2024-10-11 03:45:19,418][flwr][INFO] - 
[2024-10-11 03:45:19,419][flwr][INFO] - [ROUND 42]
[2024-10-11 03:45:19,419][flwr][INFO] - configure_fit: strategy sampled 5 clients (out of 50)
[2024-10-11 03:45:27,260][flwr][INFO] - aggregate_fit: received 5 results and 0 failures
[2024-10-11 03:45:35,924][flwr][INFO] - fit progress: (42, 93.7881732583046, {'accuracy': 0.7687810581701257}, 947.5883925976232)
[2024-10-11 03:45:35,924][flwr][INFO] - configure_evaluate: strategy sampled 2 clients (out of 50)
[2024-10-11 03:45:37,058][flwr][INFO] - aggregate_evaluate: received 2 results and 0 failures
[2024-10-11 03:45:37,058][flwr][INFO] - 
[2024-10-11 03:45:37,058][flwr][INFO] - [ROUND 43]
[2024-10-11 03:45:37,058][flwr][INFO] - configure_fit: strategy sampled 5 clients (out of 50)
[2024-10-11 03:45:46,126][flwr][INFO] - aggregate_fit: received 5 results and 0 failures
[2024-10-11 03:45:54,856][flwr][INFO] - fit progress: (43, 110.02084171772003, {'accuracy': 0.7366267173341128}, 966.520442972891)
[2024-10-11 03:45:54,856][flwr][INFO] - configure_evaluate: strategy sampled 2 clients (out of 50)
[2024-10-11 03:45:56,184][flwr][INFO] - aggregate_evaluate: received 2 results and 0 failures
[2024-10-11 03:45:56,184][flwr][INFO] - 
[2024-10-11 03:45:56,184][flwr][INFO] - [ROUND 44]
[2024-10-11 03:45:56,185][flwr][INFO] - configure_fit: strategy sampled 5 clients (out of 50)
[2024-10-11 03:46:13,302][flwr][INFO] - aggregate_fit: received 5 results and 0 failures
[2024-10-11 03:46:22,012][flwr][INFO] - fit progress: (44, 125.99590528011322, {'accuracy': 0.7018415667933353}, 993.6759181395173)
[2024-10-11 03:46:22,012][flwr][INFO] - configure_evaluate: strategy sampled 2 clients (out of 50)
[2024-10-11 03:46:23,111][flwr][INFO] - aggregate_evaluate: received 2 results and 0 failures
[2024-10-11 03:46:23,111][flwr][INFO] - 
[2024-10-11 03:46:23,111][flwr][INFO] - [ROUND 45]
[2024-10-11 03:46:23,111][flwr][INFO] - configure_fit: strategy sampled 5 clients (out of 50)
[2024-10-11 03:46:38,654][flwr][INFO] - aggregate_fit: received 5 results and 0 failures
[2024-10-11 03:46:47,394][flwr][INFO] - fit progress: (45, 119.52665221691132, {'accuracy': 0.6521484945922245}, 1019.0579137569293)
[2024-10-11 03:46:47,394][flwr][INFO] - configure_evaluate: strategy sampled 2 clients (out of 50)
[2024-10-11 03:46:48,600][flwr][INFO] - aggregate_evaluate: received 2 results and 0 failures
[2024-10-11 03:46:48,601][flwr][INFO] - 
[2024-10-11 03:46:48,601][flwr][INFO] - [ROUND 46]
[2024-10-11 03:46:48,601][flwr][INFO] - configure_fit: strategy sampled 5 clients (out of 50)
[2024-10-11 03:46:57,338][flwr][INFO] - aggregate_fit: received 5 results and 0 failures
[2024-10-11 03:47:06,048][flwr][INFO] - fit progress: (46, 115.72166901826859, {'accuracy': 0.6948260742472961}, 1037.7124694753438)
[2024-10-11 03:47:06,049][flwr][INFO] - configure_evaluate: strategy sampled 2 clients (out of 50)
[2024-10-11 03:47:07,139][flwr][INFO] - aggregate_evaluate: received 2 results and 0 failures
[2024-10-11 03:47:07,140][flwr][INFO] - 
[2024-10-11 03:47:07,140][flwr][INFO] - [ROUND 47]
[2024-10-11 03:47:07,140][flwr][INFO] - configure_fit: strategy sampled 5 clients (out of 50)
[2024-10-11 03:47:25,163][flwr][INFO] - aggregate_fit: received 5 results and 0 failures
[2024-10-11 03:47:33,934][flwr][INFO] - fit progress: (47, 99.72812366485596, {'accuracy': 0.7646886875182695}, 1065.5983265712857)
[2024-10-11 03:47:33,934][flwr][INFO] - configure_evaluate: strategy sampled 2 clients (out of 50)
[2024-10-11 03:47:35,359][flwr][INFO] - aggregate_evaluate: received 2 results and 0 failures
[2024-10-11 03:47:35,359][flwr][INFO] - 
[2024-10-11 03:47:35,359][flwr][INFO] - [ROUND 48]
[2024-10-11 03:47:35,359][flwr][INFO] - configure_fit: strategy sampled 5 clients (out of 50)
[2024-10-11 03:47:44,610][flwr][INFO] - aggregate_fit: received 5 results and 0 failures
[2024-10-11 03:47:53,318][flwr][INFO] - fit progress: (48, 99.76578336954117, {'accuracy': 0.7193802981584332}, 1084.9821759220213)
[2024-10-11 03:47:53,318][flwr][INFO] - configure_evaluate: strategy sampled 2 clients (out of 50)
[2024-10-11 03:47:54,402][flwr][INFO] - aggregate_evaluate: received 2 results and 0 failures
[2024-10-11 03:47:54,403][flwr][INFO] - 
[2024-10-11 03:47:54,403][flwr][INFO] - [ROUND 49]
[2024-10-11 03:47:54,403][flwr][INFO] - configure_fit: strategy sampled 5 clients (out of 50)
[2024-10-11 03:48:06,809][flwr][INFO] - aggregate_fit: received 5 results and 0 failures
[2024-10-11 03:48:15,616][flwr][INFO] - fit progress: (49, 112.07154387235641, {'accuracy': 0.7109032446653025}, 1107.2805347079411)
[2024-10-11 03:48:15,617][flwr][INFO] - configure_evaluate: strategy sampled 2 clients (out of 50)
[2024-10-11 03:48:16,813][flwr][INFO] - aggregate_evaluate: received 2 results and 0 failures
[2024-10-11 03:48:16,814][flwr][INFO] - 
[2024-10-11 03:48:16,814][flwr][INFO] - [ROUND 50]
[2024-10-11 03:48:16,814][flwr][INFO] - configure_fit: strategy sampled 5 clients (out of 50)
[2024-10-11 03:48:29,353][flwr][INFO] - aggregate_fit: received 5 results and 0 failures
[2024-10-11 03:48:38,259][flwr][INFO] - fit progress: (50, 127.08896219730377, {'accuracy': 0.6299327681964338}, 1129.9235025448725)
[2024-10-11 03:48:38,259][flwr][INFO] - configure_evaluate: strategy sampled 2 clients (out of 50)
[2024-10-11 03:48:39,478][flwr][INFO] - aggregate_evaluate: received 2 results and 0 failures
[2024-10-11 03:48:39,478][flwr][INFO] - 
[2024-10-11 03:48:39,478][flwr][INFO] - [ROUND 51]
[2024-10-11 03:48:39,478][flwr][INFO] - configure_fit: strategy sampled 5 clients (out of 50)
[2024-10-11 03:48:54,106][flwr][INFO] - aggregate_fit: received 5 results and 0 failures
[2024-10-11 03:49:02,945][flwr][INFO] - fit progress: (51, 100.51574778556824, {'accuracy': 0.740719087985969}, 1154.6088176053017)
[2024-10-11 03:49:02,945][flwr][INFO] - configure_evaluate: strategy sampled 2 clients (out of 50)
[2024-10-11 03:49:04,016][flwr][INFO] - aggregate_evaluate: received 2 results and 0 failures
[2024-10-11 03:49:04,016][flwr][INFO] - 
[2024-10-11 03:49:04,017][flwr][INFO] - [ROUND 52]
[2024-10-11 03:49:04,017][flwr][INFO] - configure_fit: strategy sampled 5 clients (out of 50)
[2024-10-11 03:49:13,933][flwr][INFO] - aggregate_fit: received 5 results and 0 failures
[2024-10-11 03:49:22,698][flwr][INFO] - fit progress: (52, 94.31413060426712, {'accuracy': 0.7027185033615901}, 1174.36229711771)
[2024-10-11 03:49:22,699][flwr][INFO] - configure_evaluate: strategy sampled 2 clients (out of 50)
[2024-10-11 03:49:23,832][flwr][INFO] - aggregate_evaluate: received 2 results and 0 failures
[2024-10-11 03:49:23,833][flwr][INFO] - 
[2024-10-11 03:49:23,833][flwr][INFO] - [ROUND 53]
[2024-10-11 03:49:23,833][flwr][INFO] - configure_fit: strategy sampled 5 clients (out of 50)
[2024-10-11 03:49:33,283][flwr][INFO] - aggregate_fit: received 5 results and 0 failures
[2024-10-11 03:49:42,008][flwr][INFO] - fit progress: (53, 87.49050718545914, {'accuracy': 0.7456883952060801}, 1193.6723923562095)
[2024-10-11 03:49:42,008][flwr][INFO] - configure_evaluate: strategy sampled 2 clients (out of 50)
[2024-10-11 03:49:43,116][flwr][INFO] - aggregate_evaluate: received 2 results and 0 failures
[2024-10-11 03:49:43,116][flwr][INFO] - 
[2024-10-11 03:49:43,116][flwr][INFO] - [ROUND 54]
[2024-10-11 03:49:43,116][flwr][INFO] - configure_fit: strategy sampled 5 clients (out of 50)
[2024-10-11 03:49:56,927][flwr][INFO] - aggregate_fit: received 5 results and 0 failures
[2024-10-11 03:50:05,747][flwr][INFO] - fit progress: (54, 111.87166225910187, {'accuracy': 0.7076878105817013}, 1217.4113487936556)
[2024-10-11 03:50:05,747][flwr][INFO] - configure_evaluate: strategy sampled 2 clients (out of 50)
[2024-10-11 03:50:06,755][flwr][INFO] - aggregate_evaluate: received 2 results and 0 failures
[2024-10-11 03:50:06,756][flwr][INFO] - 
[2024-10-11 03:50:06,756][flwr][INFO] - [ROUND 55]
[2024-10-11 03:50:06,756][flwr][INFO] - configure_fit: strategy sampled 5 clients (out of 50)
[2024-10-11 03:50:14,130][flwr][INFO] - aggregate_fit: received 5 results and 0 failures
[2024-10-11 03:50:23,104][flwr][INFO] - fit progress: (55, 117.77052515745163, {'accuracy': 0.6483484361297867}, 1234.768163789995)
[2024-10-11 03:50:23,104][flwr][INFO] - configure_evaluate: strategy sampled 2 clients (out of 50)
[2024-10-11 03:50:24,439][flwr][INFO] - aggregate_evaluate: received 2 results and 0 failures
[2024-10-11 03:50:24,439][flwr][INFO] - 
[2024-10-11 03:50:24,439][flwr][INFO] - [ROUND 56]
[2024-10-11 03:50:24,439][flwr][INFO] - configure_fit: strategy sampled 5 clients (out of 50)
[2024-10-11 03:50:42,119][flwr][INFO] - aggregate_fit: received 5 results and 0 failures
[2024-10-11 03:50:50,960][flwr][INFO] - fit progress: (56, 85.57634791731834, {'accuracy': 0.7088570593393745}, 1262.6238295268267)
[2024-10-11 03:50:50,960][flwr][INFO] - configure_evaluate: strategy sampled 2 clients (out of 50)
[2024-10-11 03:50:52,122][flwr][INFO] - aggregate_evaluate: received 2 results and 0 failures
[2024-10-11 03:50:52,123][flwr][INFO] - 
[2024-10-11 03:50:52,123][flwr][INFO] - [ROUND 57]
[2024-10-11 03:50:52,123][flwr][INFO] - configure_fit: strategy sampled 5 clients (out of 50)
[2024-10-11 03:51:00,310][flwr][INFO] - aggregate_fit: received 5 results and 0 failures
[2024-10-11 03:51:09,074][flwr][INFO] - fit progress: (57, 72.7266218662262, {'accuracy': 0.7921660333235896}, 1280.7378415698186)
[2024-10-11 03:51:09,074][flwr][INFO] - configure_evaluate: strategy sampled 2 clients (out of 50)
[2024-10-11 03:51:10,226][flwr][INFO] - aggregate_evaluate: received 2 results and 0 failures
[2024-10-11 03:51:10,226][flwr][INFO] - 
[2024-10-11 03:51:10,226][flwr][INFO] - [ROUND 58]
[2024-10-11 03:51:10,227][flwr][INFO] - configure_fit: strategy sampled 5 clients (out of 50)
[2024-10-11 03:51:21,520][flwr][INFO] - aggregate_fit: received 5 results and 0 failures
[2024-10-11 03:51:30,467][flwr][INFO] - fit progress: (58, 96.77299809455872, {'accuracy': 0.7480268927214265}, 1302.131665578112)
[2024-10-11 03:51:30,468][flwr][INFO] - configure_evaluate: strategy sampled 2 clients (out of 50)
[2024-10-11 03:51:31,991][flwr][INFO] - aggregate_evaluate: received 2 results and 0 failures
[2024-10-11 03:51:31,991][flwr][INFO] - 
[2024-10-11 03:51:31,991][flwr][INFO] - [ROUND 59]
[2024-10-11 03:51:31,992][flwr][INFO] - configure_fit: strategy sampled 5 clients (out of 50)
[2024-10-11 03:51:40,771][flwr][INFO] - aggregate_fit: received 5 results and 0 failures
[2024-10-11 03:51:49,499][flwr][INFO] - fit progress: (59, 104.37766468524933, {'accuracy': 0.7576731949722303}, 1321.1637546215206)
[2024-10-11 03:51:49,500][flwr][INFO] - configure_evaluate: strategy sampled 2 clients (out of 50)
[2024-10-11 03:51:50,829][flwr][INFO] - aggregate_evaluate: received 2 results and 0 failures
[2024-10-11 03:51:50,829][flwr][INFO] - 
[2024-10-11 03:51:50,829][flwr][INFO] - [ROUND 60]
[2024-10-11 03:51:50,830][flwr][INFO] - configure_fit: strategy sampled 5 clients (out of 50)
[2024-10-11 03:52:01,575][flwr][INFO] - aggregate_fit: received 5 results and 0 failures
[2024-10-11 03:52:10,515][flwr][INFO] - fit progress: (60, 110.6183894276619, {'accuracy': 0.7521192633732827}, 1342.1794212050736)
[2024-10-11 03:52:10,515][flwr][INFO] - configure_evaluate: strategy sampled 2 clients (out of 50)
[2024-10-11 03:52:11,615][flwr][INFO] - aggregate_evaluate: received 2 results and 0 failures
[2024-10-11 03:52:11,615][flwr][INFO] - 
[2024-10-11 03:52:11,616][flwr][INFO] - [ROUND 61]
[2024-10-11 03:52:11,616][flwr][INFO] - configure_fit: strategy sampled 5 clients (out of 50)
[2024-10-11 03:52:20,056][flwr][INFO] - aggregate_fit: received 5 results and 0 failures
[2024-10-11 03:52:29,495][flwr][INFO] - fit progress: (61, 96.100077688694, {'accuracy': 0.763227126571178}, 1361.1588256051764)
[2024-10-11 03:52:29,495][flwr][INFO] - configure_evaluate: strategy sampled 2 clients (out of 50)
[2024-10-11 03:52:30,663][flwr][INFO] - aggregate_evaluate: received 2 results and 0 failures
[2024-10-11 03:52:30,664][flwr][INFO] - 
[2024-10-11 03:52:30,664][flwr][INFO] - [ROUND 62]
[2024-10-11 03:52:30,664][flwr][INFO] - configure_fit: strategy sampled 5 clients (out of 50)
[2024-10-11 03:52:44,863][flwr][INFO] - aggregate_fit: received 5 results and 0 failures
[2024-10-11 03:52:53,682][flwr][INFO] - fit progress: (62, 131.05062472820282, {'accuracy': 0.684887459807074}, 1385.3468033019453)
[2024-10-11 03:52:53,683][flwr][INFO] - configure_evaluate: strategy sampled 2 clients (out of 50)
[2024-10-11 03:52:54,841][flwr][INFO] - aggregate_evaluate: received 2 results and 0 failures
[2024-10-11 03:52:54,842][flwr][INFO] - 
[2024-10-11 03:52:54,842][flwr][INFO] - [ROUND 63]
[2024-10-11 03:52:54,842][flwr][INFO] - configure_fit: strategy sampled 5 clients (out of 50)
[2024-10-11 03:53:02,444][flwr][INFO] - aggregate_fit: received 5 results and 0 failures
[2024-10-11 03:53:11,250][flwr][INFO] - fit progress: (63, 106.09511178731918, {'accuracy': 0.7003800058462438}, 1402.9147543711588)
[2024-10-11 03:53:11,251][flwr][INFO] - configure_evaluate: strategy sampled 2 clients (out of 50)
[2024-10-11 03:53:12,397][flwr][INFO] - aggregate_evaluate: received 2 results and 0 failures
[2024-10-11 03:53:12,397][flwr][INFO] - 
[2024-10-11 03:53:12,397][flwr][INFO] - [ROUND 64]
[2024-10-11 03:53:12,397][flwr][INFO] - configure_fit: strategy sampled 5 clients (out of 50)
[2024-10-11 03:53:24,696][flwr][INFO] - aggregate_fit: received 5 results and 0 failures
[2024-10-11 03:53:33,992][flwr][INFO] - fit progress: (64, 106.4190701842308, {'accuracy': 0.6883952060800935}, 1425.6563375592232)
[2024-10-11 03:53:33,992][flwr][INFO] - configure_evaluate: strategy sampled 2 clients (out of 50)
[2024-10-11 03:53:35,168][flwr][INFO] - aggregate_evaluate: received 2 results and 0 failures
[2024-10-11 03:53:35,168][flwr][INFO] - 
[2024-10-11 03:53:35,168][flwr][INFO] - [ROUND 65]
[2024-10-11 03:53:35,168][flwr][INFO] - configure_fit: strategy sampled 5 clients (out of 50)
[2024-10-11 03:53:43,548][flwr][INFO] - aggregate_fit: received 5 results and 0 failures
[2024-10-11 03:53:52,542][flwr][INFO] - fit progress: (65, 104.36437427997589, {'accuracy': 0.7290266004092371}, 1444.2061583893374)
[2024-10-11 03:53:52,542][flwr][INFO] - configure_evaluate: strategy sampled 2 clients (out of 50)
[2024-10-11 03:53:53,682][flwr][INFO] - aggregate_evaluate: received 2 results and 0 failures
[2024-10-11 03:53:53,683][flwr][INFO] - 
[2024-10-11 03:53:53,683][flwr][INFO] - [ROUND 66]
[2024-10-11 03:53:53,683][flwr][INFO] - configure_fit: strategy sampled 5 clients (out of 50)
[2024-10-11 03:54:03,132][flwr][INFO] - aggregate_fit: received 5 results and 0 failures
[2024-10-11 03:54:11,918][flwr][INFO] - fit progress: (66, 79.43068730831146, {'accuracy': 0.7790119847997662}, 1463.5827844236046)
[2024-10-11 03:54:11,919][flwr][INFO] - configure_evaluate: strategy sampled 2 clients (out of 50)
[2024-10-11 03:54:13,303][flwr][INFO] - aggregate_evaluate: received 2 results and 0 failures
[2024-10-11 03:54:13,304][flwr][INFO] - 
[2024-10-11 03:54:13,304][flwr][INFO] - [ROUND 67]
[2024-10-11 03:54:13,304][flwr][INFO] - configure_fit: strategy sampled 5 clients (out of 50)
[2024-10-11 03:54:27,004][flwr][INFO] - aggregate_fit: received 5 results and 0 failures
[2024-10-11 03:54:35,726][flwr][INFO] - fit progress: (67, 93.41910642385483, {'accuracy': 0.7851505407775504}, 1487.390387892723)
[2024-10-11 03:54:35,726][flwr][INFO] - configure_evaluate: strategy sampled 2 clients (out of 50)
[2024-10-11 03:54:36,885][flwr][INFO] - aggregate_evaluate: received 2 results and 0 failures
[2024-10-11 03:54:36,886][flwr][INFO] - 
[2024-10-11 03:54:36,886][flwr][INFO] - [ROUND 68]
[2024-10-11 03:54:36,886][flwr][INFO] - configure_fit: strategy sampled 5 clients (out of 50)
[2024-10-11 03:54:55,151][flwr][INFO] - aggregate_fit: received 5 results and 0 failures
[2024-10-11 03:55:03,970][flwr][INFO] - fit progress: (68, 84.6781833767891, {'accuracy': 0.7699503069277989}, 1515.6340646436438)
[2024-10-11 03:55:03,970][flwr][INFO] - configure_evaluate: strategy sampled 2 clients (out of 50)
[2024-10-11 03:55:05,128][flwr][INFO] - aggregate_evaluate: received 2 results and 0 failures
[2024-10-11 03:55:05,129][flwr][INFO] - 
[2024-10-11 03:55:05,129][flwr][INFO] - [ROUND 69]
[2024-10-11 03:55:05,129][flwr][INFO] - configure_fit: strategy sampled 5 clients (out of 50)
[2024-10-11 03:55:26,980][flwr][INFO] - aggregate_fit: received 5 results and 0 failures
[2024-10-11 03:55:35,731][flwr][INFO] - fit progress: (69, 86.57510805130005, {'accuracy': 0.7228880444314528}, 1547.395202178508)
[2024-10-11 03:55:35,731][flwr][INFO] - configure_evaluate: strategy sampled 2 clients (out of 50)
[2024-10-11 03:55:37,126][flwr][INFO] - aggregate_evaluate: received 2 results and 0 failures
[2024-10-11 03:55:37,126][flwr][INFO] - 
[2024-10-11 03:55:37,126][flwr][INFO] - [ROUND 70]
[2024-10-11 03:55:37,126][flwr][INFO] - configure_fit: strategy sampled 5 clients (out of 50)
[2024-10-11 03:55:45,012][flwr][INFO] - aggregate_fit: received 5 results and 0 failures
[2024-10-11 03:55:53,755][flwr][INFO] - fit progress: (70, 75.91547021269798, {'accuracy': 0.8085355159310144}, 1565.4195117242634)
[2024-10-11 03:55:53,756][flwr][INFO] - configure_evaluate: strategy sampled 2 clients (out of 50)
[2024-10-11 03:55:55,042][flwr][INFO] - aggregate_evaluate: received 2 results and 0 failures
[2024-10-11 03:55:55,042][flwr][INFO] - 
[2024-10-11 03:55:55,043][flwr][INFO] - [ROUND 71]
[2024-10-11 03:55:55,043][flwr][INFO] - configure_fit: strategy sampled 5 clients (out of 50)
[2024-10-11 03:56:02,119][flwr][INFO] - aggregate_fit: received 5 results and 0 failures
[2024-10-11 03:56:10,915][flwr][INFO] - fit progress: (71, 135.49124348163605, {'accuracy': 0.608593978368898}, 1582.5794667899609)
[2024-10-11 03:56:10,916][flwr][INFO] - configure_evaluate: strategy sampled 2 clients (out of 50)
[2024-10-11 03:56:12,229][flwr][INFO] - aggregate_evaluate: received 2 results and 0 failures
[2024-10-11 03:56:12,230][flwr][INFO] - 
[2024-10-11 03:56:12,230][flwr][INFO] - [ROUND 72]
[2024-10-11 03:56:12,230][flwr][INFO] - configure_fit: strategy sampled 5 clients (out of 50)
[2024-10-11 03:56:29,997][flwr][INFO] - aggregate_fit: received 5 results and 0 failures
[2024-10-11 03:56:38,725][flwr][INFO] - fit progress: (72, 106.53802067041397, {'accuracy': 0.6875182695118387}, 1610.3891344284639)
[2024-10-11 03:56:38,725][flwr][INFO] - configure_evaluate: strategy sampled 2 clients (out of 50)
[2024-10-11 03:56:40,139][flwr][INFO] - aggregate_evaluate: received 2 results and 0 failures
[2024-10-11 03:56:40,139][flwr][INFO] - 
[2024-10-11 03:56:40,139][flwr][INFO] - [ROUND 73]
[2024-10-11 03:56:40,140][flwr][INFO] - configure_fit: strategy sampled 5 clients (out of 50)
[2024-10-11 03:56:51,457][flwr][INFO] - aggregate_fit: received 5 results and 0 failures
[2024-10-11 03:57:00,251][flwr][INFO] - fit progress: (73, 93.15707874298096, {'accuracy': 0.7579655071616487}, 1631.9157334985211)
[2024-10-11 03:57:00,252][flwr][INFO] - configure_evaluate: strategy sampled 2 clients (out of 50)
[2024-10-11 03:57:01,720][flwr][INFO] - aggregate_evaluate: received 2 results and 0 failures
[2024-10-11 03:57:01,720][flwr][INFO] - 
[2024-10-11 03:57:01,720][flwr][INFO] - [ROUND 74]
[2024-10-11 03:57:01,720][flwr][INFO] - configure_fit: strategy sampled 5 clients (out of 50)
[2024-10-11 03:57:16,834][flwr][INFO] - aggregate_fit: received 5 results and 0 failures
[2024-10-11 03:57:25,666][flwr][INFO] - fit progress: (74, 98.55039674043655, {'accuracy': 0.7448114586378252}, 1657.330045523122)
[2024-10-11 03:57:25,666][flwr][INFO] - configure_evaluate: strategy sampled 2 clients (out of 50)
[2024-10-11 03:57:26,724][flwr][INFO] - aggregate_evaluate: received 2 results and 0 failures
[2024-10-11 03:57:26,724][flwr][INFO] - 
[2024-10-11 03:57:26,724][flwr][INFO] - [ROUND 75]
[2024-10-11 03:57:26,724][flwr][INFO] - configure_fit: strategy sampled 5 clients (out of 50)
[2024-10-11 03:57:36,484][flwr][INFO] - aggregate_fit: received 5 results and 0 failures
[2024-10-11 03:57:46,195][flwr][INFO] - fit progress: (75, 110.67184975743294, {'accuracy': 0.6392867582578193}, 1677.8589501334354)
[2024-10-11 03:57:46,195][flwr][INFO] - configure_evaluate: strategy sampled 2 clients (out of 50)
[2024-10-11 03:57:47,450][flwr][INFO] - aggregate_evaluate: received 2 results and 0 failures
[2024-10-11 03:57:47,450][flwr][INFO] - 
[2024-10-11 03:57:47,450][flwr][INFO] - [ROUND 76]
[2024-10-11 03:57:47,450][flwr][INFO] - configure_fit: strategy sampled 5 clients (out of 50)
[2024-10-11 03:57:57,238][flwr][INFO] - aggregate_fit: received 5 results and 0 failures
[2024-10-11 03:58:06,963][flwr][INFO] - fit progress: (76, 87.97042536735535, {'accuracy': 0.8012277111955568}, 1698.6273504076526)
[2024-10-11 03:58:06,963][flwr][INFO] - configure_evaluate: strategy sampled 2 clients (out of 50)
[2024-10-11 03:58:08,438][flwr][INFO] - aggregate_evaluate: received 2 results and 0 failures
[2024-10-11 03:58:08,438][flwr][INFO] - 
[2024-10-11 03:58:08,438][flwr][INFO] - [ROUND 77]
[2024-10-11 03:58:08,438][flwr][INFO] - configure_fit: strategy sampled 5 clients (out of 50)
[2024-10-11 03:58:15,460][flwr][INFO] - aggregate_fit: received 5 results and 0 failures
[2024-10-11 03:58:24,540][flwr][INFO] - fit progress: (77, 117.21539008617401, {'accuracy': 0.7050570008769366}, 1716.2039354052395)
[2024-10-11 03:58:24,540][flwr][INFO] - configure_evaluate: strategy sampled 2 clients (out of 50)
[2024-10-11 03:58:25,862][flwr][INFO] - aggregate_evaluate: received 2 results and 0 failures
[2024-10-11 03:58:25,863][flwr][INFO] - 
[2024-10-11 03:58:25,863][flwr][INFO] - [ROUND 78]
[2024-10-11 03:58:25,863][flwr][INFO] - configure_fit: strategy sampled 5 clients (out of 50)
[2024-10-11 03:58:42,277][flwr][INFO] - aggregate_fit: received 5 results and 0 failures
[2024-10-11 03:58:51,008][flwr][INFO] - fit progress: (78, 93.65286183357239, {'accuracy': 0.7509500146156095}, 1742.672810648568)
[2024-10-11 03:58:51,009][flwr][INFO] - configure_evaluate: strategy sampled 2 clients (out of 50)
[2024-10-11 03:58:52,494][flwr][INFO] - aggregate_evaluate: received 2 results and 0 failures
[2024-10-11 03:58:52,494][flwr][INFO] - 
[2024-10-11 03:58:52,494][flwr][INFO] - [ROUND 79]
[2024-10-11 03:58:52,495][flwr][INFO] - configure_fit: strategy sampled 5 clients (out of 50)
[2024-10-11 03:59:10,174][flwr][INFO] - aggregate_fit: received 5 results and 0 failures
[2024-10-11 03:59:19,710][flwr][INFO] - fit progress: (79, 79.1343500316143, {'accuracy': 0.7854428529669687}, 1771.3747100150213)
[2024-10-11 03:59:19,711][flwr][INFO] - configure_evaluate: strategy sampled 2 clients (out of 50)
[2024-10-11 03:59:20,787][flwr][INFO] - aggregate_evaluate: received 2 results and 0 failures
[2024-10-11 03:59:20,787][flwr][INFO] - 
[2024-10-11 03:59:20,787][flwr][INFO] - [ROUND 80]
[2024-10-11 03:59:20,787][flwr][INFO] - configure_fit: strategy sampled 5 clients (out of 50)
[2024-10-11 03:59:37,516][flwr][INFO] - aggregate_fit: received 5 results and 0 failures
[2024-10-11 03:59:46,281][flwr][INFO] - fit progress: (80, 124.61302262544632, {'accuracy': 0.7202572347266881}, 1797.9449390824884)
[2024-10-11 03:59:46,281][flwr][INFO] - configure_evaluate: strategy sampled 2 clients (out of 50)
[2024-10-11 03:59:47,502][flwr][INFO] - aggregate_evaluate: received 2 results and 0 failures
[2024-10-11 03:59:47,503][flwr][INFO] - 
[2024-10-11 03:59:47,503][flwr][INFO] - [ROUND 81]
[2024-10-11 03:59:47,503][flwr][INFO] - configure_fit: strategy sampled 5 clients (out of 50)
[2024-10-11 03:59:55,791][flwr][INFO] - aggregate_fit: received 5 results and 0 failures
[2024-10-11 04:00:04,575][flwr][INFO] - fit progress: (81, 92.34145826101303, {'accuracy': 0.7693656825489623}, 1816.2393601313233)
[2024-10-11 04:00:04,575][flwr][INFO] - configure_evaluate: strategy sampled 2 clients (out of 50)
[2024-10-11 04:00:05,981][flwr][INFO] - aggregate_evaluate: received 2 results and 0 failures
[2024-10-11 04:00:05,981][flwr][INFO] - 
[2024-10-11 04:00:05,981][flwr][INFO] - [ROUND 82]
[2024-10-11 04:00:05,981][flwr][INFO] - configure_fit: strategy sampled 5 clients (out of 50)
[2024-10-11 04:00:18,606][flwr][INFO] - aggregate_fit: received 5 results and 0 failures
[2024-10-11 04:00:27,437][flwr][INFO] - fit progress: (82, 98.09568440914154, {'accuracy': 0.7676118094124526}, 1839.101473480463)
[2024-10-11 04:00:27,437][flwr][INFO] - configure_evaluate: strategy sampled 2 clients (out of 50)
[2024-10-11 04:00:28,566][flwr][INFO] - aggregate_evaluate: received 2 results and 0 failures
[2024-10-11 04:00:28,566][flwr][INFO] - 
[2024-10-11 04:00:28,567][flwr][INFO] - [ROUND 83]
[2024-10-11 04:00:28,567][flwr][INFO] - configure_fit: strategy sampled 5 clients (out of 50)
[2024-10-11 04:00:39,195][flwr][INFO] - aggregate_fit: received 5 results and 0 failures
[2024-10-11 04:00:47,990][flwr][INFO] - fit progress: (83, 122.14419364929199, {'accuracy': 0.6834258988599825}, 1859.653850772418)
[2024-10-11 04:00:47,990][flwr][INFO] - configure_evaluate: strategy sampled 2 clients (out of 50)
[2024-10-11 04:00:49,589][flwr][INFO] - aggregate_evaluate: received 2 results and 0 failures
[2024-10-11 04:00:49,589][flwr][INFO] - 
[2024-10-11 04:00:49,589][flwr][INFO] - [ROUND 84]
[2024-10-11 04:00:49,589][flwr][INFO] - configure_fit: strategy sampled 5 clients (out of 50)
[2024-10-11 04:00:57,234][flwr][INFO] - aggregate_fit: received 5 results and 0 failures
[2024-10-11 04:01:05,939][flwr][INFO] - fit progress: (84, 97.04698497056961, {'accuracy': 0.7304881613563285}, 1877.6029109880328)
[2024-10-11 04:01:05,939][flwr][INFO] - configure_evaluate: strategy sampled 2 clients (out of 50)
[2024-10-11 04:01:07,264][flwr][INFO] - aggregate_evaluate: received 2 results and 0 failures
[2024-10-11 04:01:07,265][flwr][INFO] - 
[2024-10-11 04:01:07,265][flwr][INFO] - [ROUND 85]
[2024-10-11 04:01:07,265][flwr][INFO] - configure_fit: strategy sampled 5 clients (out of 50)
[2024-10-11 04:01:14,453][flwr][INFO] - aggregate_fit: received 5 results and 0 failures
[2024-10-11 04:01:23,181][flwr][INFO] - fit progress: (85, 79.62159326672554, {'accuracy': 0.7977199649225373}, 1894.8449474489316)
[2024-10-11 04:01:23,181][flwr][INFO] - configure_evaluate: strategy sampled 2 clients (out of 50)
[2024-10-11 04:01:24,391][flwr][INFO] - aggregate_evaluate: received 2 results and 0 failures
[2024-10-11 04:01:24,391][flwr][INFO] - 
[2024-10-11 04:01:24,392][flwr][INFO] - [ROUND 86]
[2024-10-11 04:01:24,392][flwr][INFO] - configure_fit: strategy sampled 5 clients (out of 50)
[2024-10-11 04:01:35,190][flwr][INFO] - aggregate_fit: received 5 results and 0 failures
[2024-10-11 04:01:44,376][flwr][INFO] - fit progress: (86, 104.87778437137604, {'accuracy': 0.6556562408652441}, 1916.0401069475338)
[2024-10-11 04:01:44,376][flwr][INFO] - configure_evaluate: strategy sampled 2 clients (out of 50)
[2024-10-11 04:01:45,470][flwr][INFO] - aggregate_evaluate: received 2 results and 0 failures
[2024-10-11 04:01:45,471][flwr][INFO] - 
[2024-10-11 04:01:45,471][flwr][INFO] - [ROUND 87]
[2024-10-11 04:01:45,471][flwr][INFO] - configure_fit: strategy sampled 5 clients (out of 50)
[2024-10-11 04:01:58,990][flwr][INFO] - aggregate_fit: received 5 results and 0 failures
[2024-10-11 04:02:08,509][flwr][INFO] - fit progress: (87, 102.63542997837067, {'accuracy': 0.7261034785150541}, 1940.1730336286128)
[2024-10-11 04:02:08,509][flwr][INFO] - configure_evaluate: strategy sampled 2 clients (out of 50)
[2024-10-11 04:02:09,737][flwr][INFO] - aggregate_evaluate: received 2 results and 0 failures
[2024-10-11 04:02:09,737][flwr][INFO] - 
[2024-10-11 04:02:09,737][flwr][INFO] - [ROUND 88]
[2024-10-11 04:02:09,737][flwr][INFO] - configure_fit: strategy sampled 5 clients (out of 50)
[2024-10-11 04:02:27,320][flwr][INFO] - aggregate_fit: received 5 results and 0 failures
[2024-10-11 04:02:36,231][flwr][INFO] - fit progress: (88, 115.93926578760147, {'accuracy': 0.7050570008769366}, 1967.8952117478475)
[2024-10-11 04:02:36,231][flwr][INFO] - configure_evaluate: strategy sampled 2 clients (out of 50)
[2024-10-11 04:02:37,407][flwr][INFO] - aggregate_evaluate: received 2 results and 0 failures
[2024-10-11 04:02:37,407][flwr][INFO] - 
[2024-10-11 04:02:37,407][flwr][INFO] - [ROUND 89]
[2024-10-11 04:02:37,407][flwr][INFO] - configure_fit: strategy sampled 5 clients (out of 50)
[2024-10-11 04:02:44,622][flwr][INFO] - aggregate_fit: received 5 results and 0 failures
[2024-10-11 04:02:53,411][flwr][INFO] - fit progress: (89, 95.70860797166824, {'accuracy': 0.7939199064600994}, 1985.0752729065716)
[2024-10-11 04:02:53,411][flwr][INFO] - configure_evaluate: strategy sampled 2 clients (out of 50)
[2024-10-11 04:02:54,709][flwr][INFO] - aggregate_evaluate: received 2 results and 0 failures
[2024-10-11 04:02:54,710][flwr][INFO] - 
[2024-10-11 04:02:54,710][flwr][INFO] - [ROUND 90]
[2024-10-11 04:02:54,710][flwr][INFO] - configure_fit: strategy sampled 5 clients (out of 50)
[2024-10-11 04:03:10,234][flwr][INFO] - aggregate_fit: received 5 results and 0 failures
[2024-10-11 04:03:19,649][flwr][INFO] - fit progress: (90, 109.43889445066452, {'accuracy': 0.6845951476176556}, 2011.3130376823246)
[2024-10-11 04:03:19,649][flwr][INFO] - configure_evaluate: strategy sampled 2 clients (out of 50)
[2024-10-11 04:03:21,001][flwr][INFO] - aggregate_evaluate: received 2 results and 0 failures
[2024-10-11 04:03:21,001][flwr][INFO] - 
[2024-10-11 04:03:21,001][flwr][INFO] - [ROUND 91]
[2024-10-11 04:03:21,001][flwr][INFO] - configure_fit: strategy sampled 5 clients (out of 50)
[2024-10-11 04:03:32,546][flwr][INFO] - aggregate_fit: received 5 results and 0 failures
[2024-10-11 04:03:41,280][flwr][INFO] - fit progress: (91, 122.16099447011948, {'accuracy': 0.7249342297573809}, 2032.9441952891648)
[2024-10-11 04:03:41,280][flwr][INFO] - configure_evaluate: strategy sampled 2 clients (out of 50)
[2024-10-11 04:03:42,716][flwr][INFO] - aggregate_evaluate: received 2 results and 0 failures
[2024-10-11 04:03:42,717][flwr][INFO] - 
[2024-10-11 04:03:42,717][flwr][INFO] - [ROUND 92]
[2024-10-11 04:03:42,717][flwr][INFO] - configure_fit: strategy sampled 5 clients (out of 50)
[2024-10-11 04:03:59,501][flwr][INFO] - aggregate_fit: received 5 results and 0 failures
[2024-10-11 04:04:08,239][flwr][INFO] - fit progress: (92, 72.57714006304741, {'accuracy': 0.7942122186495176}, 2059.9030642500147)
[2024-10-11 04:04:08,239][flwr][INFO] - configure_evaluate: strategy sampled 2 clients (out of 50)
[2024-10-11 04:04:09,510][flwr][INFO] - aggregate_evaluate: received 2 results and 0 failures
[2024-10-11 04:04:09,510][flwr][INFO] - 
[2024-10-11 04:04:09,510][flwr][INFO] - [ROUND 93]
[2024-10-11 04:04:09,510][flwr][INFO] - configure_fit: strategy sampled 5 clients (out of 50)
[2024-10-11 04:04:18,635][flwr][INFO] - aggregate_fit: received 5 results and 0 failures
[2024-10-11 04:04:27,326][flwr][INFO] - fit progress: (93, 81.88558486104012, {'accuracy': 0.7451037708272436}, 2078.9905072478577)
[2024-10-11 04:04:27,327][flwr][INFO] - configure_evaluate: strategy sampled 2 clients (out of 50)
[2024-10-11 04:04:28,533][flwr][INFO] - aggregate_evaluate: received 2 results and 0 failures
[2024-10-11 04:04:28,534][flwr][INFO] - 
[2024-10-11 04:04:28,534][flwr][INFO] - [ROUND 94]
[2024-10-11 04:04:28,534][flwr][INFO] - configure_fit: strategy sampled 5 clients (out of 50)
[2024-10-11 04:04:40,702][flwr][INFO] - aggregate_fit: received 5 results and 0 failures
[2024-10-11 04:04:50,322][flwr][INFO] - fit progress: (94, 80.4216856956482, {'accuracy': 0.7901198479976616}, 2101.985901305452)
[2024-10-11 04:04:50,322][flwr][INFO] - configure_evaluate: strategy sampled 2 clients (out of 50)
[2024-10-11 04:04:51,519][flwr][INFO] - aggregate_evaluate: received 2 results and 0 failures
[2024-10-11 04:04:51,519][flwr][INFO] - 
[2024-10-11 04:04:51,519][flwr][INFO] - [ROUND 95]
[2024-10-11 04:04:51,520][flwr][INFO] - configure_fit: strategy sampled 5 clients (out of 50)
[2024-10-11 04:05:00,822][flwr][INFO] - aggregate_fit: received 5 results and 0 failures
[2024-10-11 04:05:09,523][flwr][INFO] - fit progress: (95, 100.8364486694336, {'accuracy': 0.7562116340251388}, 2121.1875786995515)
[2024-10-11 04:05:09,524][flwr][INFO] - configure_evaluate: strategy sampled 2 clients (out of 50)
[2024-10-11 04:05:10,719][flwr][INFO] - aggregate_evaluate: received 2 results and 0 failures
[2024-10-11 04:05:10,720][flwr][INFO] - 
[2024-10-11 04:05:10,720][flwr][INFO] - [ROUND 96]
[2024-10-11 04:05:10,720][flwr][INFO] - configure_fit: strategy sampled 5 clients (out of 50)
[2024-10-11 04:05:26,718][flwr][INFO] - aggregate_fit: received 5 results and 0 failures
[2024-10-11 04:05:35,670][flwr][INFO] - fit progress: (96, 67.66259506344795, {'accuracy': 0.7877813504823151}, 2147.334132662043)
[2024-10-11 04:05:35,670][flwr][INFO] - configure_evaluate: strategy sampled 2 clients (out of 50)
[2024-10-11 04:05:36,849][flwr][INFO] - aggregate_evaluate: received 2 results and 0 failures
[2024-10-11 04:05:36,849][flwr][INFO] - 
[2024-10-11 04:05:36,849][flwr][INFO] - [ROUND 97]
[2024-10-11 04:05:36,849][flwr][INFO] - configure_fit: strategy sampled 5 clients (out of 50)
[2024-10-11 04:05:47,660][flwr][INFO] - aggregate_fit: received 5 results and 0 failures
[2024-10-11 04:05:57,141][flwr][INFO] - fit progress: (97, 58.41534000635147, {'accuracy': 0.8322128032738966}, 2168.8057589046657)
[2024-10-11 04:05:57,142][flwr][INFO] - configure_evaluate: strategy sampled 2 clients (out of 50)
[2024-10-11 04:05:58,484][flwr][INFO] - aggregate_evaluate: received 2 results and 0 failures
[2024-10-11 04:05:58,484][flwr][INFO] - 
[2024-10-11 04:05:58,484][flwr][INFO] - [ROUND 98]
[2024-10-11 04:05:58,484][flwr][INFO] - configure_fit: strategy sampled 5 clients (out of 50)
[2024-10-11 04:06:10,231][flwr][INFO] - aggregate_fit: received 5 results and 0 failures
[2024-10-11 04:06:19,148][flwr][INFO] - fit progress: (98, 61.37708359956741, {'accuracy': 0.8164279450453084}, 2190.812486612238)
[2024-10-11 04:06:19,149][flwr][INFO] - configure_evaluate: strategy sampled 2 clients (out of 50)
[2024-10-11 04:06:20,360][flwr][INFO] - aggregate_evaluate: received 2 results and 0 failures
[2024-10-11 04:06:20,361][flwr][INFO] - 
[2024-10-11 04:06:20,361][flwr][INFO] - [ROUND 99]
[2024-10-11 04:06:20,361][flwr][INFO] - configure_fit: strategy sampled 5 clients (out of 50)
[2024-10-11 04:06:31,975][flwr][INFO] - aggregate_fit: received 5 results and 0 failures
[2024-10-11 04:06:40,758][flwr][INFO] - fit progress: (99, 74.98770198225975, {'accuracy': 0.7717041800643086}, 2212.422267641872)
[2024-10-11 04:06:40,758][flwr][INFO] - configure_evaluate: strategy sampled 2 clients (out of 50)
[2024-10-11 04:06:42,245][flwr][INFO] - aggregate_evaluate: received 2 results and 0 failures
[2024-10-11 04:06:42,245][flwr][INFO] - 
[2024-10-11 04:06:42,245][flwr][INFO] - [ROUND 100]
[2024-10-11 04:06:42,245][flwr][INFO] - configure_fit: strategy sampled 5 clients (out of 50)
[2024-10-11 04:06:51,758][flwr][INFO] - aggregate_fit: received 5 results and 0 failures
[2024-10-11 04:07:00,648][flwr][INFO] - fit progress: (100, 117.14621722698212, {'accuracy': 0.7003800058462438}, 2232.3119894694537)
[2024-10-11 04:07:00,648][flwr][INFO] - configure_evaluate: strategy sampled 2 clients (out of 50)
[2024-10-11 04:07:01,953][flwr][INFO] - aggregate_evaluate: received 2 results and 0 failures
[2024-10-11 04:07:01,959][flwr][INFO] - 
[2024-10-11 04:07:01,959][flwr][INFO] - [SUMMARY]
[2024-10-11 04:07:01,959][flwr][INFO] - Run finished 100 round(s) in 2233.62s
[2024-10-11 04:07:01,961][flwr][INFO] - 	History (loss, distributed):
[2024-10-11 04:07:01,961][flwr][INFO] - 		round 1: 2.114739512497524
[2024-10-11 04:07:01,961][flwr][INFO] - 		round 2: 2.0546598789539745
[2024-10-11 04:07:01,961][flwr][INFO] - 		round 3: 2.2481161653995514
[2024-10-11 04:07:01,962][flwr][INFO] - 		round 4: 2.0198815294674466
[2024-10-11 04:07:01,962][flwr][INFO] - 		round 5: 1.6500129302342732
[2024-10-11 04:07:01,962][flwr][INFO] - 		round 6: 2.017119587592359
[2024-10-11 04:07:01,962][flwr][INFO] - 		round 7: 2.271182391954505
[2024-10-11 04:07:01,962][flwr][INFO] - 		round 8: 1.5339061689376832
[2024-10-11 04:07:01,962][flwr][INFO] - 		round 9: 1.7138786202385312
[2024-10-11 04:07:01,962][flwr][INFO] - 		round 10: 1.7016202396070454
[2024-10-11 04:07:01,962][flwr][INFO] - 		round 11: 3.5247655145583616
[2024-10-11 04:07:01,962][flwr][INFO] - 		round 12: 1.5997759982159263
[2024-10-11 04:07:01,962][flwr][INFO] - 		round 13: 1.8386390249607927
[2024-10-11 04:07:01,962][flwr][INFO] - 		round 14: 1.362284853651717
[2024-10-11 04:07:01,962][flwr][INFO] - 		round 15: 1.0549574620448625
[2024-10-11 04:07:01,962][flwr][INFO] - 		round 16: 1.3619206068945713
[2024-10-11 04:07:01,962][flwr][INFO] - 		round 17: 1.1220312118530273
[2024-10-11 04:07:01,962][flwr][INFO] - 		round 18: 1.306990657533918
[2024-10-11 04:07:01,962][flwr][INFO] - 		round 19: 1.311613291501999
[2024-10-11 04:07:01,962][flwr][INFO] - 		round 20: 0.95254285633564
[2024-10-11 04:07:01,962][flwr][INFO] - 		round 21: 1.2629171882356915
[2024-10-11 04:07:01,962][flwr][INFO] - 		round 22: 1.069375013693785
[2024-10-11 04:07:01,962][flwr][INFO] - 		round 23: 1.5168720630750263
[2024-10-11 04:07:01,962][flwr][INFO] - 		round 24: 1.39341527393886
[2024-10-11 04:07:01,963][flwr][INFO] - 		round 25: 1.3738442659378052
[2024-10-11 04:07:01,963][flwr][INFO] - 		round 26: 1.1968383016409698
[2024-10-11 04:07:01,963][flwr][INFO] - 		round 27: 1.30060154690462
[2024-10-11 04:07:01,963][flwr][INFO] - 		round 28: 1.1975570716053607
[2024-10-11 04:07:01,963][flwr][INFO] - 		round 29: 1.541551649570465
[2024-10-11 04:07:01,963][flwr][INFO] - 		round 30: 1.8451624711354573
[2024-10-11 04:07:01,963][flwr][INFO] - 		round 31: 0.6785130357300794
[2024-10-11 04:07:01,963][flwr][INFO] - 		round 32: 0.885030063715848
[2024-10-11 04:07:01,963][flwr][INFO] - 		round 33: 0.8947577423909131
[2024-10-11 04:07:01,963][flwr][INFO] - 		round 34: 0.7553481111923853
[2024-10-11 04:07:01,963][flwr][INFO] - 		round 35: 1.0165816574561886
[2024-10-11 04:07:01,963][flwr][INFO] - 		round 36: 1.1720807197246146
[2024-10-11 04:07:01,963][flwr][INFO] - 		round 37: 0.9029260648263467
[2024-10-11 04:07:01,963][flwr][INFO] - 		round 38: 0.7615743207931519
[2024-10-11 04:07:01,963][flwr][INFO] - 		round 39: 1.0014899410307407
[2024-10-11 04:07:01,963][flwr][INFO] - 		round 40: 0.6798251682314379
[2024-10-11 04:07:01,963][flwr][INFO] - 		round 41: 0.6342940131823221
[2024-10-11 04:07:01,963][flwr][INFO] - 		round 42: 0.9031873849722055
[2024-10-11 04:07:01,963][flwr][INFO] - 		round 43: 0.8702636976090689
[2024-10-11 04:07:01,963][flwr][INFO] - 		round 44: 1.2682313919067383
[2024-10-11 04:07:01,964][flwr][INFO] - 		round 45: 1.2313323569676233
[2024-10-11 04:07:01,964][flwr][INFO] - 		round 46: 1.2768995894326105
[2024-10-11 04:07:01,964][flwr][INFO] - 		round 47: 0.7177887405667986
[2024-10-11 04:07:01,964][flwr][INFO] - 		round 48: 1.243228467761493
[2024-10-11 04:07:01,964][flwr][INFO] - 		round 49: 0.6912865042686462
[2024-10-11 04:07:01,964][flwr][INFO] - 		round 50: 0.7776847593486309
[2024-10-11 04:07:01,964][flwr][INFO] - 		round 51: 2.173884129524231
[2024-10-11 04:07:01,964][flwr][INFO] - 		round 52: 0.7621681344124579
[2024-10-11 04:07:01,964][flwr][INFO] - 		round 53: 1.014704203605652
[2024-10-11 04:07:01,964][flwr][INFO] - 		round 54: 0.7348066568374634
[2024-10-11 04:07:01,964][flwr][INFO] - 		round 55: 0.6216824565614972
[2024-10-11 04:07:01,964][flwr][INFO] - 		round 56: 0.7258718582716855
[2024-10-11 04:07:01,964][flwr][INFO] - 		round 57: 0.6839434966235094
[2024-10-11 04:07:01,964][flwr][INFO] - 		round 58: 1.1156503532973814
[2024-10-11 04:07:01,964][flwr][INFO] - 		round 59: 1.0656398411454826
[2024-10-11 04:07:01,964][flwr][INFO] - 		round 60: 1.2527653393538103
[2024-10-11 04:07:01,964][flwr][INFO] - 		round 61: 0.8267088624147269
[2024-10-11 04:07:01,964][flwr][INFO] - 		round 62: 1.0116112942879016
[2024-10-11 04:07:01,964][flwr][INFO] - 		round 63: 0.7886629012914804
[2024-10-11 04:07:01,964][flwr][INFO] - 		round 64: 0.9938856522242229
[2024-10-11 04:07:01,964][flwr][INFO] - 		round 65: 1.1575104934828622
[2024-10-11 04:07:01,965][flwr][INFO] - 		round 66: 0.46544436527335126
[2024-10-11 04:07:01,965][flwr][INFO] - 		round 67: 0.9784549068897328
[2024-10-11 04:07:01,965][flwr][INFO] - 		round 68: 0.5760647248138081
[2024-10-11 04:07:01,965][flwr][INFO] - 		round 69: 0.8930569562045011
[2024-10-11 04:07:01,965][flwr][INFO] - 		round 70: 0.8574153184890747
[2024-10-11 04:07:01,965][flwr][INFO] - 		round 71: 1.4416346688201462
[2024-10-11 04:07:01,965][flwr][INFO] - 		round 72: 1.089642882347107
[2024-10-11 04:07:01,965][flwr][INFO] - 		round 73: 0.5791230996449789
[2024-10-11 04:07:01,965][flwr][INFO] - 		round 74: 0.9667648280539164
[2024-10-11 04:07:01,965][flwr][INFO] - 		round 75: 1.193788922884885
[2024-10-11 04:07:01,965][flwr][INFO] - 		round 76: 0.732986303170522
[2024-10-11 04:07:01,965][flwr][INFO] - 		round 77: 1.1399869576267811
[2024-10-11 04:07:01,965][flwr][INFO] - 		round 78: 0.5839172761614729
[2024-10-11 04:07:01,965][flwr][INFO] - 		round 79: 0.4660378694534302
[2024-10-11 04:07:01,965][flwr][INFO] - 		round 80: 1.1805366528661627
[2024-10-11 04:07:01,965][flwr][INFO] - 		round 81: 0.908860118616195
[2024-10-11 04:07:01,965][flwr][INFO] - 		round 82: 0.6642889566719532
[2024-10-11 04:07:01,965][flwr][INFO] - 		round 83: 0.9782702957882601
[2024-10-11 04:07:01,965][flwr][INFO] - 		round 84: 0.48478441466303435
[2024-10-11 04:07:01,965][flwr][INFO] - 		round 85: 0.599997038934745
[2024-10-11 04:07:01,965][flwr][INFO] - 		round 86: 1.0044836086385391
[2024-10-11 04:07:01,965][flwr][INFO] - 		round 87: 0.6177075292382922
[2024-10-11 04:07:01,966][flwr][INFO] - 		round 88: 1.0230424447157949
[2024-10-11 04:07:01,966][flwr][INFO] - 		round 89: 0.8799479231238365
[2024-10-11 04:07:01,966][flwr][INFO] - 		round 90: 0.8722549676895142
[2024-10-11 04:07:01,966][flwr][INFO] - 		round 91: 1.3201672705737026
[2024-10-11 04:07:01,966][flwr][INFO] - 		round 92: 0.4876537677404043
[2024-10-11 04:07:01,966][flwr][INFO] - 		round 93: 0.5331922834334166
[2024-10-11 04:07:01,966][flwr][INFO] - 		round 94: 1.3927123546600342
[2024-10-11 04:07:01,966][flwr][INFO] - 		round 95: 1.07057658103433
[2024-10-11 04:07:01,966][flwr][INFO] - 		round 96: 0.7183043219541249
[2024-10-11 04:07:01,966][flwr][INFO] - 		round 97: 0.8913207823230375
[2024-10-11 04:07:01,966][flwr][INFO] - 		round 98: 0.6268674612045289
[2024-10-11 04:07:01,966][flwr][INFO] - 		round 99: 0.5157710615592667
[2024-10-11 04:07:01,966][flwr][INFO] - 		round 100: 1.1979191869497299
[2024-10-11 04:07:01,966][flwr][INFO] - 	History (loss, centralized):
[2024-10-11 04:07:01,966][flwr][INFO] - 		round 0: 228.59961318969727
[2024-10-11 04:07:01,966][flwr][INFO] - 		round 1: 219.3058077096939
[2024-10-11 04:07:01,966][flwr][INFO] - 		round 2: 221.6217416524887
[2024-10-11 04:07:01,966][flwr][INFO] - 		round 3: 229.37998604774475
[2024-10-11 04:07:01,966][flwr][INFO] - 		round 4: 219.7160985469818
[2024-10-11 04:07:01,966][flwr][INFO] - 		round 5: 199.06760668754578
[2024-10-11 04:07:01,966][flwr][INFO] - 		round 6: 211.00713658332825
[2024-10-11 04:07:01,966][flwr][INFO] - 		round 7: 200.46961164474487
[2024-10-11 04:07:01,966][flwr][INFO] - 		round 8: 187.4859482049942
[2024-10-11 04:07:01,967][flwr][INFO] - 		round 9: 184.26145589351654
[2024-10-11 04:07:01,967][flwr][INFO] - 		round 10: 189.58025121688843
[2024-10-11 04:07:01,967][flwr][INFO] - 		round 11: 185.43750536441803
[2024-10-11 04:07:01,967][flwr][INFO] - 		round 12: 163.18235325813293
[2024-10-11 04:07:01,967][flwr][INFO] - 		round 13: 154.06928372383118
[2024-10-11 04:07:01,967][flwr][INFO] - 		round 14: 135.2730056643486
[2024-10-11 04:07:01,967][flwr][INFO] - 		round 15: 137.87852382659912
[2024-10-11 04:07:01,967][flwr][INFO] - 		round 16: 141.75210332870483
[2024-10-11 04:07:01,967][flwr][INFO] - 		round 17: 135.0273277759552
[2024-10-11 04:07:01,967][flwr][INFO] - 		round 18: 138.87630993127823
[2024-10-11 04:07:01,967][flwr][INFO] - 		round 19: 128.9673068523407
[2024-10-11 04:07:01,967][flwr][INFO] - 		round 20: 135.98722219467163
[2024-10-11 04:07:01,967][flwr][INFO] - 		round 21: 136.5643218755722
[2024-10-11 04:07:01,967][flwr][INFO] - 		round 22: 150.4569376707077
[2024-10-11 04:07:01,967][flwr][INFO] - 		round 23: 147.43618822097778
[2024-10-11 04:07:01,967][flwr][INFO] - 		round 24: 155.27521181106567
[2024-10-11 04:07:01,967][flwr][INFO] - 		round 25: 154.2184168100357
[2024-10-11 04:07:01,967][flwr][INFO] - 		round 26: 138.35106748342514
[2024-10-11 04:07:01,967][flwr][INFO] - 		round 27: 137.48224449157715
[2024-10-11 04:07:01,967][flwr][INFO] - 		round 28: 141.91381990909576
[2024-10-11 04:07:01,967][flwr][INFO] - 		round 29: 143.5020478963852
[2024-10-11 04:07:01,967][flwr][INFO] - 		round 30: 155.46077871322632
[2024-10-11 04:07:01,968][flwr][INFO] - 		round 31: 109.85142010450363
[2024-10-11 04:07:01,968][flwr][INFO] - 		round 32: 116.10145330429077
[2024-10-11 04:07:01,968][flwr][INFO] - 		round 33: 123.17107272148132
[2024-10-11 04:07:01,968][flwr][INFO] - 		round 34: 107.09678429365158
[2024-10-11 04:07:01,968][flwr][INFO] - 		round 35: 114.243019759655
[2024-10-11 04:07:01,968][flwr][INFO] - 		round 36: 127.13527566194534
[2024-10-11 04:07:01,968][flwr][INFO] - 		round 37: 92.5609439611435
[2024-10-11 04:07:01,968][flwr][INFO] - 		round 38: 103.42742502689362
[2024-10-11 04:07:01,968][flwr][INFO] - 		round 39: 104.90541452169418
[2024-10-11 04:07:01,968][flwr][INFO] - 		round 40: 91.2694485783577
[2024-10-11 04:07:01,968][flwr][INFO] - 		round 41: 102.03558576107025
[2024-10-11 04:07:01,968][flwr][INFO] - 		round 42: 93.7881732583046
[2024-10-11 04:07:01,968][flwr][INFO] - 		round 43: 110.02084171772003
[2024-10-11 04:07:01,968][flwr][INFO] - 		round 44: 125.99590528011322
[2024-10-11 04:07:01,968][flwr][INFO] - 		round 45: 119.52665221691132
[2024-10-11 04:07:01,968][flwr][INFO] - 		round 46: 115.72166901826859
[2024-10-11 04:07:01,968][flwr][INFO] - 		round 47: 99.72812366485596
[2024-10-11 04:07:01,968][flwr][INFO] - 		round 48: 99.76578336954117
[2024-10-11 04:07:01,968][flwr][INFO] - 		round 49: 112.07154387235641
[2024-10-11 04:07:01,968][flwr][INFO] - 		round 50: 127.08896219730377
[2024-10-11 04:07:01,968][flwr][INFO] - 		round 51: 100.51574778556824
[2024-10-11 04:07:01,968][flwr][INFO] - 		round 52: 94.31413060426712
[2024-10-11 04:07:01,969][flwr][INFO] - 		round 53: 87.49050718545914
[2024-10-11 04:07:01,969][flwr][INFO] - 		round 54: 111.87166225910187
[2024-10-11 04:07:01,969][flwr][INFO] - 		round 55: 117.77052515745163
[2024-10-11 04:07:01,969][flwr][INFO] - 		round 56: 85.57634791731834
[2024-10-11 04:07:01,969][flwr][INFO] - 		round 57: 72.7266218662262
[2024-10-11 04:07:01,969][flwr][INFO] - 		round 58: 96.77299809455872
[2024-10-11 04:07:01,969][flwr][INFO] - 		round 59: 104.37766468524933
[2024-10-11 04:07:01,969][flwr][INFO] - 		round 60: 110.6183894276619
[2024-10-11 04:07:01,969][flwr][INFO] - 		round 61: 96.100077688694
[2024-10-11 04:07:01,969][flwr][INFO] - 		round 62: 131.05062472820282
[2024-10-11 04:07:01,969][flwr][INFO] - 		round 63: 106.09511178731918
[2024-10-11 04:07:01,969][flwr][INFO] - 		round 64: 106.4190701842308
[2024-10-11 04:07:01,969][flwr][INFO] - 		round 65: 104.36437427997589
[2024-10-11 04:07:01,969][flwr][INFO] - 		round 66: 79.43068730831146
[2024-10-11 04:07:01,969][flwr][INFO] - 		round 67: 93.41910642385483
[2024-10-11 04:07:01,969][flwr][INFO] - 		round 68: 84.6781833767891
[2024-10-11 04:07:01,969][flwr][INFO] - 		round 69: 86.57510805130005
[2024-10-11 04:07:01,969][flwr][INFO] - 		round 70: 75.91547021269798
[2024-10-11 04:07:01,969][flwr][INFO] - 		round 71: 135.49124348163605
[2024-10-11 04:07:01,969][flwr][INFO] - 		round 72: 106.53802067041397
[2024-10-11 04:07:01,969][flwr][INFO] - 		round 73: 93.15707874298096
[2024-10-11 04:07:01,970][flwr][INFO] - 		round 74: 98.55039674043655
[2024-10-11 04:07:01,970][flwr][INFO] - 		round 75: 110.67184975743294
[2024-10-11 04:07:01,970][flwr][INFO] - 		round 76: 87.97042536735535
[2024-10-11 04:07:01,970][flwr][INFO] - 		round 77: 117.21539008617401
[2024-10-11 04:07:01,970][flwr][INFO] - 		round 78: 93.65286183357239
[2024-10-11 04:07:01,970][flwr][INFO] - 		round 79: 79.1343500316143
[2024-10-11 04:07:01,970][flwr][INFO] - 		round 80: 124.61302262544632
[2024-10-11 04:07:01,970][flwr][INFO] - 		round 81: 92.34145826101303
[2024-10-11 04:07:01,970][flwr][INFO] - 		round 82: 98.09568440914154
[2024-10-11 04:07:01,970][flwr][INFO] - 		round 83: 122.14419364929199
[2024-10-11 04:07:01,970][flwr][INFO] - 		round 84: 97.04698497056961
[2024-10-11 04:07:01,970][flwr][INFO] - 		round 85: 79.62159326672554
[2024-10-11 04:07:01,970][flwr][INFO] - 		round 86: 104.87778437137604
[2024-10-11 04:07:01,970][flwr][INFO] - 		round 87: 102.63542997837067
[2024-10-11 04:07:01,970][flwr][INFO] - 		round 88: 115.93926578760147
[2024-10-11 04:07:01,970][flwr][INFO] - 		round 89: 95.70860797166824
[2024-10-11 04:07:01,970][flwr][INFO] - 		round 90: 109.43889445066452
[2024-10-11 04:07:01,970][flwr][INFO] - 		round 91: 122.16099447011948
[2024-10-11 04:07:01,970][flwr][INFO] - 		round 92: 72.57714006304741
[2024-10-11 04:07:01,970][flwr][INFO] - 		round 93: 81.88558486104012
[2024-10-11 04:07:01,970][flwr][INFO] - 		round 94: 80.4216856956482
[2024-10-11 04:07:01,970][flwr][INFO] - 		round 95: 100.8364486694336
[2024-10-11 04:07:01,971][flwr][INFO] - 		round 96: 67.66259506344795
[2024-10-11 04:07:01,971][flwr][INFO] - 		round 97: 58.41534000635147
[2024-10-11 04:07:01,971][flwr][INFO] - 		round 98: 61.37708359956741
[2024-10-11 04:07:01,971][flwr][INFO] - 		round 99: 74.98770198225975
[2024-10-11 04:07:01,971][flwr][INFO] - 		round 100: 117.14621722698212
[2024-10-11 04:07:01,971][flwr][INFO] - 	History (metrics, distributed, evaluate):
[2024-10-11 04:07:01,971][flwr][INFO] - 	{'accuracy': [(1, 0.10377358490566038),
[2024-10-11 04:07:01,971][flwr][INFO] - 	              (2, 0.02127659574468085),
[2024-10-11 04:07:01,971][flwr][INFO] - 	              (3, 0.109375),
[2024-10-11 04:07:01,971][flwr][INFO] - 	              (4, 0.03571428571428571),
[2024-10-11 04:07:01,971][flwr][INFO] - 	              (5, 0.5),
[2024-10-11 04:07:01,971][flwr][INFO] - 	              (6, 0.41509433962264153),
[2024-10-11 04:07:01,971][flwr][INFO] - 	              (7, 0.08695652173913043),
[2024-10-11 04:07:01,971][flwr][INFO] - 	              (8, 0.58),
[2024-10-11 04:07:01,971][flwr][INFO] - 	              (9, 0.5238095238095238),
[2024-10-11 04:07:01,971][flwr][INFO] - 	              (10, 0.352112676056338),
[2024-10-11 04:07:01,971][flwr][INFO] - 	              (11, 0.23655913978494625),
[2024-10-11 04:07:01,971][flwr][INFO] - 	              (12, 0.15789473684210525),
[2024-10-11 04:07:01,971][flwr][INFO] - 	              (13, 0.13559322033898305),
[2024-10-11 04:07:01,971][flwr][INFO] - 	              (14, 0.4594594594594595),
[2024-10-11 04:07:01,971][flwr][INFO] - 	              (15, 0.75),
[2024-10-11 04:07:01,971][flwr][INFO] - 	              (16, 0.5081967213114754),
[2024-10-11 04:07:01,971][flwr][INFO] - 	              (17, 0.6666666666666666),
[2024-10-11 04:07:01,972][flwr][INFO] - 	              (18, 0.5),
[2024-10-11 04:07:01,972][flwr][INFO] - 	              (19, 0.640625),
[2024-10-11 04:07:01,972][flwr][INFO] - 	              (20, 0.6875),
[2024-10-11 04:07:01,972][flwr][INFO] - 	              (21, 0.6285714285714286),
[2024-10-11 04:07:01,972][flwr][INFO] - 	              (22, 0.7692307692307693),
[2024-10-11 04:07:01,972][flwr][INFO] - 	              (23, 0.5616438356164384),
[2024-10-11 04:07:01,972][flwr][INFO] - 	              (24, 0.6),
[2024-10-11 04:07:01,972][flwr][INFO] - 	              (25, 0.625),
[2024-10-11 04:07:01,972][flwr][INFO] - 	              (26, 0.5740740740740742),
[2024-10-11 04:07:01,972][flwr][INFO] - 	              (27, 0.6352941176470588),
[2024-10-11 04:07:01,972][flwr][INFO] - 	              (28, 0.5421686746987951),
[2024-10-11 04:07:01,972][flwr][INFO] - 	              (29, 0.3),
[2024-10-11 04:07:01,972][flwr][INFO] - 	              (30, 0.2698412698412698),
[2024-10-11 04:07:01,972][flwr][INFO] - 	              (31, 0.8703703703703703),
[2024-10-11 04:07:01,972][flwr][INFO] - 	              (32, 0.8),
[2024-10-11 04:07:01,972][flwr][INFO] - 	              (33, 0.7647058823529411),
[2024-10-11 04:07:01,972][flwr][INFO] - 	              (34, 0.8055555555555556),
[2024-10-11 04:07:01,972][flwr][INFO] - 	              (35, 0.7317073170731707),
[2024-10-11 04:07:01,972][flwr][INFO] - 	              (36, 0.7021276595744681),
[2024-10-11 04:07:01,972][flwr][INFO] - 	              (37, 0.8108108108108109),
[2024-10-11 04:07:01,972][flwr][INFO] - 	              (38, 0.88),
[2024-10-11 04:07:01,972][flwr][INFO] - 	              (39, 0.625),
[2024-10-11 04:07:01,973][flwr][INFO] - 	              (40, 0.9310344827586207),
[2024-10-11 04:07:01,973][flwr][INFO] - 	              (41, 0.8833333333333333),
[2024-10-11 04:07:01,973][flwr][INFO] - 	              (42, 0.7692307692307693),
[2024-10-11 04:07:01,973][flwr][INFO] - 	              (43, 0.8253968253968254),
[2024-10-11 04:07:01,973][flwr][INFO] - 	              (44, 0.5833333333333334),
[2024-10-11 04:07:01,973][flwr][INFO] - 	              (45, 0.6349206349206349),
[2024-10-11 04:07:01,973][flwr][INFO] - 	              (46, 0.4444444444444444),
[2024-10-11 04:07:01,973][flwr][INFO] - 	              (47, 0.9142857142857143),
[2024-10-11 04:07:01,973][flwr][INFO] - 	              (48, 0.5245901639344263),
[2024-10-11 04:07:01,973][flwr][INFO] - 	              (49, 0.7948717948717948),
[2024-10-11 04:07:01,973][flwr][INFO] - 	              (50, 0.828125),
[2024-10-11 04:07:01,973][flwr][INFO] - 	              (51, 0.14),
[2024-10-11 04:07:01,973][flwr][INFO] - 	              (52, 0.7741935483870968),
[2024-10-11 04:07:01,973][flwr][INFO] - 	              (53, 0.66),
[2024-10-11 04:07:01,973][flwr][INFO] - 	              (54, 0.7619047619047619),
[2024-10-11 04:07:01,973][flwr][INFO] - 	              (55, 0.9642857142857143),
[2024-10-11 04:07:01,973][flwr][INFO] - 	              (56, 0.7727272727272727),
[2024-10-11 04:07:01,973][flwr][INFO] - 	              (57, 0.8028169014084507),
[2024-10-11 04:07:01,973][flwr][INFO] - 	              (58, 0.647887323943662),
[2024-10-11 04:07:01,973][flwr][INFO] - 	              (59, 0.6896551724137931),
[2024-10-11 04:07:01,973][flwr][INFO] - 	              (60, 0.6086956521739131),
[2024-10-11 04:07:01,973][flwr][INFO] - 	              (61, 0.7884615384615384),
[2024-10-11 04:07:01,974][flwr][INFO] - 	              (62, 0.7692307692307693),
[2024-10-11 04:07:01,974][flwr][INFO] - 	              (63, 0.8076923076923077),
[2024-10-11 04:07:01,974][flwr][INFO] - 	              (64, 0.6444444444444445),
[2024-10-11 04:07:01,974][flwr][INFO] - 	              (65, 0.7),
[2024-10-11 04:07:01,974][flwr][INFO] - 	              (66, 0.9347826086956522),
[2024-10-11 04:07:01,974][flwr][INFO] - 	              (67, 0.7446808510638298),
[2024-10-11 04:07:01,974][flwr][INFO] - 	              (68, 0.8181818181818182),
[2024-10-11 04:07:01,974][flwr][INFO] - 	              (69, 0.6931818181818182),
[2024-10-11 04:07:01,974][flwr][INFO] - 	              (70, 0.65),
[2024-10-11 04:07:01,974][flwr][INFO] - 	              (71, 0.391304347826087),
[2024-10-11 04:07:01,974][flwr][INFO] - 	              (72, 0.6857142857142857),
[2024-10-11 04:07:01,974][flwr][INFO] - 	              (73, 0.8666666666666667),
[2024-10-11 04:07:01,974][flwr][INFO] - 	              (74, 0.7073170731707317),
[2024-10-11 04:07:01,974][flwr][INFO] - 	              (75, 0.5),
[2024-10-11 04:07:01,974][flwr][INFO] - 	              (76, 0.9),
[2024-10-11 04:07:01,974][flwr][INFO] - 	              (77, 0.7011494252873564),
[2024-10-11 04:07:01,974][flwr][INFO] - 	              (78, 0.926829268292683),
[2024-10-11 04:07:01,974][flwr][INFO] - 	              (79, 0.85),
[2024-10-11 04:07:01,974][flwr][INFO] - 	              (80, 0.8421052631578947),
[2024-10-11 04:07:01,974][flwr][INFO] - 	              (81, 0.8095238095238095),
[2024-10-11 04:07:01,974][flwr][INFO] - 	              (82, 0.875),
[2024-10-11 04:07:01,974][flwr][INFO] - 	              (83, 0.803921568627451),
[2024-10-11 04:07:01,975][flwr][INFO] - 	              (84, 0.8529411764705882),
[2024-10-11 04:07:01,975][flwr][INFO] - 	              (85, 0.9019607843137255),
[2024-10-11 04:07:01,975][flwr][INFO] - 	              (86, 0.7058823529411765),
[2024-10-11 04:07:01,975][flwr][INFO] - 	              (87, 0.9183673469387755),
[2024-10-11 04:07:01,975][flwr][INFO] - 	              (88, 0.711340206185567),
[2024-10-11 04:07:01,975][flwr][INFO] - 	              (89, 0.75),
[2024-10-11 04:07:01,975][flwr][INFO] - 	              (90, 0.8666666666666667),
[2024-10-11 04:07:01,975][flwr][INFO] - 	              (91, 0.696969696969697),
[2024-10-11 04:07:01,975][flwr][INFO] - 	              (92, 0.8918918918918919),
[2024-10-11 04:07:01,975][flwr][INFO] - 	              (93, 0.8695652173913043),
[2024-10-11 04:07:01,975][flwr][INFO] - 	              (94, 0.4430379746835443),
[2024-10-11 04:07:01,975][flwr][INFO] - 	              (95, 0.6732673267326733),
[2024-10-11 04:07:01,975][flwr][INFO] - 	              (96, 0.7631578947368421),
[2024-10-11 04:07:01,975][flwr][INFO] - 	              (97, 0.6129032258064516),
[2024-10-11 04:07:01,975][flwr][INFO] - 	              (98, 0.7428571428571429),
[2024-10-11 04:07:01,975][flwr][INFO] - 	              (99, 0.8734177215189873),
[2024-10-11 04:07:01,975][flwr][INFO] - 	              (100, 0.625)]}
[2024-10-11 04:07:01,975][flwr][INFO] - 	History (metrics, centralized):
[2024-10-11 04:07:01,975][flwr][INFO] - 	{'accuracy': [(0, 0.10084770534931306),
[2024-10-11 04:07:01,975][flwr][INFO] - 	              (1, 0.18211049400760013),
[2024-10-11 04:07:01,975][flwr][INFO] - 	              (2, 0.19526454253142356),
[2024-10-11 04:07:01,975][flwr][INFO] - 	              (3, 0.10727857351651564),
[2024-10-11 04:07:01,976][flwr][INFO] - 	              (4, 0.20841859105524702),
[2024-10-11 04:07:01,976][flwr][INFO] - 	              (5, 0.31335866705641624),
[2024-10-11 04:07:01,976][flwr][INFO] - 	              (6, 0.2993276819643379),
[2024-10-11 04:07:01,976][flwr][INFO] - 	              (7, 0.35486699795381466),
[2024-10-11 04:07:01,976][flwr][INFO] - 	              (8, 0.3683133586670564),
[2024-10-11 04:07:01,976][flwr][INFO] - 	              (9, 0.3726980415083309),
[2024-10-11 04:07:01,976][flwr][INFO] - 	              (10, 0.3247588424437299),
[2024-10-11 04:07:01,976][flwr][INFO] - 	              (11, 0.41069862613270974),
[2024-10-11 04:07:01,976][flwr][INFO] - 	              (12, 0.42765273311897106),
[2024-10-11 04:07:01,976][flwr][INFO] - 	              (13, 0.4688687518269512),
[2024-10-11 04:07:01,976][flwr][INFO] - 	              (14, 0.5819935691318328),
[2024-10-11 04:07:01,976][flwr][INFO] - 	              (15, 0.5317158725518855),
[2024-10-11 04:07:01,976][flwr][INFO] - 	              (16, 0.5603624671148787),
[2024-10-11 04:07:01,976][flwr][INFO] - 	              (17, 0.5901783104355451),
[2024-10-11 04:07:01,976][flwr][INFO] - 	              (18, 0.5349313066354867),
[2024-10-11 04:07:01,976][flwr][INFO] - 	              (19, 0.6778719672610348),
[2024-10-11 04:07:01,976][flwr][INFO] - 	              (20, 0.6097632271265712),
[2024-10-11 04:07:01,976][flwr][INFO] - 	              (21, 0.6080093539900614),
[2024-10-11 04:07:01,976][flwr][INFO] - 	              (22, 0.5536392867582578),
[2024-10-11 04:07:01,976][flwr][INFO] - 	              (23, 0.6670564162525577),
[2024-10-11 04:07:01,976][flwr][INFO] - 	              (24, 0.49868459514761765),
[2024-10-11 04:07:01,976][flwr][INFO] - 	              (25, 0.6197018415667933),
[2024-10-11 04:07:01,977][flwr][INFO] - 	              (26, 0.6004092370651856),
[2024-10-11 04:07:01,977][flwr][INFO] - 	              (27, 0.6530254311604794),
[2024-10-11 04:07:01,977][flwr][INFO] - 	              (28, 0.5328851213095586),
[2024-10-11 04:07:01,977][flwr][INFO] - 	              (29, 0.6021631102016954),
[2024-10-11 04:07:01,977][flwr][INFO] - 	              (30, 0.4636071324174218),
[2024-10-11 04:07:01,977][flwr][INFO] - 	              (31, 0.6734872844197604),
[2024-10-11 04:07:01,977][flwr][INFO] - 	              (32, 0.6737795966091786),
[2024-10-11 04:07:01,977][flwr][INFO] - 	              (33, 0.6691026015784858),
[2024-10-11 04:07:01,977][flwr][INFO] - 	              (34, 0.6883952060800935),
[2024-10-11 04:07:01,977][flwr][INFO] - 	              (35, 0.7263957907044724),
[2024-10-11 04:07:01,977][flwr][INFO] - 	              (36, 0.6524408067816428),
[2024-10-11 04:07:01,977][flwr][INFO] - 	              (37, 0.7991815258696288),
[2024-10-11 04:07:01,977][flwr][INFO] - 	              (38, 0.7275650394621456),
[2024-10-11 04:07:01,977][flwr][INFO] - 	              (39, 0.6854720841859105),
[2024-10-11 04:07:01,977][flwr][INFO] - 	              (40, 0.7673194972230342),
[2024-10-11 04:07:01,977][flwr][INFO] - 	              (41, 0.6635486699795381),
[2024-10-11 04:07:01,977][flwr][INFO] - 	              (42, 0.7687810581701257),
[2024-10-11 04:07:01,977][flwr][INFO] - 	              (43, 0.7366267173341128),
[2024-10-11 04:07:01,977][flwr][INFO] - 	              (44, 0.7018415667933353),
[2024-10-11 04:07:01,977][flwr][INFO] - 	              (45, 0.6521484945922245),
[2024-10-11 04:07:01,977][flwr][INFO] - 	              (46, 0.6948260742472961),
[2024-10-11 04:07:01,977][flwr][INFO] - 	              (47, 0.7646886875182695),
[2024-10-11 04:07:01,978][flwr][INFO] - 	              (48, 0.7193802981584332),
[2024-10-11 04:07:01,978][flwr][INFO] - 	              (49, 0.7109032446653025),
[2024-10-11 04:07:01,978][flwr][INFO] - 	              (50, 0.6299327681964338),
[2024-10-11 04:07:01,978][flwr][INFO] - 	              (51, 0.740719087985969),
[2024-10-11 04:07:01,978][flwr][INFO] - 	              (52, 0.7027185033615901),
[2024-10-11 04:07:01,978][flwr][INFO] - 	              (53, 0.7456883952060801),
[2024-10-11 04:07:01,978][flwr][INFO] - 	              (54, 0.7076878105817013),
[2024-10-11 04:07:01,978][flwr][INFO] - 	              (55, 0.6483484361297867),
[2024-10-11 04:07:01,978][flwr][INFO] - 	              (56, 0.7088570593393745),
[2024-10-11 04:07:01,978][flwr][INFO] - 	              (57, 0.7921660333235896),
[2024-10-11 04:07:01,978][flwr][INFO] - 	              (58, 0.7480268927214265),
[2024-10-11 04:07:01,978][flwr][INFO] - 	              (59, 0.7576731949722303),
[2024-10-11 04:07:01,978][flwr][INFO] - 	              (60, 0.7521192633732827),
[2024-10-11 04:07:01,978][flwr][INFO] - 	              (61, 0.763227126571178),
[2024-10-11 04:07:01,978][flwr][INFO] - 	              (62, 0.684887459807074),
[2024-10-11 04:07:01,978][flwr][INFO] - 	              (63, 0.7003800058462438),
[2024-10-11 04:07:01,978][flwr][INFO] - 	              (64, 0.6883952060800935),
[2024-10-11 04:07:01,978][flwr][INFO] - 	              (65, 0.7290266004092371),
[2024-10-11 04:07:01,978][flwr][INFO] - 	              (66, 0.7790119847997662),
[2024-10-11 04:07:01,978][flwr][INFO] - 	              (67, 0.7851505407775504),
[2024-10-11 04:07:01,978][flwr][INFO] - 	              (68, 0.7699503069277989),
[2024-10-11 04:07:01,978][flwr][INFO] - 	              (69, 0.7228880444314528),
[2024-10-11 04:07:01,978][flwr][INFO] - 	              (70, 0.8085355159310144),
[2024-10-11 04:07:01,978][flwr][INFO] - 	              (71, 0.608593978368898),
[2024-10-11 04:07:01,979][flwr][INFO] - 	              (72, 0.6875182695118387),
[2024-10-11 04:07:01,979][flwr][INFO] - 	              (73, 0.7579655071616487),
[2024-10-11 04:07:01,979][flwr][INFO] - 	              (74, 0.7448114586378252),
[2024-10-11 04:07:01,979][flwr][INFO] - 	              (75, 0.6392867582578193),
[2024-10-11 04:07:01,979][flwr][INFO] - 	              (76, 0.8012277111955568),
[2024-10-11 04:07:01,979][flwr][INFO] - 	              (77, 0.7050570008769366),
[2024-10-11 04:07:01,979][flwr][INFO] - 	              (78, 0.7509500146156095),
[2024-10-11 04:07:01,979][flwr][INFO] - 	              (79, 0.7854428529669687),
[2024-10-11 04:07:01,979][flwr][INFO] - 	              (80, 0.7202572347266881),
[2024-10-11 04:07:01,979][flwr][INFO] - 	              (81, 0.7693656825489623),
[2024-10-11 04:07:01,979][flwr][INFO] - 	              (82, 0.7676118094124526),
[2024-10-11 04:07:01,979][flwr][INFO] - 	              (83, 0.6834258988599825),
[2024-10-11 04:07:01,979][flwr][INFO] - 	              (84, 0.7304881613563285),
[2024-10-11 04:07:01,979][flwr][INFO] - 	              (85, 0.7977199649225373),
[2024-10-11 04:07:01,979][flwr][INFO] - 	              (86, 0.6556562408652441),
[2024-10-11 04:07:01,979][flwr][INFO] - 	              (87, 0.7261034785150541),
[2024-10-11 04:07:01,979][flwr][INFO] - 	              (88, 0.7050570008769366),
[2024-10-11 04:07:01,979][flwr][INFO] - 	              (89, 0.7939199064600994),
[2024-10-11 04:07:01,979][flwr][INFO] - 	              (90, 0.6845951476176556),
[2024-10-11 04:07:01,979][flwr][INFO] - 	              (91, 0.7249342297573809),
[2024-10-11 04:07:01,979][flwr][INFO] - 	              (92, 0.7942122186495176),
[2024-10-11 04:07:01,979][flwr][INFO] - 	              (93, 0.7451037708272436),
[2024-10-11 04:07:01,979][flwr][INFO] - 	              (94, 0.7901198479976616),
[2024-10-11 04:07:01,980][flwr][INFO] - 	              (95, 0.7562116340251388),
[2024-10-11 04:07:01,980][flwr][INFO] - 	              (96, 0.7877813504823151),
[2024-10-11 04:07:01,980][flwr][INFO] - 	              (97, 0.8322128032738966),
[2024-10-11 04:07:01,980][flwr][INFO] - 	              (98, 0.8164279450453084),
[2024-10-11 04:07:01,980][flwr][INFO] - 	              (99, 0.7717041800643086),
[2024-10-11 04:07:01,980][flwr][INFO] - 	              (100, 0.7003800058462438)]}
[2024-10-11 04:07:01,980][flwr][INFO] - 
