[2024-10-02 23:58:12,604][flwr][INFO] - Starting Flower simulation, config: num_rounds=100, no round_timeout
[2024-10-02 23:58:16,014][flwr][INFO] - Flower VCE: Ray initialized with resources: {'memory': 151375116493.0, 'GPU': 5.0, 'accelerator_type:G': 1.0, 'CPU': 256.0, 'node:115.145.172.224': 1.0, 'object_store_memory': 69160764211.0, 'node:__internal_head__': 1.0}
[2024-10-02 23:58:16,014][flwr][INFO] - Optimize your simulation with Flower VCE: https://flower.ai/docs/framework/how-to-run-simulations.html
[2024-10-02 23:58:16,014][flwr][INFO] - Flower VCE: Resources for each Virtual Client: {'num_cpus': 64, 'num_gpus': 0.125}
[2024-10-02 23:58:16,032][flwr][INFO] - Flower VCE: Creating VirtualClientEngineActorPool with 4 actors
[2024-10-02 23:58:16,032][flwr][INFO] - [INIT]
[2024-10-02 23:58:16,032][flwr][INFO] - Requesting initial parameters from one random client
[2024-10-02 23:58:21,782][flwr][INFO] - Received initial parameters from one random client
[2024-10-02 23:58:21,783][flwr][INFO] - Evaluating initial global parameters
[2024-10-02 23:58:43,133][flwr][INFO] - initial parameters (loss, other metrics): 506.09852862358093, {'accuracy': 0.06364902506963788}
[2024-10-02 23:58:43,133][flwr][INFO] - 
[2024-10-02 23:58:43,133][flwr][INFO] - [ROUND 1]
[2024-10-02 23:58:43,134][flwr][INFO] - configure_fit: strategy sampled 5 clients (out of 50)
[2024-10-02 23:59:44,089][flwr][INFO] - aggregate_fit: received 5 results and 0 failures
[2024-10-02 23:59:44,889][flwr][WARNING] - No fit_metrics_aggregation_fn provided
[2024-10-03 00:00:04,197][flwr][INFO] - fit progress: (1, 392.3319648504257, {'accuracy': 0.5115598885793872}, 81.06326091475785)
[2024-10-03 00:00:04,198][flwr][INFO] - configure_evaluate: strategy sampled 2 clients (out of 50)
[2024-10-03 00:00:06,713][flwr][INFO] - aggregate_evaluate: received 2 results and 0 failures
[2024-10-03 00:00:06,713][flwr][INFO] - 
[2024-10-03 00:00:06,713][flwr][INFO] - [ROUND 2]
[2024-10-03 00:00:06,714][flwr][INFO] - configure_fit: strategy sampled 5 clients (out of 50)
[2024-10-03 00:01:19,931][flwr][INFO] - aggregate_fit: received 5 results and 0 failures
[2024-10-03 00:01:38,605][flwr][INFO] - fit progress: (2, 306.0198093056679, {'accuracy': 0.6030640668523677}, 175.47144380770624)
[2024-10-03 00:01:38,605][flwr][INFO] - configure_evaluate: strategy sampled 2 clients (out of 50)
[2024-10-03 00:01:40,701][flwr][INFO] - aggregate_evaluate: received 2 results and 0 failures
[2024-10-03 00:01:40,701][flwr][INFO] - 
[2024-10-03 00:01:40,701][flwr][INFO] - [ROUND 3]
[2024-10-03 00:01:40,702][flwr][INFO] - configure_fit: strategy sampled 5 clients (out of 50)
[2024-10-03 00:02:30,389][flwr][INFO] - aggregate_fit: received 5 results and 0 failures
[2024-10-03 00:02:50,428][flwr][INFO] - fit progress: (3, 284.72915583848953, {'accuracy': 0.5823119777158774}, 247.29488353990018)
[2024-10-03 00:02:50,429][flwr][INFO] - configure_evaluate: strategy sampled 2 clients (out of 50)
[2024-10-03 00:02:52,807][flwr][INFO] - aggregate_evaluate: received 2 results and 0 failures
[2024-10-03 00:02:52,807][flwr][INFO] - 
[2024-10-03 00:02:52,807][flwr][INFO] - [ROUND 4]
[2024-10-03 00:02:52,807][flwr][INFO] - configure_fit: strategy sampled 5 clients (out of 50)
[2024-10-03 00:04:09,997][flwr][INFO] - aggregate_fit: received 5 results and 0 failures
[2024-10-03 00:04:29,854][flwr][INFO] - fit progress: (4, 255.95333182811737, {'accuracy': 0.6252089136490251}, 346.72061063256115)
[2024-10-03 00:04:29,855][flwr][INFO] - configure_evaluate: strategy sampled 2 clients (out of 50)
[2024-10-03 00:04:33,216][flwr][INFO] - aggregate_evaluate: received 2 results and 0 failures
[2024-10-03 00:04:33,217][flwr][INFO] - 
[2024-10-03 00:04:33,217][flwr][INFO] - [ROUND 5]
[2024-10-03 00:04:33,217][flwr][INFO] - configure_fit: strategy sampled 5 clients (out of 50)
[2024-10-03 00:05:59,956][flwr][INFO] - aggregate_fit: received 5 results and 0 failures
[2024-10-03 00:06:20,813][flwr][INFO] - fit progress: (5, 191.38704451918602, {'accuracy': 0.7353760445682451}, 457.6792875267565)
[2024-10-03 00:06:20,814][flwr][INFO] - configure_evaluate: strategy sampled 2 clients (out of 50)
[2024-10-03 00:06:22,845][flwr][INFO] - aggregate_evaluate: received 2 results and 0 failures
[2024-10-03 00:06:22,846][flwr][INFO] - 
[2024-10-03 00:06:22,846][flwr][INFO] - [ROUND 6]
[2024-10-03 00:06:22,846][flwr][INFO] - configure_fit: strategy sampled 5 clients (out of 50)
[2024-10-03 00:08:09,187][flwr][INFO] - aggregate_fit: received 5 results and 0 failures
[2024-10-03 00:08:29,641][flwr][INFO] - fit progress: (6, 155.69229033589363, {'accuracy': 0.7784122562674095}, 586.5072013521567)
[2024-10-03 00:08:29,641][flwr][INFO] - configure_evaluate: strategy sampled 2 clients (out of 50)
[2024-10-03 00:08:31,877][flwr][INFO] - aggregate_evaluate: received 2 results and 0 failures
[2024-10-03 00:08:31,878][flwr][INFO] - 
[2024-10-03 00:08:31,878][flwr][INFO] - [ROUND 7]
[2024-10-03 00:08:31,878][flwr][INFO] - configure_fit: strategy sampled 5 clients (out of 50)
[2024-10-03 00:10:16,552][flwr][INFO] - aggregate_fit: received 5 results and 0 failures
[2024-10-03 00:10:36,125][flwr][INFO] - fit progress: (7, 134.03844211995602, {'accuracy': 0.7956824512534819}, 712.9918440952897)
[2024-10-03 00:10:36,126][flwr][INFO] - configure_evaluate: strategy sampled 2 clients (out of 50)
[2024-10-03 00:10:38,645][flwr][INFO] - aggregate_evaluate: received 2 results and 0 failures
[2024-10-03 00:10:38,645][flwr][INFO] - 
[2024-10-03 00:10:38,646][flwr][INFO] - [ROUND 8]
[2024-10-03 00:10:38,646][flwr][INFO] - configure_fit: strategy sampled 5 clients (out of 50)
[2024-10-03 00:11:49,805][flwr][INFO] - aggregate_fit: received 5 results and 0 failures
[2024-10-03 00:12:09,937][flwr][INFO] - fit progress: (8, 138.75614908337593, {'accuracy': 0.7919220055710307}, 806.8037659507245)
[2024-10-03 00:12:09,938][flwr][INFO] - configure_evaluate: strategy sampled 2 clients (out of 50)
[2024-10-03 00:12:12,601][flwr][INFO] - aggregate_evaluate: received 2 results and 0 failures
[2024-10-03 00:12:12,601][flwr][INFO] - 
[2024-10-03 00:12:12,601][flwr][INFO] - [ROUND 9]
[2024-10-03 00:12:12,601][flwr][INFO] - configure_fit: strategy sampled 5 clients (out of 50)
[2024-10-03 00:13:24,703][flwr][INFO] - aggregate_fit: received 5 results and 0 failures
[2024-10-03 00:13:45,240][flwr][INFO] - fit progress: (9, 166.42592871189117, {'accuracy': 0.7536211699164346}, 902.1063928538933)
[2024-10-03 00:13:45,240][flwr][INFO] - configure_evaluate: strategy sampled 2 clients (out of 50)
[2024-10-03 00:13:47,481][flwr][INFO] - aggregate_evaluate: received 2 results and 0 failures
[2024-10-03 00:13:47,482][flwr][INFO] - 
[2024-10-03 00:13:47,482][flwr][INFO] - [ROUND 10]
[2024-10-03 00:13:47,482][flwr][INFO] - configure_fit: strategy sampled 5 clients (out of 50)
[2024-10-03 00:15:29,285][flwr][INFO] - aggregate_fit: received 5 results and 0 failures
[2024-10-03 00:15:48,916][flwr][INFO] - fit progress: (10, 128.3930897861719, {'accuracy': 0.8018105849582172}, 1025.7824119394645)
[2024-10-03 00:15:48,917][flwr][INFO] - configure_evaluate: strategy sampled 2 clients (out of 50)
[2024-10-03 00:15:50,788][flwr][INFO] - aggregate_evaluate: received 2 results and 0 failures
[2024-10-03 00:15:50,788][flwr][INFO] - 
[2024-10-03 00:15:50,788][flwr][INFO] - [ROUND 11]
[2024-10-03 00:15:50,788][flwr][INFO] - configure_fit: strategy sampled 5 clients (out of 50)
[2024-10-03 00:17:31,396][flwr][INFO] - aggregate_fit: received 5 results and 0 failures
[2024-10-03 00:17:51,113][flwr][INFO] - fit progress: (11, 126.72099477052689, {'accuracy': 0.8080779944289693}, 1147.979604324326)
[2024-10-03 00:17:51,114][flwr][INFO] - configure_evaluate: strategy sampled 2 clients (out of 50)
[2024-10-03 00:17:53,590][flwr][INFO] - aggregate_evaluate: received 2 results and 0 failures
[2024-10-03 00:17:53,591][flwr][INFO] - 
[2024-10-03 00:17:53,591][flwr][INFO] - [ROUND 12]
[2024-10-03 00:17:53,592][flwr][INFO] - configure_fit: strategy sampled 5 clients (out of 50)
[2024-10-03 00:18:43,374][flwr][INFO] - aggregate_fit: received 5 results and 0 failures
[2024-10-03 00:19:02,479][flwr][INFO] - fit progress: (12, 116.2207198292017, {'accuracy': 0.8277158774373259}, 1219.345491508022)
[2024-10-03 00:19:02,480][flwr][INFO] - configure_evaluate: strategy sampled 2 clients (out of 50)
[2024-10-03 00:19:04,585][flwr][INFO] - aggregate_evaluate: received 2 results and 0 failures
[2024-10-03 00:19:04,585][flwr][INFO] - 
[2024-10-03 00:19:04,586][flwr][INFO] - [ROUND 13]
[2024-10-03 00:19:04,586][flwr][INFO] - configure_fit: strategy sampled 5 clients (out of 50)
[2024-10-03 00:20:04,439][flwr][INFO] - aggregate_fit: received 5 results and 0 failures
[2024-10-03 00:20:24,616][flwr][INFO] - fit progress: (13, 126.30754664540291, {'accuracy': 0.8176880222841225}, 1301.4829086763784)
[2024-10-03 00:20:24,617][flwr][INFO] - configure_evaluate: strategy sampled 2 clients (out of 50)
[2024-10-03 00:20:26,902][flwr][INFO] - aggregate_evaluate: received 2 results and 0 failures
[2024-10-03 00:20:26,903][flwr][INFO] - 
[2024-10-03 00:20:26,903][flwr][INFO] - [ROUND 14]
[2024-10-03 00:20:26,903][flwr][INFO] - configure_fit: strategy sampled 5 clients (out of 50)
[2024-10-03 00:22:25,853][flwr][INFO] - aggregate_fit: received 5 results and 0 failures
[2024-10-03 00:22:46,034][flwr][INFO] - fit progress: (14, 119.73210267722607, {'accuracy': 0.8224233983286908}, 1442.9008576255292)
[2024-10-03 00:22:46,035][flwr][INFO] - configure_evaluate: strategy sampled 2 clients (out of 50)
[2024-10-03 00:22:48,146][flwr][INFO] - aggregate_evaluate: received 2 results and 0 failures
[2024-10-03 00:22:48,147][flwr][INFO] - 
[2024-10-03 00:22:48,147][flwr][INFO] - [ROUND 15]
[2024-10-03 00:22:48,147][flwr][INFO] - configure_fit: strategy sampled 5 clients (out of 50)
[2024-10-03 00:24:50,799][flwr][INFO] - aggregate_fit: received 5 results and 0 failures
[2024-10-03 00:25:11,037][flwr][INFO] - fit progress: (15, 131.37745341658592, {'accuracy': 0.811142061281337}, 1587.9032789357007)
[2024-10-03 00:25:11,038][flwr][INFO] - configure_evaluate: strategy sampled 2 clients (out of 50)
[2024-10-03 00:25:13,235][flwr][INFO] - aggregate_evaluate: received 2 results and 0 failures
[2024-10-03 00:25:13,235][flwr][INFO] - 
[2024-10-03 00:25:13,235][flwr][INFO] - [ROUND 16]
[2024-10-03 00:25:13,236][flwr][INFO] - configure_fit: strategy sampled 5 clients (out of 50)
[2024-10-03 00:26:19,749][flwr][INFO] - aggregate_fit: received 5 results and 0 failures
[2024-10-03 00:26:40,092][flwr][INFO] - fit progress: (16, 110.61937525868416, {'accuracy': 0.8263231197771588}, 1676.958739746362)
[2024-10-03 00:26:40,093][flwr][INFO] - configure_evaluate: strategy sampled 2 clients (out of 50)
[2024-10-03 00:26:42,179][flwr][INFO] - aggregate_evaluate: received 2 results and 0 failures
[2024-10-03 00:26:42,179][flwr][INFO] - 
[2024-10-03 00:26:42,180][flwr][INFO] - [ROUND 17]
[2024-10-03 00:26:42,180][flwr][INFO] - configure_fit: strategy sampled 5 clients (out of 50)
[2024-10-03 00:28:43,539][flwr][INFO] - aggregate_fit: received 5 results and 0 failures
[2024-10-03 00:29:02,582][flwr][INFO] - fit progress: (17, 112.57270891964436, {'accuracy': 0.8316155988857938}, 1819.4486468667164)
[2024-10-03 00:29:02,583][flwr][INFO] - configure_evaluate: strategy sampled 2 clients (out of 50)
[2024-10-03 00:29:04,579][flwr][INFO] - aggregate_evaluate: received 2 results and 0 failures
[2024-10-03 00:29:04,579][flwr][INFO] - 
[2024-10-03 00:29:04,579][flwr][INFO] - [ROUND 18]
[2024-10-03 00:29:04,579][flwr][INFO] - configure_fit: strategy sampled 5 clients (out of 50)
[2024-10-03 00:30:15,421][flwr][INFO] - aggregate_fit: received 5 results and 0 failures
[2024-10-03 00:30:35,759][flwr][INFO] - fit progress: (18, 107.48810940980911, {'accuracy': 0.8350974930362117}, 1912.6258298521861)
[2024-10-03 00:30:35,761][flwr][INFO] - configure_evaluate: strategy sampled 2 clients (out of 50)
[2024-10-03 00:30:38,494][flwr][INFO] - aggregate_evaluate: received 2 results and 0 failures
[2024-10-03 00:30:38,494][flwr][INFO] - 
[2024-10-03 00:30:38,494][flwr][INFO] - [ROUND 19]
[2024-10-03 00:30:38,494][flwr][INFO] - configure_fit: strategy sampled 5 clients (out of 50)
[2024-10-03 00:31:49,385][flwr][INFO] - aggregate_fit: received 5 results and 0 failures
[2024-10-03 00:32:09,102][flwr][INFO] - fit progress: (19, 112.23016853630543, {'accuracy': 0.8305013927576602}, 2005.9686872093007)
[2024-10-03 00:32:09,104][flwr][INFO] - configure_evaluate: strategy sampled 2 clients (out of 50)
[2024-10-03 00:32:11,727][flwr][INFO] - aggregate_evaluate: received 2 results and 0 failures
[2024-10-03 00:32:11,727][flwr][INFO] - 
[2024-10-03 00:32:11,727][flwr][INFO] - [ROUND 20]
[2024-10-03 00:32:11,727][flwr][INFO] - configure_fit: strategy sampled 5 clients (out of 50)
[2024-10-03 00:33:45,307][flwr][INFO] - aggregate_fit: received 5 results and 0 failures
[2024-10-03 00:34:05,130][flwr][INFO] - fit progress: (20, 118.34012159705162, {'accuracy': 0.8188022284122562}, 2121.996241540648)
[2024-10-03 00:34:05,130][flwr][INFO] - configure_evaluate: strategy sampled 2 clients (out of 50)
[2024-10-03 00:34:07,809][flwr][INFO] - aggregate_evaluate: received 2 results and 0 failures
[2024-10-03 00:34:07,809][flwr][INFO] - 
[2024-10-03 00:34:07,809][flwr][INFO] - [ROUND 21]
[2024-10-03 00:34:07,809][flwr][INFO] - configure_fit: strategy sampled 5 clients (out of 50)
[2024-10-03 00:35:35,006][flwr][INFO] - aggregate_fit: received 5 results and 0 failures
[2024-10-03 00:35:54,121][flwr][INFO] - fit progress: (21, 102.38808037340641, {'accuracy': 0.8415041782729805}, 2230.9875974431634)
[2024-10-03 00:35:54,122][flwr][INFO] - configure_evaluate: strategy sampled 2 clients (out of 50)
[2024-10-03 00:35:56,024][flwr][INFO] - aggregate_evaluate: received 2 results and 0 failures
[2024-10-03 00:35:56,024][flwr][INFO] - 
[2024-10-03 00:35:56,024][flwr][INFO] - [ROUND 22]
[2024-10-03 00:35:56,025][flwr][INFO] - configure_fit: strategy sampled 5 clients (out of 50)
[2024-10-03 00:37:02,915][flwr][INFO] - aggregate_fit: received 5 results and 0 failures
[2024-10-03 00:37:22,694][flwr][INFO] - fit progress: (22, 137.70935060083866, {'accuracy': 0.7948467966573816}, 2319.5609363066033)
[2024-10-03 00:37:22,697][flwr][INFO] - configure_evaluate: strategy sampled 2 clients (out of 50)
[2024-10-03 00:37:25,137][flwr][INFO] - aggregate_evaluate: received 2 results and 0 failures
[2024-10-03 00:37:25,137][flwr][INFO] - 
[2024-10-03 00:37:25,137][flwr][INFO] - [ROUND 23]
[2024-10-03 00:37:25,137][flwr][INFO] - configure_fit: strategy sampled 5 clients (out of 50)
[2024-10-03 00:39:21,075][flwr][INFO] - aggregate_fit: received 5 results and 0 failures
[2024-10-03 00:39:41,178][flwr][INFO] - fit progress: (23, 108.65372118353844, {'accuracy': 0.8334261838440111}, 2458.044295891188)
[2024-10-03 00:39:41,178][flwr][INFO] - configure_evaluate: strategy sampled 2 clients (out of 50)
[2024-10-03 00:39:43,253][flwr][INFO] - aggregate_evaluate: received 2 results and 0 failures
[2024-10-03 00:39:43,254][flwr][INFO] - 
[2024-10-03 00:39:43,254][flwr][INFO] - [ROUND 24]
[2024-10-03 00:39:43,254][flwr][INFO] - configure_fit: strategy sampled 5 clients (out of 50)
[2024-10-03 00:41:19,675][flwr][INFO] - aggregate_fit: received 5 results and 0 failures
[2024-10-03 00:41:40,011][flwr][INFO] - fit progress: (24, 95.75934746861458, {'accuracy': 0.8516713091922006}, 2576.877828319557)
[2024-10-03 00:41:40,012][flwr][INFO] - configure_evaluate: strategy sampled 2 clients (out of 50)
[2024-10-03 00:41:42,308][flwr][INFO] - aggregate_evaluate: received 2 results and 0 failures
[2024-10-03 00:41:42,309][flwr][INFO] - 
[2024-10-03 00:41:42,309][flwr][INFO] - [ROUND 25]
[2024-10-03 00:41:42,309][flwr][INFO] - configure_fit: strategy sampled 5 clients (out of 50)
[2024-10-03 00:42:59,534][flwr][INFO] - aggregate_fit: received 5 results and 0 failures
[2024-10-03 00:43:19,509][flwr][INFO] - fit progress: (25, 110.00461422652006, {'accuracy': 0.8342618384401114}, 2676.3751196367666)
[2024-10-03 00:43:19,509][flwr][INFO] - configure_evaluate: strategy sampled 2 clients (out of 50)
[2024-10-03 00:43:21,698][flwr][INFO] - aggregate_evaluate: received 2 results and 0 failures
[2024-10-03 00:43:21,699][flwr][INFO] - 
[2024-10-03 00:43:21,699][flwr][INFO] - [ROUND 26]
[2024-10-03 00:43:21,699][flwr][INFO] - configure_fit: strategy sampled 5 clients (out of 50)
[2024-10-03 00:45:18,682][flwr][INFO] - aggregate_fit: received 5 results and 0 failures
[2024-10-03 00:45:37,803][flwr][INFO] - fit progress: (26, 107.30672509968281, {'accuracy': 0.834958217270195}, 2814.6694103106856)
[2024-10-03 00:45:37,803][flwr][INFO] - configure_evaluate: strategy sampled 2 clients (out of 50)
[2024-10-03 00:45:39,959][flwr][INFO] - aggregate_evaluate: received 2 results and 0 failures
[2024-10-03 00:45:39,960][flwr][INFO] - 
[2024-10-03 00:45:39,960][flwr][INFO] - [ROUND 27]
[2024-10-03 00:45:39,961][flwr][INFO] - configure_fit: strategy sampled 5 clients (out of 50)
[2024-10-03 00:47:19,733][flwr][INFO] - aggregate_fit: received 5 results and 0 failures
[2024-10-03 00:47:39,285][flwr][INFO] - fit progress: (27, 109.14610101282597, {'accuracy': 0.8318941504178273}, 2936.1515205148607)
[2024-10-03 00:47:39,286][flwr][INFO] - configure_evaluate: strategy sampled 2 clients (out of 50)
[2024-10-03 00:47:41,896][flwr][INFO] - aggregate_evaluate: received 2 results and 0 failures
[2024-10-03 00:47:41,896][flwr][INFO] - 
[2024-10-03 00:47:41,896][flwr][INFO] - [ROUND 28]
[2024-10-03 00:47:41,896][flwr][INFO] - configure_fit: strategy sampled 5 clients (out of 50)
[2024-10-03 00:48:39,998][flwr][INFO] - aggregate_fit: received 5 results and 0 failures
[2024-10-03 00:49:00,310][flwr][INFO] - fit progress: (28, 102.7829266935587, {'accuracy': 0.8438718662952647}, 3017.1766594946384)
[2024-10-03 00:49:00,311][flwr][INFO] - configure_evaluate: strategy sampled 2 clients (out of 50)
[2024-10-03 00:49:03,303][flwr][INFO] - aggregate_evaluate: received 2 results and 0 failures
[2024-10-03 00:49:03,303][flwr][INFO] - 
[2024-10-03 00:49:03,303][flwr][INFO] - [ROUND 29]
[2024-10-03 00:49:03,304][flwr][INFO] - configure_fit: strategy sampled 5 clients (out of 50)
[2024-10-03 00:50:24,033][flwr][INFO] - aggregate_fit: received 5 results and 0 failures
[2024-10-03 00:50:44,884][flwr][INFO] - fit progress: (29, 113.10201188921928, {'accuracy': 0.8374651810584958}, 3121.750768771395)
[2024-10-03 00:50:44,885][flwr][INFO] - configure_evaluate: strategy sampled 2 clients (out of 50)
[2024-10-03 00:50:46,827][flwr][INFO] - aggregate_evaluate: received 2 results and 0 failures
[2024-10-03 00:50:46,828][flwr][INFO] - 
[2024-10-03 00:50:46,828][flwr][INFO] - [ROUND 30]
[2024-10-03 00:50:46,828][flwr][INFO] - configure_fit: strategy sampled 5 clients (out of 50)
[2024-10-03 00:52:14,552][flwr][INFO] - aggregate_fit: received 5 results and 0 failures
[2024-10-03 00:52:35,761][flwr][INFO] - fit progress: (30, 107.5645232796669, {'accuracy': 0.8401114206128134}, 3232.6274951314554)
[2024-10-03 00:52:35,761][flwr][INFO] - configure_evaluate: strategy sampled 2 clients (out of 50)
[2024-10-03 00:52:38,250][flwr][INFO] - aggregate_evaluate: received 2 results and 0 failures
[2024-10-03 00:52:38,250][flwr][INFO] - 
[2024-10-03 00:52:38,250][flwr][INFO] - [ROUND 31]
[2024-10-03 00:52:38,250][flwr][INFO] - configure_fit: strategy sampled 5 clients (out of 50)
[2024-10-03 00:54:18,236][flwr][INFO] - aggregate_fit: received 5 results and 0 failures
[2024-10-03 00:54:38,485][flwr][INFO] - fit progress: (31, 112.56379871070385, {'accuracy': 0.8286908077994429}, 3355.351408834569)
[2024-10-03 00:54:38,486][flwr][INFO] - configure_evaluate: strategy sampled 2 clients (out of 50)
[2024-10-03 00:54:40,514][flwr][INFO] - aggregate_evaluate: received 2 results and 0 failures
[2024-10-03 00:54:40,514][flwr][INFO] - 
[2024-10-03 00:54:40,514][flwr][INFO] - [ROUND 32]
[2024-10-03 00:54:40,515][flwr][INFO] - configure_fit: strategy sampled 5 clients (out of 50)
[2024-10-03 00:55:47,096][flwr][INFO] - aggregate_fit: received 5 results and 0 failures
[2024-10-03 00:56:06,885][flwr][INFO] - fit progress: (32, 112.09767966717482, {'accuracy': 0.8394150417827299}, 3443.7519154492766)
[2024-10-03 00:56:06,887][flwr][INFO] - configure_evaluate: strategy sampled 2 clients (out of 50)
[2024-10-03 00:56:08,958][flwr][INFO] - aggregate_evaluate: received 2 results and 0 failures
[2024-10-03 00:56:08,959][flwr][INFO] - 
[2024-10-03 00:56:08,959][flwr][INFO] - [ROUND 33]
[2024-10-03 00:56:08,959][flwr][INFO] - configure_fit: strategy sampled 5 clients (out of 50)
[2024-10-03 00:57:37,111][flwr][INFO] - aggregate_fit: received 5 results and 0 failures
[2024-10-03 00:57:57,836][flwr][INFO] - fit progress: (33, 126.78810366988182, {'accuracy': 0.8157381615598885}, 3554.7021891884506)
[2024-10-03 00:57:57,836][flwr][INFO] - configure_evaluate: strategy sampled 2 clients (out of 50)
[2024-10-03 00:58:00,012][flwr][INFO] - aggregate_evaluate: received 2 results and 0 failures
[2024-10-03 00:58:00,013][flwr][INFO] - 
[2024-10-03 00:58:00,013][flwr][INFO] - [ROUND 34]
[2024-10-03 00:58:00,013][flwr][INFO] - configure_fit: strategy sampled 5 clients (out of 50)
[2024-10-03 00:59:18,145][flwr][INFO] - aggregate_fit: received 5 results and 0 failures
[2024-10-03 00:59:40,228][flwr][INFO] - fit progress: (34, 108.26647256314754, {'accuracy': 0.8434540389972145}, 3657.0948192076758)
[2024-10-03 00:59:40,229][flwr][INFO] - configure_evaluate: strategy sampled 2 clients (out of 50)
[2024-10-03 00:59:42,053][flwr][INFO] - aggregate_evaluate: received 2 results and 0 failures
[2024-10-03 00:59:42,053][flwr][INFO] - 
[2024-10-03 00:59:42,053][flwr][INFO] - [ROUND 35]
[2024-10-03 00:59:42,053][flwr][INFO] - configure_fit: strategy sampled 5 clients (out of 50)
[2024-10-03 01:01:21,611][flwr][INFO] - aggregate_fit: received 5 results and 0 failures
[2024-10-03 01:01:41,755][flwr][INFO] - fit progress: (35, 111.10019941627979, {'accuracy': 0.8356545961002786}, 3778.621656900272)
[2024-10-03 01:01:41,756][flwr][INFO] - configure_evaluate: strategy sampled 2 clients (out of 50)
[2024-10-03 01:01:44,736][flwr][INFO] - aggregate_evaluate: received 2 results and 0 failures
[2024-10-03 01:01:44,736][flwr][INFO] - 
[2024-10-03 01:01:44,736][flwr][INFO] - [ROUND 36]
[2024-10-03 01:01:44,737][flwr][INFO] - configure_fit: strategy sampled 5 clients (out of 50)
[2024-10-03 01:02:58,422][flwr][INFO] - aggregate_fit: received 5 results and 0 failures
[2024-10-03 01:03:18,877][flwr][INFO] - fit progress: (36, 114.64901677519083, {'accuracy': 0.8387186629526462}, 3875.743109084666)
[2024-10-03 01:03:18,878][flwr][INFO] - configure_evaluate: strategy sampled 2 clients (out of 50)
[2024-10-03 01:03:21,275][flwr][INFO] - aggregate_evaluate: received 2 results and 0 failures
[2024-10-03 01:03:21,275][flwr][INFO] - 
[2024-10-03 01:03:21,275][flwr][INFO] - [ROUND 37]
[2024-10-03 01:03:21,275][flwr][INFO] - configure_fit: strategy sampled 5 clients (out of 50)
[2024-10-03 01:04:58,837][flwr][INFO] - aggregate_fit: received 5 results and 0 failures
[2024-10-03 01:05:19,484][flwr][INFO] - fit progress: (37, 105.35951751470566, {'accuracy': 0.8505571030640668}, 3996.350588732399)
[2024-10-03 01:05:19,485][flwr][INFO] - configure_evaluate: strategy sampled 2 clients (out of 50)
[2024-10-03 01:05:21,692][flwr][INFO] - aggregate_evaluate: received 2 results and 0 failures
[2024-10-03 01:05:21,693][flwr][INFO] - 
[2024-10-03 01:05:21,693][flwr][INFO] - [ROUND 38]
[2024-10-03 01:05:21,693][flwr][INFO] - configure_fit: strategy sampled 5 clients (out of 50)
[2024-10-03 01:06:31,585][flwr][INFO] - aggregate_fit: received 5 results and 0 failures
[2024-10-03 01:06:52,294][flwr][INFO] - fit progress: (38, 107.68796902894974, {'accuracy': 0.8455431754874652}, 4089.1606636708602)
[2024-10-03 01:06:52,294][flwr][INFO] - configure_evaluate: strategy sampled 2 clients (out of 50)
[2024-10-03 01:06:54,489][flwr][INFO] - aggregate_evaluate: received 2 results and 0 failures
[2024-10-03 01:06:54,490][flwr][INFO] - 
[2024-10-03 01:06:54,490][flwr][INFO] - [ROUND 39]
[2024-10-03 01:06:54,490][flwr][INFO] - configure_fit: strategy sampled 5 clients (out of 50)
[2024-10-03 01:08:37,523][flwr][INFO] - aggregate_fit: received 5 results and 0 failures
[2024-10-03 01:08:57,448][flwr][INFO] - fit progress: (39, 116.74057814478874, {'accuracy': 0.83008356545961}, 4214.314890457317)
[2024-10-03 01:08:57,449][flwr][INFO] - configure_evaluate: strategy sampled 2 clients (out of 50)
[2024-10-03 01:09:01,051][flwr][INFO] - aggregate_evaluate: received 2 results and 0 failures
[2024-10-03 01:09:01,051][flwr][INFO] - 
[2024-10-03 01:09:01,051][flwr][INFO] - [ROUND 40]
[2024-10-03 01:09:01,052][flwr][INFO] - configure_fit: strategy sampled 5 clients (out of 50)
[2024-10-03 01:10:05,335][flwr][INFO] - aggregate_fit: received 5 results and 0 failures
[2024-10-03 01:10:24,772][flwr][INFO] - fit progress: (40, 114.39629665017128, {'accuracy': 0.8338440111420613}, 4301.6389487516135)
[2024-10-03 01:10:24,773][flwr][INFO] - configure_evaluate: strategy sampled 2 clients (out of 50)
[2024-10-03 01:10:26,927][flwr][INFO] - aggregate_evaluate: received 2 results and 0 failures
[2024-10-03 01:10:26,927][flwr][INFO] - 
[2024-10-03 01:10:26,928][flwr][INFO] - [ROUND 41]
[2024-10-03 01:10:26,928][flwr][INFO] - configure_fit: strategy sampled 5 clients (out of 50)
[2024-10-03 01:11:13,312][flwr][INFO] - aggregate_fit: received 5 results and 0 failures
[2024-10-03 01:11:33,397][flwr][INFO] - fit progress: (41, 106.54948455095291, {'accuracy': 0.8437325905292479}, 4370.26320121903)
[2024-10-03 01:11:33,397][flwr][INFO] - configure_evaluate: strategy sampled 2 clients (out of 50)
[2024-10-03 01:11:35,759][flwr][INFO] - aggregate_evaluate: received 2 results and 0 failures
[2024-10-03 01:11:35,760][flwr][INFO] - 
[2024-10-03 01:11:35,760][flwr][INFO] - [ROUND 42]
[2024-10-03 01:11:35,760][flwr][INFO] - configure_fit: strategy sampled 5 clients (out of 50)
[2024-10-03 01:12:54,965][flwr][INFO] - aggregate_fit: received 5 results and 0 failures
[2024-10-03 01:13:14,633][flwr][INFO] - fit progress: (42, 102.31762218475342, {'accuracy': 0.8511142061281337}, 4471.499161185697)
[2024-10-03 01:13:14,634][flwr][INFO] - configure_evaluate: strategy sampled 2 clients (out of 50)
[2024-10-03 01:13:18,117][flwr][INFO] - aggregate_evaluate: received 2 results and 0 failures
[2024-10-03 01:13:18,118][flwr][INFO] - 
[2024-10-03 01:13:18,118][flwr][INFO] - [ROUND 43]
[2024-10-03 01:13:18,118][flwr][INFO] - configure_fit: strategy sampled 5 clients (out of 50)
[2024-10-03 01:15:01,407][flwr][INFO] - aggregate_fit: received 5 results and 0 failures
[2024-10-03 01:15:21,661][flwr][INFO] - fit progress: (43, 106.12490278482437, {'accuracy': 0.8416434540389972}, 4598.5275689465925)
[2024-10-03 01:15:21,662][flwr][INFO] - configure_evaluate: strategy sampled 2 clients (out of 50)
[2024-10-03 01:15:24,199][flwr][INFO] - aggregate_evaluate: received 2 results and 0 failures
[2024-10-03 01:15:24,199][flwr][INFO] - 
[2024-10-03 01:15:24,199][flwr][INFO] - [ROUND 44]
[2024-10-03 01:15:24,200][flwr][INFO] - configure_fit: strategy sampled 5 clients (out of 50)
[2024-10-03 01:17:08,025][flwr][INFO] - aggregate_fit: received 5 results and 0 failures
[2024-10-03 01:17:27,817][flwr][INFO] - fit progress: (44, 103.08104849606752, {'accuracy': 0.851949860724234}, 4724.683791748248)
[2024-10-03 01:17:27,818][flwr][INFO] - configure_evaluate: strategy sampled 2 clients (out of 50)
[2024-10-03 01:17:30,078][flwr][INFO] - aggregate_evaluate: received 2 results and 0 failures
[2024-10-03 01:17:30,079][flwr][INFO] - 
[2024-10-03 01:17:30,079][flwr][INFO] - [ROUND 45]
[2024-10-03 01:17:30,079][flwr][INFO] - configure_fit: strategy sampled 5 clients (out of 50)
[2024-10-03 01:18:45,813][flwr][INFO] - aggregate_fit: received 5 results and 0 failures
[2024-10-03 01:19:05,548][flwr][INFO] - fit progress: (45, 105.92863465845585, {'accuracy': 0.846100278551532}, 4822.414698828943)
[2024-10-03 01:19:05,549][flwr][INFO] - configure_evaluate: strategy sampled 2 clients (out of 50)
[2024-10-03 01:19:07,623][flwr][INFO] - aggregate_evaluate: received 2 results and 0 failures
[2024-10-03 01:19:07,623][flwr][INFO] - 
[2024-10-03 01:19:07,623][flwr][INFO] - [ROUND 46]
[2024-10-03 01:19:07,623][flwr][INFO] - configure_fit: strategy sampled 5 clients (out of 50)
[2024-10-03 01:20:06,173][flwr][INFO] - aggregate_fit: received 5 results and 0 failures
[2024-10-03 01:20:25,389][flwr][INFO] - fit progress: (46, 105.41599725931883, {'accuracy': 0.841225626740947}, 4902.255774893798)
[2024-10-03 01:20:25,390][flwr][INFO] - configure_evaluate: strategy sampled 2 clients (out of 50)
[2024-10-03 01:20:27,768][flwr][INFO] - aggregate_evaluate: received 2 results and 0 failures
[2024-10-03 01:20:27,768][flwr][INFO] - 
[2024-10-03 01:20:27,768][flwr][INFO] - [ROUND 47]
[2024-10-03 01:20:27,768][flwr][INFO] - configure_fit: strategy sampled 5 clients (out of 50)
[2024-10-03 01:22:33,706][flwr][INFO] - aggregate_fit: received 5 results and 0 failures
[2024-10-03 01:22:53,754][flwr][INFO] - fit progress: (47, 117.93519329279661, {'accuracy': 0.8405292479108635}, 5050.620746018365)
[2024-10-03 01:22:53,755][flwr][INFO] - configure_evaluate: strategy sampled 2 clients (out of 50)
[2024-10-03 01:22:56,017][flwr][INFO] - aggregate_evaluate: received 2 results and 0 failures
[2024-10-03 01:22:56,017][flwr][INFO] - 
[2024-10-03 01:22:56,017][flwr][INFO] - [ROUND 48]
[2024-10-03 01:22:56,017][flwr][INFO] - configure_fit: strategy sampled 5 clients (out of 50)
[2024-10-03 01:24:01,924][flwr][INFO] - aggregate_fit: received 5 results and 0 failures
[2024-10-03 01:24:21,595][flwr][INFO] - fit progress: (48, 113.44434823840857, {'accuracy': 0.8374651810584958}, 5138.461431915872)
[2024-10-03 01:24:21,595][flwr][INFO] - configure_evaluate: strategy sampled 2 clients (out of 50)
[2024-10-03 01:24:24,115][flwr][INFO] - aggregate_evaluate: received 2 results and 0 failures
[2024-10-03 01:24:24,115][flwr][INFO] - 
[2024-10-03 01:24:24,116][flwr][INFO] - [ROUND 49]
[2024-10-03 01:24:24,116][flwr][INFO] - configure_fit: strategy sampled 5 clients (out of 50)
[2024-10-03 01:25:36,085][flwr][INFO] - aggregate_fit: received 5 results and 0 failures
[2024-10-03 01:25:56,137][flwr][INFO] - fit progress: (49, 105.50562059134245, {'accuracy': 0.8437325905292479}, 5233.0035290447995)
[2024-10-03 01:25:56,138][flwr][INFO] - configure_evaluate: strategy sampled 2 clients (out of 50)
[2024-10-03 01:25:58,409][flwr][INFO] - aggregate_evaluate: received 2 results and 0 failures
[2024-10-03 01:25:58,409][flwr][INFO] - 
[2024-10-03 01:25:58,409][flwr][INFO] - [ROUND 50]
[2024-10-03 01:25:58,409][flwr][INFO] - configure_fit: strategy sampled 5 clients (out of 50)
[2024-10-03 01:27:21,704][flwr][INFO] - aggregate_fit: received 5 results and 0 failures
[2024-10-03 01:27:41,460][flwr][INFO] - fit progress: (50, 115.1617144048214, {'accuracy': 0.8363509749303621}, 5338.32660215348)
[2024-10-03 01:27:41,460][flwr][INFO] - configure_evaluate: strategy sampled 2 clients (out of 50)
[2024-10-03 01:27:43,488][flwr][INFO] - aggregate_evaluate: received 2 results and 0 failures
[2024-10-03 01:27:43,488][flwr][INFO] - 
[2024-10-03 01:27:43,488][flwr][INFO] - [ROUND 51]
[2024-10-03 01:27:43,488][flwr][INFO] - configure_fit: strategy sampled 5 clients (out of 50)
[2024-10-03 01:29:01,297][flwr][INFO] - aggregate_fit: received 5 results and 0 failures
[2024-10-03 01:29:21,568][flwr][INFO] - fit progress: (51, 138.86850795149803, {'accuracy': 0.8043175487465181}, 5438.434246340767)
[2024-10-03 01:29:21,568][flwr][INFO] - configure_evaluate: strategy sampled 2 clients (out of 50)
[2024-10-03 01:29:24,000][flwr][INFO] - aggregate_evaluate: received 2 results and 0 failures
[2024-10-03 01:29:24,000][flwr][INFO] - 
[2024-10-03 01:29:24,000][flwr][INFO] - [ROUND 52]
[2024-10-03 01:29:24,000][flwr][INFO] - configure_fit: strategy sampled 5 clients (out of 50)
[2024-10-03 01:30:44,530][flwr][INFO] - aggregate_fit: received 5 results and 0 failures
[2024-10-03 01:31:04,705][flwr][INFO] - fit progress: (52, 107.96455340087414, {'accuracy': 0.8520891364902506}, 5541.571339357644)
[2024-10-03 01:31:04,705][flwr][INFO] - configure_evaluate: strategy sampled 2 clients (out of 50)
[2024-10-03 01:31:06,843][flwr][INFO] - aggregate_evaluate: received 2 results and 0 failures
[2024-10-03 01:31:06,844][flwr][INFO] - 
[2024-10-03 01:31:06,844][flwr][INFO] - [ROUND 53]
[2024-10-03 01:31:06,844][flwr][INFO] - configure_fit: strategy sampled 5 clients (out of 50)
[2024-10-03 01:32:24,084][flwr][INFO] - aggregate_fit: received 5 results and 0 failures
[2024-10-03 01:32:44,335][flwr][INFO] - fit progress: (53, 121.74099911004305, {'accuracy': 0.8242339832869081}, 5641.2016407763585)
[2024-10-03 01:32:44,336][flwr][INFO] - configure_evaluate: strategy sampled 2 clients (out of 50)
[2024-10-03 01:32:46,588][flwr][INFO] - aggregate_evaluate: received 2 results and 0 failures
[2024-10-03 01:32:46,588][flwr][INFO] - 
[2024-10-03 01:32:46,588][flwr][INFO] - [ROUND 54]
[2024-10-03 01:32:46,589][flwr][INFO] - configure_fit: strategy sampled 5 clients (out of 50)
[2024-10-03 01:34:42,205][flwr][INFO] - aggregate_fit: received 5 results and 0 failures
[2024-10-03 01:35:02,536][flwr][INFO] - fit progress: (54, 116.87236472964287, {'accuracy': 0.8338440111420613}, 5779.402748418972)
[2024-10-03 01:35:02,537][flwr][INFO] - configure_evaluate: strategy sampled 2 clients (out of 50)
[2024-10-03 01:35:04,632][flwr][INFO] - aggregate_evaluate: received 2 results and 0 failures
[2024-10-03 01:35:04,633][flwr][INFO] - 
[2024-10-03 01:35:04,633][flwr][INFO] - [ROUND 55]
[2024-10-03 01:35:04,634][flwr][INFO] - configure_fit: strategy sampled 5 clients (out of 50)
[2024-10-03 01:36:28,743][flwr][INFO] - aggregate_fit: received 5 results and 0 failures
[2024-10-03 01:36:48,432][flwr][INFO] - fit progress: (55, 123.16603874415159, {'accuracy': 0.8231197771587744}, 5885.298263947479)
[2024-10-03 01:36:48,432][flwr][INFO] - configure_evaluate: strategy sampled 2 clients (out of 50)
[2024-10-03 01:36:50,431][flwr][INFO] - aggregate_evaluate: received 2 results and 0 failures
[2024-10-03 01:36:50,431][flwr][INFO] - 
[2024-10-03 01:36:50,431][flwr][INFO] - [ROUND 56]
[2024-10-03 01:36:50,432][flwr][INFO] - configure_fit: strategy sampled 5 clients (out of 50)
[2024-10-03 01:37:31,362][flwr][INFO] - aggregate_fit: received 5 results and 0 failures
[2024-10-03 01:37:52,548][flwr][INFO] - fit progress: (56, 122.66609719395638, {'accuracy': 0.8176880222841225}, 5949.414785820991)
[2024-10-03 01:37:52,549][flwr][INFO] - configure_evaluate: strategy sampled 2 clients (out of 50)
[2024-10-03 01:37:54,632][flwr][INFO] - aggregate_evaluate: received 2 results and 0 failures
[2024-10-03 01:37:54,632][flwr][INFO] - 
[2024-10-03 01:37:54,632][flwr][INFO] - [ROUND 57]
[2024-10-03 01:37:54,632][flwr][INFO] - configure_fit: strategy sampled 5 clients (out of 50)
[2024-10-03 01:40:11,066][flwr][INFO] - aggregate_fit: received 5 results and 0 failures
[2024-10-03 01:40:30,250][flwr][INFO] - fit progress: (57, 105.8581251502037, {'accuracy': 0.8465181058495822}, 6107.116613900289)
[2024-10-03 01:40:30,250][flwr][INFO] - configure_evaluate: strategy sampled 2 clients (out of 50)
[2024-10-03 01:40:32,726][flwr][INFO] - aggregate_evaluate: received 2 results and 0 failures
[2024-10-03 01:40:32,726][flwr][INFO] - 
[2024-10-03 01:40:32,726][flwr][INFO] - [ROUND 58]
[2024-10-03 01:40:32,726][flwr][INFO] - configure_fit: strategy sampled 5 clients (out of 50)
[2024-10-03 01:42:27,839][flwr][INFO] - aggregate_fit: received 5 results and 0 failures
[2024-10-03 01:42:48,544][flwr][INFO] - fit progress: (58, 110.08784511685371, {'accuracy': 0.8473537604456824}, 6245.410478356294)
[2024-10-03 01:42:48,545][flwr][INFO] - configure_evaluate: strategy sampled 2 clients (out of 50)
[2024-10-03 01:42:50,871][flwr][INFO] - aggregate_evaluate: received 2 results and 0 failures
[2024-10-03 01:42:50,871][flwr][INFO] - 
[2024-10-03 01:42:50,871][flwr][INFO] - [ROUND 59]
[2024-10-03 01:42:50,871][flwr][INFO] - configure_fit: strategy sampled 5 clients (out of 50)
[2024-10-03 01:44:41,855][flwr][INFO] - aggregate_fit: received 5 results and 0 failures
[2024-10-03 01:45:01,971][flwr][INFO] - fit progress: (59, 110.48945140838623, {'accuracy': 0.8473537604456824}, 6378.8376790443435)
[2024-10-03 01:45:01,972][flwr][INFO] - configure_evaluate: strategy sampled 2 clients (out of 50)
[2024-10-03 01:45:04,090][flwr][INFO] - aggregate_evaluate: received 2 results and 0 failures
[2024-10-03 01:45:04,090][flwr][INFO] - 
[2024-10-03 01:45:04,090][flwr][INFO] - [ROUND 60]
[2024-10-03 01:45:04,090][flwr][INFO] - configure_fit: strategy sampled 5 clients (out of 50)
[2024-10-03 01:46:53,239][flwr][INFO] - aggregate_fit: received 5 results and 0 failures
[2024-10-03 01:47:12,422][flwr][INFO] - fit progress: (60, 114.59836834669113, {'accuracy': 0.8472144846796658}, 6509.288519394584)
[2024-10-03 01:47:12,423][flwr][INFO] - configure_evaluate: strategy sampled 2 clients (out of 50)
[2024-10-03 01:47:14,684][flwr][INFO] - aggregate_evaluate: received 2 results and 0 failures
[2024-10-03 01:47:14,684][flwr][INFO] - 
[2024-10-03 01:47:14,684][flwr][INFO] - [ROUND 61]
[2024-10-03 01:47:14,685][flwr][INFO] - configure_fit: strategy sampled 5 clients (out of 50)
[2024-10-03 01:48:44,439][flwr][INFO] - aggregate_fit: received 5 results and 0 failures
[2024-10-03 01:49:04,592][flwr][INFO] - fit progress: (61, 128.73438726365566, {'accuracy': 0.8137883008356546}, 6621.458366499282)
[2024-10-03 01:49:04,592][flwr][INFO] - configure_evaluate: strategy sampled 2 clients (out of 50)
[2024-10-03 01:49:06,604][flwr][INFO] - aggregate_evaluate: received 2 results and 0 failures
[2024-10-03 01:49:06,604][flwr][INFO] - 
[2024-10-03 01:49:06,604][flwr][INFO] - [ROUND 62]
[2024-10-03 01:49:06,604][flwr][INFO] - configure_fit: strategy sampled 5 clients (out of 50)
[2024-10-03 01:50:40,095][flwr][INFO] - aggregate_fit: received 5 results and 0 failures
[2024-10-03 01:50:59,806][flwr][INFO] - fit progress: (62, 131.89045469462872, {'accuracy': 0.8190807799442897}, 6736.673040937632)
[2024-10-03 01:50:59,807][flwr][INFO] - configure_evaluate: strategy sampled 2 clients (out of 50)
[2024-10-03 01:51:01,946][flwr][INFO] - aggregate_evaluate: received 2 results and 0 failures
[2024-10-03 01:51:01,946][flwr][INFO] - 
[2024-10-03 01:51:01,946][flwr][INFO] - [ROUND 63]
[2024-10-03 01:51:01,947][flwr][INFO] - configure_fit: strategy sampled 5 clients (out of 50)
[2024-10-03 01:52:11,483][flwr][INFO] - aggregate_fit: received 5 results and 0 failures
[2024-10-03 01:52:31,171][flwr][INFO] - fit progress: (63, 129.2041449174285, {'accuracy': 0.827158774373259}, 6828.037843237631)
[2024-10-03 01:52:31,172][flwr][INFO] - configure_evaluate: strategy sampled 2 clients (out of 50)
[2024-10-03 01:52:33,906][flwr][INFO] - aggregate_evaluate: received 2 results and 0 failures
[2024-10-03 01:52:33,906][flwr][INFO] - 
[2024-10-03 01:52:33,907][flwr][INFO] - [ROUND 64]
[2024-10-03 01:52:33,907][flwr][INFO] - configure_fit: strategy sampled 5 clients (out of 50)
[2024-10-03 01:54:46,269][flwr][INFO] - aggregate_fit: received 5 results and 0 failures
[2024-10-03 01:55:06,242][flwr][INFO] - fit progress: (64, 117.60451615601778, {'accuracy': 0.8406685236768803}, 6983.109046136029)
[2024-10-03 01:55:06,243][flwr][INFO] - configure_evaluate: strategy sampled 2 clients (out of 50)
[2024-10-03 01:55:08,192][flwr][INFO] - aggregate_evaluate: received 2 results and 0 failures
[2024-10-03 01:55:08,192][flwr][INFO] - 
[2024-10-03 01:55:08,193][flwr][INFO] - [ROUND 65]
[2024-10-03 01:55:08,193][flwr][INFO] - configure_fit: strategy sampled 5 clients (out of 50)
[2024-10-03 01:56:59,576][flwr][INFO] - aggregate_fit: received 5 results and 0 failures
[2024-10-03 01:57:19,695][flwr][INFO] - fit progress: (65, 122.25150073319674, {'accuracy': 0.832033426183844}, 7116.561545146629)
[2024-10-03 01:57:19,696][flwr][INFO] - configure_evaluate: strategy sampled 2 clients (out of 50)
[2024-10-03 01:57:22,915][flwr][INFO] - aggregate_evaluate: received 2 results and 0 failures
[2024-10-03 01:57:22,916][flwr][INFO] - 
[2024-10-03 01:57:22,916][flwr][INFO] - [ROUND 66]
[2024-10-03 01:57:22,916][flwr][INFO] - configure_fit: strategy sampled 5 clients (out of 50)
[2024-10-03 01:58:50,479][flwr][INFO] - aggregate_fit: received 5 results and 0 failures
[2024-10-03 01:59:10,358][flwr][INFO] - fit progress: (66, 113.11461336910725, {'accuracy': 0.8484679665738162}, 7227.224118081853)
[2024-10-03 01:59:10,358][flwr][INFO] - configure_evaluate: strategy sampled 2 clients (out of 50)
[2024-10-03 01:59:12,346][flwr][INFO] - aggregate_evaluate: received 2 results and 0 failures
[2024-10-03 01:59:12,346][flwr][INFO] - 
[2024-10-03 01:59:12,346][flwr][INFO] - [ROUND 67]
[2024-10-03 01:59:12,347][flwr][INFO] - configure_fit: strategy sampled 5 clients (out of 50)
[2024-10-03 02:01:08,816][flwr][INFO] - aggregate_fit: received 5 results and 0 failures
[2024-10-03 02:01:28,565][flwr][INFO] - fit progress: (67, 115.75257025659084, {'accuracy': 0.8447075208913649}, 7365.431564606726)
[2024-10-03 02:01:28,565][flwr][INFO] - configure_evaluate: strategy sampled 2 clients (out of 50)
[2024-10-03 02:01:32,100][flwr][INFO] - aggregate_evaluate: received 2 results and 0 failures
[2024-10-03 02:01:32,101][flwr][INFO] - 
[2024-10-03 02:01:32,101][flwr][INFO] - [ROUND 68]
[2024-10-03 02:01:32,101][flwr][INFO] - configure_fit: strategy sampled 5 clients (out of 50)
[2024-10-03 02:02:30,410][flwr][INFO] - aggregate_fit: received 5 results and 0 failures
[2024-10-03 02:02:50,004][flwr][INFO] - fit progress: (68, 106.94752638787031, {'accuracy': 0.8575208913649025}, 7446.870717990212)
[2024-10-03 02:02:50,005][flwr][INFO] - configure_evaluate: strategy sampled 2 clients (out of 50)
[2024-10-03 02:02:52,181][flwr][INFO] - aggregate_evaluate: received 2 results and 0 failures
[2024-10-03 02:02:52,181][flwr][INFO] - 
[2024-10-03 02:02:52,181][flwr][INFO] - [ROUND 69]
[2024-10-03 02:02:52,181][flwr][INFO] - configure_fit: strategy sampled 5 clients (out of 50)
[2024-10-03 02:03:55,036][flwr][INFO] - aggregate_fit: received 5 results and 0 failures
[2024-10-03 02:04:14,755][flwr][INFO] - fit progress: (69, 121.65910744667053, {'accuracy': 0.8346796657381615}, 7531.621211129241)
[2024-10-03 02:04:14,755][flwr][INFO] - configure_evaluate: strategy sampled 2 clients (out of 50)
[2024-10-03 02:04:18,519][flwr][INFO] - aggregate_evaluate: received 2 results and 0 failures
[2024-10-03 02:04:18,519][flwr][INFO] - 
[2024-10-03 02:04:18,520][flwr][INFO] - [ROUND 70]
[2024-10-03 02:04:18,520][flwr][INFO] - configure_fit: strategy sampled 5 clients (out of 50)
[2024-10-03 02:05:19,926][flwr][INFO] - aggregate_fit: received 5 results and 0 failures
[2024-10-03 02:05:38,819][flwr][INFO] - fit progress: (70, 112.50698393583298, {'accuracy': 0.8342618384401114}, 7615.68599042017)
[2024-10-03 02:05:38,820][flwr][INFO] - configure_evaluate: strategy sampled 2 clients (out of 50)
[2024-10-03 02:05:40,748][flwr][INFO] - aggregate_evaluate: received 2 results and 0 failures
[2024-10-03 02:05:40,748][flwr][INFO] - 
[2024-10-03 02:05:40,748][flwr][INFO] - [ROUND 71]
[2024-10-03 02:05:40,748][flwr][INFO] - configure_fit: strategy sampled 5 clients (out of 50)
[2024-10-03 02:07:34,208][flwr][INFO] - aggregate_fit: received 5 results and 0 failures
[2024-10-03 02:07:53,874][flwr][INFO] - fit progress: (71, 134.71003533899784, {'accuracy': 0.8175487465181058}, 7750.740427076817)
[2024-10-03 02:07:53,875][flwr][INFO] - configure_evaluate: strategy sampled 2 clients (out of 50)
[2024-10-03 02:07:57,777][flwr][INFO] - aggregate_evaluate: received 2 results and 0 failures
[2024-10-03 02:07:57,778][flwr][INFO] - 
[2024-10-03 02:07:57,778][flwr][INFO] - [ROUND 72]
[2024-10-03 02:07:57,778][flwr][INFO] - configure_fit: strategy sampled 5 clients (out of 50)
[2024-10-03 02:09:02,831][flwr][INFO] - aggregate_fit: received 5 results and 0 failures
[2024-10-03 02:09:22,562][flwr][INFO] - fit progress: (72, 112.62532287836075, {'accuracy': 0.8413649025069638}, 7839.428447902203)
[2024-10-03 02:09:22,562][flwr][INFO] - configure_evaluate: strategy sampled 2 clients (out of 50)
[2024-10-03 02:09:25,906][flwr][INFO] - aggregate_evaluate: received 2 results and 0 failures
[2024-10-03 02:09:25,906][flwr][INFO] - 
[2024-10-03 02:09:25,906][flwr][INFO] - [ROUND 73]
[2024-10-03 02:09:25,906][flwr][INFO] - configure_fit: strategy sampled 5 clients (out of 50)
[2024-10-03 02:11:29,999][flwr][INFO] - aggregate_fit: received 5 results and 0 failures
[2024-10-03 02:11:49,450][flwr][INFO] - fit progress: (73, 122.11136992275715, {'accuracy': 0.8396935933147632}, 7986.316979371011)
[2024-10-03 02:11:49,451][flwr][INFO] - configure_evaluate: strategy sampled 2 clients (out of 50)
[2024-10-03 02:11:52,279][flwr][INFO] - aggregate_evaluate: received 2 results and 0 failures
[2024-10-03 02:11:52,280][flwr][INFO] - 
[2024-10-03 02:11:52,280][flwr][INFO] - [ROUND 74]
[2024-10-03 02:11:52,280][flwr][INFO] - configure_fit: strategy sampled 5 clients (out of 50)
[2024-10-03 02:13:27,659][flwr][INFO] - aggregate_fit: received 5 results and 0 failures
[2024-10-03 02:13:45,311][flwr][INFO] - fit progress: (74, 107.19281374663115, {'accuracy': 0.8569637883008356}, 8102.1774942865595)
[2024-10-03 02:13:45,312][flwr][INFO] - configure_evaluate: strategy sampled 2 clients (out of 50)
[2024-10-03 02:13:47,702][flwr][INFO] - aggregate_evaluate: received 2 results and 0 failures
[2024-10-03 02:13:47,703][flwr][INFO] - 
[2024-10-03 02:13:47,704][flwr][INFO] - [ROUND 75]
[2024-10-03 02:13:47,704][flwr][INFO] - configure_fit: strategy sampled 5 clients (out of 50)
[2024-10-03 02:15:35,483][flwr][INFO] - aggregate_fit: received 5 results and 0 failures
[2024-10-03 02:15:54,855][flwr][INFO] - fit progress: (75, 125.22054013609886, {'accuracy': 0.8357938718662953}, 8231.721541568637)
[2024-10-03 02:15:54,856][flwr][INFO] - configure_evaluate: strategy sampled 2 clients (out of 50)
[2024-10-03 02:15:59,118][flwr][INFO] - aggregate_evaluate: received 2 results and 0 failures
[2024-10-03 02:15:59,118][flwr][INFO] - 
[2024-10-03 02:15:59,118][flwr][INFO] - [ROUND 76]
[2024-10-03 02:15:59,118][flwr][INFO] - configure_fit: strategy sampled 5 clients (out of 50)
[2024-10-03 02:17:37,612][flwr][INFO] - aggregate_fit: received 5 results and 0 failures
[2024-10-03 02:17:57,158][flwr][INFO] - fit progress: (76, 120.54395440220833, {'accuracy': 0.8433147632311978}, 8354.024368193)
[2024-10-03 02:17:57,158][flwr][INFO] - configure_evaluate: strategy sampled 2 clients (out of 50)
[2024-10-03 02:17:59,791][flwr][INFO] - aggregate_evaluate: received 2 results and 0 failures
[2024-10-03 02:17:59,791][flwr][INFO] - 
[2024-10-03 02:17:59,791][flwr][INFO] - [ROUND 77]
[2024-10-03 02:17:59,791][flwr][INFO] - configure_fit: strategy sampled 5 clients (out of 50)
[2024-10-03 02:19:16,421][flwr][INFO] - aggregate_fit: received 5 results and 0 failures
[2024-10-03 02:19:36,119][flwr][INFO] - fit progress: (77, 108.66057152301073, {'accuracy': 0.849025069637883}, 8452.985487840138)
[2024-10-03 02:19:36,120][flwr][INFO] - configure_evaluate: strategy sampled 2 clients (out of 50)
[2024-10-03 02:19:38,368][flwr][INFO] - aggregate_evaluate: received 2 results and 0 failures
[2024-10-03 02:19:38,368][flwr][INFO] - 
[2024-10-03 02:19:38,368][flwr][INFO] - [ROUND 78]
[2024-10-03 02:19:38,368][flwr][INFO] - configure_fit: strategy sampled 5 clients (out of 50)
[2024-10-03 02:20:53,458][flwr][INFO] - aggregate_fit: received 5 results and 0 failures
[2024-10-03 02:21:12,430][flwr][INFO] - fit progress: (78, 122.02302770316601, {'accuracy': 0.8323119777158774}, 8549.296585856937)
[2024-10-03 02:21:12,431][flwr][INFO] - configure_evaluate: strategy sampled 2 clients (out of 50)
[2024-10-03 02:21:16,279][flwr][INFO] - aggregate_evaluate: received 2 results and 0 failures
[2024-10-03 02:21:16,280][flwr][INFO] - 
[2024-10-03 02:21:16,280][flwr][INFO] - [ROUND 79]
[2024-10-03 02:21:16,280][flwr][INFO] - configure_fit: strategy sampled 5 clients (out of 50)
[2024-10-03 02:22:39,056][flwr][INFO] - aggregate_fit: received 5 results and 0 failures
[2024-10-03 02:22:58,942][flwr][INFO] - fit progress: (79, 114.16983991116285, {'accuracy': 0.852924791086351}, 8655.808162678964)
[2024-10-03 02:22:58,942][flwr][INFO] - configure_evaluate: strategy sampled 2 clients (out of 50)
[2024-10-03 02:23:01,461][flwr][INFO] - aggregate_evaluate: received 2 results and 0 failures
[2024-10-03 02:23:01,461][flwr][INFO] - 
[2024-10-03 02:23:01,461][flwr][INFO] - [ROUND 80]
[2024-10-03 02:23:01,462][flwr][INFO] - configure_fit: strategy sampled 5 clients (out of 50)
[2024-10-03 02:24:56,957][flwr][INFO] - aggregate_fit: received 5 results and 0 failures
[2024-10-03 02:25:15,907][flwr][INFO] - fit progress: (80, 119.06611514091492, {'accuracy': 0.8346796657381615}, 8792.773103677668)
[2024-10-03 02:25:15,907][flwr][INFO] - configure_evaluate: strategy sampled 2 clients (out of 50)
[2024-10-03 02:25:18,416][flwr][INFO] - aggregate_evaluate: received 2 results and 0 failures
[2024-10-03 02:25:18,417][flwr][INFO] - 
[2024-10-03 02:25:18,417][flwr][INFO] - [ROUND 81]
[2024-10-03 02:25:18,417][flwr][INFO] - configure_fit: strategy sampled 5 clients (out of 50)
[2024-10-03 02:26:15,617][flwr][INFO] - aggregate_fit: received 5 results and 0 failures
[2024-10-03 02:26:35,009][flwr][INFO] - fit progress: (81, 112.91785200685263, {'accuracy': 0.8518105849582173}, 8871.875998352654)
[2024-10-03 02:26:35,010][flwr][INFO] - configure_evaluate: strategy sampled 2 clients (out of 50)
[2024-10-03 02:26:37,115][flwr][INFO] - aggregate_evaluate: received 2 results and 0 failures
[2024-10-03 02:26:37,115][flwr][INFO] - 
[2024-10-03 02:26:37,116][flwr][INFO] - [ROUND 82]
[2024-10-03 02:26:37,116][flwr][INFO] - configure_fit: strategy sampled 5 clients (out of 50)
[2024-10-03 02:29:12,910][flwr][INFO] - aggregate_fit: received 5 results and 0 failures
[2024-10-03 02:29:31,230][flwr][INFO] - fit progress: (82, 130.1192034482956, {'accuracy': 0.8335654596100278}, 9048.096564152278)
[2024-10-03 02:29:31,231][flwr][INFO] - configure_evaluate: strategy sampled 2 clients (out of 50)
[2024-10-03 02:29:33,143][flwr][INFO] - aggregate_evaluate: received 2 results and 0 failures
[2024-10-03 02:29:33,143][flwr][INFO] - 
[2024-10-03 02:29:33,143][flwr][INFO] - [ROUND 83]
[2024-10-03 02:29:33,144][flwr][INFO] - configure_fit: strategy sampled 5 clients (out of 50)
[2024-10-03 02:30:24,810][flwr][INFO] - aggregate_fit: received 5 results and 0 failures
[2024-10-03 02:30:44,892][flwr][INFO] - fit progress: (83, 113.79057613015175, {'accuracy': 0.8427576601671309}, 9121.758456117474)
[2024-10-03 02:30:44,893][flwr][INFO] - configure_evaluate: strategy sampled 2 clients (out of 50)
[2024-10-03 02:30:47,188][flwr][INFO] - aggregate_evaluate: received 2 results and 0 failures
[2024-10-03 02:30:47,188][flwr][INFO] - 
[2024-10-03 02:30:47,188][flwr][INFO] - [ROUND 84]
[2024-10-03 02:30:47,188][flwr][INFO] - configure_fit: strategy sampled 5 clients (out of 50)
[2024-10-03 02:31:51,845][flwr][INFO] - aggregate_fit: received 5 results and 0 failures
[2024-10-03 02:32:13,353][flwr][INFO] - fit progress: (84, 110.32626488804817, {'accuracy': 0.8497214484679666}, 9210.219305995852)
[2024-10-03 02:32:13,353][flwr][INFO] - configure_evaluate: strategy sampled 2 clients (out of 50)
[2024-10-03 02:32:16,363][flwr][INFO] - aggregate_evaluate: received 2 results and 0 failures
[2024-10-03 02:32:16,363][flwr][INFO] - 
[2024-10-03 02:32:16,363][flwr][INFO] - [ROUND 85]
[2024-10-03 02:32:16,363][flwr][INFO] - configure_fit: strategy sampled 5 clients (out of 50)
[2024-10-03 02:33:23,889][flwr][INFO] - aggregate_fit: received 5 results and 0 failures
[2024-10-03 02:33:44,223][flwr][INFO] - fit progress: (85, 130.3999741077423, {'accuracy': 0.8132311977715877}, 9301.089741242118)
[2024-10-03 02:33:44,225][flwr][INFO] - configure_evaluate: strategy sampled 2 clients (out of 50)
[2024-10-03 02:33:46,339][flwr][INFO] - aggregate_evaluate: received 2 results and 0 failures
[2024-10-03 02:33:46,340][flwr][INFO] - 
[2024-10-03 02:33:46,340][flwr][INFO] - [ROUND 86]
[2024-10-03 02:33:46,340][flwr][INFO] - configure_fit: strategy sampled 5 clients (out of 50)
[2024-10-03 02:35:21,169][flwr][INFO] - aggregate_fit: received 5 results and 0 failures
[2024-10-03 02:35:42,225][flwr][INFO] - fit progress: (86, 114.08583953976631, {'accuracy': 0.8427576601671309}, 9419.09108348377)
[2024-10-03 02:35:42,225][flwr][INFO] - configure_evaluate: strategy sampled 2 clients (out of 50)
[2024-10-03 02:35:45,200][flwr][INFO] - aggregate_evaluate: received 2 results and 0 failures
[2024-10-03 02:35:45,201][flwr][INFO] - 
[2024-10-03 02:35:45,201][flwr][INFO] - [ROUND 87]
[2024-10-03 02:35:45,201][flwr][INFO] - configure_fit: strategy sampled 5 clients (out of 50)
[2024-10-03 02:36:52,497][flwr][INFO] - aggregate_fit: received 5 results and 0 failures
[2024-10-03 02:37:12,396][flwr][INFO] - fit progress: (87, 114.0473929271102, {'accuracy': 0.8435933147632312}, 9509.262203673832)
[2024-10-03 02:37:12,396][flwr][INFO] - configure_evaluate: strategy sampled 2 clients (out of 50)
[2024-10-03 02:37:14,719][flwr][INFO] - aggregate_evaluate: received 2 results and 0 failures
[2024-10-03 02:37:14,719][flwr][INFO] - 
[2024-10-03 02:37:14,719][flwr][INFO] - [ROUND 88]
[2024-10-03 02:37:14,719][flwr][INFO] - configure_fit: strategy sampled 5 clients (out of 50)
[2024-10-03 02:38:23,462][flwr][INFO] - aggregate_fit: received 5 results and 0 failures
[2024-10-03 02:38:42,857][flwr][INFO] - fit progress: (88, 130.1238969564438, {'accuracy': 0.8233983286908078}, 9599.723884018138)
[2024-10-03 02:38:42,858][flwr][INFO] - configure_evaluate: strategy sampled 2 clients (out of 50)
[2024-10-03 02:38:45,135][flwr][INFO] - aggregate_evaluate: received 2 results and 0 failures
[2024-10-03 02:38:45,135][flwr][INFO] - 
[2024-10-03 02:38:45,135][flwr][INFO] - [ROUND 89]
[2024-10-03 02:38:45,135][flwr][INFO] - configure_fit: strategy sampled 5 clients (out of 50)
[2024-10-03 02:40:01,001][flwr][INFO] - aggregate_fit: received 5 results and 0 failures
[2024-10-03 02:40:21,972][flwr][INFO] - fit progress: (89, 110.95819108188152, {'accuracy': 0.8434540389972145}, 9698.838582613505)
[2024-10-03 02:40:21,973][flwr][INFO] - configure_evaluate: strategy sampled 2 clients (out of 50)
[2024-10-03 02:40:23,805][flwr][INFO] - aggregate_evaluate: received 2 results and 0 failures
[2024-10-03 02:40:23,805][flwr][INFO] - 
[2024-10-03 02:40:23,805][flwr][INFO] - [ROUND 90]
[2024-10-03 02:40:23,805][flwr][INFO] - configure_fit: strategy sampled 5 clients (out of 50)
[2024-10-03 02:41:38,200][flwr][INFO] - aggregate_fit: received 5 results and 0 failures
[2024-10-03 02:41:58,420][flwr][INFO] - fit progress: (90, 127.15332171320915, {'accuracy': 0.8243732590529248}, 9795.286204732955)
[2024-10-03 02:41:58,421][flwr][INFO] - configure_evaluate: strategy sampled 2 clients (out of 50)
[2024-10-03 02:42:00,651][flwr][INFO] - aggregate_evaluate: received 2 results and 0 failures
[2024-10-03 02:42:00,652][flwr][INFO] - 
[2024-10-03 02:42:00,652][flwr][INFO] - [ROUND 91]
[2024-10-03 02:42:00,652][flwr][INFO] - configure_fit: strategy sampled 5 clients (out of 50)
[2024-10-03 02:43:57,903][flwr][INFO] - aggregate_fit: received 5 results and 0 failures
[2024-10-03 02:44:17,526][flwr][INFO] - fit progress: (91, 131.84874357283115, {'accuracy': 0.8284122562674094}, 9934.392361721955)
[2024-10-03 02:44:17,526][flwr][INFO] - configure_evaluate: strategy sampled 2 clients (out of 50)
[2024-10-03 02:44:19,431][flwr][INFO] - aggregate_evaluate: received 2 results and 0 failures
[2024-10-03 02:44:19,431][flwr][INFO] - 
[2024-10-03 02:44:19,431][flwr][INFO] - [ROUND 92]
[2024-10-03 02:44:19,431][flwr][INFO] - configure_fit: strategy sampled 5 clients (out of 50)
[2024-10-03 02:45:26,405][flwr][INFO] - aggregate_fit: received 5 results and 0 failures
[2024-10-03 02:45:45,958][flwr][INFO] - fit progress: (92, 130.21097947657108, {'accuracy': 0.8377437325905293}, 10022.82413364295)
[2024-10-03 02:45:45,958][flwr][INFO] - configure_evaluate: strategy sampled 2 clients (out of 50)
[2024-10-03 02:45:47,973][flwr][INFO] - aggregate_evaluate: received 2 results and 0 failures
[2024-10-03 02:45:47,974][flwr][INFO] - 
[2024-10-03 02:45:47,974][flwr][INFO] - [ROUND 93]
[2024-10-03 02:45:47,975][flwr][INFO] - configure_fit: strategy sampled 5 clients (out of 50)
[2024-10-03 02:47:34,264][flwr][INFO] - aggregate_fit: received 5 results and 0 failures
[2024-10-03 02:47:53,910][flwr][INFO] - fit progress: (93, 112.27209727466106, {'accuracy': 0.8505571030640668}, 10150.776765682735)
[2024-10-03 02:47:53,912][flwr][INFO] - configure_evaluate: strategy sampled 2 clients (out of 50)
[2024-10-03 02:47:56,404][flwr][INFO] - aggregate_evaluate: received 2 results and 0 failures
[2024-10-03 02:47:56,405][flwr][INFO] - 
[2024-10-03 02:47:56,405][flwr][INFO] - [ROUND 94]
[2024-10-03 02:47:56,405][flwr][INFO] - configure_fit: strategy sampled 5 clients (out of 50)
[2024-10-03 02:49:08,647][flwr][INFO] - aggregate_fit: received 5 results and 0 failures
[2024-10-03 02:49:28,152][flwr][INFO] - fit progress: (94, 127.92116797342896, {'accuracy': 0.8479108635097493}, 10245.01830173377)
[2024-10-03 02:49:28,152][flwr][INFO] - configure_evaluate: strategy sampled 2 clients (out of 50)
[2024-10-03 02:49:30,356][flwr][INFO] - aggregate_evaluate: received 2 results and 0 failures
[2024-10-03 02:49:30,357][flwr][INFO] - 
[2024-10-03 02:49:30,357][flwr][INFO] - [ROUND 95]
[2024-10-03 02:49:30,357][flwr][INFO] - configure_fit: strategy sampled 5 clients (out of 50)
[2024-10-03 02:50:19,279][flwr][INFO] - aggregate_fit: received 5 results and 0 failures
[2024-10-03 02:50:38,033][flwr][INFO] - fit progress: (95, 124.36033816635609, {'accuracy': 0.8275766016713092}, 10314.899470469914)
[2024-10-03 02:50:38,033][flwr][INFO] - configure_evaluate: strategy sampled 2 clients (out of 50)
[2024-10-03 02:50:41,364][flwr][INFO] - aggregate_evaluate: received 2 results and 0 failures
[2024-10-03 02:50:41,364][flwr][INFO] - 
[2024-10-03 02:50:41,365][flwr][INFO] - [ROUND 96]
[2024-10-03 02:50:41,365][flwr][INFO] - configure_fit: strategy sampled 5 clients (out of 50)
[2024-10-03 02:51:48,211][flwr][INFO] - aggregate_fit: received 5 results and 0 failures
[2024-10-03 02:52:07,139][flwr][INFO] - fit progress: (96, 132.45929746329784, {'accuracy': 0.8220055710306406}, 10404.005277819932)
[2024-10-03 02:52:07,140][flwr][INFO] - configure_evaluate: strategy sampled 2 clients (out of 50)
[2024-10-03 02:52:09,419][flwr][INFO] - aggregate_evaluate: received 2 results and 0 failures
[2024-10-03 02:52:09,419][flwr][INFO] - 
[2024-10-03 02:52:09,419][flwr][INFO] - [ROUND 97]
[2024-10-03 02:52:09,419][flwr][INFO] - configure_fit: strategy sampled 5 clients (out of 50)
[2024-10-03 02:54:00,515][flwr][INFO] - aggregate_fit: received 5 results and 0 failures
[2024-10-03 02:54:21,143][flwr][INFO] - fit progress: (97, 115.58402010798454, {'accuracy': 0.8579387186629527}, 10538.009816264734)
[2024-10-03 02:54:21,144][flwr][INFO] - configure_evaluate: strategy sampled 2 clients (out of 50)
[2024-10-03 02:54:24,688][flwr][INFO] - aggregate_evaluate: received 2 results and 0 failures
[2024-10-03 02:54:24,688][flwr][INFO] - 
[2024-10-03 02:54:24,689][flwr][INFO] - [ROUND 98]
[2024-10-03 02:54:24,689][flwr][INFO] - configure_fit: strategy sampled 5 clients (out of 50)
[2024-10-03 02:55:08,738][flwr][INFO] - aggregate_fit: received 5 results and 0 failures
[2024-10-03 02:55:26,868][flwr][INFO] - fit progress: (98, 128.2912144958973, {'accuracy': 0.8296657381615599}, 10603.734277146868)
[2024-10-03 02:55:26,868][flwr][INFO] - configure_evaluate: strategy sampled 2 clients (out of 50)
[2024-10-03 02:55:29,193][flwr][INFO] - aggregate_evaluate: received 2 results and 0 failures
[2024-10-03 02:55:29,193][flwr][INFO] - 
[2024-10-03 02:55:29,193][flwr][INFO] - [ROUND 99]
[2024-10-03 02:55:29,193][flwr][INFO] - configure_fit: strategy sampled 5 clients (out of 50)
[2024-10-03 02:56:51,920][flwr][INFO] - aggregate_fit: received 5 results and 0 failures
[2024-10-03 02:57:11,038][flwr][INFO] - fit progress: (99, 121.00308054685593, {'accuracy': 0.8465181058495822}, 10707.904248147272)
[2024-10-03 02:57:11,038][flwr][INFO] - configure_evaluate: strategy sampled 2 clients (out of 50)
[2024-10-03 02:57:14,844][flwr][INFO] - aggregate_evaluate: received 2 results and 0 failures
[2024-10-03 02:57:14,844][flwr][INFO] - 
[2024-10-03 02:57:14,844][flwr][INFO] - [ROUND 100]
[2024-10-03 02:57:14,844][flwr][INFO] - configure_fit: strategy sampled 5 clients (out of 50)
[2024-10-03 02:58:40,670][flwr][INFO] - aggregate_fit: received 5 results and 0 failures
[2024-10-03 02:59:00,607][flwr][INFO] - fit progress: (100, 143.84344120323658, {'accuracy': 0.81991643454039}, 10817.473794485442)
[2024-10-03 02:59:00,608][flwr][INFO] - configure_evaluate: strategy sampled 2 clients (out of 50)
[2024-10-03 02:59:03,731][flwr][INFO] - aggregate_evaluate: received 2 results and 0 failures
[2024-10-03 02:59:03,737][flwr][INFO] - 
[2024-10-03 02:59:03,737][flwr][INFO] - [SUMMARY]
[2024-10-03 02:59:03,737][flwr][INFO] - Run finished 100 round(s) in 10820.60s
[2024-10-03 02:59:03,740][flwr][INFO] - 	History (loss, distributed):
[2024-10-03 02:59:03,741][flwr][INFO] - 		round 1: 4.4898336571616095
[2024-10-03 02:59:03,741][flwr][INFO] - 		round 2: 6.324007045758943
[2024-10-03 02:59:03,742][flwr][INFO] - 		round 3: 5.694846944118056
[2024-10-03 02:59:03,742][flwr][INFO] - 		round 4: 4.256809393109428
[2024-10-03 02:59:03,742][flwr][INFO] - 		round 5: 1.6970070050963273
[2024-10-03 02:59:03,742][flwr][INFO] - 		round 6: 1.7775358084634125
[2024-10-03 02:59:03,742][flwr][INFO] - 		round 7: 3.2238268582285317
[2024-10-03 02:59:03,742][flwr][INFO] - 		round 8: 3.057664585541973
[2024-10-03 02:59:03,742][flwr][INFO] - 		round 9: 3.3985760896953185
[2024-10-03 02:59:03,742][flwr][INFO] - 		round 10: 1.0434831026054563
[2024-10-03 02:59:03,742][flwr][INFO] - 		round 11: 1.3452794693659673
[2024-10-03 02:59:03,743][flwr][INFO] - 		round 12: 1.694839034087497
[2024-10-03 02:59:03,743][flwr][INFO] - 		round 13: 0.7875740274037949
[2024-10-03 02:59:03,743][flwr][INFO] - 		round 14: 0.9198710482589082
[2024-10-03 02:59:03,743][flwr][INFO] - 		round 15: 1.8311734557918413
[2024-10-03 02:59:03,743][flwr][INFO] - 		round 16: 1.664925870987085
[2024-10-03 02:59:03,743][flwr][INFO] - 		round 17: 1.2916497975498078
[2024-10-03 02:59:03,743][flwr][INFO] - 		round 18: 2.58712262171103
[2024-10-03 02:59:03,743][flwr][INFO] - 		round 19: 1.650716383526795
[2024-10-03 02:59:03,743][flwr][INFO] - 		round 20: 1.154210578684413
[2024-10-03 02:59:03,744][flwr][INFO] - 		round 21: 0.8757078945636749
[2024-10-03 02:59:03,744][flwr][INFO] - 		round 22: 2.453606751760653
[2024-10-03 02:59:03,744][flwr][INFO] - 		round 23: 1.3297441895219528
[2024-10-03 02:59:03,744][flwr][INFO] - 		round 24: 1.9378560278789108
[2024-10-03 02:59:03,744][flwr][INFO] - 		round 25: 1.3234274790725242
[2024-10-03 02:59:03,744][flwr][INFO] - 		round 26: 1.187195061151024
[2024-10-03 02:59:03,744][flwr][INFO] - 		round 27: 1.4713312909887755
[2024-10-03 02:59:03,744][flwr][INFO] - 		round 28: 1.0344305295835843
[2024-10-03 02:59:03,744][flwr][INFO] - 		round 29: 0.9377270778442951
[2024-10-03 02:59:03,745][flwr][INFO] - 		round 30: 2.157415175042446
[2024-10-03 02:59:03,745][flwr][INFO] - 		round 31: 0.522180707876881
[2024-10-03 02:59:03,745][flwr][INFO] - 		round 32: 0.5682316643263524
[2024-10-03 02:59:03,745][flwr][INFO] - 		round 33: 1.1685364658864128
[2024-10-03 02:59:03,745][flwr][INFO] - 		round 34: 1.0955322122935094
[2024-10-03 02:59:03,745][flwr][INFO] - 		round 35: 1.1562024543096807
[2024-10-03 02:59:03,745][flwr][INFO] - 		round 36: 1.9947305230597852
[2024-10-03 02:59:03,745][flwr][INFO] - 		round 37: 0.6108462104605417
[2024-10-03 02:59:03,745][flwr][INFO] - 		round 38: 0.6770010745793676
[2024-10-03 02:59:03,746][flwr][INFO] - 		round 39: 1.3798550101630207
[2024-10-03 02:59:03,746][flwr][INFO] - 		round 40: 0.8632475871388782
[2024-10-03 02:59:03,746][flwr][INFO] - 		round 41: 1.3857758137461258
[2024-10-03 02:59:03,746][flwr][INFO] - 		round 42: 1.8720319988977843
[2024-10-03 02:59:03,746][flwr][INFO] - 		round 43: 1.2272921272325066
[2024-10-03 02:59:03,746][flwr][INFO] - 		round 44: 0.754511002606992
[2024-10-03 02:59:03,746][flwr][INFO] - 		round 45: 1.4232941248800073
[2024-10-03 02:59:03,746][flwr][INFO] - 		round 46: 1.5011868056079203
[2024-10-03 02:59:03,746][flwr][INFO] - 		round 47: 1.4246161136675526
[2024-10-03 02:59:03,746][flwr][INFO] - 		round 48: 1.3985270349335333
[2024-10-03 02:59:03,747][flwr][INFO] - 		round 49: 1.4040583568951388
[2024-10-03 02:59:03,747][flwr][INFO] - 		round 50: 0.7873340154723297
[2024-10-03 02:59:03,747][flwr][INFO] - 		round 51: 1.528896376745625
[2024-10-03 02:59:03,747][flwr][INFO] - 		round 52: 1.1800004704215656
[2024-10-03 02:59:03,747][flwr][INFO] - 		round 53: 0.7742258809281118
[2024-10-03 02:59:03,747][flwr][INFO] - 		round 54: 1.186722160823863
[2024-10-03 02:59:03,747][flwr][INFO] - 		round 55: 0.9238030643950046
[2024-10-03 02:59:03,747][flwr][INFO] - 		round 56: 1.0071897482492898
[2024-10-03 02:59:03,747][flwr][INFO] - 		round 57: 0.8463660082575271
[2024-10-03 02:59:03,747][flwr][INFO] - 		round 58: 1.824093255437225
[2024-10-03 02:59:03,748][flwr][INFO] - 		round 59: 1.3737233703153846
[2024-10-03 02:59:03,748][flwr][INFO] - 		round 60: 1.231971719898755
[2024-10-03 02:59:03,748][flwr][INFO] - 		round 61: 0.5865981466875175
[2024-10-03 02:59:03,748][flwr][INFO] - 		round 62: 0.8353859218973784
[2024-10-03 02:59:03,748][flwr][INFO] - 		round 63: 1.3145029594602644
[2024-10-03 02:59:03,748][flwr][INFO] - 		round 64: 0.683131591623856
[2024-10-03 02:59:03,748][flwr][INFO] - 		round 65: 1.511052289291432
[2024-10-03 02:59:03,748][flwr][INFO] - 		round 66: 0.6362190091200034
[2024-10-03 02:59:03,748][flwr][INFO] - 		round 67: 1.6647818733176047
[2024-10-03 02:59:03,749][flwr][INFO] - 		round 68: 0.8899241277934812
[2024-10-03 02:59:03,749][flwr][INFO] - 		round 69: 1.6853324752173107
[2024-10-03 02:59:03,749][flwr][INFO] - 		round 70: 0.6005395245265196
[2024-10-03 02:59:03,749][flwr][INFO] - 		round 71: 1.260106702476168
[2024-10-03 02:59:03,749][flwr][INFO] - 		round 72: 1.688501109699329
[2024-10-03 02:59:03,749][flwr][INFO] - 		round 73: 1.3458129409366024
[2024-10-03 02:59:03,749][flwr][INFO] - 		round 74: 1.671760129940679
[2024-10-03 02:59:03,749][flwr][INFO] - 		round 75: 1.8593708791485875
[2024-10-03 02:59:03,749][flwr][INFO] - 		round 76: 0.7535939414120285
[2024-10-03 02:59:03,749][flwr][INFO] - 		round 77: 1.5694188331023302
[2024-10-03 02:59:03,750][flwr][INFO] - 		round 78: 1.166936578117559
[2024-10-03 02:59:03,750][flwr][INFO] - 		round 79: 0.92333119212528
[2024-10-03 02:59:03,750][flwr][INFO] - 		round 80: 1.341662708269663
[2024-10-03 02:59:03,750][flwr][INFO] - 		round 81: 0.5430742328488835
[2024-10-03 02:59:03,750][flwr][INFO] - 		round 82: 0.6049780552442983
[2024-10-03 02:59:03,750][flwr][INFO] - 		round 83: 1.4816950508522697
[2024-10-03 02:59:03,750][flwr][INFO] - 		round 84: 0.9050961956381798
[2024-10-03 02:59:03,750][flwr][INFO] - 		round 85: 2.403977963733248
[2024-10-03 02:59:03,750][flwr][INFO] - 		round 86: 0.5790117020669736
[2024-10-03 02:59:03,750][flwr][INFO] - 		round 87: 1.1360312448393914
[2024-10-03 02:59:03,751][flwr][INFO] - 		round 88: 1.5372970801365526
[2024-10-03 02:59:03,751][flwr][INFO] - 		round 89: 0.7386297597264757
[2024-10-03 02:59:03,751][flwr][INFO] - 		round 90: 1.0338985843365418
[2024-10-03 02:59:03,751][flwr][INFO] - 		round 91: 0.8267282602524665
[2024-10-03 02:59:03,751][flwr][INFO] - 		round 92: 1.8728021639602872
[2024-10-03 02:59:03,751][flwr][INFO] - 		round 93: 2.061243504210337
[2024-10-03 02:59:03,751][flwr][INFO] - 		round 94: 1.4743275743030824
[2024-10-03 02:59:03,751][flwr][INFO] - 		round 95: 0.68669144079603
[2024-10-03 02:59:03,751][flwr][INFO] - 		round 96: 1.1329457129257312
[2024-10-03 02:59:03,751][flwr][INFO] - 		round 97: 2.0417510730475774
[2024-10-03 02:59:03,751][flwr][INFO] - 		round 98: 1.2487590386388228
[2024-10-03 02:59:03,751][flwr][INFO] - 		round 99: 2.3517923088891335
[2024-10-03 02:59:03,752][flwr][INFO] - 		round 100: 1.2909050137767188
[2024-10-03 02:59:03,752][flwr][INFO] - 	History (loss, centralized):
[2024-10-03 02:59:03,752][flwr][INFO] - 		round 0: 506.09852862358093
[2024-10-03 02:59:03,752][flwr][INFO] - 		round 1: 392.3319648504257
[2024-10-03 02:59:03,752][flwr][INFO] - 		round 2: 306.0198093056679
[2024-10-03 02:59:03,752][flwr][INFO] - 		round 3: 284.72915583848953
[2024-10-03 02:59:03,752][flwr][INFO] - 		round 4: 255.95333182811737
[2024-10-03 02:59:03,752][flwr][INFO] - 		round 5: 191.38704451918602
[2024-10-03 02:59:03,752][flwr][INFO] - 		round 6: 155.69229033589363
[2024-10-03 02:59:03,752][flwr][INFO] - 		round 7: 134.03844211995602
[2024-10-03 02:59:03,752][flwr][INFO] - 		round 8: 138.75614908337593
[2024-10-03 02:59:03,752][flwr][INFO] - 		round 9: 166.42592871189117
[2024-10-03 02:59:03,752][flwr][INFO] - 		round 10: 128.3930897861719
[2024-10-03 02:59:03,752][flwr][INFO] - 		round 11: 126.72099477052689
[2024-10-03 02:59:03,752][flwr][INFO] - 		round 12: 116.2207198292017
[2024-10-03 02:59:03,753][flwr][INFO] - 		round 13: 126.30754664540291
[2024-10-03 02:59:03,753][flwr][INFO] - 		round 14: 119.73210267722607
[2024-10-03 02:59:03,753][flwr][INFO] - 		round 15: 131.37745341658592
[2024-10-03 02:59:03,753][flwr][INFO] - 		round 16: 110.61937525868416
[2024-10-03 02:59:03,753][flwr][INFO] - 		round 17: 112.57270891964436
[2024-10-03 02:59:03,753][flwr][INFO] - 		round 18: 107.48810940980911
[2024-10-03 02:59:03,753][flwr][INFO] - 		round 19: 112.23016853630543
[2024-10-03 02:59:03,753][flwr][INFO] - 		round 20: 118.34012159705162
[2024-10-03 02:59:03,753][flwr][INFO] - 		round 21: 102.38808037340641
[2024-10-03 02:59:03,753][flwr][INFO] - 		round 22: 137.70935060083866
[2024-10-03 02:59:03,753][flwr][INFO] - 		round 23: 108.65372118353844
[2024-10-03 02:59:03,753][flwr][INFO] - 		round 24: 95.75934746861458
[2024-10-03 02:59:03,753][flwr][INFO] - 		round 25: 110.00461422652006
[2024-10-03 02:59:03,753][flwr][INFO] - 		round 26: 107.30672509968281
[2024-10-03 02:59:03,754][flwr][INFO] - 		round 27: 109.14610101282597
[2024-10-03 02:59:03,754][flwr][INFO] - 		round 28: 102.7829266935587
[2024-10-03 02:59:03,754][flwr][INFO] - 		round 29: 113.10201188921928
[2024-10-03 02:59:03,754][flwr][INFO] - 		round 30: 107.5645232796669
[2024-10-03 02:59:03,754][flwr][INFO] - 		round 31: 112.56379871070385
[2024-10-03 02:59:03,754][flwr][INFO] - 		round 32: 112.09767966717482
[2024-10-03 02:59:03,754][flwr][INFO] - 		round 33: 126.78810366988182
[2024-10-03 02:59:03,754][flwr][INFO] - 		round 34: 108.26647256314754
[2024-10-03 02:59:03,754][flwr][INFO] - 		round 35: 111.10019941627979
[2024-10-03 02:59:03,754][flwr][INFO] - 		round 36: 114.64901677519083
[2024-10-03 02:59:03,755][flwr][INFO] - 		round 37: 105.35951751470566
[2024-10-03 02:59:03,755][flwr][INFO] - 		round 38: 107.68796902894974
[2024-10-03 02:59:03,755][flwr][INFO] - 		round 39: 116.74057814478874
[2024-10-03 02:59:03,755][flwr][INFO] - 		round 40: 114.39629665017128
[2024-10-03 02:59:03,755][flwr][INFO] - 		round 41: 106.54948455095291
[2024-10-03 02:59:03,755][flwr][INFO] - 		round 42: 102.31762218475342
[2024-10-03 02:59:03,755][flwr][INFO] - 		round 43: 106.12490278482437
[2024-10-03 02:59:03,755][flwr][INFO] - 		round 44: 103.08104849606752
[2024-10-03 02:59:03,755][flwr][INFO] - 		round 45: 105.92863465845585
[2024-10-03 02:59:03,756][flwr][INFO] - 		round 46: 105.41599725931883
[2024-10-03 02:59:03,756][flwr][INFO] - 		round 47: 117.93519329279661
[2024-10-03 02:59:03,756][flwr][INFO] - 		round 48: 113.44434823840857
[2024-10-03 02:59:03,756][flwr][INFO] - 		round 49: 105.50562059134245
[2024-10-03 02:59:03,756][flwr][INFO] - 		round 50: 115.1617144048214
[2024-10-03 02:59:03,756][flwr][INFO] - 		round 51: 138.86850795149803
[2024-10-03 02:59:03,756][flwr][INFO] - 		round 52: 107.96455340087414
[2024-10-03 02:59:03,756][flwr][INFO] - 		round 53: 121.74099911004305
[2024-10-03 02:59:03,756][flwr][INFO] - 		round 54: 116.87236472964287
[2024-10-03 02:59:03,756][flwr][INFO] - 		round 55: 123.16603874415159
[2024-10-03 02:59:03,757][flwr][INFO] - 		round 56: 122.66609719395638
[2024-10-03 02:59:03,757][flwr][INFO] - 		round 57: 105.8581251502037
[2024-10-03 02:59:03,757][flwr][INFO] - 		round 58: 110.08784511685371
[2024-10-03 02:59:03,757][flwr][INFO] - 		round 59: 110.48945140838623
[2024-10-03 02:59:03,757][flwr][INFO] - 		round 60: 114.59836834669113
[2024-10-03 02:59:03,757][flwr][INFO] - 		round 61: 128.73438726365566
[2024-10-03 02:59:03,757][flwr][INFO] - 		round 62: 131.89045469462872
[2024-10-03 02:59:03,757][flwr][INFO] - 		round 63: 129.2041449174285
[2024-10-03 02:59:03,757][flwr][INFO] - 		round 64: 117.60451615601778
[2024-10-03 02:59:03,757][flwr][INFO] - 		round 65: 122.25150073319674
[2024-10-03 02:59:03,758][flwr][INFO] - 		round 66: 113.11461336910725
[2024-10-03 02:59:03,758][flwr][INFO] - 		round 67: 115.75257025659084
[2024-10-03 02:59:03,758][flwr][INFO] - 		round 68: 106.94752638787031
[2024-10-03 02:59:03,758][flwr][INFO] - 		round 69: 121.65910744667053
[2024-10-03 02:59:03,758][flwr][INFO] - 		round 70: 112.50698393583298
[2024-10-03 02:59:03,758][flwr][INFO] - 		round 71: 134.71003533899784
[2024-10-03 02:59:03,758][flwr][INFO] - 		round 72: 112.62532287836075
[2024-10-03 02:59:03,758][flwr][INFO] - 		round 73: 122.11136992275715
[2024-10-03 02:59:03,758][flwr][INFO] - 		round 74: 107.19281374663115
[2024-10-03 02:59:03,759][flwr][INFO] - 		round 75: 125.22054013609886
[2024-10-03 02:59:03,759][flwr][INFO] - 		round 76: 120.54395440220833
[2024-10-03 02:59:03,759][flwr][INFO] - 		round 77: 108.66057152301073
[2024-10-03 02:59:03,759][flwr][INFO] - 		round 78: 122.02302770316601
[2024-10-03 02:59:03,759][flwr][INFO] - 		round 79: 114.16983991116285
[2024-10-03 02:59:03,759][flwr][INFO] - 		round 80: 119.06611514091492
[2024-10-03 02:59:03,759][flwr][INFO] - 		round 81: 112.91785200685263
[2024-10-03 02:59:03,759][flwr][INFO] - 		round 82: 130.1192034482956
[2024-10-03 02:59:03,759][flwr][INFO] - 		round 83: 113.79057613015175
[2024-10-03 02:59:03,759][flwr][INFO] - 		round 84: 110.32626488804817
[2024-10-03 02:59:03,760][flwr][INFO] - 		round 85: 130.3999741077423
[2024-10-03 02:59:03,760][flwr][INFO] - 		round 86: 114.08583953976631
[2024-10-03 02:59:03,760][flwr][INFO] - 		round 87: 114.0473929271102
[2024-10-03 02:59:03,760][flwr][INFO] - 		round 88: 130.1238969564438
[2024-10-03 02:59:03,760][flwr][INFO] - 		round 89: 110.95819108188152
[2024-10-03 02:59:03,760][flwr][INFO] - 		round 90: 127.15332171320915
[2024-10-03 02:59:03,760][flwr][INFO] - 		round 91: 131.84874357283115
[2024-10-03 02:59:03,760][flwr][INFO] - 		round 92: 130.21097947657108
[2024-10-03 02:59:03,760][flwr][INFO] - 		round 93: 112.27209727466106
[2024-10-03 02:59:03,760][flwr][INFO] - 		round 94: 127.92116797342896
[2024-10-03 02:59:03,761][flwr][INFO] - 		round 95: 124.36033816635609
[2024-10-03 02:59:03,761][flwr][INFO] - 		round 96: 132.45929746329784
[2024-10-03 02:59:03,761][flwr][INFO] - 		round 97: 115.58402010798454
[2024-10-03 02:59:03,761][flwr][INFO] - 		round 98: 128.2912144958973
[2024-10-03 02:59:03,761][flwr][INFO] - 		round 99: 121.00308054685593
[2024-10-03 02:59:03,761][flwr][INFO] - 		round 100: 143.84344120323658
[2024-10-03 02:59:03,761][flwr][INFO] - 	History (metrics, distributed, evaluate):
[2024-10-03 02:59:03,761][flwr][INFO] - 	{'accuracy': [(1, 0.5567567567567567),
[2024-10-03 02:59:03,761][flwr][INFO] - 	              (2, 0.540045766590389),
[2024-10-03 02:59:03,761][flwr][INFO] - 	              (3, 0.5486935866983373),
[2024-10-03 02:59:03,762][flwr][INFO] - 	              (4, 0.5673352435530086),
[2024-10-03 02:59:03,762][flwr][INFO] - 	              (5, 0.7872340425531915),
[2024-10-03 02:59:03,762][flwr][INFO] - 	              (6, 0.7921686746987951),
[2024-10-03 02:59:03,762][flwr][INFO] - 	              (7, 0.7898550724637681),
[2024-10-03 02:59:03,762][flwr][INFO] - 	              (8, 0.7928118393234672),
[2024-10-03 02:59:03,762][flwr][INFO] - 	              (9, 0.697228144989339),
[2024-10-03 02:59:03,762][flwr][INFO] - 	              (10, 0.8285714285714286),
[2024-10-03 02:59:03,762][flwr][INFO] - 	              (11, 0.8141263940520446),
[2024-10-03 02:59:03,762][flwr][INFO] - 	              (12, 0.8035190615835777),
[2024-10-03 02:59:03,762][flwr][INFO] - 	              (13, 0.9232804232804233),
[2024-10-03 02:59:03,762][flwr][INFO] - 	              (14, 0.8930635838150289),
[2024-10-03 02:59:03,763][flwr][INFO] - 	              (15, 0.8553054662379421),
[2024-10-03 02:59:03,763][flwr][INFO] - 	              (16, 0.8269230769230769),
[2024-10-03 02:59:03,763][flwr][INFO] - 	              (17, 0.8343373493975904),
[2024-10-03 02:59:03,763][flwr][INFO] - 	              (18, 0.822429906542056),
[2024-10-03 02:59:03,763][flwr][INFO] - 	              (19, 0.8175182481751825),
[2024-10-03 02:59:03,763][flwr][INFO] - 	              (20, 0.8853211009174312),
[2024-10-03 02:59:03,763][flwr][INFO] - 	              (21, 0.8866666666666667),
[2024-10-03 02:59:03,763][flwr][INFO] - 	              (22, 0.8255578093306288),
[2024-10-03 02:59:03,763][flwr][INFO] - 	              (23, 0.8776758409785933),
[2024-10-03 02:59:03,763][flwr][INFO] - 	              (24, 0.8265060240963855),
[2024-10-03 02:59:03,764][flwr][INFO] - 	              (25, 0.8663239074550129),
[2024-10-03 02:59:03,764][flwr][INFO] - 	              (26, 0.8925831202046036),
[2024-10-03 02:59:03,764][flwr][INFO] - 	              (27, 0.8841607565011821),
[2024-10-03 02:59:03,764][flwr][INFO] - 	              (28, 0.8909090909090909),
[2024-10-03 02:59:03,764][flwr][INFO] - 	              (29, 0.8971631205673759),
[2024-10-03 02:59:03,764][flwr][INFO] - 	              (30, 0.8625592417061612),
[2024-10-03 02:59:03,764][flwr][INFO] - 	              (31, 0.925),
[2024-10-03 02:59:03,764][flwr][INFO] - 	              (32, 0.9270833333333334),
[2024-10-03 02:59:03,764][flwr][INFO] - 	              (33, 0.8675496688741722),
[2024-10-03 02:59:03,764][flwr][INFO] - 	              (34, 0.8874458874458875),
[2024-10-03 02:59:03,765][flwr][INFO] - 	              (35, 0.8766756032171582),
[2024-10-03 02:59:03,765][flwr][INFO] - 	              (36, 0.852882703777336),
[2024-10-03 02:59:03,765][flwr][INFO] - 	              (37, 0.9322033898305084),
[2024-10-03 02:59:03,765][flwr][INFO] - 	              (38, 0.9228295819935691),
[2024-10-03 02:59:03,765][flwr][INFO] - 	              (39, 0.8497536945812808),
[2024-10-03 02:59:03,765][flwr][INFO] - 	              (40, 0.8904899135446686),
[2024-10-03 02:59:03,765][flwr][INFO] - 	              (41, 0.8712328767123287),
[2024-10-03 02:59:03,765][flwr][INFO] - 	              (42, 0.8287292817679558),
[2024-10-03 02:59:03,765][flwr][INFO] - 	              (43, 0.8943396226415095),
[2024-10-03 02:59:03,765][flwr][INFO] - 	              (44, 0.8897338403041825),
[2024-10-03 02:59:03,766][flwr][INFO] - 	              (45, 0.8942857142857142),
[2024-10-03 02:59:03,766][flwr][INFO] - 	              (46, 0.8494318181818182),
[2024-10-03 02:59:03,766][flwr][INFO] - 	              (47, 0.8783783783783784),
[2024-10-03 02:59:03,766][flwr][INFO] - 	              (48, 0.9123222748815166),
[2024-10-03 02:59:03,766][flwr][INFO] - 	              (49, 0.898238747553816),
[2024-10-03 02:59:03,766][flwr][INFO] - 	              (50, 0.9100719424460432),
[2024-10-03 02:59:03,766][flwr][INFO] - 	              (51, 0.8557457212713936),
[2024-10-03 02:59:03,766][flwr][INFO] - 	              (52, 0.8977635782747604),
[2024-10-03 02:59:03,766][flwr][INFO] - 	              (53, 0.9166666666666666),
[2024-10-03 02:59:03,766][flwr][INFO] - 	              (54, 0.900804289544236),
[2024-10-03 02:59:03,766][flwr][INFO] - 	              (55, 0.8697183098591549),
[2024-10-03 02:59:03,767][flwr][INFO] - 	              (56, 0.872791519434629),
[2024-10-03 02:59:03,767][flwr][INFO] - 	              (57, 0.9224806201550387),
[2024-10-03 02:59:03,767][flwr][INFO] - 	              (58, 0.8190184049079755),
[2024-10-03 02:59:03,767][flwr][INFO] - 	              (59, 0.8734793187347932),
[2024-10-03 02:59:03,767][flwr][INFO] - 	              (60, 0.9164556962025316),
[2024-10-03 02:59:03,767][flwr][INFO] - 	              (61, 0.9222797927461139),
[2024-10-03 02:59:03,767][flwr][INFO] - 	              (62, 0.8867924528301887),
[2024-10-03 02:59:03,767][flwr][INFO] - 	              (63, 0.8989071038251366),
[2024-10-03 02:59:03,767][flwr][INFO] - 	              (64, 0.9270833333333334),
[2024-10-03 02:59:03,767][flwr][INFO] - 	              (65, 0.8947368421052632),
[2024-10-03 02:59:03,768][flwr][INFO] - 	              (66, 0.9256505576208178),
[2024-10-03 02:59:03,768][flwr][INFO] - 	              (67, 0.8954545454545455),
[2024-10-03 02:59:03,768][flwr][INFO] - 	              (68, 0.9148936170212766),
[2024-10-03 02:59:03,768][flwr][INFO] - 	              (69, 0.9016018306636155),
[2024-10-03 02:59:03,768][flwr][INFO] - 	              (70, 0.8823529411764706),
[2024-10-03 02:59:03,768][flwr][INFO] - 	              (71, 0.9019189765458422),
[2024-10-03 02:59:03,768][flwr][INFO] - 	              (72, 0.8705179282868526),
[2024-10-03 02:59:03,768][flwr][INFO] - 	              (73, 0.8712574850299402),
[2024-10-03 02:59:03,768][flwr][INFO] - 	              (74, 0.8864097363083164),
[2024-10-03 02:59:03,768][flwr][INFO] - 	              (75, 0.8819599109131403),
[2024-10-03 02:59:03,768][flwr][INFO] - 	              (76, 0.9260355029585798),
[2024-10-03 02:59:03,769][flwr][INFO] - 	              (77, 0.8787128712871287),
[2024-10-03 02:59:03,769][flwr][INFO] - 	              (78, 0.926829268292683),
[2024-10-03 02:59:03,769][flwr][INFO] - 	              (79, 0.8515901060070671),
[2024-10-03 02:59:03,769][flwr][INFO] - 	              (80, 0.8842975206611571),
[2024-10-03 02:59:03,769][flwr][INFO] - 	              (81, 0.9365079365079365),
[2024-10-03 02:59:03,769][flwr][INFO] - 	              (82, 0.920863309352518),
[2024-10-03 02:59:03,769][flwr][INFO] - 	              (83, 0.9027777777777778),
[2024-10-03 02:59:03,769][flwr][INFO] - 	              (84, 0.9),
[2024-10-03 02:59:03,769][flwr][INFO] - 	              (85, 0.8663697104677061),
[2024-10-03 02:59:03,769][flwr][INFO] - 	              (86, 0.9263157894736842),
[2024-10-03 02:59:03,770][flwr][INFO] - 	              (87, 0.9311827956989247),
[2024-10-03 02:59:03,770][flwr][INFO] - 	              (88, 0.8632911392405064),
[2024-10-03 02:59:03,770][flwr][INFO] - 	              (89, 0.9081632653061225),
[2024-10-03 02:59:03,770][flwr][INFO] - 	              (90, 0.888268156424581),
[2024-10-03 02:59:03,770][flwr][INFO] - 	              (91, 0.9034749034749034),
[2024-10-03 02:59:03,770][flwr][INFO] - 	              (92, 0.9008746355685131),
[2024-10-03 02:59:03,770][flwr][INFO] - 	              (93, 0.84688995215311),
[2024-10-03 02:59:03,770][flwr][INFO] - 	              (94, 0.8767772511848341),
[2024-10-03 02:59:03,770][flwr][INFO] - 	              (95, 0.9275862068965517),
[2024-10-03 02:59:03,770][flwr][INFO] - 	              (96, 0.881159420289855),
[2024-10-03 02:59:03,771][flwr][INFO] - 	              (97, 0.8656126482213439),
[2024-10-03 02:59:03,771][flwr][INFO] - 	              (98, 0.9010309278350516),
[2024-10-03 02:59:03,771][flwr][INFO] - 	              (99, 0.9136842105263158),
[2024-10-03 02:59:03,771][flwr][INFO] - 	              (100, 0.917312661498708)]}
[2024-10-03 02:59:03,771][flwr][INFO] - 	History (metrics, centralized):
[2024-10-03 02:59:03,771][flwr][INFO] - 	{'accuracy': [(0, 0.06364902506963788),
[2024-10-03 02:59:03,771][flwr][INFO] - 	              (1, 0.5115598885793872),
[2024-10-03 02:59:03,771][flwr][INFO] - 	              (2, 0.6030640668523677),
[2024-10-03 02:59:03,771][flwr][INFO] - 	              (3, 0.5823119777158774),
[2024-10-03 02:59:03,771][flwr][INFO] - 	              (4, 0.6252089136490251),
[2024-10-03 02:59:03,771][flwr][INFO] - 	              (5, 0.7353760445682451),
[2024-10-03 02:59:03,772][flwr][INFO] - 	              (6, 0.7784122562674095),
[2024-10-03 02:59:03,772][flwr][INFO] - 	              (7, 0.7956824512534819),
[2024-10-03 02:59:03,772][flwr][INFO] - 	              (8, 0.7919220055710307),
[2024-10-03 02:59:03,772][flwr][INFO] - 	              (9, 0.7536211699164346),
[2024-10-03 02:59:03,772][flwr][INFO] - 	              (10, 0.8018105849582172),
[2024-10-03 02:59:03,772][flwr][INFO] - 	              (11, 0.8080779944289693),
[2024-10-03 02:59:03,772][flwr][INFO] - 	              (12, 0.8277158774373259),
[2024-10-03 02:59:03,772][flwr][INFO] - 	              (13, 0.8176880222841225),
[2024-10-03 02:59:03,772][flwr][INFO] - 	              (14, 0.8224233983286908),
[2024-10-03 02:59:03,772][flwr][INFO] - 	              (15, 0.811142061281337),
[2024-10-03 02:59:03,773][flwr][INFO] - 	              (16, 0.8263231197771588),
[2024-10-03 02:59:03,773][flwr][INFO] - 	              (17, 0.8316155988857938),
[2024-10-03 02:59:03,773][flwr][INFO] - 	              (18, 0.8350974930362117),
[2024-10-03 02:59:03,773][flwr][INFO] - 	              (19, 0.8305013927576602),
[2024-10-03 02:59:03,773][flwr][INFO] - 	              (20, 0.8188022284122562),
[2024-10-03 02:59:03,773][flwr][INFO] - 	              (21, 0.8415041782729805),
[2024-10-03 02:59:03,773][flwr][INFO] - 	              (22, 0.7948467966573816),
[2024-10-03 02:59:03,773][flwr][INFO] - 	              (23, 0.8334261838440111),
[2024-10-03 02:59:03,773][flwr][INFO] - 	              (24, 0.8516713091922006),
[2024-10-03 02:59:03,773][flwr][INFO] - 	              (25, 0.8342618384401114),
[2024-10-03 02:59:03,773][flwr][INFO] - 	              (26, 0.834958217270195),
[2024-10-03 02:59:03,774][flwr][INFO] - 	              (27, 0.8318941504178273),
[2024-10-03 02:59:03,774][flwr][INFO] - 	              (28, 0.8438718662952647),
[2024-10-03 02:59:03,774][flwr][INFO] - 	              (29, 0.8374651810584958),
[2024-10-03 02:59:03,774][flwr][INFO] - 	              (30, 0.8401114206128134),
[2024-10-03 02:59:03,774][flwr][INFO] - 	              (31, 0.8286908077994429),
[2024-10-03 02:59:03,774][flwr][INFO] - 	              (32, 0.8394150417827299),
[2024-10-03 02:59:03,774][flwr][INFO] - 	              (33, 0.8157381615598885),
[2024-10-03 02:59:03,774][flwr][INFO] - 	              (34, 0.8434540389972145),
[2024-10-03 02:59:03,774][flwr][INFO] - 	              (35, 0.8356545961002786),
[2024-10-03 02:59:03,774][flwr][INFO] - 	              (36, 0.8387186629526462),
[2024-10-03 02:59:03,775][flwr][INFO] - 	              (37, 0.8505571030640668),
[2024-10-03 02:59:03,775][flwr][INFO] - 	              (38, 0.8455431754874652),
[2024-10-03 02:59:03,775][flwr][INFO] - 	              (39, 0.83008356545961),
[2024-10-03 02:59:03,775][flwr][INFO] - 	              (40, 0.8338440111420613),
[2024-10-03 02:59:03,775][flwr][INFO] - 	              (41, 0.8437325905292479),
[2024-10-03 02:59:03,775][flwr][INFO] - 	              (42, 0.8511142061281337),
[2024-10-03 02:59:03,775][flwr][INFO] - 	              (43, 0.8416434540389972),
[2024-10-03 02:59:03,775][flwr][INFO] - 	              (44, 0.851949860724234),
[2024-10-03 02:59:03,775][flwr][INFO] - 	              (45, 0.846100278551532),
[2024-10-03 02:59:03,775][flwr][INFO] - 	              (46, 0.841225626740947),
[2024-10-03 02:59:03,776][flwr][INFO] - 	              (47, 0.8405292479108635),
[2024-10-03 02:59:03,776][flwr][INFO] - 	              (48, 0.8374651810584958),
[2024-10-03 02:59:03,776][flwr][INFO] - 	              (49, 0.8437325905292479),
[2024-10-03 02:59:03,776][flwr][INFO] - 	              (50, 0.8363509749303621),
[2024-10-03 02:59:03,776][flwr][INFO] - 	              (51, 0.8043175487465181),
[2024-10-03 02:59:03,776][flwr][INFO] - 	              (52, 0.8520891364902506),
[2024-10-03 02:59:03,776][flwr][INFO] - 	              (53, 0.8242339832869081),
[2024-10-03 02:59:03,776][flwr][INFO] - 	              (54, 0.8338440111420613),
[2024-10-03 02:59:03,776][flwr][INFO] - 	              (55, 0.8231197771587744),
[2024-10-03 02:59:03,776][flwr][INFO] - 	              (56, 0.8176880222841225),
[2024-10-03 02:59:03,776][flwr][INFO] - 	              (57, 0.8465181058495822),
[2024-10-03 02:59:03,777][flwr][INFO] - 	              (58, 0.8473537604456824),
[2024-10-03 02:59:03,777][flwr][INFO] - 	              (59, 0.8473537604456824),
[2024-10-03 02:59:03,777][flwr][INFO] - 	              (60, 0.8472144846796658),
[2024-10-03 02:59:03,777][flwr][INFO] - 	              (61, 0.8137883008356546),
[2024-10-03 02:59:03,777][flwr][INFO] - 	              (62, 0.8190807799442897),
[2024-10-03 02:59:03,777][flwr][INFO] - 	              (63, 0.827158774373259),
[2024-10-03 02:59:03,777][flwr][INFO] - 	              (64, 0.8406685236768803),
[2024-10-03 02:59:03,777][flwr][INFO] - 	              (65, 0.832033426183844),
[2024-10-03 02:59:03,777][flwr][INFO] - 	              (66, 0.8484679665738162),
[2024-10-03 02:59:03,777][flwr][INFO] - 	              (67, 0.8447075208913649),
[2024-10-03 02:59:03,778][flwr][INFO] - 	              (68, 0.8575208913649025),
[2024-10-03 02:59:03,778][flwr][INFO] - 	              (69, 0.8346796657381615),
[2024-10-03 02:59:03,778][flwr][INFO] - 	              (70, 0.8342618384401114),
[2024-10-03 02:59:03,778][flwr][INFO] - 	              (71, 0.8175487465181058),
[2024-10-03 02:59:03,778][flwr][INFO] - 	              (72, 0.8413649025069638),
[2024-10-03 02:59:03,778][flwr][INFO] - 	              (73, 0.8396935933147632),
[2024-10-03 02:59:03,778][flwr][INFO] - 	              (74, 0.8569637883008356),
[2024-10-03 02:59:03,778][flwr][INFO] - 	              (75, 0.8357938718662953),
[2024-10-03 02:59:03,778][flwr][INFO] - 	              (76, 0.8433147632311978),
[2024-10-03 02:59:03,778][flwr][INFO] - 	              (77, 0.849025069637883),
[2024-10-03 02:59:03,778][flwr][INFO] - 	              (78, 0.8323119777158774),
[2024-10-03 02:59:03,779][flwr][INFO] - 	              (79, 0.852924791086351),
[2024-10-03 02:59:03,779][flwr][INFO] - 	              (80, 0.8346796657381615),
[2024-10-03 02:59:03,779][flwr][INFO] - 	              (81, 0.8518105849582173),
[2024-10-03 02:59:03,779][flwr][INFO] - 	              (82, 0.8335654596100278),
[2024-10-03 02:59:03,779][flwr][INFO] - 	              (83, 0.8427576601671309),
[2024-10-03 02:59:03,779][flwr][INFO] - 	              (84, 0.8497214484679666),
[2024-10-03 02:59:03,779][flwr][INFO] - 	              (85, 0.8132311977715877),
[2024-10-03 02:59:03,779][flwr][INFO] - 	              (86, 0.8427576601671309),
[2024-10-03 02:59:03,779][flwr][INFO] - 	              (87, 0.8435933147632312),
[2024-10-03 02:59:03,779][flwr][INFO] - 	              (88, 0.8233983286908078),
[2024-10-03 02:59:03,780][flwr][INFO] - 	              (89, 0.8434540389972145),
[2024-10-03 02:59:03,780][flwr][INFO] - 	              (90, 0.8243732590529248),
[2024-10-03 02:59:03,780][flwr][INFO] - 	              (91, 0.8284122562674094),
[2024-10-03 02:59:03,780][flwr][INFO] - 	              (92, 0.8377437325905293),
[2024-10-03 02:59:03,780][flwr][INFO] - 	              (93, 0.8505571030640668),
[2024-10-03 02:59:03,780][flwr][INFO] - 	              (94, 0.8479108635097493),
[2024-10-03 02:59:03,780][flwr][INFO] - 	              (95, 0.8275766016713092),
[2024-10-03 02:59:03,780][flwr][INFO] - 	              (96, 0.8220055710306406),
[2024-10-03 02:59:03,780][flwr][INFO] - 	              (97, 0.8579387186629527),
[2024-10-03 02:59:03,780][flwr][INFO] - 	              (98, 0.8296657381615599),
[2024-10-03 02:59:03,780][flwr][INFO] - 	              (99, 0.8465181058495822),
[2024-10-03 02:59:03,781][flwr][INFO] - 	              (100, 0.81991643454039)]}
[2024-10-03 02:59:03,781][flwr][INFO] - 
