[2024-09-14 22:11:45,361][flwr][INFO] - Starting Flower simulation, config: num_rounds=100, no round_timeout
[2024-09-14 22:11:49,549][flwr][INFO] - Flower VCE: Ray initialized with resources: {'node:__internal_head__': 1.0, 'CPU': 256.0, 'memory': 168514031002.0, 'GPU': 1.0, 'accelerator_type:G': 1.0, 'object_store_memory': 76506013286.0, 'node:115.145.172.224': 1.0}
[2024-09-14 22:11:49,549][flwr][INFO] - Optimize your simulation with Flower VCE: https://flower.ai/docs/framework/how-to-run-simulations.html
[2024-09-14 22:11:49,549][flwr][INFO] - Flower VCE: Resources for each Virtual Client: {'num_cpus': 64, 'num_gpus': 0.1}
[2024-09-14 22:11:49,562][flwr][INFO] - Flower VCE: Creating VirtualClientEngineActorPool with 4 actors
[2024-09-14 22:11:49,562][flwr][INFO] - [INIT]
[2024-09-14 22:11:49,562][flwr][INFO] - Requesting initial parameters from one random client
[2024-09-14 22:11:53,843][flwr][INFO] - Received initial parameters from one random client
[2024-09-14 22:11:53,844][flwr][INFO] - Evaluating initial global parameters
[2024-09-14 22:12:00,552][flwr][INFO] - initial parameters (loss, other metrics): 224.82174825668335, {'accuracy': 0.0710318620286466}
[2024-09-14 22:12:00,552][flwr][INFO] - 
[2024-09-14 22:12:00,553][flwr][INFO] - [ROUND 1]
[2024-09-14 22:12:00,553][flwr][INFO] - configure_fit: strategy sampled 5 clients (out of 50)
[2024-09-14 22:12:06,041][flwr][INFO] - aggregate_fit: received 5 results and 0 failures
[2024-09-14 22:12:06,222][flwr][WARNING] - No fit_metrics_aggregation_fn provided
[2024-09-14 22:12:12,272][flwr][INFO] - fit progress: (1, 225.49399971961975, {'accuracy': 0.1373867290266004}, 11.719357772730291)
[2024-09-14 22:12:12,272][flwr][INFO] - configure_evaluate: strategy sampled 2 clients (out of 50)
[2024-09-14 22:12:12,709][flwr][INFO] - aggregate_evaluate: received 2 results and 0 failures
[2024-09-14 22:12:12,710][flwr][INFO] - 
[2024-09-14 22:12:12,710][flwr][INFO] - [ROUND 2]
[2024-09-14 22:12:12,710][flwr][INFO] - configure_fit: strategy sampled 5 clients (out of 50)
[2024-09-14 22:12:16,033][flwr][INFO] - aggregate_fit: received 5 results and 0 failures
[2024-09-14 22:12:21,185][flwr][INFO] - fit progress: (2, 222.70885729789734, {'accuracy': 0.1376790412160187}, 20.63299028761685)
[2024-09-14 22:12:21,186][flwr][INFO] - configure_evaluate: strategy sampled 2 clients (out of 50)
[2024-09-14 22:12:21,535][flwr][INFO] - aggregate_evaluate: received 2 results and 0 failures
[2024-09-14 22:12:21,535][flwr][INFO] - 
[2024-09-14 22:12:21,535][flwr][INFO] - [ROUND 3]
[2024-09-14 22:12:21,536][flwr][INFO] - configure_fit: strategy sampled 5 clients (out of 50)
[2024-09-14 22:12:25,197][flwr][INFO] - aggregate_fit: received 5 results and 0 failures
[2024-09-14 22:12:30,135][flwr][INFO] - fit progress: (3, 217.56707072257996, {'accuracy': 0.15492546039169833}, 29.582947397604585)
[2024-09-14 22:12:30,136][flwr][INFO] - configure_evaluate: strategy sampled 2 clients (out of 50)
[2024-09-14 22:12:30,683][flwr][INFO] - aggregate_evaluate: received 2 results and 0 failures
[2024-09-14 22:12:30,683][flwr][INFO] - 
[2024-09-14 22:12:30,683][flwr][INFO] - [ROUND 4]
[2024-09-14 22:12:30,684][flwr][INFO] - configure_fit: strategy sampled 5 clients (out of 50)
[2024-09-14 22:12:35,222][flwr][INFO] - aggregate_fit: received 5 results and 0 failures
[2024-09-14 22:12:40,742][flwr][INFO] - fit progress: (4, 210.02000641822815, {'accuracy': 0.2765273311897106}, 40.189016193617135)
[2024-09-14 22:12:40,742][flwr][INFO] - configure_evaluate: strategy sampled 2 clients (out of 50)
[2024-09-14 22:12:41,098][flwr][INFO] - aggregate_evaluate: received 2 results and 0 failures
[2024-09-14 22:12:41,098][flwr][INFO] - 
[2024-09-14 22:12:41,098][flwr][INFO] - [ROUND 5]
[2024-09-14 22:12:41,098][flwr][INFO] - configure_fit: strategy sampled 5 clients (out of 50)
[2024-09-14 22:12:45,566][flwr][INFO] - aggregate_fit: received 5 results and 0 failures
[2024-09-14 22:12:50,482][flwr][INFO] - fit progress: (5, 206.4932805299759, {'accuracy': 0.2078339666764104}, 49.929925923701376)
[2024-09-14 22:12:50,483][flwr][INFO] - configure_evaluate: strategy sampled 2 clients (out of 50)
[2024-09-14 22:12:50,848][flwr][INFO] - aggregate_evaluate: received 2 results and 0 failures
[2024-09-14 22:12:50,848][flwr][INFO] - 
[2024-09-14 22:12:50,848][flwr][INFO] - [ROUND 6]
[2024-09-14 22:12:50,848][flwr][INFO] - configure_fit: strategy sampled 5 clients (out of 50)
[2024-09-14 22:12:54,059][flwr][INFO] - aggregate_fit: received 5 results and 0 failures
[2024-09-14 22:12:58,823][flwr][INFO] - fit progress: (6, 203.73339557647705, {'accuracy': 0.26600409237065187}, 58.270464926958084)
[2024-09-14 22:12:58,823][flwr][INFO] - configure_evaluate: strategy sampled 2 clients (out of 50)
[2024-09-14 22:12:59,265][flwr][INFO] - aggregate_evaluate: received 2 results and 0 failures
[2024-09-14 22:12:59,265][flwr][INFO] - 
[2024-09-14 22:12:59,265][flwr][INFO] - [ROUND 7]
[2024-09-14 22:12:59,265][flwr][INFO] - configure_fit: strategy sampled 5 clients (out of 50)
[2024-09-14 22:13:02,743][flwr][INFO] - aggregate_fit: received 5 results and 0 failures
[2024-09-14 22:13:07,495][flwr][INFO] - fit progress: (7, 201.04757225513458, {'accuracy': 0.3086816720257235}, 66.9429434207268)
[2024-09-14 22:13:07,496][flwr][INFO] - configure_evaluate: strategy sampled 2 clients (out of 50)
[2024-09-14 22:13:07,826][flwr][INFO] - aggregate_evaluate: received 2 results and 0 failures
[2024-09-14 22:13:07,826][flwr][INFO] - 
[2024-09-14 22:13:07,826][flwr][INFO] - [ROUND 8]
[2024-09-14 22:13:07,826][flwr][INFO] - configure_fit: strategy sampled 5 clients (out of 50)
[2024-09-14 22:13:11,391][flwr][INFO] - aggregate_fit: received 5 results and 0 failures
[2024-09-14 22:13:16,059][flwr][INFO] - fit progress: (8, 197.5265188217163, {'accuracy': 0.2092955276235019}, 75.50624282797799)
[2024-09-14 22:13:16,059][flwr][INFO] - configure_evaluate: strategy sampled 2 clients (out of 50)
[2024-09-14 22:13:16,411][flwr][INFO] - aggregate_evaluate: received 2 results and 0 failures
[2024-09-14 22:13:16,411][flwr][INFO] - 
[2024-09-14 22:13:16,412][flwr][INFO] - [ROUND 9]
[2024-09-14 22:13:16,412][flwr][INFO] - configure_fit: strategy sampled 5 clients (out of 50)
[2024-09-14 22:13:19,803][flwr][INFO] - aggregate_fit: received 5 results and 0 failures
[2024-09-14 22:13:24,540][flwr][INFO] - fit progress: (9, 193.49894225597382, {'accuracy': 0.2768196433791289}, 83.98780219769105)
[2024-09-14 22:13:24,541][flwr][INFO] - configure_evaluate: strategy sampled 2 clients (out of 50)
[2024-09-14 22:13:24,852][flwr][INFO] - aggregate_evaluate: received 2 results and 0 failures
[2024-09-14 22:13:24,852][flwr][INFO] - 
[2024-09-14 22:13:24,852][flwr][INFO] - [ROUND 10]
[2024-09-14 22:13:24,852][flwr][INFO] - configure_fit: strategy sampled 5 clients (out of 50)
[2024-09-14 22:13:28,960][flwr][INFO] - aggregate_fit: received 5 results and 0 failures
[2024-09-14 22:13:34,655][flwr][INFO] - fit progress: (10, 184.43067121505737, {'accuracy': 0.41216018707980123}, 94.1026165978983)
[2024-09-14 22:13:34,655][flwr][INFO] - configure_evaluate: strategy sampled 2 clients (out of 50)
[2024-09-14 22:13:35,006][flwr][INFO] - aggregate_evaluate: received 2 results and 0 failures
[2024-09-14 22:13:35,006][flwr][INFO] - 
[2024-09-14 22:13:35,006][flwr][INFO] - [ROUND 11]
[2024-09-14 22:13:35,006][flwr][INFO] - configure_fit: strategy sampled 5 clients (out of 50)
[2024-09-14 22:13:38,240][flwr][INFO] - aggregate_fit: received 5 results and 0 failures
[2024-09-14 22:13:43,687][flwr][INFO] - fit progress: (11, 182.55847132205963, {'accuracy': 0.4028061970184157}, 103.1345184436068)
[2024-09-14 22:13:43,688][flwr][INFO] - configure_evaluate: strategy sampled 2 clients (out of 50)
[2024-09-14 22:13:44,071][flwr][INFO] - aggregate_evaluate: received 2 results and 0 failures
[2024-09-14 22:13:44,071][flwr][INFO] - 
[2024-09-14 22:13:44,071][flwr][INFO] - [ROUND 12]
[2024-09-14 22:13:44,071][flwr][INFO] - configure_fit: strategy sampled 5 clients (out of 50)
[2024-09-14 22:13:47,822][flwr][INFO] - aggregate_fit: received 5 results and 0 failures
[2024-09-14 22:13:53,040][flwr][INFO] - fit progress: (12, 183.70981073379517, {'accuracy': 0.3683133586670564}, 112.48765861289576)
[2024-09-14 22:13:53,040][flwr][INFO] - configure_evaluate: strategy sampled 2 clients (out of 50)
[2024-09-14 22:13:53,488][flwr][INFO] - aggregate_evaluate: received 2 results and 0 failures
[2024-09-14 22:13:53,489][flwr][INFO] - 
[2024-09-14 22:13:53,489][flwr][INFO] - [ROUND 13]
[2024-09-14 22:13:53,489][flwr][INFO] - configure_fit: strategy sampled 5 clients (out of 50)
[2024-09-14 22:13:58,085][flwr][INFO] - aggregate_fit: received 5 results and 0 failures
[2024-09-14 22:14:02,927][flwr][INFO] - fit progress: (13, 176.0533035993576, {'accuracy': 0.47413037123648055}, 122.37425030581653)
[2024-09-14 22:14:02,927][flwr][INFO] - configure_evaluate: strategy sampled 2 clients (out of 50)
[2024-09-14 22:14:03,279][flwr][INFO] - aggregate_evaluate: received 2 results and 0 failures
[2024-09-14 22:14:03,279][flwr][INFO] - 
[2024-09-14 22:14:03,279][flwr][INFO] - [ROUND 14]
[2024-09-14 22:14:03,279][flwr][INFO] - configure_fit: strategy sampled 5 clients (out of 50)
[2024-09-14 22:14:07,851][flwr][INFO] - aggregate_fit: received 5 results and 0 failures
[2024-09-14 22:14:12,644][flwr][INFO] - fit progress: (14, 178.19508481025696, {'accuracy': 0.38526746565331776}, 132.0915258829482)
[2024-09-14 22:14:12,645][flwr][INFO] - configure_evaluate: strategy sampled 2 clients (out of 50)
[2024-09-14 22:14:13,138][flwr][INFO] - aggregate_evaluate: received 2 results and 0 failures
[2024-09-14 22:14:13,138][flwr][INFO] - 
[2024-09-14 22:14:13,138][flwr][INFO] - [ROUND 15]
[2024-09-14 22:14:13,138][flwr][INFO] - configure_fit: strategy sampled 5 clients (out of 50)
[2024-09-14 22:14:17,103][flwr][INFO] - aggregate_fit: received 5 results and 0 failures
[2024-09-14 22:14:22,058][flwr][INFO] - fit progress: (15, 171.7616707086563, {'accuracy': 0.3843905290850628}, 141.50542082684115)
[2024-09-14 22:14:22,058][flwr][INFO] - configure_evaluate: strategy sampled 2 clients (out of 50)
[2024-09-14 22:14:22,428][flwr][INFO] - aggregate_evaluate: received 2 results and 0 failures
[2024-09-14 22:14:22,429][flwr][INFO] - 
[2024-09-14 22:14:22,429][flwr][INFO] - [ROUND 16]
[2024-09-14 22:14:22,429][flwr][INFO] - configure_fit: strategy sampled 5 clients (out of 50)
[2024-09-14 22:14:26,136][flwr][INFO] - aggregate_fit: received 5 results and 0 failures
[2024-09-14 22:14:30,941][flwr][INFO] - fit progress: (16, 163.82496237754822, {'accuracy': 0.5644548377667349}, 150.3882909999229)
[2024-09-14 22:14:30,941][flwr][INFO] - configure_evaluate: strategy sampled 2 clients (out of 50)
[2024-09-14 22:14:31,296][flwr][INFO] - aggregate_evaluate: received 2 results and 0 failures
[2024-09-14 22:14:31,296][flwr][INFO] - 
[2024-09-14 22:14:31,296][flwr][INFO] - [ROUND 17]
[2024-09-14 22:14:31,297][flwr][INFO] - configure_fit: strategy sampled 5 clients (out of 50)
[2024-09-14 22:14:35,726][flwr][INFO] - aggregate_fit: received 5 results and 0 failures
[2024-09-14 22:14:40,637][flwr][INFO] - fit progress: (17, 165.97880017757416, {'accuracy': 0.6129786612101724}, 160.08440277678892)
[2024-09-14 22:14:40,637][flwr][INFO] - configure_evaluate: strategy sampled 2 clients (out of 50)
[2024-09-14 22:14:41,028][flwr][INFO] - aggregate_evaluate: received 2 results and 0 failures
[2024-09-14 22:14:41,028][flwr][INFO] - 
[2024-09-14 22:14:41,028][flwr][INFO] - [ROUND 18]
[2024-09-14 22:14:41,028][flwr][INFO] - configure_fit: strategy sampled 5 clients (out of 50)
[2024-09-14 22:14:44,364][flwr][INFO] - aggregate_fit: received 5 results and 0 failures
[2024-09-14 22:14:49,483][flwr][INFO] - fit progress: (18, 161.74410581588745, {'accuracy': 0.4659456299327682}, 168.93096154276282)
[2024-09-14 22:14:49,484][flwr][INFO] - configure_evaluate: strategy sampled 2 clients (out of 50)
[2024-09-14 22:14:49,777][flwr][INFO] - aggregate_evaluate: received 2 results and 0 failures
[2024-09-14 22:14:49,778][flwr][INFO] - 
[2024-09-14 22:14:49,778][flwr][INFO] - [ROUND 19]
[2024-09-14 22:14:49,778][flwr][INFO] - configure_fit: strategy sampled 5 clients (out of 50)
[2024-09-14 22:14:53,275][flwr][INFO] - aggregate_fit: received 5 results and 0 failures
[2024-09-14 22:14:58,257][flwr][INFO] - fit progress: (19, 148.88702273368835, {'accuracy': 0.6208710903244665}, 177.7040095399134)
[2024-09-14 22:14:58,257][flwr][INFO] - configure_evaluate: strategy sampled 2 clients (out of 50)
[2024-09-14 22:14:58,550][flwr][INFO] - aggregate_evaluate: received 2 results and 0 failures
[2024-09-14 22:14:58,551][flwr][INFO] - 
[2024-09-14 22:14:58,551][flwr][INFO] - [ROUND 20]
[2024-09-14 22:14:58,551][flwr][INFO] - configure_fit: strategy sampled 5 clients (out of 50)
[2024-09-14 22:15:02,875][flwr][INFO] - aggregate_fit: received 5 results and 0 failures
[2024-09-14 22:15:07,589][flwr][INFO] - fit progress: (20, 148.56600415706635, {'accuracy': 0.5928091201403098}, 187.03662035660818)
[2024-09-14 22:15:07,589][flwr][INFO] - configure_evaluate: strategy sampled 2 clients (out of 50)
[2024-09-14 22:15:08,025][flwr][INFO] - aggregate_evaluate: received 2 results and 0 failures
[2024-09-14 22:15:08,026][flwr][INFO] - 
[2024-09-14 22:15:08,026][flwr][INFO] - [ROUND 21]
[2024-09-14 22:15:08,026][flwr][INFO] - configure_fit: strategy sampled 5 clients (out of 50)
[2024-09-14 22:15:11,273][flwr][INFO] - aggregate_fit: received 5 results and 0 failures
[2024-09-14 22:15:16,330][flwr][INFO] - fit progress: (21, 147.03030955791473, {'accuracy': 0.5954399298450745}, 195.77783047500998)
[2024-09-14 22:15:16,331][flwr][INFO] - configure_evaluate: strategy sampled 2 clients (out of 50)
[2024-09-14 22:15:16,686][flwr][INFO] - aggregate_evaluate: received 2 results and 0 failures
[2024-09-14 22:15:16,686][flwr][INFO] - 
[2024-09-14 22:15:16,687][flwr][INFO] - [ROUND 22]
[2024-09-14 22:15:16,687][flwr][INFO] - configure_fit: strategy sampled 5 clients (out of 50)
[2024-09-14 22:15:20,005][flwr][INFO] - aggregate_fit: received 5 results and 0 failures
[2024-09-14 22:15:24,974][flwr][INFO] - fit progress: (22, 152.26424860954285, {'accuracy': 0.5673779596609179}, 204.42111236182973)
[2024-09-14 22:15:24,974][flwr][INFO] - configure_evaluate: strategy sampled 2 clients (out of 50)
[2024-09-14 22:15:25,332][flwr][INFO] - aggregate_evaluate: received 2 results and 0 failures
[2024-09-14 22:15:25,332][flwr][INFO] - 
[2024-09-14 22:15:25,332][flwr][INFO] - [ROUND 23]
[2024-09-14 22:15:25,332][flwr][INFO] - configure_fit: strategy sampled 5 clients (out of 50)
[2024-09-14 22:15:29,092][flwr][INFO] - aggregate_fit: received 5 results and 0 failures
[2024-09-14 22:15:34,094][flwr][INFO] - fit progress: (23, 147.9347972869873, {'accuracy': 0.5632855890090617}, 213.54113747691736)
[2024-09-14 22:15:34,094][flwr][INFO] - configure_evaluate: strategy sampled 2 clients (out of 50)
[2024-09-14 22:15:34,458][flwr][INFO] - aggregate_evaluate: received 2 results and 0 failures
[2024-09-14 22:15:34,459][flwr][INFO] - 
[2024-09-14 22:15:34,459][flwr][INFO] - [ROUND 24]
[2024-09-14 22:15:34,459][flwr][INFO] - configure_fit: strategy sampled 5 clients (out of 50)
[2024-09-14 22:15:38,108][flwr][INFO] - aggregate_fit: received 5 results and 0 failures
[2024-09-14 22:15:43,105][flwr][INFO] - fit progress: (24, 140.8817901611328, {'accuracy': 0.5980707395498392}, 222.5524737420492)
[2024-09-14 22:15:43,106][flwr][INFO] - configure_evaluate: strategy sampled 2 clients (out of 50)
[2024-09-14 22:15:43,419][flwr][INFO] - aggregate_evaluate: received 2 results and 0 failures
[2024-09-14 22:15:43,419][flwr][INFO] - 
[2024-09-14 22:15:43,419][flwr][INFO] - [ROUND 25]
[2024-09-14 22:15:43,419][flwr][INFO] - configure_fit: strategy sampled 5 clients (out of 50)
[2024-09-14 22:15:47,854][flwr][INFO] - aggregate_fit: received 5 results and 0 failures
[2024-09-14 22:15:52,547][flwr][INFO] - fit progress: (25, 143.8985913991928, {'accuracy': 0.42706810874013446}, 231.99474524473771)
[2024-09-14 22:15:52,548][flwr][INFO] - configure_evaluate: strategy sampled 2 clients (out of 50)
[2024-09-14 22:15:53,066][flwr][INFO] - aggregate_evaluate: received 2 results and 0 failures
[2024-09-14 22:15:53,067][flwr][INFO] - 
[2024-09-14 22:15:53,067][flwr][INFO] - [ROUND 26]
[2024-09-14 22:15:53,067][flwr][INFO] - configure_fit: strategy sampled 5 clients (out of 50)
[2024-09-14 22:15:56,402][flwr][INFO] - aggregate_fit: received 5 results and 0 failures
[2024-09-14 22:16:02,224][flwr][INFO] - fit progress: (26, 140.36835741996765, {'accuracy': 0.5355159310143233}, 241.6716554677114)
[2024-09-14 22:16:02,225][flwr][INFO] - configure_evaluate: strategy sampled 2 clients (out of 50)
[2024-09-14 22:16:02,608][flwr][INFO] - aggregate_evaluate: received 2 results and 0 failures
[2024-09-14 22:16:02,608][flwr][INFO] - 
[2024-09-14 22:16:02,608][flwr][INFO] - [ROUND 27]
[2024-09-14 22:16:02,608][flwr][INFO] - configure_fit: strategy sampled 5 clients (out of 50)
[2024-09-14 22:16:06,497][flwr][INFO] - aggregate_fit: received 5 results and 0 failures
[2024-09-14 22:16:11,648][flwr][INFO] - fit progress: (27, 139.1915147304535, {'accuracy': 0.47705349313066353}, 251.09531069360673)
[2024-09-14 22:16:11,648][flwr][INFO] - configure_evaluate: strategy sampled 2 clients (out of 50)
[2024-09-14 22:16:12,107][flwr][INFO] - aggregate_evaluate: received 2 results and 0 failures
[2024-09-14 22:16:12,107][flwr][INFO] - 
[2024-09-14 22:16:12,108][flwr][INFO] - [ROUND 28]
[2024-09-14 22:16:12,108][flwr][INFO] - configure_fit: strategy sampled 5 clients (out of 50)
[2024-09-14 22:16:15,587][flwr][INFO] - aggregate_fit: received 5 results and 0 failures
[2024-09-14 22:16:20,439][flwr][INFO] - fit progress: (28, 133.2288064956665, {'accuracy': 0.6188249049985385}, 259.8862169398926)
[2024-09-14 22:16:20,439][flwr][INFO] - configure_evaluate: strategy sampled 2 clients (out of 50)
[2024-09-14 22:16:20,766][flwr][INFO] - aggregate_evaluate: received 2 results and 0 failures
[2024-09-14 22:16:20,766][flwr][INFO] - 
[2024-09-14 22:16:20,766][flwr][INFO] - [ROUND 29]
[2024-09-14 22:16:20,767][flwr][INFO] - configure_fit: strategy sampled 5 clients (out of 50)
[2024-09-14 22:16:23,995][flwr][INFO] - aggregate_fit: received 5 results and 0 failures
[2024-09-14 22:16:28,700][flwr][INFO] - fit progress: (29, 132.9638787508011, {'accuracy': 0.6670564162525577}, 268.14763766899705)
[2024-09-14 22:16:28,701][flwr][INFO] - configure_evaluate: strategy sampled 2 clients (out of 50)
[2024-09-14 22:16:29,035][flwr][INFO] - aggregate_evaluate: received 2 results and 0 failures
[2024-09-14 22:16:29,035][flwr][INFO] - 
[2024-09-14 22:16:29,035][flwr][INFO] - [ROUND 30]
[2024-09-14 22:16:29,035][flwr][INFO] - configure_fit: strategy sampled 5 clients (out of 50)
[2024-09-14 22:16:32,852][flwr][INFO] - aggregate_fit: received 5 results and 0 failures
[2024-09-14 22:16:37,707][flwr][INFO] - fit progress: (30, 121.98404812812805, {'accuracy': 0.6752411575562701}, 277.1540888380259)
[2024-09-14 22:16:37,707][flwr][INFO] - configure_evaluate: strategy sampled 2 clients (out of 50)
[2024-09-14 22:16:38,148][flwr][INFO] - aggregate_evaluate: received 2 results and 0 failures
[2024-09-14 22:16:38,148][flwr][INFO] - 
[2024-09-14 22:16:38,148][flwr][INFO] - [ROUND 31]
[2024-09-14 22:16:38,148][flwr][INFO] - configure_fit: strategy sampled 5 clients (out of 50)
[2024-09-14 22:16:41,642][flwr][INFO] - aggregate_fit: received 5 results and 0 failures
[2024-09-14 22:16:46,286][flwr][INFO] - fit progress: (31, 126.81550180912018, {'accuracy': 0.6270096463022508}, 285.73305611964315)
[2024-09-14 22:16:46,286][flwr][INFO] - configure_evaluate: strategy sampled 2 clients (out of 50)
[2024-09-14 22:16:46,601][flwr][INFO] - aggregate_evaluate: received 2 results and 0 failures
[2024-09-14 22:16:46,602][flwr][INFO] - 
[2024-09-14 22:16:46,602][flwr][INFO] - [ROUND 32]
[2024-09-14 22:16:46,602][flwr][INFO] - configure_fit: strategy sampled 5 clients (out of 50)
[2024-09-14 22:16:50,745][flwr][INFO] - aggregate_fit: received 5 results and 0 failures
[2024-09-14 22:16:55,542][flwr][INFO] - fit progress: (32, 122.56585788726807, {'accuracy': 0.6527331189710611}, 294.9897755039856)
[2024-09-14 22:16:55,543][flwr][INFO] - configure_evaluate: strategy sampled 2 clients (out of 50)
[2024-09-14 22:16:55,946][flwr][INFO] - aggregate_evaluate: received 2 results and 0 failures
[2024-09-14 22:16:55,946][flwr][INFO] - 
[2024-09-14 22:16:55,947][flwr][INFO] - [ROUND 33]
[2024-09-14 22:16:55,947][flwr][INFO] - configure_fit: strategy sampled 5 clients (out of 50)
[2024-09-14 22:16:59,627][flwr][INFO] - aggregate_fit: received 5 results and 0 failures
[2024-09-14 22:17:04,604][flwr][INFO] - fit progress: (33, 113.77924340963364, {'accuracy': 0.7293189125986553}, 304.05191310402006)
[2024-09-14 22:17:04,605][flwr][INFO] - configure_evaluate: strategy sampled 2 clients (out of 50)
[2024-09-14 22:17:04,921][flwr][INFO] - aggregate_evaluate: received 2 results and 0 failures
[2024-09-14 22:17:04,921][flwr][INFO] - 
[2024-09-14 22:17:04,921][flwr][INFO] - [ROUND 34]
[2024-09-14 22:17:04,921][flwr][INFO] - configure_fit: strategy sampled 5 clients (out of 50)
[2024-09-14 22:17:07,947][flwr][INFO] - aggregate_fit: received 5 results and 0 failures
[2024-09-14 22:17:12,893][flwr][INFO] - fit progress: (34, 114.47023248672485, {'accuracy': 0.7225957322420344}, 312.3400065866299)
[2024-09-14 22:17:12,893][flwr][INFO] - configure_evaluate: strategy sampled 2 clients (out of 50)
[2024-09-14 22:17:13,353][flwr][INFO] - aggregate_evaluate: received 2 results and 0 failures
[2024-09-14 22:17:13,353][flwr][INFO] - 
[2024-09-14 22:17:13,353][flwr][INFO] - [ROUND 35]
[2024-09-14 22:17:13,353][flwr][INFO] - configure_fit: strategy sampled 5 clients (out of 50)
[2024-09-14 22:17:17,754][flwr][INFO] - aggregate_fit: received 5 results and 0 failures
[2024-09-14 22:17:22,638][flwr][INFO] - fit progress: (35, 117.92361104488373, {'accuracy': 0.6574101140017539}, 322.08506090473384)
[2024-09-14 22:17:22,638][flwr][INFO] - configure_evaluate: strategy sampled 2 clients (out of 50)
[2024-09-14 22:17:22,984][flwr][INFO] - aggregate_evaluate: received 2 results and 0 failures
[2024-09-14 22:17:22,984][flwr][INFO] - 
[2024-09-14 22:17:22,984][flwr][INFO] - [ROUND 36]
[2024-09-14 22:17:22,984][flwr][INFO] - configure_fit: strategy sampled 5 clients (out of 50)
[2024-09-14 22:17:25,557][flwr][INFO] - aggregate_fit: received 5 results and 0 failures
[2024-09-14 22:17:30,420][flwr][INFO] - fit progress: (36, 121.76568049192429, {'accuracy': 0.6474714995615317}, 329.86753993295133)
[2024-09-14 22:17:30,420][flwr][INFO] - configure_evaluate: strategy sampled 2 clients (out of 50)
[2024-09-14 22:17:30,971][flwr][INFO] - aggregate_evaluate: received 2 results and 0 failures
[2024-09-14 22:17:30,971][flwr][INFO] - 
[2024-09-14 22:17:30,972][flwr][INFO] - [ROUND 37]
[2024-09-14 22:17:30,972][flwr][INFO] - configure_fit: strategy sampled 5 clients (out of 50)
[2024-09-14 22:17:35,640][flwr][INFO] - aggregate_fit: received 5 results and 0 failures
[2024-09-14 22:17:40,468][flwr][INFO] - fit progress: (37, 111.68217980861664, {'accuracy': 0.7135340543700672}, 339.915200074669)
[2024-09-14 22:17:40,468][flwr][INFO] - configure_evaluate: strategy sampled 2 clients (out of 50)
[2024-09-14 22:17:40,759][flwr][INFO] - aggregate_evaluate: received 2 results and 0 failures
[2024-09-14 22:17:40,759][flwr][INFO] - 
[2024-09-14 22:17:40,759][flwr][INFO] - [ROUND 38]
[2024-09-14 22:17:40,759][flwr][INFO] - configure_fit: strategy sampled 5 clients (out of 50)
[2024-09-14 22:17:43,384][flwr][INFO] - aggregate_fit: received 5 results and 0 failures
[2024-09-14 22:17:48,219][flwr][INFO] - fit progress: (38, 107.29119193553925, {'accuracy': 0.7085647471499561}, 347.66700488189235)
[2024-09-14 22:17:48,220][flwr][INFO] - configure_evaluate: strategy sampled 2 clients (out of 50)
[2024-09-14 22:17:48,559][flwr][INFO] - aggregate_evaluate: received 2 results and 0 failures
[2024-09-14 22:17:48,559][flwr][INFO] - 
[2024-09-14 22:17:48,559][flwr][INFO] - [ROUND 39]
[2024-09-14 22:17:48,559][flwr][INFO] - configure_fit: strategy sampled 5 clients (out of 50)
[2024-09-14 22:17:54,100][flwr][INFO] - aggregate_fit: received 5 results and 0 failures
[2024-09-14 22:17:59,092][flwr][INFO] - fit progress: (39, 113.29980838298798, {'accuracy': 0.6498099970768781}, 358.5397337046452)
[2024-09-14 22:17:59,093][flwr][INFO] - configure_evaluate: strategy sampled 2 clients (out of 50)
[2024-09-14 22:17:59,405][flwr][INFO] - aggregate_evaluate: received 2 results and 0 failures
[2024-09-14 22:17:59,405][flwr][INFO] - 
[2024-09-14 22:17:59,405][flwr][INFO] - [ROUND 40]
[2024-09-14 22:17:59,406][flwr][INFO] - configure_fit: strategy sampled 5 clients (out of 50)
[2024-09-14 22:18:02,496][flwr][INFO] - aggregate_fit: received 5 results and 0 failures
[2024-09-14 22:18:07,371][flwr][INFO] - fit progress: (40, 105.14395046234131, {'accuracy': 0.721134171294943}, 366.8180913468823)
[2024-09-14 22:18:07,371][flwr][INFO] - configure_evaluate: strategy sampled 2 clients (out of 50)
[2024-09-14 22:18:07,778][flwr][INFO] - aggregate_evaluate: received 2 results and 0 failures
[2024-09-14 22:18:07,778][flwr][INFO] - 
[2024-09-14 22:18:07,778][flwr][INFO] - [ROUND 41]
[2024-09-14 22:18:07,778][flwr][INFO] - configure_fit: strategy sampled 5 clients (out of 50)
[2024-09-14 22:18:10,547][flwr][INFO] - aggregate_fit: received 5 results and 0 failures
[2024-09-14 22:18:15,212][flwr][INFO] - fit progress: (41, 102.966115295887, {'accuracy': 0.7234726688102894}, 374.65987474564463)
[2024-09-14 22:18:15,213][flwr][INFO] - configure_evaluate: strategy sampled 2 clients (out of 50)
[2024-09-14 22:18:15,583][flwr][INFO] - aggregate_evaluate: received 2 results and 0 failures
[2024-09-14 22:18:15,583][flwr][INFO] - 
[2024-09-14 22:18:15,583][flwr][INFO] - [ROUND 42]
[2024-09-14 22:18:15,583][flwr][INFO] - configure_fit: strategy sampled 5 clients (out of 50)
[2024-09-14 22:18:20,078][flwr][INFO] - aggregate_fit: received 5 results and 0 failures
[2024-09-14 22:18:24,773][flwr][INFO] - fit progress: (42, 107.92659556865692, {'accuracy': 0.642794504530839}, 384.2205676706508)
[2024-09-14 22:18:24,773][flwr][INFO] - configure_evaluate: strategy sampled 2 clients (out of 50)
[2024-09-14 22:18:25,109][flwr][INFO] - aggregate_evaluate: received 2 results and 0 failures
[2024-09-14 22:18:25,109][flwr][INFO] - 
[2024-09-14 22:18:25,109][flwr][INFO] - [ROUND 43]
[2024-09-14 22:18:25,109][flwr][INFO] - configure_fit: strategy sampled 5 clients (out of 50)
[2024-09-14 22:18:30,566][flwr][INFO] - aggregate_fit: received 5 results and 0 failures
[2024-09-14 22:18:35,505][flwr][INFO] - fit progress: (43, 105.69177657365799, {'accuracy': 0.6498099970768781}, 394.9527988159098)
[2024-09-14 22:18:35,506][flwr][INFO] - configure_evaluate: strategy sampled 2 clients (out of 50)
[2024-09-14 22:18:36,006][flwr][INFO] - aggregate_evaluate: received 2 results and 0 failures
[2024-09-14 22:18:36,007][flwr][INFO] - 
[2024-09-14 22:18:36,007][flwr][INFO] - [ROUND 44]
[2024-09-14 22:18:36,007][flwr][INFO] - configure_fit: strategy sampled 5 clients (out of 50)
[2024-09-14 22:18:39,203][flwr][INFO] - aggregate_fit: received 5 results and 0 failures
[2024-09-14 22:18:44,002][flwr][INFO] - fit progress: (44, 98.32572883367538, {'accuracy': 0.7331189710610932}, 403.4494825848378)
[2024-09-14 22:18:44,002][flwr][INFO] - configure_evaluate: strategy sampled 2 clients (out of 50)
[2024-09-14 22:18:44,421][flwr][INFO] - aggregate_evaluate: received 2 results and 0 failures
[2024-09-14 22:18:44,421][flwr][INFO] - 
[2024-09-14 22:18:44,421][flwr][INFO] - [ROUND 45]
[2024-09-14 22:18:44,421][flwr][INFO] - configure_fit: strategy sampled 5 clients (out of 50)
[2024-09-14 22:18:49,065][flwr][INFO] - aggregate_fit: received 5 results and 0 failures
[2024-09-14 22:18:54,176][flwr][INFO] - fit progress: (45, 96.71585470438004, {'accuracy': 0.7243496053785443}, 413.6235230769962)
[2024-09-14 22:18:54,176][flwr][INFO] - configure_evaluate: strategy sampled 2 clients (out of 50)
[2024-09-14 22:18:54,520][flwr][INFO] - aggregate_evaluate: received 2 results and 0 failures
[2024-09-14 22:18:54,520][flwr][INFO] - 
[2024-09-14 22:18:54,520][flwr][INFO] - [ROUND 46]
[2024-09-14 22:18:54,520][flwr][INFO] - configure_fit: strategy sampled 5 clients (out of 50)
[2024-09-14 22:18:58,609][flwr][INFO] - aggregate_fit: received 5 results and 0 failures
[2024-09-14 22:19:03,431][flwr][INFO] - fit progress: (46, 95.44923996925354, {'accuracy': 0.7208418591055247}, 422.8783301888034)
[2024-09-14 22:19:03,431][flwr][INFO] - configure_evaluate: strategy sampled 2 clients (out of 50)
[2024-09-14 22:19:03,733][flwr][INFO] - aggregate_evaluate: received 2 results and 0 failures
[2024-09-14 22:19:03,733][flwr][INFO] - 
[2024-09-14 22:19:03,733][flwr][INFO] - [ROUND 47]
[2024-09-14 22:19:03,734][flwr][INFO] - configure_fit: strategy sampled 5 clients (out of 50)
[2024-09-14 22:19:08,633][flwr][INFO] - aggregate_fit: received 5 results and 0 failures
[2024-09-14 22:19:13,417][flwr][INFO] - fit progress: (47, 93.58476060628891, {'accuracy': 0.7214264834843613}, 432.86412969697267)
[2024-09-14 22:19:13,417][flwr][INFO] - configure_evaluate: strategy sampled 2 clients (out of 50)
[2024-09-14 22:19:13,869][flwr][INFO] - aggregate_evaluate: received 2 results and 0 failures
[2024-09-14 22:19:13,869][flwr][INFO] - 
[2024-09-14 22:19:13,869][flwr][INFO] - [ROUND 48]
[2024-09-14 22:19:13,869][flwr][INFO] - configure_fit: strategy sampled 5 clients (out of 50)
[2024-09-14 22:19:16,730][flwr][INFO] - aggregate_fit: received 5 results and 0 failures
[2024-09-14 22:19:21,410][flwr][INFO] - fit progress: (48, 111.8146784901619, {'accuracy': 0.5989476761180941}, 440.85764217283577)
[2024-09-14 22:19:21,410][flwr][INFO] - configure_evaluate: strategy sampled 2 clients (out of 50)
[2024-09-14 22:19:21,729][flwr][INFO] - aggregate_evaluate: received 2 results and 0 failures
[2024-09-14 22:19:21,729][flwr][INFO] - 
[2024-09-14 22:19:21,729][flwr][INFO] - [ROUND 49]
[2024-09-14 22:19:21,729][flwr][INFO] - configure_fit: strategy sampled 5 clients (out of 50)
[2024-09-14 22:19:26,534][flwr][INFO] - aggregate_fit: received 5 results and 0 failures
[2024-09-14 22:19:31,882][flwr][INFO] - fit progress: (49, 96.94802904129028, {'accuracy': 0.6837182110494008}, 451.3292638636194)
[2024-09-14 22:19:31,884][flwr][INFO] - configure_evaluate: strategy sampled 2 clients (out of 50)
[2024-09-14 22:19:32,233][flwr][INFO] - aggregate_evaluate: received 2 results and 0 failures
[2024-09-14 22:19:32,233][flwr][INFO] - 
[2024-09-14 22:19:32,233][flwr][INFO] - [ROUND 50]
[2024-09-14 22:19:32,233][flwr][INFO] - configure_fit: strategy sampled 5 clients (out of 50)
[2024-09-14 22:19:36,797][flwr][INFO] - aggregate_fit: received 5 results and 0 failures
[2024-09-14 22:19:42,349][flwr][INFO] - fit progress: (50, 94.53759050369263, {'accuracy': 0.7337035954399298}, 461.79655499663204)
[2024-09-14 22:19:42,350][flwr][INFO] - configure_evaluate: strategy sampled 2 clients (out of 50)
[2024-09-14 22:19:42,845][flwr][INFO] - aggregate_evaluate: received 2 results and 0 failures
[2024-09-14 22:19:42,845][flwr][INFO] - 
[2024-09-14 22:19:42,845][flwr][INFO] - [ROUND 51]
[2024-09-14 22:19:42,846][flwr][INFO] - configure_fit: strategy sampled 5 clients (out of 50)
[2024-09-14 22:19:46,934][flwr][INFO] - aggregate_fit: received 5 results and 0 failures
[2024-09-14 22:19:52,794][flwr][INFO] - fit progress: (51, 95.9723852276802, {'accuracy': 0.7161648640748319}, 472.24148094281554)
[2024-09-14 22:19:52,795][flwr][INFO] - configure_evaluate: strategy sampled 2 clients (out of 50)
[2024-09-14 22:19:53,418][flwr][INFO] - aggregate_evaluate: received 2 results and 0 failures
[2024-09-14 22:19:53,418][flwr][INFO] - 
[2024-09-14 22:19:53,418][flwr][INFO] - [ROUND 52]
[2024-09-14 22:19:53,418][flwr][INFO] - configure_fit: strategy sampled 5 clients (out of 50)
[2024-09-14 22:19:58,717][flwr][INFO] - aggregate_fit: received 5 results and 0 failures
[2024-09-14 22:20:04,913][flwr][INFO] - fit progress: (52, 85.22726345062256, {'accuracy': 0.7591347559193219}, 484.3605951098725)
[2024-09-14 22:20:04,914][flwr][INFO] - configure_evaluate: strategy sampled 2 clients (out of 50)
[2024-09-14 22:20:05,240][flwr][INFO] - aggregate_evaluate: received 2 results and 0 failures
[2024-09-14 22:20:05,240][flwr][INFO] - 
[2024-09-14 22:20:05,240][flwr][INFO] - [ROUND 53]
[2024-09-14 22:20:05,240][flwr][INFO] - configure_fit: strategy sampled 5 clients (out of 50)
[2024-09-14 22:20:09,911][flwr][INFO] - aggregate_fit: received 5 results and 0 failures
[2024-09-14 22:20:14,917][flwr][INFO] - fit progress: (53, 87.35088193416595, {'accuracy': 0.7345805320081847}, 494.3649485167116)
[2024-09-14 22:20:14,918][flwr][INFO] - configure_evaluate: strategy sampled 2 clients (out of 50)
[2024-09-14 22:20:15,232][flwr][INFO] - aggregate_evaluate: received 2 results and 0 failures
[2024-09-14 22:20:15,233][flwr][INFO] - 
[2024-09-14 22:20:15,233][flwr][INFO] - [ROUND 54]
[2024-09-14 22:20:15,233][flwr][INFO] - configure_fit: strategy sampled 5 clients (out of 50)
[2024-09-14 22:20:19,731][flwr][INFO] - aggregate_fit: received 5 results and 0 failures
[2024-09-14 22:20:24,760][flwr][INFO] - fit progress: (54, 86.1573725938797, {'accuracy': 0.7433498976907337}, 504.20733831683174)
[2024-09-14 22:20:24,761][flwr][INFO] - configure_evaluate: strategy sampled 2 clients (out of 50)
[2024-09-14 22:20:25,073][flwr][INFO] - aggregate_evaluate: received 2 results and 0 failures
[2024-09-14 22:20:25,074][flwr][INFO] - 
[2024-09-14 22:20:25,074][flwr][INFO] - [ROUND 55]
[2024-09-14 22:20:25,074][flwr][INFO] - configure_fit: strategy sampled 5 clients (out of 50)
[2024-09-14 22:20:29,170][flwr][INFO] - aggregate_fit: received 5 results and 0 failures
[2024-09-14 22:20:34,414][flwr][INFO] - fit progress: (55, 90.95900881290436, {'accuracy': 0.6919029523531132}, 513.8611825630069)
[2024-09-14 22:20:34,414][flwr][INFO] - configure_evaluate: strategy sampled 2 clients (out of 50)
[2024-09-14 22:20:34,724][flwr][INFO] - aggregate_evaluate: received 2 results and 0 failures
[2024-09-14 22:20:34,724][flwr][INFO] - 
[2024-09-14 22:20:34,724][flwr][INFO] - [ROUND 56]
[2024-09-14 22:20:34,724][flwr][INFO] - configure_fit: strategy sampled 5 clients (out of 50)
[2024-09-14 22:20:38,490][flwr][INFO] - aggregate_fit: received 5 results and 0 failures
[2024-09-14 22:20:43,408][flwr][INFO] - fit progress: (56, 84.67951732873917, {'accuracy': 0.7676118094124526}, 522.8555858908221)
[2024-09-14 22:20:43,408][flwr][INFO] - configure_evaluate: strategy sampled 2 clients (out of 50)
[2024-09-14 22:20:43,709][flwr][INFO] - aggregate_evaluate: received 2 results and 0 failures
[2024-09-14 22:20:43,710][flwr][INFO] - 
[2024-09-14 22:20:43,710][flwr][INFO] - [ROUND 57]
[2024-09-14 22:20:43,710][flwr][INFO] - configure_fit: strategy sampled 5 clients (out of 50)
[2024-09-14 22:20:48,437][flwr][INFO] - aggregate_fit: received 5 results and 0 failures
[2024-09-14 22:20:53,559][flwr][INFO] - fit progress: (57, 99.08712232112885, {'accuracy': 0.6553639286758258}, 533.0066545787267)
[2024-09-14 22:20:53,560][flwr][INFO] - configure_evaluate: strategy sampled 2 clients (out of 50)
[2024-09-14 22:20:53,876][flwr][INFO] - aggregate_evaluate: received 2 results and 0 failures
[2024-09-14 22:20:53,876][flwr][INFO] - 
[2024-09-14 22:20:53,876][flwr][INFO] - [ROUND 58]
[2024-09-14 22:20:53,876][flwr][INFO] - configure_fit: strategy sampled 5 clients (out of 50)
[2024-09-14 22:20:57,119][flwr][INFO] - aggregate_fit: received 5 results and 0 failures
[2024-09-14 22:21:01,907][flwr][INFO] - fit progress: (58, 94.25879520177841, {'accuracy': 0.7261034785150541}, 541.3546152026393)
[2024-09-14 22:21:01,907][flwr][INFO] - configure_evaluate: strategy sampled 2 clients (out of 50)
[2024-09-14 22:21:02,294][flwr][INFO] - aggregate_evaluate: received 2 results and 0 failures
[2024-09-14 22:21:02,294][flwr][INFO] - 
[2024-09-14 22:21:02,294][flwr][INFO] - [ROUND 59]
[2024-09-14 22:21:02,294][flwr][INFO] - configure_fit: strategy sampled 5 clients (out of 50)
[2024-09-14 22:21:05,396][flwr][INFO] - aggregate_fit: received 5 results and 0 failures
[2024-09-14 22:21:10,392][flwr][INFO] - fit progress: (59, 87.4650548696518, {'accuracy': 0.735749780765858}, 549.8395670950413)
[2024-09-14 22:21:10,392][flwr][INFO] - configure_evaluate: strategy sampled 2 clients (out of 50)
[2024-09-14 22:21:10,718][flwr][INFO] - aggregate_evaluate: received 2 results and 0 failures
[2024-09-14 22:21:10,718][flwr][INFO] - 
[2024-09-14 22:21:10,719][flwr][INFO] - [ROUND 60]
[2024-09-14 22:21:10,719][flwr][INFO] - configure_fit: strategy sampled 5 clients (out of 50)
[2024-09-14 22:21:15,224][flwr][INFO] - aggregate_fit: received 5 results and 0 failures
[2024-09-14 22:21:20,056][flwr][INFO] - fit progress: (60, 88.76541504263878, {'accuracy': 0.732826658871675}, 559.5032662237063)
[2024-09-14 22:21:20,056][flwr][INFO] - configure_evaluate: strategy sampled 2 clients (out of 50)
[2024-09-14 22:21:20,452][flwr][INFO] - aggregate_evaluate: received 2 results and 0 failures
[2024-09-14 22:21:20,452][flwr][INFO] - 
[2024-09-14 22:21:20,452][flwr][INFO] - [ROUND 61]
[2024-09-14 22:21:20,453][flwr][INFO] - configure_fit: strategy sampled 5 clients (out of 50)
[2024-09-14 22:21:24,547][flwr][INFO] - aggregate_fit: received 5 results and 0 failures
[2024-09-14 22:21:29,302][flwr][INFO] - fit progress: (61, 85.17873966693878, {'accuracy': 0.7415960245542239}, 568.749243799597)
[2024-09-14 22:21:29,302][flwr][INFO] - configure_evaluate: strategy sampled 2 clients (out of 50)
[2024-09-14 22:21:29,637][flwr][INFO] - aggregate_evaluate: received 2 results and 0 failures
[2024-09-14 22:21:29,638][flwr][INFO] - 
[2024-09-14 22:21:29,638][flwr][INFO] - [ROUND 62]
[2024-09-14 22:21:29,638][flwr][INFO] - configure_fit: strategy sampled 5 clients (out of 50)
[2024-09-14 22:21:33,129][flwr][INFO] - aggregate_fit: received 5 results and 0 failures
[2024-09-14 22:21:37,819][flwr][INFO] - fit progress: (62, 89.10544288158417, {'accuracy': 0.7430575855013154}, 577.2661353829317)
[2024-09-14 22:21:37,819][flwr][INFO] - configure_evaluate: strategy sampled 2 clients (out of 50)
[2024-09-14 22:21:38,284][flwr][INFO] - aggregate_evaluate: received 2 results and 0 failures
[2024-09-14 22:21:38,284][flwr][INFO] - 
[2024-09-14 22:21:38,284][flwr][INFO] - [ROUND 63]
[2024-09-14 22:21:38,284][flwr][INFO] - configure_fit: strategy sampled 5 clients (out of 50)
[2024-09-14 22:21:41,410][flwr][INFO] - aggregate_fit: received 5 results and 0 failures
[2024-09-14 22:21:46,413][flwr][INFO] - fit progress: (63, 91.1021848320961, {'accuracy': 0.6799181525869629}, 585.8607920478098)
[2024-09-14 22:21:46,414][flwr][INFO] - configure_evaluate: strategy sampled 2 clients (out of 50)
[2024-09-14 22:21:46,708][flwr][INFO] - aggregate_evaluate: received 2 results and 0 failures
[2024-09-14 22:21:46,708][flwr][INFO] - 
[2024-09-14 22:21:46,708][flwr][INFO] - [ROUND 64]
[2024-09-14 22:21:46,708][flwr][INFO] - configure_fit: strategy sampled 5 clients (out of 50)
[2024-09-14 22:21:50,237][flwr][INFO] - aggregate_fit: received 5 results and 0 failures
[2024-09-14 22:21:55,311][flwr][INFO] - fit progress: (64, 82.99169164896011, {'accuracy': 0.7430575855013154}, 594.7581106680445)
[2024-09-14 22:21:55,311][flwr][INFO] - configure_evaluate: strategy sampled 2 clients (out of 50)
[2024-09-14 22:21:55,850][flwr][INFO] - aggregate_evaluate: received 2 results and 0 failures
[2024-09-14 22:21:55,850][flwr][INFO] - 
[2024-09-14 22:21:55,850][flwr][INFO] - [ROUND 65]
[2024-09-14 22:21:55,850][flwr][INFO] - configure_fit: strategy sampled 5 clients (out of 50)
[2024-09-14 22:21:58,490][flwr][INFO] - aggregate_fit: received 5 results and 0 failures
[2024-09-14 22:22:03,284][flwr][INFO] - fit progress: (65, 78.5028889477253, {'accuracy': 0.776965799473838}, 602.7315063998103)
[2024-09-14 22:22:03,284][flwr][INFO] - configure_evaluate: strategy sampled 2 clients (out of 50)
[2024-09-14 22:22:03,615][flwr][INFO] - aggregate_evaluate: received 2 results and 0 failures
[2024-09-14 22:22:03,615][flwr][INFO] - 
[2024-09-14 22:22:03,615][flwr][INFO] - [ROUND 66]
[2024-09-14 22:22:03,615][flwr][INFO] - configure_fit: strategy sampled 5 clients (out of 50)
[2024-09-14 22:22:05,773][flwr][INFO] - aggregate_fit: received 5 results and 0 failures
[2024-09-14 22:22:10,797][flwr][INFO] - fit progress: (66, 79.71616160869598, {'accuracy': 0.7822274188833674}, 610.244187018834)
[2024-09-14 22:22:10,797][flwr][INFO] - configure_evaluate: strategy sampled 2 clients (out of 50)
[2024-09-14 22:22:11,077][flwr][INFO] - aggregate_evaluate: received 2 results and 0 failures
[2024-09-14 22:22:11,078][flwr][INFO] - 
[2024-09-14 22:22:11,078][flwr][INFO] - [ROUND 67]
[2024-09-14 22:22:11,078][flwr][INFO] - configure_fit: strategy sampled 5 clients (out of 50)
[2024-09-14 22:22:14,987][flwr][INFO] - aggregate_fit: received 5 results and 0 failures
[2024-09-14 22:22:21,501][flwr][INFO] - fit progress: (67, 81.75102937221527, {'accuracy': 0.7293189125986553}, 620.9484090199694)
[2024-09-14 22:22:21,501][flwr][INFO] - configure_evaluate: strategy sampled 2 clients (out of 50)
[2024-09-14 22:22:21,785][flwr][INFO] - aggregate_evaluate: received 2 results and 0 failures
[2024-09-14 22:22:21,785][flwr][INFO] - 
[2024-09-14 22:22:21,786][flwr][INFO] - [ROUND 68]
[2024-09-14 22:22:21,786][flwr][INFO] - configure_fit: strategy sampled 5 clients (out of 50)
[2024-09-14 22:22:25,325][flwr][INFO] - aggregate_fit: received 5 results and 0 failures
[2024-09-14 22:22:30,306][flwr][INFO] - fit progress: (68, 87.3827576637268, {'accuracy': 0.684887459807074}, 629.753245677799)
[2024-09-14 22:22:30,306][flwr][INFO] - configure_evaluate: strategy sampled 2 clients (out of 50)
[2024-09-14 22:22:30,629][flwr][INFO] - aggregate_evaluate: received 2 results and 0 failures
[2024-09-14 22:22:30,629][flwr][INFO] - 
[2024-09-14 22:22:30,629][flwr][INFO] - [ROUND 69]
[2024-09-14 22:22:30,629][flwr][INFO] - configure_fit: strategy sampled 5 clients (out of 50)
[2024-09-14 22:22:35,370][flwr][INFO] - aggregate_fit: received 5 results and 0 failures
[2024-09-14 22:22:40,437][flwr][INFO] - fit progress: (69, 76.19593474268913, {'accuracy': 0.7901198479976616}, 639.884405859746)
[2024-09-14 22:22:40,437][flwr][INFO] - configure_evaluate: strategy sampled 2 clients (out of 50)
[2024-09-14 22:22:40,753][flwr][INFO] - aggregate_evaluate: received 2 results and 0 failures
[2024-09-14 22:22:40,753][flwr][INFO] - 
[2024-09-14 22:22:40,753][flwr][INFO] - [ROUND 70]
[2024-09-14 22:22:40,753][flwr][INFO] - configure_fit: strategy sampled 5 clients (out of 50)
[2024-09-14 22:22:43,841][flwr][INFO] - aggregate_fit: received 5 results and 0 failures
[2024-09-14 22:22:48,625][flwr][INFO] - fit progress: (70, 87.13647717237473, {'accuracy': 0.7404267757965507}, 648.072830050718)
[2024-09-14 22:22:48,626][flwr][INFO] - configure_evaluate: strategy sampled 2 clients (out of 50)
[2024-09-14 22:22:49,029][flwr][INFO] - aggregate_evaluate: received 2 results and 0 failures
[2024-09-14 22:22:49,030][flwr][INFO] - 
[2024-09-14 22:22:49,030][flwr][INFO] - [ROUND 71]
[2024-09-14 22:22:49,030][flwr][INFO] - configure_fit: strategy sampled 5 clients (out of 50)
[2024-09-14 22:22:53,022][flwr][INFO] - aggregate_fit: received 5 results and 0 failures
[2024-09-14 22:22:57,741][flwr][INFO] - fit progress: (71, 79.69946962594986, {'accuracy': 0.7977199649225373}, 657.1887968196534)
[2024-09-14 22:22:57,742][flwr][INFO] - configure_evaluate: strategy sampled 2 clients (out of 50)
[2024-09-14 22:22:58,062][flwr][INFO] - aggregate_evaluate: received 2 results and 0 failures
[2024-09-14 22:22:58,062][flwr][INFO] - 
[2024-09-14 22:22:58,062][flwr][INFO] - [ROUND 72]
[2024-09-14 22:22:58,063][flwr][INFO] - configure_fit: strategy sampled 5 clients (out of 50)
[2024-09-14 22:23:01,604][flwr][INFO] - aggregate_fit: received 5 results and 0 failures
[2024-09-14 22:23:06,596][flwr][INFO] - fit progress: (72, 84.78970009088516, {'accuracy': 0.7819351066939492}, 666.0431082206778)
[2024-09-14 22:23:06,596][flwr][INFO] - configure_evaluate: strategy sampled 2 clients (out of 50)
[2024-09-14 22:23:07,001][flwr][INFO] - aggregate_evaluate: received 2 results and 0 failures
[2024-09-14 22:23:07,002][flwr][INFO] - 
[2024-09-14 22:23:07,002][flwr][INFO] - [ROUND 73]
[2024-09-14 22:23:07,002][flwr][INFO] - configure_fit: strategy sampled 5 clients (out of 50)
[2024-09-14 22:23:10,248][flwr][INFO] - aggregate_fit: received 5 results and 0 failures
[2024-09-14 22:23:14,952][flwr][INFO] - fit progress: (73, 74.47225084900856, {'accuracy': 0.8117509500146156}, 674.3997164508328)
[2024-09-14 22:23:14,953][flwr][INFO] - configure_evaluate: strategy sampled 2 clients (out of 50)
[2024-09-14 22:23:15,317][flwr][INFO] - aggregate_evaluate: received 2 results and 0 failures
[2024-09-14 22:23:15,317][flwr][INFO] - 
[2024-09-14 22:23:15,318][flwr][INFO] - [ROUND 74]
[2024-09-14 22:23:15,318][flwr][INFO] - configure_fit: strategy sampled 5 clients (out of 50)
[2024-09-14 22:23:20,479][flwr][INFO] - aggregate_fit: received 5 results and 0 failures
[2024-09-14 22:23:25,233][flwr][INFO] - fit progress: (74, 73.21429830789566, {'accuracy': 0.7950891552177726}, 684.6803730656393)
[2024-09-14 22:23:25,233][flwr][INFO] - configure_evaluate: strategy sampled 2 clients (out of 50)
[2024-09-14 22:23:25,570][flwr][INFO] - aggregate_evaluate: received 2 results and 0 failures
[2024-09-14 22:23:25,571][flwr][INFO] - 
[2024-09-14 22:23:25,571][flwr][INFO] - [ROUND 75]
[2024-09-14 22:23:25,571][flwr][INFO] - configure_fit: strategy sampled 5 clients (out of 50)
[2024-09-14 22:23:29,230][flwr][INFO] - aggregate_fit: received 5 results and 0 failures
[2024-09-14 22:23:34,478][flwr][INFO] - fit progress: (75, 81.29813325405121, {'accuracy': 0.7149956153171587}, 693.9250630550086)
[2024-09-14 22:23:34,478][flwr][INFO] - configure_evaluate: strategy sampled 2 clients (out of 50)
[2024-09-14 22:23:34,828][flwr][INFO] - aggregate_evaluate: received 2 results and 0 failures
[2024-09-14 22:23:34,829][flwr][INFO] - 
[2024-09-14 22:23:34,829][flwr][INFO] - [ROUND 76]
[2024-09-14 22:23:34,829][flwr][INFO] - configure_fit: strategy sampled 5 clients (out of 50)
[2024-09-14 22:23:38,892][flwr][INFO] - aggregate_fit: received 5 results and 0 failures
[2024-09-14 22:23:43,677][flwr][INFO] - fit progress: (76, 73.68312001228333, {'accuracy': 0.791581408944753}, 703.1242439118214)
[2024-09-14 22:23:43,677][flwr][INFO] - configure_evaluate: strategy sampled 2 clients (out of 50)
[2024-09-14 22:23:43,990][flwr][INFO] - aggregate_evaluate: received 2 results and 0 failures
[2024-09-14 22:23:43,991][flwr][INFO] - 
[2024-09-14 22:23:43,991][flwr][INFO] - [ROUND 77]
[2024-09-14 22:23:43,991][flwr][INFO] - configure_fit: strategy sampled 5 clients (out of 50)
[2024-09-14 22:23:46,548][flwr][INFO] - aggregate_fit: received 5 results and 0 failures
[2024-09-14 22:23:51,420][flwr][INFO] - fit progress: (77, 76.85150107741356, {'accuracy': 0.7755042385267465}, 710.8671513269655)
[2024-09-14 22:23:51,420][flwr][INFO] - configure_evaluate: strategy sampled 2 clients (out of 50)
[2024-09-14 22:23:51,725][flwr][INFO] - aggregate_evaluate: received 2 results and 0 failures
[2024-09-14 22:23:51,726][flwr][INFO] - 
[2024-09-14 22:23:51,726][flwr][INFO] - [ROUND 78]
[2024-09-14 22:23:51,726][flwr][INFO] - configure_fit: strategy sampled 5 clients (out of 50)
[2024-09-14 22:23:56,437][flwr][INFO] - aggregate_fit: received 5 results and 0 failures
[2024-09-14 22:24:01,635][flwr][INFO] - fit progress: (78, 73.88261240720749, {'accuracy': 0.825781935106694}, 721.0829101027921)
[2024-09-14 22:24:01,636][flwr][INFO] - configure_evaluate: strategy sampled 2 clients (out of 50)
[2024-09-14 22:24:01,976][flwr][INFO] - aggregate_evaluate: received 2 results and 0 failures
[2024-09-14 22:24:01,977][flwr][INFO] - 
[2024-09-14 22:24:01,977][flwr][INFO] - [ROUND 79]
[2024-09-14 22:24:01,977][flwr][INFO] - configure_fit: strategy sampled 5 clients (out of 50)
[2024-09-14 22:24:05,826][flwr][INFO] - aggregate_fit: received 5 results and 0 failures
[2024-09-14 22:24:11,409][flwr][INFO] - fit progress: (79, 75.00767865777016, {'accuracy': 0.7997661502484653}, 730.8560863966122)
[2024-09-14 22:24:11,409][flwr][INFO] - configure_evaluate: strategy sampled 2 clients (out of 50)
[2024-09-14 22:24:11,732][flwr][INFO] - aggregate_evaluate: received 2 results and 0 failures
[2024-09-14 22:24:11,732][flwr][INFO] - 
[2024-09-14 22:24:11,732][flwr][INFO] - [ROUND 80]
[2024-09-14 22:24:11,732][flwr][INFO] - configure_fit: strategy sampled 5 clients (out of 50)
[2024-09-14 22:24:15,568][flwr][INFO] - aggregate_fit: received 5 results and 0 failures
[2024-09-14 22:24:21,202][flwr][INFO] - fit progress: (80, 73.06558713316917, {'accuracy': 0.7787196726103478}, 740.649103033822)
[2024-09-14 22:24:21,202][flwr][INFO] - configure_evaluate: strategy sampled 2 clients (out of 50)
[2024-09-14 22:24:21,492][flwr][INFO] - aggregate_evaluate: received 2 results and 0 failures
[2024-09-14 22:24:21,493][flwr][INFO] - 
[2024-09-14 22:24:21,493][flwr][INFO] - [ROUND 81]
[2024-09-14 22:24:21,493][flwr][INFO] - configure_fit: strategy sampled 5 clients (out of 50)
[2024-09-14 22:24:25,449][flwr][INFO] - aggregate_fit: received 5 results and 0 failures
[2024-09-14 22:24:30,392][flwr][INFO] - fit progress: (81, 77.96770972013474, {'accuracy': 0.7559193218357205}, 749.8398340656422)
[2024-09-14 22:24:30,393][flwr][INFO] - configure_evaluate: strategy sampled 2 clients (out of 50)
[2024-09-14 22:24:30,897][flwr][INFO] - aggregate_evaluate: received 2 results and 0 failures
[2024-09-14 22:24:30,897][flwr][INFO] - 
[2024-09-14 22:24:30,897][flwr][INFO] - [ROUND 82]
[2024-09-14 22:24:30,897][flwr][INFO] - configure_fit: strategy sampled 5 clients (out of 50)
[2024-09-14 22:24:35,127][flwr][INFO] - aggregate_fit: received 5 results and 0 failures
[2024-09-14 22:24:39,812][flwr][INFO] - fit progress: (82, 72.1887718141079, {'accuracy': 0.8240280619701842}, 759.2599345347844)
[2024-09-14 22:24:39,813][flwr][INFO] - configure_evaluate: strategy sampled 2 clients (out of 50)
[2024-09-14 22:24:40,203][flwr][INFO] - aggregate_evaluate: received 2 results and 0 failures
[2024-09-14 22:24:40,203][flwr][INFO] - 
[2024-09-14 22:24:40,204][flwr][INFO] - [ROUND 83]
[2024-09-14 22:24:40,204][flwr][INFO] - configure_fit: strategy sampled 5 clients (out of 50)
[2024-09-14 22:24:44,115][flwr][INFO] - aggregate_fit: received 5 results and 0 failures
[2024-09-14 22:24:49,677][flwr][INFO] - fit progress: (83, 71.27217775583267, {'accuracy': 0.8079508915521777}, 769.1246834318154)
[2024-09-14 22:24:49,678][flwr][INFO] - configure_evaluate: strategy sampled 2 clients (out of 50)
[2024-09-14 22:24:50,000][flwr][INFO] - aggregate_evaluate: received 2 results and 0 failures
[2024-09-14 22:24:50,001][flwr][INFO] - 
[2024-09-14 22:24:50,001][flwr][INFO] - [ROUND 84]
[2024-09-14 22:24:50,001][flwr][INFO] - configure_fit: strategy sampled 5 clients (out of 50)
[2024-09-14 22:24:53,837][flwr][INFO] - aggregate_fit: received 5 results and 0 failures
[2024-09-14 22:24:58,500][flwr][INFO] - fit progress: (84, 71.3209878206253, {'accuracy': 0.7918737211341713}, 777.9475006707944)
[2024-09-14 22:24:58,500][flwr][INFO] - configure_evaluate: strategy sampled 2 clients (out of 50)
[2024-09-14 22:24:58,969][flwr][INFO] - aggregate_evaluate: received 2 results and 0 failures
[2024-09-14 22:24:58,970][flwr][INFO] - 
[2024-09-14 22:24:58,970][flwr][INFO] - [ROUND 85]
[2024-09-14 22:24:58,970][flwr][INFO] - configure_fit: strategy sampled 5 clients (out of 50)
[2024-09-14 22:25:02,990][flwr][INFO] - aggregate_fit: received 5 results and 0 failures
[2024-09-14 22:25:07,834][flwr][INFO] - fit progress: (85, 73.46470549702644, {'accuracy': 0.8021046477638117}, 787.2815836057998)
[2024-09-14 22:25:07,835][flwr][INFO] - configure_evaluate: strategy sampled 2 clients (out of 50)
[2024-09-14 22:25:08,290][flwr][INFO] - aggregate_evaluate: received 2 results and 0 failures
[2024-09-14 22:25:08,291][flwr][INFO] - 
[2024-09-14 22:25:08,291][flwr][INFO] - [ROUND 86]
[2024-09-14 22:25:08,291][flwr][INFO] - configure_fit: strategy sampled 5 clients (out of 50)
[2024-09-14 22:25:13,258][flwr][INFO] - aggregate_fit: received 5 results and 0 failures
[2024-09-14 22:25:17,971][flwr][INFO] - fit progress: (86, 69.842444896698, {'accuracy': 0.8149663840982169}, 797.4185841716826)
[2024-09-14 22:25:17,971][flwr][INFO] - configure_evaluate: strategy sampled 2 clients (out of 50)
[2024-09-14 22:25:18,401][flwr][INFO] - aggregate_evaluate: received 2 results and 0 failures
[2024-09-14 22:25:18,401][flwr][INFO] - 
[2024-09-14 22:25:18,401][flwr][INFO] - [ROUND 87]
[2024-09-14 22:25:18,401][flwr][INFO] - configure_fit: strategy sampled 5 clients (out of 50)
[2024-09-14 22:25:21,188][flwr][INFO] - aggregate_fit: received 5 results and 0 failures
[2024-09-14 22:25:25,909][flwr][INFO] - fit progress: (87, 68.972346752882, {'accuracy': 0.8310435545162234}, 805.3567671217024)
[2024-09-14 22:25:25,910][flwr][INFO] - configure_evaluate: strategy sampled 2 clients (out of 50)
[2024-09-14 22:25:26,231][flwr][INFO] - aggregate_evaluate: received 2 results and 0 failures
[2024-09-14 22:25:26,231][flwr][INFO] - 
[2024-09-14 22:25:26,231][flwr][INFO] - [ROUND 88]
[2024-09-14 22:25:26,232][flwr][INFO] - configure_fit: strategy sampled 5 clients (out of 50)
[2024-09-14 22:25:30,678][flwr][INFO] - aggregate_fit: received 5 results and 0 failures
[2024-09-14 22:25:35,399][flwr][INFO] - fit progress: (88, 78.39254203438759, {'accuracy': 0.7743349897690733}, 814.8468160447665)
[2024-09-14 22:25:35,400][flwr][INFO] - configure_evaluate: strategy sampled 2 clients (out of 50)
[2024-09-14 22:25:35,736][flwr][INFO] - aggregate_evaluate: received 2 results and 0 failures
[2024-09-14 22:25:35,736][flwr][INFO] - 
[2024-09-14 22:25:35,736][flwr][INFO] - [ROUND 89]
[2024-09-14 22:25:35,736][flwr][INFO] - configure_fit: strategy sampled 5 clients (out of 50)
[2024-09-14 22:25:38,658][flwr][INFO] - aggregate_fit: received 5 results and 0 failures
[2024-09-14 22:25:43,460][flwr][INFO] - fit progress: (89, 73.28852289915085, {'accuracy': 0.7892429114294066}, 822.9071532138623)
[2024-09-14 22:25:43,460][flwr][INFO] - configure_evaluate: strategy sampled 2 clients (out of 50)
[2024-09-14 22:25:44,010][flwr][INFO] - aggregate_evaluate: received 2 results and 0 failures
[2024-09-14 22:25:44,010][flwr][INFO] - 
[2024-09-14 22:25:44,010][flwr][INFO] - [ROUND 90]
[2024-09-14 22:25:44,010][flwr][INFO] - configure_fit: strategy sampled 5 clients (out of 50)
[2024-09-14 22:25:47,972][flwr][INFO] - aggregate_fit: received 5 results and 0 failures
[2024-09-14 22:25:53,654][flwr][INFO] - fit progress: (90, 69.14417526125908, {'accuracy': 0.8073662671733411}, 833.1015889099799)
[2024-09-14 22:25:53,655][flwr][INFO] - configure_evaluate: strategy sampled 2 clients (out of 50)
[2024-09-14 22:25:53,995][flwr][INFO] - aggregate_evaluate: received 2 results and 0 failures
[2024-09-14 22:25:53,995][flwr][INFO] - 
[2024-09-14 22:25:53,995][flwr][INFO] - [ROUND 91]
[2024-09-14 22:25:53,996][flwr][INFO] - configure_fit: strategy sampled 5 clients (out of 50)
[2024-09-14 22:25:59,533][flwr][INFO] - aggregate_fit: received 5 results and 0 failures
[2024-09-14 22:26:04,244][flwr][INFO] - fit progress: (91, 68.98614454269409, {'accuracy': 0.794504530838936}, 843.6918190596625)
[2024-09-14 22:26:04,245][flwr][INFO] - configure_evaluate: strategy sampled 2 clients (out of 50)
[2024-09-14 22:26:04,589][flwr][INFO] - aggregate_evaluate: received 2 results and 0 failures
[2024-09-14 22:26:04,589][flwr][INFO] - 
[2024-09-14 22:26:04,589][flwr][INFO] - [ROUND 92]
[2024-09-14 22:26:04,589][flwr][INFO] - configure_fit: strategy sampled 5 clients (out of 50)
[2024-09-14 22:26:08,334][flwr][INFO] - aggregate_fit: received 5 results and 0 failures
[2024-09-14 22:26:13,900][flwr][INFO] - fit progress: (92, 86.4272543489933, {'accuracy': 0.7071031862028646}, 853.3472056817263)
[2024-09-14 22:26:13,900][flwr][INFO] - configure_evaluate: strategy sampled 2 clients (out of 50)
[2024-09-14 22:26:14,249][flwr][INFO] - aggregate_evaluate: received 2 results and 0 failures
[2024-09-14 22:26:14,249][flwr][INFO] - 
[2024-09-14 22:26:14,249][flwr][INFO] - [ROUND 93]
[2024-09-14 22:26:14,250][flwr][INFO] - configure_fit: strategy sampled 5 clients (out of 50)
[2024-09-14 22:26:18,213][flwr][INFO] - aggregate_fit: received 5 results and 0 failures
[2024-09-14 22:26:22,913][flwr][INFO] - fit progress: (93, 71.93115076422691, {'accuracy': 0.8167202572347267}, 862.3600528780371)
[2024-09-14 22:26:22,913][flwr][INFO] - configure_evaluate: strategy sampled 2 clients (out of 50)
[2024-09-14 22:26:23,264][flwr][INFO] - aggregate_evaluate: received 2 results and 0 failures
[2024-09-14 22:26:23,264][flwr][INFO] - 
[2024-09-14 22:26:23,264][flwr][INFO] - [ROUND 94]
[2024-09-14 22:26:23,264][flwr][INFO] - configure_fit: strategy sampled 5 clients (out of 50)
[2024-09-14 22:26:26,690][flwr][INFO] - aggregate_fit: received 5 results and 0 failures
[2024-09-14 22:26:31,369][flwr][INFO] - fit progress: (94, 74.79961025714874, {'accuracy': 0.7869044139140602}, 870.8165026498027)
[2024-09-14 22:26:31,369][flwr][INFO] - configure_evaluate: strategy sampled 2 clients (out of 50)
[2024-09-14 22:26:31,897][flwr][INFO] - aggregate_evaluate: received 2 results and 0 failures
[2024-09-14 22:26:31,898][flwr][INFO] - 
[2024-09-14 22:26:31,898][flwr][INFO] - [ROUND 95]
[2024-09-14 22:26:31,898][flwr][INFO] - configure_fit: strategy sampled 5 clients (out of 50)
[2024-09-14 22:26:37,390][flwr][INFO] - aggregate_fit: received 5 results and 0 failures
[2024-09-14 22:26:42,169][flwr][INFO] - fit progress: (95, 83.54677724838257, {'accuracy': 0.7120724934229757}, 881.6164496839046)
[2024-09-14 22:26:42,169][flwr][INFO] - configure_evaluate: strategy sampled 2 clients (out of 50)
[2024-09-14 22:26:42,516][flwr][INFO] - aggregate_evaluate: received 2 results and 0 failures
[2024-09-14 22:26:42,516][flwr][INFO] - 
[2024-09-14 22:26:42,516][flwr][INFO] - [ROUND 96]
[2024-09-14 22:26:42,516][flwr][INFO] - configure_fit: strategy sampled 5 clients (out of 50)
[2024-09-14 22:26:46,654][flwr][INFO] - aggregate_fit: received 5 results and 0 failures
[2024-09-14 22:26:51,330][flwr][INFO] - fit progress: (96, 76.76490381360054, {'accuracy': 0.7611809412452499}, 890.7771751577966)
[2024-09-14 22:26:51,330][flwr][INFO] - configure_evaluate: strategy sampled 2 clients (out of 50)
[2024-09-14 22:26:51,642][flwr][INFO] - aggregate_evaluate: received 2 results and 0 failures
[2024-09-14 22:26:51,642][flwr][INFO] - 
[2024-09-14 22:26:51,642][flwr][INFO] - [ROUND 97]
[2024-09-14 22:26:51,642][flwr][INFO] - configure_fit: strategy sampled 5 clients (out of 50)
[2024-09-14 22:26:54,695][flwr][INFO] - aggregate_fit: received 5 results and 0 failures
[2024-09-14 22:27:00,234][flwr][INFO] - fit progress: (97, 69.88310223817825, {'accuracy': 0.8152586962876351}, 899.6819530175999)
[2024-09-14 22:27:00,235][flwr][INFO] - configure_evaluate: strategy sampled 2 clients (out of 50)
[2024-09-14 22:27:00,573][flwr][INFO] - aggregate_evaluate: received 2 results and 0 failures
[2024-09-14 22:27:00,573][flwr][INFO] - 
[2024-09-14 22:27:00,573][flwr][INFO] - [ROUND 98]
[2024-09-14 22:27:00,573][flwr][INFO] - configure_fit: strategy sampled 5 clients (out of 50)
[2024-09-14 22:27:04,744][flwr][INFO] - aggregate_fit: received 5 results and 0 failures
[2024-09-14 22:27:09,414][flwr][INFO] - fit progress: (98, 74.73262956738472, {'accuracy': 0.7766734872844198}, 908.8612473290414)
[2024-09-14 22:27:09,414][flwr][INFO] - configure_evaluate: strategy sampled 2 clients (out of 50)
[2024-09-14 22:27:09,793][flwr][INFO] - aggregate_evaluate: received 2 results and 0 failures
[2024-09-14 22:27:09,794][flwr][INFO] - 
[2024-09-14 22:27:09,794][flwr][INFO] - [ROUND 99]
[2024-09-14 22:27:09,794][flwr][INFO] - configure_fit: strategy sampled 5 clients (out of 50)
[2024-09-14 22:27:11,820][flwr][INFO] - aggregate_fit: received 5 results and 0 failures
[2024-09-14 22:27:16,575][flwr][INFO] - fit progress: (99, 67.8442223072052, {'accuracy': 0.8143817597193803}, 916.0228102989495)
[2024-09-14 22:27:16,576][flwr][INFO] - configure_evaluate: strategy sampled 2 clients (out of 50)
[2024-09-14 22:27:16,895][flwr][INFO] - aggregate_evaluate: received 2 results and 0 failures
[2024-09-14 22:27:16,896][flwr][INFO] - 
[2024-09-14 22:27:16,896][flwr][INFO] - [ROUND 100]
[2024-09-14 22:27:16,897][flwr][INFO] - configure_fit: strategy sampled 5 clients (out of 50)
[2024-09-14 22:27:20,722][flwr][INFO] - aggregate_fit: received 5 results and 0 failures
[2024-09-14 22:27:25,619][flwr][INFO] - fit progress: (100, 64.32517009973526, {'accuracy': 0.8161356328558901}, 925.0661197206937)
[2024-09-14 22:27:25,619][flwr][INFO] - configure_evaluate: strategy sampled 2 clients (out of 50)
[2024-09-14 22:27:25,968][flwr][INFO] - aggregate_evaluate: received 2 results and 0 failures
[2024-09-14 22:27:25,969][flwr][INFO] - 
[2024-09-14 22:27:25,969][flwr][INFO] - [SUMMARY]
[2024-09-14 22:27:25,969][flwr][INFO] - Run finished 100 round(s) in 925.42s
[2024-09-14 22:27:25,972][flwr][INFO] - 	History (loss, distributed):
[2024-09-14 22:27:25,972][flwr][INFO] - 		round 1: 2.2422613230618564
[2024-09-14 22:27:25,972][flwr][INFO] - 		round 2: 2.2030302828008477
[2024-09-14 22:27:25,972][flwr][INFO] - 		round 3: 2.0572547727617723
[2024-09-14 22:27:25,972][flwr][INFO] - 		round 4: 1.7564470286552722
[2024-09-14 22:27:25,972][flwr][INFO] - 		round 5: 2.436499788954451
[2024-09-14 22:27:25,973][flwr][INFO] - 		round 6: 1.892599186118768
[2024-09-14 22:27:25,973][flwr][INFO] - 		round 7: 1.9085106683331867
[2024-09-14 22:27:25,973][flwr][INFO] - 		round 8: 2.026036956731011
[2024-09-14 22:27:25,973][flwr][INFO] - 		round 9: 2.231970506906509
[2024-09-14 22:27:25,973][flwr][INFO] - 		round 10: 1.722406123959741
[2024-09-14 22:27:25,973][flwr][INFO] - 		round 11: 1.6977283027436998
[2024-09-14 22:27:25,973][flwr][INFO] - 		round 12: 1.8528603145054408
[2024-09-14 22:27:25,973][flwr][INFO] - 		round 13: 1.862665516264895
[2024-09-14 22:27:25,973][flwr][INFO] - 		round 14: 1.6300747880229243
[2024-09-14 22:27:25,973][flwr][INFO] - 		round 15: 1.2704591960237737
[2024-09-14 22:27:25,973][flwr][INFO] - 		round 16: 1.9682349022044692
[2024-09-14 22:27:25,973][flwr][INFO] - 		round 17: 1.8473188150219801
[2024-09-14 22:27:25,973][flwr][INFO] - 		round 18: 1.7603614330291748
[2024-09-14 22:27:25,973][flwr][INFO] - 		round 19: 1.7756220281124115
[2024-09-14 22:27:25,973][flwr][INFO] - 		round 20: 1.3880414962768555
[2024-09-14 22:27:25,973][flwr][INFO] - 		round 21: 1.4252379655838012
[2024-09-14 22:27:25,973][flwr][INFO] - 		round 22: 1.0971735017053013
[2024-09-14 22:27:25,973][flwr][INFO] - 		round 23: 1.0146062687823647
[2024-09-14 22:27:25,974][flwr][INFO] - 		round 24: 1.360280458132426
[2024-09-14 22:27:25,974][flwr][INFO] - 		round 25: 1.894177638567411
[2024-09-14 22:27:25,974][flwr][INFO] - 		round 26: 1.2166250785191854
[2024-09-14 22:27:25,974][flwr][INFO] - 		round 27: 1.217455393075943
[2024-09-14 22:27:25,974][flwr][INFO] - 		round 28: 1.865617993401318
[2024-09-14 22:27:25,974][flwr][INFO] - 		round 29: 1.3943307724866
[2024-09-14 22:27:25,974][flwr][INFO] - 		round 30: 0.9429682925635693
[2024-09-14 22:27:25,974][flwr][INFO] - 		round 31: 1.0451074726176712
[2024-09-14 22:27:25,974][flwr][INFO] - 		round 32: 1.4362049026366992
[2024-09-14 22:27:25,974][flwr][INFO] - 		round 33: 0.7830791803116494
[2024-09-14 22:27:25,974][flwr][INFO] - 		round 34: 1.1141145012595437
[2024-09-14 22:27:25,974][flwr][INFO] - 		round 35: 1.0365563436430327
[2024-09-14 22:27:25,974][flwr][INFO] - 		round 36: 1.6088694504329137
[2024-09-14 22:27:25,974][flwr][INFO] - 		round 37: 1.5355147881941362
[2024-09-14 22:27:25,974][flwr][INFO] - 		round 38: 1.1476639200139929
[2024-09-14 22:27:25,974][flwr][INFO] - 		round 39: 1.325006977040717
[2024-09-14 22:27:25,974][flwr][INFO] - 		round 40: 0.5458199679851532
[2024-09-14 22:27:25,974][flwr][INFO] - 		round 41: 0.7276341134104235
[2024-09-14 22:27:25,975][flwr][INFO] - 		round 42: 1.4898402944524238
[2024-09-14 22:27:25,975][flwr][INFO] - 		round 43: 0.6373052282153435
[2024-09-14 22:27:25,975][flwr][INFO] - 		round 44: 0.7738658006374652
[2024-09-14 22:27:25,975][flwr][INFO] - 		round 45: 1.091332275337643
[2024-09-14 22:27:25,975][flwr][INFO] - 		round 46: 0.5539391338825226
[2024-09-14 22:27:25,975][flwr][INFO] - 		round 47: 0.7738194763660431
[2024-09-14 22:27:25,975][flwr][INFO] - 		round 48: 0.7440716207027436
[2024-09-14 22:27:25,975][flwr][INFO] - 		round 49: 0.6901872319690252
[2024-09-14 22:27:25,975][flwr][INFO] - 		round 50: 1.0354099648970145
[2024-09-14 22:27:25,975][flwr][INFO] - 		round 51: 0.9938331544399261
[2024-09-14 22:27:25,975][flwr][INFO] - 		round 52: 0.8420290884872278
[2024-09-14 22:27:25,975][flwr][INFO] - 		round 53: 1.2265213906764985
[2024-09-14 22:27:25,975][flwr][INFO] - 		round 54: 0.5804653085511307
[2024-09-14 22:27:25,975][flwr][INFO] - 		round 55: 0.7532879102904841
[2024-09-14 22:27:25,975][flwr][INFO] - 		round 56: 1.154638946056366
[2024-09-14 22:27:25,975][flwr][INFO] - 		round 57: 0.8771389443823632
[2024-09-14 22:27:25,975][flwr][INFO] - 		round 58: 0.7814417055674961
[2024-09-14 22:27:25,975][flwr][INFO] - 		round 59: 0.691818247426231
[2024-09-14 22:27:25,976][flwr][INFO] - 		round 60: 0.8987135734668997
[2024-09-14 22:27:25,976][flwr][INFO] - 		round 61: 1.0079366185448386
[2024-09-14 22:27:25,976][flwr][INFO] - 		round 62: 0.3039937702509073
[2024-09-14 22:27:25,976][flwr][INFO] - 		round 63: 1.7609387014223181
[2024-09-14 22:27:25,976][flwr][INFO] - 		round 64: 0.6952525295060257
[2024-09-14 22:27:25,976][flwr][INFO] - 		round 65: 0.8537056889644888
[2024-09-14 22:27:25,976][flwr][INFO] - 		round 66: 0.9840708800724575
[2024-09-14 22:27:25,976][flwr][INFO] - 		round 67: 0.8901743168054626
[2024-09-14 22:27:25,976][flwr][INFO] - 		round 68: 1.1682323882746142
[2024-09-14 22:27:25,976][flwr][INFO] - 		round 69: 0.4509468674659729
[2024-09-14 22:27:25,976][flwr][INFO] - 		round 70: 0.8987053849480369
[2024-09-14 22:27:25,976][flwr][INFO] - 		round 71: 0.6349107291963365
[2024-09-14 22:27:25,976][flwr][INFO] - 		round 72: 0.754298443018004
[2024-09-14 22:27:25,976][flwr][INFO] - 		round 73: 0.8875564007048912
[2024-09-14 22:27:25,976][flwr][INFO] - 		round 74: 0.8242946929401822
[2024-09-14 22:27:25,976][flwr][INFO] - 		round 75: 0.6345316447593548
[2024-09-14 22:27:25,976][flwr][INFO] - 		round 76: 0.4762410819530487
[2024-09-14 22:27:25,976][flwr][INFO] - 		round 77: 1.6345982551574707
[2024-09-14 22:27:25,976][flwr][INFO] - 		round 78: 0.5488270968198776
[2024-09-14 22:27:25,977][flwr][INFO] - 		round 79: 0.9002088249898424
[2024-09-14 22:27:25,977][flwr][INFO] - 		round 80: 0.8435389670458707
[2024-09-14 22:27:25,977][flwr][INFO] - 		round 81: 0.8589053015376247
[2024-09-14 22:27:25,977][flwr][INFO] - 		round 82: 0.6490855139714701
[2024-09-14 22:27:25,977][flwr][INFO] - 		round 83: 0.6840859306793586
[2024-09-14 22:27:25,977][flwr][INFO] - 		round 84: 0.7369835525751114
[2024-09-14 22:27:25,977][flwr][INFO] - 		round 85: 0.9692644793936547
[2024-09-14 22:27:25,977][flwr][INFO] - 		round 86: 0.7302856621693592
[2024-09-14 22:27:25,977][flwr][INFO] - 		round 87: 0.807616686379468
[2024-09-14 22:27:25,977][flwr][INFO] - 		round 88: 0.6171059694982344
[2024-09-14 22:27:25,977][flwr][INFO] - 		round 89: 0.650569464915838
[2024-09-14 22:27:25,977][flwr][INFO] - 		round 90: 1.0128019213676454
[2024-09-14 22:27:25,977][flwr][INFO] - 		round 91: 0.3943730579181151
[2024-09-14 22:27:25,977][flwr][INFO] - 		round 92: 1.1646933754285176
[2024-09-14 22:27:25,977][flwr][INFO] - 		round 93: 0.7348096796444484
[2024-09-14 22:27:25,977][flwr][INFO] - 		round 94: 0.7662511760113286
[2024-09-14 22:27:25,977][flwr][INFO] - 		round 95: 0.7257885932922363
[2024-09-14 22:27:25,977][flwr][INFO] - 		round 96: 0.7912928130891588
[2024-09-14 22:27:25,978][flwr][INFO] - 		round 97: 0.594087906952562
[2024-09-14 22:27:25,978][flwr][INFO] - 		round 98: 0.720342606306076
[2024-09-14 22:27:25,978][flwr][INFO] - 		round 99: 0.7391869884270889
[2024-09-14 22:27:25,978][flwr][INFO] - 		round 100: 0.7603728645726254
[2024-09-14 22:27:25,978][flwr][INFO] - 	History (loss, centralized):
[2024-09-14 22:27:25,978][flwr][INFO] - 		round 0: 224.82174825668335
[2024-09-14 22:27:25,978][flwr][INFO] - 		round 1: 225.49399971961975
[2024-09-14 22:27:25,978][flwr][INFO] - 		round 2: 222.70885729789734
[2024-09-14 22:27:25,978][flwr][INFO] - 		round 3: 217.56707072257996
[2024-09-14 22:27:25,978][flwr][INFO] - 		round 4: 210.02000641822815
[2024-09-14 22:27:25,978][flwr][INFO] - 		round 5: 206.4932805299759
[2024-09-14 22:27:25,978][flwr][INFO] - 		round 6: 203.73339557647705
[2024-09-14 22:27:25,978][flwr][INFO] - 		round 7: 201.04757225513458
[2024-09-14 22:27:25,978][flwr][INFO] - 		round 8: 197.5265188217163
[2024-09-14 22:27:25,978][flwr][INFO] - 		round 9: 193.49894225597382
[2024-09-14 22:27:25,978][flwr][INFO] - 		round 10: 184.43067121505737
[2024-09-14 22:27:25,978][flwr][INFO] - 		round 11: 182.55847132205963
[2024-09-14 22:27:25,978][flwr][INFO] - 		round 12: 183.70981073379517
[2024-09-14 22:27:25,978][flwr][INFO] - 		round 13: 176.0533035993576
[2024-09-14 22:27:25,978][flwr][INFO] - 		round 14: 178.19508481025696
[2024-09-14 22:27:25,978][flwr][INFO] - 		round 15: 171.7616707086563
[2024-09-14 22:27:25,979][flwr][INFO] - 		round 16: 163.82496237754822
[2024-09-14 22:27:25,979][flwr][INFO] - 		round 17: 165.97880017757416
[2024-09-14 22:27:25,979][flwr][INFO] - 		round 18: 161.74410581588745
[2024-09-14 22:27:25,979][flwr][INFO] - 		round 19: 148.88702273368835
[2024-09-14 22:27:25,979][flwr][INFO] - 		round 20: 148.56600415706635
[2024-09-14 22:27:25,979][flwr][INFO] - 		round 21: 147.03030955791473
[2024-09-14 22:27:25,979][flwr][INFO] - 		round 22: 152.26424860954285
[2024-09-14 22:27:25,979][flwr][INFO] - 		round 23: 147.9347972869873
[2024-09-14 22:27:25,979][flwr][INFO] - 		round 24: 140.8817901611328
[2024-09-14 22:27:25,979][flwr][INFO] - 		round 25: 143.8985913991928
[2024-09-14 22:27:25,979][flwr][INFO] - 		round 26: 140.36835741996765
[2024-09-14 22:27:25,979][flwr][INFO] - 		round 27: 139.1915147304535
[2024-09-14 22:27:25,979][flwr][INFO] - 		round 28: 133.2288064956665
[2024-09-14 22:27:25,979][flwr][INFO] - 		round 29: 132.9638787508011
[2024-09-14 22:27:25,979][flwr][INFO] - 		round 30: 121.98404812812805
[2024-09-14 22:27:25,979][flwr][INFO] - 		round 31: 126.81550180912018
[2024-09-14 22:27:25,979][flwr][INFO] - 		round 32: 122.56585788726807
[2024-09-14 22:27:25,979][flwr][INFO] - 		round 33: 113.77924340963364
[2024-09-14 22:27:25,979][flwr][INFO] - 		round 34: 114.47023248672485
[2024-09-14 22:27:25,979][flwr][INFO] - 		round 35: 117.92361104488373
[2024-09-14 22:27:25,979][flwr][INFO] - 		round 36: 121.76568049192429
[2024-09-14 22:27:25,979][flwr][INFO] - 		round 37: 111.68217980861664
[2024-09-14 22:27:25,980][flwr][INFO] - 		round 38: 107.29119193553925
[2024-09-14 22:27:25,980][flwr][INFO] - 		round 39: 113.29980838298798
[2024-09-14 22:27:25,980][flwr][INFO] - 		round 40: 105.14395046234131
[2024-09-14 22:27:25,980][flwr][INFO] - 		round 41: 102.966115295887
[2024-09-14 22:27:25,980][flwr][INFO] - 		round 42: 107.92659556865692
[2024-09-14 22:27:25,980][flwr][INFO] - 		round 43: 105.69177657365799
[2024-09-14 22:27:25,980][flwr][INFO] - 		round 44: 98.32572883367538
[2024-09-14 22:27:25,980][flwr][INFO] - 		round 45: 96.71585470438004
[2024-09-14 22:27:25,980][flwr][INFO] - 		round 46: 95.44923996925354
[2024-09-14 22:27:25,980][flwr][INFO] - 		round 47: 93.58476060628891
[2024-09-14 22:27:25,980][flwr][INFO] - 		round 48: 111.8146784901619
[2024-09-14 22:27:25,980][flwr][INFO] - 		round 49: 96.94802904129028
[2024-09-14 22:27:25,980][flwr][INFO] - 		round 50: 94.53759050369263
[2024-09-14 22:27:25,980][flwr][INFO] - 		round 51: 95.9723852276802
[2024-09-14 22:27:25,980][flwr][INFO] - 		round 52: 85.22726345062256
[2024-09-14 22:27:25,980][flwr][INFO] - 		round 53: 87.35088193416595
[2024-09-14 22:27:25,980][flwr][INFO] - 		round 54: 86.1573725938797
[2024-09-14 22:27:25,980][flwr][INFO] - 		round 55: 90.95900881290436
[2024-09-14 22:27:25,980][flwr][INFO] - 		round 56: 84.67951732873917
[2024-09-14 22:27:25,980][flwr][INFO] - 		round 57: 99.08712232112885
[2024-09-14 22:27:25,980][flwr][INFO] - 		round 58: 94.25879520177841
[2024-09-14 22:27:25,980][flwr][INFO] - 		round 59: 87.4650548696518
[2024-09-14 22:27:25,981][flwr][INFO] - 		round 60: 88.76541504263878
[2024-09-14 22:27:25,981][flwr][INFO] - 		round 61: 85.17873966693878
[2024-09-14 22:27:25,981][flwr][INFO] - 		round 62: 89.10544288158417
[2024-09-14 22:27:25,981][flwr][INFO] - 		round 63: 91.1021848320961
[2024-09-14 22:27:25,981][flwr][INFO] - 		round 64: 82.99169164896011
[2024-09-14 22:27:25,981][flwr][INFO] - 		round 65: 78.5028889477253
[2024-09-14 22:27:25,981][flwr][INFO] - 		round 66: 79.71616160869598
[2024-09-14 22:27:25,981][flwr][INFO] - 		round 67: 81.75102937221527
[2024-09-14 22:27:25,981][flwr][INFO] - 		round 68: 87.3827576637268
[2024-09-14 22:27:25,981][flwr][INFO] - 		round 69: 76.19593474268913
[2024-09-14 22:27:25,981][flwr][INFO] - 		round 70: 87.13647717237473
[2024-09-14 22:27:25,981][flwr][INFO] - 		round 71: 79.69946962594986
[2024-09-14 22:27:25,981][flwr][INFO] - 		round 72: 84.78970009088516
[2024-09-14 22:27:25,981][flwr][INFO] - 		round 73: 74.47225084900856
[2024-09-14 22:27:25,981][flwr][INFO] - 		round 74: 73.21429830789566
[2024-09-14 22:27:25,981][flwr][INFO] - 		round 75: 81.29813325405121
[2024-09-14 22:27:25,981][flwr][INFO] - 		round 76: 73.68312001228333
[2024-09-14 22:27:25,981][flwr][INFO] - 		round 77: 76.85150107741356
[2024-09-14 22:27:25,981][flwr][INFO] - 		round 78: 73.88261240720749
[2024-09-14 22:27:25,981][flwr][INFO] - 		round 79: 75.00767865777016
[2024-09-14 22:27:25,981][flwr][INFO] - 		round 80: 73.06558713316917
[2024-09-14 22:27:25,981][flwr][INFO] - 		round 81: 77.96770972013474
[2024-09-14 22:27:25,982][flwr][INFO] - 		round 82: 72.1887718141079
[2024-09-14 22:27:25,982][flwr][INFO] - 		round 83: 71.27217775583267
[2024-09-14 22:27:25,982][flwr][INFO] - 		round 84: 71.3209878206253
[2024-09-14 22:27:25,982][flwr][INFO] - 		round 85: 73.46470549702644
[2024-09-14 22:27:25,982][flwr][INFO] - 		round 86: 69.842444896698
[2024-09-14 22:27:25,982][flwr][INFO] - 		round 87: 68.972346752882
[2024-09-14 22:27:25,982][flwr][INFO] - 		round 88: 78.39254203438759
[2024-09-14 22:27:25,982][flwr][INFO] - 		round 89: 73.28852289915085
[2024-09-14 22:27:25,982][flwr][INFO] - 		round 90: 69.14417526125908
[2024-09-14 22:27:25,982][flwr][INFO] - 		round 91: 68.98614454269409
[2024-09-14 22:27:25,982][flwr][INFO] - 		round 92: 86.4272543489933
[2024-09-14 22:27:25,982][flwr][INFO] - 		round 93: 71.93115076422691
[2024-09-14 22:27:25,982][flwr][INFO] - 		round 94: 74.79961025714874
[2024-09-14 22:27:25,982][flwr][INFO] - 		round 95: 83.54677724838257
[2024-09-14 22:27:25,982][flwr][INFO] - 		round 96: 76.76490381360054
[2024-09-14 22:27:25,982][flwr][INFO] - 		round 97: 69.88310223817825
[2024-09-14 22:27:25,982][flwr][INFO] - 		round 98: 74.73262956738472
[2024-09-14 22:27:25,982][flwr][INFO] - 		round 99: 67.8442223072052
[2024-09-14 22:27:25,982][flwr][INFO] - 		round 100: 64.32517009973526
[2024-09-14 22:27:25,982][flwr][INFO] - 	History (metrics, distributed, evaluate):
[2024-09-14 22:27:25,982][flwr][INFO] - 	{'accuracy': [(1, 0.0),
[2024-09-14 22:27:25,982][flwr][INFO] - 	              (2, 0.0),
[2024-09-14 22:27:25,982][flwr][INFO] - 	              (3, 0.22413793103448276),
[2024-09-14 22:27:25,983][flwr][INFO] - 	              (4, 0.40384615384615385),
[2024-09-14 22:27:25,983][flwr][INFO] - 	              (5, 0.0),
[2024-09-14 22:27:25,983][flwr][INFO] - 	              (6, 0.14285714285714285),
[2024-09-14 22:27:25,983][flwr][INFO] - 	              (7, 0.23255813953488372),
[2024-09-14 22:27:25,983][flwr][INFO] - 	              (8, 0.058823529411764705),
[2024-09-14 22:27:25,983][flwr][INFO] - 	              (9, 0.0),
[2024-09-14 22:27:25,983][flwr][INFO] - 	              (10, 0.3953488372093023),
[2024-09-14 22:27:25,983][flwr][INFO] - 	              (11, 0.35185185185185186),
[2024-09-14 22:27:25,983][flwr][INFO] - 	              (12, 0.38095238095238093),
[2024-09-14 22:27:25,983][flwr][INFO] - 	              (13, 0.2765957446808511),
[2024-09-14 22:27:25,983][flwr][INFO] - 	              (14, 0.37037037037037035),
[2024-09-14 22:27:25,983][flwr][INFO] - 	              (15, 0.631578947368421),
[2024-09-14 22:27:25,983][flwr][INFO] - 	              (16, 0.3023255813953488),
[2024-09-14 22:27:25,983][flwr][INFO] - 	              (17, 0.24390243902439024),
[2024-09-14 22:27:25,983][flwr][INFO] - 	              (18, 0.1956521739130435),
[2024-09-14 22:27:25,983][flwr][INFO] - 	              (19, 0.3),
[2024-09-14 22:27:25,983][flwr][INFO] - 	              (20, 0.4583333333333333),
[2024-09-14 22:27:25,983][flwr][INFO] - 	              (21, 0.5333333333333333),
[2024-09-14 22:27:25,984][flwr][INFO] - 	              (22, 0.7241379310344828),
[2024-09-14 22:27:25,984][flwr][INFO] - 	              (23, 0.7192982456140351),
[2024-09-14 22:27:25,984][flwr][INFO] - 	              (24, 0.7333333333333333),
[2024-09-14 22:27:25,984][flwr][INFO] - 	              (25, 0.23076923076923078),
[2024-09-14 22:27:25,984][flwr][INFO] - 	              (26, 0.6),
[2024-09-14 22:27:25,984][flwr][INFO] - 	              (27, 0.52),
[2024-09-14 22:27:25,984][flwr][INFO] - 	              (28, 0.14634146341463414),
[2024-09-14 22:27:25,984][flwr][INFO] - 	              (29, 0.5227272727272727),
[2024-09-14 22:27:25,984][flwr][INFO] - 	              (30, 0.8235294117647058),
[2024-09-14 22:27:25,984][flwr][INFO] - 	              (31, 0.7358490566037735),
[2024-09-14 22:27:25,984][flwr][INFO] - 	              (32, 0.5128205128205128),
[2024-09-14 22:27:25,984][flwr][INFO] - 	              (33, 0.8936170212765957),
[2024-09-14 22:27:25,984][flwr][INFO] - 	              (34, 0.7045454545454546),
[2024-09-14 22:27:25,984][flwr][INFO] - 	              (35, 0.5918367346938775),
[2024-09-14 22:27:25,984][flwr][INFO] - 	              (36, 0.3877551020408163),
[2024-09-14 22:27:25,984][flwr][INFO] - 	              (37, 0.4090909090909091),
[2024-09-14 22:27:25,984][flwr][INFO] - 	              (38, 0.5740740740740741),
[2024-09-14 22:27:25,984][flwr][INFO] - 	              (39, 0.48936170212765956),
[2024-09-14 22:27:25,984][flwr][INFO] - 	              (40, 0.9411764705882353),
[2024-09-14 22:27:25,984][flwr][INFO] - 	              (41, 0.8620689655172413),
[2024-09-14 22:27:25,985][flwr][INFO] - 	              (42, 0.3829787234042553),
[2024-09-14 22:27:25,985][flwr][INFO] - 	              (43, 0.8679245283018868),
[2024-09-14 22:27:25,985][flwr][INFO] - 	              (44, 0.7692307692307693),
[2024-09-14 22:27:25,985][flwr][INFO] - 	              (45, 0.6444444444444445),
[2024-09-14 22:27:25,985][flwr][INFO] - 	              (46, 0.9137931034482759),
[2024-09-14 22:27:25,985][flwr][INFO] - 	              (47, 0.8125),
[2024-09-14 22:27:25,985][flwr][INFO] - 	              (48, 0.7166666666666667),
[2024-09-14 22:27:25,985][flwr][INFO] - 	              (49, 0.7966101694915254),
[2024-09-14 22:27:25,985][flwr][INFO] - 	              (50, 0.7037037037037037),
[2024-09-14 22:27:25,985][flwr][INFO] - 	              (51, 0.75),
[2024-09-14 22:27:25,985][flwr][INFO] - 	              (52, 0.7916666666666666),
[2024-09-14 22:27:25,985][flwr][INFO] - 	              (53, 0.625),
[2024-09-14 22:27:25,985][flwr][INFO] - 	              (54, 0.8620689655172413),
[2024-09-14 22:27:25,985][flwr][INFO] - 	              (55, 0.7735849056603774),
[2024-09-14 22:27:25,985][flwr][INFO] - 	              (56, 0.375),
[2024-09-14 22:27:25,985][flwr][INFO] - 	              (57, 0.7021276595744681),
[2024-09-14 22:27:25,985][flwr][INFO] - 	              (58, 0.7551020408163265),
[2024-09-14 22:27:25,985][flwr][INFO] - 	              (59, 0.8490566037735849),
[2024-09-14 22:27:25,985][flwr][INFO] - 	              (60, 0.7209302325581395),
[2024-09-14 22:27:25,985][flwr][INFO] - 	              (61, 0.6363636363636364),
[2024-09-14 22:27:25,985][flwr][INFO] - 	              (62, 0.9538461538461539),
[2024-09-14 22:27:25,985][flwr][INFO] - 	              (63, 0.17391304347826086),
[2024-09-14 22:27:25,986][flwr][INFO] - 	              (64, 0.7931034482758621),
[2024-09-14 22:27:25,986][flwr][INFO] - 	              (65, 0.7441860465116279),
[2024-09-14 22:27:25,986][flwr][INFO] - 	              (66, 0.6666666666666666),
[2024-09-14 22:27:25,986][flwr][INFO] - 	              (67, 0.6744186046511628),
[2024-09-14 22:27:25,986][flwr][INFO] - 	              (68, 0.5348837209302325),
[2024-09-14 22:27:25,986][flwr][INFO] - 	              (69, 0.9583333333333334),
[2024-09-14 22:27:25,986][flwr][INFO] - 	              (70, 0.7272727272727273),
[2024-09-14 22:27:25,986][flwr][INFO] - 	              (71, 0.8253968253968254),
[2024-09-14 22:27:25,986][flwr][INFO] - 	              (72, 0.813953488372093),
[2024-09-14 22:27:25,986][flwr][INFO] - 	              (73, 0.723404255319149),
[2024-09-14 22:27:25,986][flwr][INFO] - 	              (74, 0.6666666666666666),
[2024-09-14 22:27:25,986][flwr][INFO] - 	              (75, 0.7592592592592593),
[2024-09-14 22:27:25,986][flwr][INFO] - 	              (76, 0.875),
[2024-09-14 22:27:25,986][flwr][INFO] - 	              (77, 0.35),
[2024-09-14 22:27:25,986][flwr][INFO] - 	              (78, 0.9583333333333334),
[2024-09-14 22:27:25,986][flwr][INFO] - 	              (79, 0.6666666666666666),
[2024-09-14 22:27:25,986][flwr][INFO] - 	              (80, 0.7045454545454546),
[2024-09-14 22:27:25,986][flwr][INFO] - 	              (81, 0.7209302325581395),
[2024-09-14 22:27:25,986][flwr][INFO] - 	              (82, 0.8333333333333334),
[2024-09-14 22:27:25,986][flwr][INFO] - 	              (83, 0.7843137254901961),
[2024-09-14 22:27:25,986][flwr][INFO] - 	              (84, 0.7708333333333334),
[2024-09-14 22:27:25,986][flwr][INFO] - 	              (85, 0.6170212765957447),
[2024-09-14 22:27:25,987][flwr][INFO] - 	              (86, 0.7346938775510204),
[2024-09-14 22:27:25,987][flwr][INFO] - 	              (87, 0.6851851851851852),
[2024-09-14 22:27:25,987][flwr][INFO] - 	              (88, 0.8548387096774194),
[2024-09-14 22:27:25,987][flwr][INFO] - 	              (89, 0.8717948717948718),
[2024-09-14 22:27:25,987][flwr][INFO] - 	              (90, 0.725),
[2024-09-14 22:27:25,987][flwr][INFO] - 	              (91, 0.9090909090909091),
[2024-09-14 22:27:25,987][flwr][INFO] - 	              (92, 0.49019607843137253),
[2024-09-14 22:27:25,987][flwr][INFO] - 	              (93, 0.7619047619047619),
[2024-09-14 22:27:25,987][flwr][INFO] - 	              (94, 0.7843137254901961),
[2024-09-14 22:27:25,987][flwr][INFO] - 	              (95, 0.6923076923076923),
[2024-09-14 22:27:25,987][flwr][INFO] - 	              (96, 0.6888888888888889),
[2024-09-14 22:27:25,987][flwr][INFO] - 	              (97, 0.8275862068965517),
[2024-09-14 22:27:25,987][flwr][INFO] - 	              (98, 0.7894736842105263),
[2024-09-14 22:27:25,987][flwr][INFO] - 	              (99, 0.7948717948717948),
[2024-09-14 22:27:25,987][flwr][INFO] - 	              (100, 0.7017543859649122)]}
[2024-09-14 22:27:25,987][flwr][INFO] - 	History (metrics, centralized):
[2024-09-14 22:27:25,987][flwr][INFO] - 	{'accuracy': [(0, 0.0710318620286466),
[2024-09-14 22:27:25,987][flwr][INFO] - 	              (1, 0.1373867290266004),
[2024-09-14 22:27:25,987][flwr][INFO] - 	              (2, 0.1376790412160187),
[2024-09-14 22:27:25,987][flwr][INFO] - 	              (3, 0.15492546039169833),
[2024-09-14 22:27:25,987][flwr][INFO] - 	              (4, 0.2765273311897106),
[2024-09-14 22:27:25,987][flwr][INFO] - 	              (5, 0.2078339666764104),
[2024-09-14 22:27:25,988][flwr][INFO] - 	              (6, 0.26600409237065187),
[2024-09-14 22:27:25,988][flwr][INFO] - 	              (7, 0.3086816720257235),
[2024-09-14 22:27:25,988][flwr][INFO] - 	              (8, 0.2092955276235019),
[2024-09-14 22:27:25,988][flwr][INFO] - 	              (9, 0.2768196433791289),
[2024-09-14 22:27:25,988][flwr][INFO] - 	              (10, 0.41216018707980123),
[2024-09-14 22:27:25,988][flwr][INFO] - 	              (11, 0.4028061970184157),
[2024-09-14 22:27:25,988][flwr][INFO] - 	              (12, 0.3683133586670564),
[2024-09-14 22:27:25,988][flwr][INFO] - 	              (13, 0.47413037123648055),
[2024-09-14 22:27:25,988][flwr][INFO] - 	              (14, 0.38526746565331776),
[2024-09-14 22:27:25,988][flwr][INFO] - 	              (15, 0.3843905290850628),
[2024-09-14 22:27:25,988][flwr][INFO] - 	              (16, 0.5644548377667349),
[2024-09-14 22:27:25,988][flwr][INFO] - 	              (17, 0.6129786612101724),
[2024-09-14 22:27:25,988][flwr][INFO] - 	              (18, 0.4659456299327682),
[2024-09-14 22:27:25,988][flwr][INFO] - 	              (19, 0.6208710903244665),
[2024-09-14 22:27:25,988][flwr][INFO] - 	              (20, 0.5928091201403098),
[2024-09-14 22:27:25,988][flwr][INFO] - 	              (21, 0.5954399298450745),
[2024-09-14 22:27:25,988][flwr][INFO] - 	              (22, 0.5673779596609179),
[2024-09-14 22:27:25,988][flwr][INFO] - 	              (23, 0.5632855890090617),
[2024-09-14 22:27:25,988][flwr][INFO] - 	              (24, 0.5980707395498392),
[2024-09-14 22:27:25,988][flwr][INFO] - 	              (25, 0.42706810874013446),
[2024-09-14 22:27:25,988][flwr][INFO] - 	              (26, 0.5355159310143233),
[2024-09-14 22:27:25,988][flwr][INFO] - 	              (27, 0.47705349313066353),
[2024-09-14 22:27:25,989][flwr][INFO] - 	              (28, 0.6188249049985385),
[2024-09-14 22:27:25,989][flwr][INFO] - 	              (29, 0.6670564162525577),
[2024-09-14 22:27:25,989][flwr][INFO] - 	              (30, 0.6752411575562701),
[2024-09-14 22:27:25,989][flwr][INFO] - 	              (31, 0.6270096463022508),
[2024-09-14 22:27:25,989][flwr][INFO] - 	              (32, 0.6527331189710611),
[2024-09-14 22:27:25,989][flwr][INFO] - 	              (33, 0.7293189125986553),
[2024-09-14 22:27:25,989][flwr][INFO] - 	              (34, 0.7225957322420344),
[2024-09-14 22:27:25,989][flwr][INFO] - 	              (35, 0.6574101140017539),
[2024-09-14 22:27:25,989][flwr][INFO] - 	              (36, 0.6474714995615317),
[2024-09-14 22:27:25,989][flwr][INFO] - 	              (37, 0.7135340543700672),
[2024-09-14 22:27:25,989][flwr][INFO] - 	              (38, 0.7085647471499561),
[2024-09-14 22:27:25,989][flwr][INFO] - 	              (39, 0.6498099970768781),
[2024-09-14 22:27:25,989][flwr][INFO] - 	              (40, 0.721134171294943),
[2024-09-14 22:27:25,989][flwr][INFO] - 	              (41, 0.7234726688102894),
[2024-09-14 22:27:25,989][flwr][INFO] - 	              (42, 0.642794504530839),
[2024-09-14 22:27:25,989][flwr][INFO] - 	              (43, 0.6498099970768781),
[2024-09-14 22:27:25,989][flwr][INFO] - 	              (44, 0.7331189710610932),
[2024-09-14 22:27:25,989][flwr][INFO] - 	              (45, 0.7243496053785443),
[2024-09-14 22:27:25,989][flwr][INFO] - 	              (46, 0.7208418591055247),
[2024-09-14 22:27:25,989][flwr][INFO] - 	              (47, 0.7214264834843613),
[2024-09-14 22:27:25,989][flwr][INFO] - 	              (48, 0.5989476761180941),
[2024-09-14 22:27:25,989][flwr][INFO] - 	              (49, 0.6837182110494008),
[2024-09-14 22:27:25,989][flwr][INFO] - 	              (50, 0.7337035954399298),
[2024-09-14 22:27:25,990][flwr][INFO] - 	              (51, 0.7161648640748319),
[2024-09-14 22:27:25,990][flwr][INFO] - 	              (52, 0.7591347559193219),
[2024-09-14 22:27:25,990][flwr][INFO] - 	              (53, 0.7345805320081847),
[2024-09-14 22:27:25,990][flwr][INFO] - 	              (54, 0.7433498976907337),
[2024-09-14 22:27:25,990][flwr][INFO] - 	              (55, 0.6919029523531132),
[2024-09-14 22:27:25,990][flwr][INFO] - 	              (56, 0.7676118094124526),
[2024-09-14 22:27:25,990][flwr][INFO] - 	              (57, 0.6553639286758258),
[2024-09-14 22:27:25,990][flwr][INFO] - 	              (58, 0.7261034785150541),
[2024-09-14 22:27:25,990][flwr][INFO] - 	              (59, 0.735749780765858),
[2024-09-14 22:27:25,990][flwr][INFO] - 	              (60, 0.732826658871675),
[2024-09-14 22:27:25,990][flwr][INFO] - 	              (61, 0.7415960245542239),
[2024-09-14 22:27:25,990][flwr][INFO] - 	              (62, 0.7430575855013154),
[2024-09-14 22:27:25,990][flwr][INFO] - 	              (63, 0.6799181525869629),
[2024-09-14 22:27:25,990][flwr][INFO] - 	              (64, 0.7430575855013154),
[2024-09-14 22:27:25,990][flwr][INFO] - 	              (65, 0.776965799473838),
[2024-09-14 22:27:25,990][flwr][INFO] - 	              (66, 0.7822274188833674),
[2024-09-14 22:27:25,990][flwr][INFO] - 	              (67, 0.7293189125986553),
[2024-09-14 22:27:25,990][flwr][INFO] - 	              (68, 0.684887459807074),
[2024-09-14 22:27:25,990][flwr][INFO] - 	              (69, 0.7901198479976616),
[2024-09-14 22:27:25,990][flwr][INFO] - 	              (70, 0.7404267757965507),
[2024-09-14 22:27:25,990][flwr][INFO] - 	              (71, 0.7977199649225373),
[2024-09-14 22:27:25,990][flwr][INFO] - 	              (72, 0.7819351066939492),
[2024-09-14 22:27:25,990][flwr][INFO] - 	              (73, 0.8117509500146156),
[2024-09-14 22:27:25,990][flwr][INFO] - 	              (74, 0.7950891552177726),
[2024-09-14 22:27:25,991][flwr][INFO] - 	              (75, 0.7149956153171587),
[2024-09-14 22:27:25,991][flwr][INFO] - 	              (76, 0.791581408944753),
[2024-09-14 22:27:25,991][flwr][INFO] - 	              (77, 0.7755042385267465),
[2024-09-14 22:27:25,991][flwr][INFO] - 	              (78, 0.825781935106694),
[2024-09-14 22:27:25,991][flwr][INFO] - 	              (79, 0.7997661502484653),
[2024-09-14 22:27:25,991][flwr][INFO] - 	              (80, 0.7787196726103478),
[2024-09-14 22:27:25,991][flwr][INFO] - 	              (81, 0.7559193218357205),
[2024-09-14 22:27:25,991][flwr][INFO] - 	              (82, 0.8240280619701842),
[2024-09-14 22:27:25,991][flwr][INFO] - 	              (83, 0.8079508915521777),
[2024-09-14 22:27:25,991][flwr][INFO] - 	              (84, 0.7918737211341713),
[2024-09-14 22:27:25,991][flwr][INFO] - 	              (85, 0.8021046477638117),
[2024-09-14 22:27:25,991][flwr][INFO] - 	              (86, 0.8149663840982169),
[2024-09-14 22:27:25,991][flwr][INFO] - 	              (87, 0.8310435545162234),
[2024-09-14 22:27:25,991][flwr][INFO] - 	              (88, 0.7743349897690733),
[2024-09-14 22:27:25,991][flwr][INFO] - 	              (89, 0.7892429114294066),
[2024-09-14 22:27:25,991][flwr][INFO] - 	              (90, 0.8073662671733411),
[2024-09-14 22:27:25,991][flwr][INFO] - 	              (91, 0.794504530838936),
[2024-09-14 22:27:25,991][flwr][INFO] - 	              (92, 0.7071031862028646),
[2024-09-14 22:27:25,991][flwr][INFO] - 	              (93, 0.8167202572347267),
[2024-09-14 22:27:25,991][flwr][INFO] - 	              (94, 0.7869044139140602),
[2024-09-14 22:27:25,991][flwr][INFO] - 	              (95, 0.7120724934229757),
[2024-09-14 22:27:25,991][flwr][INFO] - 	              (96, 0.7611809412452499),
[2024-09-14 22:27:25,992][flwr][INFO] - 	              (97, 0.8152586962876351),
[2024-09-14 22:27:25,992][flwr][INFO] - 	              (98, 0.7766734872844198),
[2024-09-14 22:27:25,992][flwr][INFO] - 	              (99, 0.8143817597193803),
[2024-09-14 22:27:25,992][flwr][INFO] - 	              (100, 0.8161356328558901)]}
[2024-09-14 22:27:25,992][flwr][INFO] - 
