[2024-10-24 04:57:11,469][flwr][INFO] - Starting Flower simulation, config: num_rounds=100, no round_timeout
[2024-10-24 04:57:15,661][flwr][INFO] - Flower VCE: Ray initialized with resources: {'node:__internal_head__': 1.0, 'CPU': 256.0, 'GPU': 1.0, 'accelerator_type:G': 1.0, 'object_store_memory': 76053039513.0, 'node:115.145.172.224': 1.0, 'memory': 167457092199.0}
[2024-10-24 04:57:15,662][flwr][INFO] - Optimize your simulation with Flower VCE: https://flower.ai/docs/framework/how-to-run-simulations.html
[2024-10-24 04:57:15,662][flwr][INFO] - Flower VCE: Resources for each Virtual Client: {'num_cpus': 64, 'num_gpus': 0.25}
[2024-10-24 04:57:15,674][flwr][INFO] - Flower VCE: Creating VirtualClientEngineActorPool with 4 actors
[2024-10-24 04:57:15,675][flwr][INFO] - [INIT]
[2024-10-24 04:57:15,675][flwr][INFO] - Requesting initial parameters from one random client
[2024-10-24 04:57:22,943][flwr][INFO] - Received initial parameters from one random client
[2024-10-24 04:57:22,943][flwr][INFO] - Evaluating initial global parameters
[2024-10-24 04:57:42,760][flwr][INFO] - initial parameters (loss, other metrics): 511.7887418270111, {'accuracy': 0.05389972144846797}
[2024-10-24 04:57:42,760][flwr][INFO] - 
[2024-10-24 04:57:42,760][flwr][INFO] - [ROUND 1]
[2024-10-24 04:57:42,760][flwr][INFO] - configure_fit: strategy sampled 5 clients (out of 50)
[2024-10-24 04:58:23,384][flwr][INFO] - aggregate_fit: received 5 results and 0 failures
[2024-10-24 04:58:24,726][flwr][WARNING] - No fit_metrics_aggregation_fn provided
[2024-10-24 04:58:44,795][flwr][INFO] - fit progress: (1, 505.3725732564926, {'accuracy': 0.17172701949860725}, 62.035345666110516)
[2024-10-24 04:58:44,796][flwr][INFO] - configure_evaluate: strategy sampled 2 clients (out of 50)
[2024-10-24 04:58:48,478][flwr][INFO] - aggregate_evaluate: received 2 results and 0 failures
[2024-10-24 04:58:48,478][flwr][INFO] - 
[2024-10-24 04:58:48,478][flwr][INFO] - [ROUND 2]
[2024-10-24 04:58:48,479][flwr][INFO] - configure_fit: strategy sampled 5 clients (out of 50)
[2024-10-24 04:59:35,449][flwr][INFO] - aggregate_fit: received 5 results and 0 failures
[2024-10-24 04:59:57,016][flwr][INFO] - fit progress: (2, 561.7027959823608, {'accuracy': 0.05863509749303621}, 134.25564370304346)
[2024-10-24 04:59:57,016][flwr][INFO] - configure_evaluate: strategy sampled 2 clients (out of 50)
[2024-10-24 05:00:00,909][flwr][INFO] - aggregate_evaluate: received 2 results and 0 failures
[2024-10-24 05:00:00,909][flwr][INFO] - 
[2024-10-24 05:00:00,909][flwr][INFO] - [ROUND 3]
[2024-10-24 05:00:00,909][flwr][INFO] - configure_fit: strategy sampled 5 clients (out of 50)
[2024-10-24 05:01:02,250][flwr][INFO] - aggregate_fit: received 5 results and 0 failures
[2024-10-24 05:01:23,383][flwr][INFO] - fit progress: (3, 645.0220704078674, {'accuracy': 0.09707520891364903}, 220.62283118069172)
[2024-10-24 05:01:23,384][flwr][INFO] - configure_evaluate: strategy sampled 2 clients (out of 50)
[2024-10-24 05:01:27,184][flwr][INFO] - aggregate_evaluate: received 2 results and 0 failures
[2024-10-24 05:01:27,184][flwr][INFO] - 
[2024-10-24 05:01:27,184][flwr][INFO] - [ROUND 4]
[2024-10-24 05:01:27,184][flwr][INFO] - configure_fit: strategy sampled 5 clients (out of 50)
[2024-10-24 05:02:24,482][flwr][INFO] - aggregate_fit: received 5 results and 0 failures
[2024-10-24 05:02:44,400][flwr][INFO] - fit progress: (4, 507.8315145969391, {'accuracy': 0.18635097493036212}, 301.64050940889865)
[2024-10-24 05:02:44,407][flwr][INFO] - configure_evaluate: strategy sampled 2 clients (out of 50)
[2024-10-24 05:02:47,750][flwr][INFO] - aggregate_evaluate: received 2 results and 0 failures
[2024-10-24 05:02:47,750][flwr][INFO] - 
[2024-10-24 05:02:47,750][flwr][INFO] - [ROUND 5]
[2024-10-24 05:02:47,750][flwr][INFO] - configure_fit: strategy sampled 5 clients (out of 50)
[2024-10-24 05:03:42,529][flwr][INFO] - aggregate_fit: received 5 results and 0 failures
[2024-10-24 05:04:02,277][flwr][INFO] - fit progress: (5, 490.5838260650635, {'accuracy': 0.18635097493036212}, 379.51699471939355)
[2024-10-24 05:04:02,278][flwr][INFO] - configure_evaluate: strategy sampled 2 clients (out of 50)
[2024-10-24 05:04:05,949][flwr][INFO] - aggregate_evaluate: received 2 results and 0 failures
[2024-10-24 05:04:05,950][flwr][INFO] - 
[2024-10-24 05:04:05,950][flwr][INFO] - [ROUND 6]
[2024-10-24 05:04:05,950][flwr][INFO] - configure_fit: strategy sampled 5 clients (out of 50)
[2024-10-24 05:05:42,755][flwr][INFO] - aggregate_fit: received 5 results and 0 failures
[2024-10-24 05:06:02,290][flwr][INFO] - fit progress: (6, 506.98125433921814, {'accuracy': 0.19317548746518107}, 499.5298287887126)
[2024-10-24 05:06:02,290][flwr][INFO] - configure_evaluate: strategy sampled 2 clients (out of 50)
[2024-10-24 05:06:06,555][flwr][INFO] - aggregate_evaluate: received 2 results and 0 failures
[2024-10-24 05:06:06,555][flwr][INFO] - 
[2024-10-24 05:06:06,555][flwr][INFO] - [ROUND 7]
[2024-10-24 05:06:06,555][flwr][INFO] - configure_fit: strategy sampled 5 clients (out of 50)
[2024-10-24 05:07:41,175][flwr][INFO] - aggregate_fit: received 5 results and 0 failures
[2024-10-24 05:08:01,288][flwr][INFO] - fit progress: (7, 586.4531333446503, {'accuracy': 0.07520891364902507}, 618.52797341533)
[2024-10-24 05:08:01,288][flwr][INFO] - configure_evaluate: strategy sampled 2 clients (out of 50)
[2024-10-24 05:08:04,980][flwr][INFO] - aggregate_evaluate: received 2 results and 0 failures
[2024-10-24 05:08:04,981][flwr][INFO] - 
[2024-10-24 05:08:04,981][flwr][INFO] - [ROUND 8]
[2024-10-24 05:08:04,981][flwr][INFO] - configure_fit: strategy sampled 5 clients (out of 50)
[2024-10-24 05:10:16,439][flwr][INFO] - aggregate_fit: received 5 results and 0 failures
[2024-10-24 05:10:36,183][flwr][INFO] - fit progress: (8, 494.42066526412964, {'accuracy': 0.15041782729805014}, 773.4233563952148)
[2024-10-24 05:10:36,184][flwr][INFO] - configure_evaluate: strategy sampled 2 clients (out of 50)
[2024-10-24 05:10:39,585][flwr][INFO] - aggregate_evaluate: received 2 results and 0 failures
[2024-10-24 05:10:39,585][flwr][INFO] - 
[2024-10-24 05:10:39,586][flwr][INFO] - [ROUND 9]
[2024-10-24 05:10:39,586][flwr][INFO] - configure_fit: strategy sampled 5 clients (out of 50)
[2024-10-24 05:11:19,369][flwr][INFO] - aggregate_fit: received 5 results and 0 failures
[2024-10-24 05:11:38,364][flwr][INFO] - fit progress: (9, 481.86444449424744, {'accuracy': 0.24428969359331476}, 835.6041833842173)
[2024-10-24 05:11:38,365][flwr][INFO] - configure_evaluate: strategy sampled 2 clients (out of 50)
[2024-10-24 05:11:42,047][flwr][INFO] - aggregate_evaluate: received 2 results and 0 failures
[2024-10-24 05:11:42,048][flwr][INFO] - 
[2024-10-24 05:11:42,048][flwr][INFO] - [ROUND 10]
[2024-10-24 05:11:42,048][flwr][INFO] - configure_fit: strategy sampled 5 clients (out of 50)
[2024-10-24 05:12:23,434][flwr][INFO] - aggregate_fit: received 5 results and 0 failures
[2024-10-24 05:12:42,195][flwr][INFO] - fit progress: (10, 511.41795897483826, {'accuracy': 0.36002785515320335}, 899.4354741116986)
[2024-10-24 05:12:42,196][flwr][INFO] - configure_evaluate: strategy sampled 2 clients (out of 50)
[2024-10-24 05:12:45,626][flwr][INFO] - aggregate_evaluate: received 2 results and 0 failures
[2024-10-24 05:12:45,626][flwr][INFO] - 
[2024-10-24 05:12:45,626][flwr][INFO] - [ROUND 11]
[2024-10-24 05:12:45,627][flwr][INFO] - configure_fit: strategy sampled 5 clients (out of 50)
[2024-10-24 05:14:06,026][flwr][INFO] - aggregate_fit: received 5 results and 0 failures
[2024-10-24 05:14:26,108][flwr][INFO] - fit progress: (11, 764.301840543747, {'accuracy': 0.19958217270194986}, 1003.3476729150862)
[2024-10-24 05:14:26,108][flwr][INFO] - configure_evaluate: strategy sampled 2 clients (out of 50)
[2024-10-24 05:14:30,595][flwr][INFO] - aggregate_evaluate: received 2 results and 0 failures
[2024-10-24 05:14:30,595][flwr][INFO] - 
[2024-10-24 05:14:30,595][flwr][INFO] - [ROUND 12]
[2024-10-24 05:14:30,595][flwr][INFO] - configure_fit: strategy sampled 5 clients (out of 50)
[2024-10-24 05:15:42,191][flwr][INFO] - aggregate_fit: received 5 results and 0 failures
[2024-10-24 05:16:01,210][flwr][INFO] - fit progress: (12, 495.79991710186005, {'accuracy': 0.218941504178273}, 1098.4500800268725)
[2024-10-24 05:16:01,210][flwr][INFO] - configure_evaluate: strategy sampled 2 clients (out of 50)
[2024-10-24 05:16:04,749][flwr][INFO] - aggregate_evaluate: received 2 results and 0 failures
[2024-10-24 05:16:04,749][flwr][INFO] - 
[2024-10-24 05:16:04,749][flwr][INFO] - [ROUND 13]
[2024-10-24 05:16:04,750][flwr][INFO] - configure_fit: strategy sampled 5 clients (out of 50)
[2024-10-24 05:16:40,255][flwr][INFO] - aggregate_fit: received 5 results and 0 failures
[2024-10-24 05:16:59,421][flwr][INFO] - fit progress: (13, 446.93912088871, {'accuracy': 0.17367688022284122}, 1156.6612438037992)
[2024-10-24 05:16:59,422][flwr][INFO] - configure_evaluate: strategy sampled 2 clients (out of 50)
[2024-10-24 05:17:03,881][flwr][INFO] - aggregate_evaluate: received 2 results and 0 failures
[2024-10-24 05:17:03,881][flwr][INFO] - 
[2024-10-24 05:17:03,881][flwr][INFO] - [ROUND 14]
[2024-10-24 05:17:03,881][flwr][INFO] - configure_fit: strategy sampled 5 clients (out of 50)
[2024-10-24 05:18:22,347][flwr][INFO] - aggregate_fit: received 5 results and 0 failures
[2024-10-24 05:18:42,227][flwr][INFO] - fit progress: (14, 642.7633879184723, {'accuracy': 0.09317548746518106}, 1259.4668084606528)
[2024-10-24 05:18:42,227][flwr][INFO] - configure_evaluate: strategy sampled 2 clients (out of 50)
[2024-10-24 05:18:45,762][flwr][INFO] - aggregate_evaluate: received 2 results and 0 failures
[2024-10-24 05:18:45,762][flwr][INFO] - 
[2024-10-24 05:18:45,763][flwr][INFO] - [ROUND 15]
[2024-10-24 05:18:45,763][flwr][INFO] - configure_fit: strategy sampled 5 clients (out of 50)
[2024-10-24 05:19:45,589][flwr][INFO] - aggregate_fit: received 5 results and 0 failures
[2024-10-24 05:20:04,875][flwr][INFO] - fit progress: (15, 772.7952506542206, {'accuracy': 0.09832869080779945}, 1342.1150231687352)
[2024-10-24 05:20:04,876][flwr][INFO] - configure_evaluate: strategy sampled 2 clients (out of 50)
[2024-10-24 05:20:08,245][flwr][INFO] - aggregate_evaluate: received 2 results and 0 failures
[2024-10-24 05:20:08,245][flwr][INFO] - 
[2024-10-24 05:20:08,245][flwr][INFO] - [ROUND 16]
[2024-10-24 05:20:08,246][flwr][INFO] - configure_fit: strategy sampled 5 clients (out of 50)
[2024-10-24 05:20:51,801][flwr][INFO] - aggregate_fit: received 5 results and 0 failures
[2024-10-24 05:21:10,805][flwr][INFO] - fit progress: (16, 602.6833934783936, {'accuracy': 0.22729805013927576}, 1408.0454684868455)
[2024-10-24 05:21:10,806][flwr][INFO] - configure_evaluate: strategy sampled 2 clients (out of 50)
[2024-10-24 05:21:14,299][flwr][INFO] - aggregate_evaluate: received 2 results and 0 failures
[2024-10-24 05:21:14,299][flwr][INFO] - 
[2024-10-24 05:21:14,299][flwr][INFO] - [ROUND 17]
[2024-10-24 05:21:14,299][flwr][INFO] - configure_fit: strategy sampled 5 clients (out of 50)
[2024-10-24 05:22:17,886][flwr][INFO] - aggregate_fit: received 5 results and 0 failures
[2024-10-24 05:22:36,898][flwr][INFO] - fit progress: (17, 436.29534935951233, {'accuracy': 0.18119777158774372}, 1494.138368198648)
[2024-10-24 05:22:36,899][flwr][INFO] - configure_evaluate: strategy sampled 2 clients (out of 50)
[2024-10-24 05:22:40,100][flwr][INFO] - aggregate_evaluate: received 2 results and 0 failures
[2024-10-24 05:22:40,100][flwr][INFO] - 
[2024-10-24 05:22:40,100][flwr][INFO] - [ROUND 18]
[2024-10-24 05:22:40,100][flwr][INFO] - configure_fit: strategy sampled 5 clients (out of 50)
[2024-10-24 05:23:54,343][flwr][INFO] - aggregate_fit: received 5 results and 0 failures
[2024-10-24 05:24:14,596][flwr][INFO] - fit progress: (18, 529.5746400356293, {'accuracy': 0.31462395543175486}, 1591.8356826519594)
[2024-10-24 05:24:14,596][flwr][INFO] - configure_evaluate: strategy sampled 2 clients (out of 50)
[2024-10-24 05:24:18,518][flwr][INFO] - aggregate_evaluate: received 2 results and 0 failures
[2024-10-24 05:24:18,518][flwr][INFO] - 
[2024-10-24 05:24:18,518][flwr][INFO] - [ROUND 19]
[2024-10-24 05:24:18,519][flwr][INFO] - configure_fit: strategy sampled 5 clients (out of 50)
[2024-10-24 05:25:31,307][flwr][INFO] - aggregate_fit: received 5 results and 0 failures
[2024-10-24 05:25:50,909][flwr][INFO] - fit progress: (19, 567.7164776325226, {'accuracy': 0.26100278551532036}, 1688.1489586560056)
[2024-10-24 05:25:50,909][flwr][INFO] - configure_evaluate: strategy sampled 2 clients (out of 50)
[2024-10-24 05:25:54,445][flwr][INFO] - aggregate_evaluate: received 2 results and 0 failures
[2024-10-24 05:25:54,446][flwr][INFO] - 
[2024-10-24 05:25:54,446][flwr][INFO] - [ROUND 20]
[2024-10-24 05:25:54,446][flwr][INFO] - configure_fit: strategy sampled 5 clients (out of 50)
[2024-10-24 05:26:42,419][flwr][INFO] - aggregate_fit: received 5 results and 0 failures
[2024-10-24 05:27:00,847][flwr][INFO] - fit progress: (20, 696.7632405757904, {'accuracy': 0.42813370473537604}, 1758.0866661705077)
[2024-10-24 05:27:00,847][flwr][INFO] - configure_evaluate: strategy sampled 2 clients (out of 50)
[2024-10-24 05:27:05,687][flwr][INFO] - aggregate_evaluate: received 2 results and 0 failures
[2024-10-24 05:27:05,687][flwr][INFO] - 
[2024-10-24 05:27:05,687][flwr][INFO] - [ROUND 21]
[2024-10-24 05:27:05,687][flwr][INFO] - configure_fit: strategy sampled 5 clients (out of 50)
[2024-10-24 05:27:49,441][flwr][INFO] - aggregate_fit: received 5 results and 0 failures
[2024-10-24 05:28:08,522][flwr][INFO] - fit progress: (21, 494.1172353029251, {'accuracy': 0.22910863509749305}, 1825.7619817564264)
[2024-10-24 05:28:08,523][flwr][INFO] - configure_evaluate: strategy sampled 2 clients (out of 50)
[2024-10-24 05:28:12,497][flwr][INFO] - aggregate_evaluate: received 2 results and 0 failures
[2024-10-24 05:28:12,498][flwr][INFO] - 
[2024-10-24 05:28:12,498][flwr][INFO] - [ROUND 22]
[2024-10-24 05:28:12,499][flwr][INFO] - configure_fit: strategy sampled 5 clients (out of 50)
[2024-10-24 05:30:03,900][flwr][INFO] - aggregate_fit: received 5 results and 0 failures
[2024-10-24 05:30:23,059][flwr][INFO] - fit progress: (22, 498.2403221130371, {'accuracy': 0.2424791086350975}, 1960.299162053503)
[2024-10-24 05:30:23,059][flwr][INFO] - configure_evaluate: strategy sampled 2 clients (out of 50)
[2024-10-24 05:30:26,534][flwr][INFO] - aggregate_evaluate: received 2 results and 0 failures
[2024-10-24 05:30:26,535][flwr][INFO] - 
[2024-10-24 05:30:26,535][flwr][INFO] - [ROUND 23]
[2024-10-24 05:30:26,535][flwr][INFO] - configure_fit: strategy sampled 5 clients (out of 50)
[2024-10-24 05:31:20,330][flwr][INFO] - aggregate_fit: received 5 results and 0 failures
[2024-10-24 05:31:38,615][flwr][INFO] - fit progress: (23, 404.1932291984558, {'accuracy': 0.3651810584958217}, 2035.8549470920116)
[2024-10-24 05:31:38,615][flwr][INFO] - configure_evaluate: strategy sampled 2 clients (out of 50)
[2024-10-24 05:31:43,468][flwr][INFO] - aggregate_evaluate: received 2 results and 0 failures
[2024-10-24 05:31:43,469][flwr][INFO] - 
[2024-10-24 05:31:43,469][flwr][INFO] - [ROUND 24]
[2024-10-24 05:31:43,469][flwr][INFO] - configure_fit: strategy sampled 5 clients (out of 50)
[2024-10-24 05:32:41,177][flwr][INFO] - aggregate_fit: received 5 results and 0 failures
[2024-10-24 05:32:59,894][flwr][INFO] - fit progress: (24, 561.533872127533, {'accuracy': 0.23774373259052925}, 2117.134024671279)
[2024-10-24 05:32:59,895][flwr][INFO] - configure_evaluate: strategy sampled 2 clients (out of 50)
[2024-10-24 05:33:03,854][flwr][INFO] - aggregate_evaluate: received 2 results and 0 failures
[2024-10-24 05:33:03,854][flwr][INFO] - 
[2024-10-24 05:33:03,854][flwr][INFO] - [ROUND 25]
[2024-10-24 05:33:03,854][flwr][INFO] - configure_fit: strategy sampled 5 clients (out of 50)
[2024-10-24 05:34:07,491][flwr][INFO] - aggregate_fit: received 5 results and 0 failures
[2024-10-24 05:34:27,466][flwr][INFO] - fit progress: (25, 349.38835883140564, {'accuracy': 0.367966573816156}, 2204.706235940568)
[2024-10-24 05:34:27,467][flwr][INFO] - configure_evaluate: strategy sampled 2 clients (out of 50)
[2024-10-24 05:34:31,397][flwr][INFO] - aggregate_evaluate: received 2 results and 0 failures
[2024-10-24 05:34:31,397][flwr][INFO] - 
[2024-10-24 05:34:31,398][flwr][INFO] - [ROUND 26]
[2024-10-24 05:34:31,398][flwr][INFO] - configure_fit: strategy sampled 5 clients (out of 50)
[2024-10-24 05:35:43,211][flwr][INFO] - aggregate_fit: received 5 results and 0 failures
[2024-10-24 05:36:01,884][flwr][INFO] - fit progress: (26, 475.80411994457245, {'accuracy': 0.3157381615598886}, 2299.1242864150554)
[2024-10-24 05:36:01,885][flwr][INFO] - configure_evaluate: strategy sampled 2 clients (out of 50)
[2024-10-24 05:36:05,983][flwr][INFO] - aggregate_evaluate: received 2 results and 0 failures
[2024-10-24 05:36:05,983][flwr][INFO] - 
[2024-10-24 05:36:05,983][flwr][INFO] - [ROUND 27]
[2024-10-24 05:36:05,983][flwr][INFO] - configure_fit: strategy sampled 5 clients (out of 50)
[2024-10-24 05:36:54,444][flwr][INFO] - aggregate_fit: received 5 results and 0 failures
[2024-10-24 05:37:13,215][flwr][INFO] - fit progress: (27, 389.0695447921753, {'accuracy': 0.41030640668523677}, 2370.4546737754717)
[2024-10-24 05:37:13,215][flwr][INFO] - configure_evaluate: strategy sampled 2 clients (out of 50)
[2024-10-24 05:37:16,435][flwr][INFO] - aggregate_evaluate: received 2 results and 0 failures
[2024-10-24 05:37:16,435][flwr][INFO] - 
[2024-10-24 05:37:16,435][flwr][INFO] - [ROUND 28]
[2024-10-24 05:37:16,435][flwr][INFO] - configure_fit: strategy sampled 5 clients (out of 50)
[2024-10-24 05:39:35,944][flwr][INFO] - aggregate_fit: received 5 results and 0 failures
[2024-10-24 05:39:53,998][flwr][INFO] - fit progress: (28, 420.1440232992172, {'accuracy': 0.4523676880222841}, 2531.237987487577)
[2024-10-24 05:39:53,998][flwr][INFO] - configure_evaluate: strategy sampled 2 clients (out of 50)
[2024-10-24 05:39:57,726][flwr][INFO] - aggregate_evaluate: received 2 results and 0 failures
[2024-10-24 05:39:57,726][flwr][INFO] - 
[2024-10-24 05:39:57,726][flwr][INFO] - [ROUND 29]
[2024-10-24 05:39:57,727][flwr][INFO] - configure_fit: strategy sampled 5 clients (out of 50)
[2024-10-24 05:40:49,435][flwr][INFO] - aggregate_fit: received 5 results and 0 failures
[2024-10-24 05:41:09,967][flwr][INFO] - fit progress: (29, 365.0115727186203, {'accuracy': 0.38955431754874653}, 2607.2073329249397)
[2024-10-24 05:41:09,968][flwr][INFO] - configure_evaluate: strategy sampled 2 clients (out of 50)
[2024-10-24 05:41:13,641][flwr][INFO] - aggregate_evaluate: received 2 results and 0 failures
[2024-10-24 05:41:13,641][flwr][INFO] - 
[2024-10-24 05:41:13,642][flwr][INFO] - [ROUND 30]
[2024-10-24 05:41:13,642][flwr][INFO] - configure_fit: strategy sampled 5 clients (out of 50)
[2024-10-24 05:42:13,334][flwr][INFO] - aggregate_fit: received 5 results and 0 failures
[2024-10-24 05:42:31,932][flwr][INFO] - fit progress: (30, 292.2203949689865, {'accuracy': 0.5239554317548747}, 2689.1716286372393)
[2024-10-24 05:42:31,932][flwr][INFO] - configure_evaluate: strategy sampled 2 clients (out of 50)
[2024-10-24 05:42:36,494][flwr][INFO] - aggregate_evaluate: received 2 results and 0 failures
[2024-10-24 05:42:36,495][flwr][INFO] - 
[2024-10-24 05:42:36,495][flwr][INFO] - [ROUND 31]
[2024-10-24 05:42:36,495][flwr][INFO] - configure_fit: strategy sampled 5 clients (out of 50)
[2024-10-24 05:43:36,016][flwr][INFO] - aggregate_fit: received 5 results and 0 failures
[2024-10-24 05:43:54,301][flwr][INFO] - fit progress: (31, 617.3251262903214, {'accuracy': 0.25264623955431753}, 2771.5412373077124)
[2024-10-24 05:43:54,302][flwr][INFO] - configure_evaluate: strategy sampled 2 clients (out of 50)
[2024-10-24 05:43:58,068][flwr][INFO] - aggregate_evaluate: received 2 results and 0 failures
[2024-10-24 05:43:58,068][flwr][INFO] - 
[2024-10-24 05:43:58,068][flwr][INFO] - [ROUND 32]
[2024-10-24 05:43:58,068][flwr][INFO] - configure_fit: strategy sampled 5 clients (out of 50)
[2024-10-24 05:44:48,825][flwr][INFO] - aggregate_fit: received 5 results and 0 failures
[2024-10-24 05:45:06,910][flwr][INFO] - fit progress: (32, 491.9222867488861, {'accuracy': 0.24874651810584958}, 2844.1496347291395)
[2024-10-24 05:45:06,910][flwr][INFO] - configure_evaluate: strategy sampled 2 clients (out of 50)
[2024-10-24 05:45:11,536][flwr][INFO] - aggregate_evaluate: received 2 results and 0 failures
[2024-10-24 05:45:11,537][flwr][INFO] - 
[2024-10-24 05:45:11,537][flwr][INFO] - [ROUND 33]
[2024-10-24 05:45:11,537][flwr][INFO] - configure_fit: strategy sampled 5 clients (out of 50)
[2024-10-24 05:46:07,876][flwr][INFO] - aggregate_fit: received 5 results and 0 failures
[2024-10-24 05:46:26,229][flwr][INFO] - fit progress: (33, 579.5730557441711, {'accuracy': 0.17047353760445683}, 2923.4694597190246)
[2024-10-24 05:46:26,230][flwr][INFO] - configure_evaluate: strategy sampled 2 clients (out of 50)
[2024-10-24 05:46:30,050][flwr][INFO] - aggregate_evaluate: received 2 results and 0 failures
[2024-10-24 05:46:30,051][flwr][INFO] - 
[2024-10-24 05:46:30,051][flwr][INFO] - [ROUND 34]
[2024-10-24 05:46:30,051][flwr][INFO] - configure_fit: strategy sampled 5 clients (out of 50)
[2024-10-24 05:47:32,578][flwr][INFO] - aggregate_fit: received 5 results and 0 failures
[2024-10-24 05:47:51,991][flwr][INFO] - fit progress: (34, 486.5200959444046, {'accuracy': 0.37715877437325906}, 3009.2307130107656)
[2024-10-24 05:47:51,991][flwr][INFO] - configure_evaluate: strategy sampled 2 clients (out of 50)
[2024-10-24 05:47:56,236][flwr][INFO] - aggregate_evaluate: received 2 results and 0 failures
[2024-10-24 05:47:56,236][flwr][INFO] - 
[2024-10-24 05:47:56,236][flwr][INFO] - [ROUND 35]
[2024-10-24 05:47:56,237][flwr][INFO] - configure_fit: strategy sampled 5 clients (out of 50)
[2024-10-24 05:49:01,289][flwr][INFO] - aggregate_fit: received 5 results and 0 failures
[2024-10-24 05:49:19,485][flwr][INFO] - fit progress: (35, 352.0007703900337, {'accuracy': 0.48245125348189416}, 3096.7246633954346)
[2024-10-24 05:49:19,485][flwr][INFO] - configure_evaluate: strategy sampled 2 clients (out of 50)
[2024-10-24 05:49:22,991][flwr][INFO] - aggregate_evaluate: received 2 results and 0 failures
[2024-10-24 05:49:22,991][flwr][INFO] - 
[2024-10-24 05:49:22,991][flwr][INFO] - [ROUND 36]
[2024-10-24 05:49:22,992][flwr][INFO] - configure_fit: strategy sampled 5 clients (out of 50)
[2024-10-24 05:51:28,607][flwr][INFO] - aggregate_fit: received 5 results and 0 failures
[2024-10-24 05:51:47,646][flwr][INFO] - fit progress: (36, 378.58864974975586, {'accuracy': 0.3566852367688022}, 3244.886005504057)
[2024-10-24 05:51:47,646][flwr][INFO] - configure_evaluate: strategy sampled 2 clients (out of 50)
[2024-10-24 05:51:52,192][flwr][INFO] - aggregate_evaluate: received 2 results and 0 failures
[2024-10-24 05:51:52,193][flwr][INFO] - 
[2024-10-24 05:51:52,193][flwr][INFO] - [ROUND 37]
[2024-10-24 05:51:52,193][flwr][INFO] - configure_fit: strategy sampled 5 clients (out of 50)
[2024-10-24 05:52:16,190][flwr][INFO] - aggregate_fit: received 5 results and 0 failures
[2024-10-24 05:52:35,886][flwr][INFO] - fit progress: (37, 464.54635828733444, {'accuracy': 0.4101671309192201}, 3293.125557783991)
[2024-10-24 05:52:35,886][flwr][INFO] - configure_evaluate: strategy sampled 2 clients (out of 50)
[2024-10-24 05:52:39,757][flwr][INFO] - aggregate_evaluate: received 2 results and 0 failures
[2024-10-24 05:52:39,758][flwr][INFO] - 
[2024-10-24 05:52:39,758][flwr][INFO] - [ROUND 38]
[2024-10-24 05:52:39,758][flwr][INFO] - configure_fit: strategy sampled 5 clients (out of 50)
[2024-10-24 05:53:10,535][flwr][INFO] - aggregate_fit: received 5 results and 0 failures
[2024-10-24 05:53:29,542][flwr][INFO] - fit progress: (38, 694.6147322654724, {'accuracy': 0.1969359331476323}, 3346.781609828584)
[2024-10-24 05:53:29,542][flwr][INFO] - configure_evaluate: strategy sampled 2 clients (out of 50)
[2024-10-24 05:53:33,141][flwr][INFO] - aggregate_evaluate: received 2 results and 0 failures
[2024-10-24 05:53:33,142][flwr][INFO] - 
[2024-10-24 05:53:33,142][flwr][INFO] - [ROUND 39]
[2024-10-24 05:53:33,142][flwr][INFO] - configure_fit: strategy sampled 5 clients (out of 50)
[2024-10-24 05:54:32,345][flwr][INFO] - aggregate_fit: received 5 results and 0 failures
[2024-10-24 05:54:50,399][flwr][INFO] - fit progress: (39, 487.9415818452835, {'accuracy': 0.2644846796657382}, 3427.6388554498553)
[2024-10-24 05:54:50,399][flwr][INFO] - configure_evaluate: strategy sampled 2 clients (out of 50)
[2024-10-24 05:54:53,991][flwr][INFO] - aggregate_evaluate: received 2 results and 0 failures
[2024-10-24 05:54:53,991][flwr][INFO] - 
[2024-10-24 05:54:53,991][flwr][INFO] - [ROUND 40]
[2024-10-24 05:54:53,991][flwr][INFO] - configure_fit: strategy sampled 5 clients (out of 50)
[2024-10-24 05:56:05,231][flwr][INFO] - aggregate_fit: received 5 results and 0 failures
[2024-10-24 05:56:23,246][flwr][INFO] - fit progress: (40, 390.0589048862457, {'accuracy': 0.4030640668523677}, 3520.485673245974)
[2024-10-24 05:56:23,246][flwr][INFO] - configure_evaluate: strategy sampled 2 clients (out of 50)
[2024-10-24 05:56:27,084][flwr][INFO] - aggregate_evaluate: received 2 results and 0 failures
[2024-10-24 05:56:27,084][flwr][INFO] - 
[2024-10-24 05:56:27,084][flwr][INFO] - [ROUND 41]
[2024-10-24 05:56:27,084][flwr][INFO] - configure_fit: strategy sampled 5 clients (out of 50)
[2024-10-24 05:57:17,842][flwr][INFO] - aggregate_fit: received 5 results and 0 failures
[2024-10-24 05:57:35,837][flwr][INFO] - fit progress: (41, 411.8668805360794, {'accuracy': 0.2415041782729805}, 3593.0768833113834)
[2024-10-24 05:57:35,837][flwr][INFO] - configure_evaluate: strategy sampled 2 clients (out of 50)
[2024-10-24 05:57:39,744][flwr][INFO] - aggregate_evaluate: received 2 results and 0 failures
[2024-10-24 05:57:39,745][flwr][INFO] - 
[2024-10-24 05:57:39,745][flwr][INFO] - [ROUND 42]
[2024-10-24 05:57:39,745][flwr][INFO] - configure_fit: strategy sampled 5 clients (out of 50)
[2024-10-24 05:58:33,105][flwr][INFO] - aggregate_fit: received 5 results and 0 failures
[2024-10-24 05:58:51,134][flwr][INFO] - fit progress: (42, 335.5243661403656, {'accuracy': 0.432033426183844}, 3668.3740964410827)
[2024-10-24 05:58:51,134][flwr][INFO] - configure_evaluate: strategy sampled 2 clients (out of 50)
[2024-10-24 05:58:54,652][flwr][INFO] - aggregate_evaluate: received 2 results and 0 failures
[2024-10-24 05:58:54,652][flwr][INFO] - 
[2024-10-24 05:58:54,652][flwr][INFO] - [ROUND 43]
[2024-10-24 05:58:54,652][flwr][INFO] - configure_fit: strategy sampled 5 clients (out of 50)
[2024-10-24 06:00:02,541][flwr][INFO] - aggregate_fit: received 5 results and 0 failures
[2024-10-24 06:00:22,326][flwr][INFO] - fit progress: (43, 719.2727426290512, {'accuracy': 0.297075208913649}, 3759.5657382300124)
[2024-10-24 06:00:22,326][flwr][INFO] - configure_evaluate: strategy sampled 2 clients (out of 50)
[2024-10-24 06:00:25,815][flwr][INFO] - aggregate_evaluate: received 2 results and 0 failures
[2024-10-24 06:00:25,815][flwr][INFO] - 
[2024-10-24 06:00:25,816][flwr][INFO] - [ROUND 44]
[2024-10-24 06:00:25,816][flwr][INFO] - configure_fit: strategy sampled 5 clients (out of 50)
[2024-10-24 06:01:11,764][flwr][INFO] - aggregate_fit: received 5 results and 0 failures
[2024-10-24 06:01:31,583][flwr][INFO] - fit progress: (44, 433.16672146320343, {'accuracy': 0.31197771587743733}, 3828.8231628127396)
[2024-10-24 06:01:31,584][flwr][INFO] - configure_evaluate: strategy sampled 2 clients (out of 50)
[2024-10-24 06:01:34,883][flwr][INFO] - aggregate_evaluate: received 2 results and 0 failures
[2024-10-24 06:01:34,883][flwr][INFO] - 
[2024-10-24 06:01:34,883][flwr][INFO] - [ROUND 45]
[2024-10-24 06:01:34,884][flwr][INFO] - configure_fit: strategy sampled 5 clients (out of 50)
[2024-10-24 06:02:18,949][flwr][INFO] - aggregate_fit: received 5 results and 0 failures
[2024-10-24 06:02:36,992][flwr][INFO] - fit progress: (45, 419.058956861496, {'accuracy': 0.29066852367688023}, 3894.23179030139)
[2024-10-24 06:02:36,992][flwr][INFO] - configure_evaluate: strategy sampled 2 clients (out of 50)
[2024-10-24 06:02:40,856][flwr][INFO] - aggregate_evaluate: received 2 results and 0 failures
[2024-10-24 06:02:40,856][flwr][INFO] - 
[2024-10-24 06:02:40,857][flwr][INFO] - [ROUND 46]
[2024-10-24 06:02:40,857][flwr][INFO] - configure_fit: strategy sampled 5 clients (out of 50)
[2024-10-24 06:04:02,452][flwr][INFO] - aggregate_fit: received 5 results and 0 failures
[2024-10-24 06:04:20,467][flwr][INFO] - fit progress: (46, 372.8937820196152, {'accuracy': 0.37409470752089136}, 3997.706796180457)
[2024-10-24 06:04:20,467][flwr][INFO] - configure_evaluate: strategy sampled 2 clients (out of 50)
[2024-10-24 06:04:24,504][flwr][INFO] - aggregate_evaluate: received 2 results and 0 failures
[2024-10-24 06:04:24,504][flwr][INFO] - 
[2024-10-24 06:04:24,504][flwr][INFO] - [ROUND 47]
[2024-10-24 06:04:24,505][flwr][INFO] - configure_fit: strategy sampled 5 clients (out of 50)
[2024-10-24 06:06:27,193][flwr][INFO] - aggregate_fit: received 5 results and 0 failures
[2024-10-24 06:06:45,292][flwr][INFO] - fit progress: (47, 442.337615609169, {'accuracy': 0.40403899721448466}, 4142.531832125038)
[2024-10-24 06:06:45,292][flwr][INFO] - configure_evaluate: strategy sampled 2 clients (out of 50)
[2024-10-24 06:06:49,486][flwr][INFO] - aggregate_evaluate: received 2 results and 0 failures
[2024-10-24 06:06:49,486][flwr][INFO] - 
[2024-10-24 06:06:49,486][flwr][INFO] - [ROUND 48]
[2024-10-24 06:06:49,487][flwr][INFO] - configure_fit: strategy sampled 5 clients (out of 50)
[2024-10-24 06:07:43,422][flwr][INFO] - aggregate_fit: received 5 results and 0 failures
[2024-10-24 06:08:02,270][flwr][INFO] - fit progress: (48, 417.34833085536957, {'accuracy': 0.40891364902506966}, 4219.5101587846875)
[2024-10-24 06:08:02,270][flwr][INFO] - configure_evaluate: strategy sampled 2 clients (out of 50)
[2024-10-24 06:08:05,864][flwr][INFO] - aggregate_evaluate: received 2 results and 0 failures
[2024-10-24 06:08:05,864][flwr][INFO] - 
[2024-10-24 06:08:05,864][flwr][INFO] - [ROUND 49]
[2024-10-24 06:08:05,864][flwr][INFO] - configure_fit: strategy sampled 5 clients (out of 50)
[2024-10-24 06:09:09,175][flwr][INFO] - aggregate_fit: received 5 results and 0 failures
[2024-10-24 06:09:27,227][flwr][INFO] - fit progress: (49, 523.5987255573273, {'accuracy': 0.2894150417827298}, 4304.466774695553)
[2024-10-24 06:09:27,227][flwr][INFO] - configure_evaluate: strategy sampled 2 clients (out of 50)
[2024-10-24 06:09:30,634][flwr][INFO] - aggregate_evaluate: received 2 results and 0 failures
[2024-10-24 06:09:30,653][flwr][INFO] - 
[2024-10-24 06:09:30,653][flwr][INFO] - [ROUND 50]
[2024-10-24 06:09:30,653][flwr][INFO] - configure_fit: strategy sampled 5 clients (out of 50)
[2024-10-24 06:11:04,754][flwr][INFO] - aggregate_fit: received 5 results and 0 failures
[2024-10-24 06:11:22,672][flwr][INFO] - fit progress: (50, 496.5827525854111, {'accuracy': 0.1742339832869081}, 4419.9120076214895)
[2024-10-24 06:11:22,672][flwr][INFO] - configure_evaluate: strategy sampled 2 clients (out of 50)
[2024-10-24 06:11:26,478][flwr][INFO] - aggregate_evaluate: received 2 results and 0 failures
[2024-10-24 06:11:26,479][flwr][INFO] - 
[2024-10-24 06:11:26,479][flwr][INFO] - [ROUND 51]
[2024-10-24 06:11:26,479][flwr][INFO] - configure_fit: strategy sampled 5 clients (out of 50)
[2024-10-24 06:12:13,350][flwr][INFO] - aggregate_fit: received 5 results and 0 failures
[2024-10-24 06:12:31,541][flwr][INFO] - fit progress: (51, 579.3242638111115, {'accuracy': 0.3502785515320334}, 4488.7807097686455)
[2024-10-24 06:12:31,541][flwr][INFO] - configure_evaluate: strategy sampled 2 clients (out of 50)
[2024-10-24 06:12:35,089][flwr][INFO] - aggregate_evaluate: received 2 results and 0 failures
[2024-10-24 06:12:35,089][flwr][INFO] - 
[2024-10-24 06:12:35,089][flwr][INFO] - [ROUND 52]
[2024-10-24 06:12:35,089][flwr][INFO] - configure_fit: strategy sampled 5 clients (out of 50)
[2024-10-24 06:13:03,588][flwr][INFO] - aggregate_fit: received 5 results and 0 failures
[2024-10-24 06:13:21,606][flwr][INFO] - fit progress: (52, 471.34881365299225, {'accuracy': 0.24832869080779943}, 4538.846487086266)
[2024-10-24 06:13:21,607][flwr][INFO] - configure_evaluate: strategy sampled 2 clients (out of 50)
[2024-10-24 06:13:25,701][flwr][INFO] - aggregate_evaluate: received 2 results and 0 failures
[2024-10-24 06:13:25,702][flwr][INFO] - 
[2024-10-24 06:13:25,702][flwr][INFO] - [ROUND 53]
[2024-10-24 06:13:25,702][flwr][INFO] - configure_fit: strategy sampled 5 clients (out of 50)
[2024-10-24 06:14:28,325][flwr][INFO] - aggregate_fit: received 5 results and 0 failures
[2024-10-24 06:14:47,097][flwr][INFO] - fit progress: (53, 599.8402729034424, {'accuracy': 0.2876044568245125}, 4624.337432915345)
[2024-10-24 06:14:47,098][flwr][INFO] - configure_evaluate: strategy sampled 2 clients (out of 50)
[2024-10-24 06:14:50,601][flwr][INFO] - aggregate_evaluate: received 2 results and 0 failures
[2024-10-24 06:14:50,602][flwr][INFO] - 
[2024-10-24 06:14:50,602][flwr][INFO] - [ROUND 54]
[2024-10-24 06:14:50,602][flwr][INFO] - configure_fit: strategy sampled 5 clients (out of 50)
[2024-10-24 06:16:16,887][flwr][INFO] - aggregate_fit: received 5 results and 0 failures
[2024-10-24 06:16:36,097][flwr][INFO] - fit progress: (54, 452.24946916103363, {'accuracy': 0.2949860724233983}, 4733.337139736861)
[2024-10-24 06:16:36,098][flwr][INFO] - configure_evaluate: strategy sampled 2 clients (out of 50)
[2024-10-24 06:16:39,770][flwr][INFO] - aggregate_evaluate: received 2 results and 0 failures
[2024-10-24 06:16:39,770][flwr][INFO] - 
[2024-10-24 06:16:39,770][flwr][INFO] - [ROUND 55]
[2024-10-24 06:16:39,771][flwr][INFO] - configure_fit: strategy sampled 5 clients (out of 50)
[2024-10-24 06:17:45,595][flwr][INFO] - aggregate_fit: received 5 results and 0 failures
[2024-10-24 06:18:05,475][flwr][INFO] - fit progress: (55, 519.4033621549606, {'accuracy': 0.2899721448467967}, 4822.714741382748)
[2024-10-24 06:18:05,475][flwr][INFO] - configure_evaluate: strategy sampled 2 clients (out of 50)
[2024-10-24 06:18:09,131][flwr][INFO] - aggregate_evaluate: received 2 results and 0 failures
[2024-10-24 06:18:09,131][flwr][INFO] - 
[2024-10-24 06:18:09,131][flwr][INFO] - [ROUND 56]
[2024-10-24 06:18:09,131][flwr][INFO] - configure_fit: strategy sampled 5 clients (out of 50)
[2024-10-24 06:19:38,916][flwr][INFO] - aggregate_fit: received 5 results and 0 failures
[2024-10-24 06:19:58,798][flwr][INFO] - fit progress: (56, 446.0503251552582, {'accuracy': 0.3512534818941504}, 4936.038249498233)
[2024-10-24 06:19:58,799][flwr][INFO] - configure_evaluate: strategy sampled 2 clients (out of 50)
[2024-10-24 06:20:02,148][flwr][INFO] - aggregate_evaluate: received 2 results and 0 failures
[2024-10-24 06:20:02,148][flwr][INFO] - 
[2024-10-24 06:20:02,148][flwr][INFO] - [ROUND 57]
[2024-10-24 06:20:02,149][flwr][INFO] - configure_fit: strategy sampled 5 clients (out of 50)
[2024-10-24 06:22:37,132][flwr][INFO] - aggregate_fit: received 5 results and 0 failures
[2024-10-24 06:22:59,235][flwr][INFO] - fit progress: (57, 436.02449786663055, {'accuracy': 0.34721448467966576}, 5116.47550576739)
[2024-10-24 06:22:59,236][flwr][INFO] - configure_evaluate: strategy sampled 2 clients (out of 50)
[2024-10-24 06:23:02,932][flwr][INFO] - aggregate_evaluate: received 2 results and 0 failures
[2024-10-24 06:23:02,933][flwr][INFO] - 
[2024-10-24 06:23:02,933][flwr][INFO] - [ROUND 58]
[2024-10-24 06:23:02,933][flwr][INFO] - configure_fit: strategy sampled 5 clients (out of 50)
[2024-10-24 06:24:20,079][flwr][INFO] - aggregate_fit: received 5 results and 0 failures
[2024-10-24 06:24:39,590][flwr][INFO] - fit progress: (58, 553.9169862270355, {'accuracy': 0.3254874651810585}, 5216.829760513268)
[2024-10-24 06:24:39,590][flwr][INFO] - configure_evaluate: strategy sampled 2 clients (out of 50)
[2024-10-24 06:24:43,749][flwr][INFO] - aggregate_evaluate: received 2 results and 0 failures
[2024-10-24 06:24:43,750][flwr][INFO] - 
[2024-10-24 06:24:43,750][flwr][INFO] - [ROUND 59]
[2024-10-24 06:24:43,750][flwr][INFO] - configure_fit: strategy sampled 5 clients (out of 50)
[2024-10-24 06:25:35,565][flwr][INFO] - aggregate_fit: received 5 results and 0 failures
[2024-10-24 06:25:55,156][flwr][INFO] - fit progress: (59, 479.29162430763245, {'accuracy': 0.2714484679665738}, 5292.395621644333)
[2024-10-24 06:25:55,156][flwr][INFO] - configure_evaluate: strategy sampled 2 clients (out of 50)
[2024-10-24 06:25:59,298][flwr][INFO] - aggregate_evaluate: received 2 results and 0 failures
[2024-10-24 06:25:59,299][flwr][INFO] - 
[2024-10-24 06:25:59,299][flwr][INFO] - [ROUND 60]
[2024-10-24 06:25:59,299][flwr][INFO] - configure_fit: strategy sampled 5 clients (out of 50)
[2024-10-24 06:26:53,151][flwr][INFO] - aggregate_fit: received 5 results and 0 failures
[2024-10-24 06:27:13,754][flwr][INFO] - fit progress: (60, 527.5296059846878, {'accuracy': 0.2041782729805014}, 5370.993817825802)
[2024-10-24 06:27:13,754][flwr][INFO] - configure_evaluate: strategy sampled 2 clients (out of 50)
[2024-10-24 06:27:17,170][flwr][INFO] - aggregate_evaluate: received 2 results and 0 failures
[2024-10-24 06:27:17,170][flwr][INFO] - 
[2024-10-24 06:27:17,170][flwr][INFO] - [ROUND 61]
[2024-10-24 06:27:17,170][flwr][INFO] - configure_fit: strategy sampled 5 clients (out of 50)
[2024-10-24 06:28:33,115][flwr][INFO] - aggregate_fit: received 5 results and 0 failures
[2024-10-24 06:28:52,975][flwr][INFO] - fit progress: (61, 503.7793058156967, {'accuracy': 0.2703342618384401}, 5470.214794448577)
[2024-10-24 06:28:52,975][flwr][INFO] - configure_evaluate: strategy sampled 2 clients (out of 50)
[2024-10-24 06:28:56,890][flwr][INFO] - aggregate_evaluate: received 2 results and 0 failures
[2024-10-24 06:28:56,891][flwr][INFO] - 
[2024-10-24 06:28:56,891][flwr][INFO] - [ROUND 62]
[2024-10-24 06:28:56,891][flwr][INFO] - configure_fit: strategy sampled 5 clients (out of 50)
[2024-10-24 06:30:59,375][flwr][INFO] - aggregate_fit: received 5 results and 0 failures
[2024-10-24 06:31:20,421][flwr][INFO] - fit progress: (62, 354.3461937904358, {'accuracy': 0.4395543175487465}, 5617.66142957937)
[2024-10-24 06:31:20,422][flwr][INFO] - configure_evaluate: strategy sampled 2 clients (out of 50)
[2024-10-24 06:31:24,157][flwr][INFO] - aggregate_evaluate: received 2 results and 0 failures
[2024-10-24 06:31:24,157][flwr][INFO] - 
[2024-10-24 06:31:24,157][flwr][INFO] - [ROUND 63]
[2024-10-24 06:31:24,157][flwr][INFO] - configure_fit: strategy sampled 5 clients (out of 50)
[2024-10-24 06:33:24,987][flwr][INFO] - aggregate_fit: received 5 results and 0 failures
[2024-10-24 06:33:45,345][flwr][INFO] - fit progress: (63, 395.38566863536835, {'accuracy': 0.4107242339832869}, 5762.585179341957)
[2024-10-24 06:33:45,345][flwr][INFO] - configure_evaluate: strategy sampled 2 clients (out of 50)
[2024-10-24 06:33:49,143][flwr][INFO] - aggregate_evaluate: received 2 results and 0 failures
[2024-10-24 06:33:49,143][flwr][INFO] - 
[2024-10-24 06:33:49,143][flwr][INFO] - [ROUND 64]
[2024-10-24 06:33:49,144][flwr][INFO] - configure_fit: strategy sampled 5 clients (out of 50)
[2024-10-24 06:34:18,058][flwr][INFO] - aggregate_fit: received 5 results and 0 failures
[2024-10-24 06:34:38,552][flwr][INFO] - fit progress: (64, 458.4054160118103, {'accuracy': 0.3729805013927577}, 5815.7918794211)
[2024-10-24 06:34:38,552][flwr][INFO] - configure_evaluate: strategy sampled 2 clients (out of 50)
[2024-10-24 06:34:42,030][flwr][INFO] - aggregate_evaluate: received 2 results and 0 failures
[2024-10-24 06:34:42,031][flwr][INFO] - 
[2024-10-24 06:34:42,031][flwr][INFO] - [ROUND 65]
[2024-10-24 06:34:42,031][flwr][INFO] - configure_fit: strategy sampled 5 clients (out of 50)
[2024-10-24 06:36:13,279][flwr][INFO] - aggregate_fit: received 5 results and 0 failures
[2024-10-24 06:36:33,097][flwr][INFO] - fit progress: (65, 500.6135264635086, {'accuracy': 0.3353760445682451}, 5930.336621028371)
[2024-10-24 06:36:33,097][flwr][INFO] - configure_evaluate: strategy sampled 2 clients (out of 50)
[2024-10-24 06:36:36,943][flwr][INFO] - aggregate_evaluate: received 2 results and 0 failures
[2024-10-24 06:36:36,944][flwr][INFO] - 
[2024-10-24 06:36:36,944][flwr][INFO] - [ROUND 66]
[2024-10-24 06:36:36,944][flwr][INFO] - configure_fit: strategy sampled 5 clients (out of 50)
[2024-10-24 06:37:41,768][flwr][INFO] - aggregate_fit: received 5 results and 0 failures
[2024-10-24 06:38:00,928][flwr][INFO] - fit progress: (66, 477.8010025024414, {'accuracy': 0.2945682451253482}, 6018.167838924564)
[2024-10-24 06:38:00,928][flwr][INFO] - configure_evaluate: strategy sampled 2 clients (out of 50)
[2024-10-24 06:38:04,788][flwr][INFO] - aggregate_evaluate: received 2 results and 0 failures
[2024-10-24 06:38:04,788][flwr][INFO] - 
[2024-10-24 06:38:04,788][flwr][INFO] - [ROUND 67]
[2024-10-24 06:38:04,789][flwr][INFO] - configure_fit: strategy sampled 5 clients (out of 50)
[2024-10-24 06:38:40,198][flwr][INFO] - aggregate_fit: received 5 results and 0 failures
[2024-10-24 06:39:00,214][flwr][INFO] - fit progress: (67, 563.1348013877869, {'accuracy': 0.29651810584958216}, 6077.45362138655)
[2024-10-24 06:39:00,214][flwr][INFO] - configure_evaluate: strategy sampled 2 clients (out of 50)
[2024-10-24 06:39:04,682][flwr][INFO] - aggregate_evaluate: received 2 results and 0 failures
[2024-10-24 06:39:04,682][flwr][INFO] - 
[2024-10-24 06:39:04,682][flwr][INFO] - [ROUND 68]
[2024-10-24 06:39:04,682][flwr][INFO] - configure_fit: strategy sampled 5 clients (out of 50)
[2024-10-24 06:40:32,145][flwr][INFO] - aggregate_fit: received 5 results and 0 failures
[2024-10-24 06:40:55,199][flwr][INFO] - fit progress: (68, 512.5709708929062, {'accuracy': 0.34944289693593317}, 6192.438807145692)
[2024-10-24 06:40:55,199][flwr][INFO] - configure_evaluate: strategy sampled 2 clients (out of 50)
[2024-10-24 06:40:58,565][flwr][INFO] - aggregate_evaluate: received 2 results and 0 failures
[2024-10-24 06:40:58,566][flwr][INFO] - 
[2024-10-24 06:40:58,566][flwr][INFO] - [ROUND 69]
[2024-10-24 06:40:58,566][flwr][INFO] - configure_fit: strategy sampled 5 clients (out of 50)
[2024-10-24 06:42:19,570][flwr][INFO] - aggregate_fit: received 5 results and 0 failures
[2024-10-24 06:42:39,908][flwr][INFO] - fit progress: (69, 448.68763053417206, {'accuracy': 0.2889972144846797}, 6297.148236679845)
[2024-10-24 06:42:39,908][flwr][INFO] - configure_evaluate: strategy sampled 2 clients (out of 50)
[2024-10-24 06:42:43,406][flwr][INFO] - aggregate_evaluate: received 2 results and 0 failures
[2024-10-24 06:42:43,406][flwr][INFO] - 
[2024-10-24 06:42:43,406][flwr][INFO] - [ROUND 70]
[2024-10-24 06:42:43,407][flwr][INFO] - configure_fit: strategy sampled 5 clients (out of 50)
[2024-10-24 06:43:32,951][flwr][INFO] - aggregate_fit: received 5 results and 0 failures
[2024-10-24 06:43:53,549][flwr][INFO] - fit progress: (70, 463.9462879896164, {'accuracy': 0.1966573816155989}, 6370.788704625331)
[2024-10-24 06:43:53,549][flwr][INFO] - configure_evaluate: strategy sampled 2 clients (out of 50)
[2024-10-24 06:43:57,504][flwr][INFO] - aggregate_evaluate: received 2 results and 0 failures
[2024-10-24 06:43:57,505][flwr][INFO] - 
[2024-10-24 06:43:57,505][flwr][INFO] - [ROUND 71]
[2024-10-24 06:43:57,505][flwr][INFO] - configure_fit: strategy sampled 5 clients (out of 50)
[2024-10-24 06:44:50,440][flwr][INFO] - aggregate_fit: received 5 results and 0 failures
[2024-10-24 06:45:10,572][flwr][INFO] - fit progress: (71, 315.8011405467987, {'accuracy': 0.5761838440111421}, 6447.811537495814)
[2024-10-24 06:45:10,572][flwr][INFO] - configure_evaluate: strategy sampled 2 clients (out of 50)
[2024-10-24 06:45:13,741][flwr][INFO] - aggregate_evaluate: received 2 results and 0 failures
[2024-10-24 06:45:13,741][flwr][INFO] - 
[2024-10-24 06:45:13,741][flwr][INFO] - [ROUND 72]
[2024-10-24 06:45:13,742][flwr][INFO] - configure_fit: strategy sampled 5 clients (out of 50)
[2024-10-24 06:46:34,489][flwr][INFO] - aggregate_fit: received 5 results and 0 failures
[2024-10-24 06:46:55,358][flwr][INFO] - fit progress: (72, 335.0813567042351, {'accuracy': 0.3701949860724234}, 6552.598374386318)
[2024-10-24 06:46:55,359][flwr][INFO] - configure_evaluate: strategy sampled 2 clients (out of 50)
[2024-10-24 06:46:59,057][flwr][INFO] - aggregate_evaluate: received 2 results and 0 failures
[2024-10-24 06:46:59,058][flwr][INFO] - 
[2024-10-24 06:46:59,058][flwr][INFO] - [ROUND 73]
[2024-10-24 06:46:59,058][flwr][INFO] - configure_fit: strategy sampled 5 clients (out of 50)
[2024-10-24 06:48:03,503][flwr][INFO] - aggregate_fit: received 5 results and 0 failures
[2024-10-24 06:48:23,916][flwr][INFO] - fit progress: (73, 286.8930592536926, {'accuracy': 0.5316155988857939}, 6641.155857851729)
[2024-10-24 06:48:23,916][flwr][INFO] - configure_evaluate: strategy sampled 2 clients (out of 50)
[2024-10-24 06:48:27,530][flwr][INFO] - aggregate_evaluate: received 2 results and 0 failures
[2024-10-24 06:48:27,530][flwr][INFO] - 
[2024-10-24 06:48:27,530][flwr][INFO] - [ROUND 74]
[2024-10-24 06:48:27,530][flwr][INFO] - configure_fit: strategy sampled 5 clients (out of 50)
[2024-10-24 06:49:19,338][flwr][INFO] - aggregate_fit: received 5 results and 0 failures
[2024-10-24 06:49:39,282][flwr][INFO] - fit progress: (74, 356.3393111228943, {'accuracy': 0.5186629526462395}, 6716.521824268624)
[2024-10-24 06:49:39,282][flwr][INFO] - configure_evaluate: strategy sampled 2 clients (out of 50)
[2024-10-24 06:49:43,146][flwr][INFO] - aggregate_evaluate: received 2 results and 0 failures
[2024-10-24 06:49:43,146][flwr][INFO] - 
[2024-10-24 06:49:43,147][flwr][INFO] - [ROUND 75]
[2024-10-24 06:49:43,147][flwr][INFO] - configure_fit: strategy sampled 5 clients (out of 50)
[2024-10-24 06:50:16,047][flwr][INFO] - aggregate_fit: received 5 results and 0 failures
[2024-10-24 06:50:36,545][flwr][INFO] - fit progress: (75, 338.03385066986084, {'accuracy': 0.4818941504178273}, 6773.784749515355)
[2024-10-24 06:50:36,545][flwr][INFO] - configure_evaluate: strategy sampled 2 clients (out of 50)
[2024-10-24 06:50:40,740][flwr][INFO] - aggregate_evaluate: received 2 results and 0 failures
[2024-10-24 06:50:40,740][flwr][INFO] - 
[2024-10-24 06:50:40,740][flwr][INFO] - [ROUND 76]
[2024-10-24 06:50:40,740][flwr][INFO] - configure_fit: strategy sampled 5 clients (out of 50)
[2024-10-24 06:51:23,368][flwr][INFO] - aggregate_fit: received 5 results and 0 failures
[2024-10-24 06:51:45,109][flwr][INFO] - fit progress: (76, 368.51583993434906, {'accuracy': 0.381058495821727}, 6842.349132010713)
[2024-10-24 06:51:45,109][flwr][INFO] - configure_evaluate: strategy sampled 2 clients (out of 50)
[2024-10-24 06:51:48,541][flwr][INFO] - aggregate_evaluate: received 2 results and 0 failures
[2024-10-24 06:51:48,541][flwr][INFO] - 
[2024-10-24 06:51:48,541][flwr][INFO] - [ROUND 77]
[2024-10-24 06:51:48,541][flwr][INFO] - configure_fit: strategy sampled 5 clients (out of 50)
[2024-10-24 06:53:55,800][flwr][INFO] - aggregate_fit: received 5 results and 0 failures
[2024-10-24 06:54:14,729][flwr][INFO] - fit progress: (77, 358.7151473760605, {'accuracy': 0.39846796657381617}, 6991.968998630531)
[2024-10-24 06:54:14,730][flwr][INFO] - configure_evaluate: strategy sampled 2 clients (out of 50)
[2024-10-24 06:54:18,343][flwr][INFO] - aggregate_evaluate: received 2 results and 0 failures
[2024-10-24 06:54:18,343][flwr][INFO] - 
[2024-10-24 06:54:18,343][flwr][INFO] - [ROUND 78]
[2024-10-24 06:54:18,344][flwr][INFO] - configure_fit: strategy sampled 5 clients (out of 50)
[2024-10-24 06:55:42,663][flwr][INFO] - aggregate_fit: received 5 results and 0 failures
[2024-10-24 06:56:03,058][flwr][INFO] - fit progress: (78, 463.5676419734955, {'accuracy': 0.35181058495821727}, 7100.297800946981)
[2024-10-24 06:56:03,058][flwr][INFO] - configure_evaluate: strategy sampled 2 clients (out of 50)
[2024-10-24 06:56:08,509][flwr][INFO] - aggregate_evaluate: received 2 results and 0 failures
[2024-10-24 06:56:08,509][flwr][INFO] - 
[2024-10-24 06:56:08,509][flwr][INFO] - [ROUND 79]
[2024-10-24 06:56:08,510][flwr][INFO] - configure_fit: strategy sampled 5 clients (out of 50)
[2024-10-24 06:57:12,839][flwr][INFO] - aggregate_fit: received 5 results and 0 failures
[2024-10-24 06:57:32,480][flwr][INFO] - fit progress: (79, 467.0008144378662, {'accuracy': 0.25027855153203343}, 7189.719888967462)
[2024-10-24 06:57:32,480][flwr][INFO] - configure_evaluate: strategy sampled 2 clients (out of 50)
[2024-10-24 06:57:36,694][flwr][INFO] - aggregate_evaluate: received 2 results and 0 failures
[2024-10-24 06:57:36,694][flwr][INFO] - 
[2024-10-24 06:57:36,694][flwr][INFO] - [ROUND 80]
[2024-10-24 06:57:36,694][flwr][INFO] - configure_fit: strategy sampled 5 clients (out of 50)
[2024-10-24 06:59:11,279][flwr][INFO] - aggregate_fit: received 5 results and 0 failures
[2024-10-24 06:59:31,661][flwr][INFO] - fit progress: (80, 336.75195956230164, {'accuracy': 0.36100278551532033}, 7308.901221274398)
[2024-10-24 06:59:31,661][flwr][INFO] - configure_evaluate: strategy sampled 2 clients (out of 50)
[2024-10-24 06:59:35,640][flwr][INFO] - aggregate_evaluate: received 2 results and 0 failures
[2024-10-24 06:59:35,641][flwr][INFO] - 
[2024-10-24 06:59:35,641][flwr][INFO] - [ROUND 81]
[2024-10-24 06:59:35,641][flwr][INFO] - configure_fit: strategy sampled 5 clients (out of 50)
[2024-10-24 07:00:13,365][flwr][INFO] - aggregate_fit: received 5 results and 0 failures
[2024-10-24 07:00:32,832][flwr][INFO] - fit progress: (81, 417.5645207166672, {'accuracy': 0.36086350974930365}, 7370.072032204829)
[2024-10-24 07:00:32,832][flwr][INFO] - configure_evaluate: strategy sampled 2 clients (out of 50)
[2024-10-24 07:00:36,394][flwr][INFO] - aggregate_evaluate: received 2 results and 0 failures
[2024-10-24 07:00:36,394][flwr][INFO] - 
[2024-10-24 07:00:36,394][flwr][INFO] - [ROUND 82]
[2024-10-24 07:00:36,394][flwr][INFO] - configure_fit: strategy sampled 5 clients (out of 50)
[2024-10-24 07:01:53,597][flwr][INFO] - aggregate_fit: received 5 results and 0 failures
[2024-10-24 07:02:13,244][flwr][INFO] - fit progress: (82, 478.59331798553467, {'accuracy': 0.3171309192200557}, 7470.484023152851)
[2024-10-24 07:02:13,244][flwr][INFO] - configure_evaluate: strategy sampled 2 clients (out of 50)
[2024-10-24 07:02:17,165][flwr][INFO] - aggregate_evaluate: received 2 results and 0 failures
[2024-10-24 07:02:17,165][flwr][INFO] - 
[2024-10-24 07:02:17,165][flwr][INFO] - [ROUND 83]
[2024-10-24 07:02:17,165][flwr][INFO] - configure_fit: strategy sampled 5 clients (out of 50)
[2024-10-24 07:04:05,960][flwr][INFO] - aggregate_fit: received 5 results and 0 failures
[2024-10-24 07:04:25,866][flwr][INFO] - fit progress: (83, 426.286235332489, {'accuracy': 0.3566852367688022}, 7603.105659585446)
[2024-10-24 07:04:25,866][flwr][INFO] - configure_evaluate: strategy sampled 2 clients (out of 50)
[2024-10-24 07:04:30,904][flwr][INFO] - aggregate_evaluate: received 2 results and 0 failures
[2024-10-24 07:04:30,904][flwr][INFO] - 
[2024-10-24 07:04:30,904][flwr][INFO] - [ROUND 84]
[2024-10-24 07:04:30,905][flwr][INFO] - configure_fit: strategy sampled 5 clients (out of 50)
[2024-10-24 07:05:05,131][flwr][INFO] - aggregate_fit: received 5 results and 0 failures
[2024-10-24 07:05:24,208][flwr][INFO] - fit progress: (84, 396.49770641326904, {'accuracy': 0.3924791086350975}, 7661.447961087339)
[2024-10-24 07:05:24,208][flwr][INFO] - configure_evaluate: strategy sampled 2 clients (out of 50)
[2024-10-24 07:05:27,573][flwr][INFO] - aggregate_evaluate: received 2 results and 0 failures
[2024-10-24 07:05:27,573][flwr][INFO] - 
[2024-10-24 07:05:27,574][flwr][INFO] - [ROUND 85]
[2024-10-24 07:05:27,574][flwr][INFO] - configure_fit: strategy sampled 5 clients (out of 50)
[2024-10-24 07:06:55,549][flwr][INFO] - aggregate_fit: received 5 results and 0 failures
[2024-10-24 07:07:15,160][flwr][INFO] - fit progress: (85, 531.8816212415695, {'accuracy': 0.2913649025069638}, 7772.399572524242)
[2024-10-24 07:07:15,160][flwr][INFO] - configure_evaluate: strategy sampled 2 clients (out of 50)
[2024-10-24 07:07:18,787][flwr][INFO] - aggregate_evaluate: received 2 results and 0 failures
[2024-10-24 07:07:18,787][flwr][INFO] - 
[2024-10-24 07:07:18,787][flwr][INFO] - [ROUND 86]
[2024-10-24 07:07:18,788][flwr][INFO] - configure_fit: strategy sampled 5 clients (out of 50)
[2024-10-24 07:08:23,963][flwr][INFO] - aggregate_fit: received 5 results and 0 failures
[2024-10-24 07:08:44,124][flwr][INFO] - fit progress: (86, 563.0741585493088, {'accuracy': 0.3032033426183844}, 7861.364419525489)
[2024-10-24 07:08:44,125][flwr][INFO] - configure_evaluate: strategy sampled 2 clients (out of 50)
[2024-10-24 07:08:48,760][flwr][INFO] - aggregate_evaluate: received 2 results and 0 failures
[2024-10-24 07:08:48,761][flwr][INFO] - 
[2024-10-24 07:08:48,761][flwr][INFO] - [ROUND 87]
[2024-10-24 07:08:48,761][flwr][INFO] - configure_fit: strategy sampled 5 clients (out of 50)
[2024-10-24 07:10:31,675][flwr][INFO] - aggregate_fit: received 5 results and 0 failures
[2024-10-24 07:10:50,093][flwr][INFO] - fit progress: (87, 560.1593736410141, {'accuracy': 0.2508356545961003}, 7987.332922197878)
[2024-10-24 07:10:50,093][flwr][INFO] - configure_evaluate: strategy sampled 2 clients (out of 50)
[2024-10-24 07:10:53,951][flwr][INFO] - aggregate_evaluate: received 2 results and 0 failures
[2024-10-24 07:10:53,952][flwr][INFO] - 
[2024-10-24 07:10:53,952][flwr][INFO] - [ROUND 88]
[2024-10-24 07:10:53,952][flwr][INFO] - configure_fit: strategy sampled 5 clients (out of 50)
[2024-10-24 07:11:58,736][flwr][INFO] - aggregate_fit: received 5 results and 0 failures
[2024-10-24 07:12:17,587][flwr][INFO] - fit progress: (88, 544.3207352161407, {'accuracy': 0.18370473537604456}, 8074.827278614044)
[2024-10-24 07:12:17,588][flwr][INFO] - configure_evaluate: strategy sampled 2 clients (out of 50)
[2024-10-24 07:12:22,075][flwr][INFO] - aggregate_evaluate: received 2 results and 0 failures
[2024-10-24 07:12:22,076][flwr][INFO] - 
[2024-10-24 07:12:22,076][flwr][INFO] - [ROUND 89]
[2024-10-24 07:12:22,076][flwr][INFO] - configure_fit: strategy sampled 5 clients (out of 50)
[2024-10-24 07:13:36,858][flwr][INFO] - aggregate_fit: received 5 results and 0 failures
[2024-10-24 07:13:54,925][flwr][INFO] - fit progress: (89, 532.2782405614853, {'accuracy': 0.24818941504178274}, 8172.164846214466)
[2024-10-24 07:13:54,925][flwr][INFO] - configure_evaluate: strategy sampled 2 clients (out of 50)
[2024-10-24 07:13:58,544][flwr][INFO] - aggregate_evaluate: received 2 results and 0 failures
[2024-10-24 07:13:58,545][flwr][INFO] - 
[2024-10-24 07:13:58,545][flwr][INFO] - [ROUND 90]
[2024-10-24 07:13:58,545][flwr][INFO] - configure_fit: strategy sampled 5 clients (out of 50)
[2024-10-24 07:14:32,349][flwr][INFO] - aggregate_fit: received 5 results and 0 failures
[2024-10-24 07:14:50,828][flwr][INFO] - fit progress: (90, 317.97796642780304, {'accuracy': 0.5025069637883008}, 8228.067868008278)
[2024-10-24 07:14:50,828][flwr][INFO] - configure_evaluate: strategy sampled 2 clients (out of 50)
[2024-10-24 07:14:54,564][flwr][INFO] - aggregate_evaluate: received 2 results and 0 failures
[2024-10-24 07:14:54,564][flwr][INFO] - 
[2024-10-24 07:14:54,564][flwr][INFO] - [ROUND 91]
[2024-10-24 07:14:54,564][flwr][INFO] - configure_fit: strategy sampled 5 clients (out of 50)
[2024-10-24 07:15:48,330][flwr][INFO] - aggregate_fit: received 5 results and 0 failures
[2024-10-24 07:16:06,949][flwr][INFO] - fit progress: (91, 375.03513419628143, {'accuracy': 0.2976323119777159}, 8304.189215891995)
[2024-10-24 07:16:06,950][flwr][INFO] - configure_evaluate: strategy sampled 2 clients (out of 50)
[2024-10-24 07:16:10,784][flwr][INFO] - aggregate_evaluate: received 2 results and 0 failures
[2024-10-24 07:16:10,785][flwr][INFO] - 
[2024-10-24 07:16:10,785][flwr][INFO] - [ROUND 92]
[2024-10-24 07:16:10,785][flwr][INFO] - configure_fit: strategy sampled 5 clients (out of 50)
[2024-10-24 07:17:40,656][flwr][INFO] - aggregate_fit: received 5 results and 0 failures
[2024-10-24 07:17:59,335][flwr][INFO] - fit progress: (92, 383.92851424217224, {'accuracy': 0.366016713091922}, 8416.574656420387)
[2024-10-24 07:17:59,335][flwr][INFO] - configure_evaluate: strategy sampled 2 clients (out of 50)
[2024-10-24 07:18:03,528][flwr][INFO] - aggregate_evaluate: received 2 results and 0 failures
[2024-10-24 07:18:03,529][flwr][INFO] - 
[2024-10-24 07:18:03,529][flwr][INFO] - [ROUND 93]
[2024-10-24 07:18:03,529][flwr][INFO] - configure_fit: strategy sampled 5 clients (out of 50)
[2024-10-24 07:18:32,066][flwr][INFO] - aggregate_fit: received 5 results and 0 failures
[2024-10-24 07:18:51,387][flwr][INFO] - fit progress: (93, 485.3430286645889, {'accuracy': 0.23481894150417829}, 8468.62678848952)
[2024-10-24 07:18:51,387][flwr][INFO] - configure_evaluate: strategy sampled 2 clients (out of 50)
[2024-10-24 07:18:54,793][flwr][INFO] - aggregate_evaluate: received 2 results and 0 failures
[2024-10-24 07:18:54,793][flwr][INFO] - 
[2024-10-24 07:18:54,793][flwr][INFO] - [ROUND 94]
[2024-10-24 07:18:54,794][flwr][INFO] - configure_fit: strategy sampled 5 clients (out of 50)
[2024-10-24 07:19:54,301][flwr][INFO] - aggregate_fit: received 5 results and 0 failures
[2024-10-24 07:20:14,219][flwr][INFO] - fit progress: (94, 377.40715050697327, {'accuracy': 0.4807799442896936}, 8551.458882387727)
[2024-10-24 07:20:14,219][flwr][INFO] - configure_evaluate: strategy sampled 2 clients (out of 50)
[2024-10-24 07:20:18,261][flwr][INFO] - aggregate_evaluate: received 2 results and 0 failures
[2024-10-24 07:20:18,262][flwr][INFO] - 
[2024-10-24 07:20:18,262][flwr][INFO] - [ROUND 95]
[2024-10-24 07:20:18,262][flwr][INFO] - configure_fit: strategy sampled 5 clients (out of 50)
[2024-10-24 07:21:36,330][flwr][INFO] - aggregate_fit: received 5 results and 0 failures
[2024-10-24 07:21:54,762][flwr][INFO] - fit progress: (95, 554.3293612003326, {'accuracy': 0.28662952646239553}, 8652.0020743208)
[2024-10-24 07:21:54,762][flwr][INFO] - configure_evaluate: strategy sampled 2 clients (out of 50)
[2024-10-24 07:21:59,308][flwr][INFO] - aggregate_evaluate: received 2 results and 0 failures
[2024-10-24 07:21:59,308][flwr][INFO] - 
[2024-10-24 07:21:59,308][flwr][INFO] - [ROUND 96]
[2024-10-24 07:21:59,308][flwr][INFO] - configure_fit: strategy sampled 5 clients (out of 50)
[2024-10-24 07:23:39,662][flwr][INFO] - aggregate_fit: received 5 results and 0 failures
[2024-10-24 07:24:00,770][flwr][INFO] - fit progress: (96, 429.7883608341217, {'accuracy': 0.3128133704735376}, 8778.01004123874)
[2024-10-24 07:24:00,770][flwr][INFO] - configure_evaluate: strategy sampled 2 clients (out of 50)
[2024-10-24 07:24:05,228][flwr][INFO] - aggregate_evaluate: received 2 results and 0 failures
[2024-10-24 07:24:05,228][flwr][INFO] - 
[2024-10-24 07:24:05,228][flwr][INFO] - [ROUND 97]
[2024-10-24 07:24:05,228][flwr][INFO] - configure_fit: strategy sampled 5 clients (out of 50)
[2024-10-24 07:25:40,785][flwr][INFO] - aggregate_fit: received 5 results and 0 failures
[2024-10-24 07:25:59,833][flwr][INFO] - fit progress: (97, 369.49263870716095, {'accuracy': 0.3729805013927577}, 8897.073088727891)
[2024-10-24 07:25:59,833][flwr][INFO] - configure_evaluate: strategy sampled 2 clients (out of 50)
[2024-10-24 07:26:03,051][flwr][INFO] - aggregate_evaluate: received 2 results and 0 failures
[2024-10-24 07:26:03,051][flwr][INFO] - 
[2024-10-24 07:26:03,052][flwr][INFO] - [ROUND 98]
[2024-10-24 07:26:03,052][flwr][INFO] - configure_fit: strategy sampled 5 clients (out of 50)
[2024-10-24 07:26:40,413][flwr][INFO] - aggregate_fit: received 5 results and 0 failures
[2024-10-24 07:26:58,457][flwr][INFO] - fit progress: (98, 323.61788833141327, {'accuracy': 0.5399721448467967}, 8955.697095541283)
[2024-10-24 07:26:58,457][flwr][INFO] - configure_evaluate: strategy sampled 2 clients (out of 50)
[2024-10-24 07:27:02,411][flwr][INFO] - aggregate_evaluate: received 2 results and 0 failures
[2024-10-24 07:27:02,411][flwr][INFO] - 
[2024-10-24 07:27:02,411][flwr][INFO] - [ROUND 99]
[2024-10-24 07:27:02,411][flwr][INFO] - configure_fit: strategy sampled 5 clients (out of 50)
[2024-10-24 07:28:19,895][flwr][INFO] - aggregate_fit: received 5 results and 0 failures
[2024-10-24 07:28:39,034][flwr][INFO] - fit progress: (99, 332.63649678230286, {'accuracy': 0.40376044568245123}, 9056.274333113804)
[2024-10-24 07:28:39,035][flwr][INFO] - configure_evaluate: strategy sampled 2 clients (out of 50)
[2024-10-24 07:28:42,862][flwr][INFO] - aggregate_evaluate: received 2 results and 0 failures
[2024-10-24 07:28:42,863][flwr][INFO] - 
[2024-10-24 07:28:42,863][flwr][INFO] - [ROUND 100]
[2024-10-24 07:28:42,863][flwr][INFO] - configure_fit: strategy sampled 5 clients (out of 50)
[2024-10-24 07:29:32,060][flwr][INFO] - aggregate_fit: received 5 results and 0 failures
[2024-10-24 07:29:50,083][flwr][INFO] - fit progress: (100, 568.2633204460144, {'accuracy': 0.29916434540389975}, 9127.322698493488)
[2024-10-24 07:29:50,083][flwr][INFO] - configure_evaluate: strategy sampled 2 clients (out of 50)
[2024-10-24 07:29:53,428][flwr][INFO] - aggregate_evaluate: received 2 results and 0 failures
[2024-10-24 07:29:53,556][flwr][INFO] - 
[2024-10-24 07:29:53,556][flwr][INFO] - [SUMMARY]
[2024-10-24 07:29:53,556][flwr][INFO] - Run finished 100 round(s) in 9130.67s
[2024-10-24 07:29:53,559][flwr][INFO] - 	History (loss, distributed):
[2024-10-24 07:29:53,559][flwr][INFO] - 		round 1: 10.898507365313444
[2024-10-24 07:29:53,559][flwr][INFO] - 		round 2: 13.331946678015035
[2024-10-24 07:29:53,559][flwr][INFO] - 		round 3: 5.105240360219428
[2024-10-24 07:29:53,559][flwr][INFO] - 		round 4: 3.769433333323552
[2024-10-24 07:29:53,560][flwr][INFO] - 		round 5: 6.236152308610465
[2024-10-24 07:29:53,560][flwr][INFO] - 		round 6: 11.96441025440007
[2024-10-24 07:29:53,560][flwr][INFO] - 		round 7: 5.753837823867798
[2024-10-24 07:29:53,560][flwr][INFO] - 		round 8: 3.9520374139149985
[2024-10-24 07:29:53,560][flwr][INFO] - 		round 9: 8.03670295245612
[2024-10-24 07:29:53,560][flwr][INFO] - 		round 10: 13.053575167289146
[2024-10-24 07:29:53,560][flwr][INFO] - 		round 11: 26.426395813220648
[2024-10-24 07:29:53,560][flwr][INFO] - 		round 12: 2.777067834255742
[2024-10-24 07:29:53,560][flwr][INFO] - 		round 13: 15.747299631065298
[2024-10-24 07:29:53,560][flwr][INFO] - 		round 14: 7.8108238520355995
[2024-10-24 07:29:53,560][flwr][INFO] - 		round 15: 2.8046419620513916
[2024-10-24 07:29:53,560][flwr][INFO] - 		round 16: 12.263771518368587
[2024-10-24 07:29:53,560][flwr][INFO] - 		round 17: 2.6188840238671554
[2024-10-24 07:29:53,560][flwr][INFO] - 		round 18: 7.725318658818554
[2024-10-24 07:29:53,560][flwr][INFO] - 		round 19: 12.932189473318397
[2024-10-24 07:29:53,560][flwr][INFO] - 		round 20: 30.185922247218336
[2024-10-24 07:29:53,560][flwr][INFO] - 		round 21: 8.90677001936506
[2024-10-24 07:29:53,560][flwr][INFO] - 		round 22: 4.135249216137952
[2024-10-24 07:29:53,560][flwr][INFO] - 		round 23: 20.032806168984216
[2024-10-24 07:29:53,560][flwr][INFO] - 		round 24: 11.110359996198172
[2024-10-24 07:29:53,560][flwr][INFO] - 		round 25: 10.42540106759057
[2024-10-24 07:29:53,561][flwr][INFO] - 		round 26: 7.991003232326094
[2024-10-24 07:29:53,561][flwr][INFO] - 		round 27: 1.4807235066955153
[2024-10-24 07:29:53,561][flwr][INFO] - 		round 28: 8.251771829964278
[2024-10-24 07:29:53,561][flwr][INFO] - 		round 29: 7.207066504851632
[2024-10-24 07:29:53,561][flwr][INFO] - 		round 30: 11.093591166352763
[2024-10-24 07:29:53,561][flwr][INFO] - 		round 31: 15.505658435539937
[2024-10-24 07:29:53,561][flwr][INFO] - 		round 32: 15.108295010524381
[2024-10-24 07:29:53,561][flwr][INFO] - 		round 33: 8.315799371298258
[2024-10-24 07:29:53,561][flwr][INFO] - 		round 34: 20.774466336306606
[2024-10-24 07:29:53,561][flwr][INFO] - 		round 35: 3.794275611639023
[2024-10-24 07:29:53,561][flwr][INFO] - 		round 36: 7.374494611939072
[2024-10-24 07:29:53,561][flwr][INFO] - 		round 37: 1.836951804762127
[2024-10-24 07:29:53,561][flwr][INFO] - 		round 38: 15.933481666602587
[2024-10-24 07:29:53,561][flwr][INFO] - 		round 39: 3.972898062117799
[2024-10-24 07:29:53,561][flwr][INFO] - 		round 40: 4.2551687618471545
[2024-10-24 07:29:53,561][flwr][INFO] - 		round 41: 6.77998106569614
[2024-10-24 07:29:53,561][flwr][INFO] - 		round 42: 2.55573493142646
[2024-10-24 07:29:53,561][flwr][INFO] - 		round 43: 5.471922126470828
[2024-10-24 07:29:53,561][flwr][INFO] - 		round 44: 4.811998617749254
[2024-10-24 07:29:53,561][flwr][INFO] - 		round 45: 1.6013399293025334
[2024-10-24 07:29:53,561][flwr][INFO] - 		round 46: 4.9125844019196805
[2024-10-24 07:29:53,561][flwr][INFO] - 		round 47: 16.636072989980224
[2024-10-24 07:29:53,562][flwr][INFO] - 		round 48: 14.583155650081057
[2024-10-24 07:29:53,562][flwr][INFO] - 		round 49: 11.076883132374563
[2024-10-24 07:29:53,562][flwr][INFO] - 		round 50: 6.998049539189006
[2024-10-24 07:29:53,562][flwr][INFO] - 		round 51: 11.918073730192322
[2024-10-24 07:29:53,562][flwr][INFO] - 		round 52: 14.676351909243733
[2024-10-24 07:29:53,562][flwr][INFO] - 		round 53: 6.248669944181071
[2024-10-24 07:29:53,562][flwr][INFO] - 		round 54: 7.762737831396054
[2024-10-24 07:29:53,562][flwr][INFO] - 		round 55: 3.0832529874408947
[2024-10-24 07:29:53,562][flwr][INFO] - 		round 56: 4.611058387890398
[2024-10-24 07:29:53,562][flwr][INFO] - 		round 57: 6.656465991114532
[2024-10-24 07:29:53,562][flwr][INFO] - 		round 58: 15.030067661415941
[2024-10-24 07:29:53,562][flwr][INFO] - 		round 59: 9.880812253107864
[2024-10-24 07:29:53,562][flwr][INFO] - 		round 60: 3.060933616426256
[2024-10-24 07:29:53,562][flwr][INFO] - 		round 61: 8.336202725903146
[2024-10-24 07:29:53,562][flwr][INFO] - 		round 62: 4.336847458757571
[2024-10-24 07:29:53,562][flwr][INFO] - 		round 63: 8.25044635212189
[2024-10-24 07:29:53,562][flwr][INFO] - 		round 64: 2.3195100586179276
[2024-10-24 07:29:53,562][flwr][INFO] - 		round 65: 6.701511891711225
[2024-10-24 07:29:53,562][flwr][INFO] - 		round 66: 15.91617574611256
[2024-10-24 07:29:53,562][flwr][INFO] - 		round 67: 7.139001306605666
[2024-10-24 07:29:53,562][flwr][INFO] - 		round 68: 1.1759760209492274
[2024-10-24 07:29:53,562][flwr][INFO] - 		round 69: 6.881473581186322
[2024-10-24 07:29:53,563][flwr][INFO] - 		round 70: 7.985109558070663
[2024-10-24 07:29:53,563][flwr][INFO] - 		round 71: 0.8060727914174398
[2024-10-24 07:29:53,563][flwr][INFO] - 		round 72: 8.150247398564513
[2024-10-24 07:29:53,563][flwr][INFO] - 		round 73: 2.7678433141630627
[2024-10-24 07:29:53,563][flwr][INFO] - 		round 74: 4.29252401936886
[2024-10-24 07:29:53,563][flwr][INFO] - 		round 75: 9.009608565992632
[2024-10-24 07:29:53,563][flwr][INFO] - 		round 76: 2.4310791917749355
[2024-10-24 07:29:53,563][flwr][INFO] - 		round 77: 8.890788523774399
[2024-10-24 07:29:53,563][flwr][INFO] - 		round 78: 3.5932911748141914
[2024-10-24 07:29:53,563][flwr][INFO] - 		round 79: 11.390851906565732
[2024-10-24 07:29:53,563][flwr][INFO] - 		round 80: 4.4677559223175045
[2024-10-24 07:29:53,563][flwr][INFO] - 		round 81: 2.5166975371539593
[2024-10-24 07:29:53,563][flwr][INFO] - 		round 82: 7.5647259088373
[2024-10-24 07:29:53,563][flwr][INFO] - 		round 83: 13.220424607264773
[2024-10-24 07:29:53,563][flwr][INFO] - 		round 84: 1.6047139251441287
[2024-10-24 07:29:53,563][flwr][INFO] - 		round 85: 13.884820525260533
[2024-10-24 07:29:53,563][flwr][INFO] - 		round 86: 19.337441519627507
[2024-10-24 07:29:53,563][flwr][INFO] - 		round 87: 2.8935790013044307
[2024-10-24 07:29:53,563][flwr][INFO] - 		round 88: 28.68068092883841
[2024-10-24 07:29:53,563][flwr][INFO] - 		round 89: 8.738469439479504
[2024-10-24 07:29:53,563][flwr][INFO] - 		round 90: 8.271292023777221
[2024-10-24 07:29:53,563][flwr][INFO] - 		round 91: 8.125121496819162
[2024-10-24 07:29:53,563][flwr][INFO] - 		round 92: 6.227479315417654
[2024-10-24 07:29:53,564][flwr][INFO] - 		round 93: 3.5503297585217073
[2024-10-24 07:29:53,564][flwr][INFO] - 		round 94: 7.523181421197441
[2024-10-24 07:29:53,564][flwr][INFO] - 		round 95: 20.07888976573944
[2024-10-24 07:29:53,564][flwr][INFO] - 		round 96: 16.540372032812588
[2024-10-24 07:29:53,564][flwr][INFO] - 		round 97: 2.8175360205157705
[2024-10-24 07:29:53,564][flwr][INFO] - 		round 98: 11.317916108715918
[2024-10-24 07:29:53,564][flwr][INFO] - 		round 99: 2.109100904534845
[2024-10-24 07:29:53,564][flwr][INFO] - 		round 100: 0.5986979657953436
[2024-10-24 07:29:53,564][flwr][INFO] - 	History (loss, centralized):
[2024-10-24 07:29:53,564][flwr][INFO] - 		round 0: 511.7887418270111
[2024-10-24 07:29:53,564][flwr][INFO] - 		round 1: 505.3725732564926
[2024-10-24 07:29:53,564][flwr][INFO] - 		round 2: 561.7027959823608
[2024-10-24 07:29:53,564][flwr][INFO] - 		round 3: 645.0220704078674
[2024-10-24 07:29:53,564][flwr][INFO] - 		round 4: 507.8315145969391
[2024-10-24 07:29:53,564][flwr][INFO] - 		round 5: 490.5838260650635
[2024-10-24 07:29:53,564][flwr][INFO] - 		round 6: 506.98125433921814
[2024-10-24 07:29:53,564][flwr][INFO] - 		round 7: 586.4531333446503
[2024-10-24 07:29:53,564][flwr][INFO] - 		round 8: 494.42066526412964
[2024-10-24 07:29:53,564][flwr][INFO] - 		round 9: 481.86444449424744
[2024-10-24 07:29:53,564][flwr][INFO] - 		round 10: 511.41795897483826
[2024-10-24 07:29:53,564][flwr][INFO] - 		round 11: 764.301840543747
[2024-10-24 07:29:53,564][flwr][INFO] - 		round 12: 495.79991710186005
[2024-10-24 07:29:53,565][flwr][INFO] - 		round 13: 446.93912088871
[2024-10-24 07:29:53,565][flwr][INFO] - 		round 14: 642.7633879184723
[2024-10-24 07:29:53,565][flwr][INFO] - 		round 15: 772.7952506542206
[2024-10-24 07:29:53,565][flwr][INFO] - 		round 16: 602.6833934783936
[2024-10-24 07:29:53,565][flwr][INFO] - 		round 17: 436.29534935951233
[2024-10-24 07:29:53,565][flwr][INFO] - 		round 18: 529.5746400356293
[2024-10-24 07:29:53,565][flwr][INFO] - 		round 19: 567.7164776325226
[2024-10-24 07:29:53,565][flwr][INFO] - 		round 20: 696.7632405757904
[2024-10-24 07:29:53,565][flwr][INFO] - 		round 21: 494.1172353029251
[2024-10-24 07:29:53,565][flwr][INFO] - 		round 22: 498.2403221130371
[2024-10-24 07:29:53,565][flwr][INFO] - 		round 23: 404.1932291984558
[2024-10-24 07:29:53,565][flwr][INFO] - 		round 24: 561.533872127533
[2024-10-24 07:29:53,565][flwr][INFO] - 		round 25: 349.38835883140564
[2024-10-24 07:29:53,565][flwr][INFO] - 		round 26: 475.80411994457245
[2024-10-24 07:29:53,565][flwr][INFO] - 		round 27: 389.0695447921753
[2024-10-24 07:29:53,565][flwr][INFO] - 		round 28: 420.1440232992172
[2024-10-24 07:29:53,565][flwr][INFO] - 		round 29: 365.0115727186203
[2024-10-24 07:29:53,565][flwr][INFO] - 		round 30: 292.2203949689865
[2024-10-24 07:29:53,565][flwr][INFO] - 		round 31: 617.3251262903214
[2024-10-24 07:29:53,565][flwr][INFO] - 		round 32: 491.9222867488861
[2024-10-24 07:29:53,565][flwr][INFO] - 		round 33: 579.5730557441711
[2024-10-24 07:29:53,565][flwr][INFO] - 		round 34: 486.5200959444046
[2024-10-24 07:29:53,566][flwr][INFO] - 		round 35: 352.0007703900337
[2024-10-24 07:29:53,566][flwr][INFO] - 		round 36: 378.58864974975586
[2024-10-24 07:29:53,566][flwr][INFO] - 		round 37: 464.54635828733444
[2024-10-24 07:29:53,566][flwr][INFO] - 		round 38: 694.6147322654724
[2024-10-24 07:29:53,566][flwr][INFO] - 		round 39: 487.9415818452835
[2024-10-24 07:29:53,566][flwr][INFO] - 		round 40: 390.0589048862457
[2024-10-24 07:29:53,566][flwr][INFO] - 		round 41: 411.8668805360794
[2024-10-24 07:29:53,566][flwr][INFO] - 		round 42: 335.5243661403656
[2024-10-24 07:29:53,566][flwr][INFO] - 		round 43: 719.2727426290512
[2024-10-24 07:29:53,566][flwr][INFO] - 		round 44: 433.16672146320343
[2024-10-24 07:29:53,566][flwr][INFO] - 		round 45: 419.058956861496
[2024-10-24 07:29:53,566][flwr][INFO] - 		round 46: 372.8937820196152
[2024-10-24 07:29:53,566][flwr][INFO] - 		round 47: 442.337615609169
[2024-10-24 07:29:53,566][flwr][INFO] - 		round 48: 417.34833085536957
[2024-10-24 07:29:53,566][flwr][INFO] - 		round 49: 523.5987255573273
[2024-10-24 07:29:53,566][flwr][INFO] - 		round 50: 496.5827525854111
[2024-10-24 07:29:53,566][flwr][INFO] - 		round 51: 579.3242638111115
[2024-10-24 07:29:53,566][flwr][INFO] - 		round 52: 471.34881365299225
[2024-10-24 07:29:53,566][flwr][INFO] - 		round 53: 599.8402729034424
[2024-10-24 07:29:53,566][flwr][INFO] - 		round 54: 452.24946916103363
[2024-10-24 07:29:53,566][flwr][INFO] - 		round 55: 519.4033621549606
[2024-10-24 07:29:53,566][flwr][INFO] - 		round 56: 446.0503251552582
[2024-10-24 07:29:53,566][flwr][INFO] - 		round 57: 436.02449786663055
[2024-10-24 07:29:53,567][flwr][INFO] - 		round 58: 553.9169862270355
[2024-10-24 07:29:53,567][flwr][INFO] - 		round 59: 479.29162430763245
[2024-10-24 07:29:53,567][flwr][INFO] - 		round 60: 527.5296059846878
[2024-10-24 07:29:53,567][flwr][INFO] - 		round 61: 503.7793058156967
[2024-10-24 07:29:53,567][flwr][INFO] - 		round 62: 354.3461937904358
[2024-10-24 07:29:53,567][flwr][INFO] - 		round 63: 395.38566863536835
[2024-10-24 07:29:53,567][flwr][INFO] - 		round 64: 458.4054160118103
[2024-10-24 07:29:53,567][flwr][INFO] - 		round 65: 500.6135264635086
[2024-10-24 07:29:53,567][flwr][INFO] - 		round 66: 477.8010025024414
[2024-10-24 07:29:53,567][flwr][INFO] - 		round 67: 563.1348013877869
[2024-10-24 07:29:53,567][flwr][INFO] - 		round 68: 512.5709708929062
[2024-10-24 07:29:53,567][flwr][INFO] - 		round 69: 448.68763053417206
[2024-10-24 07:29:53,567][flwr][INFO] - 		round 70: 463.9462879896164
[2024-10-24 07:29:53,567][flwr][INFO] - 		round 71: 315.8011405467987
[2024-10-24 07:29:53,567][flwr][INFO] - 		round 72: 335.0813567042351
[2024-10-24 07:29:53,567][flwr][INFO] - 		round 73: 286.8930592536926
[2024-10-24 07:29:53,567][flwr][INFO] - 		round 74: 356.3393111228943
[2024-10-24 07:29:53,567][flwr][INFO] - 		round 75: 338.03385066986084
[2024-10-24 07:29:53,567][flwr][INFO] - 		round 76: 368.51583993434906
[2024-10-24 07:29:53,567][flwr][INFO] - 		round 77: 358.7151473760605
[2024-10-24 07:29:53,567][flwr][INFO] - 		round 78: 463.5676419734955
[2024-10-24 07:29:53,567][flwr][INFO] - 		round 79: 467.0008144378662
[2024-10-24 07:29:53,567][flwr][INFO] - 		round 80: 336.75195956230164
[2024-10-24 07:29:53,568][flwr][INFO] - 		round 81: 417.5645207166672
[2024-10-24 07:29:53,568][flwr][INFO] - 		round 82: 478.59331798553467
[2024-10-24 07:29:53,568][flwr][INFO] - 		round 83: 426.286235332489
[2024-10-24 07:29:53,568][flwr][INFO] - 		round 84: 396.49770641326904
[2024-10-24 07:29:53,568][flwr][INFO] - 		round 85: 531.8816212415695
[2024-10-24 07:29:53,568][flwr][INFO] - 		round 86: 563.0741585493088
[2024-10-24 07:29:53,568][flwr][INFO] - 		round 87: 560.1593736410141
[2024-10-24 07:29:53,568][flwr][INFO] - 		round 88: 544.3207352161407
[2024-10-24 07:29:53,568][flwr][INFO] - 		round 89: 532.2782405614853
[2024-10-24 07:29:53,568][flwr][INFO] - 		round 90: 317.97796642780304
[2024-10-24 07:29:53,568][flwr][INFO] - 		round 91: 375.03513419628143
[2024-10-24 07:29:53,568][flwr][INFO] - 		round 92: 383.92851424217224
[2024-10-24 07:29:53,568][flwr][INFO] - 		round 93: 485.3430286645889
[2024-10-24 07:29:53,568][flwr][INFO] - 		round 94: 377.40715050697327
[2024-10-24 07:29:53,568][flwr][INFO] - 		round 95: 554.3293612003326
[2024-10-24 07:29:53,568][flwr][INFO] - 		round 96: 429.7883608341217
[2024-10-24 07:29:53,568][flwr][INFO] - 		round 97: 369.49263870716095
[2024-10-24 07:29:53,568][flwr][INFO] - 		round 98: 323.61788833141327
[2024-10-24 07:29:53,568][flwr][INFO] - 		round 99: 332.63649678230286
[2024-10-24 07:29:53,568][flwr][INFO] - 		round 100: 568.2633204460144
[2024-10-24 07:29:53,568][flwr][INFO] - 	History (metrics, distributed, evaluate):
[2024-10-24 07:29:53,568][flwr][INFO] - 	{'accuracy': [(1, 0.0),
[2024-10-24 07:29:53,568][flwr][INFO] - 	              (2, 0.5985533453887885),
[2024-10-24 07:29:53,569][flwr][INFO] - 	              (3, 0.22695035460992907),
[2024-10-24 07:29:53,569][flwr][INFO] - 	              (4, 0.0),
[2024-10-24 07:29:53,569][flwr][INFO] - 	              (5, 0.0),
[2024-10-24 07:29:53,569][flwr][INFO] - 	              (6, 0.003424657534246575),
[2024-10-24 07:29:53,569][flwr][INFO] - 	              (7, 0.0),
[2024-10-24 07:29:53,569][flwr][INFO] - 	              (8, 0.14689265536723164),
[2024-10-24 07:29:53,569][flwr][INFO] - 	              (9, 0.09253731343283583),
[2024-10-24 07:29:53,569][flwr][INFO] - 	              (10, 0.038461538461538464),
[2024-10-24 07:29:53,569][flwr][INFO] - 	              (11, 0.23223350253807107),
[2024-10-24 07:29:53,569][flwr][INFO] - 	              (12, 0.0),
[2024-10-24 07:29:53,569][flwr][INFO] - 	              (13, 0.25),
[2024-10-24 07:29:53,569][flwr][INFO] - 	              (14, 0.1319796954314721),
[2024-10-24 07:29:53,569][flwr][INFO] - 	              (15, 0.13333333333333333),
[2024-10-24 07:29:53,569][flwr][INFO] - 	              (16, 0.004672897196261682),
[2024-10-24 07:29:53,569][flwr][INFO] - 	              (17, 0.08771929824561403),
[2024-10-24 07:29:53,569][flwr][INFO] - 	              (18, 0.38078291814946624),
[2024-10-24 07:29:53,569][flwr][INFO] - 	              (19, 0.027522935779816515),
[2024-10-24 07:29:53,569][flwr][INFO] - 	              (20, 0.31200787401574803),
[2024-10-24 07:29:53,569][flwr][INFO] - 	              (21, 0.30026809651474534),
[2024-10-24 07:29:53,569][flwr][INFO] - 	              (22, 0.2824427480916031),
[2024-10-24 07:29:53,569][flwr][INFO] - 	              (23, 0.24646128226477934),
[2024-10-24 07:29:53,569][flwr][INFO] - 	              (24, 0.0),
[2024-10-24 07:29:53,569][flwr][INFO] - 	              (25, 0.04504504504504504),
[2024-10-24 07:29:53,570][flwr][INFO] - 	              (26, 0.3700787401574803),
[2024-10-24 07:29:53,570][flwr][INFO] - 	              (27, 0.5405405405405406),
[2024-10-24 07:29:53,570][flwr][INFO] - 	              (28, 0.2025974025974026),
[2024-10-24 07:29:53,570][flwr][INFO] - 	              (29, 0.49130434782608695),
[2024-10-24 07:29:53,570][flwr][INFO] - 	              (30, 0.5631067961165048),
[2024-10-24 07:29:53,570][flwr][INFO] - 	              (31, 0.16141732283464566),
[2024-10-24 07:29:53,570][flwr][INFO] - 	              (32, 0.38903394255874674),
[2024-10-24 07:29:53,570][flwr][INFO] - 	              (33, 0.08571428571428572),
[2024-10-24 07:29:53,570][flwr][INFO] - 	              (34, 0.1967799642218247),
[2024-10-24 07:29:53,570][flwr][INFO] - 	              (35, 0.6504065040650406),
[2024-10-24 07:29:53,570][flwr][INFO] - 	              (36, 0.6363636363636364),
[2024-10-24 07:29:53,570][flwr][INFO] - 	              (37, 0.6470588235294118),
[2024-10-24 07:29:53,570][flwr][INFO] - 	              (38, 0.18201754385964913),
[2024-10-24 07:29:53,570][flwr][INFO] - 	              (39, 0.17964071856287425),
[2024-10-24 07:29:53,570][flwr][INFO] - 	              (40, 0.49433962264150944),
[2024-10-24 07:29:53,570][flwr][INFO] - 	              (41, 0.1018867924528302),
[2024-10-24 07:29:53,570][flwr][INFO] - 	              (42, 0.6796657381615598),
[2024-10-24 07:29:53,570][flwr][INFO] - 	              (43, 0.0392156862745098),
[2024-10-24 07:29:53,570][flwr][INFO] - 	              (44, 0.058823529411764705),
[2024-10-24 07:29:53,570][flwr][INFO] - 	              (45, 0.7333333333333333),
[2024-10-24 07:29:53,570][flwr][INFO] - 	              (46, 0.5911016949152542),
[2024-10-24 07:29:53,570][flwr][INFO] - 	              (47, 0.6057312252964426),
[2024-10-24 07:29:53,571][flwr][INFO] - 	              (48, 0.08484848484848485),
[2024-10-24 07:29:53,571][flwr][INFO] - 	              (49, 0.39244186046511625),
[2024-10-24 07:29:53,571][flwr][INFO] - 	              (50, 0.013953488372093023),
[2024-10-24 07:29:53,571][flwr][INFO] - 	              (51, 0.15458937198067632),
[2024-10-24 07:29:53,571][flwr][INFO] - 	              (52, 0.0963302752293578),
[2024-10-24 07:29:53,571][flwr][INFO] - 	              (53, 0.6935064935064935),
[2024-10-24 07:29:53,571][flwr][INFO] - 	              (54, 0.1440922190201729),
[2024-10-24 07:29:53,571][flwr][INFO] - 	              (55, 0.31092436974789917),
[2024-10-24 07:29:53,571][flwr][INFO] - 	              (56, 0.39759036144578314),
[2024-10-24 07:29:53,571][flwr][INFO] - 	              (57, 0.676950998185118),
[2024-10-24 07:29:53,571][flwr][INFO] - 	              (58, 0.1311787072243346),
[2024-10-24 07:29:53,571][flwr][INFO] - 	              (59, 0.49043062200956933),
[2024-10-24 07:29:53,571][flwr][INFO] - 	              (60, 0.0),
[2024-10-24 07:29:53,571][flwr][INFO] - 	              (61, 0.5498489425981873),
[2024-10-24 07:29:53,571][flwr][INFO] - 	              (62, 0.6791044776119403),
[2024-10-24 07:29:53,571][flwr][INFO] - 	              (63, 0.3565459610027855),
[2024-10-24 07:29:53,571][flwr][INFO] - 	              (64, 0.8873239436619719),
[2024-10-24 07:29:53,571][flwr][INFO] - 	              (65, 0.47686832740213525),
[2024-10-24 07:29:53,571][flwr][INFO] - 	              (66, 0.44652908067542213),
[2024-10-24 07:29:53,571][flwr][INFO] - 	              (67, 0.6917808219178082),
[2024-10-24 07:29:53,571][flwr][INFO] - 	              (68, 0.7959183673469388),
[2024-10-24 07:29:53,571][flwr][INFO] - 	              (69, 0.7368421052631579),
[2024-10-24 07:29:53,571][flwr][INFO] - 	              (70, 0.25304136253041365),
[2024-10-24 07:29:53,572][flwr][INFO] - 	              (71, 0.7857142857142857),
[2024-10-24 07:29:53,572][flwr][INFO] - 	              (72, 0.03943661971830986),
[2024-10-24 07:29:53,572][flwr][INFO] - 	              (73, 0.7581521739130435),
[2024-10-24 07:29:53,572][flwr][INFO] - 	              (74, 0.6813953488372093),
[2024-10-24 07:29:53,572][flwr][INFO] - 	              (75, 0.6335174953959485),
[2024-10-24 07:29:53,572][flwr][INFO] - 	              (76, 0.4702702702702703),
[2024-10-24 07:29:53,572][flwr][INFO] - 	              (77, 0.028708133971291867),
[2024-10-24 07:29:53,572][flwr][INFO] - 	              (78, 0.9089595375722543),
[2024-10-24 07:29:53,572][flwr][INFO] - 	              (79, 0.08914728682170543),
[2024-10-24 07:29:53,572][flwr][INFO] - 	              (80, 0.056),
[2024-10-24 07:29:53,572][flwr][INFO] - 	              (81, 0.5),
[2024-10-24 07:29:53,572][flwr][INFO] - 	              (82, 0.1383399209486166),
[2024-10-24 07:29:53,572][flwr][INFO] - 	              (83, 0.39471106758080315),
[2024-10-24 07:29:53,572][flwr][INFO] - 	              (84, 0.3508771929824561),
[2024-10-24 07:29:53,572][flwr][INFO] - 	              (85, 0.0),
[2024-10-24 07:29:53,572][flwr][INFO] - 	              (86, 0.3238434163701068),
[2024-10-24 07:29:53,572][flwr][INFO] - 	              (87, 0.3641025641025641),
[2024-10-24 07:29:53,572][flwr][INFO] - 	              (88, 0.007151370679380214),
[2024-10-24 07:29:53,572][flwr][INFO] - 	              (89, 0.05263157894736842),
[2024-10-24 07:29:53,572][flwr][INFO] - 	              (90, 0.2774327122153209),
[2024-10-24 07:29:53,572][flwr][INFO] - 	              (91, 0.05855855855855856),
[2024-10-24 07:29:53,572][flwr][INFO] - 	              (92, 0.6568627450980392),
[2024-10-24 07:29:53,572][flwr][INFO] - 	              (93, 0.19786096256684493),
[2024-10-24 07:29:53,573][flwr][INFO] - 	              (94, 0.5068493150684932),
[2024-10-24 07:29:53,573][flwr][INFO] - 	              (95, 0.305),
[2024-10-24 07:29:53,573][flwr][INFO] - 	              (96, 0.38248337028824836),
[2024-10-24 07:29:53,573][flwr][INFO] - 	              (97, 0.8145695364238411),
[2024-10-24 07:29:53,573][flwr][INFO] - 	              (98, 0.1875),
[2024-10-24 07:29:53,573][flwr][INFO] - 	              (99, 0.9117647058823529),
[2024-10-24 07:29:53,573][flwr][INFO] - 	              (100, 0.8636363636363636)]}
[2024-10-24 07:29:53,573][flwr][INFO] - 	History (metrics, centralized):
[2024-10-24 07:29:53,573][flwr][INFO] - 	{'accuracy': [(0, 0.05389972144846797),
[2024-10-24 07:29:53,573][flwr][INFO] - 	              (1, 0.17172701949860725),
[2024-10-24 07:29:53,573][flwr][INFO] - 	              (2, 0.05863509749303621),
[2024-10-24 07:29:53,573][flwr][INFO] - 	              (3, 0.09707520891364903),
[2024-10-24 07:29:53,573][flwr][INFO] - 	              (4, 0.18635097493036212),
[2024-10-24 07:29:53,573][flwr][INFO] - 	              (5, 0.18635097493036212),
[2024-10-24 07:29:53,573][flwr][INFO] - 	              (6, 0.19317548746518107),
[2024-10-24 07:29:53,573][flwr][INFO] - 	              (7, 0.07520891364902507),
[2024-10-24 07:29:53,573][flwr][INFO] - 	              (8, 0.15041782729805014),
[2024-10-24 07:29:53,573][flwr][INFO] - 	              (9, 0.24428969359331476),
[2024-10-24 07:29:53,573][flwr][INFO] - 	              (10, 0.36002785515320335),
[2024-10-24 07:29:53,573][flwr][INFO] - 	              (11, 0.19958217270194986),
[2024-10-24 07:29:53,573][flwr][INFO] - 	              (12, 0.218941504178273),
[2024-10-24 07:29:53,574][flwr][INFO] - 	              (13, 0.17367688022284122),
[2024-10-24 07:29:53,574][flwr][INFO] - 	              (14, 0.09317548746518106),
[2024-10-24 07:29:53,574][flwr][INFO] - 	              (15, 0.09832869080779945),
[2024-10-24 07:29:53,574][flwr][INFO] - 	              (16, 0.22729805013927576),
[2024-10-24 07:29:53,574][flwr][INFO] - 	              (17, 0.18119777158774372),
[2024-10-24 07:29:53,574][flwr][INFO] - 	              (18, 0.31462395543175486),
[2024-10-24 07:29:53,574][flwr][INFO] - 	              (19, 0.26100278551532036),
[2024-10-24 07:29:53,574][flwr][INFO] - 	              (20, 0.42813370473537604),
[2024-10-24 07:29:53,574][flwr][INFO] - 	              (21, 0.22910863509749305),
[2024-10-24 07:29:53,574][flwr][INFO] - 	              (22, 0.2424791086350975),
[2024-10-24 07:29:53,574][flwr][INFO] - 	              (23, 0.3651810584958217),
[2024-10-24 07:29:53,574][flwr][INFO] - 	              (24, 0.23774373259052925),
[2024-10-24 07:29:53,574][flwr][INFO] - 	              (25, 0.367966573816156),
[2024-10-24 07:29:53,574][flwr][INFO] - 	              (26, 0.3157381615598886),
[2024-10-24 07:29:53,574][flwr][INFO] - 	              (27, 0.41030640668523677),
[2024-10-24 07:29:53,574][flwr][INFO] - 	              (28, 0.4523676880222841),
[2024-10-24 07:29:53,574][flwr][INFO] - 	              (29, 0.38955431754874653),
[2024-10-24 07:29:53,574][flwr][INFO] - 	              (30, 0.5239554317548747),
[2024-10-24 07:29:53,574][flwr][INFO] - 	              (31, 0.25264623955431753),
[2024-10-24 07:29:53,574][flwr][INFO] - 	              (32, 0.24874651810584958),
[2024-10-24 07:29:53,574][flwr][INFO] - 	              (33, 0.17047353760445683),
[2024-10-24 07:29:53,574][flwr][INFO] - 	              (34, 0.37715877437325906),
[2024-10-24 07:29:53,574][flwr][INFO] - 	              (35, 0.48245125348189416),
[2024-10-24 07:29:53,574][flwr][INFO] - 	              (36, 0.3566852367688022),
[2024-10-24 07:29:53,575][flwr][INFO] - 	              (37, 0.4101671309192201),
[2024-10-24 07:29:53,575][flwr][INFO] - 	              (38, 0.1969359331476323),
[2024-10-24 07:29:53,575][flwr][INFO] - 	              (39, 0.2644846796657382),
[2024-10-24 07:29:53,575][flwr][INFO] - 	              (40, 0.4030640668523677),
[2024-10-24 07:29:53,575][flwr][INFO] - 	              (41, 0.2415041782729805),
[2024-10-24 07:29:53,575][flwr][INFO] - 	              (42, 0.432033426183844),
[2024-10-24 07:29:53,575][flwr][INFO] - 	              (43, 0.297075208913649),
[2024-10-24 07:29:53,575][flwr][INFO] - 	              (44, 0.31197771587743733),
[2024-10-24 07:29:53,575][flwr][INFO] - 	              (45, 0.29066852367688023),
[2024-10-24 07:29:53,575][flwr][INFO] - 	              (46, 0.37409470752089136),
[2024-10-24 07:29:53,575][flwr][INFO] - 	              (47, 0.40403899721448466),
[2024-10-24 07:29:53,575][flwr][INFO] - 	              (48, 0.40891364902506966),
[2024-10-24 07:29:53,575][flwr][INFO] - 	              (49, 0.2894150417827298),
[2024-10-24 07:29:53,575][flwr][INFO] - 	              (50, 0.1742339832869081),
[2024-10-24 07:29:53,575][flwr][INFO] - 	              (51, 0.3502785515320334),
[2024-10-24 07:29:53,575][flwr][INFO] - 	              (52, 0.24832869080779943),
[2024-10-24 07:29:53,575][flwr][INFO] - 	              (53, 0.2876044568245125),
[2024-10-24 07:29:53,575][flwr][INFO] - 	              (54, 0.2949860724233983),
[2024-10-24 07:29:53,575][flwr][INFO] - 	              (55, 0.2899721448467967),
[2024-10-24 07:29:53,575][flwr][INFO] - 	              (56, 0.3512534818941504),
[2024-10-24 07:29:53,575][flwr][INFO] - 	              (57, 0.34721448467966576),
[2024-10-24 07:29:53,575][flwr][INFO] - 	              (58, 0.3254874651810585),
[2024-10-24 07:29:53,575][flwr][INFO] - 	              (59, 0.2714484679665738),
[2024-10-24 07:29:53,576][flwr][INFO] - 	              (60, 0.2041782729805014),
[2024-10-24 07:29:53,576][flwr][INFO] - 	              (61, 0.2703342618384401),
[2024-10-24 07:29:53,576][flwr][INFO] - 	              (62, 0.4395543175487465),
[2024-10-24 07:29:53,576][flwr][INFO] - 	              (63, 0.4107242339832869),
[2024-10-24 07:29:53,576][flwr][INFO] - 	              (64, 0.3729805013927577),
[2024-10-24 07:29:53,576][flwr][INFO] - 	              (65, 0.3353760445682451),
[2024-10-24 07:29:53,576][flwr][INFO] - 	              (66, 0.2945682451253482),
[2024-10-24 07:29:53,576][flwr][INFO] - 	              (67, 0.29651810584958216),
[2024-10-24 07:29:53,576][flwr][INFO] - 	              (68, 0.34944289693593317),
[2024-10-24 07:29:53,576][flwr][INFO] - 	              (69, 0.2889972144846797),
[2024-10-24 07:29:53,576][flwr][INFO] - 	              (70, 0.1966573816155989),
[2024-10-24 07:29:53,576][flwr][INFO] - 	              (71, 0.5761838440111421),
[2024-10-24 07:29:53,576][flwr][INFO] - 	              (72, 0.3701949860724234),
[2024-10-24 07:29:53,576][flwr][INFO] - 	              (73, 0.5316155988857939),
[2024-10-24 07:29:53,576][flwr][INFO] - 	              (74, 0.5186629526462395),
[2024-10-24 07:29:53,576][flwr][INFO] - 	              (75, 0.4818941504178273),
[2024-10-24 07:29:53,576][flwr][INFO] - 	              (76, 0.381058495821727),
[2024-10-24 07:29:53,576][flwr][INFO] - 	              (77, 0.39846796657381617),
[2024-10-24 07:29:53,576][flwr][INFO] - 	              (78, 0.35181058495821727),
[2024-10-24 07:29:53,576][flwr][INFO] - 	              (79, 0.25027855153203343),
[2024-10-24 07:29:53,576][flwr][INFO] - 	              (80, 0.36100278551532033),
[2024-10-24 07:29:53,576][flwr][INFO] - 	              (81, 0.36086350974930365),
[2024-10-24 07:29:53,576][flwr][INFO] - 	              (82, 0.3171309192200557),
[2024-10-24 07:29:53,576][flwr][INFO] - 	              (83, 0.3566852367688022),
[2024-10-24 07:29:53,577][flwr][INFO] - 	              (84, 0.3924791086350975),
[2024-10-24 07:29:53,577][flwr][INFO] - 	              (85, 0.2913649025069638),
[2024-10-24 07:29:53,577][flwr][INFO] - 	              (86, 0.3032033426183844),
[2024-10-24 07:29:53,577][flwr][INFO] - 	              (87, 0.2508356545961003),
[2024-10-24 07:29:53,577][flwr][INFO] - 	              (88, 0.18370473537604456),
[2024-10-24 07:29:53,577][flwr][INFO] - 	              (89, 0.24818941504178274),
[2024-10-24 07:29:53,577][flwr][INFO] - 	              (90, 0.5025069637883008),
[2024-10-24 07:29:53,577][flwr][INFO] - 	              (91, 0.2976323119777159),
[2024-10-24 07:29:53,577][flwr][INFO] - 	              (92, 0.366016713091922),
[2024-10-24 07:29:53,577][flwr][INFO] - 	              (93, 0.23481894150417829),
[2024-10-24 07:29:53,577][flwr][INFO] - 	              (94, 0.4807799442896936),
[2024-10-24 07:29:53,577][flwr][INFO] - 	              (95, 0.28662952646239553),
[2024-10-24 07:29:53,577][flwr][INFO] - 	              (96, 0.3128133704735376),
[2024-10-24 07:29:53,577][flwr][INFO] - 	              (97, 0.3729805013927577),
[2024-10-24 07:29:53,577][flwr][INFO] - 	              (98, 0.5399721448467967),
[2024-10-24 07:29:53,577][flwr][INFO] - 	              (99, 0.40376044568245123),
[2024-10-24 07:29:53,577][flwr][INFO] - 	              (100, 0.29916434540389975)]}
[2024-10-24 07:29:53,577][flwr][INFO] - 
