[2024-08-13 04:15:31,401][flwr][INFO] - Starting Flower simulation, config: num_rounds=10, no round_timeout
[2024-08-13 04:15:34,383][flwr][INFO] - Flower VCE: Ray initialized with resources: {'object_store_memory': 7498490265.0, 'GPU': 1.0, 'accelerator_type:G': 1.0, 'node:__internal_head__': 1.0, 'CPU': 32.0, 'memory': 14996980532.0, 'node:115.145.171.128': 1.0}
[2024-08-13 04:15:34,383][flwr][INFO] - Optimize your simulation with Flower VCE: https://flower.ai/docs/framework/how-to-run-simulations.html
[2024-08-13 04:15:34,383][flwr][INFO] - Flower VCE: Resources for each Virtual Client: {'num_cpus': 2, 'num_gpus': 0.2}
[2024-08-13 04:15:34,392][flwr][INFO] - Flower VCE: Creating VirtualClientEngineActorPool with 5 actors
[2024-08-13 04:15:34,392][flwr][INFO] - [INIT]
[2024-08-13 04:15:34,392][flwr][INFO] - Requesting initial parameters from one random client
[2024-08-13 04:15:36,559][flwr][INFO] - Received initial parameters from one random client
[2024-08-13 04:15:36,559][flwr][INFO] - Evaluating initial global parameters
[2024-08-13 04:15:39,506][flwr][INFO] - initial parameters (loss, other metrics): 64.48621416091919, {'accuracy': 0.3766025641025641}
[2024-08-13 04:15:39,506][flwr][INFO] - 
[2024-08-13 04:15:39,506][flwr][INFO] - [ROUND 1]
[2024-08-13 04:15:39,506][flwr][INFO] - configure_fit: strategy sampled 10 clients (out of 20)
[2024-08-13 04:15:43,008][flwr][INFO] - aggregate_fit: received 10 results and 0 failures
[2024-08-13 04:15:43,089][flwr][WARNING] - No fit_metrics_aggregation_fn provided
[2024-08-13 04:15:46,072][flwr][INFO] - fit progress: (1, 16.620758831501007, {'accuracy': 0.625}, 6.566714442000375)
[2024-08-13 04:15:46,073][flwr][INFO] - configure_evaluate: strategy sampled 2 clients (out of 20)
[2024-08-13 04:15:46,241][flwr][INFO] - aggregate_evaluate: received 2 results and 0 failures
[2024-08-13 04:15:46,241][flwr][INFO] - 
[2024-08-13 04:15:46,241][flwr][INFO] - [ROUND 2]
[2024-08-13 04:15:46,241][flwr][INFO] - configure_fit: strategy sampled 10 clients (out of 20)
[2024-08-13 04:15:50,047][flwr][INFO] - aggregate_fit: received 10 results and 0 failures
[2024-08-13 04:15:53,505][flwr][INFO] - fit progress: (2, 8.776461601257324, {'accuracy': 0.6410256410256411}, 13.998753573003341)
[2024-08-13 04:15:53,505][flwr][INFO] - configure_evaluate: strategy sampled 2 clients (out of 20)
[2024-08-13 04:15:53,758][flwr][INFO] - aggregate_evaluate: received 2 results and 0 failures
[2024-08-13 04:15:53,758][flwr][INFO] - 
[2024-08-13 04:15:53,758][flwr][INFO] - [ROUND 3]
[2024-08-13 04:15:53,758][flwr][INFO] - configure_fit: strategy sampled 10 clients (out of 20)
[2024-08-13 04:15:56,824][flwr][INFO] - aggregate_fit: received 10 results and 0 failures
[2024-08-13 04:15:59,753][flwr][INFO] - fit progress: (3, 12.263340651988983, {'accuracy': 0.6266025641025641}, 20.24706793799851)
[2024-08-13 04:15:59,753][flwr][INFO] - configure_evaluate: strategy sampled 2 clients (out of 20)
[2024-08-13 04:15:59,990][flwr][INFO] - aggregate_evaluate: received 2 results and 0 failures
[2024-08-13 04:15:59,990][flwr][INFO] - 
[2024-08-13 04:15:59,990][flwr][INFO] - [ROUND 4]
[2024-08-13 04:15:59,990][flwr][INFO] - configure_fit: strategy sampled 10 clients (out of 20)
[2024-08-13 04:16:03,621][flwr][INFO] - aggregate_fit: received 10 results and 0 failures
[2024-08-13 04:16:06,451][flwr][INFO] - fit progress: (4, 8.05212515592575, {'accuracy': 0.6602564102564102}, 26.944835629001318)
[2024-08-13 04:16:06,451][flwr][INFO] - configure_evaluate: strategy sampled 2 clients (out of 20)
[2024-08-13 04:16:06,665][flwr][INFO] - aggregate_evaluate: received 2 results and 0 failures
[2024-08-13 04:16:06,665][flwr][INFO] - 
[2024-08-13 04:16:06,665][flwr][INFO] - [ROUND 5]
[2024-08-13 04:16:06,666][flwr][INFO] - configure_fit: strategy sampled 10 clients (out of 20)
[2024-08-13 04:16:09,864][flwr][INFO] - aggregate_fit: received 10 results and 0 failures
[2024-08-13 04:16:13,079][flwr][INFO] - fit progress: (5, 9.995742738246918, {'accuracy': 0.6298076923076923}, 33.57342344999779)
[2024-08-13 04:16:13,079][flwr][INFO] - configure_evaluate: strategy sampled 2 clients (out of 20)
[2024-08-13 04:16:13,272][flwr][INFO] - aggregate_evaluate: received 2 results and 0 failures
[2024-08-13 04:16:13,272][flwr][INFO] - 
[2024-08-13 04:16:13,272][flwr][INFO] - [ROUND 6]
[2024-08-13 04:16:13,272][flwr][INFO] - configure_fit: strategy sampled 10 clients (out of 20)
[2024-08-13 04:16:16,328][flwr][INFO] - aggregate_fit: received 10 results and 0 failures
[2024-08-13 04:16:19,395][flwr][INFO] - fit progress: (6, 10.920231580734253, {'accuracy': 0.6298076923076923}, 39.8894877979983)
[2024-08-13 04:16:19,395][flwr][INFO] - configure_evaluate: strategy sampled 2 clients (out of 20)
[2024-08-13 04:16:19,615][flwr][INFO] - aggregate_evaluate: received 2 results and 0 failures
[2024-08-13 04:16:19,615][flwr][INFO] - 
[2024-08-13 04:16:19,615][flwr][INFO] - [ROUND 7]
[2024-08-13 04:16:19,615][flwr][INFO] - configure_fit: strategy sampled 10 clients (out of 20)
[2024-08-13 04:16:23,867][flwr][INFO] - aggregate_fit: received 10 results and 0 failures
[2024-08-13 04:16:26,905][flwr][INFO] - fit progress: (7, 9.175773203372955, {'accuracy': 0.6490384615384616}, 47.399530476999644)
[2024-08-13 04:16:26,905][flwr][INFO] - configure_evaluate: strategy sampled 2 clients (out of 20)
[2024-08-13 04:16:27,126][flwr][INFO] - aggregate_evaluate: received 2 results and 0 failures
[2024-08-13 04:16:27,126][flwr][INFO] - 
[2024-08-13 04:16:27,126][flwr][INFO] - [ROUND 8]
[2024-08-13 04:16:27,126][flwr][INFO] - configure_fit: strategy sampled 10 clients (out of 20)
[2024-08-13 04:16:30,805][flwr][INFO] - aggregate_fit: received 10 results and 0 failures
[2024-08-13 04:16:33,777][flwr][INFO] - fit progress: (8, 6.991155177354813, {'accuracy': 0.7227564102564102}, 54.2715846659994)
[2024-08-13 04:16:33,778][flwr][INFO] - configure_evaluate: strategy sampled 2 clients (out of 20)
[2024-08-13 04:16:34,159][flwr][INFO] - aggregate_evaluate: received 2 results and 0 failures
[2024-08-13 04:16:34,159][flwr][INFO] - 
[2024-08-13 04:16:34,159][flwr][INFO] - [ROUND 9]
[2024-08-13 04:16:34,159][flwr][INFO] - configure_fit: strategy sampled 10 clients (out of 20)
[2024-08-13 04:16:36,912][flwr][INFO] - aggregate_fit: received 10 results and 0 failures
[2024-08-13 04:16:39,842][flwr][INFO] - fit progress: (9, 7.641183495521545, {'accuracy': 0.7019230769230769}, 60.336670199001674)
[2024-08-13 04:16:39,843][flwr][INFO] - configure_evaluate: strategy sampled 2 clients (out of 20)
[2024-08-13 04:16:40,135][flwr][INFO] - aggregate_evaluate: received 2 results and 0 failures
[2024-08-13 04:16:40,136][flwr][INFO] - 
[2024-08-13 04:16:40,136][flwr][INFO] - [ROUND 10]
[2024-08-13 04:16:40,136][flwr][INFO] - configure_fit: strategy sampled 10 clients (out of 20)
[2024-08-13 04:16:43,099][flwr][INFO] - aggregate_fit: received 10 results and 0 failures
[2024-08-13 04:16:45,959][flwr][INFO] - fit progress: (10, 10.133134961128235, {'accuracy': 0.6490384615384616}, 66.45276775799721)
[2024-08-13 04:16:45,959][flwr][INFO] - configure_evaluate: strategy sampled 2 clients (out of 20)
[2024-08-13 04:16:46,287][flwr][INFO] - aggregate_evaluate: received 2 results and 0 failures
[2024-08-13 04:16:46,297][flwr][INFO] - 
[2024-08-13 04:16:46,297][flwr][INFO] - [SUMMARY]
[2024-08-13 04:16:46,297][flwr][INFO] - Run finished 10 round(s) in 66.78s
[2024-08-13 04:16:46,297][flwr][INFO] - 	History (loss, distributed):
[2024-08-13 04:16:46,297][flwr][INFO] - 		round 1: 1.2142975474848892
[2024-08-13 04:16:46,297][flwr][INFO] - 		round 2: 0.8735610544681549
[2024-08-13 04:16:46,297][flwr][INFO] - 		round 3: 0.40426399102851523
[2024-08-13 04:16:46,297][flwr][INFO] - 		round 4: 0.27644442915916445
[2024-08-13 04:16:46,297][flwr][INFO] - 		round 5: 0.28596832638695124
[2024-08-13 04:16:46,297][flwr][INFO] - 		round 6: 0.5934812009334565
[2024-08-13 04:16:46,297][flwr][INFO] - 		round 7: 0.40985431894659996
[2024-08-13 04:16:46,297][flwr][INFO] - 		round 8: 0.4062897175937504
[2024-08-13 04:16:46,297][flwr][INFO] - 		round 9: 0.712154196202755
[2024-08-13 04:16:46,297][flwr][INFO] - 		round 10: 0.8152045819718959
[2024-08-13 04:16:46,297][flwr][INFO] - 	History (loss, centralized):
[2024-08-13 04:16:46,297][flwr][INFO] - 		round 0: 64.48621416091919
[2024-08-13 04:16:46,297][flwr][INFO] - 		round 1: 16.620758831501007
[2024-08-13 04:16:46,297][flwr][INFO] - 		round 2: 8.776461601257324
[2024-08-13 04:16:46,297][flwr][INFO] - 		round 3: 12.263340651988983
[2024-08-13 04:16:46,297][flwr][INFO] - 		round 4: 8.05212515592575
[2024-08-13 04:16:46,297][flwr][INFO] - 		round 5: 9.995742738246918
[2024-08-13 04:16:46,297][flwr][INFO] - 		round 6: 10.920231580734253
[2024-08-13 04:16:46,297][flwr][INFO] - 		round 7: 9.175773203372955
[2024-08-13 04:16:46,297][flwr][INFO] - 		round 8: 6.991155177354813
[2024-08-13 04:16:46,297][flwr][INFO] - 		round 9: 7.641183495521545
[2024-08-13 04:16:46,298][flwr][INFO] - 		round 10: 10.133134961128235
[2024-08-13 04:16:46,298][flwr][INFO] - 	History (metrics, distributed, evaluate):
[2024-08-13 04:16:46,298][flwr][INFO] - 	{'accuracy': [(1, 0.6666666666666666),
[2024-08-13 04:16:46,298][flwr][INFO] - 	              (2, 0.45652173913043476),
[2024-08-13 04:16:46,298][flwr][INFO] - 	              (3, 0.8507462686567164),
[2024-08-13 04:16:46,298][flwr][INFO] - 	              (4, 0.9333333333333333),
[2024-08-13 04:16:46,298][flwr][INFO] - 	              (5, 0.8888888888888888),
[2024-08-13 04:16:46,298][flwr][INFO] - 	              (6, 0.6857142857142857),
[2024-08-13 04:16:46,298][flwr][INFO] - 	              (7, 0.8392857142857143),
[2024-08-13 04:16:46,298][flwr][INFO] - 	              (8, 0.8181818181818182),
[2024-08-13 04:16:46,298][flwr][INFO] - 	              (9, 0.6666666666666666),
[2024-08-13 04:16:46,298][flwr][INFO] - 	              (10, 0.8559322033898306)]}
[2024-08-13 04:16:46,298][flwr][INFO] - 	History (metrics, centralized):
[2024-08-13 04:16:46,298][flwr][INFO] - 	{'accuracy': [(0, 0.3766025641025641),
[2024-08-13 04:16:46,298][flwr][INFO] - 	              (1, 0.625),
[2024-08-13 04:16:46,298][flwr][INFO] - 	              (2, 0.6410256410256411),
[2024-08-13 04:16:46,298][flwr][INFO] - 	              (3, 0.6266025641025641),
[2024-08-13 04:16:46,298][flwr][INFO] - 	              (4, 0.6602564102564102),
[2024-08-13 04:16:46,298][flwr][INFO] - 	              (5, 0.6298076923076923),
[2024-08-13 04:16:46,298][flwr][INFO] - 	              (6, 0.6298076923076923),
[2024-08-13 04:16:46,298][flwr][INFO] - 	              (7, 0.6490384615384616),
[2024-08-13 04:16:46,298][flwr][INFO] - 	              (8, 0.7227564102564102),
[2024-08-13 04:16:46,298][flwr][INFO] - 	              (9, 0.7019230769230769),
[2024-08-13 04:16:46,298][flwr][INFO] - 	              (10, 0.6490384615384616)]}
[2024-08-13 04:16:46,298][flwr][INFO] - 
