[2024-10-11 02:51:06,624][flwr][INFO] - Starting Flower simulation, config: num_rounds=100, no round_timeout
[2024-10-11 02:51:09,826][flwr][INFO] - Flower VCE: Ray initialized with resources: {'memory': 168118208308.0, 'CPU': 256.0, 'node:__internal_head__': 1.0, 'GPU': 5.0, 'accelerator_type:G': 1.0, 'node:115.145.172.224': 1.0, 'object_store_memory': 76336374988.0}
[2024-10-11 02:51:09,827][flwr][INFO] - Optimize your simulation with Flower VCE: https://flower.ai/docs/framework/how-to-run-simulations.html
[2024-10-11 02:51:09,827][flwr][INFO] - Flower VCE: Resources for each Virtual Client: {'num_cpus': 64, 'num_gpus': 0.125}
[2024-10-11 02:51:09,843][flwr][INFO] - Flower VCE: Creating VirtualClientEngineActorPool with 4 actors
[2024-10-11 02:51:09,844][flwr][INFO] - [INIT]
[2024-10-11 02:51:09,844][flwr][INFO] - Requesting initial parameters from one random client
[2024-10-11 02:51:15,168][flwr][INFO] - Received initial parameters from one random client
[2024-10-11 02:51:15,168][flwr][INFO] - Evaluating initial global parameters
[2024-10-11 02:51:25,162][flwr][INFO] - initial parameters (loss, other metrics): 230.06273818016052, {'accuracy': 0.04793919906460099}
[2024-10-11 02:51:25,162][flwr][INFO] - 
[2024-10-11 02:51:25,162][flwr][INFO] - [ROUND 1]
[2024-10-11 02:51:25,163][flwr][INFO] - configure_fit: strategy sampled 5 clients (out of 50)
[2024-10-11 02:51:38,262][flwr][INFO] - aggregate_fit: received 5 results and 0 failures
[2024-10-11 02:51:39,059][flwr][WARNING] - No fit_metrics_aggregation_fn provided
[2024-10-11 02:51:47,729][flwr][INFO] - fit progress: (1, 220.38456058502197, {'accuracy': 0.18181818181818182}, 22.566466665826738)
[2024-10-11 02:51:47,729][flwr][INFO] - configure_evaluate: strategy sampled 2 clients (out of 50)
[2024-10-11 02:51:49,054][flwr][INFO] - aggregate_evaluate: received 2 results and 0 failures
[2024-10-11 02:51:49,054][flwr][INFO] - 
[2024-10-11 02:51:49,054][flwr][INFO] - [ROUND 2]
[2024-10-11 02:51:49,054][flwr][INFO] - configure_fit: strategy sampled 5 clients (out of 50)
[2024-10-11 02:52:00,039][flwr][INFO] - aggregate_fit: received 5 results and 0 failures
[2024-10-11 02:52:08,898][flwr][INFO] - fit progress: (2, 219.92665553092957, {'accuracy': 0.17246419175679625}, 43.735357731580734)
[2024-10-11 02:52:08,898][flwr][INFO] - configure_evaluate: strategy sampled 2 clients (out of 50)
[2024-10-11 02:52:10,223][flwr][INFO] - aggregate_evaluate: received 2 results and 0 failures
[2024-10-11 02:52:10,224][flwr][INFO] - 
[2024-10-11 02:52:10,224][flwr][INFO] - [ROUND 3]
[2024-10-11 02:52:10,224][flwr][INFO] - configure_fit: strategy sampled 5 clients (out of 50)
[2024-10-11 02:52:25,071][flwr][INFO] - aggregate_fit: received 5 results and 0 failures
[2024-10-11 02:52:34,430][flwr][INFO] - fit progress: (3, 218.2156401872635, {'accuracy': 0.1844489915229465}, 69.26804487407207)
[2024-10-11 02:52:34,431][flwr][INFO] - configure_evaluate: strategy sampled 2 clients (out of 50)
[2024-10-11 02:52:35,670][flwr][INFO] - aggregate_evaluate: received 2 results and 0 failures
[2024-10-11 02:52:35,671][flwr][INFO] - 
[2024-10-11 02:52:35,671][flwr][INFO] - [ROUND 4]
[2024-10-11 02:52:35,671][flwr][INFO] - configure_fit: strategy sampled 5 clients (out of 50)
[2024-10-11 02:52:55,152][flwr][INFO] - aggregate_fit: received 5 results and 0 failures
[2024-10-11 02:53:04,929][flwr][INFO] - fit progress: (4, 202.34016931056976, {'accuracy': 0.2572347266881029}, 99.76665956433862)
[2024-10-11 02:53:04,929][flwr][INFO] - configure_evaluate: strategy sampled 2 clients (out of 50)
[2024-10-11 02:53:06,139][flwr][INFO] - aggregate_evaluate: received 2 results and 0 failures
[2024-10-11 02:53:06,139][flwr][INFO] - 
[2024-10-11 02:53:06,139][flwr][INFO] - [ROUND 5]
[2024-10-11 02:53:06,140][flwr][INFO] - configure_fit: strategy sampled 5 clients (out of 50)
[2024-10-11 02:53:17,234][flwr][INFO] - aggregate_fit: received 5 results and 0 failures
[2024-10-11 02:53:26,269][flwr][INFO] - fit progress: (5, 203.22156357765198, {'accuracy': 0.3218357205495469}, 121.10711608547717)
[2024-10-11 02:53:26,270][flwr][INFO] - configure_evaluate: strategy sampled 2 clients (out of 50)
[2024-10-11 02:53:27,665][flwr][INFO] - aggregate_evaluate: received 2 results and 0 failures
[2024-10-11 02:53:27,666][flwr][INFO] - 
[2024-10-11 02:53:27,666][flwr][INFO] - [ROUND 6]
[2024-10-11 02:53:27,666][flwr][INFO] - configure_fit: strategy sampled 5 clients (out of 50)
[2024-10-11 02:53:42,745][flwr][INFO] - aggregate_fit: received 5 results and 0 failures
[2024-10-11 02:53:51,647][flwr][INFO] - fit progress: (6, 201.5226377248764, {'accuracy': 0.2712657117801812}, 146.484363601543)
[2024-10-11 02:53:51,647][flwr][INFO] - configure_evaluate: strategy sampled 2 clients (out of 50)
[2024-10-11 02:53:53,089][flwr][INFO] - aggregate_evaluate: received 2 results and 0 failures
[2024-10-11 02:53:53,090][flwr][INFO] - 
[2024-10-11 02:53:53,090][flwr][INFO] - [ROUND 7]
[2024-10-11 02:53:53,090][flwr][INFO] - configure_fit: strategy sampled 5 clients (out of 50)
[2024-10-11 02:54:01,413][flwr][INFO] - aggregate_fit: received 5 results and 0 failures
[2024-10-11 02:54:10,494][flwr][INFO] - fit progress: (7, 198.891188621521, {'accuracy': 0.368897983045893}, 165.3321199733764)
[2024-10-11 02:54:10,495][flwr][INFO] - configure_evaluate: strategy sampled 2 clients (out of 50)
[2024-10-11 02:54:11,892][flwr][INFO] - aggregate_evaluate: received 2 results and 0 failures
[2024-10-11 02:54:11,893][flwr][INFO] - 
[2024-10-11 02:54:11,893][flwr][INFO] - [ROUND 8]
[2024-10-11 02:54:11,893][flwr][INFO] - configure_fit: strategy sampled 5 clients (out of 50)
[2024-10-11 02:54:24,061][flwr][INFO] - aggregate_fit: received 5 results and 0 failures
[2024-10-11 02:54:33,642][flwr][INFO] - fit progress: (8, 191.84629452228546, {'accuracy': 0.4937152879275066}, 188.47936252877116)
[2024-10-11 02:54:33,649][flwr][INFO] - configure_evaluate: strategy sampled 2 clients (out of 50)
[2024-10-11 02:54:34,956][flwr][INFO] - aggregate_evaluate: received 2 results and 0 failures
[2024-10-11 02:54:34,956][flwr][INFO] - 
[2024-10-11 02:54:34,956][flwr][INFO] - [ROUND 9]
[2024-10-11 02:54:34,956][flwr][INFO] - configure_fit: strategy sampled 5 clients (out of 50)
[2024-10-11 02:54:51,947][flwr][INFO] - aggregate_fit: received 5 results and 0 failures
[2024-10-11 02:55:00,718][flwr][INFO] - fit progress: (9, 178.8393565416336, {'accuracy': 0.4615609470914937}, 215.55556141864508)
[2024-10-11 02:55:00,718][flwr][INFO] - configure_evaluate: strategy sampled 2 clients (out of 50)
[2024-10-11 02:55:02,227][flwr][INFO] - aggregate_evaluate: received 2 results and 0 failures
[2024-10-11 02:55:02,228][flwr][INFO] - 
[2024-10-11 02:55:02,228][flwr][INFO] - [ROUND 10]
[2024-10-11 02:55:02,228][flwr][INFO] - configure_fit: strategy sampled 5 clients (out of 50)
[2024-10-11 02:55:10,648][flwr][INFO] - aggregate_fit: received 5 results and 0 failures
[2024-10-11 02:55:19,471][flwr][INFO] - fit progress: (10, 164.15591382980347, {'accuracy': 0.47822274188833674}, 234.3084891848266)
[2024-10-11 02:55:19,471][flwr][INFO] - configure_evaluate: strategy sampled 2 clients (out of 50)
[2024-10-11 02:55:20,638][flwr][INFO] - aggregate_evaluate: received 2 results and 0 failures
[2024-10-11 02:55:20,639][flwr][INFO] - 
[2024-10-11 02:55:20,639][flwr][INFO] - [ROUND 11]
[2024-10-11 02:55:20,639][flwr][INFO] - configure_fit: strategy sampled 5 clients (out of 50)
[2024-10-11 02:55:29,357][flwr][INFO] - aggregate_fit: received 5 results and 0 failures
[2024-10-11 02:55:38,236][flwr][INFO] - fit progress: (11, 173.07337498664856, {'accuracy': 0.5507161648640748}, 253.07416464667767)
[2024-10-11 02:55:38,237][flwr][INFO] - configure_evaluate: strategy sampled 2 clients (out of 50)
[2024-10-11 02:55:39,578][flwr][INFO] - aggregate_evaluate: received 2 results and 0 failures
[2024-10-11 02:55:39,578][flwr][INFO] - 
[2024-10-11 02:55:39,578][flwr][INFO] - [ROUND 12]
[2024-10-11 02:55:39,579][flwr][INFO] - configure_fit: strategy sampled 5 clients (out of 50)
[2024-10-11 02:55:57,473][flwr][INFO] - aggregate_fit: received 5 results and 0 failures
[2024-10-11 02:56:06,647][flwr][INFO] - fit progress: (12, 157.88684833049774, {'accuracy': 0.5805320081847413}, 281.48480461072177)
[2024-10-11 02:56:06,647][flwr][INFO] - configure_evaluate: strategy sampled 2 clients (out of 50)
[2024-10-11 02:56:07,790][flwr][INFO] - aggregate_evaluate: received 2 results and 0 failures
[2024-10-11 02:56:07,790][flwr][INFO] - 
[2024-10-11 02:56:07,790][flwr][INFO] - [ROUND 13]
[2024-10-11 02:56:07,790][flwr][INFO] - configure_fit: strategy sampled 5 clients (out of 50)
[2024-10-11 02:56:18,249][flwr][INFO] - aggregate_fit: received 5 results and 0 failures
[2024-10-11 02:56:26,948][flwr][INFO] - fit progress: (13, 133.9335743188858, {'accuracy': 0.673194972230342}, 301.78583817370236)
[2024-10-11 02:56:26,949][flwr][INFO] - configure_evaluate: strategy sampled 2 clients (out of 50)
[2024-10-11 02:56:28,164][flwr][INFO] - aggregate_evaluate: received 2 results and 0 failures
[2024-10-11 02:56:28,164][flwr][INFO] - 
[2024-10-11 02:56:28,164][flwr][INFO] - [ROUND 14]
[2024-10-11 02:56:28,164][flwr][INFO] - configure_fit: strategy sampled 5 clients (out of 50)
[2024-10-11 02:56:45,343][flwr][INFO] - aggregate_fit: received 5 results and 0 failures
[2024-10-11 02:56:54,094][flwr][INFO] - fit progress: (14, 114.93448680639267, {'accuracy': 0.6688102893890675}, 328.9316298076883)
[2024-10-11 02:56:54,094][flwr][INFO] - configure_evaluate: strategy sampled 2 clients (out of 50)
[2024-10-11 02:56:55,246][flwr][INFO] - aggregate_evaluate: received 2 results and 0 failures
[2024-10-11 02:56:55,247][flwr][INFO] - 
[2024-10-11 02:56:55,247][flwr][INFO] - [ROUND 15]
[2024-10-11 02:56:55,247][flwr][INFO] - configure_fit: strategy sampled 5 clients (out of 50)
[2024-10-11 02:57:03,200][flwr][INFO] - aggregate_fit: received 5 results and 0 failures
[2024-10-11 02:57:11,980][flwr][INFO] - fit progress: (15, 126.59602481126785, {'accuracy': 0.6275942706810874}, 346.8178550712764)
[2024-10-11 02:57:11,981][flwr][INFO] - configure_evaluate: strategy sampled 2 clients (out of 50)
[2024-10-11 02:57:13,209][flwr][INFO] - aggregate_evaluate: received 2 results and 0 failures
[2024-10-11 02:57:13,210][flwr][INFO] - 
[2024-10-11 02:57:13,210][flwr][INFO] - [ROUND 16]
[2024-10-11 02:57:13,210][flwr][INFO] - configure_fit: strategy sampled 5 clients (out of 50)
[2024-10-11 02:57:24,348][flwr][INFO] - aggregate_fit: received 5 results and 0 failures
[2024-10-11 02:57:34,070][flwr][INFO] - fit progress: (16, 109.99851506948471, {'accuracy': 0.7296112247880736}, 368.9074764540419)
[2024-10-11 02:57:34,070][flwr][INFO] - configure_evaluate: strategy sampled 2 clients (out of 50)
[2024-10-11 02:57:35,307][flwr][INFO] - aggregate_evaluate: received 2 results and 0 failures
[2024-10-11 02:57:35,307][flwr][INFO] - 
[2024-10-11 02:57:35,307][flwr][INFO] - [ROUND 17]
[2024-10-11 02:57:35,307][flwr][INFO] - configure_fit: strategy sampled 5 clients (out of 50)
[2024-10-11 02:57:50,378][flwr][INFO] - aggregate_fit: received 5 results and 0 failures
[2024-10-11 02:57:59,148][flwr][INFO] - fit progress: (17, 192.15470612049103, {'accuracy': 0.32008184741303713}, 393.9852981036529)
[2024-10-11 02:57:59,148][flwr][INFO] - configure_evaluate: strategy sampled 2 clients (out of 50)
[2024-10-11 02:58:00,385][flwr][INFO] - aggregate_evaluate: received 2 results and 0 failures
[2024-10-11 02:58:00,385][flwr][INFO] - 
[2024-10-11 02:58:00,385][flwr][INFO] - [ROUND 18]
[2024-10-11 02:58:00,386][flwr][INFO] - configure_fit: strategy sampled 5 clients (out of 50)
[2024-10-11 02:58:12,644][flwr][INFO] - aggregate_fit: received 5 results and 0 failures
[2024-10-11 02:58:22,035][flwr][INFO] - fit progress: (18, 129.05320274829865, {'accuracy': 0.6454253142356037}, 416.87312112376094)
[2024-10-11 02:58:22,036][flwr][INFO] - configure_evaluate: strategy sampled 2 clients (out of 50)
[2024-10-11 02:58:23,281][flwr][INFO] - aggregate_evaluate: received 2 results and 0 failures
[2024-10-11 02:58:23,281][flwr][INFO] - 
[2024-10-11 02:58:23,281][flwr][INFO] - [ROUND 19]
[2024-10-11 02:58:23,281][flwr][INFO] - configure_fit: strategy sampled 5 clients (out of 50)
[2024-10-11 02:58:32,767][flwr][INFO] - aggregate_fit: received 5 results and 0 failures
[2024-10-11 02:58:41,463][flwr][INFO] - fit progress: (19, 104.81578952074051, {'accuracy': 0.7129494299912307}, 436.30046723783016)
[2024-10-11 02:58:41,463][flwr][INFO] - configure_evaluate: strategy sampled 2 clients (out of 50)
[2024-10-11 02:58:42,507][flwr][INFO] - aggregate_evaluate: received 2 results and 0 failures
[2024-10-11 02:58:42,507][flwr][INFO] - 
[2024-10-11 02:58:42,508][flwr][INFO] - [ROUND 20]
[2024-10-11 02:58:42,508][flwr][INFO] - configure_fit: strategy sampled 5 clients (out of 50)
[2024-10-11 02:58:51,899][flwr][INFO] - aggregate_fit: received 5 results and 0 failures
[2024-10-11 02:59:00,662][flwr][INFO] - fit progress: (20, 104.22783935070038, {'accuracy': 0.7000876936568254}, 455.4994863662869)
[2024-10-11 02:59:00,662][flwr][INFO] - configure_evaluate: strategy sampled 2 clients (out of 50)
[2024-10-11 02:59:02,342][flwr][INFO] - aggregate_evaluate: received 2 results and 0 failures
[2024-10-11 02:59:02,343][flwr][INFO] - 
[2024-10-11 02:59:02,343][flwr][INFO] - [ROUND 21]
[2024-10-11 02:59:02,343][flwr][INFO] - configure_fit: strategy sampled 5 clients (out of 50)
[2024-10-11 02:59:18,645][flwr][INFO] - aggregate_fit: received 5 results and 0 failures
[2024-10-11 02:59:27,486][flwr][INFO] - fit progress: (21, 102.76687973737717, {'accuracy': 0.7237649809997077}, 482.32424079533666)
[2024-10-11 02:59:27,487][flwr][INFO] - configure_evaluate: strategy sampled 2 clients (out of 50)
[2024-10-11 02:59:28,747][flwr][INFO] - aggregate_evaluate: received 2 results and 0 failures
[2024-10-11 02:59:28,747][flwr][INFO] - 
[2024-10-11 02:59:28,747][flwr][INFO] - [ROUND 22]
[2024-10-11 02:59:28,748][flwr][INFO] - configure_fit: strategy sampled 5 clients (out of 50)
[2024-10-11 02:59:36,587][flwr][INFO] - aggregate_fit: received 5 results and 0 failures
[2024-10-11 02:59:45,446][flwr][INFO] - fit progress: (22, 119.6125391125679, {'accuracy': 0.689856767027185}, 500.28334003686905)
[2024-10-11 02:59:45,446][flwr][INFO] - configure_evaluate: strategy sampled 2 clients (out of 50)
[2024-10-11 02:59:46,715][flwr][INFO] - aggregate_evaluate: received 2 results and 0 failures
[2024-10-11 02:59:46,715][flwr][INFO] - 
[2024-10-11 02:59:46,715][flwr][INFO] - [ROUND 23]
[2024-10-11 02:59:46,716][flwr][INFO] - configure_fit: strategy sampled 5 clients (out of 50)
[2024-10-11 03:00:00,315][flwr][INFO] - aggregate_fit: received 5 results and 0 failures
[2024-10-11 03:00:09,004][flwr][INFO] - fit progress: (23, 139.32302701473236, {'accuracy': 0.6726103478515054}, 523.8413199521601)
[2024-10-11 03:00:09,004][flwr][INFO] - configure_evaluate: strategy sampled 2 clients (out of 50)
[2024-10-11 03:00:10,158][flwr][INFO] - aggregate_evaluate: received 2 results and 0 failures
[2024-10-11 03:00:10,159][flwr][INFO] - 
[2024-10-11 03:00:10,159][flwr][INFO] - [ROUND 24]
[2024-10-11 03:00:10,159][flwr][INFO] - configure_fit: strategy sampled 5 clients (out of 50)
[2024-10-11 03:00:20,286][flwr][INFO] - aggregate_fit: received 5 results and 0 failures
[2024-10-11 03:00:29,232][flwr][INFO] - fit progress: (24, 123.76457422971725, {'accuracy': 0.681964337912891}, 544.0693941991776)
[2024-10-11 03:00:29,232][flwr][INFO] - configure_evaluate: strategy sampled 2 clients (out of 50)
[2024-10-11 03:00:30,594][flwr][INFO] - aggregate_evaluate: received 2 results and 0 failures
[2024-10-11 03:00:30,594][flwr][INFO] - 
[2024-10-11 03:00:30,594][flwr][INFO] - [ROUND 25]
[2024-10-11 03:00:30,595][flwr][INFO] - configure_fit: strategy sampled 5 clients (out of 50)
[2024-10-11 03:00:41,524][flwr][INFO] - aggregate_fit: received 5 results and 0 failures
[2024-10-11 03:00:50,351][flwr][INFO] - fit progress: (25, 88.72017708420753, {'accuracy': 0.7579655071616487}, 565.1887037111446)
[2024-10-11 03:00:50,351][flwr][INFO] - configure_evaluate: strategy sampled 2 clients (out of 50)
[2024-10-11 03:00:51,616][flwr][INFO] - aggregate_evaluate: received 2 results and 0 failures
[2024-10-11 03:00:51,616][flwr][INFO] - 
[2024-10-11 03:00:51,616][flwr][INFO] - [ROUND 26]
[2024-10-11 03:00:51,616][flwr][INFO] - configure_fit: strategy sampled 5 clients (out of 50)
[2024-10-11 03:01:00,478][flwr][INFO] - aggregate_fit: received 5 results and 0 failures
[2024-10-11 03:01:09,238][flwr][INFO] - fit progress: (26, 134.03556895256042, {'accuracy': 0.6319789535223619}, 584.0760910362005)
[2024-10-11 03:01:09,239][flwr][INFO] - configure_evaluate: strategy sampled 2 clients (out of 50)
[2024-10-11 03:01:10,543][flwr][INFO] - aggregate_evaluate: received 2 results and 0 failures
[2024-10-11 03:01:10,544][flwr][INFO] - 
[2024-10-11 03:01:10,544][flwr][INFO] - [ROUND 27]
[2024-10-11 03:01:10,544][flwr][INFO] - configure_fit: strategy sampled 5 clients (out of 50)
[2024-10-11 03:01:26,755][flwr][INFO] - aggregate_fit: received 5 results and 0 failures
[2024-10-11 03:01:35,705][flwr][INFO] - fit progress: (27, 94.12243765592575, {'accuracy': 0.7310727857351652}, 610.5430538514629)
[2024-10-11 03:01:35,706][flwr][INFO] - configure_evaluate: strategy sampled 2 clients (out of 50)
[2024-10-11 03:01:37,175][flwr][INFO] - aggregate_evaluate: received 2 results and 0 failures
[2024-10-11 03:01:37,175][flwr][INFO] - 
[2024-10-11 03:01:37,175][flwr][INFO] - [ROUND 28]
[2024-10-11 03:01:37,176][flwr][INFO] - configure_fit: strategy sampled 5 clients (out of 50)
[2024-10-11 03:01:50,587][flwr][INFO] - aggregate_fit: received 5 results and 0 failures
[2024-10-11 03:01:59,278][flwr][INFO] - fit progress: (28, 128.38810992240906, {'accuracy': 0.6065477930429699}, 634.1158162383363)
[2024-10-11 03:01:59,279][flwr][INFO] - configure_evaluate: strategy sampled 2 clients (out of 50)
[2024-10-11 03:02:00,780][flwr][INFO] - aggregate_evaluate: received 2 results and 0 failures
[2024-10-11 03:02:00,780][flwr][INFO] - 
[2024-10-11 03:02:00,780][flwr][INFO] - [ROUND 29]
[2024-10-11 03:02:00,780][flwr][INFO] - configure_fit: strategy sampled 5 clients (out of 50)
[2024-10-11 03:02:09,023][flwr][INFO] - aggregate_fit: received 5 results and 0 failures
[2024-10-11 03:02:17,805][flwr][INFO] - fit progress: (29, 187.21328628063202, {'accuracy': 0.3767904121601871}, 652.6430253339931)
[2024-10-11 03:02:17,806][flwr][INFO] - configure_evaluate: strategy sampled 2 clients (out of 50)
[2024-10-11 03:02:19,061][flwr][INFO] - aggregate_evaluate: received 2 results and 0 failures
[2024-10-11 03:02:19,061][flwr][INFO] - 
[2024-10-11 03:02:19,061][flwr][INFO] - [ROUND 30]
[2024-10-11 03:02:19,061][flwr][INFO] - configure_fit: strategy sampled 5 clients (out of 50)
[2024-10-11 03:02:26,998][flwr][INFO] - aggregate_fit: received 5 results and 0 failures
[2024-10-11 03:02:35,666][flwr][INFO] - fit progress: (30, 165.31351947784424, {'accuracy': 0.5223618824904999}, 670.5040597263724)
[2024-10-11 03:02:35,667][flwr][INFO] - configure_evaluate: strategy sampled 2 clients (out of 50)
[2024-10-11 03:02:37,112][flwr][INFO] - aggregate_evaluate: received 2 results and 0 failures
[2024-10-11 03:02:37,113][flwr][INFO] - 
[2024-10-11 03:02:37,113][flwr][INFO] - [ROUND 31]
[2024-10-11 03:02:37,113][flwr][INFO] - configure_fit: strategy sampled 5 clients (out of 50)
[2024-10-11 03:02:54,009][flwr][INFO] - aggregate_fit: received 5 results and 0 failures
[2024-10-11 03:03:02,752][flwr][INFO] - fit progress: (31, 86.20721480250359, {'accuracy': 0.7728734288219818}, 697.5901385275647)
[2024-10-11 03:03:02,753][flwr][INFO] - configure_evaluate: strategy sampled 2 clients (out of 50)
[2024-10-11 03:03:04,347][flwr][INFO] - aggregate_evaluate: received 2 results and 0 failures
[2024-10-11 03:03:04,347][flwr][INFO] - 
[2024-10-11 03:03:04,347][flwr][INFO] - [ROUND 32]
[2024-10-11 03:03:04,347][flwr][INFO] - configure_fit: strategy sampled 5 clients (out of 50)
[2024-10-11 03:03:21,244][flwr][INFO] - aggregate_fit: received 5 results and 0 failures
[2024-10-11 03:03:30,905][flwr][INFO] - fit progress: (32, 97.38915801048279, {'accuracy': 0.7056416252557731}, 725.7424136633053)
[2024-10-11 03:03:30,905][flwr][INFO] - configure_evaluate: strategy sampled 2 clients (out of 50)
[2024-10-11 03:03:32,556][flwr][INFO] - aggregate_evaluate: received 2 results and 0 failures
[2024-10-11 03:03:32,557][flwr][INFO] - 
[2024-10-11 03:03:32,557][flwr][INFO] - [ROUND 33]
[2024-10-11 03:03:32,557][flwr][INFO] - configure_fit: strategy sampled 5 clients (out of 50)
[2024-10-11 03:03:46,717][flwr][INFO] - aggregate_fit: received 5 results and 0 failures
[2024-10-11 03:03:55,478][flwr][INFO] - fit progress: (33, 139.7582038640976, {'accuracy': 0.6144402221572639}, 750.3158477824181)
[2024-10-11 03:03:55,479][flwr][INFO] - configure_evaluate: strategy sampled 2 clients (out of 50)
[2024-10-11 03:03:56,846][flwr][INFO] - aggregate_evaluate: received 2 results and 0 failures
[2024-10-11 03:03:56,846][flwr][INFO] - 
[2024-10-11 03:03:56,846][flwr][INFO] - [ROUND 34]
[2024-10-11 03:03:56,846][flwr][INFO] - configure_fit: strategy sampled 5 clients (out of 50)
[2024-10-11 03:04:13,156][flwr][INFO] - aggregate_fit: received 5 results and 0 failures
[2024-10-11 03:04:21,899][flwr][INFO] - fit progress: (34, 100.3399121761322, {'accuracy': 0.6904413914060217}, 776.7365808775648)
[2024-10-11 03:04:21,899][flwr][INFO] - configure_evaluate: strategy sampled 2 clients (out of 50)
[2024-10-11 03:04:23,569][flwr][INFO] - aggregate_evaluate: received 2 results and 0 failures
[2024-10-11 03:04:23,569][flwr][INFO] - 
[2024-10-11 03:04:23,569][flwr][INFO] - [ROUND 35]
[2024-10-11 03:04:23,569][flwr][INFO] - configure_fit: strategy sampled 5 clients (out of 50)
[2024-10-11 03:04:32,310][flwr][INFO] - aggregate_fit: received 5 results and 0 failures
[2024-10-11 03:04:41,095][flwr][INFO] - fit progress: (35, 125.4075545668602, {'accuracy': 0.6749488453668518}, 795.932554342784)
[2024-10-11 03:04:41,095][flwr][INFO] - configure_evaluate: strategy sampled 2 clients (out of 50)
[2024-10-11 03:04:42,266][flwr][INFO] - aggregate_evaluate: received 2 results and 0 failures
[2024-10-11 03:04:42,266][flwr][INFO] - 
[2024-10-11 03:04:42,266][flwr][INFO] - [ROUND 36]
[2024-10-11 03:04:42,266][flwr][INFO] - configure_fit: strategy sampled 5 clients (out of 50)
[2024-10-11 03:04:55,397][flwr][INFO] - aggregate_fit: received 5 results and 0 failures
[2024-10-11 03:05:04,057][flwr][INFO] - fit progress: (36, 78.11939111351967, {'accuracy': 0.7909967845659164}, 818.8948892271146)
[2024-10-11 03:05:04,058][flwr][INFO] - configure_evaluate: strategy sampled 2 clients (out of 50)
[2024-10-11 03:05:05,299][flwr][INFO] - aggregate_evaluate: received 2 results and 0 failures
[2024-10-11 03:05:05,299][flwr][INFO] - 
[2024-10-11 03:05:05,300][flwr][INFO] - [ROUND 37]
[2024-10-11 03:05:05,300][flwr][INFO] - configure_fit: strategy sampled 5 clients (out of 50)
[2024-10-11 03:05:19,920][flwr][INFO] - aggregate_fit: received 5 results and 0 failures
[2024-10-11 03:05:28,685][flwr][INFO] - fit progress: (37, 70.54526916146278, {'accuracy': 0.808243203741596}, 843.5229742713273)
[2024-10-11 03:05:28,686][flwr][INFO] - configure_evaluate: strategy sampled 2 clients (out of 50)
[2024-10-11 03:05:30,023][flwr][INFO] - aggregate_evaluate: received 2 results and 0 failures
[2024-10-11 03:05:30,024][flwr][INFO] - 
[2024-10-11 03:05:30,024][flwr][INFO] - [ROUND 38]
[2024-10-11 03:05:30,024][flwr][INFO] - configure_fit: strategy sampled 5 clients (out of 50)
[2024-10-11 03:05:43,653][flwr][INFO] - aggregate_fit: received 5 results and 0 failures
[2024-10-11 03:05:52,454][flwr][INFO] - fit progress: (38, 89.02843523025513, {'accuracy': 0.7877813504823151}, 867.2920819660649)
[2024-10-11 03:05:52,455][flwr][INFO] - configure_evaluate: strategy sampled 2 clients (out of 50)
[2024-10-11 03:05:53,728][flwr][INFO] - aggregate_evaluate: received 2 results and 0 failures
[2024-10-11 03:05:53,728][flwr][INFO] - 
[2024-10-11 03:05:53,728][flwr][INFO] - [ROUND 39]
[2024-10-11 03:05:53,728][flwr][INFO] - configure_fit: strategy sampled 5 clients (out of 50)
[2024-10-11 03:06:10,672][flwr][INFO] - aggregate_fit: received 5 results and 0 failures
[2024-10-11 03:06:19,317][flwr][INFO] - fit progress: (39, 135.76431000232697, {'accuracy': 0.6980415083308974}, 894.1544456221163)
[2024-10-11 03:06:19,317][flwr][INFO] - configure_evaluate: strategy sampled 2 clients (out of 50)
[2024-10-11 03:06:20,426][flwr][INFO] - aggregate_evaluate: received 2 results and 0 failures
[2024-10-11 03:06:20,426][flwr][INFO] - 
[2024-10-11 03:06:20,426][flwr][INFO] - [ROUND 40]
[2024-10-11 03:06:20,426][flwr][INFO] - configure_fit: strategy sampled 5 clients (out of 50)
[2024-10-11 03:06:27,514][flwr][INFO] - aggregate_fit: received 5 results and 0 failures
[2024-10-11 03:06:36,200][flwr][INFO] - fit progress: (40, 78.77892789244652, {'accuracy': 0.7991815258696288}, 911.0379209592938)
[2024-10-11 03:06:36,200][flwr][INFO] - configure_evaluate: strategy sampled 2 clients (out of 50)
[2024-10-11 03:06:37,317][flwr][INFO] - aggregate_evaluate: received 2 results and 0 failures
[2024-10-11 03:06:37,317][flwr][INFO] - 
[2024-10-11 03:06:37,317][flwr][INFO] - [ROUND 41]
[2024-10-11 03:06:37,318][flwr][INFO] - configure_fit: strategy sampled 5 clients (out of 50)
[2024-10-11 03:06:48,774][flwr][INFO] - aggregate_fit: received 5 results and 0 failures
[2024-10-11 03:06:57,428][flwr][INFO] - fit progress: (41, 82.00714862346649, {'accuracy': 0.7643963753288512}, 932.2659385697916)
[2024-10-11 03:06:57,428][flwr][INFO] - configure_evaluate: strategy sampled 2 clients (out of 50)
[2024-10-11 03:06:58,595][flwr][INFO] - aggregate_evaluate: received 2 results and 0 failures
[2024-10-11 03:06:58,596][flwr][INFO] - 
[2024-10-11 03:06:58,596][flwr][INFO] - [ROUND 42]
[2024-10-11 03:06:58,596][flwr][INFO] - configure_fit: strategy sampled 5 clients (out of 50)
[2024-10-11 03:07:09,309][flwr][INFO] - aggregate_fit: received 5 results and 0 failures
[2024-10-11 03:07:17,937][flwr][INFO] - fit progress: (42, 98.12655925750732, {'accuracy': 0.7360420929552762}, 952.774325071834)
[2024-10-11 03:07:17,937][flwr][INFO] - configure_evaluate: strategy sampled 2 clients (out of 50)
[2024-10-11 03:07:19,263][flwr][INFO] - aggregate_evaluate: received 2 results and 0 failures
[2024-10-11 03:07:19,263][flwr][INFO] - 
[2024-10-11 03:07:19,263][flwr][INFO] - [ROUND 43]
[2024-10-11 03:07:19,263][flwr][INFO] - configure_fit: strategy sampled 5 clients (out of 50)
[2024-10-11 03:07:25,891][flwr][INFO] - aggregate_fit: received 5 results and 0 failures
[2024-10-11 03:07:34,589][flwr][INFO] - fit progress: (43, 135.33724772930145, {'accuracy': 0.6407483192049108}, 969.4269683482125)
[2024-10-11 03:07:34,590][flwr][INFO] - configure_evaluate: strategy sampled 2 clients (out of 50)
[2024-10-11 03:07:35,844][flwr][INFO] - aggregate_evaluate: received 2 results and 0 failures
[2024-10-11 03:07:35,844][flwr][INFO] - 
[2024-10-11 03:07:35,844][flwr][INFO] - [ROUND 44]
[2024-10-11 03:07:35,844][flwr][INFO] - configure_fit: strategy sampled 5 clients (out of 50)
[2024-10-11 03:07:44,629][flwr][INFO] - aggregate_fit: received 5 results and 0 failures
[2024-10-11 03:07:53,309][flwr][INFO] - fit progress: (44, 83.36723020672798, {'accuracy': 0.7503653902367728}, 988.1465429170057)
[2024-10-11 03:07:53,309][flwr][INFO] - configure_evaluate: strategy sampled 2 clients (out of 50)
[2024-10-11 03:07:54,624][flwr][INFO] - aggregate_evaluate: received 2 results and 0 failures
[2024-10-11 03:07:54,625][flwr][INFO] - 
[2024-10-11 03:07:54,625][flwr][INFO] - [ROUND 45]
[2024-10-11 03:07:54,625][flwr][INFO] - configure_fit: strategy sampled 5 clients (out of 50)
[2024-10-11 03:08:13,572][flwr][INFO] - aggregate_fit: received 5 results and 0 failures
[2024-10-11 03:08:22,315][flwr][INFO] - fit progress: (45, 163.9839220046997, {'accuracy': 0.43437591347559196}, 1017.1532402699813)
[2024-10-11 03:08:22,316][flwr][INFO] - configure_evaluate: strategy sampled 2 clients (out of 50)
[2024-10-11 03:08:23,637][flwr][INFO] - aggregate_evaluate: received 2 results and 0 failures
[2024-10-11 03:08:23,637][flwr][INFO] - 
[2024-10-11 03:08:23,637][flwr][INFO] - [ROUND 46]
[2024-10-11 03:08:23,637][flwr][INFO] - configure_fit: strategy sampled 5 clients (out of 50)
[2024-10-11 03:08:40,238][flwr][INFO] - aggregate_fit: received 5 results and 0 failures
[2024-10-11 03:08:48,966][flwr][INFO] - fit progress: (46, 108.29636079072952, {'accuracy': 0.7375036539023677}, 1043.8034207765013)
[2024-10-11 03:08:48,966][flwr][INFO] - configure_evaluate: strategy sampled 2 clients (out of 50)
[2024-10-11 03:08:50,434][flwr][INFO] - aggregate_evaluate: received 2 results and 0 failures
[2024-10-11 03:08:50,434][flwr][INFO] - 
[2024-10-11 03:08:50,434][flwr][INFO] - [ROUND 47]
[2024-10-11 03:08:50,434][flwr][INFO] - configure_fit: strategy sampled 5 clients (out of 50)
[2024-10-11 03:08:59,804][flwr][INFO] - aggregate_fit: received 5 results and 0 failures
[2024-10-11 03:09:08,699][flwr][INFO] - fit progress: (47, 66.37761569023132, {'accuracy': 0.7959660917860275}, 1063.5369458803907)
[2024-10-11 03:09:08,700][flwr][INFO] - configure_evaluate: strategy sampled 2 clients (out of 50)
[2024-10-11 03:09:10,195][flwr][INFO] - aggregate_evaluate: received 2 results and 0 failures
[2024-10-11 03:09:10,195][flwr][INFO] - 
[2024-10-11 03:09:10,195][flwr][INFO] - [ROUND 48]
[2024-10-11 03:09:10,195][flwr][INFO] - configure_fit: strategy sampled 5 clients (out of 50)
[2024-10-11 03:09:28,226][flwr][INFO] - aggregate_fit: received 5 results and 0 failures
[2024-10-11 03:09:37,114][flwr][INFO] - fit progress: (48, 85.38819760084152, {'accuracy': 0.785735165156387}, 1091.9520116262138)
[2024-10-11 03:09:37,115][flwr][INFO] - configure_evaluate: strategy sampled 2 clients (out of 50)
[2024-10-11 03:09:38,428][flwr][INFO] - aggregate_evaluate: received 2 results and 0 failures
[2024-10-11 03:09:38,428][flwr][INFO] - 
[2024-10-11 03:09:38,428][flwr][INFO] - [ROUND 49]
[2024-10-11 03:09:38,428][flwr][INFO] - configure_fit: strategy sampled 5 clients (out of 50)
[2024-10-11 03:09:50,595][flwr][INFO] - aggregate_fit: received 5 results and 0 failures
[2024-10-11 03:09:59,650][flwr][INFO] - fit progress: (49, 58.63263092935085, {'accuracy': 0.8254896229172757}, 1114.487968868576)
[2024-10-11 03:09:59,651][flwr][INFO] - configure_evaluate: strategy sampled 2 clients (out of 50)
[2024-10-11 03:10:01,069][flwr][INFO] - aggregate_evaluate: received 2 results and 0 failures
[2024-10-11 03:10:01,070][flwr][INFO] - 
[2024-10-11 03:10:01,070][flwr][INFO] - [ROUND 50]
[2024-10-11 03:10:01,070][flwr][INFO] - configure_fit: strategy sampled 5 clients (out of 50)
[2024-10-11 03:10:09,802][flwr][INFO] - aggregate_fit: received 5 results and 0 failures
[2024-10-11 03:10:18,673][flwr][INFO] - fit progress: (50, 87.13190764188766, {'accuracy': 0.7737503653902368}, 1133.5110228750855)
[2024-10-11 03:10:18,674][flwr][INFO] - configure_evaluate: strategy sampled 2 clients (out of 50)
[2024-10-11 03:10:19,965][flwr][INFO] - aggregate_evaluate: received 2 results and 0 failures
[2024-10-11 03:10:19,966][flwr][INFO] - 
[2024-10-11 03:10:19,966][flwr][INFO] - [ROUND 51]
[2024-10-11 03:10:19,966][flwr][INFO] - configure_fit: strategy sampled 5 clients (out of 50)
[2024-10-11 03:10:36,441][flwr][INFO] - aggregate_fit: received 5 results and 0 failures
[2024-10-11 03:10:45,247][flwr][INFO] - fit progress: (51, 75.25967299938202, {'accuracy': 0.822858813212511}, 1160.0846736757085)
[2024-10-11 03:10:45,247][flwr][INFO] - configure_evaluate: strategy sampled 2 clients (out of 50)
[2024-10-11 03:10:46,683][flwr][INFO] - aggregate_evaluate: received 2 results and 0 failures
[2024-10-11 03:10:46,683][flwr][INFO] - 
[2024-10-11 03:10:46,683][flwr][INFO] - [ROUND 52]
[2024-10-11 03:10:46,683][flwr][INFO] - configure_fit: strategy sampled 5 clients (out of 50)
[2024-10-11 03:11:04,128][flwr][INFO] - aggregate_fit: received 5 results and 0 failures
[2024-10-11 03:11:12,918][flwr][INFO] - fit progress: (52, 59.40165726840496, {'accuracy': 0.8529669687225957}, 1187.7556821610779)
[2024-10-11 03:11:12,918][flwr][INFO] - configure_evaluate: strategy sampled 2 clients (out of 50)
[2024-10-11 03:11:14,046][flwr][INFO] - aggregate_evaluate: received 2 results and 0 failures
[2024-10-11 03:11:14,046][flwr][INFO] - 
[2024-10-11 03:11:14,046][flwr][INFO] - [ROUND 53]
[2024-10-11 03:11:14,046][flwr][INFO] - configure_fit: strategy sampled 5 clients (out of 50)
[2024-10-11 03:11:23,975][flwr][INFO] - aggregate_fit: received 5 results and 0 failures
[2024-10-11 03:11:33,192][flwr][INFO] - fit progress: (53, 86.01267802715302, {'accuracy': 0.7731657410114001}, 1208.029496686533)
[2024-10-11 03:11:33,192][flwr][INFO] - configure_evaluate: strategy sampled 2 clients (out of 50)
[2024-10-11 03:11:34,414][flwr][INFO] - aggregate_evaluate: received 2 results and 0 failures
[2024-10-11 03:11:34,414][flwr][INFO] - 
[2024-10-11 03:11:34,414][flwr][INFO] - [ROUND 54]
[2024-10-11 03:11:34,414][flwr][INFO] - configure_fit: strategy sampled 5 clients (out of 50)
[2024-10-11 03:11:48,902][flwr][INFO] - aggregate_fit: received 5 results and 0 failures
[2024-10-11 03:11:58,474][flwr][INFO] - fit progress: (54, 58.85762777924538, {'accuracy': 0.8477053493130664}, 1233.311648500152)
[2024-10-11 03:11:58,474][flwr][INFO] - configure_evaluate: strategy sampled 2 clients (out of 50)
[2024-10-11 03:11:59,663][flwr][INFO] - aggregate_evaluate: received 2 results and 0 failures
[2024-10-11 03:11:59,663][flwr][INFO] - 
[2024-10-11 03:11:59,663][flwr][INFO] - [ROUND 55]
[2024-10-11 03:11:59,663][flwr][INFO] - configure_fit: strategy sampled 5 clients (out of 50)
[2024-10-11 03:12:10,623][flwr][INFO] - aggregate_fit: received 5 results and 0 failures
[2024-10-11 03:12:20,312][flwr][INFO] - fit progress: (55, 128.41445988416672, {'accuracy': 0.6977491961414791}, 1255.1500798193738)
[2024-10-11 03:12:20,313][flwr][INFO] - configure_evaluate: strategy sampled 2 clients (out of 50)
[2024-10-11 03:12:21,624][flwr][INFO] - aggregate_evaluate: received 2 results and 0 failures
[2024-10-11 03:12:21,625][flwr][INFO] - 
[2024-10-11 03:12:21,625][flwr][INFO] - [ROUND 56]
[2024-10-11 03:12:21,625][flwr][INFO] - configure_fit: strategy sampled 5 clients (out of 50)
[2024-10-11 03:12:31,447][flwr][INFO] - aggregate_fit: received 5 results and 0 failures
[2024-10-11 03:12:40,069][flwr][INFO] - fit progress: (56, 60.43502748012543, {'accuracy': 0.8336743642209881}, 1274.906696997583)
[2024-10-11 03:12:40,069][flwr][INFO] - configure_evaluate: strategy sampled 2 clients (out of 50)
[2024-10-11 03:12:41,228][flwr][INFO] - aggregate_evaluate: received 2 results and 0 failures
[2024-10-11 03:12:41,228][flwr][INFO] - 
[2024-10-11 03:12:41,228][flwr][INFO] - [ROUND 57]
[2024-10-11 03:12:41,228][flwr][INFO] - configure_fit: strategy sampled 5 clients (out of 50)
[2024-10-11 03:12:56,037][flwr][INFO] - aggregate_fit: received 5 results and 0 failures
[2024-10-11 03:13:05,296][flwr][INFO] - fit progress: (57, 51.8373404443264, {'accuracy': 0.8459514761765565}, 1300.1337371123955)
[2024-10-11 03:13:05,296][flwr][INFO] - configure_evaluate: strategy sampled 2 clients (out of 50)
[2024-10-11 03:13:06,485][flwr][INFO] - aggregate_evaluate: received 2 results and 0 failures
[2024-10-11 03:13:06,486][flwr][INFO] - 
[2024-10-11 03:13:06,486][flwr][INFO] - [ROUND 58]
[2024-10-11 03:13:06,486][flwr][INFO] - configure_fit: strategy sampled 5 clients (out of 50)
[2024-10-11 03:13:19,440][flwr][INFO] - aggregate_fit: received 5 results and 0 failures
[2024-10-11 03:13:28,354][flwr][INFO] - fit progress: (58, 94.32802879810333, {'accuracy': 0.7585501315404852}, 1323.1920860810205)
[2024-10-11 03:13:28,355][flwr][INFO] - configure_evaluate: strategy sampled 2 clients (out of 50)
[2024-10-11 03:13:29,460][flwr][INFO] - aggregate_evaluate: received 2 results and 0 failures
[2024-10-11 03:13:29,460][flwr][INFO] - 
[2024-10-11 03:13:29,460][flwr][INFO] - [ROUND 59]
[2024-10-11 03:13:29,460][flwr][INFO] - configure_fit: strategy sampled 5 clients (out of 50)
[2024-10-11 03:13:41,865][flwr][INFO] - aggregate_fit: received 5 results and 0 failures
[2024-10-11 03:13:50,565][flwr][INFO] - fit progress: (59, 134.13443529605865, {'accuracy': 0.6676410406313943}, 1345.4024056401104)
[2024-10-11 03:13:50,565][flwr][INFO] - configure_evaluate: strategy sampled 2 clients (out of 50)
[2024-10-11 03:13:51,849][flwr][INFO] - aggregate_evaluate: received 2 results and 0 failures
[2024-10-11 03:13:51,849][flwr][INFO] - 
[2024-10-11 03:13:51,850][flwr][INFO] - [ROUND 60]
[2024-10-11 03:13:51,850][flwr][INFO] - configure_fit: strategy sampled 5 clients (out of 50)
[2024-10-11 03:14:03,052][flwr][INFO] - aggregate_fit: received 5 results and 0 failures
[2024-10-11 03:14:11,753][flwr][INFO] - fit progress: (60, 80.41277649998665, {'accuracy': 0.785735165156387}, 1366.5905075017363)
[2024-10-11 03:14:11,753][flwr][INFO] - configure_evaluate: strategy sampled 2 clients (out of 50)
[2024-10-11 03:14:13,486][flwr][INFO] - aggregate_evaluate: received 2 results and 0 failures
[2024-10-11 03:14:13,487][flwr][INFO] - 
[2024-10-11 03:14:13,487][flwr][INFO] - [ROUND 61]
[2024-10-11 03:14:13,487][flwr][INFO] - configure_fit: strategy sampled 5 clients (out of 50)
[2024-10-11 03:14:23,647][flwr][INFO] - aggregate_fit: received 5 results and 0 failures
[2024-10-11 03:14:32,280][flwr][INFO] - fit progress: (61, 75.12102580070496, {'accuracy': 0.8070739549839229}, 1387.117740684189)
[2024-10-11 03:14:32,280][flwr][INFO] - configure_evaluate: strategy sampled 2 clients (out of 50)
[2024-10-11 03:14:33,644][flwr][INFO] - aggregate_evaluate: received 2 results and 0 failures
[2024-10-11 03:14:33,644][flwr][INFO] - 
[2024-10-11 03:14:33,644][flwr][INFO] - [ROUND 62]
[2024-10-11 03:14:33,645][flwr][INFO] - configure_fit: strategy sampled 5 clients (out of 50)
[2024-10-11 03:14:41,657][flwr][INFO] - aggregate_fit: received 5 results and 0 failures
[2024-10-11 03:14:50,320][flwr][INFO] - fit progress: (62, 73.34249323606491, {'accuracy': 0.7895352236188249}, 1405.1573564857244)
[2024-10-11 03:14:50,320][flwr][INFO] - configure_evaluate: strategy sampled 2 clients (out of 50)
[2024-10-11 03:14:51,589][flwr][INFO] - aggregate_evaluate: received 2 results and 0 failures
[2024-10-11 03:14:51,590][flwr][INFO] - 
[2024-10-11 03:14:51,590][flwr][INFO] - [ROUND 63]
[2024-10-11 03:14:51,590][flwr][INFO] - configure_fit: strategy sampled 5 clients (out of 50)
[2024-10-11 03:15:05,847][flwr][INFO] - aggregate_fit: received 5 results and 0 failures
[2024-10-11 03:15:14,465][flwr][INFO] - fit progress: (63, 131.9771945476532, {'accuracy': 0.6930722011107863}, 1429.3031937107444)
[2024-10-11 03:15:14,466][flwr][INFO] - configure_evaluate: strategy sampled 2 clients (out of 50)
[2024-10-11 03:15:15,954][flwr][INFO] - aggregate_evaluate: received 2 results and 0 failures
[2024-10-11 03:15:15,954][flwr][INFO] - 
[2024-10-11 03:15:15,954][flwr][INFO] - [ROUND 64]
[2024-10-11 03:15:15,954][flwr][INFO] - configure_fit: strategy sampled 5 clients (out of 50)
[2024-10-11 03:15:29,337][flwr][INFO] - aggregate_fit: received 5 results and 0 failures
[2024-10-11 03:15:38,211][flwr][INFO] - fit progress: (64, 60.509119778871536, {'accuracy': 0.8383513592516808}, 1453.0484743742272)
[2024-10-11 03:15:38,211][flwr][INFO] - configure_evaluate: strategy sampled 2 clients (out of 50)
[2024-10-11 03:15:39,399][flwr][INFO] - aggregate_evaluate: received 2 results and 0 failures
[2024-10-11 03:15:39,399][flwr][INFO] - 
[2024-10-11 03:15:39,399][flwr][INFO] - [ROUND 65]
[2024-10-11 03:15:39,400][flwr][INFO] - configure_fit: strategy sampled 5 clients (out of 50)
[2024-10-11 03:15:49,912][flwr][INFO] - aggregate_fit: received 5 results and 0 failures
[2024-10-11 03:15:58,526][flwr][INFO] - fit progress: (65, 94.62296330928802, {'accuracy': 0.752411575562701}, 1473.3637496856973)
[2024-10-11 03:15:58,526][flwr][INFO] - configure_evaluate: strategy sampled 2 clients (out of 50)
[2024-10-11 03:15:59,627][flwr][INFO] - aggregate_evaluate: received 2 results and 0 failures
[2024-10-11 03:15:59,628][flwr][INFO] - 
[2024-10-11 03:15:59,628][flwr][INFO] - [ROUND 66]
[2024-10-11 03:15:59,628][flwr][INFO] - configure_fit: strategy sampled 5 clients (out of 50)
[2024-10-11 03:16:07,810][flwr][INFO] - aggregate_fit: received 5 results and 0 failures
[2024-10-11 03:16:16,594][flwr][INFO] - fit progress: (66, 57.91730263829231, {'accuracy': 0.8406898567670272}, 1491.4319752873853)
[2024-10-11 03:16:16,594][flwr][INFO] - configure_evaluate: strategy sampled 2 clients (out of 50)
[2024-10-11 03:16:17,671][flwr][INFO] - aggregate_evaluate: received 2 results and 0 failures
[2024-10-11 03:16:17,672][flwr][INFO] - 
[2024-10-11 03:16:17,672][flwr][INFO] - [ROUND 67]
[2024-10-11 03:16:17,672][flwr][INFO] - configure_fit: strategy sampled 5 clients (out of 50)
[2024-10-11 03:16:29,049][flwr][INFO] - aggregate_fit: received 5 results and 0 failures
[2024-10-11 03:16:37,710][flwr][INFO] - fit progress: (67, 45.69131564348936, {'accuracy': 0.8564747149956153}, 1512.5481813037768)
[2024-10-11 03:16:37,711][flwr][INFO] - configure_evaluate: strategy sampled 2 clients (out of 50)
[2024-10-11 03:16:39,073][flwr][INFO] - aggregate_evaluate: received 2 results and 0 failures
[2024-10-11 03:16:39,074][flwr][INFO] - 
[2024-10-11 03:16:39,074][flwr][INFO] - [ROUND 68]
[2024-10-11 03:16:39,074][flwr][INFO] - configure_fit: strategy sampled 5 clients (out of 50)
[2024-10-11 03:16:53,919][flwr][INFO] - aggregate_fit: received 5 results and 0 failures
[2024-10-11 03:17:02,863][flwr][INFO] - fit progress: (68, 64.92083859443665, {'accuracy': 0.822858813212511}, 1537.701242128387)
[2024-10-11 03:17:02,864][flwr][INFO] - configure_evaluate: strategy sampled 2 clients (out of 50)
[2024-10-11 03:17:04,106][flwr][INFO] - aggregate_evaluate: received 2 results and 0 failures
[2024-10-11 03:17:04,106][flwr][INFO] - 
[2024-10-11 03:17:04,106][flwr][INFO] - [ROUND 69]
[2024-10-11 03:17:04,106][flwr][INFO] - configure_fit: strategy sampled 5 clients (out of 50)
[2024-10-11 03:17:17,964][flwr][INFO] - aggregate_fit: received 5 results and 0 failures
[2024-10-11 03:17:26,583][flwr][INFO] - fit progress: (69, 126.85736978054047, {'accuracy': 0.6378251973107278}, 1561.4211527137086)
[2024-10-11 03:17:26,584][flwr][INFO] - configure_evaluate: strategy sampled 2 clients (out of 50)
[2024-10-11 03:17:27,789][flwr][INFO] - aggregate_evaluate: received 2 results and 0 failures
[2024-10-11 03:17:27,790][flwr][INFO] - 
[2024-10-11 03:17:27,790][flwr][INFO] - [ROUND 70]
[2024-10-11 03:17:27,790][flwr][INFO] - configure_fit: strategy sampled 5 clients (out of 50)
[2024-10-11 03:17:41,207][flwr][INFO] - aggregate_fit: received 5 results and 0 failures
[2024-10-11 03:17:50,515][flwr][INFO] - fit progress: (70, 70.83394712209702, {'accuracy': 0.8173048816135633}, 1585.3528266102076)
[2024-10-11 03:17:50,515][flwr][INFO] - configure_evaluate: strategy sampled 2 clients (out of 50)
[2024-10-11 03:17:51,908][flwr][INFO] - aggregate_evaluate: received 2 results and 0 failures
[2024-10-11 03:17:51,908][flwr][INFO] - 
[2024-10-11 03:17:51,908][flwr][INFO] - [ROUND 71]
[2024-10-11 03:17:51,908][flwr][INFO] - configure_fit: strategy sampled 5 clients (out of 50)
[2024-10-11 03:18:00,518][flwr][INFO] - aggregate_fit: received 5 results and 0 failures
[2024-10-11 03:18:09,168][flwr][INFO] - fit progress: (71, 135.2767010331154, {'accuracy': 0.5992399883075125}, 1604.005373914726)
[2024-10-11 03:18:09,168][flwr][INFO] - configure_evaluate: strategy sampled 2 clients (out of 50)
[2024-10-11 03:18:10,454][flwr][INFO] - aggregate_evaluate: received 2 results and 0 failures
[2024-10-11 03:18:10,454][flwr][INFO] - 
[2024-10-11 03:18:10,454][flwr][INFO] - [ROUND 72]
[2024-10-11 03:18:10,454][flwr][INFO] - configure_fit: strategy sampled 5 clients (out of 50)
[2024-10-11 03:18:22,663][flwr][INFO] - aggregate_fit: received 5 results and 0 failures
[2024-10-11 03:18:31,420][flwr][INFO] - fit progress: (72, 167.07543790340424, {'accuracy': 0.43583747442268345}, 1626.2578086592257)
[2024-10-11 03:18:31,421][flwr][INFO] - configure_evaluate: strategy sampled 2 clients (out of 50)
[2024-10-11 03:18:32,938][flwr][INFO] - aggregate_evaluate: received 2 results and 0 failures
[2024-10-11 03:18:32,938][flwr][INFO] - 
[2024-10-11 03:18:32,938][flwr][INFO] - [ROUND 73]
[2024-10-11 03:18:32,938][flwr][INFO] - configure_fit: strategy sampled 5 clients (out of 50)
[2024-10-11 03:18:45,773][flwr][INFO] - aggregate_fit: received 5 results and 0 failures
[2024-10-11 03:18:54,876][flwr][INFO] - fit progress: (73, 84.50365686416626, {'accuracy': 0.7570885705933937}, 1649.7135535161942)
[2024-10-11 03:18:54,876][flwr][INFO] - configure_evaluate: strategy sampled 2 clients (out of 50)
[2024-10-11 03:18:55,980][flwr][INFO] - aggregate_evaluate: received 2 results and 0 failures
[2024-10-11 03:18:55,980][flwr][INFO] - 
[2024-10-11 03:18:55,980][flwr][INFO] - [ROUND 74]
[2024-10-11 03:18:55,980][flwr][INFO] - configure_fit: strategy sampled 5 clients (out of 50)
[2024-10-11 03:19:12,027][flwr][INFO] - aggregate_fit: received 5 results and 0 failures
[2024-10-11 03:19:20,663][flwr][INFO] - fit progress: (74, 104.30806982517242, {'accuracy': 0.7114878690441392}, 1675.5005488926545)
[2024-10-11 03:19:20,663][flwr][INFO] - configure_evaluate: strategy sampled 2 clients (out of 50)
[2024-10-11 03:19:21,911][flwr][INFO] - aggregate_evaluate: received 2 results and 0 failures
[2024-10-11 03:19:21,912][flwr][INFO] - 
[2024-10-11 03:19:21,912][flwr][INFO] - [ROUND 75]
[2024-10-11 03:19:21,912][flwr][INFO] - configure_fit: strategy sampled 5 clients (out of 50)
[2024-10-11 03:19:36,734][flwr][INFO] - aggregate_fit: received 5 results and 0 failures
[2024-10-11 03:19:45,349][flwr][INFO] - fit progress: (75, 157.8054622411728, {'accuracy': 0.5673779596609179}, 1700.1864846292883)
[2024-10-11 03:19:45,349][flwr][INFO] - configure_evaluate: strategy sampled 2 clients (out of 50)
[2024-10-11 03:19:46,674][flwr][INFO] - aggregate_evaluate: received 2 results and 0 failures
[2024-10-11 03:19:46,674][flwr][INFO] - 
[2024-10-11 03:19:46,675][flwr][INFO] - [ROUND 76]
[2024-10-11 03:19:46,675][flwr][INFO] - configure_fit: strategy sampled 5 clients (out of 50)
[2024-10-11 03:20:01,820][flwr][INFO] - aggregate_fit: received 5 results and 0 failures
[2024-10-11 03:20:10,614][flwr][INFO] - fit progress: (76, 52.64742287993431, {'accuracy': 0.8371821104940076}, 1725.4515691380948)
[2024-10-11 03:20:10,614][flwr][INFO] - configure_evaluate: strategy sampled 2 clients (out of 50)
[2024-10-11 03:20:11,940][flwr][INFO] - aggregate_evaluate: received 2 results and 0 failures
[2024-10-11 03:20:11,941][flwr][INFO] - 
[2024-10-11 03:20:11,941][flwr][INFO] - [ROUND 77]
[2024-10-11 03:20:11,941][flwr][INFO] - configure_fit: strategy sampled 5 clients (out of 50)
[2024-10-11 03:20:20,740][flwr][INFO] - aggregate_fit: received 5 results and 0 failures
[2024-10-11 03:20:29,352][flwr][INFO] - fit progress: (77, 103.07727771997452, {'accuracy': 0.7375036539023677}, 1744.1901863887906)
[2024-10-11 03:20:29,353][flwr][INFO] - configure_evaluate: strategy sampled 2 clients (out of 50)
[2024-10-11 03:20:30,665][flwr][INFO] - aggregate_evaluate: received 2 results and 0 failures
[2024-10-11 03:20:30,665][flwr][INFO] - 
[2024-10-11 03:20:30,666][flwr][INFO] - [ROUND 78]
[2024-10-11 03:20:30,666][flwr][INFO] - configure_fit: strategy sampled 5 clients (out of 50)
[2024-10-11 03:20:44,821][flwr][INFO] - aggregate_fit: received 5 results and 0 failures
[2024-10-11 03:20:53,488][flwr][INFO] - fit progress: (78, 82.47100478410721, {'accuracy': 0.7866121017246419}, 1768.3259013146162)
[2024-10-11 03:20:53,488][flwr][INFO] - configure_evaluate: strategy sampled 2 clients (out of 50)
[2024-10-11 03:20:54,771][flwr][INFO] - aggregate_evaluate: received 2 results and 0 failures
[2024-10-11 03:20:54,771][flwr][INFO] - 
[2024-10-11 03:20:54,772][flwr][INFO] - [ROUND 79]
[2024-10-11 03:20:54,772][flwr][INFO] - configure_fit: strategy sampled 5 clients (out of 50)
[2024-10-11 03:21:10,489][flwr][INFO] - aggregate_fit: received 5 results and 0 failures
[2024-10-11 03:21:19,288][flwr][INFO] - fit progress: (79, 101.4671425819397, {'accuracy': 0.7398421514177141}, 1794.1262853136286)
[2024-10-11 03:21:19,289][flwr][INFO] - configure_evaluate: strategy sampled 2 clients (out of 50)
[2024-10-11 03:21:20,459][flwr][INFO] - aggregate_evaluate: received 2 results and 0 failures
[2024-10-11 03:21:20,459][flwr][INFO] - 
[2024-10-11 03:21:20,459][flwr][INFO] - [ROUND 80]
[2024-10-11 03:21:20,460][flwr][INFO] - configure_fit: strategy sampled 5 clients (out of 50)
[2024-10-11 03:21:29,009][flwr][INFO] - aggregate_fit: received 5 results and 0 failures
[2024-10-11 03:21:37,677][flwr][INFO] - fit progress: (80, 48.797342881560326, {'accuracy': 0.8626132709733996}, 1812.514555990696)
[2024-10-11 03:21:37,677][flwr][INFO] - configure_evaluate: strategy sampled 2 clients (out of 50)
[2024-10-11 03:21:38,926][flwr][INFO] - aggregate_evaluate: received 2 results and 0 failures
[2024-10-11 03:21:38,927][flwr][INFO] - 
[2024-10-11 03:21:38,927][flwr][INFO] - [ROUND 81]
[2024-10-11 03:21:38,927][flwr][INFO] - configure_fit: strategy sampled 5 clients (out of 50)
[2024-10-11 03:21:53,870][flwr][INFO] - aggregate_fit: received 5 results and 0 failures
[2024-10-11 03:22:02,611][flwr][INFO] - fit progress: (81, 126.38154518604279, {'accuracy': 0.7179187372113417}, 1837.4484926359728)
[2024-10-11 03:22:02,611][flwr][INFO] - configure_evaluate: strategy sampled 2 clients (out of 50)
[2024-10-11 03:22:04,012][flwr][INFO] - aggregate_evaluate: received 2 results and 0 failures
[2024-10-11 03:22:04,013][flwr][INFO] - 
[2024-10-11 03:22:04,013][flwr][INFO] - [ROUND 82]
[2024-10-11 03:22:04,013][flwr][INFO] - configure_fit: strategy sampled 5 clients (out of 50)
[2024-10-11 03:22:18,521][flwr][INFO] - aggregate_fit: received 5 results and 0 failures
[2024-10-11 03:22:27,218][flwr][INFO] - fit progress: (82, 46.06755727529526, {'accuracy': 0.8690441391406022}, 1862.056159671396)
[2024-10-11 03:22:27,219][flwr][INFO] - configure_evaluate: strategy sampled 2 clients (out of 50)
[2024-10-11 03:22:28,422][flwr][INFO] - aggregate_evaluate: received 2 results and 0 failures
[2024-10-11 03:22:28,422][flwr][INFO] - 
[2024-10-11 03:22:28,422][flwr][INFO] - [ROUND 83]
[2024-10-11 03:22:28,422][flwr][INFO] - configure_fit: strategy sampled 5 clients (out of 50)
[2024-10-11 03:22:37,597][flwr][INFO] - aggregate_fit: received 5 results and 0 failures
[2024-10-11 03:22:46,370][flwr][INFO] - fit progress: (83, 82.74709290266037, {'accuracy': 0.8190587547500731}, 1881.2073128698394)
[2024-10-11 03:22:46,370][flwr][INFO] - configure_evaluate: strategy sampled 2 clients (out of 50)
[2024-10-11 03:22:47,597][flwr][INFO] - aggregate_evaluate: received 2 results and 0 failures
[2024-10-11 03:22:47,598][flwr][INFO] - 
[2024-10-11 03:22:47,598][flwr][INFO] - [ROUND 84]
[2024-10-11 03:22:47,598][flwr][INFO] - configure_fit: strategy sampled 5 clients (out of 50)
[2024-10-11 03:23:01,809][flwr][INFO] - aggregate_fit: received 5 results and 0 failures
[2024-10-11 03:23:10,464][flwr][INFO] - fit progress: (84, 65.97562345862389, {'accuracy': 0.8114586378251973}, 1905.3019275516272)
[2024-10-11 03:23:10,464][flwr][INFO] - configure_evaluate: strategy sampled 2 clients (out of 50)
[2024-10-11 03:23:12,113][flwr][INFO] - aggregate_evaluate: received 2 results and 0 failures
[2024-10-11 03:23:12,113][flwr][INFO] - 
[2024-10-11 03:23:12,113][flwr][INFO] - [ROUND 85]
[2024-10-11 03:23:12,114][flwr][INFO] - configure_fit: strategy sampled 5 clients (out of 50)
[2024-10-11 03:23:26,647][flwr][INFO] - aggregate_fit: received 5 results and 0 failures
[2024-10-11 03:23:35,355][flwr][INFO] - fit progress: (85, 50.12562704086304, {'accuracy': 0.85910552470038}, 1930.1926200566813)
[2024-10-11 03:23:35,355][flwr][INFO] - configure_evaluate: strategy sampled 2 clients (out of 50)
[2024-10-11 03:23:36,792][flwr][INFO] - aggregate_evaluate: received 2 results and 0 failures
[2024-10-11 03:23:36,792][flwr][INFO] - 
[2024-10-11 03:23:36,792][flwr][INFO] - [ROUND 86]
[2024-10-11 03:23:36,792][flwr][INFO] - configure_fit: strategy sampled 5 clients (out of 50)
[2024-10-11 03:23:46,058][flwr][INFO] - aggregate_fit: received 5 results and 0 failures
[2024-10-11 03:23:54,768][flwr][INFO] - fit progress: (86, 44.029509499669075, {'accuracy': 0.8637825197310728}, 1949.6060545155779)
[2024-10-11 03:23:54,769][flwr][INFO] - configure_evaluate: strategy sampled 2 clients (out of 50)
[2024-10-11 03:23:56,120][flwr][INFO] - aggregate_evaluate: received 2 results and 0 failures
[2024-10-11 03:23:56,121][flwr][INFO] - 
[2024-10-11 03:23:56,121][flwr][INFO] - [ROUND 87]
[2024-10-11 03:23:56,121][flwr][INFO] - configure_fit: strategy sampled 5 clients (out of 50)
[2024-10-11 03:24:08,997][flwr][INFO] - aggregate_fit: received 5 results and 0 failures
[2024-10-11 03:24:17,683][flwr][INFO] - fit progress: (87, 124.27660727500916, {'accuracy': 0.6328558900906168}, 1972.5202891677618)
[2024-10-11 03:24:17,683][flwr][INFO] - configure_evaluate: strategy sampled 2 clients (out of 50)
[2024-10-11 03:24:18,984][flwr][INFO] - aggregate_evaluate: received 2 results and 0 failures
[2024-10-11 03:24:18,985][flwr][INFO] - 
[2024-10-11 03:24:18,985][flwr][INFO] - [ROUND 88]
[2024-10-11 03:24:18,985][flwr][INFO] - configure_fit: strategy sampled 5 clients (out of 50)
[2024-10-11 03:24:32,315][flwr][INFO] - aggregate_fit: received 5 results and 0 failures
[2024-10-11 03:24:41,068][flwr][INFO] - fit progress: (88, 121.9665977358818, {'accuracy': 0.681964337912891}, 1995.90555222705)
[2024-10-11 03:24:41,068][flwr][INFO] - configure_evaluate: strategy sampled 2 clients (out of 50)
[2024-10-11 03:24:42,336][flwr][INFO] - aggregate_evaluate: received 2 results and 0 failures
[2024-10-11 03:24:42,336][flwr][INFO] - 
[2024-10-11 03:24:42,336][flwr][INFO] - [ROUND 89]
[2024-10-11 03:24:42,336][flwr][INFO] - configure_fit: strategy sampled 5 clients (out of 50)
[2024-10-11 03:24:53,066][flwr][INFO] - aggregate_fit: received 5 results and 0 failures
[2024-10-11 03:25:02,553][flwr][INFO] - fit progress: (89, 106.62388378381729, {'accuracy': 0.7471499561531716}, 2017.3910604771227)
[2024-10-11 03:25:02,554][flwr][INFO] - configure_evaluate: strategy sampled 2 clients (out of 50)
[2024-10-11 03:25:04,001][flwr][INFO] - aggregate_evaluate: received 2 results and 0 failures
[2024-10-11 03:25:04,001][flwr][INFO] - 
[2024-10-11 03:25:04,001][flwr][INFO] - [ROUND 90]
[2024-10-11 03:25:04,002][flwr][INFO] - configure_fit: strategy sampled 5 clients (out of 50)
[2024-10-11 03:25:17,438][flwr][INFO] - aggregate_fit: received 5 results and 0 failures
[2024-10-11 03:25:26,073][flwr][INFO] - fit progress: (90, 49.90060609579086, {'accuracy': 0.8631978953522362}, 2040.9112838571891)
[2024-10-11 03:25:26,074][flwr][INFO] - configure_evaluate: strategy sampled 2 clients (out of 50)
[2024-10-11 03:25:27,356][flwr][INFO] - aggregate_evaluate: received 2 results and 0 failures
[2024-10-11 03:25:27,357][flwr][INFO] - 
[2024-10-11 03:25:27,357][flwr][INFO] - [ROUND 91]
[2024-10-11 03:25:27,357][flwr][INFO] - configure_fit: strategy sampled 5 clients (out of 50)
[2024-10-11 03:25:37,072][flwr][INFO] - aggregate_fit: received 5 results and 0 failures
[2024-10-11 03:25:45,762][flwr][INFO] - fit progress: (91, 56.81964659690857, {'accuracy': 0.8550131540485238}, 2060.5998350018635)
[2024-10-11 03:25:45,763][flwr][INFO] - configure_evaluate: strategy sampled 2 clients (out of 50)
[2024-10-11 03:25:47,284][flwr][INFO] - aggregate_evaluate: received 2 results and 0 failures
[2024-10-11 03:25:47,284][flwr][INFO] - 
[2024-10-11 03:25:47,284][flwr][INFO] - [ROUND 92]
[2024-10-11 03:25:47,284][flwr][INFO] - configure_fit: strategy sampled 5 clients (out of 50)
[2024-10-11 03:26:01,408][flwr][INFO] - aggregate_fit: received 5 results and 0 failures
[2024-10-11 03:26:10,716][flwr][INFO] - fit progress: (92, 124.18683463335037, {'accuracy': 0.6968722595732242}, 2085.554211784154)
[2024-10-11 03:26:10,717][flwr][INFO] - configure_evaluate: strategy sampled 2 clients (out of 50)
[2024-10-11 03:26:11,817][flwr][INFO] - aggregate_evaluate: received 2 results and 0 failures
[2024-10-11 03:26:11,817][flwr][INFO] - 
[2024-10-11 03:26:11,817][flwr][INFO] - [ROUND 93]
[2024-10-11 03:26:11,817][flwr][INFO] - configure_fit: strategy sampled 5 clients (out of 50)
[2024-10-11 03:26:26,606][flwr][INFO] - aggregate_fit: received 5 results and 0 failures
[2024-10-11 03:26:36,117][flwr][INFO] - fit progress: (93, 67.42164835333824, {'accuracy': 0.8225665010230927}, 2110.954496364109)
[2024-10-11 03:26:36,117][flwr][INFO] - configure_evaluate: strategy sampled 2 clients (out of 50)
[2024-10-11 03:26:37,547][flwr][INFO] - aggregate_evaluate: received 2 results and 0 failures
[2024-10-11 03:26:37,547][flwr][INFO] - 
[2024-10-11 03:26:37,547][flwr][INFO] - [ROUND 94]
[2024-10-11 03:26:37,547][flwr][INFO] - configure_fit: strategy sampled 5 clients (out of 50)
[2024-10-11 03:26:48,263][flwr][INFO] - aggregate_fit: received 5 results and 0 failures
[2024-10-11 03:26:57,384][flwr][INFO] - fit progress: (94, 44.89765474200249, {'accuracy': 0.8687518269511839}, 2132.2213094225153)
[2024-10-11 03:26:57,384][flwr][INFO] - configure_evaluate: strategy sampled 2 clients (out of 50)
[2024-10-11 03:26:58,656][flwr][INFO] - aggregate_evaluate: received 2 results and 0 failures
[2024-10-11 03:26:58,657][flwr][INFO] - 
[2024-10-11 03:26:58,657][flwr][INFO] - [ROUND 95]
[2024-10-11 03:26:58,657][flwr][INFO] - configure_fit: strategy sampled 5 clients (out of 50)
[2024-10-11 03:27:13,057][flwr][INFO] - aggregate_fit: received 5 results and 0 failures
[2024-10-11 03:27:21,796][flwr][INFO] - fit progress: (95, 57.96784859895706, {'accuracy': 0.8564747149956153}, 2156.6337864426896)
[2024-10-11 03:27:21,796][flwr][INFO] - configure_evaluate: strategy sampled 2 clients (out of 50)
[2024-10-11 03:27:23,104][flwr][INFO] - aggregate_evaluate: received 2 results and 0 failures
[2024-10-11 03:27:23,104][flwr][INFO] - 
[2024-10-11 03:27:23,104][flwr][INFO] - [ROUND 96]
[2024-10-11 03:27:23,104][flwr][INFO] - configure_fit: strategy sampled 5 clients (out of 50)
[2024-10-11 03:27:34,015][flwr][INFO] - aggregate_fit: received 5 results and 0 failures
[2024-10-11 03:27:42,669][flwr][INFO] - fit progress: (96, 62.78020644187927, {'accuracy': 0.8544285296696872}, 2177.5066241510212)
[2024-10-11 03:27:42,669][flwr][INFO] - configure_evaluate: strategy sampled 2 clients (out of 50)
[2024-10-11 03:27:43,932][flwr][INFO] - aggregate_evaluate: received 2 results and 0 failures
[2024-10-11 03:27:43,933][flwr][INFO] - 
[2024-10-11 03:27:43,933][flwr][INFO] - [ROUND 97]
[2024-10-11 03:27:43,933][flwr][INFO] - configure_fit: strategy sampled 5 clients (out of 50)
[2024-10-11 03:27:55,288][flwr][INFO] - aggregate_fit: received 5 results and 0 failures
[2024-10-11 03:28:03,991][flwr][INFO] - fit progress: (97, 65.30520814657211, {'accuracy': 0.7848582285881321}, 2198.8292747186497)
[2024-10-11 03:28:03,992][flwr][INFO] - configure_evaluate: strategy sampled 2 clients (out of 50)
[2024-10-11 03:28:05,352][flwr][INFO] - aggregate_evaluate: received 2 results and 0 failures
[2024-10-11 03:28:05,352][flwr][INFO] - 
[2024-10-11 03:28:05,352][flwr][INFO] - [ROUND 98]
[2024-10-11 03:28:05,352][flwr][INFO] - configure_fit: strategy sampled 5 clients (out of 50)
[2024-10-11 03:28:18,943][flwr][INFO] - aggregate_fit: received 5 results and 0 failures
[2024-10-11 03:28:27,732][flwr][INFO] - fit progress: (98, 61.68248578906059, {'accuracy': 0.8550131540485238}, 2222.56950739678)
[2024-10-11 03:28:27,732][flwr][INFO] - configure_evaluate: strategy sampled 2 clients (out of 50)
[2024-10-11 03:28:29,303][flwr][INFO] - aggregate_evaluate: received 2 results and 0 failures
[2024-10-11 03:28:29,303][flwr][INFO] - 
[2024-10-11 03:28:29,303][flwr][INFO] - [ROUND 99]
[2024-10-11 03:28:29,303][flwr][INFO] - configure_fit: strategy sampled 5 clients (out of 50)
[2024-10-11 03:28:43,741][flwr][INFO] - aggregate_fit: received 5 results and 0 failures
[2024-10-11 03:28:52,566][flwr][INFO] - fit progress: (99, 50.05055996775627, {'accuracy': 0.8687518269511839}, 2247.4037054311484)
[2024-10-11 03:28:52,566][flwr][INFO] - configure_evaluate: strategy sampled 2 clients (out of 50)
[2024-10-11 03:28:53,832][flwr][INFO] - aggregate_evaluate: received 2 results and 0 failures
[2024-10-11 03:28:53,833][flwr][INFO] - 
[2024-10-11 03:28:53,833][flwr][INFO] - [ROUND 100]
[2024-10-11 03:28:53,833][flwr][INFO] - configure_fit: strategy sampled 5 clients (out of 50)
[2024-10-11 03:29:07,216][flwr][INFO] - aggregate_fit: received 5 results and 0 failures
[2024-10-11 03:29:16,095][flwr][INFO] - fit progress: (100, 55.59185418486595, {'accuracy': 0.8605670856474715}, 2270.9325122637674)
[2024-10-11 03:29:16,095][flwr][INFO] - configure_evaluate: strategy sampled 2 clients (out of 50)
[2024-10-11 03:29:17,425][flwr][INFO] - aggregate_evaluate: received 2 results and 0 failures
[2024-10-11 03:29:17,428][flwr][INFO] - 
[2024-10-11 03:29:17,429][flwr][INFO] - [SUMMARY]
[2024-10-11 03:29:17,429][flwr][INFO] - Run finished 100 round(s) in 2272.26s
[2024-10-11 03:29:17,432][flwr][INFO] - 	History (loss, distributed):
[2024-10-11 03:29:17,432][flwr][INFO] - 		round 1: 2.014793957433393
[2024-10-11 03:29:17,432][flwr][INFO] - 		round 2: 2.122991601626078
[2024-10-11 03:29:17,432][flwr][INFO] - 		round 3: 1.9843356298363728
[2024-10-11 03:29:17,432][flwr][INFO] - 		round 4: 2.084555506706238
[2024-10-11 03:29:17,432][flwr][INFO] - 		round 5: 1.8057738641897838
[2024-10-11 03:29:17,432][flwr][INFO] - 		round 6: 1.8311796300113201
[2024-10-11 03:29:17,432][flwr][INFO] - 		round 7: 1.891167195638021
[2024-10-11 03:29:17,433][flwr][INFO] - 		round 8: 1.7761638800303141
[2024-10-11 03:29:17,433][flwr][INFO] - 		round 9: 1.654983863992206
[2024-10-11 03:29:17,433][flwr][INFO] - 		round 10: 1.5287103652954102
[2024-10-11 03:29:17,433][flwr][INFO] - 		round 11: 1.5809687716620309
[2024-10-11 03:29:17,433][flwr][INFO] - 		round 12: 1.2670202255249023
[2024-10-11 03:29:17,433][flwr][INFO] - 		round 13: 1.223017150705511
[2024-10-11 03:29:17,433][flwr][INFO] - 		round 14: 1.0555492456142719
[2024-10-11 03:29:17,433][flwr][INFO] - 		round 15: 1.1998627185821533
[2024-10-11 03:29:17,433][flwr][INFO] - 		round 16: 1.0608003273302196
[2024-10-11 03:29:17,433][flwr][INFO] - 		round 17: 2.0075145959854126
[2024-10-11 03:29:17,433][flwr][INFO] - 		round 18: 1.0804433257956254
[2024-10-11 03:29:17,433][flwr][INFO] - 		round 19: 1.0514550223236991
[2024-10-11 03:29:17,433][flwr][INFO] - 		round 20: 0.836418867111206
[2024-10-11 03:29:17,433][flwr][INFO] - 		round 21: 0.9736542283220494
[2024-10-11 03:29:17,433][flwr][INFO] - 		round 22: 1.1231460609743673
[2024-10-11 03:29:17,433][flwr][INFO] - 		round 23: 1.0832848172438772
[2024-10-11 03:29:17,434][flwr][INFO] - 		round 24: 1.2824745923280716
[2024-10-11 03:29:17,434][flwr][INFO] - 		round 25: 0.7660263172337707
[2024-10-11 03:29:17,434][flwr][INFO] - 		round 26: 1.1715304534882307
[2024-10-11 03:29:17,434][flwr][INFO] - 		round 27: 0.9157546256717882
[2024-10-11 03:29:17,434][flwr][INFO] - 		round 28: 1.4359046071767807
[2024-10-11 03:29:17,434][flwr][INFO] - 		round 29: 1.5390156548598717
[2024-10-11 03:29:17,434][flwr][INFO] - 		round 30: 1.4551532834768295
[2024-10-11 03:29:17,434][flwr][INFO] - 		round 31: 0.8277149270562565
[2024-10-11 03:29:17,434][flwr][INFO] - 		round 32: 1.0256136115640402
[2024-10-11 03:29:17,434][flwr][INFO] - 		round 33: 1.523080436688549
[2024-10-11 03:29:17,434][flwr][INFO] - 		round 34: 1.2694926228788164
[2024-10-11 03:29:17,434][flwr][INFO] - 		round 35: 1.1258945848260606
[2024-10-11 03:29:17,434][flwr][INFO] - 		round 36: 1.0264722817652934
[2024-10-11 03:29:17,434][flwr][INFO] - 		round 37: 0.6545365701119105
[2024-10-11 03:29:17,434][flwr][INFO] - 		round 38: 0.9775670105996339
[2024-10-11 03:29:17,434][flwr][INFO] - 		round 39: 1.3125392527415836
[2024-10-11 03:29:17,434][flwr][INFO] - 		round 40: 0.5596163428965069
[2024-10-11 03:29:17,435][flwr][INFO] - 		round 41: 1.1135523126971336
[2024-10-11 03:29:17,435][flwr][INFO] - 		round 42: 1.2271853271795778
[2024-10-11 03:29:17,435][flwr][INFO] - 		round 43: 1.2646987781132737
[2024-10-11 03:29:17,435][flwr][INFO] - 		round 44: 1.027695894241333
[2024-10-11 03:29:17,435][flwr][INFO] - 		round 45: 1.7125572293412452
[2024-10-11 03:29:17,435][flwr][INFO] - 		round 46: 1.1312373993826694
[2024-10-11 03:29:17,435][flwr][INFO] - 		round 47: 0.6280425071716309
[2024-10-11 03:29:17,435][flwr][INFO] - 		round 48: 0.9510185336166957
[2024-10-11 03:29:17,435][flwr][INFO] - 		round 49: 0.46295754651765564
[2024-10-11 03:29:17,435][flwr][INFO] - 		round 50: 0.899991649389267
[2024-10-11 03:29:17,435][flwr][INFO] - 		round 51: 0.7778419085911342
[2024-10-11 03:29:17,435][flwr][INFO] - 		round 52: 0.5891000931723076
[2024-10-11 03:29:17,435][flwr][INFO] - 		round 53: 0.9305524770860318
[2024-10-11 03:29:17,435][flwr][INFO] - 		round 54: 0.4510261170447819
[2024-10-11 03:29:17,435][flwr][INFO] - 		round 55: 1.1953038306071841
[2024-10-11 03:29:17,435][flwr][INFO] - 		round 56: 0.8630638037409101
[2024-10-11 03:29:17,435][flwr][INFO] - 		round 57: 0.5610634372992949
[2024-10-11 03:29:17,436][flwr][INFO] - 		round 58: 1.032808131831033
[2024-10-11 03:29:17,436][flwr][INFO] - 		round 59: 1.0173910520970821
[2024-10-11 03:29:17,436][flwr][INFO] - 		round 60: 0.5195201253890991
[2024-10-11 03:29:17,436][flwr][INFO] - 		round 61: 1.0994650800273102
[2024-10-11 03:29:17,436][flwr][INFO] - 		round 62: 0.5313020828293591
[2024-10-11 03:29:17,436][flwr][INFO] - 		round 63: 1.154925937122769
[2024-10-11 03:29:17,436][flwr][INFO] - 		round 64: 0.6992347710662418
[2024-10-11 03:29:17,436][flwr][INFO] - 		round 65: 0.9598174637014215
[2024-10-11 03:29:17,436][flwr][INFO] - 		round 66: 0.6097663521766663
[2024-10-11 03:29:17,436][flwr][INFO] - 		round 67: 0.33959544187082963
[2024-10-11 03:29:17,436][flwr][INFO] - 		round 68: 0.7213254729906718
[2024-10-11 03:29:17,436][flwr][INFO] - 		round 69: 1.3187244560407556
[2024-10-11 03:29:17,436][flwr][INFO] - 		round 70: 0.8745046854019165
[2024-10-11 03:29:17,436][flwr][INFO] - 		round 71: 1.093942403793335
[2024-10-11 03:29:17,436][flwr][INFO] - 		round 72: 1.5524790734052658
[2024-10-11 03:29:17,436][flwr][INFO] - 		round 73: 0.9460283677752425
[2024-10-11 03:29:17,436][flwr][INFO] - 		round 74: 1.3113003015518188
[2024-10-11 03:29:17,437][flwr][INFO] - 		round 75: 1.549231393664491
[2024-10-11 03:29:17,437][flwr][INFO] - 		round 76: 0.6671136128050941
[2024-10-11 03:29:17,437][flwr][INFO] - 		round 77: 0.9940432665640848
[2024-10-11 03:29:17,437][flwr][INFO] - 		round 78: 0.9352453708648681
[2024-10-11 03:29:17,437][flwr][INFO] - 		round 79: 0.9672984130798824
[2024-10-11 03:29:17,437][flwr][INFO] - 		round 80: 0.5701531301374021
[2024-10-11 03:29:17,437][flwr][INFO] - 		round 81: 1.1138826847076415
[2024-10-11 03:29:17,437][flwr][INFO] - 		round 82: 0.8677203104181109
[2024-10-11 03:29:17,437][flwr][INFO] - 		round 83: 0.8385354280471802
[2024-10-11 03:29:17,437][flwr][INFO] - 		round 84: 0.658475440282088
[2024-10-11 03:29:17,437][flwr][INFO] - 		round 85: 0.23144438591870395
[2024-10-11 03:29:17,437][flwr][INFO] - 		round 86: 0.3654067888855934
[2024-10-11 03:29:17,437][flwr][INFO] - 		round 87: 0.8584409772225146
[2024-10-11 03:29:17,437][flwr][INFO] - 		round 88: 1.0357664929495918
[2024-10-11 03:29:17,437][flwr][INFO] - 		round 89: 1.0620850287377834
[2024-10-11 03:29:17,437][flwr][INFO] - 		round 90: 0.396423684039586
[2024-10-11 03:29:17,437][flwr][INFO] - 		round 91: 0.6232488259025242
[2024-10-11 03:29:17,438][flwr][INFO] - 		round 92: 1.1622844392603093
[2024-10-11 03:29:17,438][flwr][INFO] - 		round 93: 0.6909509641118348
[2024-10-11 03:29:17,438][flwr][INFO] - 		round 94: 0.34938956517726183
[2024-10-11 03:29:17,438][flwr][INFO] - 		round 95: 0.672864333885472
[2024-10-11 03:29:17,438][flwr][INFO] - 		round 96: 0.5633791400038678
[2024-10-11 03:29:17,438][flwr][INFO] - 		round 97: 0.6018608605104779
[2024-10-11 03:29:17,438][flwr][INFO] - 		round 98: 0.6992882098470415
[2024-10-11 03:29:17,438][flwr][INFO] - 		round 99: 0.3969123193195888
[2024-10-11 03:29:17,438][flwr][INFO] - 		round 100: 0.6145039999485016
[2024-10-11 03:29:17,438][flwr][INFO] - 	History (loss, centralized):
[2024-10-11 03:29:17,438][flwr][INFO] - 		round 0: 230.06273818016052
[2024-10-11 03:29:17,438][flwr][INFO] - 		round 1: 220.38456058502197
[2024-10-11 03:29:17,438][flwr][INFO] - 		round 2: 219.92665553092957
[2024-10-11 03:29:17,438][flwr][INFO] - 		round 3: 218.2156401872635
[2024-10-11 03:29:17,438][flwr][INFO] - 		round 4: 202.34016931056976
[2024-10-11 03:29:17,438][flwr][INFO] - 		round 5: 203.22156357765198
[2024-10-11 03:29:17,438][flwr][INFO] - 		round 6: 201.5226377248764
[2024-10-11 03:29:17,438][flwr][INFO] - 		round 7: 198.891188621521
[2024-10-11 03:29:17,439][flwr][INFO] - 		round 8: 191.84629452228546
[2024-10-11 03:29:17,439][flwr][INFO] - 		round 9: 178.8393565416336
[2024-10-11 03:29:17,439][flwr][INFO] - 		round 10: 164.15591382980347
[2024-10-11 03:29:17,439][flwr][INFO] - 		round 11: 173.07337498664856
[2024-10-11 03:29:17,439][flwr][INFO] - 		round 12: 157.88684833049774
[2024-10-11 03:29:17,439][flwr][INFO] - 		round 13: 133.9335743188858
[2024-10-11 03:29:17,439][flwr][INFO] - 		round 14: 114.93448680639267
[2024-10-11 03:29:17,439][flwr][INFO] - 		round 15: 126.59602481126785
[2024-10-11 03:29:17,439][flwr][INFO] - 		round 16: 109.99851506948471
[2024-10-11 03:29:17,439][flwr][INFO] - 		round 17: 192.15470612049103
[2024-10-11 03:29:17,439][flwr][INFO] - 		round 18: 129.05320274829865
[2024-10-11 03:29:17,439][flwr][INFO] - 		round 19: 104.81578952074051
[2024-10-11 03:29:17,439][flwr][INFO] - 		round 20: 104.22783935070038
[2024-10-11 03:29:17,439][flwr][INFO] - 		round 21: 102.76687973737717
[2024-10-11 03:29:17,439][flwr][INFO] - 		round 22: 119.6125391125679
[2024-10-11 03:29:17,439][flwr][INFO] - 		round 23: 139.32302701473236
[2024-10-11 03:29:17,439][flwr][INFO] - 		round 24: 123.76457422971725
[2024-10-11 03:29:17,440][flwr][INFO] - 		round 25: 88.72017708420753
[2024-10-11 03:29:17,440][flwr][INFO] - 		round 26: 134.03556895256042
[2024-10-11 03:29:17,440][flwr][INFO] - 		round 27: 94.12243765592575
[2024-10-11 03:29:17,440][flwr][INFO] - 		round 28: 128.38810992240906
[2024-10-11 03:29:17,440][flwr][INFO] - 		round 29: 187.21328628063202
[2024-10-11 03:29:17,440][flwr][INFO] - 		round 30: 165.31351947784424
[2024-10-11 03:29:17,440][flwr][INFO] - 		round 31: 86.20721480250359
[2024-10-11 03:29:17,440][flwr][INFO] - 		round 32: 97.38915801048279
[2024-10-11 03:29:17,440][flwr][INFO] - 		round 33: 139.7582038640976
[2024-10-11 03:29:17,440][flwr][INFO] - 		round 34: 100.3399121761322
[2024-10-11 03:29:17,440][flwr][INFO] - 		round 35: 125.4075545668602
[2024-10-11 03:29:17,440][flwr][INFO] - 		round 36: 78.11939111351967
[2024-10-11 03:29:17,440][flwr][INFO] - 		round 37: 70.54526916146278
[2024-10-11 03:29:17,440][flwr][INFO] - 		round 38: 89.02843523025513
[2024-10-11 03:29:17,440][flwr][INFO] - 		round 39: 135.76431000232697
[2024-10-11 03:29:17,440][flwr][INFO] - 		round 40: 78.77892789244652
[2024-10-11 03:29:17,440][flwr][INFO] - 		round 41: 82.00714862346649
[2024-10-11 03:29:17,440][flwr][INFO] - 		round 42: 98.12655925750732
[2024-10-11 03:29:17,441][flwr][INFO] - 		round 43: 135.33724772930145
[2024-10-11 03:29:17,441][flwr][INFO] - 		round 44: 83.36723020672798
[2024-10-11 03:29:17,441][flwr][INFO] - 		round 45: 163.9839220046997
[2024-10-11 03:29:17,441][flwr][INFO] - 		round 46: 108.29636079072952
[2024-10-11 03:29:17,441][flwr][INFO] - 		round 47: 66.37761569023132
[2024-10-11 03:29:17,441][flwr][INFO] - 		round 48: 85.38819760084152
[2024-10-11 03:29:17,441][flwr][INFO] - 		round 49: 58.63263092935085
[2024-10-11 03:29:17,441][flwr][INFO] - 		round 50: 87.13190764188766
[2024-10-11 03:29:17,441][flwr][INFO] - 		round 51: 75.25967299938202
[2024-10-11 03:29:17,441][flwr][INFO] - 		round 52: 59.40165726840496
[2024-10-11 03:29:17,441][flwr][INFO] - 		round 53: 86.01267802715302
[2024-10-11 03:29:17,441][flwr][INFO] - 		round 54: 58.85762777924538
[2024-10-11 03:29:17,441][flwr][INFO] - 		round 55: 128.41445988416672
[2024-10-11 03:29:17,441][flwr][INFO] - 		round 56: 60.43502748012543
[2024-10-11 03:29:17,441][flwr][INFO] - 		round 57: 51.8373404443264
[2024-10-11 03:29:17,441][flwr][INFO] - 		round 58: 94.32802879810333
[2024-10-11 03:29:17,441][flwr][INFO] - 		round 59: 134.13443529605865
[2024-10-11 03:29:17,442][flwr][INFO] - 		round 60: 80.41277649998665
[2024-10-11 03:29:17,442][flwr][INFO] - 		round 61: 75.12102580070496
[2024-10-11 03:29:17,442][flwr][INFO] - 		round 62: 73.34249323606491
[2024-10-11 03:29:17,442][flwr][INFO] - 		round 63: 131.9771945476532
[2024-10-11 03:29:17,442][flwr][INFO] - 		round 64: 60.509119778871536
[2024-10-11 03:29:17,442][flwr][INFO] - 		round 65: 94.62296330928802
[2024-10-11 03:29:17,442][flwr][INFO] - 		round 66: 57.91730263829231
[2024-10-11 03:29:17,442][flwr][INFO] - 		round 67: 45.69131564348936
[2024-10-11 03:29:17,442][flwr][INFO] - 		round 68: 64.92083859443665
[2024-10-11 03:29:17,442][flwr][INFO] - 		round 69: 126.85736978054047
[2024-10-11 03:29:17,442][flwr][INFO] - 		round 70: 70.83394712209702
[2024-10-11 03:29:17,442][flwr][INFO] - 		round 71: 135.2767010331154
[2024-10-11 03:29:17,442][flwr][INFO] - 		round 72: 167.07543790340424
[2024-10-11 03:29:17,442][flwr][INFO] - 		round 73: 84.50365686416626
[2024-10-11 03:29:17,442][flwr][INFO] - 		round 74: 104.30806982517242
[2024-10-11 03:29:17,442][flwr][INFO] - 		round 75: 157.8054622411728
[2024-10-11 03:29:17,442][flwr][INFO] - 		round 76: 52.64742287993431
[2024-10-11 03:29:17,443][flwr][INFO] - 		round 77: 103.07727771997452
[2024-10-11 03:29:17,443][flwr][INFO] - 		round 78: 82.47100478410721
[2024-10-11 03:29:17,443][flwr][INFO] - 		round 79: 101.4671425819397
[2024-10-11 03:29:17,443][flwr][INFO] - 		round 80: 48.797342881560326
[2024-10-11 03:29:17,443][flwr][INFO] - 		round 81: 126.38154518604279
[2024-10-11 03:29:17,443][flwr][INFO] - 		round 82: 46.06755727529526
[2024-10-11 03:29:17,443][flwr][INFO] - 		round 83: 82.74709290266037
[2024-10-11 03:29:17,443][flwr][INFO] - 		round 84: 65.97562345862389
[2024-10-11 03:29:17,443][flwr][INFO] - 		round 85: 50.12562704086304
[2024-10-11 03:29:17,443][flwr][INFO] - 		round 86: 44.029509499669075
[2024-10-11 03:29:17,443][flwr][INFO] - 		round 87: 124.27660727500916
[2024-10-11 03:29:17,443][flwr][INFO] - 		round 88: 121.9665977358818
[2024-10-11 03:29:17,443][flwr][INFO] - 		round 89: 106.62388378381729
[2024-10-11 03:29:17,443][flwr][INFO] - 		round 90: 49.90060609579086
[2024-10-11 03:29:17,443][flwr][INFO] - 		round 91: 56.81964659690857
[2024-10-11 03:29:17,443][flwr][INFO] - 		round 92: 124.18683463335037
[2024-10-11 03:29:17,443][flwr][INFO] - 		round 93: 67.42164835333824
[2024-10-11 03:29:17,443][flwr][INFO] - 		round 94: 44.89765474200249
[2024-10-11 03:29:17,444][flwr][INFO] - 		round 95: 57.96784859895706
[2024-10-11 03:29:17,444][flwr][INFO] - 		round 96: 62.78020644187927
[2024-10-11 03:29:17,444][flwr][INFO] - 		round 97: 65.30520814657211
[2024-10-11 03:29:17,444][flwr][INFO] - 		round 98: 61.68248578906059
[2024-10-11 03:29:17,444][flwr][INFO] - 		round 99: 50.05055996775627
[2024-10-11 03:29:17,444][flwr][INFO] - 		round 100: 55.59185418486595
[2024-10-11 03:29:17,444][flwr][INFO] - 	History (metrics, distributed, evaluate):
[2024-10-11 03:29:17,444][flwr][INFO] - 	{'accuracy': [(1, 0.25806451612903225),
[2024-10-11 03:29:17,444][flwr][INFO] - 	              (2, 0.1111111111111111),
[2024-10-11 03:29:17,444][flwr][INFO] - 	              (3, 0.30434782608695654),
[2024-10-11 03:29:17,444][flwr][INFO] - 	              (4, 0.05555555555555555),
[2024-10-11 03:29:17,444][flwr][INFO] - 	              (5, 0.41666666666666674),
[2024-10-11 03:29:17,444][flwr][INFO] - 	              (6, 0.359375),
[2024-10-11 03:29:17,444][flwr][INFO] - 	              (7, 0.38333333333333336),
[2024-10-11 03:29:17,444][flwr][INFO] - 	              (8, 0.4666666666666667),
[2024-10-11 03:29:17,444][flwr][INFO] - 	              (9, 0.576271186440678),
[2024-10-11 03:29:17,444][flwr][INFO] - 	              (10, 0.48),
[2024-10-11 03:29:17,445][flwr][INFO] - 	              (11, 0.42857142857142855),
[2024-10-11 03:29:17,445][flwr][INFO] - 	              (12, 0.625),
[2024-10-11 03:29:17,445][flwr][INFO] - 	              (13, 0.6363636363636364),
[2024-10-11 03:29:17,445][flwr][INFO] - 	              (14, 0.6153846153846154),
[2024-10-11 03:29:17,445][flwr][INFO] - 	              (15, 0.6774193548387096),
[2024-10-11 03:29:17,445][flwr][INFO] - 	              (16, 0.673469387755102),
[2024-10-11 03:29:17,445][flwr][INFO] - 	              (17, 0.1111111111111111),
[2024-10-11 03:29:17,445][flwr][INFO] - 	              (18, 0.7017543859649122),
[2024-10-11 03:29:17,445][flwr][INFO] - 	              (19, 0.5714285714285714),
[2024-10-11 03:29:17,445][flwr][INFO] - 	              (20, 0.7346938775510204),
[2024-10-11 03:29:17,445][flwr][INFO] - 	              (21, 0.7872340425531915),
[2024-10-11 03:29:17,445][flwr][INFO] - 	              (22, 0.6290322580645161),
[2024-10-11 03:29:17,445][flwr][INFO] - 	              (23, 0.7894736842105263),
[2024-10-11 03:29:17,445][flwr][INFO] - 	              (24, 0.65625),
[2024-10-11 03:29:17,445][flwr][INFO] - 	              (25, 0.7746478873239436),
[2024-10-11 03:29:17,445][flwr][INFO] - 	              (26, 0.65625),
[2024-10-11 03:29:17,445][flwr][INFO] - 	              (27, 0.7192982456140351),
[2024-10-11 03:29:17,446][flwr][INFO] - 	              (28, 0.425),
[2024-10-11 03:29:17,446][flwr][INFO] - 	              (29, 0.4482758620689655),
[2024-10-11 03:29:17,446][flwr][INFO] - 	              (30, 0.575),
[2024-10-11 03:29:17,446][flwr][INFO] - 	              (31, 0.6764705882352942),
[2024-10-11 03:29:17,446][flwr][INFO] - 	              (32, 0.65625),
[2024-10-11 03:29:17,446][flwr][INFO] - 	              (33, 0.49056603773584906),
[2024-10-11 03:29:17,446][flwr][INFO] - 	              (34, 0.6111111111111112),
[2024-10-11 03:29:17,446][flwr][INFO] - 	              (35, 0.7142857142857143),
[2024-10-11 03:29:17,446][flwr][INFO] - 	              (36, 0.6756756756756757),
[2024-10-11 03:29:17,446][flwr][INFO] - 	              (37, 0.8166666666666667),
[2024-10-11 03:29:17,446][flwr][INFO] - 	              (38, 0.7608695652173914),
[2024-10-11 03:29:17,446][flwr][INFO] - 	              (39, 0.6206896551724138),
[2024-10-11 03:29:17,446][flwr][INFO] - 	              (40, 0.9047619047619048),
[2024-10-11 03:29:17,446][flwr][INFO] - 	              (41, 0.6129032258064516),
[2024-10-11 03:29:17,446][flwr][INFO] - 	              (42, 0.6122448979591837),
[2024-10-11 03:29:17,446][flwr][INFO] - 	              (43, 0.6164383561643836),
[2024-10-11 03:29:17,446][flwr][INFO] - 	              (44, 0.5849056603773585),
[2024-10-11 03:29:17,447][flwr][INFO] - 	              (45, 0.35294117647058826),
[2024-10-11 03:29:17,447][flwr][INFO] - 	              (46, 0.6229508196721312),
[2024-10-11 03:29:17,447][flwr][INFO] - 	              (47, 0.82),
[2024-10-11 03:29:17,447][flwr][INFO] - 	              (48, 0.6792452830188679),
[2024-10-11 03:29:17,447][flwr][INFO] - 	              (49, 0.8648648648648649),
[2024-10-11 03:29:17,447][flwr][INFO] - 	              (50, 0.7),
[2024-10-11 03:29:17,447][flwr][INFO] - 	              (51, 0.8163265306122449),
[2024-10-11 03:29:17,447][flwr][INFO] - 	              (52, 0.8596491228070176),
[2024-10-11 03:29:17,447][flwr][INFO] - 	              (53, 0.7037037037037037),
[2024-10-11 03:29:17,447][flwr][INFO] - 	              (54, 0.9523809523809523),
[2024-10-11 03:29:17,447][flwr][INFO] - 	              (55, 0.7413793103448276),
[2024-10-11 03:29:17,447][flwr][INFO] - 	              (56, 0.7142857142857143),
[2024-10-11 03:29:17,447][flwr][INFO] - 	              (57, 0.8333333333333334),
[2024-10-11 03:29:17,447][flwr][INFO] - 	              (58, 0.6857142857142857),
[2024-10-11 03:29:17,447][flwr][INFO] - 	              (59, 0.78125),
[2024-10-11 03:29:17,447][flwr][INFO] - 	              (60, 0.88),
[2024-10-11 03:29:17,447][flwr][INFO] - 	              (61, 0.660377358490566),
[2024-10-11 03:29:17,447][flwr][INFO] - 	              (62, 0.8536585365853658),
[2024-10-11 03:29:17,448][flwr][INFO] - 	              (63, 0.7333333333333333),
[2024-10-11 03:29:17,448][flwr][INFO] - 	              (64, 0.7777777777777778),
[2024-10-11 03:29:17,448][flwr][INFO] - 	              (65, 0.7272727272727273),
[2024-10-11 03:29:17,448][flwr][INFO] - 	              (66, 0.8),
[2024-10-11 03:29:17,448][flwr][INFO] - 	              (67, 0.8529411764705882),
[2024-10-11 03:29:17,448][flwr][INFO] - 	              (68, 0.8222222222222222),
[2024-10-11 03:29:17,448][flwr][INFO] - 	              (69, 0.5652173913043478),
[2024-10-11 03:29:17,448][flwr][INFO] - 	              (70, 0.7166666666666667),
[2024-10-11 03:29:17,448][flwr][INFO] - 	              (71, 0.7272727272727273),
[2024-10-11 03:29:17,448][flwr][INFO] - 	              (72, 0.4166666666666667),
[2024-10-11 03:29:17,448][flwr][INFO] - 	              (73, 0.7560975609756098),
[2024-10-11 03:29:17,448][flwr][INFO] - 	              (74, 0.5555555555555556),
[2024-10-11 03:29:17,448][flwr][INFO] - 	              (75, 0.45098039215686275),
[2024-10-11 03:29:17,448][flwr][INFO] - 	              (76, 0.8035714285714286),
[2024-10-11 03:29:17,448][flwr][INFO] - 	              (77, 0.6666666666666666),
[2024-10-11 03:29:17,448][flwr][INFO] - 	              (78, 0.6666666666666666),
[2024-10-11 03:29:17,448][flwr][INFO] - 	              (79, 0.6825396825396826),
[2024-10-11 03:29:17,449][flwr][INFO] - 	              (80, 0.8260869565217391),
[2024-10-11 03:29:17,449][flwr][INFO] - 	              (81, 0.7777777777777778),
[2024-10-11 03:29:17,449][flwr][INFO] - 	              (82, 0.7547169811320755),
[2024-10-11 03:29:17,449][flwr][INFO] - 	              (83, 0.8085106382978723),
[2024-10-11 03:29:17,449][flwr][INFO] - 	              (84, 0.7692307692307693),
[2024-10-11 03:29:17,449][flwr][INFO] - 	              (85, 0.9696969696969697),
[2024-10-11 03:29:17,449][flwr][INFO] - 	              (86, 0.8888888888888888),
[2024-10-11 03:29:17,449][flwr][INFO] - 	              (87, 0.7924528301886793),
[2024-10-11 03:29:17,449][flwr][INFO] - 	              (88, 0.7777777777777778),
[2024-10-11 03:29:17,449][flwr][INFO] - 	              (89, 0.6875),
[2024-10-11 03:29:17,449][flwr][INFO] - 	              (90, 0.8591549295774648),
[2024-10-11 03:29:17,449][flwr][INFO] - 	              (91, 0.8043478260869565),
[2024-10-11 03:29:17,449][flwr][INFO] - 	              (92, 0.6818181818181818),
[2024-10-11 03:29:17,449][flwr][INFO] - 	              (93, 0.765625),
[2024-10-11 03:29:17,449][flwr][INFO] - 	              (94, 0.90625),
[2024-10-11 03:29:17,449][flwr][INFO] - 	              (95, 0.8780487804878049),
[2024-10-11 03:29:17,449][flwr][INFO] - 	              (96, 0.8260869565217391),
[2024-10-11 03:29:17,450][flwr][INFO] - 	              (97, 0.7777777777777778),
[2024-10-11 03:29:17,450][flwr][INFO] - 	              (98, 0.8571428571428571),
[2024-10-11 03:29:17,450][flwr][INFO] - 	              (99, 0.8571428571428571),
[2024-10-11 03:29:17,450][flwr][INFO] - 	              (100, 0.84)]}
[2024-10-11 03:29:17,450][flwr][INFO] - 	History (metrics, centralized):
[2024-10-11 03:29:17,450][flwr][INFO] - 	{'accuracy': [(0, 0.04793919906460099),
[2024-10-11 03:29:17,450][flwr][INFO] - 	              (1, 0.18181818181818182),
[2024-10-11 03:29:17,450][flwr][INFO] - 	              (2, 0.17246419175679625),
[2024-10-11 03:29:17,450][flwr][INFO] - 	              (3, 0.1844489915229465),
[2024-10-11 03:29:17,450][flwr][INFO] - 	              (4, 0.2572347266881029),
[2024-10-11 03:29:17,450][flwr][INFO] - 	              (5, 0.3218357205495469),
[2024-10-11 03:29:17,450][flwr][INFO] - 	              (6, 0.2712657117801812),
[2024-10-11 03:29:17,450][flwr][INFO] - 	              (7, 0.368897983045893),
[2024-10-11 03:29:17,450][flwr][INFO] - 	              (8, 0.4937152879275066),
[2024-10-11 03:29:17,450][flwr][INFO] - 	              (9, 0.4615609470914937),
[2024-10-11 03:29:17,450][flwr][INFO] - 	              (10, 0.47822274188833674),
[2024-10-11 03:29:17,450][flwr][INFO] - 	              (11, 0.5507161648640748),
[2024-10-11 03:29:17,451][flwr][INFO] - 	              (12, 0.5805320081847413),
[2024-10-11 03:29:17,451][flwr][INFO] - 	              (13, 0.673194972230342),
[2024-10-11 03:29:17,451][flwr][INFO] - 	              (14, 0.6688102893890675),
[2024-10-11 03:29:17,451][flwr][INFO] - 	              (15, 0.6275942706810874),
[2024-10-11 03:29:17,451][flwr][INFO] - 	              (16, 0.7296112247880736),
[2024-10-11 03:29:17,451][flwr][INFO] - 	              (17, 0.32008184741303713),
[2024-10-11 03:29:17,451][flwr][INFO] - 	              (18, 0.6454253142356037),
[2024-10-11 03:29:17,451][flwr][INFO] - 	              (19, 0.7129494299912307),
[2024-10-11 03:29:17,451][flwr][INFO] - 	              (20, 0.7000876936568254),
[2024-10-11 03:29:17,451][flwr][INFO] - 	              (21, 0.7237649809997077),
[2024-10-11 03:29:17,451][flwr][INFO] - 	              (22, 0.689856767027185),
[2024-10-11 03:29:17,451][flwr][INFO] - 	              (23, 0.6726103478515054),
[2024-10-11 03:29:17,451][flwr][INFO] - 	              (24, 0.681964337912891),
[2024-10-11 03:29:17,451][flwr][INFO] - 	              (25, 0.7579655071616487),
[2024-10-11 03:29:17,451][flwr][INFO] - 	              (26, 0.6319789535223619),
[2024-10-11 03:29:17,451][flwr][INFO] - 	              (27, 0.7310727857351652),
[2024-10-11 03:29:17,451][flwr][INFO] - 	              (28, 0.6065477930429699),
[2024-10-11 03:29:17,451][flwr][INFO] - 	              (29, 0.3767904121601871),
[2024-10-11 03:29:17,452][flwr][INFO] - 	              (30, 0.5223618824904999),
[2024-10-11 03:29:17,452][flwr][INFO] - 	              (31, 0.7728734288219818),
[2024-10-11 03:29:17,452][flwr][INFO] - 	              (32, 0.7056416252557731),
[2024-10-11 03:29:17,452][flwr][INFO] - 	              (33, 0.6144402221572639),
[2024-10-11 03:29:17,452][flwr][INFO] - 	              (34, 0.6904413914060217),
[2024-10-11 03:29:17,452][flwr][INFO] - 	              (35, 0.6749488453668518),
[2024-10-11 03:29:17,452][flwr][INFO] - 	              (36, 0.7909967845659164),
[2024-10-11 03:29:17,452][flwr][INFO] - 	              (37, 0.808243203741596),
[2024-10-11 03:29:17,452][flwr][INFO] - 	              (38, 0.7877813504823151),
[2024-10-11 03:29:17,452][flwr][INFO] - 	              (39, 0.6980415083308974),
[2024-10-11 03:29:17,452][flwr][INFO] - 	              (40, 0.7991815258696288),
[2024-10-11 03:29:17,452][flwr][INFO] - 	              (41, 0.7643963753288512),
[2024-10-11 03:29:17,452][flwr][INFO] - 	              (42, 0.7360420929552762),
[2024-10-11 03:29:17,452][flwr][INFO] - 	              (43, 0.6407483192049108),
[2024-10-11 03:29:17,452][flwr][INFO] - 	              (44, 0.7503653902367728),
[2024-10-11 03:29:17,452][flwr][INFO] - 	              (45, 0.43437591347559196),
[2024-10-11 03:29:17,452][flwr][INFO] - 	              (46, 0.7375036539023677),
[2024-10-11 03:29:17,453][flwr][INFO] - 	              (47, 0.7959660917860275),
[2024-10-11 03:29:17,453][flwr][INFO] - 	              (48, 0.785735165156387),
[2024-10-11 03:29:17,453][flwr][INFO] - 	              (49, 0.8254896229172757),
[2024-10-11 03:29:17,453][flwr][INFO] - 	              (50, 0.7737503653902368),
[2024-10-11 03:29:17,453][flwr][INFO] - 	              (51, 0.822858813212511),
[2024-10-11 03:29:17,453][flwr][INFO] - 	              (52, 0.8529669687225957),
[2024-10-11 03:29:17,453][flwr][INFO] - 	              (53, 0.7731657410114001),
[2024-10-11 03:29:17,453][flwr][INFO] - 	              (54, 0.8477053493130664),
[2024-10-11 03:29:17,453][flwr][INFO] - 	              (55, 0.6977491961414791),
[2024-10-11 03:29:17,453][flwr][INFO] - 	              (56, 0.8336743642209881),
[2024-10-11 03:29:17,453][flwr][INFO] - 	              (57, 0.8459514761765565),
[2024-10-11 03:29:17,453][flwr][INFO] - 	              (58, 0.7585501315404852),
[2024-10-11 03:29:17,453][flwr][INFO] - 	              (59, 0.6676410406313943),
[2024-10-11 03:29:17,453][flwr][INFO] - 	              (60, 0.785735165156387),
[2024-10-11 03:29:17,453][flwr][INFO] - 	              (61, 0.8070739549839229),
[2024-10-11 03:29:17,453][flwr][INFO] - 	              (62, 0.7895352236188249),
[2024-10-11 03:29:17,453][flwr][INFO] - 	              (63, 0.6930722011107863),
[2024-10-11 03:29:17,454][flwr][INFO] - 	              (64, 0.8383513592516808),
[2024-10-11 03:29:17,454][flwr][INFO] - 	              (65, 0.752411575562701),
[2024-10-11 03:29:17,454][flwr][INFO] - 	              (66, 0.8406898567670272),
[2024-10-11 03:29:17,454][flwr][INFO] - 	              (67, 0.8564747149956153),
[2024-10-11 03:29:17,454][flwr][INFO] - 	              (68, 0.822858813212511),
[2024-10-11 03:29:17,454][flwr][INFO] - 	              (69, 0.6378251973107278),
[2024-10-11 03:29:17,454][flwr][INFO] - 	              (70, 0.8173048816135633),
[2024-10-11 03:29:17,454][flwr][INFO] - 	              (71, 0.5992399883075125),
[2024-10-11 03:29:17,454][flwr][INFO] - 	              (72, 0.43583747442268345),
[2024-10-11 03:29:17,454][flwr][INFO] - 	              (73, 0.7570885705933937),
[2024-10-11 03:29:17,454][flwr][INFO] - 	              (74, 0.7114878690441392),
[2024-10-11 03:29:17,454][flwr][INFO] - 	              (75, 0.5673779596609179),
[2024-10-11 03:29:17,454][flwr][INFO] - 	              (76, 0.8371821104940076),
[2024-10-11 03:29:17,454][flwr][INFO] - 	              (77, 0.7375036539023677),
[2024-10-11 03:29:17,454][flwr][INFO] - 	              (78, 0.7866121017246419),
[2024-10-11 03:29:17,454][flwr][INFO] - 	              (79, 0.7398421514177141),
[2024-10-11 03:29:17,454][flwr][INFO] - 	              (80, 0.8626132709733996),
[2024-10-11 03:29:17,454][flwr][INFO] - 	              (81, 0.7179187372113417),
[2024-10-11 03:29:17,455][flwr][INFO] - 	              (82, 0.8690441391406022),
[2024-10-11 03:29:17,455][flwr][INFO] - 	              (83, 0.8190587547500731),
[2024-10-11 03:29:17,455][flwr][INFO] - 	              (84, 0.8114586378251973),
[2024-10-11 03:29:17,455][flwr][INFO] - 	              (85, 0.85910552470038),
[2024-10-11 03:29:17,455][flwr][INFO] - 	              (86, 0.8637825197310728),
[2024-10-11 03:29:17,455][flwr][INFO] - 	              (87, 0.6328558900906168),
[2024-10-11 03:29:17,455][flwr][INFO] - 	              (88, 0.681964337912891),
[2024-10-11 03:29:17,455][flwr][INFO] - 	              (89, 0.7471499561531716),
[2024-10-11 03:29:17,455][flwr][INFO] - 	              (90, 0.8631978953522362),
[2024-10-11 03:29:17,455][flwr][INFO] - 	              (91, 0.8550131540485238),
[2024-10-11 03:29:17,455][flwr][INFO] - 	              (92, 0.6968722595732242),
[2024-10-11 03:29:17,455][flwr][INFO] - 	              (93, 0.8225665010230927),
[2024-10-11 03:29:17,455][flwr][INFO] - 	              (94, 0.8687518269511839),
[2024-10-11 03:29:17,455][flwr][INFO] - 	              (95, 0.8564747149956153),
[2024-10-11 03:29:17,455][flwr][INFO] - 	              (96, 0.8544285296696872),
[2024-10-11 03:29:17,455][flwr][INFO] - 	              (97, 0.7848582285881321),
[2024-10-11 03:29:17,455][flwr][INFO] - 	              (98, 0.8550131540485238),
[2024-10-11 03:29:17,456][flwr][INFO] - 	              (99, 0.8687518269511839),
[2024-10-11 03:29:17,456][flwr][INFO] - 	              (100, 0.8605670856474715)]}
[2024-10-11 03:29:17,456][flwr][INFO] - 
