[2024-09-16 02:17:10,916][flwr][INFO] - Starting Flower simulation, config: num_rounds=100, no round_timeout
[2024-09-16 02:17:14,126][flwr][INFO] - Flower VCE: Ray initialized with resources: {'node:115.145.172.224': 1.0, 'object_store_memory': 76543625625.0, 'memory': 168601793127.0, 'CPU': 256.0, 'GPU': 1.0, 'accelerator_type:G': 1.0, 'node:__internal_head__': 1.0}
[2024-09-16 02:17:14,126][flwr][INFO] - Optimize your simulation with Flower VCE: https://flower.ai/docs/framework/how-to-run-simulations.html
[2024-09-16 02:17:14,126][flwr][INFO] - Flower VCE: Resources for each Virtual Client: {'num_cpus': 64, 'num_gpus': 0.1}
[2024-09-16 02:17:14,156][flwr][INFO] - Flower VCE: Creating VirtualClientEngineActorPool with 4 actors
[2024-09-16 02:17:14,156][flwr][INFO] - [INIT]
[2024-09-16 02:17:14,156][flwr][INFO] - Requesting initial parameters from one random client
[2024-09-16 02:17:18,568][flwr][INFO] - Received initial parameters from one random client
[2024-09-16 02:17:18,568][flwr][INFO] - Evaluating initial global parameters
[2024-09-16 02:17:24,041][flwr][INFO] - initial parameters (loss, other metrics): 220.72804379463196, {'accuracy': 0.14732534346682258}
[2024-09-16 02:17:24,041][flwr][INFO] - 
[2024-09-16 02:17:24,041][flwr][INFO] - [ROUND 1]
[2024-09-16 02:17:24,042][flwr][INFO] - configure_fit: strategy sampled 5 clients (out of 50)
[2024-09-16 02:17:29,935][flwr][INFO] - aggregate_fit: received 5 results and 0 failures
[2024-09-16 02:17:30,150][flwr][WARNING] - No fit_metrics_aggregation_fn provided
[2024-09-16 02:17:35,843][flwr][INFO] - fit progress: (1, 218.58322203159332, {'accuracy': 0.18181818181818182}, 11.801830059848726)
[2024-09-16 02:17:35,843][flwr][INFO] - configure_evaluate: strategy sampled 2 clients (out of 50)
[2024-09-16 02:17:36,302][flwr][INFO] - aggregate_evaluate: received 2 results and 0 failures
[2024-09-16 02:17:36,303][flwr][INFO] - 
[2024-09-16 02:17:36,303][flwr][INFO] - [ROUND 2]
[2024-09-16 02:17:36,303][flwr][INFO] - configure_fit: strategy sampled 5 clients (out of 50)
[2024-09-16 02:17:39,592][flwr][INFO] - aggregate_fit: received 5 results and 0 failures
[2024-09-16 02:17:44,552][flwr][INFO] - fit progress: (2, 219.78253293037415, {'accuracy': 0.17597193802981584}, 20.510394929908216)
[2024-09-16 02:17:44,552][flwr][INFO] - configure_evaluate: strategy sampled 2 clients (out of 50)
[2024-09-16 02:17:45,167][flwr][INFO] - aggregate_evaluate: received 2 results and 0 failures
[2024-09-16 02:17:45,167][flwr][INFO] - 
[2024-09-16 02:17:45,167][flwr][INFO] - [ROUND 3]
[2024-09-16 02:17:45,167][flwr][INFO] - configure_fit: strategy sampled 5 clients (out of 50)
[2024-09-16 02:17:49,682][flwr][INFO] - aggregate_fit: received 5 results and 0 failures
[2024-09-16 02:17:55,230][flwr][INFO] - fit progress: (3, 208.2747219800949, {'accuracy': 0.2972814966384098}, 31.188922160770744)
[2024-09-16 02:17:55,231][flwr][INFO] - configure_evaluate: strategy sampled 2 clients (out of 50)
[2024-09-16 02:17:55,641][flwr][INFO] - aggregate_evaluate: received 2 results and 0 failures
[2024-09-16 02:17:55,641][flwr][INFO] - 
[2024-09-16 02:17:55,641][flwr][INFO] - [ROUND 4]
[2024-09-16 02:17:55,642][flwr][INFO] - configure_fit: strategy sampled 5 clients (out of 50)
[2024-09-16 02:18:01,710][flwr][INFO] - aggregate_fit: received 5 results and 0 failures
[2024-09-16 02:18:07,558][flwr][INFO] - fit progress: (4, 199.12758374214172, {'accuracy': 0.3294358374744227}, 43.516607572790235)
[2024-09-16 02:18:07,558][flwr][INFO] - configure_evaluate: strategy sampled 2 clients (out of 50)
[2024-09-16 02:18:08,096][flwr][INFO] - aggregate_evaluate: received 2 results and 0 failures
[2024-09-16 02:18:08,096][flwr][INFO] - 
[2024-09-16 02:18:08,096][flwr][INFO] - [ROUND 5]
[2024-09-16 02:18:08,096][flwr][INFO] - configure_fit: strategy sampled 5 clients (out of 50)
[2024-09-16 02:18:11,753][flwr][INFO] - aggregate_fit: received 5 results and 0 failures
[2024-09-16 02:18:17,433][flwr][INFO] - fit progress: (5, 196.77178180217743, {'accuracy': 0.3969599532300497}, 53.39195088809356)
[2024-09-16 02:18:17,434][flwr][INFO] - configure_evaluate: strategy sampled 2 clients (out of 50)
[2024-09-16 02:18:17,772][flwr][INFO] - aggregate_evaluate: received 2 results and 0 failures
[2024-09-16 02:18:17,772][flwr][INFO] - 
[2024-09-16 02:18:17,772][flwr][INFO] - [ROUND 6]
[2024-09-16 02:18:17,772][flwr][INFO] - configure_fit: strategy sampled 5 clients (out of 50)
[2024-09-16 02:18:22,498][flwr][INFO] - aggregate_fit: received 5 results and 0 failures
[2024-09-16 02:18:28,814][flwr][INFO] - fit progress: (6, 198.14661967754364, {'accuracy': 0.29055831628178896}, 64.77242280775681)
[2024-09-16 02:18:28,814][flwr][INFO] - configure_evaluate: strategy sampled 2 clients (out of 50)
[2024-09-16 02:18:29,178][flwr][INFO] - aggregate_evaluate: received 2 results and 0 failures
[2024-09-16 02:18:29,179][flwr][INFO] - 
[2024-09-16 02:18:29,179][flwr][INFO] - [ROUND 7]
[2024-09-16 02:18:29,179][flwr][INFO] - configure_fit: strategy sampled 5 clients (out of 50)
[2024-09-16 02:18:31,655][flwr][INFO] - aggregate_fit: received 5 results and 0 failures
[2024-09-16 02:18:37,121][flwr][INFO] - fit progress: (7, 187.71373772621155, {'accuracy': 0.44694533762057875}, 73.07959732506424)
[2024-09-16 02:18:37,121][flwr][INFO] - configure_evaluate: strategy sampled 2 clients (out of 50)
[2024-09-16 02:18:37,576][flwr][INFO] - aggregate_evaluate: received 2 results and 0 failures
[2024-09-16 02:18:37,576][flwr][INFO] - 
[2024-09-16 02:18:37,576][flwr][INFO] - [ROUND 8]
[2024-09-16 02:18:37,576][flwr][INFO] - configure_fit: strategy sampled 5 clients (out of 50)
[2024-09-16 02:18:41,089][flwr][INFO] - aggregate_fit: received 5 results and 0 failures
[2024-09-16 02:18:46,603][flwr][INFO] - fit progress: (8, 190.43957102298737, {'accuracy': 0.47471499561531716}, 82.56206666119397)
[2024-09-16 02:18:46,604][flwr][INFO] - configure_evaluate: strategy sampled 2 clients (out of 50)
[2024-09-16 02:18:46,934][flwr][INFO] - aggregate_evaluate: received 2 results and 0 failures
[2024-09-16 02:18:46,934][flwr][INFO] - 
[2024-09-16 02:18:46,934][flwr][INFO] - [ROUND 9]
[2024-09-16 02:18:46,935][flwr][INFO] - configure_fit: strategy sampled 5 clients (out of 50)
[2024-09-16 02:18:51,796][flwr][INFO] - aggregate_fit: received 5 results and 0 failures
[2024-09-16 02:18:57,194][flwr][INFO] - fit progress: (9, 169.37550806999207, {'accuracy': 0.5632855890090617}, 93.15285056177527)
[2024-09-16 02:18:57,194][flwr][INFO] - configure_evaluate: strategy sampled 2 clients (out of 50)
[2024-09-16 02:18:57,631][flwr][INFO] - aggregate_evaluate: received 2 results and 0 failures
[2024-09-16 02:18:57,631][flwr][INFO] - 
[2024-09-16 02:18:57,631][flwr][INFO] - [ROUND 10]
[2024-09-16 02:18:57,632][flwr][INFO] - configure_fit: strategy sampled 5 clients (out of 50)
[2024-09-16 02:19:00,400][flwr][INFO] - aggregate_fit: received 5 results and 0 failures
[2024-09-16 02:19:05,938][flwr][INFO] - fit progress: (10, 161.75818538665771, {'accuracy': 0.5425314235603624}, 101.89654637081549)
[2024-09-16 02:19:05,938][flwr][INFO] - configure_evaluate: strategy sampled 2 clients (out of 50)
[2024-09-16 02:19:06,317][flwr][INFO] - aggregate_evaluate: received 2 results and 0 failures
[2024-09-16 02:19:06,317][flwr][INFO] - 
[2024-09-16 02:19:06,317][flwr][INFO] - [ROUND 11]
[2024-09-16 02:19:06,318][flwr][INFO] - configure_fit: strategy sampled 5 clients (out of 50)
[2024-09-16 02:19:08,958][flwr][INFO] - aggregate_fit: received 5 results and 0 failures
[2024-09-16 02:19:14,062][flwr][INFO] - fit progress: (11, 158.03758776187897, {'accuracy': 0.6328558900906168}, 110.02083746995777)
[2024-09-16 02:19:14,062][flwr][INFO] - configure_evaluate: strategy sampled 2 clients (out of 50)
[2024-09-16 02:19:14,404][flwr][INFO] - aggregate_evaluate: received 2 results and 0 failures
[2024-09-16 02:19:14,405][flwr][INFO] - 
[2024-09-16 02:19:14,405][flwr][INFO] - [ROUND 12]
[2024-09-16 02:19:14,405][flwr][INFO] - configure_fit: strategy sampled 5 clients (out of 50)
[2024-09-16 02:19:19,796][flwr][INFO] - aggregate_fit: received 5 results and 0 failures
[2024-09-16 02:19:25,240][flwr][INFO] - fit progress: (12, 148.59224367141724, {'accuracy': 0.6150248465361006}, 121.1986220581457)
[2024-09-16 02:19:25,241][flwr][INFO] - configure_evaluate: strategy sampled 2 clients (out of 50)
[2024-09-16 02:19:25,589][flwr][INFO] - aggregate_evaluate: received 2 results and 0 failures
[2024-09-16 02:19:25,589][flwr][INFO] - 
[2024-09-16 02:19:25,589][flwr][INFO] - [ROUND 13]
[2024-09-16 02:19:25,590][flwr][INFO] - configure_fit: strategy sampled 5 clients (out of 50)
[2024-09-16 02:19:28,682][flwr][INFO] - aggregate_fit: received 5 results and 0 failures
[2024-09-16 02:19:33,940][flwr][INFO] - fit progress: (13, 137.60505855083466, {'accuracy': 0.673194972230342}, 129.89834457216784)
[2024-09-16 02:19:33,941][flwr][INFO] - configure_evaluate: strategy sampled 2 clients (out of 50)
[2024-09-16 02:19:34,345][flwr][INFO] - aggregate_evaluate: received 2 results and 0 failures
[2024-09-16 02:19:34,346][flwr][INFO] - 
[2024-09-16 02:19:34,346][flwr][INFO] - [ROUND 14]
[2024-09-16 02:19:34,346][flwr][INFO] - configure_fit: strategy sampled 5 clients (out of 50)
[2024-09-16 02:19:39,180][flwr][INFO] - aggregate_fit: received 5 results and 0 failures
[2024-09-16 02:19:44,078][flwr][INFO] - fit progress: (14, 124.38834929466248, {'accuracy': 0.71821104940076}, 140.0371296070516)
[2024-09-16 02:19:44,079][flwr][INFO] - configure_evaluate: strategy sampled 2 clients (out of 50)
[2024-09-16 02:19:44,464][flwr][INFO] - aggregate_evaluate: received 2 results and 0 failures
[2024-09-16 02:19:44,464][flwr][INFO] - 
[2024-09-16 02:19:44,464][flwr][INFO] - [ROUND 15]
[2024-09-16 02:19:44,464][flwr][INFO] - configure_fit: strategy sampled 5 clients (out of 50)
[2024-09-16 02:19:47,022][flwr][INFO] - aggregate_fit: received 5 results and 0 failures
[2024-09-16 02:19:51,840][flwr][INFO] - fit progress: (15, 124.2262915968895, {'accuracy': 0.7252265419467991}, 147.79882268514484)
[2024-09-16 02:19:51,841][flwr][INFO] - configure_evaluate: strategy sampled 2 clients (out of 50)
[2024-09-16 02:19:52,194][flwr][INFO] - aggregate_evaluate: received 2 results and 0 failures
[2024-09-16 02:19:52,194][flwr][INFO] - 
[2024-09-16 02:19:52,195][flwr][INFO] - [ROUND 16]
[2024-09-16 02:19:52,195][flwr][INFO] - configure_fit: strategy sampled 5 clients (out of 50)
[2024-09-16 02:19:55,512][flwr][INFO] - aggregate_fit: received 5 results and 0 failures
[2024-09-16 02:20:00,513][flwr][INFO] - fit progress: (16, 116.41217887401581, {'accuracy': 0.7427652733118971}, 156.47212319495156)
[2024-09-16 02:20:00,514][flwr][INFO] - configure_evaluate: strategy sampled 2 clients (out of 50)
[2024-09-16 02:20:00,892][flwr][INFO] - aggregate_evaluate: received 2 results and 0 failures
[2024-09-16 02:20:00,893][flwr][INFO] - 
[2024-09-16 02:20:00,893][flwr][INFO] - [ROUND 17]
[2024-09-16 02:20:00,893][flwr][INFO] - configure_fit: strategy sampled 5 clients (out of 50)
[2024-09-16 02:20:05,369][flwr][INFO] - aggregate_fit: received 5 results and 0 failures
[2024-09-16 02:20:11,359][flwr][INFO] - fit progress: (17, 117.89679706096649, {'accuracy': 0.7161648640748319}, 167.31780386995524)
[2024-09-16 02:20:11,359][flwr][INFO] - configure_evaluate: strategy sampled 2 clients (out of 50)
[2024-09-16 02:20:11,743][flwr][INFO] - aggregate_evaluate: received 2 results and 0 failures
[2024-09-16 02:20:11,743][flwr][INFO] - 
[2024-09-16 02:20:11,743][flwr][INFO] - [ROUND 18]
[2024-09-16 02:20:11,743][flwr][INFO] - configure_fit: strategy sampled 5 clients (out of 50)
[2024-09-16 02:20:15,657][flwr][INFO] - aggregate_fit: received 5 results and 0 failures
[2024-09-16 02:20:20,336][flwr][INFO] - fit progress: (18, 112.73603600263596, {'accuracy': 0.7722888044431453}, 176.29527577990666)
[2024-09-16 02:20:20,337][flwr][INFO] - configure_evaluate: strategy sampled 2 clients (out of 50)
[2024-09-16 02:20:20,690][flwr][INFO] - aggregate_evaluate: received 2 results and 0 failures
[2024-09-16 02:20:20,690][flwr][INFO] - 
[2024-09-16 02:20:20,690][flwr][INFO] - [ROUND 19]
[2024-09-16 02:20:20,690][flwr][INFO] - configure_fit: strategy sampled 5 clients (out of 50)
[2024-09-16 02:20:23,495][flwr][INFO] - aggregate_fit: received 5 results and 0 failures
[2024-09-16 02:20:28,411][flwr][INFO] - fit progress: (19, 105.15197420120239, {'accuracy': 0.7594270681087402}, 184.3703258628957)
[2024-09-16 02:20:28,412][flwr][INFO] - configure_evaluate: strategy sampled 2 clients (out of 50)
[2024-09-16 02:20:28,726][flwr][INFO] - aggregate_evaluate: received 2 results and 0 failures
[2024-09-16 02:20:28,726][flwr][INFO] - 
[2024-09-16 02:20:28,727][flwr][INFO] - [ROUND 20]
[2024-09-16 02:20:28,727][flwr][INFO] - configure_fit: strategy sampled 5 clients (out of 50)
[2024-09-16 02:20:31,683][flwr][INFO] - aggregate_fit: received 5 results and 0 failures
[2024-09-16 02:20:36,382][flwr][INFO] - fit progress: (20, 104.81479209661484, {'accuracy': 0.7342882198187665}, 192.34140193276107)
[2024-09-16 02:20:36,383][flwr][INFO] - configure_evaluate: strategy sampled 2 clients (out of 50)
[2024-09-16 02:20:36,735][flwr][INFO] - aggregate_evaluate: received 2 results and 0 failures
[2024-09-16 02:20:36,735][flwr][INFO] - 
[2024-09-16 02:20:36,735][flwr][INFO] - [ROUND 21]
[2024-09-16 02:20:36,735][flwr][INFO] - configure_fit: strategy sampled 5 clients (out of 50)
[2024-09-16 02:20:41,442][flwr][INFO] - aggregate_fit: received 5 results and 0 failures
[2024-09-16 02:20:46,146][flwr][INFO] - fit progress: (21, 99.61007249355316, {'accuracy': 0.7667348728441976}, 202.10451610013843)
[2024-09-16 02:20:46,146][flwr][INFO] - configure_evaluate: strategy sampled 2 clients (out of 50)
[2024-09-16 02:20:46,473][flwr][INFO] - aggregate_evaluate: received 2 results and 0 failures
[2024-09-16 02:20:46,474][flwr][INFO] - 
[2024-09-16 02:20:46,474][flwr][INFO] - [ROUND 22]
[2024-09-16 02:20:46,474][flwr][INFO] - configure_fit: strategy sampled 5 clients (out of 50)
[2024-09-16 02:20:48,775][flwr][INFO] - aggregate_fit: received 5 results and 0 failures
[2024-09-16 02:20:53,705][flwr][INFO] - fit progress: (22, 94.31054365634918, {'accuracy': 0.785735165156387}, 209.66347416397184)
[2024-09-16 02:20:53,705][flwr][INFO] - configure_evaluate: strategy sampled 2 clients (out of 50)
[2024-09-16 02:20:54,188][flwr][INFO] - aggregate_evaluate: received 2 results and 0 failures
[2024-09-16 02:20:54,189][flwr][INFO] - 
[2024-09-16 02:20:54,189][flwr][INFO] - [ROUND 23]
[2024-09-16 02:20:54,189][flwr][INFO] - configure_fit: strategy sampled 5 clients (out of 50)
[2024-09-16 02:20:58,034][flwr][INFO] - aggregate_fit: received 5 results and 0 failures
[2024-09-16 02:21:03,953][flwr][INFO] - fit progress: (23, 101.83666521310806, {'accuracy': 0.7831043554516224}, 219.91203861078247)
[2024-09-16 02:21:03,954][flwr][INFO] - configure_evaluate: strategy sampled 2 clients (out of 50)
[2024-09-16 02:21:04,325][flwr][INFO] - aggregate_evaluate: received 2 results and 0 failures
[2024-09-16 02:21:04,326][flwr][INFO] - 
[2024-09-16 02:21:04,326][flwr][INFO] - [ROUND 24]
[2024-09-16 02:21:04,326][flwr][INFO] - configure_fit: strategy sampled 5 clients (out of 50)
[2024-09-16 02:21:07,307][flwr][INFO] - aggregate_fit: received 5 results and 0 failures
[2024-09-16 02:21:13,415][flwr][INFO] - fit progress: (24, 104.68529224395752, {'accuracy': 0.7626425021923414}, 229.37437410186976)
[2024-09-16 02:21:13,416][flwr][INFO] - configure_evaluate: strategy sampled 2 clients (out of 50)
[2024-09-16 02:21:13,708][flwr][INFO] - aggregate_evaluate: received 2 results and 0 failures
[2024-09-16 02:21:13,708][flwr][INFO] - 
[2024-09-16 02:21:13,709][flwr][INFO] - [ROUND 25]
[2024-09-16 02:21:13,709][flwr][INFO] - configure_fit: strategy sampled 5 clients (out of 50)
[2024-09-16 02:21:16,984][flwr][INFO] - aggregate_fit: received 5 results and 0 failures
[2024-09-16 02:21:22,308][flwr][INFO] - fit progress: (25, 98.88084131479263, {'accuracy': 0.7518269511838643}, 238.26694135693833)
[2024-09-16 02:21:22,308][flwr][INFO] - configure_evaluate: strategy sampled 2 clients (out of 50)
[2024-09-16 02:21:22,700][flwr][INFO] - aggregate_evaluate: received 2 results and 0 failures
[2024-09-16 02:21:22,700][flwr][INFO] - 
[2024-09-16 02:21:22,700][flwr][INFO] - [ROUND 26]
[2024-09-16 02:21:22,700][flwr][INFO] - configure_fit: strategy sampled 5 clients (out of 50)
[2024-09-16 02:21:25,411][flwr][INFO] - aggregate_fit: received 5 results and 0 failures
[2024-09-16 02:21:31,203][flwr][INFO] - fit progress: (26, 90.87845414876938, {'accuracy': 0.7787196726103478}, 247.16194674698636)
[2024-09-16 02:21:31,203][flwr][INFO] - configure_evaluate: strategy sampled 2 clients (out of 50)
[2024-09-16 02:21:31,620][flwr][INFO] - aggregate_evaluate: received 2 results and 0 failures
[2024-09-16 02:21:31,621][flwr][INFO] - 
[2024-09-16 02:21:31,621][flwr][INFO] - [ROUND 27]
[2024-09-16 02:21:31,621][flwr][INFO] - configure_fit: strategy sampled 5 clients (out of 50)
[2024-09-16 02:21:36,328][flwr][INFO] - aggregate_fit: received 5 results and 0 failures
[2024-09-16 02:21:41,692][flwr][INFO] - fit progress: (27, 83.16626113653183, {'accuracy': 0.797427652733119}, 257.65122869284824)
[2024-09-16 02:21:41,693][flwr][INFO] - configure_evaluate: strategy sampled 2 clients (out of 50)
[2024-09-16 02:21:42,077][flwr][INFO] - aggregate_evaluate: received 2 results and 0 failures
[2024-09-16 02:21:42,077][flwr][INFO] - 
[2024-09-16 02:21:42,077][flwr][INFO] - [ROUND 28]
[2024-09-16 02:21:42,077][flwr][INFO] - configure_fit: strategy sampled 5 clients (out of 50)
[2024-09-16 02:21:45,871][flwr][INFO] - aggregate_fit: received 5 results and 0 failures
[2024-09-16 02:21:51,504][flwr][INFO] - fit progress: (28, 86.88528281450272, {'accuracy': 0.7816427945045309}, 267.4627912361175)
[2024-09-16 02:21:51,504][flwr][INFO] - configure_evaluate: strategy sampled 2 clients (out of 50)
[2024-09-16 02:21:51,878][flwr][INFO] - aggregate_evaluate: received 2 results and 0 failures
[2024-09-16 02:21:51,878][flwr][INFO] - 
[2024-09-16 02:21:51,878][flwr][INFO] - [ROUND 29]
[2024-09-16 02:21:51,878][flwr][INFO] - configure_fit: strategy sampled 5 clients (out of 50)
[2024-09-16 02:21:54,366][flwr][INFO] - aggregate_fit: received 5 results and 0 failures
[2024-09-16 02:22:00,019][flwr][INFO] - fit progress: (29, 89.7520672082901, {'accuracy': 0.7930429698918445}, 275.9775120872073)
[2024-09-16 02:22:00,019][flwr][INFO] - configure_evaluate: strategy sampled 2 clients (out of 50)
[2024-09-16 02:22:00,400][flwr][INFO] - aggregate_evaluate: received 2 results and 0 failures
[2024-09-16 02:22:00,400][flwr][INFO] - 
[2024-09-16 02:22:00,401][flwr][INFO] - [ROUND 30]
[2024-09-16 02:22:00,401][flwr][INFO] - configure_fit: strategy sampled 5 clients (out of 50)
[2024-09-16 02:22:02,834][flwr][INFO] - aggregate_fit: received 5 results and 0 failures
[2024-09-16 02:22:07,948][flwr][INFO] - fit progress: (30, 126.52995723485947, {'accuracy': 0.6886875182695118}, 283.9068166189827)
[2024-09-16 02:22:07,948][flwr][INFO] - configure_evaluate: strategy sampled 2 clients (out of 50)
[2024-09-16 02:22:08,387][flwr][INFO] - aggregate_evaluate: received 2 results and 0 failures
[2024-09-16 02:22:08,388][flwr][INFO] - 
[2024-09-16 02:22:08,388][flwr][INFO] - [ROUND 31]
[2024-09-16 02:22:08,388][flwr][INFO] - configure_fit: strategy sampled 5 clients (out of 50)
[2024-09-16 02:22:13,300][flwr][INFO] - aggregate_fit: received 5 results and 0 failures
[2024-09-16 02:22:18,862][flwr][INFO] - fit progress: (31, 86.41358780860901, {'accuracy': 0.7722888044431453}, 294.8211826668121)
[2024-09-16 02:22:18,863][flwr][INFO] - configure_evaluate: strategy sampled 2 clients (out of 50)
[2024-09-16 02:22:19,318][flwr][INFO] - aggregate_evaluate: received 2 results and 0 failures
[2024-09-16 02:22:19,319][flwr][INFO] - 
[2024-09-16 02:22:19,319][flwr][INFO] - [ROUND 32]
[2024-09-16 02:22:19,319][flwr][INFO] - configure_fit: strategy sampled 5 clients (out of 50)
[2024-09-16 02:22:24,035][flwr][INFO] - aggregate_fit: received 5 results and 0 failures
[2024-09-16 02:22:29,448][flwr][INFO] - fit progress: (32, 75.74275213479996, {'accuracy': 0.8018123355743935}, 305.40702527714893)
[2024-09-16 02:22:29,449][flwr][INFO] - configure_evaluate: strategy sampled 2 clients (out of 50)
[2024-09-16 02:22:29,771][flwr][INFO] - aggregate_evaluate: received 2 results and 0 failures
[2024-09-16 02:22:29,771][flwr][INFO] - 
[2024-09-16 02:22:29,771][flwr][INFO] - [ROUND 33]
[2024-09-16 02:22:29,771][flwr][INFO] - configure_fit: strategy sampled 5 clients (out of 50)
[2024-09-16 02:22:34,202][flwr][INFO] - aggregate_fit: received 5 results and 0 failures
[2024-09-16 02:22:39,268][flwr][INFO] - fit progress: (33, 80.34769639372826, {'accuracy': 0.8056123940368314}, 315.22678202576935)
[2024-09-16 02:22:39,268][flwr][INFO] - configure_evaluate: strategy sampled 2 clients (out of 50)
[2024-09-16 02:22:39,726][flwr][INFO] - aggregate_evaluate: received 2 results and 0 failures
[2024-09-16 02:22:39,726][flwr][INFO] - 
[2024-09-16 02:22:39,727][flwr][INFO] - [ROUND 34]
[2024-09-16 02:22:39,727][flwr][INFO] - configure_fit: strategy sampled 5 clients (out of 50)
[2024-09-16 02:22:44,498][flwr][INFO] - aggregate_fit: received 5 results and 0 failures
[2024-09-16 02:22:49,650][flwr][INFO] - fit progress: (34, 90.72494906187057, {'accuracy': 0.7673194972230342}, 325.609098454006)
[2024-09-16 02:22:49,651][flwr][INFO] - configure_evaluate: strategy sampled 2 clients (out of 50)
[2024-09-16 02:22:50,051][flwr][INFO] - aggregate_evaluate: received 2 results and 0 failures
[2024-09-16 02:22:50,052][flwr][INFO] - 
[2024-09-16 02:22:50,052][flwr][INFO] - [ROUND 35]
[2024-09-16 02:22:50,052][flwr][INFO] - configure_fit: strategy sampled 5 clients (out of 50)
[2024-09-16 02:22:52,738][flwr][INFO] - aggregate_fit: received 5 results and 0 failures
[2024-09-16 02:22:57,688][flwr][INFO] - fit progress: (35, 110.4919120669365, {'accuracy': 0.6883952060800935}, 333.6468955408782)
[2024-09-16 02:22:57,688][flwr][INFO] - configure_evaluate: strategy sampled 2 clients (out of 50)
[2024-09-16 02:22:58,042][flwr][INFO] - aggregate_evaluate: received 2 results and 0 failures
[2024-09-16 02:22:58,042][flwr][INFO] - 
[2024-09-16 02:22:58,042][flwr][INFO] - [ROUND 36]
[2024-09-16 02:22:58,043][flwr][INFO] - configure_fit: strategy sampled 5 clients (out of 50)
[2024-09-16 02:23:01,981][flwr][INFO] - aggregate_fit: received 5 results and 0 failures
[2024-09-16 02:23:06,994][flwr][INFO] - fit progress: (36, 86.15152537822723, {'accuracy': 0.7924583455130079}, 342.9529472091235)
[2024-09-16 02:23:06,994][flwr][INFO] - configure_evaluate: strategy sampled 2 clients (out of 50)
[2024-09-16 02:23:07,390][flwr][INFO] - aggregate_evaluate: received 2 results and 0 failures
[2024-09-16 02:23:07,390][flwr][INFO] - 
[2024-09-16 02:23:07,390][flwr][INFO] - [ROUND 37]
[2024-09-16 02:23:07,391][flwr][INFO] - configure_fit: strategy sampled 5 clients (out of 50)
[2024-09-16 02:23:11,978][flwr][INFO] - aggregate_fit: received 5 results and 0 failures
[2024-09-16 02:23:16,882][flwr][INFO] - fit progress: (37, 69.97303050756454, {'accuracy': 0.8184741303712365}, 352.840858342126)
[2024-09-16 02:23:16,882][flwr][INFO] - configure_evaluate: strategy sampled 2 clients (out of 50)
[2024-09-16 02:23:17,338][flwr][INFO] - aggregate_evaluate: received 2 results and 0 failures
[2024-09-16 02:23:17,339][flwr][INFO] - 
[2024-09-16 02:23:17,339][flwr][INFO] - [ROUND 38]
[2024-09-16 02:23:17,339][flwr][INFO] - configure_fit: strategy sampled 5 clients (out of 50)
[2024-09-16 02:23:21,210][flwr][INFO] - aggregate_fit: received 5 results and 0 failures
[2024-09-16 02:23:26,082][flwr][INFO] - fit progress: (38, 69.7480138540268, {'accuracy': 0.822858813212511}, 362.0406119208783)
[2024-09-16 02:23:26,082][flwr][INFO] - configure_evaluate: strategy sampled 2 clients (out of 50)
[2024-09-16 02:23:26,657][flwr][INFO] - aggregate_evaluate: received 2 results and 0 failures
[2024-09-16 02:23:26,657][flwr][INFO] - 
[2024-09-16 02:23:26,657][flwr][INFO] - [ROUND 39]
[2024-09-16 02:23:26,657][flwr][INFO] - configure_fit: strategy sampled 5 clients (out of 50)
[2024-09-16 02:23:31,597][flwr][INFO] - aggregate_fit: received 5 results and 0 failures
[2024-09-16 02:23:36,581][flwr][INFO] - fit progress: (39, 113.05261939764023, {'accuracy': 0.6977491961414791}, 372.5403389390558)
[2024-09-16 02:23:36,582][flwr][INFO] - configure_evaluate: strategy sampled 2 clients (out of 50)
[2024-09-16 02:23:36,887][flwr][INFO] - aggregate_evaluate: received 2 results and 0 failures
[2024-09-16 02:23:36,887][flwr][INFO] - 
[2024-09-16 02:23:36,888][flwr][INFO] - [ROUND 40]
[2024-09-16 02:23:36,888][flwr][INFO] - configure_fit: strategy sampled 5 clients (out of 50)
[2024-09-16 02:23:38,816][flwr][INFO] - aggregate_fit: received 5 results and 0 failures
[2024-09-16 02:23:43,763][flwr][INFO] - fit progress: (40, 95.26433312892914, {'accuracy': 0.7781350482315113}, 379.72147251991555)
[2024-09-16 02:23:43,763][flwr][INFO] - configure_evaluate: strategy sampled 2 clients (out of 50)
[2024-09-16 02:23:44,149][flwr][INFO] - aggregate_evaluate: received 2 results and 0 failures
[2024-09-16 02:23:44,150][flwr][INFO] - 
[2024-09-16 02:23:44,150][flwr][INFO] - [ROUND 41]
[2024-09-16 02:23:44,150][flwr][INFO] - configure_fit: strategy sampled 5 clients (out of 50)
[2024-09-16 02:23:47,625][flwr][INFO] - aggregate_fit: received 5 results and 0 failures
[2024-09-16 02:23:52,498][flwr][INFO] - fit progress: (41, 76.84537887573242, {'accuracy': 0.8070739549839229}, 388.45646840380505)
[2024-09-16 02:23:52,498][flwr][INFO] - configure_evaluate: strategy sampled 2 clients (out of 50)
[2024-09-16 02:23:52,827][flwr][INFO] - aggregate_evaluate: received 2 results and 0 failures
[2024-09-16 02:23:52,827][flwr][INFO] - 
[2024-09-16 02:23:52,827][flwr][INFO] - [ROUND 42]
[2024-09-16 02:23:52,827][flwr][INFO] - configure_fit: strategy sampled 5 clients (out of 50)
[2024-09-16 02:23:55,864][flwr][INFO] - aggregate_fit: received 5 results and 0 failures
[2024-09-16 02:24:00,845][flwr][INFO] - fit progress: (42, 73.25476297736168, {'accuracy': 0.8225665010230927}, 396.80368352215737)
[2024-09-16 02:24:00,845][flwr][INFO] - configure_evaluate: strategy sampled 2 clients (out of 50)
[2024-09-16 02:24:01,311][flwr][INFO] - aggregate_evaluate: received 2 results and 0 failures
[2024-09-16 02:24:01,312][flwr][INFO] - 
[2024-09-16 02:24:01,312][flwr][INFO] - [ROUND 43]
[2024-09-16 02:24:01,312][flwr][INFO] - configure_fit: strategy sampled 5 clients (out of 50)
[2024-09-16 02:24:03,138][flwr][INFO] - aggregate_fit: received 5 results and 0 failures
[2024-09-16 02:24:08,156][flwr][INFO] - fit progress: (43, 90.13390558958054, {'accuracy': 0.7892429114294066}, 404.11463734088466)
[2024-09-16 02:24:08,156][flwr][INFO] - configure_evaluate: strategy sampled 2 clients (out of 50)
[2024-09-16 02:24:08,498][flwr][INFO] - aggregate_evaluate: received 2 results and 0 failures
[2024-09-16 02:24:08,499][flwr][INFO] - 
[2024-09-16 02:24:08,499][flwr][INFO] - [ROUND 44]
[2024-09-16 02:24:08,499][flwr][INFO] - configure_fit: strategy sampled 5 clients (out of 50)
[2024-09-16 02:24:10,964][flwr][INFO] - aggregate_fit: received 5 results and 0 failures
[2024-09-16 02:24:15,767][flwr][INFO] - fit progress: (44, 69.79362493753433, {'accuracy': 0.8012277111955568}, 411.72614234592766)
[2024-09-16 02:24:15,768][flwr][INFO] - configure_evaluate: strategy sampled 2 clients (out of 50)
[2024-09-16 02:24:16,217][flwr][INFO] - aggregate_evaluate: received 2 results and 0 failures
[2024-09-16 02:24:16,218][flwr][INFO] - 
[2024-09-16 02:24:16,218][flwr][INFO] - [ROUND 45]
[2024-09-16 02:24:16,218][flwr][INFO] - configure_fit: strategy sampled 5 clients (out of 50)
[2024-09-16 02:24:21,744][flwr][INFO] - aggregate_fit: received 5 results and 0 failures
[2024-09-16 02:24:26,586][flwr][INFO] - fit progress: (45, 95.87886118888855, {'accuracy': 0.7480268927214265}, 422.5451159370132)
[2024-09-16 02:24:26,587][flwr][INFO] - configure_evaluate: strategy sampled 2 clients (out of 50)
[2024-09-16 02:24:26,934][flwr][INFO] - aggregate_evaluate: received 2 results and 0 failures
[2024-09-16 02:24:26,935][flwr][INFO] - 
[2024-09-16 02:24:26,935][flwr][INFO] - [ROUND 46]
[2024-09-16 02:24:26,935][flwr][INFO] - configure_fit: strategy sampled 5 clients (out of 50)
[2024-09-16 02:24:31,782][flwr][INFO] - aggregate_fit: received 5 results and 0 failures
[2024-09-16 02:24:36,521][flwr][INFO] - fit progress: (46, 77.73389238119125, {'accuracy': 0.8260742472961122}, 432.479463131167)
[2024-09-16 02:24:36,521][flwr][INFO] - configure_evaluate: strategy sampled 2 clients (out of 50)
[2024-09-16 02:24:36,862][flwr][INFO] - aggregate_evaluate: received 2 results and 0 failures
[2024-09-16 02:24:36,862][flwr][INFO] - 
[2024-09-16 02:24:36,862][flwr][INFO] - [ROUND 47]
[2024-09-16 02:24:36,862][flwr][INFO] - configure_fit: strategy sampled 5 clients (out of 50)
[2024-09-16 02:24:39,563][flwr][INFO] - aggregate_fit: received 5 results and 0 failures
[2024-09-16 02:24:44,273][flwr][INFO] - fit progress: (47, 68.51933813095093, {'accuracy': 0.8152586962876351}, 440.2318816748448)
[2024-09-16 02:24:44,273][flwr][INFO] - configure_evaluate: strategy sampled 2 clients (out of 50)
[2024-09-16 02:24:44,661][flwr][INFO] - aggregate_evaluate: received 2 results and 0 failures
[2024-09-16 02:24:44,661][flwr][INFO] - 
[2024-09-16 02:24:44,662][flwr][INFO] - [ROUND 48]
[2024-09-16 02:24:44,662][flwr][INFO] - configure_fit: strategy sampled 5 clients (out of 50)
[2024-09-16 02:24:49,803][flwr][INFO] - aggregate_fit: received 5 results and 0 failures
[2024-09-16 02:24:54,686][flwr][INFO] - fit progress: (48, 71.45079281926155, {'accuracy': 0.8398129201987723}, 450.64478973997757)
[2024-09-16 02:24:54,686][flwr][INFO] - configure_evaluate: strategy sampled 2 clients (out of 50)
[2024-09-16 02:24:55,207][flwr][INFO] - aggregate_evaluate: received 2 results and 0 failures
[2024-09-16 02:24:55,207][flwr][INFO] - 
[2024-09-16 02:24:55,207][flwr][INFO] - [ROUND 49]
[2024-09-16 02:24:55,207][flwr][INFO] - configure_fit: strategy sampled 5 clients (out of 50)
[2024-09-16 02:24:58,854][flwr][INFO] - aggregate_fit: received 5 results and 0 failures
[2024-09-16 02:25:03,541][flwr][INFO] - fit progress: (49, 65.64054360985756, {'accuracy': 0.8240280619701842}, 459.50036390917376)
[2024-09-16 02:25:03,542][flwr][INFO] - configure_evaluate: strategy sampled 2 clients (out of 50)
[2024-09-16 02:25:03,864][flwr][INFO] - aggregate_evaluate: received 2 results and 0 failures
[2024-09-16 02:25:03,864][flwr][INFO] - 
[2024-09-16 02:25:03,864][flwr][INFO] - [ROUND 50]
[2024-09-16 02:25:03,864][flwr][INFO] - configure_fit: strategy sampled 5 clients (out of 50)
[2024-09-16 02:25:06,386][flwr][INFO] - aggregate_fit: received 5 results and 0 failures
[2024-09-16 02:25:11,097][flwr][INFO] - fit progress: (50, 129.16680485010147, {'accuracy': 0.6410406313943291}, 467.0563374091871)
[2024-09-16 02:25:11,098][flwr][INFO] - configure_evaluate: strategy sampled 2 clients (out of 50)
[2024-09-16 02:25:11,443][flwr][INFO] - aggregate_evaluate: received 2 results and 0 failures
[2024-09-16 02:25:11,443][flwr][INFO] - 
[2024-09-16 02:25:11,444][flwr][INFO] - [ROUND 51]
[2024-09-16 02:25:11,444][flwr][INFO] - configure_fit: strategy sampled 5 clients (out of 50)
[2024-09-16 02:25:16,068][flwr][INFO] - aggregate_fit: received 5 results and 0 failures
[2024-09-16 02:25:20,919][flwr][INFO] - fit progress: (51, 88.59820967912674, {'accuracy': 0.7474422683425899}, 476.87803622474894)
[2024-09-16 02:25:20,920][flwr][INFO] - configure_evaluate: strategy sampled 2 clients (out of 50)
[2024-09-16 02:25:21,259][flwr][INFO] - aggregate_evaluate: received 2 results and 0 failures
[2024-09-16 02:25:21,259][flwr][INFO] - 
[2024-09-16 02:25:21,259][flwr][INFO] - [ROUND 52]
[2024-09-16 02:25:21,259][flwr][INFO] - configure_fit: strategy sampled 5 clients (out of 50)
[2024-09-16 02:25:26,186][flwr][INFO] - aggregate_fit: received 5 results and 0 failures
[2024-09-16 02:25:31,070][flwr][INFO] - fit progress: (52, 61.65917405486107, {'accuracy': 0.8342589885998246}, 487.0290217390284)
[2024-09-16 02:25:31,070][flwr][INFO] - configure_evaluate: strategy sampled 2 clients (out of 50)
[2024-09-16 02:25:31,538][flwr][INFO] - aggregate_evaluate: received 2 results and 0 failures
[2024-09-16 02:25:31,538][flwr][INFO] - 
[2024-09-16 02:25:31,538][flwr][INFO] - [ROUND 53]
[2024-09-16 02:25:31,538][flwr][INFO] - configure_fit: strategy sampled 5 clients (out of 50)
[2024-09-16 02:25:34,539][flwr][INFO] - aggregate_fit: received 5 results and 0 failures
[2024-09-16 02:25:39,288][flwr][INFO] - fit progress: (53, 67.56237775087357, {'accuracy': 0.8345513007892429}, 495.2465617880225)
[2024-09-16 02:25:39,288][flwr][INFO] - configure_evaluate: strategy sampled 2 clients (out of 50)
[2024-09-16 02:25:39,644][flwr][INFO] - aggregate_evaluate: received 2 results and 0 failures
[2024-09-16 02:25:39,644][flwr][INFO] - 
[2024-09-16 02:25:39,644][flwr][INFO] - [ROUND 54]
[2024-09-16 02:25:39,644][flwr][INFO] - configure_fit: strategy sampled 5 clients (out of 50)
[2024-09-16 02:25:43,737][flwr][INFO] - aggregate_fit: received 5 results and 0 failures
[2024-09-16 02:25:48,675][flwr][INFO] - fit progress: (54, 60.01000538468361, {'accuracy': 0.8412744811458638}, 504.63358685700223)
[2024-09-16 02:25:48,675][flwr][INFO] - configure_evaluate: strategy sampled 2 clients (out of 50)
[2024-09-16 02:25:49,121][flwr][INFO] - aggregate_evaluate: received 2 results and 0 failures
[2024-09-16 02:25:49,121][flwr][INFO] - 
[2024-09-16 02:25:49,121][flwr][INFO] - [ROUND 55]
[2024-09-16 02:25:49,122][flwr][INFO] - configure_fit: strategy sampled 5 clients (out of 50)
[2024-09-16 02:25:52,189][flwr][INFO] - aggregate_fit: received 5 results and 0 failures
[2024-09-16 02:25:57,060][flwr][INFO] - fit progress: (55, 111.35779440402985, {'accuracy': 0.6647179187372113}, 513.01858559018)
[2024-09-16 02:25:57,060][flwr][INFO] - configure_evaluate: strategy sampled 2 clients (out of 50)
[2024-09-16 02:25:57,375][flwr][INFO] - aggregate_evaluate: received 2 results and 0 failures
[2024-09-16 02:25:57,375][flwr][INFO] - 
[2024-09-16 02:25:57,375][flwr][INFO] - [ROUND 56]
[2024-09-16 02:25:57,375][flwr][INFO] - configure_fit: strategy sampled 5 clients (out of 50)
[2024-09-16 02:26:00,330][flwr][INFO] - aggregate_fit: received 5 results and 0 failures
[2024-09-16 02:26:05,069][flwr][INFO] - fit progress: (56, 77.31566479802132, {'accuracy': 0.7822274188833674}, 521.0278039448895)
[2024-09-16 02:26:05,069][flwr][INFO] - configure_evaluate: strategy sampled 2 clients (out of 50)
[2024-09-16 02:26:05,391][flwr][INFO] - aggregate_evaluate: received 2 results and 0 failures
[2024-09-16 02:26:05,391][flwr][INFO] - 
[2024-09-16 02:26:05,391][flwr][INFO] - [ROUND 57]
[2024-09-16 02:26:05,392][flwr][INFO] - configure_fit: strategy sampled 5 clients (out of 50)
[2024-09-16 02:26:10,098][flwr][INFO] - aggregate_fit: received 5 results and 0 failures
[2024-09-16 02:26:14,826][flwr][INFO] - fit progress: (57, 56.375399708747864, {'accuracy': 0.8430283542823735}, 530.7851110221818)
[2024-09-16 02:26:14,827][flwr][INFO] - configure_evaluate: strategy sampled 2 clients (out of 50)
[2024-09-16 02:26:15,144][flwr][INFO] - aggregate_evaluate: received 2 results and 0 failures
[2024-09-16 02:26:15,144][flwr][INFO] - 
[2024-09-16 02:26:15,144][flwr][INFO] - [ROUND 58]
[2024-09-16 02:26:15,145][flwr][INFO] - configure_fit: strategy sampled 5 clients (out of 50)
[2024-09-16 02:26:18,825][flwr][INFO] - aggregate_fit: received 5 results and 0 failures
[2024-09-16 02:26:23,797][flwr][INFO] - fit progress: (58, 61.880475461483, {'accuracy': 0.8190587547500731}, 539.7556742029265)
[2024-09-16 02:26:23,797][flwr][INFO] - configure_evaluate: strategy sampled 2 clients (out of 50)
[2024-09-16 02:26:24,096][flwr][INFO] - aggregate_evaluate: received 2 results and 0 failures
[2024-09-16 02:26:24,097][flwr][INFO] - 
[2024-09-16 02:26:24,097][flwr][INFO] - [ROUND 59]
[2024-09-16 02:26:24,097][flwr][INFO] - configure_fit: strategy sampled 5 clients (out of 50)
[2024-09-16 02:26:28,062][flwr][INFO] - aggregate_fit: received 5 results and 0 failures
[2024-09-16 02:26:32,855][flwr][INFO] - fit progress: (59, 82.12197196483612, {'accuracy': 0.8015200233849752}, 548.8138492847793)
[2024-09-16 02:26:32,856][flwr][INFO] - configure_evaluate: strategy sampled 2 clients (out of 50)
[2024-09-16 02:26:33,145][flwr][INFO] - aggregate_evaluate: received 2 results and 0 failures
[2024-09-16 02:26:33,145][flwr][INFO] - 
[2024-09-16 02:26:33,145][flwr][INFO] - [ROUND 60]
[2024-09-16 02:26:33,146][flwr][INFO] - configure_fit: strategy sampled 5 clients (out of 50)
[2024-09-16 02:26:36,613][flwr][INFO] - aggregate_fit: received 5 results and 0 failures
[2024-09-16 02:26:42,534][flwr][INFO] - fit progress: (60, 71.18030861020088, {'accuracy': 0.8348436129786612}, 558.492642535828)
[2024-09-16 02:26:42,534][flwr][INFO] - configure_evaluate: strategy sampled 2 clients (out of 50)
[2024-09-16 02:26:42,870][flwr][INFO] - aggregate_evaluate: received 2 results and 0 failures
[2024-09-16 02:26:42,870][flwr][INFO] - 
[2024-09-16 02:26:42,870][flwr][INFO] - [ROUND 61]
[2024-09-16 02:26:42,870][flwr][INFO] - configure_fit: strategy sampled 5 clients (out of 50)
[2024-09-16 02:26:45,979][flwr][INFO] - aggregate_fit: received 5 results and 0 failures
[2024-09-16 02:26:50,829][flwr][INFO] - fit progress: (61, 67.04860928654671, {'accuracy': 0.8310435545162234}, 566.7874835520051)
[2024-09-16 02:26:50,829][flwr][INFO] - configure_evaluate: strategy sampled 2 clients (out of 50)
[2024-09-16 02:26:51,216][flwr][INFO] - aggregate_evaluate: received 2 results and 0 failures
[2024-09-16 02:26:51,216][flwr][INFO] - 
[2024-09-16 02:26:51,216][flwr][INFO] - [ROUND 62]
[2024-09-16 02:26:51,216][flwr][INFO] - configure_fit: strategy sampled 5 clients (out of 50)
[2024-09-16 02:26:53,503][flwr][INFO] - aggregate_fit: received 5 results and 0 failures
[2024-09-16 02:26:58,478][flwr][INFO] - fit progress: (62, 59.02997326850891, {'accuracy': 0.8553054662379421}, 574.4366945037618)
[2024-09-16 02:26:58,478][flwr][INFO] - configure_evaluate: strategy sampled 2 clients (out of 50)
[2024-09-16 02:26:58,896][flwr][INFO] - aggregate_evaluate: received 2 results and 0 failures
[2024-09-16 02:26:58,896][flwr][INFO] - 
[2024-09-16 02:26:58,896][flwr][INFO] - [ROUND 63]
[2024-09-16 02:26:58,896][flwr][INFO] - configure_fit: strategy sampled 5 clients (out of 50)
[2024-09-16 02:27:03,133][flwr][INFO] - aggregate_fit: received 5 results and 0 failures
[2024-09-16 02:27:07,795][flwr][INFO] - fit progress: (63, 84.12178838253021, {'accuracy': 0.8251973107278574}, 583.7540315617807)
[2024-09-16 02:27:07,796][flwr][INFO] - configure_evaluate: strategy sampled 2 clients (out of 50)
[2024-09-16 02:27:08,130][flwr][INFO] - aggregate_evaluate: received 2 results and 0 failures
[2024-09-16 02:27:08,130][flwr][INFO] - 
[2024-09-16 02:27:08,130][flwr][INFO] - [ROUND 64]
[2024-09-16 02:27:08,130][flwr][INFO] - configure_fit: strategy sampled 5 clients (out of 50)
[2024-09-16 02:27:11,921][flwr][INFO] - aggregate_fit: received 5 results and 0 failures
[2024-09-16 02:27:16,819][flwr][INFO] - fit progress: (64, 65.16975378990173, {'accuracy': 0.8398129201987723}, 592.7776406928897)
[2024-09-16 02:27:16,819][flwr][INFO] - configure_evaluate: strategy sampled 2 clients (out of 50)
[2024-09-16 02:27:17,135][flwr][INFO] - aggregate_evaluate: received 2 results and 0 failures
[2024-09-16 02:27:17,135][flwr][INFO] - 
[2024-09-16 02:27:17,136][flwr][INFO] - [ROUND 65]
[2024-09-16 02:27:17,136][flwr][INFO] - configure_fit: strategy sampled 5 clients (out of 50)
[2024-09-16 02:27:20,196][flwr][INFO] - aggregate_fit: received 5 results and 0 failures
[2024-09-16 02:27:25,026][flwr][INFO] - fit progress: (65, 58.0730237364769, {'accuracy': 0.8506284712072494}, 600.9845226900652)
[2024-09-16 02:27:25,026][flwr][INFO] - configure_evaluate: strategy sampled 2 clients (out of 50)
[2024-09-16 02:27:25,411][flwr][INFO] - aggregate_evaluate: received 2 results and 0 failures
[2024-09-16 02:27:25,411][flwr][INFO] - 
[2024-09-16 02:27:25,411][flwr][INFO] - [ROUND 66]
[2024-09-16 02:27:25,412][flwr][INFO] - configure_fit: strategy sampled 5 clients (out of 50)
[2024-09-16 02:27:27,816][flwr][INFO] - aggregate_fit: received 5 results and 0 failures
[2024-09-16 02:27:32,624][flwr][INFO] - fit progress: (66, 58.86105412244797, {'accuracy': 0.836597486115171}, 608.5832052179612)
[2024-09-16 02:27:32,625][flwr][INFO] - configure_evaluate: strategy sampled 2 clients (out of 50)
[2024-09-16 02:27:32,985][flwr][INFO] - aggregate_evaluate: received 2 results and 0 failures
[2024-09-16 02:27:32,985][flwr][INFO] - 
[2024-09-16 02:27:32,985][flwr][INFO] - [ROUND 67]
[2024-09-16 02:27:32,985][flwr][INFO] - configure_fit: strategy sampled 5 clients (out of 50)
[2024-09-16 02:27:36,416][flwr][INFO] - aggregate_fit: received 5 results and 0 failures
[2024-09-16 02:27:41,100][flwr][INFO] - fit progress: (67, 51.64507719874382, {'accuracy': 0.8512130955860859}, 617.0585982659832)
[2024-09-16 02:27:41,100][flwr][INFO] - configure_evaluate: strategy sampled 2 clients (out of 50)
[2024-09-16 02:27:41,488][flwr][INFO] - aggregate_evaluate: received 2 results and 0 failures
[2024-09-16 02:27:41,488][flwr][INFO] - 
[2024-09-16 02:27:41,488][flwr][INFO] - [ROUND 68]
[2024-09-16 02:27:41,488][flwr][INFO] - configure_fit: strategy sampled 5 clients (out of 50)
[2024-09-16 02:27:45,900][flwr][INFO] - aggregate_fit: received 5 results and 0 failures
[2024-09-16 02:27:50,587][flwr][INFO] - fit progress: (68, 78.34411650896072, {'accuracy': 0.7816427945045309}, 626.5455061951652)
[2024-09-16 02:27:50,587][flwr][INFO] - configure_evaluate: strategy sampled 2 clients (out of 50)
[2024-09-16 02:27:51,070][flwr][INFO] - aggregate_evaluate: received 2 results and 0 failures
[2024-09-16 02:27:51,070][flwr][INFO] - 
[2024-09-16 02:27:51,070][flwr][INFO] - [ROUND 69]
[2024-09-16 02:27:51,070][flwr][INFO] - configure_fit: strategy sampled 5 clients (out of 50)
[2024-09-16 02:27:55,362][flwr][INFO] - aggregate_fit: received 5 results and 0 failures
[2024-09-16 02:28:00,923][flwr][INFO] - fit progress: (69, 79.06066420674324, {'accuracy': 0.7901198479976616}, 636.8819723911583)
[2024-09-16 02:28:00,924][flwr][INFO] - configure_evaluate: strategy sampled 2 clients (out of 50)
[2024-09-16 02:28:01,286][flwr][INFO] - aggregate_evaluate: received 2 results and 0 failures
[2024-09-16 02:28:01,286][flwr][INFO] - 
[2024-09-16 02:28:01,286][flwr][INFO] - [ROUND 70]
[2024-09-16 02:28:01,287][flwr][INFO] - configure_fit: strategy sampled 5 clients (out of 50)
[2024-09-16 02:28:05,377][flwr][INFO] - aggregate_fit: received 5 results and 0 failures
[2024-09-16 02:28:10,137][flwr][INFO] - fit progress: (70, 93.98879557847977, {'accuracy': 0.7676118094124526}, 646.0960043659434)
[2024-09-16 02:28:10,138][flwr][INFO] - configure_evaluate: strategy sampled 2 clients (out of 50)
[2024-09-16 02:28:10,508][flwr][INFO] - aggregate_evaluate: received 2 results and 0 failures
[2024-09-16 02:28:10,509][flwr][INFO] - 
[2024-09-16 02:28:10,509][flwr][INFO] - [ROUND 71]
[2024-09-16 02:28:10,509][flwr][INFO] - configure_fit: strategy sampled 5 clients (out of 50)
[2024-09-16 02:28:13,184][flwr][INFO] - aggregate_fit: received 5 results and 0 failures
[2024-09-16 02:28:17,862][flwr][INFO] - fit progress: (71, 98.69378435611725, {'accuracy': 0.7304881613563285}, 653.8208238082007)
[2024-09-16 02:28:17,862][flwr][INFO] - configure_evaluate: strategy sampled 2 clients (out of 50)
[2024-09-16 02:28:18,190][flwr][INFO] - aggregate_evaluate: received 2 results and 0 failures
[2024-09-16 02:28:18,190][flwr][INFO] - 
[2024-09-16 02:28:18,190][flwr][INFO] - [ROUND 72]
[2024-09-16 02:28:18,190][flwr][INFO] - configure_fit: strategy sampled 5 clients (out of 50)
[2024-09-16 02:28:21,874][flwr][INFO] - aggregate_fit: received 5 results and 0 failures
[2024-09-16 02:28:26,543][flwr][INFO] - fit progress: (72, 65.28829231858253, {'accuracy': 0.8386436714410991}, 662.5023540537804)
[2024-09-16 02:28:26,544][flwr][INFO] - configure_evaluate: strategy sampled 2 clients (out of 50)
[2024-09-16 02:28:26,884][flwr][INFO] - aggregate_evaluate: received 2 results and 0 failures
[2024-09-16 02:28:26,885][flwr][INFO] - 
[2024-09-16 02:28:26,885][flwr][INFO] - [ROUND 73]
[2024-09-16 02:28:26,885][flwr][INFO] - configure_fit: strategy sampled 5 clients (out of 50)
[2024-09-16 02:28:30,789][flwr][INFO] - aggregate_fit: received 5 results and 0 failures
[2024-09-16 02:28:35,468][flwr][INFO] - fit progress: (73, 77.77157291769981, {'accuracy': 0.8006430868167203}, 671.4264550618827)
[2024-09-16 02:28:35,468][flwr][INFO] - configure_evaluate: strategy sampled 2 clients (out of 50)
[2024-09-16 02:28:35,766][flwr][INFO] - aggregate_evaluate: received 2 results and 0 failures
[2024-09-16 02:28:35,766][flwr][INFO] - 
[2024-09-16 02:28:35,766][flwr][INFO] - [ROUND 74]
[2024-09-16 02:28:35,766][flwr][INFO] - configure_fit: strategy sampled 5 clients (out of 50)
[2024-09-16 02:28:40,547][flwr][INFO] - aggregate_fit: received 5 results and 0 failures
[2024-09-16 02:28:45,293][flwr][INFO] - fit progress: (74, 65.98233270645142, {'accuracy': 0.8330897398421514}, 681.251988706179)
[2024-09-16 02:28:45,293][flwr][INFO] - configure_evaluate: strategy sampled 2 clients (out of 50)
[2024-09-16 02:28:45,610][flwr][INFO] - aggregate_evaluate: received 2 results and 0 failures
[2024-09-16 02:28:45,610][flwr][INFO] - 
[2024-09-16 02:28:45,610][flwr][INFO] - [ROUND 75]
[2024-09-16 02:28:45,610][flwr][INFO] - configure_fit: strategy sampled 5 clients (out of 50)
[2024-09-16 02:28:50,038][flwr][INFO] - aggregate_fit: received 5 results and 0 failures
[2024-09-16 02:28:55,023][flwr][INFO] - fit progress: (75, 89.88808310031891, {'accuracy': 0.8254896229172757}, 690.9820573590696)
[2024-09-16 02:28:55,024][flwr][INFO] - configure_evaluate: strategy sampled 2 clients (out of 50)
[2024-09-16 02:28:55,455][flwr][INFO] - aggregate_evaluate: received 2 results and 0 failures
[2024-09-16 02:28:55,455][flwr][INFO] - 
[2024-09-16 02:28:55,456][flwr][INFO] - [ROUND 76]
[2024-09-16 02:28:55,456][flwr][INFO] - configure_fit: strategy sampled 5 clients (out of 50)
[2024-09-16 02:28:59,868][flwr][INFO] - aggregate_fit: received 5 results and 0 failures
[2024-09-16 02:29:04,663][flwr][INFO] - fit progress: (76, 54.46180647611618, {'accuracy': 0.8599824612686349}, 700.6215004897676)
[2024-09-16 02:29:04,663][flwr][INFO] - configure_evaluate: strategy sampled 2 clients (out of 50)
[2024-09-16 02:29:05,140][flwr][INFO] - aggregate_evaluate: received 2 results and 0 failures
[2024-09-16 02:29:05,140][flwr][INFO] - 
[2024-09-16 02:29:05,141][flwr][INFO] - [ROUND 77]
[2024-09-16 02:29:05,141][flwr][INFO] - configure_fit: strategy sampled 5 clients (out of 50)
[2024-09-16 02:29:07,821][flwr][INFO] - aggregate_fit: received 5 results and 0 failures
[2024-09-16 02:29:13,003][flwr][INFO] - fit progress: (77, 55.23811146616936, {'accuracy': 0.8629055831628178}, 708.9622899740934)
[2024-09-16 02:29:13,004][flwr][INFO] - configure_evaluate: strategy sampled 2 clients (out of 50)
[2024-09-16 02:29:13,347][flwr][INFO] - aggregate_evaluate: received 2 results and 0 failures
[2024-09-16 02:29:13,347][flwr][INFO] - 
[2024-09-16 02:29:13,347][flwr][INFO] - [ROUND 78]
[2024-09-16 02:29:13,347][flwr][INFO] - configure_fit: strategy sampled 5 clients (out of 50)
[2024-09-16 02:29:17,587][flwr][INFO] - aggregate_fit: received 5 results and 0 failures
[2024-09-16 02:29:23,387][flwr][INFO] - fit progress: (78, 64.4277161359787, {'accuracy': 0.8208126278865828}, 719.3457945277914)
[2024-09-16 02:29:23,387][flwr][INFO] - configure_evaluate: strategy sampled 2 clients (out of 50)
[2024-09-16 02:29:23,772][flwr][INFO] - aggregate_evaluate: received 2 results and 0 failures
[2024-09-16 02:29:23,772][flwr][INFO] - 
[2024-09-16 02:29:23,772][flwr][INFO] - [ROUND 79]
[2024-09-16 02:29:23,772][flwr][INFO] - configure_fit: strategy sampled 5 clients (out of 50)
[2024-09-16 02:29:28,197][flwr][INFO] - aggregate_fit: received 5 results and 0 failures
[2024-09-16 02:29:33,205][flwr][INFO] - fit progress: (79, 69.27135217189789, {'accuracy': 0.7942122186495176}, 729.1640970157459)
[2024-09-16 02:29:33,206][flwr][INFO] - configure_evaluate: strategy sampled 2 clients (out of 50)
[2024-09-16 02:29:33,656][flwr][INFO] - aggregate_evaluate: received 2 results and 0 failures
[2024-09-16 02:29:33,656][flwr][INFO] - 
[2024-09-16 02:29:33,657][flwr][INFO] - [ROUND 80]
[2024-09-16 02:29:33,657][flwr][INFO] - configure_fit: strategy sampled 5 clients (out of 50)
[2024-09-16 02:29:36,124][flwr][INFO] - aggregate_fit: received 5 results and 0 failures
[2024-09-16 02:29:41,773][flwr][INFO] - fit progress: (80, 53.8087582141161, {'accuracy': 0.8520900321543409}, 737.7316772667691)
[2024-09-16 02:29:41,773][flwr][INFO] - configure_evaluate: strategy sampled 2 clients (out of 50)
[2024-09-16 02:29:42,096][flwr][INFO] - aggregate_evaluate: received 2 results and 0 failures
[2024-09-16 02:29:42,096][flwr][INFO] - 
[2024-09-16 02:29:42,096][flwr][INFO] - [ROUND 81]
[2024-09-16 02:29:42,096][flwr][INFO] - configure_fit: strategy sampled 5 clients (out of 50)
[2024-09-16 02:29:46,253][flwr][INFO] - aggregate_fit: received 5 results and 0 failures
[2024-09-16 02:29:51,165][flwr][INFO] - fit progress: (81, 66.36877232789993, {'accuracy': 0.8526746565331774}, 747.123767149169)
[2024-09-16 02:29:51,165][flwr][INFO] - configure_evaluate: strategy sampled 2 clients (out of 50)
[2024-09-16 02:29:51,488][flwr][INFO] - aggregate_evaluate: received 2 results and 0 failures
[2024-09-16 02:29:51,489][flwr][INFO] - 
[2024-09-16 02:29:51,489][flwr][INFO] - [ROUND 82]
[2024-09-16 02:29:51,489][flwr][INFO] - configure_fit: strategy sampled 5 clients (out of 50)
[2024-09-16 02:29:55,616][flwr][INFO] - aggregate_fit: received 5 results and 0 failures
[2024-09-16 02:30:00,370][flwr][INFO] - fit progress: (82, 50.73102858662605, {'accuracy': 0.867874890382929}, 756.3288753810339)
[2024-09-16 02:30:00,370][flwr][INFO] - configure_evaluate: strategy sampled 2 clients (out of 50)
[2024-09-16 02:30:00,701][flwr][INFO] - aggregate_evaluate: received 2 results and 0 failures
[2024-09-16 02:30:00,701][flwr][INFO] - 
[2024-09-16 02:30:00,702][flwr][INFO] - [ROUND 83]
[2024-09-16 02:30:00,702][flwr][INFO] - configure_fit: strategy sampled 5 clients (out of 50)
[2024-09-16 02:30:03,519][flwr][INFO] - aggregate_fit: received 5 results and 0 failures
[2024-09-16 02:30:08,267][flwr][INFO] - fit progress: (83, 61.34937599301338, {'accuracy': 0.8354282373574978}, 764.225764573086)
[2024-09-16 02:30:08,267][flwr][INFO] - configure_evaluate: strategy sampled 2 clients (out of 50)
[2024-09-16 02:30:08,568][flwr][INFO] - aggregate_evaluate: received 2 results and 0 failures
[2024-09-16 02:30:08,569][flwr][INFO] - 
[2024-09-16 02:30:08,569][flwr][INFO] - [ROUND 84]
[2024-09-16 02:30:08,569][flwr][INFO] - configure_fit: strategy sampled 5 clients (out of 50)
[2024-09-16 02:30:12,569][flwr][INFO] - aggregate_fit: received 5 results and 0 failures
[2024-09-16 02:30:17,412][flwr][INFO] - fit progress: (84, 52.90043395757675, {'accuracy': 0.8479976615024847}, 773.3709467859007)
[2024-09-16 02:30:17,412][flwr][INFO] - configure_evaluate: strategy sampled 2 clients (out of 50)
[2024-09-16 02:30:17,726][flwr][INFO] - aggregate_evaluate: received 2 results and 0 failures
[2024-09-16 02:30:17,726][flwr][INFO] - 
[2024-09-16 02:30:17,726][flwr][INFO] - [ROUND 85]
[2024-09-16 02:30:17,727][flwr][INFO] - configure_fit: strategy sampled 5 clients (out of 50)
[2024-09-16 02:30:21,960][flwr][INFO] - aggregate_fit: received 5 results and 0 failures
[2024-09-16 02:30:26,764][flwr][INFO] - fit progress: (85, 47.69680631160736, {'accuracy': 0.8702133878982754}, 782.7231546640396)
[2024-09-16 02:30:26,765][flwr][INFO] - configure_evaluate: strategy sampled 2 clients (out of 50)
[2024-09-16 02:30:27,093][flwr][INFO] - aggregate_evaluate: received 2 results and 0 failures
[2024-09-16 02:30:27,093][flwr][INFO] - 
[2024-09-16 02:30:27,093][flwr][INFO] - [ROUND 86]
[2024-09-16 02:30:27,093][flwr][INFO] - configure_fit: strategy sampled 5 clients (out of 50)
[2024-09-16 02:30:29,939][flwr][INFO] - aggregate_fit: received 5 results and 0 failures
[2024-09-16 02:30:35,547][flwr][INFO] - fit progress: (86, 50.49085134267807, {'accuracy': 0.8450745396083017}, 791.5059539331123)
[2024-09-16 02:30:35,547][flwr][INFO] - configure_evaluate: strategy sampled 2 clients (out of 50)
[2024-09-16 02:30:35,833][flwr][INFO] - aggregate_evaluate: received 2 results and 0 failures
[2024-09-16 02:30:35,833][flwr][INFO] - 
[2024-09-16 02:30:35,833][flwr][INFO] - [ROUND 87]
[2024-09-16 02:30:35,833][flwr][INFO] - configure_fit: strategy sampled 5 clients (out of 50)
[2024-09-16 02:30:39,577][flwr][INFO] - aggregate_fit: received 5 results and 0 failures
[2024-09-16 02:30:45,243][flwr][INFO] - fit progress: (87, 58.5369935631752, {'accuracy': 0.8363051739257527}, 801.2022214289755)
[2024-09-16 02:30:45,244][flwr][INFO] - configure_evaluate: strategy sampled 2 clients (out of 50)
[2024-09-16 02:30:45,797][flwr][INFO] - aggregate_evaluate: received 2 results and 0 failures
[2024-09-16 02:30:45,797][flwr][INFO] - 
[2024-09-16 02:30:45,797][flwr][INFO] - [ROUND 88]
[2024-09-16 02:30:45,798][flwr][INFO] - configure_fit: strategy sampled 5 clients (out of 50)
[2024-09-16 02:30:49,741][flwr][INFO] - aggregate_fit: received 5 results and 0 failures
[2024-09-16 02:30:55,200][flwr][INFO] - fit progress: (88, 57.922885090112686, {'accuracy': 0.8430283542823735}, 811.1593408379704)
[2024-09-16 02:30:55,201][flwr][INFO] - configure_evaluate: strategy sampled 2 clients (out of 50)
[2024-09-16 02:30:55,578][flwr][INFO] - aggregate_evaluate: received 2 results and 0 failures
[2024-09-16 02:30:55,578][flwr][INFO] - 
[2024-09-16 02:30:55,578][flwr][INFO] - [ROUND 89]
[2024-09-16 02:30:55,579][flwr][INFO] - configure_fit: strategy sampled 5 clients (out of 50)
[2024-09-16 02:30:59,138][flwr][INFO] - aggregate_fit: received 5 results and 0 failures
[2024-09-16 02:31:04,704][flwr][INFO] - fit progress: (89, 64.02432626485825, {'accuracy': 0.8403975445776088}, 820.6626555328257)
[2024-09-16 02:31:04,704][flwr][INFO] - configure_evaluate: strategy sampled 2 clients (out of 50)
[2024-09-16 02:31:05,066][flwr][INFO] - aggregate_evaluate: received 2 results and 0 failures
[2024-09-16 02:31:05,067][flwr][INFO] - 
[2024-09-16 02:31:05,067][flwr][INFO] - [ROUND 90]
[2024-09-16 02:31:05,067][flwr][INFO] - configure_fit: strategy sampled 5 clients (out of 50)
[2024-09-16 02:31:09,252][flwr][INFO] - aggregate_fit: received 5 results and 0 failures
[2024-09-16 02:31:13,997][flwr][INFO] - fit progress: (90, 48.12474437057972, {'accuracy': 0.867874890382929}, 829.9560993998311)
[2024-09-16 02:31:13,998][flwr][INFO] - configure_evaluate: strategy sampled 2 clients (out of 50)
[2024-09-16 02:31:14,350][flwr][INFO] - aggregate_evaluate: received 2 results and 0 failures
[2024-09-16 02:31:14,350][flwr][INFO] - 
[2024-09-16 02:31:14,350][flwr][INFO] - [ROUND 91]
[2024-09-16 02:31:14,350][flwr][INFO] - configure_fit: strategy sampled 5 clients (out of 50)
[2024-09-16 02:31:17,192][flwr][INFO] - aggregate_fit: received 5 results and 0 failures
[2024-09-16 02:31:21,927][flwr][INFO] - fit progress: (91, 46.173429638147354, {'accuracy': 0.87284419760304}, 837.8857806208543)
[2024-09-16 02:31:21,927][flwr][INFO] - configure_evaluate: strategy sampled 2 clients (out of 50)
[2024-09-16 02:31:22,315][flwr][INFO] - aggregate_evaluate: received 2 results and 0 failures
[2024-09-16 02:31:22,315][flwr][INFO] - 
[2024-09-16 02:31:22,315][flwr][INFO] - [ROUND 92]
[2024-09-16 02:31:22,316][flwr][INFO] - configure_fit: strategy sampled 5 clients (out of 50)
[2024-09-16 02:31:26,460][flwr][INFO] - aggregate_fit: received 5 results and 0 failures
[2024-09-16 02:31:31,146][flwr][INFO] - fit progress: (92, 65.19088843464851, {'accuracy': 0.8301666179479684}, 847.1050395257771)
[2024-09-16 02:31:31,146][flwr][INFO] - configure_evaluate: strategy sampled 2 clients (out of 50)
[2024-09-16 02:31:31,456][flwr][INFO] - aggregate_evaluate: received 2 results and 0 failures
[2024-09-16 02:31:31,457][flwr][INFO] - 
[2024-09-16 02:31:31,457][flwr][INFO] - [ROUND 93]
[2024-09-16 02:31:31,457][flwr][INFO] - configure_fit: strategy sampled 5 clients (out of 50)
[2024-09-16 02:31:35,690][flwr][INFO] - aggregate_fit: received 5 results and 0 failures
[2024-09-16 02:31:40,405][flwr][INFO] - fit progress: (93, 57.5761094391346, {'accuracy': 0.8412744811458638}, 856.3639780869707)
[2024-09-16 02:31:40,405][flwr][INFO] - configure_evaluate: strategy sampled 2 clients (out of 50)
[2024-09-16 02:31:40,906][flwr][INFO] - aggregate_evaluate: received 2 results and 0 failures
[2024-09-16 02:31:40,906][flwr][INFO] - 
[2024-09-16 02:31:40,906][flwr][INFO] - [ROUND 94]
[2024-09-16 02:31:40,906][flwr][INFO] - configure_fit: strategy sampled 5 clients (out of 50)
[2024-09-16 02:31:44,146][flwr][INFO] - aggregate_fit: received 5 results and 0 failures
[2024-09-16 02:31:48,878][flwr][INFO] - fit progress: (94, 54.0066871792078, {'accuracy': 0.8485822858813212}, 864.8373274430633)
[2024-09-16 02:31:48,879][flwr][INFO] - configure_evaluate: strategy sampled 2 clients (out of 50)
[2024-09-16 02:31:49,315][flwr][INFO] - aggregate_evaluate: received 2 results and 0 failures
[2024-09-16 02:31:49,315][flwr][INFO] - 
[2024-09-16 02:31:49,315][flwr][INFO] - [ROUND 95]
[2024-09-16 02:31:49,315][flwr][INFO] - configure_fit: strategy sampled 5 clients (out of 50)
[2024-09-16 02:31:53,511][flwr][INFO] - aggregate_fit: received 5 results and 0 failures
[2024-09-16 02:31:58,203][flwr][INFO] - fit progress: (95, 56.26586177945137, {'accuracy': 0.8459514761765565}, 874.1618822319433)
[2024-09-16 02:31:58,203][flwr][INFO] - configure_evaluate: strategy sampled 2 clients (out of 50)
[2024-09-16 02:31:58,560][flwr][INFO] - aggregate_evaluate: received 2 results and 0 failures
[2024-09-16 02:31:58,561][flwr][INFO] - 
[2024-09-16 02:31:58,561][flwr][INFO] - [ROUND 96]
[2024-09-16 02:31:58,561][flwr][INFO] - configure_fit: strategy sampled 5 clients (out of 50)
[2024-09-16 02:32:01,697][flwr][INFO] - aggregate_fit: received 5 results and 0 failures
[2024-09-16 02:32:07,291][flwr][INFO] - fit progress: (96, 65.20854997634888, {'accuracy': 0.8225665010230927}, 883.2497252831236)
[2024-09-16 02:32:07,291][flwr][INFO] - configure_evaluate: strategy sampled 2 clients (out of 50)
[2024-09-16 02:32:07,686][flwr][INFO] - aggregate_evaluate: received 2 results and 0 failures
[2024-09-16 02:32:07,687][flwr][INFO] - 
[2024-09-16 02:32:07,687][flwr][INFO] - [ROUND 97]
[2024-09-16 02:32:07,687][flwr][INFO] - configure_fit: strategy sampled 5 clients (out of 50)
[2024-09-16 02:32:11,004][flwr][INFO] - aggregate_fit: received 5 results and 0 failures
[2024-09-16 02:32:15,740][flwr][INFO] - fit progress: (97, 65.26661479473114, {'accuracy': 0.7918737211341713}, 891.6984493448399)
[2024-09-16 02:32:15,740][flwr][INFO] - configure_evaluate: strategy sampled 2 clients (out of 50)
[2024-09-16 02:32:16,144][flwr][INFO] - aggregate_evaluate: received 2 results and 0 failures
[2024-09-16 02:32:16,145][flwr][INFO] - 
[2024-09-16 02:32:16,145][flwr][INFO] - [ROUND 98]
[2024-09-16 02:32:16,145][flwr][INFO] - configure_fit: strategy sampled 5 clients (out of 50)
[2024-09-16 02:32:20,247][flwr][INFO] - aggregate_fit: received 5 results and 0 failures
[2024-09-16 02:32:25,172][flwr][INFO] - fit progress: (98, 56.2492478787899, {'accuracy': 0.839520608009354}, 901.1304868739098)
[2024-09-16 02:32:25,172][flwr][INFO] - configure_evaluate: strategy sampled 2 clients (out of 50)
[2024-09-16 02:32:25,560][flwr][INFO] - aggregate_evaluate: received 2 results and 0 failures
[2024-09-16 02:32:25,560][flwr][INFO] - 
[2024-09-16 02:32:25,560][flwr][INFO] - [ROUND 99]
[2024-09-16 02:32:25,560][flwr][INFO] - configure_fit: strategy sampled 5 clients (out of 50)
[2024-09-16 02:32:30,024][flwr][INFO] - aggregate_fit: received 5 results and 0 failures
[2024-09-16 02:32:34,797][flwr][INFO] - fit progress: (99, 68.79787850379944, {'accuracy': 0.8018123355743935}, 910.7554902527481)
[2024-09-16 02:32:34,797][flwr][INFO] - configure_evaluate: strategy sampled 2 clients (out of 50)
[2024-09-16 02:32:35,149][flwr][INFO] - aggregate_evaluate: received 2 results and 0 failures
[2024-09-16 02:32:35,149][flwr][INFO] - 
[2024-09-16 02:32:35,149][flwr][INFO] - [ROUND 100]
[2024-09-16 02:32:35,149][flwr][INFO] - configure_fit: strategy sampled 5 clients (out of 50)
[2024-09-16 02:32:39,176][flwr][INFO] - aggregate_fit: received 5 results and 0 failures
[2024-09-16 02:32:44,156][flwr][INFO] - fit progress: (100, 45.980225041508675, {'accuracy': 0.8757673194972231}, 920.1151557262056)
[2024-09-16 02:32:44,157][flwr][INFO] - configure_evaluate: strategy sampled 2 clients (out of 50)
[2024-09-16 02:32:44,464][flwr][INFO] - aggregate_evaluate: received 2 results and 0 failures
[2024-09-16 02:32:44,465][flwr][INFO] - 
[2024-09-16 02:32:44,465][flwr][INFO] - [SUMMARY]
[2024-09-16 02:32:44,465][flwr][INFO] - Run finished 100 round(s) in 920.42s
[2024-09-16 02:32:44,468][flwr][INFO] - 	History (loss, distributed):
[2024-09-16 02:32:44,469][flwr][INFO] - 		round 1: 2.02783844547887
[2024-09-16 02:32:44,469][flwr][INFO] - 		round 2: 2.1325543456607394
[2024-09-16 02:32:44,469][flwr][INFO] - 		round 3: 1.8470219857450845
[2024-09-16 02:32:44,469][flwr][INFO] - 		round 4: 1.9826410412788391
[2024-09-16 02:32:44,469][flwr][INFO] - 		round 5: 1.7125113010406494
[2024-09-16 02:32:44,469][flwr][INFO] - 		round 6: 1.787067862227559
[2024-09-16 02:32:44,469][flwr][INFO] - 		round 7: 1.8033443570137024
[2024-09-16 02:32:44,469][flwr][INFO] - 		round 8: 1.685198508368598
[2024-09-16 02:32:44,469][flwr][INFO] - 		round 9: 1.5064245523032496
[2024-09-16 02:32:44,469][flwr][INFO] - 		round 10: 1.5294452047348022
[2024-09-16 02:32:44,470][flwr][INFO] - 		round 11: 1.6306977442332677
[2024-09-16 02:32:44,470][flwr][INFO] - 		round 12: 1.1613391935825348
[2024-09-16 02:32:44,470][flwr][INFO] - 		round 13: 1.274690198175835
[2024-09-16 02:32:44,470][flwr][INFO] - 		round 14: 1.2774426295207097
[2024-09-16 02:32:44,470][flwr][INFO] - 		round 15: 1.2013154029846191
[2024-09-16 02:32:44,470][flwr][INFO] - 		round 16: 1.020037372501529
[2024-09-16 02:32:44,470][flwr][INFO] - 		round 17: 1.0020972192287445
[2024-09-16 02:32:44,470][flwr][INFO] - 		round 18: 0.9090255216548317
[2024-09-16 02:32:44,470][flwr][INFO] - 		round 19: 1.104135615485055
[2024-09-16 02:32:44,470][flwr][INFO] - 		round 20: 0.9372399364198957
[2024-09-16 02:32:44,470][flwr][INFO] - 		round 21: 0.970824623361547
[2024-09-16 02:32:44,470][flwr][INFO] - 		round 22: 0.9013494233931264
[2024-09-16 02:32:44,470][flwr][INFO] - 		round 23: 0.8118279576301575
[2024-09-16 02:32:44,470][flwr][INFO] - 		round 24: 1.4024417027831078
[2024-09-16 02:32:44,470][flwr][INFO] - 		round 25: 0.9339641752377362
[2024-09-16 02:32:44,470][flwr][INFO] - 		round 26: 0.7070290017873049
[2024-09-16 02:32:44,470][flwr][INFO] - 		round 27: 0.8202381259516666
[2024-09-16 02:32:44,471][flwr][INFO] - 		round 28: 0.8604941383004189
[2024-09-16 02:32:44,471][flwr][INFO] - 		round 29: 0.712075899387228
[2024-09-16 02:32:44,471][flwr][INFO] - 		round 30: 1.2768906682729722
[2024-09-16 02:32:44,471][flwr][INFO] - 		round 31: 0.9153325084377738
[2024-09-16 02:32:44,471][flwr][INFO] - 		round 32: 1.004734318703413
[2024-09-16 02:32:44,471][flwr][INFO] - 		round 33: 0.8300744250135602
[2024-09-16 02:32:44,471][flwr][INFO] - 		round 34: 1.0497515234682295
[2024-09-16 02:32:44,471][flwr][INFO] - 		round 35: 1.1259216283048903
[2024-09-16 02:32:44,471][flwr][INFO] - 		round 36: 0.9499026230863623
[2024-09-16 02:32:44,471][flwr][INFO] - 		round 37: 0.5191945145527522
[2024-09-16 02:32:44,471][flwr][INFO] - 		round 38: 0.5241254075713779
[2024-09-16 02:32:44,471][flwr][INFO] - 		round 39: 0.9977537290803318
[2024-09-16 02:32:44,471][flwr][INFO] - 		round 40: 0.7848662152176812
[2024-09-16 02:32:44,471][flwr][INFO] - 		round 41: 0.8867478428348419
[2024-09-16 02:32:44,471][flwr][INFO] - 		round 42: 0.8867387479665328
[2024-09-16 02:32:44,471][flwr][INFO] - 		round 43: 0.768960665350091
[2024-09-16 02:32:44,471][flwr][INFO] - 		round 44: 0.8858318452565175
[2024-09-16 02:32:44,471][flwr][INFO] - 		round 45: 1.1112119216544956
[2024-09-16 02:32:44,472][flwr][INFO] - 		round 46: 0.7244788691645763
[2024-09-16 02:32:44,472][flwr][INFO] - 		round 47: 0.6408786833286285
[2024-09-16 02:32:44,472][flwr][INFO] - 		round 48: 0.7484330433719563
[2024-09-16 02:32:44,472][flwr][INFO] - 		round 49: 0.5880202071086781
[2024-09-16 02:32:44,472][flwr][INFO] - 		round 50: 1.309228813648224
[2024-09-16 02:32:44,472][flwr][INFO] - 		round 51: 0.7093024752577957
[2024-09-16 02:32:44,472][flwr][INFO] - 		round 52: 0.7048092432189406
[2024-09-16 02:32:44,472][flwr][INFO] - 		round 53: 0.6702399132428346
[2024-09-16 02:32:44,472][flwr][INFO] - 		round 54: 0.5445264175770774
[2024-09-16 02:32:44,472][flwr][INFO] - 		round 55: 1.080244129074031
[2024-09-16 02:32:44,472][flwr][INFO] - 		round 56: 0.7032432343278613
[2024-09-16 02:32:44,472][flwr][INFO] - 		round 57: 0.5329782542857256
[2024-09-16 02:32:44,472][flwr][INFO] - 		round 58: 0.8461424810545785
[2024-09-16 02:32:44,472][flwr][INFO] - 		round 59: 0.7988768462091684
[2024-09-16 02:32:44,472][flwr][INFO] - 		round 60: 0.4974388790130615
[2024-09-16 02:32:44,472][flwr][INFO] - 		round 61: 0.7714248636983475
[2024-09-16 02:32:44,472][flwr][INFO] - 		round 62: 0.487418350650043
[2024-09-16 02:32:44,472][flwr][INFO] - 		round 63: 0.8207198090023464
[2024-09-16 02:32:44,473][flwr][INFO] - 		round 64: 0.7136871536572774
[2024-09-16 02:32:44,473][flwr][INFO] - 		round 65: 0.6172795783389698
[2024-09-16 02:32:44,473][flwr][INFO] - 		round 66: 0.6115790724754333
[2024-09-16 02:32:44,473][flwr][INFO] - 		round 67: 0.38948527548243017
[2024-09-16 02:32:44,473][flwr][INFO] - 		round 68: 0.9428528189659119
[2024-09-16 02:32:44,473][flwr][INFO] - 		round 69: 0.8686348744060682
[2024-09-16 02:32:44,473][flwr][INFO] - 		round 70: 0.9999478042125702
[2024-09-16 02:32:44,473][flwr][INFO] - 		round 71: 0.9809368451436361
[2024-09-16 02:32:44,473][flwr][INFO] - 		round 72: 0.7506107836961746
[2024-09-16 02:32:44,473][flwr][INFO] - 		round 73: 1.002700654471793
[2024-09-16 02:32:44,473][flwr][INFO] - 		round 74: 0.7157586216926575
[2024-09-16 02:32:44,473][flwr][INFO] - 		round 75: 0.7616835049554413
[2024-09-16 02:32:44,473][flwr][INFO] - 		round 76: 0.6104483615074839
[2024-09-16 02:32:44,473][flwr][INFO] - 		round 77: 0.5183231820139969
[2024-09-16 02:32:44,473][flwr][INFO] - 		round 78: 0.6987785518169403
[2024-09-16 02:32:44,473][flwr][INFO] - 		round 79: 0.5189827127116067
[2024-09-16 02:32:44,474][flwr][INFO] - 		round 80: 0.5775768990102021
[2024-09-16 02:32:44,474][flwr][INFO] - 		round 81: 0.5712937593460083
[2024-09-16 02:32:44,474][flwr][INFO] - 		round 82: 0.6456711685882425
[2024-09-16 02:32:44,474][flwr][INFO] - 		round 83: 0.6625408289280343
[2024-09-16 02:32:44,474][flwr][INFO] - 		round 84: 0.6542558670043945
[2024-09-16 02:32:44,474][flwr][INFO] - 		round 85: 0.3970484814860604
[2024-09-16 02:32:44,474][flwr][INFO] - 		round 86: 0.34259262681007385
[2024-09-16 02:32:44,474][flwr][INFO] - 		round 87: 0.39817222390534746
[2024-09-16 02:32:44,474][flwr][INFO] - 		round 88: 0.520191576745775
[2024-09-16 02:32:44,474][flwr][INFO] - 		round 89: 0.749054130166769
[2024-09-16 02:32:44,474][flwr][INFO] - 		round 90: 0.3909028949032367
[2024-09-16 02:32:44,474][flwr][INFO] - 		round 91: 0.494577838026959
[2024-09-16 02:32:44,474][flwr][INFO] - 		round 92: 0.5370481908321381
[2024-09-16 02:32:44,474][flwr][INFO] - 		round 93: 0.46779718715697527
[2024-09-16 02:32:44,474][flwr][INFO] - 		round 94: 0.4122336879372597
[2024-09-16 02:32:44,474][flwr][INFO] - 		round 95: 0.5837304374066795
[2024-09-16 02:32:44,474][flwr][INFO] - 		round 96: 0.7403894662857056
[2024-09-16 02:32:44,474][flwr][INFO] - 		round 97: 0.6065652237998115
[2024-09-16 02:32:44,475][flwr][INFO] - 		round 98: 0.5001694649457932
[2024-09-16 02:32:44,475][flwr][INFO] - 		round 99: 0.8826028108596802
[2024-09-16 02:32:44,475][flwr][INFO] - 		round 100: 0.3878936338424683
[2024-09-16 02:32:44,475][flwr][INFO] - 	History (loss, centralized):
[2024-09-16 02:32:44,475][flwr][INFO] - 		round 0: 220.72804379463196
[2024-09-16 02:32:44,475][flwr][INFO] - 		round 1: 218.58322203159332
[2024-09-16 02:32:44,475][flwr][INFO] - 		round 2: 219.78253293037415
[2024-09-16 02:32:44,475][flwr][INFO] - 		round 3: 208.2747219800949
[2024-09-16 02:32:44,475][flwr][INFO] - 		round 4: 199.12758374214172
[2024-09-16 02:32:44,475][flwr][INFO] - 		round 5: 196.77178180217743
[2024-09-16 02:32:44,475][flwr][INFO] - 		round 6: 198.14661967754364
[2024-09-16 02:32:44,475][flwr][INFO] - 		round 7: 187.71373772621155
[2024-09-16 02:32:44,475][flwr][INFO] - 		round 8: 190.43957102298737
[2024-09-16 02:32:44,475][flwr][INFO] - 		round 9: 169.37550806999207
[2024-09-16 02:32:44,475][flwr][INFO] - 		round 10: 161.75818538665771
[2024-09-16 02:32:44,475][flwr][INFO] - 		round 11: 158.03758776187897
[2024-09-16 02:32:44,475][flwr][INFO] - 		round 12: 148.59224367141724
[2024-09-16 02:32:44,475][flwr][INFO] - 		round 13: 137.60505855083466
[2024-09-16 02:32:44,476][flwr][INFO] - 		round 14: 124.38834929466248
[2024-09-16 02:32:44,476][flwr][INFO] - 		round 15: 124.2262915968895
[2024-09-16 02:32:44,476][flwr][INFO] - 		round 16: 116.41217887401581
[2024-09-16 02:32:44,476][flwr][INFO] - 		round 17: 117.89679706096649
[2024-09-16 02:32:44,476][flwr][INFO] - 		round 18: 112.73603600263596
[2024-09-16 02:32:44,476][flwr][INFO] - 		round 19: 105.15197420120239
[2024-09-16 02:32:44,476][flwr][INFO] - 		round 20: 104.81479209661484
[2024-09-16 02:32:44,476][flwr][INFO] - 		round 21: 99.61007249355316
[2024-09-16 02:32:44,476][flwr][INFO] - 		round 22: 94.31054365634918
[2024-09-16 02:32:44,476][flwr][INFO] - 		round 23: 101.83666521310806
[2024-09-16 02:32:44,476][flwr][INFO] - 		round 24: 104.68529224395752
[2024-09-16 02:32:44,476][flwr][INFO] - 		round 25: 98.88084131479263
[2024-09-16 02:32:44,476][flwr][INFO] - 		round 26: 90.87845414876938
[2024-09-16 02:32:44,476][flwr][INFO] - 		round 27: 83.16626113653183
[2024-09-16 02:32:44,476][flwr][INFO] - 		round 28: 86.88528281450272
[2024-09-16 02:32:44,476][flwr][INFO] - 		round 29: 89.7520672082901
[2024-09-16 02:32:44,477][flwr][INFO] - 		round 30: 126.52995723485947
[2024-09-16 02:32:44,477][flwr][INFO] - 		round 31: 86.41358780860901
[2024-09-16 02:32:44,477][flwr][INFO] - 		round 32: 75.74275213479996
[2024-09-16 02:32:44,477][flwr][INFO] - 		round 33: 80.34769639372826
[2024-09-16 02:32:44,477][flwr][INFO] - 		round 34: 90.72494906187057
[2024-09-16 02:32:44,477][flwr][INFO] - 		round 35: 110.4919120669365
[2024-09-16 02:32:44,477][flwr][INFO] - 		round 36: 86.15152537822723
[2024-09-16 02:32:44,477][flwr][INFO] - 		round 37: 69.97303050756454
[2024-09-16 02:32:44,477][flwr][INFO] - 		round 38: 69.7480138540268
[2024-09-16 02:32:44,477][flwr][INFO] - 		round 39: 113.05261939764023
[2024-09-16 02:32:44,477][flwr][INFO] - 		round 40: 95.26433312892914
[2024-09-16 02:32:44,477][flwr][INFO] - 		round 41: 76.84537887573242
[2024-09-16 02:32:44,477][flwr][INFO] - 		round 42: 73.25476297736168
[2024-09-16 02:32:44,477][flwr][INFO] - 		round 43: 90.13390558958054
[2024-09-16 02:32:44,477][flwr][INFO] - 		round 44: 69.79362493753433
[2024-09-16 02:32:44,477][flwr][INFO] - 		round 45: 95.87886118888855
[2024-09-16 02:32:44,477][flwr][INFO] - 		round 46: 77.73389238119125
[2024-09-16 02:32:44,477][flwr][INFO] - 		round 47: 68.51933813095093
[2024-09-16 02:32:44,478][flwr][INFO] - 		round 48: 71.45079281926155
[2024-09-16 02:32:44,478][flwr][INFO] - 		round 49: 65.64054360985756
[2024-09-16 02:32:44,478][flwr][INFO] - 		round 50: 129.16680485010147
[2024-09-16 02:32:44,478][flwr][INFO] - 		round 51: 88.59820967912674
[2024-09-16 02:32:44,478][flwr][INFO] - 		round 52: 61.65917405486107
[2024-09-16 02:32:44,478][flwr][INFO] - 		round 53: 67.56237775087357
[2024-09-16 02:32:44,478][flwr][INFO] - 		round 54: 60.01000538468361
[2024-09-16 02:32:44,478][flwr][INFO] - 		round 55: 111.35779440402985
[2024-09-16 02:32:44,478][flwr][INFO] - 		round 56: 77.31566479802132
[2024-09-16 02:32:44,478][flwr][INFO] - 		round 57: 56.375399708747864
[2024-09-16 02:32:44,478][flwr][INFO] - 		round 58: 61.880475461483
[2024-09-16 02:32:44,478][flwr][INFO] - 		round 59: 82.12197196483612
[2024-09-16 02:32:44,478][flwr][INFO] - 		round 60: 71.18030861020088
[2024-09-16 02:32:44,478][flwr][INFO] - 		round 61: 67.04860928654671
[2024-09-16 02:32:44,478][flwr][INFO] - 		round 62: 59.02997326850891
[2024-09-16 02:32:44,478][flwr][INFO] - 		round 63: 84.12178838253021
[2024-09-16 02:32:44,478][flwr][INFO] - 		round 64: 65.16975378990173
[2024-09-16 02:32:44,478][flwr][INFO] - 		round 65: 58.0730237364769
[2024-09-16 02:32:44,479][flwr][INFO] - 		round 66: 58.86105412244797
[2024-09-16 02:32:44,479][flwr][INFO] - 		round 67: 51.64507719874382
[2024-09-16 02:32:44,479][flwr][INFO] - 		round 68: 78.34411650896072
[2024-09-16 02:32:44,479][flwr][INFO] - 		round 69: 79.06066420674324
[2024-09-16 02:32:44,479][flwr][INFO] - 		round 70: 93.98879557847977
[2024-09-16 02:32:44,479][flwr][INFO] - 		round 71: 98.69378435611725
[2024-09-16 02:32:44,479][flwr][INFO] - 		round 72: 65.28829231858253
[2024-09-16 02:32:44,479][flwr][INFO] - 		round 73: 77.77157291769981
[2024-09-16 02:32:44,479][flwr][INFO] - 		round 74: 65.98233270645142
[2024-09-16 02:32:44,479][flwr][INFO] - 		round 75: 89.88808310031891
[2024-09-16 02:32:44,479][flwr][INFO] - 		round 76: 54.46180647611618
[2024-09-16 02:32:44,479][flwr][INFO] - 		round 77: 55.23811146616936
[2024-09-16 02:32:44,479][flwr][INFO] - 		round 78: 64.4277161359787
[2024-09-16 02:32:44,479][flwr][INFO] - 		round 79: 69.27135217189789
[2024-09-16 02:32:44,479][flwr][INFO] - 		round 80: 53.8087582141161
[2024-09-16 02:32:44,479][flwr][INFO] - 		round 81: 66.36877232789993
[2024-09-16 02:32:44,479][flwr][INFO] - 		round 82: 50.73102858662605
[2024-09-16 02:32:44,480][flwr][INFO] - 		round 83: 61.34937599301338
[2024-09-16 02:32:44,480][flwr][INFO] - 		round 84: 52.90043395757675
[2024-09-16 02:32:44,480][flwr][INFO] - 		round 85: 47.69680631160736
[2024-09-16 02:32:44,480][flwr][INFO] - 		round 86: 50.49085134267807
[2024-09-16 02:32:44,480][flwr][INFO] - 		round 87: 58.5369935631752
[2024-09-16 02:32:44,480][flwr][INFO] - 		round 88: 57.922885090112686
[2024-09-16 02:32:44,480][flwr][INFO] - 		round 89: 64.02432626485825
[2024-09-16 02:32:44,480][flwr][INFO] - 		round 90: 48.12474437057972
[2024-09-16 02:32:44,480][flwr][INFO] - 		round 91: 46.173429638147354
[2024-09-16 02:32:44,480][flwr][INFO] - 		round 92: 65.19088843464851
[2024-09-16 02:32:44,480][flwr][INFO] - 		round 93: 57.5761094391346
[2024-09-16 02:32:44,480][flwr][INFO] - 		round 94: 54.0066871792078
[2024-09-16 02:32:44,480][flwr][INFO] - 		round 95: 56.26586177945137
[2024-09-16 02:32:44,480][flwr][INFO] - 		round 96: 65.20854997634888
[2024-09-16 02:32:44,480][flwr][INFO] - 		round 97: 65.26661479473114
[2024-09-16 02:32:44,480][flwr][INFO] - 		round 98: 56.2492478787899
[2024-09-16 02:32:44,480][flwr][INFO] - 		round 99: 68.79787850379944
[2024-09-16 02:32:44,480][flwr][INFO] - 		round 100: 45.980225041508675
[2024-09-16 02:32:44,481][flwr][INFO] - 	History (metrics, distributed, evaluate):
[2024-09-16 02:32:44,481][flwr][INFO] - 	{'accuracy': [(1, 0.20967741935483872),
[2024-09-16 02:32:44,481][flwr][INFO] - 	              (2, 0.05555555555555555),
[2024-09-16 02:32:44,481][flwr][INFO] - 	              (3, 0.463768115942029),
[2024-09-16 02:32:44,481][flwr][INFO] - 	              (4, 0.1388888888888889),
[2024-09-16 02:32:44,481][flwr][INFO] - 	              (5, 0.5694444444444444),
[2024-09-16 02:32:44,481][flwr][INFO] - 	              (6, 0.359375),
[2024-09-16 02:32:44,481][flwr][INFO] - 	              (7, 0.45),
[2024-09-16 02:32:44,481][flwr][INFO] - 	              (8, 0.7333333333333333),
[2024-09-16 02:32:44,481][flwr][INFO] - 	              (9, 0.6610169491525424),
[2024-09-16 02:32:44,481][flwr][INFO] - 	              (10, 0.4266666666666667),
[2024-09-16 02:32:44,481][flwr][INFO] - 	              (11, 0.5),
[2024-09-16 02:32:44,481][flwr][INFO] - 	              (12, 0.65625),
[2024-09-16 02:32:44,481][flwr][INFO] - 	              (13, 0.7272727272727273),
[2024-09-16 02:32:44,481][flwr][INFO] - 	              (14, 0.6730769230769231),
[2024-09-16 02:32:44,481][flwr][INFO] - 	              (15, 0.6774193548387096),
[2024-09-16 02:32:44,481][flwr][INFO] - 	              (16, 0.7959183673469388),
[2024-09-16 02:32:44,482][flwr][INFO] - 	              (17, 0.7037037037037037),
[2024-09-16 02:32:44,482][flwr][INFO] - 	              (18, 0.8596491228070176),
[2024-09-16 02:32:44,482][flwr][INFO] - 	              (19, 0.6190476190476191),
[2024-09-16 02:32:44,482][flwr][INFO] - 	              (20, 0.6938775510204082),
[2024-09-16 02:32:44,482][flwr][INFO] - 	              (21, 0.723404255319149),
[2024-09-16 02:32:44,482][flwr][INFO] - 	              (22, 0.7419354838709677),
[2024-09-16 02:32:44,482][flwr][INFO] - 	              (23, 0.8771929824561403),
[2024-09-16 02:32:44,482][flwr][INFO] - 	              (24, 0.46875),
[2024-09-16 02:32:44,482][flwr][INFO] - 	              (25, 0.7323943661971831),
[2024-09-16 02:32:44,482][flwr][INFO] - 	              (26, 0.796875),
[2024-09-16 02:32:44,482][flwr][INFO] - 	              (27, 0.7368421052631579),
[2024-09-16 02:32:44,482][flwr][INFO] - 	              (28, 0.7625),
[2024-09-16 02:32:44,482][flwr][INFO] - 	              (29, 0.7931034482758621),
[2024-09-16 02:32:44,482][flwr][INFO] - 	              (30, 0.75),
[2024-09-16 02:32:44,482][flwr][INFO] - 	              (31, 0.6764705882352942),
[2024-09-16 02:32:44,482][flwr][INFO] - 	              (32, 0.65625),
[2024-09-16 02:32:44,482][flwr][INFO] - 	              (33, 0.8113207547169812),
[2024-09-16 02:32:44,482][flwr][INFO] - 	              (34, 0.6666666666666666),
[2024-09-16 02:32:44,483][flwr][INFO] - 	              (35, 0.6428571428571429),
[2024-09-16 02:32:44,483][flwr][INFO] - 	              (36, 0.7027027027027027),
[2024-09-16 02:32:44,483][flwr][INFO] - 	              (37, 0.9),
[2024-09-16 02:32:44,483][flwr][INFO] - 	              (38, 0.8913043478260869),
[2024-09-16 02:32:44,483][flwr][INFO] - 	              (39, 0.7241379310344828),
[2024-09-16 02:32:44,483][flwr][INFO] - 	              (40, 0.8333333333333334),
[2024-09-16 02:32:44,483][flwr][INFO] - 	              (41, 0.6774193548387096),
[2024-09-16 02:32:44,483][flwr][INFO] - 	              (42, 0.7142857142857143),
[2024-09-16 02:32:44,483][flwr][INFO] - 	              (43, 0.8767123287671232),
[2024-09-16 02:32:44,483][flwr][INFO] - 	              (44, 0.6792452830188679),
[2024-09-16 02:32:44,483][flwr][INFO] - 	              (45, 0.5686274509803921),
[2024-09-16 02:32:44,483][flwr][INFO] - 	              (46, 0.8688524590163934),
[2024-09-16 02:32:44,483][flwr][INFO] - 	              (47, 0.78),
[2024-09-16 02:32:44,483][flwr][INFO] - 	              (48, 0.8113207547169812),
[2024-09-16 02:32:44,483][flwr][INFO] - 	              (49, 0.8648648648648649),
[2024-09-16 02:32:44,483][flwr][INFO] - 	              (50, 0.6),
[2024-09-16 02:32:44,483][flwr][INFO] - 	              (51, 0.7959183673469388),
[2024-09-16 02:32:44,483][flwr][INFO] - 	              (52, 0.7192982456140351),
[2024-09-16 02:32:44,484][flwr][INFO] - 	              (53, 0.8518518518518519),
[2024-09-16 02:32:44,484][flwr][INFO] - 	              (54, 0.8888888888888888),
[2024-09-16 02:32:44,484][flwr][INFO] - 	              (55, 0.6206896551724138),
[2024-09-16 02:32:44,484][flwr][INFO] - 	              (56, 0.8333333333333334),
[2024-09-16 02:32:44,484][flwr][INFO] - 	              (57, 0.8333333333333334),
[2024-09-16 02:32:44,484][flwr][INFO] - 	              (58, 0.6571428571428571),
[2024-09-16 02:32:44,484][flwr][INFO] - 	              (59, 0.75),
[2024-09-16 02:32:44,484][flwr][INFO] - 	              (60, 0.84),
[2024-09-16 02:32:44,484][flwr][INFO] - 	              (61, 0.7924528301886793),
[2024-09-16 02:32:44,484][flwr][INFO] - 	              (62, 0.8536585365853658),
[2024-09-16 02:32:44,484][flwr][INFO] - 	              (63, 0.8222222222222222),
[2024-09-16 02:32:44,484][flwr][INFO] - 	              (64, 0.8),
[2024-09-16 02:32:44,484][flwr][INFO] - 	              (65, 0.8484848484848485),
[2024-09-16 02:32:44,484][flwr][INFO] - 	              (66, 0.72),
[2024-09-16 02:32:44,484][flwr][INFO] - 	              (67, 0.9117647058823529),
[2024-09-16 02:32:44,484][flwr][INFO] - 	              (68, 0.7111111111111111),
[2024-09-16 02:32:44,484][flwr][INFO] - 	              (69, 0.6304347826086957),
[2024-09-16 02:32:44,484][flwr][INFO] - 	              (70, 0.7166666666666667),
[2024-09-16 02:32:44,485][flwr][INFO] - 	              (71, 0.696969696969697),
[2024-09-16 02:32:44,485][flwr][INFO] - 	              (72, 0.7708333333333334),
[2024-09-16 02:32:44,485][flwr][INFO] - 	              (73, 0.6585365853658537),
[2024-09-16 02:32:44,485][flwr][INFO] - 	              (74, 0.7555555555555555),
[2024-09-16 02:32:44,485][flwr][INFO] - 	              (75, 0.8823529411764706),
[2024-09-16 02:32:44,485][flwr][INFO] - 	              (76, 0.7678571428571429),
[2024-09-16 02:32:44,485][flwr][INFO] - 	              (77, 0.8421052631578947),
[2024-09-16 02:32:44,485][flwr][INFO] - 	              (78, 0.7833333333333333),
[2024-09-16 02:32:44,485][flwr][INFO] - 	              (79, 0.8253968253968254),
[2024-09-16 02:32:44,485][flwr][INFO] - 	              (80, 0.8260869565217391),
[2024-09-16 02:32:44,485][flwr][INFO] - 	              (81, 0.8666666666666667),
[2024-09-16 02:32:44,485][flwr][INFO] - 	              (82, 0.8113207547169812),
[2024-09-16 02:32:44,485][flwr][INFO] - 	              (83, 0.7659574468085106),
[2024-09-16 02:32:44,485][flwr][INFO] - 	              (84, 0.6538461538461539),
[2024-09-16 02:32:44,485][flwr][INFO] - 	              (85, 0.9090909090909091),
[2024-09-16 02:32:44,485][flwr][INFO] - 	              (86, 0.8888888888888888),
[2024-09-16 02:32:44,485][flwr][INFO] - 	              (87, 0.8867924528301887),
[2024-09-16 02:32:44,486][flwr][INFO] - 	              (88, 0.8444444444444444),
[2024-09-16 02:32:44,486][flwr][INFO] - 	              (89, 0.71875),
[2024-09-16 02:32:44,486][flwr][INFO] - 	              (90, 0.8732394366197183),
[2024-09-16 02:32:44,486][flwr][INFO] - 	              (91, 0.8913043478260869),
[2024-09-16 02:32:44,486][flwr][INFO] - 	              (92, 0.9090909090909091),
[2024-09-16 02:32:44,486][flwr][INFO] - 	              (93, 0.890625),
[2024-09-16 02:32:44,486][flwr][INFO] - 	              (94, 0.875),
[2024-09-16 02:32:44,486][flwr][INFO] - 	              (95, 0.8292682926829268),
[2024-09-16 02:32:44,486][flwr][INFO] - 	              (96, 0.717391304347826),
[2024-09-16 02:32:44,486][flwr][INFO] - 	              (97, 0.7936507936507936),
[2024-09-16 02:32:44,486][flwr][INFO] - 	              (98, 0.8571428571428571),
[2024-09-16 02:32:44,486][flwr][INFO] - 	              (99, 0.7142857142857143),
[2024-09-16 02:32:44,486][flwr][INFO] - 	              (100, 0.92)]}
[2024-09-16 02:32:44,486][flwr][INFO] - 	History (metrics, centralized):
[2024-09-16 02:32:44,486][flwr][INFO] - 	{'accuracy': [(0, 0.14732534346682258),
[2024-09-16 02:32:44,486][flwr][INFO] - 	              (1, 0.18181818181818182),
[2024-09-16 02:32:44,486][flwr][INFO] - 	              (2, 0.17597193802981584),
[2024-09-16 02:32:44,487][flwr][INFO] - 	              (3, 0.2972814966384098),
[2024-09-16 02:32:44,487][flwr][INFO] - 	              (4, 0.3294358374744227),
[2024-09-16 02:32:44,487][flwr][INFO] - 	              (5, 0.3969599532300497),
[2024-09-16 02:32:44,487][flwr][INFO] - 	              (6, 0.29055831628178896),
[2024-09-16 02:32:44,487][flwr][INFO] - 	              (7, 0.44694533762057875),
[2024-09-16 02:32:44,487][flwr][INFO] - 	              (8, 0.47471499561531716),
[2024-09-16 02:32:44,487][flwr][INFO] - 	              (9, 0.5632855890090617),
[2024-09-16 02:32:44,487][flwr][INFO] - 	              (10, 0.5425314235603624),
[2024-09-16 02:32:44,487][flwr][INFO] - 	              (11, 0.6328558900906168),
[2024-09-16 02:32:44,487][flwr][INFO] - 	              (12, 0.6150248465361006),
[2024-09-16 02:32:44,487][flwr][INFO] - 	              (13, 0.673194972230342),
[2024-09-16 02:32:44,487][flwr][INFO] - 	              (14, 0.71821104940076),
[2024-09-16 02:32:44,487][flwr][INFO] - 	              (15, 0.7252265419467991),
[2024-09-16 02:32:44,487][flwr][INFO] - 	              (16, 0.7427652733118971),
[2024-09-16 02:32:44,487][flwr][INFO] - 	              (17, 0.7161648640748319),
[2024-09-16 02:32:44,487][flwr][INFO] - 	              (18, 0.7722888044431453),
[2024-09-16 02:32:44,487][flwr][INFO] - 	              (19, 0.7594270681087402),
[2024-09-16 02:32:44,487][flwr][INFO] - 	              (20, 0.7342882198187665),
[2024-09-16 02:32:44,488][flwr][INFO] - 	              (21, 0.7667348728441976),
[2024-09-16 02:32:44,488][flwr][INFO] - 	              (22, 0.785735165156387),
[2024-09-16 02:32:44,488][flwr][INFO] - 	              (23, 0.7831043554516224),
[2024-09-16 02:32:44,488][flwr][INFO] - 	              (24, 0.7626425021923414),
[2024-09-16 02:32:44,488][flwr][INFO] - 	              (25, 0.7518269511838643),
[2024-09-16 02:32:44,488][flwr][INFO] - 	              (26, 0.7787196726103478),
[2024-09-16 02:32:44,488][flwr][INFO] - 	              (27, 0.797427652733119),
[2024-09-16 02:32:44,488][flwr][INFO] - 	              (28, 0.7816427945045309),
[2024-09-16 02:32:44,488][flwr][INFO] - 	              (29, 0.7930429698918445),
[2024-09-16 02:32:44,488][flwr][INFO] - 	              (30, 0.6886875182695118),
[2024-09-16 02:32:44,488][flwr][INFO] - 	              (31, 0.7722888044431453),
[2024-09-16 02:32:44,488][flwr][INFO] - 	              (32, 0.8018123355743935),
[2024-09-16 02:32:44,488][flwr][INFO] - 	              (33, 0.8056123940368314),
[2024-09-16 02:32:44,488][flwr][INFO] - 	              (34, 0.7673194972230342),
[2024-09-16 02:32:44,488][flwr][INFO] - 	              (35, 0.6883952060800935),
[2024-09-16 02:32:44,488][flwr][INFO] - 	              (36, 0.7924583455130079),
[2024-09-16 02:32:44,488][flwr][INFO] - 	              (37, 0.8184741303712365),
[2024-09-16 02:32:44,488][flwr][INFO] - 	              (38, 0.822858813212511),
[2024-09-16 02:32:44,489][flwr][INFO] - 	              (39, 0.6977491961414791),
[2024-09-16 02:32:44,489][flwr][INFO] - 	              (40, 0.7781350482315113),
[2024-09-16 02:32:44,489][flwr][INFO] - 	              (41, 0.8070739549839229),
[2024-09-16 02:32:44,489][flwr][INFO] - 	              (42, 0.8225665010230927),
[2024-09-16 02:32:44,489][flwr][INFO] - 	              (43, 0.7892429114294066),
[2024-09-16 02:32:44,489][flwr][INFO] - 	              (44, 0.8012277111955568),
[2024-09-16 02:32:44,489][flwr][INFO] - 	              (45, 0.7480268927214265),
[2024-09-16 02:32:44,489][flwr][INFO] - 	              (46, 0.8260742472961122),
[2024-09-16 02:32:44,489][flwr][INFO] - 	              (47, 0.8152586962876351),
[2024-09-16 02:32:44,489][flwr][INFO] - 	              (48, 0.8398129201987723),
[2024-09-16 02:32:44,489][flwr][INFO] - 	              (49, 0.8240280619701842),
[2024-09-16 02:32:44,489][flwr][INFO] - 	              (50, 0.6410406313943291),
[2024-09-16 02:32:44,489][flwr][INFO] - 	              (51, 0.7474422683425899),
[2024-09-16 02:32:44,489][flwr][INFO] - 	              (52, 0.8342589885998246),
[2024-09-16 02:32:44,489][flwr][INFO] - 	              (53, 0.8345513007892429),
[2024-09-16 02:32:44,489][flwr][INFO] - 	              (54, 0.8412744811458638),
[2024-09-16 02:32:44,489][flwr][INFO] - 	              (55, 0.6647179187372113),
[2024-09-16 02:32:44,489][flwr][INFO] - 	              (56, 0.7822274188833674),
[2024-09-16 02:32:44,490][flwr][INFO] - 	              (57, 0.8430283542823735),
[2024-09-16 02:32:44,490][flwr][INFO] - 	              (58, 0.8190587547500731),
[2024-09-16 02:32:44,490][flwr][INFO] - 	              (59, 0.8015200233849752),
[2024-09-16 02:32:44,490][flwr][INFO] - 	              (60, 0.8348436129786612),
[2024-09-16 02:32:44,490][flwr][INFO] - 	              (61, 0.8310435545162234),
[2024-09-16 02:32:44,490][flwr][INFO] - 	              (62, 0.8553054662379421),
[2024-09-16 02:32:44,490][flwr][INFO] - 	              (63, 0.8251973107278574),
[2024-09-16 02:32:44,490][flwr][INFO] - 	              (64, 0.8398129201987723),
[2024-09-16 02:32:44,490][flwr][INFO] - 	              (65, 0.8506284712072494),
[2024-09-16 02:32:44,490][flwr][INFO] - 	              (66, 0.836597486115171),
[2024-09-16 02:32:44,490][flwr][INFO] - 	              (67, 0.8512130955860859),
[2024-09-16 02:32:44,490][flwr][INFO] - 	              (68, 0.7816427945045309),
[2024-09-16 02:32:44,490][flwr][INFO] - 	              (69, 0.7901198479976616),
[2024-09-16 02:32:44,490][flwr][INFO] - 	              (70, 0.7676118094124526),
[2024-09-16 02:32:44,490][flwr][INFO] - 	              (71, 0.7304881613563285),
[2024-09-16 02:32:44,490][flwr][INFO] - 	              (72, 0.8386436714410991),
[2024-09-16 02:32:44,490][flwr][INFO] - 	              (73, 0.8006430868167203),
[2024-09-16 02:32:44,490][flwr][INFO] - 	              (74, 0.8330897398421514),
[2024-09-16 02:32:44,490][flwr][INFO] - 	              (75, 0.8254896229172757),
[2024-09-16 02:32:44,491][flwr][INFO] - 	              (76, 0.8599824612686349),
[2024-09-16 02:32:44,491][flwr][INFO] - 	              (77, 0.8629055831628178),
[2024-09-16 02:32:44,491][flwr][INFO] - 	              (78, 0.8208126278865828),
[2024-09-16 02:32:44,491][flwr][INFO] - 	              (79, 0.7942122186495176),
[2024-09-16 02:32:44,491][flwr][INFO] - 	              (80, 0.8520900321543409),
[2024-09-16 02:32:44,491][flwr][INFO] - 	              (81, 0.8526746565331774),
[2024-09-16 02:32:44,491][flwr][INFO] - 	              (82, 0.867874890382929),
[2024-09-16 02:32:44,491][flwr][INFO] - 	              (83, 0.8354282373574978),
[2024-09-16 02:32:44,491][flwr][INFO] - 	              (84, 0.8479976615024847),
[2024-09-16 02:32:44,491][flwr][INFO] - 	              (85, 0.8702133878982754),
[2024-09-16 02:32:44,491][flwr][INFO] - 	              (86, 0.8450745396083017),
[2024-09-16 02:32:44,491][flwr][INFO] - 	              (87, 0.8363051739257527),
[2024-09-16 02:32:44,491][flwr][INFO] - 	              (88, 0.8430283542823735),
[2024-09-16 02:32:44,491][flwr][INFO] - 	              (89, 0.8403975445776088),
[2024-09-16 02:32:44,491][flwr][INFO] - 	              (90, 0.867874890382929),
[2024-09-16 02:32:44,491][flwr][INFO] - 	              (91, 0.87284419760304),
[2024-09-16 02:32:44,491][flwr][INFO] - 	              (92, 0.8301666179479684),
[2024-09-16 02:32:44,491][flwr][INFO] - 	              (93, 0.8412744811458638),
[2024-09-16 02:32:44,491][flwr][INFO] - 	              (94, 0.8485822858813212),
[2024-09-16 02:32:44,492][flwr][INFO] - 	              (95, 0.8459514761765565),
[2024-09-16 02:32:44,492][flwr][INFO] - 	              (96, 0.8225665010230927),
[2024-09-16 02:32:44,492][flwr][INFO] - 	              (97, 0.7918737211341713),
[2024-09-16 02:32:44,492][flwr][INFO] - 	              (98, 0.839520608009354),
[2024-09-16 02:32:44,492][flwr][INFO] - 	              (99, 0.8018123355743935),
[2024-09-16 02:32:44,492][flwr][INFO] - 	              (100, 0.8757673194972231)]}
[2024-09-16 02:32:44,492][flwr][INFO] - 
