[2024-09-11 11:00:26,616][flwr][INFO] - Starting Flower simulation, config: num_rounds=100, no round_timeout
[2024-09-11 11:00:29,825][flwr][INFO] - Flower VCE: Ray initialized with resources: {'CPU': 256.0, 'memory': 168593624474.0, 'node:__internal_head__': 1.0, 'object_store_memory': 76540124774.0, 'node:115.145.172.224': 1.0, 'GPU': 1.0, 'accelerator_type:G': 1.0}
[2024-09-11 11:00:29,825][flwr][INFO] - Optimize your simulation with Flower VCE: https://flower.ai/docs/framework/how-to-run-simulations.html
[2024-09-11 11:00:29,826][flwr][INFO] - Flower VCE: Resources for each Virtual Client: {'num_cpus': 16, 'num_gpus': 0.25}
[2024-09-11 11:00:29,845][flwr][INFO] - Flower VCE: Creating VirtualClientEngineActorPool with 4 actors
[2024-09-11 11:00:29,846][flwr][INFO] - [INIT]
[2024-09-11 11:00:29,846][flwr][INFO] - Requesting initial parameters from one random client
[2024-09-11 11:00:33,814][flwr][INFO] - Received initial parameters from one random client
[2024-09-11 11:00:33,814][flwr][INFO] - Evaluating initial global parameters
[2024-09-11 11:00:39,650][flwr][INFO] - initial parameters (loss, other metrics): 226.84194266796112, {'accuracy': 0.18181818181818182}
[2024-09-11 11:00:39,651][flwr][INFO] - 
[2024-09-11 11:00:39,651][flwr][INFO] - [ROUND 1]
[2024-09-11 11:00:39,651][flwr][INFO] - configure_fit: strategy sampled 5 clients (out of 50)
[2024-09-11 11:00:44,644][flwr][INFO] - aggregate_fit: received 5 results and 0 failures
[2024-09-11 11:00:44,847][flwr][WARNING] - No fit_metrics_aggregation_fn provided
[2024-09-11 11:00:50,147][flwr][INFO] - fit progress: (1, 199.39809143543243, {'accuracy': 0.24320374159602456}, 10.496267152018845)
[2024-09-11 11:00:50,147][flwr][INFO] - configure_evaluate: strategy sampled 2 clients (out of 50)
[2024-09-11 11:00:50,422][flwr][INFO] - aggregate_evaluate: received 2 results and 0 failures
[2024-09-11 11:00:50,422][flwr][INFO] - 
[2024-09-11 11:00:50,423][flwr][INFO] - [ROUND 2]
[2024-09-11 11:00:50,423][flwr][INFO] - configure_fit: strategy sampled 5 clients (out of 50)
[2024-09-11 11:00:53,784][flwr][INFO] - aggregate_fit: received 5 results and 0 failures
[2024-09-11 11:00:59,538][flwr][INFO] - fit progress: (2, 141.6980642080307, {'accuracy': 0.5434083601286174}, 19.887579812668264)
[2024-09-11 11:00:59,539][flwr][INFO] - configure_evaluate: strategy sampled 2 clients (out of 50)
[2024-09-11 11:00:59,792][flwr][INFO] - aggregate_evaluate: received 2 results and 0 failures
[2024-09-11 11:00:59,793][flwr][INFO] - 
[2024-09-11 11:00:59,793][flwr][INFO] - [ROUND 3]
[2024-09-11 11:00:59,793][flwr][INFO] - configure_fit: strategy sampled 5 clients (out of 50)
[2024-09-11 11:01:03,141][flwr][INFO] - aggregate_fit: received 5 results and 0 failures
[2024-09-11 11:01:07,976][flwr][INFO] - fit progress: (3, 79.23712182044983, {'accuracy': 0.7208418591055247}, 28.325464457739145)
[2024-09-11 11:01:07,976][flwr][INFO] - configure_evaluate: strategy sampled 2 clients (out of 50)
[2024-09-11 11:01:08,309][flwr][INFO] - aggregate_evaluate: received 2 results and 0 failures
[2024-09-11 11:01:08,309][flwr][INFO] - 
[2024-09-11 11:01:08,309][flwr][INFO] - [ROUND 4]
[2024-09-11 11:01:08,309][flwr][INFO] - configure_fit: strategy sampled 5 clients (out of 50)
[2024-09-11 11:01:11,794][flwr][INFO] - aggregate_fit: received 5 results and 0 failures
[2024-09-11 11:01:17,722][flwr][INFO] - fit progress: (4, 56.85397654771805, {'accuracy': 0.8155510084770535}, 38.07168401684612)
[2024-09-11 11:01:17,723][flwr][INFO] - configure_evaluate: strategy sampled 2 clients (out of 50)
[2024-09-11 11:01:18,155][flwr][INFO] - aggregate_evaluate: received 2 results and 0 failures
[2024-09-11 11:01:18,155][flwr][INFO] - 
[2024-09-11 11:01:18,155][flwr][INFO] - [ROUND 5]
[2024-09-11 11:01:18,155][flwr][INFO] - configure_fit: strategy sampled 5 clients (out of 50)
[2024-09-11 11:01:21,212][flwr][INFO] - aggregate_fit: received 5 results and 0 failures
[2024-09-11 11:01:26,071][flwr][INFO] - fit progress: (5, 48.11176238954067, {'accuracy': 0.8415667933352821}, 46.42037622677162)
[2024-09-11 11:01:26,076][flwr][INFO] - configure_evaluate: strategy sampled 2 clients (out of 50)
[2024-09-11 11:01:26,341][flwr][INFO] - aggregate_evaluate: received 2 results and 0 failures
[2024-09-11 11:01:26,341][flwr][INFO] - 
[2024-09-11 11:01:26,341][flwr][INFO] - [ROUND 6]
[2024-09-11 11:01:26,341][flwr][INFO] - configure_fit: strategy sampled 5 clients (out of 50)
[2024-09-11 11:01:29,475][flwr][INFO] - aggregate_fit: received 5 results and 0 failures
[2024-09-11 11:01:34,488][flwr][INFO] - fit progress: (6, 53.73701278120279, {'accuracy': 0.8406898567670272}, 54.837416770868)
[2024-09-11 11:01:34,489][flwr][INFO] - configure_evaluate: strategy sampled 2 clients (out of 50)
[2024-09-11 11:01:34,750][flwr][INFO] - aggregate_evaluate: received 2 results and 0 failures
[2024-09-11 11:01:34,750][flwr][INFO] - 
[2024-09-11 11:01:34,750][flwr][INFO] - [ROUND 7]
[2024-09-11 11:01:34,750][flwr][INFO] - configure_fit: strategy sampled 5 clients (out of 50)
[2024-09-11 11:01:38,141][flwr][INFO] - aggregate_fit: received 5 results and 0 failures
[2024-09-11 11:01:43,656][flwr][INFO] - fit progress: (7, 35.11067996174097, {'accuracy': 0.8804443145279158}, 64.00562643166631)
[2024-09-11 11:01:43,657][flwr][INFO] - configure_evaluate: strategy sampled 2 clients (out of 50)
[2024-09-11 11:01:43,904][flwr][INFO] - aggregate_evaluate: received 2 results and 0 failures
[2024-09-11 11:01:43,905][flwr][INFO] - 
[2024-09-11 11:01:43,905][flwr][INFO] - [ROUND 8]
[2024-09-11 11:01:43,905][flwr][INFO] - configure_fit: strategy sampled 5 clients (out of 50)
[2024-09-11 11:01:47,241][flwr][INFO] - aggregate_fit: received 5 results and 0 failures
[2024-09-11 11:01:53,079][flwr][INFO] - fit progress: (8, 36.22048793360591, {'accuracy': 0.8938906752411575}, 73.42837319895625)
[2024-09-11 11:01:53,080][flwr][INFO] - configure_evaluate: strategy sampled 2 clients (out of 50)
[2024-09-11 11:01:53,416][flwr][INFO] - aggregate_evaluate: received 2 results and 0 failures
[2024-09-11 11:01:53,416][flwr][INFO] - 
[2024-09-11 11:01:53,416][flwr][INFO] - [ROUND 9]
[2024-09-11 11:01:53,416][flwr][INFO] - configure_fit: strategy sampled 5 clients (out of 50)
[2024-09-11 11:01:56,656][flwr][INFO] - aggregate_fit: received 5 results and 0 failures
[2024-09-11 11:02:01,955][flwr][INFO] - fit progress: (9, 29.02320734411478, {'accuracy': 0.9117217187956738}, 82.30391801195219)
[2024-09-11 11:02:01,955][flwr][INFO] - configure_evaluate: strategy sampled 2 clients (out of 50)
[2024-09-11 11:02:02,208][flwr][INFO] - aggregate_evaluate: received 2 results and 0 failures
[2024-09-11 11:02:02,208][flwr][INFO] - 
[2024-09-11 11:02:02,208][flwr][INFO] - [ROUND 10]
[2024-09-11 11:02:02,208][flwr][INFO] - configure_fit: strategy sampled 5 clients (out of 50)
[2024-09-11 11:02:05,427][flwr][INFO] - aggregate_fit: received 5 results and 0 failures
[2024-09-11 11:02:10,237][flwr][INFO] - fit progress: (10, 69.53511461615562, {'accuracy': 0.7950891552177726}, 90.58678333181888)
[2024-09-11 11:02:10,238][flwr][INFO] - configure_evaluate: strategy sampled 2 clients (out of 50)
[2024-09-11 11:02:10,507][flwr][INFO] - aggregate_evaluate: received 2 results and 0 failures
[2024-09-11 11:02:10,507][flwr][INFO] - 
[2024-09-11 11:02:10,507][flwr][INFO] - [ROUND 11]
[2024-09-11 11:02:10,508][flwr][INFO] - configure_fit: strategy sampled 5 clients (out of 50)
[2024-09-11 11:02:13,671][flwr][INFO] - aggregate_fit: received 5 results and 0 failures
[2024-09-11 11:02:18,522][flwr][INFO] - fit progress: (11, 64.76259899139404, {'accuracy': 0.8129201987722888}, 98.87102074595168)
[2024-09-11 11:02:18,522][flwr][INFO] - configure_evaluate: strategy sampled 2 clients (out of 50)
[2024-09-11 11:02:18,798][flwr][INFO] - aggregate_evaluate: received 2 results and 0 failures
[2024-09-11 11:02:18,798][flwr][INFO] - 
[2024-09-11 11:02:18,798][flwr][INFO] - [ROUND 12]
[2024-09-11 11:02:18,799][flwr][INFO] - configure_fit: strategy sampled 5 clients (out of 50)
[2024-09-11 11:02:22,023][flwr][INFO] - aggregate_fit: received 5 results and 0 failures
[2024-09-11 11:02:26,703][flwr][INFO] - fit progress: (12, 36.34049954684451, {'accuracy': 0.8944752996199942}, 107.05253142071888)
[2024-09-11 11:02:26,703][flwr][INFO] - configure_evaluate: strategy sampled 2 clients (out of 50)
[2024-09-11 11:02:26,962][flwr][INFO] - aggregate_evaluate: received 2 results and 0 failures
[2024-09-11 11:02:26,962][flwr][INFO] - 
[2024-09-11 11:02:26,962][flwr][INFO] - [ROUND 13]
[2024-09-11 11:02:26,962][flwr][INFO] - configure_fit: strategy sampled 5 clients (out of 50)
[2024-09-11 11:02:30,173][flwr][INFO] - aggregate_fit: received 5 results and 0 failures
[2024-09-11 11:02:35,064][flwr][INFO] - fit progress: (13, 37.47058911062777, {'accuracy': 0.8906752411575563}, 115.41321393987164)
[2024-09-11 11:02:35,064][flwr][INFO] - configure_evaluate: strategy sampled 2 clients (out of 50)
[2024-09-11 11:02:35,333][flwr][INFO] - aggregate_evaluate: received 2 results and 0 failures
[2024-09-11 11:02:35,333][flwr][INFO] - 
[2024-09-11 11:02:35,334][flwr][INFO] - [ROUND 14]
[2024-09-11 11:02:35,334][flwr][INFO] - configure_fit: strategy sampled 5 clients (out of 50)
[2024-09-11 11:02:38,601][flwr][INFO] - aggregate_fit: received 5 results and 0 failures
[2024-09-11 11:02:44,808][flwr][INFO] - fit progress: (14, 44.76090309396386, {'accuracy': 0.869921075708857}, 125.1573892836459)
[2024-09-11 11:02:44,808][flwr][INFO] - configure_evaluate: strategy sampled 2 clients (out of 50)
[2024-09-11 11:02:45,082][flwr][INFO] - aggregate_evaluate: received 2 results and 0 failures
[2024-09-11 11:02:45,082][flwr][INFO] - 
[2024-09-11 11:02:45,082][flwr][INFO] - [ROUND 15]
[2024-09-11 11:02:45,082][flwr][INFO] - configure_fit: strategy sampled 5 clients (out of 50)
[2024-09-11 11:02:48,385][flwr][INFO] - aggregate_fit: received 5 results and 0 failures
[2024-09-11 11:02:53,804][flwr][INFO] - fit progress: (15, 30.186824394389987, {'accuracy': 0.9073370359543993}, 134.1532191876322)
[2024-09-11 11:02:53,804][flwr][INFO] - configure_evaluate: strategy sampled 2 clients (out of 50)
[2024-09-11 11:02:54,051][flwr][INFO] - aggregate_evaluate: received 2 results and 0 failures
[2024-09-11 11:02:54,051][flwr][INFO] - 
[2024-09-11 11:02:54,051][flwr][INFO] - [ROUND 16]
[2024-09-11 11:02:54,051][flwr][INFO] - configure_fit: strategy sampled 5 clients (out of 50)
[2024-09-11 11:02:57,116][flwr][INFO] - aggregate_fit: received 5 results and 0 failures
[2024-09-11 11:03:02,074][flwr][INFO] - fit progress: (16, 29.6451757887844, {'accuracy': 0.9085062847120725}, 142.42350268783048)
[2024-09-11 11:03:02,075][flwr][INFO] - configure_evaluate: strategy sampled 2 clients (out of 50)
[2024-09-11 11:03:02,331][flwr][INFO] - aggregate_evaluate: received 2 results and 0 failures
[2024-09-11 11:03:02,331][flwr][INFO] - 
[2024-09-11 11:03:02,331][flwr][INFO] - [ROUND 17]
[2024-09-11 11:03:02,332][flwr][INFO] - configure_fit: strategy sampled 5 clients (out of 50)
[2024-09-11 11:03:05,401][flwr][INFO] - aggregate_fit: received 5 results and 0 failures
[2024-09-11 11:03:10,181][flwr][INFO] - fit progress: (17, 37.65902333240956, {'accuracy': 0.8830751242326805}, 150.53066427260637)
[2024-09-11 11:03:10,182][flwr][INFO] - configure_evaluate: strategy sampled 2 clients (out of 50)
[2024-09-11 11:03:10,421][flwr][INFO] - aggregate_evaluate: received 2 results and 0 failures
[2024-09-11 11:03:10,421][flwr][INFO] - 
[2024-09-11 11:03:10,421][flwr][INFO] - [ROUND 18]
[2024-09-11 11:03:10,422][flwr][INFO] - configure_fit: strategy sampled 5 clients (out of 50)
[2024-09-11 11:03:13,699][flwr][INFO] - aggregate_fit: received 5 results and 0 failures
[2024-09-11 11:03:18,676][flwr][INFO] - fit progress: (18, 57.546715926378965, {'accuracy': 0.8512130955860859}, 159.02582037681714)
[2024-09-11 11:03:18,677][flwr][INFO] - configure_evaluate: strategy sampled 2 clients (out of 50)
[2024-09-11 11:03:18,947][flwr][INFO] - aggregate_evaluate: received 2 results and 0 failures
[2024-09-11 11:03:18,947][flwr][INFO] - 
[2024-09-11 11:03:18,947][flwr][INFO] - [ROUND 19]
[2024-09-11 11:03:18,947][flwr][INFO] - configure_fit: strategy sampled 5 clients (out of 50)
[2024-09-11 11:03:22,188][flwr][INFO] - aggregate_fit: received 5 results and 0 failures
[2024-09-11 11:03:27,143][flwr][INFO] - fit progress: (19, 51.4874281976372, {'accuracy': 0.8599824612686349}, 167.49189624981955)
[2024-09-11 11:03:27,143][flwr][INFO] - configure_evaluate: strategy sampled 2 clients (out of 50)
[2024-09-11 11:03:27,511][flwr][INFO] - aggregate_evaluate: received 2 results and 0 failures
[2024-09-11 11:03:27,512][flwr][INFO] - 
[2024-09-11 11:03:27,512][flwr][INFO] - [ROUND 20]
[2024-09-11 11:03:27,512][flwr][INFO] - configure_fit: strategy sampled 5 clients (out of 50)
[2024-09-11 11:03:30,812][flwr][INFO] - aggregate_fit: received 5 results and 0 failures
[2024-09-11 11:03:35,522][flwr][INFO] - fit progress: (20, 25.296334156999364, {'accuracy': 0.9257527038877521}, 175.8717379248701)
[2024-09-11 11:03:35,523][flwr][INFO] - configure_evaluate: strategy sampled 2 clients (out of 50)
[2024-09-11 11:03:35,833][flwr][INFO] - aggregate_evaluate: received 2 results and 0 failures
[2024-09-11 11:03:35,833][flwr][INFO] - 
[2024-09-11 11:03:35,833][flwr][INFO] - [ROUND 21]
[2024-09-11 11:03:35,833][flwr][INFO] - configure_fit: strategy sampled 5 clients (out of 50)
[2024-09-11 11:03:39,069][flwr][INFO] - aggregate_fit: received 5 results and 0 failures
[2024-09-11 11:03:44,017][flwr][INFO] - fit progress: (21, 56.584190521389246, {'accuracy': 0.8450745396083017}, 184.366282756906)
[2024-09-11 11:03:44,017][flwr][INFO] - configure_evaluate: strategy sampled 2 clients (out of 50)
[2024-09-11 11:03:44,339][flwr][INFO] - aggregate_evaluate: received 2 results and 0 failures
[2024-09-11 11:03:44,340][flwr][INFO] - 
[2024-09-11 11:03:44,340][flwr][INFO] - [ROUND 22]
[2024-09-11 11:03:44,340][flwr][INFO] - configure_fit: strategy sampled 5 clients (out of 50)
[2024-09-11 11:03:47,656][flwr][INFO] - aggregate_fit: received 5 results and 0 failures
[2024-09-11 11:03:52,350][flwr][INFO] - fit progress: (22, 26.43049507215619, {'accuracy': 0.9242911429406606}, 192.6993451579474)
[2024-09-11 11:03:52,351][flwr][INFO] - configure_evaluate: strategy sampled 2 clients (out of 50)
[2024-09-11 11:03:52,609][flwr][INFO] - aggregate_evaluate: received 2 results and 0 failures
[2024-09-11 11:03:52,609][flwr][INFO] - 
[2024-09-11 11:03:52,609][flwr][INFO] - [ROUND 23]
[2024-09-11 11:03:52,609][flwr][INFO] - configure_fit: strategy sampled 5 clients (out of 50)
[2024-09-11 11:03:55,958][flwr][INFO] - aggregate_fit: received 5 results and 0 failures
[2024-09-11 11:04:01,030][flwr][INFO] - fit progress: (23, 30.643689571879804, {'accuracy': 0.9190295235311312}, 201.37890322692692)
[2024-09-11 11:04:01,030][flwr][INFO] - configure_evaluate: strategy sampled 2 clients (out of 50)
[2024-09-11 11:04:01,299][flwr][INFO] - aggregate_evaluate: received 2 results and 0 failures
[2024-09-11 11:04:01,299][flwr][INFO] - 
[2024-09-11 11:04:01,299][flwr][INFO] - [ROUND 24]
[2024-09-11 11:04:01,299][flwr][INFO] - configure_fit: strategy sampled 5 clients (out of 50)
[2024-09-11 11:04:04,839][flwr][INFO] - aggregate_fit: received 5 results and 0 failures
[2024-09-11 11:04:09,514][flwr][INFO] - fit progress: (24, 40.89000760065392, {'accuracy': 0.8973984215141771}, 209.8631328046322)
[2024-09-11 11:04:09,514][flwr][INFO] - configure_evaluate: strategy sampled 2 clients (out of 50)
[2024-09-11 11:04:09,779][flwr][INFO] - aggregate_evaluate: received 2 results and 0 failures
[2024-09-11 11:04:09,779][flwr][INFO] - 
[2024-09-11 11:04:09,779][flwr][INFO] - [ROUND 25]
[2024-09-11 11:04:09,779][flwr][INFO] - configure_fit: strategy sampled 5 clients (out of 50)
[2024-09-11 11:04:12,962][flwr][INFO] - aggregate_fit: received 5 results and 0 failures
[2024-09-11 11:04:17,625][flwr][INFO] - fit progress: (25, 46.35171903669834, {'accuracy': 0.8760596316866414}, 217.9742750688456)
[2024-09-11 11:04:17,625][flwr][INFO] - configure_evaluate: strategy sampled 2 clients (out of 50)
[2024-09-11 11:04:17,919][flwr][INFO] - aggregate_evaluate: received 2 results and 0 failures
[2024-09-11 11:04:17,919][flwr][INFO] - 
[2024-09-11 11:04:17,919][flwr][INFO] - [ROUND 26]
[2024-09-11 11:04:17,919][flwr][INFO] - configure_fit: strategy sampled 5 clients (out of 50)
[2024-09-11 11:04:20,919][flwr][INFO] - aggregate_fit: received 5 results and 0 failures
[2024-09-11 11:04:25,816][flwr][INFO] - fit progress: (26, 47.92153846099973, {'accuracy': 0.8883367436422098}, 226.16526163788512)
[2024-09-11 11:04:25,817][flwr][INFO] - configure_evaluate: strategy sampled 2 clients (out of 50)
[2024-09-11 11:04:26,098][flwr][INFO] - aggregate_evaluate: received 2 results and 0 failures
[2024-09-11 11:04:26,098][flwr][INFO] - 
[2024-09-11 11:04:26,098][flwr][INFO] - [ROUND 27]
[2024-09-11 11:04:26,098][flwr][INFO] - configure_fit: strategy sampled 5 clients (out of 50)
[2024-09-11 11:04:29,280][flwr][INFO] - aggregate_fit: received 5 results and 0 failures
[2024-09-11 11:04:33,899][flwr][INFO] - fit progress: (27, 26.867160978727043, {'accuracy': 0.9213680210464776}, 234.24813860375434)
[2024-09-11 11:04:33,899][flwr][INFO] - configure_evaluate: strategy sampled 2 clients (out of 50)
[2024-09-11 11:04:34,155][flwr][INFO] - aggregate_evaluate: received 2 results and 0 failures
[2024-09-11 11:04:34,156][flwr][INFO] - 
[2024-09-11 11:04:34,156][flwr][INFO] - [ROUND 28]
[2024-09-11 11:04:34,156][flwr][INFO] - configure_fit: strategy sampled 5 clients (out of 50)
[2024-09-11 11:04:37,305][flwr][INFO] - aggregate_fit: received 5 results and 0 failures
[2024-09-11 11:04:42,147][flwr][INFO] - fit progress: (28, 26.002861109562218, {'accuracy': 0.9333528208126279}, 242.49662037100643)
[2024-09-11 11:04:42,148][flwr][INFO] - configure_evaluate: strategy sampled 2 clients (out of 50)
[2024-09-11 11:04:42,422][flwr][INFO] - aggregate_evaluate: received 2 results and 0 failures
[2024-09-11 11:04:42,422][flwr][INFO] - 
[2024-09-11 11:04:42,422][flwr][INFO] - [ROUND 29]
[2024-09-11 11:04:42,422][flwr][INFO] - configure_fit: strategy sampled 5 clients (out of 50)
[2024-09-11 11:04:45,392][flwr][INFO] - aggregate_fit: received 5 results and 0 failures
[2024-09-11 11:04:50,062][flwr][INFO] - fit progress: (29, 30.366409241221845, {'accuracy': 0.9251680795089156}, 250.41121596097946)
[2024-09-11 11:04:50,062][flwr][INFO] - configure_evaluate: strategy sampled 2 clients (out of 50)
[2024-09-11 11:04:50,313][flwr][INFO] - aggregate_evaluate: received 2 results and 0 failures
[2024-09-11 11:04:50,313][flwr][INFO] - 
[2024-09-11 11:04:50,314][flwr][INFO] - [ROUND 30]
[2024-09-11 11:04:50,314][flwr][INFO] - configure_fit: strategy sampled 5 clients (out of 50)
[2024-09-11 11:04:53,536][flwr][INFO] - aggregate_fit: received 5 results and 0 failures
[2024-09-11 11:04:58,321][flwr][INFO] - fit progress: (30, 25.703702771570534, {'accuracy': 0.9245834551300789}, 258.6700619580224)
[2024-09-11 11:04:58,322][flwr][INFO] - configure_evaluate: strategy sampled 2 clients (out of 50)
[2024-09-11 11:04:58,576][flwr][INFO] - aggregate_evaluate: received 2 results and 0 failures
[2024-09-11 11:04:58,576][flwr][INFO] - 
[2024-09-11 11:04:58,576][flwr][INFO] - [ROUND 31]
[2024-09-11 11:04:58,576][flwr][INFO] - configure_fit: strategy sampled 5 clients (out of 50)
[2024-09-11 11:05:01,670][flwr][INFO] - aggregate_fit: received 5 results and 0 failures
[2024-09-11 11:05:06,333][flwr][INFO] - fit progress: (31, 25.460757260210812, {'accuracy': 0.9277988892136803}, 266.68270884873345)
[2024-09-11 11:05:06,334][flwr][INFO] - configure_evaluate: strategy sampled 2 clients (out of 50)
[2024-09-11 11:05:06,638][flwr][INFO] - aggregate_evaluate: received 2 results and 0 failures
[2024-09-11 11:05:06,638][flwr][INFO] - 
[2024-09-11 11:05:06,638][flwr][INFO] - [ROUND 32]
[2024-09-11 11:05:06,638][flwr][INFO] - configure_fit: strategy sampled 5 clients (out of 50)
[2024-09-11 11:05:09,802][flwr][INFO] - aggregate_fit: received 5 results and 0 failures
[2024-09-11 11:05:14,533][flwr][INFO] - fit progress: (32, 33.28132652118802, {'accuracy': 0.9155217772581117}, 274.8826233558357)
[2024-09-11 11:05:14,534][flwr][INFO] - configure_evaluate: strategy sampled 2 clients (out of 50)
[2024-09-11 11:05:14,799][flwr][INFO] - aggregate_evaluate: received 2 results and 0 failures
[2024-09-11 11:05:14,799][flwr][INFO] - 
[2024-09-11 11:05:14,799][flwr][INFO] - [ROUND 33]
[2024-09-11 11:05:14,799][flwr][INFO] - configure_fit: strategy sampled 5 clients (out of 50)
[2024-09-11 11:05:17,837][flwr][INFO] - aggregate_fit: received 5 results and 0 failures
[2024-09-11 11:05:22,956][flwr][INFO] - fit progress: (33, 42.064292373135686, {'accuracy': 0.8938906752411575}, 283.30485977604985)
[2024-09-11 11:05:22,956][flwr][INFO] - configure_evaluate: strategy sampled 2 clients (out of 50)
[2024-09-11 11:05:23,200][flwr][INFO] - aggregate_evaluate: received 2 results and 0 failures
[2024-09-11 11:05:23,200][flwr][INFO] - 
[2024-09-11 11:05:23,201][flwr][INFO] - [ROUND 34]
[2024-09-11 11:05:23,201][flwr][INFO] - configure_fit: strategy sampled 5 clients (out of 50)
[2024-09-11 11:05:26,368][flwr][INFO] - aggregate_fit: received 5 results and 0 failures
[2024-09-11 11:05:31,072][flwr][INFO] - fit progress: (34, 33.0443892609328, {'accuracy': 0.9131832797427653}, 291.42097884975374)
[2024-09-11 11:05:31,072][flwr][INFO] - configure_evaluate: strategy sampled 2 clients (out of 50)
[2024-09-11 11:05:31,311][flwr][INFO] - aggregate_evaluate: received 2 results and 0 failures
[2024-09-11 11:05:31,311][flwr][INFO] - 
[2024-09-11 11:05:31,311][flwr][INFO] - [ROUND 35]
[2024-09-11 11:05:31,311][flwr][INFO] - configure_fit: strategy sampled 5 clients (out of 50)
[2024-09-11 11:05:34,338][flwr][INFO] - aggregate_fit: received 5 results and 0 failures
[2024-09-11 11:05:39,217][flwr][INFO] - fit progress: (35, 26.519620880950242, {'accuracy': 0.9333528208126279}, 299.5666007278487)
[2024-09-11 11:05:39,218][flwr][INFO] - configure_evaluate: strategy sampled 2 clients (out of 50)
[2024-09-11 11:05:39,513][flwr][INFO] - aggregate_evaluate: received 2 results and 0 failures
[2024-09-11 11:05:39,513][flwr][INFO] - 
[2024-09-11 11:05:39,513][flwr][INFO] - [ROUND 36]
[2024-09-11 11:05:39,513][flwr][INFO] - configure_fit: strategy sampled 5 clients (out of 50)
[2024-09-11 11:05:43,073][flwr][INFO] - aggregate_fit: received 5 results and 0 failures
[2024-09-11 11:05:47,822][flwr][INFO] - fit progress: (36, 101.26834115386009, {'accuracy': 0.8088278281204326}, 308.1712708780542)
[2024-09-11 11:05:47,822][flwr][INFO] - configure_evaluate: strategy sampled 2 clients (out of 50)
[2024-09-11 11:05:48,233][flwr][INFO] - aggregate_evaluate: received 2 results and 0 failures
[2024-09-11 11:05:48,233][flwr][INFO] - 
[2024-09-11 11:05:48,233][flwr][INFO] - [ROUND 37]
[2024-09-11 11:05:48,233][flwr][INFO] - configure_fit: strategy sampled 5 clients (out of 50)
[2024-09-11 11:05:51,293][flwr][INFO] - aggregate_fit: received 5 results and 0 failures
[2024-09-11 11:05:56,163][flwr][INFO] - fit progress: (37, 32.82723279343918, {'accuracy': 0.9251680795089156}, 316.51214564871043)
[2024-09-11 11:05:56,163][flwr][INFO] - configure_evaluate: strategy sampled 2 clients (out of 50)
[2024-09-11 11:05:56,413][flwr][INFO] - aggregate_evaluate: received 2 results and 0 failures
[2024-09-11 11:05:56,413][flwr][INFO] - 
[2024-09-11 11:05:56,413][flwr][INFO] - [ROUND 38]
[2024-09-11 11:05:56,413][flwr][INFO] - configure_fit: strategy sampled 5 clients (out of 50)
[2024-09-11 11:05:59,687][flwr][INFO] - aggregate_fit: received 5 results and 0 failures
[2024-09-11 11:06:04,363][flwr][INFO] - fit progress: (38, 35.292049979325384, {'accuracy': 0.9237065185618241}, 324.71210930496454)
[2024-09-11 11:06:04,363][flwr][INFO] - configure_evaluate: strategy sampled 2 clients (out of 50)
[2024-09-11 11:06:04,609][flwr][INFO] - aggregate_evaluate: received 2 results and 0 failures
[2024-09-11 11:06:04,609][flwr][INFO] - 
[2024-09-11 11:06:04,609][flwr][INFO] - [ROUND 39]
[2024-09-11 11:06:04,609][flwr][INFO] - configure_fit: strategy sampled 5 clients (out of 50)
[2024-09-11 11:06:07,800][flwr][INFO] - aggregate_fit: received 5 results and 0 failures
[2024-09-11 11:06:12,783][flwr][INFO] - fit progress: (39, 24.139868269558065, {'accuracy': 0.9389067524115756}, 333.13284240989015)
[2024-09-11 11:06:12,784][flwr][INFO] - configure_evaluate: strategy sampled 2 clients (out of 50)
[2024-09-11 11:06:13,033][flwr][INFO] - aggregate_evaluate: received 2 results and 0 failures
[2024-09-11 11:06:13,034][flwr][INFO] - 
[2024-09-11 11:06:13,034][flwr][INFO] - [ROUND 40]
[2024-09-11 11:06:13,034][flwr][INFO] - configure_fit: strategy sampled 5 clients (out of 50)
[2024-09-11 11:06:16,190][flwr][INFO] - aggregate_fit: received 5 results and 0 failures
[2024-09-11 11:06:20,916][flwr][INFO] - fit progress: (40, 61.28791848476976, {'accuracy': 0.8941829874305759}, 341.2648732578382)
[2024-09-11 11:06:20,916][flwr][INFO] - configure_evaluate: strategy sampled 2 clients (out of 50)
[2024-09-11 11:06:21,182][flwr][INFO] - aggregate_evaluate: received 2 results and 0 failures
[2024-09-11 11:06:21,182][flwr][INFO] - 
[2024-09-11 11:06:21,182][flwr][INFO] - [ROUND 41]
[2024-09-11 11:06:21,182][flwr][INFO] - configure_fit: strategy sampled 5 clients (out of 50)
[2024-09-11 11:06:24,422][flwr][INFO] - aggregate_fit: received 5 results and 0 failures
[2024-09-11 11:06:29,373][flwr][INFO] - fit progress: (41, 30.17914045229554, {'accuracy': 0.9301373867290266}, 349.72222293401137)
[2024-09-11 11:06:29,373][flwr][INFO] - configure_evaluate: strategy sampled 2 clients (out of 50)
[2024-09-11 11:06:29,631][flwr][INFO] - aggregate_evaluate: received 2 results and 0 failures
[2024-09-11 11:06:29,631][flwr][INFO] - 
[2024-09-11 11:06:29,631][flwr][INFO] - [ROUND 42]
[2024-09-11 11:06:29,631][flwr][INFO] - configure_fit: strategy sampled 5 clients (out of 50)
[2024-09-11 11:06:32,728][flwr][INFO] - aggregate_fit: received 5 results and 0 failures
[2024-09-11 11:06:37,507][flwr][INFO] - fit progress: (42, 25.776030869354145, {'accuracy': 0.9397836889798304}, 357.8559101456776)
[2024-09-11 11:06:37,507][flwr][INFO] - configure_evaluate: strategy sampled 2 clients (out of 50)
[2024-09-11 11:06:37,780][flwr][INFO] - aggregate_evaluate: received 2 results and 0 failures
[2024-09-11 11:06:37,781][flwr][INFO] - 
[2024-09-11 11:06:37,781][flwr][INFO] - [ROUND 43]
[2024-09-11 11:06:37,781][flwr][INFO] - configure_fit: strategy sampled 5 clients (out of 50)
[2024-09-11 11:06:40,928][flwr][INFO] - aggregate_fit: received 5 results and 0 failures
[2024-09-11 11:06:45,800][flwr][INFO] - fit progress: (43, 32.21794159943238, {'accuracy': 0.9216603332358959}, 366.1491805468686)
[2024-09-11 11:06:45,800][flwr][INFO] - configure_evaluate: strategy sampled 2 clients (out of 50)
[2024-09-11 11:06:46,066][flwr][INFO] - aggregate_evaluate: received 2 results and 0 failures
[2024-09-11 11:06:46,066][flwr][INFO] - 
[2024-09-11 11:06:46,066][flwr][INFO] - [ROUND 44]
[2024-09-11 11:06:46,066][flwr][INFO] - configure_fit: strategy sampled 5 clients (out of 50)
[2024-09-11 11:06:49,100][flwr][INFO] - aggregate_fit: received 5 results and 0 failures
[2024-09-11 11:06:54,838][flwr][INFO] - fit progress: (44, 34.083784612827, {'accuracy': 0.92955276235019}, 375.18694607680663)
[2024-09-11 11:06:54,838][flwr][INFO] - configure_evaluate: strategy sampled 2 clients (out of 50)
[2024-09-11 11:06:55,102][flwr][INFO] - aggregate_evaluate: received 2 results and 0 failures
[2024-09-11 11:06:55,103][flwr][INFO] - 
[2024-09-11 11:06:55,103][flwr][INFO] - [ROUND 45]
[2024-09-11 11:06:55,103][flwr][INFO] - configure_fit: strategy sampled 5 clients (out of 50)
[2024-09-11 11:06:58,205][flwr][INFO] - aggregate_fit: received 5 results and 0 failures
[2024-09-11 11:07:04,004][flwr][INFO] - fit progress: (45, 30.02499358681962, {'accuracy': 0.9304296989184448}, 384.35384408477694)
[2024-09-11 11:07:04,005][flwr][INFO] - configure_evaluate: strategy sampled 2 clients (out of 50)
[2024-09-11 11:07:04,309][flwr][INFO] - aggregate_evaluate: received 2 results and 0 failures
[2024-09-11 11:07:04,309][flwr][INFO] - 
[2024-09-11 11:07:04,309][flwr][INFO] - [ROUND 46]
[2024-09-11 11:07:04,309][flwr][INFO] - configure_fit: strategy sampled 5 clients (out of 50)
[2024-09-11 11:07:07,564][flwr][INFO] - aggregate_fit: received 5 results and 0 failures
[2024-09-11 11:07:12,235][flwr][INFO] - fit progress: (46, 30.739258482470177, {'accuracy': 0.9239988307512423}, 392.58408927265555)
[2024-09-11 11:07:12,235][flwr][INFO] - configure_evaluate: strategy sampled 2 clients (out of 50)
[2024-09-11 11:07:12,512][flwr][INFO] - aggregate_evaluate: received 2 results and 0 failures
[2024-09-11 11:07:12,512][flwr][INFO] - 
[2024-09-11 11:07:12,512][flwr][INFO] - [ROUND 47]
[2024-09-11 11:07:12,512][flwr][INFO] - configure_fit: strategy sampled 5 clients (out of 50)
[2024-09-11 11:07:15,747][flwr][INFO] - aggregate_fit: received 5 results and 0 failures
[2024-09-11 11:07:20,660][flwr][INFO] - fit progress: (47, 33.60120969172567, {'accuracy': 0.9275065770242619}, 401.00893696490675)
[2024-09-11 11:07:20,660][flwr][INFO] - configure_evaluate: strategy sampled 2 clients (out of 50)
[2024-09-11 11:07:20,922][flwr][INFO] - aggregate_evaluate: received 2 results and 0 failures
[2024-09-11 11:07:20,922][flwr][INFO] - 
[2024-09-11 11:07:20,922][flwr][INFO] - [ROUND 48]
[2024-09-11 11:07:20,922][flwr][INFO] - configure_fit: strategy sampled 5 clients (out of 50)
[2024-09-11 11:07:24,033][flwr][INFO] - aggregate_fit: received 5 results and 0 failures
[2024-09-11 11:07:30,539][flwr][INFO] - fit progress: (48, 31.215445378795266, {'accuracy': 0.92955276235019}, 410.8882119068876)
[2024-09-11 11:07:30,539][flwr][INFO] - configure_evaluate: strategy sampled 2 clients (out of 50)
[2024-09-11 11:07:30,809][flwr][INFO] - aggregate_evaluate: received 2 results and 0 failures
[2024-09-11 11:07:30,809][flwr][INFO] - 
[2024-09-11 11:07:30,809][flwr][INFO] - [ROUND 49]
[2024-09-11 11:07:30,809][flwr][INFO] - configure_fit: strategy sampled 5 clients (out of 50)
[2024-09-11 11:07:33,784][flwr][INFO] - aggregate_fit: received 5 results and 0 failures
[2024-09-11 11:07:38,658][flwr][INFO] - fit progress: (49, 32.65767934930045, {'accuracy': 0.9251680795089156}, 419.0078171310015)
[2024-09-11 11:07:38,659][flwr][INFO] - configure_evaluate: strategy sampled 2 clients (out of 50)
[2024-09-11 11:07:38,923][flwr][INFO] - aggregate_evaluate: received 2 results and 0 failures
[2024-09-11 11:07:38,923][flwr][INFO] - 
[2024-09-11 11:07:38,923][flwr][INFO] - [ROUND 50]
[2024-09-11 11:07:38,923][flwr][INFO] - configure_fit: strategy sampled 5 clients (out of 50)
[2024-09-11 11:07:42,178][flwr][INFO] - aggregate_fit: received 5 results and 0 failures
[2024-09-11 11:07:48,082][flwr][INFO] - fit progress: (50, 34.34229922888335, {'accuracy': 0.9277988892136803}, 428.4311341806315)
[2024-09-11 11:07:48,082][flwr][INFO] - configure_evaluate: strategy sampled 2 clients (out of 50)
[2024-09-11 11:07:48,338][flwr][INFO] - aggregate_evaluate: received 2 results and 0 failures
[2024-09-11 11:07:48,338][flwr][INFO] - 
[2024-09-11 11:07:48,338][flwr][INFO] - [ROUND 51]
[2024-09-11 11:07:48,338][flwr][INFO] - configure_fit: strategy sampled 5 clients (out of 50)
[2024-09-11 11:07:51,537][flwr][INFO] - aggregate_fit: received 5 results and 0 failures
[2024-09-11 11:07:57,248][flwr][INFO] - fit progress: (51, 31.961034034145996, {'accuracy': 0.9310143232972815}, 437.5974797308445)
[2024-09-11 11:07:57,248][flwr][INFO] - configure_evaluate: strategy sampled 2 clients (out of 50)
[2024-09-11 11:07:57,519][flwr][INFO] - aggregate_evaluate: received 2 results and 0 failures
[2024-09-11 11:07:57,519][flwr][INFO] - 
[2024-09-11 11:07:57,519][flwr][INFO] - [ROUND 52]
[2024-09-11 11:07:57,520][flwr][INFO] - configure_fit: strategy sampled 5 clients (out of 50)
[2024-09-11 11:08:00,602][flwr][INFO] - aggregate_fit: received 5 results and 0 failures
[2024-09-11 11:08:05,426][flwr][INFO] - fit progress: (52, 34.207963924854994, {'accuracy': 0.9321835720549547}, 445.774975694716)
[2024-09-11 11:08:05,426][flwr][INFO] - configure_evaluate: strategy sampled 2 clients (out of 50)
[2024-09-11 11:08:05,698][flwr][INFO] - aggregate_evaluate: received 2 results and 0 failures
[2024-09-11 11:08:05,698][flwr][INFO] - 
[2024-09-11 11:08:05,699][flwr][INFO] - [ROUND 53]
[2024-09-11 11:08:05,699][flwr][INFO] - configure_fit: strategy sampled 5 clients (out of 50)
[2024-09-11 11:08:08,833][flwr][INFO] - aggregate_fit: received 5 results and 0 failures
[2024-09-11 11:08:13,601][flwr][INFO] - fit progress: (53, 36.631939293816686, {'accuracy': 0.9263373282665888}, 453.95028133364394)
[2024-09-11 11:08:13,602][flwr][INFO] - configure_evaluate: strategy sampled 2 clients (out of 50)
[2024-09-11 11:08:13,867][flwr][INFO] - aggregate_evaluate: received 2 results and 0 failures
[2024-09-11 11:08:13,867][flwr][INFO] - 
[2024-09-11 11:08:13,867][flwr][INFO] - [ROUND 54]
[2024-09-11 11:08:13,867][flwr][INFO] - configure_fit: strategy sampled 5 clients (out of 50)
[2024-09-11 11:08:17,136][flwr][INFO] - aggregate_fit: received 5 results and 0 failures
[2024-09-11 11:08:22,201][flwr][INFO] - fit progress: (54, 25.52462152665248, {'accuracy': 0.9456299327681964}, 462.54994751885533)
[2024-09-11 11:08:22,201][flwr][INFO] - configure_evaluate: strategy sampled 2 clients (out of 50)
[2024-09-11 11:08:22,475][flwr][INFO] - aggregate_evaluate: received 2 results and 0 failures
[2024-09-11 11:08:22,475][flwr][INFO] - 
[2024-09-11 11:08:22,475][flwr][INFO] - [ROUND 55]
[2024-09-11 11:08:22,476][flwr][INFO] - configure_fit: strategy sampled 5 clients (out of 50)
[2024-09-11 11:08:25,652][flwr][INFO] - aggregate_fit: received 5 results and 0 failures
[2024-09-11 11:08:30,598][flwr][INFO] - fit progress: (55, 31.931835865718313, {'accuracy': 0.9351066939491377}, 470.9473683619872)
[2024-09-11 11:08:30,598][flwr][INFO] - configure_evaluate: strategy sampled 2 clients (out of 50)
[2024-09-11 11:08:30,866][flwr][INFO] - aggregate_evaluate: received 2 results and 0 failures
[2024-09-11 11:08:30,866][flwr][INFO] - 
[2024-09-11 11:08:30,866][flwr][INFO] - [ROUND 56]
[2024-09-11 11:08:30,866][flwr][INFO] - configure_fit: strategy sampled 5 clients (out of 50)
[2024-09-11 11:08:34,044][flwr][INFO] - aggregate_fit: received 5 results and 0 failures
[2024-09-11 11:08:38,795][flwr][INFO] - fit progress: (56, 44.31919041987567, {'accuracy': 0.9096755334697457}, 479.14437137776986)
[2024-09-11 11:08:38,796][flwr][INFO] - configure_evaluate: strategy sampled 2 clients (out of 50)
[2024-09-11 11:08:39,039][flwr][INFO] - aggregate_evaluate: received 2 results and 0 failures
[2024-09-11 11:08:39,039][flwr][INFO] - 
[2024-09-11 11:08:39,039][flwr][INFO] - [ROUND 57]
[2024-09-11 11:08:39,040][flwr][INFO] - configure_fit: strategy sampled 5 clients (out of 50)
[2024-09-11 11:08:42,125][flwr][INFO] - aggregate_fit: received 5 results and 0 failures
[2024-09-11 11:08:48,672][flwr][INFO] - fit progress: (57, 27.272390600963263, {'accuracy': 0.938322128032739}, 489.0217210948467)
[2024-09-11 11:08:48,673][flwr][INFO] - configure_evaluate: strategy sampled 2 clients (out of 50)
[2024-09-11 11:08:48,943][flwr][INFO] - aggregate_evaluate: received 2 results and 0 failures
[2024-09-11 11:08:48,943][flwr][INFO] - 
[2024-09-11 11:08:48,943][flwr][INFO] - [ROUND 58]
[2024-09-11 11:08:48,943][flwr][INFO] - configure_fit: strategy sampled 5 clients (out of 50)
[2024-09-11 11:08:52,147][flwr][INFO] - aggregate_fit: received 5 results and 0 failures
[2024-09-11 11:08:56,977][flwr][INFO] - fit progress: (58, 28.571615963552176, {'accuracy': 0.9427068108740134}, 497.326776987873)
[2024-09-11 11:08:56,978][flwr][INFO] - configure_evaluate: strategy sampled 2 clients (out of 50)
[2024-09-11 11:08:57,257][flwr][INFO] - aggregate_evaluate: received 2 results and 0 failures
[2024-09-11 11:08:57,257][flwr][INFO] - 
[2024-09-11 11:08:57,257][flwr][INFO] - [ROUND 59]
[2024-09-11 11:08:57,257][flwr][INFO] - configure_fit: strategy sampled 5 clients (out of 50)
[2024-09-11 11:09:00,420][flwr][INFO] - aggregate_fit: received 5 results and 0 failures
[2024-09-11 11:09:05,127][flwr][INFO] - fit progress: (59, 41.43878928106278, {'accuracy': 0.9263373282665888}, 505.4765083650127)
[2024-09-11 11:09:05,128][flwr][INFO] - configure_evaluate: strategy sampled 2 clients (out of 50)
[2024-09-11 11:09:05,402][flwr][INFO] - aggregate_evaluate: received 2 results and 0 failures
[2024-09-11 11:09:05,402][flwr][INFO] - 
[2024-09-11 11:09:05,402][flwr][INFO] - [ROUND 60]
[2024-09-11 11:09:05,402][flwr][INFO] - configure_fit: strategy sampled 5 clients (out of 50)
[2024-09-11 11:09:08,548][flwr][INFO] - aggregate_fit: received 5 results and 0 failures
[2024-09-11 11:09:13,478][flwr][INFO] - fit progress: (60, 30.90389647809934, {'accuracy': 0.9359836305173925}, 513.8273637867533)
[2024-09-11 11:09:13,479][flwr][INFO] - configure_evaluate: strategy sampled 2 clients (out of 50)
[2024-09-11 11:09:13,755][flwr][INFO] - aggregate_evaluate: received 2 results and 0 failures
[2024-09-11 11:09:13,755][flwr][INFO] - 
[2024-09-11 11:09:13,755][flwr][INFO] - [ROUND 61]
[2024-09-11 11:09:13,756][flwr][INFO] - configure_fit: strategy sampled 5 clients (out of 50)
[2024-09-11 11:09:16,861][flwr][INFO] - aggregate_fit: received 5 results and 0 failures
[2024-09-11 11:09:21,784][flwr][INFO] - fit progress: (61, 45.603540275245905, {'accuracy': 0.9102601578485823}, 522.1330488929525)
[2024-09-11 11:09:21,784][flwr][INFO] - configure_evaluate: strategy sampled 2 clients (out of 50)
[2024-09-11 11:09:22,047][flwr][INFO] - aggregate_evaluate: received 2 results and 0 failures
[2024-09-11 11:09:22,047][flwr][INFO] - 
[2024-09-11 11:09:22,047][flwr][INFO] - [ROUND 62]
[2024-09-11 11:09:22,047][flwr][INFO] - configure_fit: strategy sampled 5 clients (out of 50)
[2024-09-11 11:09:25,001][flwr][INFO] - aggregate_fit: received 5 results and 0 failures
[2024-09-11 11:09:29,949][flwr][INFO] - fit progress: (62, 48.77351342444308, {'accuracy': 0.9123063431745104}, 530.2985796560533)
[2024-09-11 11:09:29,950][flwr][INFO] - configure_evaluate: strategy sampled 2 clients (out of 50)
[2024-09-11 11:09:30,196][flwr][INFO] - aggregate_evaluate: received 2 results and 0 failures
[2024-09-11 11:09:30,196][flwr][INFO] - 
[2024-09-11 11:09:30,196][flwr][INFO] - [ROUND 63]
[2024-09-11 11:09:30,196][flwr][INFO] - configure_fit: strategy sampled 5 clients (out of 50)
[2024-09-11 11:09:33,330][flwr][INFO] - aggregate_fit: received 5 results and 0 failures
[2024-09-11 11:09:38,297][flwr][INFO] - fit progress: (63, 38.12971794861369, {'accuracy': 0.932475884244373}, 538.6467096046545)
[2024-09-11 11:09:38,298][flwr][INFO] - configure_evaluate: strategy sampled 2 clients (out of 50)
[2024-09-11 11:09:38,591][flwr][INFO] - aggregate_evaluate: received 2 results and 0 failures
[2024-09-11 11:09:38,591][flwr][INFO] - 
[2024-09-11 11:09:38,591][flwr][INFO] - [ROUND 64]
[2024-09-11 11:09:38,591][flwr][INFO] - configure_fit: strategy sampled 5 clients (out of 50)
[2024-09-11 11:09:41,770][flwr][INFO] - aggregate_fit: received 5 results and 0 failures
[2024-09-11 11:09:46,517][flwr][INFO] - fit progress: (64, 44.76759894262068, {'accuracy': 0.9207833966676411}, 546.8664089227095)
[2024-09-11 11:09:46,518][flwr][INFO] - configure_evaluate: strategy sampled 2 clients (out of 50)
[2024-09-11 11:09:46,745][flwr][INFO] - aggregate_evaluate: received 2 results and 0 failures
[2024-09-11 11:09:46,746][flwr][INFO] - 
[2024-09-11 11:09:46,746][flwr][INFO] - [ROUND 65]
[2024-09-11 11:09:46,746][flwr][INFO] - configure_fit: strategy sampled 5 clients (out of 50)
[2024-09-11 11:09:49,875][flwr][INFO] - aggregate_fit: received 5 results and 0 failures
[2024-09-11 11:09:54,862][flwr][INFO] - fit progress: (65, 35.2915052581011, {'accuracy': 0.9377375036539024}, 555.2109297579154)
[2024-09-11 11:09:54,862][flwr][INFO] - configure_evaluate: strategy sampled 2 clients (out of 50)
[2024-09-11 11:09:55,145][flwr][INFO] - aggregate_evaluate: received 2 results and 0 failures
[2024-09-11 11:09:55,145][flwr][INFO] - 
[2024-09-11 11:09:55,145][flwr][INFO] - [ROUND 66]
[2024-09-11 11:09:55,145][flwr][INFO] - configure_fit: strategy sampled 5 clients (out of 50)
[2024-09-11 11:09:58,345][flwr][INFO] - aggregate_fit: received 5 results and 0 failures
[2024-09-11 11:10:03,202][flwr][INFO] - fit progress: (66, 43.346906604245305, {'accuracy': 0.9277988892136803}, 563.5509422989562)
[2024-09-11 11:10:03,202][flwr][INFO] - configure_evaluate: strategy sampled 2 clients (out of 50)
[2024-09-11 11:10:03,690][flwr][INFO] - aggregate_evaluate: received 2 results and 0 failures
[2024-09-11 11:10:03,691][flwr][INFO] - 
[2024-09-11 11:10:03,691][flwr][INFO] - [ROUND 67]
[2024-09-11 11:10:03,691][flwr][INFO] - configure_fit: strategy sampled 5 clients (out of 50)
[2024-09-11 11:10:07,213][flwr][INFO] - aggregate_fit: received 5 results and 0 failures
[2024-09-11 11:10:12,736][flwr][INFO] - fit progress: (67, 68.94885898195207, {'accuracy': 0.8857059339374452}, 573.0857704486698)
[2024-09-11 11:10:12,737][flwr][INFO] - configure_evaluate: strategy sampled 2 clients (out of 50)
[2024-09-11 11:10:13,016][flwr][INFO] - aggregate_evaluate: received 2 results and 0 failures
[2024-09-11 11:10:13,016][flwr][INFO] - 
[2024-09-11 11:10:13,016][flwr][INFO] - [ROUND 68]
[2024-09-11 11:10:13,016][flwr][INFO] - configure_fit: strategy sampled 5 clients (out of 50)
[2024-09-11 11:10:16,243][flwr][INFO] - aggregate_fit: received 5 results and 0 failures
[2024-09-11 11:10:21,152][flwr][INFO] - fit progress: (68, 38.85460298928956, {'accuracy': 0.932475884244373}, 581.5011702268384)
[2024-09-11 11:10:21,152][flwr][INFO] - configure_evaluate: strategy sampled 2 clients (out of 50)
[2024-09-11 11:10:21,438][flwr][INFO] - aggregate_evaluate: received 2 results and 0 failures
[2024-09-11 11:10:21,439][flwr][INFO] - 
[2024-09-11 11:10:21,439][flwr][INFO] - [ROUND 69]
[2024-09-11 11:10:21,439][flwr][INFO] - configure_fit: strategy sampled 5 clients (out of 50)
[2024-09-11 11:10:24,409][flwr][INFO] - aggregate_fit: received 5 results and 0 failures
[2024-09-11 11:10:29,155][flwr][INFO] - fit progress: (69, 35.48562936275266, {'accuracy': 0.9386144402221572}, 589.5042557236739)
[2024-09-11 11:10:29,155][flwr][INFO] - configure_evaluate: strategy sampled 2 clients (out of 50)
[2024-09-11 11:10:29,396][flwr][INFO] - aggregate_evaluate: received 2 results and 0 failures
[2024-09-11 11:10:29,397][flwr][INFO] - 
[2024-09-11 11:10:29,397][flwr][INFO] - [ROUND 70]
[2024-09-11 11:10:29,397][flwr][INFO] - configure_fit: strategy sampled 5 clients (out of 50)
[2024-09-11 11:10:32,512][flwr][INFO] - aggregate_fit: received 5 results and 0 failures
[2024-09-11 11:10:37,433][flwr][INFO] - fit progress: (70, 38.65614793408895, {'accuracy': 0.9277988892136803}, 597.7828155630268)
[2024-09-11 11:10:37,434][flwr][INFO] - configure_evaluate: strategy sampled 2 clients (out of 50)
[2024-09-11 11:10:37,686][flwr][INFO] - aggregate_evaluate: received 2 results and 0 failures
[2024-09-11 11:10:37,686][flwr][INFO] - 
[2024-09-11 11:10:37,686][flwr][INFO] - [ROUND 71]
[2024-09-11 11:10:37,686][flwr][INFO] - configure_fit: strategy sampled 5 clients (out of 50)
[2024-09-11 11:10:40,843][flwr][INFO] - aggregate_fit: received 5 results and 0 failures
[2024-09-11 11:10:46,084][flwr][INFO] - fit progress: (71, 48.851548205992, {'accuracy': 0.9163987138263665}, 606.4336867709644)
[2024-09-11 11:10:46,085][flwr][INFO] - configure_evaluate: strategy sampled 2 clients (out of 50)
[2024-09-11 11:10:46,315][flwr][INFO] - aggregate_evaluate: received 2 results and 0 failures
[2024-09-11 11:10:46,315][flwr][INFO] - 
[2024-09-11 11:10:46,315][flwr][INFO] - [ROUND 72]
[2024-09-11 11:10:46,315][flwr][INFO] - configure_fit: strategy sampled 5 clients (out of 50)
[2024-09-11 11:10:49,548][flwr][INFO] - aggregate_fit: received 5 results and 0 failures
[2024-09-11 11:10:54,492][flwr][INFO] - fit progress: (72, 43.19222887739306, {'accuracy': 0.9339374451914645}, 614.8414853909053)
[2024-09-11 11:10:54,492][flwr][INFO] - configure_evaluate: strategy sampled 2 clients (out of 50)
[2024-09-11 11:10:54,737][flwr][INFO] - aggregate_evaluate: received 2 results and 0 failures
[2024-09-11 11:10:54,737][flwr][INFO] - 
[2024-09-11 11:10:54,737][flwr][INFO] - [ROUND 73]
[2024-09-11 11:10:54,737][flwr][INFO] - configure_fit: strategy sampled 5 clients (out of 50)
[2024-09-11 11:10:57,635][flwr][INFO] - aggregate_fit: received 5 results and 0 failures
[2024-09-11 11:11:02,715][flwr][INFO] - fit progress: (73, 43.51132739690365, {'accuracy': 0.9277988892136803}, 623.064426691737)
[2024-09-11 11:11:02,715][flwr][INFO] - configure_evaluate: strategy sampled 2 clients (out of 50)
[2024-09-11 11:11:02,968][flwr][INFO] - aggregate_evaluate: received 2 results and 0 failures
[2024-09-11 11:11:02,968][flwr][INFO] - 
[2024-09-11 11:11:02,968][flwr][INFO] - [ROUND 74]
[2024-09-11 11:11:02,969][flwr][INFO] - configure_fit: strategy sampled 5 clients (out of 50)
[2024-09-11 11:11:06,140][flwr][INFO] - aggregate_fit: received 5 results and 0 failures
[2024-09-11 11:11:10,990][flwr][INFO] - fit progress: (74, 61.35360990371555, {'accuracy': 0.8991522946506869}, 631.3389997957274)
[2024-09-11 11:11:10,990][flwr][INFO] - configure_evaluate: strategy sampled 2 clients (out of 50)
[2024-09-11 11:11:11,254][flwr][INFO] - aggregate_evaluate: received 2 results and 0 failures
[2024-09-11 11:11:11,254][flwr][INFO] - 
[2024-09-11 11:11:11,254][flwr][INFO] - [ROUND 75]
[2024-09-11 11:11:11,254][flwr][INFO] - configure_fit: strategy sampled 5 clients (out of 50)
[2024-09-11 11:11:14,445][flwr][INFO] - aggregate_fit: received 5 results and 0 failures
[2024-09-11 11:11:19,084][flwr][INFO] - fit progress: (75, 36.87640276957609, {'accuracy': 0.9391990646009939}, 639.4334414368495)
[2024-09-11 11:11:19,084][flwr][INFO] - configure_evaluate: strategy sampled 2 clients (out of 50)
[2024-09-11 11:11:19,354][flwr][INFO] - aggregate_evaluate: received 2 results and 0 failures
[2024-09-11 11:11:19,354][flwr][INFO] - 
[2024-09-11 11:11:19,354][flwr][INFO] - [ROUND 76]
[2024-09-11 11:11:19,354][flwr][INFO] - configure_fit: strategy sampled 5 clients (out of 50)
[2024-09-11 11:11:22,568][flwr][INFO] - aggregate_fit: received 5 results and 0 failures
[2024-09-11 11:11:27,283][flwr][INFO] - fit progress: (76, 35.907197565131355, {'accuracy': 0.9389067524115756}, 647.6320637627505)
[2024-09-11 11:11:27,283][flwr][INFO] - configure_evaluate: strategy sampled 2 clients (out of 50)
[2024-09-11 11:11:27,657][flwr][INFO] - aggregate_evaluate: received 2 results and 0 failures
[2024-09-11 11:11:27,657][flwr][INFO] - 
[2024-09-11 11:11:27,657][flwr][INFO] - [ROUND 77]
[2024-09-11 11:11:27,657][flwr][INFO] - configure_fit: strategy sampled 5 clients (out of 50)
[2024-09-11 11:11:30,975][flwr][INFO] - aggregate_fit: received 5 results and 0 failures
[2024-09-11 11:11:36,582][flwr][INFO] - fit progress: (77, 74.4995060932124, {'accuracy': 0.9017831043554516}, 656.9311534930021)
[2024-09-11 11:11:36,582][flwr][INFO] - configure_evaluate: strategy sampled 2 clients (out of 50)
[2024-09-11 11:11:37,127][flwr][INFO] - aggregate_evaluate: received 2 results and 0 failures
[2024-09-11 11:11:37,128][flwr][INFO] - 
[2024-09-11 11:11:37,128][flwr][INFO] - [ROUND 78]
[2024-09-11 11:11:37,128][flwr][INFO] - configure_fit: strategy sampled 5 clients (out of 50)
[2024-09-11 11:11:40,409][flwr][INFO] - aggregate_fit: received 5 results and 0 failures
[2024-09-11 11:11:45,103][flwr][INFO] - fit progress: (78, 41.69283068244113, {'accuracy': 0.9251680795089156}, 665.4519655788317)
[2024-09-11 11:11:45,103][flwr][INFO] - configure_evaluate: strategy sampled 2 clients (out of 50)
[2024-09-11 11:11:45,364][flwr][INFO] - aggregate_evaluate: received 2 results and 0 failures
[2024-09-11 11:11:45,364][flwr][INFO] - 
[2024-09-11 11:11:45,364][flwr][INFO] - [ROUND 79]
[2024-09-11 11:11:45,364][flwr][INFO] - configure_fit: strategy sampled 5 clients (out of 50)
[2024-09-11 11:11:48,447][flwr][INFO] - aggregate_fit: received 5 results and 0 failures
[2024-09-11 11:11:53,761][flwr][INFO] - fit progress: (79, 46.70176781669943, {'accuracy': 0.9210757088570594}, 674.1104567246512)
[2024-09-11 11:11:53,761][flwr][INFO] - configure_evaluate: strategy sampled 2 clients (out of 50)
[2024-09-11 11:11:54,024][flwr][INFO] - aggregate_evaluate: received 2 results and 0 failures
[2024-09-11 11:11:54,025][flwr][INFO] - 
[2024-09-11 11:11:54,025][flwr][INFO] - [ROUND 80]
[2024-09-11 11:11:54,025][flwr][INFO] - configure_fit: strategy sampled 5 clients (out of 50)
[2024-09-11 11:11:57,248][flwr][INFO] - aggregate_fit: received 5 results and 0 failures
[2024-09-11 11:12:02,777][flwr][INFO] - fit progress: (80, 58.41526863304898, {'accuracy': 0.9038292896813798}, 683.1266508847475)
[2024-09-11 11:12:02,778][flwr][INFO] - configure_evaluate: strategy sampled 2 clients (out of 50)
[2024-09-11 11:12:03,031][flwr][INFO] - aggregate_evaluate: received 2 results and 0 failures
[2024-09-11 11:12:03,031][flwr][INFO] - 
[2024-09-11 11:12:03,031][flwr][INFO] - [ROUND 81]
[2024-09-11 11:12:03,031][flwr][INFO] - configure_fit: strategy sampled 5 clients (out of 50)
[2024-09-11 11:12:06,329][flwr][INFO] - aggregate_fit: received 5 results and 0 failures
[2024-09-11 11:12:11,923][flwr][INFO] - fit progress: (81, 54.94564721842471, {'accuracy': 0.9210757088570594}, 692.2724966290407)
[2024-09-11 11:12:11,923][flwr][INFO] - configure_evaluate: strategy sampled 2 clients (out of 50)
[2024-09-11 11:12:12,224][flwr][INFO] - aggregate_evaluate: received 2 results and 0 failures
[2024-09-11 11:12:12,224][flwr][INFO] - 
[2024-09-11 11:12:12,224][flwr][INFO] - [ROUND 82]
[2024-09-11 11:12:12,224][flwr][INFO] - configure_fit: strategy sampled 5 clients (out of 50)
[2024-09-11 11:12:15,473][flwr][INFO] - aggregate_fit: received 5 results and 0 failures
[2024-09-11 11:12:21,004][flwr][INFO] - fit progress: (82, 42.50695082533639, {'accuracy': 0.9248757673194973}, 701.35342571605)
[2024-09-11 11:12:21,004][flwr][INFO] - configure_evaluate: strategy sampled 2 clients (out of 50)
[2024-09-11 11:12:21,254][flwr][INFO] - aggregate_evaluate: received 2 results and 0 failures
[2024-09-11 11:12:21,254][flwr][INFO] - 
[2024-09-11 11:12:21,255][flwr][INFO] - [ROUND 83]
[2024-09-11 11:12:21,255][flwr][INFO] - configure_fit: strategy sampled 5 clients (out of 50)
[2024-09-11 11:12:24,303][flwr][INFO] - aggregate_fit: received 5 results and 0 failures
[2024-09-11 11:12:28,984][flwr][INFO] - fit progress: (83, 38.82733994058526, {'accuracy': 0.9391990646009939}, 709.3331579887308)
[2024-09-11 11:12:28,984][flwr][INFO] - configure_evaluate: strategy sampled 2 clients (out of 50)
[2024-09-11 11:12:29,270][flwr][INFO] - aggregate_evaluate: received 2 results and 0 failures
[2024-09-11 11:12:29,270][flwr][INFO] - 
[2024-09-11 11:12:29,270][flwr][INFO] - [ROUND 84]
[2024-09-11 11:12:29,271][flwr][INFO] - configure_fit: strategy sampled 5 clients (out of 50)
[2024-09-11 11:12:32,310][flwr][INFO] - aggregate_fit: received 5 results and 0 failures
[2024-09-11 11:12:37,864][flwr][INFO] - fit progress: (84, 46.414394042105414, {'accuracy': 0.9166910260157849}, 718.2130205808207)
[2024-09-11 11:12:37,864][flwr][INFO] - configure_evaluate: strategy sampled 2 clients (out of 50)
[2024-09-11 11:12:38,116][flwr][INFO] - aggregate_evaluate: received 2 results and 0 failures
[2024-09-11 11:12:38,117][flwr][INFO] - 
[2024-09-11 11:12:38,117][flwr][INFO] - [ROUND 85]
[2024-09-11 11:12:38,117][flwr][INFO] - configure_fit: strategy sampled 5 clients (out of 50)
[2024-09-11 11:12:41,161][flwr][INFO] - aggregate_fit: received 5 results and 0 failures
[2024-09-11 11:12:46,740][flwr][INFO] - fit progress: (85, 39.89668753693695, {'accuracy': 0.9292604501607717}, 727.0888991788961)
[2024-09-11 11:12:46,740][flwr][INFO] - configure_evaluate: strategy sampled 2 clients (out of 50)
[2024-09-11 11:12:47,046][flwr][INFO] - aggregate_evaluate: received 2 results and 0 failures
[2024-09-11 11:12:47,046][flwr][INFO] - 
[2024-09-11 11:12:47,046][flwr][INFO] - [ROUND 86]
[2024-09-11 11:12:47,046][flwr][INFO] - configure_fit: strategy sampled 5 clients (out of 50)
[2024-09-11 11:12:50,212][flwr][INFO] - aggregate_fit: received 5 results and 0 failures
[2024-09-11 11:12:55,087][flwr][INFO] - fit progress: (86, 60.59001897205599, {'accuracy': 0.9082139725226542}, 735.4367586467415)
[2024-09-11 11:12:55,088][flwr][INFO] - configure_evaluate: strategy sampled 2 clients (out of 50)
[2024-09-11 11:12:55,375][flwr][INFO] - aggregate_evaluate: received 2 results and 0 failures
[2024-09-11 11:12:55,375][flwr][INFO] - 
[2024-09-11 11:12:55,375][flwr][INFO] - [ROUND 87]
[2024-09-11 11:12:55,375][flwr][INFO] - configure_fit: strategy sampled 5 clients (out of 50)
[2024-09-11 11:12:58,632][flwr][INFO] - aggregate_fit: received 5 results and 0 failures
[2024-09-11 11:13:03,608][flwr][INFO] - fit progress: (87, 41.58950548547, {'accuracy': 0.9438760596316866}, 743.9577770428732)
[2024-09-11 11:13:03,609][flwr][INFO] - configure_evaluate: strategy sampled 2 clients (out of 50)
[2024-09-11 11:13:03,897][flwr][INFO] - aggregate_evaluate: received 2 results and 0 failures
[2024-09-11 11:13:03,897][flwr][INFO] - 
[2024-09-11 11:13:03,898][flwr][INFO] - [ROUND 88]
[2024-09-11 11:13:03,898][flwr][INFO] - configure_fit: strategy sampled 5 clients (out of 50)
[2024-09-11 11:13:07,106][flwr][INFO] - aggregate_fit: received 5 results and 0 failures
[2024-09-11 11:13:12,149][flwr][INFO] - fit progress: (88, 36.671112131249174, {'accuracy': 0.9424144986845951}, 752.498770039063)
[2024-09-11 11:13:12,150][flwr][INFO] - configure_evaluate: strategy sampled 2 clients (out of 50)
[2024-09-11 11:13:12,454][flwr][INFO] - aggregate_evaluate: received 2 results and 0 failures
[2024-09-11 11:13:12,455][flwr][INFO] - 
[2024-09-11 11:13:12,455][flwr][INFO] - [ROUND 89]
[2024-09-11 11:13:12,455][flwr][INFO] - configure_fit: strategy sampled 5 clients (out of 50)
[2024-09-11 11:13:15,711][flwr][INFO] - aggregate_fit: received 5 results and 0 failures
[2024-09-11 11:13:20,469][flwr][INFO] - fit progress: (89, 43.45888483933959, {'accuracy': 0.9301373867290266}, 760.8181408876553)
[2024-09-11 11:13:20,469][flwr][INFO] - configure_evaluate: strategy sampled 2 clients (out of 50)
[2024-09-11 11:13:20,744][flwr][INFO] - aggregate_evaluate: received 2 results and 0 failures
[2024-09-11 11:13:20,745][flwr][INFO] - 
[2024-09-11 11:13:20,745][flwr][INFO] - [ROUND 90]
[2024-09-11 11:13:20,745][flwr][INFO] - configure_fit: strategy sampled 5 clients (out of 50)
[2024-09-11 11:13:24,093][flwr][INFO] - aggregate_fit: received 5 results and 0 failures
[2024-09-11 11:13:28,727][flwr][INFO] - fit progress: (90, 65.28947486367542, {'accuracy': 0.9131832797427653}, 769.0760051556863)
[2024-09-11 11:13:28,727][flwr][INFO] - configure_evaluate: strategy sampled 2 clients (out of 50)
[2024-09-11 11:13:29,030][flwr][INFO] - aggregate_evaluate: received 2 results and 0 failures
[2024-09-11 11:13:29,030][flwr][INFO] - 
[2024-09-11 11:13:29,030][flwr][INFO] - [ROUND 91]
[2024-09-11 11:13:29,031][flwr][INFO] - configure_fit: strategy sampled 5 clients (out of 50)
[2024-09-11 11:13:32,229][flwr][INFO] - aggregate_fit: received 5 results and 0 failures
[2024-09-11 11:13:36,885][flwr][INFO] - fit progress: (91, 42.8757465017261, {'accuracy': 0.9380298158433207}, 777.234719991684)
[2024-09-11 11:13:36,886][flwr][INFO] - configure_evaluate: strategy sampled 2 clients (out of 50)
[2024-09-11 11:13:37,155][flwr][INFO] - aggregate_evaluate: received 2 results and 0 failures
[2024-09-11 11:13:37,155][flwr][INFO] - 
[2024-09-11 11:13:37,155][flwr][INFO] - [ROUND 92]
[2024-09-11 11:13:37,155][flwr][INFO] - configure_fit: strategy sampled 5 clients (out of 50)
[2024-09-11 11:13:40,515][flwr][INFO] - aggregate_fit: received 5 results and 0 failures
[2024-09-11 11:13:45,773][flwr][INFO] - fit progress: (92, 43.54054561800149, {'accuracy': 0.9380298158433207}, 786.1225458220579)
[2024-09-11 11:13:45,774][flwr][INFO] - configure_evaluate: strategy sampled 2 clients (out of 50)
[2024-09-11 11:13:46,048][flwr][INFO] - aggregate_evaluate: received 2 results and 0 failures
[2024-09-11 11:13:46,049][flwr][INFO] - 
[2024-09-11 11:13:46,049][flwr][INFO] - [ROUND 93]
[2024-09-11 11:13:46,049][flwr][INFO] - configure_fit: strategy sampled 5 clients (out of 50)
[2024-09-11 11:13:49,411][flwr][INFO] - aggregate_fit: received 5 results and 0 failures
[2024-09-11 11:13:54,938][flwr][INFO] - fit progress: (93, 47.31887637625914, {'accuracy': 0.9348143817597194}, 795.2877777838148)
[2024-09-11 11:13:54,939][flwr][INFO] - configure_evaluate: strategy sampled 2 clients (out of 50)
[2024-09-11 11:13:55,445][flwr][INFO] - aggregate_evaluate: received 2 results and 0 failures
[2024-09-11 11:13:55,445][flwr][INFO] - 
[2024-09-11 11:13:55,445][flwr][INFO] - [ROUND 94]
[2024-09-11 11:13:55,445][flwr][INFO] - configure_fit: strategy sampled 5 clients (out of 50)
[2024-09-11 11:13:58,628][flwr][INFO] - aggregate_fit: received 5 results and 0 failures
[2024-09-11 11:14:04,236][flwr][INFO] - fit progress: (94, 39.09591549518518, {'accuracy': 0.9397836889798304}, 804.5849633817561)
[2024-09-11 11:14:04,236][flwr][INFO] - configure_evaluate: strategy sampled 2 clients (out of 50)
[2024-09-11 11:14:04,507][flwr][INFO] - aggregate_evaluate: received 2 results and 0 failures
[2024-09-11 11:14:04,507][flwr][INFO] - 
[2024-09-11 11:14:04,507][flwr][INFO] - [ROUND 95]
[2024-09-11 11:14:04,507][flwr][INFO] - configure_fit: strategy sampled 5 clients (out of 50)
[2024-09-11 11:14:07,634][flwr][INFO] - aggregate_fit: received 5 results and 0 failures
[2024-09-11 11:14:13,248][flwr][INFO] - fit progress: (95, 40.57805316883605, {'accuracy': 0.9307220111078632}, 813.5970098786056)
[2024-09-11 11:14:13,248][flwr][INFO] - configure_evaluate: strategy sampled 2 clients (out of 50)
[2024-09-11 11:14:13,506][flwr][INFO] - aggregate_evaluate: received 2 results and 0 failures
[2024-09-11 11:14:13,506][flwr][INFO] - 
[2024-09-11 11:14:13,506][flwr][INFO] - [ROUND 96]
[2024-09-11 11:14:13,506][flwr][INFO] - configure_fit: strategy sampled 5 clients (out of 50)
[2024-09-11 11:14:16,480][flwr][INFO] - aggregate_fit: received 5 results and 0 failures
[2024-09-11 11:14:21,135][flwr][INFO] - fit progress: (96, 54.643962741974974, {'accuracy': 0.932475884244373}, 821.4839402167127)
[2024-09-11 11:14:21,135][flwr][INFO] - configure_evaluate: strategy sampled 2 clients (out of 50)
[2024-09-11 11:14:21,372][flwr][INFO] - aggregate_evaluate: received 2 results and 0 failures
[2024-09-11 11:14:21,373][flwr][INFO] - 
[2024-09-11 11:14:21,373][flwr][INFO] - [ROUND 97]
[2024-09-11 11:14:21,373][flwr][INFO] - configure_fit: strategy sampled 5 clients (out of 50)
[2024-09-11 11:14:24,803][flwr][INFO] - aggregate_fit: received 5 results and 0 failures
[2024-09-11 11:14:29,486][flwr][INFO] - fit progress: (97, 42.205379903953144, {'accuracy': 0.9435837474422684}, 829.835149009712)
[2024-09-11 11:14:29,486][flwr][INFO] - configure_evaluate: strategy sampled 2 clients (out of 50)
[2024-09-11 11:14:29,809][flwr][INFO] - aggregate_evaluate: received 2 results and 0 failures
[2024-09-11 11:14:29,809][flwr][INFO] - 
[2024-09-11 11:14:29,809][flwr][INFO] - [ROUND 98]
[2024-09-11 11:14:29,809][flwr][INFO] - configure_fit: strategy sampled 5 clients (out of 50)
[2024-09-11 11:14:33,025][flwr][INFO] - aggregate_fit: received 5 results and 0 failures
[2024-09-11 11:14:37,677][flwr][INFO] - fit progress: (98, 68.08206079422348, {'accuracy': 0.9193218357205496}, 838.0263370689936)
[2024-09-11 11:14:37,677][flwr][INFO] - configure_evaluate: strategy sampled 2 clients (out of 50)
[2024-09-11 11:14:37,942][flwr][INFO] - aggregate_evaluate: received 2 results and 0 failures
[2024-09-11 11:14:37,942][flwr][INFO] - 
[2024-09-11 11:14:37,942][flwr][INFO] - [ROUND 99]
[2024-09-11 11:14:37,942][flwr][INFO] - configure_fit: strategy sampled 5 clients (out of 50)
[2024-09-11 11:14:40,852][flwr][INFO] - aggregate_fit: received 5 results and 0 failures
[2024-09-11 11:14:46,399][flwr][INFO] - fit progress: (99, 46.904175656738516, {'accuracy': 0.9225372698041509}, 846.7480313889682)
[2024-09-11 11:14:46,399][flwr][INFO] - configure_evaluate: strategy sampled 2 clients (out of 50)
[2024-09-11 11:14:46,715][flwr][INFO] - aggregate_evaluate: received 2 results and 0 failures
[2024-09-11 11:14:46,715][flwr][INFO] - 
[2024-09-11 11:14:46,715][flwr][INFO] - [ROUND 100]
[2024-09-11 11:14:46,715][flwr][INFO] - configure_fit: strategy sampled 5 clients (out of 50)
[2024-09-11 11:14:49,791][flwr][INFO] - aggregate_fit: received 5 results and 0 failures
[2024-09-11 11:14:54,562][flwr][INFO] - fit progress: (100, 67.14482500110171, {'accuracy': 0.9143525285004385}, 854.9114325996488)
[2024-09-11 11:14:54,562][flwr][INFO] - configure_evaluate: strategy sampled 2 clients (out of 50)
[2024-09-11 11:14:54,799][flwr][INFO] - aggregate_evaluate: received 2 results and 0 failures
[2024-09-11 11:14:54,799][flwr][INFO] - 
[2024-09-11 11:14:54,800][flwr][INFO] - [SUMMARY]
[2024-09-11 11:14:54,800][flwr][INFO] - Run finished 100 round(s) in 855.15s
[2024-09-11 11:14:54,802][flwr][INFO] - 	History (loss, distributed):
[2024-09-11 11:14:54,802][flwr][INFO] - 		round 1: 1.8105536699295044
[2024-09-11 11:14:54,802][flwr][INFO] - 		round 2: 1.4061724543571472
[2024-09-11 11:14:54,802][flwr][INFO] - 		round 3: 0.6083505749702454
[2024-09-11 11:14:54,802][flwr][INFO] - 		round 4: 0.3920693099498749
[2024-09-11 11:14:54,802][flwr][INFO] - 		round 5: 0.5673843920230865
[2024-09-11 11:14:54,802][flwr][INFO] - 		round 6: 0.31321991980075836
[2024-09-11 11:14:54,802][flwr][INFO] - 		round 7: 0.2779304161667824
[2024-09-11 11:14:54,802][flwr][INFO] - 		round 8: 0.35015328228473663
[2024-09-11 11:14:54,803][flwr][INFO] - 		round 9: 0.2209462672472
[2024-09-11 11:14:54,803][flwr][INFO] - 		round 10: 0.9826189875602722
[2024-09-11 11:14:54,803][flwr][INFO] - 		round 11: 0.5143927186727524
[2024-09-11 11:14:54,803][flwr][INFO] - 		round 12: 0.17288254760205746
[2024-09-11 11:14:54,803][flwr][INFO] - 		round 13: 0.4700138717889786
[2024-09-11 11:14:54,803][flwr][INFO] - 		round 14: 0.49702834337949753
[2024-09-11 11:14:54,803][flwr][INFO] - 		round 15: 0.09524726122617722
[2024-09-11 11:14:54,803][flwr][INFO] - 		round 16: 0.25454533845186234
[2024-09-11 11:14:54,803][flwr][INFO] - 		round 17: 0.5685858279466629
[2024-09-11 11:14:54,803][flwr][INFO] - 		round 18: 0.6442084014415741
[2024-09-11 11:14:54,803][flwr][INFO] - 		round 19: 0.17653437703847885
[2024-09-11 11:14:54,803][flwr][INFO] - 		round 20: 0.3525177389383316
[2024-09-11 11:14:54,803][flwr][INFO] - 		round 21: 0.5694467127323151
[2024-09-11 11:14:54,803][flwr][INFO] - 		round 22: 0.5484835058450699
[2024-09-11 11:14:54,803][flwr][INFO] - 		round 23: 0.5503518581390381
[2024-09-11 11:14:54,803][flwr][INFO] - 		round 24: 0.18034087121486664
[2024-09-11 11:14:54,803][flwr][INFO] - 		round 25: 0.5955660939216614
[2024-09-11 11:14:54,803][flwr][INFO] - 		round 26: 0.32037921249866486
[2024-09-11 11:14:54,803][flwr][INFO] - 		round 27: 0.24434451013803482
[2024-09-11 11:14:54,803][flwr][INFO] - 		round 28: 0.19556356593966484
[2024-09-11 11:14:54,803][flwr][INFO] - 		round 29: 0.3356688842177391
[2024-09-11 11:14:54,803][flwr][INFO] - 		round 30: 0.1194634884595871
[2024-09-11 11:14:54,803][flwr][INFO] - 		round 31: 0.25725287944078445
[2024-09-11 11:14:54,804][flwr][INFO] - 		round 32: 0.27365089021623135
[2024-09-11 11:14:54,804][flwr][INFO] - 		round 33: 0.4764811545610428
[2024-09-11 11:14:54,804][flwr][INFO] - 		round 34: 0.2712792456150055
[2024-09-11 11:14:54,804][flwr][INFO] - 		round 35: 0.10139161348342896
[2024-09-11 11:14:54,804][flwr][INFO] - 		round 36: 0.9517655968666077
[2024-09-11 11:14:54,804][flwr][INFO] - 		round 37: 0.15296346694231033
[2024-09-11 11:14:54,804][flwr][INFO] - 		round 38: 0.3666381686925888
[2024-09-11 11:14:54,804][flwr][INFO] - 		round 39: 0.4634530395269394
[2024-09-11 11:14:54,804][flwr][INFO] - 		round 40: 0.3144301176071167
[2024-09-11 11:14:54,804][flwr][INFO] - 		round 41: 0.10303934483090416
[2024-09-11 11:14:54,804][flwr][INFO] - 		round 42: 0.2979336753487587
[2024-09-11 11:14:54,804][flwr][INFO] - 		round 43: 0.4013918787240982
[2024-09-11 11:14:54,804][flwr][INFO] - 		round 44: 0.4624738171696663
[2024-09-11 11:14:54,804][flwr][INFO] - 		round 45: 0.19257216155529022
[2024-09-11 11:14:54,804][flwr][INFO] - 		round 46: 0.13915705610997975
[2024-09-11 11:14:54,804][flwr][INFO] - 		round 47: 0.8508187234401703
[2024-09-11 11:14:54,804][flwr][INFO] - 		round 48: 0.5084618180990219
[2024-09-11 11:14:54,804][flwr][INFO] - 		round 49: 0.1598517745733261
[2024-09-11 11:14:54,804][flwr][INFO] - 		round 50: 0.5952100306749344
[2024-09-11 11:14:54,804][flwr][INFO] - 		round 51: 0.105918288230896
[2024-09-11 11:14:54,804][flwr][INFO] - 		round 52: 0.34592183376662433
[2024-09-11 11:14:54,804][flwr][INFO] - 		round 53: 0.21673979610204697
[2024-09-11 11:14:54,804][flwr][INFO] - 		round 54: 0.16182595491409302
[2024-09-11 11:14:54,804][flwr][INFO] - 		round 55: 0.24578965455293655
[2024-09-11 11:14:54,804][flwr][INFO] - 		round 56: 0.1848280020058155
[2024-09-11 11:14:54,805][flwr][INFO] - 		round 57: 0.4048822522163391
[2024-09-11 11:14:54,805][flwr][INFO] - 		round 58: 0.20455089956521988
[2024-09-11 11:14:54,805][flwr][INFO] - 		round 59: 0.8280995562672615
[2024-09-11 11:14:54,805][flwr][INFO] - 		round 60: 0.04010726125625297
[2024-09-11 11:14:54,805][flwr][INFO] - 		round 61: 0.6288003101944923
[2024-09-11 11:14:54,805][flwr][INFO] - 		round 62: 0.5107482671737671
[2024-09-11 11:14:54,805][flwr][INFO] - 		round 63: 0.8389405012130737
[2024-09-11 11:14:54,805][flwr][INFO] - 		round 64: 0.4046737402677536
[2024-09-11 11:14:54,805][flwr][INFO] - 		round 65: 0.5577353537082672
[2024-09-11 11:14:54,805][flwr][INFO] - 		round 66: 0.3623453755863011
[2024-09-11 11:14:54,805][flwr][INFO] - 		round 67: 0.7161452881991863
[2024-09-11 11:14:54,805][flwr][INFO] - 		round 68: 0.48237686790525913
[2024-09-11 11:14:54,805][flwr][INFO] - 		round 69: 0.45531733334064484
[2024-09-11 11:14:54,805][flwr][INFO] - 		round 70: 0.6356117129325867
[2024-09-11 11:14:54,805][flwr][INFO] - 		round 71: 0.7068461030721664
[2024-09-11 11:14:54,805][flwr][INFO] - 		round 72: 0.38331472873687744
[2024-09-11 11:14:54,805][flwr][INFO] - 		round 73: 0.03901787847280502
[2024-09-11 11:14:54,805][flwr][INFO] - 		round 74: 1.2888490557670593
[2024-09-11 11:14:54,805][flwr][INFO] - 		round 75: 0.32643886655569077
[2024-09-11 11:14:54,805][flwr][INFO] - 		round 76: 0.281658336520195
[2024-09-11 11:14:54,805][flwr][INFO] - 		round 77: 0.7215035408735275
[2024-09-11 11:14:54,805][flwr][INFO] - 		round 78: 0.1444915533065796
[2024-09-11 11:14:54,805][flwr][INFO] - 		round 79: 0.29664053954184055
[2024-09-11 11:14:54,806][flwr][INFO] - 		round 80: 0.6847204864025116
[2024-09-11 11:14:54,806][flwr][INFO] - 		round 81: 0.3135933503508568
[2024-09-11 11:14:54,806][flwr][INFO] - 		round 82: 0.3133331835269928
[2024-09-11 11:14:54,806][flwr][INFO] - 		round 83: 0.12030041217803955
[2024-09-11 11:14:54,806][flwr][INFO] - 		round 84: 0.46367673948407173
[2024-09-11 11:14:54,806][flwr][INFO] - 		round 85: 0.14091909676790237
[2024-09-11 11:14:54,806][flwr][INFO] - 		round 86: 0.14006465673446655
[2024-09-11 11:14:54,806][flwr][INFO] - 		round 87: 0.12485523894429207
[2024-09-11 11:14:54,806][flwr][INFO] - 		round 88: 0.05313970579300076
[2024-09-11 11:14:54,806][flwr][INFO] - 		round 89: 0.2082268800586462
[2024-09-11 11:14:54,806][flwr][INFO] - 		round 90: 0.38185302913188934
[2024-09-11 11:14:54,806][flwr][INFO] - 		round 91: 0.5450123697519302
[2024-09-11 11:14:54,806][flwr][INFO] - 		round 92: 0.09474518513889052
[2024-09-11 11:14:54,806][flwr][INFO] - 		round 93: 0.43142344057559967
[2024-09-11 11:14:54,806][flwr][INFO] - 		round 94: 0.37686780095100403
[2024-09-11 11:14:54,806][flwr][INFO] - 		round 95: 0.06689491530414671
[2024-09-11 11:14:54,806][flwr][INFO] - 		round 96: 0.22853248106548563
[2024-09-11 11:14:54,806][flwr][INFO] - 		round 97: 0.293258901219815
[2024-09-11 11:14:54,806][flwr][INFO] - 		round 98: 0.07802925445139408
[2024-09-11 11:14:54,806][flwr][INFO] - 		round 99: 0.7188998609781265
[2024-09-11 11:14:54,806][flwr][INFO] - 		round 100: 0.15872952342033386
[2024-09-11 11:14:54,806][flwr][INFO] - 	History (loss, centralized):
[2024-09-11 11:14:54,806][flwr][INFO] - 		round 0: 226.84194266796112
[2024-09-11 11:14:54,806][flwr][INFO] - 		round 1: 199.39809143543243
[2024-09-11 11:14:54,806][flwr][INFO] - 		round 2: 141.6980642080307
[2024-09-11 11:14:54,807][flwr][INFO] - 		round 3: 79.23712182044983
[2024-09-11 11:14:54,807][flwr][INFO] - 		round 4: 56.85397654771805
[2024-09-11 11:14:54,807][flwr][INFO] - 		round 5: 48.11176238954067
[2024-09-11 11:14:54,807][flwr][INFO] - 		round 6: 53.73701278120279
[2024-09-11 11:14:54,807][flwr][INFO] - 		round 7: 35.11067996174097
[2024-09-11 11:14:54,807][flwr][INFO] - 		round 8: 36.22048793360591
[2024-09-11 11:14:54,807][flwr][INFO] - 		round 9: 29.02320734411478
[2024-09-11 11:14:54,807][flwr][INFO] - 		round 10: 69.53511461615562
[2024-09-11 11:14:54,807][flwr][INFO] - 		round 11: 64.76259899139404
[2024-09-11 11:14:54,807][flwr][INFO] - 		round 12: 36.34049954684451
[2024-09-11 11:14:54,807][flwr][INFO] - 		round 13: 37.47058911062777
[2024-09-11 11:14:54,807][flwr][INFO] - 		round 14: 44.76090309396386
[2024-09-11 11:14:54,807][flwr][INFO] - 		round 15: 30.186824394389987
[2024-09-11 11:14:54,807][flwr][INFO] - 		round 16: 29.6451757887844
[2024-09-11 11:14:54,807][flwr][INFO] - 		round 17: 37.65902333240956
[2024-09-11 11:14:54,807][flwr][INFO] - 		round 18: 57.546715926378965
[2024-09-11 11:14:54,807][flwr][INFO] - 		round 19: 51.4874281976372
[2024-09-11 11:14:54,807][flwr][INFO] - 		round 20: 25.296334156999364
[2024-09-11 11:14:54,807][flwr][INFO] - 		round 21: 56.584190521389246
[2024-09-11 11:14:54,807][flwr][INFO] - 		round 22: 26.43049507215619
[2024-09-11 11:14:54,807][flwr][INFO] - 		round 23: 30.643689571879804
[2024-09-11 11:14:54,807][flwr][INFO] - 		round 24: 40.89000760065392
[2024-09-11 11:14:54,807][flwr][INFO] - 		round 25: 46.35171903669834
[2024-09-11 11:14:54,807][flwr][INFO] - 		round 26: 47.92153846099973
[2024-09-11 11:14:54,808][flwr][INFO] - 		round 27: 26.867160978727043
[2024-09-11 11:14:54,808][flwr][INFO] - 		round 28: 26.002861109562218
[2024-09-11 11:14:54,808][flwr][INFO] - 		round 29: 30.366409241221845
[2024-09-11 11:14:54,808][flwr][INFO] - 		round 30: 25.703702771570534
[2024-09-11 11:14:54,808][flwr][INFO] - 		round 31: 25.460757260210812
[2024-09-11 11:14:54,808][flwr][INFO] - 		round 32: 33.28132652118802
[2024-09-11 11:14:54,808][flwr][INFO] - 		round 33: 42.064292373135686
[2024-09-11 11:14:54,808][flwr][INFO] - 		round 34: 33.0443892609328
[2024-09-11 11:14:54,808][flwr][INFO] - 		round 35: 26.519620880950242
[2024-09-11 11:14:54,808][flwr][INFO] - 		round 36: 101.26834115386009
[2024-09-11 11:14:54,808][flwr][INFO] - 		round 37: 32.82723279343918
[2024-09-11 11:14:54,808][flwr][INFO] - 		round 38: 35.292049979325384
[2024-09-11 11:14:54,808][flwr][INFO] - 		round 39: 24.139868269558065
[2024-09-11 11:14:54,808][flwr][INFO] - 		round 40: 61.28791848476976
[2024-09-11 11:14:54,808][flwr][INFO] - 		round 41: 30.17914045229554
[2024-09-11 11:14:54,808][flwr][INFO] - 		round 42: 25.776030869354145
[2024-09-11 11:14:54,808][flwr][INFO] - 		round 43: 32.21794159943238
[2024-09-11 11:14:54,808][flwr][INFO] - 		round 44: 34.083784612827
[2024-09-11 11:14:54,808][flwr][INFO] - 		round 45: 30.02499358681962
[2024-09-11 11:14:54,808][flwr][INFO] - 		round 46: 30.739258482470177
[2024-09-11 11:14:54,808][flwr][INFO] - 		round 47: 33.60120969172567
[2024-09-11 11:14:54,808][flwr][INFO] - 		round 48: 31.215445378795266
[2024-09-11 11:14:54,808][flwr][INFO] - 		round 49: 32.65767934930045
[2024-09-11 11:14:54,808][flwr][INFO] - 		round 50: 34.34229922888335
[2024-09-11 11:14:54,808][flwr][INFO] - 		round 51: 31.961034034145996
[2024-09-11 11:14:54,809][flwr][INFO] - 		round 52: 34.207963924854994
[2024-09-11 11:14:54,809][flwr][INFO] - 		round 53: 36.631939293816686
[2024-09-11 11:14:54,809][flwr][INFO] - 		round 54: 25.52462152665248
[2024-09-11 11:14:54,809][flwr][INFO] - 		round 55: 31.931835865718313
[2024-09-11 11:14:54,809][flwr][INFO] - 		round 56: 44.31919041987567
[2024-09-11 11:14:54,809][flwr][INFO] - 		round 57: 27.272390600963263
[2024-09-11 11:14:54,809][flwr][INFO] - 		round 58: 28.571615963552176
[2024-09-11 11:14:54,809][flwr][INFO] - 		round 59: 41.43878928106278
[2024-09-11 11:14:54,809][flwr][INFO] - 		round 60: 30.90389647809934
[2024-09-11 11:14:54,809][flwr][INFO] - 		round 61: 45.603540275245905
[2024-09-11 11:14:54,809][flwr][INFO] - 		round 62: 48.77351342444308
[2024-09-11 11:14:54,809][flwr][INFO] - 		round 63: 38.12971794861369
[2024-09-11 11:14:54,809][flwr][INFO] - 		round 64: 44.76759894262068
[2024-09-11 11:14:54,809][flwr][INFO] - 		round 65: 35.2915052581011
[2024-09-11 11:14:54,809][flwr][INFO] - 		round 66: 43.346906604245305
[2024-09-11 11:14:54,809][flwr][INFO] - 		round 67: 68.94885898195207
[2024-09-11 11:14:54,809][flwr][INFO] - 		round 68: 38.85460298928956
[2024-09-11 11:14:54,809][flwr][INFO] - 		round 69: 35.48562936275266
[2024-09-11 11:14:54,809][flwr][INFO] - 		round 70: 38.65614793408895
[2024-09-11 11:14:54,809][flwr][INFO] - 		round 71: 48.851548205992
[2024-09-11 11:14:54,809][flwr][INFO] - 		round 72: 43.19222887739306
[2024-09-11 11:14:54,809][flwr][INFO] - 		round 73: 43.51132739690365
[2024-09-11 11:14:54,809][flwr][INFO] - 		round 74: 61.35360990371555
[2024-09-11 11:14:54,809][flwr][INFO] - 		round 75: 36.87640276957609
[2024-09-11 11:14:54,810][flwr][INFO] - 		round 76: 35.907197565131355
[2024-09-11 11:14:54,810][flwr][INFO] - 		round 77: 74.4995060932124
[2024-09-11 11:14:54,810][flwr][INFO] - 		round 78: 41.69283068244113
[2024-09-11 11:14:54,810][flwr][INFO] - 		round 79: 46.70176781669943
[2024-09-11 11:14:54,810][flwr][INFO] - 		round 80: 58.41526863304898
[2024-09-11 11:14:54,810][flwr][INFO] - 		round 81: 54.94564721842471
[2024-09-11 11:14:54,810][flwr][INFO] - 		round 82: 42.50695082533639
[2024-09-11 11:14:54,810][flwr][INFO] - 		round 83: 38.82733994058526
[2024-09-11 11:14:54,810][flwr][INFO] - 		round 84: 46.414394042105414
[2024-09-11 11:14:54,810][flwr][INFO] - 		round 85: 39.89668753693695
[2024-09-11 11:14:54,810][flwr][INFO] - 		round 86: 60.59001897205599
[2024-09-11 11:14:54,810][flwr][INFO] - 		round 87: 41.58950548547
[2024-09-11 11:14:54,810][flwr][INFO] - 		round 88: 36.671112131249174
[2024-09-11 11:14:54,810][flwr][INFO] - 		round 89: 43.45888483933959
[2024-09-11 11:14:54,810][flwr][INFO] - 		round 90: 65.28947486367542
[2024-09-11 11:14:54,810][flwr][INFO] - 		round 91: 42.8757465017261
[2024-09-11 11:14:54,810][flwr][INFO] - 		round 92: 43.54054561800149
[2024-09-11 11:14:54,810][flwr][INFO] - 		round 93: 47.31887637625914
[2024-09-11 11:14:54,810][flwr][INFO] - 		round 94: 39.09591549518518
[2024-09-11 11:14:54,810][flwr][INFO] - 		round 95: 40.57805316883605
[2024-09-11 11:14:54,810][flwr][INFO] - 		round 96: 54.643962741974974
[2024-09-11 11:14:54,810][flwr][INFO] - 		round 97: 42.205379903953144
[2024-09-11 11:14:54,810][flwr][INFO] - 		round 98: 68.08206079422348
[2024-09-11 11:14:54,810][flwr][INFO] - 		round 99: 46.904175656738516
[2024-09-11 11:14:54,810][flwr][INFO] - 		round 100: 67.14482500110171
[2024-09-11 11:14:54,811][flwr][INFO] - 	History (metrics, distributed, evaluate):
[2024-09-11 11:14:54,811][flwr][INFO] - 	{'accuracy': [(1, 0.20833333333333334),
[2024-09-11 11:14:54,811][flwr][INFO] - 	              (2, 0.4166666666666667),
[2024-09-11 11:14:54,811][flwr][INFO] - 	              (3, 0.7708333333333334),
[2024-09-11 11:14:54,811][flwr][INFO] - 	              (4, 0.8125),
[2024-09-11 11:14:54,811][flwr][INFO] - 	              (5, 0.7916666666666666),
[2024-09-11 11:14:54,811][flwr][INFO] - 	              (6, 0.875),
[2024-09-11 11:14:54,811][flwr][INFO] - 	              (7, 0.8958333333333334),
[2024-09-11 11:14:54,811][flwr][INFO] - 	              (8, 0.875),
[2024-09-11 11:14:54,811][flwr][INFO] - 	              (9, 0.9166666666666666),
[2024-09-11 11:14:54,811][flwr][INFO] - 	              (10, 0.7083333333333334),
[2024-09-11 11:14:54,811][flwr][INFO] - 	              (11, 0.8333333333333334),
[2024-09-11 11:14:54,811][flwr][INFO] - 	              (12, 0.9375),
[2024-09-11 11:14:54,811][flwr][INFO] - 	              (13, 0.875),
[2024-09-11 11:14:54,811][flwr][INFO] - 	              (14, 0.8333333333333334),
[2024-09-11 11:14:54,811][flwr][INFO] - 	              (15, 0.9583333333333334),
[2024-09-11 11:14:54,811][flwr][INFO] - 	              (16, 0.9166666666666666),
[2024-09-11 11:14:54,811][flwr][INFO] - 	              (17, 0.7916666666666666),
[2024-09-11 11:14:54,811][flwr][INFO] - 	              (18, 0.7916666666666666),
[2024-09-11 11:14:54,811][flwr][INFO] - 	              (19, 0.9166666666666666),
[2024-09-11 11:14:54,811][flwr][INFO] - 	              (20, 0.8958333333333334),
[2024-09-11 11:14:54,811][flwr][INFO] - 	              (21, 0.8125),
[2024-09-11 11:14:54,811][flwr][INFO] - 	              (22, 0.8541666666666666),
[2024-09-11 11:14:54,812][flwr][INFO] - 	              (23, 0.8541666666666666),
[2024-09-11 11:14:54,812][flwr][INFO] - 	              (24, 0.9166666666666666),
[2024-09-11 11:14:54,812][flwr][INFO] - 	              (25, 0.8541666666666666),
[2024-09-11 11:14:54,812][flwr][INFO] - 	              (26, 0.875),
[2024-09-11 11:14:54,812][flwr][INFO] - 	              (27, 0.8958333333333334),
[2024-09-11 11:14:54,812][flwr][INFO] - 	              (28, 0.875),
[2024-09-11 11:14:54,812][flwr][INFO] - 	              (29, 0.9166666666666666),
[2024-09-11 11:14:54,812][flwr][INFO] - 	              (30, 0.9583333333333334),
[2024-09-11 11:14:54,812][flwr][INFO] - 	              (31, 0.9166666666666666),
[2024-09-11 11:14:54,812][flwr][INFO] - 	              (32, 0.9166666666666666),
[2024-09-11 11:14:54,812][flwr][INFO] - 	              (33, 0.8958333333333334),
[2024-09-11 11:14:54,812][flwr][INFO] - 	              (34, 0.8958333333333334),
[2024-09-11 11:14:54,812][flwr][INFO] - 	              (35, 0.9375),
[2024-09-11 11:14:54,812][flwr][INFO] - 	              (36, 0.8125),
[2024-09-11 11:14:54,812][flwr][INFO] - 	              (37, 0.9583333333333334),
[2024-09-11 11:14:54,812][flwr][INFO] - 	              (38, 0.9375),
[2024-09-11 11:14:54,812][flwr][INFO] - 	              (39, 0.9166666666666666),
[2024-09-11 11:14:54,812][flwr][INFO] - 	              (40, 0.8958333333333334),
[2024-09-11 11:14:54,812][flwr][INFO] - 	              (41, 0.9583333333333334),
[2024-09-11 11:14:54,812][flwr][INFO] - 	              (42, 0.9166666666666666),
[2024-09-11 11:14:54,812][flwr][INFO] - 	              (43, 0.8541666666666666),
[2024-09-11 11:14:54,812][flwr][INFO] - 	              (44, 0.8958333333333334),
[2024-09-11 11:14:54,812][flwr][INFO] - 	              (45, 0.9583333333333334),
[2024-09-11 11:14:54,812][flwr][INFO] - 	              (46, 0.9583333333333334),
[2024-09-11 11:14:54,812][flwr][INFO] - 	              (47, 0.8333333333333334),
[2024-09-11 11:14:54,813][flwr][INFO] - 	              (48, 0.8958333333333334),
[2024-09-11 11:14:54,813][flwr][INFO] - 	              (49, 0.9583333333333334),
[2024-09-11 11:14:54,813][flwr][INFO] - 	              (50, 0.875),
[2024-09-11 11:14:54,813][flwr][INFO] - 	              (51, 0.9583333333333334),
[2024-09-11 11:14:54,813][flwr][INFO] - 	              (52, 0.9166666666666666),
[2024-09-11 11:14:54,813][flwr][INFO] - 	              (53, 0.9375),
[2024-09-11 11:14:54,813][flwr][INFO] - 	              (54, 0.9583333333333334),
[2024-09-11 11:14:54,813][flwr][INFO] - 	              (55, 0.9583333333333334),
[2024-09-11 11:14:54,813][flwr][INFO] - 	              (56, 0.9375),
[2024-09-11 11:14:54,813][flwr][INFO] - 	              (57, 0.9166666666666666),
[2024-09-11 11:14:54,813][flwr][INFO] - 	              (58, 0.9375),
[2024-09-11 11:14:54,813][flwr][INFO] - 	              (59, 0.8541666666666666),
[2024-09-11 11:14:54,813][flwr][INFO] - 	              (60, 0.9791666666666666),
[2024-09-11 11:14:54,813][flwr][INFO] - 	              (61, 0.8541666666666666),
[2024-09-11 11:14:54,813][flwr][INFO] - 	              (62, 0.9166666666666666),
[2024-09-11 11:14:54,813][flwr][INFO] - 	              (63, 0.875),
[2024-09-11 11:14:54,813][flwr][INFO] - 	              (64, 0.9166666666666666),
[2024-09-11 11:14:54,813][flwr][INFO] - 	              (65, 0.9375),
[2024-09-11 11:14:54,813][flwr][INFO] - 	              (66, 0.9583333333333334),
[2024-09-11 11:14:54,813][flwr][INFO] - 	              (67, 0.875),
[2024-09-11 11:14:54,813][flwr][INFO] - 	              (68, 0.8958333333333334),
[2024-09-11 11:14:54,814][flwr][INFO] - 	              (69, 0.8958333333333334),
[2024-09-11 11:14:54,814][flwr][INFO] - 	              (70, 0.8958333333333334),
[2024-09-11 11:14:54,814][flwr][INFO] - 	              (71, 0.875),
[2024-09-11 11:14:54,814][flwr][INFO] - 	              (72, 0.875),
[2024-09-11 11:14:54,814][flwr][INFO] - 	              (73, 0.9791666666666666),
[2024-09-11 11:14:54,814][flwr][INFO] - 	              (74, 0.8541666666666666),
[2024-09-11 11:14:54,814][flwr][INFO] - 	              (75, 0.9583333333333334),
[2024-09-11 11:14:54,814][flwr][INFO] - 	              (76, 0.8958333333333334),
[2024-09-11 11:14:54,814][flwr][INFO] - 	              (77, 0.875),
[2024-09-11 11:14:54,814][flwr][INFO] - 	              (78, 0.9375),
[2024-09-11 11:14:54,814][flwr][INFO] - 	              (79, 0.9166666666666666),
[2024-09-11 11:14:54,814][flwr][INFO] - 	              (80, 0.875),
[2024-09-11 11:14:54,814][flwr][INFO] - 	              (81, 0.9375),
[2024-09-11 11:14:54,814][flwr][INFO] - 	              (82, 0.9375),
[2024-09-11 11:14:54,814][flwr][INFO] - 	              (83, 0.9583333333333334),
[2024-09-11 11:14:54,814][flwr][INFO] - 	              (84, 0.9375),
[2024-09-11 11:14:54,814][flwr][INFO] - 	              (85, 0.9583333333333334),
[2024-09-11 11:14:54,814][flwr][INFO] - 	              (86, 0.9375),
[2024-09-11 11:14:54,814][flwr][INFO] - 	              (87, 0.9583333333333334),
[2024-09-11 11:14:54,814][flwr][INFO] - 	              (88, 0.9791666666666666),
[2024-09-11 11:14:54,814][flwr][INFO] - 	              (89, 0.9375),
[2024-09-11 11:14:54,814][flwr][INFO] - 	              (90, 0.9375),
[2024-09-11 11:14:54,814][flwr][INFO] - 	              (91, 0.8958333333333334),
[2024-09-11 11:14:54,814][flwr][INFO] - 	              (92, 0.9791666666666666),
[2024-09-11 11:14:54,815][flwr][INFO] - 	              (93, 0.9375),
[2024-09-11 11:14:54,815][flwr][INFO] - 	              (94, 0.9375),
[2024-09-11 11:14:54,815][flwr][INFO] - 	              (95, 0.9583333333333334),
[2024-09-11 11:14:54,815][flwr][INFO] - 	              (96, 0.9791666666666666),
[2024-09-11 11:14:54,815][flwr][INFO] - 	              (97, 0.9166666666666666),
[2024-09-11 11:14:54,815][flwr][INFO] - 	              (98, 0.9583333333333334),
[2024-09-11 11:14:54,815][flwr][INFO] - 	              (99, 0.8541666666666666),
[2024-09-11 11:14:54,815][flwr][INFO] - 	              (100, 0.9375)]}
[2024-09-11 11:14:54,815][flwr][INFO] - 	History (metrics, centralized):
[2024-09-11 11:14:54,815][flwr][INFO] - 	{'accuracy': [(0, 0.18181818181818182),
[2024-09-11 11:14:54,815][flwr][INFO] - 	              (1, 0.24320374159602456),
[2024-09-11 11:14:54,815][flwr][INFO] - 	              (2, 0.5434083601286174),
[2024-09-11 11:14:54,815][flwr][INFO] - 	              (3, 0.7208418591055247),
[2024-09-11 11:14:54,815][flwr][INFO] - 	              (4, 0.8155510084770535),
[2024-09-11 11:14:54,815][flwr][INFO] - 	              (5, 0.8415667933352821),
[2024-09-11 11:14:54,815][flwr][INFO] - 	              (6, 0.8406898567670272),
[2024-09-11 11:14:54,815][flwr][INFO] - 	              (7, 0.8804443145279158),
[2024-09-11 11:14:54,815][flwr][INFO] - 	              (8, 0.8938906752411575),
[2024-09-11 11:14:54,815][flwr][INFO] - 	              (9, 0.9117217187956738),
[2024-09-11 11:14:54,815][flwr][INFO] - 	              (10, 0.7950891552177726),
[2024-09-11 11:14:54,815][flwr][INFO] - 	              (11, 0.8129201987722888),
[2024-09-11 11:14:54,815][flwr][INFO] - 	              (12, 0.8944752996199942),
[2024-09-11 11:14:54,815][flwr][INFO] - 	              (13, 0.8906752411575563),
[2024-09-11 11:14:54,815][flwr][INFO] - 	              (14, 0.869921075708857),
[2024-09-11 11:14:54,816][flwr][INFO] - 	              (15, 0.9073370359543993),
[2024-09-11 11:14:54,816][flwr][INFO] - 	              (16, 0.9085062847120725),
[2024-09-11 11:14:54,816][flwr][INFO] - 	              (17, 0.8830751242326805),
[2024-09-11 11:14:54,816][flwr][INFO] - 	              (18, 0.8512130955860859),
[2024-09-11 11:14:54,816][flwr][INFO] - 	              (19, 0.8599824612686349),
[2024-09-11 11:14:54,816][flwr][INFO] - 	              (20, 0.9257527038877521),
[2024-09-11 11:14:54,816][flwr][INFO] - 	              (21, 0.8450745396083017),
[2024-09-11 11:14:54,816][flwr][INFO] - 	              (22, 0.9242911429406606),
[2024-09-11 11:14:54,816][flwr][INFO] - 	              (23, 0.9190295235311312),
[2024-09-11 11:14:54,816][flwr][INFO] - 	              (24, 0.8973984215141771),
[2024-09-11 11:14:54,816][flwr][INFO] - 	              (25, 0.8760596316866414),
[2024-09-11 11:14:54,816][flwr][INFO] - 	              (26, 0.8883367436422098),
[2024-09-11 11:14:54,816][flwr][INFO] - 	              (27, 0.9213680210464776),
[2024-09-11 11:14:54,816][flwr][INFO] - 	              (28, 0.9333528208126279),
[2024-09-11 11:14:54,816][flwr][INFO] - 	              (29, 0.9251680795089156),
[2024-09-11 11:14:54,816][flwr][INFO] - 	              (30, 0.9245834551300789),
[2024-09-11 11:14:54,816][flwr][INFO] - 	              (31, 0.9277988892136803),
[2024-09-11 11:14:54,816][flwr][INFO] - 	              (32, 0.9155217772581117),
[2024-09-11 11:14:54,816][flwr][INFO] - 	              (33, 0.8938906752411575),
[2024-09-11 11:14:54,816][flwr][INFO] - 	              (34, 0.9131832797427653),
[2024-09-11 11:14:54,816][flwr][INFO] - 	              (35, 0.9333528208126279),
[2024-09-11 11:14:54,816][flwr][INFO] - 	              (36, 0.8088278281204326),
[2024-09-11 11:14:54,816][flwr][INFO] - 	              (37, 0.9251680795089156),
[2024-09-11 11:14:54,816][flwr][INFO] - 	              (38, 0.9237065185618241),
[2024-09-11 11:14:54,816][flwr][INFO] - 	              (39, 0.9389067524115756),
[2024-09-11 11:14:54,817][flwr][INFO] - 	              (40, 0.8941829874305759),
[2024-09-11 11:14:54,817][flwr][INFO] - 	              (41, 0.9301373867290266),
[2024-09-11 11:14:54,817][flwr][INFO] - 	              (42, 0.9397836889798304),
[2024-09-11 11:14:54,817][flwr][INFO] - 	              (43, 0.9216603332358959),
[2024-09-11 11:14:54,817][flwr][INFO] - 	              (44, 0.92955276235019),
[2024-09-11 11:14:54,817][flwr][INFO] - 	              (45, 0.9304296989184448),
[2024-09-11 11:14:54,817][flwr][INFO] - 	              (46, 0.9239988307512423),
[2024-09-11 11:14:54,817][flwr][INFO] - 	              (47, 0.9275065770242619),
[2024-09-11 11:14:54,817][flwr][INFO] - 	              (48, 0.92955276235019),
[2024-09-11 11:14:54,817][flwr][INFO] - 	              (49, 0.9251680795089156),
[2024-09-11 11:14:54,817][flwr][INFO] - 	              (50, 0.9277988892136803),
[2024-09-11 11:14:54,817][flwr][INFO] - 	              (51, 0.9310143232972815),
[2024-09-11 11:14:54,817][flwr][INFO] - 	              (52, 0.9321835720549547),
[2024-09-11 11:14:54,817][flwr][INFO] - 	              (53, 0.9263373282665888),
[2024-09-11 11:14:54,817][flwr][INFO] - 	              (54, 0.9456299327681964),
[2024-09-11 11:14:54,817][flwr][INFO] - 	              (55, 0.9351066939491377),
[2024-09-11 11:14:54,817][flwr][INFO] - 	              (56, 0.9096755334697457),
[2024-09-11 11:14:54,817][flwr][INFO] - 	              (57, 0.938322128032739),
[2024-09-11 11:14:54,817][flwr][INFO] - 	              (58, 0.9427068108740134),
[2024-09-11 11:14:54,817][flwr][INFO] - 	              (59, 0.9263373282665888),
[2024-09-11 11:14:54,817][flwr][INFO] - 	              (60, 0.9359836305173925),
[2024-09-11 11:14:54,817][flwr][INFO] - 	              (61, 0.9102601578485823),
[2024-09-11 11:14:54,817][flwr][INFO] - 	              (62, 0.9123063431745104),
[2024-09-11 11:14:54,817][flwr][INFO] - 	              (63, 0.932475884244373),
[2024-09-11 11:14:54,817][flwr][INFO] - 	              (64, 0.9207833966676411),
[2024-09-11 11:14:54,818][flwr][INFO] - 	              (65, 0.9377375036539024),
[2024-09-11 11:14:54,818][flwr][INFO] - 	              (66, 0.9277988892136803),
[2024-09-11 11:14:54,818][flwr][INFO] - 	              (67, 0.8857059339374452),
[2024-09-11 11:14:54,818][flwr][INFO] - 	              (68, 0.932475884244373),
[2024-09-11 11:14:54,818][flwr][INFO] - 	              (69, 0.9386144402221572),
[2024-09-11 11:14:54,818][flwr][INFO] - 	              (70, 0.9277988892136803),
[2024-09-11 11:14:54,818][flwr][INFO] - 	              (71, 0.9163987138263665),
[2024-09-11 11:14:54,818][flwr][INFO] - 	              (72, 0.9339374451914645),
[2024-09-11 11:14:54,818][flwr][INFO] - 	              (73, 0.9277988892136803),
[2024-09-11 11:14:54,818][flwr][INFO] - 	              (74, 0.8991522946506869),
[2024-09-11 11:14:54,818][flwr][INFO] - 	              (75, 0.9391990646009939),
[2024-09-11 11:14:54,818][flwr][INFO] - 	              (76, 0.9389067524115756),
[2024-09-11 11:14:54,818][flwr][INFO] - 	              (77, 0.9017831043554516),
[2024-09-11 11:14:54,818][flwr][INFO] - 	              (78, 0.9251680795089156),
[2024-09-11 11:14:54,818][flwr][INFO] - 	              (79, 0.9210757088570594),
[2024-09-11 11:14:54,818][flwr][INFO] - 	              (80, 0.9038292896813798),
[2024-09-11 11:14:54,818][flwr][INFO] - 	              (81, 0.9210757088570594),
[2024-09-11 11:14:54,818][flwr][INFO] - 	              (82, 0.9248757673194973),
[2024-09-11 11:14:54,818][flwr][INFO] - 	              (83, 0.9391990646009939),
[2024-09-11 11:14:54,818][flwr][INFO] - 	              (84, 0.9166910260157849),
[2024-09-11 11:14:54,818][flwr][INFO] - 	              (85, 0.9292604501607717),
[2024-09-11 11:14:54,818][flwr][INFO] - 	              (86, 0.9082139725226542),
[2024-09-11 11:14:54,818][flwr][INFO] - 	              (87, 0.9438760596316866),
[2024-09-11 11:14:54,818][flwr][INFO] - 	              (88, 0.9424144986845951),
[2024-09-11 11:14:54,818][flwr][INFO] - 	              (89, 0.9301373867290266),
[2024-09-11 11:14:54,818][flwr][INFO] - 	              (90, 0.9131832797427653),
[2024-09-11 11:14:54,819][flwr][INFO] - 	              (91, 0.9380298158433207),
[2024-09-11 11:14:54,819][flwr][INFO] - 	              (92, 0.9380298158433207),
[2024-09-11 11:14:54,819][flwr][INFO] - 	              (93, 0.9348143817597194),
[2024-09-11 11:14:54,819][flwr][INFO] - 	              (94, 0.9397836889798304),
[2024-09-11 11:14:54,819][flwr][INFO] - 	              (95, 0.9307220111078632),
[2024-09-11 11:14:54,819][flwr][INFO] - 	              (96, 0.932475884244373),
[2024-09-11 11:14:54,819][flwr][INFO] - 	              (97, 0.9435837474422684),
[2024-09-11 11:14:54,819][flwr][INFO] - 	              (98, 0.9193218357205496),
[2024-09-11 11:14:54,819][flwr][INFO] - 	              (99, 0.9225372698041509),
[2024-09-11 11:14:54,819][flwr][INFO] - 	              (100, 0.9143525285004385)]}
[2024-09-11 11:14:54,819][flwr][INFO] - 
