[2024-09-30 18:08:25,852][flwr][INFO] - Starting Flower simulation, config: num_rounds=100, no round_timeout
[2024-09-30 18:08:29,077][flwr][INFO] - Flower VCE: Ray initialized with resources: {'object_store_memory': 71900542156.0, 'node:115.145.172.224': 1.0, 'CPU': 256.0, 'GPU': 1.0, 'accelerator_type:G': 1.0, 'node:__internal_head__': 1.0, 'memory': 157767931700.0}
[2024-09-30 18:08:29,077][flwr][INFO] - Optimize your simulation with Flower VCE: https://flower.ai/docs/framework/how-to-run-simulations.html
[2024-09-30 18:08:29,077][flwr][INFO] - Flower VCE: Resources for each Virtual Client: {'num_cpus': 128, 'num_gpus': 0.125}
[2024-09-30 18:08:29,096][flwr][INFO] - Flower VCE: Creating VirtualClientEngineActorPool with 2 actors
[2024-09-30 18:08:29,097][flwr][INFO] - [INIT]
[2024-09-30 18:08:29,097][flwr][INFO] - Requesting initial parameters from one random client
[2024-09-30 18:08:34,646][flwr][INFO] - Received initial parameters from one random client
[2024-09-30 18:08:34,647][flwr][INFO] - Evaluating initial global parameters
[2024-09-30 18:08:53,427][flwr][INFO] - initial parameters (loss, other metrics): 498.5612428188324, {'accuracy': 0.099025069637883}
[2024-09-30 18:08:53,428][flwr][INFO] - 
[2024-09-30 18:08:53,428][flwr][INFO] - [ROUND 1]
[2024-09-30 18:08:53,428][flwr][INFO] - configure_fit: strategy sampled 5 clients (out of 50)
[2024-09-30 18:10:02,616][flwr][INFO] - aggregate_fit: received 5 results and 0 failures
[2024-09-30 18:10:03,429][flwr][WARNING] - No fit_metrics_aggregation_fn provided
[2024-09-30 18:10:20,555][flwr][INFO] - fit progress: (1, 396.4136393070221, {'accuracy': 0.5502785515320334}, 87.12755868118256)
[2024-09-30 18:10:20,556][flwr][INFO] - configure_evaluate: strategy sampled 2 clients (out of 50)
[2024-09-30 18:10:22,747][flwr][INFO] - aggregate_evaluate: received 2 results and 0 failures
[2024-09-30 18:10:22,748][flwr][INFO] - 
[2024-09-30 18:10:22,748][flwr][INFO] - [ROUND 2]
[2024-09-30 18:10:22,748][flwr][INFO] - configure_fit: strategy sampled 5 clients (out of 50)
[2024-09-30 18:11:32,732][flwr][INFO] - aggregate_fit: received 5 results and 0 failures
[2024-09-30 18:11:51,751][flwr][INFO] - fit progress: (2, 194.63828283548355, {'accuracy': 0.7346796657381616}, 178.32346770493314)
[2024-09-30 18:11:51,752][flwr][INFO] - configure_evaluate: strategy sampled 2 clients (out of 50)
[2024-09-30 18:11:53,959][flwr][INFO] - aggregate_evaluate: received 2 results and 0 failures
[2024-09-30 18:11:53,959][flwr][INFO] - 
[2024-09-30 18:11:53,959][flwr][INFO] - [ROUND 3]
[2024-09-30 18:11:53,959][flwr][INFO] - configure_fit: strategy sampled 5 clients (out of 50)
[2024-09-30 18:12:56,452][flwr][INFO] - aggregate_fit: received 5 results and 0 failures
[2024-09-30 18:13:14,925][flwr][INFO] - fit progress: (3, 159.26942083239555, {'accuracy': 0.7561281337047354}, 261.49710819730535)
[2024-09-30 18:13:14,925][flwr][INFO] - configure_evaluate: strategy sampled 2 clients (out of 50)
[2024-09-30 18:13:16,946][flwr][INFO] - aggregate_evaluate: received 2 results and 0 failures
[2024-09-30 18:13:16,946][flwr][INFO] - 
[2024-09-30 18:13:16,946][flwr][INFO] - [ROUND 4]
[2024-09-30 18:13:16,946][flwr][INFO] - configure_fit: strategy sampled 5 clients (out of 50)
[2024-09-30 18:14:19,883][flwr][INFO] - aggregate_fit: received 5 results and 0 failures
[2024-09-30 18:14:37,700][flwr][INFO] - fit progress: (4, 111.01128226518631, {'accuracy': 0.8387186629526462}, 344.2725305939093)
[2024-09-30 18:14:37,701][flwr][INFO] - configure_evaluate: strategy sampled 2 clients (out of 50)
[2024-09-30 18:14:39,736][flwr][INFO] - aggregate_evaluate: received 2 results and 0 failures
[2024-09-30 18:14:39,737][flwr][INFO] - 
[2024-09-30 18:14:39,737][flwr][INFO] - [ROUND 5]
[2024-09-30 18:14:39,737][flwr][INFO] - configure_fit: strategy sampled 5 clients (out of 50)
[2024-09-30 18:15:48,844][flwr][INFO] - aggregate_fit: received 5 results and 0 failures
[2024-09-30 18:16:06,467][flwr][INFO] - fit progress: (5, 137.81421008706093, {'accuracy': 0.7933147632311978}, 433.03929065493867)
[2024-09-30 18:16:06,468][flwr][INFO] - configure_evaluate: strategy sampled 2 clients (out of 50)
[2024-09-30 18:16:08,522][flwr][INFO] - aggregate_evaluate: received 2 results and 0 failures
[2024-09-30 18:16:08,526][flwr][INFO] - 
[2024-09-30 18:16:08,526][flwr][INFO] - [ROUND 6]
[2024-09-30 18:16:08,526][flwr][INFO] - configure_fit: strategy sampled 5 clients (out of 50)
[2024-09-30 18:17:24,152][flwr][INFO] - aggregate_fit: received 5 results and 0 failures
[2024-09-30 18:17:41,526][flwr][INFO] - fit progress: (6, 96.88139353692532, {'accuracy': 0.8506963788300835}, 528.0983914411627)
[2024-09-30 18:17:41,527][flwr][INFO] - configure_evaluate: strategy sampled 2 clients (out of 50)
[2024-09-30 18:17:43,915][flwr][INFO] - aggregate_evaluate: received 2 results and 0 failures
[2024-09-30 18:17:43,916][flwr][INFO] - 
[2024-09-30 18:17:43,916][flwr][INFO] - [ROUND 7]
[2024-09-30 18:17:43,916][flwr][INFO] - configure_fit: strategy sampled 5 clients (out of 50)
[2024-09-30 18:18:55,001][flwr][INFO] - aggregate_fit: received 5 results and 0 failures
[2024-09-30 18:19:14,202][flwr][INFO] - fit progress: (7, 106.1205631121993, {'accuracy': 0.8348189415041782}, 620.7740434841253)
[2024-09-30 18:19:14,202][flwr][INFO] - configure_evaluate: strategy sampled 2 clients (out of 50)
[2024-09-30 18:19:16,347][flwr][INFO] - aggregate_evaluate: received 2 results and 0 failures
[2024-09-30 18:19:16,348][flwr][INFO] - 
[2024-09-30 18:19:16,348][flwr][INFO] - [ROUND 8]
[2024-09-30 18:19:16,348][flwr][INFO] - configure_fit: strategy sampled 5 clients (out of 50)
[2024-09-30 18:20:26,599][flwr][INFO] - aggregate_fit: received 5 results and 0 failures
[2024-09-30 18:20:43,858][flwr][INFO] - fit progress: (8, 83.93500273674726, {'accuracy': 0.8662952646239555}, 710.4301329730079)
[2024-09-30 18:20:43,858][flwr][INFO] - configure_evaluate: strategy sampled 2 clients (out of 50)
[2024-09-30 18:20:46,026][flwr][INFO] - aggregate_evaluate: received 2 results and 0 failures
[2024-09-30 18:20:46,027][flwr][INFO] - 
[2024-09-30 18:20:46,027][flwr][INFO] - [ROUND 9]
[2024-09-30 18:20:46,027][flwr][INFO] - configure_fit: strategy sampled 5 clients (out of 50)
[2024-09-30 18:21:54,901][flwr][INFO] - aggregate_fit: received 5 results and 0 failures
[2024-09-30 18:22:12,287][flwr][INFO] - fit progress: (9, 90.16602215915918, {'accuracy': 0.8636490250696379}, 798.8593917209655)
[2024-09-30 18:22:12,288][flwr][INFO] - configure_evaluate: strategy sampled 2 clients (out of 50)
[2024-09-30 18:22:14,575][flwr][INFO] - aggregate_evaluate: received 2 results and 0 failures
[2024-09-30 18:22:14,576][flwr][INFO] - 
[2024-09-30 18:22:14,576][flwr][INFO] - [ROUND 10]
[2024-09-30 18:22:14,576][flwr][INFO] - configure_fit: strategy sampled 5 clients (out of 50)
[2024-09-30 18:23:19,224][flwr][INFO] - aggregate_fit: received 5 results and 0 failures
[2024-09-30 18:23:36,248][flwr][INFO] - fit progress: (10, 86.43239187449217, {'accuracy': 0.8654596100278552}, 882.8203289723024)
[2024-09-30 18:23:36,248][flwr][INFO] - configure_evaluate: strategy sampled 2 clients (out of 50)
[2024-09-30 18:23:38,012][flwr][INFO] - aggregate_evaluate: received 2 results and 0 failures
[2024-09-30 18:23:38,012][flwr][INFO] - 
[2024-09-30 18:23:38,012][flwr][INFO] - [ROUND 11]
[2024-09-30 18:23:38,012][flwr][INFO] - configure_fit: strategy sampled 5 clients (out of 50)
[2024-09-30 18:24:59,189][flwr][INFO] - aggregate_fit: received 5 results and 0 failures
[2024-09-30 18:25:16,394][flwr][INFO] - fit progress: (11, 88.45227655768394, {'accuracy': 0.8657381615598886}, 982.9661543429829)
[2024-09-30 18:25:16,395][flwr][INFO] - configure_evaluate: strategy sampled 2 clients (out of 50)
[2024-09-30 18:25:18,499][flwr][INFO] - aggregate_evaluate: received 2 results and 0 failures
[2024-09-30 18:25:18,499][flwr][INFO] - 
[2024-09-30 18:25:18,499][flwr][INFO] - [ROUND 12]
[2024-09-30 18:25:18,499][flwr][INFO] - configure_fit: strategy sampled 5 clients (out of 50)
[2024-09-30 18:26:32,695][flwr][INFO] - aggregate_fit: received 5 results and 0 failures
[2024-09-30 18:26:49,791][flwr][INFO] - fit progress: (12, 92.58419091999531, {'accuracy': 0.8575208913649025}, 1076.3634089999832)
[2024-09-30 18:26:49,792][flwr][INFO] - configure_evaluate: strategy sampled 2 clients (out of 50)
[2024-09-30 18:26:52,024][flwr][INFO] - aggregate_evaluate: received 2 results and 0 failures
[2024-09-30 18:26:52,024][flwr][INFO] - 
[2024-09-30 18:26:52,024][flwr][INFO] - [ROUND 13]
[2024-09-30 18:26:52,024][flwr][INFO] - configure_fit: strategy sampled 5 clients (out of 50)
[2024-09-30 18:28:04,287][flwr][INFO] - aggregate_fit: received 5 results and 0 failures
[2024-09-30 18:28:21,435][flwr][INFO] - fit progress: (13, 105.54884161800146, {'accuracy': 0.8561281337047354}, 1168.0073485840112)
[2024-09-30 18:28:21,435][flwr][INFO] - configure_evaluate: strategy sampled 2 clients (out of 50)
[2024-09-30 18:28:23,435][flwr][INFO] - aggregate_evaluate: received 2 results and 0 failures
[2024-09-30 18:28:23,435][flwr][INFO] - 
[2024-09-30 18:28:23,435][flwr][INFO] - [ROUND 14]
[2024-09-30 18:28:23,436][flwr][INFO] - configure_fit: strategy sampled 5 clients (out of 50)
[2024-09-30 18:29:30,104][flwr][INFO] - aggregate_fit: received 5 results and 0 failures
[2024-09-30 18:29:47,088][flwr][INFO] - fit progress: (14, 97.00277156382799, {'accuracy': 0.8593314763231198}, 1253.659823934082)
[2024-09-30 18:29:47,088][flwr][INFO] - configure_evaluate: strategy sampled 2 clients (out of 50)
[2024-09-30 18:29:48,954][flwr][INFO] - aggregate_evaluate: received 2 results and 0 failures
[2024-09-30 18:29:48,954][flwr][INFO] - 
[2024-09-30 18:29:48,954][flwr][INFO] - [ROUND 15]
[2024-09-30 18:29:48,954][flwr][INFO] - configure_fit: strategy sampled 5 clients (out of 50)
[2024-09-30 18:31:05,427][flwr][INFO] - aggregate_fit: received 5 results and 0 failures
[2024-09-30 18:31:22,354][flwr][INFO] - fit progress: (15, 94.18607809767127, {'accuracy': 0.8688022284122563}, 1348.9261863413267)
[2024-09-30 18:31:22,354][flwr][INFO] - configure_evaluate: strategy sampled 2 clients (out of 50)
[2024-09-30 18:31:24,247][flwr][INFO] - aggregate_evaluate: received 2 results and 0 failures
[2024-09-30 18:31:24,247][flwr][INFO] - 
[2024-09-30 18:31:24,247][flwr][INFO] - [ROUND 16]
[2024-09-30 18:31:24,247][flwr][INFO] - configure_fit: strategy sampled 5 clients (out of 50)
[2024-09-30 18:32:31,198][flwr][INFO] - aggregate_fit: received 5 results and 0 failures
[2024-09-30 18:32:48,311][flwr][INFO] - fit progress: (16, 105.22541791200638, {'accuracy': 0.8427576601671309}, 1434.8830056181177)
[2024-09-30 18:32:48,311][flwr][INFO] - configure_evaluate: strategy sampled 2 clients (out of 50)
[2024-09-30 18:32:50,777][flwr][INFO] - aggregate_evaluate: received 2 results and 0 failures
[2024-09-30 18:32:50,778][flwr][INFO] - 
[2024-09-30 18:32:50,778][flwr][INFO] - [ROUND 17]
[2024-09-30 18:32:50,778][flwr][INFO] - configure_fit: strategy sampled 5 clients (out of 50)
[2024-09-30 18:34:02,346][flwr][INFO] - aggregate_fit: received 5 results and 0 failures
[2024-09-30 18:34:19,417][flwr][INFO] - fit progress: (17, 89.16943708062172, {'accuracy': 0.8763231197771588}, 1525.9894715012051)
[2024-09-30 18:34:19,418][flwr][INFO] - configure_evaluate: strategy sampled 2 clients (out of 50)
[2024-09-30 18:34:21,308][flwr][INFO] - aggregate_evaluate: received 2 results and 0 failures
[2024-09-30 18:34:21,308][flwr][INFO] - 
[2024-09-30 18:34:21,309][flwr][INFO] - [ROUND 18]
[2024-09-30 18:34:21,309][flwr][INFO] - configure_fit: strategy sampled 5 clients (out of 50)
[2024-09-30 18:35:35,494][flwr][INFO] - aggregate_fit: received 5 results and 0 failures
[2024-09-30 18:35:52,424][flwr][INFO] - fit progress: (18, 101.70645695179701, {'accuracy': 0.8651810584958217}, 1618.996102892328)
[2024-09-30 18:35:52,424][flwr][INFO] - configure_evaluate: strategy sampled 2 clients (out of 50)
[2024-09-30 18:35:54,468][flwr][INFO] - aggregate_evaluate: received 2 results and 0 failures
[2024-09-30 18:35:54,469][flwr][INFO] - 
[2024-09-30 18:35:54,469][flwr][INFO] - [ROUND 19]
[2024-09-30 18:35:54,469][flwr][INFO] - configure_fit: strategy sampled 5 clients (out of 50)
[2024-09-30 18:36:57,081][flwr][INFO] - aggregate_fit: received 5 results and 0 failures
[2024-09-30 18:37:13,966][flwr][INFO] - fit progress: (19, 92.41969349235296, {'accuracy': 0.862116991643454}, 1700.5381206562743)
[2024-09-30 18:37:13,966][flwr][INFO] - configure_evaluate: strategy sampled 2 clients (out of 50)
[2024-09-30 18:37:15,982][flwr][INFO] - aggregate_evaluate: received 2 results and 0 failures
[2024-09-30 18:37:15,982][flwr][INFO] - 
[2024-09-30 18:37:15,982][flwr][INFO] - [ROUND 20]
[2024-09-30 18:37:15,983][flwr][INFO] - configure_fit: strategy sampled 5 clients (out of 50)
[2024-09-30 18:38:24,987][flwr][INFO] - aggregate_fit: received 5 results and 0 failures
[2024-09-30 18:38:41,993][flwr][INFO] - fit progress: (20, 89.06124801933765, {'accuracy': 0.8775766016713092}, 1788.565753001254)
[2024-09-30 18:38:41,994][flwr][INFO] - configure_evaluate: strategy sampled 2 clients (out of 50)
[2024-09-30 18:38:43,937][flwr][INFO] - aggregate_evaluate: received 2 results and 0 failures
[2024-09-30 18:38:43,938][flwr][INFO] - 
[2024-09-30 18:38:43,938][flwr][INFO] - [ROUND 21]
[2024-09-30 18:38:43,938][flwr][INFO] - configure_fit: strategy sampled 5 clients (out of 50)
[2024-09-30 18:39:55,391][flwr][INFO] - aggregate_fit: received 5 results and 0 failures
[2024-09-30 18:40:12,397][flwr][INFO] - fit progress: (21, 102.945885412395, {'accuracy': 0.862116991643454}, 1878.9688796689734)
[2024-09-30 18:40:12,397][flwr][INFO] - configure_evaluate: strategy sampled 2 clients (out of 50)
[2024-09-30 18:40:14,579][flwr][INFO] - aggregate_evaluate: received 2 results and 0 failures
[2024-09-30 18:40:14,579][flwr][INFO] - 
[2024-09-30 18:40:14,579][flwr][INFO] - [ROUND 22]
[2024-09-30 18:40:14,580][flwr][INFO] - configure_fit: strategy sampled 5 clients (out of 50)
[2024-09-30 18:41:27,868][flwr][INFO] - aggregate_fit: received 5 results and 0 failures
[2024-09-30 18:41:45,047][flwr][INFO] - fit progress: (22, 101.55603384971619, {'accuracy': 0.8724233983286908}, 1971.6197694223374)
[2024-09-30 18:41:45,048][flwr][INFO] - configure_evaluate: strategy sampled 2 clients (out of 50)
[2024-09-30 18:41:47,346][flwr][INFO] - aggregate_evaluate: received 2 results and 0 failures
[2024-09-30 18:41:47,346][flwr][INFO] - 
[2024-09-30 18:41:47,346][flwr][INFO] - [ROUND 23]
[2024-09-30 18:41:47,347][flwr][INFO] - configure_fit: strategy sampled 5 clients (out of 50)
[2024-09-30 18:42:51,738][flwr][INFO] - aggregate_fit: received 5 results and 0 failures
[2024-09-30 18:43:08,647][flwr][INFO] - fit progress: (23, 99.75174767151475, {'accuracy': 0.8789693593314764}, 2055.2189785032533)
[2024-09-30 18:43:08,647][flwr][INFO] - configure_evaluate: strategy sampled 2 clients (out of 50)
[2024-09-30 18:43:10,664][flwr][INFO] - aggregate_evaluate: received 2 results and 0 failures
[2024-09-30 18:43:10,665][flwr][INFO] - 
[2024-09-30 18:43:10,665][flwr][INFO] - [ROUND 24]
[2024-09-30 18:43:10,665][flwr][INFO] - configure_fit: strategy sampled 5 clients (out of 50)
[2024-09-30 18:44:32,643][flwr][INFO] - aggregate_fit: received 5 results and 0 failures
[2024-09-30 18:44:50,218][flwr][INFO] - fit progress: (24, 91.87613957375288, {'accuracy': 0.8816155988857939}, 2156.7904290943407)
[2024-09-30 18:44:50,219][flwr][INFO] - configure_evaluate: strategy sampled 2 clients (out of 50)
[2024-09-30 18:44:52,125][flwr][INFO] - aggregate_evaluate: received 2 results and 0 failures
[2024-09-30 18:44:52,125][flwr][INFO] - 
[2024-09-30 18:44:52,125][flwr][INFO] - [ROUND 25]
[2024-09-30 18:44:52,125][flwr][INFO] - configure_fit: strategy sampled 5 clients (out of 50)
[2024-09-30 18:46:08,060][flwr][INFO] - aggregate_fit: received 5 results and 0 failures
[2024-09-30 18:46:25,046][flwr][INFO] - fit progress: (25, 117.46003820374608, {'accuracy': 0.887883008356546}, 2251.618062481284)
[2024-09-30 18:46:25,046][flwr][INFO] - configure_evaluate: strategy sampled 2 clients (out of 50)
[2024-09-30 18:46:27,355][flwr][INFO] - aggregate_evaluate: received 2 results and 0 failures
[2024-09-30 18:46:27,355][flwr][INFO] - 
[2024-09-30 18:46:27,355][flwr][INFO] - [ROUND 26]
[2024-09-30 18:46:27,355][flwr][INFO] - configure_fit: strategy sampled 5 clients (out of 50)
[2024-09-30 18:47:46,808][flwr][INFO] - aggregate_fit: received 5 results and 0 failures
[2024-09-30 18:48:03,896][flwr][INFO] - fit progress: (26, 132.57899135164917, {'accuracy': 0.8775766016713092}, 2350.4680164023302)
[2024-09-30 18:48:03,896][flwr][INFO] - configure_evaluate: strategy sampled 2 clients (out of 50)
[2024-09-30 18:48:06,477][flwr][INFO] - aggregate_evaluate: received 2 results and 0 failures
[2024-09-30 18:48:06,479][flwr][INFO] - 
[2024-09-30 18:48:06,479][flwr][INFO] - [ROUND 27]
[2024-09-30 18:48:06,479][flwr][INFO] - configure_fit: strategy sampled 5 clients (out of 50)
[2024-09-30 18:49:13,137][flwr][INFO] - aggregate_fit: received 5 results and 0 failures
[2024-09-30 18:49:30,300][flwr][INFO] - fit progress: (27, 295.3678371720016, {'accuracy': 0.8654596100278552}, 2436.871910620015)
[2024-09-30 18:49:30,300][flwr][INFO] - configure_evaluate: strategy sampled 2 clients (out of 50)
[2024-09-30 18:49:32,635][flwr][INFO] - aggregate_evaluate: received 2 results and 0 failures
[2024-09-30 18:49:32,635][flwr][INFO] - 
[2024-09-30 18:49:32,635][flwr][INFO] - [ROUND 28]
[2024-09-30 18:49:32,635][flwr][INFO] - configure_fit: strategy sampled 5 clients (out of 50)
[2024-09-30 18:50:34,204][flwr][INFO] - aggregate_fit: received 5 results and 0 failures
[2024-09-30 18:50:52,263][flwr][INFO] - fit progress: (28, 2554.0470706466585, {'accuracy': 0.8637883008356546}, 2518.8349790070206)
[2024-09-30 18:50:52,263][flwr][INFO] - configure_evaluate: strategy sampled 2 clients (out of 50)
[2024-09-30 18:50:54,515][flwr][INFO] - aggregate_evaluate: received 2 results and 0 failures
[2024-09-30 18:50:54,515][flwr][INFO] - 
[2024-09-30 18:50:54,515][flwr][INFO] - [ROUND 29]
[2024-09-30 18:50:54,515][flwr][INFO] - configure_fit: strategy sampled 5 clients (out of 50)
[2024-09-30 18:51:54,171][flwr][INFO] - aggregate_fit: received 5 results and 0 failures
[2024-09-30 18:52:11,124][flwr][INFO] - fit progress: (29, 613.1845105122775, {'accuracy': 0.8586350974930362}, 2597.696717826184)
[2024-09-30 18:52:11,125][flwr][INFO] - configure_evaluate: strategy sampled 2 clients (out of 50)
[2024-09-30 18:52:13,069][flwr][INFO] - aggregate_evaluate: received 2 results and 0 failures
[2024-09-30 18:52:13,069][flwr][INFO] - 
[2024-09-30 18:52:13,069][flwr][INFO] - [ROUND 30]
[2024-09-30 18:52:13,069][flwr][INFO] - configure_fit: strategy sampled 5 clients (out of 50)
[2024-09-30 18:53:14,576][flwr][INFO] - aggregate_fit: received 5 results and 0 failures
[2024-09-30 18:53:31,581][flwr][INFO] - fit progress: (30, 374.5172925274819, {'accuracy': 0.8671309192200557}, 2678.1528955791146)
[2024-09-30 18:53:31,581][flwr][INFO] - configure_evaluate: strategy sampled 2 clients (out of 50)
[2024-09-30 18:53:33,554][flwr][INFO] - aggregate_evaluate: received 2 results and 0 failures
[2024-09-30 18:53:33,555][flwr][INFO] - 
[2024-09-30 18:53:33,555][flwr][INFO] - [ROUND 31]
[2024-09-30 18:53:33,555][flwr][INFO] - configure_fit: strategy sampled 5 clients (out of 50)
[2024-09-30 18:54:49,988][flwr][INFO] - aggregate_fit: received 5 results and 0 failures
[2024-09-30 18:55:07,044][flwr][INFO] - fit progress: (31, 428.22221897542477, {'accuracy': 0.8279944289693594}, 2773.616140831262)
[2024-09-30 18:55:07,045][flwr][INFO] - configure_evaluate: strategy sampled 2 clients (out of 50)
[2024-09-30 18:55:09,266][flwr][INFO] - aggregate_evaluate: received 2 results and 0 failures
[2024-09-30 18:55:09,266][flwr][INFO] - 
[2024-09-30 18:55:09,266][flwr][INFO] - [ROUND 32]
[2024-09-30 18:55:09,266][flwr][INFO] - configure_fit: strategy sampled 5 clients (out of 50)
[2024-09-30 18:56:32,581][flwr][INFO] - aggregate_fit: received 5 results and 0 failures
[2024-09-30 18:56:49,456][flwr][INFO] - fit progress: (32, 82.26392003148794, {'accuracy': 0.8881615598885794}, 2876.028037478216)
[2024-09-30 18:56:49,456][flwr][INFO] - configure_evaluate: strategy sampled 2 clients (out of 50)
[2024-09-30 18:56:51,512][flwr][INFO] - aggregate_evaluate: received 2 results and 0 failures
[2024-09-30 18:56:51,512][flwr][INFO] - 
[2024-09-30 18:56:51,512][flwr][INFO] - [ROUND 33]
[2024-09-30 18:56:51,512][flwr][INFO] - configure_fit: strategy sampled 5 clients (out of 50)
[2024-09-30 18:58:10,257][flwr][INFO] - aggregate_fit: received 5 results and 0 failures
[2024-09-30 18:58:27,396][flwr][INFO] - fit progress: (33, 111.88810731470585, {'accuracy': 0.8438718662952647}, 2973.9679694729857)
[2024-09-30 18:58:27,396][flwr][INFO] - configure_evaluate: strategy sampled 2 clients (out of 50)
[2024-09-30 18:58:29,606][flwr][INFO] - aggregate_evaluate: received 2 results and 0 failures
[2024-09-30 18:58:29,606][flwr][INFO] - 
[2024-09-30 18:58:29,606][flwr][INFO] - [ROUND 34]
[2024-09-30 18:58:29,606][flwr][INFO] - configure_fit: strategy sampled 5 clients (out of 50)
[2024-09-30 18:59:51,094][flwr][INFO] - aggregate_fit: received 5 results and 0 failures
[2024-09-30 19:00:08,082][flwr][INFO] - fit progress: (34, 94.53443391621113, {'accuracy': 0.8729805013927576}, 3074.6539979660884)
[2024-09-30 19:00:08,082][flwr][INFO] - configure_evaluate: strategy sampled 2 clients (out of 50)
[2024-09-30 19:00:10,059][flwr][INFO] - aggregate_evaluate: received 2 results and 0 failures
[2024-09-30 19:00:10,060][flwr][INFO] - 
[2024-09-30 19:00:10,060][flwr][INFO] - [ROUND 35]
[2024-09-30 19:00:10,060][flwr][INFO] - configure_fit: strategy sampled 5 clients (out of 50)
[2024-09-30 19:01:20,722][flwr][INFO] - aggregate_fit: received 5 results and 0 failures
[2024-09-30 19:01:37,665][flwr][INFO] - fit progress: (35, 99.37401952967048, {'accuracy': 0.8725626740947076}, 3164.23772392096)
[2024-09-30 19:01:37,666][flwr][INFO] - configure_evaluate: strategy sampled 2 clients (out of 50)
[2024-09-30 19:01:39,984][flwr][INFO] - aggregate_evaluate: received 2 results and 0 failures
[2024-09-30 19:01:39,985][flwr][INFO] - 
[2024-09-30 19:01:39,985][flwr][INFO] - [ROUND 36]
[2024-09-30 19:01:39,985][flwr][INFO] - configure_fit: strategy sampled 5 clients (out of 50)
[2024-09-30 19:02:48,883][flwr][INFO] - aggregate_fit: received 5 results and 0 failures
[2024-09-30 19:03:06,071][flwr][INFO] - fit progress: (36, 408.1921764910221, {'accuracy': 0.8559888579387187}, 3252.6435430929996)
[2024-09-30 19:03:06,072][flwr][INFO] - configure_evaluate: strategy sampled 2 clients (out of 50)
[2024-09-30 19:03:08,000][flwr][INFO] - aggregate_evaluate: received 2 results and 0 failures
[2024-09-30 19:03:08,000][flwr][INFO] - 
[2024-09-30 19:03:08,001][flwr][INFO] - [ROUND 37]
[2024-09-30 19:03:08,001][flwr][INFO] - configure_fit: strategy sampled 5 clients (out of 50)
[2024-09-30 19:04:23,699][flwr][INFO] - aggregate_fit: received 5 results and 0 failures
[2024-09-30 19:04:40,845][flwr][INFO] - fit progress: (37, 204.5014486387372, {'accuracy': 0.8667130919220055}, 3347.417208848987)
[2024-09-30 19:04:40,846][flwr][INFO] - configure_evaluate: strategy sampled 2 clients (out of 50)
[2024-09-30 19:04:43,177][flwr][INFO] - aggregate_evaluate: received 2 results and 0 failures
[2024-09-30 19:04:43,177][flwr][INFO] - 
[2024-09-30 19:04:43,177][flwr][INFO] - [ROUND 38]
[2024-09-30 19:04:43,178][flwr][INFO] - configure_fit: strategy sampled 5 clients (out of 50)
[2024-09-30 19:06:05,823][flwr][INFO] - aggregate_fit: received 5 results and 0 failures
[2024-09-30 19:06:22,698][flwr][INFO] - fit progress: (38, 82.91023579984903, {'accuracy': 0.8871866295264624}, 3449.269789742306)
[2024-09-30 19:06:22,698][flwr][INFO] - configure_evaluate: strategy sampled 2 clients (out of 50)
[2024-09-30 19:06:24,922][flwr][INFO] - aggregate_evaluate: received 2 results and 0 failures
[2024-09-30 19:06:24,922][flwr][INFO] - 
[2024-09-30 19:06:24,922][flwr][INFO] - [ROUND 39]
[2024-09-30 19:06:24,922][flwr][INFO] - configure_fit: strategy sampled 5 clients (out of 50)
[2024-09-30 19:07:23,527][flwr][INFO] - aggregate_fit: received 5 results and 0 failures
[2024-09-30 19:07:40,677][flwr][INFO] - fit progress: (39, 96.7208429761231, {'accuracy': 0.8611420612813371}, 3527.2494159210473)
[2024-09-30 19:07:40,677][flwr][INFO] - configure_evaluate: strategy sampled 2 clients (out of 50)
[2024-09-30 19:07:43,447][flwr][INFO] - aggregate_evaluate: received 2 results and 0 failures
[2024-09-30 19:07:43,447][flwr][INFO] - 
[2024-09-30 19:07:43,447][flwr][INFO] - [ROUND 40]
[2024-09-30 19:07:43,447][flwr][INFO] - configure_fit: strategy sampled 5 clients (out of 50)
[2024-09-30 19:08:35,164][flwr][INFO] - aggregate_fit: received 5 results and 0 failures
[2024-09-30 19:08:53,910][flwr][INFO] - fit progress: (40, 130.2213064543903, {'accuracy': 0.8828690807799443}, 3600.4824112621136)
[2024-09-30 19:08:53,911][flwr][INFO] - configure_evaluate: strategy sampled 2 clients (out of 50)
[2024-09-30 19:08:56,065][flwr][INFO] - aggregate_evaluate: received 2 results and 0 failures
[2024-09-30 19:08:56,066][flwr][INFO] - 
[2024-09-30 19:08:56,066][flwr][INFO] - [ROUND 41]
[2024-09-30 19:08:56,066][flwr][INFO] - configure_fit: strategy sampled 5 clients (out of 50)
[2024-09-30 19:10:05,104][flwr][INFO] - aggregate_fit: received 5 results and 0 failures
[2024-09-30 19:10:24,220][flwr][INFO] - fit progress: (41, 500.9397789351642, {'accuracy': 0.8518105849582173}, 3690.792047270108)
[2024-09-30 19:10:24,221][flwr][INFO] - configure_evaluate: strategy sampled 2 clients (out of 50)
[2024-09-30 19:10:26,276][flwr][INFO] - aggregate_evaluate: received 2 results and 0 failures
[2024-09-30 19:10:26,276][flwr][INFO] - 
[2024-09-30 19:10:26,277][flwr][INFO] - [ROUND 42]
[2024-09-30 19:10:26,277][flwr][INFO] - configure_fit: strategy sampled 5 clients (out of 50)
[2024-09-30 19:11:30,185][flwr][INFO] - aggregate_fit: received 5 results and 0 failures
[2024-09-30 19:11:48,852][flwr][INFO] - fit progress: (42, 197.61812464520335, {'accuracy': 0.8678272980501393}, 3775.4246868360788)
[2024-09-30 19:11:48,853][flwr][INFO] - configure_evaluate: strategy sampled 2 clients (out of 50)
[2024-09-30 19:11:51,060][flwr][INFO] - aggregate_evaluate: received 2 results and 0 failures
[2024-09-30 19:11:51,060][flwr][INFO] - 
[2024-09-30 19:11:51,060][flwr][INFO] - [ROUND 43]
[2024-09-30 19:11:51,061][flwr][INFO] - configure_fit: strategy sampled 5 clients (out of 50)
[2024-09-30 19:12:58,201][flwr][INFO] - aggregate_fit: received 5 results and 0 failures
[2024-09-30 19:13:17,252][flwr][INFO] - fit progress: (43, 87.93423684313893, {'accuracy': 0.8880222841225627}, 3863.824648990296)
[2024-09-30 19:13:17,253][flwr][INFO] - configure_evaluate: strategy sampled 2 clients (out of 50)
[2024-09-30 19:13:19,237][flwr][INFO] - aggregate_evaluate: received 2 results and 0 failures
[2024-09-30 19:13:19,237][flwr][INFO] - 
[2024-09-30 19:13:19,237][flwr][INFO] - [ROUND 44]
[2024-09-30 19:13:19,237][flwr][INFO] - configure_fit: strategy sampled 5 clients (out of 50)
[2024-09-30 19:14:25,343][flwr][INFO] - aggregate_fit: received 5 results and 0 failures
[2024-09-30 19:14:43,598][flwr][INFO] - fit progress: (44, 188.63389058597386, {'accuracy': 0.8837047353760445}, 3950.170705714263)
[2024-09-30 19:14:43,599][flwr][INFO] - configure_evaluate: strategy sampled 2 clients (out of 50)
[2024-09-30 19:14:45,762][flwr][INFO] - aggregate_evaluate: received 2 results and 0 failures
[2024-09-30 19:14:45,762][flwr][INFO] - 
[2024-09-30 19:14:45,762][flwr][INFO] - [ROUND 45]
[2024-09-30 19:14:45,762][flwr][INFO] - configure_fit: strategy sampled 5 clients (out of 50)
[2024-09-30 19:16:13,104][flwr][INFO] - aggregate_fit: received 5 results and 0 failures
[2024-09-30 19:16:31,544][flwr][INFO] - fit progress: (45, 103.19186947494745, {'accuracy': 0.8715877437325905}, 4058.116327119991)
[2024-09-30 19:16:31,544][flwr][INFO] - configure_evaluate: strategy sampled 2 clients (out of 50)
[2024-09-30 19:16:33,664][flwr][INFO] - aggregate_evaluate: received 2 results and 0 failures
[2024-09-30 19:16:33,664][flwr][INFO] - 
[2024-09-30 19:16:33,664][flwr][INFO] - [ROUND 46]
[2024-09-30 19:16:33,664][flwr][INFO] - configure_fit: strategy sampled 5 clients (out of 50)
[2024-09-30 19:17:51,613][flwr][INFO] - aggregate_fit: received 5 results and 0 failures
[2024-09-30 19:18:10,163][flwr][INFO] - fit progress: (46, 318.33566768467426, {'accuracy': 0.8483286908077995}, 4156.735674091149)
[2024-09-30 19:18:10,164][flwr][INFO] - configure_evaluate: strategy sampled 2 clients (out of 50)
[2024-09-30 19:18:12,198][flwr][INFO] - aggregate_evaluate: received 2 results and 0 failures
[2024-09-30 19:18:12,199][flwr][INFO] - 
[2024-09-30 19:18:12,199][flwr][INFO] - [ROUND 47]
[2024-09-30 19:18:12,199][flwr][INFO] - configure_fit: strategy sampled 5 clients (out of 50)
[2024-09-30 19:19:19,753][flwr][INFO] - aggregate_fit: received 5 results and 0 failures
[2024-09-30 19:19:38,102][flwr][INFO] - fit progress: (47, 139.75815686956048, {'accuracy': 0.8551532033426184}, 4244.674568505026)
[2024-09-30 19:19:38,103][flwr][INFO] - configure_evaluate: strategy sampled 2 clients (out of 50)
[2024-09-30 19:19:40,044][flwr][INFO] - aggregate_evaluate: received 2 results and 0 failures
[2024-09-30 19:19:40,044][flwr][INFO] - 
[2024-09-30 19:19:40,044][flwr][INFO] - [ROUND 48]
[2024-09-30 19:19:40,044][flwr][INFO] - configure_fit: strategy sampled 5 clients (out of 50)
[2024-09-30 19:20:28,393][flwr][INFO] - aggregate_fit: received 5 results and 0 failures
[2024-09-30 19:20:46,989][flwr][INFO] - fit progress: (48, 112.38506895303726, {'accuracy': 0.8770194986072424}, 4313.561652624048)
[2024-09-30 19:20:46,990][flwr][INFO] - configure_evaluate: strategy sampled 2 clients (out of 50)
[2024-09-30 19:20:49,403][flwr][INFO] - aggregate_evaluate: received 2 results and 0 failures
[2024-09-30 19:20:49,403][flwr][INFO] - 
[2024-09-30 19:20:49,404][flwr][INFO] - [ROUND 49]
[2024-09-30 19:20:49,404][flwr][INFO] - configure_fit: strategy sampled 5 clients (out of 50)
[2024-09-30 19:21:41,421][flwr][INFO] - aggregate_fit: received 5 results and 0 failures
[2024-09-30 19:21:59,966][flwr][INFO] - fit progress: (49, 165.10003603249788, {'accuracy': 0.863091922005571}, 4386.538290164899)
[2024-09-30 19:21:59,966][flwr][INFO] - configure_evaluate: strategy sampled 2 clients (out of 50)
[2024-09-30 19:22:02,209][flwr][INFO] - aggregate_evaluate: received 2 results and 0 failures
[2024-09-30 19:22:02,210][flwr][INFO] - 
[2024-09-30 19:22:02,210][flwr][INFO] - [ROUND 50]
[2024-09-30 19:22:02,210][flwr][INFO] - configure_fit: strategy sampled 5 clients (out of 50)
[2024-09-30 19:23:07,385][flwr][INFO] - aggregate_fit: received 5 results and 0 failures
[2024-09-30 19:23:25,650][flwr][INFO] - fit progress: (50, 215.7044240180403, {'accuracy': 0.8692200557103064}, 4472.222412161995)
[2024-09-30 19:23:25,651][flwr][INFO] - configure_evaluate: strategy sampled 2 clients (out of 50)
[2024-09-30 19:23:27,772][flwr][INFO] - aggregate_evaluate: received 2 results and 0 failures
[2024-09-30 19:23:27,773][flwr][INFO] - 
[2024-09-30 19:23:27,773][flwr][INFO] - [ROUND 51]
[2024-09-30 19:23:27,773][flwr][INFO] - configure_fit: strategy sampled 5 clients (out of 50)
[2024-09-30 19:24:38,418][flwr][INFO] - aggregate_fit: received 5 results and 0 failures
[2024-09-30 19:24:56,082][flwr][INFO] - fit progress: (51, 107.6865088865161, {'accuracy': 0.8685236768802228}, 4562.654014910106)
[2024-09-30 19:24:56,082][flwr][INFO] - configure_evaluate: strategy sampled 2 clients (out of 50)
[2024-09-30 19:24:58,081][flwr][INFO] - aggregate_evaluate: received 2 results and 0 failures
[2024-09-30 19:24:58,082][flwr][INFO] - 
[2024-09-30 19:24:58,082][flwr][INFO] - [ROUND 52]
[2024-09-30 19:24:58,082][flwr][INFO] - configure_fit: strategy sampled 5 clients (out of 50)
[2024-09-30 19:25:48,886][flwr][INFO] - aggregate_fit: received 5 results and 0 failures
[2024-09-30 19:26:09,677][flwr][INFO] - fit progress: (52, 505.256780192256, {'accuracy': 0.813091922005571}, 4636.249362980947)
[2024-09-30 19:26:09,678][flwr][INFO] - configure_evaluate: strategy sampled 2 clients (out of 50)
[2024-09-30 19:26:11,571][flwr][INFO] - aggregate_evaluate: received 2 results and 0 failures
[2024-09-30 19:26:11,571][flwr][INFO] - 
[2024-09-30 19:26:11,571][flwr][INFO] - [ROUND 53]
[2024-09-30 19:26:11,572][flwr][INFO] - configure_fit: strategy sampled 5 clients (out of 50)
[2024-09-30 19:27:07,975][flwr][INFO] - aggregate_fit: received 5 results and 0 failures
[2024-09-30 19:27:27,259][flwr][INFO] - fit progress: (53, 142.8866599369794, {'accuracy': 0.8827298050139276}, 4713.831093728077)
[2024-09-30 19:27:27,259][flwr][INFO] - configure_evaluate: strategy sampled 2 clients (out of 50)
[2024-09-30 19:27:29,283][flwr][INFO] - aggregate_evaluate: received 2 results and 0 failures
[2024-09-30 19:27:29,283][flwr][INFO] - 
[2024-09-30 19:27:29,283][flwr][INFO] - [ROUND 54]
[2024-09-30 19:27:29,284][flwr][INFO] - configure_fit: strategy sampled 5 clients (out of 50)
[2024-09-30 19:28:40,540][flwr][INFO] - aggregate_fit: received 5 results and 0 failures
[2024-09-30 19:29:01,044][flwr][INFO] - fit progress: (54, 124.60976399481297, {'accuracy': 0.8823119777158774}, 4807.616467178334)
[2024-09-30 19:29:01,045][flwr][INFO] - configure_evaluate: strategy sampled 2 clients (out of 50)
[2024-09-30 19:29:03,285][flwr][INFO] - aggregate_evaluate: received 2 results and 0 failures
[2024-09-30 19:29:03,285][flwr][INFO] - 
[2024-09-30 19:29:03,285][flwr][INFO] - [ROUND 55]
[2024-09-30 19:29:03,285][flwr][INFO] - configure_fit: strategy sampled 5 clients (out of 50)
[2024-09-30 19:30:13,411][flwr][INFO] - aggregate_fit: received 5 results and 0 failures
[2024-09-30 19:30:31,048][flwr][INFO] - fit progress: (55, 153.71344254165888, {'accuracy': 0.864066852367688}, 4897.619734743144)
[2024-09-30 19:30:31,048][flwr][INFO] - configure_evaluate: strategy sampled 2 clients (out of 50)
[2024-09-30 19:30:33,446][flwr][INFO] - aggregate_evaluate: received 2 results and 0 failures
[2024-09-30 19:30:33,447][flwr][INFO] - 
[2024-09-30 19:30:33,447][flwr][INFO] - [ROUND 56]
[2024-09-30 19:30:33,447][flwr][INFO] - configure_fit: strategy sampled 5 clients (out of 50)
[2024-09-30 19:31:46,617][flwr][INFO] - aggregate_fit: received 5 results and 0 failures
[2024-09-30 19:32:06,250][flwr][INFO] - fit progress: (56, 94.01943863253109, {'accuracy': 0.8912256267409471}, 4992.822048692964)
[2024-09-30 19:32:06,250][flwr][INFO] - configure_evaluate: strategy sampled 2 clients (out of 50)
[2024-09-30 19:32:08,411][flwr][INFO] - aggregate_evaluate: received 2 results and 0 failures
[2024-09-30 19:32:08,411][flwr][INFO] - 
[2024-09-30 19:32:08,411][flwr][INFO] - [ROUND 57]
[2024-09-30 19:32:08,411][flwr][INFO] - configure_fit: strategy sampled 5 clients (out of 50)
[2024-09-30 19:33:07,887][flwr][INFO] - aggregate_fit: received 5 results and 0 failures
[2024-09-30 19:33:27,144][flwr][INFO] - fit progress: (57, 768.7696771472692, {'accuracy': 0.8610027855153203}, 5073.716155382339)
[2024-09-30 19:33:27,144][flwr][INFO] - configure_evaluate: strategy sampled 2 clients (out of 50)
[2024-09-30 19:33:29,163][flwr][INFO] - aggregate_evaluate: received 2 results and 0 failures
[2024-09-30 19:33:29,164][flwr][INFO] - 
[2024-09-30 19:33:29,164][flwr][INFO] - [ROUND 58]
[2024-09-30 19:33:29,164][flwr][INFO] - configure_fit: strategy sampled 5 clients (out of 50)
[2024-09-30 19:34:23,297][flwr][INFO] - aggregate_fit: received 5 results and 0 failures
[2024-09-30 19:34:41,313][flwr][INFO] - fit progress: (58, 700.8087639454752, {'accuracy': 0.852924791086351}, 5147.884917716961)
[2024-09-30 19:34:41,313][flwr][INFO] - configure_evaluate: strategy sampled 2 clients (out of 50)
[2024-09-30 19:34:43,312][flwr][INFO] - aggregate_evaluate: received 2 results and 0 failures
[2024-09-30 19:34:43,312][flwr][INFO] - 
[2024-09-30 19:34:43,312][flwr][INFO] - [ROUND 59]
[2024-09-30 19:34:43,312][flwr][INFO] - configure_fit: strategy sampled 5 clients (out of 50)
[2024-09-30 19:35:50,344][flwr][INFO] - aggregate_fit: received 5 results and 0 failures
[2024-09-30 19:36:07,996][flwr][INFO] - fit progress: (59, 109.93724064901471, {'accuracy': 0.8825905292479108}, 5234.567796216346)
[2024-09-30 19:36:07,996][flwr][INFO] - configure_evaluate: strategy sampled 2 clients (out of 50)
[2024-09-30 19:36:10,086][flwr][INFO] - aggregate_evaluate: received 2 results and 0 failures
[2024-09-30 19:36:10,086][flwr][INFO] - 
[2024-09-30 19:36:10,086][flwr][INFO] - [ROUND 60]
[2024-09-30 19:36:10,086][flwr][INFO] - configure_fit: strategy sampled 5 clients (out of 50)
[2024-09-30 19:37:15,896][flwr][INFO] - aggregate_fit: received 5 results and 0 failures
[2024-09-30 19:37:33,759][flwr][INFO] - fit progress: (60, 160.421823464334, {'accuracy': 0.843175487465181}, 5320.331542195287)
[2024-09-30 19:37:33,760][flwr][INFO] - configure_evaluate: strategy sampled 2 clients (out of 50)
[2024-09-30 19:37:35,934][flwr][INFO] - aggregate_evaluate: received 2 results and 0 failures
[2024-09-30 19:37:35,934][flwr][INFO] - 
[2024-09-30 19:37:35,934][flwr][INFO] - [ROUND 61]
[2024-09-30 19:37:35,935][flwr][INFO] - configure_fit: strategy sampled 5 clients (out of 50)
[2024-09-30 19:39:04,540][flwr][INFO] - aggregate_fit: received 5 results and 0 failures
[2024-09-30 19:39:22,422][flwr][INFO] - fit progress: (61, 104.99474741891026, {'accuracy': 0.8841225626740947}, 5428.994618294295)
[2024-09-30 19:39:22,423][flwr][INFO] - configure_evaluate: strategy sampled 2 clients (out of 50)
[2024-09-30 19:39:24,518][flwr][INFO] - aggregate_evaluate: received 2 results and 0 failures
[2024-09-30 19:39:24,518][flwr][INFO] - 
[2024-09-30 19:39:24,518][flwr][INFO] - [ROUND 62]
[2024-09-30 19:39:24,519][flwr][INFO] - configure_fit: strategy sampled 5 clients (out of 50)
[2024-09-30 19:40:41,969][flwr][INFO] - aggregate_fit: received 5 results and 0 failures
[2024-09-30 19:40:59,441][flwr][INFO] - fit progress: (62, 131.90748385339975, {'accuracy': 0.8643454038997215}, 5526.01343190996)
[2024-09-30 19:40:59,442][flwr][INFO] - configure_evaluate: strategy sampled 2 clients (out of 50)
[2024-09-30 19:41:01,531][flwr][INFO] - aggregate_evaluate: received 2 results and 0 failures
[2024-09-30 19:41:01,531][flwr][INFO] - 
[2024-09-30 19:41:01,531][flwr][INFO] - [ROUND 63]
[2024-09-30 19:41:01,531][flwr][INFO] - configure_fit: strategy sampled 5 clients (out of 50)
[2024-09-30 19:41:52,909][flwr][INFO] - aggregate_fit: received 5 results and 0 failures
[2024-09-30 19:42:09,725][flwr][INFO] - fit progress: (63, 131.72417258284986, {'accuracy': 0.8828690807799443}, 5596.29760186933)
[2024-09-30 19:42:09,726][flwr][INFO] - configure_evaluate: strategy sampled 2 clients (out of 50)
[2024-09-30 19:42:12,284][flwr][INFO] - aggregate_evaluate: received 2 results and 0 failures
[2024-09-30 19:42:12,285][flwr][INFO] - 
[2024-09-30 19:42:12,285][flwr][INFO] - [ROUND 64]
[2024-09-30 19:42:12,285][flwr][INFO] - configure_fit: strategy sampled 5 clients (out of 50)
[2024-09-30 19:43:08,082][flwr][INFO] - aggregate_fit: received 5 results and 0 failures
[2024-09-30 19:43:24,619][flwr][INFO] - fit progress: (64, 120.93855156935751, {'accuracy': 0.871866295264624}, 5671.191729671322)
[2024-09-30 19:43:24,620][flwr][INFO] - configure_evaluate: strategy sampled 2 clients (out of 50)
[2024-09-30 19:43:26,923][flwr][INFO] - aggregate_evaluate: received 2 results and 0 failures
[2024-09-30 19:43:26,925][flwr][INFO] - 
[2024-09-30 19:43:26,925][flwr][INFO] - [ROUND 65]
[2024-09-30 19:43:26,926][flwr][INFO] - configure_fit: strategy sampled 5 clients (out of 50)
[2024-09-30 19:44:48,734][flwr][INFO] - aggregate_fit: received 5 results and 0 failures
[2024-09-30 19:45:05,158][flwr][INFO] - fit progress: (65, 159.54322323575616, {'accuracy': 0.8582172701949861}, 5771.730505192187)
[2024-09-30 19:45:05,159][flwr][INFO] - configure_evaluate: strategy sampled 2 clients (out of 50)
[2024-09-30 19:45:07,270][flwr][INFO] - aggregate_evaluate: received 2 results and 0 failures
[2024-09-30 19:45:07,270][flwr][INFO] - 
[2024-09-30 19:45:07,270][flwr][INFO] - [ROUND 66]
[2024-09-30 19:45:07,270][flwr][INFO] - configure_fit: strategy sampled 5 clients (out of 50)
[2024-09-30 19:46:14,284][flwr][INFO] - aggregate_fit: received 5 results and 0 failures
[2024-09-30 19:46:31,071][flwr][INFO] - fit progress: (66, 755.3278305307031, {'accuracy': 0.8664345403899721}, 5857.643564892933)
[2024-09-30 19:46:31,072][flwr][INFO] - configure_evaluate: strategy sampled 2 clients (out of 50)
[2024-09-30 19:46:33,214][flwr][INFO] - aggregate_evaluate: received 2 results and 0 failures
[2024-09-30 19:46:33,214][flwr][INFO] - 
[2024-09-30 19:46:33,214][flwr][INFO] - [ROUND 67]
[2024-09-30 19:46:33,214][flwr][INFO] - configure_fit: strategy sampled 5 clients (out of 50)
[2024-09-30 19:47:24,705][flwr][INFO] - aggregate_fit: received 5 results and 0 failures
[2024-09-30 19:47:42,379][flwr][INFO] - fit progress: (67, 381.1051532290876, {'accuracy': 0.8498607242339833}, 5928.9512931369245)
[2024-09-30 19:47:42,379][flwr][INFO] - configure_evaluate: strategy sampled 2 clients (out of 50)
[2024-09-30 19:47:44,414][flwr][INFO] - aggregate_evaluate: received 2 results and 0 failures
[2024-09-30 19:47:44,414][flwr][INFO] - 
[2024-09-30 19:47:44,414][flwr][INFO] - [ROUND 68]
[2024-09-30 19:47:44,414][flwr][INFO] - configure_fit: strategy sampled 5 clients (out of 50)
[2024-09-30 19:49:00,776][flwr][INFO] - aggregate_fit: received 5 results and 0 failures
[2024-09-30 19:49:18,775][flwr][INFO] - fit progress: (68, 146.6441776510328, {'accuracy': 0.8856545961002785}, 6025.3470878270455)
[2024-09-30 19:49:18,775][flwr][INFO] - configure_evaluate: strategy sampled 2 clients (out of 50)
[2024-09-30 19:49:20,776][flwr][INFO] - aggregate_evaluate: received 2 results and 0 failures
[2024-09-30 19:49:20,777][flwr][INFO] - 
[2024-09-30 19:49:20,777][flwr][INFO] - [ROUND 69]
[2024-09-30 19:49:20,777][flwr][INFO] - configure_fit: strategy sampled 5 clients (out of 50)
[2024-09-30 19:50:24,944][flwr][INFO] - aggregate_fit: received 5 results and 0 failures
[2024-09-30 19:50:41,912][flwr][INFO] - fit progress: (69, 1059.7874547727406, {'accuracy': 0.8784122562674095}, 6108.4839547979645)
[2024-09-30 19:50:41,912][flwr][INFO] - configure_evaluate: strategy sampled 2 clients (out of 50)
[2024-09-30 19:50:43,875][flwr][INFO] - aggregate_evaluate: received 2 results and 0 failures
[2024-09-30 19:50:43,875][flwr][INFO] - 
[2024-09-30 19:50:43,875][flwr][INFO] - [ROUND 70]
[2024-09-30 19:50:43,875][flwr][INFO] - configure_fit: strategy sampled 5 clients (out of 50)
[2024-09-30 19:51:48,492][flwr][INFO] - aggregate_fit: received 5 results and 0 failures
[2024-09-30 19:52:05,445][flwr][INFO] - fit progress: (70, 493.7839155588299, {'accuracy': 0.8635097493036211}, 6192.017120921984)
[2024-09-30 19:52:05,445][flwr][INFO] - configure_evaluate: strategy sampled 2 clients (out of 50)
[2024-09-30 19:52:07,552][flwr][INFO] - aggregate_evaluate: received 2 results and 0 failures
[2024-09-30 19:52:07,553][flwr][INFO] - 
[2024-09-30 19:52:07,553][flwr][INFO] - [ROUND 71]
[2024-09-30 19:52:07,553][flwr][INFO] - configure_fit: strategy sampled 5 clients (out of 50)
[2024-09-30 19:53:28,176][flwr][INFO] - aggregate_fit: received 5 results and 0 failures
[2024-09-30 19:53:46,225][flwr][INFO] - fit progress: (71, 432.5709240073338, {'accuracy': 0.8785515320334262}, 6292.797038971912)
[2024-09-30 19:53:46,225][flwr][INFO] - configure_evaluate: strategy sampled 2 clients (out of 50)
[2024-09-30 19:53:48,322][flwr][INFO] - aggregate_evaluate: received 2 results and 0 failures
[2024-09-30 19:53:48,323][flwr][INFO] - 
[2024-09-30 19:53:48,323][flwr][INFO] - [ROUND 72]
[2024-09-30 19:53:48,323][flwr][INFO] - configure_fit: strategy sampled 5 clients (out of 50)
[2024-09-30 19:55:01,562][flwr][INFO] - aggregate_fit: received 5 results and 0 failures
[2024-09-30 19:55:17,926][flwr][INFO] - fit progress: (72, 310.38241025432944, {'accuracy': 0.8696378830083565}, 6384.497860722244)
[2024-09-30 19:55:17,926][flwr][INFO] - configure_evaluate: strategy sampled 2 clients (out of 50)
[2024-09-30 19:55:20,025][flwr][INFO] - aggregate_evaluate: received 2 results and 0 failures
[2024-09-30 19:55:20,025][flwr][INFO] - 
[2024-09-30 19:55:20,025][flwr][INFO] - [ROUND 73]
[2024-09-30 19:55:20,025][flwr][INFO] - configure_fit: strategy sampled 5 clients (out of 50)
[2024-09-30 19:56:21,338][flwr][INFO] - aggregate_fit: received 5 results and 0 failures
[2024-09-30 19:56:39,456][flwr][INFO] - fit progress: (73, 2193.702605689876, {'accuracy': 0.8637883008356546}, 6466.028694841079)
[2024-09-30 19:56:39,457][flwr][INFO] - configure_evaluate: strategy sampled 2 clients (out of 50)
[2024-09-30 19:56:41,668][flwr][INFO] - aggregate_evaluate: received 2 results and 0 failures
[2024-09-30 19:56:41,668][flwr][INFO] - 
[2024-09-30 19:56:41,668][flwr][INFO] - [ROUND 74]
[2024-09-30 19:56:41,669][flwr][INFO] - configure_fit: strategy sampled 5 clients (out of 50)
[2024-09-30 19:58:14,839][flwr][INFO] - aggregate_fit: received 5 results and 0 failures
[2024-09-30 19:58:33,133][flwr][INFO] - fit progress: (74, 204.64197764359415, {'accuracy': 0.8685236768802228}, 6579.705525402911)
[2024-09-30 19:58:33,134][flwr][INFO] - configure_evaluate: strategy sampled 2 clients (out of 50)
[2024-09-30 19:58:35,262][flwr][INFO] - aggregate_evaluate: received 2 results and 0 failures
[2024-09-30 19:58:35,262][flwr][INFO] - 
[2024-09-30 19:58:35,262][flwr][INFO] - [ROUND 75]
[2024-09-30 19:58:35,262][flwr][INFO] - configure_fit: strategy sampled 5 clients (out of 50)
[2024-09-30 19:59:54,613][flwr][INFO] - aggregate_fit: received 5 results and 0 failures
[2024-09-30 20:00:10,985][flwr][INFO] - fit progress: (75, 107.78356740996242, {'accuracy': 0.8767409470752089}, 6677.556991589256)
[2024-09-30 20:00:10,985][flwr][INFO] - configure_evaluate: strategy sampled 2 clients (out of 50)
[2024-09-30 20:00:13,066][flwr][INFO] - aggregate_evaluate: received 2 results and 0 failures
[2024-09-30 20:00:13,067][flwr][INFO] - 
[2024-09-30 20:00:13,067][flwr][INFO] - [ROUND 76]
[2024-09-30 20:00:13,067][flwr][INFO] - configure_fit: strategy sampled 5 clients (out of 50)
[2024-09-30 20:01:33,613][flwr][INFO] - aggregate_fit: received 5 results and 0 failures
[2024-09-30 20:01:50,230][flwr][INFO] - fit progress: (76, 97.71289559081197, {'accuracy': 0.8903899721448468}, 6776.801971556153)
[2024-09-30 20:01:50,230][flwr][INFO] - configure_evaluate: strategy sampled 2 clients (out of 50)
[2024-09-30 20:01:52,091][flwr][INFO] - aggregate_evaluate: received 2 results and 0 failures
[2024-09-30 20:01:52,091][flwr][INFO] - 
[2024-09-30 20:01:52,091][flwr][INFO] - [ROUND 77]
[2024-09-30 20:01:52,091][flwr][INFO] - configure_fit: strategy sampled 5 clients (out of 50)
[2024-09-30 20:03:05,073][flwr][INFO] - aggregate_fit: received 5 results and 0 failures
[2024-09-30 20:03:21,684][flwr][INFO] - fit progress: (77, 126.68353382125497, {'accuracy': 0.8508356545961003}, 6868.25592447212)
[2024-09-30 20:03:21,684][flwr][INFO] - configure_evaluate: strategy sampled 2 clients (out of 50)
[2024-09-30 20:03:23,516][flwr][INFO] - aggregate_evaluate: received 2 results and 0 failures
[2024-09-30 20:03:23,517][flwr][INFO] - 
[2024-09-30 20:03:23,517][flwr][INFO] - [ROUND 78]
[2024-09-30 20:03:23,517][flwr][INFO] - configure_fit: strategy sampled 5 clients (out of 50)
[2024-09-30 20:04:23,882][flwr][INFO] - aggregate_fit: received 5 results and 0 failures
[2024-09-30 20:04:41,292][flwr][INFO] - fit progress: (78, 109.07956339046359, {'accuracy': 0.8784122562674095}, 6947.864299623296)
[2024-09-30 20:04:41,292][flwr][INFO] - configure_evaluate: strategy sampled 2 clients (out of 50)
[2024-09-30 20:04:43,799][flwr][INFO] - aggregate_evaluate: received 2 results and 0 failures
[2024-09-30 20:04:43,799][flwr][INFO] - 
[2024-09-30 20:04:43,799][flwr][INFO] - [ROUND 79]
[2024-09-30 20:04:43,799][flwr][INFO] - configure_fit: strategy sampled 5 clients (out of 50)
[2024-09-30 20:05:47,745][flwr][INFO] - aggregate_fit: received 5 results and 0 failures
[2024-09-30 20:06:04,869][flwr][INFO] - fit progress: (79, 145.89679073914886, {'accuracy': 0.856824512534819}, 7031.4409162011)
[2024-09-30 20:06:04,869][flwr][INFO] - configure_evaluate: strategy sampled 2 clients (out of 50)
[2024-09-30 20:06:06,536][flwr][INFO] - aggregate_evaluate: received 2 results and 0 failures
[2024-09-30 20:06:06,536][flwr][INFO] - 
[2024-09-30 20:06:06,536][flwr][INFO] - [ROUND 80]
[2024-09-30 20:06:06,536][flwr][INFO] - configure_fit: strategy sampled 5 clients (out of 50)
[2024-09-30 20:07:20,229][flwr][INFO] - aggregate_fit: received 5 results and 0 failures
[2024-09-30 20:07:36,934][flwr][INFO] - fit progress: (80, 107.30802942393348, {'accuracy': 0.8937325905292479}, 7123.506094911136)
[2024-09-30 20:07:36,934][flwr][INFO] - configure_evaluate: strategy sampled 2 clients (out of 50)
[2024-09-30 20:07:39,009][flwr][INFO] - aggregate_evaluate: received 2 results and 0 failures
[2024-09-30 20:07:39,009][flwr][INFO] - 
[2024-09-30 20:07:39,009][flwr][INFO] - [ROUND 81]
[2024-09-30 20:07:39,009][flwr][INFO] - configure_fit: strategy sampled 5 clients (out of 50)
[2024-09-30 20:08:34,800][flwr][INFO] - aggregate_fit: received 5 results and 0 failures
[2024-09-30 20:08:53,568][flwr][INFO] - fit progress: (81, 101.71126553788781, {'accuracy': 0.885933147632312}, 7200.140154442284)
[2024-09-30 20:08:53,568][flwr][INFO] - configure_evaluate: strategy sampled 2 clients (out of 50)
[2024-09-30 20:08:55,567][flwr][INFO] - aggregate_evaluate: received 2 results and 0 failures
[2024-09-30 20:08:55,569][flwr][INFO] - 
[2024-09-30 20:08:55,569][flwr][INFO] - [ROUND 82]
[2024-09-30 20:08:55,569][flwr][INFO] - configure_fit: strategy sampled 5 clients (out of 50)
[2024-09-30 20:10:20,318][flwr][INFO] - aggregate_fit: received 5 results and 0 failures
[2024-09-30 20:10:36,919][flwr][INFO] - fit progress: (82, 199.598165422678, {'accuracy': 0.8720055710306407}, 7303.490895909257)
[2024-09-30 20:10:36,919][flwr][INFO] - configure_evaluate: strategy sampled 2 clients (out of 50)
[2024-09-30 20:10:38,528][flwr][INFO] - aggregate_evaluate: received 2 results and 0 failures
[2024-09-30 20:10:38,529][flwr][INFO] - 
[2024-09-30 20:10:38,529][flwr][INFO] - [ROUND 83]
[2024-09-30 20:10:38,529][flwr][INFO] - configure_fit: strategy sampled 5 clients (out of 50)
[2024-09-30 20:11:37,930][flwr][INFO] - aggregate_fit: received 5 results and 0 failures
[2024-09-30 20:11:54,546][flwr][INFO] - fit progress: (83, 296.4125111270696, {'accuracy': 0.8655988857938719}, 7381.118704522029)
[2024-09-30 20:11:54,547][flwr][INFO] - configure_evaluate: strategy sampled 2 clients (out of 50)
[2024-09-30 20:11:56,532][flwr][INFO] - aggregate_evaluate: received 2 results and 0 failures
[2024-09-30 20:11:56,532][flwr][INFO] - 
[2024-09-30 20:11:56,532][flwr][INFO] - [ROUND 84]
[2024-09-30 20:11:56,532][flwr][INFO] - configure_fit: strategy sampled 5 clients (out of 50)
[2024-09-30 20:12:58,449][flwr][INFO] - aggregate_fit: received 5 results and 0 failures
[2024-09-30 20:13:15,232][flwr][INFO] - fit progress: (84, 142.5144136408344, {'accuracy': 0.8867688022284123}, 7461.804145100992)
[2024-09-30 20:13:15,232][flwr][INFO] - configure_evaluate: strategy sampled 2 clients (out of 50)
[2024-09-30 20:13:17,481][flwr][INFO] - aggregate_evaluate: received 2 results and 0 failures
[2024-09-30 20:13:17,481][flwr][INFO] - 
[2024-09-30 20:13:17,481][flwr][INFO] - [ROUND 85]
[2024-09-30 20:13:17,481][flwr][INFO] - configure_fit: strategy sampled 5 clients (out of 50)
[2024-09-30 20:14:25,067][flwr][INFO] - aggregate_fit: received 5 results and 0 failures
[2024-09-30 20:14:41,971][flwr][INFO] - fit progress: (85, 275.51400171406567, {'accuracy': 0.8733983286908078}, 7548.543757878244)
[2024-09-30 20:14:41,972][flwr][INFO] - configure_evaluate: strategy sampled 2 clients (out of 50)
[2024-09-30 20:14:44,110][flwr][INFO] - aggregate_evaluate: received 2 results and 0 failures
[2024-09-30 20:14:44,110][flwr][INFO] - 
[2024-09-30 20:14:44,110][flwr][INFO] - [ROUND 86]
[2024-09-30 20:14:44,110][flwr][INFO] - configure_fit: strategy sampled 5 clients (out of 50)
[2024-09-30 20:15:41,962][flwr][INFO] - aggregate_fit: received 5 results and 0 failures
[2024-09-30 20:15:58,401][flwr][INFO] - fit progress: (86, 203.2626427207142, {'accuracy': 0.8628133704735376}, 7624.973502838053)
[2024-09-30 20:15:58,402][flwr][INFO] - configure_evaluate: strategy sampled 2 clients (out of 50)
[2024-09-30 20:16:00,917][flwr][INFO] - aggregate_evaluate: received 2 results and 0 failures
[2024-09-30 20:16:00,917][flwr][INFO] - 
[2024-09-30 20:16:00,917][flwr][INFO] - [ROUND 87]
[2024-09-30 20:16:00,918][flwr][INFO] - configure_fit: strategy sampled 5 clients (out of 50)
[2024-09-30 20:17:11,952][flwr][INFO] - aggregate_fit: received 5 results and 0 failures
[2024-09-30 20:17:30,743][flwr][INFO] - fit progress: (87, 799.1487679108977, {'accuracy': 0.8384401114206128}, 7717.314900365192)
[2024-09-30 20:17:30,743][flwr][INFO] - configure_evaluate: strategy sampled 2 clients (out of 50)
[2024-09-30 20:17:32,946][flwr][INFO] - aggregate_evaluate: received 2 results and 0 failures
[2024-09-30 20:17:32,947][flwr][INFO] - 
[2024-09-30 20:17:32,947][flwr][INFO] - [ROUND 88]
[2024-09-30 20:17:32,947][flwr][INFO] - configure_fit: strategy sampled 5 clients (out of 50)
[2024-09-30 20:18:18,849][flwr][INFO] - aggregate_fit: received 5 results and 0 failures
[2024-09-30 20:18:37,668][flwr][INFO] - fit progress: (88, 103.76758611947298, {'accuracy': 0.8759052924791086}, 7784.240412062965)
[2024-09-30 20:18:37,669][flwr][INFO] - configure_evaluate: strategy sampled 2 clients (out of 50)
[2024-09-30 20:18:39,680][flwr][INFO] - aggregate_evaluate: received 2 results and 0 failures
[2024-09-30 20:18:39,681][flwr][INFO] - 
[2024-09-30 20:18:39,681][flwr][INFO] - [ROUND 89]
[2024-09-30 20:18:39,681][flwr][INFO] - configure_fit: strategy sampled 5 clients (out of 50)
[2024-09-30 20:20:14,119][flwr][INFO] - aggregate_fit: received 5 results and 0 failures
[2024-09-30 20:20:32,764][flwr][INFO] - fit progress: (89, 117.97673697769642, {'accuracy': 0.8837047353760445}, 7899.335986197926)
[2024-09-30 20:20:32,764][flwr][INFO] - configure_evaluate: strategy sampled 2 clients (out of 50)
[2024-09-30 20:20:35,142][flwr][INFO] - aggregate_evaluate: received 2 results and 0 failures
[2024-09-30 20:20:35,143][flwr][INFO] - 
[2024-09-30 20:20:35,143][flwr][INFO] - [ROUND 90]
[2024-09-30 20:20:35,143][flwr][INFO] - configure_fit: strategy sampled 5 clients (out of 50)
[2024-09-30 20:21:40,583][flwr][INFO] - aggregate_fit: received 5 results and 0 failures
[2024-09-30 20:21:59,094][flwr][INFO] - fit progress: (90, 728.7055737487972, {'accuracy': 0.846100278551532}, 7985.666654210072)
[2024-09-30 20:21:59,095][flwr][INFO] - configure_evaluate: strategy sampled 2 clients (out of 50)
[2024-09-30 20:22:01,045][flwr][INFO] - aggregate_evaluate: received 2 results and 0 failures
[2024-09-30 20:22:01,045][flwr][INFO] - 
[2024-09-30 20:22:01,045][flwr][INFO] - [ROUND 91]
[2024-09-30 20:22:01,045][flwr][INFO] - configure_fit: strategy sampled 5 clients (out of 50)
[2024-09-30 20:23:20,126][flwr][INFO] - aggregate_fit: received 5 results and 0 failures
[2024-09-30 20:23:38,888][flwr][INFO] - fit progress: (91, 133.74414272978902, {'accuracy': 0.8768802228412256}, 8085.4597665872425)
[2024-09-30 20:23:38,888][flwr][INFO] - configure_evaluate: strategy sampled 2 clients (out of 50)
[2024-09-30 20:23:41,040][flwr][INFO] - aggregate_evaluate: received 2 results and 0 failures
[2024-09-30 20:23:41,040][flwr][INFO] - 
[2024-09-30 20:23:41,040][flwr][INFO] - [ROUND 92]
[2024-09-30 20:23:41,040][flwr][INFO] - configure_fit: strategy sampled 5 clients (out of 50)
[2024-09-30 20:24:48,460][flwr][INFO] - aggregate_fit: received 5 results and 0 failures
[2024-09-30 20:25:07,483][flwr][INFO] - fit progress: (92, 554.4222247190773, {'accuracy': 0.8590529247910863}, 8174.055247230921)
[2024-09-30 20:25:07,484][flwr][INFO] - configure_evaluate: strategy sampled 2 clients (out of 50)
[2024-09-30 20:25:09,299][flwr][INFO] - aggregate_evaluate: received 2 results and 0 failures
[2024-09-30 20:25:09,300][flwr][INFO] - 
[2024-09-30 20:25:09,300][flwr][INFO] - [ROUND 93]
[2024-09-30 20:25:09,300][flwr][INFO] - configure_fit: strategy sampled 5 clients (out of 50)
[2024-09-30 20:26:24,721][flwr][INFO] - aggregate_fit: received 5 results and 0 failures
[2024-09-30 20:26:42,694][flwr][INFO] - fit progress: (93, 282.1657180543989, {'accuracy': 0.8711699164345403}, 8269.266317577101)
[2024-09-30 20:26:42,694][flwr][INFO] - configure_evaluate: strategy sampled 2 clients (out of 50)
[2024-09-30 20:26:44,613][flwr][INFO] - aggregate_evaluate: received 2 results and 0 failures
[2024-09-30 20:26:44,614][flwr][INFO] - 
[2024-09-30 20:26:44,614][flwr][INFO] - [ROUND 94]
[2024-09-30 20:26:44,614][flwr][INFO] - configure_fit: strategy sampled 5 clients (out of 50)
[2024-09-30 20:27:51,055][flwr][INFO] - aggregate_fit: received 5 results and 0 failures
[2024-09-30 20:28:08,584][flwr][INFO] - fit progress: (94, 281.1003955025226, {'accuracy': 0.8717270194986072}, 8355.156745396089)
[2024-09-30 20:28:08,585][flwr][INFO] - configure_evaluate: strategy sampled 2 clients (out of 50)
[2024-09-30 20:28:10,405][flwr][INFO] - aggregate_evaluate: received 2 results and 0 failures
[2024-09-30 20:28:10,405][flwr][INFO] - 
[2024-09-30 20:28:10,405][flwr][INFO] - [ROUND 95]
[2024-09-30 20:28:10,405][flwr][INFO] - configure_fit: strategy sampled 5 clients (out of 50)
[2024-09-30 20:29:14,005][flwr][INFO] - aggregate_fit: received 5 results and 0 failures
[2024-09-30 20:29:32,086][flwr][INFO] - fit progress: (95, 624.1728081554174, {'accuracy': 0.8760445682451253}, 8438.658751586918)
[2024-09-30 20:29:32,087][flwr][INFO] - configure_evaluate: strategy sampled 2 clients (out of 50)
[2024-09-30 20:29:34,066][flwr][INFO] - aggregate_evaluate: received 2 results and 0 failures
[2024-09-30 20:29:34,066][flwr][INFO] - 
[2024-09-30 20:29:34,066][flwr][INFO] - [ROUND 96]
[2024-09-30 20:29:34,067][flwr][INFO] - configure_fit: strategy sampled 5 clients (out of 50)
[2024-09-30 20:30:39,526][flwr][INFO] - aggregate_fit: received 5 results and 0 failures
[2024-09-30 20:30:57,501][flwr][INFO] - fit progress: (96, 442.78292864374816, {'accuracy': 0.8662952646239555}, 8524.073142467998)
[2024-09-30 20:30:57,501][flwr][INFO] - configure_evaluate: strategy sampled 2 clients (out of 50)
[2024-09-30 20:30:59,510][flwr][INFO] - aggregate_evaluate: received 2 results and 0 failures
[2024-09-30 20:30:59,510][flwr][INFO] - 
[2024-09-30 20:30:59,510][flwr][INFO] - [ROUND 97]
[2024-09-30 20:30:59,511][flwr][INFO] - configure_fit: strategy sampled 5 clients (out of 50)
[2024-09-30 20:32:19,387][flwr][INFO] - aggregate_fit: received 5 results and 0 failures
[2024-09-30 20:32:37,402][flwr][INFO] - fit progress: (97, 626.6971930935979, {'accuracy': 0.8639275766016713}, 8623.974507187959)
[2024-09-30 20:32:37,403][flwr][INFO] - configure_evaluate: strategy sampled 2 clients (out of 50)
[2024-09-30 20:32:39,290][flwr][INFO] - aggregate_evaluate: received 2 results and 0 failures
[2024-09-30 20:32:39,291][flwr][INFO] - 
[2024-09-30 20:32:39,291][flwr][INFO] - [ROUND 98]
[2024-09-30 20:32:39,291][flwr][INFO] - configure_fit: strategy sampled 5 clients (out of 50)
[2024-09-30 20:33:40,348][flwr][INFO] - aggregate_fit: received 5 results and 0 failures
[2024-09-30 20:33:58,493][flwr][INFO] - fit progress: (98, 2901.560956247151, {'accuracy': 0.8642061281337048}, 8705.064770393074)
[2024-09-30 20:33:58,493][flwr][INFO] - configure_evaluate: strategy sampled 2 clients (out of 50)
[2024-09-30 20:34:00,406][flwr][INFO] - aggregate_evaluate: received 2 results and 0 failures
[2024-09-30 20:34:00,407][flwr][INFO] - 
[2024-09-30 20:34:00,408][flwr][INFO] - [ROUND 99]
[2024-09-30 20:34:00,409][flwr][INFO] - configure_fit: strategy sampled 5 clients (out of 50)
[2024-09-30 20:35:23,479][flwr][INFO] - aggregate_fit: received 5 results and 0 failures
[2024-09-30 20:35:40,586][flwr][INFO] - fit progress: (99, 894.831861032173, {'accuracy': 0.8646239554317549}, 8807.158276566304)
[2024-09-30 20:35:40,587][flwr][INFO] - configure_evaluate: strategy sampled 2 clients (out of 50)
[2024-09-30 20:35:42,590][flwr][INFO] - aggregate_evaluate: received 2 results and 0 failures
[2024-09-30 20:35:42,591][flwr][INFO] - 
[2024-09-30 20:35:42,591][flwr][INFO] - [ROUND 100]
[2024-09-30 20:35:42,591][flwr][INFO] - configure_fit: strategy sampled 5 clients (out of 50)
[2024-09-30 20:36:47,688][flwr][INFO] - aggregate_fit: received 5 results and 0 failures
[2024-09-30 20:37:05,273][flwr][INFO] - fit progress: (100, 920.6966754999012, {'accuracy': 0.8626740947075209}, 8891.845334244892)
[2024-09-30 20:37:05,273][flwr][INFO] - configure_evaluate: strategy sampled 2 clients (out of 50)
[2024-09-30 20:37:07,225][flwr][INFO] - aggregate_evaluate: received 2 results and 0 failures
[2024-09-30 20:37:07,231][flwr][INFO] - 
[2024-09-30 20:37:07,231][flwr][INFO] - [SUMMARY]
[2024-09-30 20:37:07,231][flwr][INFO] - Run finished 100 round(s) in 8893.80s
[2024-09-30 20:37:07,234][flwr][INFO] - 	History (loss, distributed):
[2024-09-30 20:37:07,234][flwr][INFO] - 		round 1: 5.52436730159525
[2024-09-30 20:37:07,234][flwr][INFO] - 		round 2: 2.602017919106664
[2024-09-30 20:37:07,234][flwr][INFO] - 		round 3: 1.333710905752684
[2024-09-30 20:37:07,234][flwr][INFO] - 		round 4: 1.4809969859071541
[2024-09-30 20:37:07,234][flwr][INFO] - 		round 5: 2.4176281930395143
[2024-09-30 20:37:07,234][flwr][INFO] - 		round 6: 1.0162339430283662
[2024-09-30 20:37:07,234][flwr][INFO] - 		round 7: 0.9153328352339327
[2024-09-30 20:37:07,235][flwr][INFO] - 		round 8: 0.9620824266835598
[2024-09-30 20:37:07,235][flwr][INFO] - 		round 9: 2.0704288424609545
[2024-09-30 20:37:07,235][flwr][INFO] - 		round 10: 1.227520522395921
[2024-09-30 20:37:07,235][flwr][INFO] - 		round 11: 0.8737680486024972
[2024-09-30 20:37:07,235][flwr][INFO] - 		round 12: 1.0556745065836817
[2024-09-30 20:37:07,235][flwr][INFO] - 		round 13: 1.11656786410612
[2024-09-30 20:37:07,235][flwr][INFO] - 		round 14: 0.6780153214931488
[2024-09-30 20:37:07,235][flwr][INFO] - 		round 15: 0.6964622763331961
[2024-09-30 20:37:07,235][flwr][INFO] - 		round 16: 1.6693160066810937
[2024-09-30 20:37:07,235][flwr][INFO] - 		round 17: 0.5758368415702687
[2024-09-30 20:37:07,235][flwr][INFO] - 		round 18: 1.1624604494170436
[2024-09-30 20:37:07,235][flwr][INFO] - 		round 19: 1.1058985999296487
[2024-09-30 20:37:07,235][flwr][INFO] - 		round 20: 0.7109045233045306
[2024-09-30 20:37:07,235][flwr][INFO] - 		round 21: 1.2001850112433727
[2024-09-30 20:37:07,235][flwr][INFO] - 		round 22: 1.0874333975256467
[2024-09-30 20:37:07,235][flwr][INFO] - 		round 23: 2.3686027359217405
[2024-09-30 20:37:07,235][flwr][INFO] - 		round 24: 0.8141140413025151
[2024-09-30 20:37:07,235][flwr][INFO] - 		round 25: 1.0152926092994385
[2024-09-30 20:37:07,235][flwr][INFO] - 		round 26: 1.3891127812796413
[2024-09-30 20:37:07,235][flwr][INFO] - 		round 27: 1.1310675799613819
[2024-09-30 20:37:07,235][flwr][INFO] - 		round 28: 1.738502684556255
[2024-09-30 20:37:07,235][flwr][INFO] - 		round 29: 2.718847853507636
[2024-09-30 20:37:07,236][flwr][INFO] - 		round 30: 1.142593276219648
[2024-09-30 20:37:07,236][flwr][INFO] - 		round 31: 2.3895141680847924
[2024-09-30 20:37:07,236][flwr][INFO] - 		round 32: 1.0223568471822333
[2024-09-30 20:37:07,236][flwr][INFO] - 		round 33: 0.9501089806789937
[2024-09-30 20:37:07,236][flwr][INFO] - 		round 34: 0.6644901542952566
[2024-09-30 20:37:07,236][flwr][INFO] - 		round 35: 0.6085660949672463
[2024-09-30 20:37:07,236][flwr][INFO] - 		round 36: 4.574493126930111
[2024-09-30 20:37:07,236][flwr][INFO] - 		round 37: 4.319481141226632
[2024-09-30 20:37:07,236][flwr][INFO] - 		round 38: 1.1743141168897802
[2024-09-30 20:37:07,236][flwr][INFO] - 		round 39: 1.7601082457584436
[2024-09-30 20:37:07,236][flwr][INFO] - 		round 40: 0.6154917898039295
[2024-09-30 20:37:07,236][flwr][INFO] - 		round 41: 2.096481243795678
[2024-09-30 20:37:07,236][flwr][INFO] - 		round 42: 1.7062570559805719
[2024-09-30 20:37:07,236][flwr][INFO] - 		round 43: 0.9070238553139628
[2024-09-30 20:37:07,236][flwr][INFO] - 		round 44: 1.746680247394935
[2024-09-30 20:37:07,236][flwr][INFO] - 		round 45: 2.0621713948917146
[2024-09-30 20:37:07,236][flwr][INFO] - 		round 46: 3.101678525026028
[2024-09-30 20:37:07,236][flwr][INFO] - 		round 47: 1.0926974881277487
[2024-09-30 20:37:07,236][flwr][INFO] - 		round 48: 3.6111156418919563
[2024-09-30 20:37:07,236][flwr][INFO] - 		round 49: 1.6449225353328196
[2024-09-30 20:37:07,236][flwr][INFO] - 		round 50: 4.175729483451652
[2024-09-30 20:37:07,236][flwr][INFO] - 		round 51: 2.5489098791565215
[2024-09-30 20:37:07,236][flwr][INFO] - 		round 52: 1.5155300498008728
[2024-09-30 20:37:07,237][flwr][INFO] - 		round 53: 1.5066317540194307
[2024-09-30 20:37:07,237][flwr][INFO] - 		round 54: 2.0021078609924876
[2024-09-30 20:37:07,237][flwr][INFO] - 		round 55: 0.5579159900856515
[2024-09-30 20:37:07,237][flwr][INFO] - 		round 56: 0.36386634004598406
[2024-09-30 20:37:07,237][flwr][INFO] - 		round 57: 12.423788027959235
[2024-09-30 20:37:07,237][flwr][INFO] - 		round 58: 2.915918935864256
[2024-09-30 20:37:07,237][flwr][INFO] - 		round 59: 1.2036946658818226
[2024-09-30 20:37:07,237][flwr][INFO] - 		round 60: 2.7563938560350887
[2024-09-30 20:37:07,237][flwr][INFO] - 		round 61: 0.8677010154911987
[2024-09-30 20:37:07,237][flwr][INFO] - 		round 62: 0.6720467080698588
[2024-09-30 20:37:07,237][flwr][INFO] - 		round 63: 3.659225116091936
[2024-09-30 20:37:07,237][flwr][INFO] - 		round 64: 1.5151448231067088
[2024-09-30 20:37:07,237][flwr][INFO] - 		round 65: 0.8489075598242642
[2024-09-30 20:37:07,237][flwr][INFO] - 		round 66: 1.433202062351295
[2024-09-30 20:37:07,237][flwr][INFO] - 		round 67: 5.198607198216698
[2024-09-30 20:37:07,237][flwr][INFO] - 		round 68: 1.8784691393375397
[2024-09-30 20:37:07,237][flwr][INFO] - 		round 69: 1.187431619530267
[2024-09-30 20:37:07,237][flwr][INFO] - 		round 70: 1.3728644466057371
[2024-09-30 20:37:07,237][flwr][INFO] - 		round 71: 1.4617584233025187
[2024-09-30 20:37:07,237][flwr][INFO] - 		round 72: 0.9200206357393304
[2024-09-30 20:37:07,237][flwr][INFO] - 		round 73: 1.2318883125374958
[2024-09-30 20:37:07,237][flwr][INFO] - 		round 74: 1.2178759004799995
[2024-09-30 20:37:07,238][flwr][INFO] - 		round 75: 0.4304635002974819
[2024-09-30 20:37:07,238][flwr][INFO] - 		round 76: 1.0329728088299044
[2024-09-30 20:37:07,238][flwr][INFO] - 		round 77: 0.9802823066711426
[2024-09-30 20:37:07,238][flwr][INFO] - 		round 78: 2.2105702907041835
[2024-09-30 20:37:07,238][flwr][INFO] - 		round 79: 0.4515266254305202
[2024-09-30 20:37:07,238][flwr][INFO] - 		round 80: 0.8285382610865129
[2024-09-30 20:37:07,238][flwr][INFO] - 		round 81: 0.8420660775848651
[2024-09-30 20:37:07,238][flwr][INFO] - 		round 82: 1.1378404776821482
[2024-09-30 20:37:07,238][flwr][INFO] - 		round 83: 7.212370798713406
[2024-09-30 20:37:07,238][flwr][INFO] - 		round 84: 2.6145424193885503
[2024-09-30 20:37:07,238][flwr][INFO] - 		round 85: 1.0448803071028148
[2024-09-30 20:37:07,238][flwr][INFO] - 		round 86: 3.7863329250710276
[2024-09-30 20:37:07,238][flwr][INFO] - 		round 87: 12.430600604575167
[2024-09-30 20:37:07,238][flwr][INFO] - 		round 88: 0.8855880810639399
[2024-09-30 20:37:07,238][flwr][INFO] - 		round 89: 1.5114692863210815
[2024-09-30 20:37:07,238][flwr][INFO] - 		round 90: 6.82297521610009
[2024-09-30 20:37:07,238][flwr][INFO] - 		round 91: 2.005220228144206
[2024-09-30 20:37:07,238][flwr][INFO] - 		round 92: 3.492663766656603
[2024-09-30 20:37:07,238][flwr][INFO] - 		round 93: 1.135684964573774
[2024-09-30 20:37:07,238][flwr][INFO] - 		round 94: 0.9873226860318659
[2024-09-30 20:37:07,238][flwr][INFO] - 		round 95: 0.8929779717971564
[2024-09-30 20:37:07,238][flwr][INFO] - 		round 96: 1.2341179312828698
[2024-09-30 20:37:07,238][flwr][INFO] - 		round 97: 1.3474770229641755
[2024-09-30 20:37:07,239][flwr][INFO] - 		round 98: 45.26713778560522
[2024-09-30 20:37:07,239][flwr][INFO] - 		round 99: 2.0280621865539685
[2024-09-30 20:37:07,239][flwr][INFO] - 		round 100: 0.8397589901985686
[2024-09-30 20:37:07,239][flwr][INFO] - 	History (loss, centralized):
[2024-09-30 20:37:07,239][flwr][INFO] - 		round 0: 498.5612428188324
[2024-09-30 20:37:07,239][flwr][INFO] - 		round 1: 396.4136393070221
[2024-09-30 20:37:07,239][flwr][INFO] - 		round 2: 194.63828283548355
[2024-09-30 20:37:07,239][flwr][INFO] - 		round 3: 159.26942083239555
[2024-09-30 20:37:07,239][flwr][INFO] - 		round 4: 111.01128226518631
[2024-09-30 20:37:07,239][flwr][INFO] - 		round 5: 137.81421008706093
[2024-09-30 20:37:07,239][flwr][INFO] - 		round 6: 96.88139353692532
[2024-09-30 20:37:07,239][flwr][INFO] - 		round 7: 106.1205631121993
[2024-09-30 20:37:07,239][flwr][INFO] - 		round 8: 83.93500273674726
[2024-09-30 20:37:07,239][flwr][INFO] - 		round 9: 90.16602215915918
[2024-09-30 20:37:07,239][flwr][INFO] - 		round 10: 86.43239187449217
[2024-09-30 20:37:07,239][flwr][INFO] - 		round 11: 88.45227655768394
[2024-09-30 20:37:07,239][flwr][INFO] - 		round 12: 92.58419091999531
[2024-09-30 20:37:07,239][flwr][INFO] - 		round 13: 105.54884161800146
[2024-09-30 20:37:07,239][flwr][INFO] - 		round 14: 97.00277156382799
[2024-09-30 20:37:07,239][flwr][INFO] - 		round 15: 94.18607809767127
[2024-09-30 20:37:07,239][flwr][INFO] - 		round 16: 105.22541791200638
[2024-09-30 20:37:07,239][flwr][INFO] - 		round 17: 89.16943708062172
[2024-09-30 20:37:07,240][flwr][INFO] - 		round 18: 101.70645695179701
[2024-09-30 20:37:07,240][flwr][INFO] - 		round 19: 92.41969349235296
[2024-09-30 20:37:07,240][flwr][INFO] - 		round 20: 89.06124801933765
[2024-09-30 20:37:07,240][flwr][INFO] - 		round 21: 102.945885412395
[2024-09-30 20:37:07,240][flwr][INFO] - 		round 22: 101.55603384971619
[2024-09-30 20:37:07,240][flwr][INFO] - 		round 23: 99.75174767151475
[2024-09-30 20:37:07,240][flwr][INFO] - 		round 24: 91.87613957375288
[2024-09-30 20:37:07,240][flwr][INFO] - 		round 25: 117.46003820374608
[2024-09-30 20:37:07,240][flwr][INFO] - 		round 26: 132.57899135164917
[2024-09-30 20:37:07,240][flwr][INFO] - 		round 27: 295.3678371720016
[2024-09-30 20:37:07,240][flwr][INFO] - 		round 28: 2554.0470706466585
[2024-09-30 20:37:07,240][flwr][INFO] - 		round 29: 613.1845105122775
[2024-09-30 20:37:07,240][flwr][INFO] - 		round 30: 374.5172925274819
[2024-09-30 20:37:07,240][flwr][INFO] - 		round 31: 428.22221897542477
[2024-09-30 20:37:07,240][flwr][INFO] - 		round 32: 82.26392003148794
[2024-09-30 20:37:07,240][flwr][INFO] - 		round 33: 111.88810731470585
[2024-09-30 20:37:07,240][flwr][INFO] - 		round 34: 94.53443391621113
[2024-09-30 20:37:07,240][flwr][INFO] - 		round 35: 99.37401952967048
[2024-09-30 20:37:07,240][flwr][INFO] - 		round 36: 408.1921764910221
[2024-09-30 20:37:07,240][flwr][INFO] - 		round 37: 204.5014486387372
[2024-09-30 20:37:07,240][flwr][INFO] - 		round 38: 82.91023579984903
[2024-09-30 20:37:07,240][flwr][INFO] - 		round 39: 96.7208429761231
[2024-09-30 20:37:07,240][flwr][INFO] - 		round 40: 130.2213064543903
[2024-09-30 20:37:07,241][flwr][INFO] - 		round 41: 500.9397789351642
[2024-09-30 20:37:07,241][flwr][INFO] - 		round 42: 197.61812464520335
[2024-09-30 20:37:07,241][flwr][INFO] - 		round 43: 87.93423684313893
[2024-09-30 20:37:07,241][flwr][INFO] - 		round 44: 188.63389058597386
[2024-09-30 20:37:07,241][flwr][INFO] - 		round 45: 103.19186947494745
[2024-09-30 20:37:07,241][flwr][INFO] - 		round 46: 318.33566768467426
[2024-09-30 20:37:07,241][flwr][INFO] - 		round 47: 139.75815686956048
[2024-09-30 20:37:07,241][flwr][INFO] - 		round 48: 112.38506895303726
[2024-09-30 20:37:07,241][flwr][INFO] - 		round 49: 165.10003603249788
[2024-09-30 20:37:07,241][flwr][INFO] - 		round 50: 215.7044240180403
[2024-09-30 20:37:07,241][flwr][INFO] - 		round 51: 107.6865088865161
[2024-09-30 20:37:07,241][flwr][INFO] - 		round 52: 505.256780192256
[2024-09-30 20:37:07,241][flwr][INFO] - 		round 53: 142.8866599369794
[2024-09-30 20:37:07,241][flwr][INFO] - 		round 54: 124.60976399481297
[2024-09-30 20:37:07,241][flwr][INFO] - 		round 55: 153.71344254165888
[2024-09-30 20:37:07,241][flwr][INFO] - 		round 56: 94.01943863253109
[2024-09-30 20:37:07,241][flwr][INFO] - 		round 57: 768.7696771472692
[2024-09-30 20:37:07,241][flwr][INFO] - 		round 58: 700.8087639454752
[2024-09-30 20:37:07,241][flwr][INFO] - 		round 59: 109.93724064901471
[2024-09-30 20:37:07,241][flwr][INFO] - 		round 60: 160.421823464334
[2024-09-30 20:37:07,241][flwr][INFO] - 		round 61: 104.99474741891026
[2024-09-30 20:37:07,242][flwr][INFO] - 		round 62: 131.90748385339975
[2024-09-30 20:37:07,242][flwr][INFO] - 		round 63: 131.72417258284986
[2024-09-30 20:37:07,242][flwr][INFO] - 		round 64: 120.93855156935751
[2024-09-30 20:37:07,242][flwr][INFO] - 		round 65: 159.54322323575616
[2024-09-30 20:37:07,242][flwr][INFO] - 		round 66: 755.3278305307031
[2024-09-30 20:37:07,242][flwr][INFO] - 		round 67: 381.1051532290876
[2024-09-30 20:37:07,242][flwr][INFO] - 		round 68: 146.6441776510328
[2024-09-30 20:37:07,242][flwr][INFO] - 		round 69: 1059.7874547727406
[2024-09-30 20:37:07,242][flwr][INFO] - 		round 70: 493.7839155588299
[2024-09-30 20:37:07,242][flwr][INFO] - 		round 71: 432.5709240073338
[2024-09-30 20:37:07,242][flwr][INFO] - 		round 72: 310.38241025432944
[2024-09-30 20:37:07,242][flwr][INFO] - 		round 73: 2193.702605689876
[2024-09-30 20:37:07,242][flwr][INFO] - 		round 74: 204.64197764359415
[2024-09-30 20:37:07,242][flwr][INFO] - 		round 75: 107.78356740996242
[2024-09-30 20:37:07,242][flwr][INFO] - 		round 76: 97.71289559081197
[2024-09-30 20:37:07,242][flwr][INFO] - 		round 77: 126.68353382125497
[2024-09-30 20:37:07,242][flwr][INFO] - 		round 78: 109.07956339046359
[2024-09-30 20:37:07,242][flwr][INFO] - 		round 79: 145.89679073914886
[2024-09-30 20:37:07,242][flwr][INFO] - 		round 80: 107.30802942393348
[2024-09-30 20:37:07,242][flwr][INFO] - 		round 81: 101.71126553788781
[2024-09-30 20:37:07,242][flwr][INFO] - 		round 82: 199.598165422678
[2024-09-30 20:37:07,242][flwr][INFO] - 		round 83: 296.4125111270696
[2024-09-30 20:37:07,242][flwr][INFO] - 		round 84: 142.5144136408344
[2024-09-30 20:37:07,243][flwr][INFO] - 		round 85: 275.51400171406567
[2024-09-30 20:37:07,243][flwr][INFO] - 		round 86: 203.2626427207142
[2024-09-30 20:37:07,243][flwr][INFO] - 		round 87: 799.1487679108977
[2024-09-30 20:37:07,243][flwr][INFO] - 		round 88: 103.76758611947298
[2024-09-30 20:37:07,243][flwr][INFO] - 		round 89: 117.97673697769642
[2024-09-30 20:37:07,243][flwr][INFO] - 		round 90: 728.7055737487972
[2024-09-30 20:37:07,243][flwr][INFO] - 		round 91: 133.74414272978902
[2024-09-30 20:37:07,243][flwr][INFO] - 		round 92: 554.4222247190773
[2024-09-30 20:37:07,243][flwr][INFO] - 		round 93: 282.1657180543989
[2024-09-30 20:37:07,243][flwr][INFO] - 		round 94: 281.1003955025226
[2024-09-30 20:37:07,243][flwr][INFO] - 		round 95: 624.1728081554174
[2024-09-30 20:37:07,243][flwr][INFO] - 		round 96: 442.78292864374816
[2024-09-30 20:37:07,243][flwr][INFO] - 		round 97: 626.6971930935979
[2024-09-30 20:37:07,243][flwr][INFO] - 		round 98: 2901.560956247151
[2024-09-30 20:37:07,243][flwr][INFO] - 		round 99: 894.831861032173
[2024-09-30 20:37:07,243][flwr][INFO] - 		round 100: 920.6966754999012
[2024-09-30 20:37:07,243][flwr][INFO] - 	History (metrics, distributed, evaluate):
[2024-09-30 20:37:07,243][flwr][INFO] - 	{'accuracy': [(1, 0.49838187702265374),
[2024-09-30 20:37:07,243][flwr][INFO] - 	              (2, 0.7259475218658892),
[2024-09-30 20:37:07,243][flwr][INFO] - 	              (3, 0.8830409356725146),
[2024-09-30 20:37:07,243][flwr][INFO] - 	              (4, 0.8590785907859079),
[2024-09-30 20:37:07,243][flwr][INFO] - 	              (5, 0.7583547557840618),
[2024-09-30 20:37:07,243][flwr][INFO] - 	              (6, 0.9371859296482412),
[2024-09-30 20:37:07,244][flwr][INFO] - 	              (7, 0.8790035587188612),
[2024-09-30 20:37:07,244][flwr][INFO] - 	              (8, 0.8963210702341137),
[2024-09-30 20:37:07,244][flwr][INFO] - 	              (9, 0.8077922077922078),
[2024-09-30 20:37:07,244][flwr][INFO] - 	              (10, 0.9049429657794676),
[2024-09-30 20:37:07,244][flwr][INFO] - 	              (11, 0.8876080691642652),
[2024-09-30 20:37:07,244][flwr][INFO] - 	              (12, 0.9225806451612903),
[2024-09-30 20:37:07,244][flwr][INFO] - 	              (13, 0.8709677419354839),
[2024-09-30 20:37:07,244][flwr][INFO] - 	              (14, 0.8935185185185185),
[2024-09-30 20:37:07,244][flwr][INFO] - 	              (15, 0.927536231884058),
[2024-09-30 20:37:07,244][flwr][INFO] - 	              (16, 0.8677884615384616),
[2024-09-30 20:37:07,244][flwr][INFO] - 	              (17, 0.905940594059406),
[2024-09-30 20:37:07,244][flwr][INFO] - 	              (18, 0.8798882681564246),
[2024-09-30 20:37:07,244][flwr][INFO] - 	              (19, 0.8680351906158358),
[2024-09-30 20:37:07,244][flwr][INFO] - 	              (20, 0.8892857142857142),
[2024-09-30 20:37:07,244][flwr][INFO] - 	              (21, 0.8739946380697051),
[2024-09-30 20:37:07,244][flwr][INFO] - 	              (22, 0.9311475409836065),
[2024-09-30 20:37:07,244][flwr][INFO] - 	              (23, 0.853448275862069),
[2024-09-30 20:37:07,244][flwr][INFO] - 	              (24, 0.9043478260869565),
[2024-09-30 20:37:07,244][flwr][INFO] - 	              (25, 0.893719806763285),
[2024-09-30 20:37:07,244][flwr][INFO] - 	              (26, 0.9280442804428044),
[2024-09-30 20:37:07,244][flwr][INFO] - 	              (27, 0.927734375),
[2024-09-30 20:37:07,244][flwr][INFO] - 	              (28, 0.9257731958762887),
[2024-09-30 20:37:07,245][flwr][INFO] - 	              (29, 0.909433962264151),
[2024-09-30 20:37:07,245][flwr][INFO] - 	              (30, 0.8932384341637011),
[2024-09-30 20:37:07,245][flwr][INFO] - 	              (31, 0.8773584905660378),
[2024-09-30 20:37:07,245][flwr][INFO] - 	              (32, 0.9122340425531915),
[2024-09-30 20:37:07,245][flwr][INFO] - 	              (33, 0.8840579710144928),
[2024-09-30 20:37:07,245][flwr][INFO] - 	              (34, 0.9047619047619048),
[2024-09-30 20:37:07,245][flwr][INFO] - 	              (35, 0.924119241192412),
[2024-09-30 20:37:07,245][flwr][INFO] - 	              (36, 0.8795620437956204),
[2024-09-30 20:37:07,245][flwr][INFO] - 	              (37, 0.8623376623376623),
[2024-09-30 20:37:07,245][flwr][INFO] - 	              (38, 0.9288537549407114),
[2024-09-30 20:37:07,245][flwr][INFO] - 	              (39, 0.8979206049149339),
[2024-09-30 20:37:07,245][flwr][INFO] - 	              (40, 0.9178082191780822),
[2024-09-30 20:37:07,245][flwr][INFO] - 	              (41, 0.9045092838196287),
[2024-09-30 20:37:07,245][flwr][INFO] - 	              (42, 0.8840579710144928),
[2024-09-30 20:37:07,245][flwr][INFO] - 	              (43, 0.891156462585034),
[2024-09-30 20:37:07,245][flwr][INFO] - 	              (44, 0.8173913043478261),
[2024-09-30 20:37:07,245][flwr][INFO] - 	              (45, 0.8880407124681934),
[2024-09-30 20:37:07,245][flwr][INFO] - 	              (46, 0.9020979020979021),
[2024-09-30 20:37:07,245][flwr][INFO] - 	              (47, 0.8862973760932945),
[2024-09-30 20:37:07,245][flwr][INFO] - 	              (48, 0.8779342723004695),
[2024-09-30 20:37:07,245][flwr][INFO] - 	              (49, 0.8876404494382022),
[2024-09-30 20:37:07,245][flwr][INFO] - 	              (50, 0.9396551724137931),
[2024-09-30 20:37:07,246][flwr][INFO] - 	              (51, 0.9057142857142857),
[2024-09-30 20:37:07,246][flwr][INFO] - 	              (52, 0.8782051282051282),
[2024-09-30 20:37:07,246][flwr][INFO] - 	              (53, 0.8928571428571429),
[2024-09-30 20:37:07,246][flwr][INFO] - 	              (54, 0.8256130790190735),
[2024-09-30 20:37:07,246][flwr][INFO] - 	              (55, 0.9361111111111111),
[2024-09-30 20:37:07,246][flwr][INFO] - 	              (56, 0.9508670520231214),
[2024-09-30 20:37:07,246][flwr][INFO] - 	              (57, 0.886685552407932),
[2024-09-30 20:37:07,246][flwr][INFO] - 	              (58, 0.9002770083102493),
[2024-09-30 20:37:07,246][flwr][INFO] - 	              (59, 0.8603773584905661),
[2024-09-30 20:37:07,246][flwr][INFO] - 	              (60, 0.8915094339622641),
[2024-09-30 20:37:07,246][flwr][INFO] - 	              (61, 0.9169054441260746),
[2024-09-30 20:37:07,246][flwr][INFO] - 	              (62, 0.9293193717277487),
[2024-09-30 20:37:07,246][flwr][INFO] - 	              (63, 0.88125),
[2024-09-30 20:37:07,246][flwr][INFO] - 	              (64, 0.9072847682119205),
[2024-09-30 20:37:07,246][flwr][INFO] - 	              (65, 0.9130434782608695),
[2024-09-30 20:37:07,246][flwr][INFO] - 	              (66, 0.9083665338645418),
[2024-09-30 20:37:07,246][flwr][INFO] - 	              (67, 0.9379157427937915),
[2024-09-30 20:37:07,246][flwr][INFO] - 	              (68, 0.9102040816326531),
[2024-09-30 20:37:07,246][flwr][INFO] - 	              (69, 0.8935643564356436),
[2024-09-30 20:37:07,246][flwr][INFO] - 	              (70, 0.9105431309904153),
[2024-09-30 20:37:07,246][flwr][INFO] - 	              (71, 0.9368421052631579),
[2024-09-30 20:37:07,246][flwr][INFO] - 	              (72, 0.9353099730458221),
[2024-09-30 20:37:07,246][flwr][INFO] - 	              (73, 0.9658536585365853),
[2024-09-30 20:37:07,247][flwr][INFO] - 	              (74, 0.8935185185185185),
[2024-09-30 20:37:07,247][flwr][INFO] - 	              (75, 0.9528301886792453),
[2024-09-30 20:37:07,247][flwr][INFO] - 	              (76, 0.8823529411764706),
[2024-09-30 20:37:07,247][flwr][INFO] - 	              (77, 0.9076923076923077),
[2024-09-30 20:37:07,247][flwr][INFO] - 	              (78, 0.8944444444444445),
[2024-09-30 20:37:07,247][flwr][INFO] - 	              (79, 0.93048128342246),
[2024-09-30 20:37:07,247][flwr][INFO] - 	              (80, 0.9076923076923077),
[2024-09-30 20:37:07,247][flwr][INFO] - 	              (81, 0.9312320916905444),
[2024-09-30 20:37:07,247][flwr][INFO] - 	              (82, 0.9533678756476683),
[2024-09-30 20:37:07,247][flwr][INFO] - 	              (83, 0.8769633507853403),
[2024-09-30 20:37:07,247][flwr][INFO] - 	              (84, 0.8972602739726028),
[2024-09-30 20:37:07,247][flwr][INFO] - 	              (85, 0.8974358974358975),
[2024-09-30 20:37:07,247][flwr][INFO] - 	              (86, 0.8893905191873589),
[2024-09-30 20:37:07,247][flwr][INFO] - 	              (87, 0.8709677419354839),
[2024-09-30 20:37:07,247][flwr][INFO] - 	              (88, 0.9295392953929539),
[2024-09-30 20:37:07,247][flwr][INFO] - 	              (89, 0.8985200845665962),
[2024-09-30 20:37:07,247][flwr][INFO] - 	              (90, 0.8631578947368421),
[2024-09-30 20:37:07,247][flwr][INFO] - 	              (91, 0.8863636363636364),
[2024-09-30 20:37:07,247][flwr][INFO] - 	              (92, 0.8607142857142858),
[2024-09-30 20:37:07,247][flwr][INFO] - 	              (93, 0.8885245901639345),
[2024-09-30 20:37:07,247][flwr][INFO] - 	              (94, 0.918429003021148),
[2024-09-30 20:37:07,247][flwr][INFO] - 	              (95, 0.9171974522292994),
[2024-09-30 20:37:07,248][flwr][INFO] - 	              (96, 0.8631921824104235),
[2024-09-30 20:37:07,248][flwr][INFO] - 	              (97, 0.9306930693069307),
[2024-09-30 20:37:07,248][flwr][INFO] - 	              (98, 0.9080118694362018),
[2024-09-30 20:37:07,248][flwr][INFO] - 	              (99, 0.8865248226950354),
[2024-09-30 20:37:07,248][flwr][INFO] - 	              (100, 0.9215686274509803)]}
[2024-09-30 20:37:07,248][flwr][INFO] - 	History (metrics, centralized):
[2024-09-30 20:37:07,248][flwr][INFO] - 	{'accuracy': [(0, 0.099025069637883),
[2024-09-30 20:37:07,248][flwr][INFO] - 	              (1, 0.5502785515320334),
[2024-09-30 20:37:07,248][flwr][INFO] - 	              (2, 0.7346796657381616),
[2024-09-30 20:37:07,248][flwr][INFO] - 	              (3, 0.7561281337047354),
[2024-09-30 20:37:07,248][flwr][INFO] - 	              (4, 0.8387186629526462),
[2024-09-30 20:37:07,248][flwr][INFO] - 	              (5, 0.7933147632311978),
[2024-09-30 20:37:07,248][flwr][INFO] - 	              (6, 0.8506963788300835),
[2024-09-30 20:37:07,248][flwr][INFO] - 	              (7, 0.8348189415041782),
[2024-09-30 20:37:07,248][flwr][INFO] - 	              (8, 0.8662952646239555),
[2024-09-30 20:37:07,248][flwr][INFO] - 	              (9, 0.8636490250696379),
[2024-09-30 20:37:07,248][flwr][INFO] - 	              (10, 0.8654596100278552),
[2024-09-30 20:37:07,248][flwr][INFO] - 	              (11, 0.8657381615598886),
[2024-09-30 20:37:07,248][flwr][INFO] - 	              (12, 0.8575208913649025),
[2024-09-30 20:37:07,248][flwr][INFO] - 	              (13, 0.8561281337047354),
[2024-09-30 20:37:07,248][flwr][INFO] - 	              (14, 0.8593314763231198),
[2024-09-30 20:37:07,248][flwr][INFO] - 	              (15, 0.8688022284122563),
[2024-09-30 20:37:07,249][flwr][INFO] - 	              (16, 0.8427576601671309),
[2024-09-30 20:37:07,249][flwr][INFO] - 	              (17, 0.8763231197771588),
[2024-09-30 20:37:07,249][flwr][INFO] - 	              (18, 0.8651810584958217),
[2024-09-30 20:37:07,249][flwr][INFO] - 	              (19, 0.862116991643454),
[2024-09-30 20:37:07,249][flwr][INFO] - 	              (20, 0.8775766016713092),
[2024-09-30 20:37:07,249][flwr][INFO] - 	              (21, 0.862116991643454),
[2024-09-30 20:37:07,249][flwr][INFO] - 	              (22, 0.8724233983286908),
[2024-09-30 20:37:07,249][flwr][INFO] - 	              (23, 0.8789693593314764),
[2024-09-30 20:37:07,249][flwr][INFO] - 	              (24, 0.8816155988857939),
[2024-09-30 20:37:07,249][flwr][INFO] - 	              (25, 0.887883008356546),
[2024-09-30 20:37:07,249][flwr][INFO] - 	              (26, 0.8775766016713092),
[2024-09-30 20:37:07,249][flwr][INFO] - 	              (27, 0.8654596100278552),
[2024-09-30 20:37:07,249][flwr][INFO] - 	              (28, 0.8637883008356546),
[2024-09-30 20:37:07,249][flwr][INFO] - 	              (29, 0.8586350974930362),
[2024-09-30 20:37:07,249][flwr][INFO] - 	              (30, 0.8671309192200557),
[2024-09-30 20:37:07,249][flwr][INFO] - 	              (31, 0.8279944289693594),
[2024-09-30 20:37:07,249][flwr][INFO] - 	              (32, 0.8881615598885794),
[2024-09-30 20:37:07,249][flwr][INFO] - 	              (33, 0.8438718662952647),
[2024-09-30 20:37:07,249][flwr][INFO] - 	              (34, 0.8729805013927576),
[2024-09-30 20:37:07,249][flwr][INFO] - 	              (35, 0.8725626740947076),
[2024-09-30 20:37:07,249][flwr][INFO] - 	              (36, 0.8559888579387187),
[2024-09-30 20:37:07,249][flwr][INFO] - 	              (37, 0.8667130919220055),
[2024-09-30 20:37:07,249][flwr][INFO] - 	              (38, 0.8871866295264624),
[2024-09-30 20:37:07,250][flwr][INFO] - 	              (39, 0.8611420612813371),
[2024-09-30 20:37:07,250][flwr][INFO] - 	              (40, 0.8828690807799443),
[2024-09-30 20:37:07,250][flwr][INFO] - 	              (41, 0.8518105849582173),
[2024-09-30 20:37:07,250][flwr][INFO] - 	              (42, 0.8678272980501393),
[2024-09-30 20:37:07,250][flwr][INFO] - 	              (43, 0.8880222841225627),
[2024-09-30 20:37:07,250][flwr][INFO] - 	              (44, 0.8837047353760445),
[2024-09-30 20:37:07,250][flwr][INFO] - 	              (45, 0.8715877437325905),
[2024-09-30 20:37:07,250][flwr][INFO] - 	              (46, 0.8483286908077995),
[2024-09-30 20:37:07,250][flwr][INFO] - 	              (47, 0.8551532033426184),
[2024-09-30 20:37:07,250][flwr][INFO] - 	              (48, 0.8770194986072424),
[2024-09-30 20:37:07,250][flwr][INFO] - 	              (49, 0.863091922005571),
[2024-09-30 20:37:07,250][flwr][INFO] - 	              (50, 0.8692200557103064),
[2024-09-30 20:37:07,250][flwr][INFO] - 	              (51, 0.8685236768802228),
[2024-09-30 20:37:07,250][flwr][INFO] - 	              (52, 0.813091922005571),
[2024-09-30 20:37:07,250][flwr][INFO] - 	              (53, 0.8827298050139276),
[2024-09-30 20:37:07,250][flwr][INFO] - 	              (54, 0.8823119777158774),
[2024-09-30 20:37:07,250][flwr][INFO] - 	              (55, 0.864066852367688),
[2024-09-30 20:37:07,250][flwr][INFO] - 	              (56, 0.8912256267409471),
[2024-09-30 20:37:07,250][flwr][INFO] - 	              (57, 0.8610027855153203),
[2024-09-30 20:37:07,250][flwr][INFO] - 	              (58, 0.852924791086351),
[2024-09-30 20:37:07,250][flwr][INFO] - 	              (59, 0.8825905292479108),
[2024-09-30 20:37:07,250][flwr][INFO] - 	              (60, 0.843175487465181),
[2024-09-30 20:37:07,250][flwr][INFO] - 	              (61, 0.8841225626740947),
[2024-09-30 20:37:07,250][flwr][INFO] - 	              (62, 0.8643454038997215),
[2024-09-30 20:37:07,251][flwr][INFO] - 	              (63, 0.8828690807799443),
[2024-09-30 20:37:07,251][flwr][INFO] - 	              (64, 0.871866295264624),
[2024-09-30 20:37:07,251][flwr][INFO] - 	              (65, 0.8582172701949861),
[2024-09-30 20:37:07,251][flwr][INFO] - 	              (66, 0.8664345403899721),
[2024-09-30 20:37:07,251][flwr][INFO] - 	              (67, 0.8498607242339833),
[2024-09-30 20:37:07,251][flwr][INFO] - 	              (68, 0.8856545961002785),
[2024-09-30 20:37:07,251][flwr][INFO] - 	              (69, 0.8784122562674095),
[2024-09-30 20:37:07,251][flwr][INFO] - 	              (70, 0.8635097493036211),
[2024-09-30 20:37:07,251][flwr][INFO] - 	              (71, 0.8785515320334262),
[2024-09-30 20:37:07,251][flwr][INFO] - 	              (72, 0.8696378830083565),
[2024-09-30 20:37:07,251][flwr][INFO] - 	              (73, 0.8637883008356546),
[2024-09-30 20:37:07,251][flwr][INFO] - 	              (74, 0.8685236768802228),
[2024-09-30 20:37:07,251][flwr][INFO] - 	              (75, 0.8767409470752089),
[2024-09-30 20:37:07,251][flwr][INFO] - 	              (76, 0.8903899721448468),
[2024-09-30 20:37:07,251][flwr][INFO] - 	              (77, 0.8508356545961003),
[2024-09-30 20:37:07,251][flwr][INFO] - 	              (78, 0.8784122562674095),
[2024-09-30 20:37:07,251][flwr][INFO] - 	              (79, 0.856824512534819),
[2024-09-30 20:37:07,251][flwr][INFO] - 	              (80, 0.8937325905292479),
[2024-09-30 20:37:07,251][flwr][INFO] - 	              (81, 0.885933147632312),
[2024-09-30 20:37:07,251][flwr][INFO] - 	              (82, 0.8720055710306407),
[2024-09-30 20:37:07,251][flwr][INFO] - 	              (83, 0.8655988857938719),
[2024-09-30 20:37:07,251][flwr][INFO] - 	              (84, 0.8867688022284123),
[2024-09-30 20:37:07,251][flwr][INFO] - 	              (85, 0.8733983286908078),
[2024-09-30 20:37:07,252][flwr][INFO] - 	              (86, 0.8628133704735376),
[2024-09-30 20:37:07,252][flwr][INFO] - 	              (87, 0.8384401114206128),
[2024-09-30 20:37:07,252][flwr][INFO] - 	              (88, 0.8759052924791086),
[2024-09-30 20:37:07,252][flwr][INFO] - 	              (89, 0.8837047353760445),
[2024-09-30 20:37:07,252][flwr][INFO] - 	              (90, 0.846100278551532),
[2024-09-30 20:37:07,252][flwr][INFO] - 	              (91, 0.8768802228412256),
[2024-09-30 20:37:07,252][flwr][INFO] - 	              (92, 0.8590529247910863),
[2024-09-30 20:37:07,252][flwr][INFO] - 	              (93, 0.8711699164345403),
[2024-09-30 20:37:07,252][flwr][INFO] - 	              (94, 0.8717270194986072),
[2024-09-30 20:37:07,252][flwr][INFO] - 	              (95, 0.8760445682451253),
[2024-09-30 20:37:07,252][flwr][INFO] - 	              (96, 0.8662952646239555),
[2024-09-30 20:37:07,252][flwr][INFO] - 	              (97, 0.8639275766016713),
[2024-09-30 20:37:07,252][flwr][INFO] - 	              (98, 0.8642061281337048),
[2024-09-30 20:37:07,252][flwr][INFO] - 	              (99, 0.8646239554317549),
[2024-09-30 20:37:07,252][flwr][INFO] - 	              (100, 0.8626740947075209)]}
[2024-09-30 20:37:07,252][flwr][INFO] - 
