[2024-08-20 15:41:30,725][flwr][INFO] - Starting Flower simulation, config: num_rounds=20, no round_timeout
[2024-08-20 15:41:42,772][flwr][INFO] - Flower VCE: Ray initialized with resources: {'object_store_memory': 6397518643.0, 'CPU': 32.0, 'GPU': 1.0, 'accelerator_type:G': 1.0, 'node:__internal_head__': 1.0, 'node:115.145.171.128': 1.0, 'memory': 12795037287.0}
[2024-08-20 15:41:42,772][flwr][INFO] - Optimize your simulation with Flower VCE: https://flower.ai/docs/framework/how-to-run-simulations.html
[2024-08-20 15:41:42,772][flwr][INFO] - Flower VCE: Resources for each Virtual Client: {'num_cpus': 24, 'num_gpus': 0.5}
[2024-08-20 15:41:42,782][flwr][INFO] - Flower VCE: Creating VirtualClientEngineActorPool with 1 actors
[2024-08-20 15:41:42,782][flwr][INFO] - [INIT]
[2024-08-20 15:41:42,783][flwr][INFO] - Requesting initial parameters from one random client
[2024-08-20 15:41:46,317][flwr][INFO] - Received initial parameters from one random client
[2024-08-20 15:41:46,317][flwr][INFO] - Evaluating initial global parameters
[2024-08-20 15:41:49,189][flwr][INFO] - initial parameters (loss, other metrics): 123.41571652889252, {'accuracy': 0.05336658354114713}
[2024-08-20 15:41:49,189][flwr][INFO] - 
[2024-08-20 15:41:49,189][flwr][INFO] - [ROUND 1]
[2024-08-20 15:41:49,189][flwr][INFO] - configure_fit: strategy sampled 10 clients (out of 20)
[2024-08-20 15:41:57,323][flwr][INFO] - aggregate_fit: received 10 results and 0 failures
[2024-08-20 15:41:57,403][flwr][WARNING] - No fit_metrics_aggregation_fn provided
[2024-08-20 15:41:59,992][flwr][INFO] - fit progress: (1, 73.13466793298721, {'accuracy': 0.6688279301745635}, 10.803565084002912)
[2024-08-20 15:41:59,993][flwr][INFO] - configure_evaluate: strategy sampled 2 clients (out of 20)
[2024-08-20 15:42:00,273][flwr][INFO] - aggregate_evaluate: received 2 results and 0 failures
[2024-08-20 15:42:00,273][flwr][INFO] - 
[2024-08-20 15:42:00,273][flwr][INFO] - [ROUND 2]
[2024-08-20 15:42:00,273][flwr][INFO] - configure_fit: strategy sampled 10 clients (out of 20)
[2024-08-20 15:42:05,875][flwr][INFO] - aggregate_fit: received 10 results and 0 failures
[2024-08-20 15:42:08,539][flwr][INFO] - fit progress: (2, 71.86304867267609, {'accuracy': 0.6693266832917706}, 19.350234755009296)
[2024-08-20 15:42:08,539][flwr][INFO] - configure_evaluate: strategy sampled 2 clients (out of 20)
[2024-08-20 15:42:08,798][flwr][INFO] - aggregate_evaluate: received 2 results and 0 failures
[2024-08-20 15:42:08,798][flwr][INFO] - 
[2024-08-20 15:42:08,798][flwr][INFO] - [ROUND 3]
[2024-08-20 15:42:08,798][flwr][INFO] - configure_fit: strategy sampled 10 clients (out of 20)
[2024-08-20 15:42:14,462][flwr][INFO] - aggregate_fit: received 10 results and 0 failures
[2024-08-20 15:42:17,217][flwr][INFO] - fit progress: (3, 65.66713172197342, {'accuracy': 0.6693266832917706}, 28.02801236801315)
[2024-08-20 15:42:17,217][flwr][INFO] - configure_evaluate: strategy sampled 2 clients (out of 20)
[2024-08-20 15:42:17,459][flwr][INFO] - aggregate_evaluate: received 2 results and 0 failures
[2024-08-20 15:42:17,459][flwr][INFO] - 
[2024-08-20 15:42:17,459][flwr][INFO] - [ROUND 4]
[2024-08-20 15:42:17,459][flwr][INFO] - configure_fit: strategy sampled 10 clients (out of 20)
[2024-08-20 15:42:23,110][flwr][INFO] - aggregate_fit: received 10 results and 0 failures
[2024-08-20 15:42:25,831][flwr][INFO] - fit progress: (4, 56.370581686496735, {'accuracy': 0.6798004987531172}, 36.64181626299978)
[2024-08-20 15:42:25,831][flwr][INFO] - configure_evaluate: strategy sampled 2 clients (out of 20)
[2024-08-20 15:42:26,078][flwr][INFO] - aggregate_evaluate: received 2 results and 0 failures
[2024-08-20 15:42:26,078][flwr][INFO] - 
[2024-08-20 15:42:26,078][flwr][INFO] - [ROUND 5]
[2024-08-20 15:42:26,078][flwr][INFO] - configure_fit: strategy sampled 10 clients (out of 20)
[2024-08-20 15:42:31,630][flwr][INFO] - aggregate_fit: received 10 results and 0 failures
[2024-08-20 15:42:34,408][flwr][INFO] - fit progress: (5, 53.13696250319481, {'accuracy': 0.712219451371571}, 45.218931193012395)
[2024-08-20 15:42:34,408][flwr][INFO] - configure_evaluate: strategy sampled 2 clients (out of 20)
[2024-08-20 15:42:34,742][flwr][INFO] - aggregate_evaluate: received 2 results and 0 failures
[2024-08-20 15:42:34,742][flwr][INFO] - 
[2024-08-20 15:42:34,742][flwr][INFO] - [ROUND 6]
[2024-08-20 15:42:34,742][flwr][INFO] - configure_fit: strategy sampled 10 clients (out of 20)
[2024-08-20 15:42:40,348][flwr][INFO] - aggregate_fit: received 10 results and 0 failures
[2024-08-20 15:42:43,068][flwr][INFO] - fit progress: (6, 52.611838430166245, {'accuracy': 0.7137157107231921}, 53.879501942006755)
[2024-08-20 15:42:43,069][flwr][INFO] - configure_evaluate: strategy sampled 2 clients (out of 20)
[2024-08-20 15:42:43,313][flwr][INFO] - aggregate_evaluate: received 2 results and 0 failures
[2024-08-20 15:42:43,313][flwr][INFO] - 
[2024-08-20 15:42:43,313][flwr][INFO] - [ROUND 7]
[2024-08-20 15:42:43,314][flwr][INFO] - configure_fit: strategy sampled 10 clients (out of 20)
[2024-08-20 15:42:48,880][flwr][INFO] - aggregate_fit: received 10 results and 0 failures
[2024-08-20 15:42:51,768][flwr][INFO] - fit progress: (7, 51.54699829220772, {'accuracy': 0.7226932668329177}, 62.57885151600931)
[2024-08-20 15:42:51,768][flwr][INFO] - configure_evaluate: strategy sampled 2 clients (out of 20)
[2024-08-20 15:42:52,033][flwr][INFO] - aggregate_evaluate: received 2 results and 0 failures
[2024-08-20 15:42:52,033][flwr][INFO] - 
[2024-08-20 15:42:52,033][flwr][INFO] - [ROUND 8]
[2024-08-20 15:42:52,033][flwr][INFO] - configure_fit: strategy sampled 10 clients (out of 20)
[2024-08-20 15:42:58,118][flwr][INFO] - aggregate_fit: received 10 results and 0 failures
[2024-08-20 15:43:00,984][flwr][INFO] - fit progress: (8, 52.17949688434601, {'accuracy': 0.7251870324189527}, 71.79501581400109)
[2024-08-20 15:43:00,984][flwr][INFO] - configure_evaluate: strategy sampled 2 clients (out of 20)
[2024-08-20 15:43:01,247][flwr][INFO] - aggregate_evaluate: received 2 results and 0 failures
[2024-08-20 15:43:01,247][flwr][INFO] - 
[2024-08-20 15:43:01,247][flwr][INFO] - [ROUND 9]
[2024-08-20 15:43:01,247][flwr][INFO] - configure_fit: strategy sampled 10 clients (out of 20)
[2024-08-20 15:43:07,286][flwr][INFO] - aggregate_fit: received 10 results and 0 failures
[2024-08-20 15:43:10,238][flwr][INFO] - fit progress: (9, 51.24323529005051, {'accuracy': 0.7261845386533666}, 81.04928260300949)
[2024-08-20 15:43:10,238][flwr][INFO] - configure_evaluate: strategy sampled 2 clients (out of 20)
[2024-08-20 15:43:10,493][flwr][INFO] - aggregate_evaluate: received 2 results and 0 failures
[2024-08-20 15:43:10,493][flwr][INFO] - 
[2024-08-20 15:43:10,493][flwr][INFO] - [ROUND 10]
[2024-08-20 15:43:10,493][flwr][INFO] - configure_fit: strategy sampled 10 clients (out of 20)
[2024-08-20 15:43:16,441][flwr][INFO] - aggregate_fit: received 10 results and 0 failures
[2024-08-20 15:43:19,272][flwr][INFO] - fit progress: (10, 52.75285130739212, {'accuracy': 0.7211970074812968}, 90.0827337540104)
[2024-08-20 15:43:19,272][flwr][INFO] - configure_evaluate: strategy sampled 2 clients (out of 20)
[2024-08-20 15:43:19,532][flwr][INFO] - aggregate_evaluate: received 2 results and 0 failures
[2024-08-20 15:43:19,532][flwr][INFO] - 
[2024-08-20 15:43:19,532][flwr][INFO] - [ROUND 11]
[2024-08-20 15:43:19,532][flwr][INFO] - configure_fit: strategy sampled 10 clients (out of 20)
[2024-08-20 15:43:25,539][flwr][INFO] - aggregate_fit: received 10 results and 0 failures
[2024-08-20 15:43:28,360][flwr][INFO] - fit progress: (11, 54.74283465743065, {'accuracy': 0.7291770573566084}, 99.17131149201305)
[2024-08-20 15:43:28,360][flwr][INFO] - configure_evaluate: strategy sampled 2 clients (out of 20)
[2024-08-20 15:43:28,620][flwr][INFO] - aggregate_evaluate: received 2 results and 0 failures
[2024-08-20 15:43:28,620][flwr][INFO] - 
[2024-08-20 15:43:28,620][flwr][INFO] - [ROUND 12]
[2024-08-20 15:43:28,620][flwr][INFO] - configure_fit: strategy sampled 10 clients (out of 20)
[2024-08-20 15:43:34,661][flwr][INFO] - aggregate_fit: received 10 results and 0 failures
[2024-08-20 15:43:37,509][flwr][INFO] - fit progress: (12, 53.766471445560455, {'accuracy': 0.7281795511221946}, 108.31981826700212)
[2024-08-20 15:43:37,509][flwr][INFO] - configure_evaluate: strategy sampled 2 clients (out of 20)
[2024-08-20 15:43:37,773][flwr][INFO] - aggregate_evaluate: received 2 results and 0 failures
[2024-08-20 15:43:37,774][flwr][INFO] - 
[2024-08-20 15:43:37,774][flwr][INFO] - [ROUND 13]
[2024-08-20 15:43:37,774][flwr][INFO] - configure_fit: strategy sampled 10 clients (out of 20)
[2024-08-20 15:43:43,942][flwr][INFO] - aggregate_fit: received 10 results and 0 failures
[2024-08-20 15:43:46,784][flwr][INFO] - fit progress: (13, 50.93058866262436, {'accuracy': 0.7306733167082294}, 117.59489686100278)
[2024-08-20 15:43:46,784][flwr][INFO] - configure_evaluate: strategy sampled 2 clients (out of 20)
[2024-08-20 15:43:47,041][flwr][INFO] - aggregate_evaluate: received 2 results and 0 failures
[2024-08-20 15:43:47,041][flwr][INFO] - 
[2024-08-20 15:43:47,041][flwr][INFO] - [ROUND 14]
[2024-08-20 15:43:47,041][flwr][INFO] - configure_fit: strategy sampled 10 clients (out of 20)
[2024-08-20 15:43:53,045][flwr][INFO] - aggregate_fit: received 10 results and 0 failures
[2024-08-20 15:43:55,900][flwr][INFO] - fit progress: (14, 56.447338342666626, {'accuracy': 0.7226932668329177}, 126.71132589899935)
[2024-08-20 15:43:55,900][flwr][INFO] - configure_evaluate: strategy sampled 2 clients (out of 20)
[2024-08-20 15:43:56,162][flwr][INFO] - aggregate_evaluate: received 2 results and 0 failures
[2024-08-20 15:43:56,162][flwr][INFO] - 
[2024-08-20 15:43:56,162][flwr][INFO] - [ROUND 15]
[2024-08-20 15:43:56,162][flwr][INFO] - configure_fit: strategy sampled 10 clients (out of 20)
[2024-08-20 15:44:02,212][flwr][INFO] - aggregate_fit: received 10 results and 0 failures
[2024-08-20 15:44:05,254][flwr][INFO] - fit progress: (15, 58.12847647070885, {'accuracy': 0.7226932668329177}, 136.06503005701234)
[2024-08-20 15:44:05,254][flwr][INFO] - configure_evaluate: strategy sampled 2 clients (out of 20)
[2024-08-20 15:44:05,499][flwr][INFO] - aggregate_evaluate: received 2 results and 0 failures
[2024-08-20 15:44:05,499][flwr][INFO] - 
[2024-08-20 15:44:05,499][flwr][INFO] - [ROUND 16]
[2024-08-20 15:44:05,499][flwr][INFO] - configure_fit: strategy sampled 10 clients (out of 20)
[2024-08-20 15:44:11,174][flwr][INFO] - aggregate_fit: received 10 results and 0 failures
[2024-08-20 15:44:13,978][flwr][INFO] - fit progress: (16, 55.1395326256752, {'accuracy': 0.7266832917705736}, 144.78946777000965)
[2024-08-20 15:44:13,979][flwr][INFO] - configure_evaluate: strategy sampled 2 clients (out of 20)
[2024-08-20 15:44:14,223][flwr][INFO] - aggregate_evaluate: received 2 results and 0 failures
[2024-08-20 15:44:14,223][flwr][INFO] - 
[2024-08-20 15:44:14,223][flwr][INFO] - [ROUND 17]
[2024-08-20 15:44:14,223][flwr][INFO] - configure_fit: strategy sampled 10 clients (out of 20)
[2024-08-20 15:44:19,825][flwr][INFO] - aggregate_fit: received 10 results and 0 failures
[2024-08-20 15:44:22,577][flwr][INFO] - fit progress: (17, 59.08293163776398, {'accuracy': 0.713216957605985}, 153.388282127009)
[2024-08-20 15:44:22,577][flwr][INFO] - configure_evaluate: strategy sampled 2 clients (out of 20)
[2024-08-20 15:44:22,827][flwr][INFO] - aggregate_evaluate: received 2 results and 0 failures
[2024-08-20 15:44:22,827][flwr][INFO] - 
[2024-08-20 15:44:22,827][flwr][INFO] - [ROUND 18]
[2024-08-20 15:44:22,827][flwr][INFO] - configure_fit: strategy sampled 10 clients (out of 20)
[2024-08-20 15:44:28,316][flwr][INFO] - aggregate_fit: received 10 results and 0 failures
[2024-08-20 15:44:31,077][flwr][INFO] - fit progress: (18, 58.24341306090355, {'accuracy': 0.7167082294264339}, 161.88792301800277)
[2024-08-20 15:44:31,077][flwr][INFO] - configure_evaluate: strategy sampled 2 clients (out of 20)
[2024-08-20 15:44:31,321][flwr][INFO] - aggregate_evaluate: received 2 results and 0 failures
[2024-08-20 15:44:31,321][flwr][INFO] - 
[2024-08-20 15:44:31,321][flwr][INFO] - [ROUND 19]
[2024-08-20 15:44:31,321][flwr][INFO] - configure_fit: strategy sampled 10 clients (out of 20)
[2024-08-20 15:44:36,911][flwr][INFO] - aggregate_fit: received 10 results and 0 failures
[2024-08-20 15:44:39,669][flwr][INFO] - fit progress: (19, 85.05078637599945, {'accuracy': 0.7231920199501247}, 170.47981578401232)
[2024-08-20 15:44:39,669][flwr][INFO] - configure_evaluate: strategy sampled 2 clients (out of 20)
[2024-08-20 15:44:39,917][flwr][INFO] - aggregate_evaluate: received 2 results and 0 failures
[2024-08-20 15:44:39,917][flwr][INFO] - 
[2024-08-20 15:44:39,918][flwr][INFO] - [ROUND 20]
[2024-08-20 15:44:39,918][flwr][INFO] - configure_fit: strategy sampled 10 clients (out of 20)
[2024-08-20 15:44:45,457][flwr][INFO] - aggregate_fit: received 10 results and 0 failures
[2024-08-20 15:44:48,194][flwr][INFO] - fit progress: (20, 70.06477922201157, {'accuracy': 0.7316708229426434}, 179.00462897200487)
[2024-08-20 15:44:48,194][flwr][INFO] - configure_evaluate: strategy sampled 2 clients (out of 20)
[2024-08-20 15:44:48,441][flwr][INFO] - aggregate_evaluate: received 2 results and 0 failures
[2024-08-20 15:44:48,441][flwr][INFO] - 
[2024-08-20 15:44:48,441][flwr][INFO] - [SUMMARY]
[2024-08-20 15:44:48,441][flwr][INFO] - Run finished 20 round(s) in 179.25s
[2024-08-20 15:44:48,441][flwr][INFO] - 	History (loss, distributed):
[2024-08-20 15:44:48,442][flwr][INFO] - 		round 1: 1.1533837616443634
[2024-08-20 15:44:48,442][flwr][INFO] - 		round 2: 1.0363986542527104
[2024-08-20 15:44:48,442][flwr][INFO] - 		round 3: 1.3804304549391841
[2024-08-20 15:44:48,442][flwr][INFO] - 		round 4: 0.835015594959259
[2024-08-20 15:44:48,442][flwr][INFO] - 		round 5: 0.9777032523088052
[2024-08-20 15:44:48,442][flwr][INFO] - 		round 6: 0.7718778773092888
[2024-08-20 15:44:48,442][flwr][INFO] - 		round 7: 0.9492299481176995
[2024-08-20 15:44:48,442][flwr][INFO] - 		round 8: 1.16564479470253
[2024-08-20 15:44:48,442][flwr][INFO] - 		round 9: 0.9238025176693017
[2024-08-20 15:44:48,442][flwr][INFO] - 		round 10: 0.9694517405939774
[2024-08-20 15:44:48,442][flwr][INFO] - 		round 11: 1.4111098647117615
[2024-08-20 15:44:48,442][flwr][INFO] - 		round 12: 0.9780839371009612
[2024-08-20 15:44:48,442][flwr][INFO] - 		round 13: 0.8849142336509597
[2024-08-20 15:44:48,442][flwr][INFO] - 		round 14: 0.8478370308876038
[2024-08-20 15:44:48,442][flwr][INFO] - 		round 15: 1.1651872992515564
[2024-08-20 15:44:48,442][flwr][INFO] - 		round 16: 0.7990739047527313
[2024-08-20 15:44:48,442][flwr][INFO] - 		round 17: 1.3991598188877106
[2024-08-20 15:44:48,442][flwr][INFO] - 		round 18: 1.0232401246755896
[2024-08-20 15:44:48,442][flwr][INFO] - 		round 19: 1.8582471323684908
[2024-08-20 15:44:48,442][flwr][INFO] - 		round 20: 1.218457281589508
[2024-08-20 15:44:48,442][flwr][INFO] - 	History (loss, centralized):
[2024-08-20 15:44:48,442][flwr][INFO] - 		round 0: 123.41571652889252
[2024-08-20 15:44:48,442][flwr][INFO] - 		round 1: 73.13466793298721
[2024-08-20 15:44:48,442][flwr][INFO] - 		round 2: 71.86304867267609
[2024-08-20 15:44:48,442][flwr][INFO] - 		round 3: 65.66713172197342
[2024-08-20 15:44:48,442][flwr][INFO] - 		round 4: 56.370581686496735
[2024-08-20 15:44:48,442][flwr][INFO] - 		round 5: 53.13696250319481
[2024-08-20 15:44:48,442][flwr][INFO] - 		round 6: 52.611838430166245
[2024-08-20 15:44:48,442][flwr][INFO] - 		round 7: 51.54699829220772
[2024-08-20 15:44:48,442][flwr][INFO] - 		round 8: 52.17949688434601
[2024-08-20 15:44:48,442][flwr][INFO] - 		round 9: 51.24323529005051
[2024-08-20 15:44:48,442][flwr][INFO] - 		round 10: 52.75285130739212
[2024-08-20 15:44:48,442][flwr][INFO] - 		round 11: 54.74283465743065
[2024-08-20 15:44:48,442][flwr][INFO] - 		round 12: 53.766471445560455
[2024-08-20 15:44:48,442][flwr][INFO] - 		round 13: 50.93058866262436
[2024-08-20 15:44:48,442][flwr][INFO] - 		round 14: 56.447338342666626
[2024-08-20 15:44:48,442][flwr][INFO] - 		round 15: 58.12847647070885
[2024-08-20 15:44:48,442][flwr][INFO] - 		round 16: 55.1395326256752
[2024-08-20 15:44:48,442][flwr][INFO] - 		round 17: 59.08293163776398
[2024-08-20 15:44:48,442][flwr][INFO] - 		round 18: 58.24341306090355
[2024-08-20 15:44:48,442][flwr][INFO] - 		round 19: 85.05078637599945
[2024-08-20 15:44:48,442][flwr][INFO] - 		round 20: 70.06477922201157
[2024-08-20 15:44:48,442][flwr][INFO] - 	History (metrics, distributed, evaluate):
[2024-08-20 15:44:48,442][flwr][INFO] - 	{'accuracy': [(1, 0.6666666666666666),
[2024-08-20 15:44:48,442][flwr][INFO] - 	              (2, 0.676056338028169),
[2024-08-20 15:44:48,442][flwr][INFO] - 	              (3, 0.647887323943662),
[2024-08-20 15:44:48,442][flwr][INFO] - 	              (4, 0.7083333333333334),
[2024-08-20 15:44:48,442][flwr][INFO] - 	              (5, 0.6901408450704225),
[2024-08-20 15:44:48,442][flwr][INFO] - 	              (6, 0.7746478873239436),
[2024-08-20 15:44:48,442][flwr][INFO] - 	              (7, 0.704225352112676),
[2024-08-20 15:44:48,442][flwr][INFO] - 	              (8, 0.5428571428571428),
[2024-08-20 15:44:48,442][flwr][INFO] - 	              (9, 0.7323943661971831),
[2024-08-20 15:44:48,442][flwr][INFO] - 	              (10, 0.7323943661971831),
[2024-08-20 15:44:48,442][flwr][INFO] - 	              (11, 0.6714285714285714),
[2024-08-20 15:44:48,442][flwr][INFO] - 	              (12, 0.704225352112676),
[2024-08-20 15:44:48,442][flwr][INFO] - 	              (13, 0.6619718309859155),
[2024-08-20 15:44:48,443][flwr][INFO] - 	              (14, 0.7714285714285715),
[2024-08-20 15:44:48,443][flwr][INFO] - 	              (15, 0.6428571428571429),
[2024-08-20 15:44:48,443][flwr][INFO] - 	              (16, 0.6857142857142857),
[2024-08-20 15:44:48,443][flwr][INFO] - 	              (17, 0.6142857142857143),
[2024-08-20 15:44:48,443][flwr][INFO] - 	              (18, 0.6901408450704225),
[2024-08-20 15:44:48,443][flwr][INFO] - 	              (19, 0.7183098591549296),
[2024-08-20 15:44:48,443][flwr][INFO] - 	              (20, 0.6428571428571429)]}
[2024-08-20 15:44:48,443][flwr][INFO] - 	History (metrics, centralized):
[2024-08-20 15:44:48,443][flwr][INFO] - 	{'accuracy': [(0, 0.05336658354114713),
[2024-08-20 15:44:48,443][flwr][INFO] - 	              (1, 0.6688279301745635),
[2024-08-20 15:44:48,443][flwr][INFO] - 	              (2, 0.6693266832917706),
[2024-08-20 15:44:48,443][flwr][INFO] - 	              (3, 0.6693266832917706),
[2024-08-20 15:44:48,443][flwr][INFO] - 	              (4, 0.6798004987531172),
[2024-08-20 15:44:48,443][flwr][INFO] - 	              (5, 0.712219451371571),
[2024-08-20 15:44:48,443][flwr][INFO] - 	              (6, 0.7137157107231921),
[2024-08-20 15:44:48,443][flwr][INFO] - 	              (7, 0.7226932668329177),
[2024-08-20 15:44:48,443][flwr][INFO] - 	              (8, 0.7251870324189527),
[2024-08-20 15:44:48,443][flwr][INFO] - 	              (9, 0.7261845386533666),
[2024-08-20 15:44:48,443][flwr][INFO] - 	              (10, 0.7211970074812968),
[2024-08-20 15:44:48,443][flwr][INFO] - 	              (11, 0.7291770573566084),
[2024-08-20 15:44:48,443][flwr][INFO] - 	              (12, 0.7281795511221946),
[2024-08-20 15:44:48,443][flwr][INFO] - 	              (13, 0.7306733167082294),
[2024-08-20 15:44:48,443][flwr][INFO] - 	              (14, 0.7226932668329177),
[2024-08-20 15:44:48,443][flwr][INFO] - 	              (15, 0.7226932668329177),
[2024-08-20 15:44:48,443][flwr][INFO] - 	              (16, 0.7266832917705736),
[2024-08-20 15:44:48,443][flwr][INFO] - 	              (17, 0.713216957605985),
[2024-08-20 15:44:48,443][flwr][INFO] - 	              (18, 0.7167082294264339),
[2024-08-20 15:44:48,443][flwr][INFO] - 	              (19, 0.7231920199501247),
[2024-08-20 15:44:48,443][flwr][INFO] - 	              (20, 0.7316708229426434)]}
[2024-08-20 15:44:48,443][flwr][INFO] - 
