[2024-09-30 20:37:21,077][flwr][INFO] - Starting Flower simulation, config: num_rounds=100, no round_timeout
[2024-09-30 20:37:24,224][flwr][INFO] - Flower VCE: Ray initialized with resources: {'node:__internal_head__': 1.0, 'CPU': 256.0, 'node:115.145.172.224': 1.0, 'object_store_memory': 71896858214.0, 'memory': 157759335834.0, 'GPU': 1.0, 'accelerator_type:G': 1.0}
[2024-09-30 20:37:24,225][flwr][INFO] - Optimize your simulation with Flower VCE: https://flower.ai/docs/framework/how-to-run-simulations.html
[2024-09-30 20:37:24,225][flwr][INFO] - Flower VCE: Resources for each Virtual Client: {'num_cpus': 128, 'num_gpus': 0.125}
[2024-09-30 20:37:24,238][flwr][INFO] - Flower VCE: Creating VirtualClientEngineActorPool with 2 actors
[2024-09-30 20:37:24,238][flwr][INFO] - [INIT]
[2024-09-30 20:37:24,238][flwr][INFO] - Requesting initial parameters from one random client
[2024-09-30 20:37:29,561][flwr][INFO] - Received initial parameters from one random client
[2024-09-30 20:37:29,561][flwr][INFO] - Evaluating initial global parameters
[2024-09-30 20:37:49,428][flwr][INFO] - initial parameters (loss, other metrics): 501.7993104457855, {'accuracy': 0.10111420612813371}
[2024-09-30 20:37:49,428][flwr][INFO] - 
[2024-09-30 20:37:49,429][flwr][INFO] - [ROUND 1]
[2024-09-30 20:37:49,429][flwr][INFO] - configure_fit: strategy sampled 5 clients (out of 50)
[2024-09-30 20:39:21,929][flwr][INFO] - aggregate_fit: received 5 results and 0 failures
[2024-09-30 20:39:22,833][flwr][WARNING] - No fit_metrics_aggregation_fn provided
[2024-09-30 20:39:41,040][flwr][INFO] - fit progress: (1, 479.0836272239685, {'accuracy': 0.3435933147632312}, 111.61159341596067)
[2024-09-30 20:39:41,041][flwr][INFO] - configure_evaluate: strategy sampled 2 clients (out of 50)
[2024-09-30 20:39:43,324][flwr][INFO] - aggregate_evaluate: received 2 results and 0 failures
[2024-09-30 20:39:43,324][flwr][INFO] - 
[2024-09-30 20:39:43,324][flwr][INFO] - [ROUND 2]
[2024-09-30 20:39:43,324][flwr][INFO] - configure_fit: strategy sampled 5 clients (out of 50)
[2024-09-30 20:40:42,328][flwr][INFO] - aggregate_fit: received 5 results and 0 failures
[2024-09-30 20:41:01,123][flwr][INFO] - fit progress: (2, 380.05446326732635, {'accuracy': 0.4555710306406685}, 191.6945034340024)
[2024-09-30 20:41:01,124][flwr][INFO] - configure_evaluate: strategy sampled 2 clients (out of 50)
[2024-09-30 20:41:03,879][flwr][INFO] - aggregate_evaluate: received 2 results and 0 failures
[2024-09-30 20:41:03,880][flwr][INFO] - 
[2024-09-30 20:41:03,880][flwr][INFO] - [ROUND 3]
[2024-09-30 20:41:03,880][flwr][INFO] - configure_fit: strategy sampled 5 clients (out of 50)
[2024-09-30 20:43:12,458][flwr][INFO] - aggregate_fit: received 5 results and 0 failures
[2024-09-30 20:43:29,079][flwr][INFO] - fit progress: (3, 295.589147567749, {'accuracy': 0.5835654596100278}, 339.65064549678937)
[2024-09-30 20:43:29,080][flwr][INFO] - configure_evaluate: strategy sampled 2 clients (out of 50)
[2024-09-30 20:43:31,923][flwr][INFO] - aggregate_evaluate: received 2 results and 0 failures
[2024-09-30 20:43:31,924][flwr][INFO] - 
[2024-09-30 20:43:31,924][flwr][INFO] - [ROUND 4]
[2024-09-30 20:43:31,924][flwr][INFO] - configure_fit: strategy sampled 5 clients (out of 50)
[2024-09-30 20:44:23,774][flwr][INFO] - aggregate_fit: received 5 results and 0 failures
[2024-09-30 20:44:42,192][flwr][INFO] - fit progress: (4, 276.66260653734207, {'accuracy': 0.6027855153203343}, 412.76329789776355)
[2024-09-30 20:44:42,192][flwr][INFO] - configure_evaluate: strategy sampled 2 clients (out of 50)
[2024-09-30 20:44:44,766][flwr][INFO] - aggregate_evaluate: received 2 results and 0 failures
[2024-09-30 20:44:44,766][flwr][INFO] - 
[2024-09-30 20:44:44,766][flwr][INFO] - [ROUND 5]
[2024-09-30 20:44:44,766][flwr][INFO] - configure_fit: strategy sampled 5 clients (out of 50)
[2024-09-30 20:45:50,824][flwr][INFO] - aggregate_fit: received 5 results and 0 failures
[2024-09-30 20:46:07,242][flwr][INFO] - fit progress: (5, 134.06264260411263, {'accuracy': 0.7706128133704735}, 497.8139855931513)
[2024-09-30 20:46:07,243][flwr][INFO] - configure_evaluate: strategy sampled 2 clients (out of 50)
[2024-09-30 20:46:09,420][flwr][INFO] - aggregate_evaluate: received 2 results and 0 failures
[2024-09-30 20:46:09,420][flwr][INFO] - 
[2024-09-30 20:46:09,420][flwr][INFO] - [ROUND 6]
[2024-09-30 20:46:09,421][flwr][INFO] - configure_fit: strategy sampled 5 clients (out of 50)
[2024-09-30 20:47:11,358][flwr][INFO] - aggregate_fit: received 5 results and 0 failures
[2024-09-30 20:47:28,302][flwr][INFO] - fit progress: (6, 152.53845717012882, {'accuracy': 0.7791086350974931}, 578.8735964861698)
[2024-09-30 20:47:28,303][flwr][INFO] - configure_evaluate: strategy sampled 2 clients (out of 50)
[2024-09-30 20:47:30,570][flwr][INFO] - aggregate_evaluate: received 2 results and 0 failures
[2024-09-30 20:47:30,571][flwr][INFO] - 
[2024-09-30 20:47:30,571][flwr][INFO] - [ROUND 7]
[2024-09-30 20:47:30,571][flwr][INFO] - configure_fit: strategy sampled 5 clients (out of 50)
[2024-09-30 20:48:21,373][flwr][INFO] - aggregate_fit: received 5 results and 0 failures
[2024-09-30 20:48:37,972][flwr][INFO] - fit progress: (7, 129.39896626770496, {'accuracy': 0.7870473537604457}, 648.5437405011617)
[2024-09-30 20:48:37,977][flwr][INFO] - configure_evaluate: strategy sampled 2 clients (out of 50)
[2024-09-30 20:48:40,287][flwr][INFO] - aggregate_evaluate: received 2 results and 0 failures
[2024-09-30 20:48:40,287][flwr][INFO] - 
[2024-09-30 20:48:40,287][flwr][INFO] - [ROUND 8]
[2024-09-30 20:48:40,287][flwr][INFO] - configure_fit: strategy sampled 5 clients (out of 50)
[2024-09-30 20:49:33,098][flwr][INFO] - aggregate_fit: received 5 results and 0 failures
[2024-09-30 20:49:49,520][flwr][INFO] - fit progress: (8, 114.66582502424717, {'accuracy': 0.8240947075208913}, 720.0913474899717)
[2024-09-30 20:49:49,520][flwr][INFO] - configure_evaluate: strategy sampled 2 clients (out of 50)
[2024-09-30 20:49:52,229][flwr][INFO] - aggregate_evaluate: received 2 results and 0 failures
[2024-09-30 20:49:52,229][flwr][INFO] - 
[2024-09-30 20:49:52,230][flwr][INFO] - [ROUND 9]
[2024-09-30 20:49:52,230][flwr][INFO] - configure_fit: strategy sampled 5 clients (out of 50)
[2024-09-30 20:51:32,432][flwr][INFO] - aggregate_fit: received 5 results and 0 failures
[2024-09-30 20:51:48,840][flwr][INFO] - fit progress: (9, 122.64205722510815, {'accuracy': 0.7965181058495822}, 839.4119935380295)
[2024-09-30 20:51:48,841][flwr][INFO] - configure_evaluate: strategy sampled 2 clients (out of 50)
[2024-09-30 20:51:51,142][flwr][INFO] - aggregate_evaluate: received 2 results and 0 failures
[2024-09-30 20:51:51,142][flwr][INFO] - 
[2024-09-30 20:51:51,142][flwr][INFO] - [ROUND 10]
[2024-09-30 20:51:51,142][flwr][INFO] - configure_fit: strategy sampled 5 clients (out of 50)
[2024-09-30 20:53:07,007][flwr][INFO] - aggregate_fit: received 5 results and 0 failures
[2024-09-30 20:53:23,244][flwr][INFO] - fit progress: (10, 108.26493872702122, {'accuracy': 0.8257660167130919}, 933.8159882361069)
[2024-09-30 20:53:23,245][flwr][INFO] - configure_evaluate: strategy sampled 2 clients (out of 50)
[2024-09-30 20:53:26,153][flwr][INFO] - aggregate_evaluate: received 2 results and 0 failures
[2024-09-30 20:53:26,154][flwr][INFO] - 
[2024-09-30 20:53:26,154][flwr][INFO] - [ROUND 11]
[2024-09-30 20:53:26,154][flwr][INFO] - configure_fit: strategy sampled 5 clients (out of 50)
[2024-09-30 20:54:47,227][flwr][INFO] - aggregate_fit: received 5 results and 0 failures
[2024-09-30 20:55:03,683][flwr][INFO] - fit progress: (11, 119.30490511655807, {'accuracy': 0.8136490250696379}, 1034.254069766961)
[2024-09-30 20:55:03,683][flwr][INFO] - configure_evaluate: strategy sampled 2 clients (out of 50)
[2024-09-30 20:55:06,694][flwr][INFO] - aggregate_evaluate: received 2 results and 0 failures
[2024-09-30 20:55:06,695][flwr][INFO] - 
[2024-09-30 20:55:06,695][flwr][INFO] - [ROUND 12]
[2024-09-30 20:55:06,695][flwr][INFO] - configure_fit: strategy sampled 5 clients (out of 50)
[2024-09-30 20:56:13,461][flwr][INFO] - aggregate_fit: received 5 results and 0 failures
[2024-09-30 20:56:29,792][flwr][INFO] - fit progress: (12, 91.71751250326633, {'accuracy': 0.8608635097493036}, 1120.3634769651107)
[2024-09-30 20:56:29,792][flwr][INFO] - configure_evaluate: strategy sampled 2 clients (out of 50)
[2024-09-30 20:56:31,924][flwr][INFO] - aggregate_evaluate: received 2 results and 0 failures
[2024-09-30 20:56:31,924][flwr][INFO] - 
[2024-09-30 20:56:31,924][flwr][INFO] - [ROUND 13]
[2024-09-30 20:56:31,924][flwr][INFO] - configure_fit: strategy sampled 5 clients (out of 50)
[2024-09-30 20:57:57,558][flwr][INFO] - aggregate_fit: received 5 results and 0 failures
[2024-09-30 20:58:14,261][flwr][INFO] - fit progress: (13, 98.92266620323062, {'accuracy': 0.8551532033426184}, 1224.8326163841411)
[2024-09-30 20:58:14,261][flwr][INFO] - configure_evaluate: strategy sampled 2 clients (out of 50)
[2024-09-30 20:58:15,877][flwr][INFO] - aggregate_evaluate: received 2 results and 0 failures
[2024-09-30 20:58:15,878][flwr][INFO] - 
[2024-09-30 20:58:15,878][flwr][INFO] - [ROUND 14]
[2024-09-30 20:58:15,878][flwr][INFO] - configure_fit: strategy sampled 5 clients (out of 50)
[2024-09-30 20:59:02,964][flwr][INFO] - aggregate_fit: received 5 results and 0 failures
[2024-09-30 20:59:19,237][flwr][INFO] - fit progress: (14, 120.80328272283077, {'accuracy': 0.8279944289693594}, 1289.8086710679345)
[2024-09-30 20:59:19,238][flwr][INFO] - configure_evaluate: strategy sampled 2 clients (out of 50)
[2024-09-30 20:59:21,490][flwr][INFO] - aggregate_evaluate: received 2 results and 0 failures
[2024-09-30 20:59:21,490][flwr][INFO] - 
[2024-09-30 20:59:21,490][flwr][INFO] - [ROUND 15]
[2024-09-30 20:59:21,490][flwr][INFO] - configure_fit: strategy sampled 5 clients (out of 50)
[2024-09-30 21:00:37,967][flwr][INFO] - aggregate_fit: received 5 results and 0 failures
[2024-09-30 21:00:54,399][flwr][INFO] - fit progress: (15, 128.044413626194, {'accuracy': 0.7915041782729805}, 1384.9702710960992)
[2024-09-30 21:00:54,399][flwr][INFO] - configure_evaluate: strategy sampled 2 clients (out of 50)
[2024-09-30 21:00:56,992][flwr][INFO] - aggregate_evaluate: received 2 results and 0 failures
[2024-09-30 21:00:56,993][flwr][INFO] - 
[2024-09-30 21:00:56,993][flwr][INFO] - [ROUND 16]
[2024-09-30 21:00:56,993][flwr][INFO] - configure_fit: strategy sampled 5 clients (out of 50)
[2024-09-30 21:02:08,055][flwr][INFO] - aggregate_fit: received 5 results and 0 failures
[2024-09-30 21:02:25,115][flwr][INFO] - fit progress: (16, 138.3026896044612, {'accuracy': 0.8405292479108635}, 1475.686523776967)
[2024-09-30 21:02:25,115][flwr][INFO] - configure_evaluate: strategy sampled 2 clients (out of 50)
[2024-09-30 21:02:27,022][flwr][INFO] - aggregate_evaluate: received 2 results and 0 failures
[2024-09-30 21:02:27,022][flwr][INFO] - 
[2024-09-30 21:02:27,023][flwr][INFO] - [ROUND 17]
[2024-09-30 21:02:27,023][flwr][INFO] - configure_fit: strategy sampled 5 clients (out of 50)
[2024-09-30 21:03:22,649][flwr][INFO] - aggregate_fit: received 5 results and 0 failures
[2024-09-30 21:03:39,070][flwr][INFO] - fit progress: (17, 95.76987121999264, {'accuracy': 0.8479108635097493}, 1549.6417950862087)
[2024-09-30 21:03:39,071][flwr][INFO] - configure_evaluate: strategy sampled 2 clients (out of 50)
[2024-09-30 21:03:40,782][flwr][INFO] - aggregate_evaluate: received 2 results and 0 failures
[2024-09-30 21:03:40,782][flwr][INFO] - 
[2024-09-30 21:03:40,782][flwr][INFO] - [ROUND 18]
[2024-09-30 21:03:40,782][flwr][INFO] - configure_fit: strategy sampled 5 clients (out of 50)
[2024-09-30 21:04:23,873][flwr][INFO] - aggregate_fit: received 5 results and 0 failures
[2024-09-30 21:04:40,795][flwr][INFO] - fit progress: (18, 156.78460206091404, {'accuracy': 0.7940111420612813}, 1611.3660737541504)
[2024-09-30 21:04:40,795][flwr][INFO] - configure_evaluate: strategy sampled 2 clients (out of 50)
[2024-09-30 21:04:42,973][flwr][INFO] - aggregate_evaluate: received 2 results and 0 failures
[2024-09-30 21:04:42,973][flwr][INFO] - 
[2024-09-30 21:04:42,973][flwr][INFO] - [ROUND 19]
[2024-09-30 21:04:42,973][flwr][INFO] - configure_fit: strategy sampled 5 clients (out of 50)
[2024-09-30 21:05:39,504][flwr][INFO] - aggregate_fit: received 5 results and 0 failures
[2024-09-30 21:05:56,021][flwr][INFO] - fit progress: (19, 151.24402871727943, {'accuracy': 0.7835654596100279}, 1686.5929013630375)
[2024-09-30 21:05:56,022][flwr][INFO] - configure_evaluate: strategy sampled 2 clients (out of 50)
[2024-09-30 21:05:58,032][flwr][INFO] - aggregate_evaluate: received 2 results and 0 failures
[2024-09-30 21:05:58,033][flwr][INFO] - 
[2024-09-30 21:05:58,033][flwr][INFO] - [ROUND 20]
[2024-09-30 21:05:58,033][flwr][INFO] - configure_fit: strategy sampled 5 clients (out of 50)
[2024-09-30 21:07:58,579][flwr][INFO] - aggregate_fit: received 5 results and 0 failures
[2024-09-30 21:08:16,260][flwr][INFO] - fit progress: (20, 113.1911776587367, {'accuracy': 0.843175487465181}, 1826.831601513084)
[2024-09-30 21:08:16,260][flwr][INFO] - configure_evaluate: strategy sampled 2 clients (out of 50)
[2024-09-30 21:08:18,566][flwr][INFO] - aggregate_evaluate: received 2 results and 0 failures
[2024-09-30 21:08:18,566][flwr][INFO] - 
[2024-09-30 21:08:18,567][flwr][INFO] - [ROUND 21]
[2024-09-30 21:08:18,567][flwr][INFO] - configure_fit: strategy sampled 5 clients (out of 50)
[2024-09-30 21:09:57,392][flwr][INFO] - aggregate_fit: received 5 results and 0 failures
[2024-09-30 21:10:15,504][flwr][INFO] - fit progress: (21, 110.97904259711504, {'accuracy': 0.8479108635097493}, 1946.0751731861383)
[2024-09-30 21:10:15,504][flwr][INFO] - configure_evaluate: strategy sampled 2 clients (out of 50)
[2024-09-30 21:10:17,513][flwr][INFO] - aggregate_evaluate: received 2 results and 0 failures
[2024-09-30 21:10:17,514][flwr][INFO] - 
[2024-09-30 21:10:17,514][flwr][INFO] - [ROUND 22]
[2024-09-30 21:10:17,514][flwr][INFO] - configure_fit: strategy sampled 5 clients (out of 50)
[2024-09-30 21:11:15,716][flwr][INFO] - aggregate_fit: received 5 results and 0 failures
[2024-09-30 21:11:32,290][flwr][INFO] - fit progress: (22, 147.58265299350023, {'accuracy': 0.7852367688022284}, 2022.8615520377643)
[2024-09-30 21:11:32,290][flwr][INFO] - configure_evaluate: strategy sampled 2 clients (out of 50)
[2024-09-30 21:11:35,034][flwr][INFO] - aggregate_evaluate: received 2 results and 0 failures
[2024-09-30 21:11:35,035][flwr][INFO] - 
[2024-09-30 21:11:35,035][flwr][INFO] - [ROUND 23]
[2024-09-30 21:11:35,035][flwr][INFO] - configure_fit: strategy sampled 5 clients (out of 50)
[2024-09-30 21:12:25,614][flwr][INFO] - aggregate_fit: received 5 results and 0 failures
[2024-09-30 21:12:42,194][flwr][INFO] - fit progress: (23, 178.0697868913412, {'accuracy': 0.7817548746518106}, 2092.7658540140837)
[2024-09-30 21:12:42,195][flwr][INFO] - configure_evaluate: strategy sampled 2 clients (out of 50)
[2024-09-30 21:12:44,358][flwr][INFO] - aggregate_evaluate: received 2 results and 0 failures
[2024-09-30 21:12:44,358][flwr][INFO] - 
[2024-09-30 21:12:44,359][flwr][INFO] - [ROUND 24]
[2024-09-30 21:12:44,359][flwr][INFO] - configure_fit: strategy sampled 5 clients (out of 50)
[2024-09-30 21:13:54,478][flwr][INFO] - aggregate_fit: received 5 results and 0 failures
[2024-09-30 21:14:10,894][flwr][INFO] - fit progress: (24, 110.00183121114969, {'accuracy': 0.834958217270195}, 2181.465151442215)
[2024-09-30 21:14:10,894][flwr][INFO] - configure_evaluate: strategy sampled 2 clients (out of 50)
[2024-09-30 21:14:13,110][flwr][INFO] - aggregate_evaluate: received 2 results and 0 failures
[2024-09-30 21:14:13,111][flwr][INFO] - 
[2024-09-30 21:14:13,111][flwr][INFO] - [ROUND 25]
[2024-09-30 21:14:13,111][flwr][INFO] - configure_fit: strategy sampled 5 clients (out of 50)
[2024-09-30 21:15:20,456][flwr][INFO] - aggregate_fit: received 5 results and 0 failures
[2024-09-30 21:15:36,761][flwr][INFO] - fit progress: (25, 109.01674510538578, {'accuracy': 0.8463788300835655}, 2267.332714845892)
[2024-09-30 21:15:36,762][flwr][INFO] - configure_evaluate: strategy sampled 2 clients (out of 50)
[2024-09-30 21:15:39,015][flwr][INFO] - aggregate_evaluate: received 2 results and 0 failures
[2024-09-30 21:15:39,016][flwr][INFO] - 
[2024-09-30 21:15:39,016][flwr][INFO] - [ROUND 26]
[2024-09-30 21:15:39,017][flwr][INFO] - configure_fit: strategy sampled 5 clients (out of 50)
[2024-09-30 21:16:53,455][flwr][INFO] - aggregate_fit: received 5 results and 0 failures
[2024-09-30 21:17:09,778][flwr][INFO] - fit progress: (26, 131.41564525663853, {'accuracy': 0.8622562674094707}, 2360.349742106162)
[2024-09-30 21:17:09,779][flwr][INFO] - configure_evaluate: strategy sampled 2 clients (out of 50)
[2024-09-30 21:17:12,067][flwr][INFO] - aggregate_evaluate: received 2 results and 0 failures
[2024-09-30 21:17:12,067][flwr][INFO] - 
[2024-09-30 21:17:12,068][flwr][INFO] - [ROUND 27]
[2024-09-30 21:17:12,068][flwr][INFO] - configure_fit: strategy sampled 5 clients (out of 50)
[2024-09-30 21:18:08,084][flwr][INFO] - aggregate_fit: received 5 results and 0 failures
[2024-09-30 21:18:24,542][flwr][INFO] - fit progress: (27, 77.89369938522577, {'accuracy': 0.887883008356546}, 2435.113855820149)
[2024-09-30 21:18:24,543][flwr][INFO] - configure_evaluate: strategy sampled 2 clients (out of 50)
[2024-09-30 21:18:26,565][flwr][INFO] - aggregate_evaluate: received 2 results and 0 failures
[2024-09-30 21:18:26,565][flwr][INFO] - 
[2024-09-30 21:18:26,566][flwr][INFO] - [ROUND 28]
[2024-09-30 21:18:26,566][flwr][INFO] - configure_fit: strategy sampled 5 clients (out of 50)
[2024-09-30 21:19:22,638][flwr][INFO] - aggregate_fit: received 5 results and 0 failures
[2024-09-30 21:19:39,195][flwr][INFO] - fit progress: (28, 85.30123245343566, {'accuracy': 0.8759052924791086}, 2509.76668020105)
[2024-09-30 21:19:39,196][flwr][INFO] - configure_evaluate: strategy sampled 2 clients (out of 50)
[2024-09-30 21:19:41,147][flwr][INFO] - aggregate_evaluate: received 2 results and 0 failures
[2024-09-30 21:19:41,148][flwr][INFO] - 
[2024-09-30 21:19:41,148][flwr][INFO] - [ROUND 29]
[2024-09-30 21:19:41,148][flwr][INFO] - configure_fit: strategy sampled 5 clients (out of 50)
[2024-09-30 21:21:00,050][flwr][INFO] - aggregate_fit: received 5 results and 0 failures
[2024-09-30 21:21:18,562][flwr][INFO] - fit progress: (29, 119.1523892134428, {'accuracy': 0.848050139275766}, 2609.1336620058864)
[2024-09-30 21:21:18,562][flwr][INFO] - configure_evaluate: strategy sampled 2 clients (out of 50)
[2024-09-30 21:21:20,834][flwr][INFO] - aggregate_evaluate: received 2 results and 0 failures
[2024-09-30 21:21:20,835][flwr][INFO] - 
[2024-09-30 21:21:20,835][flwr][INFO] - [ROUND 30]
[2024-09-30 21:21:20,835][flwr][INFO] - configure_fit: strategy sampled 5 clients (out of 50)
[2024-09-30 21:22:41,100][flwr][INFO] - aggregate_fit: received 5 results and 0 failures
[2024-09-30 21:22:57,584][flwr][INFO] - fit progress: (30, 98.51266583427787, {'accuracy': 0.8552924791086352}, 2708.1552857849747)
[2024-09-30 21:22:57,584][flwr][INFO] - configure_evaluate: strategy sampled 2 clients (out of 50)
[2024-09-30 21:22:59,501][flwr][INFO] - aggregate_evaluate: received 2 results and 0 failures
[2024-09-30 21:22:59,503][flwr][INFO] - 
[2024-09-30 21:22:59,503][flwr][INFO] - [ROUND 31]
[2024-09-30 21:22:59,503][flwr][INFO] - configure_fit: strategy sampled 5 clients (out of 50)
[2024-09-30 21:24:35,032][flwr][INFO] - aggregate_fit: received 5 results and 0 failures
[2024-09-30 21:24:51,262][flwr][INFO] - fit progress: (31, 103.0946356318891, {'accuracy': 0.8671309192200557}, 2821.8330071708187)
[2024-09-30 21:24:51,262][flwr][INFO] - configure_evaluate: strategy sampled 2 clients (out of 50)
[2024-09-30 21:24:53,773][flwr][INFO] - aggregate_evaluate: received 2 results and 0 failures
[2024-09-30 21:24:53,773][flwr][INFO] - 
[2024-09-30 21:24:53,773][flwr][INFO] - [ROUND 32]
[2024-09-30 21:24:53,773][flwr][INFO] - configure_fit: strategy sampled 5 clients (out of 50)
[2024-09-30 21:26:30,487][flwr][INFO] - aggregate_fit: received 5 results and 0 failures
[2024-09-30 21:26:46,756][flwr][INFO] - fit progress: (32, 112.14289448410273, {'accuracy': 0.8498607242339833}, 2937.327742340043)
[2024-09-30 21:26:46,757][flwr][INFO] - configure_evaluate: strategy sampled 2 clients (out of 50)
[2024-09-30 21:26:49,370][flwr][INFO] - aggregate_evaluate: received 2 results and 0 failures
[2024-09-30 21:26:49,371][flwr][INFO] - 
[2024-09-30 21:26:49,372][flwr][INFO] - [ROUND 33]
[2024-09-30 21:26:49,372][flwr][INFO] - configure_fit: strategy sampled 5 clients (out of 50)
[2024-09-30 21:27:51,905][flwr][INFO] - aggregate_fit: received 5 results and 0 failures
[2024-09-30 21:28:10,529][flwr][INFO] - fit progress: (33, 100.19650481268764, {'accuracy': 0.8823119777158774}, 3021.1002811291255)
[2024-09-30 21:28:10,529][flwr][INFO] - configure_evaluate: strategy sampled 2 clients (out of 50)
[2024-09-30 21:28:12,571][flwr][INFO] - aggregate_evaluate: received 2 results and 0 failures
[2024-09-30 21:28:12,572][flwr][INFO] - 
[2024-09-30 21:28:12,572][flwr][INFO] - [ROUND 34]
[2024-09-30 21:28:12,572][flwr][INFO] - configure_fit: strategy sampled 5 clients (out of 50)
[2024-09-30 21:29:20,146][flwr][INFO] - aggregate_fit: received 5 results and 0 failures
[2024-09-30 21:29:36,663][flwr][INFO] - fit progress: (34, 165.29176820069551, {'accuracy': 0.7981894150417828}, 3107.2349956049584)
[2024-09-30 21:29:36,664][flwr][INFO] - configure_evaluate: strategy sampled 2 clients (out of 50)
[2024-09-30 21:29:39,255][flwr][INFO] - aggregate_evaluate: received 2 results and 0 failures
[2024-09-30 21:29:39,256][flwr][INFO] - 
[2024-09-30 21:29:39,256][flwr][INFO] - [ROUND 35]
[2024-09-30 21:29:39,256][flwr][INFO] - configure_fit: strategy sampled 5 clients (out of 50)
[2024-09-30 21:30:57,530][flwr][INFO] - aggregate_fit: received 5 results and 0 failures
[2024-09-30 21:31:15,975][flwr][INFO] - fit progress: (35, 123.1900332942605, {'accuracy': 0.836908077994429}, 3206.546527728904)
[2024-09-30 21:31:15,976][flwr][INFO] - configure_evaluate: strategy sampled 2 clients (out of 50)
[2024-09-30 21:31:18,441][flwr][INFO] - aggregate_evaluate: received 2 results and 0 failures
[2024-09-30 21:31:18,442][flwr][INFO] - 
[2024-09-30 21:31:18,442][flwr][INFO] - [ROUND 36]
[2024-09-30 21:31:18,443][flwr][INFO] - configure_fit: strategy sampled 5 clients (out of 50)
[2024-09-30 21:32:24,915][flwr][INFO] - aggregate_fit: received 5 results and 0 failures
[2024-09-30 21:32:41,374][flwr][INFO] - fit progress: (36, 126.48332945257425, {'accuracy': 0.8307799442896936}, 3291.946045225952)
[2024-09-30 21:32:41,375][flwr][INFO] - configure_evaluate: strategy sampled 2 clients (out of 50)
[2024-09-30 21:32:43,398][flwr][INFO] - aggregate_evaluate: received 2 results and 0 failures
[2024-09-30 21:32:43,399][flwr][INFO] - 
[2024-09-30 21:32:43,400][flwr][INFO] - [ROUND 37]
[2024-09-30 21:32:43,400][flwr][INFO] - configure_fit: strategy sampled 5 clients (out of 50)
[2024-09-30 21:34:06,535][flwr][INFO] - aggregate_fit: received 5 results and 0 failures
[2024-09-30 21:34:22,956][flwr][INFO] - fit progress: (37, 141.98487727344036, {'accuracy': 0.8229805013927577}, 3393.5277557619847)
[2024-09-30 21:34:22,957][flwr][INFO] - configure_evaluate: strategy sampled 2 clients (out of 50)
[2024-09-30 21:34:24,789][flwr][INFO] - aggregate_evaluate: received 2 results and 0 failures
[2024-09-30 21:34:24,789][flwr][INFO] - 
[2024-09-30 21:34:24,789][flwr][INFO] - [ROUND 38]
[2024-09-30 21:34:24,790][flwr][INFO] - configure_fit: strategy sampled 5 clients (out of 50)
[2024-09-30 21:36:07,590][flwr][INFO] - aggregate_fit: received 5 results and 0 failures
[2024-09-30 21:36:24,879][flwr][INFO] - fit progress: (38, 152.42945651710033, {'accuracy': 0.7876044568245125}, 3515.4508526241407)
[2024-09-30 21:36:24,880][flwr][INFO] - configure_evaluate: strategy sampled 2 clients (out of 50)
[2024-09-30 21:36:27,421][flwr][INFO] - aggregate_evaluate: received 2 results and 0 failures
[2024-09-30 21:36:27,421][flwr][INFO] - 
[2024-09-30 21:36:27,421][flwr][INFO] - [ROUND 39]
[2024-09-30 21:36:27,422][flwr][INFO] - configure_fit: strategy sampled 5 clients (out of 50)
[2024-09-30 21:37:19,581][flwr][INFO] - aggregate_fit: received 5 results and 0 failures
[2024-09-30 21:37:36,569][flwr][INFO] - fit progress: (39, 167.99561285972595, {'accuracy': 0.8384401114206128}, 3587.140801927075)
[2024-09-30 21:37:36,570][flwr][INFO] - configure_evaluate: strategy sampled 2 clients (out of 50)
[2024-09-30 21:37:38,560][flwr][INFO] - aggregate_evaluate: received 2 results and 0 failures
[2024-09-30 21:37:38,560][flwr][INFO] - 
[2024-09-30 21:37:38,560][flwr][INFO] - [ROUND 40]
[2024-09-30 21:37:38,561][flwr][INFO] - configure_fit: strategy sampled 5 clients (out of 50)
[2024-09-30 21:39:05,874][flwr][INFO] - aggregate_fit: received 5 results and 0 failures
[2024-09-30 21:39:22,377][flwr][INFO] - fit progress: (40, 144.2171611264348, {'accuracy': 0.8176880222841225}, 3692.9481038148515)
[2024-09-30 21:39:22,377][flwr][INFO] - configure_evaluate: strategy sampled 2 clients (out of 50)
[2024-09-30 21:39:24,606][flwr][INFO] - aggregate_evaluate: received 2 results and 0 failures
[2024-09-30 21:39:24,606][flwr][INFO] - 
[2024-09-30 21:39:24,607][flwr][INFO] - [ROUND 41]
[2024-09-30 21:39:24,607][flwr][INFO] - configure_fit: strategy sampled 5 clients (out of 50)
[2024-09-30 21:40:27,994][flwr][INFO] - aggregate_fit: received 5 results and 0 failures
[2024-09-30 21:40:46,627][flwr][INFO] - fit progress: (41, 133.70944599434733, {'accuracy': 0.8455431754874652}, 3777.1984604108147)
[2024-09-30 21:40:46,628][flwr][INFO] - configure_evaluate: strategy sampled 2 clients (out of 50)
[2024-09-30 21:40:48,486][flwr][INFO] - aggregate_evaluate: received 2 results and 0 failures
[2024-09-30 21:40:48,486][flwr][INFO] - 
[2024-09-30 21:40:48,486][flwr][INFO] - [ROUND 42]
[2024-09-30 21:40:48,488][flwr][INFO] - configure_fit: strategy sampled 5 clients (out of 50)
[2024-09-30 21:42:04,898][flwr][INFO] - aggregate_fit: received 5 results and 0 failures
[2024-09-30 21:42:22,506][flwr][INFO] - fit progress: (42, 128.89496245235205, {'accuracy': 0.8465181058495822}, 3873.077285343781)
[2024-09-30 21:42:22,506][flwr][INFO] - configure_evaluate: strategy sampled 2 clients (out of 50)
[2024-09-30 21:42:24,467][flwr][INFO] - aggregate_evaluate: received 2 results and 0 failures
[2024-09-30 21:42:24,467][flwr][INFO] - 
[2024-09-30 21:42:24,467][flwr][INFO] - [ROUND 43]
[2024-09-30 21:42:24,467][flwr][INFO] - configure_fit: strategy sampled 5 clients (out of 50)
[2024-09-30 21:43:48,223][flwr][INFO] - aggregate_fit: received 5 results and 0 failures
[2024-09-30 21:44:04,792][flwr][INFO] - fit progress: (43, 99.42656841129065, {'accuracy': 0.8632311977715877}, 3975.363610188011)
[2024-09-30 21:44:04,792][flwr][INFO] - configure_evaluate: strategy sampled 2 clients (out of 50)
[2024-09-30 21:44:06,685][flwr][INFO] - aggregate_evaluate: received 2 results and 0 failures
[2024-09-30 21:44:06,685][flwr][INFO] - 
[2024-09-30 21:44:06,685][flwr][INFO] - [ROUND 44]
[2024-09-30 21:44:06,685][flwr][INFO] - configure_fit: strategy sampled 5 clients (out of 50)
[2024-09-30 21:45:11,455][flwr][INFO] - aggregate_fit: received 5 results and 0 failures
[2024-09-30 21:45:28,068][flwr][INFO] - fit progress: (44, 94.59440319240093, {'accuracy': 0.8732590529247911}, 4058.63961867895)
[2024-09-30 21:45:28,069][flwr][INFO] - configure_evaluate: strategy sampled 2 clients (out of 50)
[2024-09-30 21:45:30,146][flwr][INFO] - aggregate_evaluate: received 2 results and 0 failures
[2024-09-30 21:45:30,146][flwr][INFO] - 
[2024-09-30 21:45:30,146][flwr][INFO] - [ROUND 45]
[2024-09-30 21:45:30,146][flwr][INFO] - configure_fit: strategy sampled 5 clients (out of 50)
[2024-09-30 21:46:20,802][flwr][INFO] - aggregate_fit: received 5 results and 0 failures
[2024-09-30 21:46:38,366][flwr][INFO] - fit progress: (45, 106.73800692893565, {'accuracy': 0.8615598885793871}, 4128.937120669987)
[2024-09-30 21:46:38,366][flwr][INFO] - configure_evaluate: strategy sampled 2 clients (out of 50)
[2024-09-30 21:46:40,381][flwr][INFO] - aggregate_evaluate: received 2 results and 0 failures
[2024-09-30 21:46:40,381][flwr][INFO] - 
[2024-09-30 21:46:40,382][flwr][INFO] - [ROUND 46]
[2024-09-30 21:46:40,382][flwr][INFO] - configure_fit: strategy sampled 5 clients (out of 50)
[2024-09-30 21:48:05,859][flwr][INFO] - aggregate_fit: received 5 results and 0 failures
[2024-09-30 21:48:22,793][flwr][INFO] - fit progress: (46, 119.9972039423883, {'accuracy': 0.8466573816155989}, 4233.36410481995)
[2024-09-30 21:48:22,793][flwr][INFO] - configure_evaluate: strategy sampled 2 clients (out of 50)
[2024-09-30 21:48:24,954][flwr][INFO] - aggregate_evaluate: received 2 results and 0 failures
[2024-09-30 21:48:24,954][flwr][INFO] - 
[2024-09-30 21:48:24,954][flwr][INFO] - [ROUND 47]
[2024-09-30 21:48:24,955][flwr][INFO] - configure_fit: strategy sampled 5 clients (out of 50)
[2024-09-30 21:49:48,817][flwr][INFO] - aggregate_fit: received 5 results and 0 failures
[2024-09-30 21:50:05,566][flwr][INFO] - fit progress: (47, 123.57177042216063, {'accuracy': 0.8356545961002786}, 4336.137409613933)
[2024-09-30 21:50:05,566][flwr][INFO] - configure_evaluate: strategy sampled 2 clients (out of 50)
[2024-09-30 21:50:08,119][flwr][INFO] - aggregate_evaluate: received 2 results and 0 failures
[2024-09-30 21:50:08,119][flwr][INFO] - 
[2024-09-30 21:50:08,119][flwr][INFO] - [ROUND 48]
[2024-09-30 21:50:08,119][flwr][INFO] - configure_fit: strategy sampled 5 clients (out of 50)
[2024-09-30 21:51:09,134][flwr][INFO] - aggregate_fit: received 5 results and 0 failures
[2024-09-30 21:51:25,773][flwr][INFO] - fit progress: (48, 132.09927835687995, {'accuracy': 0.8465181058495822}, 4416.344977416098)
[2024-09-30 21:51:25,774][flwr][INFO] - configure_evaluate: strategy sampled 2 clients (out of 50)
[2024-09-30 21:51:28,465][flwr][INFO] - aggregate_evaluate: received 2 results and 0 failures
[2024-09-30 21:51:28,465][flwr][INFO] - 
[2024-09-30 21:51:28,465][flwr][INFO] - [ROUND 49]
[2024-09-30 21:51:28,465][flwr][INFO] - configure_fit: strategy sampled 5 clients (out of 50)
[2024-09-30 21:52:11,061][flwr][INFO] - aggregate_fit: received 5 results and 0 failures
[2024-09-30 21:52:27,473][flwr][INFO] - fit progress: (49, 133.17496332153678, {'accuracy': 0.8564066852367688}, 4478.044219553005)
[2024-09-30 21:52:27,473][flwr][INFO] - configure_evaluate: strategy sampled 2 clients (out of 50)
[2024-09-30 21:52:29,239][flwr][INFO] - aggregate_evaluate: received 2 results and 0 failures
[2024-09-30 21:52:29,240][flwr][INFO] - 
[2024-09-30 21:52:29,240][flwr][INFO] - [ROUND 50]
[2024-09-30 21:52:29,240][flwr][INFO] - configure_fit: strategy sampled 5 clients (out of 50)
[2024-09-30 21:53:41,261][flwr][INFO] - aggregate_fit: received 5 results and 0 failures
[2024-09-30 21:53:57,805][flwr][INFO] - fit progress: (50, 116.98487373068929, {'accuracy': 0.8516713091922006}, 4568.37682015216)
[2024-09-30 21:53:57,806][flwr][INFO] - configure_evaluate: strategy sampled 2 clients (out of 50)
[2024-09-30 21:53:59,735][flwr][INFO] - aggregate_evaluate: received 2 results and 0 failures
[2024-09-30 21:53:59,735][flwr][INFO] - 
[2024-09-30 21:53:59,735][flwr][INFO] - [ROUND 51]
[2024-09-30 21:53:59,736][flwr][INFO] - configure_fit: strategy sampled 5 clients (out of 50)
[2024-09-30 21:55:03,651][flwr][INFO] - aggregate_fit: received 5 results and 0 failures
[2024-09-30 21:55:22,369][flwr][INFO] - fit progress: (51, 124.12508187815547, {'accuracy': 0.8547353760445683}, 4652.940135484096)
[2024-09-30 21:55:22,369][flwr][INFO] - configure_evaluate: strategy sampled 2 clients (out of 50)
[2024-09-30 21:55:24,682][flwr][INFO] - aggregate_evaluate: received 2 results and 0 failures
[2024-09-30 21:55:24,682][flwr][INFO] - 
[2024-09-30 21:55:24,682][flwr][INFO] - [ROUND 52]
[2024-09-30 21:55:24,682][flwr][INFO] - configure_fit: strategy sampled 5 clients (out of 50)
[2024-09-30 21:56:10,298][flwr][INFO] - aggregate_fit: received 5 results and 0 failures
[2024-09-30 21:56:28,750][flwr][INFO] - fit progress: (52, 96.8703015036881, {'accuracy': 0.8700557103064067}, 4719.321889777202)
[2024-09-30 21:56:28,751][flwr][INFO] - configure_evaluate: strategy sampled 2 clients (out of 50)
[2024-09-30 21:56:30,710][flwr][INFO] - aggregate_evaluate: received 2 results and 0 failures
[2024-09-30 21:56:30,711][flwr][INFO] - 
[2024-09-30 21:56:30,711][flwr][INFO] - [ROUND 53]
[2024-09-30 21:56:30,711][flwr][INFO] - configure_fit: strategy sampled 5 clients (out of 50)
[2024-09-30 21:58:03,378][flwr][INFO] - aggregate_fit: received 5 results and 0 failures
[2024-09-30 21:58:22,111][flwr][INFO] - fit progress: (53, 93.77738170325756, {'accuracy': 0.8710306406685236}, 4832.682557568885)
[2024-09-30 21:58:22,111][flwr][INFO] - configure_evaluate: strategy sampled 2 clients (out of 50)
[2024-09-30 21:58:23,976][flwr][INFO] - aggregate_evaluate: received 2 results and 0 failures
[2024-09-30 21:58:23,977][flwr][INFO] - 
[2024-09-30 21:58:23,977][flwr][INFO] - [ROUND 54]
[2024-09-30 21:58:23,977][flwr][INFO] - configure_fit: strategy sampled 5 clients (out of 50)
[2024-09-30 21:59:37,830][flwr][INFO] - aggregate_fit: received 5 results and 0 failures
[2024-09-30 21:59:56,081][flwr][INFO] - fit progress: (54, 93.28604794666171, {'accuracy': 0.8795264623955432}, 4926.652112531941)
[2024-09-30 21:59:56,081][flwr][INFO] - configure_evaluate: strategy sampled 2 clients (out of 50)
[2024-09-30 21:59:58,014][flwr][INFO] - aggregate_evaluate: received 2 results and 0 failures
[2024-09-30 21:59:58,014][flwr][INFO] - 
[2024-09-30 21:59:58,015][flwr][INFO] - [ROUND 55]
[2024-09-30 21:59:58,015][flwr][INFO] - configure_fit: strategy sampled 5 clients (out of 50)
[2024-09-30 22:00:46,986][flwr][INFO] - aggregate_fit: received 5 results and 0 failures
[2024-09-30 22:01:05,810][flwr][INFO] - fit progress: (55, 177.07732957601547, {'accuracy': 0.7959610027855153}, 4996.381551508792)
[2024-09-30 22:01:05,810][flwr][INFO] - configure_evaluate: strategy sampled 2 clients (out of 50)
[2024-09-30 22:01:08,150][flwr][INFO] - aggregate_evaluate: received 2 results and 0 failures
[2024-09-30 22:01:08,150][flwr][INFO] - 
[2024-09-30 22:01:08,150][flwr][INFO] - [ROUND 56]
[2024-09-30 22:01:08,150][flwr][INFO] - configure_fit: strategy sampled 5 clients (out of 50)
[2024-09-30 22:02:45,007][flwr][INFO] - aggregate_fit: received 5 results and 0 failures
[2024-09-30 22:03:03,628][flwr][INFO] - fit progress: (56, 114.86543411761522, {'accuracy': 0.8409470752089137}, 5114.199383023195)
[2024-09-30 22:03:03,628][flwr][INFO] - configure_evaluate: strategy sampled 2 clients (out of 50)
[2024-09-30 22:03:05,927][flwr][INFO] - aggregate_evaluate: received 2 results and 0 failures
[2024-09-30 22:03:05,927][flwr][INFO] - 
[2024-09-30 22:03:05,927][flwr][INFO] - [ROUND 57]
[2024-09-30 22:03:05,927][flwr][INFO] - configure_fit: strategy sampled 5 clients (out of 50)
[2024-09-30 22:04:06,755][flwr][INFO] - aggregate_fit: received 5 results and 0 failures
[2024-09-30 22:04:24,922][flwr][INFO] - fit progress: (57, 121.42281334102154, {'accuracy': 0.8506963788300835}, 5195.493360510096)
[2024-09-30 22:04:24,922][flwr][INFO] - configure_evaluate: strategy sampled 2 clients (out of 50)
[2024-09-30 22:04:27,525][flwr][INFO] - aggregate_evaluate: received 2 results and 0 failures
[2024-09-30 22:04:27,525][flwr][INFO] - 
[2024-09-30 22:04:27,525][flwr][INFO] - [ROUND 58]
[2024-09-30 22:04:27,525][flwr][INFO] - configure_fit: strategy sampled 5 clients (out of 50)
[2024-09-30 22:05:32,898][flwr][INFO] - aggregate_fit: received 5 results and 0 failures
[2024-09-30 22:05:50,269][flwr][INFO] - fit progress: (58, 125.70443996042013, {'accuracy': 0.8389972144846797}, 5280.8400972248055)
[2024-09-30 22:05:50,269][flwr][INFO] - configure_evaluate: strategy sampled 2 clients (out of 50)
[2024-09-30 22:05:52,510][flwr][INFO] - aggregate_evaluate: received 2 results and 0 failures
[2024-09-30 22:05:52,510][flwr][INFO] - 
[2024-09-30 22:05:52,511][flwr][INFO] - [ROUND 59]
[2024-09-30 22:05:52,511][flwr][INFO] - configure_fit: strategy sampled 5 clients (out of 50)
[2024-09-30 22:06:53,366][flwr][INFO] - aggregate_fit: received 5 results and 0 failures
[2024-09-30 22:07:10,256][flwr][INFO] - fit progress: (59, 129.32672441005707, {'accuracy': 0.844150417827298}, 5360.827783561777)
[2024-09-30 22:07:10,257][flwr][INFO] - configure_evaluate: strategy sampled 2 clients (out of 50)
[2024-09-30 22:07:12,466][flwr][INFO] - aggregate_evaluate: received 2 results and 0 failures
[2024-09-30 22:07:12,466][flwr][INFO] - 
[2024-09-30 22:07:12,467][flwr][INFO] - [ROUND 60]
[2024-09-30 22:07:12,467][flwr][INFO] - configure_fit: strategy sampled 5 clients (out of 50)
[2024-09-30 22:08:25,784][flwr][INFO] - aggregate_fit: received 5 results and 0 failures
[2024-09-30 22:08:42,455][flwr][INFO] - fit progress: (60, 169.083242431283, {'accuracy': 0.7905292479108635}, 5453.02606811095)
[2024-09-30 22:08:42,455][flwr][INFO] - configure_evaluate: strategy sampled 2 clients (out of 50)
[2024-09-30 22:08:44,440][flwr][INFO] - aggregate_evaluate: received 2 results and 0 failures
[2024-09-30 22:08:44,440][flwr][INFO] - 
[2024-09-30 22:08:44,440][flwr][INFO] - [ROUND 61]
[2024-09-30 22:08:44,440][flwr][INFO] - configure_fit: strategy sampled 5 clients (out of 50)
[2024-09-30 22:09:23,879][flwr][INFO] - aggregate_fit: received 5 results and 0 failures
[2024-09-30 22:09:42,393][flwr][INFO] - fit progress: (61, 112.91388007253408, {'accuracy': 0.8674094707520892}, 5512.9644604311325)
[2024-09-30 22:09:42,394][flwr][INFO] - configure_evaluate: strategy sampled 2 clients (out of 50)
[2024-09-30 22:09:44,396][flwr][INFO] - aggregate_evaluate: received 2 results and 0 failures
[2024-09-30 22:09:44,396][flwr][INFO] - 
[2024-09-30 22:09:44,397][flwr][INFO] - [ROUND 62]
[2024-09-30 22:09:44,397][flwr][INFO] - configure_fit: strategy sampled 5 clients (out of 50)
[2024-09-30 22:10:56,324][flwr][INFO] - aggregate_fit: received 5 results and 0 failures
[2024-09-30 22:11:12,656][flwr][INFO] - fit progress: (62, 144.8635072261095, {'accuracy': 0.8243732590529248}, 5603.227791339159)
[2024-09-30 22:11:12,657][flwr][INFO] - configure_evaluate: strategy sampled 2 clients (out of 50)
[2024-09-30 22:11:14,961][flwr][INFO] - aggregate_evaluate: received 2 results and 0 failures
[2024-09-30 22:11:14,961][flwr][INFO] - 
[2024-09-30 22:11:14,961][flwr][INFO] - [ROUND 63]
[2024-09-30 22:11:14,962][flwr][INFO] - configure_fit: strategy sampled 5 clients (out of 50)
[2024-09-30 22:12:35,928][flwr][INFO] - aggregate_fit: received 5 results and 0 failures
[2024-09-30 22:12:52,377][flwr][INFO] - fit progress: (63, 110.35783078148961, {'accuracy': 0.8415041782729805}, 5702.948974429164)
[2024-09-30 22:12:52,378][flwr][INFO] - configure_evaluate: strategy sampled 2 clients (out of 50)
[2024-09-30 22:12:54,478][flwr][INFO] - aggregate_evaluate: received 2 results and 0 failures
[2024-09-30 22:12:54,478][flwr][INFO] - 
[2024-09-30 22:12:54,478][flwr][INFO] - [ROUND 64]
[2024-09-30 22:12:54,478][flwr][INFO] - configure_fit: strategy sampled 5 clients (out of 50)
[2024-09-30 22:13:53,664][flwr][INFO] - aggregate_fit: received 5 results and 0 failures
[2024-09-30 22:14:10,108][flwr][INFO] - fit progress: (64, 100.71144013851881, {'accuracy': 0.8654596100278552}, 5780.679750606883)
[2024-09-30 22:14:10,109][flwr][INFO] - configure_evaluate: strategy sampled 2 clients (out of 50)
[2024-09-30 22:14:13,054][flwr][INFO] - aggregate_evaluate: received 2 results and 0 failures
[2024-09-30 22:14:13,054][flwr][INFO] - 
[2024-09-30 22:14:13,054][flwr][INFO] - [ROUND 65]
[2024-09-30 22:14:13,055][flwr][INFO] - configure_fit: strategy sampled 5 clients (out of 50)
[2024-09-30 22:14:55,626][flwr][INFO] - aggregate_fit: received 5 results and 0 failures
[2024-09-30 22:15:13,354][flwr][INFO] - fit progress: (65, 138.67341158166528, {'accuracy': 0.8084958217270195}, 5843.925869142171)
[2024-09-30 22:15:13,355][flwr][INFO] - configure_evaluate: strategy sampled 2 clients (out of 50)
[2024-09-30 22:15:16,039][flwr][INFO] - aggregate_evaluate: received 2 results and 0 failures
[2024-09-30 22:15:16,040][flwr][INFO] - 
[2024-09-30 22:15:16,040][flwr][INFO] - [ROUND 66]
[2024-09-30 22:15:16,040][flwr][INFO] - configure_fit: strategy sampled 5 clients (out of 50)
[2024-09-30 22:16:39,058][flwr][INFO] - aggregate_fit: received 5 results and 0 failures
[2024-09-30 22:16:57,727][flwr][INFO] - fit progress: (66, 102.46264655701816, {'accuracy': 0.871866295264624}, 5948.298588430043)
[2024-09-30 22:16:57,727][flwr][INFO] - configure_evaluate: strategy sampled 2 clients (out of 50)
[2024-09-30 22:16:59,698][flwr][INFO] - aggregate_evaluate: received 2 results and 0 failures
[2024-09-30 22:16:59,698][flwr][INFO] - 
[2024-09-30 22:16:59,698][flwr][INFO] - [ROUND 67]
[2024-09-30 22:16:59,699][flwr][INFO] - configure_fit: strategy sampled 5 clients (out of 50)
[2024-09-30 22:17:55,258][flwr][INFO] - aggregate_fit: received 5 results and 0 failures
[2024-09-30 22:18:13,772][flwr][INFO] - fit progress: (67, 109.13909300602973, {'accuracy': 0.8682451253481894}, 6024.343581235968)
[2024-09-30 22:18:13,772][flwr][INFO] - configure_evaluate: strategy sampled 2 clients (out of 50)
[2024-09-30 22:18:15,541][flwr][INFO] - aggregate_evaluate: received 2 results and 0 failures
[2024-09-30 22:18:15,542][flwr][INFO] - 
[2024-09-30 22:18:15,542][flwr][INFO] - [ROUND 68]
[2024-09-30 22:18:15,542][flwr][INFO] - configure_fit: strategy sampled 5 clients (out of 50)
[2024-09-30 22:19:15,082][flwr][INFO] - aggregate_fit: received 5 results and 0 failures
[2024-09-30 22:19:33,488][flwr][INFO] - fit progress: (68, 100.22694884613156, {'accuracy': 0.8605849582172702}, 6104.059204671998)
[2024-09-30 22:19:33,488][flwr][INFO] - configure_evaluate: strategy sampled 2 clients (out of 50)
[2024-09-30 22:19:35,853][flwr][INFO] - aggregate_evaluate: received 2 results and 0 failures
[2024-09-30 22:19:35,854][flwr][INFO] - 
[2024-09-30 22:19:35,854][flwr][INFO] - [ROUND 69]
[2024-09-30 22:19:35,854][flwr][INFO] - configure_fit: strategy sampled 5 clients (out of 50)
[2024-09-30 22:20:55,553][flwr][INFO] - aggregate_fit: received 5 results and 0 failures
[2024-09-30 22:21:13,461][flwr][INFO] - fit progress: (69, 181.80239228904247, {'accuracy': 0.8272980501392758}, 6204.032372281887)
[2024-09-30 22:21:13,462][flwr][INFO] - configure_evaluate: strategy sampled 2 clients (out of 50)
[2024-09-30 22:21:15,366][flwr][INFO] - aggregate_evaluate: received 2 results and 0 failures
[2024-09-30 22:21:15,366][flwr][INFO] - 
[2024-09-30 22:21:15,367][flwr][INFO] - [ROUND 70]
[2024-09-30 22:21:15,367][flwr][INFO] - configure_fit: strategy sampled 5 clients (out of 50)
[2024-09-30 22:22:37,299][flwr][INFO] - aggregate_fit: received 5 results and 0 failures
[2024-09-30 22:22:55,288][flwr][INFO] - fit progress: (70, 131.99720310792327, {'accuracy': 0.8557103064066852}, 6305.8591914088465)
[2024-09-30 22:22:55,288][flwr][INFO] - configure_evaluate: strategy sampled 2 clients (out of 50)
[2024-09-30 22:22:57,342][flwr][INFO] - aggregate_evaluate: received 2 results and 0 failures
[2024-09-30 22:22:57,342][flwr][INFO] - 
[2024-09-30 22:22:57,342][flwr][INFO] - [ROUND 71]
[2024-09-30 22:22:57,342][flwr][INFO] - configure_fit: strategy sampled 5 clients (out of 50)
[2024-09-30 22:24:04,266][flwr][INFO] - aggregate_fit: received 5 results and 0 failures
[2024-09-30 22:24:22,672][flwr][INFO] - fit progress: (71, 2506.0367893874645, {'accuracy': 0.7313370473537605}, 6393.243241582997)
[2024-09-30 22:24:22,673][flwr][INFO] - configure_evaluate: strategy sampled 2 clients (out of 50)
[2024-09-30 22:24:24,755][flwr][INFO] - aggregate_evaluate: received 2 results and 0 failures
[2024-09-30 22:24:24,755][flwr][INFO] - 
[2024-09-30 22:24:24,755][flwr][INFO] - [ROUND 72]
[2024-09-30 22:24:24,755][flwr][INFO] - configure_fit: strategy sampled 5 clients (out of 50)
[2024-09-30 22:26:07,498][flwr][INFO] - aggregate_fit: received 5 results and 0 failures
[2024-09-30 22:26:25,465][flwr][INFO] - fit progress: (72, 101.22673454135656, {'accuracy': 0.8643454038997215}, 6516.036843405105)
[2024-09-30 22:26:25,466][flwr][INFO] - configure_evaluate: strategy sampled 2 clients (out of 50)
[2024-09-30 22:26:27,714][flwr][INFO] - aggregate_evaluate: received 2 results and 0 failures
[2024-09-30 22:26:27,715][flwr][INFO] - 
[2024-09-30 22:26:27,715][flwr][INFO] - [ROUND 73]
[2024-09-30 22:26:27,715][flwr][INFO] - configure_fit: strategy sampled 5 clients (out of 50)
[2024-09-30 22:28:00,427][flwr][INFO] - aggregate_fit: received 5 results and 0 failures
[2024-09-30 22:28:18,892][flwr][INFO] - fit progress: (73, 153.98985550552607, {'accuracy': 0.8220055710306406}, 6629.463450370822)
[2024-09-30 22:28:18,892][flwr][INFO] - configure_evaluate: strategy sampled 2 clients (out of 50)
[2024-09-30 22:28:20,835][flwr][INFO] - aggregate_evaluate: received 2 results and 0 failures
[2024-09-30 22:28:20,835][flwr][INFO] - 
[2024-09-30 22:28:20,836][flwr][INFO] - [ROUND 74]
[2024-09-30 22:28:20,836][flwr][INFO] - configure_fit: strategy sampled 5 clients (out of 50)
[2024-09-30 22:29:28,383][flwr][INFO] - aggregate_fit: received 5 results and 0 failures
[2024-09-30 22:29:46,741][flwr][INFO] - fit progress: (74, 109.07311982288957, {'accuracy': 0.8465181058495822}, 6717.312125835102)
[2024-09-30 22:29:46,741][flwr][INFO] - configure_evaluate: strategy sampled 2 clients (out of 50)
[2024-09-30 22:29:48,671][flwr][INFO] - aggregate_evaluate: received 2 results and 0 failures
[2024-09-30 22:29:48,671][flwr][INFO] - 
[2024-09-30 22:29:48,672][flwr][INFO] - [ROUND 75]
[2024-09-30 22:29:48,672][flwr][INFO] - configure_fit: strategy sampled 5 clients (out of 50)
[2024-09-30 22:31:08,988][flwr][INFO] - aggregate_fit: received 5 results and 0 failures
[2024-09-30 22:31:27,180][flwr][INFO] - fit progress: (75, 121.73882060497999, {'accuracy': 0.8438718662952647}, 6817.751635345165)
[2024-09-30 22:31:27,180][flwr][INFO] - configure_evaluate: strategy sampled 2 clients (out of 50)
[2024-09-30 22:31:28,869][flwr][INFO] - aggregate_evaluate: received 2 results and 0 failures
[2024-09-30 22:31:28,869][flwr][INFO] - 
[2024-09-30 22:31:28,869][flwr][INFO] - [ROUND 76]
[2024-09-30 22:31:28,869][flwr][INFO] - configure_fit: strategy sampled 5 clients (out of 50)
[2024-09-30 22:33:25,984][flwr][INFO] - aggregate_fit: received 5 results and 0 failures
[2024-09-30 22:33:43,321][flwr][INFO] - fit progress: (76, 146.2391623184085, {'accuracy': 0.8175487465181058}, 6953.892799178138)
[2024-09-30 22:33:43,322][flwr][INFO] - configure_evaluate: strategy sampled 2 clients (out of 50)
[2024-09-30 22:33:45,444][flwr][INFO] - aggregate_evaluate: received 2 results and 0 failures
[2024-09-30 22:33:45,445][flwr][INFO] - 
[2024-09-30 22:33:45,445][flwr][INFO] - [ROUND 77]
[2024-09-30 22:33:45,445][flwr][INFO] - configure_fit: strategy sampled 5 clients (out of 50)
[2024-09-30 22:35:23,287][flwr][INFO] - aggregate_fit: received 5 results and 0 failures
[2024-09-30 22:35:41,060][flwr][INFO] - fit progress: (77, 117.75915712863207, {'accuracy': 0.8573816155988858}, 7071.6315934020095)
[2024-09-30 22:35:41,060][flwr][INFO] - configure_evaluate: strategy sampled 2 clients (out of 50)
[2024-09-30 22:35:43,414][flwr][INFO] - aggregate_evaluate: received 2 results and 0 failures
[2024-09-30 22:35:43,415][flwr][INFO] - 
[2024-09-30 22:35:43,415][flwr][INFO] - [ROUND 78]
[2024-09-30 22:35:43,415][flwr][INFO] - configure_fit: strategy sampled 5 clients (out of 50)
[2024-09-30 22:36:54,170][flwr][INFO] - aggregate_fit: received 5 results and 0 failures
[2024-09-30 22:37:11,682][flwr][INFO] - fit progress: (78, 515.1195257976651, {'accuracy': 0.8114206128133705}, 7162.253763594199)
[2024-09-30 22:37:11,683][flwr][INFO] - configure_evaluate: strategy sampled 2 clients (out of 50)
[2024-09-30 22:37:13,735][flwr][INFO] - aggregate_evaluate: received 2 results and 0 failures
[2024-09-30 22:37:13,736][flwr][INFO] - 
[2024-09-30 22:37:13,736][flwr][INFO] - [ROUND 79]
[2024-09-30 22:37:13,736][flwr][INFO] - configure_fit: strategy sampled 5 clients (out of 50)
[2024-09-30 22:38:14,554][flwr][INFO] - aggregate_fit: received 5 results and 0 failures
[2024-09-30 22:38:32,979][flwr][INFO] - fit progress: (79, 1408.6068798154593, {'accuracy': 0.8324512534818942}, 7243.550707687158)
[2024-09-30 22:38:32,980][flwr][INFO] - configure_evaluate: strategy sampled 2 clients (out of 50)
[2024-09-30 22:38:35,242][flwr][INFO] - aggregate_evaluate: received 2 results and 0 failures
[2024-09-30 22:38:35,243][flwr][INFO] - 
[2024-09-30 22:38:35,243][flwr][INFO] - [ROUND 80]
[2024-09-30 22:38:35,243][flwr][INFO] - configure_fit: strategy sampled 5 clients (out of 50)
[2024-09-30 22:39:53,080][flwr][INFO] - aggregate_fit: received 5 results and 0 failures
[2024-09-30 22:40:12,060][flwr][INFO] - fit progress: (80, 114.91922506131232, {'accuracy': 0.8733983286908078}, 7342.631647345144)
[2024-09-30 22:40:12,060][flwr][INFO] - configure_evaluate: strategy sampled 2 clients (out of 50)
[2024-09-30 22:40:13,814][flwr][INFO] - aggregate_evaluate: received 2 results and 0 failures
[2024-09-30 22:40:13,815][flwr][INFO] - 
[2024-09-30 22:40:13,815][flwr][INFO] - [ROUND 81]
[2024-09-30 22:40:13,815][flwr][INFO] - configure_fit: strategy sampled 5 clients (out of 50)
[2024-09-30 22:41:04,064][flwr][INFO] - aggregate_fit: received 5 results and 0 failures
[2024-09-30 22:41:21,676][flwr][INFO] - fit progress: (81, 166.78752146661282, {'accuracy': 0.8316155988857938}, 7412.247947276104)
[2024-09-30 22:41:21,677][flwr][INFO] - configure_evaluate: strategy sampled 2 clients (out of 50)
[2024-09-30 22:41:23,855][flwr][INFO] - aggregate_evaluate: received 2 results and 0 failures
[2024-09-30 22:41:23,855][flwr][INFO] - 
[2024-09-30 22:41:23,855][flwr][INFO] - [ROUND 82]
[2024-09-30 22:41:23,855][flwr][INFO] - configure_fit: strategy sampled 5 clients (out of 50)
[2024-09-30 22:43:01,813][flwr][INFO] - aggregate_fit: received 5 results and 0 failures
[2024-09-30 22:43:19,039][flwr][INFO] - fit progress: (82, 194.61550018191338, {'accuracy': 0.7697771587743732}, 7529.610418796074)
[2024-09-30 22:43:19,039][flwr][INFO] - configure_evaluate: strategy sampled 2 clients (out of 50)
[2024-09-30 22:43:21,443][flwr][INFO] - aggregate_evaluate: received 2 results and 0 failures
[2024-09-30 22:43:21,443][flwr][INFO] - 
[2024-09-30 22:43:21,443][flwr][INFO] - [ROUND 83]
[2024-09-30 22:43:21,444][flwr][INFO] - configure_fit: strategy sampled 5 clients (out of 50)
[2024-09-30 22:44:23,619][flwr][INFO] - aggregate_fit: received 5 results and 0 failures
[2024-09-30 22:44:41,519][flwr][INFO] - fit progress: (83, 215.90160642191768, {'accuracy': 0.8516713091922006}, 7612.090679896995)
[2024-09-30 22:44:41,519][flwr][INFO] - configure_evaluate: strategy sampled 2 clients (out of 50)
[2024-09-30 22:44:44,287][flwr][INFO] - aggregate_evaluate: received 2 results and 0 failures
[2024-09-30 22:44:44,287][flwr][INFO] - 
[2024-09-30 22:44:44,287][flwr][INFO] - [ROUND 84]
[2024-09-30 22:44:44,288][flwr][INFO] - configure_fit: strategy sampled 5 clients (out of 50)
[2024-09-30 22:46:06,393][flwr][INFO] - aggregate_fit: received 5 results and 0 failures
[2024-09-30 22:46:23,590][flwr][INFO] - fit progress: (84, 173.965708874166, {'accuracy': 0.8126740947075209}, 7714.161733291112)
[2024-09-30 22:46:23,591][flwr][INFO] - configure_evaluate: strategy sampled 2 clients (out of 50)
[2024-09-30 22:46:25,585][flwr][INFO] - aggregate_evaluate: received 2 results and 0 failures
[2024-09-30 22:46:25,585][flwr][INFO] - 
[2024-09-30 22:46:25,585][flwr][INFO] - [ROUND 85]
[2024-09-30 22:46:25,587][flwr][INFO] - configure_fit: strategy sampled 5 clients (out of 50)
[2024-09-30 22:47:29,617][flwr][INFO] - aggregate_fit: received 5 results and 0 failures
[2024-09-30 22:47:46,631][flwr][INFO] - fit progress: (85, 321.8451871536672, {'accuracy': 0.8277158774373259}, 7797.202664873097)
[2024-09-30 22:47:46,632][flwr][INFO] - configure_evaluate: strategy sampled 2 clients (out of 50)
[2024-09-30 22:47:48,322][flwr][INFO] - aggregate_evaluate: received 2 results and 0 failures
[2024-09-30 22:47:48,322][flwr][INFO] - 
[2024-09-30 22:47:48,322][flwr][INFO] - [ROUND 86]
[2024-09-30 22:47:48,323][flwr][INFO] - configure_fit: strategy sampled 5 clients (out of 50)
[2024-09-30 22:48:37,461][flwr][INFO] - aggregate_fit: received 5 results and 0 failures
[2024-09-30 22:48:54,465][flwr][INFO] - fit progress: (86, 285.37386859208345, {'accuracy': 0.8523676880222841}, 7865.036719271913)
[2024-09-30 22:48:54,466][flwr][INFO] - configure_evaluate: strategy sampled 2 clients (out of 50)
[2024-09-30 22:48:56,536][flwr][INFO] - aggregate_evaluate: received 2 results and 0 failures
[2024-09-30 22:48:56,537][flwr][INFO] - 
[2024-09-30 22:48:56,537][flwr][INFO] - [ROUND 87]
[2024-09-30 22:48:56,537][flwr][INFO] - configure_fit: strategy sampled 5 clients (out of 50)
[2024-09-30 22:50:11,436][flwr][INFO] - aggregate_fit: received 5 results and 0 failures
[2024-09-30 22:50:30,549][flwr][INFO] - fit progress: (87, 123.98815029067919, {'accuracy': 0.8594707520891365}, 7961.12061527418)
[2024-09-30 22:50:30,549][flwr][INFO] - configure_evaluate: strategy sampled 2 clients (out of 50)
[2024-09-30 22:50:32,573][flwr][INFO] - aggregate_evaluate: received 2 results and 0 failures
[2024-09-30 22:50:32,574][flwr][INFO] - 
[2024-09-30 22:50:32,574][flwr][INFO] - [ROUND 88]
[2024-09-30 22:50:32,574][flwr][INFO] - configure_fit: strategy sampled 5 clients (out of 50)
[2024-09-30 22:51:16,048][flwr][INFO] - aggregate_fit: received 5 results and 0 failures
[2024-09-30 22:51:35,047][flwr][INFO] - fit progress: (88, 137.76960967853665, {'accuracy': 0.8422005571030641}, 8025.618718648795)
[2024-09-30 22:51:35,048][flwr][INFO] - configure_evaluate: strategy sampled 2 clients (out of 50)
[2024-09-30 22:51:37,759][flwr][INFO] - aggregate_evaluate: received 2 results and 0 failures
[2024-09-30 22:51:37,759][flwr][INFO] - 
[2024-09-30 22:51:37,759][flwr][INFO] - [ROUND 89]
[2024-09-30 22:51:37,759][flwr][INFO] - configure_fit: strategy sampled 5 clients (out of 50)
[2024-09-30 22:52:56,998][flwr][INFO] - aggregate_fit: received 5 results and 0 failures
[2024-09-30 22:53:15,935][flwr][INFO] - fit progress: (89, 101.97069888655096, {'accuracy': 0.8818941504178273}, 8126.506292254198)
[2024-09-30 22:53:15,935][flwr][INFO] - configure_evaluate: strategy sampled 2 clients (out of 50)
[2024-09-30 22:53:17,896][flwr][INFO] - aggregate_evaluate: received 2 results and 0 failures
[2024-09-30 22:53:17,897][flwr][INFO] - 
[2024-09-30 22:53:17,897][flwr][INFO] - [ROUND 90]
[2024-09-30 22:53:17,897][flwr][INFO] - configure_fit: strategy sampled 5 clients (out of 50)
[2024-09-30 22:54:43,888][flwr][INFO] - aggregate_fit: received 5 results and 0 failures
[2024-09-30 22:55:02,880][flwr][INFO] - fit progress: (90, 132.690592110157, {'accuracy': 0.8270194986072423}, 8233.45170392096)
[2024-09-30 22:55:02,881][flwr][INFO] - configure_evaluate: strategy sampled 2 clients (out of 50)
[2024-09-30 22:55:05,533][flwr][INFO] - aggregate_evaluate: received 2 results and 0 failures
[2024-09-30 22:55:05,533][flwr][INFO] - 
[2024-09-30 22:55:05,533][flwr][INFO] - [ROUND 91]
[2024-09-30 22:55:05,533][flwr][INFO] - configure_fit: strategy sampled 5 clients (out of 50)
[2024-09-30 22:56:00,225][flwr][INFO] - aggregate_fit: received 5 results and 0 failures
[2024-09-30 22:56:17,691][flwr][INFO] - fit progress: (91, 7369.061273952946, {'accuracy': 0.8440111420612814}, 8308.2624933552)
[2024-09-30 22:56:17,691][flwr][INFO] - configure_evaluate: strategy sampled 2 clients (out of 50)
[2024-09-30 22:56:20,112][flwr][INFO] - aggregate_evaluate: received 2 results and 0 failures
[2024-09-30 22:56:20,112][flwr][INFO] - 
[2024-09-30 22:56:20,112][flwr][INFO] - [ROUND 92]
[2024-09-30 22:56:20,113][flwr][INFO] - configure_fit: strategy sampled 5 clients (out of 50)
[2024-09-30 22:57:37,374][flwr][INFO] - aggregate_fit: received 5 results and 0 failures
[2024-09-30 22:57:54,862][flwr][INFO] - fit progress: (92, 144.78601794876158, {'accuracy': 0.8206128133704735}, 8405.433533928823)
[2024-09-30 22:57:54,862][flwr][INFO] - configure_evaluate: strategy sampled 2 clients (out of 50)
[2024-09-30 22:57:57,399][flwr][INFO] - aggregate_evaluate: received 2 results and 0 failures
[2024-09-30 22:57:57,400][flwr][INFO] - 
[2024-09-30 22:57:57,400][flwr][INFO] - [ROUND 93]
[2024-09-30 22:57:57,400][flwr][INFO] - configure_fit: strategy sampled 5 clients (out of 50)
[2024-09-30 22:59:15,561][flwr][INFO] - aggregate_fit: received 5 results and 0 failures
[2024-09-30 22:59:32,887][flwr][INFO] - fit progress: (93, 133.8532292842865, {'accuracy': 0.8564066852367688}, 8503.458635949995)
[2024-09-30 22:59:32,887][flwr][INFO] - configure_evaluate: strategy sampled 2 clients (out of 50)
[2024-09-30 22:59:35,439][flwr][INFO] - aggregate_evaluate: received 2 results and 0 failures
[2024-09-30 22:59:35,439][flwr][INFO] - 
[2024-09-30 22:59:35,439][flwr][INFO] - [ROUND 94]
[2024-09-30 22:59:35,439][flwr][INFO] - configure_fit: strategy sampled 5 clients (out of 50)
[2024-09-30 23:00:42,726][flwr][INFO] - aggregate_fit: received 5 results and 0 failures
[2024-09-30 23:01:00,527][flwr][INFO] - fit progress: (94, 154.58103338629007, {'accuracy': 0.8299442896935934}, 8591.098789598793)
[2024-09-30 23:01:00,528][flwr][INFO] - configure_evaluate: strategy sampled 2 clients (out of 50)
[2024-09-30 23:01:02,936][flwr][INFO] - aggregate_evaluate: received 2 results and 0 failures
[2024-09-30 23:01:02,936][flwr][INFO] - 
[2024-09-30 23:01:02,936][flwr][INFO] - [ROUND 95]
[2024-09-30 23:01:02,937][flwr][INFO] - configure_fit: strategy sampled 5 clients (out of 50)
[2024-09-30 23:02:27,676][flwr][INFO] - aggregate_fit: received 5 results and 0 failures
[2024-09-30 23:02:45,467][flwr][INFO] - fit progress: (95, 115.28697726130486, {'accuracy': 0.8502785515320335}, 8696.038058578037)
[2024-09-30 23:02:45,467][flwr][INFO] - configure_evaluate: strategy sampled 2 clients (out of 50)
[2024-09-30 23:02:47,569][flwr][INFO] - aggregate_evaluate: received 2 results and 0 failures
[2024-09-30 23:02:47,569][flwr][INFO] - 
[2024-09-30 23:02:47,569][flwr][INFO] - [ROUND 96]
[2024-09-30 23:02:47,569][flwr][INFO] - configure_fit: strategy sampled 5 clients (out of 50)
[2024-09-30 23:04:32,802][flwr][INFO] - aggregate_fit: received 5 results and 0 failures
[2024-09-30 23:04:50,026][flwr][INFO] - fit progress: (96, 124.94423843547702, {'accuracy': 0.8435933147632312}, 8820.597327884752)
[2024-09-30 23:04:50,026][flwr][INFO] - configure_evaluate: strategy sampled 2 clients (out of 50)
[2024-09-30 23:04:52,702][flwr][INFO] - aggregate_evaluate: received 2 results and 0 failures
[2024-09-30 23:04:52,702][flwr][INFO] - 
[2024-09-30 23:04:52,702][flwr][INFO] - [ROUND 97]
[2024-09-30 23:04:52,702][flwr][INFO] - configure_fit: strategy sampled 5 clients (out of 50)
[2024-09-30 23:06:07,926][flwr][INFO] - aggregate_fit: received 5 results and 0 failures
[2024-09-30 23:06:26,660][flwr][INFO] - fit progress: (97, 160.42695245426148, {'accuracy': 0.8332869080779944}, 8917.231332970783)
[2024-09-30 23:06:26,660][flwr][INFO] - configure_evaluate: strategy sampled 2 clients (out of 50)
[2024-09-30 23:06:28,767][flwr][INFO] - aggregate_evaluate: received 2 results and 0 failures
[2024-09-30 23:06:28,767][flwr][INFO] - 
[2024-09-30 23:06:28,768][flwr][INFO] - [ROUND 98]
[2024-09-30 23:06:28,768][flwr][INFO] - configure_fit: strategy sampled 5 clients (out of 50)
[2024-09-30 23:07:47,114][flwr][INFO] - aggregate_fit: received 5 results and 0 failures
[2024-09-30 23:08:06,580][flwr][INFO] - fit progress: (98, 132.73586058989167, {'accuracy': 0.8451253481894151}, 9017.151650119107)
[2024-09-30 23:08:06,580][flwr][INFO] - configure_evaluate: strategy sampled 2 clients (out of 50)
[2024-09-30 23:08:08,658][flwr][INFO] - aggregate_evaluate: received 2 results and 0 failures
[2024-09-30 23:08:08,659][flwr][INFO] - 
[2024-09-30 23:08:08,659][flwr][INFO] - [ROUND 99]
[2024-09-30 23:08:08,659][flwr][INFO] - configure_fit: strategy sampled 5 clients (out of 50)
[2024-09-30 23:09:35,508][flwr][INFO] - aggregate_fit: received 5 results and 0 failures
[2024-09-30 23:09:54,473][flwr][INFO] - fit progress: (99, 431.260415263474, {'accuracy': 0.8338440111420613}, 9125.044108815957)
[2024-09-30 23:09:54,473][flwr][INFO] - configure_evaluate: strategy sampled 2 clients (out of 50)
[2024-09-30 23:09:56,489][flwr][INFO] - aggregate_evaluate: received 2 results and 0 failures
[2024-09-30 23:09:56,489][flwr][INFO] - 
[2024-09-30 23:09:56,489][flwr][INFO] - [ROUND 100]
[2024-09-30 23:09:56,490][flwr][INFO] - configure_fit: strategy sampled 5 clients (out of 50)
[2024-09-30 23:11:20,984][flwr][INFO] - aggregate_fit: received 5 results and 0 failures
[2024-09-30 23:11:40,144][flwr][INFO] - fit progress: (100, 230.72497527301311, {'accuracy': 0.8149025069637883}, 9230.715745076071)
[2024-09-30 23:11:40,145][flwr][INFO] - configure_evaluate: strategy sampled 2 clients (out of 50)
[2024-09-30 23:11:42,143][flwr][INFO] - aggregate_evaluate: received 2 results and 0 failures
[2024-09-30 23:11:42,161][flwr][INFO] - 
[2024-09-30 23:11:42,161][flwr][INFO] - [SUMMARY]
[2024-09-30 23:11:42,161][flwr][INFO] - Run finished 100 round(s) in 9232.71s
[2024-09-30 23:11:42,165][flwr][INFO] - 	History (loss, distributed):
[2024-09-30 23:11:42,166][flwr][INFO] - 		round 1: 9.021689764090947
[2024-09-30 23:11:42,166][flwr][INFO] - 		round 2: 11.651018517664594
[2024-09-30 23:11:42,166][flwr][INFO] - 		round 3: 4.258098132428693
[2024-09-30 23:11:42,166][flwr][INFO] - 		round 4: 8.750960732927386
[2024-09-30 23:11:42,166][flwr][INFO] - 		round 5: 1.9072087030410767
[2024-09-30 23:11:42,166][flwr][INFO] - 		round 6: 2.1323720649988562
[2024-09-30 23:11:42,166][flwr][INFO] - 		round 7: 2.438462370810804
[2024-09-30 23:11:42,166][flwr][INFO] - 		round 8: 2.0133805574872827
[2024-09-30 23:11:42,166][flwr][INFO] - 		round 9: 1.5989146140359698
[2024-09-30 23:11:42,166][flwr][INFO] - 		round 10: 2.7930849084482534
[2024-09-30 23:11:42,166][flwr][INFO] - 		round 11: 1.8002912524488046
[2024-09-30 23:11:42,166][flwr][INFO] - 		round 12: 0.9321397349058863
[2024-09-30 23:11:42,166][flwr][INFO] - 		round 13: 0.15735287641186313
[2024-09-30 23:11:42,166][flwr][INFO] - 		round 14: 2.5405621526808275
[2024-09-30 23:11:42,167][flwr][INFO] - 		round 15: 3.4569462789722047
[2024-09-30 23:11:42,167][flwr][INFO] - 		round 16: 0.9717761059265352
[2024-09-30 23:11:42,167][flwr][INFO] - 		round 17: 0.5945443471272787
[2024-09-30 23:11:42,167][flwr][INFO] - 		round 18: 6.6323853269114705
[2024-09-30 23:11:42,167][flwr][INFO] - 		round 19: 1.619245142013103
[2024-09-30 23:11:42,167][flwr][INFO] - 		round 20: 3.982152623275252
[2024-09-30 23:11:42,167][flwr][INFO] - 		round 21: 1.5405683313841
[2024-09-30 23:11:42,167][flwr][INFO] - 		round 22: 3.971981752228427
[2024-09-30 23:11:42,167][flwr][INFO] - 		round 23: 3.1184830135522197
[2024-09-30 23:11:42,167][flwr][INFO] - 		round 24: 1.4622762365857276
[2024-09-30 23:11:42,167][flwr][INFO] - 		round 25: 1.398574687985785
[2024-09-30 23:11:42,167][flwr][INFO] - 		round 26: 1.117254350296315
[2024-09-30 23:11:42,167][flwr][INFO] - 		round 27: 1.7664277584108847
[2024-09-30 23:11:42,167][flwr][INFO] - 		round 28: 0.582407872925202
[2024-09-30 23:11:42,167][flwr][INFO] - 		round 29: 1.5553135484457017
[2024-09-30 23:11:42,167][flwr][INFO] - 		round 30: 1.6398908476798961
[2024-09-30 23:11:42,167][flwr][INFO] - 		round 31: 4.360007170858708
[2024-09-30 23:11:42,168][flwr][INFO] - 		round 32: 4.0660279934106205
[2024-09-30 23:11:42,168][flwr][INFO] - 		round 33: 1.4247886129099914
[2024-09-30 23:11:42,168][flwr][INFO] - 		round 34: 2.031330223983076
[2024-09-30 23:11:42,168][flwr][INFO] - 		round 35: 0.9585929960336375
[2024-09-30 23:11:42,168][flwr][INFO] - 		round 36: 1.034840227862199
[2024-09-30 23:11:42,168][flwr][INFO] - 		round 37: 1.1751535382165317
[2024-09-30 23:11:42,168][flwr][INFO] - 		round 38: 3.432286682405642
[2024-09-30 23:11:42,168][flwr][INFO] - 		round 39: 1.4410849950116151
[2024-09-30 23:11:42,168][flwr][INFO] - 		round 40: 1.4715358837998125
[2024-09-30 23:11:42,168][flwr][INFO] - 		round 41: 1.502650307532449
[2024-09-30 23:11:42,168][flwr][INFO] - 		round 42: 2.8881377545387847
[2024-09-30 23:11:42,168][flwr][INFO] - 		round 43: 0.590290666282177
[2024-09-30 23:11:42,168][flwr][INFO] - 		round 44: 1.0371911184030456
[2024-09-30 23:11:42,168][flwr][INFO] - 		round 45: 2.0055206565694377
[2024-09-30 23:11:42,168][flwr][INFO] - 		round 46: 3.125756125346474
[2024-09-30 23:11:42,168][flwr][INFO] - 		round 47: 2.762467197387292
[2024-09-30 23:11:42,168][flwr][INFO] - 		round 48: 8.43537752433267
[2024-09-30 23:11:42,168][flwr][INFO] - 		round 49: 0.8340872253040774
[2024-09-30 23:11:42,169][flwr][INFO] - 		round 50: 1.3053521806794095
[2024-09-30 23:11:42,169][flwr][INFO] - 		round 51: 2.8009971334795245
[2024-09-30 23:11:42,169][flwr][INFO] - 		round 52: 0.7077311449775509
[2024-09-30 23:11:42,169][flwr][INFO] - 		round 53: 1.3597512709333541
[2024-09-30 23:11:42,169][flwr][INFO] - 		round 54: 1.0921019196861186
[2024-09-30 23:11:42,169][flwr][INFO] - 		round 55: 4.77826832887555
[2024-09-30 23:11:42,169][flwr][INFO] - 		round 56: 1.7084202571182834
[2024-09-30 23:11:42,169][flwr][INFO] - 		round 57: 6.161122367329152
[2024-09-30 23:11:42,169][flwr][INFO] - 		round 58: 0.8290123541078799
[2024-09-30 23:11:42,169][flwr][INFO] - 		round 59: 2.675247567552967
[2024-09-30 23:11:42,169][flwr][INFO] - 		round 60: 1.335243317046569
[2024-09-30 23:11:42,169][flwr][INFO] - 		round 61: 0.8849216208413795
[2024-09-30 23:11:42,169][flwr][INFO] - 		round 62: 3.2870108986879725
[2024-09-30 23:11:42,169][flwr][INFO] - 		round 63: 1.5254764697540586
[2024-09-30 23:11:42,169][flwr][INFO] - 		round 64: 2.044155223915974
[2024-09-30 23:11:42,169][flwr][INFO] - 		round 65: 3.526729886711554
[2024-09-30 23:11:42,169][flwr][INFO] - 		round 66: 1.7610802696537726
[2024-09-30 23:11:42,170][flwr][INFO] - 		round 67: 0.5867590321227908
[2024-09-30 23:11:42,170][flwr][INFO] - 		round 68: 1.659888452331085
[2024-09-30 23:11:42,170][flwr][INFO] - 		round 69: 0.4424229790606806
[2024-09-30 23:11:42,170][flwr][INFO] - 		round 70: 0.5145511889573315
[2024-09-30 23:11:42,170][flwr][INFO] - 		round 71: 1.818923135814688
[2024-09-30 23:11:42,170][flwr][INFO] - 		round 72: 0.6515859951738452
[2024-09-30 23:11:42,170][flwr][INFO] - 		round 73: 1.2838019181700313
[2024-09-30 23:11:42,170][flwr][INFO] - 		round 74: 0.6136891845505215
[2024-09-30 23:11:42,170][flwr][INFO] - 		round 75: 0.7659545297247504
[2024-09-30 23:11:42,170][flwr][INFO] - 		round 76: 0.7883369528971026
[2024-09-30 23:11:42,170][flwr][INFO] - 		round 77: 2.035209663810285
[2024-09-30 23:11:42,170][flwr][INFO] - 		round 78: 0.686972510636597
[2024-09-30 23:11:42,170][flwr][INFO] - 		round 79: 1.0406770112606958
[2024-09-30 23:11:42,170][flwr][INFO] - 		round 80: 0.6186980201246807
[2024-09-30 23:11:42,170][flwr][INFO] - 		round 81: 0.5500301526001543
[2024-09-30 23:11:42,170][flwr][INFO] - 		round 82: 4.1948089336647705
[2024-09-30 23:11:42,170][flwr][INFO] - 		round 83: 3.164627815684021
[2024-09-30 23:11:42,171][flwr][INFO] - 		round 84: 0.592531388807804
[2024-09-30 23:11:42,171][flwr][INFO] - 		round 85: 0.5913750426522617
[2024-09-30 23:11:42,171][flwr][INFO] - 		round 86: 0.514624883241183
[2024-09-30 23:11:42,171][flwr][INFO] - 		round 87: 1.7043791147599738
[2024-09-30 23:11:42,171][flwr][INFO] - 		round 88: 1.0080019848844064
[2024-09-30 23:11:42,171][flwr][INFO] - 		round 89: 0.8568530865744048
[2024-09-30 23:11:42,171][flwr][INFO] - 		round 90: 2.727415950616277
[2024-09-30 23:11:42,171][flwr][INFO] - 		round 91: 334.0811430944337
[2024-09-30 23:11:42,171][flwr][INFO] - 		round 92: 2.773943284466197
[2024-09-30 23:11:42,171][flwr][INFO] - 		round 93: 2.9690682483947985
[2024-09-30 23:11:42,171][flwr][INFO] - 		round 94: 4.2387121559429
[2024-09-30 23:11:42,171][flwr][INFO] - 		round 95: 1.5287455101931318
[2024-09-30 23:11:42,171][flwr][INFO] - 		round 96: 2.47560919637746
[2024-09-30 23:11:42,171][flwr][INFO] - 		round 97: 0.6111543026165226
[2024-09-30 23:11:42,171][flwr][INFO] - 		round 98: 1.7378946986901203
[2024-09-30 23:11:42,171][flwr][INFO] - 		round 99: 0.8123948742758553
[2024-09-30 23:11:42,171][flwr][INFO] - 		round 100: 0.6199633223719375
[2024-09-30 23:11:42,171][flwr][INFO] - 	History (loss, centralized):
[2024-09-30 23:11:42,172][flwr][INFO] - 		round 0: 501.7993104457855
[2024-09-30 23:11:42,172][flwr][INFO] - 		round 1: 479.0836272239685
[2024-09-30 23:11:42,172][flwr][INFO] - 		round 2: 380.05446326732635
[2024-09-30 23:11:42,172][flwr][INFO] - 		round 3: 295.589147567749
[2024-09-30 23:11:42,172][flwr][INFO] - 		round 4: 276.66260653734207
[2024-09-30 23:11:42,172][flwr][INFO] - 		round 5: 134.06264260411263
[2024-09-30 23:11:42,172][flwr][INFO] - 		round 6: 152.53845717012882
[2024-09-30 23:11:42,172][flwr][INFO] - 		round 7: 129.39896626770496
[2024-09-30 23:11:42,172][flwr][INFO] - 		round 8: 114.66582502424717
[2024-09-30 23:11:42,172][flwr][INFO] - 		round 9: 122.64205722510815
[2024-09-30 23:11:42,172][flwr][INFO] - 		round 10: 108.26493872702122
[2024-09-30 23:11:42,172][flwr][INFO] - 		round 11: 119.30490511655807
[2024-09-30 23:11:42,172][flwr][INFO] - 		round 12: 91.71751250326633
[2024-09-30 23:11:42,172][flwr][INFO] - 		round 13: 98.92266620323062
[2024-09-30 23:11:42,172][flwr][INFO] - 		round 14: 120.80328272283077
[2024-09-30 23:11:42,172][flwr][INFO] - 		round 15: 128.044413626194
[2024-09-30 23:11:42,172][flwr][INFO] - 		round 16: 138.3026896044612
[2024-09-30 23:11:42,172][flwr][INFO] - 		round 17: 95.76987121999264
[2024-09-30 23:11:42,173][flwr][INFO] - 		round 18: 156.78460206091404
[2024-09-30 23:11:42,173][flwr][INFO] - 		round 19: 151.24402871727943
[2024-09-30 23:11:42,173][flwr][INFO] - 		round 20: 113.1911776587367
[2024-09-30 23:11:42,173][flwr][INFO] - 		round 21: 110.97904259711504
[2024-09-30 23:11:42,173][flwr][INFO] - 		round 22: 147.58265299350023
[2024-09-30 23:11:42,173][flwr][INFO] - 		round 23: 178.0697868913412
[2024-09-30 23:11:42,173][flwr][INFO] - 		round 24: 110.00183121114969
[2024-09-30 23:11:42,173][flwr][INFO] - 		round 25: 109.01674510538578
[2024-09-30 23:11:42,173][flwr][INFO] - 		round 26: 131.41564525663853
[2024-09-30 23:11:42,173][flwr][INFO] - 		round 27: 77.89369938522577
[2024-09-30 23:11:42,173][flwr][INFO] - 		round 28: 85.30123245343566
[2024-09-30 23:11:42,173][flwr][INFO] - 		round 29: 119.1523892134428
[2024-09-30 23:11:42,173][flwr][INFO] - 		round 30: 98.51266583427787
[2024-09-30 23:11:42,173][flwr][INFO] - 		round 31: 103.0946356318891
[2024-09-30 23:11:42,173][flwr][INFO] - 		round 32: 112.14289448410273
[2024-09-30 23:11:42,173][flwr][INFO] - 		round 33: 100.19650481268764
[2024-09-30 23:11:42,173][flwr][INFO] - 		round 34: 165.29176820069551
[2024-09-30 23:11:42,174][flwr][INFO] - 		round 35: 123.1900332942605
[2024-09-30 23:11:42,174][flwr][INFO] - 		round 36: 126.48332945257425
[2024-09-30 23:11:42,174][flwr][INFO] - 		round 37: 141.98487727344036
[2024-09-30 23:11:42,174][flwr][INFO] - 		round 38: 152.42945651710033
[2024-09-30 23:11:42,174][flwr][INFO] - 		round 39: 167.99561285972595
[2024-09-30 23:11:42,174][flwr][INFO] - 		round 40: 144.2171611264348
[2024-09-30 23:11:42,174][flwr][INFO] - 		round 41: 133.70944599434733
[2024-09-30 23:11:42,174][flwr][INFO] - 		round 42: 128.89496245235205
[2024-09-30 23:11:42,174][flwr][INFO] - 		round 43: 99.42656841129065
[2024-09-30 23:11:42,174][flwr][INFO] - 		round 44: 94.59440319240093
[2024-09-30 23:11:42,174][flwr][INFO] - 		round 45: 106.73800692893565
[2024-09-30 23:11:42,174][flwr][INFO] - 		round 46: 119.9972039423883
[2024-09-30 23:11:42,174][flwr][INFO] - 		round 47: 123.57177042216063
[2024-09-30 23:11:42,174][flwr][INFO] - 		round 48: 132.09927835687995
[2024-09-30 23:11:42,174][flwr][INFO] - 		round 49: 133.17496332153678
[2024-09-30 23:11:42,174][flwr][INFO] - 		round 50: 116.98487373068929
[2024-09-30 23:11:42,174][flwr][INFO] - 		round 51: 124.12508187815547
[2024-09-30 23:11:42,174][flwr][INFO] - 		round 52: 96.8703015036881
[2024-09-30 23:11:42,175][flwr][INFO] - 		round 53: 93.77738170325756
[2024-09-30 23:11:42,175][flwr][INFO] - 		round 54: 93.28604794666171
[2024-09-30 23:11:42,175][flwr][INFO] - 		round 55: 177.07732957601547
[2024-09-30 23:11:42,175][flwr][INFO] - 		round 56: 114.86543411761522
[2024-09-30 23:11:42,175][flwr][INFO] - 		round 57: 121.42281334102154
[2024-09-30 23:11:42,175][flwr][INFO] - 		round 58: 125.70443996042013
[2024-09-30 23:11:42,175][flwr][INFO] - 		round 59: 129.32672441005707
[2024-09-30 23:11:42,175][flwr][INFO] - 		round 60: 169.083242431283
[2024-09-30 23:11:42,175][flwr][INFO] - 		round 61: 112.91388007253408
[2024-09-30 23:11:42,175][flwr][INFO] - 		round 62: 144.8635072261095
[2024-09-30 23:11:42,175][flwr][INFO] - 		round 63: 110.35783078148961
[2024-09-30 23:11:42,175][flwr][INFO] - 		round 64: 100.71144013851881
[2024-09-30 23:11:42,175][flwr][INFO] - 		round 65: 138.67341158166528
[2024-09-30 23:11:42,175][flwr][INFO] - 		round 66: 102.46264655701816
[2024-09-30 23:11:42,175][flwr][INFO] - 		round 67: 109.13909300602973
[2024-09-30 23:11:42,175][flwr][INFO] - 		round 68: 100.22694884613156
[2024-09-30 23:11:42,175][flwr][INFO] - 		round 69: 181.80239228904247
[2024-09-30 23:11:42,175][flwr][INFO] - 		round 70: 131.99720310792327
[2024-09-30 23:11:42,176][flwr][INFO] - 		round 71: 2506.0367893874645
[2024-09-30 23:11:42,176][flwr][INFO] - 		round 72: 101.22673454135656
[2024-09-30 23:11:42,176][flwr][INFO] - 		round 73: 153.98985550552607
[2024-09-30 23:11:42,176][flwr][INFO] - 		round 74: 109.07311982288957
[2024-09-30 23:11:42,176][flwr][INFO] - 		round 75: 121.73882060497999
[2024-09-30 23:11:42,176][flwr][INFO] - 		round 76: 146.2391623184085
[2024-09-30 23:11:42,176][flwr][INFO] - 		round 77: 117.75915712863207
[2024-09-30 23:11:42,176][flwr][INFO] - 		round 78: 515.1195257976651
[2024-09-30 23:11:42,176][flwr][INFO] - 		round 79: 1408.6068798154593
[2024-09-30 23:11:42,176][flwr][INFO] - 		round 80: 114.91922506131232
[2024-09-30 23:11:42,176][flwr][INFO] - 		round 81: 166.78752146661282
[2024-09-30 23:11:42,176][flwr][INFO] - 		round 82: 194.61550018191338
[2024-09-30 23:11:42,176][flwr][INFO] - 		round 83: 215.90160642191768
[2024-09-30 23:11:42,176][flwr][INFO] - 		round 84: 173.965708874166
[2024-09-30 23:11:42,176][flwr][INFO] - 		round 85: 321.8451871536672
[2024-09-30 23:11:42,176][flwr][INFO] - 		round 86: 285.37386859208345
[2024-09-30 23:11:42,176][flwr][INFO] - 		round 87: 123.98815029067919
[2024-09-30 23:11:42,176][flwr][INFO] - 		round 88: 137.76960967853665
[2024-09-30 23:11:42,177][flwr][INFO] - 		round 89: 101.97069888655096
[2024-09-30 23:11:42,177][flwr][INFO] - 		round 90: 132.690592110157
[2024-09-30 23:11:42,177][flwr][INFO] - 		round 91: 7369.061273952946
[2024-09-30 23:11:42,177][flwr][INFO] - 		round 92: 144.78601794876158
[2024-09-30 23:11:42,177][flwr][INFO] - 		round 93: 133.8532292842865
[2024-09-30 23:11:42,177][flwr][INFO] - 		round 94: 154.58103338629007
[2024-09-30 23:11:42,177][flwr][INFO] - 		round 95: 115.28697726130486
[2024-09-30 23:11:42,177][flwr][INFO] - 		round 96: 124.94423843547702
[2024-09-30 23:11:42,177][flwr][INFO] - 		round 97: 160.42695245426148
[2024-09-30 23:11:42,177][flwr][INFO] - 		round 98: 132.73586058989167
[2024-09-30 23:11:42,177][flwr][INFO] - 		round 99: 431.260415263474
[2024-09-30 23:11:42,177][flwr][INFO] - 		round 100: 230.72497527301311
[2024-09-30 23:11:42,177][flwr][INFO] - 	History (metrics, distributed, evaluate):
[2024-09-30 23:11:42,177][flwr][INFO] - 	{'accuracy': [(1, 0.39285714285714285),
[2024-09-30 23:11:42,177][flwr][INFO] - 	              (2, 0.2520775623268698),
[2024-09-30 23:11:42,177][flwr][INFO] - 	              (3, 0.8090128755364807),
[2024-09-30 23:11:42,177][flwr][INFO] - 	              (4, 0.44867549668874174),
[2024-09-30 23:11:42,178][flwr][INFO] - 	              (5, 0.768),
[2024-09-30 23:11:42,178][flwr][INFO] - 	              (6, 0.7530864197530864),
[2024-09-30 23:11:42,178][flwr][INFO] - 	              (7, 0.706199460916442),
[2024-09-30 23:11:42,178][flwr][INFO] - 	              (8, 0.8752260397830018),
[2024-09-30 23:11:42,178][flwr][INFO] - 	              (9, 0.8511904761904762),
[2024-09-30 23:11:42,178][flwr][INFO] - 	              (10, 0.8263598326359832),
[2024-09-30 23:11:42,178][flwr][INFO] - 	              (11, 0.8860759493670886),
[2024-09-30 23:11:42,178][flwr][INFO] - 	              (12, 0.7831325301204819),
[2024-09-30 23:11:42,178][flwr][INFO] - 	              (13, 0.927710843373494),
[2024-09-30 23:11:42,178][flwr][INFO] - 	              (14, 0.8048780487804879),
[2024-09-30 23:11:42,178][flwr][INFO] - 	              (15, 0.8012618296529969),
[2024-09-30 23:11:42,178][flwr][INFO] - 	              (16, 0.8587570621468926),
[2024-09-30 23:11:42,178][flwr][INFO] - 	              (17, 0.8571428571428571),
[2024-09-30 23:11:42,178][flwr][INFO] - 	              (18, 0.5620608899297423),
[2024-09-30 23:11:42,178][flwr][INFO] - 	              (19, 0.8558558558558559),
[2024-09-30 23:11:42,178][flwr][INFO] - 	              (20, 0.7043701799485861),
[2024-09-30 23:11:42,178][flwr][INFO] - 	              (21, 0.716),
[2024-09-30 23:11:42,178][flwr][INFO] - 	              (22, 0.7935064935064935),
[2024-09-30 23:11:42,179][flwr][INFO] - 	              (23, 0.8159203980099502),
[2024-09-30 23:11:42,179][flwr][INFO] - 	              (24, 0.8780487804878049),
[2024-09-30 23:11:42,179][flwr][INFO] - 	              (25, 0.8605577689243028),
[2024-09-30 23:11:42,179][flwr][INFO] - 	              (26, 0.9202453987730062),
[2024-09-30 23:11:42,179][flwr][INFO] - 	              (27, 0.8535564853556485),
[2024-09-30 23:11:42,179][flwr][INFO] - 	              (28, 0.8866666666666667),
[2024-09-30 23:11:42,179][flwr][INFO] - 	              (29, 0.825),
[2024-09-30 23:11:42,179][flwr][INFO] - 	              (30, 0.7985347985347986),
[2024-09-30 23:11:42,179][flwr][INFO] - 	              (31, 0.8136363636363636),
[2024-09-30 23:11:42,179][flwr][INFO] - 	              (32, 0.7909215955983494),
[2024-09-30 23:11:42,179][flwr][INFO] - 	              (33, 0.8215488215488216),
[2024-09-30 23:11:42,179][flwr][INFO] - 	              (34, 0.8428351309707242),
[2024-09-30 23:11:42,179][flwr][INFO] - 	              (35, 0.9260869565217391),
[2024-09-30 23:11:42,179][flwr][INFO] - 	              (36, 0.936),
[2024-09-30 23:11:42,179][flwr][INFO] - 	              (37, 0.86084142394822),
[2024-09-30 23:11:42,179][flwr][INFO] - 	              (38, 0.8075396825396826),
[2024-09-30 23:11:42,179][flwr][INFO] - 	              (39, 0.8152866242038217),
[2024-09-30 23:11:42,180][flwr][INFO] - 	              (40, 0.9023668639053254),
[2024-09-30 23:11:42,180][flwr][INFO] - 	              (41, 0.8458149779735683),
[2024-09-30 23:11:42,180][flwr][INFO] - 	              (42, 0.782608695652174),
[2024-09-30 23:11:42,180][flwr][INFO] - 	              (43, 0.936),
[2024-09-30 23:11:42,180][flwr][INFO] - 	              (44, 0.920844327176781),
[2024-09-30 23:11:42,180][flwr][INFO] - 	              (45, 0.8772727272727273),
[2024-09-30 23:11:42,180][flwr][INFO] - 	              (46, 0.7101449275362319),
[2024-09-30 23:11:42,180][flwr][INFO] - 	              (47, 0.8515358361774744),
[2024-09-30 23:11:42,180][flwr][INFO] - 	              (48, 0.7044145873320538),
[2024-09-30 23:11:42,180][flwr][INFO] - 	              (49, 0.8617511520737328),
[2024-09-30 23:11:42,180][flwr][INFO] - 	              (50, 0.8439306358381503),
[2024-09-30 23:11:42,180][flwr][INFO] - 	              (51, 0.8071748878923767),
[2024-09-30 23:11:42,180][flwr][INFO] - 	              (52, 0.9019607843137255),
[2024-09-30 23:11:42,180][flwr][INFO] - 	              (53, 0.8212765957446808),
[2024-09-30 23:11:42,180][flwr][INFO] - 	              (54, 0.8511326860841424),
[2024-09-30 23:11:42,180][flwr][INFO] - 	              (55, 0.721763085399449),
[2024-09-30 23:11:42,180][flwr][INFO] - 	              (56, 0.8877551020408163),
[2024-09-30 23:11:42,180][flwr][INFO] - 	              (57, 0.7448494453248812),
[2024-09-30 23:11:42,181][flwr][INFO] - 	              (58, 0.889487870619946),
[2024-09-30 23:11:42,181][flwr][INFO] - 	              (59, 0.8271334792122538),
[2024-09-30 23:11:42,181][flwr][INFO] - 	              (60, 0.8607594936708861),
[2024-09-30 23:11:42,181][flwr][INFO] - 	              (61, 0.9176954732510288),
[2024-09-30 23:11:42,181][flwr][INFO] - 	              (62, 0.7360703812316716),
[2024-09-30 23:11:42,181][flwr][INFO] - 	              (63, 0.8785046728971962),
[2024-09-30 23:11:42,181][flwr][INFO] - 	              (64, 0.8827160493827161),
[2024-09-30 23:11:42,181][flwr][INFO] - 	              (65, 0.8282442748091603),
[2024-09-30 23:11:42,181][flwr][INFO] - 	              (66, 0.7938144329896907),
[2024-09-30 23:11:42,181][flwr][INFO] - 	              (67, 0.9166666666666666),
[2024-09-30 23:11:42,181][flwr][INFO] - 	              (68, 0.8568329718004338),
[2024-09-30 23:11:42,181][flwr][INFO] - 	              (69, 0.9516129032258065),
[2024-09-30 23:11:42,181][flwr][INFO] - 	              (70, 0.9525862068965517),
[2024-09-30 23:11:42,181][flwr][INFO] - 	              (71, 0.9029345372460497),
[2024-09-30 23:11:42,181][flwr][INFO] - 	              (72, 0.9316939890710383),
[2024-09-30 23:11:42,181][flwr][INFO] - 	              (73, 0.8676470588235294),
[2024-09-30 23:11:42,181][flwr][INFO] - 	              (74, 0.9320388349514563),
[2024-09-30 23:11:42,182][flwr][INFO] - 	              (75, 0.8934010152284264),
[2024-09-30 23:11:42,182][flwr][INFO] - 	              (76, 0.9213483146067416),
[2024-09-30 23:11:42,182][flwr][INFO] - 	              (77, 0.8394793926247288),
[2024-09-30 23:11:42,182][flwr][INFO] - 	              (78, 0.9361179361179361),
[2024-09-30 23:11:42,182][flwr][INFO] - 	              (79, 0.9058171745152355),
[2024-09-30 23:11:42,182][flwr][INFO] - 	              (80, 0.9064327485380117),
[2024-09-30 23:11:42,182][flwr][INFO] - 	              (81, 0.9516539440203562),
[2024-09-30 23:11:42,182][flwr][INFO] - 	              (82, 0.8552036199095022),
[2024-09-30 23:11:42,182][flwr][INFO] - 	              (83, 0.858603066439523),
[2024-09-30 23:11:42,182][flwr][INFO] - 	              (84, 0.9106382978723404),
[2024-09-30 23:11:42,182][flwr][INFO] - 	              (85, 0.9022988505747126),
[2024-09-30 23:11:42,182][flwr][INFO] - 	              (86, 0.9327354260089686),
[2024-09-30 23:11:42,182][flwr][INFO] - 	              (87, 0.8554216867469879),
[2024-09-30 23:11:42,182][flwr][INFO] - 	              (88, 0.9454545454545454),
[2024-09-30 23:11:42,182][flwr][INFO] - 	              (89, 0.8725490196078431),
[2024-09-30 23:11:42,182][flwr][INFO] - 	              (90, 0.8891013384321224),
[2024-09-30 23:11:42,182][flwr][INFO] - 	              (91, 0.9064327485380117),
[2024-09-30 23:11:42,182][flwr][INFO] - 	              (92, 0.8305084745762712),
[2024-09-30 23:11:42,183][flwr][INFO] - 	              (93, 0.8921095008051529),
[2024-09-30 23:11:42,183][flwr][INFO] - 	              (94, 0.8890814558058926),
[2024-09-30 23:11:42,183][flwr][INFO] - 	              (95, 0.8105590062111802),
[2024-09-30 23:11:42,183][flwr][INFO] - 	              (96, 0.8868852459016393),
[2024-09-30 23:11:42,183][flwr][INFO] - 	              (97, 0.9419889502762431),
[2024-09-30 23:11:42,183][flwr][INFO] - 	              (98, 0.8650137741046832),
[2024-09-30 23:11:42,183][flwr][INFO] - 	              (99, 0.9083557951482479),
[2024-09-30 23:11:42,183][flwr][INFO] - 	              (100, 0.9302325581395349)]}
[2024-09-30 23:11:42,183][flwr][INFO] - 	History (metrics, centralized):
[2024-09-30 23:11:42,183][flwr][INFO] - 	{'accuracy': [(0, 0.10111420612813371),
[2024-09-30 23:11:42,183][flwr][INFO] - 	              (1, 0.3435933147632312),
[2024-09-30 23:11:42,183][flwr][INFO] - 	              (2, 0.4555710306406685),
[2024-09-30 23:11:42,183][flwr][INFO] - 	              (3, 0.5835654596100278),
[2024-09-30 23:11:42,183][flwr][INFO] - 	              (4, 0.6027855153203343),
[2024-09-30 23:11:42,183][flwr][INFO] - 	              (5, 0.7706128133704735),
[2024-09-30 23:11:42,183][flwr][INFO] - 	              (6, 0.7791086350974931),
[2024-09-30 23:11:42,183][flwr][INFO] - 	              (7, 0.7870473537604457),
[2024-09-30 23:11:42,184][flwr][INFO] - 	              (8, 0.8240947075208913),
[2024-09-30 23:11:42,184][flwr][INFO] - 	              (9, 0.7965181058495822),
[2024-09-30 23:11:42,184][flwr][INFO] - 	              (10, 0.8257660167130919),
[2024-09-30 23:11:42,184][flwr][INFO] - 	              (11, 0.8136490250696379),
[2024-09-30 23:11:42,184][flwr][INFO] - 	              (12, 0.8608635097493036),
[2024-09-30 23:11:42,184][flwr][INFO] - 	              (13, 0.8551532033426184),
[2024-09-30 23:11:42,184][flwr][INFO] - 	              (14, 0.8279944289693594),
[2024-09-30 23:11:42,184][flwr][INFO] - 	              (15, 0.7915041782729805),
[2024-09-30 23:11:42,184][flwr][INFO] - 	              (16, 0.8405292479108635),
[2024-09-30 23:11:42,184][flwr][INFO] - 	              (17, 0.8479108635097493),
[2024-09-30 23:11:42,184][flwr][INFO] - 	              (18, 0.7940111420612813),
[2024-09-30 23:11:42,184][flwr][INFO] - 	              (19, 0.7835654596100279),
[2024-09-30 23:11:42,184][flwr][INFO] - 	              (20, 0.843175487465181),
[2024-09-30 23:11:42,184][flwr][INFO] - 	              (21, 0.8479108635097493),
[2024-09-30 23:11:42,184][flwr][INFO] - 	              (22, 0.7852367688022284),
[2024-09-30 23:11:42,185][flwr][INFO] - 	              (23, 0.7817548746518106),
[2024-09-30 23:11:42,185][flwr][INFO] - 	              (24, 0.834958217270195),
[2024-09-30 23:11:42,185][flwr][INFO] - 	              (25, 0.8463788300835655),
[2024-09-30 23:11:42,185][flwr][INFO] - 	              (26, 0.8622562674094707),
[2024-09-30 23:11:42,185][flwr][INFO] - 	              (27, 0.887883008356546),
[2024-09-30 23:11:42,185][flwr][INFO] - 	              (28, 0.8759052924791086),
[2024-09-30 23:11:42,185][flwr][INFO] - 	              (29, 0.848050139275766),
[2024-09-30 23:11:42,185][flwr][INFO] - 	              (30, 0.8552924791086352),
[2024-09-30 23:11:42,185][flwr][INFO] - 	              (31, 0.8671309192200557),
[2024-09-30 23:11:42,185][flwr][INFO] - 	              (32, 0.8498607242339833),
[2024-09-30 23:11:42,185][flwr][INFO] - 	              (33, 0.8823119777158774),
[2024-09-30 23:11:42,185][flwr][INFO] - 	              (34, 0.7981894150417828),
[2024-09-30 23:11:42,185][flwr][INFO] - 	              (35, 0.836908077994429),
[2024-09-30 23:11:42,185][flwr][INFO] - 	              (36, 0.8307799442896936),
[2024-09-30 23:11:42,185][flwr][INFO] - 	              (37, 0.8229805013927577),
[2024-09-30 23:11:42,185][flwr][INFO] - 	              (38, 0.7876044568245125),
[2024-09-30 23:11:42,186][flwr][INFO] - 	              (39, 0.8384401114206128),
[2024-09-30 23:11:42,186][flwr][INFO] - 	              (40, 0.8176880222841225),
[2024-09-30 23:11:42,186][flwr][INFO] - 	              (41, 0.8455431754874652),
[2024-09-30 23:11:42,186][flwr][INFO] - 	              (42, 0.8465181058495822),
[2024-09-30 23:11:42,186][flwr][INFO] - 	              (43, 0.8632311977715877),
[2024-09-30 23:11:42,186][flwr][INFO] - 	              (44, 0.8732590529247911),
[2024-09-30 23:11:42,186][flwr][INFO] - 	              (45, 0.8615598885793871),
[2024-09-30 23:11:42,186][flwr][INFO] - 	              (46, 0.8466573816155989),
[2024-09-30 23:11:42,186][flwr][INFO] - 	              (47, 0.8356545961002786),
[2024-09-30 23:11:42,186][flwr][INFO] - 	              (48, 0.8465181058495822),
[2024-09-30 23:11:42,186][flwr][INFO] - 	              (49, 0.8564066852367688),
[2024-09-30 23:11:42,186][flwr][INFO] - 	              (50, 0.8516713091922006),
[2024-09-30 23:11:42,186][flwr][INFO] - 	              (51, 0.8547353760445683),
[2024-09-30 23:11:42,186][flwr][INFO] - 	              (52, 0.8700557103064067),
[2024-09-30 23:11:42,186][flwr][INFO] - 	              (53, 0.8710306406685236),
[2024-09-30 23:11:42,186][flwr][INFO] - 	              (54, 0.8795264623955432),
[2024-09-30 23:11:42,186][flwr][INFO] - 	              (55, 0.7959610027855153),
[2024-09-30 23:11:42,186][flwr][INFO] - 	              (56, 0.8409470752089137),
[2024-09-30 23:11:42,187][flwr][INFO] - 	              (57, 0.8506963788300835),
[2024-09-30 23:11:42,187][flwr][INFO] - 	              (58, 0.8389972144846797),
[2024-09-30 23:11:42,187][flwr][INFO] - 	              (59, 0.844150417827298),
[2024-09-30 23:11:42,187][flwr][INFO] - 	              (60, 0.7905292479108635),
[2024-09-30 23:11:42,187][flwr][INFO] - 	              (61, 0.8674094707520892),
[2024-09-30 23:11:42,187][flwr][INFO] - 	              (62, 0.8243732590529248),
[2024-09-30 23:11:42,187][flwr][INFO] - 	              (63, 0.8415041782729805),
[2024-09-30 23:11:42,187][flwr][INFO] - 	              (64, 0.8654596100278552),
[2024-09-30 23:11:42,187][flwr][INFO] - 	              (65, 0.8084958217270195),
[2024-09-30 23:11:42,187][flwr][INFO] - 	              (66, 0.871866295264624),
[2024-09-30 23:11:42,187][flwr][INFO] - 	              (67, 0.8682451253481894),
[2024-09-30 23:11:42,187][flwr][INFO] - 	              (68, 0.8605849582172702),
[2024-09-30 23:11:42,187][flwr][INFO] - 	              (69, 0.8272980501392758),
[2024-09-30 23:11:42,187][flwr][INFO] - 	              (70, 0.8557103064066852),
[2024-09-30 23:11:42,187][flwr][INFO] - 	              (71, 0.7313370473537605),
[2024-09-30 23:11:42,187][flwr][INFO] - 	              (72, 0.8643454038997215),
[2024-09-30 23:11:42,187][flwr][INFO] - 	              (73, 0.8220055710306406),
[2024-09-30 23:11:42,187][flwr][INFO] - 	              (74, 0.8465181058495822),
[2024-09-30 23:11:42,188][flwr][INFO] - 	              (75, 0.8438718662952647),
[2024-09-30 23:11:42,188][flwr][INFO] - 	              (76, 0.8175487465181058),
[2024-09-30 23:11:42,188][flwr][INFO] - 	              (77, 0.8573816155988858),
[2024-09-30 23:11:42,188][flwr][INFO] - 	              (78, 0.8114206128133705),
[2024-09-30 23:11:42,188][flwr][INFO] - 	              (79, 0.8324512534818942),
[2024-09-30 23:11:42,188][flwr][INFO] - 	              (80, 0.8733983286908078),
[2024-09-30 23:11:42,188][flwr][INFO] - 	              (81, 0.8316155988857938),
[2024-09-30 23:11:42,188][flwr][INFO] - 	              (82, 0.7697771587743732),
[2024-09-30 23:11:42,188][flwr][INFO] - 	              (83, 0.8516713091922006),
[2024-09-30 23:11:42,188][flwr][INFO] - 	              (84, 0.8126740947075209),
[2024-09-30 23:11:42,188][flwr][INFO] - 	              (85, 0.8277158774373259),
[2024-09-30 23:11:42,188][flwr][INFO] - 	              (86, 0.8523676880222841),
[2024-09-30 23:11:42,188][flwr][INFO] - 	              (87, 0.8594707520891365),
[2024-09-30 23:11:42,188][flwr][INFO] - 	              (88, 0.8422005571030641),
[2024-09-30 23:11:42,188][flwr][INFO] - 	              (89, 0.8818941504178273),
[2024-09-30 23:11:42,188][flwr][INFO] - 	              (90, 0.8270194986072423),
[2024-09-30 23:11:42,188][flwr][INFO] - 	              (91, 0.8440111420612814),
[2024-09-30 23:11:42,188][flwr][INFO] - 	              (92, 0.8206128133704735),
[2024-09-30 23:11:42,189][flwr][INFO] - 	              (93, 0.8564066852367688),
[2024-09-30 23:11:42,189][flwr][INFO] - 	              (94, 0.8299442896935934),
[2024-09-30 23:11:42,189][flwr][INFO] - 	              (95, 0.8502785515320335),
[2024-09-30 23:11:42,189][flwr][INFO] - 	              (96, 0.8435933147632312),
[2024-09-30 23:11:42,189][flwr][INFO] - 	              (97, 0.8332869080779944),
[2024-09-30 23:11:42,189][flwr][INFO] - 	              (98, 0.8451253481894151),
[2024-09-30 23:11:42,189][flwr][INFO] - 	              (99, 0.8338440111420613),
[2024-09-30 23:11:42,189][flwr][INFO] - 	              (100, 0.8149025069637883)]}
[2024-09-30 23:11:42,189][flwr][INFO] - 
