[2024-09-10 13:55:21,517][flwr][INFO] - Starting Flower simulation, config: num_rounds=100, no round_timeout
[2024-09-10 13:55:24,736][flwr][INFO] - Flower VCE: Ray initialized with resources: {'CPU': 256.0, 'node:__internal_head__': 1.0, 'node:115.145.172.224': 1.0, 'object_store_memory': 76552786329.0, 'accelerator_type:G': 1.0, 'GPU': 1.0, 'memory': 168623168103.0}
[2024-09-10 13:55:24,736][flwr][INFO] - Optimize your simulation with Flower VCE: https://flower.ai/docs/framework/how-to-run-simulations.html
[2024-09-10 13:55:24,737][flwr][INFO] - Flower VCE: Resources for each Virtual Client: {'num_cpus': 16, 'num_gpus': 0.25}
[2024-09-10 13:55:24,754][flwr][INFO] - Flower VCE: Creating VirtualClientEngineActorPool with 4 actors
[2024-09-10 13:55:24,755][flwr][INFO] - [INIT]
[2024-09-10 13:55:24,755][flwr][INFO] - Requesting initial parameters from one random client
[2024-09-10 13:55:28,772][flwr][INFO] - Received initial parameters from one random client
[2024-09-10 13:55:28,772][flwr][INFO] - Evaluating initial global parameters
[2024-09-10 13:55:34,283][flwr][INFO] - initial parameters (loss, other metrics): 232.54309630393982, {'accuracy': 0.1628178895059924}
[2024-09-10 13:55:34,283][flwr][INFO] - 
[2024-09-10 13:55:34,283][flwr][INFO] - [ROUND 1]
[2024-09-10 13:55:34,284][flwr][INFO] - configure_fit: strategy sampled 5 clients (out of 50)
[2024-09-10 13:55:39,564][flwr][INFO] - aggregate_fit: received 5 results and 0 failures
[2024-09-10 13:55:39,774][flwr][WARNING] - No fit_metrics_aggregation_fn provided
[2024-09-10 13:55:44,843][flwr][INFO] - fit progress: (1, 225.3096010684967, {'accuracy': 0.2712657117801812}, 10.559440143872052)
[2024-09-10 13:55:44,843][flwr][INFO] - configure_evaluate: strategy sampled 2 clients (out of 50)
[2024-09-10 13:55:45,176][flwr][INFO] - aggregate_evaluate: received 2 results and 0 failures
[2024-09-10 13:55:45,176][flwr][INFO] - 
[2024-09-10 13:55:45,176][flwr][INFO] - [ROUND 2]
[2024-09-10 13:55:45,176][flwr][INFO] - configure_fit: strategy sampled 5 clients (out of 50)
[2024-09-10 13:55:48,214][flwr][INFO] - aggregate_fit: received 5 results and 0 failures
[2024-09-10 13:55:53,154][flwr][INFO] - fit progress: (2, 208.6673618555069, {'accuracy': 0.35632855890090614}, 18.870179967023432)
[2024-09-10 13:55:53,154][flwr][INFO] - configure_evaluate: strategy sampled 2 clients (out of 50)
[2024-09-10 13:55:53,675][flwr][INFO] - aggregate_evaluate: received 2 results and 0 failures
[2024-09-10 13:55:53,675][flwr][INFO] - 
[2024-09-10 13:55:53,675][flwr][INFO] - [ROUND 3]
[2024-09-10 13:55:53,675][flwr][INFO] - configure_fit: strategy sampled 5 clients (out of 50)
[2024-09-10 13:55:56,746][flwr][INFO] - aggregate_fit: received 5 results and 0 failures
[2024-09-10 13:56:01,660][flwr][INFO] - fit progress: (3, 448.12490129470825, {'accuracy': 0.304296989184449}, 27.376424056012183)
[2024-09-10 13:56:01,660][flwr][INFO] - configure_evaluate: strategy sampled 2 clients (out of 50)
[2024-09-10 13:56:01,982][flwr][INFO] - aggregate_evaluate: received 2 results and 0 failures
[2024-09-10 13:56:01,983][flwr][INFO] - 
[2024-09-10 13:56:01,983][flwr][INFO] - [ROUND 4]
[2024-09-10 13:56:01,983][flwr][INFO] - configure_fit: strategy sampled 5 clients (out of 50)
[2024-09-10 13:56:05,076][flwr][INFO] - aggregate_fit: received 5 results and 0 failures
[2024-09-10 13:56:10,063][flwr][INFO] - fit progress: (4, 218.94606018066406, {'accuracy': 0.310143232972815}, 35.779268024954945)
[2024-09-10 13:56:10,063][flwr][INFO] - configure_evaluate: strategy sampled 2 clients (out of 50)
[2024-09-10 13:56:10,573][flwr][INFO] - aggregate_evaluate: received 2 results and 0 failures
[2024-09-10 13:56:10,574][flwr][INFO] - 
[2024-09-10 13:56:10,574][flwr][INFO] - [ROUND 5]
[2024-09-10 13:56:10,574][flwr][INFO] - configure_fit: strategy sampled 5 clients (out of 50)
[2024-09-10 13:56:14,039][flwr][INFO] - aggregate_fit: received 5 results and 0 failures
[2024-09-10 13:56:18,839][flwr][INFO] - fit progress: (5, 204.53332901000977, {'accuracy': 0.33703595439929845}, 44.55565777607262)
[2024-09-10 13:56:18,839][flwr][INFO] - configure_evaluate: strategy sampled 2 clients (out of 50)
[2024-09-10 13:56:19,140][flwr][INFO] - aggregate_evaluate: received 2 results and 0 failures
[2024-09-10 13:56:19,140][flwr][INFO] - 
[2024-09-10 13:56:19,140][flwr][INFO] - [ROUND 6]
[2024-09-10 13:56:19,140][flwr][INFO] - configure_fit: strategy sampled 5 clients (out of 50)
[2024-09-10 13:56:22,204][flwr][INFO] - aggregate_fit: received 5 results and 0 failures
[2024-09-10 13:56:28,155][flwr][INFO] - fit progress: (6, 190.86467945575714, {'accuracy': 0.346389944460684}, 53.87164598982781)
[2024-09-10 13:56:28,155][flwr][INFO] - configure_evaluate: strategy sampled 2 clients (out of 50)
[2024-09-10 13:56:28,614][flwr][INFO] - aggregate_evaluate: received 2 results and 0 failures
[2024-09-10 13:56:28,614][flwr][INFO] - 
[2024-09-10 13:56:28,614][flwr][INFO] - [ROUND 7]
[2024-09-10 13:56:28,614][flwr][INFO] - configure_fit: strategy sampled 5 clients (out of 50)
[2024-09-10 13:56:31,415][flwr][INFO] - aggregate_fit: received 5 results and 0 failures
[2024-09-10 13:56:37,607][flwr][INFO] - fit progress: (7, 237.39125657081604, {'accuracy': 0.3878982753580824}, 63.32410999992862)
[2024-09-10 13:56:37,608][flwr][INFO] - configure_evaluate: strategy sampled 2 clients (out of 50)
[2024-09-10 13:56:37,910][flwr][INFO] - aggregate_evaluate: received 2 results and 0 failures
[2024-09-10 13:56:37,910][flwr][INFO] - 
[2024-09-10 13:56:37,911][flwr][INFO] - [ROUND 8]
[2024-09-10 13:56:37,911][flwr][INFO] - configure_fit: strategy sampled 5 clients (out of 50)
[2024-09-10 13:56:41,262][flwr][INFO] - aggregate_fit: received 5 results and 0 failures
[2024-09-10 13:56:46,181][flwr][INFO] - fit progress: (8, 169.06661796569824, {'accuracy': 0.40836012861736337}, 71.89764881785959)
[2024-09-10 13:56:46,182][flwr][INFO] - configure_evaluate: strategy sampled 2 clients (out of 50)
[2024-09-10 13:56:46,556][flwr][INFO] - aggregate_evaluate: received 2 results and 0 failures
[2024-09-10 13:56:46,556][flwr][INFO] - 
[2024-09-10 13:56:46,556][flwr][INFO] - [ROUND 9]
[2024-09-10 13:56:46,556][flwr][INFO] - configure_fit: strategy sampled 5 clients (out of 50)
[2024-09-10 13:56:49,510][flwr][INFO] - aggregate_fit: received 5 results and 0 failures
[2024-09-10 13:56:55,346][flwr][INFO] - fit progress: (9, 184.51202011108398, {'accuracy': 0.39228295819935693}, 81.0628572339192)
[2024-09-10 13:56:55,347][flwr][INFO] - configure_evaluate: strategy sampled 2 clients (out of 50)
[2024-09-10 13:56:55,746][flwr][INFO] - aggregate_evaluate: received 2 results and 0 failures
[2024-09-10 13:56:55,746][flwr][INFO] - 
[2024-09-10 13:56:55,746][flwr][INFO] - [ROUND 10]
[2024-09-10 13:56:55,746][flwr][INFO] - configure_fit: strategy sampled 5 clients (out of 50)
[2024-09-10 13:56:59,016][flwr][INFO] - aggregate_fit: received 5 results and 0 failures
[2024-09-10 13:57:04,610][flwr][INFO] - fit progress: (10, 163.9660563468933, {'accuracy': 0.42443729903536975}, 90.32671022415161)
[2024-09-10 13:57:04,611][flwr][INFO] - configure_evaluate: strategy sampled 2 clients (out of 50)
[2024-09-10 13:57:04,922][flwr][INFO] - aggregate_evaluate: received 2 results and 0 failures
[2024-09-10 13:57:04,922][flwr][INFO] - 
[2024-09-10 13:57:04,922][flwr][INFO] - [ROUND 11]
[2024-09-10 13:57:04,922][flwr][INFO] - configure_fit: strategy sampled 5 clients (out of 50)
[2024-09-10 13:57:08,300][flwr][INFO] - aggregate_fit: received 5 results and 0 failures
[2024-09-10 13:57:13,995][flwr][INFO] - fit progress: (11, 193.91822862625122, {'accuracy': 0.47149956153171585}, 99.71186174498871)
[2024-09-10 13:57:13,996][flwr][INFO] - configure_evaluate: strategy sampled 2 clients (out of 50)
[2024-09-10 13:57:14,345][flwr][INFO] - aggregate_evaluate: received 2 results and 0 failures
[2024-09-10 13:57:14,345][flwr][INFO] - 
[2024-09-10 13:57:14,346][flwr][INFO] - [ROUND 12]
[2024-09-10 13:57:14,346][flwr][INFO] - configure_fit: strategy sampled 5 clients (out of 50)
[2024-09-10 13:57:17,668][flwr][INFO] - aggregate_fit: received 5 results and 0 failures
[2024-09-10 13:57:23,487][flwr][INFO] - fit progress: (12, 185.91322720050812, {'accuracy': 0.419760304004677}, 109.20376482605934)
[2024-09-10 13:57:23,488][flwr][INFO] - configure_evaluate: strategy sampled 2 clients (out of 50)
[2024-09-10 13:57:23,781][flwr][INFO] - aggregate_evaluate: received 2 results and 0 failures
[2024-09-10 13:57:23,781][flwr][INFO] - 
[2024-09-10 13:57:23,782][flwr][INFO] - [ROUND 13]
[2024-09-10 13:57:23,782][flwr][INFO] - configure_fit: strategy sampled 5 clients (out of 50)
[2024-09-10 13:57:27,086][flwr][INFO] - aggregate_fit: received 5 results and 0 failures
[2024-09-10 13:57:31,921][flwr][INFO] - fit progress: (13, 263.27895748615265, {'accuracy': 0.41479099678456594}, 117.63784373970702)
[2024-09-10 13:57:31,921][flwr][INFO] - configure_evaluate: strategy sampled 2 clients (out of 50)
[2024-09-10 13:57:32,248][flwr][INFO] - aggregate_evaluate: received 2 results and 0 failures
[2024-09-10 13:57:32,248][flwr][INFO] - 
[2024-09-10 13:57:32,248][flwr][INFO] - [ROUND 14]
[2024-09-10 13:57:32,248][flwr][INFO] - configure_fit: strategy sampled 5 clients (out of 50)
[2024-09-10 13:57:35,331][flwr][INFO] - aggregate_fit: received 5 results and 0 failures
[2024-09-10 13:57:40,047][flwr][INFO] - fit progress: (14, 187.49180322885513, {'accuracy': 0.5629932768196434}, 125.76318062003702)
[2024-09-10 13:57:40,047][flwr][INFO] - configure_evaluate: strategy sampled 2 clients (out of 50)
[2024-09-10 13:57:40,408][flwr][INFO] - aggregate_evaluate: received 2 results and 0 failures
[2024-09-10 13:57:40,408][flwr][INFO] - 
[2024-09-10 13:57:40,409][flwr][INFO] - [ROUND 15]
[2024-09-10 13:57:40,409][flwr][INFO] - configure_fit: strategy sampled 5 clients (out of 50)
[2024-09-10 13:57:43,375][flwr][INFO] - aggregate_fit: received 5 results and 0 failures
[2024-09-10 13:57:48,298][flwr][INFO] - fit progress: (15, 232.8944569826126, {'accuracy': 0.24378836597486114}, 134.0148005709052)
[2024-09-10 13:57:48,299][flwr][INFO] - configure_evaluate: strategy sampled 2 clients (out of 50)
[2024-09-10 13:57:48,625][flwr][INFO] - aggregate_evaluate: received 2 results and 0 failures
[2024-09-10 13:57:48,625][flwr][INFO] - 
[2024-09-10 13:57:48,625][flwr][INFO] - [ROUND 16]
[2024-09-10 13:57:48,625][flwr][INFO] - configure_fit: strategy sampled 5 clients (out of 50)
[2024-09-10 13:57:51,956][flwr][INFO] - aggregate_fit: received 5 results and 0 failures
[2024-09-10 13:57:56,667][flwr][INFO] - fit progress: (16, 171.83172726631165, {'accuracy': 0.48640748319204913}, 142.3835033448413)
[2024-09-10 13:57:56,667][flwr][INFO] - configure_evaluate: strategy sampled 2 clients (out of 50)
[2024-09-10 13:57:57,131][flwr][INFO] - aggregate_evaluate: received 2 results and 0 failures
[2024-09-10 13:57:57,132][flwr][INFO] - 
[2024-09-10 13:57:57,132][flwr][INFO] - [ROUND 17]
[2024-09-10 13:57:57,132][flwr][INFO] - configure_fit: strategy sampled 5 clients (out of 50)
[2024-09-10 13:58:00,229][flwr][INFO] - aggregate_fit: received 5 results and 0 failures
[2024-09-10 13:58:05,126][flwr][INFO] - fit progress: (17, 144.7014599442482, {'accuracy': 0.5980707395498392}, 150.8424268970266)
[2024-09-10 13:58:05,126][flwr][INFO] - configure_evaluate: strategy sampled 2 clients (out of 50)
[2024-09-10 13:58:05,444][flwr][INFO] - aggregate_evaluate: received 2 results and 0 failures
[2024-09-10 13:58:05,444][flwr][INFO] - 
[2024-09-10 13:58:05,444][flwr][INFO] - [ROUND 18]
[2024-09-10 13:58:05,444][flwr][INFO] - configure_fit: strategy sampled 5 clients (out of 50)
[2024-09-10 13:58:08,652][flwr][INFO] - aggregate_fit: received 5 results and 0 failures
[2024-09-10 13:58:13,386][flwr][INFO] - fit progress: (18, 285.1010994911194, {'accuracy': 0.43086816720257237}, 159.10297247301787)
[2024-09-10 13:58:13,387][flwr][INFO] - configure_evaluate: strategy sampled 2 clients (out of 50)
[2024-09-10 13:58:13,704][flwr][INFO] - aggregate_evaluate: received 2 results and 0 failures
[2024-09-10 13:58:13,705][flwr][INFO] - 
[2024-09-10 13:58:13,705][flwr][INFO] - [ROUND 19]
[2024-09-10 13:58:13,705][flwr][INFO] - configure_fit: strategy sampled 5 clients (out of 50)
[2024-09-10 13:58:16,829][flwr][INFO] - aggregate_fit: received 5 results and 0 failures
[2024-09-10 13:58:21,757][flwr][INFO] - fit progress: (19, 201.178577542305, {'accuracy': 0.518561824028062}, 167.47334268689156)
[2024-09-10 13:58:21,757][flwr][INFO] - configure_evaluate: strategy sampled 2 clients (out of 50)
[2024-09-10 13:58:22,228][flwr][INFO] - aggregate_evaluate: received 2 results and 0 failures
[2024-09-10 13:58:22,228][flwr][INFO] - 
[2024-09-10 13:58:22,228][flwr][INFO] - [ROUND 20]
[2024-09-10 13:58:22,228][flwr][INFO] - configure_fit: strategy sampled 5 clients (out of 50)
[2024-09-10 13:58:25,374][flwr][INFO] - aggregate_fit: received 5 results and 0 failures
[2024-09-10 13:58:30,059][flwr][INFO] - fit progress: (20, 126.65038239955902, {'accuracy': 0.5866705641625256}, 175.77601388283074)
[2024-09-10 13:58:30,060][flwr][INFO] - configure_evaluate: strategy sampled 2 clients (out of 50)
[2024-09-10 13:58:30,422][flwr][INFO] - aggregate_evaluate: received 2 results and 0 failures
[2024-09-10 13:58:30,422][flwr][INFO] - 
[2024-09-10 13:58:30,422][flwr][INFO] - [ROUND 21]
[2024-09-10 13:58:30,422][flwr][INFO] - configure_fit: strategy sampled 5 clients (out of 50)
[2024-09-10 13:58:33,339][flwr][INFO] - aggregate_fit: received 5 results and 0 failures
[2024-09-10 13:58:38,726][flwr][INFO] - fit progress: (21, 143.73399376869202, {'accuracy': 0.533177433498977}, 184.44236341677606)
[2024-09-10 13:58:38,727][flwr][INFO] - configure_evaluate: strategy sampled 2 clients (out of 50)
[2024-09-10 13:58:39,140][flwr][INFO] - aggregate_evaluate: received 2 results and 0 failures
[2024-09-10 13:58:39,141][flwr][INFO] - 
[2024-09-10 13:58:39,141][flwr][INFO] - [ROUND 22]
[2024-09-10 13:58:39,141][flwr][INFO] - configure_fit: strategy sampled 5 clients (out of 50)
[2024-09-10 13:58:42,803][flwr][INFO] - aggregate_fit: received 5 results and 0 failures
[2024-09-10 13:58:47,738][flwr][INFO] - fit progress: (22, 270.6955095529556, {'accuracy': 0.4916691026015785}, 193.4546252959408)
[2024-09-10 13:58:47,738][flwr][INFO] - configure_evaluate: strategy sampled 2 clients (out of 50)
[2024-09-10 13:58:48,113][flwr][INFO] - aggregate_evaluate: received 2 results and 0 failures
[2024-09-10 13:58:48,114][flwr][INFO] - 
[2024-09-10 13:58:48,114][flwr][INFO] - [ROUND 23]
[2024-09-10 13:58:48,114][flwr][INFO] - configure_fit: strategy sampled 5 clients (out of 50)
[2024-09-10 13:58:51,106][flwr][INFO] - aggregate_fit: received 5 results and 0 failures
[2024-09-10 13:58:55,997][flwr][INFO] - fit progress: (23, 151.30851274728775, {'accuracy': 0.6123940368313359}, 201.71344231208786)
[2024-09-10 13:58:55,998][flwr][INFO] - configure_evaluate: strategy sampled 2 clients (out of 50)
[2024-09-10 13:58:56,313][flwr][INFO] - aggregate_evaluate: received 2 results and 0 failures
[2024-09-10 13:58:56,314][flwr][INFO] - 
[2024-09-10 13:58:56,314][flwr][INFO] - [ROUND 24]
[2024-09-10 13:58:56,314][flwr][INFO] - configure_fit: strategy sampled 5 clients (out of 50)
[2024-09-10 13:58:59,848][flwr][INFO] - aggregate_fit: received 5 results and 0 failures
[2024-09-10 13:59:04,667][flwr][INFO] - fit progress: (24, 197.62215548753738, {'accuracy': 0.515638702133879}, 210.38422390306368)
[2024-09-10 13:59:04,668][flwr][INFO] - configure_evaluate: strategy sampled 2 clients (out of 50)
[2024-09-10 13:59:04,968][flwr][INFO] - aggregate_evaluate: received 2 results and 0 failures
[2024-09-10 13:59:04,968][flwr][INFO] - 
[2024-09-10 13:59:04,969][flwr][INFO] - [ROUND 25]
[2024-09-10 13:59:04,969][flwr][INFO] - configure_fit: strategy sampled 5 clients (out of 50)
[2024-09-10 13:59:07,922][flwr][INFO] - aggregate_fit: received 5 results and 0 failures
[2024-09-10 13:59:12,831][flwr][INFO] - fit progress: (25, 159.54050189256668, {'accuracy': 0.5396083016661795}, 218.5478487550281)
[2024-09-10 13:59:12,832][flwr][INFO] - configure_evaluate: strategy sampled 2 clients (out of 50)
[2024-09-10 13:59:13,177][flwr][INFO] - aggregate_evaluate: received 2 results and 0 failures
[2024-09-10 13:59:13,177][flwr][INFO] - 
[2024-09-10 13:59:13,177][flwr][INFO] - [ROUND 26]
[2024-09-10 13:59:13,177][flwr][INFO] - configure_fit: strategy sampled 5 clients (out of 50)
[2024-09-10 13:59:16,362][flwr][INFO] - aggregate_fit: received 5 results and 0 failures
[2024-09-10 13:59:21,032][flwr][INFO] - fit progress: (26, 170.31883645057678, {'accuracy': 0.701549254603917}, 226.7490877197124)
[2024-09-10 13:59:21,033][flwr][INFO] - configure_evaluate: strategy sampled 2 clients (out of 50)
[2024-09-10 13:59:21,324][flwr][INFO] - aggregate_evaluate: received 2 results and 0 failures
[2024-09-10 13:59:21,324][flwr][INFO] - 
[2024-09-10 13:59:21,324][flwr][INFO] - [ROUND 27]
[2024-09-10 13:59:21,325][flwr][INFO] - configure_fit: strategy sampled 5 clients (out of 50)
[2024-09-10 13:59:24,522][flwr][INFO] - aggregate_fit: received 5 results and 0 failures
[2024-09-10 13:59:29,271][flwr][INFO] - fit progress: (27, 289.2324321269989, {'accuracy': 0.580239695995323}, 234.9878476667218)
[2024-09-10 13:59:29,271][flwr][INFO] - configure_evaluate: strategy sampled 2 clients (out of 50)
[2024-09-10 13:59:29,592][flwr][INFO] - aggregate_evaluate: received 2 results and 0 failures
[2024-09-10 13:59:29,593][flwr][INFO] - 
[2024-09-10 13:59:29,593][flwr][INFO] - [ROUND 28]
[2024-09-10 13:59:29,593][flwr][INFO] - configure_fit: strategy sampled 5 clients (out of 50)
[2024-09-10 13:59:32,486][flwr][INFO] - aggregate_fit: received 5 results and 0 failures
[2024-09-10 13:59:37,827][flwr][INFO] - fit progress: (28, 158.3419840335846, {'accuracy': 0.6094709149371529}, 243.54335163207725)
[2024-09-10 13:59:37,827][flwr][INFO] - configure_evaluate: strategy sampled 2 clients (out of 50)
[2024-09-10 13:59:38,306][flwr][INFO] - aggregate_evaluate: received 2 results and 0 failures
[2024-09-10 13:59:38,306][flwr][INFO] - 
[2024-09-10 13:59:38,306][flwr][INFO] - [ROUND 29]
[2024-09-10 13:59:38,306][flwr][INFO] - configure_fit: strategy sampled 5 clients (out of 50)
[2024-09-10 13:59:41,154][flwr][INFO] - aggregate_fit: received 5 results and 0 failures
[2024-09-10 13:59:47,077][flwr][INFO] - fit progress: (29, 166.1859872341156, {'accuracy': 0.40719087985969016}, 252.7933853380382)
[2024-09-10 13:59:47,078][flwr][INFO] - configure_evaluate: strategy sampled 2 clients (out of 50)
[2024-09-10 13:59:47,387][flwr][INFO] - aggregate_evaluate: received 2 results and 0 failures
[2024-09-10 13:59:47,387][flwr][INFO] - 
[2024-09-10 13:59:47,387][flwr][INFO] - [ROUND 30]
[2024-09-10 13:59:47,387][flwr][INFO] - configure_fit: strategy sampled 5 clients (out of 50)
[2024-09-10 13:59:50,117][flwr][INFO] - aggregate_fit: received 5 results and 0 failures
[2024-09-10 13:59:55,452][flwr][INFO] - fit progress: (30, 152.2689220905304, {'accuracy': 0.49809997076878104}, 261.16875148005784)
[2024-09-10 13:59:55,453][flwr][INFO] - configure_evaluate: strategy sampled 2 clients (out of 50)
[2024-09-10 13:59:55,760][flwr][INFO] - aggregate_evaluate: received 2 results and 0 failures
[2024-09-10 13:59:55,760][flwr][INFO] - 
[2024-09-10 13:59:55,760][flwr][INFO] - [ROUND 31]
[2024-09-10 13:59:55,760][flwr][INFO] - configure_fit: strategy sampled 5 clients (out of 50)
[2024-09-10 13:59:59,020][flwr][INFO] - aggregate_fit: received 5 results and 0 failures
[2024-09-10 14:00:04,034][flwr][INFO] - fit progress: (31, 132.11873978376389, {'accuracy': 0.6389944460684011}, 269.7504314738326)
[2024-09-10 14:00:04,034][flwr][INFO] - configure_evaluate: strategy sampled 2 clients (out of 50)
[2024-09-10 14:00:04,327][flwr][INFO] - aggregate_evaluate: received 2 results and 0 failures
[2024-09-10 14:00:04,327][flwr][INFO] - 
[2024-09-10 14:00:04,328][flwr][INFO] - [ROUND 32]
[2024-09-10 14:00:04,328][flwr][INFO] - configure_fit: strategy sampled 5 clients (out of 50)
[2024-09-10 14:00:07,577][flwr][INFO] - aggregate_fit: received 5 results and 0 failures
[2024-09-10 14:00:12,370][flwr][INFO] - fit progress: (32, 134.413900911808, {'accuracy': 0.5890090616778719}, 278.0862635830417)
[2024-09-10 14:00:12,370][flwr][INFO] - configure_evaluate: strategy sampled 2 clients (out of 50)
[2024-09-10 14:00:12,681][flwr][INFO] - aggregate_evaluate: received 2 results and 0 failures
[2024-09-10 14:00:12,681][flwr][INFO] - 
[2024-09-10 14:00:12,681][flwr][INFO] - [ROUND 33]
[2024-09-10 14:00:12,681][flwr][INFO] - configure_fit: strategy sampled 5 clients (out of 50)
[2024-09-10 14:00:15,701][flwr][INFO] - aggregate_fit: received 5 results and 0 failures
[2024-09-10 14:00:20,781][flwr][INFO] - fit progress: (33, 209.69794869422913, {'accuracy': 0.42268342589886}, 286.4978579180315)
[2024-09-10 14:00:20,781][flwr][INFO] - configure_evaluate: strategy sampled 2 clients (out of 50)
[2024-09-10 14:00:21,088][flwr][INFO] - aggregate_evaluate: received 2 results and 0 failures
[2024-09-10 14:00:21,089][flwr][INFO] - 
[2024-09-10 14:00:21,089][flwr][INFO] - [ROUND 34]
[2024-09-10 14:00:21,089][flwr][INFO] - configure_fit: strategy sampled 5 clients (out of 50)
[2024-09-10 14:00:24,588][flwr][INFO] - aggregate_fit: received 5 results and 0 failures
[2024-09-10 14:00:29,610][flwr][INFO] - fit progress: (34, 241.9316987991333, {'accuracy': 0.35808243203741597}, 295.32656969409436)
[2024-09-10 14:00:29,611][flwr][INFO] - configure_evaluate: strategy sampled 2 clients (out of 50)
[2024-09-10 14:00:29,964][flwr][INFO] - aggregate_evaluate: received 2 results and 0 failures
[2024-09-10 14:00:29,964][flwr][INFO] - 
[2024-09-10 14:00:29,964][flwr][INFO] - [ROUND 35]
[2024-09-10 14:00:29,965][flwr][INFO] - configure_fit: strategy sampled 5 clients (out of 50)
[2024-09-10 14:00:33,440][flwr][INFO] - aggregate_fit: received 5 results and 0 failures
[2024-09-10 14:00:38,601][flwr][INFO] - fit progress: (35, 125.9741415977478, {'accuracy': 0.6243788365974862}, 304.3179851328023)
[2024-09-10 14:00:38,602][flwr][INFO] - configure_evaluate: strategy sampled 2 clients (out of 50)
[2024-09-10 14:00:38,917][flwr][INFO] - aggregate_evaluate: received 2 results and 0 failures
[2024-09-10 14:00:38,917][flwr][INFO] - 
[2024-09-10 14:00:38,917][flwr][INFO] - [ROUND 36]
[2024-09-10 14:00:38,917][flwr][INFO] - configure_fit: strategy sampled 5 clients (out of 50)
[2024-09-10 14:00:41,963][flwr][INFO] - aggregate_fit: received 5 results and 0 failures
[2024-09-10 14:00:46,744][flwr][INFO] - fit progress: (36, 180.84448784589767, {'accuracy': 0.467699503069278}, 312.46091755479574)
[2024-09-10 14:00:46,745][flwr][INFO] - configure_evaluate: strategy sampled 2 clients (out of 50)
[2024-09-10 14:00:47,195][flwr][INFO] - aggregate_evaluate: received 2 results and 0 failures
[2024-09-10 14:00:47,195][flwr][INFO] - 
[2024-09-10 14:00:47,195][flwr][INFO] - [ROUND 37]
[2024-09-10 14:00:47,196][flwr][INFO] - configure_fit: strategy sampled 5 clients (out of 50)
[2024-09-10 14:00:50,118][flwr][INFO] - aggregate_fit: received 5 results and 0 failures
[2024-09-10 14:00:55,055][flwr][INFO] - fit progress: (37, 145.5201609134674, {'accuracy': 0.6275942706810874}, 320.77214143704623)
[2024-09-10 14:00:55,056][flwr][INFO] - configure_evaluate: strategy sampled 2 clients (out of 50)
[2024-09-10 14:00:55,385][flwr][INFO] - aggregate_evaluate: received 2 results and 0 failures
[2024-09-10 14:00:55,385][flwr][INFO] - 
[2024-09-10 14:00:55,385][flwr][INFO] - [ROUND 38]
[2024-09-10 14:00:55,386][flwr][INFO] - configure_fit: strategy sampled 5 clients (out of 50)
[2024-09-10 14:00:58,306][flwr][INFO] - aggregate_fit: received 5 results and 0 failures
[2024-09-10 14:01:03,201][flwr][INFO] - fit progress: (38, 163.64288395643234, {'accuracy': 0.6498099970768781}, 328.917970106937)
[2024-09-10 14:01:03,202][flwr][INFO] - configure_evaluate: strategy sampled 2 clients (out of 50)
[2024-09-10 14:01:03,570][flwr][INFO] - aggregate_evaluate: received 2 results and 0 failures
[2024-09-10 14:01:03,570][flwr][INFO] - 
[2024-09-10 14:01:03,570][flwr][INFO] - [ROUND 39]
[2024-09-10 14:01:03,570][flwr][INFO] - configure_fit: strategy sampled 5 clients (out of 50)
[2024-09-10 14:01:06,757][flwr][INFO] - aggregate_fit: received 5 results and 0 failures
[2024-09-10 14:01:11,505][flwr][INFO] - fit progress: (39, 122.28851079940796, {'accuracy': 0.64776381175095}, 337.2215098529123)
[2024-09-10 14:01:11,505][flwr][INFO] - configure_evaluate: strategy sampled 2 clients (out of 50)
[2024-09-10 14:01:11,818][flwr][INFO] - aggregate_evaluate: received 2 results and 0 failures
[2024-09-10 14:01:11,818][flwr][INFO] - 
[2024-09-10 14:01:11,818][flwr][INFO] - [ROUND 40]
[2024-09-10 14:01:11,818][flwr][INFO] - configure_fit: strategy sampled 5 clients (out of 50)
[2024-09-10 14:01:14,807][flwr][INFO] - aggregate_fit: received 5 results and 0 failures
[2024-09-10 14:01:19,653][flwr][INFO] - fit progress: (40, 150.08570075035095, {'accuracy': 0.5863782519731073}, 345.37013007188216)
[2024-09-10 14:01:19,654][flwr][INFO] - configure_evaluate: strategy sampled 2 clients (out of 50)
[2024-09-10 14:01:19,952][flwr][INFO] - aggregate_evaluate: received 2 results and 0 failures
[2024-09-10 14:01:19,952][flwr][INFO] - 
[2024-09-10 14:01:19,952][flwr][INFO] - [ROUND 41]
[2024-09-10 14:01:19,952][flwr][INFO] - configure_fit: strategy sampled 5 clients (out of 50)
[2024-09-10 14:01:23,191][flwr][INFO] - aggregate_fit: received 5 results and 0 failures
[2024-09-10 14:01:28,625][flwr][INFO] - fit progress: (41, 214.76043570041656, {'accuracy': 0.45308389359836304}, 354.3414327898063)
[2024-09-10 14:01:28,625][flwr][INFO] - configure_evaluate: strategy sampled 2 clients (out of 50)
[2024-09-10 14:01:28,940][flwr][INFO] - aggregate_evaluate: received 2 results and 0 failures
[2024-09-10 14:01:28,940][flwr][INFO] - 
[2024-09-10 14:01:28,940][flwr][INFO] - [ROUND 42]
[2024-09-10 14:01:28,940][flwr][INFO] - configure_fit: strategy sampled 5 clients (out of 50)
[2024-09-10 14:01:32,184][flwr][INFO] - aggregate_fit: received 5 results and 0 failures
[2024-09-10 14:01:37,070][flwr][INFO] - fit progress: (42, 181.47466242313385, {'accuracy': 0.49605378544285295}, 362.78701464878395)
[2024-09-10 14:01:37,071][flwr][INFO] - configure_evaluate: strategy sampled 2 clients (out of 50)
[2024-09-10 14:01:37,398][flwr][INFO] - aggregate_evaluate: received 2 results and 0 failures
[2024-09-10 14:01:37,398][flwr][INFO] - 
[2024-09-10 14:01:37,398][flwr][INFO] - [ROUND 43]
[2024-09-10 14:01:37,399][flwr][INFO] - configure_fit: strategy sampled 5 clients (out of 50)
[2024-09-10 14:01:40,684][flwr][INFO] - aggregate_fit: received 5 results and 0 failures
[2024-09-10 14:01:45,762][flwr][INFO] - fit progress: (43, 139.55259758234024, {'accuracy': 0.574393452206957}, 371.4785175197758)
[2024-09-10 14:01:45,762][flwr][INFO] - configure_evaluate: strategy sampled 2 clients (out of 50)
[2024-09-10 14:01:46,055][flwr][INFO] - aggregate_evaluate: received 2 results and 0 failures
[2024-09-10 14:01:46,055][flwr][INFO] - 
[2024-09-10 14:01:46,055][flwr][INFO] - [ROUND 44]
[2024-09-10 14:01:46,055][flwr][INFO] - configure_fit: strategy sampled 5 clients (out of 50)
[2024-09-10 14:01:49,385][flwr][INFO] - aggregate_fit: received 5 results and 0 failures
[2024-09-10 14:01:54,940][flwr][INFO] - fit progress: (44, 126.59072840213776, {'accuracy': 0.5416544869921076}, 380.65703106997535)
[2024-09-10 14:01:54,941][flwr][INFO] - configure_evaluate: strategy sampled 2 clients (out of 50)
[2024-09-10 14:01:55,220][flwr][INFO] - aggregate_evaluate: received 2 results and 0 failures
[2024-09-10 14:01:55,220][flwr][INFO] - 
[2024-09-10 14:01:55,220][flwr][INFO] - [ROUND 45]
[2024-09-10 14:01:55,220][flwr][INFO] - configure_fit: strategy sampled 5 clients (out of 50)
[2024-09-10 14:01:58,300][flwr][INFO] - aggregate_fit: received 5 results and 0 failures
[2024-09-10 14:02:04,156][flwr][INFO] - fit progress: (45, 132.71359318494797, {'accuracy': 0.6293481438175972}, 389.8729292531498)
[2024-09-10 14:02:04,157][flwr][INFO] - configure_evaluate: strategy sampled 2 clients (out of 50)
[2024-09-10 14:02:04,450][flwr][INFO] - aggregate_evaluate: received 2 results and 0 failures
[2024-09-10 14:02:04,451][flwr][INFO] - 
[2024-09-10 14:02:04,451][flwr][INFO] - [ROUND 46]
[2024-09-10 14:02:04,451][flwr][INFO] - configure_fit: strategy sampled 5 clients (out of 50)
[2024-09-10 14:02:07,484][flwr][INFO] - aggregate_fit: received 5 results and 0 failures
[2024-09-10 14:02:13,651][flwr][INFO] - fit progress: (46, 125.2514699101448, {'accuracy': 0.6407483192049108}, 399.36785661196336)
[2024-09-10 14:02:13,652][flwr][INFO] - configure_evaluate: strategy sampled 2 clients (out of 50)
[2024-09-10 14:02:13,981][flwr][INFO] - aggregate_evaluate: received 2 results and 0 failures
[2024-09-10 14:02:13,982][flwr][INFO] - 
[2024-09-10 14:02:13,982][flwr][INFO] - [ROUND 47]
[2024-09-10 14:02:13,982][flwr][INFO] - configure_fit: strategy sampled 5 clients (out of 50)
[2024-09-10 14:02:17,112][flwr][INFO] - aggregate_fit: received 5 results and 0 failures
[2024-09-10 14:02:23,087][flwr][INFO] - fit progress: (47, 117.98999923467636, {'accuracy': 0.7071031862028646}, 408.8039592001587)
[2024-09-10 14:02:23,088][flwr][INFO] - configure_evaluate: strategy sampled 2 clients (out of 50)
[2024-09-10 14:02:23,572][flwr][INFO] - aggregate_evaluate: received 2 results and 0 failures
[2024-09-10 14:02:23,572][flwr][INFO] - 
[2024-09-10 14:02:23,572][flwr][INFO] - [ROUND 48]
[2024-09-10 14:02:23,572][flwr][INFO] - configure_fit: strategy sampled 5 clients (out of 50)
[2024-09-10 14:02:26,899][flwr][INFO] - aggregate_fit: received 5 results and 0 failures
[2024-09-10 14:02:31,607][flwr][INFO] - fit progress: (48, 154.71170395612717, {'accuracy': 0.6387021338789828}, 417.3234015731141)
[2024-09-10 14:02:31,607][flwr][INFO] - configure_evaluate: strategy sampled 2 clients (out of 50)
[2024-09-10 14:02:31,907][flwr][INFO] - aggregate_evaluate: received 2 results and 0 failures
[2024-09-10 14:02:31,907][flwr][INFO] - 
[2024-09-10 14:02:31,907][flwr][INFO] - [ROUND 49]
[2024-09-10 14:02:31,907][flwr][INFO] - configure_fit: strategy sampled 5 clients (out of 50)
[2024-09-10 14:02:34,951][flwr][INFO] - aggregate_fit: received 5 results and 0 failures
[2024-09-10 14:02:39,937][flwr][INFO] - fit progress: (49, 115.0183093547821, {'accuracy': 0.6892721426483485}, 425.6541371848434)
[2024-09-10 14:02:39,938][flwr][INFO] - configure_evaluate: strategy sampled 2 clients (out of 50)
[2024-09-10 14:02:40,218][flwr][INFO] - aggregate_evaluate: received 2 results and 0 failures
[2024-09-10 14:02:40,218][flwr][INFO] - 
[2024-09-10 14:02:40,218][flwr][INFO] - [ROUND 50]
[2024-09-10 14:02:40,218][flwr][INFO] - configure_fit: strategy sampled 5 clients (out of 50)
[2024-09-10 14:02:43,019][flwr][INFO] - aggregate_fit: received 5 results and 0 failures
[2024-09-10 14:02:47,728][flwr][INFO] - fit progress: (50, 161.91085994243622, {'accuracy': 0.6676410406313943}, 433.4445955948904)
[2024-09-10 14:02:47,728][flwr][INFO] - configure_evaluate: strategy sampled 2 clients (out of 50)
[2024-09-10 14:02:48,018][flwr][INFO] - aggregate_evaluate: received 2 results and 0 failures
[2024-09-10 14:02:48,018][flwr][INFO] - 
[2024-09-10 14:02:48,018][flwr][INFO] - [ROUND 51]
[2024-09-10 14:02:48,018][flwr][INFO] - configure_fit: strategy sampled 5 clients (out of 50)
[2024-09-10 14:02:51,384][flwr][INFO] - aggregate_fit: received 5 results and 0 failures
[2024-09-10 14:02:56,475][flwr][INFO] - fit progress: (51, 120.61458659172058, {'accuracy': 0.6939491376790412}, 442.1916002887301)
[2024-09-10 14:02:56,475][flwr][INFO] - configure_evaluate: strategy sampled 2 clients (out of 50)
[2024-09-10 14:02:56,892][flwr][INFO] - aggregate_evaluate: received 2 results and 0 failures
[2024-09-10 14:02:56,892][flwr][INFO] - 
[2024-09-10 14:02:56,892][flwr][INFO] - [ROUND 52]
[2024-09-10 14:02:56,893][flwr][INFO] - configure_fit: strategy sampled 5 clients (out of 50)
[2024-09-10 14:03:00,063][flwr][INFO] - aggregate_fit: received 5 results and 0 failures
[2024-09-10 14:03:04,940][flwr][INFO] - fit progress: (52, 117.76188033819199, {'accuracy': 0.6188249049985385}, 450.656562668737)
[2024-09-10 14:03:04,941][flwr][INFO] - configure_evaluate: strategy sampled 2 clients (out of 50)
[2024-09-10 14:03:05,348][flwr][INFO] - aggregate_evaluate: received 2 results and 0 failures
[2024-09-10 14:03:05,348][flwr][INFO] - 
[2024-09-10 14:03:05,348][flwr][INFO] - [ROUND 53]
[2024-09-10 14:03:05,349][flwr][INFO] - configure_fit: strategy sampled 5 clients (out of 50)
[2024-09-10 14:03:08,496][flwr][INFO] - aggregate_fit: received 5 results and 0 failures
[2024-09-10 14:03:13,576][flwr][INFO] - fit progress: (53, 148.73700284957886, {'accuracy': 0.5010230926629641}, 459.293083245866)
[2024-09-10 14:03:13,577][flwr][INFO] - configure_evaluate: strategy sampled 2 clients (out of 50)
[2024-09-10 14:03:13,983][flwr][INFO] - aggregate_evaluate: received 2 results and 0 failures
[2024-09-10 14:03:13,984][flwr][INFO] - 
[2024-09-10 14:03:13,984][flwr][INFO] - [ROUND 54]
[2024-09-10 14:03:13,984][flwr][INFO] - configure_fit: strategy sampled 5 clients (out of 50)
[2024-09-10 14:03:17,137][flwr][INFO] - aggregate_fit: received 5 results and 0 failures
[2024-09-10 14:03:22,122][flwr][INFO] - fit progress: (54, 125.55264753103256, {'accuracy': 0.6787489038292897}, 467.8388731069863)
[2024-09-10 14:03:22,123][flwr][INFO] - configure_evaluate: strategy sampled 2 clients (out of 50)
[2024-09-10 14:03:22,438][flwr][INFO] - aggregate_evaluate: received 2 results and 0 failures
[2024-09-10 14:03:22,438][flwr][INFO] - 
[2024-09-10 14:03:22,439][flwr][INFO] - [ROUND 55]
[2024-09-10 14:03:22,439][flwr][INFO] - configure_fit: strategy sampled 5 clients (out of 50)
[2024-09-10 14:03:25,919][flwr][INFO] - aggregate_fit: received 5 results and 0 failures
[2024-09-10 14:03:30,801][flwr][INFO] - fit progress: (55, 165.16281086206436, {'accuracy': 0.5881321251096171}, 476.5177460438572)
[2024-09-10 14:03:30,802][flwr][INFO] - configure_evaluate: strategy sampled 2 clients (out of 50)
[2024-09-10 14:03:31,122][flwr][INFO] - aggregate_evaluate: received 2 results and 0 failures
[2024-09-10 14:03:31,122][flwr][INFO] - 
[2024-09-10 14:03:31,122][flwr][INFO] - [ROUND 56]
[2024-09-10 14:03:31,122][flwr][INFO] - configure_fit: strategy sampled 5 clients (out of 50)
[2024-09-10 14:03:34,281][flwr][INFO] - aggregate_fit: received 5 results and 0 failures
[2024-09-10 14:03:39,386][flwr][INFO] - fit progress: (56, 165.24551475048065, {'accuracy': 0.594855305466238}, 485.1024467460811)
[2024-09-10 14:03:39,386][flwr][INFO] - configure_evaluate: strategy sampled 2 clients (out of 50)
[2024-09-10 14:03:39,712][flwr][INFO] - aggregate_evaluate: received 2 results and 0 failures
[2024-09-10 14:03:39,712][flwr][INFO] - 
[2024-09-10 14:03:39,713][flwr][INFO] - [ROUND 57]
[2024-09-10 14:03:39,713][flwr][INFO] - configure_fit: strategy sampled 5 clients (out of 50)
[2024-09-10 14:03:42,892][flwr][INFO] - aggregate_fit: received 5 results and 0 failures
[2024-09-10 14:03:47,662][flwr][INFO] - fit progress: (57, 126.00192189216614, {'accuracy': 0.5644548377667349}, 493.37846404500306)
[2024-09-10 14:03:47,662][flwr][INFO] - configure_evaluate: strategy sampled 2 clients (out of 50)
[2024-09-10 14:03:47,967][flwr][INFO] - aggregate_evaluate: received 2 results and 0 failures
[2024-09-10 14:03:47,967][flwr][INFO] - 
[2024-09-10 14:03:47,967][flwr][INFO] - [ROUND 58]
[2024-09-10 14:03:47,967][flwr][INFO] - configure_fit: strategy sampled 5 clients (out of 50)
[2024-09-10 14:03:50,978][flwr][INFO] - aggregate_fit: received 5 results and 0 failures
[2024-09-10 14:03:55,891][flwr][INFO] - fit progress: (58, 134.50583308935165, {'accuracy': 0.6439637532885122}, 501.6079206657596)
[2024-09-10 14:03:55,892][flwr][INFO] - configure_evaluate: strategy sampled 2 clients (out of 50)
[2024-09-10 14:03:56,193][flwr][INFO] - aggregate_evaluate: received 2 results and 0 failures
[2024-09-10 14:03:56,194][flwr][INFO] - 
[2024-09-10 14:03:56,194][flwr][INFO] - [ROUND 59]
[2024-09-10 14:03:56,194][flwr][INFO] - configure_fit: strategy sampled 5 clients (out of 50)
[2024-09-10 14:03:59,163][flwr][INFO] - aggregate_fit: received 5 results and 0 failures
[2024-09-10 14:04:04,051][flwr][INFO] - fit progress: (59, 164.99942326545715, {'accuracy': 0.5486699795381468}, 509.76751324906945)
[2024-09-10 14:04:04,055][flwr][INFO] - configure_evaluate: strategy sampled 2 clients (out of 50)
[2024-09-10 14:04:04,465][flwr][INFO] - aggregate_evaluate: received 2 results and 0 failures
[2024-09-10 14:04:04,465][flwr][INFO] - 
[2024-09-10 14:04:04,465][flwr][INFO] - [ROUND 60]
[2024-09-10 14:04:04,466][flwr][INFO] - configure_fit: strategy sampled 5 clients (out of 50)
[2024-09-10 14:04:07,617][flwr][INFO] - aggregate_fit: received 5 results and 0 failures
[2024-09-10 14:04:12,660][flwr][INFO] - fit progress: (60, 111.0123280286789, {'accuracy': 0.6726103478515054}, 518.3762604049407)
[2024-09-10 14:04:12,660][flwr][INFO] - configure_evaluate: strategy sampled 2 clients (out of 50)
[2024-09-10 14:04:12,965][flwr][INFO] - aggregate_evaluate: received 2 results and 0 failures
[2024-09-10 14:04:12,965][flwr][INFO] - 
[2024-09-10 14:04:12,965][flwr][INFO] - [ROUND 61]
[2024-09-10 14:04:12,965][flwr][INFO] - configure_fit: strategy sampled 5 clients (out of 50)
[2024-09-10 14:04:16,153][flwr][INFO] - aggregate_fit: received 5 results and 0 failures
[2024-09-10 14:04:20,918][flwr][INFO] - fit progress: (61, 142.6884059906006, {'accuracy': 0.5533469745688395}, 526.6348386099562)
[2024-09-10 14:04:20,918][flwr][INFO] - configure_evaluate: strategy sampled 2 clients (out of 50)
[2024-09-10 14:04:21,227][flwr][INFO] - aggregate_evaluate: received 2 results and 0 failures
[2024-09-10 14:04:21,227][flwr][INFO] - 
[2024-09-10 14:04:21,227][flwr][INFO] - [ROUND 62]
[2024-09-10 14:04:21,227][flwr][INFO] - configure_fit: strategy sampled 5 clients (out of 50)
[2024-09-10 14:04:24,750][flwr][INFO] - aggregate_fit: received 5 results and 0 failures
[2024-09-10 14:04:29,903][flwr][INFO] - fit progress: (62, 121.57004153728485, {'accuracy': 0.5808243203741597}, 535.6198701630346)
[2024-09-10 14:04:29,904][flwr][INFO] - configure_evaluate: strategy sampled 2 clients (out of 50)
[2024-09-10 14:04:30,210][flwr][INFO] - aggregate_evaluate: received 2 results and 0 failures
[2024-09-10 14:04:30,210][flwr][INFO] - 
[2024-09-10 14:04:30,210][flwr][INFO] - [ROUND 63]
[2024-09-10 14:04:30,210][flwr][INFO] - configure_fit: strategy sampled 5 clients (out of 50)
[2024-09-10 14:04:33,043][flwr][INFO] - aggregate_fit: received 5 results and 0 failures
[2024-09-10 14:04:38,619][flwr][INFO] - fit progress: (63, 230.21671551465988, {'accuracy': 0.6454253142356037}, 544.3359887297265)
[2024-09-10 14:04:38,620][flwr][INFO] - configure_evaluate: strategy sampled 2 clients (out of 50)
[2024-09-10 14:04:38,901][flwr][INFO] - aggregate_evaluate: received 2 results and 0 failures
[2024-09-10 14:04:38,901][flwr][INFO] - 
[2024-09-10 14:04:38,901][flwr][INFO] - [ROUND 64]
[2024-09-10 14:04:38,901][flwr][INFO] - configure_fit: strategy sampled 5 clients (out of 50)
[2024-09-10 14:04:42,383][flwr][INFO] - aggregate_fit: received 5 results and 0 failures
[2024-09-10 14:04:48,306][flwr][INFO] - fit progress: (64, 295.29203593730927, {'accuracy': 0.5673779596609179}, 554.02321892092)
[2024-09-10 14:04:48,307][flwr][INFO] - configure_evaluate: strategy sampled 2 clients (out of 50)
[2024-09-10 14:04:48,619][flwr][INFO] - aggregate_evaluate: received 2 results and 0 failures
[2024-09-10 14:04:48,619][flwr][INFO] - 
[2024-09-10 14:04:48,619][flwr][INFO] - [ROUND 65]
[2024-09-10 14:04:48,619][flwr][INFO] - configure_fit: strategy sampled 5 clients (out of 50)
[2024-09-10 14:04:52,135][flwr][INFO] - aggregate_fit: received 5 results and 0 failures
[2024-09-10 14:04:56,829][flwr][INFO] - fit progress: (65, 159.29474884271622, {'accuracy': 0.5241157556270096}, 562.5458054430783)
[2024-09-10 14:04:56,830][flwr][INFO] - configure_evaluate: strategy sampled 2 clients (out of 50)
[2024-09-10 14:04:57,280][flwr][INFO] - aggregate_evaluate: received 2 results and 0 failures
[2024-09-10 14:04:57,280][flwr][INFO] - 
[2024-09-10 14:04:57,280][flwr][INFO] - [ROUND 66]
[2024-09-10 14:04:57,280][flwr][INFO] - configure_fit: strategy sampled 5 clients (out of 50)
[2024-09-10 14:05:00,203][flwr][INFO] - aggregate_fit: received 5 results and 0 failures
[2024-09-10 14:05:05,756][flwr][INFO] - fit progress: (66, 581.2063899040222, {'accuracy': 0.3010815551008477}, 571.4727631700225)
[2024-09-10 14:05:05,757][flwr][INFO] - configure_evaluate: strategy sampled 2 clients (out of 50)
[2024-09-10 14:05:06,087][flwr][INFO] - aggregate_evaluate: received 2 results and 0 failures
[2024-09-10 14:05:06,087][flwr][INFO] - 
[2024-09-10 14:05:06,087][flwr][INFO] - [ROUND 67]
[2024-09-10 14:05:06,087][flwr][INFO] - configure_fit: strategy sampled 5 clients (out of 50)
[2024-09-10 14:05:09,104][flwr][INFO] - aggregate_fit: received 5 results and 0 failures
[2024-09-10 14:05:14,083][flwr][INFO] - fit progress: (67, 134.96559792757034, {'accuracy': 0.5325928091201403}, 579.7998368688859)
[2024-09-10 14:05:14,083][flwr][INFO] - configure_evaluate: strategy sampled 2 clients (out of 50)
[2024-09-10 14:05:14,377][flwr][INFO] - aggregate_evaluate: received 2 results and 0 failures
[2024-09-10 14:05:14,377][flwr][INFO] - 
[2024-09-10 14:05:14,377][flwr][INFO] - [ROUND 68]
[2024-09-10 14:05:14,377][flwr][INFO] - configure_fit: strategy sampled 5 clients (out of 50)
[2024-09-10 14:05:17,526][flwr][INFO] - aggregate_fit: received 5 results and 0 failures
[2024-09-10 14:05:22,190][flwr][INFO] - fit progress: (68, 147.27214294672012, {'accuracy': 0.5574393452206957}, 587.9070795071311)
[2024-09-10 14:05:22,191][flwr][INFO] - configure_evaluate: strategy sampled 2 clients (out of 50)
[2024-09-10 14:05:22,574][flwr][INFO] - aggregate_evaluate: received 2 results and 0 failures
[2024-09-10 14:05:22,574][flwr][INFO] - 
[2024-09-10 14:05:22,574][flwr][INFO] - [ROUND 69]
[2024-09-10 14:05:22,574][flwr][INFO] - configure_fit: strategy sampled 5 clients (out of 50)
[2024-09-10 14:05:25,532][flwr][INFO] - aggregate_fit: received 5 results and 0 failures
[2024-09-10 14:05:31,108][flwr][INFO] - fit progress: (69, 138.92536115646362, {'accuracy': 0.48231511254019294}, 596.8252184027806)
[2024-09-10 14:05:31,109][flwr][INFO] - configure_evaluate: strategy sampled 2 clients (out of 50)
[2024-09-10 14:05:31,441][flwr][INFO] - aggregate_evaluate: received 2 results and 0 failures
[2024-09-10 14:05:31,442][flwr][INFO] - 
[2024-09-10 14:05:31,442][flwr][INFO] - [ROUND 70]
[2024-09-10 14:05:31,442][flwr][INFO] - configure_fit: strategy sampled 5 clients (out of 50)
[2024-09-10 14:05:34,138][flwr][INFO] - aggregate_fit: received 5 results and 0 failures
[2024-09-10 14:05:39,124][flwr][INFO] - fit progress: (70, 164.9520457983017, {'accuracy': 0.4615609470914937}, 604.8403995088302)
[2024-09-10 14:05:39,124][flwr][INFO] - configure_evaluate: strategy sampled 2 clients (out of 50)
[2024-09-10 14:05:39,420][flwr][INFO] - aggregate_evaluate: received 2 results and 0 failures
[2024-09-10 14:05:39,420][flwr][INFO] - 
[2024-09-10 14:05:39,420][flwr][INFO] - [ROUND 71]
[2024-09-10 14:05:39,420][flwr][INFO] - configure_fit: strategy sampled 5 clients (out of 50)
[2024-09-10 14:05:42,216][flwr][INFO] - aggregate_fit: received 5 results and 0 failures
[2024-09-10 14:05:47,569][flwr][INFO] - fit progress: (71, 135.85611808300018, {'accuracy': 0.5013154048523824}, 613.2859558849595)
[2024-09-10 14:05:47,570][flwr][INFO] - configure_evaluate: strategy sampled 2 clients (out of 50)
[2024-09-10 14:05:47,971][flwr][INFO] - aggregate_evaluate: received 2 results and 0 failures
[2024-09-10 14:05:47,971][flwr][INFO] - 
[2024-09-10 14:05:47,971][flwr][INFO] - [ROUND 72]
[2024-09-10 14:05:47,971][flwr][INFO] - configure_fit: strategy sampled 5 clients (out of 50)
[2024-09-10 14:05:51,108][flwr][INFO] - aggregate_fit: received 5 results and 0 failures
[2024-09-10 14:05:56,040][flwr][INFO] - fit progress: (72, 139.11658835411072, {'accuracy': 0.5533469745688395}, 621.7569956658408)
[2024-09-10 14:05:56,041][flwr][INFO] - configure_evaluate: strategy sampled 2 clients (out of 50)
[2024-09-10 14:05:56,458][flwr][INFO] - aggregate_evaluate: received 2 results and 0 failures
[2024-09-10 14:05:56,458][flwr][INFO] - 
[2024-09-10 14:05:56,458][flwr][INFO] - [ROUND 73]
[2024-09-10 14:05:56,459][flwr][INFO] - configure_fit: strategy sampled 5 clients (out of 50)
[2024-09-10 14:05:59,529][flwr][INFO] - aggregate_fit: received 5 results and 0 failures
[2024-09-10 14:06:04,273][flwr][INFO] - fit progress: (73, 204.17614150047302, {'accuracy': 0.4893306050862321}, 629.9892837377265)
[2024-09-10 14:06:04,273][flwr][INFO] - configure_evaluate: strategy sampled 2 clients (out of 50)
[2024-09-10 14:06:04,611][flwr][INFO] - aggregate_evaluate: received 2 results and 0 failures
[2024-09-10 14:06:04,611][flwr][INFO] - 
[2024-09-10 14:06:04,611][flwr][INFO] - [ROUND 74]
[2024-09-10 14:06:04,611][flwr][INFO] - configure_fit: strategy sampled 5 clients (out of 50)
[2024-09-10 14:06:07,754][flwr][INFO] - aggregate_fit: received 5 results and 0 failures
[2024-09-10 14:06:13,809][flwr][INFO] - fit progress: (74, 138.63765448331833, {'accuracy': 0.6460099386144402}, 639.5260180607438)
[2024-09-10 14:06:13,810][flwr][INFO] - configure_evaluate: strategy sampled 2 clients (out of 50)
[2024-09-10 14:06:14,147][flwr][INFO] - aggregate_evaluate: received 2 results and 0 failures
[2024-09-10 14:06:14,148][flwr][INFO] - 
[2024-09-10 14:06:14,148][flwr][INFO] - [ROUND 75]
[2024-09-10 14:06:14,148][flwr][INFO] - configure_fit: strategy sampled 5 clients (out of 50)
[2024-09-10 14:06:16,899][flwr][INFO] - aggregate_fit: received 5 results and 0 failures
[2024-09-10 14:06:22,775][flwr][INFO] - fit progress: (75, 155.7944061756134, {'accuracy': 0.35223618824905}, 648.4920812738128)
[2024-09-10 14:06:22,776][flwr][INFO] - configure_evaluate: strategy sampled 2 clients (out of 50)
[2024-09-10 14:06:23,183][flwr][INFO] - aggregate_evaluate: received 2 results and 0 failures
[2024-09-10 14:06:23,183][flwr][INFO] - 
[2024-09-10 14:06:23,183][flwr][INFO] - [ROUND 76]
[2024-09-10 14:06:23,184][flwr][INFO] - configure_fit: strategy sampled 5 clients (out of 50)
[2024-09-10 14:06:26,544][flwr][INFO] - aggregate_fit: received 5 results and 0 failures
[2024-09-10 14:06:32,860][flwr][INFO] - fit progress: (76, 185.53641349077225, {'accuracy': 0.6322712657117802}, 658.5765121560544)
[2024-09-10 14:06:32,860][flwr][INFO] - configure_evaluate: strategy sampled 2 clients (out of 50)
[2024-09-10 14:06:33,186][flwr][INFO] - aggregate_evaluate: received 2 results and 0 failures
[2024-09-10 14:06:33,186][flwr][INFO] - 
[2024-09-10 14:06:33,186][flwr][INFO] - [ROUND 77]
[2024-09-10 14:06:33,186][flwr][INFO] - configure_fit: strategy sampled 5 clients (out of 50)
[2024-09-10 14:06:36,307][flwr][INFO] - aggregate_fit: received 5 results and 0 failures
[2024-09-10 14:06:42,177][flwr][INFO] - fit progress: (77, 130.08378088474274, {'accuracy': 0.49751534638994444}, 667.8938914979808)
[2024-09-10 14:06:42,178][flwr][INFO] - configure_evaluate: strategy sampled 2 clients (out of 50)
[2024-09-10 14:06:42,495][flwr][INFO] - aggregate_evaluate: received 2 results and 0 failures
[2024-09-10 14:06:42,495][flwr][INFO] - 
[2024-09-10 14:06:42,495][flwr][INFO] - [ROUND 78]
[2024-09-10 14:06:42,496][flwr][INFO] - configure_fit: strategy sampled 5 clients (out of 50)
[2024-09-10 14:06:45,470][flwr][INFO] - aggregate_fit: received 5 results and 0 failures
[2024-09-10 14:06:50,267][flwr][INFO] - fit progress: (78, 95.74974876642227, {'accuracy': 0.7185033615901784}, 675.9839589637704)
[2024-09-10 14:06:50,268][flwr][INFO] - configure_evaluate: strategy sampled 2 clients (out of 50)
[2024-09-10 14:06:50,565][flwr][INFO] - aggregate_evaluate: received 2 results and 0 failures
[2024-09-10 14:06:50,565][flwr][INFO] - 
[2024-09-10 14:06:50,565][flwr][INFO] - [ROUND 79]
[2024-09-10 14:06:50,565][flwr][INFO] - configure_fit: strategy sampled 5 clients (out of 50)
[2024-09-10 14:06:53,701][flwr][INFO] - aggregate_fit: received 5 results and 0 failures
[2024-09-10 14:06:59,988][flwr][INFO] - fit progress: (79, 124.23752111196518, {'accuracy': 0.619409529377375}, 685.7045415639877)
[2024-09-10 14:06:59,988][flwr][INFO] - configure_evaluate: strategy sampled 2 clients (out of 50)
[2024-09-10 14:07:00,305][flwr][INFO] - aggregate_evaluate: received 2 results and 0 failures
[2024-09-10 14:07:00,305][flwr][INFO] - 
[2024-09-10 14:07:00,305][flwr][INFO] - [ROUND 80]
[2024-09-10 14:07:00,305][flwr][INFO] - configure_fit: strategy sampled 5 clients (out of 50)
[2024-09-10 14:07:03,315][flwr][INFO] - aggregate_fit: received 5 results and 0 failures
[2024-09-10 14:07:09,211][flwr][INFO] - fit progress: (80, 131.50582379102707, {'accuracy': 0.6088862905583163}, 694.9275894179009)
[2024-09-10 14:07:09,211][flwr][INFO] - configure_evaluate: strategy sampled 2 clients (out of 50)
[2024-09-10 14:07:09,587][flwr][INFO] - aggregate_evaluate: received 2 results and 0 failures
[2024-09-10 14:07:09,587][flwr][INFO] - 
[2024-09-10 14:07:09,587][flwr][INFO] - [ROUND 81]
[2024-09-10 14:07:09,587][flwr][INFO] - configure_fit: strategy sampled 5 clients (out of 50)
[2024-09-10 14:07:12,627][flwr][INFO] - aggregate_fit: received 5 results and 0 failures
[2024-09-10 14:07:18,186][flwr][INFO] - fit progress: (81, 193.69689404964447, {'accuracy': 0.5498392282958199}, 703.9031983511522)
[2024-09-10 14:07:18,187][flwr][INFO] - configure_evaluate: strategy sampled 2 clients (out of 50)
[2024-09-10 14:07:18,502][flwr][INFO] - aggregate_evaluate: received 2 results and 0 failures
[2024-09-10 14:07:18,503][flwr][INFO] - 
[2024-09-10 14:07:18,503][flwr][INFO] - [ROUND 82]
[2024-09-10 14:07:18,503][flwr][INFO] - configure_fit: strategy sampled 5 clients (out of 50)
[2024-09-10 14:07:21,449][flwr][INFO] - aggregate_fit: received 5 results and 0 failures
[2024-09-10 14:07:27,676][flwr][INFO] - fit progress: (82, 110.46788966655731, {'accuracy': 0.6749488453668518}, 713.3930910639465)
[2024-09-10 14:07:27,677][flwr][INFO] - configure_evaluate: strategy sampled 2 clients (out of 50)
[2024-09-10 14:07:28,051][flwr][INFO] - aggregate_evaluate: received 2 results and 0 failures
[2024-09-10 14:07:28,051][flwr][INFO] - 
[2024-09-10 14:07:28,051][flwr][INFO] - [ROUND 83]
[2024-09-10 14:07:28,051][flwr][INFO] - configure_fit: strategy sampled 5 clients (out of 50)
[2024-09-10 14:07:31,525][flwr][INFO] - aggregate_fit: received 5 results and 0 failures
[2024-09-10 14:07:37,869][flwr][INFO] - fit progress: (83, 245.93577373027802, {'accuracy': 0.4855305466237942}, 723.5860677747987)
[2024-09-10 14:07:37,870][flwr][INFO] - configure_evaluate: strategy sampled 2 clients (out of 50)
[2024-09-10 14:07:38,177][flwr][INFO] - aggregate_evaluate: received 2 results and 0 failures
[2024-09-10 14:07:38,177][flwr][INFO] - 
[2024-09-10 14:07:38,177][flwr][INFO] - [ROUND 84]
[2024-09-10 14:07:38,177][flwr][INFO] - configure_fit: strategy sampled 5 clients (out of 50)
[2024-09-10 14:07:41,645][flwr][INFO] - aggregate_fit: received 5 results and 0 failures
[2024-09-10 14:07:47,626][flwr][INFO] - fit progress: (84, 132.49761760234833, {'accuracy': 0.594855305466238}, 733.3432112270966)
[2024-09-10 14:07:47,627][flwr][INFO] - configure_evaluate: strategy sampled 2 clients (out of 50)
[2024-09-10 14:07:47,947][flwr][INFO] - aggregate_evaluate: received 2 results and 0 failures
[2024-09-10 14:07:47,948][flwr][INFO] - 
[2024-09-10 14:07:47,948][flwr][INFO] - [ROUND 85]
[2024-09-10 14:07:47,948][flwr][INFO] - configure_fit: strategy sampled 5 clients (out of 50)
[2024-09-10 14:07:50,834][flwr][INFO] - aggregate_fit: received 5 results and 0 failures
[2024-09-10 14:07:56,128][flwr][INFO] - fit progress: (85, 152.77994453907013, {'accuracy': 0.6544869921075709}, 741.8451442318037)
[2024-09-10 14:07:56,129][flwr][INFO] - configure_evaluate: strategy sampled 2 clients (out of 50)
[2024-09-10 14:07:56,464][flwr][INFO] - aggregate_evaluate: received 2 results and 0 failures
[2024-09-10 14:07:56,464][flwr][INFO] - 
[2024-09-10 14:07:56,464][flwr][INFO] - [ROUND 86]
[2024-09-10 14:07:56,464][flwr][INFO] - configure_fit: strategy sampled 5 clients (out of 50)
[2024-09-10 14:07:59,518][flwr][INFO] - aggregate_fit: received 5 results and 0 failures
[2024-09-10 14:08:04,225][flwr][INFO] - fit progress: (86, 175.43956446647644, {'accuracy': 0.4472376498099971}, 749.9421906229109)
[2024-09-10 14:08:04,226][flwr][INFO] - configure_evaluate: strategy sampled 2 clients (out of 50)
[2024-09-10 14:08:04,511][flwr][INFO] - aggregate_evaluate: received 2 results and 0 failures
[2024-09-10 14:08:04,511][flwr][INFO] - 
[2024-09-10 14:08:04,511][flwr][INFO] - [ROUND 87]
[2024-09-10 14:08:04,511][flwr][INFO] - configure_fit: strategy sampled 5 clients (out of 50)
[2024-09-10 14:08:07,559][flwr][INFO] - aggregate_fit: received 5 results and 0 failures
[2024-09-10 14:08:12,493][flwr][INFO] - fit progress: (87, 218.79192519187927, {'accuracy': 0.5729318912598655}, 758.2094891089946)
[2024-09-10 14:08:12,493][flwr][INFO] - configure_evaluate: strategy sampled 2 clients (out of 50)
[2024-09-10 14:08:12,799][flwr][INFO] - aggregate_evaluate: received 2 results and 0 failures
[2024-09-10 14:08:12,799][flwr][INFO] - 
[2024-09-10 14:08:12,799][flwr][INFO] - [ROUND 88]
[2024-09-10 14:08:12,799][flwr][INFO] - configure_fit: strategy sampled 5 clients (out of 50)
[2024-09-10 14:08:16,173][flwr][INFO] - aggregate_fit: received 5 results and 0 failures
[2024-09-10 14:08:21,744][flwr][INFO] - fit progress: (88, 120.68578144907951, {'accuracy': 0.69073370359544}, 767.4608036829159)
[2024-09-10 14:08:21,745][flwr][INFO] - configure_evaluate: strategy sampled 2 clients (out of 50)
[2024-09-10 14:08:22,108][flwr][INFO] - aggregate_evaluate: received 2 results and 0 failures
[2024-09-10 14:08:22,108][flwr][INFO] - 
[2024-09-10 14:08:22,108][flwr][INFO] - [ROUND 89]
[2024-09-10 14:08:22,108][flwr][INFO] - configure_fit: strategy sampled 5 clients (out of 50)
[2024-09-10 14:08:25,332][flwr][INFO] - aggregate_fit: received 5 results and 0 failures
[2024-09-10 14:08:30,024][flwr][INFO] - fit progress: (89, 128.5116701722145, {'accuracy': 0.6635486699795381}, 775.7408538321033)
[2024-09-10 14:08:30,025][flwr][INFO] - configure_evaluate: strategy sampled 2 clients (out of 50)
[2024-09-10 14:08:30,346][flwr][INFO] - aggregate_evaluate: received 2 results and 0 failures
[2024-09-10 14:08:30,346][flwr][INFO] - 
[2024-09-10 14:08:30,346][flwr][INFO] - [ROUND 90]
[2024-09-10 14:08:30,346][flwr][INFO] - configure_fit: strategy sampled 5 clients (out of 50)
[2024-09-10 14:08:33,824][flwr][INFO] - aggregate_fit: received 5 results and 0 failures
[2024-09-10 14:08:39,112][flwr][INFO] - fit progress: (90, 117.64731180667877, {'accuracy': 0.6793335282081263}, 784.8282477660105)
[2024-09-10 14:08:39,112][flwr][INFO] - configure_evaluate: strategy sampled 2 clients (out of 50)
[2024-09-10 14:08:39,460][flwr][INFO] - aggregate_evaluate: received 2 results and 0 failures
[2024-09-10 14:08:39,461][flwr][INFO] - 
[2024-09-10 14:08:39,461][flwr][INFO] - [ROUND 91]
[2024-09-10 14:08:39,461][flwr][INFO] - configure_fit: strategy sampled 5 clients (out of 50)
[2024-09-10 14:08:42,693][flwr][INFO] - aggregate_fit: received 5 results and 0 failures
[2024-09-10 14:08:47,928][flwr][INFO] - fit progress: (91, 99.58300176262856, {'accuracy': 0.7135340543700672}, 793.6446633390151)
[2024-09-10 14:08:47,928][flwr][INFO] - configure_evaluate: strategy sampled 2 clients (out of 50)
[2024-09-10 14:08:48,245][flwr][INFO] - aggregate_evaluate: received 2 results and 0 failures
[2024-09-10 14:08:48,246][flwr][INFO] - 
[2024-09-10 14:08:48,246][flwr][INFO] - [ROUND 92]
[2024-09-10 14:08:48,246][flwr][INFO] - configure_fit: strategy sampled 5 clients (out of 50)
[2024-09-10 14:08:51,137][flwr][INFO] - aggregate_fit: received 5 results and 0 failures
[2024-09-10 14:08:56,330][flwr][INFO] - fit progress: (92, 138.02332305908203, {'accuracy': 0.6322712657117802}, 802.0463061989285)
[2024-09-10 14:08:56,330][flwr][INFO] - configure_evaluate: strategy sampled 2 clients (out of 50)
[2024-09-10 14:08:56,634][flwr][INFO] - aggregate_evaluate: received 2 results and 0 failures
[2024-09-10 14:08:56,635][flwr][INFO] - 
[2024-09-10 14:08:56,635][flwr][INFO] - [ROUND 93]
[2024-09-10 14:08:56,635][flwr][INFO] - configure_fit: strategy sampled 5 clients (out of 50)
[2024-09-10 14:08:59,404][flwr][INFO] - aggregate_fit: received 5 results and 0 failures
[2024-09-10 14:09:04,215][flwr][INFO] - fit progress: (93, 151.89107012748718, {'accuracy': 0.5805320081847413}, 809.9320169719867)
[2024-09-10 14:09:04,216][flwr][INFO] - configure_evaluate: strategy sampled 2 clients (out of 50)
[2024-09-10 14:09:04,550][flwr][INFO] - aggregate_evaluate: received 2 results and 0 failures
[2024-09-10 14:09:04,551][flwr][INFO] - 
[2024-09-10 14:09:04,551][flwr][INFO] - [ROUND 94]
[2024-09-10 14:09:04,551][flwr][INFO] - configure_fit: strategy sampled 5 clients (out of 50)
[2024-09-10 14:09:07,608][flwr][INFO] - aggregate_fit: received 5 results and 0 failures
[2024-09-10 14:09:12,695][flwr][INFO] - fit progress: (94, 144.11422741413116, {'accuracy': 0.49605378544285295}, 818.4118097540922)
[2024-09-10 14:09:12,695][flwr][INFO] - configure_evaluate: strategy sampled 2 clients (out of 50)
[2024-09-10 14:09:13,032][flwr][INFO] - aggregate_evaluate: received 2 results and 0 failures
[2024-09-10 14:09:13,032][flwr][INFO] - 
[2024-09-10 14:09:13,033][flwr][INFO] - [ROUND 95]
[2024-09-10 14:09:13,033][flwr][INFO] - configure_fit: strategy sampled 5 clients (out of 50)
[2024-09-10 14:09:16,350][flwr][INFO] - aggregate_fit: received 5 results and 0 failures
[2024-09-10 14:09:21,233][flwr][INFO] - fit progress: (95, 326.9541566371918, {'accuracy': 0.5612394036831336}, 826.94930961309)
[2024-09-10 14:09:21,233][flwr][INFO] - configure_evaluate: strategy sampled 2 clients (out of 50)
[2024-09-10 14:09:21,576][flwr][INFO] - aggregate_evaluate: received 2 results and 0 failures
[2024-09-10 14:09:21,576][flwr][INFO] - 
[2024-09-10 14:09:21,576][flwr][INFO] - [ROUND 96]
[2024-09-10 14:09:21,576][flwr][INFO] - configure_fit: strategy sampled 5 clients (out of 50)
[2024-09-10 14:09:24,463][flwr][INFO] - aggregate_fit: received 5 results and 0 failures
[2024-09-10 14:09:29,655][flwr][INFO] - fit progress: (96, 268.22295117378235, {'accuracy': 0.3764980999707688}, 835.3712855698541)
[2024-09-10 14:09:29,655][flwr][INFO] - configure_evaluate: strategy sampled 2 clients (out of 50)
[2024-09-10 14:09:29,994][flwr][INFO] - aggregate_evaluate: received 2 results and 0 failures
[2024-09-10 14:09:29,994][flwr][INFO] - 
[2024-09-10 14:09:29,994][flwr][INFO] - [ROUND 97]
[2024-09-10 14:09:29,995][flwr][INFO] - configure_fit: strategy sampled 5 clients (out of 50)
[2024-09-10 14:09:33,117][flwr][INFO] - aggregate_fit: received 5 results and 0 failures
[2024-09-10 14:09:38,770][flwr][INFO] - fit progress: (97, 181.85164803266525, {'accuracy': 0.557731657410114}, 844.4866581130773)
[2024-09-10 14:09:38,770][flwr][INFO] - configure_evaluate: strategy sampled 2 clients (out of 50)
[2024-09-10 14:09:39,062][flwr][INFO] - aggregate_evaluate: received 2 results and 0 failures
[2024-09-10 14:09:39,063][flwr][INFO] - 
[2024-09-10 14:09:39,063][flwr][INFO] - [ROUND 98]
[2024-09-10 14:09:39,063][flwr][INFO] - configure_fit: strategy sampled 5 clients (out of 50)
[2024-09-10 14:09:41,904][flwr][INFO] - aggregate_fit: received 5 results and 0 failures
[2024-09-10 14:09:46,907][flwr][INFO] - fit progress: (98, 361.45295691490173, {'accuracy': 0.33732826658871673}, 852.6241472479887)
[2024-09-10 14:09:46,908][flwr][INFO] - configure_evaluate: strategy sampled 2 clients (out of 50)
[2024-09-10 14:09:47,255][flwr][INFO] - aggregate_evaluate: received 2 results and 0 failures
[2024-09-10 14:09:47,255][flwr][INFO] - 
[2024-09-10 14:09:47,255][flwr][INFO] - [ROUND 99]
[2024-09-10 14:09:47,255][flwr][INFO] - configure_fit: strategy sampled 5 clients (out of 50)
[2024-09-10 14:09:50,057][flwr][INFO] - aggregate_fit: received 5 results and 0 failures
[2024-09-10 14:09:54,850][flwr][INFO] - fit progress: (99, 192.71954023838043, {'accuracy': 0.38409821689564455}, 860.5670242477208)
[2024-09-10 14:09:54,851][flwr][INFO] - configure_evaluate: strategy sampled 2 clients (out of 50)
[2024-09-10 14:09:55,129][flwr][INFO] - aggregate_evaluate: received 2 results and 0 failures
[2024-09-10 14:09:55,129][flwr][INFO] - 
[2024-09-10 14:09:55,129][flwr][INFO] - [ROUND 100]
[2024-09-10 14:09:55,129][flwr][INFO] - configure_fit: strategy sampled 5 clients (out of 50)
[2024-09-10 14:09:57,960][flwr][INFO] - aggregate_fit: received 5 results and 0 failures
[2024-09-10 14:10:04,270][flwr][INFO] - fit progress: (100, 178.4163887500763, {'accuracy': 0.4130371236480561}, 869.9868849711493)
[2024-09-10 14:10:04,271][flwr][INFO] - configure_evaluate: strategy sampled 2 clients (out of 50)
[2024-09-10 14:10:04,577][flwr][INFO] - aggregate_evaluate: received 2 results and 0 failures
[2024-09-10 14:10:04,579][flwr][INFO] - 
[2024-09-10 14:10:04,579][flwr][INFO] - [SUMMARY]
[2024-09-10 14:10:04,579][flwr][INFO] - Run finished 100 round(s) in 870.29s
[2024-09-10 14:10:04,582][flwr][INFO] - 	History (loss, distributed):
[2024-09-10 14:10:04,582][flwr][INFO] - 		round 1: 1.9750202821225535
[2024-09-10 14:10:04,582][flwr][INFO] - 		round 2: 1.8405566769976949
[2024-09-10 14:10:04,582][flwr][INFO] - 		round 3: 4.827700360616048
[2024-09-10 14:10:04,582][flwr][INFO] - 		round 4: 2.986826460535933
[2024-09-10 14:10:04,582][flwr][INFO] - 		round 5: 2.0717189058344414
[2024-09-10 14:10:04,582][flwr][INFO] - 		round 6: 2.048672587975212
[2024-09-10 14:10:04,582][flwr][INFO] - 		round 7: 0.908092034623978
[2024-09-10 14:10:04,583][flwr][INFO] - 		round 8: 1.923951506614685
[2024-09-10 14:10:04,583][flwr][INFO] - 		round 9: 1.9956689864397048
[2024-09-10 14:10:04,583][flwr][INFO] - 		round 10: 2.8220518719066274
[2024-09-10 14:10:04,583][flwr][INFO] - 		round 11: 1.6354773139953613
[2024-09-10 14:10:04,583][flwr][INFO] - 		round 12: 1.7549542321099176
[2024-09-10 14:10:04,583][flwr][INFO] - 		round 13: 2.86764433919167
[2024-09-10 14:10:04,583][flwr][INFO] - 		round 14: 0.569661875218153
[2024-09-10 14:10:04,583][flwr][INFO] - 		round 15: 2.1980112393697104
[2024-09-10 14:10:04,583][flwr][INFO] - 		round 16: 1.0614897485049266
[2024-09-10 14:10:04,583][flwr][INFO] - 		round 17: 1.3364357465789432
[2024-09-10 14:10:04,583][flwr][INFO] - 		round 18: 2.0411671627135504
[2024-09-10 14:10:04,583][flwr][INFO] - 		round 19: 0.22726088674629435
[2024-09-10 14:10:04,583][flwr][INFO] - 		round 20: 1.5998711097240448
[2024-09-10 14:10:04,583][flwr][INFO] - 		round 21: 1.1599609340940202
[2024-09-10 14:10:04,583][flwr][INFO] - 		round 22: 2.469207547031916
[2024-09-10 14:10:04,583][flwr][INFO] - 		round 23: 0.9080317967078265
[2024-09-10 14:10:04,583][flwr][INFO] - 		round 24: 3.1351841660433037
[2024-09-10 14:10:04,583][flwr][INFO] - 		round 25: 1.2719511875399836
[2024-09-10 14:10:04,584][flwr][INFO] - 		round 26: 2.0861968522848087
[2024-09-10 14:10:04,584][flwr][INFO] - 		round 27: 2.2515903982249172
[2024-09-10 14:10:04,584][flwr][INFO] - 		round 28: 0.7969636404514313
[2024-09-10 14:10:04,584][flwr][INFO] - 		round 29: 1.1627015554627707
[2024-09-10 14:10:04,584][flwr][INFO] - 		round 30: 0.7153086808689854
[2024-09-10 14:10:04,584][flwr][INFO] - 		round 31: 1.1585483301517576
[2024-09-10 14:10:04,584][flwr][INFO] - 		round 32: 1.1760411262512207
[2024-09-10 14:10:04,584][flwr][INFO] - 		round 33: 3.4682706197102866
[2024-09-10 14:10:04,584][flwr][INFO] - 		round 34: 2.1927445376360857
[2024-09-10 14:10:04,584][flwr][INFO] - 		round 35: 0.3652858744968068
[2024-09-10 14:10:04,584][flwr][INFO] - 		round 36: 1.4117787747547543
[2024-09-10 14:10:04,584][flwr][INFO] - 		round 37: 1.0453649060479526
[2024-09-10 14:10:04,584][flwr][INFO] - 		round 38: 1.0395088253482696
[2024-09-10 14:10:04,584][flwr][INFO] - 		round 39: 2.467636750294612
[2024-09-10 14:10:04,584][flwr][INFO] - 		round 40: 1.5048187143948613
[2024-09-10 14:10:04,584][flwr][INFO] - 		round 41: 2.251118614123418
[2024-09-10 14:10:04,584][flwr][INFO] - 		round 42: 1.213156777209249
[2024-09-10 14:10:04,584][flwr][INFO] - 		round 43: 1.5350731634176695
[2024-09-10 14:10:04,585][flwr][INFO] - 		round 44: 1.3047627889832785
[2024-09-10 14:10:04,585][flwr][INFO] - 		round 45: 2.9749916944748316
[2024-09-10 14:10:04,585][flwr][INFO] - 		round 46: 1.6037578627467155
[2024-09-10 14:10:04,585][flwr][INFO] - 		round 47: 0.6484492917855581
[2024-09-10 14:10:04,585][flwr][INFO] - 		round 48: 0.3999750275733107
[2024-09-10 14:10:04,585][flwr][INFO] - 		round 49: 1.9246784448623657
[2024-09-10 14:10:04,585][flwr][INFO] - 		round 50: 1.3706077681647406
[2024-09-10 14:10:04,585][flwr][INFO] - 		round 51: 0.8683713060968062
[2024-09-10 14:10:04,585][flwr][INFO] - 		round 52: 1.3780695277711619
[2024-09-10 14:10:04,585][flwr][INFO] - 		round 53: 0.8950925239345484
[2024-09-10 14:10:04,585][flwr][INFO] - 		round 54: 0.5923548913002015
[2024-09-10 14:10:04,585][flwr][INFO] - 		round 55: 1.9194476972926746
[2024-09-10 14:10:04,585][flwr][INFO] - 		round 56: 3.6825664104559483
[2024-09-10 14:10:04,585][flwr][INFO] - 		round 57: 0.82466503689366
[2024-09-10 14:10:04,585][flwr][INFO] - 		round 58: 0.8213531927516063
[2024-09-10 14:10:04,585][flwr][INFO] - 		round 59: 1.6865875114094127
[2024-09-10 14:10:04,585][flwr][INFO] - 		round 60: 0.36531546299274154
[2024-09-10 14:10:04,585][flwr][INFO] - 		round 61: 2.1867321729660034
[2024-09-10 14:10:04,586][flwr][INFO] - 		round 62: 1.2075224950049932
[2024-09-10 14:10:04,586][flwr][INFO] - 		round 63: 0.7009561873496847
[2024-09-10 14:10:04,586][flwr][INFO] - 		round 64: 0.544497913784451
[2024-09-10 14:10:04,586][flwr][INFO] - 		round 65: 2.0805371900399527
[2024-09-10 14:10:04,586][flwr][INFO] - 		round 66: 3.632226347923279
[2024-09-10 14:10:04,586][flwr][INFO] - 		round 67: 1.3205991135703192
[2024-09-10 14:10:04,586][flwr][INFO] - 		round 68: 0.25969360585396106
[2024-09-10 14:10:04,586][flwr][INFO] - 		round 69: 1.5627867450901107
[2024-09-10 14:10:04,586][flwr][INFO] - 		round 70: 1.521240321072665
[2024-09-10 14:10:04,586][flwr][INFO] - 		round 71: 1.8805595010519027
[2024-09-10 14:10:04,586][flwr][INFO] - 		round 72: 1.3087637996673585
[2024-09-10 14:10:04,586][flwr][INFO] - 		round 73: 1.9256937503814697
[2024-09-10 14:10:04,586][flwr][INFO] - 		round 74: 2.117622006173227
[2024-09-10 14:10:04,586][flwr][INFO] - 		round 75: 1.8484840512275695
[2024-09-10 14:10:04,586][flwr][INFO] - 		round 76: 1.6811950009948802
[2024-09-10 14:10:04,586][flwr][INFO] - 		round 77: 1.3615079045295715
[2024-09-10 14:10:04,586][flwr][INFO] - 		round 78: 0.596656099513725
[2024-09-10 14:10:04,586][flwr][INFO] - 		round 79: 0.7714826224143045
[2024-09-10 14:10:04,586][flwr][INFO] - 		round 80: 1.2837277904469917
[2024-09-10 14:10:04,586][flwr][INFO] - 		round 81: 1.2072945833206177
[2024-09-10 14:10:04,587][flwr][INFO] - 		round 82: 0.5997160438631401
[2024-09-10 14:10:04,587][flwr][INFO] - 		round 83: 4.3643930946908345
[2024-09-10 14:10:04,587][flwr][INFO] - 		round 84: 1.2890632510185243
[2024-09-10 14:10:04,587][flwr][INFO] - 		round 85: 2.632404104192206
[2024-09-10 14:10:04,587][flwr][INFO] - 		round 86: 1.0939930170140368
[2024-09-10 14:10:04,587][flwr][INFO] - 		round 87: 0.9328309882770885
[2024-09-10 14:10:04,587][flwr][INFO] - 		round 88: 0.787860189346557
[2024-09-10 14:10:04,587][flwr][INFO] - 		round 89: 0.6019725366072222
[2024-09-10 14:10:04,587][flwr][INFO] - 		round 90: 1.4585447558542577
[2024-09-10 14:10:04,587][flwr][INFO] - 		round 91: 1.713153478645143
[2024-09-10 14:10:04,587][flwr][INFO] - 		round 92: 0.82214451763365
[2024-09-10 14:10:04,587][flwr][INFO] - 		round 93: 0.8816255351953339
[2024-09-10 14:10:04,587][flwr][INFO] - 		round 94: 1.2856048795912
[2024-09-10 14:10:04,587][flwr][INFO] - 		round 95: 3.7473216716279376
[2024-09-10 14:10:04,587][flwr][INFO] - 		round 96: 4.152665262636931
[2024-09-10 14:10:04,587][flwr][INFO] - 		round 97: 1.1624306535720825
[2024-09-10 14:10:04,587][flwr][INFO] - 		round 98: 3.5989673687861514
[2024-09-10 14:10:04,587][flwr][INFO] - 		round 99: 2.6602953641842575
[2024-09-10 14:10:04,588][flwr][INFO] - 		round 100: 1.0767255952191908
[2024-09-10 14:10:04,588][flwr][INFO] - 	History (loss, centralized):
[2024-09-10 14:10:04,588][flwr][INFO] - 		round 0: 232.54309630393982
[2024-09-10 14:10:04,588][flwr][INFO] - 		round 1: 225.3096010684967
[2024-09-10 14:10:04,588][flwr][INFO] - 		round 2: 208.6673618555069
[2024-09-10 14:10:04,588][flwr][INFO] - 		round 3: 448.12490129470825
[2024-09-10 14:10:04,588][flwr][INFO] - 		round 4: 218.94606018066406
[2024-09-10 14:10:04,588][flwr][INFO] - 		round 5: 204.53332901000977
[2024-09-10 14:10:04,588][flwr][INFO] - 		round 6: 190.86467945575714
[2024-09-10 14:10:04,588][flwr][INFO] - 		round 7: 237.39125657081604
[2024-09-10 14:10:04,588][flwr][INFO] - 		round 8: 169.06661796569824
[2024-09-10 14:10:04,588][flwr][INFO] - 		round 9: 184.51202011108398
[2024-09-10 14:10:04,588][flwr][INFO] - 		round 10: 163.9660563468933
[2024-09-10 14:10:04,588][flwr][INFO] - 		round 11: 193.91822862625122
[2024-09-10 14:10:04,588][flwr][INFO] - 		round 12: 185.91322720050812
[2024-09-10 14:10:04,588][flwr][INFO] - 		round 13: 263.27895748615265
[2024-09-10 14:10:04,588][flwr][INFO] - 		round 14: 187.49180322885513
[2024-09-10 14:10:04,588][flwr][INFO] - 		round 15: 232.8944569826126
[2024-09-10 14:10:04,588][flwr][INFO] - 		round 16: 171.83172726631165
[2024-09-10 14:10:04,589][flwr][INFO] - 		round 17: 144.7014599442482
[2024-09-10 14:10:04,589][flwr][INFO] - 		round 18: 285.1010994911194
[2024-09-10 14:10:04,589][flwr][INFO] - 		round 19: 201.178577542305
[2024-09-10 14:10:04,589][flwr][INFO] - 		round 20: 126.65038239955902
[2024-09-10 14:10:04,589][flwr][INFO] - 		round 21: 143.73399376869202
[2024-09-10 14:10:04,589][flwr][INFO] - 		round 22: 270.6955095529556
[2024-09-10 14:10:04,589][flwr][INFO] - 		round 23: 151.30851274728775
[2024-09-10 14:10:04,589][flwr][INFO] - 		round 24: 197.62215548753738
[2024-09-10 14:10:04,589][flwr][INFO] - 		round 25: 159.54050189256668
[2024-09-10 14:10:04,589][flwr][INFO] - 		round 26: 170.31883645057678
[2024-09-10 14:10:04,589][flwr][INFO] - 		round 27: 289.2324321269989
[2024-09-10 14:10:04,589][flwr][INFO] - 		round 28: 158.3419840335846
[2024-09-10 14:10:04,589][flwr][INFO] - 		round 29: 166.1859872341156
[2024-09-10 14:10:04,589][flwr][INFO] - 		round 30: 152.2689220905304
[2024-09-10 14:10:04,589][flwr][INFO] - 		round 31: 132.11873978376389
[2024-09-10 14:10:04,589][flwr][INFO] - 		round 32: 134.413900911808
[2024-09-10 14:10:04,589][flwr][INFO] - 		round 33: 209.69794869422913
[2024-09-10 14:10:04,589][flwr][INFO] - 		round 34: 241.9316987991333
[2024-09-10 14:10:04,590][flwr][INFO] - 		round 35: 125.9741415977478
[2024-09-10 14:10:04,590][flwr][INFO] - 		round 36: 180.84448784589767
[2024-09-10 14:10:04,590][flwr][INFO] - 		round 37: 145.5201609134674
[2024-09-10 14:10:04,590][flwr][INFO] - 		round 38: 163.64288395643234
[2024-09-10 14:10:04,590][flwr][INFO] - 		round 39: 122.28851079940796
[2024-09-10 14:10:04,590][flwr][INFO] - 		round 40: 150.08570075035095
[2024-09-10 14:10:04,590][flwr][INFO] - 		round 41: 214.76043570041656
[2024-09-10 14:10:04,590][flwr][INFO] - 		round 42: 181.47466242313385
[2024-09-10 14:10:04,590][flwr][INFO] - 		round 43: 139.55259758234024
[2024-09-10 14:10:04,590][flwr][INFO] - 		round 44: 126.59072840213776
[2024-09-10 14:10:04,590][flwr][INFO] - 		round 45: 132.71359318494797
[2024-09-10 14:10:04,590][flwr][INFO] - 		round 46: 125.2514699101448
[2024-09-10 14:10:04,590][flwr][INFO] - 		round 47: 117.98999923467636
[2024-09-10 14:10:04,590][flwr][INFO] - 		round 48: 154.71170395612717
[2024-09-10 14:10:04,590][flwr][INFO] - 		round 49: 115.0183093547821
[2024-09-10 14:10:04,590][flwr][INFO] - 		round 50: 161.91085994243622
[2024-09-10 14:10:04,590][flwr][INFO] - 		round 51: 120.61458659172058
[2024-09-10 14:10:04,590][flwr][INFO] - 		round 52: 117.76188033819199
[2024-09-10 14:10:04,590][flwr][INFO] - 		round 53: 148.73700284957886
[2024-09-10 14:10:04,590][flwr][INFO] - 		round 54: 125.55264753103256
[2024-09-10 14:10:04,590][flwr][INFO] - 		round 55: 165.16281086206436
[2024-09-10 14:10:04,590][flwr][INFO] - 		round 56: 165.24551475048065
[2024-09-10 14:10:04,591][flwr][INFO] - 		round 57: 126.00192189216614
[2024-09-10 14:10:04,591][flwr][INFO] - 		round 58: 134.50583308935165
[2024-09-10 14:10:04,591][flwr][INFO] - 		round 59: 164.99942326545715
[2024-09-10 14:10:04,591][flwr][INFO] - 		round 60: 111.0123280286789
[2024-09-10 14:10:04,591][flwr][INFO] - 		round 61: 142.6884059906006
[2024-09-10 14:10:04,591][flwr][INFO] - 		round 62: 121.57004153728485
[2024-09-10 14:10:04,591][flwr][INFO] - 		round 63: 230.21671551465988
[2024-09-10 14:10:04,591][flwr][INFO] - 		round 64: 295.29203593730927
[2024-09-10 14:10:04,591][flwr][INFO] - 		round 65: 159.29474884271622
[2024-09-10 14:10:04,591][flwr][INFO] - 		round 66: 581.2063899040222
[2024-09-10 14:10:04,591][flwr][INFO] - 		round 67: 134.96559792757034
[2024-09-10 14:10:04,591][flwr][INFO] - 		round 68: 147.27214294672012
[2024-09-10 14:10:04,591][flwr][INFO] - 		round 69: 138.92536115646362
[2024-09-10 14:10:04,591][flwr][INFO] - 		round 70: 164.9520457983017
[2024-09-10 14:10:04,591][flwr][INFO] - 		round 71: 135.85611808300018
[2024-09-10 14:10:04,591][flwr][INFO] - 		round 72: 139.11658835411072
[2024-09-10 14:10:04,591][flwr][INFO] - 		round 73: 204.17614150047302
[2024-09-10 14:10:04,591][flwr][INFO] - 		round 74: 138.63765448331833
[2024-09-10 14:10:04,591][flwr][INFO] - 		round 75: 155.7944061756134
[2024-09-10 14:10:04,591][flwr][INFO] - 		round 76: 185.53641349077225
[2024-09-10 14:10:04,591][flwr][INFO] - 		round 77: 130.08378088474274
[2024-09-10 14:10:04,591][flwr][INFO] - 		round 78: 95.74974876642227
[2024-09-10 14:10:04,592][flwr][INFO] - 		round 79: 124.23752111196518
[2024-09-10 14:10:04,592][flwr][INFO] - 		round 80: 131.50582379102707
[2024-09-10 14:10:04,592][flwr][INFO] - 		round 81: 193.69689404964447
[2024-09-10 14:10:04,592][flwr][INFO] - 		round 82: 110.46788966655731
[2024-09-10 14:10:04,592][flwr][INFO] - 		round 83: 245.93577373027802
[2024-09-10 14:10:04,592][flwr][INFO] - 		round 84: 132.49761760234833
[2024-09-10 14:10:04,592][flwr][INFO] - 		round 85: 152.77994453907013
[2024-09-10 14:10:04,592][flwr][INFO] - 		round 86: 175.43956446647644
[2024-09-10 14:10:04,592][flwr][INFO] - 		round 87: 218.79192519187927
[2024-09-10 14:10:04,592][flwr][INFO] - 		round 88: 120.68578144907951
[2024-09-10 14:10:04,592][flwr][INFO] - 		round 89: 128.5116701722145
[2024-09-10 14:10:04,592][flwr][INFO] - 		round 90: 117.64731180667877
[2024-09-10 14:10:04,592][flwr][INFO] - 		round 91: 99.58300176262856
[2024-09-10 14:10:04,592][flwr][INFO] - 		round 92: 138.02332305908203
[2024-09-10 14:10:04,592][flwr][INFO] - 		round 93: 151.89107012748718
[2024-09-10 14:10:04,592][flwr][INFO] - 		round 94: 144.11422741413116
[2024-09-10 14:10:04,592][flwr][INFO] - 		round 95: 326.9541566371918
[2024-09-10 14:10:04,592][flwr][INFO] - 		round 96: 268.22295117378235
[2024-09-10 14:10:04,592][flwr][INFO] - 		round 97: 181.85164803266525
[2024-09-10 14:10:04,592][flwr][INFO] - 		round 98: 361.45295691490173
[2024-09-10 14:10:04,592][flwr][INFO] - 		round 99: 192.71954023838043
[2024-09-10 14:10:04,592][flwr][INFO] - 		round 100: 178.4163887500763
[2024-09-10 14:10:04,592][flwr][INFO] - 	History (metrics, distributed, evaluate):
[2024-09-10 14:10:04,593][flwr][INFO] - 	{'accuracy': [(1, 0.5102040816326531),
[2024-09-10 14:10:04,593][flwr][INFO] - 	              (2, 0.46511627906976744),
[2024-09-10 14:10:04,593][flwr][INFO] - 	              (3, 0.35555555555555557),
[2024-09-10 14:10:04,593][flwr][INFO] - 	              (4, 0.0),
[2024-09-10 14:10:04,593][flwr][INFO] - 	              (5, 0.2978723404255319),
[2024-09-10 14:10:04,593][flwr][INFO] - 	              (6, 0.3695652173913043),
[2024-09-10 14:10:04,593][flwr][INFO] - 	              (7, 0.7446808510638298),
[2024-09-10 14:10:04,593][flwr][INFO] - 	              (8, 0.10416666666666667),
[2024-09-10 14:10:04,593][flwr][INFO] - 	              (9, 0.325),
[2024-09-10 14:10:04,593][flwr][INFO] - 	              (10, 0.0),
[2024-09-10 14:10:04,593][flwr][INFO] - 	              (11, 0.48),
[2024-09-10 14:10:04,593][flwr][INFO] - 	              (12, 0.42592592592592593),
[2024-09-10 14:10:04,593][flwr][INFO] - 	              (13, 0.2653061224489796),
[2024-09-10 14:10:04,593][flwr][INFO] - 	              (14, 0.72),
[2024-09-10 14:10:04,593][flwr][INFO] - 	              (15, 0.07692307692307693),
[2024-09-10 14:10:04,593][flwr][INFO] - 	              (16, 0.4339622641509434),
[2024-09-10 14:10:04,593][flwr][INFO] - 	              (17, 0.5),
[2024-09-10 14:10:04,593][flwr][INFO] - 	              (18, 0.3333333333333333),
[2024-09-10 14:10:04,593][flwr][INFO] - 	              (19, 0.9803921568627451),
[2024-09-10 14:10:04,593][flwr][INFO] - 	              (20, 0.38),
[2024-09-10 14:10:04,593][flwr][INFO] - 	              (21, 0.5510204081632653),
[2024-09-10 14:10:04,593][flwr][INFO] - 	              (22, 0.6538461538461539),
[2024-09-10 14:10:04,593][flwr][INFO] - 	              (23, 0.9019607843137255),
[2024-09-10 14:10:04,594][flwr][INFO] - 	              (24, 0.27906976744186046),
[2024-09-10 14:10:04,594][flwr][INFO] - 	              (25, 0.46296296296296297),
[2024-09-10 14:10:04,594][flwr][INFO] - 	              (26, 0.6976744186046512),
[2024-09-10 14:10:04,594][flwr][INFO] - 	              (27, 0.509090909090909),
[2024-09-10 14:10:04,594][flwr][INFO] - 	              (28, 0.78),
[2024-09-10 14:10:04,594][flwr][INFO] - 	              (29, 0.813953488372093),
[2024-09-10 14:10:04,594][flwr][INFO] - 	              (30, 0.6666666666666666),
[2024-09-10 14:10:04,594][flwr][INFO] - 	              (31, 0.6046511627906976),
[2024-09-10 14:10:04,594][flwr][INFO] - 	              (32, 0.5576923076923077),
[2024-09-10 14:10:04,594][flwr][INFO] - 	              (33, 0.05555555555555555),
[2024-09-10 14:10:04,594][flwr][INFO] - 	              (34, 0.3333333333333333),
[2024-09-10 14:10:04,594][flwr][INFO] - 	              (35, 0.9272727272727272),
[2024-09-10 14:10:04,594][flwr][INFO] - 	              (36, 0.5),
[2024-09-10 14:10:04,594][flwr][INFO] - 	              (37, 0.6896551724137931),
[2024-09-10 14:10:04,594][flwr][INFO] - 	              (38, 0.7419354838709677),
[2024-09-10 14:10:04,594][flwr][INFO] - 	              (39, 0.1794871794871795),
[2024-09-10 14:10:04,594][flwr][INFO] - 	              (40, 0.5714285714285714),
[2024-09-10 14:10:04,594][flwr][INFO] - 	              (41, 0.4807692307692308),
[2024-09-10 14:10:04,594][flwr][INFO] - 	              (42, 0.6379310344827587),
[2024-09-10 14:10:04,594][flwr][INFO] - 	              (43, 0.5192307692307693),
[2024-09-10 14:10:04,594][flwr][INFO] - 	              (44, 0.4186046511627907),
[2024-09-10 14:10:04,594][flwr][INFO] - 	              (45, 0.0),
[2024-09-10 14:10:04,594][flwr][INFO] - 	              (46, 0.425),
[2024-09-10 14:10:04,595][flwr][INFO] - 	              (47, 0.8125),
[2024-09-10 14:10:04,595][flwr][INFO] - 	              (48, 0.8813559322033898),
[2024-09-10 14:10:04,595][flwr][INFO] - 	              (49, 0.275),
[2024-09-10 14:10:04,595][flwr][INFO] - 	              (50, 0.6444444444444445),
[2024-09-10 14:10:04,595][flwr][INFO] - 	              (51, 0.7647058823529411),
[2024-09-10 14:10:04,595][flwr][INFO] - 	              (52, 0.5217391304347826),
[2024-09-10 14:10:04,595][flwr][INFO] - 	              (53, 0.6140350877192983),
[2024-09-10 14:10:04,595][flwr][INFO] - 	              (54, 0.94),
[2024-09-10 14:10:04,595][flwr][INFO] - 	              (55, 0.5636363636363636),
[2024-09-10 14:10:04,595][flwr][INFO] - 	              (56, 0.1794871794871795),
[2024-09-10 14:10:04,595][flwr][INFO] - 	              (57, 0.6129032258064516),
[2024-09-10 14:10:04,595][flwr][INFO] - 	              (58, 0.8125),
[2024-09-10 14:10:04,595][flwr][INFO] - 	              (59, 0.45454545454545453),
[2024-09-10 14:10:04,595][flwr][INFO] - 	              (60, 0.9230769230769231),
[2024-09-10 14:10:04,595][flwr][INFO] - 	              (61, 0.13157894736842105),
[2024-09-10 14:10:04,595][flwr][INFO] - 	              (62, 0.75),
[2024-09-10 14:10:04,595][flwr][INFO] - 	              (63, 0.8297872340425532),
[2024-09-10 14:10:04,595][flwr][INFO] - 	              (64, 0.8095238095238095),
[2024-09-10 14:10:04,595][flwr][INFO] - 	              (65, 0.2708333333333333),
[2024-09-10 14:10:04,595][flwr][INFO] - 	              (66, 0.10714285714285714),
[2024-09-10 14:10:04,595][flwr][INFO] - 	              (67, 0.6888888888888889),
[2024-09-10 14:10:04,595][flwr][INFO] - 	              (68, 0.9384615384615385),
[2024-09-10 14:10:04,595][flwr][INFO] - 	              (69, 0.35294117647058826),
[2024-09-10 14:10:04,595][flwr][INFO] - 	              (70, 0.4772727272727273),
[2024-09-10 14:10:04,596][flwr][INFO] - 	              (71, 0.45),
[2024-09-10 14:10:04,596][flwr][INFO] - 	              (72, 0.44),
[2024-09-10 14:10:04,596][flwr][INFO] - 	              (73, 0.5263157894736842),
[2024-09-10 14:10:04,596][flwr][INFO] - 	              (74, 0.5686274509803921),
[2024-09-10 14:10:04,596][flwr][INFO] - 	              (75, 0.36),
[2024-09-10 14:10:04,596][flwr][INFO] - 	              (76, 0.6792452830188679),
[2024-09-10 14:10:04,596][flwr][INFO] - 	              (77, 0.18333333333333332),
[2024-09-10 14:10:04,596][flwr][INFO] - 	              (78, 0.8703703703703703),
[2024-09-10 14:10:04,596][flwr][INFO] - 	              (79, 0.7543859649122807),
[2024-09-10 14:10:04,596][flwr][INFO] - 	              (80, 0.48936170212765956),
[2024-09-10 14:10:04,596][flwr][INFO] - 	              (81, 0.4852941176470588),
[2024-09-10 14:10:04,596][flwr][INFO] - 	              (82, 0.8852459016393442),
[2024-09-10 14:10:04,596][flwr][INFO] - 	              (83, 0.024390243902439025),
[2024-09-10 14:10:04,596][flwr][INFO] - 	              (84, 0.68),
[2024-09-10 14:10:04,596][flwr][INFO] - 	              (85, 0.3191489361702128),
[2024-09-10 14:10:04,596][flwr][INFO] - 	              (86, 0.6595744680851063),
[2024-09-10 14:10:04,596][flwr][INFO] - 	              (87, 0.4909090909090909),
[2024-09-10 14:10:04,596][flwr][INFO] - 	              (88, 0.7659574468085106),
[2024-09-10 14:10:04,596][flwr][INFO] - 	              (89, 0.8409090909090909),
[2024-09-10 14:10:04,596][flwr][INFO] - 	              (90, 0.6829268292682927),
[2024-09-10 14:10:04,596][flwr][INFO] - 	              (91, 0.5714285714285714),
[2024-09-10 14:10:04,596][flwr][INFO] - 	              (92, 0.6888888888888889),
[2024-09-10 14:10:04,596][flwr][INFO] - 	              (93, 0.5614035087719298),
[2024-09-10 14:10:04,597][flwr][INFO] - 	              (94, 0.4888888888888889),
[2024-09-10 14:10:04,597][flwr][INFO] - 	              (95, 0.5106382978723404),
[2024-09-10 14:10:04,597][flwr][INFO] - 	              (96, 0.021739130434782608),
[2024-09-10 14:10:04,597][flwr][INFO] - 	              (97, 0.7),
[2024-09-10 14:10:04,597][flwr][INFO] - 	              (98, 0.1346153846153846),
[2024-09-10 14:10:04,597][flwr][INFO] - 	              (99, 0.1282051282051282),
[2024-09-10 14:10:04,597][flwr][INFO] - 	              (100, 0.7441860465116279)]}
[2024-09-10 14:10:04,597][flwr][INFO] - 	History (metrics, centralized):
[2024-09-10 14:10:04,597][flwr][INFO] - 	{'accuracy': [(0, 0.1628178895059924),
[2024-09-10 14:10:04,597][flwr][INFO] - 	              (1, 0.2712657117801812),
[2024-09-10 14:10:04,597][flwr][INFO] - 	              (2, 0.35632855890090614),
[2024-09-10 14:10:04,597][flwr][INFO] - 	              (3, 0.304296989184449),
[2024-09-10 14:10:04,597][flwr][INFO] - 	              (4, 0.310143232972815),
[2024-09-10 14:10:04,597][flwr][INFO] - 	              (5, 0.33703595439929845),
[2024-09-10 14:10:04,597][flwr][INFO] - 	              (6, 0.346389944460684),
[2024-09-10 14:10:04,597][flwr][INFO] - 	              (7, 0.3878982753580824),
[2024-09-10 14:10:04,597][flwr][INFO] - 	              (8, 0.40836012861736337),
[2024-09-10 14:10:04,597][flwr][INFO] - 	              (9, 0.39228295819935693),
[2024-09-10 14:10:04,597][flwr][INFO] - 	              (10, 0.42443729903536975),
[2024-09-10 14:10:04,597][flwr][INFO] - 	              (11, 0.47149956153171585),
[2024-09-10 14:10:04,597][flwr][INFO] - 	              (12, 0.419760304004677),
[2024-09-10 14:10:04,597][flwr][INFO] - 	              (13, 0.41479099678456594),
[2024-09-10 14:10:04,598][flwr][INFO] - 	              (14, 0.5629932768196434),
[2024-09-10 14:10:04,598][flwr][INFO] - 	              (15, 0.24378836597486114),
[2024-09-10 14:10:04,598][flwr][INFO] - 	              (16, 0.48640748319204913),
[2024-09-10 14:10:04,598][flwr][INFO] - 	              (17, 0.5980707395498392),
[2024-09-10 14:10:04,598][flwr][INFO] - 	              (18, 0.43086816720257237),
[2024-09-10 14:10:04,598][flwr][INFO] - 	              (19, 0.518561824028062),
[2024-09-10 14:10:04,598][flwr][INFO] - 	              (20, 0.5866705641625256),
[2024-09-10 14:10:04,598][flwr][INFO] - 	              (21, 0.533177433498977),
[2024-09-10 14:10:04,598][flwr][INFO] - 	              (22, 0.4916691026015785),
[2024-09-10 14:10:04,598][flwr][INFO] - 	              (23, 0.6123940368313359),
[2024-09-10 14:10:04,598][flwr][INFO] - 	              (24, 0.515638702133879),
[2024-09-10 14:10:04,598][flwr][INFO] - 	              (25, 0.5396083016661795),
[2024-09-10 14:10:04,598][flwr][INFO] - 	              (26, 0.701549254603917),
[2024-09-10 14:10:04,598][flwr][INFO] - 	              (27, 0.580239695995323),
[2024-09-10 14:10:04,598][flwr][INFO] - 	              (28, 0.6094709149371529),
[2024-09-10 14:10:04,598][flwr][INFO] - 	              (29, 0.40719087985969016),
[2024-09-10 14:10:04,598][flwr][INFO] - 	              (30, 0.49809997076878104),
[2024-09-10 14:10:04,598][flwr][INFO] - 	              (31, 0.6389944460684011),
[2024-09-10 14:10:04,598][flwr][INFO] - 	              (32, 0.5890090616778719),
[2024-09-10 14:10:04,598][flwr][INFO] - 	              (33, 0.42268342589886),
[2024-09-10 14:10:04,598][flwr][INFO] - 	              (34, 0.35808243203741597),
[2024-09-10 14:10:04,598][flwr][INFO] - 	              (35, 0.6243788365974862),
[2024-09-10 14:10:04,598][flwr][INFO] - 	              (36, 0.467699503069278),
[2024-09-10 14:10:04,598][flwr][INFO] - 	              (37, 0.6275942706810874),
[2024-09-10 14:10:04,598][flwr][INFO] - 	              (38, 0.6498099970768781),
[2024-09-10 14:10:04,599][flwr][INFO] - 	              (39, 0.64776381175095),
[2024-09-10 14:10:04,599][flwr][INFO] - 	              (40, 0.5863782519731073),
[2024-09-10 14:10:04,599][flwr][INFO] - 	              (41, 0.45308389359836304),
[2024-09-10 14:10:04,599][flwr][INFO] - 	              (42, 0.49605378544285295),
[2024-09-10 14:10:04,599][flwr][INFO] - 	              (43, 0.574393452206957),
[2024-09-10 14:10:04,599][flwr][INFO] - 	              (44, 0.5416544869921076),
[2024-09-10 14:10:04,599][flwr][INFO] - 	              (45, 0.6293481438175972),
[2024-09-10 14:10:04,599][flwr][INFO] - 	              (46, 0.6407483192049108),
[2024-09-10 14:10:04,599][flwr][INFO] - 	              (47, 0.7071031862028646),
[2024-09-10 14:10:04,599][flwr][INFO] - 	              (48, 0.6387021338789828),
[2024-09-10 14:10:04,599][flwr][INFO] - 	              (49, 0.6892721426483485),
[2024-09-10 14:10:04,599][flwr][INFO] - 	              (50, 0.6676410406313943),
[2024-09-10 14:10:04,599][flwr][INFO] - 	              (51, 0.6939491376790412),
[2024-09-10 14:10:04,599][flwr][INFO] - 	              (52, 0.6188249049985385),
[2024-09-10 14:10:04,599][flwr][INFO] - 	              (53, 0.5010230926629641),
[2024-09-10 14:10:04,599][flwr][INFO] - 	              (54, 0.6787489038292897),
[2024-09-10 14:10:04,599][flwr][INFO] - 	              (55, 0.5881321251096171),
[2024-09-10 14:10:04,599][flwr][INFO] - 	              (56, 0.594855305466238),
[2024-09-10 14:10:04,599][flwr][INFO] - 	              (57, 0.5644548377667349),
[2024-09-10 14:10:04,599][flwr][INFO] - 	              (58, 0.6439637532885122),
[2024-09-10 14:10:04,599][flwr][INFO] - 	              (59, 0.5486699795381468),
[2024-09-10 14:10:04,599][flwr][INFO] - 	              (60, 0.6726103478515054),
[2024-09-10 14:10:04,599][flwr][INFO] - 	              (61, 0.5533469745688395),
[2024-09-10 14:10:04,599][flwr][INFO] - 	              (62, 0.5808243203741597),
[2024-09-10 14:10:04,600][flwr][INFO] - 	              (63, 0.6454253142356037),
[2024-09-10 14:10:04,600][flwr][INFO] - 	              (64, 0.5673779596609179),
[2024-09-10 14:10:04,600][flwr][INFO] - 	              (65, 0.5241157556270096),
[2024-09-10 14:10:04,600][flwr][INFO] - 	              (66, 0.3010815551008477),
[2024-09-10 14:10:04,600][flwr][INFO] - 	              (67, 0.5325928091201403),
[2024-09-10 14:10:04,600][flwr][INFO] - 	              (68, 0.5574393452206957),
[2024-09-10 14:10:04,600][flwr][INFO] - 	              (69, 0.48231511254019294),
[2024-09-10 14:10:04,600][flwr][INFO] - 	              (70, 0.4615609470914937),
[2024-09-10 14:10:04,600][flwr][INFO] - 	              (71, 0.5013154048523824),
[2024-09-10 14:10:04,600][flwr][INFO] - 	              (72, 0.5533469745688395),
[2024-09-10 14:10:04,600][flwr][INFO] - 	              (73, 0.4893306050862321),
[2024-09-10 14:10:04,600][flwr][INFO] - 	              (74, 0.6460099386144402),
[2024-09-10 14:10:04,600][flwr][INFO] - 	              (75, 0.35223618824905),
[2024-09-10 14:10:04,600][flwr][INFO] - 	              (76, 0.6322712657117802),
[2024-09-10 14:10:04,600][flwr][INFO] - 	              (77, 0.49751534638994444),
[2024-09-10 14:10:04,600][flwr][INFO] - 	              (78, 0.7185033615901784),
[2024-09-10 14:10:04,600][flwr][INFO] - 	              (79, 0.619409529377375),
[2024-09-10 14:10:04,600][flwr][INFO] - 	              (80, 0.6088862905583163),
[2024-09-10 14:10:04,600][flwr][INFO] - 	              (81, 0.5498392282958199),
[2024-09-10 14:10:04,600][flwr][INFO] - 	              (82, 0.6749488453668518),
[2024-09-10 14:10:04,600][flwr][INFO] - 	              (83, 0.4855305466237942),
[2024-09-10 14:10:04,600][flwr][INFO] - 	              (84, 0.594855305466238),
[2024-09-10 14:10:04,600][flwr][INFO] - 	              (85, 0.6544869921075709),
[2024-09-10 14:10:04,600][flwr][INFO] - 	              (86, 0.4472376498099971),
[2024-09-10 14:10:04,601][flwr][INFO] - 	              (87, 0.5729318912598655),
[2024-09-10 14:10:04,601][flwr][INFO] - 	              (88, 0.69073370359544),
[2024-09-10 14:10:04,601][flwr][INFO] - 	              (89, 0.6635486699795381),
[2024-09-10 14:10:04,601][flwr][INFO] - 	              (90, 0.6793335282081263),
[2024-09-10 14:10:04,601][flwr][INFO] - 	              (91, 0.7135340543700672),
[2024-09-10 14:10:04,601][flwr][INFO] - 	              (92, 0.6322712657117802),
[2024-09-10 14:10:04,601][flwr][INFO] - 	              (93, 0.5805320081847413),
[2024-09-10 14:10:04,601][flwr][INFO] - 	              (94, 0.49605378544285295),
[2024-09-10 14:10:04,601][flwr][INFO] - 	              (95, 0.5612394036831336),
[2024-09-10 14:10:04,601][flwr][INFO] - 	              (96, 0.3764980999707688),
[2024-09-10 14:10:04,601][flwr][INFO] - 	              (97, 0.557731657410114),
[2024-09-10 14:10:04,601][flwr][INFO] - 	              (98, 0.33732826658871673),
[2024-09-10 14:10:04,601][flwr][INFO] - 	              (99, 0.38409821689564455),
[2024-09-10 14:10:04,601][flwr][INFO] - 	              (100, 0.4130371236480561)]}
[2024-09-10 14:10:04,601][flwr][INFO] - 
