[2024-09-01 17:25:18,259][flwr][INFO] - Starting Flower simulation, config: num_rounds=100, no round_timeout
[2024-09-01 17:25:24,177][flwr][INFO] - Flower VCE: Ray initialized with resources: {'object_store_memory': 7451770060.0, 'CPU': 32.0, 'GPU': 1.0, 'accelerator_type:G': 1.0, 'node:__internal_head__': 1.0, 'node:115.145.171.128': 1.0, 'memory': 14903540123.0}
[2024-09-01 17:25:24,177][flwr][INFO] - Optimize your simulation with Flower VCE: https://flower.ai/docs/framework/how-to-run-simulations.html
[2024-09-01 17:25:24,177][flwr][INFO] - Flower VCE: Resources for each Virtual Client: {'num_cpus': 24, 'num_gpus': 0.125}
[2024-09-01 17:25:24,186][flwr][INFO] - Flower VCE: Creating VirtualClientEngineActorPool with 1 actors
[2024-09-01 17:25:24,186][flwr][INFO] - [INIT]
[2024-09-01 17:25:24,186][flwr][INFO] - Requesting initial parameters from one random client
[2024-09-01 17:25:26,484][flwr][INFO] - Received initial parameters from one random client
[2024-09-01 17:25:26,484][flwr][INFO] - Evaluating initial global parameters
[2024-09-01 17:25:35,283][flwr][INFO] - initial parameters (loss, other metrics): 500.08253717422485, {'accuracy': 0.13328690807799443}
[2024-09-01 17:25:35,283][flwr][INFO] - 
[2024-09-01 17:25:35,283][flwr][INFO] - [ROUND 1]
[2024-09-01 17:25:35,284][flwr][INFO] - configure_fit: strategy sampled 5 clients (out of 50)
[2024-09-01 17:26:00,240][flwr][INFO] - aggregate_fit: received 5 results and 0 failures
[2024-09-01 17:26:00,283][flwr][WARNING] - No fit_metrics_aggregation_fn provided
[2024-09-01 17:26:08,838][flwr][INFO] - fit progress: (1, 414.5758320093155, {'accuracy': 0.3167130919220056}, 33.5544008470024)
[2024-09-01 17:26:08,838][flwr][INFO] - configure_evaluate: strategy sampled 2 clients (out of 50)
[2024-09-01 17:26:09,598][flwr][INFO] - aggregate_evaluate: received 2 results and 0 failures
[2024-09-01 17:26:09,598][flwr][WARNING] - No evaluate_metrics_aggregation_fn provided
[2024-09-01 17:26:09,598][flwr][INFO] - 
[2024-09-01 17:26:09,598][flwr][INFO] - [ROUND 2]
[2024-09-01 17:26:09,598][flwr][INFO] - configure_fit: strategy sampled 5 clients (out of 50)
[2024-09-01 17:26:27,075][flwr][INFO] - aggregate_fit: received 5 results and 0 failures
[2024-09-01 17:26:35,660][flwr][INFO] - fit progress: (2, 453.49678349494934, {'accuracy': 0.17729805013927577}, 60.37708175598527)
[2024-09-01 17:26:35,661][flwr][INFO] - configure_evaluate: strategy sampled 2 clients (out of 50)
[2024-09-01 17:26:36,262][flwr][INFO] - aggregate_evaluate: received 2 results and 0 failures
[2024-09-01 17:26:36,262][flwr][INFO] - 
[2024-09-01 17:26:36,262][flwr][INFO] - [ROUND 3]
[2024-09-01 17:26:36,262][flwr][INFO] - configure_fit: strategy sampled 5 clients (out of 50)
[2024-09-01 17:26:50,172][flwr][INFO] - aggregate_fit: received 5 results and 0 failures
[2024-09-01 17:26:59,051][flwr][INFO] - fit progress: (3, 511.40507209300995, {'accuracy': 0.2}, 83.76807699599885)
[2024-09-01 17:26:59,052][flwr][INFO] - configure_evaluate: strategy sampled 2 clients (out of 50)
[2024-09-01 17:26:59,270][flwr][INFO] - aggregate_evaluate: received 2 results and 0 failures
[2024-09-01 17:26:59,270][flwr][INFO] - 
[2024-09-01 17:26:59,270][flwr][INFO] - [ROUND 4]
[2024-09-01 17:26:59,271][flwr][INFO] - configure_fit: strategy sampled 5 clients (out of 50)
[2024-09-01 17:27:27,866][flwr][INFO] - aggregate_fit: received 5 results and 0 failures
[2024-09-01 17:27:36,500][flwr][INFO] - fit progress: (4, 434.52736949920654, {'accuracy': 0.35905292479108636}, 121.21636868797941)
[2024-09-01 17:27:36,500][flwr][INFO] - configure_evaluate: strategy sampled 2 clients (out of 50)
[2024-09-01 17:27:36,936][flwr][INFO] - aggregate_evaluate: received 2 results and 0 failures
[2024-09-01 17:27:36,936][flwr][INFO] - 
[2024-09-01 17:27:36,936][flwr][INFO] - [ROUND 5]
[2024-09-01 17:27:36,936][flwr][INFO] - configure_fit: strategy sampled 5 clients (out of 50)
[2024-09-01 17:27:54,166][flwr][INFO] - aggregate_fit: received 5 results and 0 failures
[2024-09-01 17:28:03,118][flwr][INFO] - fit progress: (5, 420.74120128154755, {'accuracy': 0.28022284122562674}, 147.83419811198837)
[2024-09-01 17:28:03,118][flwr][INFO] - configure_evaluate: strategy sampled 2 clients (out of 50)
[2024-09-01 17:28:03,641][flwr][INFO] - aggregate_evaluate: received 2 results and 0 failures
[2024-09-01 17:28:03,641][flwr][INFO] - 
[2024-09-01 17:28:03,641][flwr][INFO] - [ROUND 6]
[2024-09-01 17:28:03,641][flwr][INFO] - configure_fit: strategy sampled 5 clients (out of 50)
[2024-09-01 17:28:31,432][flwr][INFO] - aggregate_fit: received 5 results and 0 failures
[2024-09-01 17:28:40,052][flwr][INFO] - fit progress: (6, 406.32234370708466, {'accuracy': 0.29637883008356547}, 184.76884396298556)
[2024-09-01 17:28:40,052][flwr][INFO] - configure_evaluate: strategy sampled 2 clients (out of 50)
[2024-09-01 17:28:40,280][flwr][INFO] - aggregate_evaluate: received 2 results and 0 failures
[2024-09-01 17:28:40,280][flwr][INFO] - 
[2024-09-01 17:28:40,280][flwr][INFO] - [ROUND 7]
[2024-09-01 17:28:40,280][flwr][INFO] - configure_fit: strategy sampled 5 clients (out of 50)
[2024-09-01 17:29:01,706][flwr][INFO] - aggregate_fit: received 5 results and 0 failures
[2024-09-01 17:29:10,260][flwr][INFO] - fit progress: (7, 392.75916481018066, {'accuracy': 0.36086350974930365}, 214.97704194000107)
[2024-09-01 17:29:10,261][flwr][INFO] - configure_evaluate: strategy sampled 2 clients (out of 50)
[2024-09-01 17:29:10,988][flwr][INFO] - aggregate_evaluate: received 2 results and 0 failures
[2024-09-01 17:29:10,989][flwr][INFO] - 
[2024-09-01 17:29:10,989][flwr][INFO] - [ROUND 8]
[2024-09-01 17:29:10,989][flwr][INFO] - configure_fit: strategy sampled 5 clients (out of 50)
[2024-09-01 17:29:37,880][flwr][INFO] - aggregate_fit: received 5 results and 0 failures
[2024-09-01 17:29:46,500][flwr][INFO] - fit progress: (8, 413.2593126296997, {'accuracy': 0.34735376044568245}, 251.2163649229915)
[2024-09-01 17:29:46,500][flwr][INFO] - configure_evaluate: strategy sampled 2 clients (out of 50)
[2024-09-01 17:29:47,730][flwr][INFO] - aggregate_evaluate: received 2 results and 0 failures
[2024-09-01 17:29:47,730][flwr][INFO] - 
[2024-09-01 17:29:47,730][flwr][INFO] - [ROUND 9]
[2024-09-01 17:29:47,730][flwr][INFO] - configure_fit: strategy sampled 5 clients (out of 50)
[2024-09-01 17:30:20,155][flwr][INFO] - aggregate_fit: received 5 results and 0 failures
[2024-09-01 17:30:28,763][flwr][INFO] - fit progress: (9, 453.8725845813751, {'accuracy': 0.32729805013927576}, 293.47935719098314)
[2024-09-01 17:30:28,763][flwr][INFO] - configure_evaluate: strategy sampled 2 clients (out of 50)
[2024-09-01 17:30:29,944][flwr][INFO] - aggregate_evaluate: received 2 results and 0 failures
[2024-09-01 17:30:29,944][flwr][INFO] - 
[2024-09-01 17:30:29,944][flwr][INFO] - [ROUND 10]
[2024-09-01 17:30:29,945][flwr][INFO] - configure_fit: strategy sampled 5 clients (out of 50)
[2024-09-01 17:30:49,418][flwr][INFO] - aggregate_fit: received 5 results and 0 failures
[2024-09-01 17:30:58,379][flwr][INFO] - fit progress: (10, 474.4981700181961, {'accuracy': 0.3733983286908078}, 323.0958133999957)
[2024-09-01 17:30:58,379][flwr][INFO] - configure_evaluate: strategy sampled 2 clients (out of 50)
[2024-09-01 17:30:59,066][flwr][INFO] - aggregate_evaluate: received 2 results and 0 failures
[2024-09-01 17:30:59,066][flwr][INFO] - 
[2024-09-01 17:30:59,066][flwr][INFO] - [ROUND 11]
[2024-09-01 17:30:59,066][flwr][INFO] - configure_fit: strategy sampled 5 clients (out of 50)
[2024-09-01 17:31:31,229][flwr][INFO] - aggregate_fit: received 5 results and 0 failures
[2024-09-01 17:31:40,211][flwr][INFO] - fit progress: (11, 383.36090886592865, {'accuracy': 0.5428969359331476}, 364.92782229499426)
[2024-09-01 17:31:40,211][flwr][INFO] - configure_evaluate: strategy sampled 2 clients (out of 50)
[2024-09-01 17:31:40,994][flwr][INFO] - aggregate_evaluate: received 2 results and 0 failures
[2024-09-01 17:31:40,994][flwr][INFO] - 
[2024-09-01 17:31:40,994][flwr][INFO] - [ROUND 12]
[2024-09-01 17:31:40,995][flwr][INFO] - configure_fit: strategy sampled 5 clients (out of 50)
[2024-09-01 17:32:06,954][flwr][INFO] - aggregate_fit: received 5 results and 0 failures
[2024-09-01 17:32:15,919][flwr][INFO] - fit progress: (12, 335.66756653785706, {'accuracy': 0.5952646239554318}, 400.63591026500217)
[2024-09-01 17:32:15,919][flwr][INFO] - configure_evaluate: strategy sampled 2 clients (out of 50)
[2024-09-01 17:32:16,317][flwr][INFO] - aggregate_evaluate: received 2 results and 0 failures
[2024-09-01 17:32:16,317][flwr][INFO] - 
[2024-09-01 17:32:16,317][flwr][INFO] - [ROUND 13]
[2024-09-01 17:32:16,318][flwr][INFO] - configure_fit: strategy sampled 5 clients (out of 50)
[2024-09-01 17:32:28,629][flwr][INFO] - aggregate_fit: received 5 results and 0 failures
[2024-09-01 17:32:37,563][flwr][INFO] - fit progress: (13, 484.9020357131958, {'accuracy': 0.26754874651810584}, 422.2792977579811)
[2024-09-01 17:32:37,563][flwr][INFO] - configure_evaluate: strategy sampled 2 clients (out of 50)
[2024-09-01 17:32:38,090][flwr][INFO] - aggregate_evaluate: received 2 results and 0 failures
[2024-09-01 17:32:38,090][flwr][INFO] - 
[2024-09-01 17:32:38,090][flwr][INFO] - [ROUND 14]
[2024-09-01 17:32:38,090][flwr][INFO] - configure_fit: strategy sampled 5 clients (out of 50)
[2024-09-01 17:33:04,442][flwr][INFO] - aggregate_fit: received 5 results and 0 failures
[2024-09-01 17:33:13,471][flwr][INFO] - fit progress: (14, 273.67007702589035, {'accuracy': 0.5788300835654596}, 458.1873965789855)
[2024-09-01 17:33:13,471][flwr][INFO] - configure_evaluate: strategy sampled 2 clients (out of 50)
[2024-09-01 17:33:14,320][flwr][INFO] - aggregate_evaluate: received 2 results and 0 failures
[2024-09-01 17:33:14,320][flwr][INFO] - 
[2024-09-01 17:33:14,320][flwr][INFO] - [ROUND 15]
[2024-09-01 17:33:14,320][flwr][INFO] - configure_fit: strategy sampled 5 clients (out of 50)
[2024-09-01 17:33:42,250][flwr][INFO] - aggregate_fit: received 5 results and 0 failures
[2024-09-01 17:33:51,086][flwr][INFO] - fit progress: (15, 324.72681480646133, {'accuracy': 0.38175487465181057}, 495.80254223098746)
[2024-09-01 17:33:51,086][flwr][INFO] - configure_evaluate: strategy sampled 2 clients (out of 50)
[2024-09-01 17:33:51,610][flwr][INFO] - aggregate_evaluate: received 2 results and 0 failures
[2024-09-01 17:33:51,610][flwr][INFO] - 
[2024-09-01 17:33:51,610][flwr][INFO] - [ROUND 16]
[2024-09-01 17:33:51,610][flwr][INFO] - configure_fit: strategy sampled 5 clients (out of 50)
[2024-09-01 17:34:18,157][flwr][INFO] - aggregate_fit: received 5 results and 0 failures
[2024-09-01 17:34:27,053][flwr][INFO] - fit progress: (16, 318.99038767814636, {'accuracy': 0.517966573816156}, 531.7699145679944)
[2024-09-01 17:34:27,053][flwr][INFO] - configure_evaluate: strategy sampled 2 clients (out of 50)
[2024-09-01 17:34:27,529][flwr][INFO] - aggregate_evaluate: received 2 results and 0 failures
[2024-09-01 17:34:27,529][flwr][INFO] - 
[2024-09-01 17:34:27,529][flwr][INFO] - [ROUND 17]
[2024-09-01 17:34:27,529][flwr][INFO] - configure_fit: strategy sampled 5 clients (out of 50)
[2024-09-01 17:34:34,194][flwr][INFO] - aggregate_fit: received 5 results and 0 failures
[2024-09-01 17:34:43,136][flwr][INFO] - fit progress: (17, 422.9623237848282, {'accuracy': 0.3392757660167131}, 547.8528451439925)
[2024-09-01 17:34:43,136][flwr][INFO] - configure_evaluate: strategy sampled 2 clients (out of 50)
[2024-09-01 17:34:43,890][flwr][INFO] - aggregate_evaluate: received 2 results and 0 failures
[2024-09-01 17:34:43,890][flwr][INFO] - 
[2024-09-01 17:34:43,890][flwr][INFO] - [ROUND 18]
[2024-09-01 17:34:43,890][flwr][INFO] - configure_fit: strategy sampled 5 clients (out of 50)
[2024-09-01 17:35:05,509][flwr][INFO] - aggregate_fit: received 5 results and 0 failures
[2024-09-01 17:35:14,446][flwr][INFO] - fit progress: (18, 308.9535557627678, {'accuracy': 0.5167130919220055}, 579.1621718230017)
[2024-09-01 17:35:14,446][flwr][INFO] - configure_evaluate: strategy sampled 2 clients (out of 50)
[2024-09-01 17:35:15,581][flwr][INFO] - aggregate_evaluate: received 2 results and 0 failures
[2024-09-01 17:35:15,581][flwr][INFO] - 
[2024-09-01 17:35:15,581][flwr][INFO] - [ROUND 19]
[2024-09-01 17:35:15,581][flwr][INFO] - configure_fit: strategy sampled 5 clients (out of 50)
[2024-09-01 17:35:52,286][flwr][INFO] - aggregate_fit: received 5 results and 0 failures
[2024-09-01 17:36:00,925][flwr][INFO] - fit progress: (19, 280.6597567796707, {'accuracy': 0.5155988857938719}, 625.641682490008)
[2024-09-01 17:36:00,925][flwr][INFO] - configure_evaluate: strategy sampled 2 clients (out of 50)
[2024-09-01 17:36:01,790][flwr][INFO] - aggregate_evaluate: received 2 results and 0 failures
[2024-09-01 17:36:01,790][flwr][INFO] - 
[2024-09-01 17:36:01,790][flwr][INFO] - [ROUND 20]
[2024-09-01 17:36:01,790][flwr][INFO] - configure_fit: strategy sampled 5 clients (out of 50)
[2024-09-01 17:36:22,884][flwr][INFO] - aggregate_fit: received 5 results and 0 failures
[2024-09-01 17:36:31,509][flwr][INFO] - fit progress: (20, 284.2377463579178, {'accuracy': 0.5958217270194986}, 656.2255767440074)
[2024-09-01 17:36:31,509][flwr][INFO] - configure_evaluate: strategy sampled 2 clients (out of 50)
[2024-09-01 17:36:31,961][flwr][INFO] - aggregate_evaluate: received 2 results and 0 failures
[2024-09-01 17:36:31,962][flwr][INFO] - 
[2024-09-01 17:36:31,962][flwr][INFO] - [ROUND 21]
[2024-09-01 17:36:31,962][flwr][INFO] - configure_fit: strategy sampled 5 clients (out of 50)
[2024-09-01 17:36:49,111][flwr][INFO] - aggregate_fit: received 5 results and 0 failures
[2024-09-01 17:36:57,667][flwr][INFO] - fit progress: (21, 220.47316882014275, {'accuracy': 0.6459610027855153}, 682.3832011689956)
[2024-09-01 17:36:57,667][flwr][INFO] - configure_evaluate: strategy sampled 2 clients (out of 50)
[2024-09-01 17:36:58,129][flwr][INFO] - aggregate_evaluate: received 2 results and 0 failures
[2024-09-01 17:36:58,129][flwr][INFO] - 
[2024-09-01 17:36:58,130][flwr][INFO] - [ROUND 22]
[2024-09-01 17:36:58,130][flwr][INFO] - configure_fit: strategy sampled 5 clients (out of 50)
[2024-09-01 17:37:38,158][flwr][INFO] - aggregate_fit: received 5 results and 0 failures
[2024-09-01 17:37:46,755][flwr][INFO] - fit progress: (22, 286.7385584115982, {'accuracy': 0.5420612813370473}, 731.4717324469821)
[2024-09-01 17:37:46,755][flwr][INFO] - configure_evaluate: strategy sampled 2 clients (out of 50)
[2024-09-01 17:37:47,498][flwr][INFO] - aggregate_evaluate: received 2 results and 0 failures
[2024-09-01 17:37:47,498][flwr][INFO] - 
[2024-09-01 17:37:47,498][flwr][INFO] - [ROUND 23]
[2024-09-01 17:37:47,498][flwr][INFO] - configure_fit: strategy sampled 5 clients (out of 50)
[2024-09-01 17:38:06,054][flwr][INFO] - aggregate_fit: received 5 results and 0 failures
[2024-09-01 17:38:15,152][flwr][INFO] - fit progress: (23, 317.3156282901764, {'accuracy': 0.5502785515320334}, 759.8685125180054)
[2024-09-01 17:38:15,152][flwr][INFO] - configure_evaluate: strategy sampled 2 clients (out of 50)
[2024-09-01 17:38:15,335][flwr][INFO] - aggregate_evaluate: received 2 results and 0 failures
[2024-09-01 17:38:15,336][flwr][INFO] - 
[2024-09-01 17:38:15,336][flwr][INFO] - [ROUND 24]
[2024-09-01 17:38:15,336][flwr][INFO] - configure_fit: strategy sampled 5 clients (out of 50)
[2024-09-01 17:38:41,328][flwr][INFO] - aggregate_fit: received 5 results and 0 failures
[2024-09-01 17:38:50,256][flwr][INFO] - fit progress: (24, 232.7659854888916, {'accuracy': 0.7316155988857939}, 794.9726193789975)
[2024-09-01 17:38:50,256][flwr][INFO] - configure_evaluate: strategy sampled 2 clients (out of 50)
[2024-09-01 17:38:51,164][flwr][INFO] - aggregate_evaluate: received 2 results and 0 failures
[2024-09-01 17:38:51,164][flwr][INFO] - 
[2024-09-01 17:38:51,164][flwr][INFO] - [ROUND 25]
[2024-09-01 17:38:51,164][flwr][INFO] - configure_fit: strategy sampled 5 clients (out of 50)
[2024-09-01 17:39:06,989][flwr][INFO] - aggregate_fit: received 5 results and 0 failures
[2024-09-01 17:39:16,044][flwr][INFO] - fit progress: (25, 230.19059932231903, {'accuracy': 0.638300835654596}, 820.7605971510056)
[2024-09-01 17:39:16,044][flwr][INFO] - configure_evaluate: strategy sampled 2 clients (out of 50)
[2024-09-01 17:39:16,505][flwr][INFO] - aggregate_evaluate: received 2 results and 0 failures
[2024-09-01 17:39:16,506][flwr][INFO] - 
[2024-09-01 17:39:16,506][flwr][INFO] - [ROUND 26]
[2024-09-01 17:39:16,506][flwr][INFO] - configure_fit: strategy sampled 5 clients (out of 50)
[2024-09-01 17:39:51,953][flwr][INFO] - aggregate_fit: received 5 results and 0 failures
[2024-09-01 17:40:00,890][flwr][INFO] - fit progress: (26, 233.7494177222252, {'accuracy': 0.648050139275766}, 865.6068462870026)
[2024-09-01 17:40:00,890][flwr][INFO] - configure_evaluate: strategy sampled 2 clients (out of 50)
[2024-09-01 17:40:01,232][flwr][INFO] - aggregate_evaluate: received 2 results and 0 failures
[2024-09-01 17:40:01,232][flwr][INFO] - 
[2024-09-01 17:40:01,232][flwr][INFO] - [ROUND 27]
[2024-09-01 17:40:01,232][flwr][INFO] - configure_fit: strategy sampled 5 clients (out of 50)
[2024-09-01 17:40:27,078][flwr][INFO] - aggregate_fit: received 5 results and 0 failures
[2024-09-01 17:40:35,930][flwr][INFO] - fit progress: (27, 256.041441321373, {'accuracy': 0.6146239554317549}, 900.646784682991)
[2024-09-01 17:40:35,930][flwr][INFO] - configure_evaluate: strategy sampled 2 clients (out of 50)
[2024-09-01 17:40:36,568][flwr][INFO] - aggregate_evaluate: received 2 results and 0 failures
[2024-09-01 17:40:36,568][flwr][INFO] - 
[2024-09-01 17:40:36,568][flwr][INFO] - [ROUND 28]
[2024-09-01 17:40:36,568][flwr][INFO] - configure_fit: strategy sampled 5 clients (out of 50)
[2024-09-01 17:41:00,882][flwr][INFO] - aggregate_fit: received 5 results and 0 failures
[2024-09-01 17:41:09,857][flwr][INFO] - fit progress: (28, 305.5651691555977, {'accuracy': 0.5133704735376045}, 934.5732967899821)
[2024-09-01 17:41:09,857][flwr][INFO] - configure_evaluate: strategy sampled 2 clients (out of 50)
[2024-09-01 17:41:10,910][flwr][INFO] - aggregate_evaluate: received 2 results and 0 failures
[2024-09-01 17:41:10,910][flwr][INFO] - 
[2024-09-01 17:41:10,910][flwr][INFO] - [ROUND 29]
[2024-09-01 17:41:10,910][flwr][INFO] - configure_fit: strategy sampled 5 clients (out of 50)
[2024-09-01 17:41:40,114][flwr][INFO] - aggregate_fit: received 5 results and 0 failures
[2024-09-01 17:41:49,022][flwr][INFO] - fit progress: (29, 246.13104182481766, {'accuracy': 0.6735376044568245}, 973.7389601909963)
[2024-09-01 17:41:49,022][flwr][INFO] - configure_evaluate: strategy sampled 2 clients (out of 50)
[2024-09-01 17:41:49,589][flwr][INFO] - aggregate_evaluate: received 2 results and 0 failures
[2024-09-01 17:41:49,589][flwr][INFO] - 
[2024-09-01 17:41:49,589][flwr][INFO] - [ROUND 30]
[2024-09-01 17:41:49,590][flwr][INFO] - configure_fit: strategy sampled 5 clients (out of 50)
[2024-09-01 17:42:15,881][flwr][INFO] - aggregate_fit: received 5 results and 0 failures
[2024-09-01 17:42:24,877][flwr][INFO] - fit progress: (30, 222.22525173425674, {'accuracy': 0.6387186629526462}, 1009.5931635559828)
[2024-09-01 17:42:24,877][flwr][INFO] - configure_evaluate: strategy sampled 2 clients (out of 50)
[2024-09-01 17:42:25,479][flwr][INFO] - aggregate_evaluate: received 2 results and 0 failures
[2024-09-01 17:42:25,479][flwr][INFO] - 
[2024-09-01 17:42:25,479][flwr][INFO] - [ROUND 31]
[2024-09-01 17:42:25,479][flwr][INFO] - configure_fit: strategy sampled 5 clients (out of 50)
[2024-09-01 17:42:48,544][flwr][INFO] - aggregate_fit: received 5 results and 0 failures
[2024-09-01 17:42:57,473][flwr][INFO] - fit progress: (31, 412.0488107204437, {'accuracy': 0.4768802228412256}, 1042.1891657210072)
[2024-09-01 17:42:57,473][flwr][INFO] - configure_evaluate: strategy sampled 2 clients (out of 50)
[2024-09-01 17:42:58,352][flwr][INFO] - aggregate_evaluate: received 2 results and 0 failures
[2024-09-01 17:42:58,352][flwr][INFO] - 
[2024-09-01 17:42:58,352][flwr][INFO] - [ROUND 32]
[2024-09-01 17:42:58,352][flwr][INFO] - configure_fit: strategy sampled 5 clients (out of 50)
[2024-09-01 17:43:28,873][flwr][INFO] - aggregate_fit: received 5 results and 0 failures
[2024-09-01 17:43:37,810][flwr][INFO] - fit progress: (32, 255.41540259122849, {'accuracy': 0.6483286908077994}, 1082.5266547680076)
[2024-09-01 17:43:37,810][flwr][INFO] - configure_evaluate: strategy sampled 2 clients (out of 50)
[2024-09-01 17:43:38,448][flwr][INFO] - aggregate_evaluate: received 2 results and 0 failures
[2024-09-01 17:43:38,448][flwr][INFO] - 
[2024-09-01 17:43:38,448][flwr][INFO] - [ROUND 33]
[2024-09-01 17:43:38,449][flwr][INFO] - configure_fit: strategy sampled 5 clients (out of 50)
[2024-09-01 17:43:58,691][flwr][INFO] - aggregate_fit: received 5 results and 0 failures
[2024-09-01 17:44:07,674][flwr][INFO] - fit progress: (33, 334.5469580292702, {'accuracy': 0.467966573816156}, 1112.3904040939815)
[2024-09-01 17:44:07,674][flwr][INFO] - configure_evaluate: strategy sampled 2 clients (out of 50)
[2024-09-01 17:44:08,172][flwr][INFO] - aggregate_evaluate: received 2 results and 0 failures
[2024-09-01 17:44:08,173][flwr][INFO] - 
[2024-09-01 17:44:08,173][flwr][INFO] - [ROUND 34]
[2024-09-01 17:44:08,173][flwr][INFO] - configure_fit: strategy sampled 5 clients (out of 50)
[2024-09-01 17:44:22,225][flwr][INFO] - aggregate_fit: received 5 results and 0 failures
[2024-09-01 17:44:31,278][flwr][INFO] - fit progress: (34, 306.36295986175537, {'accuracy': 0.6497214484679665}, 1135.9943761739996)
[2024-09-01 17:44:31,278][flwr][INFO] - configure_evaluate: strategy sampled 2 clients (out of 50)
[2024-09-01 17:44:32,202][flwr][INFO] - aggregate_evaluate: received 2 results and 0 failures
[2024-09-01 17:44:32,202][flwr][INFO] - 
[2024-09-01 17:44:32,202][flwr][INFO] - [ROUND 35]
[2024-09-01 17:44:32,202][flwr][INFO] - configure_fit: strategy sampled 5 clients (out of 50)
[2024-09-01 17:45:00,178][flwr][INFO] - aggregate_fit: received 5 results and 0 failures
[2024-09-01 17:45:09,215][flwr][INFO] - fit progress: (35, 153.19209596514702, {'accuracy': 0.7841225626740947}, 1173.9312911979796)
[2024-09-01 17:45:09,215][flwr][INFO] - configure_evaluate: strategy sampled 2 clients (out of 50)
[2024-09-01 17:45:09,686][flwr][INFO] - aggregate_evaluate: received 2 results and 0 failures
[2024-09-01 17:45:09,686][flwr][INFO] - 
[2024-09-01 17:45:09,686][flwr][INFO] - [ROUND 36]
[2024-09-01 17:45:09,686][flwr][INFO] - configure_fit: strategy sampled 5 clients (out of 50)
[2024-09-01 17:45:37,998][flwr][INFO] - aggregate_fit: received 5 results and 0 failures
[2024-09-01 17:45:46,563][flwr][INFO] - fit progress: (36, 217.64412385225296, {'accuracy': 0.613091922005571}, 1211.2797723230033)
[2024-09-01 17:45:46,563][flwr][INFO] - configure_evaluate: strategy sampled 2 clients (out of 50)
[2024-09-01 17:45:47,191][flwr][INFO] - aggregate_evaluate: received 2 results and 0 failures
[2024-09-01 17:45:47,191][flwr][INFO] - 
[2024-09-01 17:45:47,191][flwr][INFO] - [ROUND 37]
[2024-09-01 17:45:47,192][flwr][INFO] - configure_fit: strategy sampled 5 clients (out of 50)
[2024-09-01 17:46:10,866][flwr][INFO] - aggregate_fit: received 5 results and 0 failures
[2024-09-01 17:46:19,848][flwr][INFO] - fit progress: (37, 320.178906083107, {'accuracy': 0.49303621169916434}, 1244.5646742419922)
[2024-09-01 17:46:19,848][flwr][INFO] - configure_evaluate: strategy sampled 2 clients (out of 50)
[2024-09-01 17:46:20,439][flwr][INFO] - aggregate_evaluate: received 2 results and 0 failures
[2024-09-01 17:46:20,439][flwr][INFO] - 
[2024-09-01 17:46:20,439][flwr][INFO] - [ROUND 38]
[2024-09-01 17:46:20,439][flwr][INFO] - configure_fit: strategy sampled 5 clients (out of 50)
[2024-09-01 17:46:52,302][flwr][INFO] - aggregate_fit: received 5 results and 0 failures
[2024-09-01 17:47:01,274][flwr][INFO] - fit progress: (38, 252.3356157541275, {'accuracy': 0.7045961002785516}, 1285.9903605879808)
[2024-09-01 17:47:01,274][flwr][INFO] - configure_evaluate: strategy sampled 2 clients (out of 50)
[2024-09-01 17:47:02,584][flwr][INFO] - aggregate_evaluate: received 2 results and 0 failures
[2024-09-01 17:47:02,584][flwr][INFO] - 
[2024-09-01 17:47:02,584][flwr][INFO] - [ROUND 39]
[2024-09-01 17:47:02,584][flwr][INFO] - configure_fit: strategy sampled 5 clients (out of 50)
[2024-09-01 17:47:14,584][flwr][INFO] - aggregate_fit: received 5 results and 0 failures
[2024-09-01 17:47:23,547][flwr][INFO] - fit progress: (39, 696.7521617412567, {'accuracy': 0.24094707520891365}, 1308.2638076359872)
[2024-09-01 17:47:23,547][flwr][INFO] - configure_evaluate: strategy sampled 2 clients (out of 50)
[2024-09-01 17:47:24,515][flwr][INFO] - aggregate_evaluate: received 2 results and 0 failures
[2024-09-01 17:47:24,515][flwr][INFO] - 
[2024-09-01 17:47:24,515][flwr][INFO] - [ROUND 40]
[2024-09-01 17:47:24,515][flwr][INFO] - configure_fit: strategy sampled 5 clients (out of 50)
[2024-09-01 17:47:50,344][flwr][INFO] - aggregate_fit: received 5 results and 0 failures
[2024-09-01 17:47:59,357][flwr][INFO] - fit progress: (40, 222.03377863764763, {'accuracy': 0.6798050139275766}, 1344.073775073979)
[2024-09-01 17:47:59,357][flwr][INFO] - configure_evaluate: strategy sampled 2 clients (out of 50)
[2024-09-01 17:48:00,253][flwr][INFO] - aggregate_evaluate: received 2 results and 0 failures
[2024-09-01 17:48:00,253][flwr][INFO] - 
[2024-09-01 17:48:00,253][flwr][INFO] - [ROUND 41]
[2024-09-01 17:48:00,253][flwr][INFO] - configure_fit: strategy sampled 5 clients (out of 50)
[2024-09-01 17:48:28,729][flwr][INFO] - aggregate_fit: received 5 results and 0 failures
[2024-09-01 17:48:37,658][flwr][INFO] - fit progress: (41, 277.1226270198822, {'accuracy': 0.5653203342618385}, 1382.3745688899944)
[2024-09-01 17:48:37,658][flwr][INFO] - configure_evaluate: strategy sampled 2 clients (out of 50)
[2024-09-01 17:48:38,217][flwr][INFO] - aggregate_evaluate: received 2 results and 0 failures
[2024-09-01 17:48:38,217][flwr][INFO] - 
[2024-09-01 17:48:38,217][flwr][INFO] - [ROUND 42]
[2024-09-01 17:48:38,217][flwr][INFO] - configure_fit: strategy sampled 5 clients (out of 50)
[2024-09-01 17:49:00,697][flwr][INFO] - aggregate_fit: received 5 results and 0 failures
[2024-09-01 17:49:09,627][flwr][INFO] - fit progress: (42, 206.61194503307343, {'accuracy': 0.7217270194986073}, 1414.3437953020039)
[2024-09-01 17:49:09,627][flwr][INFO] - configure_evaluate: strategy sampled 2 clients (out of 50)
[2024-09-01 17:49:10,382][flwr][INFO] - aggregate_evaluate: received 2 results and 0 failures
[2024-09-01 17:49:10,382][flwr][INFO] - 
[2024-09-01 17:49:10,382][flwr][INFO] - [ROUND 43]
[2024-09-01 17:49:10,382][flwr][INFO] - configure_fit: strategy sampled 5 clients (out of 50)
[2024-09-01 17:49:38,976][flwr][INFO] - aggregate_fit: received 5 results and 0 failures
[2024-09-01 17:49:47,907][flwr][INFO] - fit progress: (43, 311.5154447555542, {'accuracy': 0.42089136490250695}, 1452.6240059669944)
[2024-09-01 17:49:47,908][flwr][INFO] - configure_evaluate: strategy sampled 2 clients (out of 50)
[2024-09-01 17:49:49,302][flwr][INFO] - aggregate_evaluate: received 2 results and 0 failures
[2024-09-01 17:49:49,302][flwr][INFO] - 
[2024-09-01 17:49:49,302][flwr][INFO] - [ROUND 44]
[2024-09-01 17:49:49,302][flwr][INFO] - configure_fit: strategy sampled 5 clients (out of 50)
[2024-09-01 17:50:12,719][flwr][INFO] - aggregate_fit: received 5 results and 0 failures
[2024-09-01 17:50:21,730][flwr][INFO] - fit progress: (44, 385.7333837747574, {'accuracy': 0.4139275766016713}, 1486.4468469559797)
[2024-09-01 17:50:21,730][flwr][INFO] - configure_evaluate: strategy sampled 2 clients (out of 50)
[2024-09-01 17:50:22,233][flwr][INFO] - aggregate_evaluate: received 2 results and 0 failures
[2024-09-01 17:50:22,233][flwr][INFO] - 
[2024-09-01 17:50:22,233][flwr][INFO] - [ROUND 45]
[2024-09-01 17:50:22,233][flwr][INFO] - configure_fit: strategy sampled 5 clients (out of 50)
[2024-09-01 17:50:47,754][flwr][INFO] - aggregate_fit: received 5 results and 0 failures
[2024-09-01 17:50:56,742][flwr][INFO] - fit progress: (45, 250.3104811310768, {'accuracy': 0.5720055710306406}, 1521.4588185769971)
[2024-09-01 17:50:56,742][flwr][INFO] - configure_evaluate: strategy sampled 2 clients (out of 50)
[2024-09-01 17:50:57,401][flwr][INFO] - aggregate_evaluate: received 2 results and 0 failures
[2024-09-01 17:50:57,401][flwr][INFO] - 
[2024-09-01 17:50:57,401][flwr][INFO] - [ROUND 46]
[2024-09-01 17:50:57,401][flwr][INFO] - configure_fit: strategy sampled 5 clients (out of 50)
[2024-09-01 17:51:12,210][flwr][INFO] - aggregate_fit: received 5 results and 0 failures
[2024-09-01 17:51:21,192][flwr][INFO] - fit progress: (46, 348.6652603149414, {'accuracy': 0.46838440111420615}, 1545.908621888986)
[2024-09-01 17:51:21,192][flwr][INFO] - configure_evaluate: strategy sampled 2 clients (out of 50)
[2024-09-01 17:51:22,190][flwr][INFO] - aggregate_evaluate: received 2 results and 0 failures
[2024-09-01 17:51:22,191][flwr][INFO] - 
[2024-09-01 17:51:22,191][flwr][INFO] - [ROUND 47]
[2024-09-01 17:51:22,191][flwr][INFO] - configure_fit: strategy sampled 5 clients (out of 50)
[2024-09-01 17:51:48,941][flwr][INFO] - aggregate_fit: received 5 results and 0 failures
[2024-09-01 17:51:57,866][flwr][INFO] - fit progress: (47, 236.70905649662018, {'accuracy': 0.6949860724233984}, 1582.5829990250058)
[2024-09-01 17:51:57,867][flwr][INFO] - configure_evaluate: strategy sampled 2 clients (out of 50)
[2024-09-01 17:51:58,260][flwr][INFO] - aggregate_evaluate: received 2 results and 0 failures
[2024-09-01 17:51:58,260][flwr][INFO] - 
[2024-09-01 17:51:58,260][flwr][INFO] - [ROUND 48]
[2024-09-01 17:51:58,260][flwr][INFO] - configure_fit: strategy sampled 5 clients (out of 50)
[2024-09-01 17:52:26,903][flwr][INFO] - aggregate_fit: received 5 results and 0 failures
[2024-09-01 17:52:35,978][flwr][INFO] - fit progress: (48, 234.70483297109604, {'accuracy': 0.6792479108635098}, 1620.6944259250013)
[2024-09-01 17:52:35,978][flwr][INFO] - configure_evaluate: strategy sampled 2 clients (out of 50)
[2024-09-01 17:52:36,688][flwr][INFO] - aggregate_evaluate: received 2 results and 0 failures
[2024-09-01 17:52:36,688][flwr][INFO] - 
[2024-09-01 17:52:36,688][flwr][INFO] - [ROUND 49]
[2024-09-01 17:52:36,688][flwr][INFO] - configure_fit: strategy sampled 5 clients (out of 50)
[2024-09-01 17:52:53,085][flwr][INFO] - aggregate_fit: received 5 results and 0 failures
[2024-09-01 17:53:02,135][flwr][INFO] - fit progress: (49, 351.0991586446762, {'accuracy': 0.3176880222841226}, 1646.8518865249935)
[2024-09-01 17:53:02,135][flwr][INFO] - configure_evaluate: strategy sampled 2 clients (out of 50)
[2024-09-01 17:53:03,235][flwr][INFO] - aggregate_evaluate: received 2 results and 0 failures
[2024-09-01 17:53:03,235][flwr][INFO] - 
[2024-09-01 17:53:03,235][flwr][INFO] - [ROUND 50]
[2024-09-01 17:53:03,236][flwr][INFO] - configure_fit: strategy sampled 5 clients (out of 50)
[2024-09-01 17:53:23,823][flwr][INFO] - aggregate_fit: received 5 results and 0 failures
[2024-09-01 17:53:32,851][flwr][INFO] - fit progress: (50, 248.91419357061386, {'accuracy': 0.5607242339832869}, 1677.5679334769957)
[2024-09-01 17:53:32,851][flwr][INFO] - configure_evaluate: strategy sampled 2 clients (out of 50)
[2024-09-01 17:53:33,814][flwr][INFO] - aggregate_evaluate: received 2 results and 0 failures
[2024-09-01 17:53:33,814][flwr][INFO] - 
[2024-09-01 17:53:33,814][flwr][INFO] - [ROUND 51]
[2024-09-01 17:53:33,814][flwr][INFO] - configure_fit: strategy sampled 5 clients (out of 50)
[2024-09-01 17:53:59,073][flwr][INFO] - aggregate_fit: received 5 results and 0 failures
[2024-09-01 17:54:07,756][flwr][INFO] - fit progress: (51, 250.6789184808731, {'accuracy': 0.5139275766016713}, 1712.4731341039878)
[2024-09-01 17:54:07,757][flwr][INFO] - configure_evaluate: strategy sampled 2 clients (out of 50)
[2024-09-01 17:54:08,752][flwr][INFO] - aggregate_evaluate: received 2 results and 0 failures
[2024-09-01 17:54:08,752][flwr][INFO] - 
[2024-09-01 17:54:08,752][flwr][INFO] - [ROUND 52]
[2024-09-01 17:54:08,753][flwr][INFO] - configure_fit: strategy sampled 5 clients (out of 50)
[2024-09-01 17:54:42,140][flwr][INFO] - aggregate_fit: received 5 results and 0 failures
[2024-09-01 17:54:50,698][flwr][INFO] - fit progress: (52, 266.2765064239502, {'accuracy': 0.6597493036211699}, 1755.4144065919972)
[2024-09-01 17:54:50,698][flwr][INFO] - configure_evaluate: strategy sampled 2 clients (out of 50)
[2024-09-01 17:54:51,532][flwr][INFO] - aggregate_evaluate: received 2 results and 0 failures
[2024-09-01 17:54:51,532][flwr][INFO] - 
[2024-09-01 17:54:51,532][flwr][INFO] - [ROUND 53]
[2024-09-01 17:54:51,532][flwr][INFO] - configure_fit: strategy sampled 5 clients (out of 50)
[2024-09-01 17:55:31,442][flwr][INFO] - aggregate_fit: received 5 results and 0 failures
[2024-09-01 17:55:40,003][flwr][INFO] - fit progress: (53, 216.66098362207413, {'accuracy': 0.6050139275766017}, 1804.7199800279923)
[2024-09-01 17:55:40,004][flwr][INFO] - configure_evaluate: strategy sampled 2 clients (out of 50)
[2024-09-01 17:55:40,747][flwr][INFO] - aggregate_evaluate: received 2 results and 0 failures
[2024-09-01 17:55:40,748][flwr][INFO] - 
[2024-09-01 17:55:40,748][flwr][INFO] - [ROUND 54]
[2024-09-01 17:55:40,748][flwr][INFO] - configure_fit: strategy sampled 5 clients (out of 50)
[2024-09-01 17:56:17,631][flwr][INFO] - aggregate_fit: received 5 results and 0 failures
[2024-09-01 17:56:26,162][flwr][INFO] - fit progress: (54, 178.2236357331276, {'accuracy': 0.7791086350974931}, 1850.8787708010059)
[2024-09-01 17:56:26,162][flwr][INFO] - configure_evaluate: strategy sampled 2 clients (out of 50)
[2024-09-01 17:56:27,127][flwr][INFO] - aggregate_evaluate: received 2 results and 0 failures
[2024-09-01 17:56:27,127][flwr][INFO] - 
[2024-09-01 17:56:27,127][flwr][INFO] - [ROUND 55]
[2024-09-01 17:56:27,127][flwr][INFO] - configure_fit: strategy sampled 5 clients (out of 50)
[2024-09-01 17:56:45,140][flwr][INFO] - aggregate_fit: received 5 results and 0 failures
[2024-09-01 17:56:53,772][flwr][INFO] - fit progress: (55, 270.84006559848785, {'accuracy': 0.5220055710306407}, 1878.4886553109973)
[2024-09-01 17:56:53,772][flwr][INFO] - configure_evaluate: strategy sampled 2 clients (out of 50)
[2024-09-01 17:56:54,317][flwr][INFO] - aggregate_evaluate: received 2 results and 0 failures
[2024-09-01 17:56:54,317][flwr][INFO] - 
[2024-09-01 17:56:54,317][flwr][INFO] - [ROUND 56]
[2024-09-01 17:56:54,317][flwr][INFO] - configure_fit: strategy sampled 5 clients (out of 50)
[2024-09-01 17:57:29,591][flwr][INFO] - aggregate_fit: received 5 results and 0 failures
[2024-09-01 17:57:38,190][flwr][INFO] - fit progress: (56, 284.74667781591415, {'accuracy': 0.5552924791086351}, 1922.9066048350069)
[2024-09-01 17:57:38,190][flwr][INFO] - configure_evaluate: strategy sampled 2 clients (out of 50)
[2024-09-01 17:57:38,557][flwr][INFO] - aggregate_evaluate: received 2 results and 0 failures
[2024-09-01 17:57:38,557][flwr][INFO] - 
[2024-09-01 17:57:38,557][flwr][INFO] - [ROUND 57]
[2024-09-01 17:57:38,558][flwr][INFO] - configure_fit: strategy sampled 5 clients (out of 50)
[2024-09-01 17:58:04,192][flwr][INFO] - aggregate_fit: received 5 results and 0 failures
[2024-09-01 17:58:12,813][flwr][INFO] - fit progress: (57, 279.1319155693054, {'accuracy': 0.6374651810584958}, 1957.5298402019835)
[2024-09-01 17:58:12,813][flwr][INFO] - configure_evaluate: strategy sampled 2 clients (out of 50)
[2024-09-01 17:58:13,231][flwr][INFO] - aggregate_evaluate: received 2 results and 0 failures
[2024-09-01 17:58:13,231][flwr][INFO] - 
[2024-09-01 17:58:13,231][flwr][INFO] - [ROUND 58]
[2024-09-01 17:58:13,231][flwr][INFO] - configure_fit: strategy sampled 5 clients (out of 50)
[2024-09-01 17:58:47,340][flwr][INFO] - aggregate_fit: received 5 results and 0 failures
[2024-09-01 17:58:55,938][flwr][INFO] - fit progress: (58, 219.42857372760773, {'accuracy': 0.6041782729805014}, 2000.6543661339965)
[2024-09-01 17:58:55,938][flwr][INFO] - configure_evaluate: strategy sampled 2 clients (out of 50)
[2024-09-01 17:58:56,594][flwr][INFO] - aggregate_evaluate: received 2 results and 0 failures
[2024-09-01 17:58:56,594][flwr][INFO] - 
[2024-09-01 17:58:56,594][flwr][INFO] - [ROUND 59]
[2024-09-01 17:58:56,594][flwr][INFO] - configure_fit: strategy sampled 5 clients (out of 50)
[2024-09-01 17:59:40,645][flwr][INFO] - aggregate_fit: received 5 results and 0 failures
[2024-09-01 17:59:49,179][flwr][INFO] - fit progress: (59, 173.67097648978233, {'accuracy': 0.7579387186629526}, 2053.8957408359856)
[2024-09-01 17:59:49,179][flwr][INFO] - configure_evaluate: strategy sampled 2 clients (out of 50)
[2024-09-01 17:59:49,741][flwr][INFO] - aggregate_evaluate: received 2 results and 0 failures
[2024-09-01 17:59:49,741][flwr][INFO] - 
[2024-09-01 17:59:49,741][flwr][INFO] - [ROUND 60]
[2024-09-01 17:59:49,741][flwr][INFO] - configure_fit: strategy sampled 5 clients (out of 50)
[2024-09-01 18:00:04,975][flwr][INFO] - aggregate_fit: received 5 results and 0 failures
[2024-09-01 18:00:13,602][flwr][INFO] - fit progress: (60, 235.46885460615158, {'accuracy': 0.7281337047353761}, 2078.318551315984)
[2024-09-01 18:00:13,602][flwr][INFO] - configure_evaluate: strategy sampled 2 clients (out of 50)
[2024-09-01 18:00:14,241][flwr][INFO] - aggregate_evaluate: received 2 results and 0 failures
[2024-09-01 18:00:14,241][flwr][INFO] - 
[2024-09-01 18:00:14,241][flwr][INFO] - [ROUND 61]
[2024-09-01 18:00:14,241][flwr][INFO] - configure_fit: strategy sampled 5 clients (out of 50)
[2024-09-01 18:00:38,902][flwr][INFO] - aggregate_fit: received 5 results and 0 failures
[2024-09-01 18:00:47,504][flwr][INFO] - fit progress: (61, 207.6379685997963, {'accuracy': 0.6646239554317549}, 2112.2209418120037)
[2024-09-01 18:00:47,505][flwr][INFO] - configure_evaluate: strategy sampled 2 clients (out of 50)
[2024-09-01 18:00:48,610][flwr][INFO] - aggregate_evaluate: received 2 results and 0 failures
[2024-09-01 18:00:48,610][flwr][INFO] - 
[2024-09-01 18:00:48,610][flwr][INFO] - [ROUND 62]
[2024-09-01 18:00:48,610][flwr][INFO] - configure_fit: strategy sampled 5 clients (out of 50)
[2024-09-01 18:01:17,396][flwr][INFO] - aggregate_fit: received 5 results and 0 failures
[2024-09-01 18:01:25,982][flwr][INFO] - fit progress: (62, 217.2441242337227, {'accuracy': 0.7100278551532033}, 2150.6988662339863)
[2024-09-01 18:01:25,982][flwr][INFO] - configure_evaluate: strategy sampled 2 clients (out of 50)
[2024-09-01 18:01:26,566][flwr][INFO] - aggregate_evaluate: received 2 results and 0 failures
[2024-09-01 18:01:26,566][flwr][INFO] - 
[2024-09-01 18:01:26,566][flwr][INFO] - [ROUND 63]
[2024-09-01 18:01:26,566][flwr][INFO] - configure_fit: strategy sampled 5 clients (out of 50)
[2024-09-01 18:01:52,520][flwr][INFO] - aggregate_fit: received 5 results and 0 failures
[2024-09-01 18:02:01,103][flwr][INFO] - fit progress: (63, 211.40438377857208, {'accuracy': 0.6135097493036211}, 2185.819193981006)
[2024-09-01 18:02:01,103][flwr][INFO] - configure_evaluate: strategy sampled 2 clients (out of 50)
[2024-09-01 18:02:01,503][flwr][INFO] - aggregate_evaluate: received 2 results and 0 failures
[2024-09-01 18:02:01,503][flwr][INFO] - 
[2024-09-01 18:02:01,503][flwr][INFO] - [ROUND 64]
[2024-09-01 18:02:01,503][flwr][INFO] - configure_fit: strategy sampled 5 clients (out of 50)
[2024-09-01 18:02:30,031][flwr][INFO] - aggregate_fit: received 5 results and 0 failures
[2024-09-01 18:02:38,623][flwr][INFO] - fit progress: (64, 304.8595957159996, {'accuracy': 0.4772980501392758}, 2223.3397463090078)
[2024-09-01 18:02:38,623][flwr][INFO] - configure_evaluate: strategy sampled 2 clients (out of 50)
[2024-09-01 18:02:39,246][flwr][INFO] - aggregate_evaluate: received 2 results and 0 failures
[2024-09-01 18:02:39,246][flwr][INFO] - 
[2024-09-01 18:02:39,246][flwr][INFO] - [ROUND 65]
[2024-09-01 18:02:39,246][flwr][INFO] - configure_fit: strategy sampled 5 clients (out of 50)
[2024-09-01 18:03:04,617][flwr][INFO] - aggregate_fit: received 5 results and 0 failures
[2024-09-01 18:03:13,227][flwr][INFO] - fit progress: (65, 253.6004135608673, {'accuracy': 0.5316155988857939}, 2257.9434866640077)
[2024-09-01 18:03:13,227][flwr][INFO] - configure_evaluate: strategy sampled 2 clients (out of 50)
[2024-09-01 18:03:13,906][flwr][INFO] - aggregate_evaluate: received 2 results and 0 failures
[2024-09-01 18:03:13,906][flwr][INFO] - 
[2024-09-01 18:03:13,906][flwr][INFO] - [ROUND 66]
[2024-09-01 18:03:13,906][flwr][INFO] - configure_fit: strategy sampled 5 clients (out of 50)
[2024-09-01 18:03:40,891][flwr][INFO] - aggregate_fit: received 5 results and 0 failures
[2024-09-01 18:03:49,520][flwr][INFO] - fit progress: (66, 237.8364493250847, {'accuracy': 0.6253481894150418}, 2294.236159822991)
[2024-09-01 18:03:49,520][flwr][INFO] - configure_evaluate: strategy sampled 2 clients (out of 50)
[2024-09-01 18:03:49,924][flwr][INFO] - aggregate_evaluate: received 2 results and 0 failures
[2024-09-01 18:03:49,924][flwr][INFO] - 
[2024-09-01 18:03:49,924][flwr][INFO] - [ROUND 67]
[2024-09-01 18:03:49,924][flwr][INFO] - configure_fit: strategy sampled 5 clients (out of 50)
[2024-09-01 18:04:11,341][flwr][INFO] - aggregate_fit: received 5 results and 0 failures
[2024-09-01 18:04:19,983][flwr][INFO] - fit progress: (67, 311.6790135502815, {'accuracy': 0.43579387186629526}, 2324.7001157109917)
[2024-09-01 18:04:19,984][flwr][INFO] - configure_evaluate: strategy sampled 2 clients (out of 50)
[2024-09-01 18:04:20,551][flwr][INFO] - aggregate_evaluate: received 2 results and 0 failures
[2024-09-01 18:04:20,551][flwr][INFO] - 
[2024-09-01 18:04:20,551][flwr][INFO] - [ROUND 68]
[2024-09-01 18:04:20,551][flwr][INFO] - configure_fit: strategy sampled 5 clients (out of 50)
[2024-09-01 18:04:34,527][flwr][INFO] - aggregate_fit: received 5 results and 0 failures
[2024-09-01 18:04:43,134][flwr][INFO] - fit progress: (68, 354.5255162715912, {'accuracy': 0.4541782729805014}, 2347.8506459159835)
[2024-09-01 18:04:43,134][flwr][INFO] - configure_evaluate: strategy sampled 2 clients (out of 50)
[2024-09-01 18:04:43,685][flwr][INFO] - aggregate_evaluate: received 2 results and 0 failures
[2024-09-01 18:04:43,685][flwr][INFO] - 
[2024-09-01 18:04:43,685][flwr][INFO] - [ROUND 69]
[2024-09-01 18:04:43,685][flwr][INFO] - configure_fit: strategy sampled 5 clients (out of 50)
[2024-09-01 18:05:07,149][flwr][INFO] - aggregate_fit: received 5 results and 0 failures
[2024-09-01 18:05:15,832][flwr][INFO] - fit progress: (69, 173.19936898350716, {'accuracy': 0.7504178272980502}, 2380.548194848001)
[2024-09-01 18:05:15,832][flwr][INFO] - configure_evaluate: strategy sampled 2 clients (out of 50)
[2024-09-01 18:05:16,699][flwr][INFO] - aggregate_evaluate: received 2 results and 0 failures
[2024-09-01 18:05:16,699][flwr][INFO] - 
[2024-09-01 18:05:16,699][flwr][INFO] - [ROUND 70]
[2024-09-01 18:05:16,699][flwr][INFO] - configure_fit: strategy sampled 5 clients (out of 50)
[2024-09-01 18:05:30,778][flwr][INFO] - aggregate_fit: received 5 results and 0 failures
[2024-09-01 18:05:39,317][flwr][INFO] - fit progress: (70, 277.8880552649498, {'accuracy': 0.5689415041782729}, 2404.033767785004)
[2024-09-01 18:05:39,317][flwr][INFO] - configure_evaluate: strategy sampled 2 clients (out of 50)
[2024-09-01 18:05:39,615][flwr][INFO] - aggregate_evaluate: received 2 results and 0 failures
[2024-09-01 18:05:39,615][flwr][INFO] - 
[2024-09-01 18:05:39,615][flwr][INFO] - [ROUND 71]
[2024-09-01 18:05:39,615][flwr][INFO] - configure_fit: strategy sampled 5 clients (out of 50)
[2024-09-01 18:06:02,646][flwr][INFO] - aggregate_fit: received 5 results and 0 failures
[2024-09-01 18:06:11,267][flwr][INFO] - fit progress: (71, 208.8229004740715, {'accuracy': 0.6626740947075209}, 2435.983759972005)
[2024-09-01 18:06:11,267][flwr][INFO] - configure_evaluate: strategy sampled 2 clients (out of 50)
[2024-09-01 18:06:11,771][flwr][INFO] - aggregate_evaluate: received 2 results and 0 failures
[2024-09-01 18:06:11,771][flwr][INFO] - 
[2024-09-01 18:06:11,771][flwr][INFO] - [ROUND 72]
[2024-09-01 18:06:11,771][flwr][INFO] - configure_fit: strategy sampled 5 clients (out of 50)
[2024-09-01 18:06:30,785][flwr][INFO] - aggregate_fit: received 5 results and 0 failures
[2024-09-01 18:06:39,392][flwr][INFO] - fit progress: (72, 118.19734758138657, {'accuracy': 0.8093314763231197}, 2464.1082675359794)
[2024-09-01 18:06:39,392][flwr][INFO] - configure_evaluate: strategy sampled 2 clients (out of 50)
[2024-09-01 18:06:39,954][flwr][INFO] - aggregate_evaluate: received 2 results and 0 failures
[2024-09-01 18:06:39,955][flwr][INFO] - 
[2024-09-01 18:06:39,955][flwr][INFO] - [ROUND 73]
[2024-09-01 18:06:39,955][flwr][INFO] - configure_fit: strategy sampled 5 clients (out of 50)
[2024-09-01 18:07:06,991][flwr][INFO] - aggregate_fit: received 5 results and 0 failures
[2024-09-01 18:07:15,609][flwr][INFO] - fit progress: (73, 178.96401870250702, {'accuracy': 0.7318941504178273}, 2500.326113371004)
[2024-09-01 18:07:15,610][flwr][INFO] - configure_evaluate: strategy sampled 2 clients (out of 50)
[2024-09-01 18:07:16,471][flwr][INFO] - aggregate_evaluate: received 2 results and 0 failures
[2024-09-01 18:07:16,471][flwr][INFO] - 
[2024-09-01 18:07:16,471][flwr][INFO] - [ROUND 74]
[2024-09-01 18:07:16,471][flwr][INFO] - configure_fit: strategy sampled 5 clients (out of 50)
[2024-09-01 18:07:44,790][flwr][INFO] - aggregate_fit: received 5 results and 0 failures
[2024-09-01 18:07:53,392][flwr][INFO] - fit progress: (74, 156.0145656466484, {'accuracy': 0.7526462395543175}, 2538.1086048430006)
[2024-09-01 18:07:53,392][flwr][INFO] - configure_evaluate: strategy sampled 2 clients (out of 50)
[2024-09-01 18:07:54,530][flwr][INFO] - aggregate_evaluate: received 2 results and 0 failures
[2024-09-01 18:07:54,530][flwr][INFO] - 
[2024-09-01 18:07:54,530][flwr][INFO] - [ROUND 75]
[2024-09-01 18:07:54,530][flwr][INFO] - configure_fit: strategy sampled 5 clients (out of 50)
[2024-09-01 18:08:30,567][flwr][INFO] - aggregate_fit: received 5 results and 0 failures
[2024-09-01 18:08:39,157][flwr][INFO] - fit progress: (75, 164.69575226306915, {'accuracy': 0.6954038997214484}, 2583.8738101509807)
[2024-09-01 18:08:39,157][flwr][INFO] - configure_evaluate: strategy sampled 2 clients (out of 50)
[2024-09-01 18:08:39,523][flwr][INFO] - aggregate_evaluate: received 2 results and 0 failures
[2024-09-01 18:08:39,523][flwr][INFO] - 
[2024-09-01 18:08:39,523][flwr][INFO] - [ROUND 76]
[2024-09-01 18:08:39,523][flwr][INFO] - configure_fit: strategy sampled 5 clients (out of 50)
[2024-09-01 18:08:59,237][flwr][INFO] - aggregate_fit: received 5 results and 0 failures
[2024-09-01 18:09:07,820][flwr][INFO] - fit progress: (76, 168.4665676355362, {'accuracy': 0.8}, 2612.536259588989)
[2024-09-01 18:09:07,820][flwr][INFO] - configure_evaluate: strategy sampled 2 clients (out of 50)
[2024-09-01 18:09:09,038][flwr][INFO] - aggregate_evaluate: received 2 results and 0 failures
[2024-09-01 18:09:09,038][flwr][INFO] - 
[2024-09-01 18:09:09,038][flwr][INFO] - [ROUND 77]
[2024-09-01 18:09:09,038][flwr][INFO] - configure_fit: strategy sampled 5 clients (out of 50)
[2024-09-01 18:09:41,344][flwr][INFO] - aggregate_fit: received 5 results and 0 failures
[2024-09-01 18:09:49,967][flwr][INFO] - fit progress: (77, 249.3209911584854, {'accuracy': 0.546100278551532}, 2654.683808479982)
[2024-09-01 18:09:49,967][flwr][INFO] - configure_evaluate: strategy sampled 2 clients (out of 50)
[2024-09-01 18:09:50,380][flwr][INFO] - aggregate_evaluate: received 2 results and 0 failures
[2024-09-01 18:09:50,380][flwr][INFO] - 
[2024-09-01 18:09:50,380][flwr][INFO] - [ROUND 78]
[2024-09-01 18:09:50,380][flwr][INFO] - configure_fit: strategy sampled 5 clients (out of 50)
[2024-09-01 18:10:18,500][flwr][INFO] - aggregate_fit: received 5 results and 0 failures
[2024-09-01 18:10:27,256][flwr][INFO] - fit progress: (78, 164.96499466896057, {'accuracy': 0.7201949860724234}, 2691.9727522500034)
[2024-09-01 18:10:27,256][flwr][INFO] - configure_evaluate: strategy sampled 2 clients (out of 50)
[2024-09-01 18:10:27,952][flwr][INFO] - aggregate_evaluate: received 2 results and 0 failures
[2024-09-01 18:10:27,952][flwr][INFO] - 
[2024-09-01 18:10:27,952][flwr][INFO] - [ROUND 79]
[2024-09-01 18:10:27,952][flwr][INFO] - configure_fit: strategy sampled 5 clients (out of 50)
[2024-09-01 18:10:44,262][flwr][INFO] - aggregate_fit: received 5 results and 0 failures
[2024-09-01 18:10:52,885][flwr][INFO] - fit progress: (79, 330.9952842593193, {'accuracy': 0.46573816155988856}, 2717.6021298760024)
[2024-09-01 18:10:52,886][flwr][INFO] - configure_evaluate: strategy sampled 2 clients (out of 50)
[2024-09-01 18:10:54,008][flwr][INFO] - aggregate_evaluate: received 2 results and 0 failures
[2024-09-01 18:10:54,008][flwr][INFO] - 
[2024-09-01 18:10:54,008][flwr][INFO] - [ROUND 80]
[2024-09-01 18:10:54,008][flwr][INFO] - configure_fit: strategy sampled 5 clients (out of 50)
[2024-09-01 18:11:23,912][flwr][INFO] - aggregate_fit: received 5 results and 0 failures
[2024-09-01 18:11:32,564][flwr][INFO] - fit progress: (80, 232.3632109761238, {'accuracy': 0.5972144846796658}, 2757.280647434003)
[2024-09-01 18:11:32,564][flwr][INFO] - configure_evaluate: strategy sampled 2 clients (out of 50)
[2024-09-01 18:11:33,350][flwr][INFO] - aggregate_evaluate: received 2 results and 0 failures
[2024-09-01 18:11:33,350][flwr][INFO] - 
[2024-09-01 18:11:33,350][flwr][INFO] - [ROUND 81]
[2024-09-01 18:11:33,350][flwr][INFO] - configure_fit: strategy sampled 5 clients (out of 50)
[2024-09-01 18:11:44,756][flwr][INFO] - aggregate_fit: received 5 results and 0 failures
[2024-09-01 18:11:53,364][flwr][INFO] - fit progress: (81, 132.41547283530235, {'accuracy': 0.8020891364902507}, 2778.080673249002)
[2024-09-01 18:11:53,364][flwr][INFO] - configure_evaluate: strategy sampled 2 clients (out of 50)
[2024-09-01 18:11:53,861][flwr][INFO] - aggregate_evaluate: received 2 results and 0 failures
[2024-09-01 18:11:53,861][flwr][INFO] - 
[2024-09-01 18:11:53,861][flwr][INFO] - [ROUND 82]
[2024-09-01 18:11:53,861][flwr][INFO] - configure_fit: strategy sampled 5 clients (out of 50)
[2024-09-01 18:12:22,658][flwr][INFO] - aggregate_fit: received 5 results and 0 failures
[2024-09-01 18:12:31,215][flwr][INFO] - fit progress: (82, 133.13898888230324, {'accuracy': 0.8231197771587744}, 2815.9312466649862)
[2024-09-01 18:12:31,215][flwr][INFO] - configure_evaluate: strategy sampled 2 clients (out of 50)
[2024-09-01 18:12:31,408][flwr][INFO] - aggregate_evaluate: received 2 results and 0 failures
[2024-09-01 18:12:31,408][flwr][INFO] - 
[2024-09-01 18:12:31,408][flwr][INFO] - [ROUND 83]
[2024-09-01 18:12:31,408][flwr][INFO] - configure_fit: strategy sampled 5 clients (out of 50)
[2024-09-01 18:13:00,641][flwr][INFO] - aggregate_fit: received 5 results and 0 failures
[2024-09-01 18:13:09,234][flwr][INFO] - fit progress: (83, 127.56840191781521, {'accuracy': 0.7862116991643454}, 2853.950772368)
[2024-09-01 18:13:09,234][flwr][INFO] - configure_evaluate: strategy sampled 2 clients (out of 50)
[2024-09-01 18:13:10,150][flwr][INFO] - aggregate_evaluate: received 2 results and 0 failures
[2024-09-01 18:13:10,150][flwr][INFO] - 
[2024-09-01 18:13:10,209][flwr][INFO] - [ROUND 84]
[2024-09-01 18:13:10,209][flwr][INFO] - configure_fit: strategy sampled 5 clients (out of 50)
[2024-09-01 18:13:30,406][flwr][INFO] - aggregate_fit: received 5 results and 0 failures
[2024-09-01 18:13:39,002][flwr][INFO] - fit progress: (84, 227.50996589660645, {'accuracy': 0.602924791086351}, 2883.718391978997)
[2024-09-01 18:13:39,002][flwr][INFO] - configure_evaluate: strategy sampled 2 clients (out of 50)
[2024-09-01 18:13:39,390][flwr][INFO] - aggregate_evaluate: received 2 results and 0 failures
[2024-09-01 18:13:39,390][flwr][INFO] - 
[2024-09-01 18:13:39,390][flwr][INFO] - [ROUND 85]
[2024-09-01 18:13:39,390][flwr][INFO] - configure_fit: strategy sampled 5 clients (out of 50)
[2024-09-01 18:14:12,064][flwr][INFO] - aggregate_fit: received 5 results and 0 failures
[2024-09-01 18:14:20,628][flwr][INFO] - fit progress: (85, 222.71173924207687, {'accuracy': 0.6841225626740947}, 2925.3444888670056)
[2024-09-01 18:14:20,628][flwr][INFO] - configure_evaluate: strategy sampled 2 clients (out of 50)
[2024-09-01 18:14:21,577][flwr][INFO] - aggregate_evaluate: received 2 results and 0 failures
[2024-09-01 18:14:21,577][flwr][INFO] - 
[2024-09-01 18:14:21,577][flwr][INFO] - [ROUND 86]
[2024-09-01 18:14:21,577][flwr][INFO] - configure_fit: strategy sampled 5 clients (out of 50)
[2024-09-01 18:14:39,205][flwr][INFO] - aggregate_fit: received 5 results and 0 failures
[2024-09-01 18:14:47,814][flwr][INFO] - fit progress: (86, 203.37875151634216, {'accuracy': 0.6408077994428969}, 2952.531096744002)
[2024-09-01 18:14:47,815][flwr][INFO] - configure_evaluate: strategy sampled 2 clients (out of 50)
[2024-09-01 18:14:48,840][flwr][INFO] - aggregate_evaluate: received 2 results and 0 failures
[2024-09-01 18:14:48,840][flwr][INFO] - 
[2024-09-01 18:14:48,840][flwr][INFO] - [ROUND 87]
[2024-09-01 18:14:48,840][flwr][INFO] - configure_fit: strategy sampled 5 clients (out of 50)
[2024-09-01 18:15:02,509][flwr][INFO] - aggregate_fit: received 5 results and 0 failures
[2024-09-01 18:15:11,134][flwr][INFO] - fit progress: (87, 235.04149585962296, {'accuracy': 0.6381615598885794}, 2975.8510405120032)
[2024-09-01 18:15:11,135][flwr][INFO] - configure_evaluate: strategy sampled 2 clients (out of 50)
[2024-09-01 18:15:11,677][flwr][INFO] - aggregate_evaluate: received 2 results and 0 failures
[2024-09-01 18:15:11,677][flwr][INFO] - 
[2024-09-01 18:15:11,677][flwr][INFO] - [ROUND 88]
[2024-09-01 18:15:11,677][flwr][INFO] - configure_fit: strategy sampled 5 clients (out of 50)
[2024-09-01 18:15:49,475][flwr][INFO] - aggregate_fit: received 5 results and 0 failures
[2024-09-01 18:15:58,085][flwr][INFO] - fit progress: (88, 126.41926521062851, {'accuracy': 0.7873259052924791}, 3022.801903351996)
[2024-09-01 18:15:58,085][flwr][INFO] - configure_evaluate: strategy sampled 2 clients (out of 50)
[2024-09-01 18:15:58,935][flwr][INFO] - aggregate_evaluate: received 2 results and 0 failures
[2024-09-01 18:15:58,935][flwr][INFO] - 
[2024-09-01 18:15:58,935][flwr][INFO] - [ROUND 89]
[2024-09-01 18:15:58,935][flwr][INFO] - configure_fit: strategy sampled 5 clients (out of 50)
[2024-09-01 18:16:20,168][flwr][INFO] - aggregate_fit: received 5 results and 0 failures
[2024-09-01 18:16:28,738][flwr][INFO] - fit progress: (89, 254.1029452085495, {'accuracy': 0.576740947075209}, 3053.454711255996)
[2024-09-01 18:16:28,738][flwr][INFO] - configure_evaluate: strategy sampled 2 clients (out of 50)
[2024-09-01 18:16:29,249][flwr][INFO] - aggregate_evaluate: received 2 results and 0 failures
[2024-09-01 18:16:29,250][flwr][INFO] - 
[2024-09-01 18:16:29,250][flwr][INFO] - [ROUND 90]
[2024-09-01 18:16:29,250][flwr][INFO] - configure_fit: strategy sampled 5 clients (out of 50)
[2024-09-01 18:17:04,459][flwr][INFO] - aggregate_fit: received 5 results and 0 failures
[2024-09-01 18:17:13,096][flwr][INFO] - fit progress: (90, 285.66205936670303, {'accuracy': 0.5252089136490251}, 3097.8127946039895)
[2024-09-01 18:17:13,096][flwr][INFO] - configure_evaluate: strategy sampled 2 clients (out of 50)
[2024-09-01 18:17:13,847][flwr][INFO] - aggregate_evaluate: received 2 results and 0 failures
[2024-09-01 18:17:13,847][flwr][INFO] - 
[2024-09-01 18:17:13,847][flwr][INFO] - [ROUND 91]
[2024-09-01 18:17:13,847][flwr][INFO] - configure_fit: strategy sampled 5 clients (out of 50)
[2024-09-01 18:17:41,942][flwr][INFO] - aggregate_fit: received 5 results and 0 failures
[2024-09-01 18:17:50,587][flwr][INFO] - fit progress: (91, 160.57698547840118, {'accuracy': 0.7465181058495822}, 3135.3033425750036)
[2024-09-01 18:17:50,587][flwr][INFO] - configure_evaluate: strategy sampled 2 clients (out of 50)
[2024-09-01 18:17:50,903][flwr][INFO] - aggregate_evaluate: received 2 results and 0 failures
[2024-09-01 18:17:50,903][flwr][INFO] - 
[2024-09-01 18:17:50,903][flwr][INFO] - [ROUND 92]
[2024-09-01 18:17:50,903][flwr][INFO] - configure_fit: strategy sampled 5 clients (out of 50)
[2024-09-01 18:18:21,470][flwr][INFO] - aggregate_fit: received 5 results and 0 failures
[2024-09-01 18:18:30,157][flwr][INFO] - fit progress: (92, 286.1083623766899, {'accuracy': 0.5927576601671309}, 3174.873157132999)
[2024-09-01 18:18:30,157][flwr][INFO] - configure_evaluate: strategy sampled 2 clients (out of 50)
[2024-09-01 18:18:31,095][flwr][INFO] - aggregate_evaluate: received 2 results and 0 failures
[2024-09-01 18:18:31,095][flwr][INFO] - 
[2024-09-01 18:18:31,095][flwr][INFO] - [ROUND 93]
[2024-09-01 18:18:31,095][flwr][INFO] - configure_fit: strategy sampled 5 clients (out of 50)
[2024-09-01 18:18:40,721][flwr][INFO] - aggregate_fit: received 5 results and 0 failures
[2024-09-01 18:18:49,317][flwr][INFO] - fit progress: (93, 266.42728647589684, {'accuracy': 0.6540389972144847}, 3194.033241388999)
[2024-09-01 18:18:49,317][flwr][INFO] - configure_evaluate: strategy sampled 2 clients (out of 50)
[2024-09-01 18:18:49,486][flwr][INFO] - aggregate_evaluate: received 2 results and 0 failures
[2024-09-01 18:18:49,486][flwr][INFO] - 
[2024-09-01 18:18:49,486][flwr][INFO] - [ROUND 94]
[2024-09-01 18:18:49,486][flwr][INFO] - configure_fit: strategy sampled 5 clients (out of 50)
[2024-09-01 18:19:21,338][flwr][INFO] - aggregate_fit: received 5 results and 0 failures
[2024-09-01 18:19:30,307][flwr][INFO] - fit progress: (94, 152.62725088000298, {'accuracy': 0.7547353760445682}, 3235.0241143059975)
[2024-09-01 18:19:30,308][flwr][INFO] - configure_evaluate: strategy sampled 2 clients (out of 50)
[2024-09-01 18:19:30,568][flwr][INFO] - aggregate_evaluate: received 2 results and 0 failures
[2024-09-01 18:19:30,568][flwr][INFO] - 
[2024-09-01 18:19:30,569][flwr][INFO] - [ROUND 95]
[2024-09-01 18:19:30,569][flwr][INFO] - configure_fit: strategy sampled 5 clients (out of 50)
[2024-09-01 18:19:48,006][flwr][INFO] - aggregate_fit: received 5 results and 0 failures
[2024-09-01 18:19:56,972][flwr][INFO] - fit progress: (95, 224.3919219970703, {'accuracy': 0.6118384401114206}, 3261.688537573995)
[2024-09-01 18:19:56,972][flwr][INFO] - configure_evaluate: strategy sampled 2 clients (out of 50)
[2024-09-01 18:19:58,381][flwr][INFO] - aggregate_evaluate: received 2 results and 0 failures
[2024-09-01 18:19:58,381][flwr][INFO] - 
[2024-09-01 18:19:58,381][flwr][INFO] - [ROUND 96]
[2024-09-01 18:19:58,381][flwr][INFO] - configure_fit: strategy sampled 5 clients (out of 50)
[2024-09-01 18:20:32,766][flwr][INFO] - aggregate_fit: received 5 results and 0 failures
[2024-09-01 18:20:41,701][flwr][INFO] - fit progress: (96, 210.71278488636017, {'accuracy': 0.6579387186629526}, 3306.417974490003)
[2024-09-01 18:20:41,701][flwr][INFO] - configure_evaluate: strategy sampled 2 clients (out of 50)
[2024-09-01 18:20:42,171][flwr][INFO] - aggregate_evaluate: received 2 results and 0 failures
[2024-09-01 18:20:42,171][flwr][INFO] - 
[2024-09-01 18:20:42,171][flwr][INFO] - [ROUND 97]
[2024-09-01 18:20:42,171][flwr][INFO] - configure_fit: strategy sampled 5 clients (out of 50)
[2024-09-01 18:21:16,799][flwr][INFO] - aggregate_fit: received 5 results and 0 failures
[2024-09-01 18:21:25,796][flwr][INFO] - fit progress: (97, 186.50829961895943, {'accuracy': 0.6883008356545961}, 3350.512608697987)
[2024-09-01 18:21:25,796][flwr][INFO] - configure_evaluate: strategy sampled 2 clients (out of 50)
[2024-09-01 18:21:26,210][flwr][INFO] - aggregate_evaluate: received 2 results and 0 failures
[2024-09-01 18:21:26,210][flwr][INFO] - 
[2024-09-01 18:21:26,210][flwr][INFO] - [ROUND 98]
[2024-09-01 18:21:26,210][flwr][INFO] - configure_fit: strategy sampled 5 clients (out of 50)
[2024-09-01 18:21:42,268][flwr][INFO] - aggregate_fit: received 5 results and 0 failures
[2024-09-01 18:21:51,178][flwr][INFO] - fit progress: (98, 218.14417695999146, {'accuracy': 0.6419220055710306}, 3375.8945788719866)
[2024-09-01 18:21:51,178][flwr][INFO] - configure_evaluate: strategy sampled 2 clients (out of 50)
[2024-09-01 18:21:51,841][flwr][INFO] - aggregate_evaluate: received 2 results and 0 failures
[2024-09-01 18:21:51,841][flwr][INFO] - 
[2024-09-01 18:21:51,841][flwr][INFO] - [ROUND 99]
[2024-09-01 18:21:51,841][flwr][INFO] - configure_fit: strategy sampled 5 clients (out of 50)
[2024-09-01 18:22:06,068][flwr][INFO] - aggregate_fit: received 5 results and 0 failures
[2024-09-01 18:22:15,026][flwr][INFO] - fit progress: (99, 474.0525053739548, {'accuracy': 0.4850974930362117}, 3399.7421624389826)
[2024-09-01 18:22:15,026][flwr][INFO] - configure_evaluate: strategy sampled 2 clients (out of 50)
[2024-09-01 18:22:15,194][flwr][INFO] - aggregate_evaluate: received 2 results and 0 failures
[2024-09-01 18:22:15,194][flwr][INFO] - 
[2024-09-01 18:22:15,194][flwr][INFO] - [ROUND 100]
[2024-09-01 18:22:15,194][flwr][INFO] - configure_fit: strategy sampled 5 clients (out of 50)
[2024-09-01 18:22:38,015][flwr][INFO] - aggregate_fit: received 5 results and 0 failures
[2024-09-01 18:22:46,963][flwr][INFO] - fit progress: (100, 185.53540778160095, {'accuracy': 0.7275766016713092}, 3431.6799552080047)
[2024-09-01 18:22:46,963][flwr][INFO] - configure_evaluate: strategy sampled 2 clients (out of 50)
[2024-09-01 18:22:47,629][flwr][INFO] - aggregate_evaluate: received 2 results and 0 failures
[2024-09-01 18:22:47,630][flwr][INFO] - 
[2024-09-01 18:22:47,630][flwr][INFO] - [SUMMARY]
[2024-09-01 18:22:47,630][flwr][INFO] - Run finished 100 round(s) in 3432.35s
[2024-09-01 18:22:47,630][flwr][INFO] - 	History (loss, distributed):
[2024-09-01 18:22:47,631][flwr][INFO] - 		round 1: 9.316181120225938
[2024-09-01 18:22:47,631][flwr][INFO] - 		round 2: 5.92866044115312
[2024-09-01 18:22:47,631][flwr][INFO] - 		round 3: 1.8066850290742031
[2024-09-01 18:22:47,631][flwr][INFO] - 		round 4: 4.938474413156509
[2024-09-01 18:22:47,631][flwr][INFO] - 		round 5: 9.9953007883039
[2024-09-01 18:22:47,631][flwr][INFO] - 		round 6: 1.8280674042525116
[2024-09-01 18:22:47,631][flwr][INFO] - 		round 7: 5.379876970019009
[2024-09-01 18:22:47,631][flwr][INFO] - 		round 8: 17.401747439783644
[2024-09-01 18:22:47,631][flwr][INFO] - 		round 9: 15.710932678116693
[2024-09-01 18:22:47,631][flwr][INFO] - 		round 10: 8.687871058360335
[2024-09-01 18:22:47,631][flwr][INFO] - 		round 11: 7.823838638925107
[2024-09-01 18:22:47,631][flwr][INFO] - 		round 12: 4.295783853530883
[2024-09-01 18:22:47,631][flwr][INFO] - 		round 13: 7.4653010372967685
[2024-09-01 18:22:47,631][flwr][INFO] - 		round 14: 6.283007553486219
[2024-09-01 18:22:47,631][flwr][INFO] - 		round 15: 5.469935891835113
[2024-09-01 18:22:47,631][flwr][INFO] - 		round 16: 7.684530767481378
[2024-09-01 18:22:47,631][flwr][INFO] - 		round 17: 13.106934168509074
[2024-09-01 18:22:47,631][flwr][INFO] - 		round 18: 12.19942714108361
[2024-09-01 18:22:47,631][flwr][INFO] - 		round 19: 9.045053687830725
[2024-09-01 18:22:47,631][flwr][INFO] - 		round 20: 6.089519290880125
[2024-09-01 18:22:47,631][flwr][INFO] - 		round 21: 2.9946028384487184
[2024-09-01 18:22:47,631][flwr][INFO] - 		round 22: 3.616719788283978
[2024-09-01 18:22:47,631][flwr][INFO] - 		round 23: 1.4879096610205513
[2024-09-01 18:22:47,631][flwr][INFO] - 		round 24: 4.731214284102122
[2024-09-01 18:22:47,631][flwr][INFO] - 		round 25: 6.699145447555466
[2024-09-01 18:22:47,631][flwr][INFO] - 		round 26: 1.6994393850272556
[2024-09-01 18:22:47,631][flwr][INFO] - 		round 27: 10.381893435068298
[2024-09-01 18:22:47,631][flwr][INFO] - 		round 28: 7.727150622952616
[2024-09-01 18:22:47,631][flwr][INFO] - 		round 29: 2.4846290123664727
[2024-09-01 18:22:47,631][flwr][INFO] - 		round 30: 5.581436704581892
[2024-09-01 18:22:47,631][flwr][INFO] - 		round 31: 5.73505671598518
[2024-09-01 18:22:47,631][flwr][INFO] - 		round 32: 4.457079342059922
[2024-09-01 18:22:47,631][flwr][INFO] - 		round 33: 8.784865816591285
[2024-09-01 18:22:47,631][flwr][INFO] - 		round 34: 5.301111088668714
[2024-09-01 18:22:47,631][flwr][INFO] - 		round 35: 1.0291308988364938
[2024-09-01 18:22:47,631][flwr][INFO] - 		round 36: 4.68516238354652
[2024-09-01 18:22:47,631][flwr][INFO] - 		round 37: 2.184140797930233
[2024-09-01 18:22:47,631][flwr][INFO] - 		round 38: 11.105804650883005
[2024-09-01 18:22:47,631][flwr][INFO] - 		round 39: 30.28517921221214
[2024-09-01 18:22:47,631][flwr][INFO] - 		round 40: 3.169908207236675
[2024-09-01 18:22:47,631][flwr][INFO] - 		round 41: 8.342806751189167
[2024-09-01 18:22:47,631][flwr][INFO] - 		round 42: 5.247114800720763
[2024-09-01 18:22:47,631][flwr][INFO] - 		round 43: 8.854698418873793
[2024-09-01 18:22:47,631][flwr][INFO] - 		round 44: 6.470468924740168
[2024-09-01 18:22:47,631][flwr][INFO] - 		round 45: 3.997066007710719
[2024-09-01 18:22:47,631][flwr][INFO] - 		round 46: 12.374050756532451
[2024-09-01 18:22:47,631][flwr][INFO] - 		round 47: 1.8400297562281291
[2024-09-01 18:22:47,631][flwr][INFO] - 		round 48: 10.22720562132065
[2024-09-01 18:22:47,631][flwr][INFO] - 		round 49: 13.258522209214286
[2024-09-01 18:22:47,631][flwr][INFO] - 		round 50: 3.436249586611032
[2024-09-01 18:22:47,631][flwr][INFO] - 		round 51: 1.8801498442010203
[2024-09-01 18:22:47,631][flwr][INFO] - 		round 52: 3.440599588749235
[2024-09-01 18:22:47,631][flwr][INFO] - 		round 53: 4.917136162755357
[2024-09-01 18:22:47,631][flwr][INFO] - 		round 54: 3.3361401478983392
[2024-09-01 18:22:47,631][flwr][INFO] - 		round 55: 1.7281776804516749
[2024-09-01 18:22:47,631][flwr][INFO] - 		round 56: 2.1990238821584414
[2024-09-01 18:22:47,631][flwr][INFO] - 		round 57: 2.1625038218346373
[2024-09-01 18:22:47,631][flwr][INFO] - 		round 58: 4.8611028680720345
[2024-09-01 18:22:47,631][flwr][INFO] - 		round 59: 2.6135801031827106
[2024-09-01 18:22:47,631][flwr][INFO] - 		round 60: 5.1093393612920845
[2024-09-01 18:22:47,631][flwr][INFO] - 		round 61: 7.261260712183215
[2024-09-01 18:22:47,631][flwr][INFO] - 		round 62: 2.3433136859878165
[2024-09-01 18:22:47,631][flwr][INFO] - 		round 63: 4.920908914474041
[2024-09-01 18:22:47,632][flwr][INFO] - 		round 64: 6.248260588356943
[2024-09-01 18:22:47,632][flwr][INFO] - 		round 65: 4.422736668053952
[2024-09-01 18:22:47,632][flwr][INFO] - 		round 66: 2.8656954931956466
[2024-09-01 18:22:47,632][flwr][INFO] - 		round 67: 1.504749802930146
[2024-09-01 18:22:47,632][flwr][INFO] - 		round 68: 5.150198680226064
[2024-09-01 18:22:47,632][flwr][INFO] - 		round 69: 4.666020460891532
[2024-09-01 18:22:47,632][flwr][INFO] - 		round 70: 2.79779270524564
[2024-09-01 18:22:47,632][flwr][INFO] - 		round 71: 1.033680733205018
[2024-09-01 18:22:47,632][flwr][INFO] - 		round 72: 0.7807021277946997
[2024-09-01 18:22:47,632][flwr][INFO] - 		round 73: 1.3903445568179986
[2024-09-01 18:22:47,632][flwr][INFO] - 		round 74: 4.464164286123382
[2024-09-01 18:22:47,632][flwr][INFO] - 		round 75: 0.5556980440693516
[2024-09-01 18:22:47,632][flwr][INFO] - 		round 76: 6.513311513938194
[2024-09-01 18:22:47,632][flwr][INFO] - 		round 77: 0.43450613775401536
[2024-09-01 18:22:47,632][flwr][INFO] - 		round 78: 5.662684469550141
[2024-09-01 18:22:47,632][flwr][INFO] - 		round 79: 11.974752858416192
[2024-09-01 18:22:47,632][flwr][INFO] - 		round 80: 6.14373810987794
[2024-09-01 18:22:47,632][flwr][INFO] - 		round 81: 1.0340752151596497
[2024-09-01 18:22:47,632][flwr][INFO] - 		round 82: 0.29664044082164764
[2024-09-01 18:22:47,632][flwr][INFO] - 		round 83: 2.6138417292735103
[2024-09-01 18:22:47,632][flwr][INFO] - 		round 84: 3.344569961684091
[2024-09-01 18:22:47,632][flwr][INFO] - 		round 85: 2.4370596390251227
[2024-09-01 18:22:47,632][flwr][INFO] - 		round 86: 3.3662359066718013
[2024-09-01 18:22:47,632][flwr][INFO] - 		round 87: 2.705715662964127
[2024-09-01 18:22:47,632][flwr][INFO] - 		round 88: 12.004167565436967
[2024-09-01 18:22:47,632][flwr][INFO] - 		round 89: 1.9345675265006577
[2024-09-01 18:22:47,632][flwr][INFO] - 		round 90: 11.723087073009541
[2024-09-01 18:22:47,632][flwr][INFO] - 		round 91: 0.8454223676459995
[2024-09-01 18:22:47,632][flwr][INFO] - 		round 92: 5.7977751505001
[2024-09-01 18:22:47,632][flwr][INFO] - 		round 93: 0.019388907419686966
[2024-09-01 18:22:47,632][flwr][INFO] - 		round 94: 0.1911200238391757
[2024-09-01 18:22:47,632][flwr][INFO] - 		round 95: 12.044407478894545
[2024-09-01 18:22:47,632][flwr][INFO] - 		round 96: 2.97201081755928
[2024-09-01 18:22:47,632][flwr][INFO] - 		round 97: 4.786927196028319
[2024-09-01 18:22:47,632][flwr][INFO] - 		round 98: 3.0819510925748497
[2024-09-01 18:22:47,632][flwr][INFO] - 		round 99: 3.18768658845321
[2024-09-01 18:22:47,632][flwr][INFO] - 		round 100: 2.5485457223801573
[2024-09-01 18:22:47,632][flwr][INFO] - 	History (loss, centralized):
[2024-09-01 18:22:47,632][flwr][INFO] - 		round 0: 500.08253717422485
[2024-09-01 18:22:47,632][flwr][INFO] - 		round 1: 414.5758320093155
[2024-09-01 18:22:47,632][flwr][INFO] - 		round 2: 453.49678349494934
[2024-09-01 18:22:47,632][flwr][INFO] - 		round 3: 511.40507209300995
[2024-09-01 18:22:47,632][flwr][INFO] - 		round 4: 434.52736949920654
[2024-09-01 18:22:47,632][flwr][INFO] - 		round 5: 420.74120128154755
[2024-09-01 18:22:47,632][flwr][INFO] - 		round 6: 406.32234370708466
[2024-09-01 18:22:47,632][flwr][INFO] - 		round 7: 392.75916481018066
[2024-09-01 18:22:47,632][flwr][INFO] - 		round 8: 413.2593126296997
[2024-09-01 18:22:47,632][flwr][INFO] - 		round 9: 453.8725845813751
[2024-09-01 18:22:47,632][flwr][INFO] - 		round 10: 474.4981700181961
[2024-09-01 18:22:47,632][flwr][INFO] - 		round 11: 383.36090886592865
[2024-09-01 18:22:47,632][flwr][INFO] - 		round 12: 335.66756653785706
[2024-09-01 18:22:47,632][flwr][INFO] - 		round 13: 484.9020357131958
[2024-09-01 18:22:47,632][flwr][INFO] - 		round 14: 273.67007702589035
[2024-09-01 18:22:47,632][flwr][INFO] - 		round 15: 324.72681480646133
[2024-09-01 18:22:47,632][flwr][INFO] - 		round 16: 318.99038767814636
[2024-09-01 18:22:47,632][flwr][INFO] - 		round 17: 422.9623237848282
[2024-09-01 18:22:47,632][flwr][INFO] - 		round 18: 308.9535557627678
[2024-09-01 18:22:47,632][flwr][INFO] - 		round 19: 280.6597567796707
[2024-09-01 18:22:47,632][flwr][INFO] - 		round 20: 284.2377463579178
[2024-09-01 18:22:47,632][flwr][INFO] - 		round 21: 220.47316882014275
[2024-09-01 18:22:47,632][flwr][INFO] - 		round 22: 286.7385584115982
[2024-09-01 18:22:47,632][flwr][INFO] - 		round 23: 317.3156282901764
[2024-09-01 18:22:47,632][flwr][INFO] - 		round 24: 232.7659854888916
[2024-09-01 18:22:47,632][flwr][INFO] - 		round 25: 230.19059932231903
[2024-09-01 18:22:47,632][flwr][INFO] - 		round 26: 233.7494177222252
[2024-09-01 18:22:47,633][flwr][INFO] - 		round 27: 256.041441321373
[2024-09-01 18:22:47,633][flwr][INFO] - 		round 28: 305.5651691555977
[2024-09-01 18:22:47,633][flwr][INFO] - 		round 29: 246.13104182481766
[2024-09-01 18:22:47,633][flwr][INFO] - 		round 30: 222.22525173425674
[2024-09-01 18:22:47,633][flwr][INFO] - 		round 31: 412.0488107204437
[2024-09-01 18:22:47,633][flwr][INFO] - 		round 32: 255.41540259122849
[2024-09-01 18:22:47,633][flwr][INFO] - 		round 33: 334.5469580292702
[2024-09-01 18:22:47,633][flwr][INFO] - 		round 34: 306.36295986175537
[2024-09-01 18:22:47,633][flwr][INFO] - 		round 35: 153.19209596514702
[2024-09-01 18:22:47,633][flwr][INFO] - 		round 36: 217.64412385225296
[2024-09-01 18:22:47,633][flwr][INFO] - 		round 37: 320.178906083107
[2024-09-01 18:22:47,633][flwr][INFO] - 		round 38: 252.3356157541275
[2024-09-01 18:22:47,633][flwr][INFO] - 		round 39: 696.7521617412567
[2024-09-01 18:22:47,633][flwr][INFO] - 		round 40: 222.03377863764763
[2024-09-01 18:22:47,633][flwr][INFO] - 		round 41: 277.1226270198822
[2024-09-01 18:22:47,633][flwr][INFO] - 		round 42: 206.61194503307343
[2024-09-01 18:22:47,633][flwr][INFO] - 		round 43: 311.5154447555542
[2024-09-01 18:22:47,633][flwr][INFO] - 		round 44: 385.7333837747574
[2024-09-01 18:22:47,633][flwr][INFO] - 		round 45: 250.3104811310768
[2024-09-01 18:22:47,633][flwr][INFO] - 		round 46: 348.6652603149414
[2024-09-01 18:22:47,633][flwr][INFO] - 		round 47: 236.70905649662018
[2024-09-01 18:22:47,633][flwr][INFO] - 		round 48: 234.70483297109604
[2024-09-01 18:22:47,633][flwr][INFO] - 		round 49: 351.0991586446762
[2024-09-01 18:22:47,633][flwr][INFO] - 		round 50: 248.91419357061386
[2024-09-01 18:22:47,633][flwr][INFO] - 		round 51: 250.6789184808731
[2024-09-01 18:22:47,633][flwr][INFO] - 		round 52: 266.2765064239502
[2024-09-01 18:22:47,633][flwr][INFO] - 		round 53: 216.66098362207413
[2024-09-01 18:22:47,633][flwr][INFO] - 		round 54: 178.2236357331276
[2024-09-01 18:22:47,633][flwr][INFO] - 		round 55: 270.84006559848785
[2024-09-01 18:22:47,633][flwr][INFO] - 		round 56: 284.74667781591415
[2024-09-01 18:22:47,633][flwr][INFO] - 		round 57: 279.1319155693054
[2024-09-01 18:22:47,633][flwr][INFO] - 		round 58: 219.42857372760773
[2024-09-01 18:22:47,633][flwr][INFO] - 		round 59: 173.67097648978233
[2024-09-01 18:22:47,633][flwr][INFO] - 		round 60: 235.46885460615158
[2024-09-01 18:22:47,633][flwr][INFO] - 		round 61: 207.6379685997963
[2024-09-01 18:22:47,633][flwr][INFO] - 		round 62: 217.2441242337227
[2024-09-01 18:22:47,633][flwr][INFO] - 		round 63: 211.40438377857208
[2024-09-01 18:22:47,633][flwr][INFO] - 		round 64: 304.8595957159996
[2024-09-01 18:22:47,633][flwr][INFO] - 		round 65: 253.6004135608673
[2024-09-01 18:22:47,633][flwr][INFO] - 		round 66: 237.8364493250847
[2024-09-01 18:22:47,633][flwr][INFO] - 		round 67: 311.6790135502815
[2024-09-01 18:22:47,633][flwr][INFO] - 		round 68: 354.5255162715912
[2024-09-01 18:22:47,633][flwr][INFO] - 		round 69: 173.19936898350716
[2024-09-01 18:22:47,633][flwr][INFO] - 		round 70: 277.8880552649498
[2024-09-01 18:22:47,633][flwr][INFO] - 		round 71: 208.8229004740715
[2024-09-01 18:22:47,633][flwr][INFO] - 		round 72: 118.19734758138657
[2024-09-01 18:22:47,633][flwr][INFO] - 		round 73: 178.96401870250702
[2024-09-01 18:22:47,633][flwr][INFO] - 		round 74: 156.0145656466484
[2024-09-01 18:22:47,633][flwr][INFO] - 		round 75: 164.69575226306915
[2024-09-01 18:22:47,633][flwr][INFO] - 		round 76: 168.4665676355362
[2024-09-01 18:22:47,633][flwr][INFO] - 		round 77: 249.3209911584854
[2024-09-01 18:22:47,633][flwr][INFO] - 		round 78: 164.96499466896057
[2024-09-01 18:22:47,633][flwr][INFO] - 		round 79: 330.9952842593193
[2024-09-01 18:22:47,633][flwr][INFO] - 		round 80: 232.3632109761238
[2024-09-01 18:22:47,633][flwr][INFO] - 		round 81: 132.41547283530235
[2024-09-01 18:22:47,633][flwr][INFO] - 		round 82: 133.13898888230324
[2024-09-01 18:22:47,633][flwr][INFO] - 		round 83: 127.56840191781521
[2024-09-01 18:22:47,633][flwr][INFO] - 		round 84: 227.50996589660645
[2024-09-01 18:22:47,633][flwr][INFO] - 		round 85: 222.71173924207687
[2024-09-01 18:22:47,633][flwr][INFO] - 		round 86: 203.37875151634216
[2024-09-01 18:22:47,633][flwr][INFO] - 		round 87: 235.04149585962296
[2024-09-01 18:22:47,633][flwr][INFO] - 		round 88: 126.41926521062851
[2024-09-01 18:22:47,633][flwr][INFO] - 		round 89: 254.1029452085495
[2024-09-01 18:22:47,633][flwr][INFO] - 		round 90: 285.66205936670303
[2024-09-01 18:22:47,633][flwr][INFO] - 		round 91: 160.57698547840118
[2024-09-01 18:22:47,633][flwr][INFO] - 		round 92: 286.1083623766899
[2024-09-01 18:22:47,634][flwr][INFO] - 		round 93: 266.42728647589684
[2024-09-01 18:22:47,634][flwr][INFO] - 		round 94: 152.62725088000298
[2024-09-01 18:22:47,634][flwr][INFO] - 		round 95: 224.3919219970703
[2024-09-01 18:22:47,634][flwr][INFO] - 		round 96: 210.71278488636017
[2024-09-01 18:22:47,634][flwr][INFO] - 		round 97: 186.50829961895943
[2024-09-01 18:22:47,634][flwr][INFO] - 		round 98: 218.14417695999146
[2024-09-01 18:22:47,634][flwr][INFO] - 		round 99: 474.0525053739548
[2024-09-01 18:22:47,634][flwr][INFO] - 		round 100: 185.53540778160095
[2024-09-01 18:22:47,634][flwr][INFO] - 	History (metrics, centralized):
[2024-09-01 18:22:47,634][flwr][INFO] - 	{'accuracy': [(0, 0.13328690807799443),
[2024-09-01 18:22:47,634][flwr][INFO] - 	              (1, 0.3167130919220056),
[2024-09-01 18:22:47,634][flwr][INFO] - 	              (2, 0.17729805013927577),
[2024-09-01 18:22:47,634][flwr][INFO] - 	              (3, 0.2),
[2024-09-01 18:22:47,634][flwr][INFO] - 	              (4, 0.35905292479108636),
[2024-09-01 18:22:47,634][flwr][INFO] - 	              (5, 0.28022284122562674),
[2024-09-01 18:22:47,634][flwr][INFO] - 	              (6, 0.29637883008356547),
[2024-09-01 18:22:47,634][flwr][INFO] - 	              (7, 0.36086350974930365),
[2024-09-01 18:22:47,634][flwr][INFO] - 	              (8, 0.34735376044568245),
[2024-09-01 18:22:47,634][flwr][INFO] - 	              (9, 0.32729805013927576),
[2024-09-01 18:22:47,634][flwr][INFO] - 	              (10, 0.3733983286908078),
[2024-09-01 18:22:47,634][flwr][INFO] - 	              (11, 0.5428969359331476),
[2024-09-01 18:22:47,634][flwr][INFO] - 	              (12, 0.5952646239554318),
[2024-09-01 18:22:47,634][flwr][INFO] - 	              (13, 0.26754874651810584),
[2024-09-01 18:22:47,634][flwr][INFO] - 	              (14, 0.5788300835654596),
[2024-09-01 18:22:47,634][flwr][INFO] - 	              (15, 0.38175487465181057),
[2024-09-01 18:22:47,634][flwr][INFO] - 	              (16, 0.517966573816156),
[2024-09-01 18:22:47,634][flwr][INFO] - 	              (17, 0.3392757660167131),
[2024-09-01 18:22:47,634][flwr][INFO] - 	              (18, 0.5167130919220055),
[2024-09-01 18:22:47,634][flwr][INFO] - 	              (19, 0.5155988857938719),
[2024-09-01 18:22:47,634][flwr][INFO] - 	              (20, 0.5958217270194986),
[2024-09-01 18:22:47,634][flwr][INFO] - 	              (21, 0.6459610027855153),
[2024-09-01 18:22:47,634][flwr][INFO] - 	              (22, 0.5420612813370473),
[2024-09-01 18:22:47,634][flwr][INFO] - 	              (23, 0.5502785515320334),
[2024-09-01 18:22:47,634][flwr][INFO] - 	              (24, 0.7316155988857939),
[2024-09-01 18:22:47,634][flwr][INFO] - 	              (25, 0.638300835654596),
[2024-09-01 18:22:47,634][flwr][INFO] - 	              (26, 0.648050139275766),
[2024-09-01 18:22:47,634][flwr][INFO] - 	              (27, 0.6146239554317549),
[2024-09-01 18:22:47,634][flwr][INFO] - 	              (28, 0.5133704735376045),
[2024-09-01 18:22:47,634][flwr][INFO] - 	              (29, 0.6735376044568245),
[2024-09-01 18:22:47,634][flwr][INFO] - 	              (30, 0.6387186629526462),
[2024-09-01 18:22:47,634][flwr][INFO] - 	              (31, 0.4768802228412256),
[2024-09-01 18:22:47,634][flwr][INFO] - 	              (32, 0.6483286908077994),
[2024-09-01 18:22:47,634][flwr][INFO] - 	              (33, 0.467966573816156),
[2024-09-01 18:22:47,634][flwr][INFO] - 	              (34, 0.6497214484679665),
[2024-09-01 18:22:47,634][flwr][INFO] - 	              (35, 0.7841225626740947),
[2024-09-01 18:22:47,634][flwr][INFO] - 	              (36, 0.613091922005571),
[2024-09-01 18:22:47,634][flwr][INFO] - 	              (37, 0.49303621169916434),
[2024-09-01 18:22:47,634][flwr][INFO] - 	              (38, 0.7045961002785516),
[2024-09-01 18:22:47,634][flwr][INFO] - 	              (39, 0.24094707520891365),
[2024-09-01 18:22:47,634][flwr][INFO] - 	              (40, 0.6798050139275766),
[2024-09-01 18:22:47,635][flwr][INFO] - 	              (41, 0.5653203342618385),
[2024-09-01 18:22:47,635][flwr][INFO] - 	              (42, 0.7217270194986073),
[2024-09-01 18:22:47,635][flwr][INFO] - 	              (43, 0.42089136490250695),
[2024-09-01 18:22:47,635][flwr][INFO] - 	              (44, 0.4139275766016713),
[2024-09-01 18:22:47,635][flwr][INFO] - 	              (45, 0.5720055710306406),
[2024-09-01 18:22:47,635][flwr][INFO] - 	              (46, 0.46838440111420615),
[2024-09-01 18:22:47,635][flwr][INFO] - 	              (47, 0.6949860724233984),
[2024-09-01 18:22:47,635][flwr][INFO] - 	              (48, 0.6792479108635098),
[2024-09-01 18:22:47,635][flwr][INFO] - 	              (49, 0.3176880222841226),
[2024-09-01 18:22:47,635][flwr][INFO] - 	              (50, 0.5607242339832869),
[2024-09-01 18:22:47,635][flwr][INFO] - 	              (51, 0.5139275766016713),
[2024-09-01 18:22:47,635][flwr][INFO] - 	              (52, 0.6597493036211699),
[2024-09-01 18:22:47,635][flwr][INFO] - 	              (53, 0.6050139275766017),
[2024-09-01 18:22:47,635][flwr][INFO] - 	              (54, 0.7791086350974931),
[2024-09-01 18:22:47,635][flwr][INFO] - 	              (55, 0.5220055710306407),
[2024-09-01 18:22:47,635][flwr][INFO] - 	              (56, 0.5552924791086351),
[2024-09-01 18:22:47,635][flwr][INFO] - 	              (57, 0.6374651810584958),
[2024-09-01 18:22:47,635][flwr][INFO] - 	              (58, 0.6041782729805014),
[2024-09-01 18:22:47,635][flwr][INFO] - 	              (59, 0.7579387186629526),
[2024-09-01 18:22:47,635][flwr][INFO] - 	              (60, 0.7281337047353761),
[2024-09-01 18:22:47,636][flwr][INFO] - 	              (61, 0.6646239554317549),
[2024-09-01 18:22:47,636][flwr][INFO] - 	              (62, 0.7100278551532033),
[2024-09-01 18:22:47,636][flwr][INFO] - 	              (63, 0.6135097493036211),
[2024-09-01 18:22:47,636][flwr][INFO] - 	              (64, 0.4772980501392758),
[2024-09-01 18:22:47,636][flwr][INFO] - 	              (65, 0.5316155988857939),
[2024-09-01 18:22:47,636][flwr][INFO] - 	              (66, 0.6253481894150418),
[2024-09-01 18:22:47,636][flwr][INFO] - 	              (67, 0.43579387186629526),
[2024-09-01 18:22:47,636][flwr][INFO] - 	              (68, 0.4541782729805014),
[2024-09-01 18:22:47,636][flwr][INFO] - 	              (69, 0.7504178272980502),
[2024-09-01 18:22:47,636][flwr][INFO] - 	              (70, 0.5689415041782729),
[2024-09-01 18:22:47,636][flwr][INFO] - 	              (71, 0.6626740947075209),
[2024-09-01 18:22:47,636][flwr][INFO] - 	              (72, 0.8093314763231197),
[2024-09-01 18:22:47,636][flwr][INFO] - 	              (73, 0.7318941504178273),
[2024-09-01 18:22:47,636][flwr][INFO] - 	              (74, 0.7526462395543175),
[2024-09-01 18:22:47,636][flwr][INFO] - 	              (75, 0.6954038997214484),
[2024-09-01 18:22:47,636][flwr][INFO] - 	              (76, 0.8),
[2024-09-01 18:22:47,636][flwr][INFO] - 	              (77, 0.546100278551532),
[2024-09-01 18:22:47,636][flwr][INFO] - 	              (78, 0.7201949860724234),
[2024-09-01 18:22:47,636][flwr][INFO] - 	              (79, 0.46573816155988856),
[2024-09-01 18:22:47,636][flwr][INFO] - 	              (80, 0.5972144846796658),
[2024-09-01 18:22:47,636][flwr][INFO] - 	              (81, 0.8020891364902507),
[2024-09-01 18:22:47,636][flwr][INFO] - 	              (82, 0.8231197771587744),
[2024-09-01 18:22:47,636][flwr][INFO] - 	              (83, 0.7862116991643454),
[2024-09-01 18:22:47,636][flwr][INFO] - 	              (84, 0.602924791086351),
[2024-09-01 18:22:47,636][flwr][INFO] - 	              (85, 0.6841225626740947),
[2024-09-01 18:22:47,636][flwr][INFO] - 	              (86, 0.6408077994428969),
[2024-09-01 18:22:47,636][flwr][INFO] - 	              (87, 0.6381615598885794),
[2024-09-01 18:22:47,637][flwr][INFO] - 	              (88, 0.7873259052924791),
[2024-09-01 18:22:47,637][flwr][INFO] - 	              (89, 0.576740947075209),
[2024-09-01 18:22:47,637][flwr][INFO] - 	              (90, 0.5252089136490251),
[2024-09-01 18:22:47,637][flwr][INFO] - 	              (91, 0.7465181058495822),
[2024-09-01 18:22:47,637][flwr][INFO] - 	              (92, 0.5927576601671309),
[2024-09-01 18:22:47,637][flwr][INFO] - 	              (93, 0.6540389972144847),
[2024-09-01 18:22:47,637][flwr][INFO] - 	              (94, 0.7547353760445682),
[2024-09-01 18:22:47,637][flwr][INFO] - 	              (95, 0.6118384401114206),
[2024-09-01 18:22:47,637][flwr][INFO] - 	              (96, 0.6579387186629526),
[2024-09-01 18:22:47,637][flwr][INFO] - 	              (97, 0.6883008356545961),
[2024-09-01 18:22:47,637][flwr][INFO] - 	              (98, 0.6419220055710306),
[2024-09-01 18:22:47,637][flwr][INFO] - 	              (99, 0.4850974930362117),
[2024-09-01 18:22:47,637][flwr][INFO] - 	              (100, 0.7275766016713092)]}
[2024-09-01 18:22:47,637][flwr][INFO] - 
