[2024-09-12 11:27:17,783][flwr][INFO] - Starting Flower simulation, config: num_rounds=100, no round_timeout
[2024-09-12 11:27:20,936][flwr][INFO] - Flower VCE: Ray initialized with resources: {'node:__internal_head__': 1.0, 'memory': 168664467252.0, 'CPU': 256.0, 'accelerator_type:G': 1.0, 'GPU': 1.0, 'object_store_memory': 76570485964.0, 'node:115.145.172.224': 1.0}
[2024-09-12 11:27:20,936][flwr][INFO] - Optimize your simulation with Flower VCE: https://flower.ai/docs/framework/how-to-run-simulations.html
[2024-09-12 11:27:20,936][flwr][INFO] - Flower VCE: Resources for each Virtual Client: {'num_cpus': 128, 'num_gpus': 0.1}
[2024-09-12 11:27:20,948][flwr][INFO] - Flower VCE: Creating VirtualClientEngineActorPool with 2 actors
[2024-09-12 11:27:20,948][flwr][INFO] - [INIT]
[2024-09-12 11:27:20,948][flwr][INFO] - Requesting initial parameters from one random client
[2024-09-12 11:27:25,156][flwr][INFO] - Received initial parameters from one random client
[2024-09-12 11:27:25,156][flwr][INFO] - Evaluating initial global parameters
[2024-09-12 11:27:30,593][flwr][INFO] - initial parameters (loss, other metrics): 225.4481120109558, {'accuracy': 0.0686933645133002}
[2024-09-12 11:27:30,599][flwr][INFO] - 
[2024-09-12 11:27:30,599][flwr][INFO] - [ROUND 1]
[2024-09-12 11:27:30,599][flwr][INFO] - configure_fit: strategy sampled 5 clients (out of 50)
[2024-09-12 11:27:36,540][flwr][INFO] - aggregate_fit: received 5 results and 0 failures
[2024-09-12 11:27:36,757][flwr][WARNING] - No fit_metrics_aggregation_fn provided
[2024-09-12 11:27:43,094][flwr][INFO] - fit progress: (1, 211.96319377422333, {'accuracy': 0.30926629640456005}, 12.495813512708992)
[2024-09-12 11:27:43,095][flwr][INFO] - configure_evaluate: strategy sampled 2 clients (out of 50)
[2024-09-12 11:27:43,710][flwr][INFO] - aggregate_evaluate: received 2 results and 0 failures
[2024-09-12 11:27:43,710][flwr][INFO] - 
[2024-09-12 11:27:43,710][flwr][INFO] - [ROUND 2]
[2024-09-12 11:27:43,711][flwr][INFO] - configure_fit: strategy sampled 5 clients (out of 50)
[2024-09-12 11:27:47,793][flwr][INFO] - aggregate_fit: received 5 results and 0 failures
[2024-09-12 11:27:53,762][flwr][INFO] - fit progress: (2, 158.9894117116928, {'accuracy': 0.4484068985676703}, 23.1635447088629)
[2024-09-12 11:27:53,763][flwr][INFO] - configure_evaluate: strategy sampled 2 clients (out of 50)
[2024-09-12 11:27:54,131][flwr][INFO] - aggregate_evaluate: received 2 results and 0 failures
[2024-09-12 11:27:54,131][flwr][INFO] - 
[2024-09-12 11:27:54,132][flwr][INFO] - [ROUND 3]
[2024-09-12 11:27:54,132][flwr][INFO] - configure_fit: strategy sampled 5 clients (out of 50)
[2024-09-12 11:27:57,868][flwr][INFO] - aggregate_fit: received 5 results and 0 failures
[2024-09-12 11:28:03,637][flwr][INFO] - fit progress: (3, 255.50820136070251, {'accuracy': 0.2303420052616194}, 33.03795948904008)
[2024-09-12 11:28:03,637][flwr][INFO] - configure_evaluate: strategy sampled 2 clients (out of 50)
[2024-09-12 11:28:04,035][flwr][INFO] - aggregate_evaluate: received 2 results and 0 failures
[2024-09-12 11:28:04,035][flwr][INFO] - 
[2024-09-12 11:28:04,035][flwr][INFO] - [ROUND 4]
[2024-09-12 11:28:04,036][flwr][INFO] - configure_fit: strategy sampled 5 clients (out of 50)
[2024-09-12 11:28:08,008][flwr][INFO] - aggregate_fit: received 5 results and 0 failures
[2024-09-12 11:28:16,946][flwr][INFO] - fit progress: (4, 229.85324668884277, {'accuracy': 0.5054077755042385}, 46.34761609695852)
[2024-09-12 11:28:16,947][flwr][INFO] - configure_evaluate: strategy sampled 2 clients (out of 50)
[2024-09-12 11:28:17,296][flwr][INFO] - aggregate_evaluate: received 2 results and 0 failures
[2024-09-12 11:28:17,296][flwr][INFO] - 
[2024-09-12 11:28:17,296][flwr][INFO] - [ROUND 5]
[2024-09-12 11:28:17,296][flwr][INFO] - configure_fit: strategy sampled 5 clients (out of 50)
[2024-09-12 11:28:21,286][flwr][INFO] - aggregate_fit: received 5 results and 0 failures
[2024-09-12 11:28:26,586][flwr][INFO] - fit progress: (5, 139.55980789661407, {'accuracy': 0.49868459514761765}, 55.986951098777354)
[2024-09-12 11:28:26,586][flwr][INFO] - configure_evaluate: strategy sampled 2 clients (out of 50)
[2024-09-12 11:28:26,956][flwr][INFO] - aggregate_evaluate: received 2 results and 0 failures
[2024-09-12 11:28:26,956][flwr][INFO] - 
[2024-09-12 11:28:26,957][flwr][INFO] - [ROUND 6]
[2024-09-12 11:28:26,957][flwr][INFO] - configure_fit: strategy sampled 5 clients (out of 50)
[2024-09-12 11:28:30,879][flwr][INFO] - aggregate_fit: received 5 results and 0 failures
[2024-09-12 11:28:36,337][flwr][INFO] - fit progress: (6, 101.7538498044014, {'accuracy': 0.605670856474715}, 65.7388094868511)
[2024-09-12 11:28:36,338][flwr][INFO] - configure_evaluate: strategy sampled 2 clients (out of 50)
[2024-09-12 11:28:36,785][flwr][INFO] - aggregate_evaluate: received 2 results and 0 failures
[2024-09-12 11:28:36,785][flwr][INFO] - 
[2024-09-12 11:28:36,785][flwr][INFO] - [ROUND 7]
[2024-09-12 11:28:36,785][flwr][INFO] - configure_fit: strategy sampled 5 clients (out of 50)
[2024-09-12 11:28:40,646][flwr][INFO] - aggregate_fit: received 5 results and 0 failures
[2024-09-12 11:28:46,211][flwr][INFO] - fit progress: (7, 92.73467534780502, {'accuracy': 0.7117801812335575}, 75.61206671083346)
[2024-09-12 11:28:46,211][flwr][INFO] - configure_evaluate: strategy sampled 2 clients (out of 50)
[2024-09-12 11:28:46,666][flwr][INFO] - aggregate_evaluate: received 2 results and 0 failures
[2024-09-12 11:28:46,666][flwr][INFO] - 
[2024-09-12 11:28:46,666][flwr][INFO] - [ROUND 8]
[2024-09-12 11:28:46,666][flwr][INFO] - configure_fit: strategy sampled 5 clients (out of 50)
[2024-09-12 11:28:50,336][flwr][INFO] - aggregate_fit: received 5 results and 0 failures
[2024-09-12 11:28:55,784][flwr][INFO] - fit progress: (8, 125.5044664144516, {'accuracy': 0.6205787781350482}, 85.18512289505452)
[2024-09-12 11:28:55,784][flwr][INFO] - configure_evaluate: strategy sampled 2 clients (out of 50)
[2024-09-12 11:28:56,135][flwr][INFO] - aggregate_evaluate: received 2 results and 0 failures
[2024-09-12 11:28:56,136][flwr][INFO] - 
[2024-09-12 11:28:56,136][flwr][INFO] - [ROUND 9]
[2024-09-12 11:28:56,136][flwr][INFO] - configure_fit: strategy sampled 5 clients (out of 50)
[2024-09-12 11:29:00,223][flwr][INFO] - aggregate_fit: received 5 results and 0 failures
[2024-09-12 11:29:05,734][flwr][INFO] - fit progress: (9, 103.47033298015594, {'accuracy': 0.6971645717626425}, 95.13493574084714)
[2024-09-12 11:29:05,734][flwr][INFO] - configure_evaluate: strategy sampled 2 clients (out of 50)
[2024-09-12 11:29:06,225][flwr][INFO] - aggregate_evaluate: received 2 results and 0 failures
[2024-09-12 11:29:06,226][flwr][INFO] - 
[2024-09-12 11:29:06,226][flwr][INFO] - [ROUND 10]
[2024-09-12 11:29:06,227][flwr][INFO] - configure_fit: strategy sampled 5 clients (out of 50)
[2024-09-12 11:29:10,372][flwr][INFO] - aggregate_fit: received 5 results and 0 failures
[2024-09-12 11:29:15,531][flwr][INFO] - fit progress: (10, 87.30770474672318, {'accuracy': 0.71821104940076}, 104.93284419877455)
[2024-09-12 11:29:15,532][flwr][INFO] - configure_evaluate: strategy sampled 2 clients (out of 50)
[2024-09-12 11:29:15,922][flwr][INFO] - aggregate_evaluate: received 2 results and 0 failures
[2024-09-12 11:29:15,923][flwr][INFO] - 
[2024-09-12 11:29:15,923][flwr][INFO] - [ROUND 11]
[2024-09-12 11:29:15,924][flwr][INFO] - configure_fit: strategy sampled 5 clients (out of 50)
[2024-09-12 11:29:19,500][flwr][INFO] - aggregate_fit: received 5 results and 0 failures
[2024-09-12 11:29:24,457][flwr][INFO] - fit progress: (11, 87.51727610826492, {'accuracy': 0.7147033031277404}, 113.8587842057459)
[2024-09-12 11:29:24,458][flwr][INFO] - configure_evaluate: strategy sampled 2 clients (out of 50)
[2024-09-12 11:29:24,866][flwr][INFO] - aggregate_evaluate: received 2 results and 0 failures
[2024-09-12 11:29:24,867][flwr][INFO] - 
[2024-09-12 11:29:24,867][flwr][INFO] - [ROUND 12]
[2024-09-12 11:29:24,867][flwr][INFO] - configure_fit: strategy sampled 5 clients (out of 50)
[2024-09-12 11:29:28,802][flwr][INFO] - aggregate_fit: received 5 results and 0 failures
[2024-09-12 11:29:33,571][flwr][INFO] - fit progress: (12, 190.27595001459122, {'accuracy': 0.5708857059339374}, 122.9728082548827)
[2024-09-12 11:29:33,572][flwr][INFO] - configure_evaluate: strategy sampled 2 clients (out of 50)
[2024-09-12 11:29:33,965][flwr][INFO] - aggregate_evaluate: received 2 results and 0 failures
[2024-09-12 11:29:33,965][flwr][INFO] - 
[2024-09-12 11:29:33,965][flwr][INFO] - [ROUND 13]
[2024-09-12 11:29:33,965][flwr][INFO] - configure_fit: strategy sampled 5 clients (out of 50)
[2024-09-12 11:29:37,768][flwr][INFO] - aggregate_fit: received 5 results and 0 failures
[2024-09-12 11:29:43,213][flwr][INFO] - fit progress: (13, 101.7206594645977, {'accuracy': 0.6591639871382636}, 132.61428866907954)
[2024-09-12 11:29:43,213][flwr][INFO] - configure_evaluate: strategy sampled 2 clients (out of 50)
[2024-09-12 11:29:43,669][flwr][INFO] - aggregate_evaluate: received 2 results and 0 failures
[2024-09-12 11:29:43,669][flwr][INFO] - 
[2024-09-12 11:29:43,670][flwr][INFO] - [ROUND 14]
[2024-09-12 11:29:43,670][flwr][INFO] - configure_fit: strategy sampled 5 clients (out of 50)
[2024-09-12 11:29:47,353][flwr][INFO] - aggregate_fit: received 5 results and 0 failures
[2024-09-12 11:29:52,298][flwr][INFO] - fit progress: (14, 101.1659289598465, {'accuracy': 0.6971645717626425}, 141.69984423788264)
[2024-09-12 11:29:52,299][flwr][INFO] - configure_evaluate: strategy sampled 2 clients (out of 50)
[2024-09-12 11:29:52,925][flwr][INFO] - aggregate_evaluate: received 2 results and 0 failures
[2024-09-12 11:29:52,925][flwr][INFO] - 
[2024-09-12 11:29:52,926][flwr][INFO] - [ROUND 15]
[2024-09-12 11:29:52,926][flwr][INFO] - configure_fit: strategy sampled 5 clients (out of 50)
[2024-09-12 11:29:56,718][flwr][INFO] - aggregate_fit: received 5 results and 0 failures
[2024-09-12 11:30:01,914][flwr][INFO] - fit progress: (15, 116.75297397375107, {'accuracy': 0.6591639871382636}, 151.31579998182133)
[2024-09-12 11:30:01,915][flwr][INFO] - configure_evaluate: strategy sampled 2 clients (out of 50)
[2024-09-12 11:30:02,496][flwr][INFO] - aggregate_evaluate: received 2 results and 0 failures
[2024-09-12 11:30:02,496][flwr][INFO] - 
[2024-09-12 11:30:02,496][flwr][INFO] - [ROUND 16]
[2024-09-12 11:30:02,496][flwr][INFO] - configure_fit: strategy sampled 5 clients (out of 50)
[2024-09-12 11:30:06,402][flwr][INFO] - aggregate_fit: received 5 results and 0 failures
[2024-09-12 11:30:11,192][flwr][INFO] - fit progress: (16, 87.44666129350662, {'accuracy': 0.7217187956737796}, 160.59368789708242)
[2024-09-12 11:30:11,193][flwr][INFO] - configure_evaluate: strategy sampled 2 clients (out of 50)
[2024-09-12 11:30:11,773][flwr][INFO] - aggregate_evaluate: received 2 results and 0 failures
[2024-09-12 11:30:11,773][flwr][INFO] - 
[2024-09-12 11:30:11,773][flwr][INFO] - [ROUND 17]
[2024-09-12 11:30:11,773][flwr][INFO] - configure_fit: strategy sampled 5 clients (out of 50)
[2024-09-12 11:30:15,566][flwr][INFO] - aggregate_fit: received 5 results and 0 failures
[2024-09-12 11:30:21,146][flwr][INFO] - fit progress: (17, 128.5248042345047, {'accuracy': 0.6696872259573224}, 170.54771396890283)
[2024-09-12 11:30:21,147][flwr][INFO] - configure_evaluate: strategy sampled 2 clients (out of 50)
[2024-09-12 11:30:21,618][flwr][INFO] - aggregate_evaluate: received 2 results and 0 failures
[2024-09-12 11:30:21,619][flwr][INFO] - 
[2024-09-12 11:30:21,620][flwr][INFO] - [ROUND 18]
[2024-09-12 11:30:21,620][flwr][INFO] - configure_fit: strategy sampled 5 clients (out of 50)
[2024-09-12 11:30:25,283][flwr][INFO] - aggregate_fit: received 5 results and 0 failures
[2024-09-12 11:30:30,888][flwr][INFO] - fit progress: (18, 110.64326918125153, {'accuracy': 0.749488453668518}, 180.28894969495013)
[2024-09-12 11:30:30,888][flwr][INFO] - configure_evaluate: strategy sampled 2 clients (out of 50)
[2024-09-12 11:30:31,229][flwr][INFO] - aggregate_evaluate: received 2 results and 0 failures
[2024-09-12 11:30:31,229][flwr][INFO] - 
[2024-09-12 11:30:31,229][flwr][INFO] - [ROUND 19]
[2024-09-12 11:30:31,229][flwr][INFO] - configure_fit: strategy sampled 5 clients (out of 50)
[2024-09-12 11:30:34,879][flwr][INFO] - aggregate_fit: received 5 results and 0 failures
[2024-09-12 11:30:39,643][flwr][INFO] - fit progress: (19, 106.46092754602432, {'accuracy': 0.6629640456007015}, 189.0439546490088)
[2024-09-12 11:30:39,643][flwr][INFO] - configure_evaluate: strategy sampled 2 clients (out of 50)
[2024-09-12 11:30:40,119][flwr][INFO] - aggregate_evaluate: received 2 results and 0 failures
[2024-09-12 11:30:40,119][flwr][INFO] - 
[2024-09-12 11:30:40,119][flwr][INFO] - [ROUND 20]
[2024-09-12 11:30:40,120][flwr][INFO] - configure_fit: strategy sampled 5 clients (out of 50)
[2024-09-12 11:30:43,838][flwr][INFO] - aggregate_fit: received 5 results and 0 failures
[2024-09-12 11:30:48,660][flwr][INFO] - fit progress: (20, 134.10380560159683, {'accuracy': 0.5591932183572055}, 198.06126906583086)
[2024-09-12 11:30:48,660][flwr][INFO] - configure_evaluate: strategy sampled 2 clients (out of 50)
[2024-09-12 11:30:49,213][flwr][INFO] - aggregate_evaluate: received 2 results and 0 failures
[2024-09-12 11:30:49,213][flwr][INFO] - 
[2024-09-12 11:30:49,213][flwr][INFO] - [ROUND 21]
[2024-09-12 11:30:49,213][flwr][INFO] - configure_fit: strategy sampled 5 clients (out of 50)
[2024-09-12 11:30:52,953][flwr][INFO] - aggregate_fit: received 5 results and 0 failures
[2024-09-12 11:30:57,660][flwr][INFO] - fit progress: (21, 103.83351445198059, {'accuracy': 0.77491961414791}, 207.06114572379738)
[2024-09-12 11:30:57,660][flwr][INFO] - configure_evaluate: strategy sampled 2 clients (out of 50)
[2024-09-12 11:30:58,108][flwr][INFO] - aggregate_evaluate: received 2 results and 0 failures
[2024-09-12 11:30:58,109][flwr][INFO] - 
[2024-09-12 11:30:58,109][flwr][INFO] - [ROUND 22]
[2024-09-12 11:30:58,109][flwr][INFO] - configure_fit: strategy sampled 5 clients (out of 50)
[2024-09-12 11:31:02,082][flwr][INFO] - aggregate_fit: received 5 results and 0 failures
[2024-09-12 11:31:06,935][flwr][INFO] - fit progress: (22, 99.62859779596329, {'accuracy': 0.692779888921368}, 216.3360294806771)
[2024-09-12 11:31:06,935][flwr][INFO] - configure_evaluate: strategy sampled 2 clients (out of 50)
[2024-09-12 11:31:07,374][flwr][INFO] - aggregate_evaluate: received 2 results and 0 failures
[2024-09-12 11:31:07,375][flwr][INFO] - 
[2024-09-12 11:31:07,375][flwr][INFO] - [ROUND 23]
[2024-09-12 11:31:07,375][flwr][INFO] - configure_fit: strategy sampled 5 clients (out of 50)
[2024-09-12 11:31:10,776][flwr][INFO] - aggregate_fit: received 5 results and 0 failures
[2024-09-12 11:31:15,579][flwr][INFO] - fit progress: (23, 74.30914169549942, {'accuracy': 0.7877813504823151}, 224.98089301073924)
[2024-09-12 11:31:15,580][flwr][INFO] - configure_evaluate: strategy sampled 2 clients (out of 50)
[2024-09-12 11:31:15,954][flwr][INFO] - aggregate_evaluate: received 2 results and 0 failures
[2024-09-12 11:31:15,954][flwr][INFO] - 
[2024-09-12 11:31:15,954][flwr][INFO] - [ROUND 24]
[2024-09-12 11:31:15,954][flwr][INFO] - configure_fit: strategy sampled 5 clients (out of 50)
[2024-09-12 11:31:19,742][flwr][INFO] - aggregate_fit: received 5 results and 0 failures
[2024-09-12 11:31:24,725][flwr][INFO] - fit progress: (24, 93.5963733792305, {'accuracy': 0.7462730195849167}, 234.12645760877058)
[2024-09-12 11:31:24,725][flwr][INFO] - configure_evaluate: strategy sampled 2 clients (out of 50)
[2024-09-12 11:31:25,131][flwr][INFO] - aggregate_evaluate: received 2 results and 0 failures
[2024-09-12 11:31:25,131][flwr][INFO] - 
[2024-09-12 11:31:25,131][flwr][INFO] - [ROUND 25]
[2024-09-12 11:31:25,131][flwr][INFO] - configure_fit: strategy sampled 5 clients (out of 50)
[2024-09-12 11:31:28,817][flwr][INFO] - aggregate_fit: received 5 results and 0 failures
[2024-09-12 11:31:33,500][flwr][INFO] - fit progress: (25, 107.72931665182114, {'accuracy': 0.830751242326805}, 242.90190830174834)
[2024-09-12 11:31:33,501][flwr][INFO] - configure_evaluate: strategy sampled 2 clients (out of 50)
[2024-09-12 11:31:33,874][flwr][INFO] - aggregate_evaluate: received 2 results and 0 failures
[2024-09-12 11:31:33,875][flwr][INFO] - 
[2024-09-12 11:31:33,875][flwr][INFO] - [ROUND 26]
[2024-09-12 11:31:33,875][flwr][INFO] - configure_fit: strategy sampled 5 clients (out of 50)
[2024-09-12 11:31:37,419][flwr][INFO] - aggregate_fit: received 5 results and 0 failures
[2024-09-12 11:31:42,119][flwr][INFO] - fit progress: (26, 85.1994771361351, {'accuracy': 0.7676118094124526}, 251.52059949282557)
[2024-09-12 11:31:42,120][flwr][INFO] - configure_evaluate: strategy sampled 2 clients (out of 50)
[2024-09-12 11:31:42,496][flwr][INFO] - aggregate_evaluate: received 2 results and 0 failures
[2024-09-12 11:31:42,496][flwr][INFO] - 
[2024-09-12 11:31:42,497][flwr][INFO] - [ROUND 27]
[2024-09-12 11:31:42,497][flwr][INFO] - configure_fit: strategy sampled 5 clients (out of 50)
[2024-09-12 11:31:46,078][flwr][INFO] - aggregate_fit: received 5 results and 0 failures
[2024-09-12 11:31:50,960][flwr][INFO] - fit progress: (27, 106.55907535552979, {'accuracy': 0.6404560070154925}, 260.36149811791256)
[2024-09-12 11:31:50,960][flwr][INFO] - configure_evaluate: strategy sampled 2 clients (out of 50)
[2024-09-12 11:31:51,319][flwr][INFO] - aggregate_evaluate: received 2 results and 0 failures
[2024-09-12 11:31:51,319][flwr][INFO] - 
[2024-09-12 11:31:51,319][flwr][INFO] - [ROUND 28]
[2024-09-12 11:31:51,319][flwr][INFO] - configure_fit: strategy sampled 5 clients (out of 50)
[2024-09-12 11:31:55,122][flwr][INFO] - aggregate_fit: received 5 results and 0 failures
[2024-09-12 11:31:59,882][flwr][INFO] - fit progress: (28, 80.77124816179276, {'accuracy': 0.8021046477638117}, 269.28348021768034)
[2024-09-12 11:31:59,882][flwr][INFO] - configure_evaluate: strategy sampled 2 clients (out of 50)
[2024-09-12 11:32:00,428][flwr][INFO] - aggregate_evaluate: received 2 results and 0 failures
[2024-09-12 11:32:00,429][flwr][INFO] - 
[2024-09-12 11:32:00,429][flwr][INFO] - [ROUND 29]
[2024-09-12 11:32:00,429][flwr][INFO] - configure_fit: strategy sampled 5 clients (out of 50)
[2024-09-12 11:32:04,154][flwr][INFO] - aggregate_fit: received 5 results and 0 failures
[2024-09-12 11:32:09,180][flwr][INFO] - fit progress: (29, 98.70970171689987, {'accuracy': 0.7354574685764397}, 278.5814227340743)
[2024-09-12 11:32:09,180][flwr][INFO] - configure_evaluate: strategy sampled 2 clients (out of 50)
[2024-09-12 11:32:09,543][flwr][INFO] - aggregate_evaluate: received 2 results and 0 failures
[2024-09-12 11:32:09,543][flwr][INFO] - 
[2024-09-12 11:32:09,544][flwr][INFO] - [ROUND 30]
[2024-09-12 11:32:09,544][flwr][INFO] - configure_fit: strategy sampled 5 clients (out of 50)
[2024-09-12 11:32:13,456][flwr][INFO] - aggregate_fit: received 5 results and 0 failures
[2024-09-12 11:32:18,131][flwr][INFO] - fit progress: (30, 94.48149394989014, {'accuracy': 0.7018415667933353}, 287.5325776627287)
[2024-09-12 11:32:18,132][flwr][INFO] - configure_evaluate: strategy sampled 2 clients (out of 50)
[2024-09-12 11:32:18,476][flwr][INFO] - aggregate_evaluate: received 2 results and 0 failures
[2024-09-12 11:32:18,476][flwr][INFO] - 
[2024-09-12 11:32:18,477][flwr][INFO] - [ROUND 31]
[2024-09-12 11:32:18,477][flwr][INFO] - configure_fit: strategy sampled 5 clients (out of 50)
[2024-09-12 11:32:22,057][flwr][INFO] - aggregate_fit: received 5 results and 0 failures
[2024-09-12 11:32:26,967][flwr][INFO] - fit progress: (31, 174.03962403535843, {'accuracy': 0.49459222449576146}, 296.3680370557122)
[2024-09-12 11:32:26,967][flwr][INFO] - configure_evaluate: strategy sampled 2 clients (out of 50)
[2024-09-12 11:32:27,448][flwr][INFO] - aggregate_evaluate: received 2 results and 0 failures
[2024-09-12 11:32:27,449][flwr][INFO] - 
[2024-09-12 11:32:27,449][flwr][INFO] - [ROUND 32]
[2024-09-12 11:32:27,449][flwr][INFO] - configure_fit: strategy sampled 5 clients (out of 50)
[2024-09-12 11:32:31,123][flwr][INFO] - aggregate_fit: received 5 results and 0 failures
[2024-09-12 11:32:36,002][flwr][INFO] - fit progress: (32, 90.6662489771843, {'accuracy': 0.7515346389944461}, 305.4037071489729)
[2024-09-12 11:32:36,003][flwr][INFO] - configure_evaluate: strategy sampled 2 clients (out of 50)
[2024-09-12 11:32:36,365][flwr][INFO] - aggregate_evaluate: received 2 results and 0 failures
[2024-09-12 11:32:36,365][flwr][INFO] - 
[2024-09-12 11:32:36,365][flwr][INFO] - [ROUND 33]
[2024-09-12 11:32:36,365][flwr][INFO] - configure_fit: strategy sampled 5 clients (out of 50)
[2024-09-12 11:32:40,343][flwr][INFO] - aggregate_fit: received 5 results and 0 failures
[2024-09-12 11:32:45,222][flwr][INFO] - fit progress: (33, 102.5316127538681, {'accuracy': 0.715287927506577}, 314.6232437589206)
[2024-09-12 11:32:45,222][flwr][INFO] - configure_evaluate: strategy sampled 2 clients (out of 50)
[2024-09-12 11:32:45,603][flwr][INFO] - aggregate_evaluate: received 2 results and 0 failures
[2024-09-12 11:32:45,604][flwr][INFO] - 
[2024-09-12 11:32:45,604][flwr][INFO] - [ROUND 34]
[2024-09-12 11:32:45,604][flwr][INFO] - configure_fit: strategy sampled 5 clients (out of 50)
[2024-09-12 11:32:49,298][flwr][INFO] - aggregate_fit: received 5 results and 0 failures
[2024-09-12 11:32:54,301][flwr][INFO] - fit progress: (34, 73.35143822431564, {'accuracy': 0.7684887459807074}, 323.70247242972255)
[2024-09-12 11:32:54,301][flwr][INFO] - configure_evaluate: strategy sampled 2 clients (out of 50)
[2024-09-12 11:32:54,680][flwr][INFO] - aggregate_evaluate: received 2 results and 0 failures
[2024-09-12 11:32:54,680][flwr][INFO] - 
[2024-09-12 11:32:54,680][flwr][INFO] - [ROUND 35]
[2024-09-12 11:32:54,681][flwr][INFO] - configure_fit: strategy sampled 5 clients (out of 50)
[2024-09-12 11:32:58,665][flwr][INFO] - aggregate_fit: received 5 results and 0 failures
[2024-09-12 11:33:03,876][flwr][INFO] - fit progress: (35, 88.1704980134964, {'accuracy': 0.7839812920198772}, 333.27772799599916)
[2024-09-12 11:33:03,877][flwr][INFO] - configure_evaluate: strategy sampled 2 clients (out of 50)
[2024-09-12 11:33:04,259][flwr][INFO] - aggregate_evaluate: received 2 results and 0 failures
[2024-09-12 11:33:04,260][flwr][INFO] - 
[2024-09-12 11:33:04,260][flwr][INFO] - [ROUND 36]
[2024-09-12 11:33:04,260][flwr][INFO] - configure_fit: strategy sampled 5 clients (out of 50)
[2024-09-12 11:33:07,931][flwr][INFO] - aggregate_fit: received 5 results and 0 failures
[2024-09-12 11:33:14,696][flwr][INFO] - fit progress: (36, 102.52731209993362, {'accuracy': 0.6530254311604794}, 344.0975321200676)
[2024-09-12 11:33:14,697][flwr][INFO] - configure_evaluate: strategy sampled 2 clients (out of 50)
[2024-09-12 11:33:15,256][flwr][INFO] - aggregate_evaluate: received 2 results and 0 failures
[2024-09-12 11:33:15,257][flwr][INFO] - 
[2024-09-12 11:33:15,257][flwr][INFO] - [ROUND 37]
[2024-09-12 11:33:15,257][flwr][INFO] - configure_fit: strategy sampled 5 clients (out of 50)
[2024-09-12 11:33:19,245][flwr][INFO] - aggregate_fit: received 5 results and 0 failures
[2024-09-12 11:33:24,202][flwr][INFO] - fit progress: (37, 122.61507588624954, {'accuracy': 0.5989476761180941}, 353.60339144896716)
[2024-09-12 11:33:24,203][flwr][INFO] - configure_evaluate: strategy sampled 2 clients (out of 50)
[2024-09-12 11:33:24,688][flwr][INFO] - aggregate_evaluate: received 2 results and 0 failures
[2024-09-12 11:33:24,688][flwr][INFO] - 
[2024-09-12 11:33:24,688][flwr][INFO] - [ROUND 38]
[2024-09-12 11:33:24,688][flwr][INFO] - configure_fit: strategy sampled 5 clients (out of 50)
[2024-09-12 11:33:27,914][flwr][INFO] - aggregate_fit: received 5 results and 0 failures
[2024-09-12 11:33:32,946][flwr][INFO] - fit progress: (38, 73.1007866859436, {'accuracy': 0.7968430283542823}, 362.3472890020348)
[2024-09-12 11:33:32,946][flwr][INFO] - configure_evaluate: strategy sampled 2 clients (out of 50)
[2024-09-12 11:33:33,489][flwr][INFO] - aggregate_evaluate: received 2 results and 0 failures
[2024-09-12 11:33:33,489][flwr][INFO] - 
[2024-09-12 11:33:33,489][flwr][INFO] - [ROUND 39]
[2024-09-12 11:33:33,489][flwr][INFO] - configure_fit: strategy sampled 5 clients (out of 50)
[2024-09-12 11:33:37,214][flwr][INFO] - aggregate_fit: received 5 results and 0 failures
[2024-09-12 11:33:42,265][flwr][INFO] - fit progress: (39, 65.24115800857544, {'accuracy': 0.8114586378251973}, 371.6664030640386)
[2024-09-12 11:33:42,266][flwr][INFO] - configure_evaluate: strategy sampled 2 clients (out of 50)
[2024-09-12 11:33:42,750][flwr][INFO] - aggregate_evaluate: received 2 results and 0 failures
[2024-09-12 11:33:42,751][flwr][INFO] - 
[2024-09-12 11:33:42,751][flwr][INFO] - [ROUND 40]
[2024-09-12 11:33:42,751][flwr][INFO] - configure_fit: strategy sampled 5 clients (out of 50)
[2024-09-12 11:33:46,354][flwr][INFO] - aggregate_fit: received 5 results and 0 failures
[2024-09-12 11:33:51,478][flwr][INFO] - fit progress: (40, 101.75798976421356, {'accuracy': 0.7158725518854137}, 380.87932164687663)
[2024-09-12 11:33:51,478][flwr][INFO] - configure_evaluate: strategy sampled 2 clients (out of 50)
[2024-09-12 11:33:51,866][flwr][INFO] - aggregate_evaluate: received 2 results and 0 failures
[2024-09-12 11:33:51,866][flwr][INFO] - 
[2024-09-12 11:33:51,866][flwr][INFO] - [ROUND 41]
[2024-09-12 11:33:51,866][flwr][INFO] - configure_fit: strategy sampled 5 clients (out of 50)
[2024-09-12 11:33:56,127][flwr][INFO] - aggregate_fit: received 5 results and 0 failures
[2024-09-12 11:34:01,146][flwr][INFO] - fit progress: (41, 123.26631200313568, {'accuracy': 0.622332651271558}, 390.547424338758)
[2024-09-12 11:34:01,146][flwr][INFO] - configure_evaluate: strategy sampled 2 clients (out of 50)
[2024-09-12 11:34:01,587][flwr][INFO] - aggregate_evaluate: received 2 results and 0 failures
[2024-09-12 11:34:01,588][flwr][INFO] - 
[2024-09-12 11:34:01,588][flwr][INFO] - [ROUND 42]
[2024-09-12 11:34:01,588][flwr][INFO] - configure_fit: strategy sampled 5 clients (out of 50)
[2024-09-12 11:34:05,475][flwr][INFO] - aggregate_fit: received 5 results and 0 failures
[2024-09-12 11:34:10,425][flwr][INFO] - fit progress: (42, 55.78407970070839, {'accuracy': 0.8661210172464192}, 399.82594695175067)
[2024-09-12 11:34:10,425][flwr][INFO] - configure_evaluate: strategy sampled 2 clients (out of 50)
[2024-09-12 11:34:10,831][flwr][INFO] - aggregate_evaluate: received 2 results and 0 failures
[2024-09-12 11:34:10,831][flwr][INFO] - 
[2024-09-12 11:34:10,832][flwr][INFO] - [ROUND 43]
[2024-09-12 11:34:10,832][flwr][INFO] - configure_fit: strategy sampled 5 clients (out of 50)
[2024-09-12 11:34:14,763][flwr][INFO] - aggregate_fit: received 5 results and 0 failures
[2024-09-12 11:34:19,775][flwr][INFO] - fit progress: (43, 50.60482116043568, {'accuracy': 0.8743057585501316}, 409.17597738606855)
[2024-09-12 11:34:19,775][flwr][INFO] - configure_evaluate: strategy sampled 2 clients (out of 50)
[2024-09-12 11:34:20,276][flwr][INFO] - aggregate_evaluate: received 2 results and 0 failures
[2024-09-12 11:34:20,277][flwr][INFO] - 
[2024-09-12 11:34:20,277][flwr][INFO] - [ROUND 44]
[2024-09-12 11:34:20,278][flwr][INFO] - configure_fit: strategy sampled 5 clients (out of 50)
[2024-09-12 11:34:23,772][flwr][INFO] - aggregate_fit: received 5 results and 0 failures
[2024-09-12 11:34:29,485][flwr][INFO] - fit progress: (44, 88.04589861631393, {'accuracy': 0.7605963168664134}, 418.8859427808784)
[2024-09-12 11:34:29,485][flwr][INFO] - configure_evaluate: strategy sampled 2 clients (out of 50)
[2024-09-12 11:34:29,913][flwr][INFO] - aggregate_evaluate: received 2 results and 0 failures
[2024-09-12 11:34:29,914][flwr][INFO] - 
[2024-09-12 11:34:29,914][flwr][INFO] - [ROUND 45]
[2024-09-12 11:34:29,914][flwr][INFO] - configure_fit: strategy sampled 5 clients (out of 50)
[2024-09-12 11:34:33,590][flwr][INFO] - aggregate_fit: received 5 results and 0 failures
[2024-09-12 11:34:39,615][flwr][INFO] - fit progress: (45, 67.70776030421257, {'accuracy': 0.8336743642209881}, 429.0165776750073)
[2024-09-12 11:34:39,616][flwr][INFO] - configure_evaluate: strategy sampled 2 clients (out of 50)
[2024-09-12 11:34:40,013][flwr][INFO] - aggregate_evaluate: received 2 results and 0 failures
[2024-09-12 11:34:40,014][flwr][INFO] - 
[2024-09-12 11:34:40,014][flwr][INFO] - [ROUND 46]
[2024-09-12 11:34:40,014][flwr][INFO] - configure_fit: strategy sampled 5 clients (out of 50)
[2024-09-12 11:34:43,548][flwr][INFO] - aggregate_fit: received 5 results and 0 failures
[2024-09-12 11:34:49,386][flwr][INFO] - fit progress: (46, 88.03518697619438, {'accuracy': 0.7398421514177141}, 438.78727451805025)
[2024-09-12 11:34:49,386][flwr][INFO] - configure_evaluate: strategy sampled 2 clients (out of 50)
[2024-09-12 11:34:49,787][flwr][INFO] - aggregate_evaluate: received 2 results and 0 failures
[2024-09-12 11:34:49,787][flwr][INFO] - 
[2024-09-12 11:34:49,787][flwr][INFO] - [ROUND 47]
[2024-09-12 11:34:49,787][flwr][INFO] - configure_fit: strategy sampled 5 clients (out of 50)
[2024-09-12 11:34:53,600][flwr][INFO] - aggregate_fit: received 5 results and 0 failures
[2024-09-12 11:34:58,911][flwr][INFO] - fit progress: (47, 133.40268921852112, {'accuracy': 0.6483484361297867}, 448.31233908003196)
[2024-09-12 11:34:58,911][flwr][INFO] - configure_evaluate: strategy sampled 2 clients (out of 50)
[2024-09-12 11:34:59,462][flwr][INFO] - aggregate_evaluate: received 2 results and 0 failures
[2024-09-12 11:34:59,462][flwr][INFO] - 
[2024-09-12 11:34:59,462][flwr][INFO] - [ROUND 48]
[2024-09-12 11:34:59,462][flwr][INFO] - configure_fit: strategy sampled 5 clients (out of 50)
[2024-09-12 11:35:03,172][flwr][INFO] - aggregate_fit: received 5 results and 0 failures
[2024-09-12 11:35:08,707][flwr][INFO] - fit progress: (48, 57.27662692964077, {'accuracy': 0.8427360420929553}, 458.1081816437654)
[2024-09-12 11:35:08,707][flwr][INFO] - configure_evaluate: strategy sampled 2 clients (out of 50)
[2024-09-12 11:35:09,119][flwr][INFO] - aggregate_evaluate: received 2 results and 0 failures
[2024-09-12 11:35:09,119][flwr][INFO] - 
[2024-09-12 11:35:09,119][flwr][INFO] - [ROUND 49]
[2024-09-12 11:35:09,120][flwr][INFO] - configure_fit: strategy sampled 5 clients (out of 50)
[2024-09-12 11:35:13,108][flwr][INFO] - aggregate_fit: received 5 results and 0 failures
[2024-09-12 11:35:18,348][flwr][INFO] - fit progress: (49, 82.53496453166008, {'accuracy': 0.7398421514177141}, 467.7488950206898)
[2024-09-12 11:35:18,349][flwr][INFO] - configure_evaluate: strategy sampled 2 clients (out of 50)
[2024-09-12 11:35:18,770][flwr][INFO] - aggregate_evaluate: received 2 results and 0 failures
[2024-09-12 11:35:18,770][flwr][INFO] - 
[2024-09-12 11:35:18,771][flwr][INFO] - [ROUND 50]
[2024-09-12 11:35:18,771][flwr][INFO] - configure_fit: strategy sampled 5 clients (out of 50)
[2024-09-12 11:35:22,829][flwr][INFO] - aggregate_fit: received 5 results and 0 failures
[2024-09-12 11:35:28,222][flwr][INFO] - fit progress: (50, 67.61776357889175, {'accuracy': 0.8406898567670272}, 477.6234026607126)
[2024-09-12 11:35:28,223][flwr][INFO] - configure_evaluate: strategy sampled 2 clients (out of 50)
[2024-09-12 11:35:28,704][flwr][INFO] - aggregate_evaluate: received 2 results and 0 failures
[2024-09-12 11:35:28,704][flwr][INFO] - 
[2024-09-12 11:35:28,704][flwr][INFO] - [ROUND 51]
[2024-09-12 11:35:28,704][flwr][INFO] - configure_fit: strategy sampled 5 clients (out of 50)
[2024-09-12 11:35:32,338][flwr][INFO] - aggregate_fit: received 5 results and 0 failures
[2024-09-12 11:35:37,264][flwr][INFO] - fit progress: (51, 68.81911247968674, {'accuracy': 0.8164279450453084}, 486.6658657398075)
[2024-09-12 11:35:37,265][flwr][INFO] - configure_evaluate: strategy sampled 2 clients (out of 50)
[2024-09-12 11:35:37,912][flwr][INFO] - aggregate_evaluate: received 2 results and 0 failures
[2024-09-12 11:35:37,913][flwr][INFO] - 
[2024-09-12 11:35:37,913][flwr][INFO] - [ROUND 52]
[2024-09-12 11:35:37,913][flwr][INFO] - configure_fit: strategy sampled 5 clients (out of 50)
[2024-09-12 11:35:41,519][flwr][INFO] - aggregate_fit: received 5 results and 0 failures
[2024-09-12 11:35:46,281][flwr][INFO] - fit progress: (52, 91.18650388717651, {'accuracy': 0.7363344051446945}, 495.6822613007389)
[2024-09-12 11:35:46,281][flwr][INFO] - configure_evaluate: strategy sampled 2 clients (out of 50)
[2024-09-12 11:35:46,683][flwr][INFO] - aggregate_evaluate: received 2 results and 0 failures
[2024-09-12 11:35:46,683][flwr][INFO] - 
[2024-09-12 11:35:46,684][flwr][INFO] - [ROUND 53]
[2024-09-12 11:35:46,684][flwr][INFO] - configure_fit: strategy sampled 5 clients (out of 50)
[2024-09-12 11:35:50,359][flwr][INFO] - aggregate_fit: received 5 results and 0 failures
[2024-09-12 11:35:55,290][flwr][INFO] - fit progress: (53, 104.63786393404007, {'accuracy': 0.7085647471499561}, 504.6910966280848)
[2024-09-12 11:35:55,290][flwr][INFO] - configure_evaluate: strategy sampled 2 clients (out of 50)
[2024-09-12 11:35:55,657][flwr][INFO] - aggregate_evaluate: received 2 results and 0 failures
[2024-09-12 11:35:55,658][flwr][INFO] - 
[2024-09-12 11:35:55,658][flwr][INFO] - [ROUND 54]
[2024-09-12 11:35:55,658][flwr][INFO] - configure_fit: strategy sampled 5 clients (out of 50)
[2024-09-12 11:35:59,594][flwr][INFO] - aggregate_fit: received 5 results and 0 failures
[2024-09-12 11:36:05,329][flwr][INFO] - fit progress: (54, 98.21155142784119, {'accuracy': 0.7959660917860275}, 514.7304176609032)
[2024-09-12 11:36:05,330][flwr][INFO] - configure_evaluate: strategy sampled 2 clients (out of 50)
[2024-09-12 11:36:05,735][flwr][INFO] - aggregate_evaluate: received 2 results and 0 failures
[2024-09-12 11:36:05,735][flwr][INFO] - 
[2024-09-12 11:36:05,735][flwr][INFO] - [ROUND 55]
[2024-09-12 11:36:05,736][flwr][INFO] - configure_fit: strategy sampled 5 clients (out of 50)
[2024-09-12 11:36:09,401][flwr][INFO] - aggregate_fit: received 5 results and 0 failures
[2024-09-12 11:36:14,401][flwr][INFO] - fit progress: (55, 97.88891187310219, {'accuracy': 0.6781642794504531}, 523.8024803767912)
[2024-09-12 11:36:14,402][flwr][INFO] - configure_evaluate: strategy sampled 2 clients (out of 50)
[2024-09-12 11:36:14,780][flwr][INFO] - aggregate_evaluate: received 2 results and 0 failures
[2024-09-12 11:36:14,781][flwr][INFO] - 
[2024-09-12 11:36:14,781][flwr][INFO] - [ROUND 56]
[2024-09-12 11:36:14,781][flwr][INFO] - configure_fit: strategy sampled 5 clients (out of 50)
[2024-09-12 11:36:18,782][flwr][INFO] - aggregate_fit: received 5 results and 0 failures
[2024-09-12 11:36:24,138][flwr][INFO] - fit progress: (56, 123.38618743419647, {'accuracy': 0.6635486699795381}, 533.5393388676457)
[2024-09-12 11:36:24,138][flwr][INFO] - configure_evaluate: strategy sampled 2 clients (out of 50)
[2024-09-12 11:36:24,534][flwr][INFO] - aggregate_evaluate: received 2 results and 0 failures
[2024-09-12 11:36:24,535][flwr][INFO] - 
[2024-09-12 11:36:24,535][flwr][INFO] - [ROUND 57]
[2024-09-12 11:36:24,535][flwr][INFO] - configure_fit: strategy sampled 5 clients (out of 50)
[2024-09-12 11:36:28,710][flwr][INFO] - aggregate_fit: received 5 results and 0 failures
[2024-09-12 11:36:33,472][flwr][INFO] - fit progress: (57, 77.10221084952354, {'accuracy': 0.8038585209003215}, 542.8737425557338)
[2024-09-12 11:36:33,473][flwr][INFO] - configure_evaluate: strategy sampled 2 clients (out of 50)
[2024-09-12 11:36:33,821][flwr][INFO] - aggregate_evaluate: received 2 results and 0 failures
[2024-09-12 11:36:33,821][flwr][INFO] - 
[2024-09-12 11:36:33,821][flwr][INFO] - [ROUND 58]
[2024-09-12 11:36:33,821][flwr][INFO] - configure_fit: strategy sampled 5 clients (out of 50)
[2024-09-12 11:36:37,791][flwr][INFO] - aggregate_fit: received 5 results and 0 failures
[2024-09-12 11:36:42,991][flwr][INFO] - fit progress: (58, 65.22566258907318, {'accuracy': 0.8292896813797135}, 552.392244590912)
[2024-09-12 11:36:42,991][flwr][INFO] - configure_evaluate: strategy sampled 2 clients (out of 50)
[2024-09-12 11:36:43,359][flwr][INFO] - aggregate_evaluate: received 2 results and 0 failures
[2024-09-12 11:36:43,359][flwr][INFO] - 
[2024-09-12 11:36:43,359][flwr][INFO] - [ROUND 59]
[2024-09-12 11:36:43,359][flwr][INFO] - configure_fit: strategy sampled 5 clients (out of 50)
[2024-09-12 11:36:47,146][flwr][INFO] - aggregate_fit: received 5 results and 0 failures
[2024-09-12 11:36:51,919][flwr][INFO] - fit progress: (59, 64.22910974919796, {'accuracy': 0.7801812335574393}, 561.3204972487874)
[2024-09-12 11:36:51,919][flwr][INFO] - configure_evaluate: strategy sampled 2 clients (out of 50)
[2024-09-12 11:36:52,384][flwr][INFO] - aggregate_evaluate: received 2 results and 0 failures
[2024-09-12 11:36:52,384][flwr][INFO] - 
[2024-09-12 11:36:52,384][flwr][INFO] - [ROUND 60]
[2024-09-12 11:36:52,384][flwr][INFO] - configure_fit: strategy sampled 5 clients (out of 50)
[2024-09-12 11:36:56,080][flwr][INFO] - aggregate_fit: received 5 results and 0 failures
[2024-09-12 11:37:01,419][flwr][INFO] - fit progress: (60, 75.68872505426407, {'accuracy': 0.757380882782812}, 570.8205923587084)
[2024-09-12 11:37:01,420][flwr][INFO] - configure_evaluate: strategy sampled 2 clients (out of 50)
[2024-09-12 11:37:01,905][flwr][INFO] - aggregate_evaluate: received 2 results and 0 failures
[2024-09-12 11:37:01,906][flwr][INFO] - 
[2024-09-12 11:37:01,906][flwr][INFO] - [ROUND 61]
[2024-09-12 11:37:01,906][flwr][INFO] - configure_fit: strategy sampled 5 clients (out of 50)
[2024-09-12 11:37:05,817][flwr][INFO] - aggregate_fit: received 5 results and 0 failures
[2024-09-12 11:37:10,672][flwr][INFO] - fit progress: (61, 80.14784076809883, {'accuracy': 0.7258111663256358}, 580.0733724306338)
[2024-09-12 11:37:10,672][flwr][INFO] - configure_evaluate: strategy sampled 2 clients (out of 50)
[2024-09-12 11:37:11,079][flwr][INFO] - aggregate_evaluate: received 2 results and 0 failures
[2024-09-12 11:37:11,079][flwr][INFO] - 
[2024-09-12 11:37:11,080][flwr][INFO] - [ROUND 62]
[2024-09-12 11:37:11,080][flwr][INFO] - configure_fit: strategy sampled 5 clients (out of 50)
[2024-09-12 11:37:14,543][flwr][INFO] - aggregate_fit: received 5 results and 0 failures
[2024-09-12 11:37:19,807][flwr][INFO] - fit progress: (62, 100.76900824904442, {'accuracy': 0.7059339374451915}, 589.2086654510349)
[2024-09-12 11:37:19,808][flwr][INFO] - configure_evaluate: strategy sampled 2 clients (out of 50)
[2024-09-12 11:37:20,221][flwr][INFO] - aggregate_evaluate: received 2 results and 0 failures
[2024-09-12 11:37:20,221][flwr][INFO] - 
[2024-09-12 11:37:20,221][flwr][INFO] - [ROUND 63]
[2024-09-12 11:37:20,221][flwr][INFO] - configure_fit: strategy sampled 5 clients (out of 50)
[2024-09-12 11:37:24,336][flwr][INFO] - aggregate_fit: received 5 results and 0 failures
[2024-09-12 11:37:29,607][flwr][INFO] - fit progress: (63, 50.763702034950256, {'accuracy': 0.8646594562993277}, 599.0081746168435)
[2024-09-12 11:37:29,607][flwr][INFO] - configure_evaluate: strategy sampled 2 clients (out of 50)
[2024-09-12 11:37:29,998][flwr][INFO] - aggregate_evaluate: received 2 results and 0 failures
[2024-09-12 11:37:29,998][flwr][INFO] - 
[2024-09-12 11:37:29,998][flwr][INFO] - [ROUND 64]
[2024-09-12 11:37:29,998][flwr][INFO] - configure_fit: strategy sampled 5 clients (out of 50)
[2024-09-12 11:37:33,888][flwr][INFO] - aggregate_fit: received 5 results and 0 failures
[2024-09-12 11:37:38,603][flwr][INFO] - fit progress: (64, 92.89376026391983, {'accuracy': 0.6936568254896229}, 608.0047700428404)
[2024-09-12 11:37:38,604][flwr][INFO] - configure_evaluate: strategy sampled 2 clients (out of 50)
[2024-09-12 11:37:39,111][flwr][INFO] - aggregate_evaluate: received 2 results and 0 failures
[2024-09-12 11:37:39,111][flwr][INFO] - 
[2024-09-12 11:37:39,111][flwr][INFO] - [ROUND 65]
[2024-09-12 11:37:39,111][flwr][INFO] - configure_fit: strategy sampled 5 clients (out of 50)
[2024-09-12 11:37:42,781][flwr][INFO] - aggregate_fit: received 5 results and 0 failures
[2024-09-12 11:37:48,387][flwr][INFO] - fit progress: (65, 74.90611979365349, {'accuracy': 0.754457760888629}, 617.7883474770933)
[2024-09-12 11:37:48,387][flwr][INFO] - configure_evaluate: strategy sampled 2 clients (out of 50)
[2024-09-12 11:37:48,817][flwr][INFO] - aggregate_evaluate: received 2 results and 0 failures
[2024-09-12 11:37:48,817][flwr][INFO] - 
[2024-09-12 11:37:48,817][flwr][INFO] - [ROUND 66]
[2024-09-12 11:37:48,818][flwr][INFO] - configure_fit: strategy sampled 5 clients (out of 50)
[2024-09-12 11:37:52,896][flwr][INFO] - aggregate_fit: received 5 results and 0 failures
[2024-09-12 11:37:58,292][flwr][INFO] - fit progress: (66, 53.70521900057793, {'accuracy': 0.8319204910844782}, 627.6931681507267)
[2024-09-12 11:37:58,292][flwr][INFO] - configure_evaluate: strategy sampled 2 clients (out of 50)
[2024-09-12 11:37:58,647][flwr][INFO] - aggregate_evaluate: received 2 results and 0 failures
[2024-09-12 11:37:58,647][flwr][INFO] - 
[2024-09-12 11:37:58,647][flwr][INFO] - [ROUND 67]
[2024-09-12 11:37:58,647][flwr][INFO] - configure_fit: strategy sampled 5 clients (out of 50)
[2024-09-12 11:38:02,431][flwr][INFO] - aggregate_fit: received 5 results and 0 failures
[2024-09-12 11:38:08,166][flwr][INFO] - fit progress: (67, 83.79700922966003, {'accuracy': 0.7263957907044724}, 637.5671599176712)
[2024-09-12 11:38:08,166][flwr][INFO] - configure_evaluate: strategy sampled 2 clients (out of 50)
[2024-09-12 11:38:08,632][flwr][INFO] - aggregate_evaluate: received 2 results and 0 failures
[2024-09-12 11:38:08,632][flwr][INFO] - 
[2024-09-12 11:38:08,633][flwr][INFO] - [ROUND 68]
[2024-09-12 11:38:08,633][flwr][INFO] - configure_fit: strategy sampled 5 clients (out of 50)
[2024-09-12 11:38:12,454][flwr][INFO] - aggregate_fit: received 5 results and 0 failures
[2024-09-12 11:38:17,776][flwr][INFO] - fit progress: (68, 57.55124083161354, {'accuracy': 0.8415667933352821}, 647.1777614927851)
[2024-09-12 11:38:17,777][flwr][INFO] - configure_evaluate: strategy sampled 2 clients (out of 50)
[2024-09-12 11:38:18,350][flwr][INFO] - aggregate_evaluate: received 2 results and 0 failures
[2024-09-12 11:38:18,350][flwr][INFO] - 
[2024-09-12 11:38:18,350][flwr][INFO] - [ROUND 69]
[2024-09-12 11:38:18,350][flwr][INFO] - configure_fit: strategy sampled 5 clients (out of 50)
[2024-09-12 11:38:22,119][flwr][INFO] - aggregate_fit: received 5 results and 0 failures
[2024-09-12 11:38:27,726][flwr][INFO] - fit progress: (69, 90.72015926241875, {'accuracy': 0.7155802396959953}, 657.1278917267919)
[2024-09-12 11:38:27,727][flwr][INFO] - configure_evaluate: strategy sampled 2 clients (out of 50)
[2024-09-12 11:38:28,104][flwr][INFO] - aggregate_evaluate: received 2 results and 0 failures
[2024-09-12 11:38:28,105][flwr][INFO] - 
[2024-09-12 11:38:28,105][flwr][INFO] - [ROUND 70]
[2024-09-12 11:38:28,105][flwr][INFO] - configure_fit: strategy sampled 5 clients (out of 50)
[2024-09-12 11:38:31,787][flwr][INFO] - aggregate_fit: received 5 results and 0 failures
[2024-09-12 11:38:37,137][flwr][INFO] - fit progress: (70, 121.73825496435165, {'accuracy': 0.623209587839813}, 666.5386895430274)
[2024-09-12 11:38:37,138][flwr][INFO] - configure_evaluate: strategy sampled 2 clients (out of 50)
[2024-09-12 11:38:37,532][flwr][INFO] - aggregate_evaluate: received 2 results and 0 failures
[2024-09-12 11:38:37,533][flwr][INFO] - 
[2024-09-12 11:38:37,533][flwr][INFO] - [ROUND 71]
[2024-09-12 11:38:37,533][flwr][INFO] - configure_fit: strategy sampled 5 clients (out of 50)
[2024-09-12 11:38:41,236][flwr][INFO] - aggregate_fit: received 5 results and 0 failures
[2024-09-12 11:38:46,647][flwr][INFO] - fit progress: (71, 71.80333662033081, {'accuracy': 0.7851505407775504}, 676.0479285987094)
[2024-09-12 11:38:46,647][flwr][INFO] - configure_evaluate: strategy sampled 2 clients (out of 50)
[2024-09-12 11:38:47,042][flwr][INFO] - aggregate_evaluate: received 2 results and 0 failures
[2024-09-12 11:38:47,042][flwr][INFO] - 
[2024-09-12 11:38:47,042][flwr][INFO] - [ROUND 72]
[2024-09-12 11:38:47,043][flwr][INFO] - configure_fit: strategy sampled 5 clients (out of 50)
[2024-09-12 11:38:50,975][flwr][INFO] - aggregate_fit: received 5 results and 0 failures
[2024-09-12 11:38:56,655][flwr][INFO] - fit progress: (72, 72.9764606654644, {'accuracy': 0.7804735457468577}, 686.0566279226914)
[2024-09-12 11:38:56,656][flwr][INFO] - configure_evaluate: strategy sampled 2 clients (out of 50)
[2024-09-12 11:38:57,022][flwr][INFO] - aggregate_evaluate: received 2 results and 0 failures
[2024-09-12 11:38:57,023][flwr][INFO] - 
[2024-09-12 11:38:57,023][flwr][INFO] - [ROUND 73]
[2024-09-12 11:38:57,023][flwr][INFO] - configure_fit: strategy sampled 5 clients (out of 50)
[2024-09-12 11:39:00,408][flwr][INFO] - aggregate_fit: received 5 results and 0 failures
[2024-09-12 11:39:08,308][flwr][INFO] - fit progress: (73, 95.46295362710953, {'accuracy': 0.7337035954399298}, 697.709844910074)
[2024-09-12 11:39:08,309][flwr][INFO] - configure_evaluate: strategy sampled 2 clients (out of 50)
[2024-09-12 11:39:08,792][flwr][INFO] - aggregate_evaluate: received 2 results and 0 failures
[2024-09-12 11:39:08,793][flwr][INFO] - 
[2024-09-12 11:39:08,793][flwr][INFO] - [ROUND 74]
[2024-09-12 11:39:08,794][flwr][INFO] - configure_fit: strategy sampled 5 clients (out of 50)
[2024-09-12 11:39:12,780][flwr][INFO] - aggregate_fit: received 5 results and 0 failures
[2024-09-12 11:39:18,400][flwr][INFO] - fit progress: (74, 71.53102800250053, {'accuracy': 0.8751826951183864}, 707.8018503286876)
[2024-09-12 11:39:18,401][flwr][INFO] - configure_evaluate: strategy sampled 2 clients (out of 50)
[2024-09-12 11:39:18,794][flwr][INFO] - aggregate_evaluate: received 2 results and 0 failures
[2024-09-12 11:39:18,794][flwr][INFO] - 
[2024-09-12 11:39:18,794][flwr][INFO] - [ROUND 75]
[2024-09-12 11:39:18,794][flwr][INFO] - configure_fit: strategy sampled 5 clients (out of 50)
[2024-09-12 11:39:22,487][flwr][INFO] - aggregate_fit: received 5 results and 0 failures
[2024-09-12 11:39:28,640][flwr][INFO] - fit progress: (75, 70.43356949090958, {'accuracy': 0.7860274773458054}, 718.0415855958126)
[2024-09-12 11:39:28,641][flwr][INFO] - configure_evaluate: strategy sampled 2 clients (out of 50)
[2024-09-12 11:39:29,165][flwr][INFO] - aggregate_evaluate: received 2 results and 0 failures
[2024-09-12 11:39:29,165][flwr][INFO] - 
[2024-09-12 11:39:29,165][flwr][INFO] - [ROUND 76]
[2024-09-12 11:39:29,165][flwr][INFO] - configure_fit: strategy sampled 5 clients (out of 50)
[2024-09-12 11:39:32,575][flwr][INFO] - aggregate_fit: received 5 results and 0 failures
[2024-09-12 11:39:37,397][flwr][INFO] - fit progress: (76, 93.82186561822891, {'accuracy': 0.7281496638409821}, 726.7987202359363)
[2024-09-12 11:39:37,398][flwr][INFO] - configure_evaluate: strategy sampled 2 clients (out of 50)
[2024-09-12 11:39:37,931][flwr][INFO] - aggregate_evaluate: received 2 results and 0 failures
[2024-09-12 11:39:37,931][flwr][INFO] - 
[2024-09-12 11:39:37,931][flwr][INFO] - [ROUND 77]
[2024-09-12 11:39:37,931][flwr][INFO] - configure_fit: strategy sampled 5 clients (out of 50)
[2024-09-12 11:39:41,740][flwr][INFO] - aggregate_fit: received 5 results and 0 failures
[2024-09-12 11:39:46,841][flwr][INFO] - fit progress: (77, 103.10231104493141, {'accuracy': 0.6641332943583748}, 736.242020403035)
[2024-09-12 11:39:46,841][flwr][INFO] - configure_evaluate: strategy sampled 2 clients (out of 50)
[2024-09-12 11:39:47,345][flwr][INFO] - aggregate_evaluate: received 2 results and 0 failures
[2024-09-12 11:39:47,345][flwr][INFO] - 
[2024-09-12 11:39:47,345][flwr][INFO] - [ROUND 78]
[2024-09-12 11:39:47,345][flwr][INFO] - configure_fit: strategy sampled 5 clients (out of 50)
[2024-09-12 11:39:50,898][flwr][INFO] - aggregate_fit: received 5 results and 0 failures
[2024-09-12 11:39:56,150][flwr][INFO] - fit progress: (78, 84.00166702270508, {'accuracy': 0.7702426191172171}, 745.5509318117984)
[2024-09-12 11:39:56,150][flwr][INFO] - configure_evaluate: strategy sampled 2 clients (out of 50)
[2024-09-12 11:39:56,590][flwr][INFO] - aggregate_evaluate: received 2 results and 0 failures
[2024-09-12 11:39:56,590][flwr][INFO] - 
[2024-09-12 11:39:56,591][flwr][INFO] - [ROUND 79]
[2024-09-12 11:39:56,591][flwr][INFO] - configure_fit: strategy sampled 5 clients (out of 50)
[2024-09-12 11:40:00,771][flwr][INFO] - aggregate_fit: received 5 results and 0 failures
[2024-09-12 11:40:05,916][flwr][INFO] - fit progress: (79, 128.48046427965164, {'accuracy': 0.6679333528208127}, 755.3172937887721)
[2024-09-12 11:40:05,916][flwr][INFO] - configure_evaluate: strategy sampled 2 clients (out of 50)
[2024-09-12 11:40:06,418][flwr][INFO] - aggregate_evaluate: received 2 results and 0 failures
[2024-09-12 11:40:06,419][flwr][INFO] - 
[2024-09-12 11:40:06,419][flwr][INFO] - [ROUND 80]
[2024-09-12 11:40:06,419][flwr][INFO] - configure_fit: strategy sampled 5 clients (out of 50)
[2024-09-12 11:40:10,297][flwr][INFO] - aggregate_fit: received 5 results and 0 failures
[2024-09-12 11:40:15,127][flwr][INFO] - fit progress: (80, 79.31807872653008, {'accuracy': 0.8044431452791582}, 764.5284892166965)
[2024-09-12 11:40:15,127][flwr][INFO] - configure_evaluate: strategy sampled 2 clients (out of 50)
[2024-09-12 11:40:15,477][flwr][INFO] - aggregate_evaluate: received 2 results and 0 failures
[2024-09-12 11:40:15,477][flwr][INFO] - 
[2024-09-12 11:40:15,477][flwr][INFO] - [ROUND 81]
[2024-09-12 11:40:15,478][flwr][INFO] - configure_fit: strategy sampled 5 clients (out of 50)
[2024-09-12 11:40:19,712][flwr][INFO] - aggregate_fit: received 5 results and 0 failures
[2024-09-12 11:40:24,743][flwr][INFO] - fit progress: (81, 69.54352056980133, {'accuracy': 0.7953814674071908}, 774.1441407757811)
[2024-09-12 11:40:24,743][flwr][INFO] - configure_evaluate: strategy sampled 2 clients (out of 50)
[2024-09-12 11:40:25,233][flwr][INFO] - aggregate_evaluate: received 2 results and 0 failures
[2024-09-12 11:40:25,233][flwr][INFO] - 
[2024-09-12 11:40:25,233][flwr][INFO] - [ROUND 82]
[2024-09-12 11:40:25,234][flwr][INFO] - configure_fit: strategy sampled 5 clients (out of 50)
[2024-09-12 11:40:28,754][flwr][INFO] - aggregate_fit: received 5 results and 0 failures
[2024-09-12 11:40:33,551][flwr][INFO] - fit progress: (82, 53.43202732503414, {'accuracy': 0.8412744811458638}, 782.9528107866645)
[2024-09-12 11:40:33,552][flwr][INFO] - configure_evaluate: strategy sampled 2 clients (out of 50)
[2024-09-12 11:40:33,998][flwr][INFO] - aggregate_evaluate: received 2 results and 0 failures
[2024-09-12 11:40:33,998][flwr][INFO] - 
[2024-09-12 11:40:33,999][flwr][INFO] - [ROUND 83]
[2024-09-12 11:40:33,999][flwr][INFO] - configure_fit: strategy sampled 5 clients (out of 50)
[2024-09-12 11:40:38,156][flwr][INFO] - aggregate_fit: received 5 results and 0 failures
[2024-09-12 11:40:43,335][flwr][INFO] - fit progress: (83, 64.65418907999992, {'accuracy': 0.8471207249342297}, 792.7367439107038)
[2024-09-12 11:40:43,336][flwr][INFO] - configure_evaluate: strategy sampled 2 clients (out of 50)
[2024-09-12 11:40:43,755][flwr][INFO] - aggregate_evaluate: received 2 results and 0 failures
[2024-09-12 11:40:43,755][flwr][INFO] - 
[2024-09-12 11:40:43,755][flwr][INFO] - [ROUND 84]
[2024-09-12 11:40:43,755][flwr][INFO] - configure_fit: strategy sampled 5 clients (out of 50)
[2024-09-12 11:40:47,377][flwr][INFO] - aggregate_fit: received 5 results and 0 failures
[2024-09-12 11:40:52,324][flwr][INFO] - fit progress: (84, 155.49641650915146, {'accuracy': 0.6308097047646887}, 801.7250978620723)
[2024-09-12 11:40:52,324][flwr][INFO] - configure_evaluate: strategy sampled 2 clients (out of 50)
[2024-09-12 11:40:52,745][flwr][INFO] - aggregate_evaluate: received 2 results and 0 failures
[2024-09-12 11:40:52,746][flwr][INFO] - 
[2024-09-12 11:40:52,746][flwr][INFO] - [ROUND 85]
[2024-09-12 11:40:52,747][flwr][INFO] - configure_fit: strategy sampled 5 clients (out of 50)
[2024-09-12 11:40:56,392][flwr][INFO] - aggregate_fit: received 5 results and 0 failures
[2024-09-12 11:41:01,434][flwr][INFO] - fit progress: (85, 159.39888912439346, {'accuracy': 0.6752411575562701}, 810.8351189307868)
[2024-09-12 11:41:01,434][flwr][INFO] - configure_evaluate: strategy sampled 2 clients (out of 50)
[2024-09-12 11:41:01,971][flwr][INFO] - aggregate_evaluate: received 2 results and 0 failures
[2024-09-12 11:41:01,971][flwr][INFO] - 
[2024-09-12 11:41:01,971][flwr][INFO] - [ROUND 86]
[2024-09-12 11:41:01,971][flwr][INFO] - configure_fit: strategy sampled 5 clients (out of 50)
[2024-09-12 11:41:05,617][flwr][INFO] - aggregate_fit: received 5 results and 0 failures
[2024-09-12 11:41:10,371][flwr][INFO] - fit progress: (86, 64.16478699445724, {'accuracy': 0.8149663840982169}, 819.7721543489024)
[2024-09-12 11:41:10,371][flwr][INFO] - configure_evaluate: strategy sampled 2 clients (out of 50)
[2024-09-12 11:41:10,778][flwr][INFO] - aggregate_evaluate: received 2 results and 0 failures
[2024-09-12 11:41:10,778][flwr][INFO] - 
[2024-09-12 11:41:10,779][flwr][INFO] - [ROUND 87]
[2024-09-12 11:41:10,779][flwr][INFO] - configure_fit: strategy sampled 5 clients (out of 50)
[2024-09-12 11:41:14,777][flwr][INFO] - aggregate_fit: received 5 results and 0 failures
[2024-09-12 11:41:19,541][flwr][INFO] - fit progress: (87, 82.84075793623924, {'accuracy': 0.7643963753288512}, 828.9426664207131)
[2024-09-12 11:41:19,542][flwr][INFO] - configure_evaluate: strategy sampled 2 clients (out of 50)
[2024-09-12 11:41:19,936][flwr][INFO] - aggregate_evaluate: received 2 results and 0 failures
[2024-09-12 11:41:19,936][flwr][INFO] - 
[2024-09-12 11:41:19,936][flwr][INFO] - [ROUND 88]
[2024-09-12 11:41:19,937][flwr][INFO] - configure_fit: strategy sampled 5 clients (out of 50)
[2024-09-12 11:41:23,955][flwr][INFO] - aggregate_fit: received 5 results and 0 failures
[2024-09-12 11:41:29,155][flwr][INFO] - fit progress: (88, 60.40362215042114, {'accuracy': 0.8912598655363929}, 838.5560347177088)
[2024-09-12 11:41:29,155][flwr][INFO] - configure_evaluate: strategy sampled 2 clients (out of 50)
[2024-09-12 11:41:29,538][flwr][INFO] - aggregate_evaluate: received 2 results and 0 failures
[2024-09-12 11:41:29,538][flwr][INFO] - 
[2024-09-12 11:41:29,539][flwr][INFO] - [ROUND 89]
[2024-09-12 11:41:29,539][flwr][INFO] - configure_fit: strategy sampled 5 clients (out of 50)
[2024-09-12 11:41:33,259][flwr][INFO] - aggregate_fit: received 5 results and 0 failures
[2024-09-12 11:41:38,047][flwr][INFO] - fit progress: (89, 63.37069368362427, {'accuracy': 0.8401052323881906}, 847.4484711918049)
[2024-09-12 11:41:38,048][flwr][INFO] - configure_evaluate: strategy sampled 2 clients (out of 50)
[2024-09-12 11:41:38,390][flwr][INFO] - aggregate_evaluate: received 2 results and 0 failures
[2024-09-12 11:41:38,390][flwr][INFO] - 
[2024-09-12 11:41:38,390][flwr][INFO] - [ROUND 90]
[2024-09-12 11:41:38,390][flwr][INFO] - configure_fit: strategy sampled 5 clients (out of 50)
[2024-09-12 11:41:42,723][flwr][INFO] - aggregate_fit: received 5 results and 0 failures
[2024-09-12 11:41:47,509][flwr][INFO] - fit progress: (90, 63.805783830583096, {'accuracy': 0.814089447529962}, 856.9103158330545)
[2024-09-12 11:41:47,509][flwr][INFO] - configure_evaluate: strategy sampled 2 clients (out of 50)
[2024-09-12 11:41:47,900][flwr][INFO] - aggregate_evaluate: received 2 results and 0 failures
[2024-09-12 11:41:47,901][flwr][INFO] - 
[2024-09-12 11:41:47,901][flwr][INFO] - [ROUND 91]
[2024-09-12 11:41:47,901][flwr][INFO] - configure_fit: strategy sampled 5 clients (out of 50)
[2024-09-12 11:41:51,712][flwr][INFO] - aggregate_fit: received 5 results and 0 failures
[2024-09-12 11:41:56,920][flwr][INFO] - fit progress: (91, 87.13039129972458, {'accuracy': 0.8029815843320667}, 866.3215107377619)
[2024-09-12 11:41:56,920][flwr][INFO] - configure_evaluate: strategy sampled 2 clients (out of 50)
[2024-09-12 11:41:57,444][flwr][INFO] - aggregate_evaluate: received 2 results and 0 failures
[2024-09-12 11:41:57,444][flwr][INFO] - 
[2024-09-12 11:41:57,444][flwr][INFO] - [ROUND 92]
[2024-09-12 11:41:57,444][flwr][INFO] - configure_fit: strategy sampled 5 clients (out of 50)
[2024-09-12 11:42:01,246][flwr][INFO] - aggregate_fit: received 5 results and 0 failures
[2024-09-12 11:42:06,036][flwr][INFO] - fit progress: (92, 56.69027207791805, {'accuracy': 0.8143817597193803}, 875.4373712278903)
[2024-09-12 11:42:06,036][flwr][INFO] - configure_evaluate: strategy sampled 2 clients (out of 50)
[2024-09-12 11:42:06,434][flwr][INFO] - aggregate_evaluate: received 2 results and 0 failures
[2024-09-12 11:42:06,434][flwr][INFO] - 
[2024-09-12 11:42:06,434][flwr][INFO] - [ROUND 93]
[2024-09-12 11:42:06,434][flwr][INFO] - configure_fit: strategy sampled 5 clients (out of 50)
[2024-09-12 11:42:10,536][flwr][INFO] - aggregate_fit: received 5 results and 0 failures
[2024-09-12 11:42:15,425][flwr][INFO] - fit progress: (93, 45.62586233019829, {'accuracy': 0.8655363928675825}, 884.8265198008157)
[2024-09-12 11:42:15,426][flwr][INFO] - configure_evaluate: strategy sampled 2 clients (out of 50)
[2024-09-12 11:42:15,911][flwr][INFO] - aggregate_evaluate: received 2 results and 0 failures
[2024-09-12 11:42:15,911][flwr][INFO] - 
[2024-09-12 11:42:15,911][flwr][INFO] - [ROUND 94]
[2024-09-12 11:42:15,912][flwr][INFO] - configure_fit: strategy sampled 5 clients (out of 50)
[2024-09-12 11:42:19,744][flwr][INFO] - aggregate_fit: received 5 results and 0 failures
[2024-09-12 11:42:24,525][flwr][INFO] - fit progress: (94, 67.35057917237282, {'accuracy': 0.8360128617363344}, 893.9264561696909)
[2024-09-12 11:42:24,526][flwr][INFO] - configure_evaluate: strategy sampled 2 clients (out of 50)
[2024-09-12 11:42:24,916][flwr][INFO] - aggregate_evaluate: received 2 results and 0 failures
[2024-09-12 11:42:24,916][flwr][INFO] - 
[2024-09-12 11:42:24,916][flwr][INFO] - [ROUND 95]
[2024-09-12 11:42:24,916][flwr][INFO] - configure_fit: strategy sampled 5 clients (out of 50)
[2024-09-12 11:42:28,506][flwr][INFO] - aggregate_fit: received 5 results and 0 failures
[2024-09-12 11:42:34,304][flwr][INFO] - fit progress: (95, 73.18912145495415, {'accuracy': 0.7670271850336159}, 903.7049682918005)
[2024-09-12 11:42:34,304][flwr][INFO] - configure_evaluate: strategy sampled 2 clients (out of 50)
[2024-09-12 11:42:34,687][flwr][INFO] - aggregate_evaluate: received 2 results and 0 failures
[2024-09-12 11:42:34,687][flwr][INFO] - 
[2024-09-12 11:42:34,688][flwr][INFO] - [ROUND 96]
[2024-09-12 11:42:34,688][flwr][INFO] - configure_fit: strategy sampled 5 clients (out of 50)
[2024-09-12 11:42:38,506][flwr][INFO] - aggregate_fit: received 5 results and 0 failures
[2024-09-12 11:42:43,427][flwr][INFO] - fit progress: (96, 56.81124998629093, {'accuracy': 0.8225665010230927}, 912.8285984518006)
[2024-09-12 11:42:43,428][flwr][INFO] - configure_evaluate: strategy sampled 2 clients (out of 50)
[2024-09-12 11:42:43,815][flwr][INFO] - aggregate_evaluate: received 2 results and 0 failures
[2024-09-12 11:42:43,815][flwr][INFO] - 
[2024-09-12 11:42:43,815][flwr][INFO] - [ROUND 97]
[2024-09-12 11:42:43,816][flwr][INFO] - configure_fit: strategy sampled 5 clients (out of 50)
[2024-09-12 11:42:47,520][flwr][INFO] - aggregate_fit: received 5 results and 0 failures
[2024-09-12 11:42:52,779][flwr][INFO] - fit progress: (97, 51.17342375218868, {'accuracy': 0.8667056416252558}, 922.1800187290646)
[2024-09-12 11:42:52,779][flwr][INFO] - configure_evaluate: strategy sampled 2 clients (out of 50)
[2024-09-12 11:42:53,297][flwr][INFO] - aggregate_evaluate: received 2 results and 0 failures
[2024-09-12 11:42:53,298][flwr][INFO] - 
[2024-09-12 11:42:53,298][flwr][INFO] - [ROUND 98]
[2024-09-12 11:42:53,298][flwr][INFO] - configure_fit: strategy sampled 5 clients (out of 50)
[2024-09-12 11:42:57,164][flwr][INFO] - aggregate_fit: received 5 results and 0 failures
[2024-09-12 11:43:01,926][flwr][INFO] - fit progress: (98, 40.257448092103004, {'accuracy': 0.8959368605670857}, 931.3270355928689)
[2024-09-12 11:43:01,926][flwr][INFO] - configure_evaluate: strategy sampled 2 clients (out of 50)
[2024-09-12 11:43:02,306][flwr][INFO] - aggregate_evaluate: received 2 results and 0 failures
[2024-09-12 11:43:02,306][flwr][INFO] - 
[2024-09-12 11:43:02,306][flwr][INFO] - [ROUND 99]
[2024-09-12 11:43:02,307][flwr][INFO] - configure_fit: strategy sampled 5 clients (out of 50)
[2024-09-12 11:43:06,210][flwr][INFO] - aggregate_fit: received 5 results and 0 failures
[2024-09-12 11:43:11,108][flwr][INFO] - fit progress: (99, 47.82496961951256, {'accuracy': 0.8702133878982754}, 940.5090507897548)
[2024-09-12 11:43:11,108][flwr][INFO] - configure_evaluate: strategy sampled 2 clients (out of 50)
[2024-09-12 11:43:11,514][flwr][INFO] - aggregate_evaluate: received 2 results and 0 failures
[2024-09-12 11:43:11,514][flwr][INFO] - 
[2024-09-12 11:43:11,514][flwr][INFO] - [ROUND 100]
[2024-09-12 11:43:11,515][flwr][INFO] - configure_fit: strategy sampled 5 clients (out of 50)
[2024-09-12 11:43:14,953][flwr][INFO] - aggregate_fit: received 5 results and 0 failures
[2024-09-12 11:43:19,894][flwr][INFO] - fit progress: (100, 119.8104100227356, {'accuracy': 0.73194972230342}, 949.2952309479006)
[2024-09-12 11:43:19,894][flwr][INFO] - configure_evaluate: strategy sampled 2 clients (out of 50)
[2024-09-12 11:43:20,314][flwr][INFO] - aggregate_evaluate: received 2 results and 0 failures
[2024-09-12 11:43:20,315][flwr][INFO] - 
[2024-09-12 11:43:20,315][flwr][INFO] - [SUMMARY]
[2024-09-12 11:43:20,315][flwr][INFO] - Run finished 100 round(s) in 949.72s
[2024-09-12 11:43:20,318][flwr][INFO] - 	History (loss, distributed):
[2024-09-12 11:43:20,319][flwr][INFO] - 		round 1: 1.9502882957458496
[2024-09-12 11:43:20,319][flwr][INFO] - 		round 2: 1.3322582244873047
[2024-09-12 11:43:20,319][flwr][INFO] - 		round 3: 2.8123484377591117
[2024-09-12 11:43:20,319][flwr][INFO] - 		round 4: 1.9447089872862164
[2024-09-12 11:43:20,319][flwr][INFO] - 		round 5: 1.2401043287543363
[2024-09-12 11:43:20,319][flwr][INFO] - 		round 6: 0.6825442736347517
[2024-09-12 11:43:20,320][flwr][INFO] - 		round 7: 0.7505836188793182
[2024-09-12 11:43:20,320][flwr][INFO] - 		round 8: 1.2196344807744026
[2024-09-12 11:43:20,320][flwr][INFO] - 		round 9: 0.9336675721056321
[2024-09-12 11:43:20,320][flwr][INFO] - 		round 10: 1.3125402968505333
[2024-09-12 11:43:20,320][flwr][INFO] - 		round 11: 1.3426158900062244
[2024-09-12 11:43:20,320][flwr][INFO] - 		round 12: 2.3575788736343384
[2024-09-12 11:43:20,320][flwr][INFO] - 		round 13: 1.0257367576871599
[2024-09-12 11:43:20,320][flwr][INFO] - 		round 14: 0.18776667355136437
[2024-09-12 11:43:20,320][flwr][INFO] - 		round 15: 0.5940111577510834
[2024-09-12 11:43:20,320][flwr][INFO] - 		round 16: 1.2745339117552106
[2024-09-12 11:43:20,320][flwr][INFO] - 		round 17: 1.0422245458416317
[2024-09-12 11:43:20,320][flwr][INFO] - 		round 18: 2.4127782740091024
[2024-09-12 11:43:20,320][flwr][INFO] - 		round 19: 1.1991229470895262
[2024-09-12 11:43:20,320][flwr][INFO] - 		round 20: 1.6643544184534174
[2024-09-12 11:43:20,320][flwr][INFO] - 		round 21: 1.0792986560375133
[2024-09-12 11:43:20,320][flwr][INFO] - 		round 22: 0.2882028235041577
[2024-09-12 11:43:20,321][flwr][INFO] - 		round 23: 0.7034576340597503
[2024-09-12 11:43:20,321][flwr][INFO] - 		round 24: 1.4219471991062165
[2024-09-12 11:43:20,321][flwr][INFO] - 		round 25: 1.181495380956073
[2024-09-12 11:43:20,321][flwr][INFO] - 		round 26: 0.6118995608115683
[2024-09-12 11:43:20,321][flwr][INFO] - 		round 27: 1.225838583448659
[2024-09-12 11:43:20,321][flwr][INFO] - 		round 28: 0.8299783021211624
[2024-09-12 11:43:20,321][flwr][INFO] - 		round 29: 1.1310521086981131
[2024-09-12 11:43:20,321][flwr][INFO] - 		round 30: 0.4899449617254968
[2024-09-12 11:43:20,322][flwr][INFO] - 		round 31: 1.6715701818466187
[2024-09-12 11:43:20,322][flwr][INFO] - 		round 32: 0.5018372976779938
[2024-09-12 11:43:20,322][flwr][INFO] - 		round 33: 1.0609204769134521
[2024-09-12 11:43:20,322][flwr][INFO] - 		round 34: 0.4453706741333008
[2024-09-12 11:43:20,322][flwr][INFO] - 		round 35: 1.1156603047188292
[2024-09-12 11:43:20,322][flwr][INFO] - 		round 36: 0.780200166006883
[2024-09-12 11:43:20,322][flwr][INFO] - 		round 37: 1.1992742796333469
[2024-09-12 11:43:20,322][flwr][INFO] - 		round 38: 0.4683345471109663
[2024-09-12 11:43:20,322][flwr][INFO] - 		round 39: 0.5855263322591782
[2024-09-12 11:43:20,322][flwr][INFO] - 		round 40: 1.7556923948801482
[2024-09-12 11:43:20,322][flwr][INFO] - 		round 41: 1.1234193279388103
[2024-09-12 11:43:20,322][flwr][INFO] - 		round 42: 0.41143303880324733
[2024-09-12 11:43:20,322][flwr][INFO] - 		round 43: 0.26929110288619995
[2024-09-12 11:43:20,322][flwr][INFO] - 		round 44: 0.7178127007050947
[2024-09-12 11:43:20,322][flwr][INFO] - 		round 45: 0.6488580448286874
[2024-09-12 11:43:20,322][flwr][INFO] - 		round 46: 0.44727869576537144
[2024-09-12 11:43:20,323][flwr][INFO] - 		round 47: 1.435565169976682
[2024-09-12 11:43:20,323][flwr][INFO] - 		round 48: 0.33545073799111624
[2024-09-12 11:43:20,323][flwr][INFO] - 		round 49: 0.7915228977799416
[2024-09-12 11:43:20,323][flwr][INFO] - 		round 50: 0.8417621028423309
[2024-09-12 11:43:20,323][flwr][INFO] - 		round 51: 0.7464949579562171
[2024-09-12 11:43:20,323][flwr][INFO] - 		round 52: 0.4278057922677296
[2024-09-12 11:43:20,323][flwr][INFO] - 		round 53: 0.6013363582583574
[2024-09-12 11:43:20,323][flwr][INFO] - 		round 54: 0.9950080673869063
[2024-09-12 11:43:20,323][flwr][INFO] - 		round 55: 1.2377776819116928
[2024-09-12 11:43:20,323][flwr][INFO] - 		round 56: 0.7351501085320298
[2024-09-12 11:43:20,323][flwr][INFO] - 		round 57: 1.006043504266178
[2024-09-12 11:43:20,323][flwr][INFO] - 		round 58: 0.40887596051801334
[2024-09-12 11:43:20,323][flwr][INFO] - 		round 59: 0.8611982603405797
[2024-09-12 11:43:20,323][flwr][INFO] - 		round 60: 0.44804552623203825
[2024-09-12 11:43:20,323][flwr][INFO] - 		round 61: 0.60582903438601
[2024-09-12 11:43:20,323][flwr][INFO] - 		round 62: 1.1599693665137658
[2024-09-12 11:43:20,324][flwr][INFO] - 		round 63: 0.4683142860348408
[2024-09-12 11:43:20,324][flwr][INFO] - 		round 64: 0.9338360987603664
[2024-09-12 11:43:20,324][flwr][INFO] - 		round 65: 0.9727961330090539
[2024-09-12 11:43:20,324][flwr][INFO] - 		round 66: 1.0249457664606048
[2024-09-12 11:43:20,324][flwr][INFO] - 		round 67: 0.5104768322064326
[2024-09-12 11:43:20,324][flwr][INFO] - 		round 68: 0.42170157920230517
[2024-09-12 11:43:20,324][flwr][INFO] - 		round 69: 0.5683833885192872
[2024-09-12 11:43:20,324][flwr][INFO] - 		round 70: 1.1250641447432497
[2024-09-12 11:43:20,324][flwr][INFO] - 		round 71: 1.0214756409327188
[2024-09-12 11:43:20,324][flwr][INFO] - 		round 72: 0.6576008888391348
[2024-09-12 11:43:20,324][flwr][INFO] - 		round 73: 1.1888821060007269
[2024-09-12 11:43:20,324][flwr][INFO] - 		round 74: 0.7495622746646404
[2024-09-12 11:43:20,324][flwr][INFO] - 		round 75: 0.5595680129528046
[2024-09-12 11:43:20,324][flwr][INFO] - 		round 76: 0.908411307976796
[2024-09-12 11:43:20,324][flwr][INFO] - 		round 77: 1.2097369356358305
[2024-09-12 11:43:20,324][flwr][INFO] - 		round 78: 0.8831660747528076
[2024-09-12 11:43:20,325][flwr][INFO] - 		round 79: 1.4335570724643008
[2024-09-12 11:43:20,325][flwr][INFO] - 		round 80: 0.5703917067983876
[2024-09-12 11:43:20,325][flwr][INFO] - 		round 81: 0.46853039463361107
[2024-09-12 11:43:20,325][flwr][INFO] - 		round 82: 0.7276811442877117
[2024-09-12 11:43:20,325][flwr][INFO] - 		round 83: 0.7875486958411432
[2024-09-12 11:43:20,325][flwr][INFO] - 		round 84: 1.691673476645287
[2024-09-12 11:43:20,325][flwr][INFO] - 		round 85: 2.17140419939731
[2024-09-12 11:43:20,325][flwr][INFO] - 		round 86: 0.5589787153636708
[2024-09-12 11:43:20,325][flwr][INFO] - 		round 87: 0.8542088613195239
[2024-09-12 11:43:20,325][flwr][INFO] - 		round 88: 0.54191997221538
[2024-09-12 11:43:20,325][flwr][INFO] - 		round 89: 0.6636172870272085
[2024-09-12 11:43:20,325][flwr][INFO] - 		round 90: 0.4120120969685641
[2024-09-12 11:43:20,325][flwr][INFO] - 		round 91: 0.5196612328290939
[2024-09-12 11:43:20,325][flwr][INFO] - 		round 92: 0.44977081509736866
[2024-09-12 11:43:20,325][flwr][INFO] - 		round 93: 0.2962193460418628
[2024-09-12 11:43:20,326][flwr][INFO] - 		round 94: 0.6753566334413927
[2024-09-12 11:43:20,326][flwr][INFO] - 		round 95: 1.0869443087742245
[2024-09-12 11:43:20,326][flwr][INFO] - 		round 96: 0.3709854185581207
[2024-09-12 11:43:20,326][flwr][INFO] - 		round 97: 0.36490488052368164
[2024-09-12 11:43:20,326][flwr][INFO] - 		round 98: 0.3786185088639076
[2024-09-12 11:43:20,326][flwr][INFO] - 		round 99: 0.40251666982218903
[2024-09-12 11:43:20,326][flwr][INFO] - 		round 100: 1.2134210911202938
[2024-09-12 11:43:20,326][flwr][INFO] - 	History (loss, centralized):
[2024-09-12 11:43:20,326][flwr][INFO] - 		round 0: 225.4481120109558
[2024-09-12 11:43:20,326][flwr][INFO] - 		round 1: 211.96319377422333
[2024-09-12 11:43:20,326][flwr][INFO] - 		round 2: 158.9894117116928
[2024-09-12 11:43:20,326][flwr][INFO] - 		round 3: 255.50820136070251
[2024-09-12 11:43:20,326][flwr][INFO] - 		round 4: 229.85324668884277
[2024-09-12 11:43:20,326][flwr][INFO] - 		round 5: 139.55980789661407
[2024-09-12 11:43:20,326][flwr][INFO] - 		round 6: 101.7538498044014
[2024-09-12 11:43:20,326][flwr][INFO] - 		round 7: 92.73467534780502
[2024-09-12 11:43:20,327][flwr][INFO] - 		round 8: 125.5044664144516
[2024-09-12 11:43:20,327][flwr][INFO] - 		round 9: 103.47033298015594
[2024-09-12 11:43:20,327][flwr][INFO] - 		round 10: 87.30770474672318
[2024-09-12 11:43:20,327][flwr][INFO] - 		round 11: 87.51727610826492
[2024-09-12 11:43:20,327][flwr][INFO] - 		round 12: 190.27595001459122
[2024-09-12 11:43:20,327][flwr][INFO] - 		round 13: 101.7206594645977
[2024-09-12 11:43:20,327][flwr][INFO] - 		round 14: 101.1659289598465
[2024-09-12 11:43:20,327][flwr][INFO] - 		round 15: 116.75297397375107
[2024-09-12 11:43:20,327][flwr][INFO] - 		round 16: 87.44666129350662
[2024-09-12 11:43:20,327][flwr][INFO] - 		round 17: 128.5248042345047
[2024-09-12 11:43:20,327][flwr][INFO] - 		round 18: 110.64326918125153
[2024-09-12 11:43:20,327][flwr][INFO] - 		round 19: 106.46092754602432
[2024-09-12 11:43:20,327][flwr][INFO] - 		round 20: 134.10380560159683
[2024-09-12 11:43:20,327][flwr][INFO] - 		round 21: 103.83351445198059
[2024-09-12 11:43:20,327][flwr][INFO] - 		round 22: 99.62859779596329
[2024-09-12 11:43:20,327][flwr][INFO] - 		round 23: 74.30914169549942
[2024-09-12 11:43:20,328][flwr][INFO] - 		round 24: 93.5963733792305
[2024-09-12 11:43:20,328][flwr][INFO] - 		round 25: 107.72931665182114
[2024-09-12 11:43:20,328][flwr][INFO] - 		round 26: 85.1994771361351
[2024-09-12 11:43:20,328][flwr][INFO] - 		round 27: 106.55907535552979
[2024-09-12 11:43:20,328][flwr][INFO] - 		round 28: 80.77124816179276
[2024-09-12 11:43:20,328][flwr][INFO] - 		round 29: 98.70970171689987
[2024-09-12 11:43:20,328][flwr][INFO] - 		round 30: 94.48149394989014
[2024-09-12 11:43:20,328][flwr][INFO] - 		round 31: 174.03962403535843
[2024-09-12 11:43:20,328][flwr][INFO] - 		round 32: 90.6662489771843
[2024-09-12 11:43:20,328][flwr][INFO] - 		round 33: 102.5316127538681
[2024-09-12 11:43:20,328][flwr][INFO] - 		round 34: 73.35143822431564
[2024-09-12 11:43:20,328][flwr][INFO] - 		round 35: 88.1704980134964
[2024-09-12 11:43:20,328][flwr][INFO] - 		round 36: 102.52731209993362
[2024-09-12 11:43:20,328][flwr][INFO] - 		round 37: 122.61507588624954
[2024-09-12 11:43:20,328][flwr][INFO] - 		round 38: 73.1007866859436
[2024-09-12 11:43:20,328][flwr][INFO] - 		round 39: 65.24115800857544
[2024-09-12 11:43:20,329][flwr][INFO] - 		round 40: 101.75798976421356
[2024-09-12 11:43:20,329][flwr][INFO] - 		round 41: 123.26631200313568
[2024-09-12 11:43:20,329][flwr][INFO] - 		round 42: 55.78407970070839
[2024-09-12 11:43:20,329][flwr][INFO] - 		round 43: 50.60482116043568
[2024-09-12 11:43:20,329][flwr][INFO] - 		round 44: 88.04589861631393
[2024-09-12 11:43:20,329][flwr][INFO] - 		round 45: 67.70776030421257
[2024-09-12 11:43:20,329][flwr][INFO] - 		round 46: 88.03518697619438
[2024-09-12 11:43:20,329][flwr][INFO] - 		round 47: 133.40268921852112
[2024-09-12 11:43:20,329][flwr][INFO] - 		round 48: 57.27662692964077
[2024-09-12 11:43:20,329][flwr][INFO] - 		round 49: 82.53496453166008
[2024-09-12 11:43:20,329][flwr][INFO] - 		round 50: 67.61776357889175
[2024-09-12 11:43:20,329][flwr][INFO] - 		round 51: 68.81911247968674
[2024-09-12 11:43:20,329][flwr][INFO] - 		round 52: 91.18650388717651
[2024-09-12 11:43:20,329][flwr][INFO] - 		round 53: 104.63786393404007
[2024-09-12 11:43:20,329][flwr][INFO] - 		round 54: 98.21155142784119
[2024-09-12 11:43:20,330][flwr][INFO] - 		round 55: 97.88891187310219
[2024-09-12 11:43:20,330][flwr][INFO] - 		round 56: 123.38618743419647
[2024-09-12 11:43:20,330][flwr][INFO] - 		round 57: 77.10221084952354
[2024-09-12 11:43:20,330][flwr][INFO] - 		round 58: 65.22566258907318
[2024-09-12 11:43:20,330][flwr][INFO] - 		round 59: 64.22910974919796
[2024-09-12 11:43:20,330][flwr][INFO] - 		round 60: 75.68872505426407
[2024-09-12 11:43:20,330][flwr][INFO] - 		round 61: 80.14784076809883
[2024-09-12 11:43:20,330][flwr][INFO] - 		round 62: 100.76900824904442
[2024-09-12 11:43:20,330][flwr][INFO] - 		round 63: 50.763702034950256
[2024-09-12 11:43:20,330][flwr][INFO] - 		round 64: 92.89376026391983
[2024-09-12 11:43:20,330][flwr][INFO] - 		round 65: 74.90611979365349
[2024-09-12 11:43:20,330][flwr][INFO] - 		round 66: 53.70521900057793
[2024-09-12 11:43:20,330][flwr][INFO] - 		round 67: 83.79700922966003
[2024-09-12 11:43:20,331][flwr][INFO] - 		round 68: 57.55124083161354
[2024-09-12 11:43:20,331][flwr][INFO] - 		round 69: 90.72015926241875
[2024-09-12 11:43:20,331][flwr][INFO] - 		round 70: 121.73825496435165
[2024-09-12 11:43:20,331][flwr][INFO] - 		round 71: 71.80333662033081
[2024-09-12 11:43:20,331][flwr][INFO] - 		round 72: 72.9764606654644
[2024-09-12 11:43:20,331][flwr][INFO] - 		round 73: 95.46295362710953
[2024-09-12 11:43:20,331][flwr][INFO] - 		round 74: 71.53102800250053
[2024-09-12 11:43:20,331][flwr][INFO] - 		round 75: 70.43356949090958
[2024-09-12 11:43:20,331][flwr][INFO] - 		round 76: 93.82186561822891
[2024-09-12 11:43:20,331][flwr][INFO] - 		round 77: 103.10231104493141
[2024-09-12 11:43:20,331][flwr][INFO] - 		round 78: 84.00166702270508
[2024-09-12 11:43:20,332][flwr][INFO] - 		round 79: 128.48046427965164
[2024-09-12 11:43:20,332][flwr][INFO] - 		round 80: 79.31807872653008
[2024-09-12 11:43:20,332][flwr][INFO] - 		round 81: 69.54352056980133
[2024-09-12 11:43:20,332][flwr][INFO] - 		round 82: 53.43202732503414
[2024-09-12 11:43:20,332][flwr][INFO] - 		round 83: 64.65418907999992
[2024-09-12 11:43:20,332][flwr][INFO] - 		round 84: 155.49641650915146
[2024-09-12 11:43:20,332][flwr][INFO] - 		round 85: 159.39888912439346
[2024-09-12 11:43:20,332][flwr][INFO] - 		round 86: 64.16478699445724
[2024-09-12 11:43:20,332][flwr][INFO] - 		round 87: 82.84075793623924
[2024-09-12 11:43:20,332][flwr][INFO] - 		round 88: 60.40362215042114
[2024-09-12 11:43:20,332][flwr][INFO] - 		round 89: 63.37069368362427
[2024-09-12 11:43:20,332][flwr][INFO] - 		round 90: 63.805783830583096
[2024-09-12 11:43:20,332][flwr][INFO] - 		round 91: 87.13039129972458
[2024-09-12 11:43:20,333][flwr][INFO] - 		round 92: 56.69027207791805
[2024-09-12 11:43:20,333][flwr][INFO] - 		round 93: 45.62586233019829
[2024-09-12 11:43:20,333][flwr][INFO] - 		round 94: 67.35057917237282
[2024-09-12 11:43:20,333][flwr][INFO] - 		round 95: 73.18912145495415
[2024-09-12 11:43:20,333][flwr][INFO] - 		round 96: 56.81124998629093
[2024-09-12 11:43:20,333][flwr][INFO] - 		round 97: 51.17342375218868
[2024-09-12 11:43:20,333][flwr][INFO] - 		round 98: 40.257448092103004
[2024-09-12 11:43:20,333][flwr][INFO] - 		round 99: 47.82496961951256
[2024-09-12 11:43:20,333][flwr][INFO] - 		round 100: 119.8104100227356
[2024-09-12 11:43:20,333][flwr][INFO] - 	History (metrics, distributed, evaluate):
[2024-09-12 11:43:20,333][flwr][INFO] - 	{'accuracy': [(1, 0.40625),
[2024-09-12 11:43:20,333][flwr][INFO] - 	              (2, 0.4782608695652174),
[2024-09-12 11:43:20,333][flwr][INFO] - 	              (3, 0.11320754716981132),
[2024-09-12 11:43:20,333][flwr][INFO] - 	              (4, 0.34210526315789475),
[2024-09-12 11:43:20,333][flwr][INFO] - 	              (5, 0.5581395348837209),
[2024-09-12 11:43:20,334][flwr][INFO] - 	              (6, 0.8541666666666666),
[2024-09-12 11:43:20,334][flwr][INFO] - 	              (7, 0.7884615384615384),
[2024-09-12 11:43:20,334][flwr][INFO] - 	              (8, 0.5833333333333334),
[2024-09-12 11:43:20,334][flwr][INFO] - 	              (9, 0.7647058823529411),
[2024-09-12 11:43:20,334][flwr][INFO] - 	              (10, 0.4827586206896552),
[2024-09-12 11:43:20,334][flwr][INFO] - 	              (11, 0.5),
[2024-09-12 11:43:20,334][flwr][INFO] - 	              (12, 0.4166666666666667),
[2024-09-12 11:43:20,334][flwr][INFO] - 	              (13, 0.6190476190476191),
[2024-09-12 11:43:20,334][flwr][INFO] - 	              (14, 0.9090909090909091),
[2024-09-12 11:43:20,334][flwr][INFO] - 	              (15, 0.8269230769230769),
[2024-09-12 11:43:20,334][flwr][INFO] - 	              (16, 0.5614035087719298),
[2024-09-12 11:43:20,334][flwr][INFO] - 	              (17, 0.7608695652173914),
[2024-09-12 11:43:20,335][flwr][INFO] - 	              (18, 0.5263157894736842),
[2024-09-12 11:43:20,335][flwr][INFO] - 	              (19, 0.5714285714285714),
[2024-09-12 11:43:20,335][flwr][INFO] - 	              (20, 0.42105263157894735),
[2024-09-12 11:43:20,335][flwr][INFO] - 	              (21, 0.7446808510638298),
[2024-09-12 11:43:20,335][flwr][INFO] - 	              (22, 0.9565217391304348),
[2024-09-12 11:43:20,335][flwr][INFO] - 	              (23, 0.7959183673469388),
[2024-09-12 11:43:20,335][flwr][INFO] - 	              (24, 0.6),
[2024-09-12 11:43:20,335][flwr][INFO] - 	              (25, 0.7441860465116279),
[2024-09-12 11:43:20,335][flwr][INFO] - 	              (26, 0.8571428571428571),
[2024-09-12 11:43:20,335][flwr][INFO] - 	              (27, 0.4782608695652174),
[2024-09-12 11:43:20,335][flwr][INFO] - 	              (28, 0.7708333333333334),
[2024-09-12 11:43:20,335][flwr][INFO] - 	              (29, 0.6976744186046512),
[2024-09-12 11:43:20,335][flwr][INFO] - 	              (30, 0.8235294117647058),
[2024-09-12 11:43:20,336][flwr][INFO] - 	              (31, 0.43137254901960786),
[2024-09-12 11:43:20,336][flwr][INFO] - 	              (32, 0.92),
[2024-09-12 11:43:20,336][flwr][INFO] - 	              (33, 0.7),
[2024-09-12 11:43:20,336][flwr][INFO] - 	              (34, 0.8367346938775511),
[2024-09-12 11:43:20,336][flwr][INFO] - 	              (35, 0.7021276595744681),
[2024-09-12 11:43:20,336][flwr][INFO] - 	              (36, 0.8333333333333334),
[2024-09-12 11:43:20,336][flwr][INFO] - 	              (37, 0.673469387755102),
[2024-09-12 11:43:20,336][flwr][INFO] - 	              (38, 0.8979591836734694),
[2024-09-12 11:43:20,336][flwr][INFO] - 	              (39, 0.8571428571428571),
[2024-09-12 11:43:20,336][flwr][INFO] - 	              (40, 0.4807692307692308),
[2024-09-12 11:43:20,336][flwr][INFO] - 	              (41, 0.6808510638297872),
[2024-09-12 11:43:20,336][flwr][INFO] - 	              (42, 0.9615384615384616),
[2024-09-12 11:43:20,336][flwr][INFO] - 	              (43, 0.9777777777777777),
[2024-09-12 11:43:20,337][flwr][INFO] - 	              (44, 0.8409090909090909),
[2024-09-12 11:43:20,337][flwr][INFO] - 	              (45, 0.7857142857142857),
[2024-09-12 11:43:20,337][flwr][INFO] - 	              (46, 0.8235294117647058),
[2024-09-12 11:43:20,337][flwr][INFO] - 	              (47, 0.5510204081632653),
[2024-09-12 11:43:20,337][flwr][INFO] - 	              (48, 0.8863636363636364),
[2024-09-12 11:43:20,337][flwr][INFO] - 	              (49, 0.6458333333333334),
[2024-09-12 11:43:20,337][flwr][INFO] - 	              (50, 0.74),
[2024-09-12 11:43:20,337][flwr][INFO] - 	              (51, 0.7796610169491526),
[2024-09-12 11:43:20,337][flwr][INFO] - 	              (52, 0.926829268292683),
[2024-09-12 11:43:20,337][flwr][INFO] - 	              (53, 0.8461538461538461),
[2024-09-12 11:43:20,337][flwr][INFO] - 	              (54, 0.7073170731707317),
[2024-09-12 11:43:20,337][flwr][INFO] - 	              (55, 0.5098039215686274),
[2024-09-12 11:43:20,338][flwr][INFO] - 	              (56, 0.7755102040816326),
[2024-09-12 11:43:20,338][flwr][INFO] - 	              (57, 0.7450980392156863),
[2024-09-12 11:43:20,338][flwr][INFO] - 	              (58, 0.8863636363636364),
[2024-09-12 11:43:20,338][flwr][INFO] - 	              (59, 0.627906976744186),
[2024-09-12 11:43:20,338][flwr][INFO] - 	              (60, 0.8571428571428571),
[2024-09-12 11:43:20,338][flwr][INFO] - 	              (61, 0.7586206896551724),
[2024-09-12 11:43:20,338][flwr][INFO] - 	              (62, 0.6346153846153846),
[2024-09-12 11:43:20,338][flwr][INFO] - 	              (63, 0.9038461538461539),
[2024-09-12 11:43:20,338][flwr][INFO] - 	              (64, 0.625),
[2024-09-12 11:43:20,338][flwr][INFO] - 	              (65, 0.6271186440677966),
[2024-09-12 11:43:20,338][flwr][INFO] - 	              (66, 0.6829268292682927),
[2024-09-12 11:43:20,338][flwr][INFO] - 	              (67, 0.7948717948717948),
[2024-09-12 11:43:20,338][flwr][INFO] - 	              (68, 0.8909090909090909),
[2024-09-12 11:43:20,339][flwr][INFO] - 	              (69, 0.8),
[2024-09-12 11:43:20,339][flwr][INFO] - 	              (70, 0.5531914893617021),
[2024-09-12 11:43:20,339][flwr][INFO] - 	              (71, 0.5833333333333334),
[2024-09-12 11:43:20,339][flwr][INFO] - 	              (72, 0.7692307692307693),
[2024-09-12 11:43:20,339][flwr][INFO] - 	              (73, 0.6727272727272727),
[2024-09-12 11:43:20,339][flwr][INFO] - 	              (74, 0.8125),
[2024-09-12 11:43:20,339][flwr][INFO] - 	              (75, 0.86),
[2024-09-12 11:43:20,339][flwr][INFO] - 	              (76, 0.7692307692307693),
[2024-09-12 11:43:20,339][flwr][INFO] - 	              (77, 0.574468085106383),
[2024-09-12 11:43:20,339][flwr][INFO] - 	              (78, 0.7272727272727273),
[2024-09-12 11:43:20,339][flwr][INFO] - 	              (79, 0.6326530612244898),
[2024-09-12 11:43:20,340][flwr][INFO] - 	              (80, 0.8260869565217391),
[2024-09-12 11:43:20,340][flwr][INFO] - 	              (81, 0.8444444444444444),
[2024-09-12 11:43:20,340][flwr][INFO] - 	              (82, 0.7543859649122807),
[2024-09-12 11:43:20,340][flwr][INFO] - 	              (83, 0.8064516129032258),
[2024-09-12 11:43:20,340][flwr][INFO] - 	              (84, 0.574468085106383),
[2024-09-12 11:43:20,340][flwr][INFO] - 	              (85, 0.574468085106383),
[2024-09-12 11:43:20,340][flwr][INFO] - 	              (86, 0.8627450980392157),
[2024-09-12 11:43:20,340][flwr][INFO] - 	              (87, 0.7735849056603774),
[2024-09-12 11:43:20,340][flwr][INFO] - 	              (88, 0.8928571428571429),
[2024-09-12 11:43:20,340][flwr][INFO] - 	              (89, 0.7631578947368421),
[2024-09-12 11:43:20,340][flwr][INFO] - 	              (90, 0.8363636363636363),
[2024-09-12 11:43:20,341][flwr][INFO] - 	              (91, 0.9166666666666666),
[2024-09-12 11:43:20,341][flwr][INFO] - 	              (92, 0.8653846153846154),
[2024-09-12 11:43:20,341][flwr][INFO] - 	              (93, 0.8974358974358975),
[2024-09-12 11:43:20,341][flwr][INFO] - 	              (94, 0.7906976744186046),
[2024-09-12 11:43:20,341][flwr][INFO] - 	              (95, 0.5517241379310345),
[2024-09-12 11:43:20,341][flwr][INFO] - 	              (96, 0.8571428571428571),
[2024-09-12 11:43:20,341][flwr][INFO] - 	              (97, 0.8913043478260869),
[2024-09-12 11:43:20,341][flwr][INFO] - 	              (98, 0.9615384615384616),
[2024-09-12 11:43:20,341][flwr][INFO] - 	              (99, 0.8867924528301887),
[2024-09-12 11:43:20,341][flwr][INFO] - 	              (100, 0.7021276595744681)]}
[2024-09-12 11:43:20,341][flwr][INFO] - 	History (metrics, centralized):
[2024-09-12 11:43:20,341][flwr][INFO] - 	{'accuracy': [(0, 0.0686933645133002),
[2024-09-12 11:43:20,341][flwr][INFO] - 	              (1, 0.30926629640456005),
[2024-09-12 11:43:20,341][flwr][INFO] - 	              (2, 0.4484068985676703),
[2024-09-12 11:43:20,342][flwr][INFO] - 	              (3, 0.2303420052616194),
[2024-09-12 11:43:20,342][flwr][INFO] - 	              (4, 0.5054077755042385),
[2024-09-12 11:43:20,342][flwr][INFO] - 	              (5, 0.49868459514761765),
[2024-09-12 11:43:20,342][flwr][INFO] - 	              (6, 0.605670856474715),
[2024-09-12 11:43:20,342][flwr][INFO] - 	              (7, 0.7117801812335575),
[2024-09-12 11:43:20,342][flwr][INFO] - 	              (8, 0.6205787781350482),
[2024-09-12 11:43:20,342][flwr][INFO] - 	              (9, 0.6971645717626425),
[2024-09-12 11:43:20,342][flwr][INFO] - 	              (10, 0.71821104940076),
[2024-09-12 11:43:20,342][flwr][INFO] - 	              (11, 0.7147033031277404),
[2024-09-12 11:43:20,343][flwr][INFO] - 	              (12, 0.5708857059339374),
[2024-09-12 11:43:20,343][flwr][INFO] - 	              (13, 0.6591639871382636),
[2024-09-12 11:43:20,343][flwr][INFO] - 	              (14, 0.6971645717626425),
[2024-09-12 11:43:20,343][flwr][INFO] - 	              (15, 0.6591639871382636),
[2024-09-12 11:43:20,343][flwr][INFO] - 	              (16, 0.7217187956737796),
[2024-09-12 11:43:20,343][flwr][INFO] - 	              (17, 0.6696872259573224),
[2024-09-12 11:43:20,343][flwr][INFO] - 	              (18, 0.749488453668518),
[2024-09-12 11:43:20,343][flwr][INFO] - 	              (19, 0.6629640456007015),
[2024-09-12 11:43:20,343][flwr][INFO] - 	              (20, 0.5591932183572055),
[2024-09-12 11:43:20,343][flwr][INFO] - 	              (21, 0.77491961414791),
[2024-09-12 11:43:20,343][flwr][INFO] - 	              (22, 0.692779888921368),
[2024-09-12 11:43:20,343][flwr][INFO] - 	              (23, 0.7877813504823151),
[2024-09-12 11:43:20,343][flwr][INFO] - 	              (24, 0.7462730195849167),
[2024-09-12 11:43:20,343][flwr][INFO] - 	              (25, 0.830751242326805),
[2024-09-12 11:43:20,344][flwr][INFO] - 	              (26, 0.7676118094124526),
[2024-09-12 11:43:20,344][flwr][INFO] - 	              (27, 0.6404560070154925),
[2024-09-12 11:43:20,344][flwr][INFO] - 	              (28, 0.8021046477638117),
[2024-09-12 11:43:20,344][flwr][INFO] - 	              (29, 0.7354574685764397),
[2024-09-12 11:43:20,344][flwr][INFO] - 	              (30, 0.7018415667933353),
[2024-09-12 11:43:20,344][flwr][INFO] - 	              (31, 0.49459222449576146),
[2024-09-12 11:43:20,344][flwr][INFO] - 	              (32, 0.7515346389944461),
[2024-09-12 11:43:20,344][flwr][INFO] - 	              (33, 0.715287927506577),
[2024-09-12 11:43:20,344][flwr][INFO] - 	              (34, 0.7684887459807074),
[2024-09-12 11:43:20,344][flwr][INFO] - 	              (35, 0.7839812920198772),
[2024-09-12 11:43:20,344][flwr][INFO] - 	              (36, 0.6530254311604794),
[2024-09-12 11:43:20,344][flwr][INFO] - 	              (37, 0.5989476761180941),
[2024-09-12 11:43:20,345][flwr][INFO] - 	              (38, 0.7968430283542823),
[2024-09-12 11:43:20,345][flwr][INFO] - 	              (39, 0.8114586378251973),
[2024-09-12 11:43:20,345][flwr][INFO] - 	              (40, 0.7158725518854137),
[2024-09-12 11:43:20,345][flwr][INFO] - 	              (41, 0.622332651271558),
[2024-09-12 11:43:20,345][flwr][INFO] - 	              (42, 0.8661210172464192),
[2024-09-12 11:43:20,345][flwr][INFO] - 	              (43, 0.8743057585501316),
[2024-09-12 11:43:20,345][flwr][INFO] - 	              (44, 0.7605963168664134),
[2024-09-12 11:43:20,345][flwr][INFO] - 	              (45, 0.8336743642209881),
[2024-09-12 11:43:20,345][flwr][INFO] - 	              (46, 0.7398421514177141),
[2024-09-12 11:43:20,345][flwr][INFO] - 	              (47, 0.6483484361297867),
[2024-09-12 11:43:20,345][flwr][INFO] - 	              (48, 0.8427360420929553),
[2024-09-12 11:43:20,345][flwr][INFO] - 	              (49, 0.7398421514177141),
[2024-09-12 11:43:20,346][flwr][INFO] - 	              (50, 0.8406898567670272),
[2024-09-12 11:43:20,346][flwr][INFO] - 	              (51, 0.8164279450453084),
[2024-09-12 11:43:20,346][flwr][INFO] - 	              (52, 0.7363344051446945),
[2024-09-12 11:43:20,346][flwr][INFO] - 	              (53, 0.7085647471499561),
[2024-09-12 11:43:20,346][flwr][INFO] - 	              (54, 0.7959660917860275),
[2024-09-12 11:43:20,346][flwr][INFO] - 	              (55, 0.6781642794504531),
[2024-09-12 11:43:20,346][flwr][INFO] - 	              (56, 0.6635486699795381),
[2024-09-12 11:43:20,346][flwr][INFO] - 	              (57, 0.8038585209003215),
[2024-09-12 11:43:20,346][flwr][INFO] - 	              (58, 0.8292896813797135),
[2024-09-12 11:43:20,346][flwr][INFO] - 	              (59, 0.7801812335574393),
[2024-09-12 11:43:20,346][flwr][INFO] - 	              (60, 0.757380882782812),
[2024-09-12 11:43:20,346][flwr][INFO] - 	              (61, 0.7258111663256358),
[2024-09-12 11:43:20,346][flwr][INFO] - 	              (62, 0.7059339374451915),
[2024-09-12 11:43:20,347][flwr][INFO] - 	              (63, 0.8646594562993277),
[2024-09-12 11:43:20,347][flwr][INFO] - 	              (64, 0.6936568254896229),
[2024-09-12 11:43:20,347][flwr][INFO] - 	              (65, 0.754457760888629),
[2024-09-12 11:43:20,347][flwr][INFO] - 	              (66, 0.8319204910844782),
[2024-09-12 11:43:20,347][flwr][INFO] - 	              (67, 0.7263957907044724),
[2024-09-12 11:43:20,347][flwr][INFO] - 	              (68, 0.8415667933352821),
[2024-09-12 11:43:20,347][flwr][INFO] - 	              (69, 0.7155802396959953),
[2024-09-12 11:43:20,347][flwr][INFO] - 	              (70, 0.623209587839813),
[2024-09-12 11:43:20,347][flwr][INFO] - 	              (71, 0.7851505407775504),
[2024-09-12 11:43:20,347][flwr][INFO] - 	              (72, 0.7804735457468577),
[2024-09-12 11:43:20,347][flwr][INFO] - 	              (73, 0.7337035954399298),
[2024-09-12 11:43:20,348][flwr][INFO] - 	              (74, 0.8751826951183864),
[2024-09-12 11:43:20,348][flwr][INFO] - 	              (75, 0.7860274773458054),
[2024-09-12 11:43:20,348][flwr][INFO] - 	              (76, 0.7281496638409821),
[2024-09-12 11:43:20,348][flwr][INFO] - 	              (77, 0.6641332943583748),
[2024-09-12 11:43:20,348][flwr][INFO] - 	              (78, 0.7702426191172171),
[2024-09-12 11:43:20,348][flwr][INFO] - 	              (79, 0.6679333528208127),
[2024-09-12 11:43:20,348][flwr][INFO] - 	              (80, 0.8044431452791582),
[2024-09-12 11:43:20,348][flwr][INFO] - 	              (81, 0.7953814674071908),
[2024-09-12 11:43:20,348][flwr][INFO] - 	              (82, 0.8412744811458638),
[2024-09-12 11:43:20,348][flwr][INFO] - 	              (83, 0.8471207249342297),
[2024-09-12 11:43:20,348][flwr][INFO] - 	              (84, 0.6308097047646887),
[2024-09-12 11:43:20,348][flwr][INFO] - 	              (85, 0.6752411575562701),
[2024-09-12 11:43:20,348][flwr][INFO] - 	              (86, 0.8149663840982169),
[2024-09-12 11:43:20,349][flwr][INFO] - 	              (87, 0.7643963753288512),
[2024-09-12 11:43:20,349][flwr][INFO] - 	              (88, 0.8912598655363929),
[2024-09-12 11:43:20,349][flwr][INFO] - 	              (89, 0.8401052323881906),
[2024-09-12 11:43:20,349][flwr][INFO] - 	              (90, 0.814089447529962),
[2024-09-12 11:43:20,349][flwr][INFO] - 	              (91, 0.8029815843320667),
[2024-09-12 11:43:20,349][flwr][INFO] - 	              (92, 0.8143817597193803),
[2024-09-12 11:43:20,349][flwr][INFO] - 	              (93, 0.8655363928675825),
[2024-09-12 11:43:20,349][flwr][INFO] - 	              (94, 0.8360128617363344),
[2024-09-12 11:43:20,349][flwr][INFO] - 	              (95, 0.7670271850336159),
[2024-09-12 11:43:20,349][flwr][INFO] - 	              (96, 0.8225665010230927),
[2024-09-12 11:43:20,349][flwr][INFO] - 	              (97, 0.8667056416252558),
[2024-09-12 11:43:20,349][flwr][INFO] - 	              (98, 0.8959368605670857),
[2024-09-12 11:43:20,349][flwr][INFO] - 	              (99, 0.8702133878982754),
[2024-09-12 11:43:20,349][flwr][INFO] - 	              (100, 0.73194972230342)]}
[2024-09-12 11:43:20,350][flwr][INFO] - 
