[2024-09-07 09:16:56,627][flwr][INFO] - Starting Flower simulation, config: num_rounds=100, no round_timeout
[2024-09-07 09:17:02,681][flwr][INFO] - Flower VCE: Ray initialized with resources: {'node:__internal_head__': 1.0, 'memory': 16659571508.0, 'node:115.145.171.128': 1.0, 'CPU': 32.0, 'object_store_memory': 8329785753.0, 'GPU': 1.0, 'accelerator_type:G': 1.0}
[2024-09-07 09:17:02,681][flwr][INFO] - Optimize your simulation with Flower VCE: https://flower.ai/docs/framework/how-to-run-simulations.html
[2024-09-07 09:17:02,681][flwr][INFO] - Flower VCE: Resources for each Virtual Client: {'num_cpus': 24, 'num_gpus': 0.125}
[2024-09-07 09:17:02,688][flwr][INFO] - Flower VCE: Creating VirtualClientEngineActorPool with 1 actors
[2024-09-07 09:17:02,689][flwr][INFO] - [INIT]
[2024-09-07 09:17:02,689][flwr][INFO] - Requesting initial parameters from one random client
[2024-09-07 09:17:05,096][flwr][INFO] - Received initial parameters from one random client
[2024-09-07 09:17:05,096][flwr][INFO] - Evaluating initial global parameters
[2024-09-07 09:17:52,950][flwr][INFO] - initial parameters (loss, other metrics): 3026.819124698639, {'accuracy': 0.16577834179357023}
[2024-09-07 09:17:52,950][flwr][INFO] - 
[2024-09-07 09:17:52,950][flwr][INFO] - [ROUND 1]
[2024-09-07 09:17:52,950][flwr][INFO] - configure_fit: strategy sampled 5 clients (out of 50)
[2024-09-07 09:18:40,229][flwr][INFO] - aggregate_fit: received 5 results and 0 failures
[2024-09-07 09:18:40,282][flwr][WARNING] - No fit_metrics_aggregation_fn provided
[2024-09-07 09:19:29,361][flwr][INFO] - fit progress: (1, 2448.60115647316, {'accuracy': 0.44735617597292726}, 96.41090428100142)
[2024-09-07 09:19:29,361][flwr][INFO] - configure_evaluate: strategy sampled 2 clients (out of 50)
[2024-09-07 09:19:30,947][flwr][INFO] - aggregate_evaluate: received 2 results and 0 failures
[2024-09-07 09:19:30,947][flwr][WARNING] - No evaluate_metrics_aggregation_fn provided
[2024-09-07 09:19:30,947][flwr][INFO] - 
[2024-09-07 09:19:30,947][flwr][INFO] - [ROUND 2]
[2024-09-07 09:19:30,947][flwr][INFO] - configure_fit: strategy sampled 5 clients (out of 50)
[2024-09-07 09:20:20,031][flwr][INFO] - aggregate_fit: received 5 results and 0 failures
[2024-09-07 09:21:06,906][flwr][INFO] - fit progress: (2, 2219.283669114113, {'accuracy': 0.45903130287648053}, 193.95578062200366)
[2024-09-07 09:21:06,906][flwr][INFO] - configure_evaluate: strategy sampled 2 clients (out of 50)
[2024-09-07 09:21:08,241][flwr][INFO] - aggregate_evaluate: received 2 results and 0 failures
[2024-09-07 09:21:08,241][flwr][INFO] - 
[2024-09-07 09:21:08,241][flwr][INFO] - [ROUND 3]
[2024-09-07 09:21:08,241][flwr][INFO] - configure_fit: strategy sampled 5 clients (out of 50)
[2024-09-07 09:21:53,628][flwr][INFO] - aggregate_fit: received 5 results and 0 failures
[2024-09-07 09:22:40,568][flwr][INFO] - fit progress: (3, 2395.5042439699173, {'accuracy': 0.3734983079526227}, 287.61766284499754)
[2024-09-07 09:22:40,568][flwr][INFO] - configure_evaluate: strategy sampled 2 clients (out of 50)
[2024-09-07 09:22:42,404][flwr][INFO] - aggregate_evaluate: received 2 results and 0 failures
[2024-09-07 09:22:42,404][flwr][INFO] - 
[2024-09-07 09:22:42,404][flwr][INFO] - [ROUND 4]
[2024-09-07 09:22:42,404][flwr][INFO] - configure_fit: strategy sampled 5 clients (out of 50)
[2024-09-07 09:23:26,425][flwr][INFO] - aggregate_fit: received 5 results and 0 failures
[2024-09-07 09:24:15,487][flwr][INFO] - fit progress: (4, 2387.685267329216, {'accuracy': 0.3812394247038917}, 382.53684074299963)
[2024-09-07 09:24:15,487][flwr][INFO] - configure_evaluate: strategy sampled 2 clients (out of 50)
[2024-09-07 09:24:17,303][flwr][INFO] - aggregate_evaluate: received 2 results and 0 failures
[2024-09-07 09:24:17,303][flwr][INFO] - 
[2024-09-07 09:24:17,303][flwr][INFO] - [ROUND 5]
[2024-09-07 09:24:17,303][flwr][INFO] - configure_fit: strategy sampled 5 clients (out of 50)
[2024-09-07 09:25:01,393][flwr][INFO] - aggregate_fit: received 5 results and 0 failures
[2024-09-07 09:25:48,420][flwr][INFO] - fit progress: (5, 2709.868815779686, {'accuracy': 0.3189932318104907}, 475.4695038909995)
[2024-09-07 09:25:48,420][flwr][INFO] - configure_evaluate: strategy sampled 2 clients (out of 50)
[2024-09-07 09:25:49,582][flwr][INFO] - aggregate_evaluate: received 2 results and 0 failures
[2024-09-07 09:25:49,582][flwr][INFO] - 
[2024-09-07 09:25:49,582][flwr][INFO] - [ROUND 6]
[2024-09-07 09:25:49,582][flwr][INFO] - configure_fit: strategy sampled 5 clients (out of 50)
[2024-09-07 09:26:27,846][flwr][INFO] - aggregate_fit: received 5 results and 0 failures
[2024-09-07 09:27:16,737][flwr][INFO] - fit progress: (6, 2426.162969827652, {'accuracy': 0.3351522842639594}, 563.7868624480034)
[2024-09-07 09:27:16,737][flwr][INFO] - configure_evaluate: strategy sampled 2 clients (out of 50)
[2024-09-07 09:27:18,014][flwr][INFO] - aggregate_evaluate: received 2 results and 0 failures
[2024-09-07 09:27:18,014][flwr][INFO] - 
[2024-09-07 09:27:18,014][flwr][INFO] - [ROUND 7]
[2024-09-07 09:27:18,014][flwr][INFO] - configure_fit: strategy sampled 5 clients (out of 50)
[2024-09-07 09:27:55,524][flwr][INFO] - aggregate_fit: received 5 results and 0 failures
[2024-09-07 09:28:42,585][flwr][INFO] - fit progress: (7, 3070.0405695438385, {'accuracy': 0.16601099830795263}, 649.6346025079984)
[2024-09-07 09:28:42,585][flwr][INFO] - configure_evaluate: strategy sampled 2 clients (out of 50)
[2024-09-07 09:28:44,302][flwr][INFO] - aggregate_evaluate: received 2 results and 0 failures
[2024-09-07 09:28:44,302][flwr][INFO] - 
[2024-09-07 09:28:44,302][flwr][INFO] - [ROUND 8]
[2024-09-07 09:28:44,302][flwr][INFO] - configure_fit: strategy sampled 5 clients (out of 50)
[2024-09-07 09:29:21,248][flwr][INFO] - aggregate_fit: received 5 results and 0 failures
[2024-09-07 09:30:08,041][flwr][INFO] - fit progress: (8, 2480.336749315262, {'accuracy': 0.3264593908629442}, 735.0909217189983)
[2024-09-07 09:30:08,041][flwr][INFO] - configure_evaluate: strategy sampled 2 clients (out of 50)
[2024-09-07 09:30:09,728][flwr][INFO] - aggregate_evaluate: received 2 results and 0 failures
[2024-09-07 09:30:09,728][flwr][INFO] - 
[2024-09-07 09:30:09,728][flwr][INFO] - [ROUND 9]
[2024-09-07 09:30:09,728][flwr][INFO] - configure_fit: strategy sampled 5 clients (out of 50)
[2024-09-07 09:30:55,940][flwr][INFO] - aggregate_fit: received 5 results and 0 failures
[2024-09-07 09:31:42,700][flwr][INFO] - fit progress: (9, 2286.587827563286, {'accuracy': 0.4583756345177665}, 829.7501897629991)
[2024-09-07 09:31:42,701][flwr][INFO] - configure_evaluate: strategy sampled 2 clients (out of 50)
[2024-09-07 09:31:44,180][flwr][INFO] - aggregate_evaluate: received 2 results and 0 failures
[2024-09-07 09:31:44,180][flwr][INFO] - 
[2024-09-07 09:31:44,180][flwr][INFO] - [ROUND 10]
[2024-09-07 09:31:44,180][flwr][INFO] - configure_fit: strategy sampled 5 clients (out of 50)
[2024-09-07 09:32:27,794][flwr][INFO] - aggregate_fit: received 5 results and 0 failures
[2024-09-07 09:33:14,812][flwr][INFO] - fit progress: (10, 2452.736476778984, {'accuracy': 0.39832910321489}, 921.8617703780037)
[2024-09-07 09:33:14,812][flwr][INFO] - configure_evaluate: strategy sampled 2 clients (out of 50)
[2024-09-07 09:33:16,354][flwr][INFO] - aggregate_evaluate: received 2 results and 0 failures
[2024-09-07 09:33:16,354][flwr][INFO] - 
[2024-09-07 09:33:16,354][flwr][INFO] - [ROUND 11]
[2024-09-07 09:33:16,354][flwr][INFO] - configure_fit: strategy sampled 5 clients (out of 50)
[2024-09-07 09:33:45,465][flwr][INFO] - aggregate_fit: received 5 results and 0 failures
[2024-09-07 09:34:32,495][flwr][INFO] - fit progress: (11, 3103.549914598465, {'accuracy': 0.15321489001692049}, 999.5445511990038)
[2024-09-07 09:34:32,495][flwr][INFO] - configure_evaluate: strategy sampled 2 clients (out of 50)
[2024-09-07 09:34:34,235][flwr][INFO] - aggregate_evaluate: received 2 results and 0 failures
[2024-09-07 09:34:34,236][flwr][INFO] - 
[2024-09-07 09:34:34,236][flwr][INFO] - [ROUND 12]
[2024-09-07 09:34:34,236][flwr][INFO] - configure_fit: strategy sampled 5 clients (out of 50)
[2024-09-07 09:35:05,833][flwr][INFO] - aggregate_fit: received 5 results and 0 failures
[2024-09-07 09:35:52,800][flwr][INFO] - fit progress: (12, 3010.357759475708, {'accuracy': 0.23282571912013536}, 1079.8496061749975)
[2024-09-07 09:35:52,800][flwr][INFO] - configure_evaluate: strategy sampled 2 clients (out of 50)
[2024-09-07 09:35:54,164][flwr][INFO] - aggregate_evaluate: received 2 results and 0 failures
[2024-09-07 09:35:54,164][flwr][INFO] - 
[2024-09-07 09:35:54,164][flwr][INFO] - [ROUND 13]
[2024-09-07 09:35:54,164][flwr][INFO] - configure_fit: strategy sampled 5 clients (out of 50)
[2024-09-07 09:36:28,829][flwr][INFO] - aggregate_fit: received 5 results and 0 failures
[2024-09-07 09:37:15,868][flwr][INFO] - fit progress: (13, 2501.1249495744705, {'accuracy': 0.37307529610829104}, 1162.9179594149973)
[2024-09-07 09:37:15,868][flwr][INFO] - configure_evaluate: strategy sampled 2 clients (out of 50)
[2024-09-07 09:37:17,840][flwr][INFO] - aggregate_evaluate: received 2 results and 0 failures
[2024-09-07 09:37:17,840][flwr][INFO] - 
[2024-09-07 09:37:17,840][flwr][INFO] - [ROUND 14]
[2024-09-07 09:37:17,841][flwr][INFO] - configure_fit: strategy sampled 5 clients (out of 50)
[2024-09-07 09:37:58,919][flwr][INFO] - aggregate_fit: received 5 results and 0 failures
[2024-09-07 09:38:45,812][flwr][INFO] - fit progress: (14, 2171.9018209576607, {'accuracy': 0.390587986463621}, 1252.8617311889975)
[2024-09-07 09:38:45,812][flwr][INFO] - configure_evaluate: strategy sampled 2 clients (out of 50)
[2024-09-07 09:38:47,420][flwr][INFO] - aggregate_evaluate: received 2 results and 0 failures
[2024-09-07 09:38:47,420][flwr][INFO] - 
[2024-09-07 09:38:47,420][flwr][INFO] - [ROUND 15]
[2024-09-07 09:38:47,420][flwr][INFO] - configure_fit: strategy sampled 5 clients (out of 50)
[2024-09-07 09:39:34,296][flwr][INFO] - aggregate_fit: received 5 results and 0 failures
[2024-09-07 09:40:21,333][flwr][INFO] - fit progress: (15, 2084.959033846855, {'accuracy': 0.526924703891709}, 1348.3826719589997)
[2024-09-07 09:40:21,333][flwr][INFO] - configure_evaluate: strategy sampled 2 clients (out of 50)
[2024-09-07 09:40:23,137][flwr][INFO] - aggregate_evaluate: received 2 results and 0 failures
[2024-09-07 09:40:23,137][flwr][INFO] - 
[2024-09-07 09:40:23,137][flwr][INFO] - [ROUND 16]
[2024-09-07 09:40:23,137][flwr][INFO] - configure_fit: strategy sampled 5 clients (out of 50)
[2024-09-07 09:41:09,072][flwr][INFO] - aggregate_fit: received 5 results and 0 failures
[2024-09-07 09:41:56,015][flwr][INFO] - fit progress: (16, 2043.112209558487, {'accuracy': 0.5300549915397631}, 1443.0645784840017)
[2024-09-07 09:41:56,015][flwr][INFO] - configure_evaluate: strategy sampled 2 clients (out of 50)
[2024-09-07 09:41:57,227][flwr][INFO] - aggregate_evaluate: received 2 results and 0 failures
[2024-09-07 09:41:57,227][flwr][INFO] - 
[2024-09-07 09:41:57,228][flwr][INFO] - [ROUND 17]
[2024-09-07 09:41:57,228][flwr][INFO] - configure_fit: strategy sampled 5 clients (out of 50)
[2024-09-07 09:42:35,713][flwr][INFO] - aggregate_fit: received 5 results and 0 failures
[2024-09-07 09:43:22,626][flwr][INFO] - fit progress: (17, 2085.819027066231, {'accuracy': 0.46302876480541455}, 1529.6758633760037)
[2024-09-07 09:43:22,626][flwr][INFO] - configure_evaluate: strategy sampled 2 clients (out of 50)
[2024-09-07 09:43:24,360][flwr][INFO] - aggregate_evaluate: received 2 results and 0 failures
[2024-09-07 09:43:24,360][flwr][INFO] - 
[2024-09-07 09:43:24,360][flwr][INFO] - [ROUND 18]
[2024-09-07 09:43:24,360][flwr][INFO] - configure_fit: strategy sampled 5 clients (out of 50)
[2024-09-07 09:44:04,191][flwr][INFO] - aggregate_fit: received 5 results and 0 failures
[2024-09-07 09:44:51,139][flwr][INFO] - fit progress: (18, 2464.2526177167892, {'accuracy': 0.36842216582064297}, 1618.1887904399991)
[2024-09-07 09:44:51,139][flwr][INFO] - configure_evaluate: strategy sampled 2 clients (out of 50)
[2024-09-07 09:44:52,797][flwr][INFO] - aggregate_evaluate: received 2 results and 0 failures
[2024-09-07 09:44:52,797][flwr][INFO] - 
[2024-09-07 09:44:52,797][flwr][INFO] - [ROUND 19]
[2024-09-07 09:44:52,797][flwr][INFO] - configure_fit: strategy sampled 5 clients (out of 50)
[2024-09-07 09:45:36,483][flwr][INFO] - aggregate_fit: received 5 results and 0 failures
[2024-09-07 09:46:23,467][flwr][INFO] - fit progress: (19, 1980.5170548558235, {'accuracy': 0.43834602368866327}, 1710.5169074150035)
[2024-09-07 09:46:23,467][flwr][INFO] - configure_evaluate: strategy sampled 2 clients (out of 50)
[2024-09-07 09:46:24,815][flwr][INFO] - aggregate_evaluate: received 2 results and 0 failures
[2024-09-07 09:46:24,815][flwr][INFO] - 
[2024-09-07 09:46:24,815][flwr][INFO] - [ROUND 20]
[2024-09-07 09:46:24,815][flwr][INFO] - configure_fit: strategy sampled 5 clients (out of 50)
[2024-09-07 09:47:02,679][flwr][INFO] - aggregate_fit: received 5 results and 0 failures
[2024-09-07 09:47:49,633][flwr][INFO] - fit progress: (20, 2873.57797062397, {'accuracy': 0.3626692047377327}, 1796.6831990270002)
[2024-09-07 09:47:49,634][flwr][INFO] - configure_evaluate: strategy sampled 2 clients (out of 50)
[2024-09-07 09:47:50,943][flwr][INFO] - aggregate_evaluate: received 2 results and 0 failures
[2024-09-07 09:47:50,944][flwr][INFO] - 
[2024-09-07 09:47:50,944][flwr][INFO] - [ROUND 21]
[2024-09-07 09:47:50,944][flwr][INFO] - configure_fit: strategy sampled 5 clients (out of 50)
[2024-09-07 09:48:33,392][flwr][INFO] - aggregate_fit: received 5 results and 0 failures
[2024-09-07 09:49:20,552][flwr][INFO] - fit progress: (21, 1933.8759150505066, {'accuracy': 0.49921742808798647}, 1887.6017491090024)
[2024-09-07 09:49:20,552][flwr][INFO] - configure_evaluate: strategy sampled 2 clients (out of 50)
[2024-09-07 09:49:22,184][flwr][INFO] - aggregate_evaluate: received 2 results and 0 failures
[2024-09-07 09:49:22,184][flwr][INFO] - 
[2024-09-07 09:49:22,243][flwr][INFO] - [ROUND 22]
[2024-09-07 09:49:22,243][flwr][INFO] - configure_fit: strategy sampled 5 clients (out of 50)
[2024-09-07 09:49:55,965][flwr][INFO] - aggregate_fit: received 5 results and 0 failures
[2024-09-07 09:50:43,071][flwr][INFO] - fit progress: (22, 2586.332787871361, {'accuracy': 0.3220812182741117}, 1970.120820281998)
[2024-09-07 09:50:43,071][flwr][INFO] - configure_evaluate: strategy sampled 2 clients (out of 50)
[2024-09-07 09:50:44,565][flwr][INFO] - aggregate_evaluate: received 2 results and 0 failures
[2024-09-07 09:50:44,565][flwr][INFO] - 
[2024-09-07 09:50:44,565][flwr][INFO] - [ROUND 23]
[2024-09-07 09:50:44,565][flwr][INFO] - configure_fit: strategy sampled 5 clients (out of 50)
[2024-09-07 09:51:30,132][flwr][INFO] - aggregate_fit: received 5 results and 0 failures
[2024-09-07 09:52:17,209][flwr][INFO] - fit progress: (23, 1684.6052631139755, {'accuracy': 0.5884517766497462}, 2064.2585075690004)
[2024-09-07 09:52:17,209][flwr][INFO] - configure_evaluate: strategy sampled 2 clients (out of 50)
[2024-09-07 09:52:18,929][flwr][INFO] - aggregate_evaluate: received 2 results and 0 failures
[2024-09-07 09:52:18,929][flwr][INFO] - 
[2024-09-07 09:52:18,929][flwr][INFO] - [ROUND 24]
[2024-09-07 09:52:18,929][flwr][INFO] - configure_fit: strategy sampled 5 clients (out of 50)
[2024-09-07 09:52:59,698][flwr][INFO] - aggregate_fit: received 5 results and 0 failures
[2024-09-07 09:53:46,826][flwr][INFO] - fit progress: (24, 2852.953306555748, {'accuracy': 0.3385152284263959}, 2153.8762748860026)
[2024-09-07 09:53:46,827][flwr][INFO] - configure_evaluate: strategy sampled 2 clients (out of 50)
[2024-09-07 09:53:48,142][flwr][INFO] - aggregate_evaluate: received 2 results and 0 failures
[2024-09-07 09:53:48,142][flwr][INFO] - 
[2024-09-07 09:53:48,142][flwr][INFO] - [ROUND 25]
[2024-09-07 09:53:48,142][flwr][INFO] - configure_fit: strategy sampled 5 clients (out of 50)
[2024-09-07 09:54:29,232][flwr][INFO] - aggregate_fit: received 5 results and 0 failures
[2024-09-07 09:55:16,347][flwr][INFO] - fit progress: (25, 2159.023251950741, {'accuracy': 0.43582910321489}, 2243.396965462998)
[2024-09-07 09:55:16,347][flwr][INFO] - configure_evaluate: strategy sampled 2 clients (out of 50)
[2024-09-07 09:55:18,020][flwr][INFO] - aggregate_evaluate: received 2 results and 0 failures
[2024-09-07 09:55:18,020][flwr][INFO] - 
[2024-09-07 09:55:18,020][flwr][INFO] - [ROUND 26]
[2024-09-07 09:55:18,020][flwr][INFO] - configure_fit: strategy sampled 5 clients (out of 50)
[2024-09-07 09:55:54,897][flwr][INFO] - aggregate_fit: received 5 results and 0 failures
[2024-09-07 09:56:41,785][flwr][INFO] - fit progress: (26, 3011.5565078258514, {'accuracy': 0.3438663282571912}, 2328.8352416609996)
[2024-09-07 09:56:41,786][flwr][INFO] - configure_evaluate: strategy sampled 2 clients (out of 50)
[2024-09-07 09:56:43,484][flwr][INFO] - aggregate_evaluate: received 2 results and 0 failures
[2024-09-07 09:56:43,484][flwr][INFO] - 
[2024-09-07 09:56:43,484][flwr][INFO] - [ROUND 27]
[2024-09-07 09:56:43,484][flwr][INFO] - configure_fit: strategy sampled 5 clients (out of 50)
[2024-09-07 09:57:26,447][flwr][INFO] - aggregate_fit: received 5 results and 0 failures
[2024-09-07 09:58:13,470][flwr][INFO] - fit progress: (27, 1908.0528555512428, {'accuracy': 0.5255076142131979}, 2420.5196982240013)
[2024-09-07 09:58:13,470][flwr][INFO] - configure_evaluate: strategy sampled 2 clients (out of 50)
[2024-09-07 09:58:15,019][flwr][INFO] - aggregate_evaluate: received 2 results and 0 failures
[2024-09-07 09:58:15,019][flwr][INFO] - 
[2024-09-07 09:58:15,019][flwr][INFO] - [ROUND 28]
[2024-09-07 09:58:15,019][flwr][INFO] - configure_fit: strategy sampled 5 clients (out of 50)
[2024-09-07 09:58:48,762][flwr][INFO] - aggregate_fit: received 5 results and 0 failures
[2024-09-07 09:59:36,069][flwr][INFO] - fit progress: (28, 4557.629492044449, {'accuracy': 0.2805414551607445}, 2503.118942289999)
[2024-09-07 09:59:36,069][flwr][INFO] - configure_evaluate: strategy sampled 2 clients (out of 50)
[2024-09-07 09:59:37,432][flwr][INFO] - aggregate_evaluate: received 2 results and 0 failures
[2024-09-07 09:59:37,432][flwr][INFO] - 
[2024-09-07 09:59:37,432][flwr][INFO] - [ROUND 29]
[2024-09-07 09:59:37,432][flwr][INFO] - configure_fit: strategy sampled 5 clients (out of 50)
[2024-09-07 10:00:17,175][flwr][INFO] - aggregate_fit: received 5 results and 0 failures
[2024-09-07 10:01:04,054][flwr][INFO] - fit progress: (29, 2261.754847884178, {'accuracy': 0.39033417935702197}, 2591.103963489004)
[2024-09-07 10:01:04,054][flwr][INFO] - configure_evaluate: strategy sampled 2 clients (out of 50)
[2024-09-07 10:01:05,884][flwr][INFO] - aggregate_evaluate: received 2 results and 0 failures
[2024-09-07 10:01:05,884][flwr][INFO] - 
[2024-09-07 10:01:05,884][flwr][INFO] - [ROUND 30]
[2024-09-07 10:01:05,884][flwr][INFO] - configure_fit: strategy sampled 5 clients (out of 50)
[2024-09-07 10:01:44,554][flwr][INFO] - aggregate_fit: received 5 results and 0 failures
[2024-09-07 10:02:31,783][flwr][INFO] - fit progress: (30, 2501.869270861149, {'accuracy': 0.40750846023688664}, 2678.833037882003)
[2024-09-07 10:02:31,783][flwr][INFO] - configure_evaluate: strategy sampled 2 clients (out of 50)
[2024-09-07 10:02:33,108][flwr][INFO] - aggregate_evaluate: received 2 results and 0 failures
[2024-09-07 10:02:33,108][flwr][INFO] - 
[2024-09-07 10:02:33,108][flwr][INFO] - [ROUND 31]
[2024-09-07 10:02:33,108][flwr][INFO] - configure_fit: strategy sampled 5 clients (out of 50)
[2024-09-07 10:03:18,448][flwr][INFO] - aggregate_fit: received 5 results and 0 failures
[2024-09-07 10:04:05,393][flwr][INFO] - fit progress: (31, 1831.6674280762672, {'accuracy': 0.5644670050761421}, 2772.4429893100023)
[2024-09-07 10:04:05,393][flwr][INFO] - configure_evaluate: strategy sampled 2 clients (out of 50)
[2024-09-07 10:04:06,510][flwr][INFO] - aggregate_evaluate: received 2 results and 0 failures
[2024-09-07 10:04:06,510][flwr][INFO] - 
[2024-09-07 10:04:06,510][flwr][INFO] - [ROUND 32]
[2024-09-07 10:04:06,511][flwr][INFO] - configure_fit: strategy sampled 5 clients (out of 50)
[2024-09-07 10:04:37,930][flwr][INFO] - aggregate_fit: received 5 results and 0 failures
[2024-09-07 10:05:25,045][flwr][INFO] - fit progress: (32, 3193.449198126793, {'accuracy': 0.3067047377326565}, 2852.0944503490027)
[2024-09-07 10:05:25,045][flwr][INFO] - configure_evaluate: strategy sampled 2 clients (out of 50)
[2024-09-07 10:05:26,331][flwr][INFO] - aggregate_evaluate: received 2 results and 0 failures
[2024-09-07 10:05:26,331][flwr][INFO] - 
[2024-09-07 10:05:26,331][flwr][INFO] - [ROUND 33]
[2024-09-07 10:05:26,331][flwr][INFO] - configure_fit: strategy sampled 5 clients (out of 50)
[2024-09-07 10:06:08,859][flwr][INFO] - aggregate_fit: received 5 results and 0 failures
[2024-09-07 10:06:55,981][flwr][INFO] - fit progress: (33, 2410.1571260094643, {'accuracy': 0.4453045685279188}, 2943.0306341370015)
[2024-09-07 10:06:55,981][flwr][INFO] - configure_evaluate: strategy sampled 2 clients (out of 50)
[2024-09-07 10:06:57,741][flwr][INFO] - aggregate_evaluate: received 2 results and 0 failures
[2024-09-07 10:06:57,742][flwr][INFO] - 
[2024-09-07 10:06:57,742][flwr][INFO] - [ROUND 34]
[2024-09-07 10:06:57,742][flwr][INFO] - configure_fit: strategy sampled 5 clients (out of 50)
[2024-09-07 10:07:48,419][flwr][INFO] - aggregate_fit: received 5 results and 0 failures
[2024-09-07 10:08:35,386][flwr][INFO] - fit progress: (34, 2030.8240414261818, {'accuracy': 0.5527284263959391}, 3042.435294431998)
[2024-09-07 10:08:35,386][flwr][INFO] - configure_evaluate: strategy sampled 2 clients (out of 50)
[2024-09-07 10:08:36,995][flwr][INFO] - aggregate_evaluate: received 2 results and 0 failures
[2024-09-07 10:08:36,995][flwr][INFO] - 
[2024-09-07 10:08:36,995][flwr][INFO] - [ROUND 35]
[2024-09-07 10:08:36,995][flwr][INFO] - configure_fit: strategy sampled 5 clients (out of 50)
[2024-09-07 10:09:21,309][flwr][INFO] - aggregate_fit: received 5 results and 0 failures
[2024-09-07 10:10:08,345][flwr][INFO] - fit progress: (35, 2114.1140540242195, {'accuracy': 0.46304991539763113}, 3135.3952093789994)
[2024-09-07 10:10:08,346][flwr][INFO] - configure_evaluate: strategy sampled 2 clients (out of 50)
[2024-09-07 10:10:10,191][flwr][INFO] - aggregate_evaluate: received 2 results and 0 failures
[2024-09-07 10:10:10,191][flwr][INFO] - 
[2024-09-07 10:10:10,191][flwr][INFO] - [ROUND 36]
[2024-09-07 10:10:10,191][flwr][INFO] - configure_fit: strategy sampled 5 clients (out of 50)
[2024-09-07 10:10:54,525][flwr][INFO] - aggregate_fit: received 5 results and 0 failures
[2024-09-07 10:11:43,788][flwr][INFO] - fit progress: (36, 1765.9761244654655, {'accuracy': 0.5553299492385787}, 3230.8374314890025)
[2024-09-07 10:11:43,788][flwr][INFO] - configure_evaluate: strategy sampled 2 clients (out of 50)
[2024-09-07 10:11:45,590][flwr][INFO] - aggregate_evaluate: received 2 results and 0 failures
[2024-09-07 10:11:45,591][flwr][INFO] - 
[2024-09-07 10:11:45,591][flwr][INFO] - [ROUND 37]
[2024-09-07 10:11:45,591][flwr][INFO] - configure_fit: strategy sampled 5 clients (out of 50)
[2024-09-07 10:12:21,595][flwr][INFO] - aggregate_fit: received 5 results and 0 failures
[2024-09-07 10:13:10,698][flwr][INFO] - fit progress: (37, 2300.428319334984, {'accuracy': 0.392005076142132}, 3317.747770273003)
[2024-09-07 10:13:10,698][flwr][INFO] - configure_evaluate: strategy sampled 2 clients (out of 50)
[2024-09-07 10:13:12,059][flwr][INFO] - aggregate_evaluate: received 2 results and 0 failures
[2024-09-07 10:13:12,059][flwr][INFO] - 
[2024-09-07 10:13:12,059][flwr][INFO] - [ROUND 38]
[2024-09-07 10:13:12,059][flwr][INFO] - configure_fit: strategy sampled 5 clients (out of 50)
[2024-09-07 10:13:58,564][flwr][INFO] - aggregate_fit: received 5 results and 0 failures
[2024-09-07 10:14:47,606][flwr][INFO] - fit progress: (38, 1896.203049480915, {'accuracy': 0.5706218274111675}, 3414.6559854430016)
[2024-09-07 10:14:47,606][flwr][INFO] - configure_evaluate: strategy sampled 2 clients (out of 50)
[2024-09-07 10:14:48,664][flwr][INFO] - aggregate_evaluate: received 2 results and 0 failures
[2024-09-07 10:14:48,664][flwr][INFO] - 
[2024-09-07 10:14:48,664][flwr][INFO] - [ROUND 39]
[2024-09-07 10:14:48,664][flwr][INFO] - configure_fit: strategy sampled 5 clients (out of 50)
[2024-09-07 10:15:34,821][flwr][INFO] - aggregate_fit: received 5 results and 0 failures
[2024-09-07 10:16:23,870][flwr][INFO] - fit progress: (39, 2585.342825293541, {'accuracy': 0.4488155668358714}, 3510.9193053670024)
[2024-09-07 10:16:23,870][flwr][INFO] - configure_evaluate: strategy sampled 2 clients (out of 50)
[2024-09-07 10:16:25,250][flwr][INFO] - aggregate_evaluate: received 2 results and 0 failures
[2024-09-07 10:16:25,250][flwr][INFO] - 
[2024-09-07 10:16:25,250][flwr][INFO] - [ROUND 40]
[2024-09-07 10:16:25,250][flwr][INFO] - configure_fit: strategy sampled 5 clients (out of 50)
[2024-09-07 10:17:07,811][flwr][INFO] - aggregate_fit: received 5 results and 0 failures
[2024-09-07 10:17:56,982][flwr][INFO] - fit progress: (40, 1915.1941957473755, {'accuracy': 0.5601522842639594}, 3604.031878351998)
[2024-09-07 10:17:56,982][flwr][INFO] - configure_evaluate: strategy sampled 2 clients (out of 50)
[2024-09-07 10:17:58,808][flwr][INFO] - aggregate_evaluate: received 2 results and 0 failures
[2024-09-07 10:17:58,808][flwr][INFO] - 
[2024-09-07 10:17:58,808][flwr][INFO] - [ROUND 41]
[2024-09-07 10:17:58,808][flwr][INFO] - configure_fit: strategy sampled 5 clients (out of 50)
[2024-09-07 10:18:33,300][flwr][INFO] - aggregate_fit: received 5 results and 0 failures
[2024-09-07 10:19:22,240][flwr][INFO] - fit progress: (41, 2777.879351735115, {'accuracy': 0.3135786802030457}, 3689.2893499959973)
[2024-09-07 10:19:22,240][flwr][INFO] - configure_evaluate: strategy sampled 2 clients (out of 50)
[2024-09-07 10:19:23,824][flwr][INFO] - aggregate_evaluate: received 2 results and 0 failures
[2024-09-07 10:19:23,824][flwr][INFO] - 
[2024-09-07 10:19:23,824][flwr][INFO] - [ROUND 42]
[2024-09-07 10:19:23,824][flwr][INFO] - configure_fit: strategy sampled 5 clients (out of 50)
[2024-09-07 10:20:06,394][flwr][INFO] - aggregate_fit: received 5 results and 0 failures
[2024-09-07 10:20:55,406][flwr][INFO] - fit progress: (42, 1948.4175343513489, {'accuracy': 0.5513959390862944}, 3782.4559527610036)
[2024-09-07 10:20:55,406][flwr][INFO] - configure_evaluate: strategy sampled 2 clients (out of 50)
[2024-09-07 10:20:56,593][flwr][INFO] - aggregate_evaluate: received 2 results and 0 failures
[2024-09-07 10:20:56,593][flwr][INFO] - 
[2024-09-07 10:20:56,593][flwr][INFO] - [ROUND 43]
[2024-09-07 10:20:56,594][flwr][INFO] - configure_fit: strategy sampled 5 clients (out of 50)
[2024-09-07 10:21:39,650][flwr][INFO] - aggregate_fit: received 5 results and 0 failures
[2024-09-07 10:22:28,713][flwr][INFO] - fit progress: (43, 2127.332618176937, {'accuracy': 0.4273900169204738}, 3875.762538256)
[2024-09-07 10:22:28,713][flwr][INFO] - configure_evaluate: strategy sampled 2 clients (out of 50)
[2024-09-07 10:22:30,374][flwr][INFO] - aggregate_evaluate: received 2 results and 0 failures
[2024-09-07 10:22:30,374][flwr][INFO] - 
[2024-09-07 10:22:30,374][flwr][INFO] - [ROUND 44]
[2024-09-07 10:22:30,374][flwr][INFO] - configure_fit: strategy sampled 5 clients (out of 50)
[2024-09-07 10:23:09,661][flwr][INFO] - aggregate_fit: received 5 results and 0 failures
[2024-09-07 10:23:58,731][flwr][INFO] - fit progress: (44, 2081.6907202005386, {'accuracy': 0.43637901861252115}, 3965.7805611540025)
[2024-09-07 10:23:58,731][flwr][INFO] - configure_evaluate: strategy sampled 2 clients (out of 50)
[2024-09-07 10:24:00,196][flwr][INFO] - aggregate_evaluate: received 2 results and 0 failures
[2024-09-07 10:24:00,196][flwr][INFO] - 
[2024-09-07 10:24:00,196][flwr][INFO] - [ROUND 45]
[2024-09-07 10:24:00,197][flwr][INFO] - configure_fit: strategy sampled 5 clients (out of 50)
[2024-09-07 10:24:46,090][flwr][INFO] - aggregate_fit: received 5 results and 0 failures
[2024-09-07 10:25:33,206][flwr][INFO] - fit progress: (45, 1941.1289917826653, {'accuracy': 0.5658840947546532}, 4060.255981743001)
[2024-09-07 10:25:33,206][flwr][INFO] - configure_evaluate: strategy sampled 2 clients (out of 50)
[2024-09-07 10:25:34,590][flwr][INFO] - aggregate_evaluate: received 2 results and 0 failures
[2024-09-07 10:25:34,590][flwr][INFO] - 
[2024-09-07 10:25:34,590][flwr][INFO] - [ROUND 46]
[2024-09-07 10:25:34,590][flwr][INFO] - configure_fit: strategy sampled 5 clients (out of 50)
[2024-09-07 10:26:17,886][flwr][INFO] - aggregate_fit: received 5 results and 0 failures
[2024-09-07 10:27:05,053][flwr][INFO] - fit progress: (46, 2046.4737426042557, {'accuracy': 0.512901861252115}, 4152.102654879003)
[2024-09-07 10:27:05,053][flwr][INFO] - configure_evaluate: strategy sampled 2 clients (out of 50)
[2024-09-07 10:27:06,649][flwr][INFO] - aggregate_evaluate: received 2 results and 0 failures
[2024-09-07 10:27:06,650][flwr][INFO] - 
[2024-09-07 10:27:06,650][flwr][INFO] - [ROUND 47]
[2024-09-07 10:27:06,650][flwr][INFO] - configure_fit: strategy sampled 5 clients (out of 50)
[2024-09-07 10:27:46,583][flwr][INFO] - aggregate_fit: received 5 results and 0 failures
[2024-09-07 10:28:33,582][flwr][INFO] - fit progress: (47, 2077.9830002188683, {'accuracy': 0.48532148900169203}, 4240.631391340998)
[2024-09-07 10:28:33,582][flwr][INFO] - configure_evaluate: strategy sampled 2 clients (out of 50)
[2024-09-07 10:28:34,957][flwr][INFO] - aggregate_evaluate: received 2 results and 0 failures
[2024-09-07 10:28:34,957][flwr][INFO] - 
[2024-09-07 10:28:34,957][flwr][INFO] - [ROUND 48]
[2024-09-07 10:28:34,957][flwr][INFO] - configure_fit: strategy sampled 5 clients (out of 50)
[2024-09-07 10:29:16,048][flwr][INFO] - aggregate_fit: received 5 results and 0 failures
[2024-09-07 10:30:03,072][flwr][INFO] - fit progress: (48, 2312.883037865162, {'accuracy': 0.4289340101522843}, 4330.121476464999)
[2024-09-07 10:30:03,072][flwr][INFO] - configure_evaluate: strategy sampled 2 clients (out of 50)
[2024-09-07 10:30:04,702][flwr][INFO] - aggregate_evaluate: received 2 results and 0 failures
[2024-09-07 10:30:04,702][flwr][INFO] - 
[2024-09-07 10:30:04,702][flwr][INFO] - [ROUND 49]
[2024-09-07 10:30:04,702][flwr][INFO] - configure_fit: strategy sampled 5 clients (out of 50)
[2024-09-07 10:30:58,549][flwr][INFO] - aggregate_fit: received 5 results and 0 failures
[2024-09-07 10:31:45,605][flwr][INFO] - fit progress: (49, 2377.72506159544, {'accuracy': 0.5482233502538071}, 4432.654905875002)
[2024-09-07 10:31:45,605][flwr][INFO] - configure_evaluate: strategy sampled 2 clients (out of 50)
[2024-09-07 10:31:46,634][flwr][INFO] - aggregate_evaluate: received 2 results and 0 failures
[2024-09-07 10:31:46,634][flwr][INFO] - 
[2024-09-07 10:31:46,634][flwr][INFO] - [ROUND 50]
[2024-09-07 10:31:46,634][flwr][INFO] - configure_fit: strategy sampled 5 clients (out of 50)
[2024-09-07 10:32:25,923][flwr][INFO] - aggregate_fit: received 5 results and 0 failures
[2024-09-07 10:33:12,888][flwr][INFO] - fit progress: (50, 2022.9165479540825, {'accuracy': 0.5136421319796954}, 4519.938077505001)
[2024-09-07 10:33:12,888][flwr][INFO] - configure_evaluate: strategy sampled 2 clients (out of 50)
[2024-09-07 10:33:14,087][flwr][INFO] - aggregate_evaluate: received 2 results and 0 failures
[2024-09-07 10:33:14,088][flwr][INFO] - 
[2024-09-07 10:33:14,088][flwr][INFO] - [ROUND 51]
[2024-09-07 10:33:14,088][flwr][INFO] - configure_fit: strategy sampled 5 clients (out of 50)
[2024-09-07 10:33:50,619][flwr][INFO] - aggregate_fit: received 5 results and 0 failures
[2024-09-07 10:34:37,640][flwr][INFO] - fit progress: (51, 2272.823066353798, {'accuracy': 0.4071065989847716}, 4604.689481009998)
[2024-09-07 10:34:37,640][flwr][INFO] - configure_evaluate: strategy sampled 2 clients (out of 50)
[2024-09-07 10:34:38,885][flwr][INFO] - aggregate_evaluate: received 2 results and 0 failures
[2024-09-07 10:34:38,885][flwr][INFO] - 
[2024-09-07 10:34:38,885][flwr][INFO] - [ROUND 52]
[2024-09-07 10:34:38,885][flwr][INFO] - configure_fit: strategy sampled 5 clients (out of 50)
[2024-09-07 10:35:25,887][flwr][INFO] - aggregate_fit: received 5 results and 0 failures
[2024-09-07 10:36:12,804][flwr][INFO] - fit progress: (52, 1955.2886778116226, {'accuracy': 0.5544839255499154}, 4699.853874122004)
[2024-09-07 10:36:12,804][flwr][INFO] - configure_evaluate: strategy sampled 2 clients (out of 50)
[2024-09-07 10:36:14,138][flwr][INFO] - aggregate_evaluate: received 2 results and 0 failures
[2024-09-07 10:36:14,138][flwr][INFO] - 
[2024-09-07 10:36:14,197][flwr][INFO] - [ROUND 53]
[2024-09-07 10:36:14,197][flwr][INFO] - configure_fit: strategy sampled 5 clients (out of 50)
[2024-09-07 10:36:51,247][flwr][INFO] - aggregate_fit: received 5 results and 0 failures
[2024-09-07 10:37:38,278][flwr][INFO] - fit progress: (53, 2742.587169289589, {'accuracy': 0.3464467005076142}, 4785.3274116600005)
[2024-09-07 10:37:38,278][flwr][INFO] - configure_evaluate: strategy sampled 2 clients (out of 50)
[2024-09-07 10:37:39,846][flwr][INFO] - aggregate_evaluate: received 2 results and 0 failures
[2024-09-07 10:37:39,846][flwr][INFO] - 
[2024-09-07 10:37:39,846][flwr][INFO] - [ROUND 54]
[2024-09-07 10:37:39,846][flwr][INFO] - configure_fit: strategy sampled 5 clients (out of 50)
[2024-09-07 10:38:19,255][flwr][INFO] - aggregate_fit: received 5 results and 0 failures
[2024-09-07 10:39:06,270][flwr][INFO] - fit progress: (54, 2961.8843096494675, {'accuracy': 0.28756345177664977}, 4873.319694197002)
[2024-09-07 10:39:06,270][flwr][INFO] - configure_evaluate: strategy sampled 2 clients (out of 50)
[2024-09-07 10:39:07,827][flwr][INFO] - aggregate_evaluate: received 2 results and 0 failures
[2024-09-07 10:39:07,827][flwr][INFO] - 
[2024-09-07 10:39:07,827][flwr][INFO] - [ROUND 55]
[2024-09-07 10:39:07,827][flwr][INFO] - configure_fit: strategy sampled 5 clients (out of 50)
[2024-09-07 10:39:54,598][flwr][INFO] - aggregate_fit: received 5 results and 0 failures
[2024-09-07 10:40:41,666][flwr][INFO] - fit progress: (55, 1816.7779237627983, {'accuracy': 0.5427453468697123}, 4968.715809743997)
[2024-09-07 10:40:41,666][flwr][INFO] - configure_evaluate: strategy sampled 2 clients (out of 50)
[2024-09-07 10:40:42,984][flwr][INFO] - aggregate_evaluate: received 2 results and 0 failures
[2024-09-07 10:40:42,984][flwr][INFO] - 
[2024-09-07 10:40:42,984][flwr][INFO] - [ROUND 56]
[2024-09-07 10:40:42,984][flwr][INFO] - configure_fit: strategy sampled 5 clients (out of 50)
[2024-09-07 10:41:25,559][flwr][INFO] - aggregate_fit: received 5 results and 0 failures
[2024-09-07 10:42:12,637][flwr][INFO] - fit progress: (56, 2221.2839191555977, {'accuracy': 0.48887478849407784}, 5059.687244059998)
[2024-09-07 10:42:12,638][flwr][INFO] - configure_evaluate: strategy sampled 2 clients (out of 50)
[2024-09-07 10:42:14,407][flwr][INFO] - aggregate_evaluate: received 2 results and 0 failures
[2024-09-07 10:42:14,407][flwr][INFO] - 
[2024-09-07 10:42:14,407][flwr][INFO] - [ROUND 57]
[2024-09-07 10:42:14,407][flwr][INFO] - configure_fit: strategy sampled 5 clients (out of 50)
[2024-09-07 10:43:01,623][flwr][INFO] - aggregate_fit: received 5 results and 0 failures
[2024-09-07 10:43:48,600][flwr][INFO] - fit progress: (57, 1763.1495869159698, {'accuracy': 0.561992385786802}, 5155.650164550003)
[2024-09-07 10:43:48,601][flwr][INFO] - configure_evaluate: strategy sampled 2 clients (out of 50)
[2024-09-07 10:43:49,928][flwr][INFO] - aggregate_evaluate: received 2 results and 0 failures
[2024-09-07 10:43:49,928][flwr][INFO] - 
[2024-09-07 10:43:49,928][flwr][INFO] - [ROUND 58]
[2024-09-07 10:43:49,928][flwr][INFO] - configure_fit: strategy sampled 5 clients (out of 50)
[2024-09-07 10:44:30,622][flwr][INFO] - aggregate_fit: received 5 results and 0 failures
[2024-09-07 10:45:17,564][flwr][INFO] - fit progress: (58, 2321.339726090431, {'accuracy': 0.4541243654822335}, 5244.614284338)
[2024-09-07 10:45:17,565][flwr][INFO] - configure_evaluate: strategy sampled 2 clients (out of 50)
[2024-09-07 10:45:18,872][flwr][INFO] - aggregate_evaluate: received 2 results and 0 failures
[2024-09-07 10:45:18,872][flwr][INFO] - 
[2024-09-07 10:45:18,872][flwr][INFO] - [ROUND 59]
[2024-09-07 10:45:18,872][flwr][INFO] - configure_fit: strategy sampled 5 clients (out of 50)
[2024-09-07 10:46:07,431][flwr][INFO] - aggregate_fit: received 5 results and 0 failures
[2024-09-07 10:46:54,589][flwr][INFO] - fit progress: (59, 2267.6321070194244, {'accuracy': 0.5011421319796955}, 5341.638647334999)
[2024-09-07 10:46:54,589][flwr][INFO] - configure_evaluate: strategy sampled 2 clients (out of 50)
[2024-09-07 10:46:56,451][flwr][INFO] - aggregate_evaluate: received 2 results and 0 failures
[2024-09-07 10:46:56,451][flwr][INFO] - 
[2024-09-07 10:46:56,451][flwr][INFO] - [ROUND 60]
[2024-09-07 10:46:56,451][flwr][INFO] - configure_fit: strategy sampled 5 clients (out of 50)
[2024-09-07 10:47:32,788][flwr][INFO] - aggregate_fit: received 5 results and 0 failures
[2024-09-07 10:48:21,932][flwr][INFO] - fit progress: (60, 2643.586839735508, {'accuracy': 0.3420896785109983}, 5428.981638947)
[2024-09-07 10:48:21,932][flwr][INFO] - configure_evaluate: strategy sampled 2 clients (out of 50)
[2024-09-07 10:48:23,141][flwr][INFO] - aggregate_evaluate: received 2 results and 0 failures
[2024-09-07 10:48:23,141][flwr][INFO] - 
[2024-09-07 10:48:23,141][flwr][INFO] - [ROUND 61]
[2024-09-07 10:48:23,141][flwr][INFO] - configure_fit: strategy sampled 5 clients (out of 50)
[2024-09-07 10:49:02,747][flwr][INFO] - aggregate_fit: received 5 results and 0 failures
[2024-09-07 10:49:51,806][flwr][INFO] - fit progress: (61, 2112.8170344233513, {'accuracy': 0.44875211505922163}, 5518.855430839001)
[2024-09-07 10:49:51,806][flwr][INFO] - configure_evaluate: strategy sampled 2 clients (out of 50)
[2024-09-07 10:49:53,299][flwr][INFO] - aggregate_evaluate: received 2 results and 0 failures
[2024-09-07 10:49:53,299][flwr][INFO] - 
[2024-09-07 10:49:53,299][flwr][INFO] - [ROUND 62]
[2024-09-07 10:49:53,299][flwr][INFO] - configure_fit: strategy sampled 5 clients (out of 50)
[2024-09-07 10:50:37,581][flwr][INFO] - aggregate_fit: received 5 results and 0 failures
[2024-09-07 10:51:26,662][flwr][INFO] - fit progress: (62, 1886.997323691845, {'accuracy': 0.5369289340101523}, 5613.711379958004)
[2024-09-07 10:51:26,662][flwr][INFO] - configure_evaluate: strategy sampled 2 clients (out of 50)
[2024-09-07 10:51:28,022][flwr][INFO] - aggregate_evaluate: received 2 results and 0 failures
[2024-09-07 10:51:28,022][flwr][INFO] - 
[2024-09-07 10:51:28,022][flwr][INFO] - [ROUND 63]
[2024-09-07 10:51:28,022][flwr][INFO] - configure_fit: strategy sampled 5 clients (out of 50)
[2024-09-07 10:52:05,147][flwr][INFO] - aggregate_fit: received 5 results and 0 failures
[2024-09-07 10:52:54,295][flwr][INFO] - fit progress: (63, 3096.3649681806564, {'accuracy': 0.36254230118443315}, 5701.344545382002)
[2024-09-07 10:52:54,295][flwr][INFO] - configure_evaluate: strategy sampled 2 clients (out of 50)
[2024-09-07 10:52:55,912][flwr][INFO] - aggregate_evaluate: received 2 results and 0 failures
[2024-09-07 10:52:55,912][flwr][INFO] - 
[2024-09-07 10:52:55,912][flwr][INFO] - [ROUND 64]
[2024-09-07 10:52:55,912][flwr][INFO] - configure_fit: strategy sampled 5 clients (out of 50)
[2024-09-07 10:53:46,839][flwr][INFO] - aggregate_fit: received 5 results and 0 failures
[2024-09-07 10:54:35,965][flwr][INFO] - fit progress: (64, 1753.749267578125, {'accuracy': 0.5811125211505922}, 5803.015186969002)
[2024-09-07 10:54:35,966][flwr][INFO] - configure_evaluate: strategy sampled 2 clients (out of 50)
[2024-09-07 10:54:37,372][flwr][INFO] - aggregate_evaluate: received 2 results and 0 failures
[2024-09-07 10:54:37,372][flwr][INFO] - 
[2024-09-07 10:54:37,373][flwr][INFO] - [ROUND 65]
[2024-09-07 10:54:37,373][flwr][INFO] - configure_fit: strategy sampled 5 clients (out of 50)
[2024-09-07 10:55:16,627][flwr][INFO] - aggregate_fit: received 5 results and 0 failures
[2024-09-07 10:56:05,710][flwr][INFO] - fit progress: (65, 2807.224462747574, {'accuracy': 0.33284686971235194}, 5892.759784599002)
[2024-09-07 10:56:05,710][flwr][INFO] - configure_evaluate: strategy sampled 2 clients (out of 50)
[2024-09-07 10:56:07,418][flwr][INFO] - aggregate_evaluate: received 2 results and 0 failures
[2024-09-07 10:56:07,418][flwr][INFO] - 
[2024-09-07 10:56:07,418][flwr][INFO] - [ROUND 66]
[2024-09-07 10:56:07,418][flwr][INFO] - configure_fit: strategy sampled 5 clients (out of 50)
[2024-09-07 10:56:45,836][flwr][INFO] - aggregate_fit: received 5 results and 0 failures
[2024-09-07 10:57:34,672][flwr][INFO] - fit progress: (66, 2240.321254849434, {'accuracy': 0.44253384094754655}, 5981.721350804997)
[2024-09-07 10:57:34,672][flwr][INFO] - configure_evaluate: strategy sampled 2 clients (out of 50)
[2024-09-07 10:57:35,886][flwr][INFO] - aggregate_evaluate: received 2 results and 0 failures
[2024-09-07 10:57:35,887][flwr][INFO] - 
[2024-09-07 10:57:35,887][flwr][INFO] - [ROUND 67]
[2024-09-07 10:57:35,887][flwr][INFO] - configure_fit: strategy sampled 5 clients (out of 50)
[2024-09-07 10:58:13,937][flwr][INFO] - aggregate_fit: received 5 results and 0 failures
[2024-09-07 10:59:01,135][flwr][INFO] - fit progress: (67, 2293.719568967819, {'accuracy': 0.4293358714043993}, 6068.184675217999)
[2024-09-07 10:59:01,135][flwr][INFO] - configure_evaluate: strategy sampled 2 clients (out of 50)
[2024-09-07 10:59:02,688][flwr][INFO] - aggregate_evaluate: received 2 results and 0 failures
[2024-09-07 10:59:02,688][flwr][INFO] - 
[2024-09-07 10:59:02,688][flwr][INFO] - [ROUND 68]
[2024-09-07 10:59:02,688][flwr][INFO] - configure_fit: strategy sampled 5 clients (out of 50)
[2024-09-07 10:59:40,942][flwr][INFO] - aggregate_fit: received 5 results and 0 failures
[2024-09-07 11:00:28,002][flwr][INFO] - fit progress: (68, 2479.7405985593796, {'accuracy': 0.4270516074450085}, 6155.0521269169985)
[2024-09-07 11:00:28,003][flwr][INFO] - configure_evaluate: strategy sampled 2 clients (out of 50)
[2024-09-07 11:00:29,610][flwr][INFO] - aggregate_evaluate: received 2 results and 0 failures
[2024-09-07 11:00:29,610][flwr][INFO] - 
[2024-09-07 11:00:29,610][flwr][INFO] - [ROUND 69]
[2024-09-07 11:00:29,610][flwr][INFO] - configure_fit: strategy sampled 5 clients (out of 50)
[2024-09-07 11:01:03,720][flwr][INFO] - aggregate_fit: received 5 results and 0 failures
[2024-09-07 11:01:53,143][flwr][INFO] - fit progress: (69, 2466.5127118825912, {'accuracy': 0.3788494077834179}, 6240.192780546)
[2024-09-07 11:01:53,143][flwr][INFO] - configure_evaluate: strategy sampled 2 clients (out of 50)
[2024-09-07 11:01:54,742][flwr][INFO] - aggregate_evaluate: received 2 results and 0 failures
[2024-09-07 11:01:54,742][flwr][INFO] - 
[2024-09-07 11:01:54,742][flwr][INFO] - [ROUND 70]
[2024-09-07 11:01:54,742][flwr][INFO] - configure_fit: strategy sampled 5 clients (out of 50)
[2024-09-07 11:02:35,701][flwr][INFO] - aggregate_fit: received 5 results and 0 failures
[2024-09-07 11:03:24,838][flwr][INFO] - fit progress: (70, 1805.5791825056076, {'accuracy': 0.5383248730964467}, 6331.887758163)
[2024-09-07 11:03:24,838][flwr][INFO] - configure_evaluate: strategy sampled 2 clients (out of 50)
[2024-09-07 11:03:26,292][flwr][INFO] - aggregate_evaluate: received 2 results and 0 failures
[2024-09-07 11:03:26,292][flwr][INFO] - 
[2024-09-07 11:03:26,292][flwr][INFO] - [ROUND 71]
[2024-09-07 11:03:26,292][flwr][INFO] - configure_fit: strategy sampled 5 clients (out of 50)
[2024-09-07 11:04:14,831][flwr][INFO] - aggregate_fit: received 5 results and 0 failures
[2024-09-07 11:05:04,126][flwr][INFO] - fit progress: (71, 2067.498178780079, {'accuracy': 0.5959390862944163}, 6431.175984358997)
[2024-09-07 11:05:04,126][flwr][INFO] - configure_evaluate: strategy sampled 2 clients (out of 50)
[2024-09-07 11:05:05,313][flwr][INFO] - aggregate_evaluate: received 2 results and 0 failures
[2024-09-07 11:05:05,314][flwr][INFO] - 
[2024-09-07 11:05:05,314][flwr][INFO] - [ROUND 72]
[2024-09-07 11:05:05,314][flwr][INFO] - configure_fit: strategy sampled 5 clients (out of 50)
[2024-09-07 11:05:52,226][flwr][INFO] - aggregate_fit: received 5 results and 0 failures
[2024-09-07 11:06:41,339][flwr][INFO] - fit progress: (72, 2464.11134493351, {'accuracy': 0.5114636209813874}, 6528.3891700079985)
[2024-09-07 11:06:41,340][flwr][INFO] - configure_evaluate: strategy sampled 2 clients (out of 50)
[2024-09-07 11:06:43,161][flwr][INFO] - aggregate_evaluate: received 2 results and 0 failures
[2024-09-07 11:06:43,162][flwr][INFO] - 
[2024-09-07 11:06:43,162][flwr][INFO] - [ROUND 73]
[2024-09-07 11:06:43,162][flwr][INFO] - configure_fit: strategy sampled 5 clients (out of 50)
[2024-09-07 11:07:25,027][flwr][INFO] - aggregate_fit: received 5 results and 0 failures
[2024-09-07 11:08:14,301][flwr][INFO] - fit progress: (73, 2303.4970331788063, {'accuracy': 0.4356175972927242}, 6621.350945277998)
[2024-09-07 11:08:14,301][flwr][INFO] - configure_evaluate: strategy sampled 2 clients (out of 50)
[2024-09-07 11:08:15,709][flwr][INFO] - aggregate_evaluate: received 2 results and 0 failures
[2024-09-07 11:08:15,709][flwr][INFO] - 
[2024-09-07 11:08:15,709][flwr][INFO] - [ROUND 74]
[2024-09-07 11:08:15,709][flwr][INFO] - configure_fit: strategy sampled 5 clients (out of 50)
[2024-09-07 11:08:54,587][flwr][INFO] - aggregate_fit: received 5 results and 0 failures
[2024-09-07 11:09:43,610][flwr][INFO] - fit progress: (74, 2177.9029653668404, {'accuracy': 0.49566412859560066}, 6710.659571454002)
[2024-09-07 11:09:43,610][flwr][INFO] - configure_evaluate: strategy sampled 2 clients (out of 50)
[2024-09-07 11:09:44,918][flwr][INFO] - aggregate_evaluate: received 2 results and 0 failures
[2024-09-07 11:09:44,918][flwr][INFO] - 
[2024-09-07 11:09:44,918][flwr][INFO] - [ROUND 75]
[2024-09-07 11:09:44,919][flwr][INFO] - configure_fit: strategy sampled 5 clients (out of 50)
[2024-09-07 11:10:23,121][flwr][INFO] - aggregate_fit: received 5 results and 0 failures
[2024-09-07 11:11:12,854][flwr][INFO] - fit progress: (75, 1895.8395377993584, {'accuracy': 0.5180837563451777}, 6799.903766704003)
[2024-09-07 11:11:12,854][flwr][INFO] - configure_evaluate: strategy sampled 2 clients (out of 50)
[2024-09-07 11:11:14,124][flwr][INFO] - aggregate_evaluate: received 2 results and 0 failures
[2024-09-07 11:11:14,125][flwr][INFO] - 
[2024-09-07 11:11:14,125][flwr][INFO] - [ROUND 76]
[2024-09-07 11:11:14,125][flwr][INFO] - configure_fit: strategy sampled 5 clients (out of 50)
[2024-09-07 11:11:45,541][flwr][INFO] - aggregate_fit: received 5 results and 0 failures
[2024-09-07 11:12:34,875][flwr][INFO] - fit progress: (76, 2519.524269580841, {'accuracy': 0.33157783417935704}, 6881.924381110999)
[2024-09-07 11:12:34,875][flwr][INFO] - configure_evaluate: strategy sampled 2 clients (out of 50)
[2024-09-07 11:12:36,641][flwr][INFO] - aggregate_evaluate: received 2 results and 0 failures
[2024-09-07 11:12:36,641][flwr][INFO] - 
[2024-09-07 11:12:36,641][flwr][INFO] - [ROUND 77]
[2024-09-07 11:12:36,642][flwr][INFO] - configure_fit: strategy sampled 5 clients (out of 50)
[2024-09-07 11:13:15,440][flwr][INFO] - aggregate_fit: received 5 results and 0 failures
[2024-09-07 11:14:04,654][flwr][INFO] - fit progress: (77, 1979.8675206899643, {'accuracy': 0.5261844331641286}, 6971.7039584250015)
[2024-09-07 11:14:04,654][flwr][INFO] - configure_evaluate: strategy sampled 2 clients (out of 50)
[2024-09-07 11:14:06,320][flwr][INFO] - aggregate_evaluate: received 2 results and 0 failures
[2024-09-07 11:14:06,320][flwr][INFO] - 
[2024-09-07 11:14:06,320][flwr][INFO] - [ROUND 78]
[2024-09-07 11:14:06,320][flwr][INFO] - configure_fit: strategy sampled 5 clients (out of 50)
[2024-09-07 11:14:44,923][flwr][INFO] - aggregate_fit: received 5 results and 0 failures
[2024-09-07 11:15:34,108][flwr][INFO] - fit progress: (78, 3164.0120601654053, {'accuracy': 0.3166243654822335}, 7061.15787666)
[2024-09-07 11:15:34,108][flwr][INFO] - configure_evaluate: strategy sampled 2 clients (out of 50)
[2024-09-07 11:15:35,697][flwr][INFO] - aggregate_evaluate: received 2 results and 0 failures
[2024-09-07 11:15:35,697][flwr][INFO] - 
[2024-09-07 11:15:35,697][flwr][INFO] - [ROUND 79]
[2024-09-07 11:15:35,697][flwr][INFO] - configure_fit: strategy sampled 5 clients (out of 50)
[2024-09-07 11:16:18,470][flwr][INFO] - aggregate_fit: received 5 results and 0 failures
[2024-09-07 11:17:07,589][flwr][INFO] - fit progress: (79, 2053.445903122425, {'accuracy': 0.5490270727580372}, 7154.638984707002)
[2024-09-07 11:17:07,589][flwr][INFO] - configure_evaluate: strategy sampled 2 clients (out of 50)
[2024-09-07 11:17:09,053][flwr][INFO] - aggregate_evaluate: received 2 results and 0 failures
[2024-09-07 11:17:09,053][flwr][INFO] - 
[2024-09-07 11:17:09,053][flwr][INFO] - [ROUND 80]
[2024-09-07 11:17:09,053][flwr][INFO] - configure_fit: strategy sampled 5 clients (out of 50)
[2024-09-07 11:17:50,494][flwr][INFO] - aggregate_fit: received 5 results and 0 failures
[2024-09-07 11:18:39,650][flwr][INFO] - fit progress: (80, 1850.4364369511604, {'accuracy': 0.5442893401015229}, 7246.700282480997)
[2024-09-07 11:18:39,651][flwr][INFO] - configure_evaluate: strategy sampled 2 clients (out of 50)
[2024-09-07 11:18:41,097][flwr][INFO] - aggregate_evaluate: received 2 results and 0 failures
[2024-09-07 11:18:41,097][flwr][INFO] - 
[2024-09-07 11:18:41,097][flwr][INFO] - [ROUND 81]
[2024-09-07 11:18:41,097][flwr][INFO] - configure_fit: strategy sampled 5 clients (out of 50)
[2024-09-07 11:19:21,936][flwr][INFO] - aggregate_fit: received 5 results and 0 failures
[2024-09-07 11:20:11,088][flwr][INFO] - fit progress: (81, 2458.5065529346466, {'accuracy': 0.47053722504230117}, 7338.137624684001)
[2024-09-07 11:20:11,088][flwr][INFO] - configure_evaluate: strategy sampled 2 clients (out of 50)
[2024-09-07 11:20:12,549][flwr][INFO] - aggregate_evaluate: received 2 results and 0 failures
[2024-09-07 11:20:12,550][flwr][INFO] - 
[2024-09-07 11:20:12,550][flwr][INFO] - [ROUND 82]
[2024-09-07 11:20:12,550][flwr][INFO] - configure_fit: strategy sampled 5 clients (out of 50)
[2024-09-07 11:20:54,994][flwr][INFO] - aggregate_fit: received 5 results and 0 failures
[2024-09-07 11:21:44,099][flwr][INFO] - fit progress: (82, 1892.3538435697556, {'accuracy': 0.5070219966159052}, 7431.148827031)
[2024-09-07 11:21:44,099][flwr][INFO] - configure_evaluate: strategy sampled 2 clients (out of 50)
[2024-09-07 11:21:45,408][flwr][INFO] - aggregate_evaluate: received 2 results and 0 failures
[2024-09-07 11:21:45,408][flwr][INFO] - 
[2024-09-07 11:21:45,408][flwr][INFO] - [ROUND 83]
[2024-09-07 11:21:45,408][flwr][INFO] - configure_fit: strategy sampled 5 clients (out of 50)
[2024-09-07 11:22:33,749][flwr][INFO] - aggregate_fit: received 5 results and 0 failures
[2024-09-07 11:23:22,965][flwr][INFO] - fit progress: (83, 1963.7739888429642, {'accuracy': 0.5588409475465314}, 7530.014894968997)
[2024-09-07 11:23:22,965][flwr][INFO] - configure_evaluate: strategy sampled 2 clients (out of 50)
[2024-09-07 11:23:24,908][flwr][INFO] - aggregate_evaluate: received 2 results and 0 failures
[2024-09-07 11:23:24,908][flwr][INFO] - 
[2024-09-07 11:23:24,908][flwr][INFO] - [ROUND 84]
[2024-09-07 11:23:24,908][flwr][INFO] - configure_fit: strategy sampled 5 clients (out of 50)
[2024-09-07 11:24:09,166][flwr][INFO] - aggregate_fit: received 5 results and 0 failures
[2024-09-07 11:24:58,473][flwr][INFO] - fit progress: (84, 2342.127573311329, {'accuracy': 0.5359560067681896}, 7625.522497488004)
[2024-09-07 11:24:58,473][flwr][INFO] - configure_evaluate: strategy sampled 2 clients (out of 50)
[2024-09-07 11:24:59,771][flwr][INFO] - aggregate_evaluate: received 2 results and 0 failures
[2024-09-07 11:24:59,771][flwr][INFO] - 
[2024-09-07 11:24:59,771][flwr][INFO] - [ROUND 85]
[2024-09-07 11:24:59,771][flwr][INFO] - configure_fit: strategy sampled 5 clients (out of 50)
[2024-09-07 11:25:38,753][flwr][INFO] - aggregate_fit: received 5 results and 0 failures
[2024-09-07 11:26:27,906][flwr][INFO] - fit progress: (85, 2486.9286928772926, {'accuracy': 0.39782148900169206}, 7714.955460550998)
[2024-09-07 11:26:27,906][flwr][INFO] - configure_evaluate: strategy sampled 2 clients (out of 50)
[2024-09-07 11:26:29,313][flwr][INFO] - aggregate_evaluate: received 2 results and 0 failures
[2024-09-07 11:26:29,314][flwr][INFO] - 
[2024-09-07 11:26:29,314][flwr][INFO] - [ROUND 86]
[2024-09-07 11:26:29,314][flwr][INFO] - configure_fit: strategy sampled 5 clients (out of 50)
[2024-09-07 11:27:19,844][flwr][INFO] - aggregate_fit: received 5 results and 0 failures
[2024-09-07 11:28:08,941][flwr][INFO] - fit progress: (86, 2184.528802037239, {'accuracy': 0.5391285956006768}, 7815.991059815002)
[2024-09-07 11:28:08,941][flwr][INFO] - configure_evaluate: strategy sampled 2 clients (out of 50)
[2024-09-07 11:28:10,535][flwr][INFO] - aggregate_evaluate: received 2 results and 0 failures
[2024-09-07 11:28:10,535][flwr][INFO] - 
[2024-09-07 11:28:10,535][flwr][INFO] - [ROUND 87]
[2024-09-07 11:28:10,535][flwr][INFO] - configure_fit: strategy sampled 5 clients (out of 50)
[2024-09-07 11:28:50,219][flwr][INFO] - aggregate_fit: received 5 results and 0 failures
[2024-09-07 11:29:39,217][flwr][INFO] - fit progress: (87, 2637.7835088968277, {'accuracy': 0.37952622673434855}, 7906.266881748998)
[2024-09-07 11:29:39,217][flwr][INFO] - configure_evaluate: strategy sampled 2 clients (out of 50)
[2024-09-07 11:29:40,868][flwr][INFO] - aggregate_evaluate: received 2 results and 0 failures
[2024-09-07 11:29:40,869][flwr][INFO] - 
[2024-09-07 11:29:40,869][flwr][INFO] - [ROUND 88]
[2024-09-07 11:29:40,869][flwr][INFO] - configure_fit: strategy sampled 5 clients (out of 50)
[2024-09-07 11:30:33,182][flwr][INFO] - aggregate_fit: received 5 results and 0 failures
[2024-09-07 11:31:22,130][flwr][INFO] - fit progress: (88, 2417.000989317894, {'accuracy': 0.5291666666666667}, 8009.179608591003)
[2024-09-07 11:31:22,130][flwr][INFO] - configure_evaluate: strategy sampled 2 clients (out of 50)
[2024-09-07 11:31:23,563][flwr][INFO] - aggregate_evaluate: received 2 results and 0 failures
[2024-09-07 11:31:23,564][flwr][INFO] - 
[2024-09-07 11:31:23,564][flwr][INFO] - [ROUND 89]
[2024-09-07 11:31:23,564][flwr][INFO] - configure_fit: strategy sampled 5 clients (out of 50)
[2024-09-07 11:31:52,415][flwr][INFO] - aggregate_fit: received 5 results and 0 failures
[2024-09-07 11:32:41,549][flwr][INFO] - fit progress: (89, 2579.4503239393234, {'accuracy': 0.2767343485617597}, 8088.598442094)
[2024-09-07 11:32:41,549][flwr][INFO] - configure_evaluate: strategy sampled 2 clients (out of 50)
[2024-09-07 11:32:43,212][flwr][INFO] - aggregate_evaluate: received 2 results and 0 failures
[2024-09-07 11:32:43,212][flwr][INFO] - 
[2024-09-07 11:32:43,212][flwr][INFO] - [ROUND 90]
[2024-09-07 11:32:43,212][flwr][INFO] - configure_fit: strategy sampled 5 clients (out of 50)
[2024-09-07 11:33:28,477][flwr][INFO] - aggregate_fit: received 5 results and 0 failures
[2024-09-07 11:34:17,542][flwr][INFO] - fit progress: (90, 2752.3740775585175, {'accuracy': 0.4902495769881557}, 8184.591972913004)
[2024-09-07 11:34:17,542][flwr][INFO] - configure_evaluate: strategy sampled 2 clients (out of 50)
[2024-09-07 11:34:18,624][flwr][INFO] - aggregate_evaluate: received 2 results and 0 failures
[2024-09-07 11:34:18,624][flwr][INFO] - 
[2024-09-07 11:34:18,624][flwr][INFO] - [ROUND 91]
[2024-09-07 11:34:18,624][flwr][INFO] - configure_fit: strategy sampled 5 clients (out of 50)
[2024-09-07 11:35:05,596][flwr][INFO] - aggregate_fit: received 5 results and 0 failures
[2024-09-07 11:35:54,732][flwr][INFO] - fit progress: (91, 2463.144542634487, {'accuracy': 0.4689509306260575}, 8281.781310274004)
[2024-09-07 11:35:54,732][flwr][INFO] - configure_evaluate: strategy sampled 2 clients (out of 50)
[2024-09-07 11:35:56,189][flwr][INFO] - aggregate_evaluate: received 2 results and 0 failures
[2024-09-07 11:35:56,189][flwr][INFO] - 
[2024-09-07 11:35:56,189][flwr][INFO] - [ROUND 92]
[2024-09-07 11:35:56,189][flwr][INFO] - configure_fit: strategy sampled 5 clients (out of 50)
[2024-09-07 11:36:35,520][flwr][INFO] - aggregate_fit: received 5 results and 0 failures
[2024-09-07 11:37:24,599][flwr][INFO] - fit progress: (92, 2520.5728030204773, {'accuracy': 0.3475676818950931}, 8371.648439988)
[2024-09-07 11:37:24,599][flwr][INFO] - configure_evaluate: strategy sampled 2 clients (out of 50)
[2024-09-07 11:37:26,032][flwr][INFO] - aggregate_evaluate: received 2 results and 0 failures
[2024-09-07 11:37:26,032][flwr][INFO] - 
[2024-09-07 11:37:26,032][flwr][INFO] - [ROUND 93]
[2024-09-07 11:37:26,033][flwr][INFO] - configure_fit: strategy sampled 5 clients (out of 50)
[2024-09-07 11:38:06,318][flwr][INFO] - aggregate_fit: received 5 results and 0 failures
[2024-09-07 11:38:55,549][flwr][INFO] - fit progress: (93, 1756.1670285463333, {'accuracy': 0.5725676818950931}, 8462.598705023003)
[2024-09-07 11:38:55,549][flwr][INFO] - configure_evaluate: strategy sampled 2 clients (out of 50)
[2024-09-07 11:38:56,964][flwr][INFO] - aggregate_evaluate: received 2 results and 0 failures
[2024-09-07 11:38:56,965][flwr][INFO] - 
[2024-09-07 11:38:56,965][flwr][INFO] - [ROUND 94]
[2024-09-07 11:38:56,965][flwr][INFO] - configure_fit: strategy sampled 5 clients (out of 50)
[2024-09-07 11:39:45,746][flwr][INFO] - aggregate_fit: received 5 results and 0 failures
[2024-09-07 11:40:34,666][flwr][INFO] - fit progress: (94, 2282.1784139871597, {'accuracy': 0.5463197969543148}, 8561.715994006998)
[2024-09-07 11:40:34,666][flwr][INFO] - configure_evaluate: strategy sampled 2 clients (out of 50)
[2024-09-07 11:40:36,225][flwr][INFO] - aggregate_evaluate: received 2 results and 0 failures
[2024-09-07 11:40:36,225][flwr][INFO] - 
[2024-09-07 11:40:36,225][flwr][INFO] - [ROUND 95]
[2024-09-07 11:40:36,225][flwr][INFO] - configure_fit: strategy sampled 5 clients (out of 50)
[2024-09-07 11:41:10,576][flwr][INFO] - aggregate_fit: received 5 results and 0 failures
[2024-09-07 11:41:59,746][flwr][INFO] - fit progress: (95, 2286.0615220069885, {'accuracy': 0.3761421319796954}, 8646.795839372004)
[2024-09-07 11:41:59,746][flwr][INFO] - configure_evaluate: strategy sampled 2 clients (out of 50)
[2024-09-07 11:42:01,267][flwr][INFO] - aggregate_evaluate: received 2 results and 0 failures
[2024-09-07 11:42:01,267][flwr][INFO] - 
[2024-09-07 11:42:01,267][flwr][INFO] - [ROUND 96]
[2024-09-07 11:42:01,267][flwr][INFO] - configure_fit: strategy sampled 5 clients (out of 50)
[2024-09-07 11:42:43,928][flwr][INFO] - aggregate_fit: received 5 results and 0 failures
[2024-09-07 11:43:31,004][flwr][INFO] - fit progress: (96, 1808.6603016853333, {'accuracy': 0.5213620981387479}, 8738.053414068003)
[2024-09-07 11:43:31,004][flwr][INFO] - configure_evaluate: strategy sampled 2 clients (out of 50)
[2024-09-07 11:43:32,607][flwr][INFO] - aggregate_evaluate: received 2 results and 0 failures
[2024-09-07 11:43:32,607][flwr][INFO] - 
[2024-09-07 11:43:32,607][flwr][INFO] - [ROUND 97]
[2024-09-07 11:43:32,607][flwr][INFO] - configure_fit: strategy sampled 5 clients (out of 50)
[2024-09-07 11:44:13,233][flwr][INFO] - aggregate_fit: received 5 results and 0 failures
[2024-09-07 11:45:00,194][flwr][INFO] - fit progress: (97, 2364.1371306777, {'accuracy': 0.4622884940778342}, 8827.243403749999)
[2024-09-07 11:45:00,194][flwr][INFO] - configure_evaluate: strategy sampled 2 clients (out of 50)
[2024-09-07 11:45:01,608][flwr][INFO] - aggregate_evaluate: received 2 results and 0 failures
[2024-09-07 11:45:01,608][flwr][INFO] - 
[2024-09-07 11:45:01,608][flwr][INFO] - [ROUND 98]
[2024-09-07 11:45:01,608][flwr][INFO] - configure_fit: strategy sampled 5 clients (out of 50)
[2024-09-07 11:45:38,821][flwr][INFO] - aggregate_fit: received 5 results and 0 failures
[2024-09-07 11:46:25,994][flwr][INFO] - fit progress: (98, 2194.9018847346306, {'accuracy': 0.42447123519458546}, 8913.044142485)
[2024-09-07 11:46:25,995][flwr][INFO] - configure_evaluate: strategy sampled 2 clients (out of 50)
[2024-09-07 11:46:27,346][flwr][INFO] - aggregate_evaluate: received 2 results and 0 failures
[2024-09-07 11:46:27,346][flwr][INFO] - 
[2024-09-07 11:46:27,346][flwr][INFO] - [ROUND 99]
[2024-09-07 11:46:27,346][flwr][INFO] - configure_fit: strategy sampled 5 clients (out of 50)
[2024-09-07 11:47:10,776][flwr][INFO] - aggregate_fit: received 5 results and 0 failures
[2024-09-07 11:47:57,981][flwr][INFO] - fit progress: (99, 1728.183024764061, {'accuracy': 0.5732021996615905}, 9005.030685377002)
[2024-09-07 11:47:57,981][flwr][INFO] - configure_evaluate: strategy sampled 2 clients (out of 50)
[2024-09-07 11:47:59,644][flwr][INFO] - aggregate_evaluate: received 2 results and 0 failures
[2024-09-07 11:47:59,644][flwr][INFO] - 
[2024-09-07 11:47:59,644][flwr][INFO] - [ROUND 100]
[2024-09-07 11:47:59,644][flwr][INFO] - configure_fit: strategy sampled 5 clients (out of 50)
[2024-09-07 11:48:28,257][flwr][INFO] - aggregate_fit: received 5 results and 0 failures
[2024-09-07 11:49:15,239][flwr][INFO] - fit progress: (100, 3414.0665286779404, {'accuracy': 0.2930414551607445}, 9082.288895063997)
[2024-09-07 11:49:15,239][flwr][INFO] - configure_evaluate: strategy sampled 2 clients (out of 50)
[2024-09-07 11:49:17,135][flwr][INFO] - aggregate_evaluate: received 2 results and 0 failures
[2024-09-07 11:49:17,135][flwr][INFO] - 
[2024-09-07 11:49:17,135][flwr][INFO] - [SUMMARY]
[2024-09-07 11:49:17,135][flwr][INFO] - Run finished 100 round(s) in 9084.18s
[2024-09-07 11:49:17,136][flwr][INFO] - 	History (loss, distributed):
[2024-09-07 11:49:17,136][flwr][INFO] - 		round 1: 9.260348403436113
[2024-09-07 11:49:17,136][flwr][INFO] - 		round 2: 10.294676081403999
[2024-09-07 11:49:17,136][flwr][INFO] - 		round 3: 11.695066139484998
[2024-09-07 11:49:17,136][flwr][INFO] - 		round 4: 9.973778023108606
[2024-09-07 11:49:17,136][flwr][INFO] - 		round 5: 9.932255992206402
[2024-09-07 11:49:17,136][flwr][INFO] - 		round 6: 6.687992763762572
[2024-09-07 11:49:17,136][flwr][INFO] - 		round 7: 14.040136473451524
[2024-09-07 11:49:17,136][flwr][INFO] - 		round 8: 12.21072341618913
[2024-09-07 11:49:17,136][flwr][INFO] - 		round 9: 6.14721347830145
[2024-09-07 11:49:17,136][flwr][INFO] - 		round 10: 8.895030393806188
[2024-09-07 11:49:17,136][flwr][INFO] - 		round 11: 15.360802424298027
[2024-09-07 11:49:17,136][flwr][INFO] - 		round 12: 13.972912204849136
[2024-09-07 11:49:17,136][flwr][INFO] - 		round 13: 13.064811850466379
[2024-09-07 11:49:17,136][flwr][INFO] - 		round 14: 8.060845325530416
[2024-09-07 11:49:17,136][flwr][INFO] - 		round 15: 9.420117571500587
[2024-09-07 11:49:17,136][flwr][INFO] - 		round 16: 10.002356895215952
[2024-09-07 11:49:17,136][flwr][INFO] - 		round 17: 9.850875185395898
[2024-09-07 11:49:17,136][flwr][INFO] - 		round 18: 12.328863051288907
[2024-09-07 11:49:17,136][flwr][INFO] - 		round 19: 6.105452598151514
[2024-09-07 11:49:17,136][flwr][INFO] - 		round 20: 5.561461376451358
[2024-09-07 11:49:17,136][flwr][INFO] - 		round 21: 8.407480704684218
[2024-09-07 11:49:17,136][flwr][INFO] - 		round 22: 11.124258861801055
[2024-09-07 11:49:17,136][flwr][INFO] - 		round 23: 7.433391750294456
[2024-09-07 11:49:17,136][flwr][INFO] - 		round 24: 8.994701491631362
[2024-09-07 11:49:17,137][flwr][INFO] - 		round 25: 10.323729107739505
[2024-09-07 11:49:17,137][flwr][INFO] - 		round 26: 17.909184467140122
[2024-09-07 11:49:17,137][flwr][INFO] - 		round 27: 8.135192813004478
[2024-09-07 11:49:17,137][flwr][INFO] - 		round 28: 18.196461355829815
[2024-09-07 11:49:17,137][flwr][INFO] - 		round 29: 11.510633806298886
[2024-09-07 11:49:17,137][flwr][INFO] - 		round 30: 4.983605927125567
[2024-09-07 11:49:17,137][flwr][INFO] - 		round 31: 7.354254953896821
[2024-09-07 11:49:17,137][flwr][INFO] - 		round 32: 6.475814171033363
[2024-09-07 11:49:17,137][flwr][INFO] - 		round 33: 10.238181741644004
[2024-09-07 11:49:17,137][flwr][INFO] - 		round 34: 8.125621648224033
[2024-09-07 11:49:17,137][flwr][INFO] - 		round 35: 7.288117464061851
[2024-09-07 11:49:17,137][flwr][INFO] - 		round 36: 6.51063648054322
[2024-09-07 11:49:17,137][flwr][INFO] - 		round 37: 4.948828739411678
[2024-09-07 11:49:17,137][flwr][INFO] - 		round 38: 7.570093541689541
[2024-09-07 11:49:17,137][flwr][INFO] - 		round 39: 12.01260865354698
[2024-09-07 11:49:17,137][flwr][INFO] - 		round 40: 8.91322727457861
[2024-09-07 11:49:17,137][flwr][INFO] - 		round 41: 10.287035311347452
[2024-09-07 11:49:17,137][flwr][INFO] - 		round 42: 8.314913373244437
[2024-09-07 11:49:17,137][flwr][INFO] - 		round 43: 9.692315268998195
[2024-09-07 11:49:17,137][flwr][INFO] - 		round 44: 10.11058120415761
[2024-09-07 11:49:17,137][flwr][INFO] - 		round 45: 7.033236582250381
[2024-09-07 11:49:17,137][flwr][INFO] - 		round 46: 8.511927025496554
[2024-09-07 11:49:17,137][flwr][INFO] - 		round 47: 5.797012492717929
[2024-09-07 11:49:17,137][flwr][INFO] - 		round 48: 9.293442313221918
[2024-09-07 11:49:17,137][flwr][INFO] - 		round 49: 11.862527480492226
[2024-09-07 11:49:17,137][flwr][INFO] - 		round 50: 6.756851694148074
[2024-09-07 11:49:17,137][flwr][INFO] - 		round 51: 7.629110951249192
[2024-09-07 11:49:17,137][flwr][INFO] - 		round 52: 7.308797156832317
[2024-09-07 11:49:17,137][flwr][INFO] - 		round 53: 13.476785189291927
[2024-09-07 11:49:17,137][flwr][INFO] - 		round 54: 16.91903635505196
[2024-09-07 11:49:17,137][flwr][INFO] - 		round 55: 6.337210539605591
[2024-09-07 11:49:17,137][flwr][INFO] - 		round 56: 9.91976347197071
[2024-09-07 11:49:17,137][flwr][INFO] - 		round 57: 5.617325829554208
[2024-09-07 11:49:17,137][flwr][INFO] - 		round 58: 4.67226451814533
[2024-09-07 11:49:17,137][flwr][INFO] - 		round 59: 8.14471443494161
[2024-09-07 11:49:17,137][flwr][INFO] - 		round 60: 7.924685152271126
[2024-09-07 11:49:17,137][flwr][INFO] - 		round 61: 9.200886419433319
[2024-09-07 11:49:17,137][flwr][INFO] - 		round 62: 8.1090821931538
[2024-09-07 11:49:17,137][flwr][INFO] - 		round 63: 14.4855742116573
[2024-09-07 11:49:17,137][flwr][INFO] - 		round 64: 7.448469306891883
[2024-09-07 11:49:17,137][flwr][INFO] - 		round 65: 14.46913425195757
[2024-09-07 11:49:17,137][flwr][INFO] - 		round 66: 6.962708987767184
[2024-09-07 11:49:17,137][flwr][INFO] - 		round 67: 8.853759062307246
[2024-09-07 11:49:17,137][flwr][INFO] - 		round 68: 8.731438215530787
[2024-09-07 11:49:17,137][flwr][INFO] - 		round 69: 11.09675891602293
[2024-09-07 11:49:17,137][flwr][INFO] - 		round 70: 6.654831617883167
[2024-09-07 11:49:17,137][flwr][INFO] - 		round 71: 6.353376873195431
[2024-09-07 11:49:17,137][flwr][INFO] - 		round 72: 9.24903856899439
[2024-09-07 11:49:17,137][flwr][INFO] - 		round 73: 7.9271120584657035
[2024-09-07 11:49:17,137][flwr][INFO] - 		round 74: 8.989912801422179
[2024-09-07 11:49:17,137][flwr][INFO] - 		round 75: 6.704506929150086
[2024-09-07 11:49:17,137][flwr][INFO] - 		round 76: 13.425702407973471
[2024-09-07 11:49:17,137][flwr][INFO] - 		round 77: 7.410700204573115
[2024-09-07 11:49:17,137][flwr][INFO] - 		round 78: 15.511432035243212
[2024-09-07 11:49:17,137][flwr][INFO] - 		round 79: 11.616549579874778
[2024-09-07 11:49:17,137][flwr][INFO] - 		round 80: 7.136147049656064
[2024-09-07 11:49:17,137][flwr][INFO] - 		round 81: 9.920281104129359
[2024-09-07 11:49:17,137][flwr][INFO] - 		round 82: 5.772279835092224
[2024-09-07 11:49:17,137][flwr][INFO] - 		round 83: 7.156933436554331
[2024-09-07 11:49:17,137][flwr][INFO] - 		round 84: 8.784784138089135
[2024-09-07 11:49:17,137][flwr][INFO] - 		round 85: 10.613528931597799
[2024-09-07 11:49:17,138][flwr][INFO] - 		round 86: 8.40607329475278
[2024-09-07 11:49:17,138][flwr][INFO] - 		round 87: 13.683471203546116
[2024-09-07 11:49:17,138][flwr][INFO] - 		round 88: 9.794112383938446
[2024-09-07 11:49:17,138][flwr][INFO] - 		round 89: 11.993548469712035
[2024-09-07 11:49:17,138][flwr][INFO] - 		round 90: 10.103183378209723
[2024-09-07 11:49:17,138][flwr][INFO] - 		round 91: 7.46504264099886
[2024-09-07 11:49:17,138][flwr][INFO] - 		round 92: 12.260940515238142
[2024-09-07 11:49:17,138][flwr][INFO] - 		round 93: 7.279771380308198
[2024-09-07 11:49:17,138][flwr][INFO] - 		round 94: 6.127940152205673
[2024-09-07 11:49:17,138][flwr][INFO] - 		round 95: 10.032509857546675
[2024-09-07 11:49:17,138][flwr][INFO] - 		round 96: 7.382019329174555
[2024-09-07 11:49:17,138][flwr][INFO] - 		round 97: 4.861755269269149
[2024-09-07 11:49:17,138][flwr][INFO] - 		round 98: 7.418720299433493
[2024-09-07 11:49:17,138][flwr][INFO] - 		round 99: 6.286118944204345
[2024-09-07 11:49:17,138][flwr][INFO] - 		round 100: 21.283144215341583
[2024-09-07 11:49:17,138][flwr][INFO] - 	History (loss, centralized):
[2024-09-07 11:49:17,138][flwr][INFO] - 		round 0: 3026.819124698639
[2024-09-07 11:49:17,138][flwr][INFO] - 		round 1: 2448.60115647316
[2024-09-07 11:49:17,138][flwr][INFO] - 		round 2: 2219.283669114113
[2024-09-07 11:49:17,138][flwr][INFO] - 		round 3: 2395.5042439699173
[2024-09-07 11:49:17,138][flwr][INFO] - 		round 4: 2387.685267329216
[2024-09-07 11:49:17,138][flwr][INFO] - 		round 5: 2709.868815779686
[2024-09-07 11:49:17,138][flwr][INFO] - 		round 6: 2426.162969827652
[2024-09-07 11:49:17,138][flwr][INFO] - 		round 7: 3070.0405695438385
[2024-09-07 11:49:17,138][flwr][INFO] - 		round 8: 2480.336749315262
[2024-09-07 11:49:17,138][flwr][INFO] - 		round 9: 2286.587827563286
[2024-09-07 11:49:17,138][flwr][INFO] - 		round 10: 2452.736476778984
[2024-09-07 11:49:17,138][flwr][INFO] - 		round 11: 3103.549914598465
[2024-09-07 11:49:17,138][flwr][INFO] - 		round 12: 3010.357759475708
[2024-09-07 11:49:17,138][flwr][INFO] - 		round 13: 2501.1249495744705
[2024-09-07 11:49:17,138][flwr][INFO] - 		round 14: 2171.9018209576607
[2024-09-07 11:49:17,138][flwr][INFO] - 		round 15: 2084.959033846855
[2024-09-07 11:49:17,138][flwr][INFO] - 		round 16: 2043.112209558487
[2024-09-07 11:49:17,138][flwr][INFO] - 		round 17: 2085.819027066231
[2024-09-07 11:49:17,138][flwr][INFO] - 		round 18: 2464.2526177167892
[2024-09-07 11:49:17,138][flwr][INFO] - 		round 19: 1980.5170548558235
[2024-09-07 11:49:17,138][flwr][INFO] - 		round 20: 2873.57797062397
[2024-09-07 11:49:17,138][flwr][INFO] - 		round 21: 1933.8759150505066
[2024-09-07 11:49:17,138][flwr][INFO] - 		round 22: 2586.332787871361
[2024-09-07 11:49:17,138][flwr][INFO] - 		round 23: 1684.6052631139755
[2024-09-07 11:49:17,138][flwr][INFO] - 		round 24: 2852.953306555748
[2024-09-07 11:49:17,138][flwr][INFO] - 		round 25: 2159.023251950741
[2024-09-07 11:49:17,138][flwr][INFO] - 		round 26: 3011.5565078258514
[2024-09-07 11:49:17,138][flwr][INFO] - 		round 27: 1908.0528555512428
[2024-09-07 11:49:17,138][flwr][INFO] - 		round 28: 4557.629492044449
[2024-09-07 11:49:17,138][flwr][INFO] - 		round 29: 2261.754847884178
[2024-09-07 11:49:17,138][flwr][INFO] - 		round 30: 2501.869270861149
[2024-09-07 11:49:17,138][flwr][INFO] - 		round 31: 1831.6674280762672
[2024-09-07 11:49:17,138][flwr][INFO] - 		round 32: 3193.449198126793
[2024-09-07 11:49:17,138][flwr][INFO] - 		round 33: 2410.1571260094643
[2024-09-07 11:49:17,138][flwr][INFO] - 		round 34: 2030.8240414261818
[2024-09-07 11:49:17,138][flwr][INFO] - 		round 35: 2114.1140540242195
[2024-09-07 11:49:17,138][flwr][INFO] - 		round 36: 1765.9761244654655
[2024-09-07 11:49:17,138][flwr][INFO] - 		round 37: 2300.428319334984
[2024-09-07 11:49:17,138][flwr][INFO] - 		round 38: 1896.203049480915
[2024-09-07 11:49:17,138][flwr][INFO] - 		round 39: 2585.342825293541
[2024-09-07 11:49:17,138][flwr][INFO] - 		round 40: 1915.1941957473755
[2024-09-07 11:49:17,138][flwr][INFO] - 		round 41: 2777.879351735115
[2024-09-07 11:49:17,139][flwr][INFO] - 		round 42: 1948.4175343513489
[2024-09-07 11:49:17,139][flwr][INFO] - 		round 43: 2127.332618176937
[2024-09-07 11:49:17,139][flwr][INFO] - 		round 44: 2081.6907202005386
[2024-09-07 11:49:17,139][flwr][INFO] - 		round 45: 1941.1289917826653
[2024-09-07 11:49:17,139][flwr][INFO] - 		round 46: 2046.4737426042557
[2024-09-07 11:49:17,139][flwr][INFO] - 		round 47: 2077.9830002188683
[2024-09-07 11:49:17,139][flwr][INFO] - 		round 48: 2312.883037865162
[2024-09-07 11:49:17,139][flwr][INFO] - 		round 49: 2377.72506159544
[2024-09-07 11:49:17,139][flwr][INFO] - 		round 50: 2022.9165479540825
[2024-09-07 11:49:17,139][flwr][INFO] - 		round 51: 2272.823066353798
[2024-09-07 11:49:17,139][flwr][INFO] - 		round 52: 1955.2886778116226
[2024-09-07 11:49:17,139][flwr][INFO] - 		round 53: 2742.587169289589
[2024-09-07 11:49:17,139][flwr][INFO] - 		round 54: 2961.8843096494675
[2024-09-07 11:49:17,139][flwr][INFO] - 		round 55: 1816.7779237627983
[2024-09-07 11:49:17,139][flwr][INFO] - 		round 56: 2221.2839191555977
[2024-09-07 11:49:17,139][flwr][INFO] - 		round 57: 1763.1495869159698
[2024-09-07 11:49:17,139][flwr][INFO] - 		round 58: 2321.339726090431
[2024-09-07 11:49:17,139][flwr][INFO] - 		round 59: 2267.6321070194244
[2024-09-07 11:49:17,139][flwr][INFO] - 		round 60: 2643.586839735508
[2024-09-07 11:49:17,139][flwr][INFO] - 		round 61: 2112.8170344233513
[2024-09-07 11:49:17,139][flwr][INFO] - 		round 62: 1886.997323691845
[2024-09-07 11:49:17,139][flwr][INFO] - 		round 63: 3096.3649681806564
[2024-09-07 11:49:17,139][flwr][INFO] - 		round 64: 1753.749267578125
[2024-09-07 11:49:17,139][flwr][INFO] - 		round 65: 2807.224462747574
[2024-09-07 11:49:17,139][flwr][INFO] - 		round 66: 2240.321254849434
[2024-09-07 11:49:17,139][flwr][INFO] - 		round 67: 2293.719568967819
[2024-09-07 11:49:17,139][flwr][INFO] - 		round 68: 2479.7405985593796
[2024-09-07 11:49:17,139][flwr][INFO] - 		round 69: 2466.5127118825912
[2024-09-07 11:49:17,139][flwr][INFO] - 		round 70: 1805.5791825056076
[2024-09-07 11:49:17,139][flwr][INFO] - 		round 71: 2067.498178780079
[2024-09-07 11:49:17,139][flwr][INFO] - 		round 72: 2464.11134493351
[2024-09-07 11:49:17,139][flwr][INFO] - 		round 73: 2303.4970331788063
[2024-09-07 11:49:17,139][flwr][INFO] - 		round 74: 2177.9029653668404
[2024-09-07 11:49:17,139][flwr][INFO] - 		round 75: 1895.8395377993584
[2024-09-07 11:49:17,139][flwr][INFO] - 		round 76: 2519.524269580841
[2024-09-07 11:49:17,139][flwr][INFO] - 		round 77: 1979.8675206899643
[2024-09-07 11:49:17,139][flwr][INFO] - 		round 78: 3164.0120601654053
[2024-09-07 11:49:17,139][flwr][INFO] - 		round 79: 2053.445903122425
[2024-09-07 11:49:17,139][flwr][INFO] - 		round 80: 1850.4364369511604
[2024-09-07 11:49:17,139][flwr][INFO] - 		round 81: 2458.5065529346466
[2024-09-07 11:49:17,139][flwr][INFO] - 		round 82: 1892.3538435697556
[2024-09-07 11:49:17,139][flwr][INFO] - 		round 83: 1963.7739888429642
[2024-09-07 11:49:17,139][flwr][INFO] - 		round 84: 2342.127573311329
[2024-09-07 11:49:17,139][flwr][INFO] - 		round 85: 2486.9286928772926
[2024-09-07 11:49:17,139][flwr][INFO] - 		round 86: 2184.528802037239
[2024-09-07 11:49:17,139][flwr][INFO] - 		round 87: 2637.7835088968277
[2024-09-07 11:49:17,139][flwr][INFO] - 		round 88: 2417.000989317894
[2024-09-07 11:49:17,139][flwr][INFO] - 		round 89: 2579.4503239393234
[2024-09-07 11:49:17,139][flwr][INFO] - 		round 90: 2752.3740775585175
[2024-09-07 11:49:17,139][flwr][INFO] - 		round 91: 2463.144542634487
[2024-09-07 11:49:17,139][flwr][INFO] - 		round 92: 2520.5728030204773
[2024-09-07 11:49:17,139][flwr][INFO] - 		round 93: 1756.1670285463333
[2024-09-07 11:49:17,139][flwr][INFO] - 		round 94: 2282.1784139871597
[2024-09-07 11:49:17,139][flwr][INFO] - 		round 95: 2286.0615220069885
[2024-09-07 11:49:17,139][flwr][INFO] - 		round 96: 1808.6603016853333
[2024-09-07 11:49:17,139][flwr][INFO] - 		round 97: 2364.1371306777
[2024-09-07 11:49:17,139][flwr][INFO] - 		round 98: 2194.9018847346306
[2024-09-07 11:49:17,139][flwr][INFO] - 		round 99: 1728.183024764061
[2024-09-07 11:49:17,139][flwr][INFO] - 		round 100: 3414.0665286779404
[2024-09-07 11:49:17,139][flwr][INFO] - 	History (metrics, centralized):
[2024-09-07 11:49:17,139][flwr][INFO] - 	{'accuracy': [(0, 0.16577834179357023),
[2024-09-07 11:49:17,140][flwr][INFO] - 	              (1, 0.44735617597292726),
[2024-09-07 11:49:17,140][flwr][INFO] - 	              (2, 0.45903130287648053),
[2024-09-07 11:49:17,140][flwr][INFO] - 	              (3, 0.3734983079526227),
[2024-09-07 11:49:17,140][flwr][INFO] - 	              (4, 0.3812394247038917),
[2024-09-07 11:49:17,140][flwr][INFO] - 	              (5, 0.3189932318104907),
[2024-09-07 11:49:17,140][flwr][INFO] - 	              (6, 0.3351522842639594),
[2024-09-07 11:49:17,140][flwr][INFO] - 	              (7, 0.16601099830795263),
[2024-09-07 11:49:17,140][flwr][INFO] - 	              (8, 0.3264593908629442),
[2024-09-07 11:49:17,140][flwr][INFO] - 	              (9, 0.4583756345177665),
[2024-09-07 11:49:17,140][flwr][INFO] - 	              (10, 0.39832910321489),
[2024-09-07 11:49:17,140][flwr][INFO] - 	              (11, 0.15321489001692049),
[2024-09-07 11:49:17,140][flwr][INFO] - 	              (12, 0.23282571912013536),
[2024-09-07 11:49:17,140][flwr][INFO] - 	              (13, 0.37307529610829104),
[2024-09-07 11:49:17,140][flwr][INFO] - 	              (14, 0.390587986463621),
[2024-09-07 11:49:17,140][flwr][INFO] - 	              (15, 0.526924703891709),
[2024-09-07 11:49:17,140][flwr][INFO] - 	              (16, 0.5300549915397631),
[2024-09-07 11:49:17,140][flwr][INFO] - 	              (17, 0.46302876480541455),
[2024-09-07 11:49:17,140][flwr][INFO] - 	              (18, 0.36842216582064297),
[2024-09-07 11:49:17,140][flwr][INFO] - 	              (19, 0.43834602368866327),
[2024-09-07 11:49:17,140][flwr][INFO] - 	              (20, 0.3626692047377327),
[2024-09-07 11:49:17,140][flwr][INFO] - 	              (21, 0.49921742808798647),
[2024-09-07 11:49:17,140][flwr][INFO] - 	              (22, 0.3220812182741117),
[2024-09-07 11:49:17,140][flwr][INFO] - 	              (23, 0.5884517766497462),
[2024-09-07 11:49:17,142][flwr][INFO] - 	              (24, 0.3385152284263959),
[2024-09-07 11:49:17,142][flwr][INFO] - 	              (25, 0.43582910321489),
[2024-09-07 11:49:17,142][flwr][INFO] - 	              (26, 0.3438663282571912),
[2024-09-07 11:49:17,142][flwr][INFO] - 	              (27, 0.5255076142131979),
[2024-09-07 11:49:17,142][flwr][INFO] - 	              (28, 0.2805414551607445),
[2024-09-07 11:49:17,142][flwr][INFO] - 	              (29, 0.39033417935702197),
[2024-09-07 11:49:17,142][flwr][INFO] - 	              (30, 0.40750846023688664),
[2024-09-07 11:49:17,142][flwr][INFO] - 	              (31, 0.5644670050761421),
[2024-09-07 11:49:17,142][flwr][INFO] - 	              (32, 0.3067047377326565),
[2024-09-07 11:49:17,142][flwr][INFO] - 	              (33, 0.4453045685279188),
[2024-09-07 11:49:17,142][flwr][INFO] - 	              (34, 0.5527284263959391),
[2024-09-07 11:49:17,142][flwr][INFO] - 	              (35, 0.46304991539763113),
[2024-09-07 11:49:17,142][flwr][INFO] - 	              (36, 0.5553299492385787),
[2024-09-07 11:49:17,142][flwr][INFO] - 	              (37, 0.392005076142132),
[2024-09-07 11:49:17,142][flwr][INFO] - 	              (38, 0.5706218274111675),
[2024-09-07 11:49:17,142][flwr][INFO] - 	              (39, 0.4488155668358714),
[2024-09-07 11:49:17,142][flwr][INFO] - 	              (40, 0.5601522842639594),
[2024-09-07 11:49:17,142][flwr][INFO] - 	              (41, 0.3135786802030457),
[2024-09-07 11:49:17,142][flwr][INFO] - 	              (42, 0.5513959390862944),
[2024-09-07 11:49:17,142][flwr][INFO] - 	              (43, 0.4273900169204738),
[2024-09-07 11:49:17,142][flwr][INFO] - 	              (44, 0.43637901861252115),
[2024-09-07 11:49:17,142][flwr][INFO] - 	              (45, 0.5658840947546532),
[2024-09-07 11:49:17,142][flwr][INFO] - 	              (46, 0.512901861252115),
[2024-09-07 11:49:17,142][flwr][INFO] - 	              (47, 0.48532148900169203),
[2024-09-07 11:49:17,142][flwr][INFO] - 	              (48, 0.4289340101522843),
[2024-09-07 11:49:17,142][flwr][INFO] - 	              (49, 0.5482233502538071),
[2024-09-07 11:49:17,142][flwr][INFO] - 	              (50, 0.5136421319796954),
[2024-09-07 11:49:17,142][flwr][INFO] - 	              (51, 0.4071065989847716),
[2024-09-07 11:49:17,142][flwr][INFO] - 	              (52, 0.5544839255499154),
[2024-09-07 11:49:17,142][flwr][INFO] - 	              (53, 0.3464467005076142),
[2024-09-07 11:49:17,142][flwr][INFO] - 	              (54, 0.28756345177664977),
[2024-09-07 11:49:17,142][flwr][INFO] - 	              (55, 0.5427453468697123),
[2024-09-07 11:49:17,142][flwr][INFO] - 	              (56, 0.48887478849407784),
[2024-09-07 11:49:17,142][flwr][INFO] - 	              (57, 0.561992385786802),
[2024-09-07 11:49:17,142][flwr][INFO] - 	              (58, 0.4541243654822335),
[2024-09-07 11:49:17,143][flwr][INFO] - 	              (59, 0.5011421319796955),
[2024-09-07 11:49:17,143][flwr][INFO] - 	              (60, 0.3420896785109983),
[2024-09-07 11:49:17,143][flwr][INFO] - 	              (61, 0.44875211505922163),
[2024-09-07 11:49:17,143][flwr][INFO] - 	              (62, 0.5369289340101523),
[2024-09-07 11:49:17,143][flwr][INFO] - 	              (63, 0.36254230118443315),
[2024-09-07 11:49:17,143][flwr][INFO] - 	              (64, 0.5811125211505922),
[2024-09-07 11:49:17,143][flwr][INFO] - 	              (65, 0.33284686971235194),
[2024-09-07 11:49:17,143][flwr][INFO] - 	              (66, 0.44253384094754655),
[2024-09-07 11:49:17,143][flwr][INFO] - 	              (67, 0.4293358714043993),
[2024-09-07 11:49:17,143][flwr][INFO] - 	              (68, 0.4270516074450085),
[2024-09-07 11:49:17,143][flwr][INFO] - 	              (69, 0.3788494077834179),
[2024-09-07 11:49:17,143][flwr][INFO] - 	              (70, 0.5383248730964467),
[2024-09-07 11:49:17,143][flwr][INFO] - 	              (71, 0.5959390862944163),
[2024-09-07 11:49:17,143][flwr][INFO] - 	              (72, 0.5114636209813874),
[2024-09-07 11:49:17,143][flwr][INFO] - 	              (73, 0.4356175972927242),
[2024-09-07 11:49:17,143][flwr][INFO] - 	              (74, 0.49566412859560066),
[2024-09-07 11:49:17,143][flwr][INFO] - 	              (75, 0.5180837563451777),
[2024-09-07 11:49:17,143][flwr][INFO] - 	              (76, 0.33157783417935704),
[2024-09-07 11:49:17,143][flwr][INFO] - 	              (77, 0.5261844331641286),
[2024-09-07 11:49:17,143][flwr][INFO] - 	              (78, 0.3166243654822335),
[2024-09-07 11:49:17,143][flwr][INFO] - 	              (79, 0.5490270727580372),
[2024-09-07 11:49:17,143][flwr][INFO] - 	              (80, 0.5442893401015229),
[2024-09-07 11:49:17,143][flwr][INFO] - 	              (81, 0.47053722504230117),
[2024-09-07 11:49:17,143][flwr][INFO] - 	              (82, 0.5070219966159052),
[2024-09-07 11:49:17,143][flwr][INFO] - 	              (83, 0.5588409475465314),
[2024-09-07 11:49:17,143][flwr][INFO] - 	              (84, 0.5359560067681896),
[2024-09-07 11:49:17,143][flwr][INFO] - 	              (85, 0.39782148900169206),
[2024-09-07 11:49:17,143][flwr][INFO] - 	              (86, 0.5391285956006768),
[2024-09-07 11:49:17,143][flwr][INFO] - 	              (87, 0.37952622673434855),
[2024-09-07 11:49:17,143][flwr][INFO] - 	              (88, 0.5291666666666667),
[2024-09-07 11:49:17,143][flwr][INFO] - 	              (89, 0.2767343485617597),
[2024-09-07 11:49:17,143][flwr][INFO] - 	              (90, 0.4902495769881557),
[2024-09-07 11:49:17,143][flwr][INFO] - 	              (91, 0.4689509306260575),
[2024-09-07 11:49:17,143][flwr][INFO] - 	              (92, 0.3475676818950931),
[2024-09-07 11:49:17,143][flwr][INFO] - 	              (93, 0.5725676818950931),
[2024-09-07 11:49:17,143][flwr][INFO] - 	              (94, 0.5463197969543148),
[2024-09-07 11:49:17,143][flwr][INFO] - 	              (95, 0.3761421319796954),
[2024-09-07 11:49:17,144][flwr][INFO] - 	              (96, 0.5213620981387479),
[2024-09-07 11:49:17,144][flwr][INFO] - 	              (97, 0.4622884940778342),
[2024-09-07 11:49:17,144][flwr][INFO] - 	              (98, 0.42447123519458546),
[2024-09-07 11:49:17,144][flwr][INFO] - 	              (99, 0.5732021996615905),
[2024-09-07 11:49:17,144][flwr][INFO] - 	              (100, 0.2930414551607445)]}
[2024-09-07 11:49:17,144][flwr][INFO] - 
