[2024-09-15 00:48:23,381][flwr][INFO] - Starting Flower simulation, config: num_rounds=100, no round_timeout
[2024-09-15 00:48:27,516][flwr][INFO] - Flower VCE: Ray initialized with resources: {'node:__internal_head__': 1.0, 'CPU': 256.0, 'memory': 168608903783.0, 'GPU': 1.0, 'accelerator_type:G': 1.0, 'object_store_memory': 76546673049.0, 'node:115.145.172.224': 1.0}
[2024-09-15 00:48:27,516][flwr][INFO] - Optimize your simulation with Flower VCE: https://flower.ai/docs/framework/how-to-run-simulations.html
[2024-09-15 00:48:27,516][flwr][INFO] - Flower VCE: Resources for each Virtual Client: {'num_cpus': 64, 'num_gpus': 0.1}
[2024-09-15 00:48:27,528][flwr][INFO] - Flower VCE: Creating VirtualClientEngineActorPool with 4 actors
[2024-09-15 00:48:27,528][flwr][INFO] - [INIT]
[2024-09-15 00:48:27,529][flwr][INFO] - Requesting initial parameters from one random client
[2024-09-15 00:48:32,132][flwr][INFO] - Received initial parameters from one random client
[2024-09-15 00:48:32,133][flwr][INFO] - Evaluating initial global parameters
[2024-09-15 00:48:44,990][flwr][INFO] - initial parameters (loss, other metrics): 500.7428832054138, {'accuracy': 0.0903899721448468}
[2024-09-15 00:48:44,991][flwr][INFO] - 
[2024-09-15 00:48:44,991][flwr][INFO] - [ROUND 1]
[2024-09-15 00:48:44,991][flwr][INFO] - configure_fit: strategy sampled 5 clients (out of 50)
[2024-09-15 00:49:09,191][flwr][INFO] - aggregate_fit: received 5 results and 0 failures
[2024-09-15 00:49:09,408][flwr][WARNING] - No fit_metrics_aggregation_fn provided
[2024-09-15 00:49:21,896][flwr][INFO] - fit progress: (1, 453.0685011148453, {'accuracy': 0.2873259052924791}, 36.90531586809084)
[2024-09-15 00:49:21,897][flwr][INFO] - configure_evaluate: strategy sampled 2 clients (out of 50)
[2024-09-15 00:49:23,030][flwr][INFO] - aggregate_evaluate: received 2 results and 0 failures
[2024-09-15 00:49:23,030][flwr][INFO] - 
[2024-09-15 00:49:23,030][flwr][INFO] - [ROUND 2]
[2024-09-15 00:49:23,030][flwr][INFO] - configure_fit: strategy sampled 5 clients (out of 50)
[2024-09-15 00:49:45,778][flwr][INFO] - aggregate_fit: received 5 results and 0 failures
[2024-09-15 00:49:58,233][flwr][INFO] - fit progress: (2, 361.4418350458145, {'accuracy': 0.5057103064066852}, 73.24206729000434)
[2024-09-15 00:49:58,234][flwr][INFO] - configure_evaluate: strategy sampled 2 clients (out of 50)
[2024-09-15 00:49:59,268][flwr][INFO] - aggregate_evaluate: received 2 results and 0 failures
[2024-09-15 00:49:59,268][flwr][INFO] - 
[2024-09-15 00:49:59,268][flwr][INFO] - [ROUND 3]
[2024-09-15 00:49:59,268][flwr][INFO] - configure_fit: strategy sampled 5 clients (out of 50)
[2024-09-15 00:50:24,875][flwr][INFO] - aggregate_fit: received 5 results and 0 failures
[2024-09-15 00:50:38,424][flwr][INFO] - fit progress: (3, 308.609570980072, {'accuracy': 0.6058495821727019}, 113.43317475821823)
[2024-09-15 00:50:38,425][flwr][INFO] - configure_evaluate: strategy sampled 2 clients (out of 50)
[2024-09-15 00:50:39,513][flwr][INFO] - aggregate_evaluate: received 2 results and 0 failures
[2024-09-15 00:50:39,514][flwr][INFO] - 
[2024-09-15 00:50:39,514][flwr][INFO] - [ROUND 4]
[2024-09-15 00:50:39,514][flwr][INFO] - configure_fit: strategy sampled 5 clients (out of 50)
[2024-09-15 00:51:02,976][flwr][INFO] - aggregate_fit: received 5 results and 0 failures
[2024-09-15 00:51:15,269][flwr][INFO] - fit progress: (4, 270.4188446998596, {'accuracy': 0.6824512534818942}, 150.27757978113368)
[2024-09-15 00:51:15,275][flwr][INFO] - configure_evaluate: strategy sampled 2 clients (out of 50)
[2024-09-15 00:51:16,271][flwr][INFO] - aggregate_evaluate: received 2 results and 0 failures
[2024-09-15 00:51:16,271][flwr][INFO] - 
[2024-09-15 00:51:16,271][flwr][INFO] - [ROUND 5]
[2024-09-15 00:51:16,271][flwr][INFO] - configure_fit: strategy sampled 5 clients (out of 50)
[2024-09-15 00:51:39,067][flwr][INFO] - aggregate_fit: received 5 results and 0 failures
[2024-09-15 00:51:50,436][flwr][INFO] - fit progress: (5, 276.8137687444687, {'accuracy': 0.5837047353760446}, 185.4449750399217)
[2024-09-15 00:51:50,436][flwr][INFO] - configure_evaluate: strategy sampled 2 clients (out of 50)
[2024-09-15 00:51:51,508][flwr][INFO] - aggregate_evaluate: received 2 results and 0 failures
[2024-09-15 00:51:51,508][flwr][INFO] - 
[2024-09-15 00:51:51,509][flwr][INFO] - [ROUND 6]
[2024-09-15 00:51:51,509][flwr][INFO] - configure_fit: strategy sampled 5 clients (out of 50)
[2024-09-15 00:52:13,804][flwr][INFO] - aggregate_fit: received 5 results and 0 failures
[2024-09-15 00:52:24,139][flwr][INFO] - fit progress: (6, 232.92075073719025, {'accuracy': 0.6949860724233984}, 219.14847315102816)
[2024-09-15 00:52:24,140][flwr][INFO] - configure_evaluate: strategy sampled 2 clients (out of 50)
[2024-09-15 00:52:25,253][flwr][INFO] - aggregate_evaluate: received 2 results and 0 failures
[2024-09-15 00:52:25,254][flwr][INFO] - 
[2024-09-15 00:52:25,254][flwr][INFO] - [ROUND 7]
[2024-09-15 00:52:25,254][flwr][INFO] - configure_fit: strategy sampled 5 clients (out of 50)
[2024-09-15 00:53:02,636][flwr][INFO] - aggregate_fit: received 5 results and 0 failures
[2024-09-15 00:53:12,717][flwr][INFO] - fit progress: (7, 201.47508263587952, {'accuracy': 0.7629526462395543}, 267.7259475309402)
[2024-09-15 00:53:12,718][flwr][INFO] - configure_evaluate: strategy sampled 2 clients (out of 50)
[2024-09-15 00:53:13,806][flwr][INFO] - aggregate_evaluate: received 2 results and 0 failures
[2024-09-15 00:53:13,806][flwr][INFO] - 
[2024-09-15 00:53:13,807][flwr][INFO] - [ROUND 8]
[2024-09-15 00:53:13,807][flwr][INFO] - configure_fit: strategy sampled 5 clients (out of 50)
[2024-09-15 00:53:45,749][flwr][INFO] - aggregate_fit: received 5 results and 0 failures
[2024-09-15 00:53:55,809][flwr][INFO] - fit progress: (8, 200.92648285627365, {'accuracy': 0.7302228412256268}, 310.81768154585734)
[2024-09-15 00:53:55,809][flwr][INFO] - configure_evaluate: strategy sampled 2 clients (out of 50)
[2024-09-15 00:53:56,899][flwr][INFO] - aggregate_evaluate: received 2 results and 0 failures
[2024-09-15 00:53:56,899][flwr][INFO] - 
[2024-09-15 00:53:56,899][flwr][INFO] - [ROUND 9]
[2024-09-15 00:53:56,899][flwr][INFO] - configure_fit: strategy sampled 5 clients (out of 50)
[2024-09-15 00:54:16,433][flwr][INFO] - aggregate_fit: received 5 results and 0 failures
[2024-09-15 00:54:26,501][flwr][INFO] - fit progress: (9, 190.62380182743073, {'accuracy': 0.7079387186629527}, 341.5102612678893)
[2024-09-15 00:54:26,502][flwr][INFO] - configure_evaluate: strategy sampled 2 clients (out of 50)
[2024-09-15 00:54:27,460][flwr][INFO] - aggregate_evaluate: received 2 results and 0 failures
[2024-09-15 00:54:27,460][flwr][INFO] - 
[2024-09-15 00:54:27,460][flwr][INFO] - [ROUND 10]
[2024-09-15 00:54:27,460][flwr][INFO] - configure_fit: strategy sampled 5 clients (out of 50)
[2024-09-15 00:54:49,958][flwr][INFO] - aggregate_fit: received 5 results and 0 failures
[2024-09-15 00:54:59,987][flwr][INFO] - fit progress: (10, 178.8526003062725, {'accuracy': 0.748050139275766}, 374.99584308313206)
[2024-09-15 00:54:59,987][flwr][INFO] - configure_evaluate: strategy sampled 2 clients (out of 50)
[2024-09-15 00:55:01,106][flwr][INFO] - aggregate_evaluate: received 2 results and 0 failures
[2024-09-15 00:55:01,106][flwr][INFO] - 
[2024-09-15 00:55:01,106][flwr][INFO] - [ROUND 11]
[2024-09-15 00:55:01,106][flwr][INFO] - configure_fit: strategy sampled 5 clients (out of 50)
[2024-09-15 00:55:20,408][flwr][INFO] - aggregate_fit: received 5 results and 0 failures
[2024-09-15 00:55:30,574][flwr][INFO] - fit progress: (11, 188.05692717432976, {'accuracy': 0.6782729805013927}, 405.58323134994134)
[2024-09-15 00:55:30,574][flwr][INFO] - configure_evaluate: strategy sampled 2 clients (out of 50)
[2024-09-15 00:55:31,500][flwr][INFO] - aggregate_evaluate: received 2 results and 0 failures
[2024-09-15 00:55:31,501][flwr][INFO] - 
[2024-09-15 00:55:31,501][flwr][INFO] - [ROUND 12]
[2024-09-15 00:55:31,501][flwr][INFO] - configure_fit: strategy sampled 5 clients (out of 50)
[2024-09-15 00:56:05,967][flwr][INFO] - aggregate_fit: received 5 results and 0 failures
[2024-09-15 00:56:16,260][flwr][INFO] - fit progress: (12, 165.0641655921936, {'accuracy': 0.7962395543175488}, 451.2689725072123)
[2024-09-15 00:56:16,261][flwr][INFO] - configure_evaluate: strategy sampled 2 clients (out of 50)
[2024-09-15 00:56:17,284][flwr][INFO] - aggregate_evaluate: received 2 results and 0 failures
[2024-09-15 00:56:17,285][flwr][INFO] - 
[2024-09-15 00:56:17,285][flwr][INFO] - [ROUND 13]
[2024-09-15 00:56:17,285][flwr][INFO] - configure_fit: strategy sampled 5 clients (out of 50)
[2024-09-15 00:56:43,109][flwr][INFO] - aggregate_fit: received 5 results and 0 failures
[2024-09-15 00:56:52,888][flwr][INFO] - fit progress: (13, 165.2157895565033, {'accuracy': 0.7575208913649025}, 487.8968118391931)
[2024-09-15 00:56:52,888][flwr][INFO] - configure_evaluate: strategy sampled 2 clients (out of 50)
[2024-09-15 00:56:53,814][flwr][INFO] - aggregate_evaluate: received 2 results and 0 failures
[2024-09-15 00:56:53,814][flwr][INFO] - 
[2024-09-15 00:56:53,814][flwr][INFO] - [ROUND 14]
[2024-09-15 00:56:53,814][flwr][INFO] - configure_fit: strategy sampled 5 clients (out of 50)
[2024-09-15 00:57:25,118][flwr][INFO] - aggregate_fit: received 5 results and 0 failures
[2024-09-15 00:57:35,268][flwr][INFO] - fit progress: (14, 210.17880526185036, {'accuracy': 0.6926183844011142}, 530.2775130248629)
[2024-09-15 00:57:35,269][flwr][INFO] - configure_evaluate: strategy sampled 2 clients (out of 50)
[2024-09-15 00:57:36,382][flwr][INFO] - aggregate_evaluate: received 2 results and 0 failures
[2024-09-15 00:57:36,382][flwr][INFO] - 
[2024-09-15 00:57:36,382][flwr][INFO] - [ROUND 15]
[2024-09-15 00:57:36,383][flwr][INFO] - configure_fit: strategy sampled 5 clients (out of 50)
[2024-09-15 00:57:58,488][flwr][INFO] - aggregate_fit: received 5 results and 0 failures
[2024-09-15 00:58:08,259][flwr][INFO] - fit progress: (15, 172.33948177099228, {'accuracy': 0.7655988857938719}, 563.2678785161115)
[2024-09-15 00:58:08,259][flwr][INFO] - configure_evaluate: strategy sampled 2 clients (out of 50)
[2024-09-15 00:58:09,220][flwr][INFO] - aggregate_evaluate: received 2 results and 0 failures
[2024-09-15 00:58:09,221][flwr][INFO] - 
[2024-09-15 00:58:09,221][flwr][INFO] - [ROUND 16]
[2024-09-15 00:58:09,221][flwr][INFO] - configure_fit: strategy sampled 5 clients (out of 50)
[2024-09-15 00:58:37,013][flwr][INFO] - aggregate_fit: received 5 results and 0 failures
[2024-09-15 00:58:46,859][flwr][INFO] - fit progress: (16, 153.72657334804535, {'accuracy': 0.7959610027855153}, 601.8677555997856)
[2024-09-15 00:58:46,859][flwr][INFO] - configure_evaluate: strategy sampled 2 clients (out of 50)
[2024-09-15 00:58:47,891][flwr][INFO] - aggregate_evaluate: received 2 results and 0 failures
[2024-09-15 00:58:47,891][flwr][INFO] - 
[2024-09-15 00:58:47,891][flwr][INFO] - [ROUND 17]
[2024-09-15 00:58:47,891][flwr][INFO] - configure_fit: strategy sampled 5 clients (out of 50)
[2024-09-15 00:59:22,765][flwr][INFO] - aggregate_fit: received 5 results and 0 failures
[2024-09-15 00:59:32,618][flwr][INFO] - fit progress: (17, 157.51765036582947, {'accuracy': 0.7788300835654596}, 647.6274247500114)
[2024-09-15 00:59:32,619][flwr][INFO] - configure_evaluate: strategy sampled 2 clients (out of 50)
[2024-09-15 00:59:33,817][flwr][INFO] - aggregate_evaluate: received 2 results and 0 failures
[2024-09-15 00:59:33,817][flwr][INFO] - 
[2024-09-15 00:59:33,817][flwr][INFO] - [ROUND 18]
[2024-09-15 00:59:33,818][flwr][INFO] - configure_fit: strategy sampled 5 clients (out of 50)
[2024-09-15 01:00:00,796][flwr][INFO] - aggregate_fit: received 5 results and 0 failures
[2024-09-15 01:00:10,846][flwr][INFO] - fit progress: (18, 174.334076911211, {'accuracy': 0.7422005571030641}, 685.8550468208268)
[2024-09-15 01:00:10,846][flwr][INFO] - configure_evaluate: strategy sampled 2 clients (out of 50)
[2024-09-15 01:00:11,829][flwr][INFO] - aggregate_evaluate: received 2 results and 0 failures
[2024-09-15 01:00:11,829][flwr][INFO] - 
[2024-09-15 01:00:11,829][flwr][INFO] - [ROUND 19]
[2024-09-15 01:00:11,829][flwr][INFO] - configure_fit: strategy sampled 5 clients (out of 50)
[2024-09-15 01:00:46,872][flwr][INFO] - aggregate_fit: received 5 results and 0 failures
[2024-09-15 01:00:56,626][flwr][INFO] - fit progress: (19, 157.81137636303902, {'accuracy': 0.7520891364902507}, 731.6349203218706)
[2024-09-15 01:00:56,626][flwr][INFO] - configure_evaluate: strategy sampled 2 clients (out of 50)
[2024-09-15 01:00:57,694][flwr][INFO] - aggregate_evaluate: received 2 results and 0 failures
[2024-09-15 01:00:57,694][flwr][INFO] - 
[2024-09-15 01:00:57,694][flwr][INFO] - [ROUND 20]
[2024-09-15 01:00:57,694][flwr][INFO] - configure_fit: strategy sampled 5 clients (out of 50)
[2024-09-15 01:01:22,162][flwr][INFO] - aggregate_fit: received 5 results and 0 failures
[2024-09-15 01:01:32,085][flwr][INFO] - fit progress: (20, 163.54658269882202, {'accuracy': 0.7504178272980502}, 767.0943628968671)
[2024-09-15 01:01:32,086][flwr][INFO] - configure_evaluate: strategy sampled 2 clients (out of 50)
[2024-09-15 01:01:33,053][flwr][INFO] - aggregate_evaluate: received 2 results and 0 failures
[2024-09-15 01:01:33,053][flwr][INFO] - 
[2024-09-15 01:01:33,053][flwr][INFO] - [ROUND 21]
[2024-09-15 01:01:33,053][flwr][INFO] - configure_fit: strategy sampled 5 clients (out of 50)
[2024-09-15 01:01:55,506][flwr][INFO] - aggregate_fit: received 5 results and 0 failures
[2024-09-15 01:02:05,337][flwr][INFO] - fit progress: (21, 204.43039032816887, {'accuracy': 0.6714484679665739}, 800.345987983048)
[2024-09-15 01:02:05,337][flwr][INFO] - configure_evaluate: strategy sampled 2 clients (out of 50)
[2024-09-15 01:02:06,650][flwr][INFO] - aggregate_evaluate: received 2 results and 0 failures
[2024-09-15 01:02:06,650][flwr][INFO] - 
[2024-09-15 01:02:06,650][flwr][INFO] - [ROUND 22]
[2024-09-15 01:02:06,650][flwr][INFO] - configure_fit: strategy sampled 5 clients (out of 50)
[2024-09-15 01:02:30,789][flwr][INFO] - aggregate_fit: received 5 results and 0 failures
[2024-09-15 01:02:40,598][flwr][INFO] - fit progress: (22, 177.2312417626381, {'accuracy': 0.7245125348189415}, 835.6070164768025)
[2024-09-15 01:02:40,598][flwr][INFO] - configure_evaluate: strategy sampled 2 clients (out of 50)
[2024-09-15 01:02:41,620][flwr][INFO] - aggregate_evaluate: received 2 results and 0 failures
[2024-09-15 01:02:41,621][flwr][INFO] - 
[2024-09-15 01:02:41,621][flwr][INFO] - [ROUND 23]
[2024-09-15 01:02:41,621][flwr][INFO] - configure_fit: strategy sampled 5 clients (out of 50)
[2024-09-15 01:03:15,681][flwr][INFO] - aggregate_fit: received 5 results and 0 failures
[2024-09-15 01:03:25,421][flwr][INFO] - fit progress: (23, 183.01782521605492, {'accuracy': 0.7044568245125348}, 880.43048649095)
[2024-09-15 01:03:25,422][flwr][INFO] - configure_evaluate: strategy sampled 2 clients (out of 50)
[2024-09-15 01:03:26,479][flwr][INFO] - aggregate_evaluate: received 2 results and 0 failures
[2024-09-15 01:03:26,479][flwr][INFO] - 
[2024-09-15 01:03:26,479][flwr][INFO] - [ROUND 24]
[2024-09-15 01:03:26,480][flwr][INFO] - configure_fit: strategy sampled 5 clients (out of 50)
[2024-09-15 01:03:59,813][flwr][INFO] - aggregate_fit: received 5 results and 0 failures
[2024-09-15 01:04:09,839][flwr][INFO] - fit progress: (24, 153.7377895116806, {'accuracy': 0.7479108635097493}, 924.8483102810569)
[2024-09-15 01:04:09,840][flwr][INFO] - configure_evaluate: strategy sampled 2 clients (out of 50)
[2024-09-15 01:04:10,934][flwr][INFO] - aggregate_evaluate: received 2 results and 0 failures
[2024-09-15 01:04:10,934][flwr][INFO] - 
[2024-09-15 01:04:10,934][flwr][INFO] - [ROUND 25]
[2024-09-15 01:04:10,934][flwr][INFO] - configure_fit: strategy sampled 5 clients (out of 50)
[2024-09-15 01:04:38,417][flwr][INFO] - aggregate_fit: received 5 results and 0 failures
[2024-09-15 01:04:48,392][flwr][INFO] - fit progress: (25, 165.70606571435928, {'accuracy': 0.7289693593314763}, 963.4009670778178)
[2024-09-15 01:04:48,392][flwr][INFO] - configure_evaluate: strategy sampled 2 clients (out of 50)
[2024-09-15 01:04:49,575][flwr][INFO] - aggregate_evaluate: received 2 results and 0 failures
[2024-09-15 01:04:49,575][flwr][INFO] - 
[2024-09-15 01:04:49,575][flwr][INFO] - [ROUND 26]
[2024-09-15 01:04:49,576][flwr][INFO] - configure_fit: strategy sampled 5 clients (out of 50)
[2024-09-15 01:05:14,300][flwr][INFO] - aggregate_fit: received 5 results and 0 failures
[2024-09-15 01:05:25,042][flwr][INFO] - fit progress: (26, 129.29265892505646, {'accuracy': 0.8305013927576602}, 1000.051392999012)
[2024-09-15 01:05:25,043][flwr][INFO] - configure_evaluate: strategy sampled 2 clients (out of 50)
[2024-09-15 01:05:26,021][flwr][INFO] - aggregate_evaluate: received 2 results and 0 failures
[2024-09-15 01:05:26,021][flwr][INFO] - 
[2024-09-15 01:05:26,022][flwr][INFO] - [ROUND 27]
[2024-09-15 01:05:26,022][flwr][INFO] - configure_fit: strategy sampled 5 clients (out of 50)
[2024-09-15 01:05:48,285][flwr][INFO] - aggregate_fit: received 5 results and 0 failures
[2024-09-15 01:05:58,202][flwr][INFO] - fit progress: (27, 128.5595092177391, {'accuracy': 0.8231197771587744}, 1033.2114453068934)
[2024-09-15 01:05:58,203][flwr][INFO] - configure_evaluate: strategy sampled 2 clients (out of 50)
[2024-09-15 01:05:59,140][flwr][INFO] - aggregate_evaluate: received 2 results and 0 failures
[2024-09-15 01:05:59,141][flwr][INFO] - 
[2024-09-15 01:05:59,141][flwr][INFO] - [ROUND 28]
[2024-09-15 01:05:59,141][flwr][INFO] - configure_fit: strategy sampled 5 clients (out of 50)
[2024-09-15 01:06:30,437][flwr][INFO] - aggregate_fit: received 5 results and 0 failures
[2024-09-15 01:06:40,406][flwr][INFO] - fit progress: (28, 166.64210930466652, {'accuracy': 0.7341225626740947}, 1075.4152527330443)
[2024-09-15 01:06:40,407][flwr][INFO] - configure_evaluate: strategy sampled 2 clients (out of 50)
[2024-09-15 01:06:41,564][flwr][INFO] - aggregate_evaluate: received 2 results and 0 failures
[2024-09-15 01:06:41,565][flwr][INFO] - 
[2024-09-15 01:06:41,565][flwr][INFO] - [ROUND 29]
[2024-09-15 01:06:41,565][flwr][INFO] - configure_fit: strategy sampled 5 clients (out of 50)
[2024-09-15 01:06:57,045][flwr][INFO] - aggregate_fit: received 5 results and 0 failures
[2024-09-15 01:07:07,370][flwr][INFO] - fit progress: (29, 150.83643621206284, {'accuracy': 0.7561281337047354}, 1102.3788707070053)
[2024-09-15 01:07:07,370][flwr][INFO] - configure_evaluate: strategy sampled 2 clients (out of 50)
[2024-09-15 01:07:08,415][flwr][INFO] - aggregate_evaluate: received 2 results and 0 failures
[2024-09-15 01:07:08,415][flwr][INFO] - 
[2024-09-15 01:07:08,415][flwr][INFO] - [ROUND 30]
[2024-09-15 01:07:08,415][flwr][INFO] - configure_fit: strategy sampled 5 clients (out of 50)
[2024-09-15 01:07:25,395][flwr][INFO] - aggregate_fit: received 5 results and 0 failures
[2024-09-15 01:07:36,868][flwr][INFO] - fit progress: (30, 137.9769165366888, {'accuracy': 0.7753481894150418}, 1131.877447695937)
[2024-09-15 01:07:36,869][flwr][INFO] - configure_evaluate: strategy sampled 2 clients (out of 50)
[2024-09-15 01:07:38,092][flwr][INFO] - aggregate_evaluate: received 2 results and 0 failures
[2024-09-15 01:07:38,092][flwr][INFO] - 
[2024-09-15 01:07:38,093][flwr][INFO] - [ROUND 31]
[2024-09-15 01:07:38,093][flwr][INFO] - configure_fit: strategy sampled 5 clients (out of 50)
[2024-09-15 01:08:07,250][flwr][INFO] - aggregate_fit: received 5 results and 0 failures
[2024-09-15 01:08:17,287][flwr][INFO] - fit progress: (31, 121.60115191340446, {'accuracy': 0.8091922005571031}, 1172.2957789502107)
[2024-09-15 01:08:17,287][flwr][INFO] - configure_evaluate: strategy sampled 2 clients (out of 50)
[2024-09-15 01:08:18,291][flwr][INFO] - aggregate_evaluate: received 2 results and 0 failures
[2024-09-15 01:08:18,291][flwr][INFO] - 
[2024-09-15 01:08:18,292][flwr][INFO] - [ROUND 32]
[2024-09-15 01:08:18,292][flwr][INFO] - configure_fit: strategy sampled 5 clients (out of 50)
[2024-09-15 01:08:45,220][flwr][INFO] - aggregate_fit: received 5 results and 0 failures
[2024-09-15 01:08:55,010][flwr][INFO] - fit progress: (32, 144.4845387339592, {'accuracy': 0.766016713091922}, 1210.0190341551788)
[2024-09-15 01:08:55,010][flwr][INFO] - configure_evaluate: strategy sampled 2 clients (out of 50)
[2024-09-15 01:08:56,012][flwr][INFO] - aggregate_evaluate: received 2 results and 0 failures
[2024-09-15 01:08:56,012][flwr][INFO] - 
[2024-09-15 01:08:56,012][flwr][INFO] - [ROUND 33]
[2024-09-15 01:08:56,012][flwr][INFO] - configure_fit: strategy sampled 5 clients (out of 50)
[2024-09-15 01:09:25,812][flwr][INFO] - aggregate_fit: received 5 results and 0 failures
[2024-09-15 01:09:37,384][flwr][INFO] - fit progress: (33, 185.62312269210815, {'accuracy': 0.7338440111420613}, 1252.3935148972087)
[2024-09-15 01:09:37,385][flwr][INFO] - configure_evaluate: strategy sampled 2 clients (out of 50)
[2024-09-15 01:09:38,541][flwr][INFO] - aggregate_evaluate: received 2 results and 0 failures
[2024-09-15 01:09:38,542][flwr][INFO] - 
[2024-09-15 01:09:38,542][flwr][INFO] - [ROUND 34]
[2024-09-15 01:09:38,542][flwr][INFO] - configure_fit: strategy sampled 5 clients (out of 50)
[2024-09-15 01:10:06,548][flwr][INFO] - aggregate_fit: received 5 results and 0 failures
[2024-09-15 01:10:18,158][flwr][INFO] - fit progress: (34, 121.75997264683247, {'accuracy': 0.8153203342618385}, 1293.167326041963)
[2024-09-15 01:10:18,159][flwr][INFO] - configure_evaluate: strategy sampled 2 clients (out of 50)
[2024-09-15 01:10:19,160][flwr][INFO] - aggregate_evaluate: received 2 results and 0 failures
[2024-09-15 01:10:19,160][flwr][INFO] - 
[2024-09-15 01:10:19,160][flwr][INFO] - [ROUND 35]
[2024-09-15 01:10:19,160][flwr][INFO] - configure_fit: strategy sampled 5 clients (out of 50)
