[2024-09-22 23:54:52,366][flwr][INFO] - Starting Flower simulation, config: num_rounds=100, no round_timeout
[2024-09-22 23:54:55,616][flwr][INFO] - Flower VCE: Ray initialized with resources: {'CPU': 256.0, 'accelerator_type:G': 1.0, 'GPU': 1.0, 'memory': 153727261287.0, 'node:115.145.172.224': 1.0, 'object_store_memory': 70168826265.0, 'node:__internal_head__': 1.0}
[2024-09-22 23:54:55,616][flwr][INFO] - Optimize your simulation with Flower VCE: https://flower.ai/docs/framework/how-to-run-simulations.html
[2024-09-22 23:54:55,616][flwr][INFO] - Flower VCE: Resources for each Virtual Client: {'num_cpus': 64, 'num_gpus': 0.25}
[2024-09-22 23:54:55,628][flwr][INFO] - Flower VCE: Creating VirtualClientEngineActorPool with 4 actors
[2024-09-22 23:54:55,629][flwr][INFO] - [INIT]
[2024-09-22 23:54:55,629][flwr][INFO] - Requesting initial parameters from one random client
[2024-09-22 23:55:03,169][flwr][INFO] - Received initial parameters from one random client
[2024-09-22 23:55:03,169][flwr][INFO] - Evaluating initial global parameters
[2024-09-22 23:56:57,328][flwr][INFO] - initial parameters (loss, other metrics): 3028.548192501068, {'accuracy': 0.16383248730964467}
[2024-09-22 23:56:57,328][flwr][INFO] - 
[2024-09-22 23:56:57,329][flwr][INFO] - [ROUND 1]
[2024-09-22 23:56:57,329][flwr][INFO] - configure_fit: strategy sampled 5 clients (out of 50)
[2024-09-22 23:59:46,361][flwr][INFO] - aggregate_fit: received 5 results and 0 failures
[2024-09-22 23:59:48,314][flwr][WARNING] - No fit_metrics_aggregation_fn provided
[2024-09-23 00:01:32,870][flwr][INFO] - fit progress: (1, 3268.3829066753387, {'accuracy': 0.33747884940778344}, 275.5412974730134)
[2024-09-23 00:01:32,870][flwr][INFO] - configure_evaluate: strategy sampled 2 clients (out of 50)
[2024-09-23 00:01:39,353][flwr][INFO] - aggregate_evaluate: received 2 results and 0 failures
[2024-09-23 00:01:39,354][flwr][INFO] - 
[2024-09-23 00:01:39,355][flwr][INFO] - [ROUND 2]
[2024-09-23 00:01:39,355][flwr][INFO] - configure_fit: strategy sampled 5 clients (out of 50)
[2024-09-23 00:03:55,441][flwr][INFO] - aggregate_fit: received 5 results and 0 failures
[2024-09-23 00:05:38,187][flwr][INFO] - fit progress: (2, 2108.1779078245163, {'accuracy': 0.46937394247038916}, 520.8584231431596)
[2024-09-23 00:05:38,187][flwr][INFO] - configure_evaluate: strategy sampled 2 clients (out of 50)
[2024-09-23 00:05:42,394][flwr][INFO] - aggregate_evaluate: received 2 results and 0 failures
[2024-09-23 00:05:42,394][flwr][INFO] - 
[2024-09-23 00:05:42,394][flwr][INFO] - [ROUND 3]
[2024-09-23 00:05:42,394][flwr][INFO] - configure_fit: strategy sampled 5 clients (out of 50)
[2024-09-23 00:09:02,740][flwr][INFO] - aggregate_fit: received 5 results and 0 failures
[2024-09-23 00:10:42,885][flwr][INFO] - fit progress: (3, 2532.0199934244156, {'accuracy': 0.43354483925549914}, 825.5566646480002)
[2024-09-23 00:10:42,886][flwr][INFO] - configure_evaluate: strategy sampled 2 clients (out of 50)
[2024-09-23 00:10:48,087][flwr][INFO] - aggregate_evaluate: received 2 results and 0 failures
[2024-09-23 00:10:48,088][flwr][INFO] - 
[2024-09-23 00:10:48,088][flwr][INFO] - [ROUND 4]
[2024-09-23 00:10:48,088][flwr][INFO] - configure_fit: strategy sampled 5 clients (out of 50)
[2024-09-23 00:15:15,594][flwr][INFO] - aggregate_fit: received 5 results and 0 failures
[2024-09-23 00:17:10,585][flwr][INFO] - fit progress: (4, 2121.023777604103, {'accuracy': 0.4586294416243655}, 1213.2564081191085)
[2024-09-23 00:17:10,586][flwr][INFO] - configure_evaluate: strategy sampled 2 clients (out of 50)
[2024-09-23 00:17:15,540][flwr][INFO] - aggregate_evaluate: received 2 results and 0 failures
[2024-09-23 00:17:15,540][flwr][INFO] - 
[2024-09-23 00:17:15,540][flwr][INFO] - [ROUND 5]
[2024-09-23 00:17:15,540][flwr][INFO] - configure_fit: strategy sampled 5 clients (out of 50)
[2024-09-23 00:18:37,698][flwr][INFO] - aggregate_fit: received 5 results and 0 failures
[2024-09-23 00:20:27,929][flwr][INFO] - fit progress: (5, 2152.7412102222443, {'accuracy': 0.4443527918781726}, 1410.600276462268)
[2024-09-23 00:20:27,929][flwr][INFO] - configure_evaluate: strategy sampled 2 clients (out of 50)
[2024-09-23 00:20:32,418][flwr][INFO] - aggregate_evaluate: received 2 results and 0 failures
[2024-09-23 00:20:32,418][flwr][INFO] - 
[2024-09-23 00:20:32,419][flwr][INFO] - [ROUND 6]
[2024-09-23 00:20:32,419][flwr][INFO] - configure_fit: strategy sampled 5 clients (out of 50)
[2024-09-23 00:22:35,835][flwr][INFO] - aggregate_fit: received 5 results and 0 failures
[2024-09-23 00:24:26,668][flwr][INFO] - fit progress: (6, 1873.2982326745987, {'accuracy': 0.5245346869712352}, 1649.3394055822864)
[2024-09-23 00:24:26,669][flwr][INFO] - configure_evaluate: strategy sampled 2 clients (out of 50)
[2024-09-23 00:24:30,509][flwr][INFO] - aggregate_evaluate: received 2 results and 0 failures
[2024-09-23 00:24:30,509][flwr][INFO] - 
[2024-09-23 00:24:30,509][flwr][INFO] - [ROUND 7]
[2024-09-23 00:24:30,509][flwr][INFO] - configure_fit: strategy sampled 5 clients (out of 50)
[2024-09-23 00:26:37,280][flwr][INFO] - aggregate_fit: received 5 results and 0 failures
[2024-09-23 00:28:35,450][flwr][INFO] - fit progress: (7, 2035.1884845495224, {'accuracy': 0.4309010152284264}, 1898.1218062280677)
[2024-09-23 00:28:35,451][flwr][INFO] - configure_evaluate: strategy sampled 2 clients (out of 50)
[2024-09-23 00:28:41,104][flwr][INFO] - aggregate_evaluate: received 2 results and 0 failures
[2024-09-23 00:28:41,104][flwr][INFO] - 
[2024-09-23 00:28:41,104][flwr][INFO] - [ROUND 8]
[2024-09-23 00:28:41,104][flwr][INFO] - configure_fit: strategy sampled 5 clients (out of 50)
[2024-09-23 00:32:27,987][flwr][INFO] - aggregate_fit: received 5 results and 0 failures
[2024-09-23 00:34:25,606][flwr][INFO] - fit progress: (8, 2890.499256491661, {'accuracy': 0.2854060913705584}, 2248.277817735914)
[2024-09-23 00:34:25,607][flwr][INFO] - configure_evaluate: strategy sampled 2 clients (out of 50)
[2024-09-23 00:34:30,202][flwr][INFO] - aggregate_evaluate: received 2 results and 0 failures
[2024-09-23 00:34:30,202][flwr][INFO] - 
[2024-09-23 00:34:30,202][flwr][INFO] - [ROUND 9]
[2024-09-23 00:34:30,202][flwr][INFO] - configure_fit: strategy sampled 5 clients (out of 50)
[2024-09-23 00:36:04,560][flwr][INFO] - aggregate_fit: received 5 results and 0 failures
[2024-09-23 00:37:53,611][flwr][INFO] - fit progress: (9, 2417.030345439911, {'accuracy': 0.36592639593908627}, 2456.282683406025)
[2024-09-23 00:37:53,612][flwr][INFO] - configure_evaluate: strategy sampled 2 clients (out of 50)
[2024-09-23 00:37:57,873][flwr][INFO] - aggregate_evaluate: received 2 results and 0 failures
[2024-09-23 00:37:57,873][flwr][INFO] - 
[2024-09-23 00:37:57,873][flwr][INFO] - [ROUND 10]
[2024-09-23 00:37:57,873][flwr][INFO] - configure_fit: strategy sampled 5 clients (out of 50)
[2024-09-23 00:39:57,584][flwr][INFO] - aggregate_fit: received 5 results and 0 failures
[2024-09-23 00:41:45,318][flwr][INFO] - fit progress: (10, 1916.2668285369873, {'accuracy': 0.5247884940778342}, 2687.9899096102454)
[2024-09-23 00:41:45,319][flwr][INFO] - configure_evaluate: strategy sampled 2 clients (out of 50)
[2024-09-23 00:41:49,098][flwr][INFO] - aggregate_evaluate: received 2 results and 0 failures
[2024-09-23 00:41:49,099][flwr][INFO] - 
[2024-09-23 00:41:49,099][flwr][INFO] - [ROUND 11]
[2024-09-23 00:41:49,099][flwr][INFO] - configure_fit: strategy sampled 5 clients (out of 50)
[2024-09-23 00:43:04,904][flwr][INFO] - aggregate_fit: received 5 results and 0 failures
[2024-09-23 00:44:55,240][flwr][INFO] - fit progress: (11, 2164.249777197838, {'accuracy': 0.4143612521150592}, 2877.911353730131)
[2024-09-23 00:44:55,240][flwr][INFO] - configure_evaluate: strategy sampled 2 clients (out of 50)
[2024-09-23 00:44:59,533][flwr][INFO] - aggregate_evaluate: received 2 results and 0 failures
[2024-09-23 00:44:59,533][flwr][INFO] - 
[2024-09-23 00:44:59,533][flwr][INFO] - [ROUND 12]
[2024-09-23 00:44:59,534][flwr][INFO] - configure_fit: strategy sampled 5 clients (out of 50)
[2024-09-23 00:46:31,385][flwr][INFO] - aggregate_fit: received 5 results and 0 failures
[2024-09-23 00:48:27,807][flwr][INFO] - fit progress: (12, 1887.2675797343254, {'accuracy': 0.4903130287648054}, 3090.478782725986)
[2024-09-23 00:48:27,808][flwr][INFO] - configure_evaluate: strategy sampled 2 clients (out of 50)
[2024-09-23 00:48:32,571][flwr][INFO] - aggregate_evaluate: received 2 results and 0 failures
[2024-09-23 00:48:32,571][flwr][INFO] - 
[2024-09-23 00:48:32,571][flwr][INFO] - [ROUND 13]
[2024-09-23 00:48:32,571][flwr][INFO] - configure_fit: strategy sampled 5 clients (out of 50)
[2024-09-23 00:50:00,481][flwr][INFO] - aggregate_fit: received 5 results and 0 failures
[2024-09-23 00:51:55,296][flwr][INFO] - fit progress: (13, 1871.4602637887, {'accuracy': 0.523582910321489}, 3297.967109083198)
[2024-09-23 00:51:55,296][flwr][INFO] - configure_evaluate: strategy sampled 2 clients (out of 50)
[2024-09-23 00:52:00,740][flwr][INFO] - aggregate_evaluate: received 2 results and 0 failures
[2024-09-23 00:52:00,740][flwr][INFO] - 
[2024-09-23 00:52:00,740][flwr][INFO] - [ROUND 14]
[2024-09-23 00:52:00,740][flwr][INFO] - configure_fit: strategy sampled 5 clients (out of 50)
[2024-09-23 00:53:54,111][flwr][INFO] - aggregate_fit: received 5 results and 0 failures
[2024-09-23 00:55:50,721][flwr][INFO] - fit progress: (14, 2444.2434065937996, {'accuracy': 0.45067681895093065}, 3533.392791029997)
[2024-09-23 00:55:50,722][flwr][INFO] - configure_evaluate: strategy sampled 2 clients (out of 50)
[2024-09-23 00:55:53,941][flwr][INFO] - aggregate_evaluate: received 2 results and 0 failures
[2024-09-23 00:55:53,942][flwr][INFO] - 
[2024-09-23 00:55:53,942][flwr][INFO] - [ROUND 15]
[2024-09-23 00:55:53,942][flwr][INFO] - configure_fit: strategy sampled 5 clients (out of 50)
[2024-09-23 00:58:40,159][flwr][INFO] - aggregate_fit: received 5 results and 0 failures
[2024-09-23 01:00:42,358][flwr][INFO] - fit progress: (15, 2373.7006373405457, {'accuracy': 0.47506345177664977}, 3825.0293327411637)
[2024-09-23 01:00:42,359][flwr][INFO] - configure_evaluate: strategy sampled 2 clients (out of 50)
[2024-09-23 01:00:46,880][flwr][INFO] - aggregate_evaluate: received 2 results and 0 failures
[2024-09-23 01:00:46,880][flwr][INFO] - 
[2024-09-23 01:00:46,880][flwr][INFO] - [ROUND 16]
[2024-09-23 01:00:46,880][flwr][INFO] - configure_fit: strategy sampled 5 clients (out of 50)
[2024-09-23 01:04:28,555][flwr][INFO] - aggregate_fit: received 5 results and 0 failures
[2024-09-23 01:06:27,987][flwr][INFO] - fit progress: (16, 1787.4444553256035, {'accuracy': 0.5470600676818951}, 4170.658876352012)
[2024-09-23 01:06:27,988][flwr][INFO] - configure_evaluate: strategy sampled 2 clients (out of 50)
[2024-09-23 01:06:32,229][flwr][INFO] - aggregate_evaluate: received 2 results and 0 failures
[2024-09-23 01:06:32,229][flwr][INFO] - 
[2024-09-23 01:06:32,229][flwr][INFO] - [ROUND 17]
[2024-09-23 01:06:32,229][flwr][INFO] - configure_fit: strategy sampled 5 clients (out of 50)
[2024-09-23 01:09:57,371][flwr][INFO] - aggregate_fit: received 5 results and 0 failures
[2024-09-23 01:11:47,688][flwr][INFO] - fit progress: (17, 1760.6102713346481, {'accuracy': 0.5708756345177665}, 4490.359961756039)
[2024-09-23 01:11:47,689][flwr][INFO] - configure_evaluate: strategy sampled 2 clients (out of 50)
[2024-09-23 01:11:52,822][flwr][INFO] - aggregate_evaluate: received 2 results and 0 failures
[2024-09-23 01:11:52,823][flwr][INFO] - 
[2024-09-23 01:11:52,823][flwr][INFO] - [ROUND 18]
[2024-09-23 01:11:52,823][flwr][INFO] - configure_fit: strategy sampled 5 clients (out of 50)
[2024-09-23 01:15:19,684][flwr][INFO] - aggregate_fit: received 5 results and 0 failures
[2024-09-23 01:17:18,428][flwr][INFO] - fit progress: (18, 1718.2416494488716, {'accuracy': 0.561230964467005}, 4821.099095847923)
[2024-09-23 01:17:18,428][flwr][INFO] - configure_evaluate: strategy sampled 2 clients (out of 50)
[2024-09-23 01:17:21,892][flwr][INFO] - aggregate_evaluate: received 2 results and 0 failures
[2024-09-23 01:17:21,893][flwr][INFO] - 
[2024-09-23 01:17:21,893][flwr][INFO] - [ROUND 19]
[2024-09-23 01:17:21,893][flwr][INFO] - configure_fit: strategy sampled 5 clients (out of 50)
[2024-09-23 01:20:29,906][flwr][INFO] - aggregate_fit: received 5 results and 0 failures
[2024-09-23 01:22:18,812][flwr][INFO] - fit progress: (19, 1952.2286353707314, {'accuracy': 0.5266074450084602}, 5121.483193547931)
[2024-09-23 01:22:18,812][flwr][INFO] - configure_evaluate: strategy sampled 2 clients (out of 50)
[2024-09-23 01:22:22,320][flwr][INFO] - aggregate_evaluate: received 2 results and 0 failures
[2024-09-23 01:22:22,321][flwr][INFO] - 
[2024-09-23 01:22:22,321][flwr][INFO] - [ROUND 20]
[2024-09-23 01:22:22,321][flwr][INFO] - configure_fit: strategy sampled 5 clients (out of 50)
[2024-09-23 01:25:48,154][flwr][INFO] - aggregate_fit: received 5 results and 0 failures
[2024-09-23 01:27:35,095][flwr][INFO] - fit progress: (20, 2299.827825129032, {'accuracy': 0.4074661590524535}, 5437.766596191097)
[2024-09-23 01:27:35,096][flwr][INFO] - configure_evaluate: strategy sampled 2 clients (out of 50)
[2024-09-23 01:27:38,989][flwr][INFO] - aggregate_evaluate: received 2 results and 0 failures
[2024-09-23 01:27:38,990][flwr][INFO] - 
[2024-09-23 01:27:38,990][flwr][INFO] - [ROUND 21]
[2024-09-23 01:27:38,990][flwr][INFO] - configure_fit: strategy sampled 5 clients (out of 50)
[2024-09-23 01:29:03,547][flwr][INFO] - aggregate_fit: received 5 results and 0 failures
[2024-09-23 01:30:53,318][flwr][INFO] - fit progress: (21, 2011.6454508900642, {'accuracy': 0.5145939086294417}, 5635.989070630167)
[2024-09-23 01:30:53,318][flwr][INFO] - configure_evaluate: strategy sampled 2 clients (out of 50)
[2024-09-23 01:30:57,531][flwr][INFO] - aggregate_evaluate: received 2 results and 0 failures
[2024-09-23 01:30:57,532][flwr][INFO] - 
[2024-09-23 01:30:57,532][flwr][INFO] - [ROUND 22]
[2024-09-23 01:30:57,532][flwr][INFO] - configure_fit: strategy sampled 5 clients (out of 50)
[2024-09-23 01:34:24,384][flwr][INFO] - aggregate_fit: received 5 results and 0 failures
[2024-09-23 01:36:07,388][flwr][INFO] - fit progress: (22, 3103.9226412177086, {'accuracy': 0.33675972927241965}, 5950.059750910848)
[2024-09-23 01:36:07,389][flwr][INFO] - configure_evaluate: strategy sampled 2 clients (out of 50)
[2024-09-23 01:36:12,432][flwr][INFO] - aggregate_evaluate: received 2 results and 0 failures
[2024-09-23 01:36:12,433][flwr][INFO] - 
[2024-09-23 01:36:12,434][flwr][INFO] - [ROUND 23]
[2024-09-23 01:36:12,434][flwr][INFO] - configure_fit: strategy sampled 5 clients (out of 50)
[2024-09-23 01:42:15,414][flwr][INFO] - aggregate_fit: received 5 results and 0 failures
[2024-09-23 01:44:05,873][flwr][INFO] - fit progress: (23, 1972.2086337804794, {'accuracy': 0.5311971235194586}, 6428.544871778227)
[2024-09-23 01:44:05,874][flwr][INFO] - configure_evaluate: strategy sampled 2 clients (out of 50)
[2024-09-23 01:44:10,067][flwr][INFO] - aggregate_evaluate: received 2 results and 0 failures
[2024-09-23 01:44:10,067][flwr][INFO] - 
[2024-09-23 01:44:10,067][flwr][INFO] - [ROUND 24]
[2024-09-23 01:44:10,067][flwr][INFO] - configure_fit: strategy sampled 5 clients (out of 50)
[2024-09-23 01:49:17,647][flwr][INFO] - aggregate_fit: received 5 results and 0 failures
[2024-09-23 01:51:09,694][flwr][INFO] - fit progress: (24, 1972.5221287310123, {'accuracy': 0.5380499153976311}, 6852.3655282179825)
[2024-09-23 01:51:09,695][flwr][INFO] - configure_evaluate: strategy sampled 2 clients (out of 50)
[2024-09-23 01:51:14,005][flwr][INFO] - aggregate_evaluate: received 2 results and 0 failures
[2024-09-23 01:51:14,006][flwr][INFO] - 
[2024-09-23 01:51:14,006][flwr][INFO] - [ROUND 25]
[2024-09-23 01:51:14,006][flwr][INFO] - configure_fit: strategy sampled 5 clients (out of 50)
[2024-09-23 01:53:38,986][flwr][INFO] - aggregate_fit: received 5 results and 0 failures
[2024-09-23 01:55:28,245][flwr][INFO] - fit progress: (25, 1779.1116437911987, {'accuracy': 0.5619712351945855}, 7110.916037059855)
[2024-09-23 01:55:28,246][flwr][INFO] - configure_evaluate: strategy sampled 2 clients (out of 50)
[2024-09-23 01:55:32,829][flwr][INFO] - aggregate_evaluate: received 2 results and 0 failures
[2024-09-23 01:55:32,829][flwr][INFO] - 
[2024-09-23 01:55:32,829][flwr][INFO] - [ROUND 26]
[2024-09-23 01:55:32,829][flwr][INFO] - configure_fit: strategy sampled 5 clients (out of 50)
[2024-09-23 02:00:23,479][flwr][INFO] - aggregate_fit: received 5 results and 0 failures
[2024-09-23 02:02:17,164][flwr][INFO] - fit progress: (26, 1640.4232085943222, {'accuracy': 0.59418358714044}, 7519.835839167237)
[2024-09-23 02:02:17,165][flwr][INFO] - configure_evaluate: strategy sampled 2 clients (out of 50)
[2024-09-23 02:02:23,030][flwr][INFO] - aggregate_evaluate: received 2 results and 0 failures
[2024-09-23 02:02:23,031][flwr][INFO] - 
[2024-09-23 02:02:23,031][flwr][INFO] - [ROUND 27]
[2024-09-23 02:02:23,031][flwr][INFO] - configure_fit: strategy sampled 5 clients (out of 50)
[2024-09-23 02:06:51,294][flwr][INFO] - aggregate_fit: received 5 results and 0 failures
[2024-09-23 02:08:47,750][flwr][INFO] - fit progress: (27, 1906.3711014389992, {'accuracy': 0.5052030456852792}, 7910.421157548204)
[2024-09-23 02:08:47,750][flwr][INFO] - configure_evaluate: strategy sampled 2 clients (out of 50)
[2024-09-23 02:08:52,423][flwr][INFO] - aggregate_evaluate: received 2 results and 0 failures
[2024-09-23 02:08:52,423][flwr][INFO] - 
[2024-09-23 02:08:52,423][flwr][INFO] - [ROUND 28]
[2024-09-23 02:08:52,423][flwr][INFO] - configure_fit: strategy sampled 5 clients (out of 50)
[2024-09-23 02:10:02,158][flwr][INFO] - aggregate_fit: received 5 results and 0 failures
[2024-09-23 02:11:59,745][flwr][INFO] - fit progress: (28, 2156.0905760526657, {'accuracy': 0.4478849407783418}, 8102.41683633998)
[2024-09-23 02:11:59,746][flwr][INFO] - configure_evaluate: strategy sampled 2 clients (out of 50)
[2024-09-23 02:12:04,739][flwr][INFO] - aggregate_evaluate: received 2 results and 0 failures
[2024-09-23 02:12:04,740][flwr][INFO] - 
[2024-09-23 02:12:04,740][flwr][INFO] - [ROUND 29]
[2024-09-23 02:12:04,740][flwr][INFO] - configure_fit: strategy sampled 5 clients (out of 50)
[2024-09-23 02:13:39,582][flwr][INFO] - aggregate_fit: received 5 results and 0 failures
[2024-09-23 02:15:36,229][flwr][INFO] - fit progress: (29, 1862.8605543375015, {'accuracy': 0.5602368866328257}, 8318.900937424973)
[2024-09-23 02:15:36,230][flwr][INFO] - configure_evaluate: strategy sampled 2 clients (out of 50)
[2024-09-23 02:15:40,068][flwr][INFO] - aggregate_evaluate: received 2 results and 0 failures
[2024-09-23 02:15:40,068][flwr][INFO] - 
[2024-09-23 02:15:40,068][flwr][INFO] - [ROUND 30]
[2024-09-23 02:15:40,068][flwr][INFO] - configure_fit: strategy sampled 5 clients (out of 50)
[2024-09-23 02:17:31,597][flwr][INFO] - aggregate_fit: received 5 results and 0 failures
[2024-09-23 02:19:20,825][flwr][INFO] - fit progress: (30, 2326.940795004368, {'accuracy': 0.47667089678511}, 8543.49683069624)
[2024-09-23 02:19:20,826][flwr][INFO] - configure_evaluate: strategy sampled 2 clients (out of 50)
[2024-09-23 02:19:25,342][flwr][INFO] - aggregate_evaluate: received 2 results and 0 failures
[2024-09-23 02:19:25,342][flwr][INFO] - 
[2024-09-23 02:19:25,342][flwr][INFO] - [ROUND 31]
[2024-09-23 02:19:25,342][flwr][INFO] - configure_fit: strategy sampled 5 clients (out of 50)
[2024-09-23 02:21:48,660][flwr][INFO] - aggregate_fit: received 5 results and 0 failures
[2024-09-23 02:23:44,900][flwr][INFO] - fit progress: (31, 1730.0035676956177, {'accuracy': 0.5744077834179357}, 8807.571331019979)
[2024-09-23 02:23:44,900][flwr][INFO] - configure_evaluate: strategy sampled 2 clients (out of 50)
[2024-09-23 02:23:49,567][flwr][INFO] - aggregate_evaluate: received 2 results and 0 failures
[2024-09-23 02:23:49,568][flwr][INFO] - 
[2024-09-23 02:23:49,568][flwr][INFO] - [ROUND 32]
[2024-09-23 02:23:49,568][flwr][INFO] - configure_fit: strategy sampled 5 clients (out of 50)
[2024-09-23 02:25:31,975][flwr][INFO] - aggregate_fit: received 5 results and 0 failures
[2024-09-23 02:27:21,219][flwr][INFO] - fit progress: (32, 3295.8431391716003, {'accuracy': 0.4145093062605753}, 9023.890664276201)
[2024-09-23 02:27:21,220][flwr][INFO] - configure_evaluate: strategy sampled 2 clients (out of 50)
[2024-09-23 02:27:25,085][flwr][INFO] - aggregate_evaluate: received 2 results and 0 failures
[2024-09-23 02:27:25,085][flwr][INFO] - 
[2024-09-23 02:27:25,085][flwr][INFO] - [ROUND 33]
[2024-09-23 02:27:25,085][flwr][INFO] - configure_fit: strategy sampled 5 clients (out of 50)
[2024-09-23 02:32:25,375][flwr][INFO] - aggregate_fit: received 5 results and 0 failures
[2024-09-23 02:34:11,627][flwr][INFO] - fit progress: (33, 1839.734973847866, {'accuracy': 0.5528976311336717}, 9434.298597038258)
[2024-09-23 02:34:11,627][flwr][INFO] - configure_evaluate: strategy sampled 2 clients (out of 50)
[2024-09-23 02:34:15,509][flwr][INFO] - aggregate_evaluate: received 2 results and 0 failures
[2024-09-23 02:34:15,510][flwr][INFO] - 
[2024-09-23 02:34:15,510][flwr][INFO] - [ROUND 34]
[2024-09-23 02:34:15,510][flwr][INFO] - configure_fit: strategy sampled 5 clients (out of 50)
[2024-09-23 02:39:54,812][flwr][INFO] - aggregate_fit: received 5 results and 0 failures
[2024-09-23 02:41:50,223][flwr][INFO] - fit progress: (34, 2096.006973028183, {'accuracy': 0.4711928934010152}, 9892.894408572)
[2024-09-23 02:41:50,223][flwr][INFO] - configure_evaluate: strategy sampled 2 clients (out of 50)
[2024-09-23 02:41:54,489][flwr][INFO] - aggregate_evaluate: received 2 results and 0 failures
[2024-09-23 02:41:54,489][flwr][INFO] - 
[2024-09-23 02:41:54,490][flwr][INFO] - [ROUND 35]
[2024-09-23 02:41:54,490][flwr][INFO] - configure_fit: strategy sampled 5 clients (out of 50)
[2024-09-23 02:44:04,700][flwr][INFO] - aggregate_fit: received 5 results and 0 failures
[2024-09-23 02:45:54,951][flwr][INFO] - fit progress: (35, 1996.3156937360764, {'accuracy': 0.46797800338409473}, 10137.622224336956)
[2024-09-23 02:45:54,951][flwr][INFO] - configure_evaluate: strategy sampled 2 clients (out of 50)
[2024-09-23 02:45:59,764][flwr][INFO] - aggregate_evaluate: received 2 results and 0 failures
[2024-09-23 02:45:59,765][flwr][INFO] - 
[2024-09-23 02:45:59,765][flwr][INFO] - [ROUND 36]
[2024-09-23 02:45:59,765][flwr][INFO] - configure_fit: strategy sampled 5 clients (out of 50)
[2024-09-23 02:51:59,455][flwr][INFO] - aggregate_fit: received 5 results and 0 failures
[2024-09-23 02:53:52,407][flwr][INFO] - fit progress: (36, 1734.846443861723, {'accuracy': 0.5892343485617597}, 10615.078225719277)
[2024-09-23 02:53:52,407][flwr][INFO] - configure_evaluate: strategy sampled 2 clients (out of 50)
[2024-09-23 02:53:56,914][flwr][INFO] - aggregate_evaluate: received 2 results and 0 failures
[2024-09-23 02:53:56,914][flwr][INFO] - 
[2024-09-23 02:53:56,914][flwr][INFO] - [ROUND 37]
[2024-09-23 02:53:56,914][flwr][INFO] - configure_fit: strategy sampled 5 clients (out of 50)
[2024-09-23 02:58:38,005][flwr][INFO] - aggregate_fit: received 5 results and 0 failures
[2024-09-23 03:00:37,088][flwr][INFO] - fit progress: (37, 1746.3217451572418, {'accuracy': 0.5830160744500846}, 11019.759142596275)
[2024-09-23 03:00:37,088][flwr][INFO] - configure_evaluate: strategy sampled 2 clients (out of 50)
[2024-09-23 03:00:41,790][flwr][INFO] - aggregate_evaluate: received 2 results and 0 failures
[2024-09-23 03:00:41,790][flwr][INFO] - 
[2024-09-23 03:00:41,790][flwr][INFO] - [ROUND 38]
[2024-09-23 03:00:41,790][flwr][INFO] - configure_fit: strategy sampled 5 clients (out of 50)
[2024-09-23 03:03:05,570][flwr][INFO] - aggregate_fit: received 5 results and 0 failures
[2024-09-23 03:04:58,580][flwr][INFO] - fit progress: (38, 1828.725633084774, {'accuracy': 0.5490482233502538}, 11281.251868720166)
[2024-09-23 03:04:58,581][flwr][INFO] - configure_evaluate: strategy sampled 2 clients (out of 50)
[2024-09-23 03:05:02,742][flwr][INFO] - aggregate_evaluate: received 2 results and 0 failures
[2024-09-23 03:05:02,742][flwr][INFO] - 
[2024-09-23 03:05:02,742][flwr][INFO] - [ROUND 39]
[2024-09-23 03:05:02,742][flwr][INFO] - configure_fit: strategy sampled 5 clients (out of 50)
[2024-09-23 03:07:51,425][flwr][INFO] - aggregate_fit: received 5 results and 0 failures
[2024-09-23 03:09:35,783][flwr][INFO] - fit progress: (39, 1809.5854741930962, {'accuracy': 0.5554357021996615}, 11558.454565011896)
[2024-09-23 03:09:35,784][flwr][INFO] - configure_evaluate: strategy sampled 2 clients (out of 50)
[2024-09-23 03:09:39,747][flwr][INFO] - aggregate_evaluate: received 2 results and 0 failures
[2024-09-23 03:09:39,748][flwr][INFO] - 
[2024-09-23 03:09:39,748][flwr][INFO] - [ROUND 40]
[2024-09-23 03:09:39,748][flwr][INFO] - configure_fit: strategy sampled 5 clients (out of 50)
[2024-09-23 03:13:27,731][flwr][INFO] - aggregate_fit: received 5 results and 0 failures
[2024-09-23 03:15:17,462][flwr][INFO] - fit progress: (40, 1652.3674316108227, {'accuracy': 0.5882191201353638}, 11900.13405194087)
[2024-09-23 03:15:17,464][flwr][INFO] - configure_evaluate: strategy sampled 2 clients (out of 50)
[2024-09-23 03:15:21,986][flwr][INFO] - aggregate_evaluate: received 2 results and 0 failures
[2024-09-23 03:15:21,986][flwr][INFO] - 
[2024-09-23 03:15:21,986][flwr][INFO] - [ROUND 41]
[2024-09-23 03:15:21,986][flwr][INFO] - configure_fit: strategy sampled 5 clients (out of 50)
[2024-09-23 03:16:22,457][flwr][INFO] - aggregate_fit: received 5 results and 0 failures
[2024-09-23 03:18:08,035][flwr][INFO] - fit progress: (41, 1690.8321841359138, {'accuracy': 0.5898477157360406}, 12070.70625802828)
[2024-09-23 03:18:08,035][flwr][INFO] - configure_evaluate: strategy sampled 2 clients (out of 50)
[2024-09-23 03:18:13,371][flwr][INFO] - aggregate_evaluate: received 2 results and 0 failures
[2024-09-23 03:18:13,372][flwr][INFO] - 
[2024-09-23 03:18:13,372][flwr][INFO] - [ROUND 42]
[2024-09-23 03:18:13,372][flwr][INFO] - configure_fit: strategy sampled 5 clients (out of 50)
[2024-09-23 03:21:40,907][flwr][INFO] - aggregate_fit: received 5 results and 0 failures
[2024-09-23 03:23:39,730][flwr][INFO] - fit progress: (42, 2034.6787564754486, {'accuracy': 0.4991751269035533}, 12402.401501243003)
[2024-09-23 03:23:39,731][flwr][INFO] - configure_evaluate: strategy sampled 2 clients (out of 50)
[2024-09-23 03:23:43,650][flwr][INFO] - aggregate_evaluate: received 2 results and 0 failures
[2024-09-23 03:23:43,650][flwr][INFO] - 
[2024-09-23 03:23:43,650][flwr][INFO] - [ROUND 43]
[2024-09-23 03:23:43,650][flwr][INFO] - configure_fit: strategy sampled 5 clients (out of 50)
[2024-09-23 03:25:44,879][flwr][INFO] - aggregate_fit: received 5 results and 0 failures
[2024-09-23 03:27:36,162][flwr][INFO] - fit progress: (43, 2300.13753926754, {'accuracy': 0.468422165820643}, 12638.833814478945)
[2024-09-23 03:27:36,163][flwr][INFO] - configure_evaluate: strategy sampled 2 clients (out of 50)
[2024-09-23 03:27:40,574][flwr][INFO] - aggregate_evaluate: received 2 results and 0 failures
[2024-09-23 03:27:40,575][flwr][INFO] - 
[2024-09-23 03:27:40,575][flwr][INFO] - [ROUND 44]
[2024-09-23 03:27:40,575][flwr][INFO] - configure_fit: strategy sampled 5 clients (out of 50)
[2024-09-23 03:29:59,803][flwr][INFO] - aggregate_fit: received 5 results and 0 failures
[2024-09-23 03:31:46,922][flwr][INFO] - fit progress: (44, 1560.2238058447838, {'accuracy': 0.613261421319797}, 12889.593497511)
[2024-09-23 03:31:46,922][flwr][INFO] - configure_evaluate: strategy sampled 2 clients (out of 50)
[2024-09-23 03:31:51,159][flwr][INFO] - aggregate_evaluate: received 2 results and 0 failures
[2024-09-23 03:31:51,160][flwr][INFO] - 
[2024-09-23 03:31:51,160][flwr][INFO] - [ROUND 45]
[2024-09-23 03:31:51,160][flwr][INFO] - configure_fit: strategy sampled 5 clients (out of 50)
[2024-09-23 03:36:58,521][flwr][INFO] - aggregate_fit: received 5 results and 0 failures
[2024-09-23 03:38:52,853][flwr][INFO] - fit progress: (45, 1721.312671750784, {'accuracy': 0.5887901861252115}, 13315.52439160319)
[2024-09-23 03:38:52,854][flwr][INFO] - configure_evaluate: strategy sampled 2 clients (out of 50)
[2024-09-23 03:38:57,443][flwr][INFO] - aggregate_evaluate: received 2 results and 0 failures
[2024-09-23 03:38:57,444][flwr][INFO] - 
[2024-09-23 03:38:57,444][flwr][INFO] - [ROUND 46]
[2024-09-23 03:38:57,444][flwr][INFO] - configure_fit: strategy sampled 5 clients (out of 50)
[2024-09-23 03:41:18,924][flwr][INFO] - aggregate_fit: received 5 results and 0 failures
[2024-09-23 03:43:12,207][flwr][INFO] - fit progress: (46, 1760.4677952826023, {'accuracy': 0.5812817258883248}, 13574.878504652064)
[2024-09-23 03:43:12,207][flwr][INFO] - configure_evaluate: strategy sampled 2 clients (out of 50)
[2024-09-23 03:43:16,623][flwr][INFO] - aggregate_evaluate: received 2 results and 0 failures
[2024-09-23 03:43:16,623][flwr][INFO] - 
[2024-09-23 03:43:16,623][flwr][INFO] - [ROUND 47]
[2024-09-23 03:43:16,623][flwr][INFO] - configure_fit: strategy sampled 5 clients (out of 50)
[2024-09-23 03:48:21,223][flwr][INFO] - aggregate_fit: received 5 results and 0 failures
[2024-09-23 03:50:14,553][flwr][INFO] - fit progress: (47, 2691.8696014285088, {'accuracy': 0.4661802030456853}, 13997.224363788962)
[2024-09-23 03:50:14,553][flwr][INFO] - configure_evaluate: strategy sampled 2 clients (out of 50)
[2024-09-23 03:50:19,476][flwr][INFO] - aggregate_evaluate: received 2 results and 0 failures
[2024-09-23 03:50:19,476][flwr][INFO] - 
[2024-09-23 03:50:19,476][flwr][INFO] - [ROUND 48]
[2024-09-23 03:50:19,476][flwr][INFO] - configure_fit: strategy sampled 5 clients (out of 50)
[2024-09-23 03:52:11,460][flwr][INFO] - aggregate_fit: received 5 results and 0 failures
[2024-09-23 03:54:07,317][flwr][INFO] - fit progress: (48, 1692.937585234642, {'accuracy': 0.575}, 14229.98857072508)
[2024-09-23 03:54:07,318][flwr][INFO] - configure_evaluate: strategy sampled 2 clients (out of 50)
[2024-09-23 03:54:10,801][flwr][INFO] - aggregate_evaluate: received 2 results and 0 failures
[2024-09-23 03:54:10,801][flwr][INFO] - 
[2024-09-23 03:54:10,801][flwr][INFO] - [ROUND 49]
[2024-09-23 03:54:10,801][flwr][INFO] - configure_fit: strategy sampled 5 clients (out of 50)
[2024-09-23 03:56:47,913][flwr][INFO] - aggregate_fit: received 5 results and 0 failures
[2024-09-23 03:58:30,012][flwr][INFO] - fit progress: (49, 1868.2732381224632, {'accuracy': 0.5299492385786801}, 14492.683206610847)
[2024-09-23 03:58:30,012][flwr][INFO] - configure_evaluate: strategy sampled 2 clients (out of 50)
[2024-09-23 03:58:35,734][flwr][INFO] - aggregate_evaluate: received 2 results and 0 failures
[2024-09-23 03:58:35,735][flwr][INFO] - 
[2024-09-23 03:58:35,735][flwr][INFO] - [ROUND 50]
[2024-09-23 03:58:35,735][flwr][INFO] - configure_fit: strategy sampled 5 clients (out of 50)
[2024-09-23 04:02:24,593][flwr][INFO] - aggregate_fit: received 5 results and 0 failures
[2024-09-23 04:04:13,551][flwr][INFO] - fit progress: (50, 1748.7536071836948, {'accuracy': 0.5781302876480542}, 14836.22254410619)
[2024-09-23 04:04:13,552][flwr][INFO] - configure_evaluate: strategy sampled 2 clients (out of 50)
[2024-09-23 04:04:17,563][flwr][INFO] - aggregate_evaluate: received 2 results and 0 failures
[2024-09-23 04:04:17,563][flwr][INFO] - 
[2024-09-23 04:04:17,564][flwr][INFO] - [ROUND 51]
[2024-09-23 04:04:17,564][flwr][INFO] - configure_fit: strategy sampled 5 clients (out of 50)
[2024-09-23 04:08:59,286][flwr][INFO] - aggregate_fit: received 5 results and 0 failures
[2024-09-23 04:10:40,976][flwr][INFO] - fit progress: (51, 2524.1993797421455, {'accuracy': 0.4907783417935702}, 15223.647133126855)
[2024-09-23 04:10:40,976][flwr][INFO] - configure_evaluate: strategy sampled 2 clients (out of 50)
[2024-09-23 04:10:44,970][flwr][INFO] - aggregate_evaluate: received 2 results and 0 failures
[2024-09-23 04:10:44,971][flwr][INFO] - 
[2024-09-23 04:10:44,971][flwr][INFO] - [ROUND 52]
[2024-09-23 04:10:44,971][flwr][INFO] - configure_fit: strategy sampled 5 clients (out of 50)
[2024-09-23 04:12:32,911][flwr][INFO] - aggregate_fit: received 5 results and 0 failures
[2024-09-23 04:14:22,230][flwr][INFO] - fit progress: (52, 2017.5088092684746, {'accuracy': 0.5508671742808798}, 15444.901327495929)
[2024-09-23 04:14:22,230][flwr][INFO] - configure_evaluate: strategy sampled 2 clients (out of 50)
[2024-09-23 04:14:26,474][flwr][INFO] - aggregate_evaluate: received 2 results and 0 failures
[2024-09-23 04:14:26,475][flwr][INFO] - 
[2024-09-23 04:14:26,475][flwr][INFO] - [ROUND 53]
[2024-09-23 04:14:26,475][flwr][INFO] - configure_fit: strategy sampled 5 clients (out of 50)
[2024-09-23 04:17:01,017][flwr][INFO] - aggregate_fit: received 5 results and 0 failures
[2024-09-23 04:18:56,229][flwr][INFO] - fit progress: (53, 1941.4615164995193, {'accuracy': 0.5281514382402708}, 15718.90050828224)
[2024-09-23 04:18:56,230][flwr][INFO] - configure_evaluate: strategy sampled 2 clients (out of 50)
[2024-09-23 04:19:00,115][flwr][INFO] - aggregate_evaluate: received 2 results and 0 failures
[2024-09-23 04:19:00,116][flwr][INFO] - 
[2024-09-23 04:19:00,116][flwr][INFO] - [ROUND 54]
[2024-09-23 04:19:00,116][flwr][INFO] - configure_fit: strategy sampled 5 clients (out of 50)
[2024-09-23 04:22:49,365][flwr][INFO] - aggregate_fit: received 5 results and 0 failures
[2024-09-23 04:24:33,842][flwr][INFO] - fit progress: (54, 2011.9913440346718, {'accuracy': 0.5474830795262268}, 16056.513206684962)
[2024-09-23 04:24:33,842][flwr][INFO] - configure_evaluate: strategy sampled 2 clients (out of 50)
[2024-09-23 04:24:38,494][flwr][INFO] - aggregate_evaluate: received 2 results and 0 failures
[2024-09-23 04:24:38,494][flwr][INFO] - 
[2024-09-23 04:24:38,494][flwr][INFO] - [ROUND 55]
[2024-09-23 04:24:38,494][flwr][INFO] - configure_fit: strategy sampled 5 clients (out of 50)
[2024-09-23 04:28:21,779][flwr][INFO] - aggregate_fit: received 5 results and 0 failures
[2024-09-23 04:30:23,568][flwr][INFO] - fit progress: (55, 2180.0566421747208, {'accuracy': 0.5358925549915398}, 16406.239707639907)
[2024-09-23 04:30:23,569][flwr][INFO] - configure_evaluate: strategy sampled 2 clients (out of 50)
[2024-09-23 04:30:28,289][flwr][INFO] - aggregate_evaluate: received 2 results and 0 failures
[2024-09-23 04:30:28,289][flwr][INFO] - 
[2024-09-23 04:30:28,289][flwr][INFO] - [ROUND 56]
[2024-09-23 04:30:28,289][flwr][INFO] - configure_fit: strategy sampled 5 clients (out of 50)
[2024-09-23 04:32:00,860][flwr][INFO] - aggregate_fit: received 5 results and 0 failures
[2024-09-23 04:33:59,249][flwr][INFO] - fit progress: (56, 1675.7912449538708, {'accuracy': 0.5930626057529611}, 16621.920583311003)
[2024-09-23 04:33:59,250][flwr][INFO] - configure_evaluate: strategy sampled 2 clients (out of 50)
[2024-09-23 04:34:03,484][flwr][INFO] - aggregate_evaluate: received 2 results and 0 failures
[2024-09-23 04:34:03,484][flwr][INFO] - 
[2024-09-23 04:34:03,484][flwr][INFO] - [ROUND 57]
[2024-09-23 04:34:03,484][flwr][INFO] - configure_fit: strategy sampled 5 clients (out of 50)
[2024-09-23 04:36:31,611][flwr][INFO] - aggregate_fit: received 5 results and 0 failures
[2024-09-23 04:38:30,440][flwr][INFO] - fit progress: (57, 1827.5181752443314, {'accuracy': 0.5627115059221658}, 16893.11192519404)
[2024-09-23 04:38:30,441][flwr][INFO] - configure_evaluate: strategy sampled 2 clients (out of 50)
[2024-09-23 04:38:35,390][flwr][INFO] - aggregate_evaluate: received 2 results and 0 failures
[2024-09-23 04:38:35,390][flwr][INFO] - 
[2024-09-23 04:38:35,390][flwr][INFO] - [ROUND 58]
[2024-09-23 04:38:35,390][flwr][INFO] - configure_fit: strategy sampled 5 clients (out of 50)
[2024-09-23 04:42:51,039][flwr][INFO] - aggregate_fit: received 5 results and 0 failures
[2024-09-23 04:44:42,817][flwr][INFO] - fit progress: (58, 1809.4667692780495, {'accuracy': 0.5703891708967851}, 17265.488940272946)
[2024-09-23 04:44:42,818][flwr][INFO] - configure_evaluate: strategy sampled 2 clients (out of 50)
[2024-09-23 04:44:47,470][flwr][INFO] - aggregate_evaluate: received 2 results and 0 failures
[2024-09-23 04:44:47,470][flwr][INFO] - 
[2024-09-23 04:44:47,470][flwr][INFO] - [ROUND 59]
[2024-09-23 04:44:47,470][flwr][INFO] - configure_fit: strategy sampled 5 clients (out of 50)
[2024-09-23 04:47:13,599][flwr][INFO] - aggregate_fit: received 5 results and 0 failures
[2024-09-23 04:48:59,133][flwr][INFO] - fit progress: (59, 1626.3208522498608, {'accuracy': 0.6090101522842639}, 17521.804964812938)
[2024-09-23 04:48:59,134][flwr][INFO] - configure_evaluate: strategy sampled 2 clients (out of 50)
[2024-09-23 04:49:02,619][flwr][INFO] - aggregate_evaluate: received 2 results and 0 failures
[2024-09-23 04:49:02,620][flwr][INFO] - 
[2024-09-23 04:49:02,620][flwr][INFO] - [ROUND 60]
[2024-09-23 04:49:02,620][flwr][INFO] - configure_fit: strategy sampled 5 clients (out of 50)
[2024-09-23 04:53:16,314][flwr][INFO] - aggregate_fit: received 5 results and 0 failures
[2024-09-23 04:55:04,131][flwr][INFO] - fit progress: (60, 1806.0163805484772, {'accuracy': 0.5785744500846024}, 17886.80218587583)
[2024-09-23 04:55:04,131][flwr][INFO] - configure_evaluate: strategy sampled 2 clients (out of 50)
[2024-09-23 04:55:08,327][flwr][INFO] - aggregate_evaluate: received 2 results and 0 failures
[2024-09-23 04:55:08,328][flwr][INFO] - 
[2024-09-23 04:55:08,328][flwr][INFO] - [ROUND 61]
[2024-09-23 04:55:08,328][flwr][INFO] - configure_fit: strategy sampled 5 clients (out of 50)
[2024-09-23 04:56:50,094][flwr][INFO] - aggregate_fit: received 5 results and 0 failures
[2024-09-23 04:58:38,881][flwr][INFO] - fit progress: (61, 1834.0421394109726, {'accuracy': 0.5704103214890017}, 18101.552979101893)
[2024-09-23 04:58:38,882][flwr][INFO] - configure_evaluate: strategy sampled 2 clients (out of 50)
[2024-09-23 04:58:42,644][flwr][INFO] - aggregate_evaluate: received 2 results and 0 failures
[2024-09-23 04:58:42,644][flwr][INFO] - 
[2024-09-23 04:58:42,644][flwr][INFO] - [ROUND 62]
[2024-09-23 04:58:42,644][flwr][INFO] - configure_fit: strategy sampled 5 clients (out of 50)
[2024-09-23 05:01:15,864][flwr][INFO] - aggregate_fit: received 5 results and 0 failures
[2024-09-23 05:03:05,436][flwr][INFO] - fit progress: (62, 1685.348776370287, {'accuracy': 0.6034475465313028}, 18368.107070927043)
[2024-09-23 05:03:05,437][flwr][INFO] - configure_evaluate: strategy sampled 2 clients (out of 50)
[2024-09-23 05:03:09,712][flwr][INFO] - aggregate_evaluate: received 2 results and 0 failures
[2024-09-23 05:03:09,713][flwr][INFO] - 
[2024-09-23 05:03:09,713][flwr][INFO] - [ROUND 63]
[2024-09-23 05:03:09,713][flwr][INFO] - configure_fit: strategy sampled 5 clients (out of 50)
[2024-09-23 05:08:08,858][flwr][INFO] - aggregate_fit: received 5 results and 0 failures
[2024-09-23 05:10:09,864][flwr][INFO] - fit progress: (63, 1900.6023537516594, {'accuracy': 0.553236040609137}, 18792.535053880885)
[2024-09-23 05:10:09,864][flwr][INFO] - configure_evaluate: strategy sampled 2 clients (out of 50)
[2024-09-23 05:10:13,631][flwr][INFO] - aggregate_evaluate: received 2 results and 0 failures
[2024-09-23 05:10:13,631][flwr][INFO] - 
[2024-09-23 05:10:13,631][flwr][INFO] - [ROUND 64]
[2024-09-23 05:10:13,631][flwr][INFO] - configure_fit: strategy sampled 5 clients (out of 50)
[2024-09-23 05:11:53,827][flwr][INFO] - aggregate_fit: received 5 results and 0 failures
[2024-09-23 05:13:46,828][flwr][INFO] - fit progress: (64, 1588.391464293003, {'accuracy': 0.615080372250423}, 19009.49992859084)
[2024-09-23 05:13:46,829][flwr][INFO] - configure_evaluate: strategy sampled 2 clients (out of 50)
[2024-09-23 05:13:50,450][flwr][INFO] - aggregate_evaluate: received 2 results and 0 failures
[2024-09-23 05:13:50,450][flwr][INFO] - 
[2024-09-23 05:13:50,451][flwr][INFO] - [ROUND 65]
[2024-09-23 05:13:50,451][flwr][INFO] - configure_fit: strategy sampled 5 clients (out of 50)
[2024-09-23 05:16:07,919][flwr][INFO] - aggregate_fit: received 5 results and 0 failures
[2024-09-23 05:18:03,778][flwr][INFO] - fit progress: (65, 1800.2423533797264, {'accuracy': 0.5902072758037225}, 19266.449816867243)
[2024-09-23 05:18:03,779][flwr][INFO] - configure_evaluate: strategy sampled 2 clients (out of 50)
[2024-09-23 05:18:08,164][flwr][INFO] - aggregate_evaluate: received 2 results and 0 failures
[2024-09-23 05:18:08,164][flwr][INFO] - 
[2024-09-23 05:18:08,164][flwr][INFO] - [ROUND 66]
[2024-09-23 05:18:08,164][flwr][INFO] - configure_fit: strategy sampled 5 clients (out of 50)
[2024-09-23 05:20:13,188][flwr][INFO] - aggregate_fit: received 5 results and 0 failures
[2024-09-23 05:22:01,250][flwr][INFO] - fit progress: (66, 2130.5513102412224, {'accuracy': 0.48904399323181047}, 19503.921160697937)
[2024-09-23 05:22:01,250][flwr][INFO] - configure_evaluate: strategy sampled 2 clients (out of 50)
[2024-09-23 05:22:05,176][flwr][INFO] - aggregate_evaluate: received 2 results and 0 failures
[2024-09-23 05:22:05,177][flwr][INFO] - 
[2024-09-23 05:22:05,177][flwr][INFO] - [ROUND 67]
[2024-09-23 05:22:05,177][flwr][INFO] - configure_fit: strategy sampled 5 clients (out of 50)
[2024-09-23 05:26:05,955][flwr][INFO] - aggregate_fit: received 5 results and 0 failures
[2024-09-23 05:27:58,216][flwr][INFO] - fit progress: (67, 1795.7155358493328, {'accuracy': 0.5785956006768189}, 19860.887695987243)
[2024-09-23 05:27:58,217][flwr][INFO] - configure_evaluate: strategy sampled 2 clients (out of 50)
[2024-09-23 05:28:03,363][flwr][INFO] - aggregate_evaluate: received 2 results and 0 failures
[2024-09-23 05:28:03,363][flwr][INFO] - 
[2024-09-23 05:28:03,363][flwr][INFO] - [ROUND 68]
[2024-09-23 05:28:03,363][flwr][INFO] - configure_fit: strategy sampled 5 clients (out of 50)
[2024-09-23 05:31:31,824][flwr][INFO] - aggregate_fit: received 5 results and 0 failures
[2024-09-23 05:33:21,285][flwr][INFO] - fit progress: (68, 1933.5311296284199, {'accuracy': 0.579505076142132}, 20183.956064462196)
[2024-09-23 05:33:21,285][flwr][INFO] - configure_evaluate: strategy sampled 2 clients (out of 50)
[2024-09-23 05:33:25,475][flwr][INFO] - aggregate_evaluate: received 2 results and 0 failures
[2024-09-23 05:33:25,476][flwr][INFO] - 
[2024-09-23 05:33:25,476][flwr][INFO] - [ROUND 69]
[2024-09-23 05:33:25,476][flwr][INFO] - configure_fit: strategy sampled 5 clients (out of 50)
[2024-09-23 05:37:13,071][flwr][INFO] - aggregate_fit: received 5 results and 0 failures
[2024-09-23 05:38:56,788][flwr][INFO] - fit progress: (69, 2803.543034017086, {'accuracy': 0.5039340101522842}, 20519.459068951197)
[2024-09-23 05:38:56,789][flwr][INFO] - configure_evaluate: strategy sampled 2 clients (out of 50)
[2024-09-23 05:39:00,122][flwr][INFO] - aggregate_evaluate: received 2 results and 0 failures
[2024-09-23 05:39:00,122][flwr][INFO] - 
[2024-09-23 05:39:00,122][flwr][INFO] - [ROUND 70]
[2024-09-23 05:39:00,122][flwr][INFO] - configure_fit: strategy sampled 5 clients (out of 50)
[2024-09-23 05:42:17,921][flwr][INFO] - aggregate_fit: received 5 results and 0 failures
[2024-09-23 05:44:08,486][flwr][INFO] - fit progress: (70, 2331.1016231179237, {'accuracy': 0.5088197969543147}, 20831.15792957926)
[2024-09-23 05:44:08,487][flwr][INFO] - configure_evaluate: strategy sampled 2 clients (out of 50)
[2024-09-23 05:44:13,196][flwr][INFO] - aggregate_evaluate: received 2 results and 0 failures
[2024-09-23 05:44:13,197][flwr][INFO] - 
[2024-09-23 05:44:13,197][flwr][INFO] - [ROUND 71]
[2024-09-23 05:44:13,197][flwr][INFO] - configure_fit: strategy sampled 5 clients (out of 50)
[2024-09-23 05:46:16,201][flwr][INFO] - aggregate_fit: received 5 results and 0 failures
[2024-09-23 05:48:10,257][flwr][INFO] - fit progress: (71, 2149.6956764757633, {'accuracy': 0.5261209813874789}, 21072.928396724164)
[2024-09-23 05:48:10,257][flwr][INFO] - configure_evaluate: strategy sampled 2 clients (out of 50)
[2024-09-23 05:48:15,015][flwr][INFO] - aggregate_evaluate: received 2 results and 0 failures
[2024-09-23 05:48:15,015][flwr][INFO] - 
[2024-09-23 05:48:15,016][flwr][INFO] - [ROUND 72]
[2024-09-23 05:48:15,016][flwr][INFO] - configure_fit: strategy sampled 5 clients (out of 50)
[2024-09-23 05:51:41,695][flwr][INFO] - aggregate_fit: received 5 results and 0 failures
[2024-09-23 05:53:35,047][flwr][INFO] - fit progress: (72, 2730.7429099082947, {'accuracy': 0.4671954314720812}, 21397.718809103128)
[2024-09-23 05:53:35,048][flwr][INFO] - configure_evaluate: strategy sampled 2 clients (out of 50)
[2024-09-23 05:53:39,183][flwr][INFO] - aggregate_evaluate: received 2 results and 0 failures
[2024-09-23 05:53:39,184][flwr][INFO] - 
[2024-09-23 05:53:39,184][flwr][INFO] - [ROUND 73]
[2024-09-23 05:53:39,184][flwr][INFO] - configure_fit: strategy sampled 5 clients (out of 50)
[2024-09-23 05:57:19,155][flwr][INFO] - aggregate_fit: received 5 results and 0 failures
[2024-09-23 05:59:07,734][flwr][INFO] - fit progress: (73, 2721.7554564476013, {'accuracy': 0.47768612521150594}, 21730.405637675896)
[2024-09-23 05:59:07,735][flwr][INFO] - configure_evaluate: strategy sampled 2 clients (out of 50)
[2024-09-23 05:59:11,230][flwr][INFO] - aggregate_evaluate: received 2 results and 0 failures
[2024-09-23 05:59:11,231][flwr][INFO] - 
[2024-09-23 05:59:11,231][flwr][INFO] - [ROUND 74]
[2024-09-23 05:59:11,231][flwr][INFO] - configure_fit: strategy sampled 5 clients (out of 50)
[2024-09-23 06:00:14,317][flwr][INFO] - aggregate_fit: received 5 results and 0 failures
[2024-09-23 06:02:09,981][flwr][INFO] - fit progress: (74, 1892.6285966038704, {'accuracy': 0.5275380710659898}, 21912.652845282108)
[2024-09-23 06:02:09,982][flwr][INFO] - configure_evaluate: strategy sampled 2 clients (out of 50)
[2024-09-23 06:02:13,858][flwr][INFO] - aggregate_evaluate: received 2 results and 0 failures
[2024-09-23 06:02:13,858][flwr][INFO] - 
[2024-09-23 06:02:13,858][flwr][INFO] - [ROUND 75]
[2024-09-23 06:02:13,858][flwr][INFO] - configure_fit: strategy sampled 5 clients (out of 50)
[2024-09-23 06:05:30,180][flwr][INFO] - aggregate_fit: received 5 results and 0 failures
[2024-09-23 06:07:14,504][flwr][INFO] - fit progress: (75, 1658.9380899071693, {'accuracy': 0.612753807106599}, 22217.175500874873)
[2024-09-23 06:07:14,506][flwr][INFO] - configure_evaluate: strategy sampled 2 clients (out of 50)
[2024-09-23 06:07:18,441][flwr][INFO] - aggregate_evaluate: received 2 results and 0 failures
[2024-09-23 06:07:18,441][flwr][INFO] - 
[2024-09-23 06:07:18,441][flwr][INFO] - [ROUND 76]
[2024-09-23 06:07:18,441][flwr][INFO] - configure_fit: strategy sampled 5 clients (out of 50)
[2024-09-23 06:09:27,550][flwr][INFO] - aggregate_fit: received 5 results and 0 failures
[2024-09-23 06:11:18,653][flwr][INFO] - fit progress: (76, 1629.3377816677094, {'accuracy': 0.6012055837563451}, 22461.32443034416)
[2024-09-23 06:11:18,654][flwr][INFO] - configure_evaluate: strategy sampled 2 clients (out of 50)
[2024-09-23 06:11:22,633][flwr][INFO] - aggregate_evaluate: received 2 results and 0 failures
[2024-09-23 06:11:22,634][flwr][INFO] - 
[2024-09-23 06:11:22,635][flwr][INFO] - [ROUND 77]
[2024-09-23 06:11:22,635][flwr][INFO] - configure_fit: strategy sampled 5 clients (out of 50)
[2024-09-23 06:12:54,602][flwr][INFO] - aggregate_fit: received 5 results and 0 failures
[2024-09-23 06:14:51,555][flwr][INFO] - fit progress: (77, 1839.1495949029922, {'accuracy': 0.5836717428087986}, 22674.226403065957)
[2024-09-23 06:14:51,556][flwr][INFO] - configure_evaluate: strategy sampled 2 clients (out of 50)
[2024-09-23 06:14:55,249][flwr][INFO] - aggregate_evaluate: received 2 results and 0 failures
[2024-09-23 06:14:55,250][flwr][INFO] - 
[2024-09-23 06:14:55,250][flwr][INFO] - [ROUND 78]
[2024-09-23 06:14:55,250][flwr][INFO] - configure_fit: strategy sampled 5 clients (out of 50)
[2024-09-23 06:16:08,599][flwr][INFO] - aggregate_fit: received 5 results and 0 failures
[2024-09-23 06:18:08,039][flwr][INFO] - fit progress: (78, 1802.3184192180634, {'accuracy': 0.5920473773265651}, 22870.710580017883)
[2024-09-23 06:18:08,041][flwr][INFO] - configure_evaluate: strategy sampled 2 clients (out of 50)
[2024-09-23 06:18:13,685][flwr][INFO] - aggregate_evaluate: received 2 results and 0 failures
[2024-09-23 06:18:13,685][flwr][INFO] - 
[2024-09-23 06:18:13,685][flwr][INFO] - [ROUND 79]
[2024-09-23 06:18:13,685][flwr][INFO] - configure_fit: strategy sampled 5 clients (out of 50)
[2024-09-23 06:21:23,827][flwr][INFO] - aggregate_fit: received 5 results and 0 failures
[2024-09-23 06:23:25,180][flwr][INFO] - fit progress: (79, 1914.8779974877834, {'accuracy': 0.5829737732656515}, 23187.851890113205)
[2024-09-23 06:23:25,181][flwr][INFO] - configure_evaluate: strategy sampled 2 clients (out of 50)
[2024-09-23 06:23:30,020][flwr][INFO] - aggregate_evaluate: received 2 results and 0 failures
[2024-09-23 06:23:30,020][flwr][INFO] - 
[2024-09-23 06:23:30,020][flwr][INFO] - [ROUND 80]
[2024-09-23 06:23:30,020][flwr][INFO] - configure_fit: strategy sampled 5 clients (out of 50)
[2024-09-23 06:26:03,131][flwr][INFO] - aggregate_fit: received 5 results and 0 failures
[2024-09-23 06:27:55,910][flwr][INFO] - fit progress: (80, 1981.4910179674625, {'accuracy': 0.5697123519458545}, 23458.581763139926)
[2024-09-23 06:27:55,911][flwr][INFO] - configure_evaluate: strategy sampled 2 clients (out of 50)
[2024-09-23 06:27:59,994][flwr][INFO] - aggregate_evaluate: received 2 results and 0 failures
[2024-09-23 06:27:59,995][flwr][INFO] - 
[2024-09-23 06:27:59,995][flwr][INFO] - [ROUND 81]
[2024-09-23 06:27:59,995][flwr][INFO] - configure_fit: strategy sampled 5 clients (out of 50)
[2024-09-23 06:29:49,799][flwr][INFO] - aggregate_fit: received 5 results and 0 failures
[2024-09-23 06:31:37,303][flwr][INFO] - fit progress: (81, 1669.7353774309158, {'accuracy': 0.5817470389170897}, 23679.974662512075)
[2024-09-23 06:31:37,304][flwr][INFO] - configure_evaluate: strategy sampled 2 clients (out of 50)
[2024-09-23 06:31:42,073][flwr][INFO] - aggregate_evaluate: received 2 results and 0 failures
[2024-09-23 06:31:42,073][flwr][INFO] - 
[2024-09-23 06:31:42,073][flwr][INFO] - [ROUND 82]
[2024-09-23 06:31:42,073][flwr][INFO] - configure_fit: strategy sampled 5 clients (out of 50)
[2024-09-23 06:32:48,824][flwr][INFO] - aggregate_fit: received 5 results and 0 failures
[2024-09-23 06:34:36,237][flwr][INFO] - fit progress: (82, 1831.3523108959198, {'accuracy': 0.5698392554991539}, 23858.90869625006)
[2024-09-23 06:34:36,238][flwr][INFO] - configure_evaluate: strategy sampled 2 clients (out of 50)
[2024-09-23 06:34:41,159][flwr][INFO] - aggregate_evaluate: received 2 results and 0 failures
[2024-09-23 06:34:41,160][flwr][INFO] - 
[2024-09-23 06:34:41,160][flwr][INFO] - [ROUND 83]
[2024-09-23 06:34:41,160][flwr][INFO] - configure_fit: strategy sampled 5 clients (out of 50)
[2024-09-23 06:35:48,673][flwr][INFO] - aggregate_fit: received 5 results and 0 failures
[2024-09-23 06:37:44,871][flwr][INFO] - fit progress: (83, 1836.6341716647148, {'accuracy': 0.5426395939086295}, 24047.542502059136)
[2024-09-23 06:37:44,877][flwr][INFO] - configure_evaluate: strategy sampled 2 clients (out of 50)
[2024-09-23 06:37:48,229][flwr][INFO] - aggregate_evaluate: received 2 results and 0 failures
[2024-09-23 06:37:48,229][flwr][INFO] - 
[2024-09-23 06:37:48,229][flwr][INFO] - [ROUND 84]
[2024-09-23 06:37:48,229][flwr][INFO] - configure_fit: strategy sampled 5 clients (out of 50)
[2024-09-23 06:40:23,154][flwr][INFO] - aggregate_fit: received 5 results and 0 failures
[2024-09-23 06:42:09,631][flwr][INFO] - fit progress: (84, 1951.1024991869926, {'accuracy': 0.5499365482233503}, 24312.30284153018)
[2024-09-23 06:42:09,632][flwr][INFO] - configure_evaluate: strategy sampled 2 clients (out of 50)
[2024-09-23 06:42:13,536][flwr][INFO] - aggregate_evaluate: received 2 results and 0 failures
[2024-09-23 06:42:13,536][flwr][INFO] - 
[2024-09-23 06:42:13,536][flwr][INFO] - [ROUND 85]
[2024-09-23 06:42:13,536][flwr][INFO] - configure_fit: strategy sampled 5 clients (out of 50)
[2024-09-23 06:44:24,559][flwr][INFO] - aggregate_fit: received 5 results and 0 failures
[2024-09-23 06:46:04,363][flwr][INFO] - fit progress: (85, 2184.3324078917503, {'accuracy': 0.5256345177664975}, 24547.035051656887)
[2024-09-23 06:46:04,364][flwr][INFO] - configure_evaluate: strategy sampled 2 clients (out of 50)
[2024-09-23 06:46:09,108][flwr][INFO] - aggregate_evaluate: received 2 results and 0 failures
[2024-09-23 06:46:09,109][flwr][INFO] - 
[2024-09-23 06:46:09,109][flwr][INFO] - [ROUND 86]
[2024-09-23 06:46:09,109][flwr][INFO] - configure_fit: strategy sampled 5 clients (out of 50)
[2024-09-23 06:48:49,659][flwr][INFO] - aggregate_fit: received 5 results and 0 failures
[2024-09-23 06:50:46,355][flwr][INFO] - fit progress: (86, 1731.2037726044655, {'accuracy': 0.594839255499154}, 24829.02623996325)
[2024-09-23 06:50:46,355][flwr][INFO] - configure_evaluate: strategy sampled 2 clients (out of 50)
[2024-09-23 06:50:50,131][flwr][INFO] - aggregate_evaluate: received 2 results and 0 failures
[2024-09-23 06:50:50,131][flwr][INFO] - 
[2024-09-23 06:50:50,131][flwr][INFO] - [ROUND 87]
[2024-09-23 06:50:50,131][flwr][INFO] - configure_fit: strategy sampled 5 clients (out of 50)
[2024-09-23 06:52:58,582][flwr][INFO] - aggregate_fit: received 5 results and 0 failures
[2024-09-23 06:54:47,805][flwr][INFO] - fit progress: (87, 1738.0094231665134, {'accuracy': 0.596510152284264}, 25070.476467604283)
[2024-09-23 06:54:47,805][flwr][INFO] - configure_evaluate: strategy sampled 2 clients (out of 50)
[2024-09-23 06:54:51,608][flwr][INFO] - aggregate_evaluate: received 2 results and 0 failures
[2024-09-23 06:54:51,608][flwr][INFO] - 
[2024-09-23 06:54:51,609][flwr][INFO] - [ROUND 88]
[2024-09-23 06:54:51,609][flwr][INFO] - configure_fit: strategy sampled 5 clients (out of 50)
[2024-09-23 06:57:38,828][flwr][INFO] - aggregate_fit: received 5 results and 0 failures
[2024-09-23 06:59:39,035][flwr][INFO] - fit progress: (88, 1990.8215000629425, {'accuracy': 0.5430837563451777}, 25361.706509902142)
[2024-09-23 06:59:39,035][flwr][INFO] - configure_evaluate: strategy sampled 2 clients (out of 50)
[2024-09-23 06:59:44,031][flwr][INFO] - aggregate_evaluate: received 2 results and 0 failures
[2024-09-23 06:59:44,031][flwr][INFO] - 
[2024-09-23 06:59:44,032][flwr][INFO] - [ROUND 89]
[2024-09-23 06:59:44,032][flwr][INFO] - configure_fit: strategy sampled 5 clients (out of 50)
[2024-09-23 07:01:31,528][flwr][INFO] - aggregate_fit: received 5 results and 0 failures
[2024-09-23 07:03:24,300][flwr][INFO] - fit progress: (89, 1856.4790719151497, {'accuracy': 0.5619712351945855}, 25586.971150199883)
[2024-09-23 07:03:24,300][flwr][INFO] - configure_evaluate: strategy sampled 2 clients (out of 50)
[2024-09-23 07:03:27,762][flwr][INFO] - aggregate_evaluate: received 2 results and 0 failures
[2024-09-23 07:03:27,763][flwr][INFO] - 
[2024-09-23 07:03:27,763][flwr][INFO] - [ROUND 90]
[2024-09-23 07:03:27,763][flwr][INFO] - configure_fit: strategy sampled 5 clients (out of 50)
[2024-09-23 07:07:55,505][flwr][INFO] - aggregate_fit: received 5 results and 0 failures
[2024-09-23 07:09:44,332][flwr][INFO] - fit progress: (90, 1834.7672956883907, {'accuracy': 0.6083967851099831}, 25967.003979587927)
[2024-09-23 07:09:44,333][flwr][INFO] - configure_evaluate: strategy sampled 2 clients (out of 50)
[2024-09-23 07:09:48,204][flwr][INFO] - aggregate_evaluate: received 2 results and 0 failures
[2024-09-23 07:09:48,205][flwr][INFO] - 
[2024-09-23 07:09:48,205][flwr][INFO] - [ROUND 91]
[2024-09-23 07:09:48,205][flwr][INFO] - configure_fit: strategy sampled 5 clients (out of 50)
[2024-09-23 07:13:27,594][flwr][INFO] - aggregate_fit: received 5 results and 0 failures
[2024-09-23 07:15:14,606][flwr][INFO] - fit progress: (91, 1794.0597362816334, {'accuracy': 0.6063874788494078}, 26297.27756633889)
[2024-09-23 07:15:14,606][flwr][INFO] - configure_evaluate: strategy sampled 2 clients (out of 50)
[2024-09-23 07:15:19,459][flwr][INFO] - aggregate_evaluate: received 2 results and 0 failures
[2024-09-23 07:15:19,459][flwr][INFO] - 
[2024-09-23 07:15:19,459][flwr][INFO] - [ROUND 92]
[2024-09-23 07:15:19,459][flwr][INFO] - configure_fit: strategy sampled 5 clients (out of 50)
[2024-09-23 07:16:40,296][flwr][INFO] - aggregate_fit: received 5 results and 0 failures
[2024-09-23 07:18:35,419][flwr][INFO] - fit progress: (92, 1927.1847039163113, {'accuracy': 0.5885998307952622}, 26498.090240835212)
[2024-09-23 07:18:35,419][flwr][INFO] - configure_evaluate: strategy sampled 2 clients (out of 50)
[2024-09-23 07:18:39,733][flwr][INFO] - aggregate_evaluate: received 2 results and 0 failures
[2024-09-23 07:18:39,733][flwr][INFO] - 
[2024-09-23 07:18:39,734][flwr][INFO] - [ROUND 93]
[2024-09-23 07:18:39,734][flwr][INFO] - configure_fit: strategy sampled 5 clients (out of 50)
[2024-09-23 07:22:23,621][flwr][INFO] - aggregate_fit: received 5 results and 0 failures
[2024-09-23 07:24:11,789][flwr][INFO] - fit progress: (93, 1872.7156030535698, {'accuracy': 0.5755922165820643}, 26834.46089617908)
[2024-09-23 07:24:11,790][flwr][INFO] - configure_evaluate: strategy sampled 2 clients (out of 50)
[2024-09-23 07:24:15,738][flwr][INFO] - aggregate_evaluate: received 2 results and 0 failures
[2024-09-23 07:24:15,738][flwr][INFO] - 
[2024-09-23 07:24:15,738][flwr][INFO] - [ROUND 94]
[2024-09-23 07:24:15,738][flwr][INFO] - configure_fit: strategy sampled 5 clients (out of 50)
[2024-09-23 07:27:50,939][flwr][INFO] - aggregate_fit: received 5 results and 0 failures
[2024-09-23 07:29:31,177][flwr][INFO] - fit progress: (94, 2220.675907701254, {'accuracy': 0.5774323181049069}, 27153.848656745162)
[2024-09-23 07:29:31,178][flwr][INFO] - configure_evaluate: strategy sampled 2 clients (out of 50)
[2024-09-23 07:29:35,519][flwr][INFO] - aggregate_evaluate: received 2 results and 0 failures
[2024-09-23 07:29:35,519][flwr][INFO] - 
[2024-09-23 07:29:35,519][flwr][INFO] - [ROUND 95]
[2024-09-23 07:29:35,519][flwr][INFO] - configure_fit: strategy sampled 5 clients (out of 50)
[2024-09-23 07:31:31,911][flwr][INFO] - aggregate_fit: received 5 results and 0 failures
[2024-09-23 07:33:18,966][flwr][INFO] - fit progress: (95, 1983.6466036438942, {'accuracy': 0.5534263959390863}, 27381.63750297716)
[2024-09-23 07:33:18,966][flwr][INFO] - configure_evaluate: strategy sampled 2 clients (out of 50)
[2024-09-23 07:33:22,872][flwr][INFO] - aggregate_evaluate: received 2 results and 0 failures
[2024-09-23 07:33:22,873][flwr][INFO] - 
[2024-09-23 07:33:22,873][flwr][INFO] - [ROUND 96]
[2024-09-23 07:33:22,873][flwr][INFO] - configure_fit: strategy sampled 5 clients (out of 50)
[2024-09-23 07:37:00,393][flwr][INFO] - aggregate_fit: received 5 results and 0 failures
[2024-09-23 07:38:39,760][flwr][INFO] - fit progress: (96, 2585.015244305134, {'accuracy': 0.5037648054145516}, 27702.431233928073)
[2024-09-23 07:38:39,760][flwr][INFO] - configure_evaluate: strategy sampled 2 clients (out of 50)
[2024-09-23 07:38:43,670][flwr][INFO] - aggregate_evaluate: received 2 results and 0 failures
[2024-09-23 07:38:43,670][flwr][INFO] - 
[2024-09-23 07:38:43,671][flwr][INFO] - [ROUND 97]
[2024-09-23 07:38:43,671][flwr][INFO] - configure_fit: strategy sampled 5 clients (out of 50)
[2024-09-23 07:41:14,179][flwr][INFO] - aggregate_fit: received 5 results and 0 failures
[2024-09-23 07:42:53,987][flwr][INFO] - fit progress: (97, 2638.6815828084946, {'accuracy': 0.5527918781725888}, 27956.658840829972)
[2024-09-23 07:42:53,988][flwr][INFO] - configure_evaluate: strategy sampled 2 clients (out of 50)
[2024-09-23 07:42:58,299][flwr][INFO] - aggregate_evaluate: received 2 results and 0 failures
[2024-09-23 07:42:58,299][flwr][INFO] - 
[2024-09-23 07:42:58,300][flwr][INFO] - [ROUND 98]
[2024-09-23 07:42:58,300][flwr][INFO] - configure_fit: strategy sampled 5 clients (out of 50)
[2024-09-23 07:46:51,920][flwr][INFO] - aggregate_fit: received 5 results and 0 failures
[2024-09-23 07:48:39,423][flwr][INFO] - fit progress: (98, 2160.2460207641125, {'accuracy': 0.5590524534686971}, 28302.094202075154)
[2024-09-23 07:48:39,423][flwr][INFO] - configure_evaluate: strategy sampled 2 clients (out of 50)
[2024-09-23 07:48:44,104][flwr][INFO] - aggregate_evaluate: received 2 results and 0 failures
[2024-09-23 07:48:44,104][flwr][INFO] - 
[2024-09-23 07:48:44,105][flwr][INFO] - [ROUND 99]
[2024-09-23 07:48:44,105][flwr][INFO] - configure_fit: strategy sampled 5 clients (out of 50)
[2024-09-23 07:50:56,731][flwr][INFO] - aggregate_fit: received 5 results and 0 failures
[2024-09-23 07:52:44,051][flwr][INFO] - fit progress: (99, 1731.8009820878506, {'accuracy': 0.606429780033841}, 28546.72239592625)
[2024-09-23 07:52:44,051][flwr][INFO] - configure_evaluate: strategy sampled 2 clients (out of 50)
[2024-09-23 07:52:49,635][flwr][INFO] - aggregate_evaluate: received 2 results and 0 failures
[2024-09-23 07:52:49,635][flwr][INFO] - 
[2024-09-23 07:52:49,635][flwr][INFO] - [ROUND 100]
[2024-09-23 07:52:49,635][flwr][INFO] - configure_fit: strategy sampled 5 clients (out of 50)
[2024-09-23 07:54:15,019][flwr][INFO] - aggregate_fit: received 5 results and 0 failures
[2024-09-23 07:55:52,947][flwr][INFO] - fit progress: (100, 1833.8482289910316, {'accuracy': 0.5967851099830795}, 28735.618845607154)
[2024-09-23 07:55:52,948][flwr][INFO] - configure_evaluate: strategy sampled 2 clients (out of 50)
[2024-09-23 07:55:57,071][flwr][INFO] - aggregate_evaluate: received 2 results and 0 failures
[2024-09-23 07:55:57,291][flwr][INFO] - 
[2024-09-23 07:55:57,292][flwr][INFO] - [SUMMARY]
[2024-09-23 07:55:57,292][flwr][INFO] - Run finished 100 round(s) in 28739.74s
[2024-09-23 07:55:57,294][flwr][INFO] - 	History (loss, distributed):
[2024-09-23 07:55:57,295][flwr][INFO] - 		round 1: 46.271515444158176
[2024-09-23 07:55:57,295][flwr][INFO] - 		round 2: 13.970197600274046
[2024-09-23 07:55:57,295][flwr][INFO] - 		round 3: 10.229235771588819
[2024-09-23 07:55:57,295][flwr][INFO] - 		round 4: 12.840441826243328
[2024-09-23 07:55:57,295][flwr][INFO] - 		round 5: 10.144362089025426
[2024-09-23 07:55:57,295][flwr][INFO] - 		round 6: 7.240683832887895
[2024-09-23 07:55:57,295][flwr][INFO] - 		round 7: 17.643828654166427
[2024-09-23 07:55:57,295][flwr][INFO] - 		round 8: 19.245812858192664
[2024-09-23 07:55:57,295][flwr][INFO] - 		round 9: 7.92039790050483
[2024-09-23 07:55:57,295][flwr][INFO] - 		round 10: 8.517903448008806
[2024-09-23 07:55:57,295][flwr][INFO] - 		round 11: 4.030761306680094
[2024-09-23 07:55:57,295][flwr][INFO] - 		round 12: 13.616111084651829
[2024-09-23 07:55:57,295][flwr][INFO] - 		round 13: 10.639918440749998
[2024-09-23 07:55:57,295][flwr][INFO] - 		round 14: 1.3612740546240842
[2024-09-23 07:55:57,296][flwr][INFO] - 		round 15: 12.639468194490457
[2024-09-23 07:55:57,296][flwr][INFO] - 		round 16: 8.284149710088968
[2024-09-23 07:55:57,296][flwr][INFO] - 		round 17: 6.363752726759833
[2024-09-23 07:55:57,296][flwr][INFO] - 		round 18: 3.6204816189536166
[2024-09-23 07:55:57,296][flwr][INFO] - 		round 19: 4.539194698065099
[2024-09-23 07:55:57,296][flwr][INFO] - 		round 20: 11.424150449366657
[2024-09-23 07:55:57,296][flwr][INFO] - 		round 21: 6.246076909913903
[2024-09-23 07:55:57,296][flwr][INFO] - 		round 22: 26.203225402068902
[2024-09-23 07:55:57,296][flwr][INFO] - 		round 23: 8.33185009546646
[2024-09-23 07:55:57,296][flwr][INFO] - 		round 24: 10.125313220968978
[2024-09-23 07:55:57,296][flwr][INFO] - 		round 25: 8.526469397963139
[2024-09-23 07:55:57,296][flwr][INFO] - 		round 26: 12.06777848134313
[2024-09-23 07:55:57,296][flwr][INFO] - 		round 27: 12.832226845822056
[2024-09-23 07:55:57,296][flwr][INFO] - 		round 28: 14.503334937466569
[2024-09-23 07:55:57,296][flwr][INFO] - 		round 29: 6.6115203061479955
[2024-09-23 07:55:57,296][flwr][INFO] - 		round 30: 5.372052643750165
[2024-09-23 07:55:57,296][flwr][INFO] - 		round 31: 7.1879390581000235
[2024-09-23 07:55:57,296][flwr][INFO] - 		round 32: 6.503774994786652
[2024-09-23 07:55:57,296][flwr][INFO] - 		round 33: 6.768462250630061
[2024-09-23 07:55:57,296][flwr][INFO] - 		round 34: 11.72318862586893
[2024-09-23 07:55:57,296][flwr][INFO] - 		round 35: 10.712387975995187
[2024-09-23 07:55:57,296][flwr][INFO] - 		round 36: 8.133962395447076
[2024-09-23 07:55:57,297][flwr][INFO] - 		round 37: 6.644712500653024
[2024-09-23 07:55:57,297][flwr][INFO] - 		round 38: 8.034773668953191
[2024-09-23 07:55:57,297][flwr][INFO] - 		round 39: 12.338841682935815
[2024-09-23 07:55:57,297][flwr][INFO] - 		round 40: 8.199641922439975
[2024-09-23 07:55:57,297][flwr][INFO] - 		round 41: 9.961062568817695
[2024-09-23 07:55:57,297][flwr][INFO] - 		round 42: 7.719991788817272
[2024-09-23 07:55:57,297][flwr][INFO] - 		round 43: 6.2936490102301805
[2024-09-23 07:55:57,297][flwr][INFO] - 		round 44: 5.601533071291401
[2024-09-23 07:55:57,297][flwr][INFO] - 		round 45: 9.999799926284142
[2024-09-23 07:55:57,297][flwr][INFO] - 		round 46: 9.271535921255984
[2024-09-23 07:55:57,297][flwr][INFO] - 		round 47: 5.657601228427767
[2024-09-23 07:55:57,297][flwr][INFO] - 		round 48: 2.7404958256359757
[2024-09-23 07:55:57,297][flwr][INFO] - 		round 49: 13.657879009889006
[2024-09-23 07:55:57,297][flwr][INFO] - 		round 50: 1.2266475780686337
[2024-09-23 07:55:57,297][flwr][INFO] - 		round 51: 11.24453812175327
[2024-09-23 07:55:57,297][flwr][INFO] - 		round 52: 9.392760092345439
[2024-09-23 07:55:57,297][flwr][INFO] - 		round 53: 8.547626927495003
[2024-09-23 07:55:57,297][flwr][INFO] - 		round 54: 10.1144186655414
[2024-09-23 07:55:57,297][flwr][INFO] - 		round 55: 17.992413388735894
[2024-09-23 07:55:57,297][flwr][INFO] - 		round 56: 6.534586520364442
[2024-09-23 07:55:57,297][flwr][INFO] - 		round 57: 10.208225977680202
[2024-09-23 07:55:57,298][flwr][INFO] - 		round 58: 11.516039823487532
[2024-09-23 07:55:57,298][flwr][INFO] - 		round 59: 7.269202289807099
[2024-09-23 07:55:57,298][flwr][INFO] - 		round 60: 8.33459523066201
[2024-09-23 07:55:57,298][flwr][INFO] - 		round 61: 5.952320481667262
[2024-09-23 07:55:57,298][flwr][INFO] - 		round 62: 5.911547740250639
[2024-09-23 07:55:57,298][flwr][INFO] - 		round 63: 7.753149871835728
[2024-09-23 07:55:57,298][flwr][INFO] - 		round 64: 4.352854561365374
[2024-09-23 07:55:57,298][flwr][INFO] - 		round 65: 25.63643054860943
[2024-09-23 07:55:57,298][flwr][INFO] - 		round 66: 10.838920594101221
[2024-09-23 07:55:57,298][flwr][INFO] - 		round 67: 18.721727779784867
[2024-09-23 07:55:57,298][flwr][INFO] - 		round 68: 3.805582300422077
[2024-09-23 07:55:57,298][flwr][INFO] - 		round 69: 2.020990051367941
[2024-09-23 07:55:57,298][flwr][INFO] - 		round 70: 30.979592158329808
[2024-09-23 07:55:57,298][flwr][INFO] - 		round 71: 19.27406263073851
[2024-09-23 07:55:57,298][flwr][INFO] - 		round 72: 7.904627621590675
[2024-09-23 07:55:57,298][flwr][INFO] - 		round 73: 4.888501264465352
[2024-09-23 07:55:57,298][flwr][INFO] - 		round 74: 3.774734397729238
[2024-09-23 07:55:57,298][flwr][INFO] - 		round 75: 9.50119401450173
[2024-09-23 07:55:57,298][flwr][INFO] - 		round 76: 6.7325130437780745
[2024-09-23 07:55:57,298][flwr][INFO] - 		round 77: 4.255424879582412
[2024-09-23 07:55:57,298][flwr][INFO] - 		round 78: 8.840729200016572
[2024-09-23 07:55:57,298][flwr][INFO] - 		round 79: 6.850732194365196
[2024-09-23 07:55:57,299][flwr][INFO] - 		round 80: 6.71425427989008
[2024-09-23 07:55:57,299][flwr][INFO] - 		round 81: 10.551988127312962
[2024-09-23 07:55:57,299][flwr][INFO] - 		round 82: 10.161569941902425
[2024-09-23 07:55:57,299][flwr][INFO] - 		round 83: 6.090019712145899
[2024-09-23 07:55:57,299][flwr][INFO] - 		round 84: 13.227678432740456
[2024-09-23 07:55:57,299][flwr][INFO] - 		round 85: 6.281803777051526
[2024-09-23 07:55:57,299][flwr][INFO] - 		round 86: 6.643055778561217
[2024-09-23 07:55:57,299][flwr][INFO] - 		round 87: 7.917736228083221
[2024-09-23 07:55:57,299][flwr][INFO] - 		round 88: 13.325577813325468
[2024-09-23 07:55:57,299][flwr][INFO] - 		round 89: 3.106337552708862
[2024-09-23 07:55:57,299][flwr][INFO] - 		round 90: 5.750855760539279
[2024-09-23 07:55:57,299][flwr][INFO] - 		round 91: 4.745603820634266
[2024-09-23 07:55:57,299][flwr][INFO] - 		round 92: 6.007618963261674
[2024-09-23 07:55:57,299][flwr][INFO] - 		round 93: 6.005700976227435
[2024-09-23 07:55:57,299][flwr][INFO] - 		round 94: 12.252322660447424
[2024-09-23 07:55:57,299][flwr][INFO] - 		round 95: 4.428111272350866
[2024-09-23 07:55:57,299][flwr][INFO] - 		round 96: 6.623496111968289
[2024-09-23 07:55:57,299][flwr][INFO] - 		round 97: 10.191123163992097
[2024-09-23 07:55:57,299][flwr][INFO] - 		round 98: 11.474944530478838
[2024-09-23 07:55:57,299][flwr][INFO] - 		round 99: 15.61275209912812
[2024-09-23 07:55:57,299][flwr][INFO] - 		round 100: 6.0055742263793945
[2024-09-23 07:55:57,299][flwr][INFO] - 	History (loss, centralized):
[2024-09-23 07:55:57,299][flwr][INFO] - 		round 0: 3028.548192501068
[2024-09-23 07:55:57,299][flwr][INFO] - 		round 1: 3268.3829066753387
[2024-09-23 07:55:57,300][flwr][INFO] - 		round 2: 2108.1779078245163
[2024-09-23 07:55:57,300][flwr][INFO] - 		round 3: 2532.0199934244156
[2024-09-23 07:55:57,300][flwr][INFO] - 		round 4: 2121.023777604103
[2024-09-23 07:55:57,300][flwr][INFO] - 		round 5: 2152.7412102222443
[2024-09-23 07:55:57,300][flwr][INFO] - 		round 6: 1873.2982326745987
[2024-09-23 07:55:57,300][flwr][INFO] - 		round 7: 2035.1884845495224
[2024-09-23 07:55:57,300][flwr][INFO] - 		round 8: 2890.499256491661
[2024-09-23 07:55:57,300][flwr][INFO] - 		round 9: 2417.030345439911
[2024-09-23 07:55:57,300][flwr][INFO] - 		round 10: 1916.2668285369873
[2024-09-23 07:55:57,300][flwr][INFO] - 		round 11: 2164.249777197838
[2024-09-23 07:55:57,300][flwr][INFO] - 		round 12: 1887.2675797343254
[2024-09-23 07:55:57,300][flwr][INFO] - 		round 13: 1871.4602637887
[2024-09-23 07:55:57,300][flwr][INFO] - 		round 14: 2444.2434065937996
[2024-09-23 07:55:57,300][flwr][INFO] - 		round 15: 2373.7006373405457
[2024-09-23 07:55:57,300][flwr][INFO] - 		round 16: 1787.4444553256035
[2024-09-23 07:55:57,300][flwr][INFO] - 		round 17: 1760.6102713346481
[2024-09-23 07:55:57,300][flwr][INFO] - 		round 18: 1718.2416494488716
[2024-09-23 07:55:57,300][flwr][INFO] - 		round 19: 1952.2286353707314
[2024-09-23 07:55:57,300][flwr][INFO] - 		round 20: 2299.827825129032
[2024-09-23 07:55:57,300][flwr][INFO] - 		round 21: 2011.6454508900642
[2024-09-23 07:55:57,300][flwr][INFO] - 		round 22: 3103.9226412177086
[2024-09-23 07:55:57,300][flwr][INFO] - 		round 23: 1972.2086337804794
[2024-09-23 07:55:57,301][flwr][INFO] - 		round 24: 1972.5221287310123
[2024-09-23 07:55:57,301][flwr][INFO] - 		round 25: 1779.1116437911987
[2024-09-23 07:55:57,301][flwr][INFO] - 		round 26: 1640.4232085943222
[2024-09-23 07:55:57,301][flwr][INFO] - 		round 27: 1906.3711014389992
[2024-09-23 07:55:57,301][flwr][INFO] - 		round 28: 2156.0905760526657
[2024-09-23 07:55:57,301][flwr][INFO] - 		round 29: 1862.8605543375015
[2024-09-23 07:55:57,301][flwr][INFO] - 		round 30: 2326.940795004368
[2024-09-23 07:55:57,301][flwr][INFO] - 		round 31: 1730.0035676956177
[2024-09-23 07:55:57,301][flwr][INFO] - 		round 32: 3295.8431391716003
[2024-09-23 07:55:57,301][flwr][INFO] - 		round 33: 1839.734973847866
[2024-09-23 07:55:57,301][flwr][INFO] - 		round 34: 2096.006973028183
[2024-09-23 07:55:57,301][flwr][INFO] - 		round 35: 1996.3156937360764
[2024-09-23 07:55:57,301][flwr][INFO] - 		round 36: 1734.846443861723
[2024-09-23 07:55:57,301][flwr][INFO] - 		round 37: 1746.3217451572418
[2024-09-23 07:55:57,301][flwr][INFO] - 		round 38: 1828.725633084774
[2024-09-23 07:55:57,301][flwr][INFO] - 		round 39: 1809.5854741930962
[2024-09-23 07:55:57,301][flwr][INFO] - 		round 40: 1652.3674316108227
[2024-09-23 07:55:57,301][flwr][INFO] - 		round 41: 1690.8321841359138
[2024-09-23 07:55:57,301][flwr][INFO] - 		round 42: 2034.6787564754486
[2024-09-23 07:55:57,301][flwr][INFO] - 		round 43: 2300.13753926754
[2024-09-23 07:55:57,301][flwr][INFO] - 		round 44: 1560.2238058447838
[2024-09-23 07:55:57,301][flwr][INFO] - 		round 45: 1721.312671750784
[2024-09-23 07:55:57,302][flwr][INFO] - 		round 46: 1760.4677952826023
[2024-09-23 07:55:57,302][flwr][INFO] - 		round 47: 2691.8696014285088
[2024-09-23 07:55:57,302][flwr][INFO] - 		round 48: 1692.937585234642
[2024-09-23 07:55:57,302][flwr][INFO] - 		round 49: 1868.2732381224632
[2024-09-23 07:55:57,302][flwr][INFO] - 		round 50: 1748.7536071836948
[2024-09-23 07:55:57,302][flwr][INFO] - 		round 51: 2524.1993797421455
[2024-09-23 07:55:57,302][flwr][INFO] - 		round 52: 2017.5088092684746
[2024-09-23 07:55:57,302][flwr][INFO] - 		round 53: 1941.4615164995193
[2024-09-23 07:55:57,302][flwr][INFO] - 		round 54: 2011.9913440346718
[2024-09-23 07:55:57,302][flwr][INFO] - 		round 55: 2180.0566421747208
[2024-09-23 07:55:57,302][flwr][INFO] - 		round 56: 1675.7912449538708
[2024-09-23 07:55:57,302][flwr][INFO] - 		round 57: 1827.5181752443314
[2024-09-23 07:55:57,302][flwr][INFO] - 		round 58: 1809.4667692780495
[2024-09-23 07:55:57,302][flwr][INFO] - 		round 59: 1626.3208522498608
[2024-09-23 07:55:57,302][flwr][INFO] - 		round 60: 1806.0163805484772
[2024-09-23 07:55:57,302][flwr][INFO] - 		round 61: 1834.0421394109726
[2024-09-23 07:55:57,302][flwr][INFO] - 		round 62: 1685.348776370287
[2024-09-23 07:55:57,302][flwr][INFO] - 		round 63: 1900.6023537516594
[2024-09-23 07:55:57,302][flwr][INFO] - 		round 64: 1588.391464293003
[2024-09-23 07:55:57,302][flwr][INFO] - 		round 65: 1800.2423533797264
[2024-09-23 07:55:57,302][flwr][INFO] - 		round 66: 2130.5513102412224
[2024-09-23 07:55:57,302][flwr][INFO] - 		round 67: 1795.7155358493328
[2024-09-23 07:55:57,302][flwr][INFO] - 		round 68: 1933.5311296284199
[2024-09-23 07:55:57,303][flwr][INFO] - 		round 69: 2803.543034017086
[2024-09-23 07:55:57,303][flwr][INFO] - 		round 70: 2331.1016231179237
[2024-09-23 07:55:57,303][flwr][INFO] - 		round 71: 2149.6956764757633
[2024-09-23 07:55:57,303][flwr][INFO] - 		round 72: 2730.7429099082947
[2024-09-23 07:55:57,303][flwr][INFO] - 		round 73: 2721.7554564476013
[2024-09-23 07:55:57,303][flwr][INFO] - 		round 74: 1892.6285966038704
[2024-09-23 07:55:57,303][flwr][INFO] - 		round 75: 1658.9380899071693
[2024-09-23 07:55:57,303][flwr][INFO] - 		round 76: 1629.3377816677094
[2024-09-23 07:55:57,303][flwr][INFO] - 		round 77: 1839.1495949029922
[2024-09-23 07:55:57,303][flwr][INFO] - 		round 78: 1802.3184192180634
[2024-09-23 07:55:57,303][flwr][INFO] - 		round 79: 1914.8779974877834
[2024-09-23 07:55:57,303][flwr][INFO] - 		round 80: 1981.4910179674625
[2024-09-23 07:55:57,303][flwr][INFO] - 		round 81: 1669.7353774309158
[2024-09-23 07:55:57,303][flwr][INFO] - 		round 82: 1831.3523108959198
[2024-09-23 07:55:57,303][flwr][INFO] - 		round 83: 1836.6341716647148
[2024-09-23 07:55:57,303][flwr][INFO] - 		round 84: 1951.1024991869926
[2024-09-23 07:55:57,303][flwr][INFO] - 		round 85: 2184.3324078917503
[2024-09-23 07:55:57,303][flwr][INFO] - 		round 86: 1731.2037726044655
[2024-09-23 07:55:57,303][flwr][INFO] - 		round 87: 1738.0094231665134
[2024-09-23 07:55:57,303][flwr][INFO] - 		round 88: 1990.8215000629425
[2024-09-23 07:55:57,303][flwr][INFO] - 		round 89: 1856.4790719151497
[2024-09-23 07:55:57,303][flwr][INFO] - 		round 90: 1834.7672956883907
[2024-09-23 07:55:57,303][flwr][INFO] - 		round 91: 1794.0597362816334
[2024-09-23 07:55:57,304][flwr][INFO] - 		round 92: 1927.1847039163113
[2024-09-23 07:55:57,304][flwr][INFO] - 		round 93: 1872.7156030535698
[2024-09-23 07:55:57,304][flwr][INFO] - 		round 94: 2220.675907701254
[2024-09-23 07:55:57,304][flwr][INFO] - 		round 95: 1983.6466036438942
[2024-09-23 07:55:57,304][flwr][INFO] - 		round 96: 2585.015244305134
[2024-09-23 07:55:57,304][flwr][INFO] - 		round 97: 2638.6815828084946
[2024-09-23 07:55:57,304][flwr][INFO] - 		round 98: 2160.2460207641125
[2024-09-23 07:55:57,304][flwr][INFO] - 		round 99: 1731.8009820878506
[2024-09-23 07:55:57,304][flwr][INFO] - 		round 100: 1833.8482289910316
[2024-09-23 07:55:57,304][flwr][INFO] - 	History (metrics, distributed, evaluate):
[2024-09-23 07:55:57,304][flwr][INFO] - 	{'accuracy': [(1, 0.13435474366529168),
[2024-09-23 07:55:57,304][flwr][INFO] - 	              (2, 0.30991735537190085),
[2024-09-23 07:55:57,304][flwr][INFO] - 	              (3, 0.6367076631977294),
[2024-09-23 07:55:57,304][flwr][INFO] - 	              (4, 0.6420302760463046),
[2024-09-23 07:55:57,304][flwr][INFO] - 	              (5, 0.24895397489539747),
[2024-09-23 07:55:57,304][flwr][INFO] - 	              (6, 0.22384428223844283),
[2024-09-23 07:55:57,304][flwr][INFO] - 	              (7, 0.38570508692852545),
[2024-09-23 07:55:57,304][flwr][INFO] - 	              (8, 0.17367853290183388),
[2024-09-23 07:55:57,304][flwr][INFO] - 	              (9, 0.2962962962962963),
[2024-09-23 07:55:57,304][flwr][INFO] - 	              (10, 0.3363309352517986),
[2024-09-23 07:55:57,304][flwr][INFO] - 	              (11, 0.5236220472440944),
[2024-09-23 07:55:57,304][flwr][INFO] - 	              (12, 0.41967621419676215),
[2024-09-23 07:55:57,304][flwr][INFO] - 	              (13, 0.5436702649656526),
[2024-09-23 07:55:57,305][flwr][INFO] - 	              (14, 0.631578947368421),
[2024-09-23 07:55:57,305][flwr][INFO] - 	              (15, 0.40160642570281124),
[2024-09-23 07:55:57,305][flwr][INFO] - 	              (16, 0.6531250000000001),
[2024-09-23 07:55:57,305][flwr][INFO] - 	              (17, 0.779291553133515),
[2024-09-23 07:55:57,305][flwr][INFO] - 	              (18, 0.5544554455445545),
[2024-09-23 07:55:57,305][flwr][INFO] - 	              (19, 0.46830985915492956),
[2024-09-23 07:55:57,305][flwr][INFO] - 	              (20, 0.28016359918200406),
[2024-09-23 07:55:57,305][flwr][INFO] - 	              (21, 0.38492063492063494),
[2024-09-23 07:55:57,305][flwr][INFO] - 	              (22, 0.20576540755467196),
[2024-09-23 07:55:57,305][flwr][INFO] - 	              (23, 0.506398537477148),
[2024-09-23 07:55:57,305][flwr][INFO] - 	              (24, 0.42045454545454547),
[2024-09-23 07:55:57,305][flwr][INFO] - 	              (25, 0.6081871345029239),
[2024-09-23 07:55:57,305][flwr][INFO] - 	              (26, 0.6204595997034841),
[2024-09-23 07:55:57,305][flwr][INFO] - 	              (27, 0.45874587458745875),
[2024-09-23 07:55:57,305][flwr][INFO] - 	              (28, 0.24667349027635618),
[2024-09-23 07:55:57,305][flwr][INFO] - 	              (29, 0.38676844783715014),
[2024-09-23 07:55:57,305][flwr][INFO] - 	              (30, 0.7542997542997543),
[2024-09-23 07:55:57,305][flwr][INFO] - 	              (31, 0.6983870967741935),
[2024-09-23 07:55:57,305][flwr][INFO] - 	              (32, 0.5507900677200903),
[2024-09-23 07:55:57,305][flwr][INFO] - 	              (33, 0.4166666666666667),
[2024-09-23 07:55:57,305][flwr][INFO] - 	              (34, 0.5067204301075269),
[2024-09-23 07:55:57,306][flwr][INFO] - 	              (35, 0.48032407407407407),
[2024-09-23 07:55:57,306][flwr][INFO] - 	              (36, 0.6439522998296422),
[2024-09-23 07:55:57,306][flwr][INFO] - 	              (37, 0.7349768875192604),
[2024-09-23 07:55:57,306][flwr][INFO] - 	              (38, 0.48598130841121495),
[2024-09-23 07:55:57,306][flwr][INFO] - 	              (39, 0.45582329317269077),
[2024-09-23 07:55:57,306][flwr][INFO] - 	              (40, 0.6104868913857678),
[2024-09-23 07:55:57,306][flwr][INFO] - 	              (41, 0.6853203568532036),
[2024-09-23 07:55:57,306][flwr][INFO] - 	              (42, 0.43734643734643736),
[2024-09-23 07:55:57,306][flwr][INFO] - 	              (43, 0.5935162094763093),
[2024-09-23 07:55:57,306][flwr][INFO] - 	              (44, 0.7528735632183908),
[2024-09-23 07:55:57,306][flwr][INFO] - 	              (45, 0.6706507304116865),
[2024-09-23 07:55:57,306][flwr][INFO] - 	              (46, 0.6008902077151336),
[2024-09-23 07:55:57,306][flwr][INFO] - 	              (47, 0.8474148802017655),
[2024-09-23 07:55:57,306][flwr][INFO] - 	              (48, 0.46798029556650245),
[2024-09-23 07:55:57,306][flwr][INFO] - 	              (49, 0.6105263157894737),
[2024-09-23 07:55:57,306][flwr][INFO] - 	              (50, 0.6865671641791045),
[2024-09-23 07:55:57,306][flwr][INFO] - 	              (51, 0.33127572016460904),
[2024-09-23 07:55:57,306][flwr][INFO] - 	              (52, 0.4793608521970706),
[2024-09-23 07:55:57,306][flwr][INFO] - 	              (53, 0.474609375),
[2024-09-23 07:55:57,306][flwr][INFO] - 	              (54, 0.48257372654155495),
[2024-09-23 07:55:57,306][flwr][INFO] - 	              (55, 0.4460285132382892),
[2024-09-23 07:55:57,306][flwr][INFO] - 	              (56, 0.5346869712351946),
[2024-09-23 07:55:57,306][flwr][INFO] - 	              (57, 0.6490066225165563),
[2024-09-23 07:55:57,307][flwr][INFO] - 	              (58, 0.5890944498539435),
[2024-09-23 07:55:57,307][flwr][INFO] - 	              (59, 0.43175487465181056),
[2024-09-23 07:55:57,307][flwr][INFO] - 	              (60, 0.5482954545454546),
[2024-09-23 07:55:57,307][flwr][INFO] - 	              (61, 0.46107784431137727),
[2024-09-23 07:55:57,307][flwr][INFO] - 	              (62, 0.6624843161856964),
[2024-09-23 07:55:57,307][flwr][INFO] - 	              (63, 0.39879759519038077),
[2024-09-23 07:55:57,307][flwr][INFO] - 	              (64, 0.5065963060686016),
[2024-09-23 07:55:57,307][flwr][INFO] - 	              (65, 0.2134433962264151),
[2024-09-23 07:55:57,307][flwr][INFO] - 	              (66, 0.3415492957746479),
[2024-09-23 07:55:57,307][flwr][INFO] - 	              (67, 0.5232558139534884),
[2024-09-23 07:55:57,307][flwr][INFO] - 	              (68, 0.7693920335429769),
[2024-09-23 07:55:57,307][flwr][INFO] - 	              (69, 0.578125),
[2024-09-23 07:55:57,307][flwr][INFO] - 	              (70, 0.1971995332555426),
[2024-09-23 07:55:57,307][flwr][INFO] - 	              (71, 0.4152652005174644),
[2024-09-23 07:55:57,307][flwr][INFO] - 	              (72, 0.5856643356643356),
[2024-09-23 07:55:57,307][flwr][INFO] - 	              (73, 0.5911458333333334),
[2024-09-23 07:55:57,307][flwr][INFO] - 	              (74, 0.5416666666666666),
[2024-09-23 07:55:57,307][flwr][INFO] - 	              (75, 0.5647840531561462),
[2024-09-23 07:55:57,307][flwr][INFO] - 	              (76, 0.4887525562372188),
[2024-09-23 07:55:57,307][flwr][INFO] - 	              (77, 0.6161369193154034),
[2024-09-23 07:55:57,307][flwr][INFO] - 	              (78, 0.707221350078493),
[2024-09-23 07:55:57,307][flwr][INFO] - 	              (79, 0.7316561844863732),
[2024-09-23 07:55:57,307][flwr][INFO] - 	              (80, 0.4698544698544699),
[2024-09-23 07:55:57,308][flwr][INFO] - 	              (81, 0.5294725956566702),
[2024-09-23 07:55:57,308][flwr][INFO] - 	              (82, 0.6500461680517082),
[2024-09-23 07:55:57,308][flwr][INFO] - 	              (83, 0.4471830985915493),
[2024-09-23 07:55:57,308][flwr][INFO] - 	              (84, 0.36363636363636365),
[2024-09-23 07:55:57,308][flwr][INFO] - 	              (85, 0.7286821705426356),
[2024-09-23 07:55:57,308][flwr][INFO] - 	              (86, 0.2760942760942761),
[2024-09-23 07:55:57,308][flwr][INFO] - 	              (87, 0.5816901408450704),
[2024-09-23 07:55:57,308][flwr][INFO] - 	              (88, 0.4556701030927835),
[2024-09-23 07:55:57,308][flwr][INFO] - 	              (89, 0.8207964601769911),
[2024-09-23 07:55:57,308][flwr][INFO] - 	              (90, 0.4084967320261438),
[2024-09-23 07:55:57,308][flwr][INFO] - 	              (91, 0.808531746031746),
[2024-09-23 07:55:57,308][flwr][INFO] - 	              (92, 0.5977011494252874),
[2024-09-23 07:55:57,308][flwr][INFO] - 	              (93, 0.6111111111111112),
[2024-09-23 07:55:57,308][flwr][INFO] - 	              (94, 0.6482213438735178),
[2024-09-23 07:55:57,308][flwr][INFO] - 	              (95, 0.7188208616780045),
[2024-09-23 07:55:57,308][flwr][INFO] - 	              (96, 0.5271739130434783),
[2024-09-23 07:55:57,308][flwr][INFO] - 	              (97, 0.6485623003194888),
[2024-09-23 07:55:57,308][flwr][INFO] - 	              (98, 0.6172413793103448),
[2024-09-23 07:55:57,308][flwr][INFO] - 	              (99, 0.5408719346049047),
[2024-09-23 07:55:57,308][flwr][INFO] - 	              (100, 0.5862646566164154)]}
[2024-09-23 07:55:57,308][flwr][INFO] - 	History (metrics, centralized):
[2024-09-23 07:55:57,308][flwr][INFO] - 	{'accuracy': [(0, 0.16383248730964467),
[2024-09-23 07:55:57,308][flwr][INFO] - 	              (1, 0.33747884940778344),
[2024-09-23 07:55:57,309][flwr][INFO] - 	              (2, 0.46937394247038916),
[2024-09-23 07:55:57,309][flwr][INFO] - 	              (3, 0.43354483925549914),
[2024-09-23 07:55:57,309][flwr][INFO] - 	              (4, 0.4586294416243655),
[2024-09-23 07:55:57,309][flwr][INFO] - 	              (5, 0.4443527918781726),
[2024-09-23 07:55:57,309][flwr][INFO] - 	              (6, 0.5245346869712352),
[2024-09-23 07:55:57,309][flwr][INFO] - 	              (7, 0.4309010152284264),
[2024-09-23 07:55:57,309][flwr][INFO] - 	              (8, 0.2854060913705584),
[2024-09-23 07:55:57,309][flwr][INFO] - 	              (9, 0.36592639593908627),
[2024-09-23 07:55:57,309][flwr][INFO] - 	              (10, 0.5247884940778342),
[2024-09-23 07:55:57,309][flwr][INFO] - 	              (11, 0.4143612521150592),
[2024-09-23 07:55:57,309][flwr][INFO] - 	              (12, 0.4903130287648054),
[2024-09-23 07:55:57,309][flwr][INFO] - 	              (13, 0.523582910321489),
[2024-09-23 07:55:57,309][flwr][INFO] - 	              (14, 0.45067681895093065),
[2024-09-23 07:55:57,309][flwr][INFO] - 	              (15, 0.47506345177664977),
[2024-09-23 07:55:57,309][flwr][INFO] - 	              (16, 0.5470600676818951),
[2024-09-23 07:55:57,309][flwr][INFO] - 	              (17, 0.5708756345177665),
[2024-09-23 07:55:57,309][flwr][INFO] - 	              (18, 0.561230964467005),
[2024-09-23 07:55:57,309][flwr][INFO] - 	              (19, 0.5266074450084602),
[2024-09-23 07:55:57,309][flwr][INFO] - 	              (20, 0.4074661590524535),
[2024-09-23 07:55:57,309][flwr][INFO] - 	              (21, 0.5145939086294417),
[2024-09-23 07:55:57,309][flwr][INFO] - 	              (22, 0.33675972927241965),
[2024-09-23 07:55:57,309][flwr][INFO] - 	              (23, 0.5311971235194586),
[2024-09-23 07:55:57,310][flwr][INFO] - 	              (24, 0.5380499153976311),
[2024-09-23 07:55:57,310][flwr][INFO] - 	              (25, 0.5619712351945855),
[2024-09-23 07:55:57,310][flwr][INFO] - 	              (26, 0.59418358714044),
[2024-09-23 07:55:57,310][flwr][INFO] - 	              (27, 0.5052030456852792),
[2024-09-23 07:55:57,310][flwr][INFO] - 	              (28, 0.4478849407783418),
[2024-09-23 07:55:57,310][flwr][INFO] - 	              (29, 0.5602368866328257),
[2024-09-23 07:55:57,310][flwr][INFO] - 	              (30, 0.47667089678511),
[2024-09-23 07:55:57,310][flwr][INFO] - 	              (31, 0.5744077834179357),
[2024-09-23 07:55:57,310][flwr][INFO] - 	              (32, 0.4145093062605753),
[2024-09-23 07:55:57,310][flwr][INFO] - 	              (33, 0.5528976311336717),
[2024-09-23 07:55:57,310][flwr][INFO] - 	              (34, 0.4711928934010152),
[2024-09-23 07:55:57,310][flwr][INFO] - 	              (35, 0.46797800338409473),
[2024-09-23 07:55:57,310][flwr][INFO] - 	              (36, 0.5892343485617597),
[2024-09-23 07:55:57,310][flwr][INFO] - 	              (37, 0.5830160744500846),
[2024-09-23 07:55:57,310][flwr][INFO] - 	              (38, 0.5490482233502538),
[2024-09-23 07:55:57,310][flwr][INFO] - 	              (39, 0.5554357021996615),
[2024-09-23 07:55:57,310][flwr][INFO] - 	              (40, 0.5882191201353638),
[2024-09-23 07:55:57,310][flwr][INFO] - 	              (41, 0.5898477157360406),
[2024-09-23 07:55:57,310][flwr][INFO] - 	              (42, 0.4991751269035533),
[2024-09-23 07:55:57,310][flwr][INFO] - 	              (43, 0.468422165820643),
[2024-09-23 07:55:57,310][flwr][INFO] - 	              (44, 0.613261421319797),
[2024-09-23 07:55:57,310][flwr][INFO] - 	              (45, 0.5887901861252115),
[2024-09-23 07:55:57,310][flwr][INFO] - 	              (46, 0.5812817258883248),
[2024-09-23 07:55:57,311][flwr][INFO] - 	              (47, 0.4661802030456853),
[2024-09-23 07:55:57,311][flwr][INFO] - 	              (48, 0.575),
[2024-09-23 07:55:57,311][flwr][INFO] - 	              (49, 0.5299492385786801),
[2024-09-23 07:55:57,311][flwr][INFO] - 	              (50, 0.5781302876480542),
[2024-09-23 07:55:57,311][flwr][INFO] - 	              (51, 0.4907783417935702),
[2024-09-23 07:55:57,311][flwr][INFO] - 	              (52, 0.5508671742808798),
[2024-09-23 07:55:57,311][flwr][INFO] - 	              (53, 0.5281514382402708),
[2024-09-23 07:55:57,311][flwr][INFO] - 	              (54, 0.5474830795262268),
[2024-09-23 07:55:57,311][flwr][INFO] - 	              (55, 0.5358925549915398),
[2024-09-23 07:55:57,311][flwr][INFO] - 	              (56, 0.5930626057529611),
[2024-09-23 07:55:57,311][flwr][INFO] - 	              (57, 0.5627115059221658),
[2024-09-23 07:55:57,311][flwr][INFO] - 	              (58, 0.5703891708967851),
[2024-09-23 07:55:57,311][flwr][INFO] - 	              (59, 0.6090101522842639),
[2024-09-23 07:55:57,311][flwr][INFO] - 	              (60, 0.5785744500846024),
[2024-09-23 07:55:57,311][flwr][INFO] - 	              (61, 0.5704103214890017),
[2024-09-23 07:55:57,311][flwr][INFO] - 	              (62, 0.6034475465313028),
[2024-09-23 07:55:57,311][flwr][INFO] - 	              (63, 0.553236040609137),
[2024-09-23 07:55:57,311][flwr][INFO] - 	              (64, 0.615080372250423),
[2024-09-23 07:55:57,311][flwr][INFO] - 	              (65, 0.5902072758037225),
[2024-09-23 07:55:57,311][flwr][INFO] - 	              (66, 0.48904399323181047),
[2024-09-23 07:55:57,311][flwr][INFO] - 	              (67, 0.5785956006768189),
[2024-09-23 07:55:57,311][flwr][INFO] - 	              (68, 0.579505076142132),
[2024-09-23 07:55:57,311][flwr][INFO] - 	              (69, 0.5039340101522842),
[2024-09-23 07:55:57,311][flwr][INFO] - 	              (70, 0.5088197969543147),
[2024-09-23 07:55:57,312][flwr][INFO] - 	              (71, 0.5261209813874789),
[2024-09-23 07:55:57,312][flwr][INFO] - 	              (72, 0.4671954314720812),
[2024-09-23 07:55:57,312][flwr][INFO] - 	              (73, 0.47768612521150594),
[2024-09-23 07:55:57,312][flwr][INFO] - 	              (74, 0.5275380710659898),
[2024-09-23 07:55:57,312][flwr][INFO] - 	              (75, 0.612753807106599),
[2024-09-23 07:55:57,312][flwr][INFO] - 	              (76, 0.6012055837563451),
[2024-09-23 07:55:57,312][flwr][INFO] - 	              (77, 0.5836717428087986),
[2024-09-23 07:55:57,312][flwr][INFO] - 	              (78, 0.5920473773265651),
[2024-09-23 07:55:57,312][flwr][INFO] - 	              (79, 0.5829737732656515),
[2024-09-23 07:55:57,312][flwr][INFO] - 	              (80, 0.5697123519458545),
[2024-09-23 07:55:57,312][flwr][INFO] - 	              (81, 0.5817470389170897),
[2024-09-23 07:55:57,312][flwr][INFO] - 	              (82, 0.5698392554991539),
[2024-09-23 07:55:57,312][flwr][INFO] - 	              (83, 0.5426395939086295),
[2024-09-23 07:55:57,312][flwr][INFO] - 	              (84, 0.5499365482233503),
[2024-09-23 07:55:57,312][flwr][INFO] - 	              (85, 0.5256345177664975),
[2024-09-23 07:55:57,312][flwr][INFO] - 	              (86, 0.594839255499154),
[2024-09-23 07:55:57,312][flwr][INFO] - 	              (87, 0.596510152284264),
[2024-09-23 07:55:57,312][flwr][INFO] - 	              (88, 0.5430837563451777),
[2024-09-23 07:55:57,312][flwr][INFO] - 	              (89, 0.5619712351945855),
[2024-09-23 07:55:57,312][flwr][INFO] - 	              (90, 0.6083967851099831),
[2024-09-23 07:55:57,312][flwr][INFO] - 	              (91, 0.6063874788494078),
[2024-09-23 07:55:57,312][flwr][INFO] - 	              (92, 0.5885998307952622),
[2024-09-23 07:55:57,312][flwr][INFO] - 	              (93, 0.5755922165820643),
[2024-09-23 07:55:57,313][flwr][INFO] - 	              (94, 0.5774323181049069),
[2024-09-23 07:55:57,313][flwr][INFO] - 	              (95, 0.5534263959390863),
[2024-09-23 07:55:57,313][flwr][INFO] - 	              (96, 0.5037648054145516),
[2024-09-23 07:55:57,313][flwr][INFO] - 	              (97, 0.5527918781725888),
[2024-09-23 07:55:57,313][flwr][INFO] - 	              (98, 0.5590524534686971),
[2024-09-23 07:55:57,313][flwr][INFO] - 	              (99, 0.606429780033841),
[2024-09-23 07:55:57,313][flwr][INFO] - 	              (100, 0.5967851099830795)]}
[2024-09-23 07:55:57,313][flwr][INFO] - 
