[2024-10-15 15:20:26,835][flwr][INFO] - Starting Flower simulation, config: num_rounds=100, no round_timeout
[2024-10-15 15:20:30,276][flwr][INFO] - Flower VCE: Ray initialized with resources: {'node:__internal_head__': 1.0, 'CPU': 256.0, 'GPU': 1.0, 'accelerator_type:G': 1.0, 'memory': 165337557607.0, 'node:115.145.172.224': 1.0, 'object_store_memory': 75144667545.0}
[2024-10-15 15:20:30,277][flwr][INFO] - Optimize your simulation with Flower VCE: https://flower.ai/docs/framework/how-to-run-simulations.html
[2024-10-15 15:20:30,277][flwr][INFO] - Flower VCE: Resources for each Virtual Client: {'num_cpus': 64, 'num_gpus': 0.1}
[2024-10-15 15:20:30,293][flwr][INFO] - Flower VCE: Creating VirtualClientEngineActorPool with 4 actors
[2024-10-15 15:20:30,294][flwr][INFO] - [INIT]
[2024-10-15 15:20:30,294][flwr][INFO] - Requesting initial parameters from one random client
[2024-10-15 15:20:35,189][flwr][INFO] - Received initial parameters from one random client
[2024-10-15 15:20:35,189][flwr][INFO] - Evaluating initial global parameters
[2024-10-15 15:20:52,113][flwr][INFO] - initial parameters (loss, other metrics): 498.1003646850586, {'accuracy': 0.12437325905292479}
[2024-10-15 15:20:52,113][flwr][INFO] - 
[2024-10-15 15:20:52,113][flwr][INFO] - [ROUND 1]
[2024-10-15 15:20:52,113][flwr][INFO] - configure_fit: strategy sampled 5 clients (out of 50)
[2024-10-15 15:21:18,690][flwr][INFO] - aggregate_fit: received 5 results and 0 failures
[2024-10-15 15:21:18,914][flwr][WARNING] - No fit_metrics_aggregation_fn provided
[2024-10-15 15:21:30,506][flwr][INFO] - fit progress: (1, 443.4762234687805, {'accuracy': 0.35919220055710305}, 38.39282341115177)
[2024-10-15 15:21:30,506][flwr][INFO] - configure_evaluate: strategy sampled 2 clients (out of 50)
[2024-10-15 15:21:31,791][flwr][INFO] - aggregate_evaluate: received 2 results and 0 failures
[2024-10-15 15:21:31,791][flwr][INFO] - 
[2024-10-15 15:21:31,791][flwr][INFO] - [ROUND 2]
[2024-10-15 15:21:31,792][flwr][INFO] - configure_fit: strategy sampled 5 clients (out of 50)
[2024-10-15 15:22:03,548][flwr][INFO] - aggregate_fit: received 5 results and 0 failures
[2024-10-15 15:22:15,360][flwr][INFO] - fit progress: (2, 313.6451587677002, {'accuracy': 0.6179665738161559}, 83.24694511666894)
[2024-10-15 15:22:15,361][flwr][INFO] - configure_evaluate: strategy sampled 2 clients (out of 50)
[2024-10-15 15:22:16,797][flwr][INFO] - aggregate_evaluate: received 2 results and 0 failures
[2024-10-15 15:22:16,797][flwr][INFO] - 
[2024-10-15 15:22:16,797][flwr][INFO] - [ROUND 3]
[2024-10-15 15:22:16,798][flwr][INFO] - configure_fit: strategy sampled 5 clients (out of 50)
[2024-10-15 15:23:00,134][flwr][INFO] - aggregate_fit: received 5 results and 0 failures
[2024-10-15 15:23:11,308][flwr][INFO] - fit progress: (3, 260.6299948692322, {'accuracy': 0.7303621169916434}, 139.1944551821798)
[2024-10-15 15:23:11,308][flwr][INFO] - configure_evaluate: strategy sampled 2 clients (out of 50)
[2024-10-15 15:23:12,444][flwr][INFO] - aggregate_evaluate: received 2 results and 0 failures
[2024-10-15 15:23:12,444][flwr][INFO] - 
[2024-10-15 15:23:12,444][flwr][INFO] - [ROUND 4]
[2024-10-15 15:23:12,445][flwr][INFO] - configure_fit: strategy sampled 5 clients (out of 50)
[2024-10-15 15:23:38,622][flwr][INFO] - aggregate_fit: received 5 results and 0 failures
[2024-10-15 15:23:50,413][flwr][INFO] - fit progress: (4, 253.25456273555756, {'accuracy': 0.653899721448468}, 178.30026392824948)
[2024-10-15 15:23:50,414][flwr][INFO] - configure_evaluate: strategy sampled 2 clients (out of 50)
[2024-10-15 15:23:51,395][flwr][INFO] - aggregate_evaluate: received 2 results and 0 failures
[2024-10-15 15:23:51,396][flwr][INFO] - 
[2024-10-15 15:23:51,396][flwr][INFO] - [ROUND 5]
[2024-10-15 15:23:51,396][flwr][INFO] - configure_fit: strategy sampled 5 clients (out of 50)
[2024-10-15 15:24:29,981][flwr][INFO] - aggregate_fit: received 5 results and 0 failures
[2024-10-15 15:24:41,557][flwr][INFO] - fit progress: (5, 256.7948546409607, {'accuracy': 0.6229805013927576}, 229.4438127949834)
[2024-10-15 15:24:41,557][flwr][INFO] - configure_evaluate: strategy sampled 2 clients (out of 50)
[2024-10-15 15:24:42,887][flwr][INFO] - aggregate_evaluate: received 2 results and 0 failures
[2024-10-15 15:24:42,888][flwr][INFO] - 
[2024-10-15 15:24:42,888][flwr][INFO] - [ROUND 6]
[2024-10-15 15:24:42,888][flwr][INFO] - configure_fit: strategy sampled 5 clients (out of 50)
[2024-10-15 15:25:01,956][flwr][INFO] - aggregate_fit: received 5 results and 0 failures
[2024-10-15 15:25:13,235][flwr][INFO] - fit progress: (6, 234.0246900320053, {'accuracy': 0.7245125348189415}, 261.1213885610923)
[2024-10-15 15:25:13,235][flwr][INFO] - configure_evaluate: strategy sampled 2 clients (out of 50)
[2024-10-15 15:25:14,313][flwr][INFO] - aggregate_evaluate: received 2 results and 0 failures
[2024-10-15 15:25:14,313][flwr][INFO] - 
[2024-10-15 15:25:14,313][flwr][INFO] - [ROUND 7]
[2024-10-15 15:25:14,313][flwr][INFO] - configure_fit: strategy sampled 5 clients (out of 50)
[2024-10-15 15:25:40,519][flwr][INFO] - aggregate_fit: received 5 results and 0 failures
[2024-10-15 15:25:52,791][flwr][INFO] - fit progress: (7, 274.84896171092987, {'accuracy': 0.6608635097493036}, 300.67824802268296)
[2024-10-15 15:25:52,792][flwr][INFO] - configure_evaluate: strategy sampled 2 clients (out of 50)
[2024-10-15 15:25:53,960][flwr][INFO] - aggregate_evaluate: received 2 results and 0 failures
[2024-10-15 15:25:53,960][flwr][INFO] - 
[2024-10-15 15:25:53,960][flwr][INFO] - [ROUND 8]
[2024-10-15 15:25:53,960][flwr][INFO] - configure_fit: strategy sampled 5 clients (out of 50)
[2024-10-15 15:26:28,410][flwr][INFO] - aggregate_fit: received 5 results and 0 failures
[2024-10-15 15:26:39,384][flwr][INFO] - fit progress: (8, 209.95718145370483, {'accuracy': 0.7796657381615599}, 347.2709946865216)
[2024-10-15 15:26:39,385][flwr][INFO] - configure_evaluate: strategy sampled 2 clients (out of 50)
[2024-10-15 15:26:40,461][flwr][INFO] - aggregate_evaluate: received 2 results and 0 failures
[2024-10-15 15:26:40,461][flwr][INFO] - 
[2024-10-15 15:26:40,461][flwr][INFO] - [ROUND 9]
[2024-10-15 15:26:40,461][flwr][INFO] - configure_fit: strategy sampled 5 clients (out of 50)
[2024-10-15 15:27:00,757][flwr][INFO] - aggregate_fit: received 5 results and 0 failures
[2024-10-15 15:27:12,180][flwr][INFO] - fit progress: (9, 229.69963932037354, {'accuracy': 0.7720055710306407}, 380.0664208745584)
[2024-10-15 15:27:12,180][flwr][INFO] - configure_evaluate: strategy sampled 2 clients (out of 50)
[2024-10-15 15:27:13,465][flwr][INFO] - aggregate_evaluate: received 2 results and 0 failures
[2024-10-15 15:27:13,466][flwr][INFO] - 
[2024-10-15 15:27:13,466][flwr][INFO] - [ROUND 10]
[2024-10-15 15:27:13,466][flwr][INFO] - configure_fit: strategy sampled 5 clients (out of 50)
[2024-10-15 15:27:32,954][flwr][INFO] - aggregate_fit: received 5 results and 0 failures
[2024-10-15 15:27:44,470][flwr][INFO] - fit progress: (10, 206.33047592639923, {'accuracy': 0.7614206128133705}, 412.35658124182373)
[2024-10-15 15:27:44,470][flwr][INFO] - configure_evaluate: strategy sampled 2 clients (out of 50)
[2024-10-15 15:27:45,620][flwr][INFO] - aggregate_evaluate: received 2 results and 0 failures
[2024-10-15 15:27:45,621][flwr][INFO] - 
[2024-10-15 15:27:45,621][flwr][INFO] - [ROUND 11]
[2024-10-15 15:27:45,621][flwr][INFO] - configure_fit: strategy sampled 5 clients (out of 50)
[2024-10-15 15:28:20,965][flwr][INFO] - aggregate_fit: received 5 results and 0 failures
[2024-10-15 15:28:33,942][flwr][INFO] - fit progress: (11, 134.2157079577446, {'accuracy': 0.815041782729805}, 461.82917910814285)
[2024-10-15 15:28:33,944][flwr][INFO] - configure_evaluate: strategy sampled 2 clients (out of 50)
[2024-10-15 15:28:35,239][flwr][INFO] - aggregate_evaluate: received 2 results and 0 failures
[2024-10-15 15:28:35,239][flwr][INFO] - 
[2024-10-15 15:28:35,239][flwr][INFO] - [ROUND 12]
[2024-10-15 15:28:35,240][flwr][INFO] - configure_fit: strategy sampled 5 clients (out of 50)
[2024-10-15 15:29:01,929][flwr][INFO] - aggregate_fit: received 5 results and 0 failures
[2024-10-15 15:29:12,699][flwr][INFO] - fit progress: (12, 128.19436185061932, {'accuracy': 0.8278551532033426}, 500.58594703208655)
[2024-10-15 15:29:12,700][flwr][INFO] - configure_evaluate: strategy sampled 2 clients (out of 50)
[2024-10-15 15:29:13,810][flwr][INFO] - aggregate_evaluate: received 2 results and 0 failures
[2024-10-15 15:29:13,811][flwr][INFO] - 
[2024-10-15 15:29:13,811][flwr][INFO] - [ROUND 13]
[2024-10-15 15:29:13,811][flwr][INFO] - configure_fit: strategy sampled 5 clients (out of 50)
[2024-10-15 15:29:46,528][flwr][INFO] - aggregate_fit: received 5 results and 0 failures
[2024-10-15 15:29:57,569][flwr][INFO] - fit progress: (13, 148.1227012872696, {'accuracy': 0.8197771587743733}, 545.4557916363701)
[2024-10-15 15:29:57,570][flwr][INFO] - configure_evaluate: strategy sampled 2 clients (out of 50)
[2024-10-15 15:29:58,697][flwr][INFO] - aggregate_evaluate: received 2 results and 0 failures
[2024-10-15 15:29:58,697][flwr][INFO] - 
[2024-10-15 15:29:58,697][flwr][INFO] - [ROUND 14]
[2024-10-15 15:29:58,697][flwr][INFO] - configure_fit: strategy sampled 5 clients (out of 50)
[2024-10-15 15:30:23,666][flwr][INFO] - aggregate_fit: received 5 results and 0 failures
[2024-10-15 15:30:34,732][flwr][INFO] - fit progress: (14, 113.46263203024864, {'accuracy': 0.8367688022284122}, 582.6186541458592)
[2024-10-15 15:30:34,732][flwr][INFO] - configure_evaluate: strategy sampled 2 clients (out of 50)
[2024-10-15 15:30:35,816][flwr][INFO] - aggregate_evaluate: received 2 results and 0 failures
[2024-10-15 15:30:35,816][flwr][INFO] - 
[2024-10-15 15:30:35,816][flwr][INFO] - [ROUND 15]
[2024-10-15 15:30:35,816][flwr][INFO] - configure_fit: strategy sampled 5 clients (out of 50)
[2024-10-15 15:31:02,225][flwr][INFO] - aggregate_fit: received 5 results and 0 failures
[2024-10-15 15:31:13,600][flwr][INFO] - fit progress: (15, 107.52010460197926, {'accuracy': 0.8435933147632312}, 621.4872755240649)
[2024-10-15 15:31:13,601][flwr][INFO] - configure_evaluate: strategy sampled 2 clients (out of 50)
[2024-10-15 15:31:14,659][flwr][INFO] - aggregate_evaluate: received 2 results and 0 failures
[2024-10-15 15:31:14,659][flwr][INFO] - 
[2024-10-15 15:31:14,659][flwr][INFO] - [ROUND 16]
[2024-10-15 15:31:14,659][flwr][INFO] - configure_fit: strategy sampled 5 clients (out of 50)
[2024-10-15 15:31:46,545][flwr][INFO] - aggregate_fit: received 5 results and 0 failures
[2024-10-15 15:31:58,843][flwr][INFO] - fit progress: (16, 146.29817470908165, {'accuracy': 0.8006963788300836}, 666.7301083160564)
[2024-10-15 15:31:58,844][flwr][INFO] - configure_evaluate: strategy sampled 2 clients (out of 50)
[2024-10-15 15:31:59,947][flwr][INFO] - aggregate_evaluate: received 2 results and 0 failures
[2024-10-15 15:31:59,948][flwr][INFO] - 
[2024-10-15 15:31:59,948][flwr][INFO] - [ROUND 17]
[2024-10-15 15:31:59,948][flwr][INFO] - configure_fit: strategy sampled 5 clients (out of 50)
[2024-10-15 15:32:25,059][flwr][INFO] - aggregate_fit: received 5 results and 0 failures
[2024-10-15 15:32:35,871][flwr][INFO] - fit progress: (17, 180.2988445162773, {'accuracy': 0.7803621169916435}, 703.7579894429073)
[2024-10-15 15:32:35,872][flwr][INFO] - configure_evaluate: strategy sampled 2 clients (out of 50)
[2024-10-15 15:32:37,074][flwr][INFO] - aggregate_evaluate: received 2 results and 0 failures
[2024-10-15 15:32:37,074][flwr][INFO] - 
[2024-10-15 15:32:37,074][flwr][INFO] - [ROUND 18]
[2024-10-15 15:32:37,074][flwr][INFO] - configure_fit: strategy sampled 5 clients (out of 50)
[2024-10-15 15:32:55,783][flwr][INFO] - aggregate_fit: received 5 results and 0 failures
[2024-10-15 15:33:06,668][flwr][INFO] - fit progress: (18, 117.15698502957821, {'accuracy': 0.8424791086350975}, 734.5549190435559)
[2024-10-15 15:33:06,668][flwr][INFO] - configure_evaluate: strategy sampled 2 clients (out of 50)
[2024-10-15 15:33:07,772][flwr][INFO] - aggregate_evaluate: received 2 results and 0 failures
[2024-10-15 15:33:07,772][flwr][INFO] - 
[2024-10-15 15:33:07,773][flwr][INFO] - [ROUND 19]
[2024-10-15 15:33:07,773][flwr][INFO] - configure_fit: strategy sampled 5 clients (out of 50)
[2024-10-15 15:33:30,874][flwr][INFO] - aggregate_fit: received 5 results and 0 failures
[2024-10-15 15:33:45,349][flwr][INFO] - fit progress: (19, 207.7122214436531, {'accuracy': 0.7537604456824513}, 773.2359476881102)
[2024-10-15 15:33:45,350][flwr][INFO] - configure_evaluate: strategy sampled 2 clients (out of 50)
[2024-10-15 15:33:46,999][flwr][INFO] - aggregate_evaluate: received 2 results and 0 failures
[2024-10-15 15:33:46,999][flwr][INFO] - 
[2024-10-15 15:33:46,999][flwr][INFO] - [ROUND 20]
[2024-10-15 15:33:46,999][flwr][INFO] - configure_fit: strategy sampled 5 clients (out of 50)
[2024-10-15 15:34:23,117][flwr][INFO] - aggregate_fit: received 5 results and 0 failures
[2024-10-15 15:34:33,940][flwr][INFO] - fit progress: (20, 172.3453253209591, {'accuracy': 0.8217270194986073}, 821.8267492614686)
[2024-10-15 15:34:33,940][flwr][INFO] - configure_evaluate: strategy sampled 2 clients (out of 50)
[2024-10-15 15:34:35,105][flwr][INFO] - aggregate_evaluate: received 2 results and 0 failures
[2024-10-15 15:34:35,106][flwr][INFO] - 
[2024-10-15 15:34:35,106][flwr][INFO] - [ROUND 21]
[2024-10-15 15:34:35,106][flwr][INFO] - configure_fit: strategy sampled 5 clients (out of 50)
[2024-10-15 15:34:53,919][flwr][INFO] - aggregate_fit: received 5 results and 0 failures
[2024-10-15 15:35:05,425][flwr][INFO] - fit progress: (21, 231.0260835289955, {'accuracy': 0.7064066852367687}, 853.3114269049838)
[2024-10-15 15:35:05,425][flwr][INFO] - configure_evaluate: strategy sampled 2 clients (out of 50)
[2024-10-15 15:35:06,481][flwr][INFO] - aggregate_evaluate: received 2 results and 0 failures
[2024-10-15 15:35:06,481][flwr][INFO] - 
[2024-10-15 15:35:06,481][flwr][INFO] - [ROUND 22]
[2024-10-15 15:35:06,481][flwr][INFO] - configure_fit: strategy sampled 5 clients (out of 50)
[2024-10-15 15:35:41,119][flwr][INFO] - aggregate_fit: received 5 results and 0 failures
[2024-10-15 15:35:53,315][flwr][INFO] - fit progress: (22, 199.0963749885559, {'accuracy': 0.7949860724233984}, 901.201509241946)
[2024-10-15 15:35:53,315][flwr][INFO] - configure_evaluate: strategy sampled 2 clients (out of 50)
[2024-10-15 15:35:54,613][flwr][INFO] - aggregate_evaluate: received 2 results and 0 failures
[2024-10-15 15:35:54,613][flwr][INFO] - 
[2024-10-15 15:35:54,613][flwr][INFO] - [ROUND 23]
[2024-10-15 15:35:54,613][flwr][INFO] - configure_fit: strategy sampled 5 clients (out of 50)
[2024-10-15 15:36:20,482][flwr][INFO] - aggregate_fit: received 5 results and 0 failures
[2024-10-15 15:36:32,652][flwr][INFO] - fit progress: (23, 126.44762280583382, {'accuracy': 0.8419220055710307}, 940.5389761179686)
[2024-10-15 15:36:32,653][flwr][INFO] - configure_evaluate: strategy sampled 2 clients (out of 50)
[2024-10-15 15:36:33,851][flwr][INFO] - aggregate_evaluate: received 2 results and 0 failures
[2024-10-15 15:36:33,852][flwr][INFO] - 
[2024-10-15 15:36:33,852][flwr][INFO] - [ROUND 24]
[2024-10-15 15:36:33,852][flwr][INFO] - configure_fit: strategy sampled 5 clients (out of 50)
[2024-10-15 15:36:50,809][flwr][INFO] - aggregate_fit: received 5 results and 0 failures
[2024-10-15 15:37:03,283][flwr][INFO] - fit progress: (24, 135.70680996775627, {'accuracy': 0.8307799442896936}, 971.1696220692247)
[2024-10-15 15:37:03,283][flwr][INFO] - configure_evaluate: strategy sampled 2 clients (out of 50)
[2024-10-15 15:37:04,425][flwr][INFO] - aggregate_evaluate: received 2 results and 0 failures
[2024-10-15 15:37:04,425][flwr][INFO] - 
[2024-10-15 15:37:04,425][flwr][INFO] - [ROUND 25]
[2024-10-15 15:37:04,425][flwr][INFO] - configure_fit: strategy sampled 5 clients (out of 50)
[2024-10-15 15:37:26,821][flwr][INFO] - aggregate_fit: received 5 results and 0 failures
[2024-10-15 15:37:38,900][flwr][INFO] - fit progress: (25, 325.93421697616577, {'accuracy': 0.6090529247910863}, 1006.7871574824676)
[2024-10-15 15:37:38,902][flwr][INFO] - configure_evaluate: strategy sampled 2 clients (out of 50)
[2024-10-15 15:37:40,099][flwr][INFO] - aggregate_evaluate: received 2 results and 0 failures
[2024-10-15 15:37:40,100][flwr][INFO] - 
[2024-10-15 15:37:40,100][flwr][INFO] - [ROUND 26]
[2024-10-15 15:37:40,100][flwr][INFO] - configure_fit: strategy sampled 5 clients (out of 50)
[2024-10-15 15:38:14,679][flwr][INFO] - aggregate_fit: received 5 results and 0 failures
[2024-10-15 15:38:26,104][flwr][INFO] - fit progress: (26, 158.7239886522293, {'accuracy': 0.8027855153203343}, 1053.9903703723103)
[2024-10-15 15:38:26,105][flwr][INFO] - configure_evaluate: strategy sampled 2 clients (out of 50)
[2024-10-15 15:38:27,242][flwr][INFO] - aggregate_evaluate: received 2 results and 0 failures
[2024-10-15 15:38:27,243][flwr][INFO] - 
[2024-10-15 15:38:27,243][flwr][INFO] - [ROUND 27]
[2024-10-15 15:38:27,243][flwr][INFO] - configure_fit: strategy sampled 5 clients (out of 50)
[2024-10-15 15:39:04,846][flwr][INFO] - aggregate_fit: received 5 results and 0 failures
[2024-10-15 15:39:16,988][flwr][INFO] - fit progress: (27, 145.42177602648735, {'accuracy': 0.8133704735376045}, 1104.8751422222704)
[2024-10-15 15:39:16,989][flwr][INFO] - configure_evaluate: strategy sampled 2 clients (out of 50)
[2024-10-15 15:39:18,114][flwr][INFO] - aggregate_evaluate: received 2 results and 0 failures
[2024-10-15 15:39:18,114][flwr][INFO] - 
[2024-10-15 15:39:18,114][flwr][INFO] - [ROUND 28]
[2024-10-15 15:39:18,114][flwr][INFO] - configure_fit: strategy sampled 5 clients (out of 50)
[2024-10-15 15:39:37,255][flwr][INFO] - aggregate_fit: received 5 results and 0 failures
[2024-10-15 15:39:48,562][flwr][INFO] - fit progress: (28, 232.79944163560867, {'accuracy': 0.7600278551532034}, 1136.4486872386187)
[2024-10-15 15:39:48,562][flwr][INFO] - configure_evaluate: strategy sampled 2 clients (out of 50)
[2024-10-15 15:39:49,723][flwr][INFO] - aggregate_evaluate: received 2 results and 0 failures
[2024-10-15 15:39:49,723][flwr][INFO] - 
[2024-10-15 15:39:49,723][flwr][INFO] - [ROUND 29]
[2024-10-15 15:39:49,723][flwr][INFO] - configure_fit: strategy sampled 5 clients (out of 50)
[2024-10-15 15:40:14,811][flwr][INFO] - aggregate_fit: received 5 results and 0 failures
[2024-10-15 15:40:26,723][flwr][INFO] - fit progress: (29, 177.67615193128586, {'accuracy': 0.8122562674094708}, 1174.6100543765351)
[2024-10-15 15:40:26,724][flwr][INFO] - configure_evaluate: strategy sampled 2 clients (out of 50)
[2024-10-15 15:40:27,988][flwr][INFO] - aggregate_evaluate: received 2 results and 0 failures
[2024-10-15 15:40:27,989][flwr][INFO] - 
[2024-10-15 15:40:27,989][flwr][INFO] - [ROUND 30]
[2024-10-15 15:40:27,989][flwr][INFO] - configure_fit: strategy sampled 5 clients (out of 50)
[2024-10-15 15:40:55,238][flwr][INFO] - aggregate_fit: received 5 results and 0 failures
[2024-10-15 15:41:06,507][flwr][INFO] - fit progress: (30, 128.29368755221367, {'accuracy': 0.8430362116991643}, 1214.3937909053639)
[2024-10-15 15:41:06,508][flwr][INFO] - configure_evaluate: strategy sampled 2 clients (out of 50)
[2024-10-15 15:41:07,517][flwr][INFO] - aggregate_evaluate: received 2 results and 0 failures
[2024-10-15 15:41:07,518][flwr][INFO] - 
[2024-10-15 15:41:07,518][flwr][INFO] - [ROUND 31]
[2024-10-15 15:41:07,518][flwr][INFO] - configure_fit: strategy sampled 5 clients (out of 50)
[2024-10-15 15:41:43,515][flwr][INFO] - aggregate_fit: received 5 results and 0 failures
[2024-10-15 15:41:54,837][flwr][INFO] - fit progress: (31, 147.63194832205772, {'accuracy': 0.8292479108635098}, 1262.7239656131715)
[2024-10-15 15:41:54,837][flwr][INFO] - configure_evaluate: strategy sampled 2 clients (out of 50)
[2024-10-15 15:41:56,074][flwr][INFO] - aggregate_evaluate: received 2 results and 0 failures
[2024-10-15 15:41:56,074][flwr][INFO] - 
[2024-10-15 15:41:56,074][flwr][INFO] - [ROUND 32]
[2024-10-15 15:41:56,074][flwr][INFO] - configure_fit: strategy sampled 5 clients (out of 50)
[2024-10-15 15:42:22,066][flwr][INFO] - aggregate_fit: received 5 results and 0 failures
[2024-10-15 15:42:34,502][flwr][INFO] - fit progress: (32, 191.27421563863754, {'accuracy': 0.8123955431754875}, 1302.3889530533925)
[2024-10-15 15:42:34,502][flwr][INFO] - configure_evaluate: strategy sampled 2 clients (out of 50)
[2024-10-15 15:42:35,807][flwr][INFO] - aggregate_evaluate: received 2 results and 0 failures
[2024-10-15 15:42:35,808][flwr][INFO] - 
[2024-10-15 15:42:35,808][flwr][INFO] - [ROUND 33]
[2024-10-15 15:42:35,808][flwr][INFO] - configure_fit: strategy sampled 5 clients (out of 50)
[2024-10-15 15:43:03,439][flwr][INFO] - aggregate_fit: received 5 results and 0 failures
[2024-10-15 15:43:15,140][flwr][INFO] - fit progress: (33, 193.2670264840126, {'accuracy': 0.8084958217270195}, 1343.0271329004318)
[2024-10-15 15:43:15,141][flwr][INFO] - configure_evaluate: strategy sampled 2 clients (out of 50)
[2024-10-15 15:43:16,463][flwr][INFO] - aggregate_evaluate: received 2 results and 0 failures
[2024-10-15 15:43:16,463][flwr][INFO] - 
[2024-10-15 15:43:16,463][flwr][INFO] - [ROUND 34]
[2024-10-15 15:43:16,464][flwr][INFO] - configure_fit: strategy sampled 5 clients (out of 50)
[2024-10-15 15:43:38,708][flwr][INFO] - aggregate_fit: received 5 results and 0 failures
[2024-10-15 15:43:50,348][flwr][INFO] - fit progress: (34, 188.18953555822372, {'accuracy': 0.8118384401114206}, 1378.2352784620598)
[2024-10-15 15:43:50,349][flwr][INFO] - configure_evaluate: strategy sampled 2 clients (out of 50)
[2024-10-15 15:43:51,581][flwr][INFO] - aggregate_evaluate: received 2 results and 0 failures
[2024-10-15 15:43:51,582][flwr][INFO] - 
[2024-10-15 15:43:51,582][flwr][INFO] - [ROUND 35]
[2024-10-15 15:43:51,582][flwr][INFO] - configure_fit: strategy sampled 5 clients (out of 50)
[2024-10-15 15:44:26,375][flwr][INFO] - aggregate_fit: received 5 results and 0 failures
[2024-10-15 15:44:38,331][flwr][INFO] - fit progress: (35, 154.5699413716793, {'accuracy': 0.8366295264623955}, 1426.2174309017137)
[2024-10-15 15:44:38,331][flwr][INFO] - configure_evaluate: strategy sampled 2 clients (out of 50)
[2024-10-15 15:44:39,551][flwr][INFO] - aggregate_evaluate: received 2 results and 0 failures
[2024-10-15 15:44:39,552][flwr][INFO] - 
[2024-10-15 15:44:39,552][flwr][INFO] - [ROUND 36]
[2024-10-15 15:44:39,552][flwr][INFO] - configure_fit: strategy sampled 5 clients (out of 50)
[2024-10-15 15:45:11,885][flwr][INFO] - aggregate_fit: received 5 results and 0 failures
[2024-10-15 15:45:23,079][flwr][INFO] - fit progress: (36, 168.85293224453926, {'accuracy': 0.8270194986072423}, 1470.9658074406907)
[2024-10-15 15:45:23,079][flwr][INFO] - configure_evaluate: strategy sampled 2 clients (out of 50)
[2024-10-15 15:45:24,310][flwr][INFO] - aggregate_evaluate: received 2 results and 0 failures
[2024-10-15 15:45:24,311][flwr][INFO] - 
[2024-10-15 15:45:24,311][flwr][INFO] - [ROUND 37]
[2024-10-15 15:45:24,311][flwr][INFO] - configure_fit: strategy sampled 5 clients (out of 50)
[2024-10-15 15:45:48,472][flwr][INFO] - aggregate_fit: received 5 results and 0 failures
[2024-10-15 15:46:00,086][flwr][INFO] - fit progress: (37, 122.51659189164639, {'accuracy': 0.8362116991643455}, 1507.9726975755766)
[2024-10-15 15:46:00,086][flwr][INFO] - configure_evaluate: strategy sampled 2 clients (out of 50)
[2024-10-15 15:46:01,196][flwr][INFO] - aggregate_evaluate: received 2 results and 0 failures
[2024-10-15 15:46:01,196][flwr][INFO] - 
[2024-10-15 15:46:01,196][flwr][INFO] - [ROUND 38]
[2024-10-15 15:46:01,196][flwr][INFO] - configure_fit: strategy sampled 5 clients (out of 50)
[2024-10-15 15:46:29,124][flwr][INFO] - aggregate_fit: received 5 results and 0 failures
[2024-10-15 15:46:40,402][flwr][INFO] - fit progress: (38, 214.00138825178146, {'accuracy': 0.7873259052924791}, 1548.2891302956268)
[2024-10-15 15:46:40,403][flwr][INFO] - configure_evaluate: strategy sampled 2 clients (out of 50)
[2024-10-15 15:46:41,387][flwr][INFO] - aggregate_evaluate: received 2 results and 0 failures
[2024-10-15 15:46:41,387][flwr][INFO] - 
[2024-10-15 15:46:41,387][flwr][INFO] - [ROUND 39]
[2024-10-15 15:46:41,387][flwr][INFO] - configure_fit: strategy sampled 5 clients (out of 50)
[2024-10-15 15:46:57,183][flwr][INFO] - aggregate_fit: received 5 results and 0 failures
[2024-10-15 15:47:08,909][flwr][INFO] - fit progress: (39, 123.5293048620224, {'accuracy': 0.854874651810585}, 1576.7956686150283)
[2024-10-15 15:47:08,909][flwr][INFO] - configure_evaluate: strategy sampled 2 clients (out of 50)
[2024-10-15 15:47:09,931][flwr][INFO] - aggregate_evaluate: received 2 results and 0 failures
[2024-10-15 15:47:09,931][flwr][INFO] - 
[2024-10-15 15:47:09,931][flwr][INFO] - [ROUND 40]
[2024-10-15 15:47:09,931][flwr][INFO] - configure_fit: strategy sampled 5 clients (out of 50)
[2024-10-15 15:47:40,424][flwr][INFO] - aggregate_fit: received 5 results and 0 failures
[2024-10-15 15:47:53,493][flwr][INFO] - fit progress: (40, 115.92752054333687, {'accuracy': 0.8491643454038997}, 1621.3796984972432)
[2024-10-15 15:47:53,494][flwr][INFO] - configure_evaluate: strategy sampled 2 clients (out of 50)
[2024-10-15 15:47:55,318][flwr][INFO] - aggregate_evaluate: received 2 results and 0 failures
[2024-10-15 15:47:55,318][flwr][INFO] - 
[2024-10-15 15:47:55,319][flwr][INFO] - [ROUND 41]
[2024-10-15 15:47:55,319][flwr][INFO] - configure_fit: strategy sampled 5 clients (out of 50)
[2024-10-15 15:48:14,088][flwr][INFO] - aggregate_fit: received 5 results and 0 failures
[2024-10-15 15:48:25,332][flwr][INFO] - fit progress: (41, 189.04005229473114, {'accuracy': 0.7972144846796657}, 1653.21854172647)
[2024-10-15 15:48:25,332][flwr][INFO] - configure_evaluate: strategy sampled 2 clients (out of 50)
[2024-10-15 15:48:26,353][flwr][INFO] - aggregate_evaluate: received 2 results and 0 failures
[2024-10-15 15:48:26,354][flwr][INFO] - 
[2024-10-15 15:48:26,354][flwr][INFO] - [ROUND 42]
[2024-10-15 15:48:26,354][flwr][INFO] - configure_fit: strategy sampled 5 clients (out of 50)
[2024-10-15 15:48:39,161][flwr][INFO] - aggregate_fit: received 5 results and 0 failures
[2024-10-15 15:48:51,015][flwr][INFO] - fit progress: (42, 155.36095866560936, {'accuracy': 0.8396935933147632}, 1678.901493205689)
[2024-10-15 15:48:51,015][flwr][INFO] - configure_evaluate: strategy sampled 2 clients (out of 50)
[2024-10-15 15:48:52,052][flwr][INFO] - aggregate_evaluate: received 2 results and 0 failures
[2024-10-15 15:48:52,053][flwr][INFO] - 
[2024-10-15 15:48:52,053][flwr][INFO] - [ROUND 43]
[2024-10-15 15:48:52,053][flwr][INFO] - configure_fit: strategy sampled 5 clients (out of 50)
[2024-10-15 15:49:10,880][flwr][INFO] - aggregate_fit: received 5 results and 0 failures
[2024-10-15 15:49:21,917][flwr][INFO] - fit progress: (43, 121.56655764579773, {'accuracy': 0.8505571030640668}, 1709.8036924470216)
[2024-10-15 15:49:21,917][flwr][INFO] - configure_evaluate: strategy sampled 2 clients (out of 50)
[2024-10-15 15:49:22,988][flwr][INFO] - aggregate_evaluate: received 2 results and 0 failures
[2024-10-15 15:49:22,989][flwr][INFO] - 
[2024-10-15 15:49:22,989][flwr][INFO] - [ROUND 44]
[2024-10-15 15:49:22,989][flwr][INFO] - configure_fit: strategy sampled 5 clients (out of 50)
[2024-10-15 15:49:58,957][flwr][INFO] - aggregate_fit: received 5 results and 0 failures
[2024-10-15 15:50:09,879][flwr][INFO] - fit progress: (44, 242.74213296175003, {'accuracy': 0.7795264623955431}, 1757.7654062034562)
[2024-10-15 15:50:09,879][flwr][INFO] - configure_evaluate: strategy sampled 2 clients (out of 50)
[2024-10-15 15:50:10,984][flwr][INFO] - aggregate_evaluate: received 2 results and 0 failures
[2024-10-15 15:50:10,984][flwr][INFO] - 
[2024-10-15 15:50:10,984][flwr][INFO] - [ROUND 45]
[2024-10-15 15:50:10,984][flwr][INFO] - configure_fit: strategy sampled 5 clients (out of 50)
[2024-10-15 15:50:45,131][flwr][INFO] - aggregate_fit: received 5 results and 0 failures
[2024-10-15 15:50:55,784][flwr][INFO] - fit progress: (45, 189.79174721240997, {'accuracy': 0.8229805013927577}, 1803.671012329869)
[2024-10-15 15:50:55,785][flwr][INFO] - configure_evaluate: strategy sampled 2 clients (out of 50)
[2024-10-15 15:50:56,946][flwr][INFO] - aggregate_evaluate: received 2 results and 0 failures
[2024-10-15 15:50:56,946][flwr][INFO] - 
[2024-10-15 15:50:56,946][flwr][INFO] - [ROUND 46]
[2024-10-15 15:50:56,946][flwr][INFO] - configure_fit: strategy sampled 5 clients (out of 50)
[2024-10-15 15:51:20,630][flwr][INFO] - aggregate_fit: received 5 results and 0 failures
[2024-10-15 15:51:32,054][flwr][INFO] - fit progress: (46, 89.79189442098141, {'accuracy': 0.8626740947075209}, 1839.9412508271635)
[2024-10-15 15:51:32,055][flwr][INFO] - configure_evaluate: strategy sampled 2 clients (out of 50)
[2024-10-15 15:51:33,668][flwr][INFO] - aggregate_evaluate: received 2 results and 0 failures
[2024-10-15 15:51:33,669][flwr][INFO] - 
[2024-10-15 15:51:33,669][flwr][INFO] - [ROUND 47]
[2024-10-15 15:51:33,670][flwr][INFO] - configure_fit: strategy sampled 5 clients (out of 50)
[2024-10-15 15:52:13,382][flwr][INFO] - aggregate_fit: received 5 results and 0 failures
[2024-10-15 15:52:24,152][flwr][INFO] - fit progress: (47, 228.91812866926193, {'accuracy': 0.797075208913649}, 1892.0385055253282)
[2024-10-15 15:52:24,152][flwr][INFO] - configure_evaluate: strategy sampled 2 clients (out of 50)
[2024-10-15 15:52:25,408][flwr][INFO] - aggregate_evaluate: received 2 results and 0 failures
[2024-10-15 15:52:25,408][flwr][INFO] - 
[2024-10-15 15:52:25,408][flwr][INFO] - [ROUND 48]
[2024-10-15 15:52:25,409][flwr][INFO] - configure_fit: strategy sampled 5 clients (out of 50)
[2024-10-15 15:52:57,908][flwr][INFO] - aggregate_fit: received 5 results and 0 failures
[2024-10-15 15:53:12,047][flwr][INFO] - fit progress: (48, 91.8765584602952, {'accuracy': 0.8506963788300835}, 1939.9341014055535)
[2024-10-15 15:53:12,048][flwr][INFO] - configure_evaluate: strategy sampled 2 clients (out of 50)
[2024-10-15 15:53:13,634][flwr][INFO] - aggregate_evaluate: received 2 results and 0 failures
[2024-10-15 15:53:13,635][flwr][INFO] - 
[2024-10-15 15:53:13,635][flwr][INFO] - [ROUND 49]
[2024-10-15 15:53:13,635][flwr][INFO] - configure_fit: strategy sampled 5 clients (out of 50)
[2024-10-15 15:53:39,603][flwr][INFO] - aggregate_fit: received 5 results and 0 failures
[2024-10-15 15:53:50,913][flwr][INFO] - fit progress: (49, 120.7937720566988, {'accuracy': 0.8459610027855153}, 1978.800338328816)
[2024-10-15 15:53:50,914][flwr][INFO] - configure_evaluate: strategy sampled 2 clients (out of 50)
[2024-10-15 15:53:52,047][flwr][INFO] - aggregate_evaluate: received 2 results and 0 failures
[2024-10-15 15:53:52,047][flwr][INFO] - 
[2024-10-15 15:53:52,047][flwr][INFO] - [ROUND 50]
[2024-10-15 15:53:52,047][flwr][INFO] - configure_fit: strategy sampled 5 clients (out of 50)
[2024-10-15 15:54:20,289][flwr][INFO] - aggregate_fit: received 5 results and 0 failures
[2024-10-15 15:54:32,619][flwr][INFO] - fit progress: (50, 211.7418793439865, {'accuracy': 0.7718662952646239}, 2020.5058648129925)
[2024-10-15 15:54:32,619][flwr][INFO] - configure_evaluate: strategy sampled 2 clients (out of 50)
[2024-10-15 15:54:34,171][flwr][INFO] - aggregate_evaluate: received 2 results and 0 failures
[2024-10-15 15:54:34,171][flwr][INFO] - 
[2024-10-15 15:54:34,171][flwr][INFO] - [ROUND 51]
[2024-10-15 15:54:34,172][flwr][INFO] - configure_fit: strategy sampled 5 clients (out of 50)
[2024-10-15 15:55:05,710][flwr][INFO] - aggregate_fit: received 5 results and 0 failures
[2024-10-15 15:55:16,792][flwr][INFO] - fit progress: (51, 183.81144040822983, {'accuracy': 0.8275766016713092}, 2064.678946896456)
[2024-10-15 15:55:16,793][flwr][INFO] - configure_evaluate: strategy sampled 2 clients (out of 50)
[2024-10-15 15:55:18,087][flwr][INFO] - aggregate_evaluate: received 2 results and 0 failures
[2024-10-15 15:55:18,088][flwr][INFO] - 
[2024-10-15 15:55:18,088][flwr][INFO] - [ROUND 52]
[2024-10-15 15:55:18,088][flwr][INFO] - configure_fit: strategy sampled 5 clients (out of 50)
[2024-10-15 15:55:44,122][flwr][INFO] - aggregate_fit: received 5 results and 0 failures
[2024-10-15 15:55:54,050][flwr][INFO] - fit progress: (52, 207.23023039102554, {'accuracy': 0.7913649025069638}, 2101.9365779822692)
[2024-10-15 15:55:54,050][flwr][INFO] - configure_evaluate: strategy sampled 2 clients (out of 50)
[2024-10-15 15:55:55,508][flwr][INFO] - aggregate_evaluate: received 2 results and 0 failures
[2024-10-15 15:55:55,509][flwr][INFO] - 
[2024-10-15 15:55:55,510][flwr][INFO] - [ROUND 53]
[2024-10-15 15:55:55,510][flwr][INFO] - configure_fit: strategy sampled 5 clients (out of 50)
[2024-10-15 15:56:26,232][flwr][INFO] - aggregate_fit: received 5 results and 0 failures
[2024-10-15 15:56:37,487][flwr][INFO] - fit progress: (53, 101.69203916192055, {'accuracy': 0.8559888579387187}, 2145.374190750532)
[2024-10-15 15:56:37,488][flwr][INFO] - configure_evaluate: strategy sampled 2 clients (out of 50)
[2024-10-15 15:56:38,572][flwr][INFO] - aggregate_evaluate: received 2 results and 0 failures
[2024-10-15 15:56:38,572][flwr][INFO] - 
[2024-10-15 15:56:38,572][flwr][INFO] - [ROUND 54]
[2024-10-15 15:56:38,572][flwr][INFO] - configure_fit: strategy sampled 5 clients (out of 50)
[2024-10-15 15:57:07,737][flwr][INFO] - aggregate_fit: received 5 results and 0 failures
[2024-10-15 15:57:18,993][flwr][INFO] - fit progress: (54, 305.0532432794571, {'accuracy': 0.7923398328690808}, 2186.8800377668813)
[2024-10-15 15:57:18,994][flwr][INFO] - configure_evaluate: strategy sampled 2 clients (out of 50)
[2024-10-15 15:57:20,163][flwr][INFO] - aggregate_evaluate: received 2 results and 0 failures
[2024-10-15 15:57:20,163][flwr][INFO] - 
[2024-10-15 15:57:20,164][flwr][INFO] - [ROUND 55]
[2024-10-15 15:57:20,164][flwr][INFO] - configure_fit: strategy sampled 5 clients (out of 50)
[2024-10-15 15:57:44,614][flwr][INFO] - aggregate_fit: received 5 results and 0 failures
[2024-10-15 15:57:55,828][flwr][INFO] - fit progress: (55, 85.1563860848546, {'accuracy': 0.8688022284122563}, 2223.7149247424677)
[2024-10-15 15:57:55,828][flwr][INFO] - configure_evaluate: strategy sampled 2 clients (out of 50)
[2024-10-15 15:57:57,052][flwr][INFO] - aggregate_evaluate: received 2 results and 0 failures
[2024-10-15 15:57:57,053][flwr][INFO] - 
[2024-10-15 15:57:57,053][flwr][INFO] - [ROUND 56]
[2024-10-15 15:57:57,053][flwr][INFO] - configure_fit: strategy sampled 5 clients (out of 50)
[2024-10-15 15:58:34,750][flwr][INFO] - aggregate_fit: received 5 results and 0 failures
[2024-10-15 15:58:46,784][flwr][INFO] - fit progress: (56, 80.44268088042736, {'accuracy': 0.8711699164345403}, 2274.670981872827)
[2024-10-15 15:58:46,785][flwr][INFO] - configure_evaluate: strategy sampled 2 clients (out of 50)
[2024-10-15 15:58:47,994][flwr][INFO] - aggregate_evaluate: received 2 results and 0 failures
[2024-10-15 15:58:47,994][flwr][INFO] - 
[2024-10-15 15:58:47,994][flwr][INFO] - [ROUND 57]
[2024-10-15 15:58:47,994][flwr][INFO] - configure_fit: strategy sampled 5 clients (out of 50)
[2024-10-15 15:59:11,629][flwr][INFO] - aggregate_fit: received 5 results and 0 failures
[2024-10-15 15:59:22,457][flwr][INFO] - fit progress: (57, 123.76297788321972, {'accuracy': 0.8338440111420613}, 2310.3439874444157)
[2024-10-15 15:59:22,458][flwr][INFO] - configure_evaluate: strategy sampled 2 clients (out of 50)
[2024-10-15 15:59:23,505][flwr][INFO] - aggregate_evaluate: received 2 results and 0 failures
[2024-10-15 15:59:23,505][flwr][INFO] - 
[2024-10-15 15:59:23,505][flwr][INFO] - [ROUND 58]
[2024-10-15 15:59:23,505][flwr][INFO] - configure_fit: strategy sampled 5 clients (out of 50)
[2024-10-15 15:59:55,920][flwr][INFO] - aggregate_fit: received 5 results and 0 failures
[2024-10-15 16:00:08,425][flwr][INFO] - fit progress: (58, 229.81127578020096, {'accuracy': 0.7749303621169916}, 2356.3113013794646)
[2024-10-15 16:00:08,425][flwr][INFO] - configure_evaluate: strategy sampled 2 clients (out of 50)
[2024-10-15 16:00:09,524][flwr][INFO] - aggregate_evaluate: received 2 results and 0 failures
[2024-10-15 16:00:09,525][flwr][INFO] - 
[2024-10-15 16:00:09,525][flwr][INFO] - [ROUND 59]
[2024-10-15 16:00:09,525][flwr][INFO] - configure_fit: strategy sampled 5 clients (out of 50)
[2024-10-15 16:00:36,109][flwr][INFO] - aggregate_fit: received 5 results and 0 failures
[2024-10-15 16:00:48,446][flwr][INFO] - fit progress: (59, 171.05577918887138, {'accuracy': 0.8210306406685237}, 2396.3327737115324)
[2024-10-15 16:00:48,447][flwr][INFO] - configure_evaluate: strategy sampled 2 clients (out of 50)
[2024-10-15 16:00:49,437][flwr][INFO] - aggregate_evaluate: received 2 results and 0 failures
[2024-10-15 16:00:49,438][flwr][INFO] - 
[2024-10-15 16:00:49,438][flwr][INFO] - [ROUND 60]
[2024-10-15 16:00:49,438][flwr][INFO] - configure_fit: strategy sampled 5 clients (out of 50)
[2024-10-15 16:01:12,491][flwr][INFO] - aggregate_fit: received 5 results and 0 failures
[2024-10-15 16:01:29,829][flwr][INFO] - fit progress: (60, 163.18982607126236, {'accuracy': 0.8186629526462396}, 2437.716121200472)
[2024-10-15 16:01:29,830][flwr][INFO] - configure_evaluate: strategy sampled 2 clients (out of 50)
[2024-10-15 16:01:30,957][flwr][INFO] - aggregate_evaluate: received 2 results and 0 failures
[2024-10-15 16:01:30,957][flwr][INFO] - 
[2024-10-15 16:01:30,957][flwr][INFO] - [ROUND 61]
[2024-10-15 16:01:30,958][flwr][INFO] - configure_fit: strategy sampled 5 clients (out of 50)
[2024-10-15 16:01:48,932][flwr][INFO] - aggregate_fit: received 5 results and 0 failures
[2024-10-15 16:02:00,341][flwr][INFO] - fit progress: (61, 131.06876933574677, {'accuracy': 0.8174094707520891}, 2468.227887420915)
[2024-10-15 16:02:00,341][flwr][INFO] - configure_evaluate: strategy sampled 2 clients (out of 50)
[2024-10-15 16:02:01,560][flwr][INFO] - aggregate_evaluate: received 2 results and 0 failures
[2024-10-15 16:02:01,561][flwr][INFO] - 
[2024-10-15 16:02:01,561][flwr][INFO] - [ROUND 62]
[2024-10-15 16:02:01,561][flwr][INFO] - configure_fit: strategy sampled 5 clients (out of 50)
[2024-10-15 16:02:23,755][flwr][INFO] - aggregate_fit: received 5 results and 0 failures
[2024-10-15 16:02:37,505][flwr][INFO] - fit progress: (62, 240.66298186779022, {'accuracy': 0.8253481894150417}, 2505.391475743614)
[2024-10-15 16:02:37,505][flwr][INFO] - configure_evaluate: strategy sampled 2 clients (out of 50)
[2024-10-15 16:02:38,590][flwr][INFO] - aggregate_evaluate: received 2 results and 0 failures
[2024-10-15 16:02:38,590][flwr][INFO] - 
[2024-10-15 16:02:38,590][flwr][INFO] - [ROUND 63]
[2024-10-15 16:02:38,590][flwr][INFO] - configure_fit: strategy sampled 5 clients (out of 50)
[2024-10-15 16:03:14,811][flwr][INFO] - aggregate_fit: received 5 results and 0 failures
[2024-10-15 16:03:26,723][flwr][INFO] - fit progress: (63, 123.09329137206078, {'accuracy': 0.8398328690807799}, 2554.6096465289593)
[2024-10-15 16:03:26,723][flwr][INFO] - configure_evaluate: strategy sampled 2 clients (out of 50)
[2024-10-15 16:03:27,763][flwr][INFO] - aggregate_evaluate: received 2 results and 0 failures
[2024-10-15 16:03:27,763][flwr][INFO] - 
[2024-10-15 16:03:27,763][flwr][INFO] - [ROUND 64]
[2024-10-15 16:03:27,763][flwr][INFO] - configure_fit: strategy sampled 5 clients (out of 50)
[2024-10-15 16:03:51,498][flwr][INFO] - aggregate_fit: received 5 results and 0 failures
[2024-10-15 16:04:04,892][flwr][INFO] - fit progress: (64, 183.52906435728073, {'accuracy': 0.7740947075208914}, 2592.77935158927)
[2024-10-15 16:04:04,893][flwr][INFO] - configure_evaluate: strategy sampled 2 clients (out of 50)
[2024-10-15 16:04:05,815][flwr][INFO] - aggregate_evaluate: received 2 results and 0 failures
[2024-10-15 16:04:05,816][flwr][INFO] - 
[2024-10-15 16:04:05,816][flwr][INFO] - [ROUND 65]
[2024-10-15 16:04:05,816][flwr][INFO] - configure_fit: strategy sampled 5 clients (out of 50)
[2024-10-15 16:04:30,901][flwr][INFO] - aggregate_fit: received 5 results and 0 failures
[2024-10-15 16:04:43,135][flwr][INFO] - fit progress: (65, 100.32144898176193, {'accuracy': 0.8722841225626741}, 2631.0217218007892)
[2024-10-15 16:04:43,135][flwr][INFO] - configure_evaluate: strategy sampled 2 clients (out of 50)
[2024-10-15 16:04:44,252][flwr][INFO] - aggregate_evaluate: received 2 results and 0 failures
[2024-10-15 16:04:44,252][flwr][INFO] - 
[2024-10-15 16:04:44,252][flwr][INFO] - [ROUND 66]
[2024-10-15 16:04:44,253][flwr][INFO] - configure_fit: strategy sampled 5 clients (out of 50)
[2024-10-15 16:05:07,086][flwr][INFO] - aggregate_fit: received 5 results and 0 failures
[2024-10-15 16:05:18,750][flwr][INFO] - fit progress: (66, 83.54534002393484, {'accuracy': 0.8679665738161559}, 2666.6363637158647)
[2024-10-15 16:05:18,750][flwr][INFO] - configure_evaluate: strategy sampled 2 clients (out of 50)
[2024-10-15 16:05:19,777][flwr][INFO] - aggregate_evaluate: received 2 results and 0 failures
[2024-10-15 16:05:19,777][flwr][INFO] - 
[2024-10-15 16:05:19,777][flwr][INFO] - [ROUND 67]
[2024-10-15 16:05:19,778][flwr][INFO] - configure_fit: strategy sampled 5 clients (out of 50)
[2024-10-15 16:05:56,398][flwr][INFO] - aggregate_fit: received 5 results and 0 failures
[2024-10-15 16:06:08,141][flwr][INFO] - fit progress: (67, 118.60630640387535, {'accuracy': 0.843175487465181}, 2716.0280782720074)
[2024-10-15 16:06:08,142][flwr][INFO] - configure_evaluate: strategy sampled 2 clients (out of 50)
[2024-10-15 16:06:09,359][flwr][INFO] - aggregate_evaluate: received 2 results and 0 failures
[2024-10-15 16:06:09,359][flwr][INFO] - 
[2024-10-15 16:06:09,360][flwr][INFO] - [ROUND 68]
[2024-10-15 16:06:09,360][flwr][INFO] - configure_fit: strategy sampled 5 clients (out of 50)
[2024-10-15 16:06:44,360][flwr][INFO] - aggregate_fit: received 5 results and 0 failures
[2024-10-15 16:06:55,883][flwr][INFO] - fit progress: (68, 179.71132266521454, {'accuracy': 0.8277158774373259}, 2763.769753132947)
[2024-10-15 16:06:55,884][flwr][INFO] - configure_evaluate: strategy sampled 2 clients (out of 50)
[2024-10-15 16:06:57,142][flwr][INFO] - aggregate_evaluate: received 2 results and 0 failures
[2024-10-15 16:06:57,142][flwr][INFO] - 
[2024-10-15 16:06:57,142][flwr][INFO] - [ROUND 69]
[2024-10-15 16:06:57,142][flwr][INFO] - configure_fit: strategy sampled 5 clients (out of 50)
[2024-10-15 16:07:31,024][flwr][INFO] - aggregate_fit: received 5 results and 0 failures
[2024-10-15 16:07:43,214][flwr][INFO] - fit progress: (69, 178.74509555101395, {'accuracy': 0.7452646239554318}, 2811.101141843945)
[2024-10-15 16:07:43,215][flwr][INFO] - configure_evaluate: strategy sampled 2 clients (out of 50)
[2024-10-15 16:07:44,762][flwr][INFO] - aggregate_evaluate: received 2 results and 0 failures
[2024-10-15 16:07:44,763][flwr][INFO] - 
[2024-10-15 16:07:44,763][flwr][INFO] - [ROUND 70]
[2024-10-15 16:07:44,763][flwr][INFO] - configure_fit: strategy sampled 5 clients (out of 50)
[2024-10-15 16:08:12,733][flwr][INFO] - aggregate_fit: received 5 results and 0 failures
[2024-10-15 16:08:23,715][flwr][INFO] - fit progress: (70, 165.8404735326767, {'accuracy': 0.8263231197771588}, 2851.602321933955)
[2024-10-15 16:08:23,716][flwr][INFO] - configure_evaluate: strategy sampled 2 clients (out of 50)
[2024-10-15 16:08:24,806][flwr][INFO] - aggregate_evaluate: received 2 results and 0 failures
[2024-10-15 16:08:24,806][flwr][INFO] - 
[2024-10-15 16:08:24,806][flwr][INFO] - [ROUND 71]
[2024-10-15 16:08:24,806][flwr][INFO] - configure_fit: strategy sampled 5 clients (out of 50)
[2024-10-15 16:08:49,671][flwr][INFO] - aggregate_fit: received 5 results and 0 failures
[2024-10-15 16:09:01,078][flwr][INFO] - fit progress: (71, 229.97089213132858, {'accuracy': 0.7438718662952646}, 2888.964646678418)
[2024-10-15 16:09:01,078][flwr][INFO] - configure_evaluate: strategy sampled 2 clients (out of 50)
[2024-10-15 16:09:02,227][flwr][INFO] - aggregate_evaluate: received 2 results and 0 failures
[2024-10-15 16:09:02,227][flwr][INFO] - 
[2024-10-15 16:09:02,227][flwr][INFO] - [ROUND 72]
[2024-10-15 16:09:02,227][flwr][INFO] - configure_fit: strategy sampled 5 clients (out of 50)
[2024-10-15 16:09:33,384][flwr][INFO] - aggregate_fit: received 5 results and 0 failures
[2024-10-15 16:09:49,171][flwr][INFO] - fit progress: (72, 104.7190853357315, {'accuracy': 0.8572423398328691}, 2937.057880042121)
[2024-10-15 16:09:49,172][flwr][INFO] - configure_evaluate: strategy sampled 2 clients (out of 50)
[2024-10-15 16:09:50,187][flwr][INFO] - aggregate_evaluate: received 2 results and 0 failures
[2024-10-15 16:09:50,187][flwr][INFO] - 
[2024-10-15 16:09:50,187][flwr][INFO] - [ROUND 73]
[2024-10-15 16:09:50,187][flwr][INFO] - configure_fit: strategy sampled 5 clients (out of 50)
[2024-10-15 16:10:16,612][flwr][INFO] - aggregate_fit: received 5 results and 0 failures
[2024-10-15 16:10:28,950][flwr][INFO] - fit progress: (73, 162.85304000973701, {'accuracy': 0.8332869080779944}, 2976.8370130043477)
[2024-10-15 16:10:28,950][flwr][INFO] - configure_evaluate: strategy sampled 2 clients (out of 50)
[2024-10-15 16:10:30,029][flwr][INFO] - aggregate_evaluate: received 2 results and 0 failures
[2024-10-15 16:10:30,030][flwr][INFO] - 
[2024-10-15 16:10:30,030][flwr][INFO] - [ROUND 74]
[2024-10-15 16:10:30,030][flwr][INFO] - configure_fit: strategy sampled 5 clients (out of 50)
[2024-10-15 16:11:03,514][flwr][INFO] - aggregate_fit: received 5 results and 0 failures
[2024-10-15 16:11:14,892][flwr][INFO] - fit progress: (74, 333.0244953632355, {'accuracy': 0.7550139275766017}, 3022.7783375764266)
[2024-10-15 16:11:14,892][flwr][INFO] - configure_evaluate: strategy sampled 2 clients (out of 50)
[2024-10-15 16:11:16,004][flwr][INFO] - aggregate_evaluate: received 2 results and 0 failures
[2024-10-15 16:11:16,004][flwr][INFO] - 
[2024-10-15 16:11:16,004][flwr][INFO] - [ROUND 75]
[2024-10-15 16:11:16,004][flwr][INFO] - configure_fit: strategy sampled 5 clients (out of 50)
[2024-10-15 16:11:43,817][flwr][INFO] - aggregate_fit: received 5 results and 0 failures
[2024-10-15 16:11:55,428][flwr][INFO] - fit progress: (75, 126.50229349732399, {'accuracy': 0.8391364902506964}, 3063.315262888558)
[2024-10-15 16:11:55,429][flwr][INFO] - configure_evaluate: strategy sampled 2 clients (out of 50)
[2024-10-15 16:11:56,600][flwr][INFO] - aggregate_evaluate: received 2 results and 0 failures
[2024-10-15 16:11:56,600][flwr][INFO] - 
[2024-10-15 16:11:56,600][flwr][INFO] - [ROUND 76]
[2024-10-15 16:11:56,601][flwr][INFO] - configure_fit: strategy sampled 5 clients (out of 50)
[2024-10-15 16:12:24,823][flwr][INFO] - aggregate_fit: received 5 results and 0 failures
[2024-10-15 16:12:36,227][flwr][INFO] - fit progress: (76, 206.63861989974976, {'accuracy': 0.8268802228412256}, 3104.1134400311857)
[2024-10-15 16:12:36,227][flwr][INFO] - configure_evaluate: strategy sampled 2 clients (out of 50)
[2024-10-15 16:12:37,421][flwr][INFO] - aggregate_evaluate: received 2 results and 0 failures
[2024-10-15 16:12:37,421][flwr][INFO] - 
[2024-10-15 16:12:37,421][flwr][INFO] - [ROUND 77]
[2024-10-15 16:12:37,421][flwr][INFO] - configure_fit: strategy sampled 5 clients (out of 50)
[2024-10-15 16:13:00,883][flwr][INFO] - aggregate_fit: received 5 results and 0 failures
[2024-10-15 16:13:13,887][flwr][INFO] - fit progress: (77, 150.8088853955269, {'accuracy': 0.844150417827298}, 3141.7741884822026)
[2024-10-15 16:13:13,888][flwr][INFO] - configure_evaluate: strategy sampled 2 clients (out of 50)
[2024-10-15 16:13:14,864][flwr][INFO] - aggregate_evaluate: received 2 results and 0 failures
[2024-10-15 16:13:14,864][flwr][INFO] - 
[2024-10-15 16:13:14,864][flwr][INFO] - [ROUND 78]
[2024-10-15 16:13:14,864][flwr][INFO] - configure_fit: strategy sampled 5 clients (out of 50)
[2024-10-15 16:13:43,099][flwr][INFO] - aggregate_fit: received 5 results and 0 failures
[2024-10-15 16:13:57,012][flwr][INFO] - fit progress: (78, 182.09186613559723, {'accuracy': 0.7848189415041783}, 3184.8986059520394)
[2024-10-15 16:13:57,012][flwr][INFO] - configure_evaluate: strategy sampled 2 clients (out of 50)
[2024-10-15 16:13:58,164][flwr][INFO] - aggregate_evaluate: received 2 results and 0 failures
[2024-10-15 16:13:58,165][flwr][INFO] - 
[2024-10-15 16:13:58,165][flwr][INFO] - [ROUND 79]
[2024-10-15 16:13:58,165][flwr][INFO] - configure_fit: strategy sampled 5 clients (out of 50)
[2024-10-15 16:14:31,958][flwr][INFO] - aggregate_fit: received 5 results and 0 failures
[2024-10-15 16:14:45,040][flwr][INFO] - fit progress: (79, 100.64472053945065, {'accuracy': 0.8590529247910863}, 3232.9264408946037)
[2024-10-15 16:14:45,040][flwr][INFO] - configure_evaluate: strategy sampled 2 clients (out of 50)
[2024-10-15 16:14:46,264][flwr][INFO] - aggregate_evaluate: received 2 results and 0 failures
[2024-10-15 16:14:46,264][flwr][INFO] - 
[2024-10-15 16:14:46,264][flwr][INFO] - [ROUND 80]
[2024-10-15 16:14:46,265][flwr][INFO] - configure_fit: strategy sampled 5 clients (out of 50)
[2024-10-15 16:15:16,415][flwr][INFO] - aggregate_fit: received 5 results and 0 failures
[2024-10-15 16:15:27,902][flwr][INFO] - fit progress: (80, 256.58997917175293, {'accuracy': 0.794150417827298}, 3275.789035716094)
[2024-10-15 16:15:27,903][flwr][INFO] - configure_evaluate: strategy sampled 2 clients (out of 50)
[2024-10-15 16:15:29,057][flwr][INFO] - aggregate_evaluate: received 2 results and 0 failures
[2024-10-15 16:15:29,057][flwr][INFO] - 
[2024-10-15 16:15:29,057][flwr][INFO] - [ROUND 81]
[2024-10-15 16:15:29,057][flwr][INFO] - configure_fit: strategy sampled 5 clients (out of 50)
[2024-10-15 16:15:56,213][flwr][INFO] - aggregate_fit: received 5 results and 0 failures
[2024-10-15 16:16:07,820][flwr][INFO] - fit progress: (81, 100.72759844362736, {'accuracy': 0.8626740947075209}, 3315.707074550912)
[2024-10-15 16:16:07,821][flwr][INFO] - configure_evaluate: strategy sampled 2 clients (out of 50)
[2024-10-15 16:16:08,993][flwr][INFO] - aggregate_evaluate: received 2 results and 0 failures
[2024-10-15 16:16:08,993][flwr][INFO] - 
[2024-10-15 16:16:08,993][flwr][INFO] - [ROUND 82]
[2024-10-15 16:16:08,994][flwr][INFO] - configure_fit: strategy sampled 5 clients (out of 50)
[2024-10-15 16:16:35,778][flwr][INFO] - aggregate_fit: received 5 results and 0 failures
[2024-10-15 16:16:47,980][flwr][INFO] - fit progress: (82, 95.23705770075321, {'accuracy': 0.8655988857938719}, 3355.8671434000134)
[2024-10-15 16:16:47,981][flwr][INFO] - configure_evaluate: strategy sampled 2 clients (out of 50)
[2024-10-15 16:16:49,188][flwr][INFO] - aggregate_evaluate: received 2 results and 0 failures
[2024-10-15 16:16:49,189][flwr][INFO] - 
[2024-10-15 16:16:49,189][flwr][INFO] - [ROUND 83]
[2024-10-15 16:16:49,189][flwr][INFO] - configure_fit: strategy sampled 5 clients (out of 50)
[2024-10-15 16:17:14,247][flwr][INFO] - aggregate_fit: received 5 results and 0 failures
[2024-10-15 16:17:26,073][flwr][INFO] - fit progress: (83, 157.15327793359756, {'accuracy': 0.843175487465181}, 3393.960020014085)
[2024-10-15 16:17:26,074][flwr][INFO] - configure_evaluate: strategy sampled 2 clients (out of 50)
[2024-10-15 16:17:27,117][flwr][INFO] - aggregate_evaluate: received 2 results and 0 failures
[2024-10-15 16:17:27,117][flwr][INFO] - 
[2024-10-15 16:17:27,117][flwr][INFO] - [ROUND 84]
[2024-10-15 16:17:27,118][flwr][INFO] - configure_fit: strategy sampled 5 clients (out of 50)
[2024-10-15 16:17:57,226][flwr][INFO] - aggregate_fit: received 5 results and 0 failures
[2024-10-15 16:18:11,589][flwr][INFO] - fit progress: (84, 119.6807037293911, {'accuracy': 0.8587743732590529}, 3439.475679345429)
[2024-10-15 16:18:11,590][flwr][INFO] - configure_evaluate: strategy sampled 2 clients (out of 50)
[2024-10-15 16:18:12,990][flwr][INFO] - aggregate_evaluate: received 2 results and 0 failures
[2024-10-15 16:18:12,990][flwr][INFO] - 
[2024-10-15 16:18:12,991][flwr][INFO] - [ROUND 85]
[2024-10-15 16:18:12,991][flwr][INFO] - configure_fit: strategy sampled 5 clients (out of 50)
[2024-10-15 16:18:33,361][flwr][INFO] - aggregate_fit: received 5 results and 0 failures
[2024-10-15 16:18:45,154][flwr][INFO] - fit progress: (85, 81.5248384103179, {'accuracy': 0.8697771587743732}, 3473.040419126861)
[2024-10-15 16:18:45,154][flwr][INFO] - configure_evaluate: strategy sampled 2 clients (out of 50)
[2024-10-15 16:18:46,202][flwr][INFO] - aggregate_evaluate: received 2 results and 0 failures
[2024-10-15 16:18:46,202][flwr][INFO] - 
[2024-10-15 16:18:46,202][flwr][INFO] - [ROUND 86]
[2024-10-15 16:18:46,203][flwr][INFO] - configure_fit: strategy sampled 5 clients (out of 50)
[2024-10-15 16:19:09,860][flwr][INFO] - aggregate_fit: received 5 results and 0 failures
[2024-10-15 16:19:21,564][flwr][INFO] - fit progress: (86, 158.16814935207367, {'accuracy': 0.8577994428969359}, 3509.4509168481454)
[2024-10-15 16:19:21,565][flwr][INFO] - configure_evaluate: strategy sampled 2 clients (out of 50)
[2024-10-15 16:19:22,711][flwr][INFO] - aggregate_evaluate: received 2 results and 0 failures
[2024-10-15 16:19:22,711][flwr][INFO] - 
[2024-10-15 16:19:22,711][flwr][INFO] - [ROUND 87]
[2024-10-15 16:19:22,711][flwr][INFO] - configure_fit: strategy sampled 5 clients (out of 50)
[2024-10-15 16:19:59,307][flwr][INFO] - aggregate_fit: received 5 results and 0 failures
[2024-10-15 16:20:13,926][flwr][INFO] - fit progress: (87, 190.86333787441254, {'accuracy': 0.7908077994428969}, 3561.812640191987)
[2024-10-15 16:20:13,926][flwr][INFO] - configure_evaluate: strategy sampled 2 clients (out of 50)
[2024-10-15 16:20:15,207][flwr][INFO] - aggregate_evaluate: received 2 results and 0 failures
[2024-10-15 16:20:15,207][flwr][INFO] - 
[2024-10-15 16:20:15,207][flwr][INFO] - [ROUND 88]
[2024-10-15 16:20:15,207][flwr][INFO] - configure_fit: strategy sampled 5 clients (out of 50)
[2024-10-15 16:20:43,534][flwr][INFO] - aggregate_fit: received 5 results and 0 failures
[2024-10-15 16:20:58,795][flwr][INFO] - fit progress: (88, 149.19119489192963, {'accuracy': 0.8564066852367688}, 3606.6821866622195)
[2024-10-15 16:20:58,796][flwr][INFO] - configure_evaluate: strategy sampled 2 clients (out of 50)
[2024-10-15 16:20:59,936][flwr][INFO] - aggregate_evaluate: received 2 results and 0 failures
[2024-10-15 16:20:59,936][flwr][INFO] - 
[2024-10-15 16:20:59,936][flwr][INFO] - [ROUND 89]
[2024-10-15 16:20:59,937][flwr][INFO] - configure_fit: strategy sampled 5 clients (out of 50)
[2024-10-15 16:21:29,738][flwr][INFO] - aggregate_fit: received 5 results and 0 failures
[2024-10-15 16:21:42,562][flwr][INFO] - fit progress: (89, 108.24695964157581, {'accuracy': 0.868941504178273}, 3650.448614661582)
[2024-10-15 16:21:42,562][flwr][INFO] - configure_evaluate: strategy sampled 2 clients (out of 50)
[2024-10-15 16:21:43,801][flwr][INFO] - aggregate_evaluate: received 2 results and 0 failures
[2024-10-15 16:21:43,802][flwr][INFO] - 
[2024-10-15 16:21:43,802][flwr][INFO] - [ROUND 90]
[2024-10-15 16:21:43,802][flwr][INFO] - configure_fit: strategy sampled 5 clients (out of 50)
[2024-10-15 16:22:08,363][flwr][INFO] - aggregate_fit: received 5 results and 0 failures
[2024-10-15 16:22:21,223][flwr][INFO] - fit progress: (90, 100.7868189662695, {'accuracy': 0.8681058495821727}, 3689.110133501701)
[2024-10-15 16:22:21,224][flwr][INFO] - configure_evaluate: strategy sampled 2 clients (out of 50)
[2024-10-15 16:22:22,349][flwr][INFO] - aggregate_evaluate: received 2 results and 0 failures
[2024-10-15 16:22:22,349][flwr][INFO] - 
[2024-10-15 16:22:22,349][flwr][INFO] - [ROUND 91]
[2024-10-15 16:22:22,349][flwr][INFO] - configure_fit: strategy sampled 5 clients (out of 50)
[2024-10-15 16:22:51,170][flwr][INFO] - aggregate_fit: received 5 results and 0 failures
[2024-10-15 16:23:05,539][flwr][INFO] - fit progress: (91, 249.13080137968063, {'accuracy': 0.8396935933147632}, 3733.4257195955142)
[2024-10-15 16:23:05,539][flwr][INFO] - configure_evaluate: strategy sampled 2 clients (out of 50)
[2024-10-15 16:23:07,154][flwr][INFO] - aggregate_evaluate: received 2 results and 0 failures
[2024-10-15 16:23:07,155][flwr][INFO] - 
[2024-10-15 16:23:07,155][flwr][INFO] - [ROUND 92]
[2024-10-15 16:23:07,155][flwr][INFO] - configure_fit: strategy sampled 5 clients (out of 50)
[2024-10-15 16:23:40,266][flwr][INFO] - aggregate_fit: received 5 results and 0 failures
[2024-10-15 16:23:53,198][flwr][INFO] - fit progress: (92, 103.04504369199276, {'accuracy': 0.865041782729805}, 3781.084470335394)
[2024-10-15 16:23:53,198][flwr][INFO] - configure_evaluate: strategy sampled 2 clients (out of 50)
[2024-10-15 16:23:54,304][flwr][INFO] - aggregate_evaluate: received 2 results and 0 failures
[2024-10-15 16:23:54,304][flwr][INFO] - 
[2024-10-15 16:23:54,304][flwr][INFO] - [ROUND 93]
[2024-10-15 16:23:54,304][flwr][INFO] - configure_fit: strategy sampled 5 clients (out of 50)
[2024-10-15 16:24:16,739][flwr][INFO] - aggregate_fit: received 5 results and 0 failures
[2024-10-15 16:24:29,747][flwr][INFO] - fit progress: (93, 88.43502353131771, {'accuracy': 0.8615598885793871}, 3817.6341701131314)
[2024-10-15 16:24:29,748][flwr][INFO] - configure_evaluate: strategy sampled 2 clients (out of 50)
[2024-10-15 16:24:30,895][flwr][INFO] - aggregate_evaluate: received 2 results and 0 failures
[2024-10-15 16:24:30,896][flwr][INFO] - 
[2024-10-15 16:24:30,896][flwr][INFO] - [ROUND 94]
[2024-10-15 16:24:30,896][flwr][INFO] - configure_fit: strategy sampled 5 clients (out of 50)
[2024-10-15 16:24:54,842][flwr][INFO] - aggregate_fit: received 5 results and 0 failures
[2024-10-15 16:25:06,773][flwr][INFO] - fit progress: (94, 167.31153017282486, {'accuracy': 0.8154596100278552}, 3854.6599015519023)
[2024-10-15 16:25:06,774][flwr][INFO] - configure_evaluate: strategy sampled 2 clients (out of 50)
[2024-10-15 16:25:08,810][flwr][INFO] - aggregate_evaluate: received 2 results and 0 failures
[2024-10-15 16:25:08,810][flwr][INFO] - 
[2024-10-15 16:25:08,810][flwr][INFO] - [ROUND 95]
[2024-10-15 16:25:08,810][flwr][INFO] - configure_fit: strategy sampled 5 clients (out of 50)
[2024-10-15 16:25:37,354][flwr][INFO] - aggregate_fit: received 5 results and 0 failures
[2024-10-15 16:25:49,993][flwr][INFO] - fit progress: (95, 182.35901755094528, {'accuracy': 0.8082172701949861}, 3897.8803385114297)
[2024-10-15 16:25:49,994][flwr][INFO] - configure_evaluate: strategy sampled 2 clients (out of 50)
[2024-10-15 16:25:51,198][flwr][INFO] - aggregate_evaluate: received 2 results and 0 failures
[2024-10-15 16:25:51,199][flwr][INFO] - 
[2024-10-15 16:25:51,199][flwr][INFO] - [ROUND 96]
[2024-10-15 16:25:51,199][flwr][INFO] - configure_fit: strategy sampled 5 clients (out of 50)
[2024-10-15 16:26:21,125][flwr][INFO] - aggregate_fit: received 5 results and 0 failures
[2024-10-15 16:26:33,610][flwr][INFO] - fit progress: (96, 83.26274957507849, {'accuracy': 0.8739554317548747}, 3941.496391938068)
[2024-10-15 16:26:33,610][flwr][INFO] - configure_evaluate: strategy sampled 2 clients (out of 50)
[2024-10-15 16:26:34,820][flwr][INFO] - aggregate_evaluate: received 2 results and 0 failures
[2024-10-15 16:26:34,821][flwr][INFO] - 
[2024-10-15 16:26:34,821][flwr][INFO] - [ROUND 97]
[2024-10-15 16:26:34,821][flwr][INFO] - configure_fit: strategy sampled 5 clients (out of 50)
[2024-10-15 16:26:59,136][flwr][INFO] - aggregate_fit: received 5 results and 0 failures
[2024-10-15 16:27:12,564][flwr][INFO] - fit progress: (97, 117.44873654842377, {'accuracy': 0.8467966573816156}, 3980.451270398684)
[2024-10-15 16:27:12,565][flwr][INFO] - configure_evaluate: strategy sampled 2 clients (out of 50)
[2024-10-15 16:27:13,700][flwr][INFO] - aggregate_evaluate: received 2 results and 0 failures
[2024-10-15 16:27:13,701][flwr][INFO] - 
[2024-10-15 16:27:13,701][flwr][INFO] - [ROUND 98]
[2024-10-15 16:27:13,701][flwr][INFO] - configure_fit: strategy sampled 5 clients (out of 50)
[2024-10-15 16:27:44,496][flwr][INFO] - aggregate_fit: received 5 results and 0 failures
[2024-10-15 16:27:55,816][flwr][INFO] - fit progress: (98, 155.2135880291462, {'accuracy': 0.7958217270194986}, 4023.7030551992357)
[2024-10-15 16:27:55,817][flwr][INFO] - configure_evaluate: strategy sampled 2 clients (out of 50)
[2024-10-15 16:27:56,861][flwr][INFO] - aggregate_evaluate: received 2 results and 0 failures
[2024-10-15 16:27:56,861][flwr][INFO] - 
[2024-10-15 16:27:56,862][flwr][INFO] - [ROUND 99]
[2024-10-15 16:27:56,862][flwr][INFO] - configure_fit: strategy sampled 5 clients (out of 50)
[2024-10-15 16:28:22,618][flwr][INFO] - aggregate_fit: received 5 results and 0 failures
[2024-10-15 16:28:33,928][flwr][INFO] - fit progress: (99, 109.11551308631897, {'accuracy': 0.8501392757660167}, 4061.814526822418)
[2024-10-15 16:28:33,928][flwr][INFO] - configure_evaluate: strategy sampled 2 clients (out of 50)
[2024-10-15 16:28:35,656][flwr][INFO] - aggregate_evaluate: received 2 results and 0 failures
[2024-10-15 16:28:35,656][flwr][INFO] - 
[2024-10-15 16:28:35,657][flwr][INFO] - [ROUND 100]
[2024-10-15 16:28:35,657][flwr][INFO] - configure_fit: strategy sampled 5 clients (out of 50)
[2024-10-15 16:29:08,264][flwr][INFO] - aggregate_fit: received 5 results and 0 failures
[2024-10-15 16:29:20,327][flwr][INFO] - fit progress: (100, 244.75416427850723, {'accuracy': 0.7995821727019499}, 4108.213622286916)
[2024-10-15 16:29:20,327][flwr][INFO] - configure_evaluate: strategy sampled 2 clients (out of 50)
[2024-10-15 16:29:21,473][flwr][INFO] - aggregate_evaluate: received 2 results and 0 failures
[2024-10-15 16:29:21,474][flwr][INFO] - 
[2024-10-15 16:29:21,474][flwr][INFO] - [SUMMARY]
[2024-10-15 16:29:21,474][flwr][INFO] - Run finished 100 round(s) in 4109.36s
[2024-10-15 16:29:21,477][flwr][INFO] - 	History (loss, distributed):
[2024-10-15 16:29:21,478][flwr][INFO] - 		round 1: 5.5831227576365325
[2024-10-15 16:29:21,478][flwr][INFO] - 		round 2: 4.735945053884058
[2024-10-15 16:29:21,478][flwr][INFO] - 		round 3: 3.926896211828694
[2024-10-15 16:29:21,478][flwr][INFO] - 		round 4: 4.005183051057058
[2024-10-15 16:29:21,478][flwr][INFO] - 		round 5: 3.1236251194164946
[2024-10-15 16:29:21,478][flwr][INFO] - 		round 6: 3.017048425633799
[2024-10-15 16:29:21,478][flwr][INFO] - 		round 7: 3.2565153539180756
[2024-10-15 16:29:21,478][flwr][INFO] - 		round 8: 2.637821128451696
[2024-10-15 16:29:21,478][flwr][INFO] - 		round 9: 2.5886404025750083
[2024-10-15 16:29:21,478][flwr][INFO] - 		round 10: 2.7489855302704704
[2024-10-15 16:29:21,478][flwr][INFO] - 		round 11: 1.649058995859043
[2024-10-15 16:29:21,479][flwr][INFO] - 		round 12: 1.7315150761121028
[2024-10-15 16:29:21,479][flwr][INFO] - 		round 13: 2.4952452354009638
[2024-10-15 16:29:21,479][flwr][INFO] - 		round 14: 1.94349330598001
[2024-10-15 16:29:21,479][flwr][INFO] - 		round 15: 1.4169736339355246
[2024-10-15 16:29:21,479][flwr][INFO] - 		round 16: 1.9263047046131558
[2024-10-15 16:29:21,479][flwr][INFO] - 		round 17: 2.1914366879923777
[2024-10-15 16:29:21,479][flwr][INFO] - 		round 18: 1.4428114158551344
[2024-10-15 16:29:21,479][flwr][INFO] - 		round 19: 2.656570979621675
[2024-10-15 16:29:21,479][flwr][INFO] - 		round 20: 2.255123301881368
[2024-10-15 16:29:21,479][flwr][INFO] - 		round 21: 3.1237965409316164
[2024-10-15 16:29:21,479][flwr][INFO] - 		round 22: 2.601612003520131
[2024-10-15 16:29:21,479][flwr][INFO] - 		round 23: 1.4346566911693404
[2024-10-15 16:29:21,479][flwr][INFO] - 		round 24: 1.5626485247611999
[2024-10-15 16:29:21,479][flwr][INFO] - 		round 25: 3.9185767485902834
[2024-10-15 16:29:21,479][flwr][INFO] - 		round 26: 2.2947853356599808
[2024-10-15 16:29:21,479][flwr][INFO] - 		round 27: 2.307734981712888
[2024-10-15 16:29:21,480][flwr][INFO] - 		round 28: 2.7094962261508573
[2024-10-15 16:29:21,480][flwr][INFO] - 		round 29: 1.9112242868592066
[2024-10-15 16:29:21,480][flwr][INFO] - 		round 30: 1.5131602521152063
[2024-10-15 16:29:21,480][flwr][INFO] - 		round 31: 1.6583003770279627
[2024-10-15 16:29:21,480][flwr][INFO] - 		round 32: 2.390861406299729
[2024-10-15 16:29:21,480][flwr][INFO] - 		round 33: 2.51499957892224
[2024-10-15 16:29:21,480][flwr][INFO] - 		round 34: 2.140685811113859
[2024-10-15 16:29:21,480][flwr][INFO] - 		round 35: 2.186466148802829
[2024-10-15 16:29:21,480][flwr][INFO] - 		round 36: 1.9602240665988053
[2024-10-15 16:29:21,480][flwr][INFO] - 		round 37: 1.5054647475481033
[2024-10-15 16:29:21,480][flwr][INFO] - 		round 38: 2.5266343355178833
[2024-10-15 16:29:21,480][flwr][INFO] - 		round 39: 1.6301123001206088
[2024-10-15 16:29:21,480][flwr][INFO] - 		round 40: 1.2515672403749767
[2024-10-15 16:29:21,480][flwr][INFO] - 		round 41: 2.3568501979112626
[2024-10-15 16:29:21,480][flwr][INFO] - 		round 42: 1.832443025341646
[2024-10-15 16:29:21,480][flwr][INFO] - 		round 43: 1.7961681448751026
[2024-10-15 16:29:21,480][flwr][INFO] - 		round 44: 3.0907657487738516
[2024-10-15 16:29:21,481][flwr][INFO] - 		round 45: 2.2559822072943163
[2024-10-15 16:29:21,481][flwr][INFO] - 		round 46: 1.1936958134174347
[2024-10-15 16:29:21,481][flwr][INFO] - 		round 47: 2.89711595911625
[2024-10-15 16:29:21,481][flwr][INFO] - 		round 48: 0.8517249237422516
[2024-10-15 16:29:21,481][flwr][INFO] - 		round 49: 1.6447318534226159
[2024-10-15 16:29:21,481][flwr][INFO] - 		round 50: 2.641636213552321
[2024-10-15 16:29:21,481][flwr][INFO] - 		round 51: 2.055614229879881
[2024-10-15 16:29:21,481][flwr][INFO] - 		round 52: 2.390251570634765
[2024-10-15 16:29:21,481][flwr][INFO] - 		round 53: 1.5940144472558733
[2024-10-15 16:29:21,481][flwr][INFO] - 		round 54: 3.797856067026091
[2024-10-15 16:29:21,481][flwr][INFO] - 		round 55: 0.8015959287276033
[2024-10-15 16:29:21,481][flwr][INFO] - 		round 56: 0.5319751348993009
[2024-10-15 16:29:21,481][flwr][INFO] - 		round 57: 1.3155717209714357
[2024-10-15 16:29:21,481][flwr][INFO] - 		round 58: 2.7555869242686244
[2024-10-15 16:29:21,481][flwr][INFO] - 		round 59: 1.9129742904696414
[2024-10-15 16:29:21,481][flwr][INFO] - 		round 60: 1.9174080420942867
[2024-10-15 16:29:21,482][flwr][INFO] - 		round 61: 1.7334527749982145
[2024-10-15 16:29:21,482][flwr][INFO] - 		round 62: 3.235100080077224
[2024-10-15 16:29:21,482][flwr][INFO] - 		round 63: 1.4358635054732898
[2024-10-15 16:29:21,482][flwr][INFO] - 		round 64: 2.408810321545937
[2024-10-15 16:29:21,482][flwr][INFO] - 		round 65: 1.121819460030758
[2024-10-15 16:29:21,482][flwr][INFO] - 		round 66: 0.7753136391441028
[2024-10-15 16:29:21,482][flwr][INFO] - 		round 67: 1.416031931200598
[2024-10-15 16:29:21,482][flwr][INFO] - 		round 68: 2.0723146146451925
[2024-10-15 16:29:21,482][flwr][INFO] - 		round 69: 2.570812646216816
[2024-10-15 16:29:21,482][flwr][INFO] - 		round 70: 2.0191386229971533
[2024-10-15 16:29:21,482][flwr][INFO] - 		round 71: 2.8535980778771477
[2024-10-15 16:29:21,482][flwr][INFO] - 		round 72: 1.0039892849507253
[2024-10-15 16:29:21,482][flwr][INFO] - 		round 73: 1.9686857968319758
[2024-10-15 16:29:21,482][flwr][INFO] - 		round 74: 4.25524248728739
[2024-10-15 16:29:21,483][flwr][INFO] - 		round 75: 1.5794883879179453
[2024-10-15 16:29:21,483][flwr][INFO] - 		round 76: 2.464375043398625
[2024-10-15 16:29:21,483][flwr][INFO] - 		round 77: 1.796960734889368
[2024-10-15 16:29:21,483][flwr][INFO] - 		round 78: 2.310686457025047
[2024-10-15 16:29:21,483][flwr][INFO] - 		round 79: 0.8447146929253293
[2024-10-15 16:29:21,483][flwr][INFO] - 		round 80: 3.042018676703831
[2024-10-15 16:29:21,483][flwr][INFO] - 		round 81: 1.3028096278508505
[2024-10-15 16:29:21,483][flwr][INFO] - 		round 82: 0.900591293052465
[2024-10-15 16:29:21,483][flwr][INFO] - 		round 83: 1.5660220682621002
[2024-10-15 16:29:21,483][flwr][INFO] - 		round 84: 1.1312288954771685
[2024-10-15 16:29:21,483][flwr][INFO] - 		round 85: 0.7393174692988396
[2024-10-15 16:29:21,483][flwr][INFO] - 		round 86: 1.6895504133631014
[2024-10-15 16:29:21,483][flwr][INFO] - 		round 87: 2.3477391388077518
[2024-10-15 16:29:21,483][flwr][INFO] - 		round 88: 1.9047927913211642
[2024-10-15 16:29:21,483][flwr][INFO] - 		round 89: 1.533636091712495
[2024-10-15 16:29:21,483][flwr][INFO] - 		round 90: 0.7444378546577819
[2024-10-15 16:29:21,484][flwr][INFO] - 		round 91: 3.1928879904747007
[2024-10-15 16:29:21,484][flwr][INFO] - 		round 92: 1.0914746739052155
[2024-10-15 16:29:21,484][flwr][INFO] - 		round 93: 0.7860831287355055
[2024-10-15 16:29:21,484][flwr][INFO] - 		round 94: 1.8965837288035656
[2024-10-15 16:29:21,484][flwr][INFO] - 		round 95: 2.1364578749776935
[2024-10-15 16:29:21,484][flwr][INFO] - 		round 96: 1.0960848358544437
[2024-10-15 16:29:21,484][flwr][INFO] - 		round 97: 1.0746385807340795
[2024-10-15 16:29:21,484][flwr][INFO] - 		round 98: 1.5605228977616539
[2024-10-15 16:29:21,484][flwr][INFO] - 		round 99: 1.0737345464337649
[2024-10-15 16:29:21,484][flwr][INFO] - 		round 100: 2.8589332914217334
[2024-10-15 16:29:21,484][flwr][INFO] - 	History (loss, centralized):
[2024-10-15 16:29:21,484][flwr][INFO] - 		round 0: 498.1003646850586
[2024-10-15 16:29:21,484][flwr][INFO] - 		round 1: 443.4762234687805
[2024-10-15 16:29:21,484][flwr][INFO] - 		round 2: 313.6451587677002
[2024-10-15 16:29:21,484][flwr][INFO] - 		round 3: 260.6299948692322
[2024-10-15 16:29:21,484][flwr][INFO] - 		round 4: 253.25456273555756
[2024-10-15 16:29:21,485][flwr][INFO] - 		round 5: 256.7948546409607
[2024-10-15 16:29:21,485][flwr][INFO] - 		round 6: 234.0246900320053
[2024-10-15 16:29:21,485][flwr][INFO] - 		round 7: 274.84896171092987
[2024-10-15 16:29:21,485][flwr][INFO] - 		round 8: 209.95718145370483
[2024-10-15 16:29:21,485][flwr][INFO] - 		round 9: 229.69963932037354
[2024-10-15 16:29:21,485][flwr][INFO] - 		round 10: 206.33047592639923
[2024-10-15 16:29:21,485][flwr][INFO] - 		round 11: 134.2157079577446
[2024-10-15 16:29:21,485][flwr][INFO] - 		round 12: 128.19436185061932
[2024-10-15 16:29:21,485][flwr][INFO] - 		round 13: 148.1227012872696
[2024-10-15 16:29:21,485][flwr][INFO] - 		round 14: 113.46263203024864
[2024-10-15 16:29:21,485][flwr][INFO] - 		round 15: 107.52010460197926
[2024-10-15 16:29:21,485][flwr][INFO] - 		round 16: 146.29817470908165
[2024-10-15 16:29:21,485][flwr][INFO] - 		round 17: 180.2988445162773
[2024-10-15 16:29:21,485][flwr][INFO] - 		round 18: 117.15698502957821
[2024-10-15 16:29:21,485][flwr][INFO] - 		round 19: 207.7122214436531
[2024-10-15 16:29:21,485][flwr][INFO] - 		round 20: 172.3453253209591
[2024-10-15 16:29:21,486][flwr][INFO] - 		round 21: 231.0260835289955
[2024-10-15 16:29:21,486][flwr][INFO] - 		round 22: 199.0963749885559
[2024-10-15 16:29:21,486][flwr][INFO] - 		round 23: 126.44762280583382
[2024-10-15 16:29:21,486][flwr][INFO] - 		round 24: 135.70680996775627
[2024-10-15 16:29:21,486][flwr][INFO] - 		round 25: 325.93421697616577
[2024-10-15 16:29:21,486][flwr][INFO] - 		round 26: 158.7239886522293
[2024-10-15 16:29:21,486][flwr][INFO] - 		round 27: 145.42177602648735
[2024-10-15 16:29:21,486][flwr][INFO] - 		round 28: 232.79944163560867
[2024-10-15 16:29:21,486][flwr][INFO] - 		round 29: 177.67615193128586
[2024-10-15 16:29:21,486][flwr][INFO] - 		round 30: 128.29368755221367
[2024-10-15 16:29:21,486][flwr][INFO] - 		round 31: 147.63194832205772
[2024-10-15 16:29:21,486][flwr][INFO] - 		round 32: 191.27421563863754
[2024-10-15 16:29:21,486][flwr][INFO] - 		round 33: 193.2670264840126
[2024-10-15 16:29:21,486][flwr][INFO] - 		round 34: 188.18953555822372
[2024-10-15 16:29:21,486][flwr][INFO] - 		round 35: 154.5699413716793
[2024-10-15 16:29:21,486][flwr][INFO] - 		round 36: 168.85293224453926
[2024-10-15 16:29:21,487][flwr][INFO] - 		round 37: 122.51659189164639
[2024-10-15 16:29:21,487][flwr][INFO] - 		round 38: 214.00138825178146
[2024-10-15 16:29:21,487][flwr][INFO] - 		round 39: 123.5293048620224
[2024-10-15 16:29:21,487][flwr][INFO] - 		round 40: 115.92752054333687
[2024-10-15 16:29:21,487][flwr][INFO] - 		round 41: 189.04005229473114
[2024-10-15 16:29:21,487][flwr][INFO] - 		round 42: 155.36095866560936
[2024-10-15 16:29:21,487][flwr][INFO] - 		round 43: 121.56655764579773
[2024-10-15 16:29:21,487][flwr][INFO] - 		round 44: 242.74213296175003
[2024-10-15 16:29:21,487][flwr][INFO] - 		round 45: 189.79174721240997
[2024-10-15 16:29:21,487][flwr][INFO] - 		round 46: 89.79189442098141
[2024-10-15 16:29:21,487][flwr][INFO] - 		round 47: 228.91812866926193
[2024-10-15 16:29:21,487][flwr][INFO] - 		round 48: 91.8765584602952
[2024-10-15 16:29:21,487][flwr][INFO] - 		round 49: 120.7937720566988
[2024-10-15 16:29:21,487][flwr][INFO] - 		round 50: 211.7418793439865
[2024-10-15 16:29:21,487][flwr][INFO] - 		round 51: 183.81144040822983
[2024-10-15 16:29:21,487][flwr][INFO] - 		round 52: 207.23023039102554
[2024-10-15 16:29:21,488][flwr][INFO] - 		round 53: 101.69203916192055
[2024-10-15 16:29:21,488][flwr][INFO] - 		round 54: 305.0532432794571
[2024-10-15 16:29:21,488][flwr][INFO] - 		round 55: 85.1563860848546
[2024-10-15 16:29:21,488][flwr][INFO] - 		round 56: 80.44268088042736
[2024-10-15 16:29:21,488][flwr][INFO] - 		round 57: 123.76297788321972
[2024-10-15 16:29:21,488][flwr][INFO] - 		round 58: 229.81127578020096
[2024-10-15 16:29:21,488][flwr][INFO] - 		round 59: 171.05577918887138
[2024-10-15 16:29:21,488][flwr][INFO] - 		round 60: 163.18982607126236
[2024-10-15 16:29:21,488][flwr][INFO] - 		round 61: 131.06876933574677
[2024-10-15 16:29:21,488][flwr][INFO] - 		round 62: 240.66298186779022
[2024-10-15 16:29:21,488][flwr][INFO] - 		round 63: 123.09329137206078
[2024-10-15 16:29:21,488][flwr][INFO] - 		round 64: 183.52906435728073
[2024-10-15 16:29:21,488][flwr][INFO] - 		round 65: 100.32144898176193
[2024-10-15 16:29:21,488][flwr][INFO] - 		round 66: 83.54534002393484
[2024-10-15 16:29:21,489][flwr][INFO] - 		round 67: 118.60630640387535
[2024-10-15 16:29:21,489][flwr][INFO] - 		round 68: 179.71132266521454
[2024-10-15 16:29:21,489][flwr][INFO] - 		round 69: 178.74509555101395
[2024-10-15 16:29:21,489][flwr][INFO] - 		round 70: 165.8404735326767
[2024-10-15 16:29:21,489][flwr][INFO] - 		round 71: 229.97089213132858
[2024-10-15 16:29:21,489][flwr][INFO] - 		round 72: 104.7190853357315
[2024-10-15 16:29:21,489][flwr][INFO] - 		round 73: 162.85304000973701
[2024-10-15 16:29:21,489][flwr][INFO] - 		round 74: 333.0244953632355
[2024-10-15 16:29:21,489][flwr][INFO] - 		round 75: 126.50229349732399
[2024-10-15 16:29:21,489][flwr][INFO] - 		round 76: 206.63861989974976
[2024-10-15 16:29:21,489][flwr][INFO] - 		round 77: 150.8088853955269
[2024-10-15 16:29:21,489][flwr][INFO] - 		round 78: 182.09186613559723
[2024-10-15 16:29:21,489][flwr][INFO] - 		round 79: 100.64472053945065
[2024-10-15 16:29:21,489][flwr][INFO] - 		round 80: 256.58997917175293
[2024-10-15 16:29:21,489][flwr][INFO] - 		round 81: 100.72759844362736
[2024-10-15 16:29:21,489][flwr][INFO] - 		round 82: 95.23705770075321
[2024-10-15 16:29:21,490][flwr][INFO] - 		round 83: 157.15327793359756
[2024-10-15 16:29:21,490][flwr][INFO] - 		round 84: 119.6807037293911
[2024-10-15 16:29:21,490][flwr][INFO] - 		round 85: 81.5248384103179
[2024-10-15 16:29:21,490][flwr][INFO] - 		round 86: 158.16814935207367
[2024-10-15 16:29:21,490][flwr][INFO] - 		round 87: 190.86333787441254
[2024-10-15 16:29:21,490][flwr][INFO] - 		round 88: 149.19119489192963
[2024-10-15 16:29:21,490][flwr][INFO] - 		round 89: 108.24695964157581
[2024-10-15 16:29:21,490][flwr][INFO] - 		round 90: 100.7868189662695
[2024-10-15 16:29:21,490][flwr][INFO] - 		round 91: 249.13080137968063
[2024-10-15 16:29:21,490][flwr][INFO] - 		round 92: 103.04504369199276
[2024-10-15 16:29:21,490][flwr][INFO] - 		round 93: 88.43502353131771
[2024-10-15 16:29:21,490][flwr][INFO] - 		round 94: 167.31153017282486
[2024-10-15 16:29:21,490][flwr][INFO] - 		round 95: 182.35901755094528
[2024-10-15 16:29:21,490][flwr][INFO] - 		round 96: 83.26274957507849
[2024-10-15 16:29:21,491][flwr][INFO] - 		round 97: 117.44873654842377
[2024-10-15 16:29:21,491][flwr][INFO] - 		round 98: 155.2135880291462
[2024-10-15 16:29:21,491][flwr][INFO] - 		round 99: 109.11551308631897
[2024-10-15 16:29:21,491][flwr][INFO] - 		round 100: 244.75416427850723
[2024-10-15 16:29:21,491][flwr][INFO] - 	History (metrics, distributed, evaluate):
[2024-10-15 16:29:21,491][flwr][INFO] - 	{'accuracy': [(1, 0.41456582633053224),
[2024-10-15 16:29:21,491][flwr][INFO] - 	              (2, 0.48158640226628896),
[2024-10-15 16:29:21,491][flwr][INFO] - 	              (3, 0.6100278551532033),
[2024-10-15 16:29:21,491][flwr][INFO] - 	              (4, 0.5287671232876713),
[2024-10-15 16:29:21,491][flwr][INFO] - 	              (5, 0.6657381615598886),
[2024-10-15 16:29:21,491][flwr][INFO] - 	              (6, 0.6846590909090909),
[2024-10-15 16:29:21,491][flwr][INFO] - 	              (7, 0.7099447513812155),
[2024-10-15 16:29:21,491][flwr][INFO] - 	              (8, 0.7903225806451613),
[2024-10-15 16:29:21,491][flwr][INFO] - 	              (9, 0.7841530054644809),
[2024-10-15 16:29:21,491][flwr][INFO] - 	              (10, 0.7166666666666667),
[2024-10-15 16:29:21,491][flwr][INFO] - 	              (11, 0.8324324324324325),
[2024-10-15 16:29:21,492][flwr][INFO] - 	              (12, 0.7972972972972973),
[2024-10-15 16:29:21,492][flwr][INFO] - 	              (13, 0.7320441988950276),
[2024-10-15 16:29:21,492][flwr][INFO] - 	              (14, 0.7768595041322314),
[2024-10-15 16:29:21,492][flwr][INFO] - 	              (15, 0.8245125348189415),
[2024-10-15 16:29:21,492][flwr][INFO] - 	              (16, 0.7891737891737892),
[2024-10-15 16:29:21,492][flwr][INFO] - 	              (17, 0.7954545454545454),
[2024-10-15 16:29:21,492][flwr][INFO] - 	              (18, 0.8595505617977528),
[2024-10-15 16:29:21,492][flwr][INFO] - 	              (19, 0.7388888888888889),
[2024-10-15 16:29:21,492][flwr][INFO] - 	              (20, 0.8011204481792717),
[2024-10-15 16:29:21,492][flwr][INFO] - 	              (21, 0.6927374301675978),
[2024-10-15 16:29:21,492][flwr][INFO] - 	              (22, 0.7926136363636364),
[2024-10-15 16:29:21,492][flwr][INFO] - 	              (23, 0.8857938718662952),
[2024-10-15 16:29:21,492][flwr][INFO] - 	              (24, 0.8293333333333334),
[2024-10-15 16:29:21,492][flwr][INFO] - 	              (25, 0.6796657381615598),
[2024-10-15 16:29:21,493][flwr][INFO] - 	              (26, 0.7527777777777778),
[2024-10-15 16:29:21,493][flwr][INFO] - 	              (27, 0.7493112947658402),
[2024-10-15 16:29:21,493][flwr][INFO] - 	              (28, 0.8017492711370262),
[2024-10-15 16:29:21,493][flwr][INFO] - 	              (29, 0.8646408839779005),
[2024-10-15 16:29:21,493][flwr][INFO] - 	              (30, 0.8725212464589235),
[2024-10-15 16:29:21,493][flwr][INFO] - 	              (31, 0.8521505376344086),
[2024-10-15 16:29:21,493][flwr][INFO] - 	              (32, 0.8105849582172702),
[2024-10-15 16:29:21,493][flwr][INFO] - 	              (33, 0.7910863509749304),
[2024-10-15 16:29:21,493][flwr][INFO] - 	              (34, 0.8509485094850948),
[2024-10-15 16:29:21,493][flwr][INFO] - 	              (35, 0.8161559888579387),
[2024-10-15 16:29:21,493][flwr][INFO] - 	              (36, 0.8445040214477212),
[2024-10-15 16:29:21,493][flwr][INFO] - 	              (37, 0.8425414364640884),
[2024-10-15 16:29:21,493][flwr][INFO] - 	              (38, 0.8287292817679558),
[2024-10-15 16:29:21,493][flwr][INFO] - 	              (39, 0.8450704225352113),
[2024-10-15 16:29:21,493][flwr][INFO] - 	              (40, 0.8739946380697051),
[2024-10-15 16:29:21,493][flwr][INFO] - 	              (41, 0.7833333333333333),
[2024-10-15 16:29:21,494][flwr][INFO] - 	              (42, 0.8315508021390374),
[2024-10-15 16:29:21,494][flwr][INFO] - 	              (43, 0.8361111111111111),
[2024-10-15 16:29:21,494][flwr][INFO] - 	              (44, 0.8306451612903226),
[2024-10-15 16:29:21,494][flwr][INFO] - 	              (45, 0.853185595567867),
[2024-10-15 16:29:21,494][flwr][INFO] - 	              (46, 0.8646408839779005),
[2024-10-15 16:29:21,494][flwr][INFO] - 	              (47, 0.8126721763085399),
[2024-10-15 16:29:21,494][flwr][INFO] - 	              (48, 0.9131652661064426),
[2024-10-15 16:29:21,494][flwr][INFO] - 	              (49, 0.8091168091168092),
[2024-10-15 16:29:21,494][flwr][INFO] - 	              (50, 0.7576601671309192),
[2024-10-15 16:29:21,494][flwr][INFO] - 	              (51, 0.8421052631578947),
[2024-10-15 16:29:21,494][flwr][INFO] - 	              (52, 0.816711590296496),
[2024-10-15 16:29:21,494][flwr][INFO] - 	              (53, 0.8),
[2024-10-15 16:29:21,494][flwr][INFO] - 	              (54, 0.775623268698061),
[2024-10-15 16:29:21,494][flwr][INFO] - 	              (55, 0.912568306010929),
[2024-10-15 16:29:21,494][flwr][INFO] - 	              (56, 0.9559228650137741),
[2024-10-15 16:29:21,494][flwr][INFO] - 	              (57, 0.8961748633879781),
[2024-10-15 16:29:21,494][flwr][INFO] - 	              (58, 0.8373983739837398),
[2024-10-15 16:29:21,495][flwr][INFO] - 	              (59, 0.8844086021505376),
[2024-10-15 16:29:21,495][flwr][INFO] - 	              (60, 0.8342245989304813),
[2024-10-15 16:29:21,495][flwr][INFO] - 	              (61, 0.825),
[2024-10-15 16:29:21,495][flwr][INFO] - 	              (62, 0.793002915451895),
[2024-10-15 16:29:21,495][flwr][INFO] - 	              (63, 0.8629737609329446),
[2024-10-15 16:29:21,495][flwr][INFO] - 	              (64, 0.7859154929577464),
[2024-10-15 16:29:21,495][flwr][INFO] - 	              (65, 0.8953168044077136),
[2024-10-15 16:29:21,495][flwr][INFO] - 	              (66, 0.9138888888888889),
[2024-10-15 16:29:21,495][flwr][INFO] - 	              (67, 0.8433048433048433),
[2024-10-15 16:29:21,495][flwr][INFO] - 	              (68, 0.8732394366197183),
[2024-10-15 16:29:21,495][flwr][INFO] - 	              (69, 0.7361111111111112),
[2024-10-15 16:29:21,495][flwr][INFO] - 	              (70, 0.8433048433048433),
[2024-10-15 16:29:21,495][flwr][INFO] - 	              (71, 0.7081081081081081),
[2024-10-15 16:29:21,495][flwr][INFO] - 	              (72, 0.919889502762431),
[2024-10-15 16:29:21,495][flwr][INFO] - 	              (73, 0.8495821727019499),
[2024-10-15 16:29:21,495][flwr][INFO] - 	              (74, 0.768595041322314),
[2024-10-15 16:29:21,495][flwr][INFO] - 	              (75, 0.8314917127071824),
[2024-10-15 16:29:21,496][flwr][INFO] - 	              (76, 0.8513513513513513),
[2024-10-15 16:29:21,496][flwr][INFO] - 	              (77, 0.8857938718662952),
[2024-10-15 16:29:21,496][flwr][INFO] - 	              (78, 0.7534626038781164),
[2024-10-15 16:29:21,496][flwr][INFO] - 	              (79, 0.9265536723163842),
[2024-10-15 16:29:21,496][flwr][INFO] - 	              (80, 0.862533692722372),
[2024-10-15 16:29:21,496][flwr][INFO] - 	              (81, 0.8555555555555555),
[2024-10-15 16:29:21,496][flwr][INFO] - 	              (82, 0.9215686274509803),
[2024-10-15 16:29:21,496][flwr][INFO] - 	              (83, 0.9189944134078212),
[2024-10-15 16:29:21,496][flwr][INFO] - 	              (84, 0.9005524861878453),
[2024-10-15 16:29:21,496][flwr][INFO] - 	              (85, 0.9353932584269663),
[2024-10-15 16:29:21,496][flwr][INFO] - 	              (86, 0.9168900804289544),
[2024-10-15 16:29:21,496][flwr][INFO] - 	              (87, 0.8659517426273459),
[2024-10-15 16:29:21,496][flwr][INFO] - 	              (88, 0.8571428571428571),
[2024-10-15 16:29:21,496][flwr][INFO] - 	              (89, 0.8535211267605634),
[2024-10-15 16:29:21,496][flwr][INFO] - 	              (90, 0.9308510638297872),
[2024-10-15 16:29:21,496][flwr][INFO] - 	              (91, 0.84),
[2024-10-15 16:29:21,496][flwr][INFO] - 	              (92, 0.9148351648351648),
[2024-10-15 16:29:21,497][flwr][INFO] - 	              (93, 0.9060773480662984),
[2024-10-15 16:29:21,497][flwr][INFO] - 	              (94, 0.8467966573816156),
[2024-10-15 16:29:21,497][flwr][INFO] - 	              (95, 0.8504398826979472),
[2024-10-15 16:29:21,497][flwr][INFO] - 	              (96, 0.8651026392961877),
[2024-10-15 16:29:21,497][flwr][INFO] - 	              (97, 0.9118457300275482),
[2024-10-15 16:29:21,497][flwr][INFO] - 	              (98, 0.8835227272727273),
[2024-10-15 16:29:21,497][flwr][INFO] - 	              (99, 0.9036827195467422),
[2024-10-15 16:29:21,497][flwr][INFO] - 	              (100, 0.8526912181303116)]}
[2024-10-15 16:29:21,497][flwr][INFO] - 	History (metrics, centralized):
[2024-10-15 16:29:21,497][flwr][INFO] - 	{'accuracy': [(0, 0.12437325905292479),
[2024-10-15 16:29:21,497][flwr][INFO] - 	              (1, 0.35919220055710305),
[2024-10-15 16:29:21,497][flwr][INFO] - 	              (2, 0.6179665738161559),
[2024-10-15 16:29:21,497][flwr][INFO] - 	              (3, 0.7303621169916434),
[2024-10-15 16:29:21,497][flwr][INFO] - 	              (4, 0.653899721448468),
[2024-10-15 16:29:21,497][flwr][INFO] - 	              (5, 0.6229805013927576),
[2024-10-15 16:29:21,497][flwr][INFO] - 	              (6, 0.7245125348189415),
[2024-10-15 16:29:21,498][flwr][INFO] - 	              (7, 0.6608635097493036),
[2024-10-15 16:29:21,498][flwr][INFO] - 	              (8, 0.7796657381615599),
[2024-10-15 16:29:21,498][flwr][INFO] - 	              (9, 0.7720055710306407),
[2024-10-15 16:29:21,498][flwr][INFO] - 	              (10, 0.7614206128133705),
[2024-10-15 16:29:21,498][flwr][INFO] - 	              (11, 0.815041782729805),
[2024-10-15 16:29:21,498][flwr][INFO] - 	              (12, 0.8278551532033426),
[2024-10-15 16:29:21,498][flwr][INFO] - 	              (13, 0.8197771587743733),
[2024-10-15 16:29:21,498][flwr][INFO] - 	              (14, 0.8367688022284122),
[2024-10-15 16:29:21,498][flwr][INFO] - 	              (15, 0.8435933147632312),
[2024-10-15 16:29:21,498][flwr][INFO] - 	              (16, 0.8006963788300836),
[2024-10-15 16:29:21,498][flwr][INFO] - 	              (17, 0.7803621169916435),
[2024-10-15 16:29:21,498][flwr][INFO] - 	              (18, 0.8424791086350975),
[2024-10-15 16:29:21,498][flwr][INFO] - 	              (19, 0.7537604456824513),
[2024-10-15 16:29:21,498][flwr][INFO] - 	              (20, 0.8217270194986073),
[2024-10-15 16:29:21,498][flwr][INFO] - 	              (21, 0.7064066852367687),
[2024-10-15 16:29:21,498][flwr][INFO] - 	              (22, 0.7949860724233984),
[2024-10-15 16:29:21,498][flwr][INFO] - 	              (23, 0.8419220055710307),
[2024-10-15 16:29:21,499][flwr][INFO] - 	              (24, 0.8307799442896936),
[2024-10-15 16:29:21,499][flwr][INFO] - 	              (25, 0.6090529247910863),
[2024-10-15 16:29:21,499][flwr][INFO] - 	              (26, 0.8027855153203343),
[2024-10-15 16:29:21,499][flwr][INFO] - 	              (27, 0.8133704735376045),
[2024-10-15 16:29:21,499][flwr][INFO] - 	              (28, 0.7600278551532034),
[2024-10-15 16:29:21,499][flwr][INFO] - 	              (29, 0.8122562674094708),
[2024-10-15 16:29:21,499][flwr][INFO] - 	              (30, 0.8430362116991643),
[2024-10-15 16:29:21,499][flwr][INFO] - 	              (31, 0.8292479108635098),
[2024-10-15 16:29:21,499][flwr][INFO] - 	              (32, 0.8123955431754875),
[2024-10-15 16:29:21,499][flwr][INFO] - 	              (33, 0.8084958217270195),
[2024-10-15 16:29:21,499][flwr][INFO] - 	              (34, 0.8118384401114206),
[2024-10-15 16:29:21,499][flwr][INFO] - 	              (35, 0.8366295264623955),
[2024-10-15 16:29:21,499][flwr][INFO] - 	              (36, 0.8270194986072423),
[2024-10-15 16:29:21,499][flwr][INFO] - 	              (37, 0.8362116991643455),
[2024-10-15 16:29:21,499][flwr][INFO] - 	              (38, 0.7873259052924791),
[2024-10-15 16:29:21,499][flwr][INFO] - 	              (39, 0.854874651810585),
[2024-10-15 16:29:21,499][flwr][INFO] - 	              (40, 0.8491643454038997),
[2024-10-15 16:29:21,500][flwr][INFO] - 	              (41, 0.7972144846796657),
[2024-10-15 16:29:21,500][flwr][INFO] - 	              (42, 0.8396935933147632),
[2024-10-15 16:29:21,500][flwr][INFO] - 	              (43, 0.8505571030640668),
[2024-10-15 16:29:21,500][flwr][INFO] - 	              (44, 0.7795264623955431),
[2024-10-15 16:29:21,500][flwr][INFO] - 	              (45, 0.8229805013927577),
[2024-10-15 16:29:21,500][flwr][INFO] - 	              (46, 0.8626740947075209),
[2024-10-15 16:29:21,500][flwr][INFO] - 	              (47, 0.797075208913649),
[2024-10-15 16:29:21,500][flwr][INFO] - 	              (48, 0.8506963788300835),
[2024-10-15 16:29:21,500][flwr][INFO] - 	              (49, 0.8459610027855153),
[2024-10-15 16:29:21,500][flwr][INFO] - 	              (50, 0.7718662952646239),
[2024-10-15 16:29:21,500][flwr][INFO] - 	              (51, 0.8275766016713092),
[2024-10-15 16:29:21,500][flwr][INFO] - 	              (52, 0.7913649025069638),
[2024-10-15 16:29:21,500][flwr][INFO] - 	              (53, 0.8559888579387187),
[2024-10-15 16:29:21,500][flwr][INFO] - 	              (54, 0.7923398328690808),
[2024-10-15 16:29:21,500][flwr][INFO] - 	              (55, 0.8688022284122563),
[2024-10-15 16:29:21,500][flwr][INFO] - 	              (56, 0.8711699164345403),
[2024-10-15 16:29:21,500][flwr][INFO] - 	              (57, 0.8338440111420613),
[2024-10-15 16:29:21,501][flwr][INFO] - 	              (58, 0.7749303621169916),
[2024-10-15 16:29:21,501][flwr][INFO] - 	              (59, 0.8210306406685237),
[2024-10-15 16:29:21,501][flwr][INFO] - 	              (60, 0.8186629526462396),
[2024-10-15 16:29:21,501][flwr][INFO] - 	              (61, 0.8174094707520891),
[2024-10-15 16:29:21,501][flwr][INFO] - 	              (62, 0.8253481894150417),
[2024-10-15 16:29:21,501][flwr][INFO] - 	              (63, 0.8398328690807799),
[2024-10-15 16:29:21,501][flwr][INFO] - 	              (64, 0.7740947075208914),
[2024-10-15 16:29:21,501][flwr][INFO] - 	              (65, 0.8722841225626741),
[2024-10-15 16:29:21,501][flwr][INFO] - 	              (66, 0.8679665738161559),
[2024-10-15 16:29:21,501][flwr][INFO] - 	              (67, 0.843175487465181),
[2024-10-15 16:29:21,501][flwr][INFO] - 	              (68, 0.8277158774373259),
[2024-10-15 16:29:21,501][flwr][INFO] - 	              (69, 0.7452646239554318),
[2024-10-15 16:29:21,501][flwr][INFO] - 	              (70, 0.8263231197771588),
[2024-10-15 16:29:21,501][flwr][INFO] - 	              (71, 0.7438718662952646),
[2024-10-15 16:29:21,501][flwr][INFO] - 	              (72, 0.8572423398328691),
[2024-10-15 16:29:21,501][flwr][INFO] - 	              (73, 0.8332869080779944),
[2024-10-15 16:29:21,501][flwr][INFO] - 	              (74, 0.7550139275766017),
[2024-10-15 16:29:21,502][flwr][INFO] - 	              (75, 0.8391364902506964),
[2024-10-15 16:29:21,502][flwr][INFO] - 	              (76, 0.8268802228412256),
[2024-10-15 16:29:21,502][flwr][INFO] - 	              (77, 0.844150417827298),
[2024-10-15 16:29:21,502][flwr][INFO] - 	              (78, 0.7848189415041783),
[2024-10-15 16:29:21,502][flwr][INFO] - 	              (79, 0.8590529247910863),
[2024-10-15 16:29:21,502][flwr][INFO] - 	              (80, 0.794150417827298),
[2024-10-15 16:29:21,502][flwr][INFO] - 	              (81, 0.8626740947075209),
[2024-10-15 16:29:21,502][flwr][INFO] - 	              (82, 0.8655988857938719),
[2024-10-15 16:29:21,502][flwr][INFO] - 	              (83, 0.843175487465181),
[2024-10-15 16:29:21,502][flwr][INFO] - 	              (84, 0.8587743732590529),
[2024-10-15 16:29:21,502][flwr][INFO] - 	              (85, 0.8697771587743732),
[2024-10-15 16:29:21,502][flwr][INFO] - 	              (86, 0.8577994428969359),
[2024-10-15 16:29:21,502][flwr][INFO] - 	              (87, 0.7908077994428969),
[2024-10-15 16:29:21,502][flwr][INFO] - 	              (88, 0.8564066852367688),
[2024-10-15 16:29:21,502][flwr][INFO] - 	              (89, 0.868941504178273),
[2024-10-15 16:29:21,502][flwr][INFO] - 	              (90, 0.8681058495821727),
[2024-10-15 16:29:21,502][flwr][INFO] - 	              (91, 0.8396935933147632),
[2024-10-15 16:29:21,503][flwr][INFO] - 	              (92, 0.865041782729805),
[2024-10-15 16:29:21,503][flwr][INFO] - 	              (93, 0.8615598885793871),
[2024-10-15 16:29:21,503][flwr][INFO] - 	              (94, 0.8154596100278552),
[2024-10-15 16:29:21,503][flwr][INFO] - 	              (95, 0.8082172701949861),
[2024-10-15 16:29:21,503][flwr][INFO] - 	              (96, 0.8739554317548747),
[2024-10-15 16:29:21,503][flwr][INFO] - 	              (97, 0.8467966573816156),
[2024-10-15 16:29:21,503][flwr][INFO] - 	              (98, 0.7958217270194986),
[2024-10-15 16:29:21,503][flwr][INFO] - 	              (99, 0.8501392757660167),
[2024-10-15 16:29:21,503][flwr][INFO] - 	              (100, 0.7995821727019499)]}
[2024-10-15 16:29:21,503][flwr][INFO] - 
