[2024-09-11 17:22:16,981][flwr][INFO] - Starting Flower simulation, config: num_rounds=100, no round_timeout
[2024-09-11 17:22:21,113][flwr][INFO] - Flower VCE: Ray initialized with resources: {'object_store_memory': 76514095104.0, 'node:115.145.172.224': 1.0, 'CPU': 256.0, 'memory': 168532888576.0, 'accelerator_type:G': 1.0, 'GPU': 1.0, 'node:__internal_head__': 1.0}
[2024-09-11 17:22:21,116][flwr][INFO] - Optimize your simulation with Flower VCE: https://flower.ai/docs/framework/how-to-run-simulations.html
[2024-09-11 17:22:21,116][flwr][INFO] - Flower VCE: Resources for each Virtual Client: {'num_cpus': 16, 'num_gpus': 0.25}
[2024-09-11 17:22:21,128][flwr][INFO] - Flower VCE: Creating VirtualClientEngineActorPool with 4 actors
[2024-09-11 17:22:21,128][flwr][INFO] - [INIT]
[2024-09-11 17:22:21,128][flwr][INFO] - Requesting initial parameters from one random client
[2024-09-11 17:22:25,025][flwr][INFO] - Received initial parameters from one random client
[2024-09-11 17:22:25,025][flwr][INFO] - Evaluating initial global parameters
[2024-09-11 17:22:30,376][flwr][INFO] - initial parameters (loss, other metrics): 219.79368388652802, {'accuracy': 0.17772581116632563}
[2024-09-11 17:22:30,377][flwr][INFO] - 
[2024-09-11 17:22:30,377][flwr][INFO] - [ROUND 1]
[2024-09-11 17:22:30,377][flwr][INFO] - configure_fit: strategy sampled 5 clients (out of 50)
[2024-09-11 17:22:35,322][flwr][INFO] - aggregate_fit: received 5 results and 0 failures
[2024-09-11 17:22:35,525][flwr][WARNING] - No fit_metrics_aggregation_fn provided
[2024-09-11 17:22:41,234][flwr][INFO] - fit progress: (1, 194.57329750061035, {'accuracy': 0.41128325051154635}, 10.85697604296729)
[2024-09-11 17:22:41,234][flwr][INFO] - configure_evaluate: strategy sampled 2 clients (out of 50)
[2024-09-11 17:22:41,506][flwr][INFO] - aggregate_evaluate: received 2 results and 0 failures
[2024-09-11 17:22:41,507][flwr][INFO] - 
[2024-09-11 17:22:41,507][flwr][INFO] - [ROUND 2]
[2024-09-11 17:22:41,507][flwr][INFO] - configure_fit: strategy sampled 5 clients (out of 50)
[2024-09-11 17:22:44,723][flwr][INFO] - aggregate_fit: received 5 results and 0 failures
[2024-09-11 17:22:50,129][flwr][INFO] - fit progress: (2, 184.08381485939026, {'accuracy': 0.3931598947676118}, 19.752820326946676)
[2024-09-11 17:22:50,130][flwr][INFO] - configure_evaluate: strategy sampled 2 clients (out of 50)
[2024-09-11 17:22:50,425][flwr][INFO] - aggregate_evaluate: received 2 results and 0 failures
[2024-09-11 17:22:50,425][flwr][INFO] - 
[2024-09-11 17:22:50,425][flwr][INFO] - [ROUND 3]
[2024-09-11 17:22:50,425][flwr][INFO] - configure_fit: strategy sampled 5 clients (out of 50)
[2024-09-11 17:22:53,673][flwr][INFO] - aggregate_fit: received 5 results and 0 failures
[2024-09-11 17:23:00,392][flwr][INFO] - fit progress: (3, 99.51651003956795, {'accuracy': 0.6778719672610348}, 30.015048431698233)
[2024-09-11 17:23:00,393][flwr][INFO] - configure_evaluate: strategy sampled 2 clients (out of 50)
[2024-09-11 17:23:00,657][flwr][INFO] - aggregate_evaluate: received 2 results and 0 failures
[2024-09-11 17:23:00,657][flwr][INFO] - 
[2024-09-11 17:23:00,658][flwr][INFO] - [ROUND 4]
[2024-09-11 17:23:00,658][flwr][INFO] - configure_fit: strategy sampled 5 clients (out of 50)
[2024-09-11 17:23:03,872][flwr][INFO] - aggregate_fit: received 5 results and 0 failures
[2024-09-11 17:23:09,566][flwr][INFO] - fit progress: (4, 80.87192249298096, {'accuracy': 0.7424729611224788}, 39.18979137856513)
[2024-09-11 17:23:09,567][flwr][INFO] - configure_evaluate: strategy sampled 2 clients (out of 50)
[2024-09-11 17:23:09,950][flwr][INFO] - aggregate_evaluate: received 2 results and 0 failures
[2024-09-11 17:23:09,950][flwr][INFO] - 
[2024-09-11 17:23:09,950][flwr][INFO] - [ROUND 5]
[2024-09-11 17:23:09,951][flwr][INFO] - configure_fit: strategy sampled 5 clients (out of 50)
[2024-09-11 17:23:13,208][flwr][INFO] - aggregate_fit: received 5 results and 0 failures
[2024-09-11 17:23:19,347][flwr][INFO] - fit progress: (5, 50.539873756468296, {'accuracy': 0.8363051739257527}, 48.97026739967987)
[2024-09-11 17:23:19,347][flwr][INFO] - configure_evaluate: strategy sampled 2 clients (out of 50)
[2024-09-11 17:23:19,777][flwr][INFO] - aggregate_evaluate: received 2 results and 0 failures
[2024-09-11 17:23:19,777][flwr][INFO] - 
[2024-09-11 17:23:19,777][flwr][INFO] - [ROUND 6]
[2024-09-11 17:23:19,777][flwr][INFO] - configure_fit: strategy sampled 5 clients (out of 50)
[2024-09-11 17:23:22,881][flwr][INFO] - aggregate_fit: received 5 results and 0 failures
[2024-09-11 17:23:28,518][flwr][INFO] - fit progress: (6, 47.46856090426445, {'accuracy': 0.8485822858813212}, 58.1412768997252)
[2024-09-11 17:23:28,518][flwr][INFO] - configure_evaluate: strategy sampled 2 clients (out of 50)
[2024-09-11 17:23:28,859][flwr][INFO] - aggregate_evaluate: received 2 results and 0 failures
[2024-09-11 17:23:28,859][flwr][INFO] - 
[2024-09-11 17:23:28,859][flwr][INFO] - [ROUND 7]
[2024-09-11 17:23:28,860][flwr][INFO] - configure_fit: strategy sampled 5 clients (out of 50)
[2024-09-11 17:23:32,213][flwr][INFO] - aggregate_fit: received 5 results and 0 failures
[2024-09-11 17:23:37,887][flwr][INFO] - fit progress: (7, 33.99972837790847, {'accuracy': 0.8921368021046477}, 67.51029755175114)
[2024-09-11 17:23:37,887][flwr][INFO] - configure_evaluate: strategy sampled 2 clients (out of 50)
[2024-09-11 17:23:38,145][flwr][INFO] - aggregate_evaluate: received 2 results and 0 failures
[2024-09-11 17:23:38,145][flwr][INFO] - 
[2024-09-11 17:23:38,145][flwr][INFO] - [ROUND 8]
[2024-09-11 17:23:38,145][flwr][INFO] - configure_fit: strategy sampled 5 clients (out of 50)
[2024-09-11 17:23:41,591][flwr][INFO] - aggregate_fit: received 5 results and 0 failures
[2024-09-11 17:23:47,238][flwr][INFO] - fit progress: (8, 41.07530200853944, {'accuracy': 0.8760596316866414}, 76.86126722255722)
[2024-09-11 17:23:47,238][flwr][INFO] - configure_evaluate: strategy sampled 2 clients (out of 50)
[2024-09-11 17:23:47,505][flwr][INFO] - aggregate_evaluate: received 2 results and 0 failures
[2024-09-11 17:23:47,506][flwr][INFO] - 
[2024-09-11 17:23:47,506][flwr][INFO] - [ROUND 9]
[2024-09-11 17:23:47,506][flwr][INFO] - configure_fit: strategy sampled 5 clients (out of 50)
[2024-09-11 17:23:50,728][flwr][INFO] - aggregate_fit: received 5 results and 0 failures
[2024-09-11 17:23:56,471][flwr][INFO] - fit progress: (9, 47.29607390984893, {'accuracy': 0.8558900906167787}, 86.09432307863608)
[2024-09-11 17:23:56,471][flwr][INFO] - configure_evaluate: strategy sampled 2 clients (out of 50)
[2024-09-11 17:23:56,725][flwr][INFO] - aggregate_evaluate: received 2 results and 0 failures
[2024-09-11 17:23:56,725][flwr][INFO] - 
[2024-09-11 17:23:56,725][flwr][INFO] - [ROUND 10]
[2024-09-11 17:23:56,725][flwr][INFO] - configure_fit: strategy sampled 5 clients (out of 50)
[2024-09-11 17:23:59,960][flwr][INFO] - aggregate_fit: received 5 results and 0 failures
[2024-09-11 17:24:05,341][flwr][INFO] - fit progress: (10, 76.15201903879642, {'accuracy': 0.7746273019584917}, 94.9639290207997)
[2024-09-11 17:24:05,341][flwr][INFO] - configure_evaluate: strategy sampled 2 clients (out of 50)
[2024-09-11 17:24:05,594][flwr][INFO] - aggregate_evaluate: received 2 results and 0 failures
[2024-09-11 17:24:05,594][flwr][INFO] - 
[2024-09-11 17:24:05,594][flwr][INFO] - [ROUND 11]
[2024-09-11 17:24:05,594][flwr][INFO] - configure_fit: strategy sampled 5 clients (out of 50)
[2024-09-11 17:24:08,606][flwr][INFO] - aggregate_fit: received 5 results and 0 failures
[2024-09-11 17:24:14,404][flwr][INFO] - fit progress: (11, 32.048612071201205, {'accuracy': 0.9023677287342882}, 104.02767476672307)
[2024-09-11 17:24:14,405][flwr][INFO] - configure_evaluate: strategy sampled 2 clients (out of 50)
[2024-09-11 17:24:14,666][flwr][INFO] - aggregate_evaluate: received 2 results and 0 failures
[2024-09-11 17:24:14,667][flwr][INFO] - 
[2024-09-11 17:24:14,667][flwr][INFO] - [ROUND 12]
[2024-09-11 17:24:14,667][flwr][INFO] - configure_fit: strategy sampled 5 clients (out of 50)
[2024-09-11 17:24:17,834][flwr][INFO] - aggregate_fit: received 5 results and 0 failures
[2024-09-11 17:24:23,145][flwr][INFO] - fit progress: (12, 47.82152193412185, {'accuracy': 0.8462437883659749}, 112.76848571188748)
[2024-09-11 17:24:23,145][flwr][INFO] - configure_evaluate: strategy sampled 2 clients (out of 50)
[2024-09-11 17:24:23,389][flwr][INFO] - aggregate_evaluate: received 2 results and 0 failures
[2024-09-11 17:24:23,389][flwr][INFO] - 
[2024-09-11 17:24:23,389][flwr][INFO] - [ROUND 13]
[2024-09-11 17:24:23,389][flwr][INFO] - configure_fit: strategy sampled 5 clients (out of 50)
[2024-09-11 17:24:26,567][flwr][INFO] - aggregate_fit: received 5 results and 0 failures
[2024-09-11 17:24:32,066][flwr][INFO] - fit progress: (13, 28.413440078496933, {'accuracy': 0.9114294066062555}, 121.6896167085506)
[2024-09-11 17:24:32,067][flwr][INFO] - configure_evaluate: strategy sampled 2 clients (out of 50)
[2024-09-11 17:24:32,325][flwr][INFO] - aggregate_evaluate: received 2 results and 0 failures
[2024-09-11 17:24:32,325][flwr][INFO] - 
[2024-09-11 17:24:32,325][flwr][INFO] - [ROUND 14]
[2024-09-11 17:24:32,325][flwr][INFO] - configure_fit: strategy sampled 5 clients (out of 50)
[2024-09-11 17:24:35,720][flwr][INFO] - aggregate_fit: received 5 results and 0 failures
[2024-09-11 17:24:41,755][flwr][INFO] - fit progress: (14, 39.462915584445, {'accuracy': 0.8851213095586086}, 131.37834437191486)
[2024-09-11 17:24:41,756][flwr][INFO] - configure_evaluate: strategy sampled 2 clients (out of 50)
[2024-09-11 17:24:41,989][flwr][INFO] - aggregate_evaluate: received 2 results and 0 failures
[2024-09-11 17:24:41,990][flwr][INFO] - 
[2024-09-11 17:24:41,990][flwr][INFO] - [ROUND 15]
[2024-09-11 17:24:41,990][flwr][INFO] - configure_fit: strategy sampled 5 clients (out of 50)
[2024-09-11 17:24:45,251][flwr][INFO] - aggregate_fit: received 5 results and 0 failures
[2024-09-11 17:24:50,732][flwr][INFO] - fit progress: (15, 32.1197372530587, {'accuracy': 0.9090909090909091}, 140.35554056288674)
[2024-09-11 17:24:50,733][flwr][INFO] - configure_evaluate: strategy sampled 2 clients (out of 50)
[2024-09-11 17:24:50,978][flwr][INFO] - aggregate_evaluate: received 2 results and 0 failures
[2024-09-11 17:24:50,978][flwr][INFO] - 
[2024-09-11 17:24:50,978][flwr][INFO] - [ROUND 16]
[2024-09-11 17:24:50,978][flwr][INFO] - configure_fit: strategy sampled 5 clients (out of 50)
[2024-09-11 17:24:54,146][flwr][INFO] - aggregate_fit: received 5 results and 0 failures
[2024-09-11 17:24:59,722][flwr][INFO] - fit progress: (16, 29.210659963078797, {'accuracy': 0.9163987138263665}, 149.34583059698343)
[2024-09-11 17:24:59,723][flwr][INFO] - configure_evaluate: strategy sampled 2 clients (out of 50)
[2024-09-11 17:24:59,974][flwr][INFO] - aggregate_evaluate: received 2 results and 0 failures
[2024-09-11 17:24:59,974][flwr][INFO] - 
[2024-09-11 17:24:59,974][flwr][INFO] - [ROUND 17]
[2024-09-11 17:24:59,974][flwr][INFO] - configure_fit: strategy sampled 5 clients (out of 50)
[2024-09-11 17:25:03,009][flwr][INFO] - aggregate_fit: received 5 results and 0 failures
[2024-09-11 17:25:08,924][flwr][INFO] - fit progress: (17, 26.575653847306967, {'accuracy': 0.9277988892136803}, 158.54706318397075)
[2024-09-11 17:25:08,924][flwr][INFO] - configure_evaluate: strategy sampled 2 clients (out of 50)
[2024-09-11 17:25:09,164][flwr][INFO] - aggregate_evaluate: received 2 results and 0 failures
[2024-09-11 17:25:09,164][flwr][INFO] - 
[2024-09-11 17:25:09,164][flwr][INFO] - [ROUND 18]
[2024-09-11 17:25:09,165][flwr][INFO] - configure_fit: strategy sampled 5 clients (out of 50)
[2024-09-11 17:25:12,559][flwr][INFO] - aggregate_fit: received 5 results and 0 failures
[2024-09-11 17:25:18,574][flwr][INFO] - fit progress: (18, 39.63199578598142, {'accuracy': 0.9017831043554516}, 168.19721674080938)
[2024-09-11 17:25:18,574][flwr][INFO] - configure_evaluate: strategy sampled 2 clients (out of 50)
[2024-09-11 17:25:18,860][flwr][INFO] - aggregate_evaluate: received 2 results and 0 failures
[2024-09-11 17:25:18,860][flwr][INFO] - 
[2024-09-11 17:25:18,860][flwr][INFO] - [ROUND 19]
[2024-09-11 17:25:18,860][flwr][INFO] - configure_fit: strategy sampled 5 clients (out of 50)
[2024-09-11 17:25:21,830][flwr][INFO] - aggregate_fit: received 5 results and 0 failures
[2024-09-11 17:25:27,703][flwr][INFO] - fit progress: (19, 30.44832783844322, {'accuracy': 0.9146448406898567}, 177.32628127466887)
[2024-09-11 17:25:27,703][flwr][INFO] - configure_evaluate: strategy sampled 2 clients (out of 50)
[2024-09-11 17:25:27,953][flwr][INFO] - aggregate_evaluate: received 2 results and 0 failures
[2024-09-11 17:25:27,954][flwr][INFO] - 
[2024-09-11 17:25:27,954][flwr][INFO] - [ROUND 20]
[2024-09-11 17:25:27,954][flwr][INFO] - configure_fit: strategy sampled 5 clients (out of 50)
[2024-09-11 17:25:31,251][flwr][INFO] - aggregate_fit: received 5 results and 0 failures
[2024-09-11 17:25:36,942][flwr][INFO] - fit progress: (20, 30.59733508527279, {'accuracy': 0.912014030985092}, 186.5650075878948)
[2024-09-11 17:25:36,942][flwr][INFO] - configure_evaluate: strategy sampled 2 clients (out of 50)
[2024-09-11 17:25:37,171][flwr][INFO] - aggregate_evaluate: received 2 results and 0 failures
[2024-09-11 17:25:37,172][flwr][INFO] - 
[2024-09-11 17:25:37,172][flwr][INFO] - [ROUND 21]
[2024-09-11 17:25:37,172][flwr][INFO] - configure_fit: strategy sampled 5 clients (out of 50)
[2024-09-11 17:25:40,427][flwr][INFO] - aggregate_fit: received 5 results and 0 failures
[2024-09-11 17:25:45,836][flwr][INFO] - fit progress: (21, 31.676213789731264, {'accuracy': 0.9131832797427653}, 195.45956929260865)
[2024-09-11 17:25:45,837][flwr][INFO] - configure_evaluate: strategy sampled 2 clients (out of 50)
[2024-09-11 17:25:46,087][flwr][INFO] - aggregate_evaluate: received 2 results and 0 failures
[2024-09-11 17:25:46,087][flwr][INFO] - 
[2024-09-11 17:25:46,087][flwr][INFO] - [ROUND 22]
[2024-09-11 17:25:46,087][flwr][INFO] - configure_fit: strategy sampled 5 clients (out of 50)
[2024-09-11 17:25:49,242][flwr][INFO] - aggregate_fit: received 5 results and 0 failures
[2024-09-11 17:25:54,795][flwr][INFO] - fit progress: (22, 29.79953828919679, {'accuracy': 0.9225372698041509}, 204.4185003065504)
[2024-09-11 17:25:54,795][flwr][INFO] - configure_evaluate: strategy sampled 2 clients (out of 50)
[2024-09-11 17:25:55,039][flwr][INFO] - aggregate_evaluate: received 2 results and 0 failures
[2024-09-11 17:25:55,039][flwr][INFO] - 
[2024-09-11 17:25:55,039][flwr][INFO] - [ROUND 23]
[2024-09-11 17:25:55,039][flwr][INFO] - configure_fit: strategy sampled 5 clients (out of 50)
[2024-09-11 17:25:58,035][flwr][INFO] - aggregate_fit: received 5 results and 0 failures
[2024-09-11 17:26:03,601][flwr][INFO] - fit progress: (23, 55.99737376719713, {'accuracy': 0.8608593978368898}, 213.22466314863414)
[2024-09-11 17:26:03,602][flwr][INFO] - configure_evaluate: strategy sampled 2 clients (out of 50)
[2024-09-11 17:26:03,857][flwr][INFO] - aggregate_evaluate: received 2 results and 0 failures
[2024-09-11 17:26:03,857][flwr][INFO] - 
[2024-09-11 17:26:03,857][flwr][INFO] - [ROUND 24]
[2024-09-11 17:26:03,857][flwr][INFO] - configure_fit: strategy sampled 5 clients (out of 50)
[2024-09-11 17:26:06,998][flwr][INFO] - aggregate_fit: received 5 results and 0 failures
[2024-09-11 17:26:12,411][flwr][INFO] - fit progress: (24, 36.79777945950627, {'accuracy': 0.8971061093247589}, 222.0341544286348)
[2024-09-11 17:26:12,411][flwr][INFO] - configure_evaluate: strategy sampled 2 clients (out of 50)
[2024-09-11 17:26:12,712][flwr][INFO] - aggregate_evaluate: received 2 results and 0 failures
[2024-09-11 17:26:12,713][flwr][INFO] - 
[2024-09-11 17:26:12,713][flwr][INFO] - [ROUND 25]
[2024-09-11 17:26:12,713][flwr][INFO] - configure_fit: strategy sampled 5 clients (out of 50)
[2024-09-11 17:26:15,881][flwr][INFO] - aggregate_fit: received 5 results and 0 failures
[2024-09-11 17:26:22,024][flwr][INFO] - fit progress: (25, 53.484567023813725, {'accuracy': 0.8500438468284127}, 231.64766157977283)
[2024-09-11 17:26:22,025][flwr][INFO] - configure_evaluate: strategy sampled 2 clients (out of 50)
[2024-09-11 17:26:22,267][flwr][INFO] - aggregate_evaluate: received 2 results and 0 failures
[2024-09-11 17:26:22,267][flwr][INFO] - 
[2024-09-11 17:26:22,267][flwr][INFO] - [ROUND 26]
[2024-09-11 17:26:22,267][flwr][INFO] - configure_fit: strategy sampled 5 clients (out of 50)
[2024-09-11 17:26:25,394][flwr][INFO] - aggregate_fit: received 5 results and 0 failures
[2024-09-11 17:26:30,545][flwr][INFO] - fit progress: (26, 23.146482875570655, {'accuracy': 0.9397836889798304}, 240.16801944654435)
[2024-09-11 17:26:30,545][flwr][INFO] - configure_evaluate: strategy sampled 2 clients (out of 50)
[2024-09-11 17:26:30,790][flwr][INFO] - aggregate_evaluate: received 2 results and 0 failures
[2024-09-11 17:26:30,790][flwr][INFO] - 
[2024-09-11 17:26:30,790][flwr][INFO] - [ROUND 27]
[2024-09-11 17:26:30,790][flwr][INFO] - configure_fit: strategy sampled 5 clients (out of 50)
[2024-09-11 17:26:33,967][flwr][INFO] - aggregate_fit: received 5 results and 0 failures
[2024-09-11 17:26:40,118][flwr][INFO] - fit progress: (27, 53.141633089631796, {'accuracy': 0.8561824028061971}, 249.74173282366246)
[2024-09-11 17:26:40,119][flwr][INFO] - configure_evaluate: strategy sampled 2 clients (out of 50)
[2024-09-11 17:26:40,366][flwr][INFO] - aggregate_evaluate: received 2 results and 0 failures
[2024-09-11 17:26:40,366][flwr][INFO] - 
[2024-09-11 17:26:40,366][flwr][INFO] - [ROUND 28]
[2024-09-11 17:26:40,366][flwr][INFO] - configure_fit: strategy sampled 5 clients (out of 50)
[2024-09-11 17:26:43,653][flwr][INFO] - aggregate_fit: received 5 results and 0 failures
[2024-09-11 17:26:49,141][flwr][INFO] - fit progress: (28, 30.009945278055966, {'accuracy': 0.9248757673194973}, 258.7641107356176)
[2024-09-11 17:26:49,141][flwr][INFO] - configure_evaluate: strategy sampled 2 clients (out of 50)
[2024-09-11 17:26:49,435][flwr][INFO] - aggregate_evaluate: received 2 results and 0 failures
[2024-09-11 17:26:49,435][flwr][INFO] - 
[2024-09-11 17:26:49,435][flwr][INFO] - [ROUND 29]
[2024-09-11 17:26:49,435][flwr][INFO] - configure_fit: strategy sampled 5 clients (out of 50)
[2024-09-11 17:26:52,495][flwr][INFO] - aggregate_fit: received 5 results and 0 failures
[2024-09-11 17:26:57,863][flwr][INFO] - fit progress: (29, 51.3491951841861, {'accuracy': 0.8725518854136217}, 267.48612366290763)
[2024-09-11 17:26:57,863][flwr][INFO] - configure_evaluate: strategy sampled 2 clients (out of 50)
[2024-09-11 17:26:58,117][flwr][INFO] - aggregate_evaluate: received 2 results and 0 failures
[2024-09-11 17:26:58,117][flwr][INFO] - 
[2024-09-11 17:26:58,117][flwr][INFO] - [ROUND 30]
[2024-09-11 17:26:58,117][flwr][INFO] - configure_fit: strategy sampled 5 clients (out of 50)
[2024-09-11 17:27:01,360][flwr][INFO] - aggregate_fit: received 5 results and 0 failures
[2024-09-11 17:27:06,470][flwr][INFO] - fit progress: (30, 35.076634453609586, {'accuracy': 0.9029523531131248}, 276.093748352956)
[2024-09-11 17:27:06,471][flwr][INFO] - configure_evaluate: strategy sampled 2 clients (out of 50)
[2024-09-11 17:27:06,716][flwr][INFO] - aggregate_evaluate: received 2 results and 0 failures
[2024-09-11 17:27:06,716][flwr][INFO] - 
[2024-09-11 17:27:06,717][flwr][INFO] - [ROUND 31]
[2024-09-11 17:27:06,717][flwr][INFO] - configure_fit: strategy sampled 5 clients (out of 50)
[2024-09-11 17:27:09,896][flwr][INFO] - aggregate_fit: received 5 results and 0 failures
[2024-09-11 17:27:14,811][flwr][INFO] - fit progress: (31, 40.3390335328877, {'accuracy': 0.8959368605670857}, 284.4346850155853)
[2024-09-11 17:27:14,812][flwr][INFO] - configure_evaluate: strategy sampled 2 clients (out of 50)
[2024-09-11 17:27:15,106][flwr][INFO] - aggregate_evaluate: received 2 results and 0 failures
[2024-09-11 17:27:15,106][flwr][INFO] - 
[2024-09-11 17:27:15,106][flwr][INFO] - [ROUND 32]
[2024-09-11 17:27:15,106][flwr][INFO] - configure_fit: strategy sampled 5 clients (out of 50)
[2024-09-11 17:27:18,108][flwr][INFO] - aggregate_fit: received 5 results and 0 failures
[2024-09-11 17:27:23,016][flwr][INFO] - fit progress: (32, 25.773951422423124, {'accuracy': 0.9348143817597194}, 292.63890243694186)
[2024-09-11 17:27:23,017][flwr][INFO] - configure_evaluate: strategy sampled 2 clients (out of 50)
[2024-09-11 17:27:23,295][flwr][INFO] - aggregate_evaluate: received 2 results and 0 failures
[2024-09-11 17:27:23,295][flwr][INFO] - 
[2024-09-11 17:27:23,295][flwr][INFO] - [ROUND 33]
[2024-09-11 17:27:23,295][flwr][INFO] - configure_fit: strategy sampled 5 clients (out of 50)
[2024-09-11 17:27:26,458][flwr][INFO] - aggregate_fit: received 5 results and 0 failures
[2024-09-11 17:27:31,356][flwr][INFO] - fit progress: (33, 28.226182259619236, {'accuracy': 0.9260450160771704}, 300.9792724805884)
[2024-09-11 17:27:31,357][flwr][INFO] - configure_evaluate: strategy sampled 2 clients (out of 50)
[2024-09-11 17:27:31,622][flwr][INFO] - aggregate_evaluate: received 2 results and 0 failures
[2024-09-11 17:27:31,623][flwr][INFO] - 
[2024-09-11 17:27:31,623][flwr][INFO] - [ROUND 34]
[2024-09-11 17:27:31,623][flwr][INFO] - configure_fit: strategy sampled 5 clients (out of 50)
[2024-09-11 17:27:35,098][flwr][INFO] - aggregate_fit: received 5 results and 0 failures
[2024-09-11 17:27:40,417][flwr][INFO] - fit progress: (34, 23.984423548914492, {'accuracy': 0.9424144986845951}, 310.04004952777177)
[2024-09-11 17:27:40,417][flwr][INFO] - configure_evaluate: strategy sampled 2 clients (out of 50)
[2024-09-11 17:27:40,662][flwr][INFO] - aggregate_evaluate: received 2 results and 0 failures
[2024-09-11 17:27:40,662][flwr][INFO] - 
[2024-09-11 17:27:40,663][flwr][INFO] - [ROUND 35]
[2024-09-11 17:27:40,663][flwr][INFO] - configure_fit: strategy sampled 5 clients (out of 50)
[2024-09-11 17:27:43,813][flwr][INFO] - aggregate_fit: received 5 results and 0 failures
[2024-09-11 17:27:48,824][flwr][INFO] - fit progress: (35, 44.60604146961123, {'accuracy': 0.9047062262496346}, 318.4477882878855)
[2024-09-11 17:27:48,825][flwr][INFO] - configure_evaluate: strategy sampled 2 clients (out of 50)
[2024-09-11 17:27:49,082][flwr][INFO] - aggregate_evaluate: received 2 results and 0 failures
[2024-09-11 17:27:49,083][flwr][INFO] - 
[2024-09-11 17:27:49,083][flwr][INFO] - [ROUND 36]
[2024-09-11 17:27:49,083][flwr][INFO] - configure_fit: strategy sampled 5 clients (out of 50)
[2024-09-11 17:27:52,089][flwr][INFO] - aggregate_fit: received 5 results and 0 failures
[2024-09-11 17:27:57,200][flwr][INFO] - fit progress: (36, 40.55627613328397, {'accuracy': 0.9067524115755627}, 326.822895148769)
[2024-09-11 17:27:57,200][flwr][INFO] - configure_evaluate: strategy sampled 2 clients (out of 50)
[2024-09-11 17:27:57,450][flwr][INFO] - aggregate_evaluate: received 2 results and 0 failures
[2024-09-11 17:27:57,451][flwr][INFO] - 
[2024-09-11 17:27:57,451][flwr][INFO] - [ROUND 37]
[2024-09-11 17:27:57,451][flwr][INFO] - configure_fit: strategy sampled 5 clients (out of 50)
[2024-09-11 17:28:00,741][flwr][INFO] - aggregate_fit: received 5 results and 0 failures
[2024-09-11 17:28:05,917][flwr][INFO] - fit progress: (37, 22.997325006872416, {'accuracy': 0.9351066939491377}, 335.5405981289223)
[2024-09-11 17:28:05,918][flwr][INFO] - configure_evaluate: strategy sampled 2 clients (out of 50)
[2024-09-11 17:28:06,183][flwr][INFO] - aggregate_evaluate: received 2 results and 0 failures
[2024-09-11 17:28:06,183][flwr][INFO] - 
[2024-09-11 17:28:06,183][flwr][INFO] - [ROUND 38]
[2024-09-11 17:28:06,183][flwr][INFO] - configure_fit: strategy sampled 5 clients (out of 50)
[2024-09-11 17:28:09,407][flwr][INFO] - aggregate_fit: received 5 results and 0 failures
[2024-09-11 17:28:14,484][flwr][INFO] - fit progress: (38, 25.8129440844059, {'accuracy': 0.9327681964337913}, 344.10768247488886)
[2024-09-11 17:28:14,485][flwr][INFO] - configure_evaluate: strategy sampled 2 clients (out of 50)
[2024-09-11 17:28:14,734][flwr][INFO] - aggregate_evaluate: received 2 results and 0 failures
[2024-09-11 17:28:14,735][flwr][INFO] - 
[2024-09-11 17:28:14,735][flwr][INFO] - [ROUND 39]
[2024-09-11 17:28:14,735][flwr][INFO] - configure_fit: strategy sampled 5 clients (out of 50)
[2024-09-11 17:28:17,953][flwr][INFO] - aggregate_fit: received 5 results and 0 failures
[2024-09-11 17:28:22,858][flwr][INFO] - fit progress: (39, 33.578455347102135, {'accuracy': 0.9228295819935691}, 352.4815908255987)
[2024-09-11 17:28:22,859][flwr][INFO] - configure_evaluate: strategy sampled 2 clients (out of 50)
[2024-09-11 17:28:23,122][flwr][INFO] - aggregate_evaluate: received 2 results and 0 failures
[2024-09-11 17:28:23,122][flwr][INFO] - 
[2024-09-11 17:28:23,122][flwr][INFO] - [ROUND 40]
[2024-09-11 17:28:23,122][flwr][INFO] - configure_fit: strategy sampled 5 clients (out of 50)
[2024-09-11 17:28:26,336][flwr][INFO] - aggregate_fit: received 5 results and 0 failures
[2024-09-11 17:28:31,143][flwr][INFO] - fit progress: (40, 78.05007524881512, {'accuracy': 0.8251973107278574}, 360.76649364456534)
[2024-09-11 17:28:31,144][flwr][INFO] - configure_evaluate: strategy sampled 2 clients (out of 50)
[2024-09-11 17:28:31,747][flwr][INFO] - aggregate_evaluate: received 2 results and 0 failures
[2024-09-11 17:28:31,748][flwr][INFO] - 
[2024-09-11 17:28:31,748][flwr][INFO] - [ROUND 41]
[2024-09-11 17:28:31,748][flwr][INFO] - configure_fit: strategy sampled 5 clients (out of 50)
[2024-09-11 17:28:35,016][flwr][INFO] - aggregate_fit: received 5 results and 0 failures
[2024-09-11 17:28:40,702][flwr][INFO] - fit progress: (41, 32.16433162934845, {'accuracy': 0.9163987138263665}, 370.3249306716025)
[2024-09-11 17:28:40,702][flwr][INFO] - configure_evaluate: strategy sampled 2 clients (out of 50)
[2024-09-11 17:28:40,965][flwr][INFO] - aggregate_evaluate: received 2 results and 0 failures
[2024-09-11 17:28:40,965][flwr][INFO] - 
[2024-09-11 17:28:40,965][flwr][INFO] - [ROUND 42]
[2024-09-11 17:28:40,966][flwr][INFO] - configure_fit: strategy sampled 5 clients (out of 50)
[2024-09-11 17:28:44,086][flwr][INFO] - aggregate_fit: received 5 results and 0 failures
[2024-09-11 17:28:49,951][flwr][INFO] - fit progress: (42, 25.768483649662812, {'accuracy': 0.9365682548962292}, 379.57416921760887)
[2024-09-11 17:28:49,951][flwr][INFO] - configure_evaluate: strategy sampled 2 clients (out of 50)
[2024-09-11 17:28:50,199][flwr][INFO] - aggregate_evaluate: received 2 results and 0 failures
[2024-09-11 17:28:50,200][flwr][INFO] - 
[2024-09-11 17:28:50,200][flwr][INFO] - [ROUND 43]
[2024-09-11 17:28:50,200][flwr][INFO] - configure_fit: strategy sampled 5 clients (out of 50)
[2024-09-11 17:28:53,162][flwr][INFO] - aggregate_fit: received 5 results and 0 failures
[2024-09-11 17:28:58,499][flwr][INFO] - fit progress: (43, 50.26511500310153, {'accuracy': 0.9014907921660333}, 388.1221800567582)
[2024-09-11 17:28:58,499][flwr][INFO] - configure_evaluate: strategy sampled 2 clients (out of 50)
[2024-09-11 17:28:58,740][flwr][INFO] - aggregate_evaluate: received 2 results and 0 failures
[2024-09-11 17:28:58,740][flwr][INFO] - 
[2024-09-11 17:28:58,740][flwr][INFO] - [ROUND 44]
[2024-09-11 17:28:58,740][flwr][INFO] - configure_fit: strategy sampled 5 clients (out of 50)
[2024-09-11 17:29:02,055][flwr][INFO] - aggregate_fit: received 5 results and 0 failures
[2024-09-11 17:29:06,837][flwr][INFO] - fit progress: (44, 30.27679747075308, {'accuracy': 0.9409529377375037}, 396.4602003218606)
[2024-09-11 17:29:06,837][flwr][INFO] - configure_evaluate: strategy sampled 2 clients (out of 50)
[2024-09-11 17:29:07,285][flwr][INFO] - aggregate_evaluate: received 2 results and 0 failures
[2024-09-11 17:29:07,285][flwr][INFO] - 
[2024-09-11 17:29:07,285][flwr][INFO] - [ROUND 45]
[2024-09-11 17:29:07,285][flwr][INFO] - configure_fit: strategy sampled 5 clients (out of 50)
[2024-09-11 17:29:10,573][flwr][INFO] - aggregate_fit: received 5 results and 0 failures
[2024-09-11 17:29:15,421][flwr][INFO] - fit progress: (45, 53.61072934232652, {'accuracy': 0.9011984799766151}, 405.0444595669396)
[2024-09-11 17:29:15,422][flwr][INFO] - configure_evaluate: strategy sampled 2 clients (out of 50)
[2024-09-11 17:29:15,704][flwr][INFO] - aggregate_evaluate: received 2 results and 0 failures
[2024-09-11 17:29:15,705][flwr][INFO] - 
[2024-09-11 17:29:15,705][flwr][INFO] - [ROUND 46]
[2024-09-11 17:29:15,705][flwr][INFO] - configure_fit: strategy sampled 5 clients (out of 50)
[2024-09-11 17:29:18,890][flwr][INFO] - aggregate_fit: received 5 results and 0 failures
[2024-09-11 17:29:23,755][flwr][INFO] - fit progress: (46, 67.62171776185278, {'accuracy': 0.8766442560654779}, 413.3784073749557)
[2024-09-11 17:29:23,755][flwr][INFO] - configure_evaluate: strategy sampled 2 clients (out of 50)
[2024-09-11 17:29:24,006][flwr][INFO] - aggregate_evaluate: received 2 results and 0 failures
[2024-09-11 17:29:24,006][flwr][INFO] - 
[2024-09-11 17:29:24,007][flwr][INFO] - [ROUND 47]
[2024-09-11 17:29:24,007][flwr][INFO] - configure_fit: strategy sampled 5 clients (out of 50)
[2024-09-11 17:29:27,269][flwr][INFO] - aggregate_fit: received 5 results and 0 failures
[2024-09-11 17:29:32,173][flwr][INFO] - fit progress: (47, 38.270569815300405, {'accuracy': 0.9193218357205496}, 421.7966213868931)
[2024-09-11 17:29:32,174][flwr][INFO] - configure_evaluate: strategy sampled 2 clients (out of 50)
[2024-09-11 17:29:32,451][flwr][INFO] - aggregate_evaluate: received 2 results and 0 failures
[2024-09-11 17:29:32,451][flwr][INFO] - 
[2024-09-11 17:29:32,451][flwr][INFO] - [ROUND 48]
[2024-09-11 17:29:32,451][flwr][INFO] - configure_fit: strategy sampled 5 clients (out of 50)
[2024-09-11 17:29:35,643][flwr][INFO] - aggregate_fit: received 5 results and 0 failures
[2024-09-11 17:29:40,518][flwr][INFO] - fit progress: (48, 30.04590855818242, {'accuracy': 0.9307220111078632}, 430.14102760795504)
[2024-09-11 17:29:40,518][flwr][INFO] - configure_evaluate: strategy sampled 2 clients (out of 50)
[2024-09-11 17:29:40,772][flwr][INFO] - aggregate_evaluate: received 2 results and 0 failures
[2024-09-11 17:29:40,772][flwr][INFO] - 
[2024-09-11 17:29:40,773][flwr][INFO] - [ROUND 49]
[2024-09-11 17:29:40,773][flwr][INFO] - configure_fit: strategy sampled 5 clients (out of 50)
[2024-09-11 17:29:43,995][flwr][INFO] - aggregate_fit: received 5 results and 0 failures
[2024-09-11 17:29:48,663][flwr][INFO] - fit progress: (49, 29.609226198401302, {'accuracy': 0.9289681379713534}, 438.2860703766346)
[2024-09-11 17:29:48,663][flwr][INFO] - configure_evaluate: strategy sampled 2 clients (out of 50)
[2024-09-11 17:29:49,115][flwr][INFO] - aggregate_evaluate: received 2 results and 0 failures
[2024-09-11 17:29:49,115][flwr][INFO] - 
[2024-09-11 17:29:49,115][flwr][INFO] - [ROUND 50]
[2024-09-11 17:29:49,115][flwr][INFO] - configure_fit: strategy sampled 5 clients (out of 50)
[2024-09-11 17:29:52,437][flwr][INFO] - aggregate_fit: received 5 results and 0 failures
[2024-09-11 17:29:57,636][flwr][INFO] - fit progress: (50, 42.60034994920716, {'accuracy': 0.9061677871967261}, 447.2591282618232)
[2024-09-11 17:29:57,636][flwr][INFO] - configure_evaluate: strategy sampled 2 clients (out of 50)
[2024-09-11 17:29:57,891][flwr][INFO] - aggregate_evaluate: received 2 results and 0 failures
[2024-09-11 17:29:57,891][flwr][INFO] - 
[2024-09-11 17:29:57,891][flwr][INFO] - [ROUND 51]
[2024-09-11 17:29:57,891][flwr][INFO] - configure_fit: strategy sampled 5 clients (out of 50)
[2024-09-11 17:30:01,056][flwr][INFO] - aggregate_fit: received 5 results and 0 failures
[2024-09-11 17:30:06,022][flwr][INFO] - fit progress: (51, 33.05033395270584, {'accuracy': 0.9228295819935691}, 455.6453183949925)
[2024-09-11 17:30:06,022][flwr][INFO] - configure_evaluate: strategy sampled 2 clients (out of 50)
[2024-09-11 17:30:06,288][flwr][INFO] - aggregate_evaluate: received 2 results and 0 failures
[2024-09-11 17:30:06,288][flwr][INFO] - 
[2024-09-11 17:30:06,288][flwr][INFO] - [ROUND 52]
[2024-09-11 17:30:06,288][flwr][INFO] - configure_fit: strategy sampled 5 clients (out of 50)
[2024-09-11 17:30:09,406][flwr][INFO] - aggregate_fit: received 5 results and 0 failures
[2024-09-11 17:30:14,167][flwr][INFO] - fit progress: (52, 42.90015039080754, {'accuracy': 0.9123063431745104}, 463.79042899468914)
[2024-09-11 17:30:14,167][flwr][INFO] - configure_evaluate: strategy sampled 2 clients (out of 50)
[2024-09-11 17:30:14,416][flwr][INFO] - aggregate_evaluate: received 2 results and 0 failures
[2024-09-11 17:30:14,416][flwr][INFO] - 
[2024-09-11 17:30:14,416][flwr][INFO] - [ROUND 53]
[2024-09-11 17:30:14,417][flwr][INFO] - configure_fit: strategy sampled 5 clients (out of 50)
[2024-09-11 17:30:17,636][flwr][INFO] - aggregate_fit: received 5 results and 0 failures
[2024-09-11 17:30:22,611][flwr][INFO] - fit progress: (53, 40.58080914663151, {'accuracy': 0.9166910260157849}, 472.23431040067226)
[2024-09-11 17:30:22,611][flwr][INFO] - configure_evaluate: strategy sampled 2 clients (out of 50)
[2024-09-11 17:30:22,859][flwr][INFO] - aggregate_evaluate: received 2 results and 0 failures
[2024-09-11 17:30:22,860][flwr][INFO] - 
[2024-09-11 17:30:22,860][flwr][INFO] - [ROUND 54]
[2024-09-11 17:30:22,860][flwr][INFO] - configure_fit: strategy sampled 5 clients (out of 50)
[2024-09-11 17:30:26,142][flwr][INFO] - aggregate_fit: received 5 results and 0 failures
[2024-09-11 17:30:31,694][flwr][INFO] - fit progress: (54, 34.55136820534244, {'accuracy': 0.9286758257819351}, 481.31765948375687)
[2024-09-11 17:30:31,695][flwr][INFO] - configure_evaluate: strategy sampled 2 clients (out of 50)
[2024-09-11 17:30:31,958][flwr][INFO] - aggregate_evaluate: received 2 results and 0 failures
[2024-09-11 17:30:31,958][flwr][INFO] - 
[2024-09-11 17:30:31,958][flwr][INFO] - [ROUND 55]
[2024-09-11 17:30:31,959][flwr][INFO] - configure_fit: strategy sampled 5 clients (out of 50)
[2024-09-11 17:30:35,236][flwr][INFO] - aggregate_fit: received 5 results and 0 failures
[2024-09-11 17:30:40,746][flwr][INFO] - fit progress: (55, 43.967677406035364, {'accuracy': 0.9140602163110202}, 490.36954683763906)
[2024-09-11 17:30:40,747][flwr][INFO] - configure_evaluate: strategy sampled 2 clients (out of 50)
[2024-09-11 17:30:40,994][flwr][INFO] - aggregate_evaluate: received 2 results and 0 failures
[2024-09-11 17:30:40,994][flwr][INFO] - 
[2024-09-11 17:30:40,995][flwr][INFO] - [ROUND 56]
[2024-09-11 17:30:40,995][flwr][INFO] - configure_fit: strategy sampled 5 clients (out of 50)
[2024-09-11 17:30:44,319][flwr][INFO] - aggregate_fit: received 5 results and 0 failures
[2024-09-11 17:30:49,297][flwr][INFO] - fit progress: (56, 34.57262679291307, {'accuracy': 0.9315989476761181}, 498.9206872046925)
[2024-09-11 17:30:49,298][flwr][INFO] - configure_evaluate: strategy sampled 2 clients (out of 50)
[2024-09-11 17:30:49,558][flwr][INFO] - aggregate_evaluate: received 2 results and 0 failures
[2024-09-11 17:30:49,559][flwr][INFO] - 
[2024-09-11 17:30:49,559][flwr][INFO] - [ROUND 57]
[2024-09-11 17:30:49,559][flwr][INFO] - configure_fit: strategy sampled 5 clients (out of 50)
[2024-09-11 17:30:52,806][flwr][INFO] - aggregate_fit: received 5 results and 0 failures
[2024-09-11 17:30:57,831][flwr][INFO] - fit progress: (57, 32.88741453431794, {'accuracy': 0.9298450745396083}, 507.45445606298745)
[2024-09-11 17:30:57,831][flwr][INFO] - configure_evaluate: strategy sampled 2 clients (out of 50)
[2024-09-11 17:30:58,154][flwr][INFO] - aggregate_evaluate: received 2 results and 0 failures
[2024-09-11 17:30:58,154][flwr][INFO] - 
[2024-09-11 17:30:58,154][flwr][INFO] - [ROUND 58]
[2024-09-11 17:30:58,154][flwr][INFO] - configure_fit: strategy sampled 5 clients (out of 50)
[2024-09-11 17:31:01,396][flwr][INFO] - aggregate_fit: received 5 results and 0 failures
[2024-09-11 17:31:06,124][flwr][INFO] - fit progress: (58, 36.24827421258669, {'accuracy': 0.9318912598655364}, 515.747861226555)
[2024-09-11 17:31:06,125][flwr][INFO] - configure_evaluate: strategy sampled 2 clients (out of 50)
[2024-09-11 17:31:06,376][flwr][INFO] - aggregate_evaluate: received 2 results and 0 failures
[2024-09-11 17:31:06,376][flwr][INFO] - 
[2024-09-11 17:31:06,376][flwr][INFO] - [ROUND 59]
[2024-09-11 17:31:06,376][flwr][INFO] - configure_fit: strategy sampled 5 clients (out of 50)
[2024-09-11 17:31:10,001][flwr][INFO] - aggregate_fit: received 5 results and 0 failures
[2024-09-11 17:31:14,919][flwr][INFO] - fit progress: (59, 37.662282634355506, {'accuracy': 0.9269219526454253}, 524.5425617559813)
[2024-09-11 17:31:14,920][flwr][INFO] - configure_evaluate: strategy sampled 2 clients (out of 50)
[2024-09-11 17:31:15,168][flwr][INFO] - aggregate_evaluate: received 2 results and 0 failures
[2024-09-11 17:31:15,168][flwr][INFO] - 
[2024-09-11 17:31:15,168][flwr][INFO] - [ROUND 60]
[2024-09-11 17:31:15,169][flwr][INFO] - configure_fit: strategy sampled 5 clients (out of 50)
[2024-09-11 17:31:18,100][flwr][INFO] - aggregate_fit: received 5 results and 0 failures
[2024-09-11 17:31:22,952][flwr][INFO] - fit progress: (60, 29.825924280565232, {'accuracy': 0.9386144402221572}, 532.5751426676288)
[2024-09-11 17:31:22,952][flwr][INFO] - configure_evaluate: strategy sampled 2 clients (out of 50)
[2024-09-11 17:31:23,250][flwr][INFO] - aggregate_evaluate: received 2 results and 0 failures
[2024-09-11 17:31:23,250][flwr][INFO] - 
[2024-09-11 17:31:23,250][flwr][INFO] - [ROUND 61]
[2024-09-11 17:31:23,251][flwr][INFO] - configure_fit: strategy sampled 5 clients (out of 50)
[2024-09-11 17:31:26,496][flwr][INFO] - aggregate_fit: received 5 results and 0 failures
[2024-09-11 17:31:32,095][flwr][INFO] - fit progress: (61, 51.97897392610321, {'accuracy': 0.9131832797427653}, 541.7186084226705)
[2024-09-11 17:31:32,096][flwr][INFO] - configure_evaluate: strategy sampled 2 clients (out of 50)
[2024-09-11 17:31:32,446][flwr][INFO] - aggregate_evaluate: received 2 results and 0 failures
[2024-09-11 17:31:32,446][flwr][INFO] - 
[2024-09-11 17:31:32,446][flwr][INFO] - [ROUND 62]
[2024-09-11 17:31:32,447][flwr][INFO] - configure_fit: strategy sampled 5 clients (out of 50)
[2024-09-11 17:31:35,694][flwr][INFO] - aggregate_fit: received 5 results and 0 failures
[2024-09-11 17:31:40,772][flwr][INFO] - fit progress: (62, 55.15755496430211, {'accuracy': 0.9058754750073078}, 550.3955803378485)
[2024-09-11 17:31:40,773][flwr][INFO] - configure_evaluate: strategy sampled 2 clients (out of 50)
[2024-09-11 17:31:41,080][flwr][INFO] - aggregate_evaluate: received 2 results and 0 failures
[2024-09-11 17:31:41,080][flwr][INFO] - 
[2024-09-11 17:31:41,080][flwr][INFO] - [ROUND 63]
[2024-09-11 17:31:41,080][flwr][INFO] - configure_fit: strategy sampled 5 clients (out of 50)
[2024-09-11 17:31:44,026][flwr][INFO] - aggregate_fit: received 5 results and 0 failures
[2024-09-11 17:31:48,845][flwr][INFO] - fit progress: (63, 42.340331501793116, {'accuracy': 0.9263373282665888}, 558.4683039039373)
[2024-09-11 17:31:48,845][flwr][INFO] - configure_evaluate: strategy sampled 2 clients (out of 50)
[2024-09-11 17:31:49,147][flwr][INFO] - aggregate_evaluate: received 2 results and 0 failures
[2024-09-11 17:31:49,148][flwr][INFO] - 
[2024-09-11 17:31:49,148][flwr][INFO] - [ROUND 64]
[2024-09-11 17:31:49,148][flwr][INFO] - configure_fit: strategy sampled 5 clients (out of 50)
[2024-09-11 17:31:52,392][flwr][INFO] - aggregate_fit: received 5 results and 0 failures
[2024-09-11 17:31:57,509][flwr][INFO] - fit progress: (64, 46.06127103231847, {'accuracy': 0.91581408944753}, 567.1323258178309)
[2024-09-11 17:31:57,509][flwr][INFO] - configure_evaluate: strategy sampled 2 clients (out of 50)
[2024-09-11 17:31:57,814][flwr][INFO] - aggregate_evaluate: received 2 results and 0 failures
[2024-09-11 17:31:57,815][flwr][INFO] - 
[2024-09-11 17:31:57,815][flwr][INFO] - [ROUND 65]
[2024-09-11 17:31:57,815][flwr][INFO] - configure_fit: strategy sampled 5 clients (out of 50)
[2024-09-11 17:32:00,928][flwr][INFO] - aggregate_fit: received 5 results and 0 failures
[2024-09-11 17:32:05,599][flwr][INFO] - fit progress: (65, 44.59577499871375, {'accuracy': 0.9263373282665888}, 575.2220003437251)
[2024-09-11 17:32:05,599][flwr][INFO] - configure_evaluate: strategy sampled 2 clients (out of 50)
[2024-09-11 17:32:05,871][flwr][INFO] - aggregate_evaluate: received 2 results and 0 failures
[2024-09-11 17:32:05,871][flwr][INFO] - 
[2024-09-11 17:32:05,871][flwr][INFO] - [ROUND 66]
[2024-09-11 17:32:05,871][flwr][INFO] - configure_fit: strategy sampled 5 clients (out of 50)
[2024-09-11 17:32:09,076][flwr][INFO] - aggregate_fit: received 5 results and 0 failures
[2024-09-11 17:32:15,403][flwr][INFO] - fit progress: (66, 37.89656838476321, {'accuracy': 0.9327681964337913}, 585.0262625617906)
[2024-09-11 17:32:15,404][flwr][INFO] - configure_evaluate: strategy sampled 2 clients (out of 50)
[2024-09-11 17:32:15,654][flwr][INFO] - aggregate_evaluate: received 2 results and 0 failures
[2024-09-11 17:32:15,654][flwr][INFO] - 
[2024-09-11 17:32:15,654][flwr][INFO] - [ROUND 67]
[2024-09-11 17:32:15,654][flwr][INFO] - configure_fit: strategy sampled 5 clients (out of 50)
[2024-09-11 17:32:18,898][flwr][INFO] - aggregate_fit: received 5 results and 0 failures
[2024-09-11 17:32:24,801][flwr][INFO] - fit progress: (67, 46.08916100751958, {'accuracy': 0.9251680795089156}, 594.4243573956192)
[2024-09-11 17:32:24,801][flwr][INFO] - configure_evaluate: strategy sampled 2 clients (out of 50)
[2024-09-11 17:32:25,080][flwr][INFO] - aggregate_evaluate: received 2 results and 0 failures
[2024-09-11 17:32:25,080][flwr][INFO] - 
[2024-09-11 17:32:25,080][flwr][INFO] - [ROUND 68]
[2024-09-11 17:32:25,080][flwr][INFO] - configure_fit: strategy sampled 5 clients (out of 50)
[2024-09-11 17:32:28,416][flwr][INFO] - aggregate_fit: received 5 results and 0 failures
[2024-09-11 17:32:34,041][flwr][INFO] - fit progress: (68, 42.79244244098663, {'accuracy': 0.9140602163110202}, 603.663906424772)
[2024-09-11 17:32:34,041][flwr][INFO] - configure_evaluate: strategy sampled 2 clients (out of 50)
[2024-09-11 17:32:34,304][flwr][INFO] - aggregate_evaluate: received 2 results and 0 failures
[2024-09-11 17:32:34,304][flwr][INFO] - 
[2024-09-11 17:32:34,304][flwr][INFO] - [ROUND 69]
[2024-09-11 17:32:34,305][flwr][INFO] - configure_fit: strategy sampled 5 clients (out of 50)
[2024-09-11 17:32:37,336][flwr][INFO] - aggregate_fit: received 5 results and 0 failures
[2024-09-11 17:32:42,373][flwr][INFO] - fit progress: (69, 32.84964677307289, {'accuracy': 0.9362759427068109}, 611.996385958977)
[2024-09-11 17:32:42,374][flwr][INFO] - configure_evaluate: strategy sampled 2 clients (out of 50)
[2024-09-11 17:32:42,667][flwr][INFO] - aggregate_evaluate: received 2 results and 0 failures
[2024-09-11 17:32:42,667][flwr][INFO] - 
[2024-09-11 17:32:42,667][flwr][INFO] - [ROUND 70]
[2024-09-11 17:32:42,667][flwr][INFO] - configure_fit: strategy sampled 5 clients (out of 50)
[2024-09-11 17:32:45,803][flwr][INFO] - aggregate_fit: received 5 results and 0 failures
[2024-09-11 17:32:50,591][flwr][INFO] - fit progress: (70, 56.41871651506517, {'accuracy': 0.9076293481438176}, 620.2140584639274)
[2024-09-11 17:32:50,591][flwr][INFO] - configure_evaluate: strategy sampled 2 clients (out of 50)
[2024-09-11 17:32:50,850][flwr][INFO] - aggregate_evaluate: received 2 results and 0 failures
[2024-09-11 17:32:50,850][flwr][INFO] - 
[2024-09-11 17:32:50,850][flwr][INFO] - [ROUND 71]
[2024-09-11 17:32:50,850][flwr][INFO] - configure_fit: strategy sampled 5 clients (out of 50)
[2024-09-11 17:32:53,928][flwr][INFO] - aggregate_fit: received 5 results and 0 failures
[2024-09-11 17:32:59,916][flwr][INFO] - fit progress: (71, 32.27341736620292, {'accuracy': 0.9289681379713534}, 629.5391407948919)
[2024-09-11 17:32:59,916][flwr][INFO] - configure_evaluate: strategy sampled 2 clients (out of 50)
[2024-09-11 17:33:00,186][flwr][INFO] - aggregate_evaluate: received 2 results and 0 failures
[2024-09-11 17:33:00,186][flwr][INFO] - 
[2024-09-11 17:33:00,186][flwr][INFO] - [ROUND 72]
[2024-09-11 17:33:00,186][flwr][INFO] - configure_fit: strategy sampled 5 clients (out of 50)
[2024-09-11 17:33:03,596][flwr][INFO] - aggregate_fit: received 5 results and 0 failures
[2024-09-11 17:33:08,299][flwr][INFO] - fit progress: (72, 30.038668201945256, {'accuracy': 0.9406606255480854}, 637.9224186385982)
[2024-09-11 17:33:08,300][flwr][INFO] - configure_evaluate: strategy sampled 2 clients (out of 50)
[2024-09-11 17:33:08,550][flwr][INFO] - aggregate_evaluate: received 2 results and 0 failures
[2024-09-11 17:33:08,550][flwr][INFO] - 
[2024-09-11 17:33:08,550][flwr][INFO] - [ROUND 73]
[2024-09-11 17:33:08,550][flwr][INFO] - configure_fit: strategy sampled 5 clients (out of 50)
[2024-09-11 17:33:11,825][flwr][INFO] - aggregate_fit: received 5 results and 0 failures
[2024-09-11 17:33:16,479][flwr][INFO] - fit progress: (73, 33.94446852548572, {'accuracy': 0.9371528792750657}, 646.1018895348534)
[2024-09-11 17:33:16,479][flwr][INFO] - configure_evaluate: strategy sampled 2 clients (out of 50)
[2024-09-11 17:33:16,729][flwr][INFO] - aggregate_evaluate: received 2 results and 0 failures
[2024-09-11 17:33:16,729][flwr][INFO] - 
[2024-09-11 17:33:16,729][flwr][INFO] - [ROUND 74]
[2024-09-11 17:33:16,730][flwr][INFO] - configure_fit: strategy sampled 5 clients (out of 50)
[2024-09-11 17:33:19,714][flwr][INFO] - aggregate_fit: received 5 results and 0 failures
[2024-09-11 17:33:24,474][flwr][INFO] - fit progress: (74, 36.02858886987087, {'accuracy': 0.9321835720549547}, 654.0975870047696)
[2024-09-11 17:33:24,475][flwr][INFO] - configure_evaluate: strategy sampled 2 clients (out of 50)
[2024-09-11 17:33:24,738][flwr][INFO] - aggregate_evaluate: received 2 results and 0 failures
[2024-09-11 17:33:24,739][flwr][INFO] - 
[2024-09-11 17:33:24,739][flwr][INFO] - [ROUND 75]
[2024-09-11 17:33:24,739][flwr][INFO] - configure_fit: strategy sampled 5 clients (out of 50)
[2024-09-11 17:33:27,967][flwr][INFO] - aggregate_fit: received 5 results and 0 failures
[2024-09-11 17:33:33,536][flwr][INFO] - fit progress: (75, 36.71597806736827, {'accuracy': 0.9342297573808828}, 663.1592668336816)
[2024-09-11 17:33:33,536][flwr][INFO] - configure_evaluate: strategy sampled 2 clients (out of 50)
[2024-09-11 17:33:33,817][flwr][INFO] - aggregate_evaluate: received 2 results and 0 failures
[2024-09-11 17:33:33,817][flwr][INFO] - 
[2024-09-11 17:33:33,817][flwr][INFO] - [ROUND 76]
[2024-09-11 17:33:33,817][flwr][INFO] - configure_fit: strategy sampled 5 clients (out of 50)
[2024-09-11 17:33:36,778][flwr][INFO] - aggregate_fit: received 5 results and 0 failures
[2024-09-11 17:33:42,299][flwr][INFO] - fit progress: (76, 32.77792831639454, {'accuracy': 0.9412452499269219}, 671.9224736778997)
[2024-09-11 17:33:42,300][flwr][INFO] - configure_evaluate: strategy sampled 2 clients (out of 50)
[2024-09-11 17:33:42,584][flwr][INFO] - aggregate_evaluate: received 2 results and 0 failures
[2024-09-11 17:33:42,585][flwr][INFO] - 
[2024-09-11 17:33:42,585][flwr][INFO] - [ROUND 77]
[2024-09-11 17:33:42,585][flwr][INFO] - configure_fit: strategy sampled 5 clients (out of 50)
[2024-09-11 17:33:45,817][flwr][INFO] - aggregate_fit: received 5 results and 0 failures
[2024-09-11 17:33:50,810][flwr][INFO] - fit progress: (77, 39.74834481286052, {'accuracy': 0.9327681964337913}, 680.4337709108368)
[2024-09-11 17:33:50,811][flwr][INFO] - configure_evaluate: strategy sampled 2 clients (out of 50)
[2024-09-11 17:33:51,060][flwr][INFO] - aggregate_evaluate: received 2 results and 0 failures
[2024-09-11 17:33:51,061][flwr][INFO] - 
[2024-09-11 17:33:51,061][flwr][INFO] - [ROUND 78]
[2024-09-11 17:33:51,061][flwr][INFO] - configure_fit: strategy sampled 5 clients (out of 50)
[2024-09-11 17:33:54,416][flwr][INFO] - aggregate_fit: received 5 results and 0 failures
[2024-09-11 17:33:59,204][flwr][INFO] - fit progress: (78, 37.89747172468924, {'accuracy': 0.9248757673194973}, 688.8277531065978)
[2024-09-11 17:33:59,205][flwr][INFO] - configure_evaluate: strategy sampled 2 clients (out of 50)
[2024-09-11 17:33:59,474][flwr][INFO] - aggregate_evaluate: received 2 results and 0 failures
[2024-09-11 17:33:59,474][flwr][INFO] - 
[2024-09-11 17:33:59,475][flwr][INFO] - [ROUND 79]
[2024-09-11 17:33:59,475][flwr][INFO] - configure_fit: strategy sampled 5 clients (out of 50)
[2024-09-11 17:34:02,681][flwr][INFO] - aggregate_fit: received 5 results and 0 failures
[2024-09-11 17:34:07,531][flwr][INFO] - fit progress: (79, 31.438276296597905, {'accuracy': 0.9438760596316866}, 697.1544693456963)
[2024-09-11 17:34:07,531][flwr][INFO] - configure_evaluate: strategy sampled 2 clients (out of 50)
[2024-09-11 17:34:07,895][flwr][INFO] - aggregate_evaluate: received 2 results and 0 failures
[2024-09-11 17:34:07,895][flwr][INFO] - 
[2024-09-11 17:34:07,895][flwr][INFO] - [ROUND 80]
[2024-09-11 17:34:07,895][flwr][INFO] - configure_fit: strategy sampled 5 clients (out of 50)
[2024-09-11 17:34:11,148][flwr][INFO] - aggregate_fit: received 5 results and 0 failures
[2024-09-11 17:34:16,259][flwr][INFO] - fit progress: (80, 30.246026348351734, {'accuracy': 0.9400760011692487}, 705.882631837856)
[2024-09-11 17:34:16,260][flwr][INFO] - configure_evaluate: strategy sampled 2 clients (out of 50)
[2024-09-11 17:34:16,546][flwr][INFO] - aggregate_evaluate: received 2 results and 0 failures
[2024-09-11 17:34:16,547][flwr][INFO] - 
[2024-09-11 17:34:16,547][flwr][INFO] - [ROUND 81]
[2024-09-11 17:34:16,547][flwr][INFO] - configure_fit: strategy sampled 5 clients (out of 50)
[2024-09-11 17:34:19,762][flwr][INFO] - aggregate_fit: received 5 results and 0 failures
[2024-09-11 17:34:24,530][flwr][INFO] - fit progress: (81, 35.07983256038278, {'accuracy': 0.9386144402221572}, 714.153474051971)
[2024-09-11 17:34:24,530][flwr][INFO] - configure_evaluate: strategy sampled 2 clients (out of 50)
[2024-09-11 17:34:24,788][flwr][INFO] - aggregate_evaluate: received 2 results and 0 failures
[2024-09-11 17:34:24,788][flwr][INFO] - 
[2024-09-11 17:34:24,788][flwr][INFO] - [ROUND 82]
[2024-09-11 17:34:24,788][flwr][INFO] - configure_fit: strategy sampled 5 clients (out of 50)
[2024-09-11 17:34:27,888][flwr][INFO] - aggregate_fit: received 5 results and 0 failures
[2024-09-11 17:34:32,685][flwr][INFO] - fit progress: (82, 48.81817986187525, {'accuracy': 0.9082139725226542}, 722.3086613956839)
[2024-09-11 17:34:32,686][flwr][INFO] - configure_evaluate: strategy sampled 2 clients (out of 50)
[2024-09-11 17:34:32,941][flwr][INFO] - aggregate_evaluate: received 2 results and 0 failures
[2024-09-11 17:34:32,941][flwr][INFO] - 
[2024-09-11 17:34:32,941][flwr][INFO] - [ROUND 83]
[2024-09-11 17:34:32,941][flwr][INFO] - configure_fit: strategy sampled 5 clients (out of 50)
[2024-09-11 17:34:36,192][flwr][INFO] - aggregate_fit: received 5 results and 0 failures
[2024-09-11 17:34:40,951][flwr][INFO] - fit progress: (83, 37.36530442075673, {'accuracy': 0.9435837474422684}, 730.574357572943)
[2024-09-11 17:34:40,951][flwr][INFO] - configure_evaluate: strategy sampled 2 clients (out of 50)
[2024-09-11 17:34:41,204][flwr][INFO] - aggregate_evaluate: received 2 results and 0 failures
[2024-09-11 17:34:41,204][flwr][INFO] - 
[2024-09-11 17:34:41,204][flwr][INFO] - [ROUND 84]
[2024-09-11 17:34:41,204][flwr][INFO] - configure_fit: strategy sampled 5 clients (out of 50)
[2024-09-11 17:34:44,405][flwr][INFO] - aggregate_fit: received 5 results and 0 failures
[2024-09-11 17:34:49,787][flwr][INFO] - fit progress: (84, 43.45839098607394, {'accuracy': 0.937445191464484}, 739.4101220397279)
[2024-09-11 17:34:49,787][flwr][INFO] - configure_evaluate: strategy sampled 2 clients (out of 50)
[2024-09-11 17:34:50,051][flwr][INFO] - aggregate_evaluate: received 2 results and 0 failures
[2024-09-11 17:34:50,051][flwr][INFO] - 
[2024-09-11 17:34:50,051][flwr][INFO] - [ROUND 85]
[2024-09-11 17:34:50,051][flwr][INFO] - configure_fit: strategy sampled 5 clients (out of 50)
[2024-09-11 17:34:53,063][flwr][INFO] - aggregate_fit: received 5 results and 0 failures
[2024-09-11 17:34:58,420][flwr][INFO] - fit progress: (85, 47.44583849610717, {'accuracy': 0.9362759427068109}, 748.0435736067593)
[2024-09-11 17:34:58,421][flwr][INFO] - configure_evaluate: strategy sampled 2 clients (out of 50)
[2024-09-11 17:34:58,673][flwr][INFO] - aggregate_evaluate: received 2 results and 0 failures
[2024-09-11 17:34:58,673][flwr][INFO] - 
[2024-09-11 17:34:58,673][flwr][INFO] - [ROUND 86]
[2024-09-11 17:34:58,673][flwr][INFO] - configure_fit: strategy sampled 5 clients (out of 50)
[2024-09-11 17:35:01,802][flwr][INFO] - aggregate_fit: received 5 results and 0 failures
[2024-09-11 17:35:07,684][flwr][INFO] - fit progress: (86, 42.561145462765126, {'accuracy': 0.9391990646009939}, 757.3076349459589)
[2024-09-11 17:35:07,685][flwr][INFO] - configure_evaluate: strategy sampled 2 clients (out of 50)
[2024-09-11 17:35:07,935][flwr][INFO] - aggregate_evaluate: received 2 results and 0 failures
[2024-09-11 17:35:07,935][flwr][INFO] - 
[2024-09-11 17:35:07,936][flwr][INFO] - [ROUND 87]
[2024-09-11 17:35:07,936][flwr][INFO] - configure_fit: strategy sampled 5 clients (out of 50)
[2024-09-11 17:35:10,891][flwr][INFO] - aggregate_fit: received 5 results and 0 failures
[2024-09-11 17:35:15,776][flwr][INFO] - fit progress: (87, 58.79490863304818, {'accuracy': 0.9181525869628764}, 765.3990635806695)
[2024-09-11 17:35:15,776][flwr][INFO] - configure_evaluate: strategy sampled 2 clients (out of 50)
[2024-09-11 17:35:16,014][flwr][INFO] - aggregate_evaluate: received 2 results and 0 failures
[2024-09-11 17:35:16,015][flwr][INFO] - 
[2024-09-11 17:35:16,015][flwr][INFO] - [ROUND 88]
[2024-09-11 17:35:16,015][flwr][INFO] - configure_fit: strategy sampled 5 clients (out of 50)
[2024-09-11 17:35:19,225][flwr][INFO] - aggregate_fit: received 5 results and 0 failures
[2024-09-11 17:35:24,371][flwr][INFO] - fit progress: (88, 45.54555435552902, {'accuracy': 0.9327681964337913}, 773.9939050679095)
[2024-09-11 17:35:24,371][flwr][INFO] - configure_evaluate: strategy sampled 2 clients (out of 50)
[2024-09-11 17:35:24,778][flwr][INFO] - aggregate_evaluate: received 2 results and 0 failures
[2024-09-11 17:35:24,779][flwr][INFO] - 
[2024-09-11 17:35:24,779][flwr][INFO] - [ROUND 89]
[2024-09-11 17:35:24,779][flwr][INFO] - configure_fit: strategy sampled 5 clients (out of 50)
[2024-09-11 17:35:27,749][flwr][INFO] - aggregate_fit: received 5 results and 0 failures
[2024-09-11 17:35:33,330][flwr][INFO] - fit progress: (89, 32.06287023664481, {'accuracy': 0.9429991230634317}, 782.9531663069502)
[2024-09-11 17:35:33,330][flwr][INFO] - configure_evaluate: strategy sampled 2 clients (out of 50)
[2024-09-11 17:35:33,569][flwr][INFO] - aggregate_evaluate: received 2 results and 0 failures
[2024-09-11 17:35:33,569][flwr][INFO] - 
[2024-09-11 17:35:33,569][flwr][INFO] - [ROUND 90]
[2024-09-11 17:35:33,569][flwr][INFO] - configure_fit: strategy sampled 5 clients (out of 50)
[2024-09-11 17:35:36,752][flwr][INFO] - aggregate_fit: received 5 results and 0 failures
[2024-09-11 17:35:41,479][flwr][INFO] - fit progress: (90, 85.74224953132216, {'accuracy': 0.8734288219818767}, 791.1028101458214)
[2024-09-11 17:35:41,480][flwr][INFO] - configure_evaluate: strategy sampled 2 clients (out of 50)
[2024-09-11 17:35:41,720][flwr][INFO] - aggregate_evaluate: received 2 results and 0 failures
[2024-09-11 17:35:41,720][flwr][INFO] - 
[2024-09-11 17:35:41,720][flwr][INFO] - [ROUND 91]
[2024-09-11 17:35:41,720][flwr][INFO] - configure_fit: strategy sampled 5 clients (out of 50)
[2024-09-11 17:35:44,973][flwr][INFO] - aggregate_fit: received 5 results and 0 failures
[2024-09-11 17:35:49,799][flwr][INFO] - fit progress: (91, 84.06996496394277, {'accuracy': 0.8690441391406022}, 799.4227896295488)
[2024-09-11 17:35:49,800][flwr][INFO] - configure_evaluate: strategy sampled 2 clients (out of 50)
[2024-09-11 17:35:50,034][flwr][INFO] - aggregate_evaluate: received 2 results and 0 failures
[2024-09-11 17:35:50,035][flwr][INFO] - 
[2024-09-11 17:35:50,035][flwr][INFO] - [ROUND 92]
[2024-09-11 17:35:50,035][flwr][INFO] - configure_fit: strategy sampled 5 clients (out of 50)
[2024-09-11 17:35:53,383][flwr][INFO] - aggregate_fit: received 5 results and 0 failures
[2024-09-11 17:35:58,918][flwr][INFO] - fit progress: (92, 55.11143911918043, {'accuracy': 0.9181525869628764}, 808.5413585747592)
[2024-09-11 17:35:58,918][flwr][INFO] - configure_evaluate: strategy sampled 2 clients (out of 50)
[2024-09-11 17:35:59,175][flwr][INFO] - aggregate_evaluate: received 2 results and 0 failures
[2024-09-11 17:35:59,176][flwr][INFO] - 
[2024-09-11 17:35:59,176][flwr][INFO] - [ROUND 93]
[2024-09-11 17:35:59,176][flwr][INFO] - configure_fit: strategy sampled 5 clients (out of 50)
[2024-09-11 17:36:02,155][flwr][INFO] - aggregate_fit: received 5 results and 0 failures
[2024-09-11 17:36:06,872][flwr][INFO] - fit progress: (93, 37.41423356577434, {'accuracy': 0.9429991230634317}, 816.495632766746)
[2024-09-11 17:36:06,873][flwr][INFO] - configure_evaluate: strategy sampled 2 clients (out of 50)
[2024-09-11 17:36:07,129][flwr][INFO] - aggregate_evaluate: received 2 results and 0 failures
[2024-09-11 17:36:07,130][flwr][INFO] - 
[2024-09-11 17:36:07,130][flwr][INFO] - [ROUND 94]
[2024-09-11 17:36:07,130][flwr][INFO] - configure_fit: strategy sampled 5 clients (out of 50)
[2024-09-11 17:36:10,346][flwr][INFO] - aggregate_fit: received 5 results and 0 failures
[2024-09-11 17:36:16,222][flwr][INFO] - fit progress: (94, 46.89970497955801, {'accuracy': 0.9313066354866998}, 825.8449335498735)
[2024-09-11 17:36:16,222][flwr][INFO] - configure_evaluate: strategy sampled 2 clients (out of 50)
[2024-09-11 17:36:16,464][flwr][INFO] - aggregate_evaluate: received 2 results and 0 failures
[2024-09-11 17:36:16,464][flwr][INFO] - 
[2024-09-11 17:36:16,464][flwr][INFO] - [ROUND 95]
[2024-09-11 17:36:16,464][flwr][INFO] - configure_fit: strategy sampled 5 clients (out of 50)
[2024-09-11 17:36:19,451][flwr][INFO] - aggregate_fit: received 5 results and 0 failures
[2024-09-11 17:36:24,101][flwr][INFO] - fit progress: (95, 38.09125942491801, {'accuracy': 0.9409529377375037}, 833.7238990119658)
[2024-09-11 17:36:24,101][flwr][INFO] - configure_evaluate: strategy sampled 2 clients (out of 50)
[2024-09-11 17:36:24,352][flwr][INFO] - aggregate_evaluate: received 2 results and 0 failures
[2024-09-11 17:36:24,353][flwr][INFO] - 
[2024-09-11 17:36:24,353][flwr][INFO] - [ROUND 96]
[2024-09-11 17:36:24,353][flwr][INFO] - configure_fit: strategy sampled 5 clients (out of 50)
[2024-09-11 17:36:27,441][flwr][INFO] - aggregate_fit: received 5 results and 0 failures
[2024-09-11 17:36:32,103][flwr][INFO] - fit progress: (96, 37.995678947136184, {'accuracy': 0.9429991230634317}, 841.7268374357373)
[2024-09-11 17:36:32,104][flwr][INFO] - configure_evaluate: strategy sampled 2 clients (out of 50)
[2024-09-11 17:36:32,347][flwr][INFO] - aggregate_evaluate: received 2 results and 0 failures
[2024-09-11 17:36:32,347][flwr][INFO] - 
[2024-09-11 17:36:32,347][flwr][INFO] - [ROUND 97]
[2024-09-11 17:36:32,347][flwr][INFO] - configure_fit: strategy sampled 5 clients (out of 50)
[2024-09-11 17:36:35,563][flwr][INFO] - aggregate_fit: received 5 results and 0 failures
[2024-09-11 17:36:40,475][flwr][INFO] - fit progress: (97, 43.79225060877934, {'accuracy': 0.9391990646009939}, 850.0983578795567)
[2024-09-11 17:36:40,475][flwr][INFO] - configure_evaluate: strategy sampled 2 clients (out of 50)
[2024-09-11 17:36:40,711][flwr][INFO] - aggregate_evaluate: received 2 results and 0 failures
[2024-09-11 17:36:40,711][flwr][INFO] - 
[2024-09-11 17:36:40,711][flwr][INFO] - [ROUND 98]
[2024-09-11 17:36:40,712][flwr][INFO] - configure_fit: strategy sampled 5 clients (out of 50)
[2024-09-11 17:36:43,708][flwr][INFO] - aggregate_fit: received 5 results and 0 failures
[2024-09-11 17:36:48,478][flwr][INFO] - fit progress: (98, 54.08680055764853, {'accuracy': 0.9222449576147326}, 858.101204843726)
[2024-09-11 17:36:48,478][flwr][INFO] - configure_evaluate: strategy sampled 2 clients (out of 50)
[2024-09-11 17:36:48,771][flwr][INFO] - aggregate_evaluate: received 2 results and 0 failures
[2024-09-11 17:36:48,771][flwr][INFO] - 
[2024-09-11 17:36:48,772][flwr][INFO] - [ROUND 99]
[2024-09-11 17:36:48,772][flwr][INFO] - configure_fit: strategy sampled 5 clients (out of 50)
[2024-09-11 17:36:51,896][flwr][INFO] - aggregate_fit: received 5 results and 0 failures
[2024-09-11 17:36:56,704][flwr][INFO] - fit progress: (99, 34.64983751563318, {'accuracy': 0.9435837474422684}, 866.3275178219192)
[2024-09-11 17:36:56,705][flwr][INFO] - configure_evaluate: strategy sampled 2 clients (out of 50)
[2024-09-11 17:36:57,042][flwr][INFO] - aggregate_evaluate: received 2 results and 0 failures
[2024-09-11 17:36:57,043][flwr][INFO] - 
[2024-09-11 17:36:57,043][flwr][INFO] - [ROUND 100]
[2024-09-11 17:36:57,043][flwr][INFO] - configure_fit: strategy sampled 5 clients (out of 50)
[2024-09-11 17:37:00,248][flwr][INFO] - aggregate_fit: received 5 results and 0 failures
[2024-09-11 17:37:04,977][flwr][INFO] - fit progress: (100, 62.10470886202529, {'accuracy': 0.9140602163110202}, 874.6005128338002)
[2024-09-11 17:37:04,978][flwr][INFO] - configure_evaluate: strategy sampled 2 clients (out of 50)
[2024-09-11 17:37:05,469][flwr][INFO] - aggregate_evaluate: received 2 results and 0 failures
[2024-09-11 17:37:05,470][flwr][INFO] - 
[2024-09-11 17:37:05,470][flwr][INFO] - [SUMMARY]
[2024-09-11 17:37:05,470][flwr][INFO] - Run finished 100 round(s) in 875.09s
[2024-09-11 17:37:05,473][flwr][INFO] - 	History (loss, distributed):
[2024-09-11 17:37:05,473][flwr][INFO] - 		round 1: 1.7812793850898743
[2024-09-11 17:37:05,474][flwr][INFO] - 		round 2: 1.910537838935852
[2024-09-11 17:37:05,474][flwr][INFO] - 		round 3: 0.9592181444168091
[2024-09-11 17:37:05,474][flwr][INFO] - 		round 4: 0.6376942247152328
[2024-09-11 17:37:05,474][flwr][INFO] - 		round 5: 0.3888232707977295
[2024-09-11 17:37:05,474][flwr][INFO] - 		round 6: 0.4857016056776047
[2024-09-11 17:37:05,474][flwr][INFO] - 		round 7: 0.2668241634964943
[2024-09-11 17:37:05,474][flwr][INFO] - 		round 8: 0.49418285489082336
[2024-09-11 17:37:05,474][flwr][INFO] - 		round 9: 0.4304778426885605
[2024-09-11 17:37:05,474][flwr][INFO] - 		round 10: 0.5887776464223862
[2024-09-11 17:37:05,474][flwr][INFO] - 		round 11: 0.17415525019168854
[2024-09-11 17:37:05,474][flwr][INFO] - 		round 12: 0.4666289687156677
[2024-09-11 17:37:05,474][flwr][INFO] - 		round 13: 0.3547075316309929
[2024-09-11 17:37:05,474][flwr][INFO] - 		round 14: 0.48343347012996674
[2024-09-11 17:37:05,474][flwr][INFO] - 		round 15: 0.34627846255898476
[2024-09-11 17:37:05,474][flwr][INFO] - 		round 16: 0.35500195622444153
[2024-09-11 17:37:05,474][flwr][INFO] - 		round 17: 0.28887129575014114
[2024-09-11 17:37:05,474][flwr][INFO] - 		round 18: 0.34598538279533386
[2024-09-11 17:37:05,475][flwr][INFO] - 		round 19: 0.4599272310733795
[2024-09-11 17:37:05,475][flwr][INFO] - 		round 20: 0.25048015639185905
[2024-09-11 17:37:05,475][flwr][INFO] - 		round 21: 0.05220922362059355
[2024-09-11 17:37:05,475][flwr][INFO] - 		round 22: 0.3607145845890045
[2024-09-11 17:37:05,475][flwr][INFO] - 		round 23: 0.33856014907360077
[2024-09-11 17:37:05,475][flwr][INFO] - 		round 24: 0.35014477372169495
[2024-09-11 17:37:05,475][flwr][INFO] - 		round 25: 0.38410885632038116
[2024-09-11 17:37:05,475][flwr][INFO] - 		round 26: 0.4323398172855377
[2024-09-11 17:37:05,475][flwr][INFO] - 		round 27: 0.39441029727458954
[2024-09-11 17:37:05,475][flwr][INFO] - 		round 28: 0.24912867322564125
[2024-09-11 17:37:05,475][flwr][INFO] - 		round 29: 0.6308103948831558
[2024-09-11 17:37:05,475][flwr][INFO] - 		round 30: 0.2952393665909767
[2024-09-11 17:37:05,475][flwr][INFO] - 		round 31: 0.26646649092435837
[2024-09-11 17:37:05,475][flwr][INFO] - 		round 32: 0.3447998156771064
[2024-09-11 17:37:05,475][flwr][INFO] - 		round 33: 0.4075866788625717
[2024-09-11 17:37:05,475][flwr][INFO] - 		round 34: 0.5721179395914078
[2024-09-11 17:37:05,475][flwr][INFO] - 		round 35: 0.7745904922485352
[2024-09-11 17:37:05,475][flwr][INFO] - 		round 36: 0.25699012726545334
[2024-09-11 17:37:05,476][flwr][INFO] - 		round 37: 0.30969297140836716
[2024-09-11 17:37:05,476][flwr][INFO] - 		round 38: 0.3270159065723419
[2024-09-11 17:37:05,476][flwr][INFO] - 		round 39: 0.22806013375520706
[2024-09-11 17:37:05,476][flwr][INFO] - 		round 40: 0.49106863886117935
[2024-09-11 17:37:05,476][flwr][INFO] - 		round 41: 0.790555477142334
[2024-09-11 17:37:05,476][flwr][INFO] - 		round 42: 0.47823040187358856
[2024-09-11 17:37:05,476][flwr][INFO] - 		round 43: 0.6604177057743073
[2024-09-11 17:37:05,476][flwr][INFO] - 		round 44: 0.37899693846702576
[2024-09-11 17:37:05,476][flwr][INFO] - 		round 45: 0.5829818844795227
[2024-09-11 17:37:05,476][flwr][INFO] - 		round 46: 0.5760027216747403
[2024-09-11 17:37:05,476][flwr][INFO] - 		round 47: 0.39918800815939903
[2024-09-11 17:37:05,476][flwr][INFO] - 		round 48: 0.3993884399533272
[2024-09-11 17:37:05,476][flwr][INFO] - 		round 49: 0.4335492569953203
[2024-09-11 17:37:05,476][flwr][INFO] - 		round 50: 0.4274492636322975
[2024-09-11 17:37:05,476][flwr][INFO] - 		round 51: 0.582532212138176
[2024-09-11 17:37:05,476][flwr][INFO] - 		round 52: 0.3813059441745281
[2024-09-11 17:37:05,476][flwr][INFO] - 		round 53: 0.22347111999988556
[2024-09-11 17:37:05,476][flwr][INFO] - 		round 54: 0.8865621387958527
[2024-09-11 17:37:05,476][flwr][INFO] - 		round 55: 0.3764656186103821
[2024-09-11 17:37:05,477][flwr][INFO] - 		round 56: 0.27444546669721603
[2024-09-11 17:37:05,477][flwr][INFO] - 		round 57: 0.2667786255478859
[2024-09-11 17:37:05,477][flwr][INFO] - 		round 58: 0.39958732575178146
[2024-09-11 17:37:05,477][flwr][INFO] - 		round 59: 0.6499799638986588
[2024-09-11 17:37:05,477][flwr][INFO] - 		round 60: 0.36617935448884964
[2024-09-11 17:37:05,477][flwr][INFO] - 		round 61: 0.43405841290950775
[2024-09-11 17:37:05,477][flwr][INFO] - 		round 62: 0.16598137468099594
[2024-09-11 17:37:05,477][flwr][INFO] - 		round 63: 0.20032874890603125
[2024-09-11 17:37:05,477][flwr][INFO] - 		round 64: 0.6684799045324326
[2024-09-11 17:37:05,477][flwr][INFO] - 		round 65: 0.23485078662633896
[2024-09-11 17:37:05,477][flwr][INFO] - 		round 66: 0.9351745173335075
[2024-09-11 17:37:05,477][flwr][INFO] - 		round 67: 0.24049379373900592
[2024-09-11 17:37:05,477][flwr][INFO] - 		round 68: 0.12423059425782412
[2024-09-11 17:37:05,477][flwr][INFO] - 		round 69: 0.3783929296769202
[2024-09-11 17:37:05,477][flwr][INFO] - 		round 70: 0.7068413384258747
[2024-09-11 17:37:05,477][flwr][INFO] - 		round 71: 0.32316894084215164
[2024-09-11 17:37:05,477][flwr][INFO] - 		round 72: 0.07615422271192074
[2024-09-11 17:37:05,477][flwr][INFO] - 		round 73: 0.45809294283390045
[2024-09-11 17:37:05,478][flwr][INFO] - 		round 74: 0.5363062769174576
[2024-09-11 17:37:05,478][flwr][INFO] - 		round 75: 0.38292519748210907
[2024-09-11 17:37:05,478][flwr][INFO] - 		round 76: 0.011503841495141387
[2024-09-11 17:37:05,478][flwr][INFO] - 		round 77: 0.30257516354322433
[2024-09-11 17:37:05,478][flwr][INFO] - 		round 78: 0.36788079887628555
[2024-09-11 17:37:05,478][flwr][INFO] - 		round 79: 0.04522647149860859
[2024-09-11 17:37:05,478][flwr][INFO] - 		round 80: 0.08785211713984609
[2024-09-11 17:37:05,478][flwr][INFO] - 		round 81: 0.40737390518188477
[2024-09-11 17:37:05,478][flwr][INFO] - 		round 82: 0.3796931020915508
[2024-09-11 17:37:05,478][flwr][INFO] - 		round 83: 0.172839275750448
[2024-09-11 17:37:05,478][flwr][INFO] - 		round 84: 0.37692277831956744
[2024-09-11 17:37:05,478][flwr][INFO] - 		round 85: 0.7775595784187317
[2024-09-11 17:37:05,478][flwr][INFO] - 		round 86: 0.25522249191999435
[2024-09-11 17:37:05,478][flwr][INFO] - 		round 87: 0.3797454461455345
[2024-09-11 17:37:05,478][flwr][INFO] - 		round 88: 0.4827169142663479
[2024-09-11 17:37:05,478][flwr][INFO] - 		round 89: 0.22153962776064873
[2024-09-11 17:37:05,478][flwr][INFO] - 		round 90: 1.7831774353981018
[2024-09-11 17:37:05,478][flwr][INFO] - 		round 91: 0.8493262678384781
[2024-09-11 17:37:05,478][flwr][INFO] - 		round 92: 0.39563337713479996
[2024-09-11 17:37:05,478][flwr][INFO] - 		round 93: 0.3339470624923706
[2024-09-11 17:37:05,479][flwr][INFO] - 		round 94: 0.3744400590658188
[2024-09-11 17:37:05,479][flwr][INFO] - 		round 95: 0.29725196957588196
[2024-09-11 17:37:05,479][flwr][INFO] - 		round 96: 0.05973190255463123
[2024-09-11 17:37:05,479][flwr][INFO] - 		round 97: 0.41717295348644257
[2024-09-11 17:37:05,479][flwr][INFO] - 		round 98: 1.0491449236869812
[2024-09-11 17:37:05,479][flwr][INFO] - 		round 99: 0.10100548341870308
[2024-09-11 17:37:05,479][flwr][INFO] - 		round 100: 0.6990238130092621
[2024-09-11 17:37:05,479][flwr][INFO] - 	History (loss, centralized):
[2024-09-11 17:37:05,479][flwr][INFO] - 		round 0: 219.79368388652802
[2024-09-11 17:37:05,479][flwr][INFO] - 		round 1: 194.57329750061035
[2024-09-11 17:37:05,479][flwr][INFO] - 		round 2: 184.08381485939026
[2024-09-11 17:37:05,479][flwr][INFO] - 		round 3: 99.51651003956795
[2024-09-11 17:37:05,479][flwr][INFO] - 		round 4: 80.87192249298096
[2024-09-11 17:37:05,479][flwr][INFO] - 		round 5: 50.539873756468296
[2024-09-11 17:37:05,479][flwr][INFO] - 		round 6: 47.46856090426445
[2024-09-11 17:37:05,479][flwr][INFO] - 		round 7: 33.99972837790847
[2024-09-11 17:37:05,479][flwr][INFO] - 		round 8: 41.07530200853944
[2024-09-11 17:37:05,479][flwr][INFO] - 		round 9: 47.29607390984893
[2024-09-11 17:37:05,480][flwr][INFO] - 		round 10: 76.15201903879642
[2024-09-11 17:37:05,480][flwr][INFO] - 		round 11: 32.048612071201205
[2024-09-11 17:37:05,480][flwr][INFO] - 		round 12: 47.82152193412185
[2024-09-11 17:37:05,480][flwr][INFO] - 		round 13: 28.413440078496933
[2024-09-11 17:37:05,480][flwr][INFO] - 		round 14: 39.462915584445
[2024-09-11 17:37:05,480][flwr][INFO] - 		round 15: 32.1197372530587
[2024-09-11 17:37:05,480][flwr][INFO] - 		round 16: 29.210659963078797
[2024-09-11 17:37:05,480][flwr][INFO] - 		round 17: 26.575653847306967
[2024-09-11 17:37:05,480][flwr][INFO] - 		round 18: 39.63199578598142
[2024-09-11 17:37:05,480][flwr][INFO] - 		round 19: 30.44832783844322
[2024-09-11 17:37:05,480][flwr][INFO] - 		round 20: 30.59733508527279
[2024-09-11 17:37:05,480][flwr][INFO] - 		round 21: 31.676213789731264
[2024-09-11 17:37:05,480][flwr][INFO] - 		round 22: 29.79953828919679
[2024-09-11 17:37:05,480][flwr][INFO] - 		round 23: 55.99737376719713
[2024-09-11 17:37:05,480][flwr][INFO] - 		round 24: 36.79777945950627
[2024-09-11 17:37:05,480][flwr][INFO] - 		round 25: 53.484567023813725
[2024-09-11 17:37:05,480][flwr][INFO] - 		round 26: 23.146482875570655
[2024-09-11 17:37:05,480][flwr][INFO] - 		round 27: 53.141633089631796
[2024-09-11 17:37:05,481][flwr][INFO] - 		round 28: 30.009945278055966
[2024-09-11 17:37:05,481][flwr][INFO] - 		round 29: 51.3491951841861
[2024-09-11 17:37:05,481][flwr][INFO] - 		round 30: 35.076634453609586
[2024-09-11 17:37:05,481][flwr][INFO] - 		round 31: 40.3390335328877
[2024-09-11 17:37:05,481][flwr][INFO] - 		round 32: 25.773951422423124
[2024-09-11 17:37:05,481][flwr][INFO] - 		round 33: 28.226182259619236
[2024-09-11 17:37:05,481][flwr][INFO] - 		round 34: 23.984423548914492
[2024-09-11 17:37:05,481][flwr][INFO] - 		round 35: 44.60604146961123
[2024-09-11 17:37:05,481][flwr][INFO] - 		round 36: 40.55627613328397
[2024-09-11 17:37:05,481][flwr][INFO] - 		round 37: 22.997325006872416
[2024-09-11 17:37:05,481][flwr][INFO] - 		round 38: 25.8129440844059
[2024-09-11 17:37:05,481][flwr][INFO] - 		round 39: 33.578455347102135
[2024-09-11 17:37:05,481][flwr][INFO] - 		round 40: 78.05007524881512
[2024-09-11 17:37:05,481][flwr][INFO] - 		round 41: 32.16433162934845
[2024-09-11 17:37:05,481][flwr][INFO] - 		round 42: 25.768483649662812
[2024-09-11 17:37:05,481][flwr][INFO] - 		round 43: 50.26511500310153
[2024-09-11 17:37:05,481][flwr][INFO] - 		round 44: 30.27679747075308
[2024-09-11 17:37:05,481][flwr][INFO] - 		round 45: 53.61072934232652
[2024-09-11 17:37:05,482][flwr][INFO] - 		round 46: 67.62171776185278
[2024-09-11 17:37:05,482][flwr][INFO] - 		round 47: 38.270569815300405
[2024-09-11 17:37:05,482][flwr][INFO] - 		round 48: 30.04590855818242
[2024-09-11 17:37:05,482][flwr][INFO] - 		round 49: 29.609226198401302
[2024-09-11 17:37:05,482][flwr][INFO] - 		round 50: 42.60034994920716
[2024-09-11 17:37:05,482][flwr][INFO] - 		round 51: 33.05033395270584
[2024-09-11 17:37:05,482][flwr][INFO] - 		round 52: 42.90015039080754
[2024-09-11 17:37:05,482][flwr][INFO] - 		round 53: 40.58080914663151
[2024-09-11 17:37:05,482][flwr][INFO] - 		round 54: 34.55136820534244
[2024-09-11 17:37:05,482][flwr][INFO] - 		round 55: 43.967677406035364
[2024-09-11 17:37:05,482][flwr][INFO] - 		round 56: 34.57262679291307
[2024-09-11 17:37:05,482][flwr][INFO] - 		round 57: 32.88741453431794
[2024-09-11 17:37:05,482][flwr][INFO] - 		round 58: 36.24827421258669
[2024-09-11 17:37:05,482][flwr][INFO] - 		round 59: 37.662282634355506
[2024-09-11 17:37:05,482][flwr][INFO] - 		round 60: 29.825924280565232
[2024-09-11 17:37:05,482][flwr][INFO] - 		round 61: 51.97897392610321
[2024-09-11 17:37:05,482][flwr][INFO] - 		round 62: 55.15755496430211
[2024-09-11 17:37:05,482][flwr][INFO] - 		round 63: 42.340331501793116
[2024-09-11 17:37:05,482][flwr][INFO] - 		round 64: 46.06127103231847
[2024-09-11 17:37:05,482][flwr][INFO] - 		round 65: 44.59577499871375
[2024-09-11 17:37:05,482][flwr][INFO] - 		round 66: 37.89656838476321
[2024-09-11 17:37:05,482][flwr][INFO] - 		round 67: 46.08916100751958
[2024-09-11 17:37:05,483][flwr][INFO] - 		round 68: 42.79244244098663
[2024-09-11 17:37:05,483][flwr][INFO] - 		round 69: 32.84964677307289
[2024-09-11 17:37:05,483][flwr][INFO] - 		round 70: 56.41871651506517
[2024-09-11 17:37:05,483][flwr][INFO] - 		round 71: 32.27341736620292
[2024-09-11 17:37:05,483][flwr][INFO] - 		round 72: 30.038668201945256
[2024-09-11 17:37:05,483][flwr][INFO] - 		round 73: 33.94446852548572
[2024-09-11 17:37:05,483][flwr][INFO] - 		round 74: 36.02858886987087
[2024-09-11 17:37:05,483][flwr][INFO] - 		round 75: 36.71597806736827
[2024-09-11 17:37:05,483][flwr][INFO] - 		round 76: 32.77792831639454
[2024-09-11 17:37:05,483][flwr][INFO] - 		round 77: 39.74834481286052
[2024-09-11 17:37:05,483][flwr][INFO] - 		round 78: 37.89747172468924
[2024-09-11 17:37:05,483][flwr][INFO] - 		round 79: 31.438276296597905
[2024-09-11 17:37:05,483][flwr][INFO] - 		round 80: 30.246026348351734
[2024-09-11 17:37:05,483][flwr][INFO] - 		round 81: 35.07983256038278
[2024-09-11 17:37:05,483][flwr][INFO] - 		round 82: 48.81817986187525
[2024-09-11 17:37:05,483][flwr][INFO] - 		round 83: 37.36530442075673
[2024-09-11 17:37:05,483][flwr][INFO] - 		round 84: 43.45839098607394
[2024-09-11 17:37:05,483][flwr][INFO] - 		round 85: 47.44583849610717
[2024-09-11 17:37:05,483][flwr][INFO] - 		round 86: 42.561145462765126
[2024-09-11 17:37:05,483][flwr][INFO] - 		round 87: 58.79490863304818
[2024-09-11 17:37:05,483][flwr][INFO] - 		round 88: 45.54555435552902
[2024-09-11 17:37:05,483][flwr][INFO] - 		round 89: 32.06287023664481
[2024-09-11 17:37:05,484][flwr][INFO] - 		round 90: 85.74224953132216
[2024-09-11 17:37:05,484][flwr][INFO] - 		round 91: 84.06996496394277
[2024-09-11 17:37:05,484][flwr][INFO] - 		round 92: 55.11143911918043
[2024-09-11 17:37:05,484][flwr][INFO] - 		round 93: 37.41423356577434
[2024-09-11 17:37:05,484][flwr][INFO] - 		round 94: 46.89970497955801
[2024-09-11 17:37:05,484][flwr][INFO] - 		round 95: 38.09125942491801
[2024-09-11 17:37:05,484][flwr][INFO] - 		round 96: 37.995678947136184
[2024-09-11 17:37:05,484][flwr][INFO] - 		round 97: 43.79225060877934
[2024-09-11 17:37:05,484][flwr][INFO] - 		round 98: 54.08680055764853
[2024-09-11 17:37:05,484][flwr][INFO] - 		round 99: 34.64983751563318
[2024-09-11 17:37:05,484][flwr][INFO] - 		round 100: 62.10470886202529
[2024-09-11 17:37:05,484][flwr][INFO] - 	History (metrics, distributed, evaluate):
[2024-09-11 17:37:05,484][flwr][INFO] - 	{'accuracy': [(1, 0.3541666666666667),
[2024-09-11 17:37:05,484][flwr][INFO] - 	              (2, 0.3958333333333333),
[2024-09-11 17:37:05,484][flwr][INFO] - 	              (3, 0.75),
[2024-09-11 17:37:05,484][flwr][INFO] - 	              (4, 0.8125),
[2024-09-11 17:37:05,484][flwr][INFO] - 	              (5, 0.875),
[2024-09-11 17:37:05,484][flwr][INFO] - 	              (6, 0.8125),
[2024-09-11 17:37:05,484][flwr][INFO] - 	              (7, 0.8958333333333334),
[2024-09-11 17:37:05,484][flwr][INFO] - 	              (8, 0.8333333333333334),
[2024-09-11 17:37:05,484][flwr][INFO] - 	              (9, 0.8125),
[2024-09-11 17:37:05,484][flwr][INFO] - 	              (10, 0.75),
[2024-09-11 17:37:05,485][flwr][INFO] - 	              (11, 0.9583333333333334),
[2024-09-11 17:37:05,485][flwr][INFO] - 	              (12, 0.8333333333333334),
[2024-09-11 17:37:05,485][flwr][INFO] - 	              (13, 0.9375),
[2024-09-11 17:37:05,485][flwr][INFO] - 	              (14, 0.8958333333333334),
[2024-09-11 17:37:05,485][flwr][INFO] - 	              (15, 0.8958333333333334),
[2024-09-11 17:37:05,485][flwr][INFO] - 	              (16, 0.875),
[2024-09-11 17:37:05,485][flwr][INFO] - 	              (17, 0.8958333333333334),
[2024-09-11 17:37:05,485][flwr][INFO] - 	              (18, 0.8541666666666666),
[2024-09-11 17:37:05,485][flwr][INFO] - 	              (19, 0.875),
[2024-09-11 17:37:05,485][flwr][INFO] - 	              (20, 0.9583333333333334),
[2024-09-11 17:37:05,485][flwr][INFO] - 	              (21, 0.9791666666666666),
[2024-09-11 17:37:05,485][flwr][INFO] - 	              (22, 0.9166666666666666),
[2024-09-11 17:37:05,485][flwr][INFO] - 	              (23, 0.9166666666666666),
[2024-09-11 17:37:05,485][flwr][INFO] - 	              (24, 0.875),
[2024-09-11 17:37:05,485][flwr][INFO] - 	              (25, 0.875),
[2024-09-11 17:37:05,485][flwr][INFO] - 	              (26, 0.875),
[2024-09-11 17:37:05,485][flwr][INFO] - 	              (27, 0.8333333333333334),
[2024-09-11 17:37:05,485][flwr][INFO] - 	              (28, 0.9375),
[2024-09-11 17:37:05,485][flwr][INFO] - 	              (29, 0.8333333333333334),
[2024-09-11 17:37:05,485][flwr][INFO] - 	              (30, 0.8958333333333334),
[2024-09-11 17:37:05,485][flwr][INFO] - 	              (31, 0.9375),
[2024-09-11 17:37:05,485][flwr][INFO] - 	              (32, 0.9583333333333334),
[2024-09-11 17:37:05,486][flwr][INFO] - 	              (33, 0.8958333333333334),
[2024-09-11 17:37:05,486][flwr][INFO] - 	              (34, 0.9375),
[2024-09-11 17:37:05,486][flwr][INFO] - 	              (35, 0.9375),
[2024-09-11 17:37:05,486][flwr][INFO] - 	              (36, 0.9375),
[2024-09-11 17:37:05,486][flwr][INFO] - 	              (37, 0.8958333333333334),
[2024-09-11 17:37:05,486][flwr][INFO] - 	              (38, 0.8333333333333334),
[2024-09-11 17:37:05,486][flwr][INFO] - 	              (39, 0.9375),
[2024-09-11 17:37:05,486][flwr][INFO] - 	              (40, 0.8958333333333334),
[2024-09-11 17:37:05,486][flwr][INFO] - 	              (41, 0.8125),
[2024-09-11 17:37:05,486][flwr][INFO] - 	              (42, 0.8541666666666666),
[2024-09-11 17:37:05,486][flwr][INFO] - 	              (43, 0.8958333333333334),
[2024-09-11 17:37:05,486][flwr][INFO] - 	              (44, 0.8958333333333334),
[2024-09-11 17:37:05,486][flwr][INFO] - 	              (45, 0.8333333333333334),
[2024-09-11 17:37:05,486][flwr][INFO] - 	              (46, 0.9375),
[2024-09-11 17:37:05,486][flwr][INFO] - 	              (47, 0.9375),
[2024-09-11 17:37:05,486][flwr][INFO] - 	              (48, 0.8541666666666666),
[2024-09-11 17:37:05,486][flwr][INFO] - 	              (49, 0.9375),
[2024-09-11 17:37:05,486][flwr][INFO] - 	              (50, 0.9166666666666666),
[2024-09-11 17:37:05,486][flwr][INFO] - 	              (51, 0.875),
[2024-09-11 17:37:05,486][flwr][INFO] - 	              (52, 0.9166666666666666),
[2024-09-11 17:37:05,486][flwr][INFO] - 	              (53, 0.9375),
[2024-09-11 17:37:05,486][flwr][INFO] - 	              (54, 0.8541666666666666),
[2024-09-11 17:37:05,487][flwr][INFO] - 	              (55, 0.9375),
[2024-09-11 17:37:05,487][flwr][INFO] - 	              (56, 0.9166666666666666),
[2024-09-11 17:37:05,487][flwr][INFO] - 	              (57, 0.9375),
[2024-09-11 17:37:05,487][flwr][INFO] - 	              (58, 0.8958333333333334),
[2024-09-11 17:37:05,487][flwr][INFO] - 	              (59, 0.9166666666666666),
[2024-09-11 17:37:05,487][flwr][INFO] - 	              (60, 0.9375),
[2024-09-11 17:37:05,487][flwr][INFO] - 	              (61, 0.8958333333333334),
[2024-09-11 17:37:05,487][flwr][INFO] - 	              (62, 0.9583333333333334),
[2024-09-11 17:37:05,487][flwr][INFO] - 	              (63, 0.9791666666666666),
[2024-09-11 17:37:05,487][flwr][INFO] - 	              (64, 0.875),
[2024-09-11 17:37:05,487][flwr][INFO] - 	              (65, 0.9375),
[2024-09-11 17:37:05,487][flwr][INFO] - 	              (66, 0.875),
[2024-09-11 17:37:05,487][flwr][INFO] - 	              (67, 0.9375),
[2024-09-11 17:37:05,487][flwr][INFO] - 	              (68, 0.9583333333333334),
[2024-09-11 17:37:05,487][flwr][INFO] - 	              (69, 0.9791666666666666),
[2024-09-11 17:37:05,487][flwr][INFO] - 	              (70, 0.9375),
[2024-09-11 17:37:05,487][flwr][INFO] - 	              (71, 0.9166666666666666),
[2024-09-11 17:37:05,487][flwr][INFO] - 	              (72, 0.9583333333333334),
[2024-09-11 17:37:05,487][flwr][INFO] - 	              (73, 0.9166666666666666),
[2024-09-11 17:37:05,487][flwr][INFO] - 	              (74, 0.875),
[2024-09-11 17:37:05,487][flwr][INFO] - 	              (75, 0.9166666666666666),
[2024-09-11 17:37:05,487][flwr][INFO] - 	              (76, 1.0),
[2024-09-11 17:37:05,488][flwr][INFO] - 	              (77, 0.9583333333333334),
[2024-09-11 17:37:05,488][flwr][INFO] - 	              (78, 0.9166666666666666),
[2024-09-11 17:37:05,488][flwr][INFO] - 	              (79, 1.0),
[2024-09-11 17:37:05,488][flwr][INFO] - 	              (80, 0.9791666666666666),
[2024-09-11 17:37:05,488][flwr][INFO] - 	              (81, 0.9583333333333334),
[2024-09-11 17:37:05,488][flwr][INFO] - 	              (82, 0.9583333333333334),
[2024-09-11 17:37:05,488][flwr][INFO] - 	              (83, 0.9583333333333334),
[2024-09-11 17:37:05,488][flwr][INFO] - 	              (84, 0.9791666666666666),
[2024-09-11 17:37:05,488][flwr][INFO] - 	              (85, 0.9583333333333334),
[2024-09-11 17:37:05,488][flwr][INFO] - 	              (86, 0.875),
[2024-09-11 17:37:05,488][flwr][INFO] - 	              (87, 0.9375),
[2024-09-11 17:37:05,488][flwr][INFO] - 	              (88, 0.9375),
[2024-09-11 17:37:05,488][flwr][INFO] - 	              (89, 0.9583333333333334),
[2024-09-11 17:37:05,488][flwr][INFO] - 	              (90, 0.8541666666666666),
[2024-09-11 17:37:05,488][flwr][INFO] - 	              (91, 0.8333333333333334),
[2024-09-11 17:37:05,488][flwr][INFO] - 	              (92, 0.9166666666666666),
[2024-09-11 17:37:05,488][flwr][INFO] - 	              (93, 0.8958333333333334),
[2024-09-11 17:37:05,488][flwr][INFO] - 	              (94, 0.9583333333333334),
[2024-09-11 17:37:05,488][flwr][INFO] - 	              (95, 0.9166666666666666),
[2024-09-11 17:37:05,488][flwr][INFO] - 	              (96, 0.9583333333333334),
[2024-09-11 17:37:05,488][flwr][INFO] - 	              (97, 0.9166666666666666),
[2024-09-11 17:37:05,488][flwr][INFO] - 	              (98, 0.9166666666666666),
[2024-09-11 17:37:05,488][flwr][INFO] - 	              (99, 0.9583333333333334),
[2024-09-11 17:37:05,489][flwr][INFO] - 	              (100, 0.8958333333333334)]}
[2024-09-11 17:37:05,489][flwr][INFO] - 	History (metrics, centralized):
[2024-09-11 17:37:05,489][flwr][INFO] - 	{'accuracy': [(0, 0.17772581116632563),
[2024-09-11 17:37:05,489][flwr][INFO] - 	              (1, 0.41128325051154635),
[2024-09-11 17:37:05,489][flwr][INFO] - 	              (2, 0.3931598947676118),
[2024-09-11 17:37:05,489][flwr][INFO] - 	              (3, 0.6778719672610348),
[2024-09-11 17:37:05,489][flwr][INFO] - 	              (4, 0.7424729611224788),
[2024-09-11 17:37:05,489][flwr][INFO] - 	              (5, 0.8363051739257527),
[2024-09-11 17:37:05,489][flwr][INFO] - 	              (6, 0.8485822858813212),
[2024-09-11 17:37:05,489][flwr][INFO] - 	              (7, 0.8921368021046477),
[2024-09-11 17:37:05,489][flwr][INFO] - 	              (8, 0.8760596316866414),
[2024-09-11 17:37:05,489][flwr][INFO] - 	              (9, 0.8558900906167787),
[2024-09-11 17:37:05,489][flwr][INFO] - 	              (10, 0.7746273019584917),
[2024-09-11 17:37:05,489][flwr][INFO] - 	              (11, 0.9023677287342882),
[2024-09-11 17:37:05,489][flwr][INFO] - 	              (12, 0.8462437883659749),
[2024-09-11 17:37:05,489][flwr][INFO] - 	              (13, 0.9114294066062555),
[2024-09-11 17:37:05,489][flwr][INFO] - 	              (14, 0.8851213095586086),
[2024-09-11 17:37:05,489][flwr][INFO] - 	              (15, 0.9090909090909091),
[2024-09-11 17:37:05,489][flwr][INFO] - 	              (16, 0.9163987138263665),
[2024-09-11 17:37:05,489][flwr][INFO] - 	              (17, 0.9277988892136803),
[2024-09-11 17:37:05,489][flwr][INFO] - 	              (18, 0.9017831043554516),
[2024-09-11 17:37:05,489][flwr][INFO] - 	              (19, 0.9146448406898567),
[2024-09-11 17:37:05,490][flwr][INFO] - 	              (20, 0.912014030985092),
[2024-09-11 17:37:05,490][flwr][INFO] - 	              (21, 0.9131832797427653),
[2024-09-11 17:37:05,490][flwr][INFO] - 	              (22, 0.9225372698041509),
[2024-09-11 17:37:05,490][flwr][INFO] - 	              (23, 0.8608593978368898),
[2024-09-11 17:37:05,490][flwr][INFO] - 	              (24, 0.8971061093247589),
[2024-09-11 17:37:05,490][flwr][INFO] - 	              (25, 0.8500438468284127),
[2024-09-11 17:37:05,490][flwr][INFO] - 	              (26, 0.9397836889798304),
[2024-09-11 17:37:05,490][flwr][INFO] - 	              (27, 0.8561824028061971),
[2024-09-11 17:37:05,490][flwr][INFO] - 	              (28, 0.9248757673194973),
[2024-09-11 17:37:05,490][flwr][INFO] - 	              (29, 0.8725518854136217),
[2024-09-11 17:37:05,490][flwr][INFO] - 	              (30, 0.9029523531131248),
[2024-09-11 17:37:05,490][flwr][INFO] - 	              (31, 0.8959368605670857),
[2024-09-11 17:37:05,490][flwr][INFO] - 	              (32, 0.9348143817597194),
[2024-09-11 17:37:05,490][flwr][INFO] - 	              (33, 0.9260450160771704),
[2024-09-11 17:37:05,490][flwr][INFO] - 	              (34, 0.9424144986845951),
[2024-09-11 17:37:05,490][flwr][INFO] - 	              (35, 0.9047062262496346),
[2024-09-11 17:37:05,490][flwr][INFO] - 	              (36, 0.9067524115755627),
[2024-09-11 17:37:05,490][flwr][INFO] - 	              (37, 0.9351066939491377),
[2024-09-11 17:37:05,490][flwr][INFO] - 	              (38, 0.9327681964337913),
[2024-09-11 17:37:05,490][flwr][INFO] - 	              (39, 0.9228295819935691),
[2024-09-11 17:37:05,490][flwr][INFO] - 	              (40, 0.8251973107278574),
[2024-09-11 17:37:05,490][flwr][INFO] - 	              (41, 0.9163987138263665),
[2024-09-11 17:37:05,490][flwr][INFO] - 	              (42, 0.9365682548962292),
[2024-09-11 17:37:05,490][flwr][INFO] - 	              (43, 0.9014907921660333),
[2024-09-11 17:37:05,491][flwr][INFO] - 	              (44, 0.9409529377375037),
[2024-09-11 17:37:05,491][flwr][INFO] - 	              (45, 0.9011984799766151),
[2024-09-11 17:37:05,491][flwr][INFO] - 	              (46, 0.8766442560654779),
[2024-09-11 17:37:05,491][flwr][INFO] - 	              (47, 0.9193218357205496),
[2024-09-11 17:37:05,491][flwr][INFO] - 	              (48, 0.9307220111078632),
[2024-09-11 17:37:05,491][flwr][INFO] - 	              (49, 0.9289681379713534),
[2024-09-11 17:37:05,491][flwr][INFO] - 	              (50, 0.9061677871967261),
[2024-09-11 17:37:05,491][flwr][INFO] - 	              (51, 0.9228295819935691),
[2024-09-11 17:37:05,491][flwr][INFO] - 	              (52, 0.9123063431745104),
[2024-09-11 17:37:05,491][flwr][INFO] - 	              (53, 0.9166910260157849),
[2024-09-11 17:37:05,491][flwr][INFO] - 	              (54, 0.9286758257819351),
[2024-09-11 17:37:05,491][flwr][INFO] - 	              (55, 0.9140602163110202),
[2024-09-11 17:37:05,491][flwr][INFO] - 	              (56, 0.9315989476761181),
[2024-09-11 17:37:05,491][flwr][INFO] - 	              (57, 0.9298450745396083),
[2024-09-11 17:37:05,491][flwr][INFO] - 	              (58, 0.9318912598655364),
[2024-09-11 17:37:05,491][flwr][INFO] - 	              (59, 0.9269219526454253),
[2024-09-11 17:37:05,491][flwr][INFO] - 	              (60, 0.9386144402221572),
[2024-09-11 17:37:05,491][flwr][INFO] - 	              (61, 0.9131832797427653),
[2024-09-11 17:37:05,491][flwr][INFO] - 	              (62, 0.9058754750073078),
[2024-09-11 17:37:05,491][flwr][INFO] - 	              (63, 0.9263373282665888),
[2024-09-11 17:37:05,491][flwr][INFO] - 	              (64, 0.91581408944753),
[2024-09-11 17:37:05,491][flwr][INFO] - 	              (65, 0.9263373282665888),
[2024-09-11 17:37:05,491][flwr][INFO] - 	              (66, 0.9327681964337913),
[2024-09-11 17:37:05,491][flwr][INFO] - 	              (67, 0.9251680795089156),
[2024-09-11 17:37:05,492][flwr][INFO] - 	              (68, 0.9140602163110202),
[2024-09-11 17:37:05,492][flwr][INFO] - 	              (69, 0.9362759427068109),
[2024-09-11 17:37:05,492][flwr][INFO] - 	              (70, 0.9076293481438176),
[2024-09-11 17:37:05,492][flwr][INFO] - 	              (71, 0.9289681379713534),
[2024-09-11 17:37:05,492][flwr][INFO] - 	              (72, 0.9406606255480854),
[2024-09-11 17:37:05,492][flwr][INFO] - 	              (73, 0.9371528792750657),
[2024-09-11 17:37:05,492][flwr][INFO] - 	              (74, 0.9321835720549547),
[2024-09-11 17:37:05,492][flwr][INFO] - 	              (75, 0.9342297573808828),
[2024-09-11 17:37:05,492][flwr][INFO] - 	              (76, 0.9412452499269219),
[2024-09-11 17:37:05,492][flwr][INFO] - 	              (77, 0.9327681964337913),
[2024-09-11 17:37:05,492][flwr][INFO] - 	              (78, 0.9248757673194973),
[2024-09-11 17:37:05,492][flwr][INFO] - 	              (79, 0.9438760596316866),
[2024-09-11 17:37:05,492][flwr][INFO] - 	              (80, 0.9400760011692487),
[2024-09-11 17:37:05,492][flwr][INFO] - 	              (81, 0.9386144402221572),
[2024-09-11 17:37:05,492][flwr][INFO] - 	              (82, 0.9082139725226542),
[2024-09-11 17:37:05,492][flwr][INFO] - 	              (83, 0.9435837474422684),
[2024-09-11 17:37:05,492][flwr][INFO] - 	              (84, 0.937445191464484),
[2024-09-11 17:37:05,492][flwr][INFO] - 	              (85, 0.9362759427068109),
[2024-09-11 17:37:05,492][flwr][INFO] - 	              (86, 0.9391990646009939),
[2024-09-11 17:37:05,492][flwr][INFO] - 	              (87, 0.9181525869628764),
[2024-09-11 17:37:05,492][flwr][INFO] - 	              (88, 0.9327681964337913),
[2024-09-11 17:37:05,492][flwr][INFO] - 	              (89, 0.9429991230634317),
[2024-09-11 17:37:05,492][flwr][INFO] - 	              (90, 0.8734288219818767),
[2024-09-11 17:37:05,492][flwr][INFO] - 	              (91, 0.8690441391406022),
[2024-09-11 17:37:05,493][flwr][INFO] - 	              (92, 0.9181525869628764),
[2024-09-11 17:37:05,493][flwr][INFO] - 	              (93, 0.9429991230634317),
[2024-09-11 17:37:05,493][flwr][INFO] - 	              (94, 0.9313066354866998),
[2024-09-11 17:37:05,493][flwr][INFO] - 	              (95, 0.9409529377375037),
[2024-09-11 17:37:05,493][flwr][INFO] - 	              (96, 0.9429991230634317),
[2024-09-11 17:37:05,493][flwr][INFO] - 	              (97, 0.9391990646009939),
[2024-09-11 17:37:05,493][flwr][INFO] - 	              (98, 0.9222449576147326),
[2024-09-11 17:37:05,493][flwr][INFO] - 	              (99, 0.9435837474422684),
[2024-09-11 17:37:05,493][flwr][INFO] - 	              (100, 0.9140602163110202)]}
[2024-09-11 17:37:05,493][flwr][INFO] - 
