[2024-09-09 11:37:22,903][flwr][INFO] - Starting Flower simulation, config: num_rounds=100, no round_timeout
[2024-09-09 11:37:26,106][flwr][INFO] - Flower VCE: Ray initialized with resources: {'node:__internal_head__': 1.0, 'GPU': 1.0, 'accelerator_type:G': 1.0, 'CPU': 256.0, 'object_store_memory': 76709035622.0, 'node:115.145.172.224': 1.0, 'memory': 168987749786.0}
[2024-09-09 11:37:26,106][flwr][INFO] - Optimize your simulation with Flower VCE: https://flower.ai/docs/framework/how-to-run-simulations.html
[2024-09-09 11:37:26,106][flwr][INFO] - Flower VCE: Resources for each Virtual Client: {'num_cpus': 24, 'num_gpus': 0.125}
[2024-09-09 11:37:26,126][flwr][INFO] - Flower VCE: Creating VirtualClientEngineActorPool with 8 actors
[2024-09-09 11:37:26,126][flwr][INFO] - [INIT]
[2024-09-09 11:37:26,126][flwr][INFO] - Requesting initial parameters from one random client
[2024-09-09 11:37:30,288][flwr][INFO] - Received initial parameters from one random client
[2024-09-09 11:37:30,289][flwr][INFO] - Evaluating initial global parameters
[2024-09-09 11:38:29,677][flwr][INFO] - initial parameters (loss, other metrics): 3238.769613265991, {'accuracy': 0.04426818950930626}
[2024-09-09 11:38:29,678][flwr][INFO] - 
[2024-09-09 11:38:29,678][flwr][INFO] - [ROUND 1]
[2024-09-09 11:38:29,678][flwr][INFO] - configure_fit: strategy sampled 5 clients (out of 50)
[2024-09-09 11:39:08,182][flwr][INFO] - aggregate_fit: received 5 results and 0 failures
[2024-09-09 11:39:08,406][flwr][WARNING] - No fit_metrics_aggregation_fn provided
[2024-09-09 11:40:04,097][flwr][INFO] - fit progress: (1, 2367.881017446518, {'accuracy': 0.3246404399323181}, 94.41896810894832)
[2024-09-09 11:40:04,097][flwr][INFO] - configure_evaluate: strategy sampled 2 clients (out of 50)
[2024-09-09 11:40:05,825][flwr][INFO] - aggregate_evaluate: received 2 results and 0 failures
[2024-09-09 11:40:05,825][flwr][WARNING] - No evaluate_metrics_aggregation_fn provided
[2024-09-09 11:40:05,825][flwr][INFO] - 
[2024-09-09 11:40:05,825][flwr][INFO] - [ROUND 2]
[2024-09-09 11:40:05,826][flwr][INFO] - configure_fit: strategy sampled 5 clients (out of 50)
[2024-09-09 11:40:44,404][flwr][INFO] - aggregate_fit: received 5 results and 0 failures
[2024-09-09 11:41:33,756][flwr][INFO] - fit progress: (2, 2269.6820896863937, {'accuracy': 0.40086717428087987}, 184.07797926012427)
[2024-09-09 11:41:33,756][flwr][INFO] - configure_evaluate: strategy sampled 2 clients (out of 50)
[2024-09-09 11:41:35,425][flwr][INFO] - aggregate_evaluate: received 2 results and 0 failures
[2024-09-09 11:41:35,425][flwr][INFO] - 
[2024-09-09 11:41:35,425][flwr][INFO] - [ROUND 3]
[2024-09-09 11:41:35,425][flwr][INFO] - configure_fit: strategy sampled 5 clients (out of 50)
[2024-09-09 11:42:11,157][flwr][INFO] - aggregate_fit: received 5 results and 0 failures
[2024-09-09 11:43:01,826][flwr][INFO] - fit progress: (3, 2604.26736164093, {'accuracy': 0.41070219966159055}, 272.1489383680746)
[2024-09-09 11:43:01,827][flwr][INFO] - configure_evaluate: strategy sampled 2 clients (out of 50)
[2024-09-09 11:43:03,302][flwr][INFO] - aggregate_evaluate: received 2 results and 0 failures
[2024-09-09 11:43:03,302][flwr][INFO] - 
[2024-09-09 11:43:03,302][flwr][INFO] - [ROUND 4]
[2024-09-09 11:43:03,302][flwr][INFO] - configure_fit: strategy sampled 5 clients (out of 50)
[2024-09-09 11:43:44,275][flwr][INFO] - aggregate_fit: received 5 results and 0 failures
[2024-09-09 11:44:35,517][flwr][INFO] - fit progress: (4, 2179.205662250519, {'accuracy': 0.3471023688663283}, 365.83915143087506)
[2024-09-09 11:44:35,517][flwr][INFO] - configure_evaluate: strategy sampled 2 clients (out of 50)
[2024-09-09 11:44:37,139][flwr][INFO] - aggregate_evaluate: received 2 results and 0 failures
[2024-09-09 11:44:37,140][flwr][INFO] - 
[2024-09-09 11:44:37,140][flwr][INFO] - [ROUND 5]
[2024-09-09 11:44:37,140][flwr][INFO] - configure_fit: strategy sampled 5 clients (out of 50)
[2024-09-09 11:45:16,874][flwr][INFO] - aggregate_fit: received 5 results and 0 failures
[2024-09-09 11:46:07,313][flwr][INFO] - fit progress: (5, 2677.7790070176125, {'accuracy': 0.36861252115059223}, 457.63577522384)
[2024-09-09 11:46:07,314][flwr][INFO] - configure_evaluate: strategy sampled 2 clients (out of 50)
[2024-09-09 11:46:08,911][flwr][INFO] - aggregate_evaluate: received 2 results and 0 failures
[2024-09-09 11:46:08,912][flwr][INFO] - 
[2024-09-09 11:46:08,912][flwr][INFO] - [ROUND 6]
[2024-09-09 11:46:08,913][flwr][INFO] - configure_fit: strategy sampled 5 clients (out of 50)
[2024-09-09 11:46:47,228][flwr][INFO] - aggregate_fit: received 5 results and 0 failures
[2024-09-09 11:47:37,722][flwr][INFO] - fit progress: (6, 2028.526384651661, {'accuracy': 0.4602580372250423}, 548.0443784291856)
[2024-09-09 11:47:37,722][flwr][INFO] - configure_evaluate: strategy sampled 2 clients (out of 50)
[2024-09-09 11:47:39,704][flwr][INFO] - aggregate_evaluate: received 2 results and 0 failures
[2024-09-09 11:47:39,704][flwr][INFO] - 
[2024-09-09 11:47:39,704][flwr][INFO] - [ROUND 7]
[2024-09-09 11:47:39,704][flwr][INFO] - configure_fit: strategy sampled 5 clients (out of 50)
[2024-09-09 11:48:20,226][flwr][INFO] - aggregate_fit: received 5 results and 0 failures
[2024-09-09 11:49:11,185][flwr][INFO] - fit progress: (7, 2185.853617846966, {'accuracy': 0.5026649746192894}, 641.5075059561059)
[2024-09-09 11:49:11,185][flwr][INFO] - configure_evaluate: strategy sampled 2 clients (out of 50)
[2024-09-09 11:49:12,934][flwr][INFO] - aggregate_evaluate: received 2 results and 0 failures
[2024-09-09 11:49:12,935][flwr][INFO] - 
[2024-09-09 11:49:12,935][flwr][INFO] - [ROUND 8]
[2024-09-09 11:49:12,935][flwr][INFO] - configure_fit: strategy sampled 5 clients (out of 50)
[2024-09-09 11:49:46,538][flwr][INFO] - aggregate_fit: received 5 results and 0 failures
[2024-09-09 11:50:41,033][flwr][INFO] - fit progress: (8, 2308.1606316566467, {'accuracy': 0.3291455160744501}, 731.3554655611515)
[2024-09-09 11:50:41,034][flwr][INFO] - configure_evaluate: strategy sampled 2 clients (out of 50)
[2024-09-09 11:50:42,809][flwr][INFO] - aggregate_evaluate: received 2 results and 0 failures
[2024-09-09 11:50:42,809][flwr][INFO] - 
[2024-09-09 11:50:42,809][flwr][INFO] - [ROUND 9]
[2024-09-09 11:50:42,810][flwr][INFO] - configure_fit: strategy sampled 5 clients (out of 50)
[2024-09-09 11:51:19,468][flwr][INFO] - aggregate_fit: received 5 results and 0 failures
[2024-09-09 11:52:14,219][flwr][INFO] - fit progress: (9, 3134.1529515981674, {'accuracy': 0.24382402707275805}, 824.5411420199089)
[2024-09-09 11:52:14,219][flwr][INFO] - configure_evaluate: strategy sampled 2 clients (out of 50)
[2024-09-09 11:52:16,093][flwr][INFO] - aggregate_evaluate: received 2 results and 0 failures
[2024-09-09 11:52:16,093][flwr][INFO] - 
[2024-09-09 11:52:16,093][flwr][INFO] - [ROUND 10]
[2024-09-09 11:52:16,093][flwr][INFO] - configure_fit: strategy sampled 5 clients (out of 50)
[2024-09-09 11:52:44,403][flwr][INFO] - aggregate_fit: received 5 results and 0 failures
[2024-09-09 11:53:35,407][flwr][INFO] - fit progress: (10, 3301.9579483270645, {'accuracy': 0.2825296108291032}, 905.729812304955)
[2024-09-09 11:53:35,408][flwr][INFO] - configure_evaluate: strategy sampled 2 clients (out of 50)
[2024-09-09 11:53:36,911][flwr][INFO] - aggregate_evaluate: received 2 results and 0 failures
[2024-09-09 11:53:36,911][flwr][INFO] - 
[2024-09-09 11:53:36,911][flwr][INFO] - [ROUND 11]
[2024-09-09 11:53:36,911][flwr][INFO] - configure_fit: strategy sampled 5 clients (out of 50)
[2024-09-09 11:54:09,470][flwr][INFO] - aggregate_fit: received 5 results and 0 failures
[2024-09-09 11:55:00,195][flwr][INFO] - fit progress: (11, 2911.372879266739, {'accuracy': 0.3946065989847716}, 990.5170580181293)
[2024-09-09 11:55:00,195][flwr][INFO] - configure_evaluate: strategy sampled 2 clients (out of 50)
[2024-09-09 11:55:01,897][flwr][INFO] - aggregate_evaluate: received 2 results and 0 failures
[2024-09-09 11:55:01,897][flwr][INFO] - 
[2024-09-09 11:55:01,897][flwr][INFO] - [ROUND 12]
[2024-09-09 11:55:01,898][flwr][INFO] - configure_fit: strategy sampled 5 clients (out of 50)
[2024-09-09 11:55:41,469][flwr][INFO] - aggregate_fit: received 5 results and 0 failures
[2024-09-09 11:56:35,369][flwr][INFO] - fit progress: (12, 2082.434121966362, {'accuracy': 0.502580372250423}, 1085.6915333908983)
[2024-09-09 11:56:35,369][flwr][INFO] - configure_evaluate: strategy sampled 2 clients (out of 50)
[2024-09-09 11:56:36,996][flwr][INFO] - aggregate_evaluate: received 2 results and 0 failures
[2024-09-09 11:56:36,997][flwr][INFO] - 
[2024-09-09 11:56:36,997][flwr][INFO] - [ROUND 13]
[2024-09-09 11:56:36,997][flwr][INFO] - configure_fit: strategy sampled 5 clients (out of 50)
[2024-09-09 11:57:15,588][flwr][INFO] - aggregate_fit: received 5 results and 0 failures
[2024-09-09 11:58:06,056][flwr][INFO] - fit progress: (13, 2114.6987457871437, {'accuracy': 0.46634940778341794}, 1176.3783043082803)
[2024-09-09 11:58:06,056][flwr][INFO] - configure_evaluate: strategy sampled 2 clients (out of 50)
[2024-09-09 11:58:07,665][flwr][INFO] - aggregate_evaluate: received 2 results and 0 failures
[2024-09-09 11:58:07,665][flwr][INFO] - 
[2024-09-09 11:58:07,665][flwr][INFO] - [ROUND 14]
[2024-09-09 11:58:07,665][flwr][INFO] - configure_fit: strategy sampled 5 clients (out of 50)
[2024-09-09 11:58:44,181][flwr][INFO] - aggregate_fit: received 5 results and 0 failures
[2024-09-09 11:59:34,683][flwr][INFO] - fit progress: (14, 2106.4714582562447, {'accuracy': 0.49014382402707274}, 1265.005276440177)
[2024-09-09 11:59:34,683][flwr][INFO] - configure_evaluate: strategy sampled 2 clients (out of 50)
[2024-09-09 11:59:36,520][flwr][INFO] - aggregate_evaluate: received 2 results and 0 failures
[2024-09-09 11:59:36,521][flwr][INFO] - 
[2024-09-09 11:59:36,521][flwr][INFO] - [ROUND 15]
[2024-09-09 11:59:36,522][flwr][INFO] - configure_fit: strategy sampled 5 clients (out of 50)
[2024-09-09 12:00:12,925][flwr][INFO] - aggregate_fit: received 5 results and 0 failures
[2024-09-09 12:01:02,891][flwr][INFO] - fit progress: (15, 1942.0791889429092, {'accuracy': 0.48582910321489003}, 1353.2132561942562)
[2024-09-09 12:01:02,891][flwr][INFO] - configure_evaluate: strategy sampled 2 clients (out of 50)
[2024-09-09 12:01:04,666][flwr][INFO] - aggregate_evaluate: received 2 results and 0 failures
[2024-09-09 12:01:04,666][flwr][INFO] - 
[2024-09-09 12:01:04,666][flwr][INFO] - [ROUND 16]
[2024-09-09 12:01:04,666][flwr][INFO] - configure_fit: strategy sampled 5 clients (out of 50)
[2024-09-09 12:01:34,147][flwr][INFO] - aggregate_fit: received 5 results and 0 failures
[2024-09-09 12:02:24,117][flwr][INFO] - fit progress: (16, 3679.897162079811, {'accuracy': 0.3096446700507614}, 1434.4395148339681)
[2024-09-09 12:02:24,118][flwr][INFO] - configure_evaluate: strategy sampled 2 clients (out of 50)
[2024-09-09 12:02:25,678][flwr][INFO] - aggregate_evaluate: received 2 results and 0 failures
[2024-09-09 12:02:25,678][flwr][INFO] - 
[2024-09-09 12:02:25,678][flwr][INFO] - [ROUND 17]
[2024-09-09 12:02:25,679][flwr][INFO] - configure_fit: strategy sampled 5 clients (out of 50)
[2024-09-09 12:03:00,626][flwr][INFO] - aggregate_fit: received 5 results and 0 failures
[2024-09-09 12:03:54,959][flwr][INFO] - fit progress: (17, 2883.611645579338, {'accuracy': 0.24536802030456853}, 1525.281924126204)
[2024-09-09 12:03:54,960][flwr][INFO] - configure_evaluate: strategy sampled 2 clients (out of 50)
[2024-09-09 12:03:56,780][flwr][INFO] - aggregate_evaluate: received 2 results and 0 failures
[2024-09-09 12:03:56,780][flwr][INFO] - 
[2024-09-09 12:03:56,780][flwr][INFO] - [ROUND 18]
[2024-09-09 12:03:56,781][flwr][INFO] - configure_fit: strategy sampled 5 clients (out of 50)
[2024-09-09 12:04:34,135][flwr][INFO] - aggregate_fit: received 5 results and 0 failures
[2024-09-09 12:05:25,336][flwr][INFO] - fit progress: (18, 1866.4809960126877, {'accuracy': 0.5575930626057529}, 1615.6584763489664)
[2024-09-09 12:05:25,337][flwr][INFO] - configure_evaluate: strategy sampled 2 clients (out of 50)
[2024-09-09 12:05:27,239][flwr][INFO] - aggregate_evaluate: received 2 results and 0 failures
[2024-09-09 12:05:27,239][flwr][INFO] - 
[2024-09-09 12:05:27,239][flwr][INFO] - [ROUND 19]
[2024-09-09 12:05:27,239][flwr][INFO] - configure_fit: strategy sampled 5 clients (out of 50)
[2024-09-09 12:06:01,191][flwr][INFO] - aggregate_fit: received 5 results and 0 failures
[2024-09-09 12:06:53,489][flwr][INFO] - fit progress: (19, 2322.081538796425, {'accuracy': 0.4044839255499154}, 1703.8116366141476)
[2024-09-09 12:06:53,490][flwr][INFO] - configure_evaluate: strategy sampled 2 clients (out of 50)
[2024-09-09 12:06:55,014][flwr][INFO] - aggregate_evaluate: received 2 results and 0 failures
[2024-09-09 12:06:55,015][flwr][INFO] - 
[2024-09-09 12:06:55,015][flwr][INFO] - [ROUND 20]
[2024-09-09 12:06:55,015][flwr][INFO] - configure_fit: strategy sampled 5 clients (out of 50)
[2024-09-09 12:07:28,520][flwr][INFO] - aggregate_fit: received 5 results and 0 failures
[2024-09-09 12:08:24,686][flwr][INFO] - fit progress: (20, 2448.8275566101074, {'accuracy': 0.30833333333333335}, 1795.0083006899804)
[2024-09-09 12:08:24,686][flwr][INFO] - configure_evaluate: strategy sampled 2 clients (out of 50)
[2024-09-09 12:08:26,209][flwr][INFO] - aggregate_evaluate: received 2 results and 0 failures
[2024-09-09 12:08:26,209][flwr][INFO] - 
[2024-09-09 12:08:26,209][flwr][INFO] - [ROUND 21]
[2024-09-09 12:08:26,210][flwr][INFO] - configure_fit: strategy sampled 5 clients (out of 50)
[2024-09-09 12:09:04,574][flwr][INFO] - aggregate_fit: received 5 results and 0 failures
[2024-09-09 12:09:57,949][flwr][INFO] - fit progress: (21, 2345.146171450615, {'accuracy': 0.5267554991539763}, 1888.271105482243)
[2024-09-09 12:09:57,949][flwr][INFO] - configure_evaluate: strategy sampled 2 clients (out of 50)
[2024-09-09 12:09:59,741][flwr][INFO] - aggregate_evaluate: received 2 results and 0 failures
[2024-09-09 12:09:59,742][flwr][INFO] - 
[2024-09-09 12:09:59,742][flwr][INFO] - [ROUND 22]
[2024-09-09 12:09:59,742][flwr][INFO] - configure_fit: strategy sampled 5 clients (out of 50)
[2024-09-09 12:10:39,703][flwr][INFO] - aggregate_fit: received 5 results and 0 failures
[2024-09-09 12:11:33,448][flwr][INFO] - fit progress: (22, 2318.186332523823, {'accuracy': 0.40025380710659897}, 1983.7703370931558)
[2024-09-09 12:11:33,448][flwr][INFO] - configure_evaluate: strategy sampled 2 clients (out of 50)
[2024-09-09 12:11:34,957][flwr][INFO] - aggregate_evaluate: received 2 results and 0 failures
[2024-09-09 12:11:34,957][flwr][INFO] - 
[2024-09-09 12:11:34,957][flwr][INFO] - [ROUND 23]
[2024-09-09 12:11:34,958][flwr][INFO] - configure_fit: strategy sampled 5 clients (out of 50)
[2024-09-09 12:12:04,679][flwr][INFO] - aggregate_fit: received 5 results and 0 failures
[2024-09-09 12:12:54,680][flwr][INFO] - fit progress: (23, 2633.87355363369, {'accuracy': 0.2572335025380711}, 2065.002832500264)
[2024-09-09 12:12:54,681][flwr][INFO] - configure_evaluate: strategy sampled 2 clients (out of 50)
[2024-09-09 12:12:56,519][flwr][INFO] - aggregate_evaluate: received 2 results and 0 failures
[2024-09-09 12:12:56,520][flwr][INFO] - 
[2024-09-09 12:12:56,520][flwr][INFO] - [ROUND 24]
[2024-09-09 12:12:56,520][flwr][INFO] - configure_fit: strategy sampled 5 clients (out of 50)
[2024-09-09 12:13:25,169][flwr][INFO] - aggregate_fit: received 5 results and 0 failures
[2024-09-09 12:14:16,992][flwr][INFO] - fit progress: (24, 2475.0634182691574, {'accuracy': 0.33862098138747887}, 2147.314055477269)
[2024-09-09 12:14:16,992][flwr][INFO] - configure_evaluate: strategy sampled 2 clients (out of 50)
[2024-09-09 12:14:19,006][flwr][INFO] - aggregate_evaluate: received 2 results and 0 failures
[2024-09-09 12:14:19,006][flwr][INFO] - 
[2024-09-09 12:14:19,006][flwr][INFO] - [ROUND 25]
[2024-09-09 12:14:19,007][flwr][INFO] - configure_fit: strategy sampled 5 clients (out of 50)
[2024-09-09 12:14:50,241][flwr][INFO] - aggregate_fit: received 5 results and 0 failures
[2024-09-09 12:15:41,096][flwr][INFO] - fit progress: (25, 2836.4473481178284, {'accuracy': 0.33434856175972927}, 2231.4188297670335)
[2024-09-09 12:15:41,097][flwr][INFO] - configure_evaluate: strategy sampled 2 clients (out of 50)
[2024-09-09 12:15:42,794][flwr][INFO] - aggregate_evaluate: received 2 results and 0 failures
[2024-09-09 12:15:42,794][flwr][INFO] - 
[2024-09-09 12:15:42,794][flwr][INFO] - [ROUND 26]
[2024-09-09 12:15:42,795][flwr][INFO] - configure_fit: strategy sampled 5 clients (out of 50)
[2024-09-09 12:16:25,676][flwr][INFO] - aggregate_fit: received 5 results and 0 failures
[2024-09-09 12:17:21,136][flwr][INFO] - fit progress: (26, 1767.4755642414093, {'accuracy': 0.5755499153976311}, 2331.4581538289785)
[2024-09-09 12:17:21,136][flwr][INFO] - configure_evaluate: strategy sampled 2 clients (out of 50)
[2024-09-09 12:17:23,070][flwr][INFO] - aggregate_evaluate: received 2 results and 0 failures
[2024-09-09 12:17:23,070][flwr][INFO] - 
[2024-09-09 12:17:23,070][flwr][INFO] - [ROUND 27]
[2024-09-09 12:17:23,071][flwr][INFO] - configure_fit: strategy sampled 5 clients (out of 50)
[2024-09-09 12:18:06,485][flwr][INFO] - aggregate_fit: received 5 results and 0 failures
[2024-09-09 12:18:56,747][flwr][INFO] - fit progress: (27, 1830.6891586780548, {'accuracy': 0.5471023688663282}, 2427.0695302989334)
[2024-09-09 12:18:56,748][flwr][INFO] - configure_evaluate: strategy sampled 2 clients (out of 50)
[2024-09-09 12:18:58,323][flwr][INFO] - aggregate_evaluate: received 2 results and 0 failures
[2024-09-09 12:18:58,323][flwr][INFO] - 
[2024-09-09 12:18:58,323][flwr][INFO] - [ROUND 28]
[2024-09-09 12:18:58,323][flwr][INFO] - configure_fit: strategy sampled 5 clients (out of 50)
[2024-09-09 12:19:38,420][flwr][INFO] - aggregate_fit: received 5 results and 0 failures
[2024-09-09 12:20:30,028][flwr][INFO] - fit progress: (28, 2124.6354273557663, {'accuracy': 0.44557952622673436}, 2520.350089855958)
[2024-09-09 12:20:30,028][flwr][INFO] - configure_evaluate: strategy sampled 2 clients (out of 50)
[2024-09-09 12:20:32,058][flwr][INFO] - aggregate_evaluate: received 2 results and 0 failures
[2024-09-09 12:20:32,058][flwr][INFO] - 
[2024-09-09 12:20:32,058][flwr][INFO] - [ROUND 29]
[2024-09-09 12:20:32,058][flwr][INFO] - configure_fit: strategy sampled 5 clients (out of 50)
[2024-09-09 12:21:04,799][flwr][INFO] - aggregate_fit: received 5 results and 0 failures
[2024-09-09 12:21:54,800][flwr][INFO] - fit progress: (29, 2318.4222710728645, {'accuracy': 0.3712140439932318}, 2605.12199594127)
[2024-09-09 12:21:54,800][flwr][INFO] - configure_evaluate: strategy sampled 2 clients (out of 50)
[2024-09-09 12:21:56,486][flwr][INFO] - aggregate_evaluate: received 2 results and 0 failures
[2024-09-09 12:21:56,486][flwr][INFO] - 
[2024-09-09 12:21:56,486][flwr][INFO] - [ROUND 30]
[2024-09-09 12:21:56,487][flwr][INFO] - configure_fit: strategy sampled 5 clients (out of 50)
[2024-09-09 12:22:35,508][flwr][INFO] - aggregate_fit: received 5 results and 0 failures
[2024-09-09 12:23:25,855][flwr][INFO] - fit progress: (30, 2314.385491847992, {'accuracy': 0.42673434856175974}, 2696.1773225101642)
[2024-09-09 12:23:25,855][flwr][INFO] - configure_evaluate: strategy sampled 2 clients (out of 50)
[2024-09-09 12:23:27,539][flwr][INFO] - aggregate_evaluate: received 2 results and 0 failures
[2024-09-09 12:23:27,539][flwr][INFO] - 
[2024-09-09 12:23:27,539][flwr][INFO] - [ROUND 31]
[2024-09-09 12:23:27,539][flwr][INFO] - configure_fit: strategy sampled 5 clients (out of 50)
[2024-09-09 12:24:03,949][flwr][INFO] - aggregate_fit: received 5 results and 0 failures
[2024-09-09 12:24:54,691][flwr][INFO] - fit progress: (31, 2195.6306563019753, {'accuracy': 0.40207275803722503}, 2785.0138439689763)
[2024-09-09 12:24:54,692][flwr][INFO] - configure_evaluate: strategy sampled 2 clients (out of 50)
[2024-09-09 12:24:56,137][flwr][INFO] - aggregate_evaluate: received 2 results and 0 failures
[2024-09-09 12:24:56,138][flwr][INFO] - 
[2024-09-09 12:24:56,138][flwr][INFO] - [ROUND 32]
[2024-09-09 12:24:56,138][flwr][INFO] - configure_fit: strategy sampled 5 clients (out of 50)
[2024-09-09 12:25:23,784][flwr][INFO] - aggregate_fit: received 5 results and 0 failures
[2024-09-09 12:26:15,745][flwr][INFO] - fit progress: (32, 3048.303080558777, {'accuracy': 0.22468274111675127}, 2866.067575932946)
[2024-09-09 12:26:15,745][flwr][INFO] - configure_evaluate: strategy sampled 2 clients (out of 50)
[2024-09-09 12:26:17,393][flwr][INFO] - aggregate_evaluate: received 2 results and 0 failures
[2024-09-09 12:26:17,393][flwr][INFO] - 
[2024-09-09 12:26:17,393][flwr][INFO] - [ROUND 33]
[2024-09-09 12:26:17,394][flwr][INFO] - configure_fit: strategy sampled 5 clients (out of 50)
[2024-09-09 12:26:57,397][flwr][INFO] - aggregate_fit: received 5 results and 0 failures
[2024-09-09 12:27:47,356][flwr][INFO] - fit progress: (33, 1683.7089179754257, {'accuracy': 0.5844120135363791}, 2957.6785322320648)
[2024-09-09 12:27:47,356][flwr][INFO] - configure_evaluate: strategy sampled 2 clients (out of 50)
[2024-09-09 12:27:48,984][flwr][INFO] - aggregate_evaluate: received 2 results and 0 failures
[2024-09-09 12:27:48,984][flwr][INFO] - 
[2024-09-09 12:27:48,984][flwr][INFO] - [ROUND 34]
[2024-09-09 12:27:48,984][flwr][INFO] - configure_fit: strategy sampled 5 clients (out of 50)
[2024-09-09 12:28:25,104][flwr][INFO] - aggregate_fit: received 5 results and 0 failures
[2024-09-09 12:29:16,703][flwr][INFO] - fit progress: (34, 1913.1849336624146, {'accuracy': 0.5182318104906938}, 3047.0256428392604)
[2024-09-09 12:29:16,704][flwr][INFO] - configure_evaluate: strategy sampled 2 clients (out of 50)
[2024-09-09 12:29:18,269][flwr][INFO] - aggregate_evaluate: received 2 results and 0 failures
[2024-09-09 12:29:18,269][flwr][INFO] - 
[2024-09-09 12:29:18,269][flwr][INFO] - [ROUND 35]
[2024-09-09 12:29:18,270][flwr][INFO] - configure_fit: strategy sampled 5 clients (out of 50)
[2024-09-09 12:29:50,351][flwr][INFO] - aggregate_fit: received 5 results and 0 failures
[2024-09-09 12:30:40,345][flwr][INFO] - fit progress: (35, 2158.4632246494293, {'accuracy': 0.4436548223350254}, 3130.66750545986)
[2024-09-09 12:30:40,346][flwr][INFO] - configure_evaluate: strategy sampled 2 clients (out of 50)
[2024-09-09 12:30:42,109][flwr][INFO] - aggregate_evaluate: received 2 results and 0 failures
[2024-09-09 12:30:42,109][flwr][INFO] - 
[2024-09-09 12:30:42,110][flwr][INFO] - [ROUND 36]
[2024-09-09 12:30:42,110][flwr][INFO] - configure_fit: strategy sampled 5 clients (out of 50)
[2024-09-09 12:31:14,177][flwr][INFO] - aggregate_fit: received 5 results and 0 failures
[2024-09-09 12:32:05,394][flwr][INFO] - fit progress: (36, 2190.3762283325195, {'accuracy': 0.40939086294416244}, 3215.7165357670747)
[2024-09-09 12:32:05,395][flwr][INFO] - configure_evaluate: strategy sampled 2 clients (out of 50)
[2024-09-09 12:32:07,529][flwr][INFO] - aggregate_evaluate: received 2 results and 0 failures
[2024-09-09 12:32:07,529][flwr][INFO] - 
[2024-09-09 12:32:07,529][flwr][INFO] - [ROUND 37]
[2024-09-09 12:32:07,529][flwr][INFO] - configure_fit: strategy sampled 5 clients (out of 50)
[2024-09-09 12:32:42,611][flwr][INFO] - aggregate_fit: received 5 results and 0 failures
[2024-09-09 12:33:36,486][flwr][INFO] - fit progress: (37, 2047.0953458547592, {'accuracy': 0.4401861252115059}, 3306.808914685156)
[2024-09-09 12:33:36,487][flwr][INFO] - configure_evaluate: strategy sampled 2 clients (out of 50)
[2024-09-09 12:33:38,008][flwr][INFO] - aggregate_evaluate: received 2 results and 0 failures
[2024-09-09 12:33:38,008][flwr][INFO] - 
[2024-09-09 12:33:38,008][flwr][INFO] - [ROUND 38]
[2024-09-09 12:33:38,009][flwr][INFO] - configure_fit: strategy sampled 5 clients (out of 50)
[2024-09-09 12:34:20,787][flwr][INFO] - aggregate_fit: received 5 results and 0 failures
[2024-09-09 12:35:13,523][flwr][INFO] - fit progress: (38, 2319.3411653637886, {'accuracy': 0.47375211505922166}, 3403.8457649541087)
[2024-09-09 12:35:13,524][flwr][INFO] - configure_evaluate: strategy sampled 2 clients (out of 50)
[2024-09-09 12:35:15,042][flwr][INFO] - aggregate_evaluate: received 2 results and 0 failures
[2024-09-09 12:35:15,043][flwr][INFO] - 
[2024-09-09 12:35:15,043][flwr][INFO] - [ROUND 39]
[2024-09-09 12:35:15,043][flwr][INFO] - configure_fit: strategy sampled 5 clients (out of 50)
[2024-09-09 12:35:50,599][flwr][INFO] - aggregate_fit: received 5 results and 0 failures
[2024-09-09 12:36:43,136][flwr][INFO] - fit progress: (39, 2175.584039747715, {'accuracy': 0.48071065989847717}, 3493.4580612489954)
[2024-09-09 12:36:43,136][flwr][INFO] - configure_evaluate: strategy sampled 2 clients (out of 50)
[2024-09-09 12:36:44,665][flwr][INFO] - aggregate_evaluate: received 2 results and 0 failures
[2024-09-09 12:36:44,665][flwr][INFO] - 
[2024-09-09 12:36:44,665][flwr][INFO] - [ROUND 40]
[2024-09-09 12:36:44,666][flwr][INFO] - configure_fit: strategy sampled 5 clients (out of 50)
[2024-09-09 12:37:16,487][flwr][INFO] - aggregate_fit: received 5 results and 0 failures
[2024-09-09 12:38:08,067][flwr][INFO] - fit progress: (40, 2311.640966296196, {'accuracy': 0.44862521150592216}, 3578.3897748710588)
[2024-09-09 12:38:08,068][flwr][INFO] - configure_evaluate: strategy sampled 2 clients (out of 50)
[2024-09-09 12:38:10,011][flwr][INFO] - aggregate_evaluate: received 2 results and 0 failures
[2024-09-09 12:38:10,011][flwr][INFO] - 
[2024-09-09 12:38:10,011][flwr][INFO] - [ROUND 41]
[2024-09-09 12:38:10,012][flwr][INFO] - configure_fit: strategy sampled 5 clients (out of 50)
[2024-09-09 12:38:45,254][flwr][INFO] - aggregate_fit: received 5 results and 0 failures
[2024-09-09 12:39:36,916][flwr][INFO] - fit progress: (41, 2713.4257618784904, {'accuracy': 0.4090947546531303}, 3667.238926574122)
[2024-09-09 12:39:36,917][flwr][INFO] - configure_evaluate: strategy sampled 2 clients (out of 50)
[2024-09-09 12:39:38,745][flwr][INFO] - aggregate_evaluate: received 2 results and 0 failures
[2024-09-09 12:39:38,746][flwr][INFO] - 
[2024-09-09 12:39:38,746][flwr][INFO] - [ROUND 42]
[2024-09-09 12:39:38,746][flwr][INFO] - configure_fit: strategy sampled 5 clients (out of 50)
[2024-09-09 12:40:14,633][flwr][INFO] - aggregate_fit: received 5 results and 0 failures
[2024-09-09 12:41:15,038][flwr][INFO] - fit progress: (42, 2232.803618013859, {'accuracy': 0.45416666666666666}, 3765.3600777890533)
[2024-09-09 12:41:15,038][flwr][INFO] - configure_evaluate: strategy sampled 2 clients (out of 50)
[2024-09-09 12:41:16,685][flwr][INFO] - aggregate_evaluate: received 2 results and 0 failures
[2024-09-09 12:41:16,685][flwr][INFO] - 
[2024-09-09 12:41:16,685][flwr][INFO] - [ROUND 43]
[2024-09-09 12:41:16,685][flwr][INFO] - configure_fit: strategy sampled 5 clients (out of 50)
[2024-09-09 12:41:54,984][flwr][INFO] - aggregate_fit: received 5 results and 0 failures
[2024-09-09 12:42:56,005][flwr][INFO] - fit progress: (43, 2405.8519508242607, {'accuracy': 0.4836294416243655}, 3866.327280503232)
[2024-09-09 12:42:56,005][flwr][INFO] - configure_evaluate: strategy sampled 2 clients (out of 50)
[2024-09-09 12:42:57,810][flwr][INFO] - aggregate_evaluate: received 2 results and 0 failures
[2024-09-09 12:42:57,811][flwr][INFO] - 
[2024-09-09 12:42:57,811][flwr][INFO] - [ROUND 44]
[2024-09-09 12:42:57,811][flwr][INFO] - configure_fit: strategy sampled 5 clients (out of 50)
[2024-09-09 12:43:32,034][flwr][INFO] - aggregate_fit: received 5 results and 0 failures
[2024-09-09 12:44:28,564][flwr][INFO] - fit progress: (44, 2094.0846750736237, {'accuracy': 0.45642978003384094}, 3958.8861106722616)
[2024-09-09 12:44:28,565][flwr][INFO] - configure_evaluate: strategy sampled 2 clients (out of 50)
[2024-09-09 12:44:30,307][flwr][INFO] - aggregate_evaluate: received 2 results and 0 failures
[2024-09-09 12:44:30,308][flwr][INFO] - 
[2024-09-09 12:44:30,308][flwr][INFO] - [ROUND 45]
[2024-09-09 12:44:30,309][flwr][INFO] - configure_fit: strategy sampled 5 clients (out of 50)
[2024-09-09 12:45:14,204][flwr][INFO] - aggregate_fit: received 5 results and 0 failures
[2024-09-09 12:46:13,045][flwr][INFO] - fit progress: (45, 2176.207324028015, {'accuracy': 0.5666455160744501}, 4063.367698531132)
[2024-09-09 12:46:13,046][flwr][INFO] - configure_evaluate: strategy sampled 2 clients (out of 50)
[2024-09-09 12:46:14,874][flwr][INFO] - aggregate_evaluate: received 2 results and 0 failures
[2024-09-09 12:46:14,875][flwr][INFO] - 
[2024-09-09 12:46:14,875][flwr][INFO] - [ROUND 46]
[2024-09-09 12:46:14,875][flwr][INFO] - configure_fit: strategy sampled 5 clients (out of 50)
[2024-09-09 12:46:50,001][flwr][INFO] - aggregate_fit: received 5 results and 0 failures
[2024-09-09 12:47:46,804][flwr][INFO] - fit progress: (46, 2058.6906683444977, {'accuracy': 0.43225465313028766}, 4157.126301528886)
[2024-09-09 12:47:46,804][flwr][INFO] - configure_evaluate: strategy sampled 2 clients (out of 50)
[2024-09-09 12:47:48,619][flwr][INFO] - aggregate_evaluate: received 2 results and 0 failures
[2024-09-09 12:47:48,620][flwr][INFO] - 
[2024-09-09 12:47:48,620][flwr][INFO] - [ROUND 47]
[2024-09-09 12:47:48,620][flwr][INFO] - configure_fit: strategy sampled 5 clients (out of 50)
[2024-09-09 12:48:19,973][flwr][INFO] - aggregate_fit: received 5 results and 0 failures
[2024-09-09 12:49:21,626][flwr][INFO] - fit progress: (47, 2627.31964468956, {'accuracy': 0.3422800338409476}, 4251.94803883601)
[2024-09-09 12:49:21,626][flwr][INFO] - configure_evaluate: strategy sampled 2 clients (out of 50)
[2024-09-09 12:49:23,371][flwr][INFO] - aggregate_evaluate: received 2 results and 0 failures
[2024-09-09 12:49:23,372][flwr][INFO] - 
[2024-09-09 12:49:23,372][flwr][INFO] - [ROUND 48]
[2024-09-09 12:49:23,372][flwr][INFO] - configure_fit: strategy sampled 5 clients (out of 50)
[2024-09-09 12:50:05,269][flwr][INFO] - aggregate_fit: received 5 results and 0 failures
[2024-09-09 12:51:02,679][flwr][INFO] - fit progress: (48, 2008.5254794359207, {'accuracy': 0.5556049069373943}, 4353.001596195158)
[2024-09-09 12:51:02,680][flwr][INFO] - configure_evaluate: strategy sampled 2 clients (out of 50)
[2024-09-09 12:51:04,261][flwr][INFO] - aggregate_evaluate: received 2 results and 0 failures
[2024-09-09 12:51:04,262][flwr][INFO] - 
[2024-09-09 12:51:04,262][flwr][INFO] - [ROUND 49]
[2024-09-09 12:51:04,262][flwr][INFO] - configure_fit: strategy sampled 5 clients (out of 50)
[2024-09-09 12:51:39,892][flwr][INFO] - aggregate_fit: received 5 results and 0 failures
[2024-09-09 12:52:35,516][flwr][INFO] - fit progress: (49, 2201.6029797792435, {'accuracy': 0.45300338409475466}, 4445.838472429197)
[2024-09-09 12:52:35,517][flwr][INFO] - configure_evaluate: strategy sampled 2 clients (out of 50)
[2024-09-09 12:52:37,340][flwr][INFO] - aggregate_evaluate: received 2 results and 0 failures
[2024-09-09 12:52:37,341][flwr][INFO] - 
[2024-09-09 12:52:37,341][flwr][INFO] - [ROUND 50]
[2024-09-09 12:52:37,341][flwr][INFO] - configure_fit: strategy sampled 5 clients (out of 50)
[2024-09-09 12:53:19,008][flwr][INFO] - aggregate_fit: received 5 results and 0 failures
[2024-09-09 12:54:17,714][flwr][INFO] - fit progress: (50, 2050.65292429924, {'accuracy': 0.5303510998307953}, 4548.036160270218)
[2024-09-09 12:54:17,714][flwr][INFO] - configure_evaluate: strategy sampled 2 clients (out of 50)
[2024-09-09 12:54:19,802][flwr][INFO] - aggregate_evaluate: received 2 results and 0 failures
[2024-09-09 12:54:19,802][flwr][INFO] - 
[2024-09-09 12:54:19,803][flwr][INFO] - [ROUND 51]
[2024-09-09 12:54:19,803][flwr][INFO] - configure_fit: strategy sampled 5 clients (out of 50)
[2024-09-09 12:55:01,932][flwr][INFO] - aggregate_fit: received 5 results and 0 failures
[2024-09-09 12:56:03,102][flwr][INFO] - fit progress: (51, 1894.1558421850204, {'accuracy': 0.5468062605752961}, 4653.424914543983)
[2024-09-09 12:56:03,103][flwr][INFO] - configure_evaluate: strategy sampled 2 clients (out of 50)
[2024-09-09 12:56:05,056][flwr][INFO] - aggregate_evaluate: received 2 results and 0 failures
[2024-09-09 12:56:05,056][flwr][INFO] - 
[2024-09-09 12:56:05,056][flwr][INFO] - [ROUND 52]
[2024-09-09 12:56:05,056][flwr][INFO] - configure_fit: strategy sampled 5 clients (out of 50)
[2024-09-09 12:56:48,423][flwr][INFO] - aggregate_fit: received 5 results and 0 failures
[2024-09-09 12:57:45,107][flwr][INFO] - fit progress: (52, 2823.333032131195, {'accuracy': 0.5087986463620982}, 4755.429163299967)
[2024-09-09 12:57:45,107][flwr][INFO] - configure_evaluate: strategy sampled 2 clients (out of 50)
[2024-09-09 12:57:46,980][flwr][INFO] - aggregate_evaluate: received 2 results and 0 failures
[2024-09-09 12:57:46,980][flwr][INFO] - 
[2024-09-09 12:57:46,980][flwr][INFO] - [ROUND 53]
[2024-09-09 12:57:46,980][flwr][INFO] - configure_fit: strategy sampled 5 clients (out of 50)
[2024-09-09 12:58:22,397][flwr][INFO] - aggregate_fit: received 5 results and 0 failures
[2024-09-09 12:59:22,116][flwr][INFO] - fit progress: (53, 2310.3573793768883, {'accuracy': 0.4538494077834179}, 4852.438093121164)
[2024-09-09 12:59:22,116][flwr][INFO] - configure_evaluate: strategy sampled 2 clients (out of 50)
[2024-09-09 12:59:23,782][flwr][INFO] - aggregate_evaluate: received 2 results and 0 failures
[2024-09-09 12:59:23,782][flwr][INFO] - 
[2024-09-09 12:59:23,782][flwr][INFO] - [ROUND 54]
[2024-09-09 12:59:23,783][flwr][INFO] - configure_fit: strategy sampled 5 clients (out of 50)
[2024-09-09 13:00:06,859][flwr][INFO] - aggregate_fit: received 5 results and 0 failures
[2024-09-09 13:01:02,397][flwr][INFO] - fit progress: (54, 2376.566632270813, {'accuracy': 0.5141497461928934}, 4952.719822701067)
[2024-09-09 13:01:02,398][flwr][INFO] - configure_evaluate: strategy sampled 2 clients (out of 50)
[2024-09-09 13:01:03,894][flwr][INFO] - aggregate_evaluate: received 2 results and 0 failures
[2024-09-09 13:01:03,894][flwr][INFO] - 
[2024-09-09 13:01:03,894][flwr][INFO] - [ROUND 55]
[2024-09-09 13:01:03,895][flwr][INFO] - configure_fit: strategy sampled 5 clients (out of 50)
[2024-09-09 13:01:31,531][flwr][INFO] - aggregate_fit: received 5 results and 0 failures
[2024-09-09 13:02:27,597][flwr][INFO] - fit progress: (55, 2908.797513127327, {'accuracy': 0.35949661590524534}, 5037.919676146004)
[2024-09-09 13:02:27,598][flwr][INFO] - configure_evaluate: strategy sampled 2 clients (out of 50)
[2024-09-09 13:02:29,291][flwr][INFO] - aggregate_evaluate: received 2 results and 0 failures
[2024-09-09 13:02:29,291][flwr][INFO] - 
[2024-09-09 13:02:29,291][flwr][INFO] - [ROUND 56]
[2024-09-09 13:02:29,291][flwr][INFO] - configure_fit: strategy sampled 5 clients (out of 50)
[2024-09-09 13:03:09,885][flwr][INFO] - aggregate_fit: received 5 results and 0 failures
[2024-09-09 13:04:07,196][flwr][INFO] - fit progress: (56, 2197.072207868099, {'accuracy': 0.5026438240270727}, 5137.518146760296)
[2024-09-09 13:04:07,196][flwr][INFO] - configure_evaluate: strategy sampled 2 clients (out of 50)
[2024-09-09 13:04:08,809][flwr][INFO] - aggregate_evaluate: received 2 results and 0 failures
[2024-09-09 13:04:08,810][flwr][INFO] - 
[2024-09-09 13:04:08,810][flwr][INFO] - [ROUND 57]
[2024-09-09 13:04:08,810][flwr][INFO] - configure_fit: strategy sampled 5 clients (out of 50)
[2024-09-09 13:04:42,900][flwr][INFO] - aggregate_fit: received 5 results and 0 failures
[2024-09-09 13:05:40,475][flwr][INFO] - fit progress: (57, 2090.126460850239, {'accuracy': 0.520896785109983}, 5230.797031850088)
[2024-09-09 13:05:40,475][flwr][INFO] - configure_evaluate: strategy sampled 2 clients (out of 50)
[2024-09-09 13:05:42,039][flwr][INFO] - aggregate_evaluate: received 2 results and 0 failures
[2024-09-09 13:05:42,039][flwr][INFO] - 
[2024-09-09 13:05:42,039][flwr][INFO] - [ROUND 58]
[2024-09-09 13:05:42,040][flwr][INFO] - configure_fit: strategy sampled 5 clients (out of 50)
[2024-09-09 13:06:14,956][flwr][INFO] - aggregate_fit: received 5 results and 0 failures
[2024-09-09 13:07:14,060][flwr][INFO] - fit progress: (58, 2730.733580470085, {'accuracy': 0.2993020304568528}, 5324.382755654864)
[2024-09-09 13:07:14,061][flwr][INFO] - configure_evaluate: strategy sampled 2 clients (out of 50)
[2024-09-09 13:07:16,172][flwr][INFO] - aggregate_evaluate: received 2 results and 0 failures
[2024-09-09 13:07:16,173][flwr][INFO] - 
[2024-09-09 13:07:16,173][flwr][INFO] - [ROUND 59]
[2024-09-09 13:07:16,173][flwr][INFO] - configure_fit: strategy sampled 5 clients (out of 50)
[2024-09-09 13:07:53,648][flwr][INFO] - aggregate_fit: received 5 results and 0 failures
[2024-09-09 13:08:51,403][flwr][INFO] - fit progress: (59, 1910.904960513115, {'accuracy': 0.559412013536379}, 5421.725711070932)
[2024-09-09 13:08:51,404][flwr][INFO] - configure_evaluate: strategy sampled 2 clients (out of 50)
[2024-09-09 13:08:53,199][flwr][INFO] - aggregate_evaluate: received 2 results and 0 failures
[2024-09-09 13:08:53,199][flwr][INFO] - 
[2024-09-09 13:08:53,199][flwr][INFO] - [ROUND 60]
[2024-09-09 13:08:53,200][flwr][INFO] - configure_fit: strategy sampled 5 clients (out of 50)
[2024-09-09 13:09:27,567][flwr][INFO] - aggregate_fit: received 5 results and 0 failures
[2024-09-09 13:10:24,678][flwr][INFO] - fit progress: (60, 1939.094914495945, {'accuracy': 0.5246404399323181}, 5515.000472413842)
[2024-09-09 13:10:24,679][flwr][INFO] - configure_evaluate: strategy sampled 2 clients (out of 50)
[2024-09-09 13:10:26,651][flwr][INFO] - aggregate_evaluate: received 2 results and 0 failures
[2024-09-09 13:10:26,652][flwr][INFO] - 
[2024-09-09 13:10:26,652][flwr][INFO] - [ROUND 61]
[2024-09-09 13:10:26,652][flwr][INFO] - configure_fit: strategy sampled 5 clients (out of 50)
[2024-09-09 13:11:03,119][flwr][INFO] - aggregate_fit: received 5 results and 0 failures
[2024-09-09 13:12:00,556][flwr][INFO] - fit progress: (61, 2467.600231051445, {'accuracy': 0.48612521150592214}, 5610.878622562159)
[2024-09-09 13:12:00,556][flwr][INFO] - configure_evaluate: strategy sampled 2 clients (out of 50)
[2024-09-09 13:12:02,252][flwr][INFO] - aggregate_evaluate: received 2 results and 0 failures
[2024-09-09 13:12:02,253][flwr][INFO] - 
[2024-09-09 13:12:02,253][flwr][INFO] - [ROUND 62]
[2024-09-09 13:12:02,253][flwr][INFO] - configure_fit: strategy sampled 5 clients (out of 50)
[2024-09-09 13:12:41,943][flwr][INFO] - aggregate_fit: received 5 results and 0 failures
[2024-09-09 13:13:39,020][flwr][INFO] - fit progress: (62, 1674.5063036680222, {'accuracy': 0.5800972927241963}, 5709.342768705916)
[2024-09-09 13:13:39,021][flwr][INFO] - configure_evaluate: strategy sampled 2 clients (out of 50)
[2024-09-09 13:13:40,658][flwr][INFO] - aggregate_evaluate: received 2 results and 0 failures
[2024-09-09 13:13:40,658][flwr][INFO] - 
[2024-09-09 13:13:40,658][flwr][INFO] - [ROUND 63]
[2024-09-09 13:13:40,658][flwr][INFO] - configure_fit: strategy sampled 5 clients (out of 50)
[2024-09-09 13:14:24,631][flwr][INFO] - aggregate_fit: received 5 results and 0 failures
[2024-09-09 13:15:21,633][flwr][INFO] - fit progress: (63, 1864.7531093358994, {'accuracy': 0.5910321489001692}, 5811.954998239875)
[2024-09-09 13:15:21,633][flwr][INFO] - configure_evaluate: strategy sampled 2 clients (out of 50)
[2024-09-09 13:15:23,054][flwr][INFO] - aggregate_evaluate: received 2 results and 0 failures
[2024-09-09 13:15:23,054][flwr][INFO] - 
[2024-09-09 13:15:23,054][flwr][INFO] - [ROUND 64]
[2024-09-09 13:15:23,055][flwr][INFO] - configure_fit: strategy sampled 5 clients (out of 50)
[2024-09-09 13:15:59,683][flwr][INFO] - aggregate_fit: received 5 results and 0 failures
[2024-09-09 13:16:57,847][flwr][INFO] - fit progress: (64, 2222.6139029860497, {'accuracy': 0.507085448392555}, 5908.169899695087)
[2024-09-09 13:16:57,848][flwr][INFO] - configure_evaluate: strategy sampled 2 clients (out of 50)
[2024-09-09 13:16:59,853][flwr][INFO] - aggregate_evaluate: received 2 results and 0 failures
[2024-09-09 13:16:59,853][flwr][INFO] - 
[2024-09-09 13:16:59,853][flwr][INFO] - [ROUND 65]
[2024-09-09 13:16:59,853][flwr][INFO] - configure_fit: strategy sampled 5 clients (out of 50)
[2024-09-09 13:17:38,075][flwr][INFO] - aggregate_fit: received 5 results and 0 failures
[2024-09-09 13:18:35,276][flwr][INFO] - fit progress: (65, 2605.5445551872253, {'accuracy': 0.4134517766497462}, 6005.597990931943)
[2024-09-09 13:18:35,276][flwr][INFO] - configure_evaluate: strategy sampled 2 clients (out of 50)
[2024-09-09 13:18:36,916][flwr][INFO] - aggregate_evaluate: received 2 results and 0 failures
[2024-09-09 13:18:36,916][flwr][INFO] - 
[2024-09-09 13:18:36,916][flwr][INFO] - [ROUND 66]
[2024-09-09 13:18:36,916][flwr][INFO] - configure_fit: strategy sampled 5 clients (out of 50)
[2024-09-09 13:19:10,433][flwr][INFO] - aggregate_fit: received 5 results and 0 failures
[2024-09-09 13:20:06,206][flwr][INFO] - fit progress: (66, 2582.3859065771103, {'accuracy': 0.32648054145516076}, 6096.528219310101)
[2024-09-09 13:20:06,206][flwr][INFO] - configure_evaluate: strategy sampled 2 clients (out of 50)
[2024-09-09 13:20:07,863][flwr][INFO] - aggregate_evaluate: received 2 results and 0 failures
[2024-09-09 13:20:07,863][flwr][INFO] - 
[2024-09-09 13:20:07,863][flwr][INFO] - [ROUND 67]
[2024-09-09 13:20:07,864][flwr][INFO] - configure_fit: strategy sampled 5 clients (out of 50)
[2024-09-09 13:20:47,426][flwr][INFO] - aggregate_fit: received 5 results and 0 failures
[2024-09-09 13:21:44,536][flwr][INFO] - fit progress: (67, 1841.880398184061, {'accuracy': 0.5663917089678511}, 6194.858913838863)
[2024-09-09 13:21:44,537][flwr][INFO] - configure_evaluate: strategy sampled 2 clients (out of 50)
[2024-09-09 13:21:46,186][flwr][INFO] - aggregate_evaluate: received 2 results and 0 failures
[2024-09-09 13:21:46,186][flwr][INFO] - 
[2024-09-09 13:21:46,186][flwr][INFO] - [ROUND 68]
[2024-09-09 13:21:46,186][flwr][INFO] - configure_fit: strategy sampled 5 clients (out of 50)
[2024-09-09 13:22:22,881][flwr][INFO] - aggregate_fit: received 5 results and 0 failures
[2024-09-09 13:23:23,912][flwr][INFO] - fit progress: (68, 2242.663815677166, {'accuracy': 0.457994923857868}, 6294.234568682034)
[2024-09-09 13:23:23,913][flwr][INFO] - configure_evaluate: strategy sampled 2 clients (out of 50)
[2024-09-09 13:23:25,852][flwr][INFO] - aggregate_evaluate: received 2 results and 0 failures
[2024-09-09 13:23:25,853][flwr][INFO] - 
[2024-09-09 13:23:25,853][flwr][INFO] - [ROUND 69]
[2024-09-09 13:23:25,853][flwr][INFO] - configure_fit: strategy sampled 5 clients (out of 50)
[2024-09-09 13:23:55,352][flwr][INFO] - aggregate_fit: received 5 results and 0 failures
[2024-09-09 13:24:59,017][flwr][INFO] - fit progress: (69, 2770.4223457574844, {'accuracy': 0.3903764805414552}, 6389.339941391256)
[2024-09-09 13:24:59,018][flwr][INFO] - configure_evaluate: strategy sampled 2 clients (out of 50)
[2024-09-09 13:25:00,902][flwr][INFO] - aggregate_evaluate: received 2 results and 0 failures
[2024-09-09 13:25:00,902][flwr][INFO] - 
[2024-09-09 13:25:00,902][flwr][INFO] - [ROUND 70]
[2024-09-09 13:25:00,902][flwr][INFO] - configure_fit: strategy sampled 5 clients (out of 50)
[2024-09-09 13:25:35,995][flwr][INFO] - aggregate_fit: received 5 results and 0 failures
[2024-09-09 13:26:33,969][flwr][INFO] - fit progress: (70, 2189.258038341999, {'accuracy': 0.4631979695431472}, 6484.291256774217)
[2024-09-09 13:26:33,969][flwr][INFO] - configure_evaluate: strategy sampled 2 clients (out of 50)
[2024-09-09 13:26:35,729][flwr][INFO] - aggregate_evaluate: received 2 results and 0 failures
[2024-09-09 13:26:35,730][flwr][INFO] - 
[2024-09-09 13:26:35,730][flwr][INFO] - [ROUND 71]
[2024-09-09 13:26:35,730][flwr][INFO] - configure_fit: strategy sampled 5 clients (out of 50)
[2024-09-09 13:27:10,838][flwr][INFO] - aggregate_fit: received 5 results and 0 failures
[2024-09-09 13:28:07,843][flwr][INFO] - fit progress: (71, 1916.295617878437, {'accuracy': 0.5425549915397632}, 6578.165950015187)
[2024-09-09 13:28:07,844][flwr][INFO] - configure_evaluate: strategy sampled 2 clients (out of 50)
[2024-09-09 13:28:09,585][flwr][INFO] - aggregate_evaluate: received 2 results and 0 failures
[2024-09-09 13:28:09,585][flwr][INFO] - 
[2024-09-09 13:28:09,585][flwr][INFO] - [ROUND 72]
[2024-09-09 13:28:09,586][flwr][INFO] - configure_fit: strategy sampled 5 clients (out of 50)
[2024-09-09 13:28:49,165][flwr][INFO] - aggregate_fit: received 5 results and 0 failures
[2024-09-09 13:29:47,288][flwr][INFO] - fit progress: (72, 2316.2626682519913, {'accuracy': 0.5607656514382403}, 6677.610690725036)
[2024-09-09 13:29:47,289][flwr][INFO] - configure_evaluate: strategy sampled 2 clients (out of 50)
[2024-09-09 13:29:48,808][flwr][INFO] - aggregate_evaluate: received 2 results and 0 failures
[2024-09-09 13:29:48,808][flwr][INFO] - 
[2024-09-09 13:29:48,808][flwr][INFO] - [ROUND 73]
[2024-09-09 13:29:48,808][flwr][INFO] - configure_fit: strategy sampled 5 clients (out of 50)
[2024-09-09 13:30:14,999][flwr][INFO] - aggregate_fit: received 5 results and 0 failures
[2024-09-09 13:31:12,517][flwr][INFO] - fit progress: (73, 3012.846148610115, {'accuracy': 0.33697123519458544}, 6762.839124340098)
[2024-09-09 13:31:12,517][flwr][INFO] - configure_evaluate: strategy sampled 2 clients (out of 50)
[2024-09-09 13:31:14,088][flwr][INFO] - aggregate_evaluate: received 2 results and 0 failures
[2024-09-09 13:31:14,088][flwr][INFO] - 
[2024-09-09 13:31:14,088][flwr][INFO] - [ROUND 74]
[2024-09-09 13:31:14,088][flwr][INFO] - configure_fit: strategy sampled 5 clients (out of 50)
[2024-09-09 13:31:58,136][flwr][INFO] - aggregate_fit: received 5 results and 0 failures
[2024-09-09 13:32:59,200][flwr][INFO] - fit progress: (74, 2816.688072144985, {'accuracy': 0.5038705583756345}, 6869.522274984047)
[2024-09-09 13:32:59,200][flwr][INFO] - configure_evaluate: strategy sampled 2 clients (out of 50)
[2024-09-09 13:33:01,168][flwr][INFO] - aggregate_evaluate: received 2 results and 0 failures
[2024-09-09 13:33:01,169][flwr][INFO] - 
[2024-09-09 13:33:01,169][flwr][INFO] - [ROUND 75]
[2024-09-09 13:33:01,169][flwr][INFO] - configure_fit: strategy sampled 5 clients (out of 50)
[2024-09-09 13:33:40,566][flwr][INFO] - aggregate_fit: received 5 results and 0 failures
[2024-09-09 13:34:37,582][flwr][INFO] - fit progress: (75, 2125.1672429442406, {'accuracy': 0.5137055837563452}, 6967.904423441272)
[2024-09-09 13:34:37,582][flwr][INFO] - configure_evaluate: strategy sampled 2 clients (out of 50)
[2024-09-09 13:34:39,430][flwr][INFO] - aggregate_evaluate: received 2 results and 0 failures
[2024-09-09 13:34:39,430][flwr][INFO] - 
[2024-09-09 13:34:39,430][flwr][INFO] - [ROUND 76]
[2024-09-09 13:34:39,431][flwr][INFO] - configure_fit: strategy sampled 5 clients (out of 50)
[2024-09-09 13:35:20,426][flwr][INFO] - aggregate_fit: received 5 results and 0 failures
[2024-09-09 13:36:16,714][flwr][INFO] - fit progress: (76, 1834.3847552239895, {'accuracy': 0.5822123519458545}, 7067.03656202415)
[2024-09-09 13:36:16,714][flwr][INFO] - configure_evaluate: strategy sampled 2 clients (out of 50)
[2024-09-09 13:36:18,457][flwr][INFO] - aggregate_evaluate: received 2 results and 0 failures
[2024-09-09 13:36:18,457][flwr][INFO] - 
[2024-09-09 13:36:18,458][flwr][INFO] - [ROUND 77]
[2024-09-09 13:36:18,458][flwr][INFO] - configure_fit: strategy sampled 5 clients (out of 50)
[2024-09-09 13:36:54,544][flwr][INFO] - aggregate_fit: received 5 results and 0 failures
[2024-09-09 13:37:51,616][flwr][INFO] - fit progress: (77, 2073.777293562889, {'accuracy': 0.4592216582064298}, 7161.938409683295)
[2024-09-09 13:37:51,616][flwr][INFO] - configure_evaluate: strategy sampled 2 clients (out of 50)
[2024-09-09 13:37:53,408][flwr][INFO] - aggregate_evaluate: received 2 results and 0 failures
[2024-09-09 13:37:53,408][flwr][INFO] - 
[2024-09-09 13:37:53,408][flwr][INFO] - [ROUND 78]
[2024-09-09 13:37:53,409][flwr][INFO] - configure_fit: strategy sampled 5 clients (out of 50)
[2024-09-09 13:38:32,654][flwr][INFO] - aggregate_fit: received 5 results and 0 failures
[2024-09-09 13:39:29,529][flwr][INFO] - fit progress: (78, 2662.0087695121765, {'accuracy': 0.4429357021996616}, 7259.85183272697)
[2024-09-09 13:39:29,530][flwr][INFO] - configure_evaluate: strategy sampled 2 clients (out of 50)
[2024-09-09 13:39:32,085][flwr][INFO] - aggregate_evaluate: received 2 results and 0 failures
[2024-09-09 13:39:32,085][flwr][INFO] - 
[2024-09-09 13:39:32,085][flwr][INFO] - [ROUND 79]
[2024-09-09 13:39:32,086][flwr][INFO] - configure_fit: strategy sampled 5 clients (out of 50)
[2024-09-09 13:40:03,982][flwr][INFO] - aggregate_fit: received 5 results and 0 failures
[2024-09-09 13:41:01,435][flwr][INFO] - fit progress: (79, 2515.806015610695, {'accuracy': 0.39346446700507615}, 7351.757526793983)
[2024-09-09 13:41:01,436][flwr][INFO] - configure_evaluate: strategy sampled 2 clients (out of 50)
[2024-09-09 13:41:02,920][flwr][INFO] - aggregate_evaluate: received 2 results and 0 failures
[2024-09-09 13:41:02,920][flwr][INFO] - 
[2024-09-09 13:41:02,920][flwr][INFO] - [ROUND 80]
[2024-09-09 13:41:02,921][flwr][INFO] - configure_fit: strategy sampled 5 clients (out of 50)
[2024-09-09 13:41:48,526][flwr][INFO] - aggregate_fit: received 5 results and 0 failures
[2024-09-09 13:42:48,772][flwr][INFO] - fit progress: (80, 1972.584415704012, {'accuracy': 0.5912648054145516}, 7459.094797166064)
[2024-09-09 13:42:48,773][flwr][INFO] - configure_evaluate: strategy sampled 2 clients (out of 50)
[2024-09-09 13:42:50,654][flwr][INFO] - aggregate_evaluate: received 2 results and 0 failures
[2024-09-09 13:42:50,654][flwr][INFO] - 
[2024-09-09 13:42:50,654][flwr][INFO] - [ROUND 81]
[2024-09-09 13:42:50,655][flwr][INFO] - configure_fit: strategy sampled 5 clients (out of 50)
[2024-09-09 13:43:32,538][flwr][INFO] - aggregate_fit: received 5 results and 0 failures
[2024-09-09 13:44:27,684][flwr][INFO] - fit progress: (81, 1654.1177214980125, {'accuracy': 0.581070219966159}, 7558.006979904138)
[2024-09-09 13:44:27,685][flwr][INFO] - configure_evaluate: strategy sampled 2 clients (out of 50)
[2024-09-09 13:44:29,566][flwr][INFO] - aggregate_evaluate: received 2 results and 0 failures
[2024-09-09 13:44:29,566][flwr][INFO] - 
[2024-09-09 13:44:29,566][flwr][INFO] - [ROUND 82]
[2024-09-09 13:44:29,567][flwr][INFO] - configure_fit: strategy sampled 5 clients (out of 50)
[2024-09-09 13:45:07,940][flwr][INFO] - aggregate_fit: received 5 results and 0 failures
[2024-09-09 13:46:08,610][flwr][INFO] - fit progress: (82, 2257.0854781866074, {'accuracy': 0.5392131979695431}, 7658.932896005921)
[2024-09-09 13:46:08,611][flwr][INFO] - configure_evaluate: strategy sampled 2 clients (out of 50)
[2024-09-09 13:46:10,155][flwr][INFO] - aggregate_evaluate: received 2 results and 0 failures
[2024-09-09 13:46:10,155][flwr][INFO] - 
[2024-09-09 13:46:10,155][flwr][INFO] - [ROUND 83]
[2024-09-09 13:46:10,156][flwr][INFO] - configure_fit: strategy sampled 5 clients (out of 50)
[2024-09-09 13:46:51,137][flwr][INFO] - aggregate_fit: received 5 results and 0 failures
[2024-09-09 13:47:48,728][flwr][INFO] - fit progress: (83, 2052.2907524704933, {'accuracy': 0.496510152284264}, 7759.049954995979)
[2024-09-09 13:47:48,728][flwr][INFO] - configure_evaluate: strategy sampled 2 clients (out of 50)
[2024-09-09 13:47:50,383][flwr][INFO] - aggregate_evaluate: received 2 results and 0 failures
[2024-09-09 13:47:50,383][flwr][INFO] - 
[2024-09-09 13:47:50,384][flwr][INFO] - [ROUND 84]
[2024-09-09 13:47:50,384][flwr][INFO] - configure_fit: strategy sampled 5 clients (out of 50)
[2024-09-09 13:48:24,674][flwr][INFO] - aggregate_fit: received 5 results and 0 failures
[2024-09-09 13:49:24,359][flwr][INFO] - fit progress: (84, 2173.874909043312, {'accuracy': 0.4741751269035533}, 7854.680905123241)
[2024-09-09 13:49:24,360][flwr][INFO] - configure_evaluate: strategy sampled 2 clients (out of 50)
[2024-09-09 13:49:25,956][flwr][INFO] - aggregate_evaluate: received 2 results and 0 failures
[2024-09-09 13:49:25,957][flwr][INFO] - 
[2024-09-09 13:49:25,957][flwr][INFO] - [ROUND 85]
[2024-09-09 13:49:25,957][flwr][INFO] - configure_fit: strategy sampled 5 clients (out of 50)
[2024-09-09 13:50:07,554][flwr][INFO] - aggregate_fit: received 5 results and 0 failures
[2024-09-09 13:51:03,960][flwr][INFO] - fit progress: (85, 1709.145040422678, {'accuracy': 0.5895093062605753}, 7954.282174503896)
[2024-09-09 13:51:03,961][flwr][INFO] - configure_evaluate: strategy sampled 2 clients (out of 50)
[2024-09-09 13:51:05,371][flwr][INFO] - aggregate_evaluate: received 2 results and 0 failures
[2024-09-09 13:51:05,371][flwr][INFO] - 
[2024-09-09 13:51:05,372][flwr][INFO] - [ROUND 86]
[2024-09-09 13:51:05,372][flwr][INFO] - configure_fit: strategy sampled 5 clients (out of 50)
[2024-09-09 13:51:44,847][flwr][INFO] - aggregate_fit: received 5 results and 0 failures
[2024-09-09 13:52:39,547][flwr][INFO] - fit progress: (86, 2601.9486280083656, {'accuracy': 0.47696700507614215}, 8049.869449947029)
[2024-09-09 13:52:39,547][flwr][INFO] - configure_evaluate: strategy sampled 2 clients (out of 50)
[2024-09-09 13:52:41,118][flwr][INFO] - aggregate_evaluate: received 2 results and 0 failures
[2024-09-09 13:52:41,118][flwr][INFO] - 
[2024-09-09 13:52:41,118][flwr][INFO] - [ROUND 87]
[2024-09-09 13:52:41,119][flwr][INFO] - configure_fit: strategy sampled 5 clients (out of 50)
[2024-09-09 13:53:19,785][flwr][INFO] - aggregate_fit: received 5 results and 0 failures
[2024-09-09 13:54:15,493][flwr][INFO] - fit progress: (87, 2692.5574526786804, {'accuracy': 0.4524534686971235}, 8145.81509227911)
[2024-09-09 13:54:15,493][flwr][INFO] - configure_evaluate: strategy sampled 2 clients (out of 50)
[2024-09-09 13:54:17,184][flwr][INFO] - aggregate_evaluate: received 2 results and 0 failures
[2024-09-09 13:54:17,185][flwr][INFO] - 
[2024-09-09 13:54:17,185][flwr][INFO] - [ROUND 88]
[2024-09-09 13:54:17,185][flwr][INFO] - configure_fit: strategy sampled 5 clients (out of 50)
[2024-09-09 13:54:59,836][flwr][INFO] - aggregate_fit: received 5 results and 0 failures
[2024-09-09 13:55:49,734][flwr][INFO] - fit progress: (88, 1658.4666831493378, {'accuracy': 0.6203680203045685}, 8240.05680893315)
[2024-09-09 13:55:49,735][flwr][INFO] - configure_evaluate: strategy sampled 2 clients (out of 50)
[2024-09-09 13:55:51,175][flwr][INFO] - aggregate_evaluate: received 2 results and 0 failures
[2024-09-09 13:55:51,175][flwr][INFO] - 
[2024-09-09 13:55:51,175][flwr][INFO] - [ROUND 89]
[2024-09-09 13:55:51,176][flwr][INFO] - configure_fit: strategy sampled 5 clients (out of 50)
[2024-09-09 13:56:22,690][flwr][INFO] - aggregate_fit: received 5 results and 0 failures
[2024-09-09 13:57:16,822][flwr][INFO] - fit progress: (89, 2291.5277326107025, {'accuracy': 0.3781302876480541}, 8327.14491959801)
[2024-09-09 13:57:16,823][flwr][INFO] - configure_evaluate: strategy sampled 2 clients (out of 50)
[2024-09-09 13:57:18,659][flwr][INFO] - aggregate_evaluate: received 2 results and 0 failures
[2024-09-09 13:57:18,660][flwr][INFO] - 
[2024-09-09 13:57:18,660][flwr][INFO] - [ROUND 90]
[2024-09-09 13:57:18,660][flwr][INFO] - configure_fit: strategy sampled 5 clients (out of 50)
[2024-09-09 13:57:55,481][flwr][INFO] - aggregate_fit: received 5 results and 0 failures
[2024-09-09 13:58:45,672][flwr][INFO] - fit progress: (90, 2463.593941807747, {'accuracy': 0.4584813874788494}, 8415.994834655896)
[2024-09-09 13:58:45,673][flwr][INFO] - configure_evaluate: strategy sampled 2 clients (out of 50)
[2024-09-09 13:58:47,409][flwr][INFO] - aggregate_evaluate: received 2 results and 0 failures
[2024-09-09 13:58:47,410][flwr][INFO] - 
[2024-09-09 13:58:47,410][flwr][INFO] - [ROUND 91]
[2024-09-09 13:58:47,410][flwr][INFO] - configure_fit: strategy sampled 5 clients (out of 50)
[2024-09-09 13:59:29,817][flwr][INFO] - aggregate_fit: received 5 results and 0 failures
[2024-09-09 14:00:21,003][flwr][INFO] - fit progress: (91, 2801.037128686905, {'accuracy': 0.5179568527918782}, 8511.325617732015)
[2024-09-09 14:00:21,003][flwr][INFO] - configure_evaluate: strategy sampled 2 clients (out of 50)
[2024-09-09 14:00:22,467][flwr][INFO] - aggregate_evaluate: received 2 results and 0 failures
[2024-09-09 14:00:22,467][flwr][INFO] - 
[2024-09-09 14:00:22,467][flwr][INFO] - [ROUND 92]
[2024-09-09 14:00:22,468][flwr][INFO] - configure_fit: strategy sampled 5 clients (out of 50)
[2024-09-09 14:00:57,588][flwr][INFO] - aggregate_fit: received 5 results and 0 failures
[2024-09-09 14:01:47,931][flwr][INFO] - fit progress: (92, 2195.868129491806, {'accuracy': 0.42950507614213196}, 8598.25352175301)
[2024-09-09 14:01:47,931][flwr][INFO] - configure_evaluate: strategy sampled 2 clients (out of 50)
[2024-09-09 14:01:49,605][flwr][INFO] - aggregate_evaluate: received 2 results and 0 failures
[2024-09-09 14:01:49,605][flwr][INFO] - 
[2024-09-09 14:01:49,605][flwr][INFO] - [ROUND 93]
[2024-09-09 14:01:49,605][flwr][INFO] - configure_fit: strategy sampled 5 clients (out of 50)
[2024-09-09 14:02:25,800][flwr][INFO] - aggregate_fit: received 5 results and 0 failures
[2024-09-09 14:03:19,086][flwr][INFO] - fit progress: (93, 2619.65458381176, {'accuracy': 0.4782994923857868}, 8689.408279919997)
[2024-09-09 14:03:19,086][flwr][INFO] - configure_evaluate: strategy sampled 2 clients (out of 50)
[2024-09-09 14:03:20,660][flwr][INFO] - aggregate_evaluate: received 2 results and 0 failures
[2024-09-09 14:03:20,660][flwr][INFO] - 
[2024-09-09 14:03:20,660][flwr][INFO] - [ROUND 94]
[2024-09-09 14:03:20,660][flwr][INFO] - configure_fit: strategy sampled 5 clients (out of 50)
[2024-09-09 14:04:09,882][flwr][INFO] - aggregate_fit: received 5 results and 0 failures
[2024-09-09 14:05:09,360][flwr][INFO] - fit progress: (94, 3006.991548240185, {'accuracy': 0.5556260575296108}, 8799.682228069287)
[2024-09-09 14:05:09,360][flwr][INFO] - configure_evaluate: strategy sampled 2 clients (out of 50)
[2024-09-09 14:05:10,940][flwr][INFO] - aggregate_evaluate: received 2 results and 0 failures
[2024-09-09 14:05:10,941][flwr][INFO] - 
[2024-09-09 14:05:10,941][flwr][INFO] - [ROUND 95]
[2024-09-09 14:05:10,941][flwr][INFO] - configure_fit: strategy sampled 5 clients (out of 50)
[2024-09-09 14:05:55,487][flwr][INFO] - aggregate_fit: received 5 results and 0 failures
[2024-09-09 14:06:56,993][flwr][INFO] - fit progress: (95, 2215.693741083145, {'accuracy': 0.5689720812182741}, 8907.31597495405)
[2024-09-09 14:06:56,994][flwr][INFO] - configure_evaluate: strategy sampled 2 clients (out of 50)
[2024-09-09 14:06:58,701][flwr][INFO] - aggregate_evaluate: received 2 results and 0 failures
[2024-09-09 14:06:58,702][flwr][INFO] - 
[2024-09-09 14:06:58,702][flwr][INFO] - [ROUND 96]
[2024-09-09 14:06:58,702][flwr][INFO] - configure_fit: strategy sampled 5 clients (out of 50)
[2024-09-09 14:07:33,705][flwr][INFO] - aggregate_fit: received 5 results and 0 failures
[2024-09-09 14:08:30,099][flwr][INFO] - fit progress: (96, 2167.4418936371803, {'accuracy': 0.41778764805414553}, 9000.42154750228)
[2024-09-09 14:08:30,100][flwr][INFO] - configure_evaluate: strategy sampled 2 clients (out of 50)
[2024-09-09 14:08:31,640][flwr][INFO] - aggregate_evaluate: received 2 results and 0 failures
[2024-09-09 14:08:31,641][flwr][INFO] - 
[2024-09-09 14:08:31,641][flwr][INFO] - [ROUND 97]
[2024-09-09 14:08:31,641][flwr][INFO] - configure_fit: strategy sampled 5 clients (out of 50)
[2024-09-09 14:09:03,481][flwr][INFO] - aggregate_fit: received 5 results and 0 failures
[2024-09-09 14:09:54,853][flwr][INFO] - fit progress: (97, 2105.47329723835, {'accuracy': 0.47519035532994924}, 9085.175774642266)
[2024-09-09 14:09:54,854][flwr][INFO] - configure_evaluate: strategy sampled 2 clients (out of 50)
[2024-09-09 14:09:56,455][flwr][INFO] - aggregate_evaluate: received 2 results and 0 failures
[2024-09-09 14:09:56,455][flwr][INFO] - 
[2024-09-09 14:09:56,456][flwr][INFO] - [ROUND 98]
[2024-09-09 14:09:56,456][flwr][INFO] - configure_fit: strategy sampled 5 clients (out of 50)
[2024-09-09 14:10:33,179][flwr][INFO] - aggregate_fit: received 5 results and 0 failures
[2024-09-09 14:11:24,907][flwr][INFO] - fit progress: (98, 2238.430485010147, {'accuracy': 0.5013324873096446}, 9175.229482345283)
[2024-09-09 14:11:24,907][flwr][INFO] - configure_evaluate: strategy sampled 2 clients (out of 50)
[2024-09-09 14:11:26,828][flwr][INFO] - aggregate_evaluate: received 2 results and 0 failures
[2024-09-09 14:11:26,829][flwr][INFO] - 
[2024-09-09 14:11:26,829][flwr][INFO] - [ROUND 99]
[2024-09-09 14:11:26,829][flwr][INFO] - configure_fit: strategy sampled 5 clients (out of 50)
[2024-09-09 14:12:01,429][flwr][INFO] - aggregate_fit: received 5 results and 0 failures
[2024-09-09 14:12:54,924][flwr][INFO] - fit progress: (99, 2768.472312808037, {'accuracy': 0.37506345177664974}, 9265.246048389934)
[2024-09-09 14:12:54,924][flwr][INFO] - configure_evaluate: strategy sampled 2 clients (out of 50)
[2024-09-09 14:12:56,386][flwr][INFO] - aggregate_evaluate: received 2 results and 0 failures
[2024-09-09 14:12:56,386][flwr][INFO] - 
[2024-09-09 14:12:56,386][flwr][INFO] - [ROUND 100]
[2024-09-09 14:12:56,386][flwr][INFO] - configure_fit: strategy sampled 5 clients (out of 50)
[2024-09-09 14:13:32,708][flwr][INFO] - aggregate_fit: received 5 results and 0 failures
[2024-09-09 14:14:24,163][flwr][INFO] - fit progress: (100, 1900.965491950512, {'accuracy': 0.5251269035532995}, 9354.485471337102)
[2024-09-09 14:14:24,163][flwr][INFO] - configure_evaluate: strategy sampled 2 clients (out of 50)
[2024-09-09 14:14:25,775][flwr][INFO] - aggregate_evaluate: received 2 results and 0 failures
[2024-09-09 14:14:25,777][flwr][INFO] - 
[2024-09-09 14:14:25,777][flwr][INFO] - [SUMMARY]
[2024-09-09 14:14:25,777][flwr][INFO] - Run finished 100 round(s) in 9356.10s
[2024-09-09 14:14:25,778][flwr][INFO] - 	History (loss, distributed):
[2024-09-09 14:14:25,779][flwr][INFO] - 		round 1: 7.905843484527186
[2024-09-09 14:14:25,779][flwr][INFO] - 		round 2: 8.533384372051755
[2024-09-09 14:14:25,779][flwr][INFO] - 		round 3: 13.099028046653265
[2024-09-09 14:14:25,779][flwr][INFO] - 		round 4: 8.385873542969637
[2024-09-09 14:14:25,779][flwr][INFO] - 		round 5: 12.060013461925223
[2024-09-09 14:14:25,779][flwr][INFO] - 		round 6: 9.015062050999335
[2024-09-09 14:14:25,779][flwr][INFO] - 		round 7: 6.605892149091677
[2024-09-09 14:14:25,779][flwr][INFO] - 		round 8: 9.707578550702848
[2024-09-09 14:14:25,779][flwr][INFO] - 		round 9: 16.602739482197794
[2024-09-09 14:14:25,779][flwr][INFO] - 		round 10: 6.088758613558726
[2024-09-09 14:14:25,779][flwr][INFO] - 		round 11: 12.622940966801615
[2024-09-09 14:14:25,779][flwr][INFO] - 		round 12: 8.586106488471579
[2024-09-09 14:14:25,779][flwr][INFO] - 		round 13: 6.964855361588394
[2024-09-09 14:14:25,779][flwr][INFO] - 		round 14: 7.641641219937189
[2024-09-09 14:14:25,779][flwr][INFO] - 		round 15: 9.088872311302719
[2024-09-09 14:14:25,779][flwr][INFO] - 		round 16: 17.166693982764038
[2024-09-09 14:14:25,779][flwr][INFO] - 		round 17: 15.954489307123378
[2024-09-09 14:14:25,779][flwr][INFO] - 		round 18: 7.3359304468939275
[2024-09-09 14:14:25,779][flwr][INFO] - 		round 19: 4.596745204042505
[2024-09-09 14:14:25,779][flwr][INFO] - 		round 20: 4.27198120361365
[2024-09-09 14:14:25,779][flwr][INFO] - 		round 21: 6.427147519059008
[2024-09-09 14:14:25,779][flwr][INFO] - 		round 22: 8.787728802481695
[2024-09-09 14:14:25,779][flwr][INFO] - 		round 23: 13.806751881893959
[2024-09-09 14:14:25,780][flwr][INFO] - 		round 24: 11.475482727988334
[2024-09-09 14:14:25,780][flwr][INFO] - 		round 25: 14.743968762704078
[2024-09-09 14:14:25,780][flwr][INFO] - 		round 26: 6.291600167237479
[2024-09-09 14:14:25,780][flwr][INFO] - 		round 27: 7.553577627528421
[2024-09-09 14:14:25,780][flwr][INFO] - 		round 28: 10.741496039173319
[2024-09-09 14:14:25,780][flwr][INFO] - 		round 29: 8.658695337184579
[2024-09-09 14:14:25,780][flwr][INFO] - 		round 30: 4.84619003534317
[2024-09-09 14:14:25,780][flwr][INFO] - 		round 31: 8.589773824637376
[2024-09-09 14:14:25,780][flwr][INFO] - 		round 32: 13.681778599234189
[2024-09-09 14:14:25,780][flwr][INFO] - 		round 33: 6.09503275320388
[2024-09-09 14:14:25,780][flwr][INFO] - 		round 34: 5.770819006579937
[2024-09-09 14:14:25,780][flwr][INFO] - 		round 35: 8.932429700121553
[2024-09-09 14:14:25,780][flwr][INFO] - 		round 36: 10.870434667815498
[2024-09-09 14:14:25,780][flwr][INFO] - 		round 37: 9.672384596115922
[2024-09-09 14:14:25,780][flwr][INFO] - 		round 38: 8.415340674253663
[2024-09-09 14:14:25,780][flwr][INFO] - 		round 39: 4.899349736539941
[2024-09-09 14:14:25,780][flwr][INFO] - 		round 40: 10.349899060233346
[2024-09-09 14:14:25,780][flwr][INFO] - 		round 41: 11.799437414516103
[2024-09-09 14:14:25,780][flwr][INFO] - 		round 42: 7.919714293249656
[2024-09-09 14:14:25,780][flwr][INFO] - 		round 43: 12.225794078071337
[2024-09-09 14:14:25,780][flwr][INFO] - 		round 44: 7.26480979899056
[2024-09-09 14:14:25,780][flwr][INFO] - 		round 45: 8.559265701799118
[2024-09-09 14:14:25,780][flwr][INFO] - 		round 46: 9.629543983565293
[2024-09-09 14:14:25,781][flwr][INFO] - 		round 47: 15.296531196589873
[2024-09-09 14:14:25,781][flwr][INFO] - 		round 48: 6.180956123856937
[2024-09-09 14:14:25,781][flwr][INFO] - 		round 49: 11.57712835073471
[2024-09-09 14:14:25,781][flwr][INFO] - 		round 50: 8.85907029117233
[2024-09-09 14:14:25,781][flwr][INFO] - 		round 51: 8.38226188734257
[2024-09-09 14:14:25,781][flwr][INFO] - 		round 52: 17.56376907289028
[2024-09-09 14:14:25,781][flwr][INFO] - 		round 53: 8.240578862809643
[2024-09-09 14:14:25,781][flwr][INFO] - 		round 54: 13.680560258045476
[2024-09-09 14:14:25,781][flwr][INFO] - 		round 55: 12.889059073161265
[2024-09-09 14:14:25,781][flwr][INFO] - 		round 56: 12.12471421753488
[2024-09-09 14:14:25,781][flwr][INFO] - 		round 57: 7.059654487235637
[2024-09-09 14:14:25,781][flwr][INFO] - 		round 58: 14.186378557965686
[2024-09-09 14:14:25,781][flwr][INFO] - 		round 59: 5.436715062255534
[2024-09-09 14:14:25,781][flwr][INFO] - 		round 60: 7.070267179165173
[2024-09-09 14:14:25,781][flwr][INFO] - 		round 61: 5.853922456451443
[2024-09-09 14:14:25,781][flwr][INFO] - 		round 62: 8.433204879377156
[2024-09-09 14:14:25,781][flwr][INFO] - 		round 63: 6.465584255798518
[2024-09-09 14:14:25,781][flwr][INFO] - 		round 64: 8.937847649603682
[2024-09-09 14:14:25,781][flwr][INFO] - 		round 65: 11.100336871278568
[2024-09-09 14:14:25,781][flwr][INFO] - 		round 66: 11.772175479190919
[2024-09-09 14:14:25,781][flwr][INFO] - 		round 67: 7.885495693008335
[2024-09-09 14:14:25,781][flwr][INFO] - 		round 68: 6.754124919477018
[2024-09-09 14:14:25,781][flwr][INFO] - 		round 69: 13.491532256012606
[2024-09-09 14:14:25,782][flwr][INFO] - 		round 70: 8.221819669064805
[2024-09-09 14:14:25,782][flwr][INFO] - 		round 71: 6.533852555858555
[2024-09-09 14:14:25,782][flwr][INFO] - 		round 72: 6.7703052457900865
[2024-09-09 14:14:25,782][flwr][INFO] - 		round 73: 13.967530715930927
[2024-09-09 14:14:25,782][flwr][INFO] - 		round 74: 9.914315435491078
[2024-09-09 14:14:25,782][flwr][INFO] - 		round 75: 11.483905427383654
[2024-09-09 14:14:25,782][flwr][INFO] - 		round 76: 8.417443178488323
[2024-09-09 14:14:25,782][flwr][INFO] - 		round 77: 8.76424754042527
[2024-09-09 14:14:25,782][flwr][INFO] - 		round 78: 12.04525835524139
[2024-09-09 14:14:25,782][flwr][INFO] - 		round 79: 11.431895791423702
[2024-09-09 14:14:25,782][flwr][INFO] - 		round 80: 6.10502067587848
[2024-09-09 14:14:25,782][flwr][INFO] - 		round 81: 7.875706306525639
[2024-09-09 14:14:25,782][flwr][INFO] - 		round 82: 6.705324891820012
[2024-09-09 14:14:25,782][flwr][INFO] - 		round 83: 6.447993842902638
[2024-09-09 14:14:25,782][flwr][INFO] - 		round 84: 8.871334463133849
[2024-09-09 14:14:25,782][flwr][INFO] - 		round 85: 7.781571668892329
[2024-09-09 14:14:25,782][flwr][INFO] - 		round 86: 8.826203888839053
[2024-09-09 14:14:25,782][flwr][INFO] - 		round 87: 6.138827561057589
[2024-09-09 14:14:25,782][flwr][INFO] - 		round 88: 4.616116503359012
[2024-09-09 14:14:25,782][flwr][INFO] - 		round 89: 10.049981860836525
[2024-09-09 14:14:25,782][flwr][INFO] - 		round 90: 9.598299692791352
[2024-09-09 14:14:25,782][flwr][INFO] - 		round 91: 13.926244551247924
[2024-09-09 14:14:25,782][flwr][INFO] - 		round 92: 11.141229092527967
[2024-09-09 14:14:25,783][flwr][INFO] - 		round 93: 11.256132997423181
[2024-09-09 14:14:25,783][flwr][INFO] - 		round 94: 16.15157935545027
[2024-09-09 14:14:25,783][flwr][INFO] - 		round 95: 10.458266822298677
[2024-09-09 14:14:25,783][flwr][INFO] - 		round 96: 8.98258628343281
[2024-09-09 14:14:25,783][flwr][INFO] - 		round 97: 4.99295856991967
[2024-09-09 14:14:25,783][flwr][INFO] - 		round 98: 10.909397274255753
[2024-09-09 14:14:25,783][flwr][INFO] - 		round 99: 11.66913328319788
[2024-09-09 14:14:25,783][flwr][INFO] - 		round 100: 8.086401991299173
[2024-09-09 14:14:25,783][flwr][INFO] - 	History (loss, centralized):
[2024-09-09 14:14:25,783][flwr][INFO] - 		round 0: 3238.769613265991
[2024-09-09 14:14:25,783][flwr][INFO] - 		round 1: 2367.881017446518
[2024-09-09 14:14:25,783][flwr][INFO] - 		round 2: 2269.6820896863937
[2024-09-09 14:14:25,783][flwr][INFO] - 		round 3: 2604.26736164093
[2024-09-09 14:14:25,783][flwr][INFO] - 		round 4: 2179.205662250519
[2024-09-09 14:14:25,783][flwr][INFO] - 		round 5: 2677.7790070176125
[2024-09-09 14:14:25,783][flwr][INFO] - 		round 6: 2028.526384651661
[2024-09-09 14:14:25,783][flwr][INFO] - 		round 7: 2185.853617846966
[2024-09-09 14:14:25,783][flwr][INFO] - 		round 8: 2308.1606316566467
[2024-09-09 14:14:25,783][flwr][INFO] - 		round 9: 3134.1529515981674
[2024-09-09 14:14:25,783][flwr][INFO] - 		round 10: 3301.9579483270645
[2024-09-09 14:14:25,783][flwr][INFO] - 		round 11: 2911.372879266739
[2024-09-09 14:14:25,783][flwr][INFO] - 		round 12: 2082.434121966362
[2024-09-09 14:14:25,783][flwr][INFO] - 		round 13: 2114.6987457871437
[2024-09-09 14:14:25,783][flwr][INFO] - 		round 14: 2106.4714582562447
[2024-09-09 14:14:25,784][flwr][INFO] - 		round 15: 1942.0791889429092
[2024-09-09 14:14:25,784][flwr][INFO] - 		round 16: 3679.897162079811
[2024-09-09 14:14:25,784][flwr][INFO] - 		round 17: 2883.611645579338
[2024-09-09 14:14:25,784][flwr][INFO] - 		round 18: 1866.4809960126877
[2024-09-09 14:14:25,784][flwr][INFO] - 		round 19: 2322.081538796425
[2024-09-09 14:14:25,784][flwr][INFO] - 		round 20: 2448.8275566101074
[2024-09-09 14:14:25,784][flwr][INFO] - 		round 21: 2345.146171450615
[2024-09-09 14:14:25,784][flwr][INFO] - 		round 22: 2318.186332523823
[2024-09-09 14:14:25,784][flwr][INFO] - 		round 23: 2633.87355363369
[2024-09-09 14:14:25,784][flwr][INFO] - 		round 24: 2475.0634182691574
[2024-09-09 14:14:25,784][flwr][INFO] - 		round 25: 2836.4473481178284
[2024-09-09 14:14:25,784][flwr][INFO] - 		round 26: 1767.4755642414093
[2024-09-09 14:14:25,784][flwr][INFO] - 		round 27: 1830.6891586780548
[2024-09-09 14:14:25,784][flwr][INFO] - 		round 28: 2124.6354273557663
[2024-09-09 14:14:25,784][flwr][INFO] - 		round 29: 2318.4222710728645
[2024-09-09 14:14:25,784][flwr][INFO] - 		round 30: 2314.385491847992
[2024-09-09 14:14:25,784][flwr][INFO] - 		round 31: 2195.6306563019753
[2024-09-09 14:14:25,784][flwr][INFO] - 		round 32: 3048.303080558777
[2024-09-09 14:14:25,784][flwr][INFO] - 		round 33: 1683.7089179754257
[2024-09-09 14:14:25,784][flwr][INFO] - 		round 34: 1913.1849336624146
[2024-09-09 14:14:25,784][flwr][INFO] - 		round 35: 2158.4632246494293
[2024-09-09 14:14:25,784][flwr][INFO] - 		round 36: 2190.3762283325195
[2024-09-09 14:14:25,784][flwr][INFO] - 		round 37: 2047.0953458547592
[2024-09-09 14:14:25,785][flwr][INFO] - 		round 38: 2319.3411653637886
[2024-09-09 14:14:25,785][flwr][INFO] - 		round 39: 2175.584039747715
[2024-09-09 14:14:25,785][flwr][INFO] - 		round 40: 2311.640966296196
[2024-09-09 14:14:25,785][flwr][INFO] - 		round 41: 2713.4257618784904
[2024-09-09 14:14:25,785][flwr][INFO] - 		round 42: 2232.803618013859
[2024-09-09 14:14:25,785][flwr][INFO] - 		round 43: 2405.8519508242607
[2024-09-09 14:14:25,785][flwr][INFO] - 		round 44: 2094.0846750736237
[2024-09-09 14:14:25,785][flwr][INFO] - 		round 45: 2176.207324028015
[2024-09-09 14:14:25,785][flwr][INFO] - 		round 46: 2058.6906683444977
[2024-09-09 14:14:25,785][flwr][INFO] - 		round 47: 2627.31964468956
[2024-09-09 14:14:25,785][flwr][INFO] - 		round 48: 2008.5254794359207
[2024-09-09 14:14:25,785][flwr][INFO] - 		round 49: 2201.6029797792435
[2024-09-09 14:14:25,785][flwr][INFO] - 		round 50: 2050.65292429924
[2024-09-09 14:14:25,785][flwr][INFO] - 		round 51: 1894.1558421850204
[2024-09-09 14:14:25,785][flwr][INFO] - 		round 52: 2823.333032131195
[2024-09-09 14:14:25,785][flwr][INFO] - 		round 53: 2310.3573793768883
[2024-09-09 14:14:25,785][flwr][INFO] - 		round 54: 2376.566632270813
[2024-09-09 14:14:25,785][flwr][INFO] - 		round 55: 2908.797513127327
[2024-09-09 14:14:25,785][flwr][INFO] - 		round 56: 2197.072207868099
[2024-09-09 14:14:25,785][flwr][INFO] - 		round 57: 2090.126460850239
[2024-09-09 14:14:25,785][flwr][INFO] - 		round 58: 2730.733580470085
[2024-09-09 14:14:25,785][flwr][INFO] - 		round 59: 1910.904960513115
[2024-09-09 14:14:25,785][flwr][INFO] - 		round 60: 1939.094914495945
[2024-09-09 14:14:25,786][flwr][INFO] - 		round 61: 2467.600231051445
[2024-09-09 14:14:25,786][flwr][INFO] - 		round 62: 1674.5063036680222
[2024-09-09 14:14:25,786][flwr][INFO] - 		round 63: 1864.7531093358994
[2024-09-09 14:14:25,786][flwr][INFO] - 		round 64: 2222.6139029860497
[2024-09-09 14:14:25,786][flwr][INFO] - 		round 65: 2605.5445551872253
[2024-09-09 14:14:25,786][flwr][INFO] - 		round 66: 2582.3859065771103
[2024-09-09 14:14:25,786][flwr][INFO] - 		round 67: 1841.880398184061
[2024-09-09 14:14:25,786][flwr][INFO] - 		round 68: 2242.663815677166
[2024-09-09 14:14:25,786][flwr][INFO] - 		round 69: 2770.4223457574844
[2024-09-09 14:14:25,786][flwr][INFO] - 		round 70: 2189.258038341999
[2024-09-09 14:14:25,786][flwr][INFO] - 		round 71: 1916.295617878437
[2024-09-09 14:14:25,786][flwr][INFO] - 		round 72: 2316.2626682519913
[2024-09-09 14:14:25,786][flwr][INFO] - 		round 73: 3012.846148610115
[2024-09-09 14:14:25,786][flwr][INFO] - 		round 74: 2816.688072144985
[2024-09-09 14:14:25,786][flwr][INFO] - 		round 75: 2125.1672429442406
[2024-09-09 14:14:25,786][flwr][INFO] - 		round 76: 1834.3847552239895
[2024-09-09 14:14:25,786][flwr][INFO] - 		round 77: 2073.777293562889
[2024-09-09 14:14:25,786][flwr][INFO] - 		round 78: 2662.0087695121765
[2024-09-09 14:14:25,786][flwr][INFO] - 		round 79: 2515.806015610695
[2024-09-09 14:14:25,786][flwr][INFO] - 		round 80: 1972.584415704012
[2024-09-09 14:14:25,786][flwr][INFO] - 		round 81: 1654.1177214980125
[2024-09-09 14:14:25,786][flwr][INFO] - 		round 82: 2257.0854781866074
[2024-09-09 14:14:25,786][flwr][INFO] - 		round 83: 2052.2907524704933
[2024-09-09 14:14:25,786][flwr][INFO] - 		round 84: 2173.874909043312
[2024-09-09 14:14:25,787][flwr][INFO] - 		round 85: 1709.145040422678
[2024-09-09 14:14:25,787][flwr][INFO] - 		round 86: 2601.9486280083656
[2024-09-09 14:14:25,787][flwr][INFO] - 		round 87: 2692.5574526786804
[2024-09-09 14:14:25,787][flwr][INFO] - 		round 88: 1658.4666831493378
[2024-09-09 14:14:25,787][flwr][INFO] - 		round 89: 2291.5277326107025
[2024-09-09 14:14:25,787][flwr][INFO] - 		round 90: 2463.593941807747
[2024-09-09 14:14:25,787][flwr][INFO] - 		round 91: 2801.037128686905
[2024-09-09 14:14:25,787][flwr][INFO] - 		round 92: 2195.868129491806
[2024-09-09 14:14:25,787][flwr][INFO] - 		round 93: 2619.65458381176
[2024-09-09 14:14:25,787][flwr][INFO] - 		round 94: 3006.991548240185
[2024-09-09 14:14:25,787][flwr][INFO] - 		round 95: 2215.693741083145
[2024-09-09 14:14:25,787][flwr][INFO] - 		round 96: 2167.4418936371803
[2024-09-09 14:14:25,787][flwr][INFO] - 		round 97: 2105.47329723835
[2024-09-09 14:14:25,787][flwr][INFO] - 		round 98: 2238.430485010147
[2024-09-09 14:14:25,787][flwr][INFO] - 		round 99: 2768.472312808037
[2024-09-09 14:14:25,787][flwr][INFO] - 		round 100: 1900.965491950512
[2024-09-09 14:14:25,787][flwr][INFO] - 	History (metrics, centralized):
[2024-09-09 14:14:25,787][flwr][INFO] - 	{'accuracy': [(0, 0.04426818950930626),
[2024-09-09 14:14:25,787][flwr][INFO] - 	              (1, 0.3246404399323181),
[2024-09-09 14:14:25,787][flwr][INFO] - 	              (2, 0.40086717428087987),
[2024-09-09 14:14:25,787][flwr][INFO] - 	              (3, 0.41070219966159055),
[2024-09-09 14:14:25,787][flwr][INFO] - 	              (4, 0.3471023688663283),
[2024-09-09 14:14:25,787][flwr][INFO] - 	              (5, 0.36861252115059223),
[2024-09-09 14:14:25,787][flwr][INFO] - 	              (6, 0.4602580372250423),
[2024-09-09 14:14:25,788][flwr][INFO] - 	              (7, 0.5026649746192894),
[2024-09-09 14:14:25,788][flwr][INFO] - 	              (8, 0.3291455160744501),
[2024-09-09 14:14:25,788][flwr][INFO] - 	              (9, 0.24382402707275805),
[2024-09-09 14:14:25,788][flwr][INFO] - 	              (10, 0.2825296108291032),
[2024-09-09 14:14:25,788][flwr][INFO] - 	              (11, 0.3946065989847716),
[2024-09-09 14:14:25,788][flwr][INFO] - 	              (12, 0.502580372250423),
[2024-09-09 14:14:25,788][flwr][INFO] - 	              (13, 0.46634940778341794),
[2024-09-09 14:14:25,788][flwr][INFO] - 	              (14, 0.49014382402707274),
[2024-09-09 14:14:25,788][flwr][INFO] - 	              (15, 0.48582910321489003),
[2024-09-09 14:14:25,788][flwr][INFO] - 	              (16, 0.3096446700507614),
[2024-09-09 14:14:25,788][flwr][INFO] - 	              (17, 0.24536802030456853),
[2024-09-09 14:14:25,788][flwr][INFO] - 	              (18, 0.5575930626057529),
[2024-09-09 14:14:25,788][flwr][INFO] - 	              (19, 0.4044839255499154),
[2024-09-09 14:14:25,788][flwr][INFO] - 	              (20, 0.30833333333333335),
[2024-09-09 14:14:25,788][flwr][INFO] - 	              (21, 0.5267554991539763),
[2024-09-09 14:14:25,788][flwr][INFO] - 	              (22, 0.40025380710659897),
[2024-09-09 14:14:25,788][flwr][INFO] - 	              (23, 0.2572335025380711),
[2024-09-09 14:14:25,788][flwr][INFO] - 	              (24, 0.33862098138747887),
[2024-09-09 14:14:25,788][flwr][INFO] - 	              (25, 0.33434856175972927),
[2024-09-09 14:14:25,788][flwr][INFO] - 	              (26, 0.5755499153976311),
[2024-09-09 14:14:25,788][flwr][INFO] - 	              (27, 0.5471023688663282),
[2024-09-09 14:14:25,788][flwr][INFO] - 	              (28, 0.44557952622673436),
[2024-09-09 14:14:25,788][flwr][INFO] - 	              (29, 0.3712140439932318),
[2024-09-09 14:14:25,788][flwr][INFO] - 	              (30, 0.42673434856175974),
[2024-09-09 14:14:25,789][flwr][INFO] - 	              (31, 0.40207275803722503),
[2024-09-09 14:14:25,789][flwr][INFO] - 	              (32, 0.22468274111675127),
[2024-09-09 14:14:25,789][flwr][INFO] - 	              (33, 0.5844120135363791),
[2024-09-09 14:14:25,789][flwr][INFO] - 	              (34, 0.5182318104906938),
[2024-09-09 14:14:25,789][flwr][INFO] - 	              (35, 0.4436548223350254),
[2024-09-09 14:14:25,789][flwr][INFO] - 	              (36, 0.40939086294416244),
[2024-09-09 14:14:25,789][flwr][INFO] - 	              (37, 0.4401861252115059),
[2024-09-09 14:14:25,789][flwr][INFO] - 	              (38, 0.47375211505922166),
[2024-09-09 14:14:25,789][flwr][INFO] - 	              (39, 0.48071065989847717),
[2024-09-09 14:14:25,789][flwr][INFO] - 	              (40, 0.44862521150592216),
[2024-09-09 14:14:25,789][flwr][INFO] - 	              (41, 0.4090947546531303),
[2024-09-09 14:14:25,789][flwr][INFO] - 	              (42, 0.45416666666666666),
[2024-09-09 14:14:25,789][flwr][INFO] - 	              (43, 0.4836294416243655),
[2024-09-09 14:14:25,789][flwr][INFO] - 	              (44, 0.45642978003384094),
[2024-09-09 14:14:25,789][flwr][INFO] - 	              (45, 0.5666455160744501),
[2024-09-09 14:14:25,789][flwr][INFO] - 	              (46, 0.43225465313028766),
[2024-09-09 14:14:25,789][flwr][INFO] - 	              (47, 0.3422800338409476),
[2024-09-09 14:14:25,789][flwr][INFO] - 	              (48, 0.5556049069373943),
[2024-09-09 14:14:25,789][flwr][INFO] - 	              (49, 0.45300338409475466),
[2024-09-09 14:14:25,789][flwr][INFO] - 	              (50, 0.5303510998307953),
[2024-09-09 14:14:25,789][flwr][INFO] - 	              (51, 0.5468062605752961),
[2024-09-09 14:14:25,789][flwr][INFO] - 	              (52, 0.5087986463620982),
[2024-09-09 14:14:25,789][flwr][INFO] - 	              (53, 0.4538494077834179),
[2024-09-09 14:14:25,789][flwr][INFO] - 	              (54, 0.5141497461928934),
[2024-09-09 14:14:25,790][flwr][INFO] - 	              (55, 0.35949661590524534),
[2024-09-09 14:14:25,790][flwr][INFO] - 	              (56, 0.5026438240270727),
[2024-09-09 14:14:25,790][flwr][INFO] - 	              (57, 0.520896785109983),
[2024-09-09 14:14:25,790][flwr][INFO] - 	              (58, 0.2993020304568528),
[2024-09-09 14:14:25,790][flwr][INFO] - 	              (59, 0.559412013536379),
[2024-09-09 14:14:25,790][flwr][INFO] - 	              (60, 0.5246404399323181),
[2024-09-09 14:14:25,790][flwr][INFO] - 	              (61, 0.48612521150592214),
[2024-09-09 14:14:25,790][flwr][INFO] - 	              (62, 0.5800972927241963),
[2024-09-09 14:14:25,790][flwr][INFO] - 	              (63, 0.5910321489001692),
[2024-09-09 14:14:25,790][flwr][INFO] - 	              (64, 0.507085448392555),
[2024-09-09 14:14:25,790][flwr][INFO] - 	              (65, 0.4134517766497462),
[2024-09-09 14:14:25,790][flwr][INFO] - 	              (66, 0.32648054145516076),
[2024-09-09 14:14:25,790][flwr][INFO] - 	              (67, 0.5663917089678511),
[2024-09-09 14:14:25,790][flwr][INFO] - 	              (68, 0.457994923857868),
[2024-09-09 14:14:25,790][flwr][INFO] - 	              (69, 0.3903764805414552),
[2024-09-09 14:14:25,790][flwr][INFO] - 	              (70, 0.4631979695431472),
[2024-09-09 14:14:25,790][flwr][INFO] - 	              (71, 0.5425549915397632),
[2024-09-09 14:14:25,790][flwr][INFO] - 	              (72, 0.5607656514382403),
[2024-09-09 14:14:25,790][flwr][INFO] - 	              (73, 0.33697123519458544),
[2024-09-09 14:14:25,790][flwr][INFO] - 	              (74, 0.5038705583756345),
[2024-09-09 14:14:25,790][flwr][INFO] - 	              (75, 0.5137055837563452),
[2024-09-09 14:14:25,790][flwr][INFO] - 	              (76, 0.5822123519458545),
[2024-09-09 14:14:25,790][flwr][INFO] - 	              (77, 0.4592216582064298),
[2024-09-09 14:14:25,790][flwr][INFO] - 	              (78, 0.4429357021996616),
[2024-09-09 14:14:25,791][flwr][INFO] - 	              (79, 0.39346446700507615),
[2024-09-09 14:14:25,791][flwr][INFO] - 	              (80, 0.5912648054145516),
[2024-09-09 14:14:25,791][flwr][INFO] - 	              (81, 0.581070219966159),
[2024-09-09 14:14:25,791][flwr][INFO] - 	              (82, 0.5392131979695431),
[2024-09-09 14:14:25,791][flwr][INFO] - 	              (83, 0.496510152284264),
[2024-09-09 14:14:25,791][flwr][INFO] - 	              (84, 0.4741751269035533),
[2024-09-09 14:14:25,791][flwr][INFO] - 	              (85, 0.5895093062605753),
[2024-09-09 14:14:25,791][flwr][INFO] - 	              (86, 0.47696700507614215),
[2024-09-09 14:14:25,791][flwr][INFO] - 	              (87, 0.4524534686971235),
[2024-09-09 14:14:25,791][flwr][INFO] - 	              (88, 0.6203680203045685),
[2024-09-09 14:14:25,791][flwr][INFO] - 	              (89, 0.3781302876480541),
[2024-09-09 14:14:25,791][flwr][INFO] - 	              (90, 0.4584813874788494),
[2024-09-09 14:14:25,791][flwr][INFO] - 	              (91, 0.5179568527918782),
[2024-09-09 14:14:25,791][flwr][INFO] - 	              (92, 0.42950507614213196),
[2024-09-09 14:14:25,791][flwr][INFO] - 	              (93, 0.4782994923857868),
[2024-09-09 14:14:25,791][flwr][INFO] - 	              (94, 0.5556260575296108),
[2024-09-09 14:14:25,791][flwr][INFO] - 	              (95, 0.5689720812182741),
[2024-09-09 14:14:25,791][flwr][INFO] - 	              (96, 0.41778764805414553),
[2024-09-09 14:14:25,791][flwr][INFO] - 	              (97, 0.47519035532994924),
[2024-09-09 14:14:25,791][flwr][INFO] - 	              (98, 0.5013324873096446),
[2024-09-09 14:14:25,791][flwr][INFO] - 	              (99, 0.37506345177664974),
[2024-09-09 14:14:25,791][flwr][INFO] - 	              (100, 0.5251269035532995)]}
[2024-09-09 14:14:25,791][flwr][INFO] - 
