[2024-09-20 13:30:06,452][flwr][INFO] - Starting Flower simulation, config: num_rounds=100, no round_timeout
[2024-09-20 13:30:09,653][flwr][INFO] - Flower VCE: Ray initialized with resources: {'memory': 168583322624.0, 'node:__internal_head__': 1.0, 'GPU': 1.0, 'accelerator_type:G': 1.0, 'node:115.145.172.224': 1.0, 'object_store_memory': 76535709696.0, 'CPU': 256.0}
[2024-09-20 13:30:09,653][flwr][INFO] - Optimize your simulation with Flower VCE: https://flower.ai/docs/framework/how-to-run-simulations.html
[2024-09-20 13:30:09,653][flwr][INFO] - Flower VCE: Resources for each Virtual Client: {'num_cpus': 16, 'num_gpus': 0.5}
[2024-09-20 13:30:09,664][flwr][INFO] - Flower VCE: Creating VirtualClientEngineActorPool with 2 actors
[2024-09-20 13:30:09,665][flwr][INFO] - [INIT]
[2024-09-20 13:30:09,665][flwr][INFO] - Requesting initial parameters from one random client
[2024-09-20 13:30:20,945][flwr][INFO] - Received initial parameters from one random client
[2024-09-20 13:30:20,946][flwr][INFO] - Evaluating initial global parameters
[2024-09-20 13:30:31,833][flwr][INFO] - initial parameters (loss, other metrics): 236.3261594772339, {'accuracy': 0.0719087985969015}
[2024-09-20 13:30:31,833][flwr][INFO] - 
[2024-09-20 13:30:31,833][flwr][INFO] - [ROUND 1]
[2024-09-20 13:30:31,833][flwr][INFO] - configure_fit: strategy sampled 5 clients (out of 50)
[2024-09-20 13:30:47,479][flwr][INFO] - aggregate_fit: received 5 results and 0 failures
[2024-09-20 13:30:48,838][flwr][WARNING] - No fit_metrics_aggregation_fn provided
[2024-09-20 13:30:58,618][flwr][INFO] - fit progress: (1, 221.14407968521118, {'accuracy': 0.16924875767319497}, 26.784752970561385)
[2024-09-20 13:30:58,618][flwr][INFO] - configure_evaluate: strategy sampled 2 clients (out of 50)
[2024-09-20 13:31:00,975][flwr][INFO] - aggregate_evaluate: received 2 results and 0 failures
[2024-09-20 13:31:00,975][flwr][INFO] - 
[2024-09-20 13:31:00,975][flwr][INFO] - [ROUND 2]
[2024-09-20 13:31:00,976][flwr][INFO] - configure_fit: strategy sampled 5 clients (out of 50)
[2024-09-20 13:31:17,198][flwr][INFO] - aggregate_fit: received 5 results and 0 failures
[2024-09-20 13:31:28,554][flwr][INFO] - fit progress: (2, 215.912917137146, {'accuracy': 0.1824028061970184}, 56.72122667869553)
[2024-09-20 13:31:28,555][flwr][INFO] - configure_evaluate: strategy sampled 2 clients (out of 50)
[2024-09-20 13:31:31,031][flwr][INFO] - aggregate_evaluate: received 2 results and 0 failures
[2024-09-20 13:31:31,032][flwr][INFO] - 
[2024-09-20 13:31:31,032][flwr][INFO] - [ROUND 3]
[2024-09-20 13:31:31,032][flwr][INFO] - configure_fit: strategy sampled 5 clients (out of 50)
[2024-09-20 13:31:46,930][flwr][INFO] - aggregate_fit: received 5 results and 0 failures
[2024-09-20 13:31:59,231][flwr][INFO] - fit progress: (3, 221.72198963165283, {'accuracy': 0.19467991815258695}, 87.39772113971412)
[2024-09-20 13:31:59,231][flwr][INFO] - configure_evaluate: strategy sampled 2 clients (out of 50)
[2024-09-20 13:32:01,970][flwr][INFO] - aggregate_evaluate: received 2 results and 0 failures
[2024-09-20 13:32:01,971][flwr][INFO] - 
[2024-09-20 13:32:01,971][flwr][INFO] - [ROUND 4]
[2024-09-20 13:32:01,971][flwr][INFO] - configure_fit: strategy sampled 5 clients (out of 50)
[2024-09-20 13:32:19,474][flwr][INFO] - aggregate_fit: received 5 results and 0 failures
[2024-09-20 13:32:30,855][flwr][INFO] - fit progress: (4, 215.3140046596527, {'accuracy': 0.19467991815258695}, 119.02234151493758)
[2024-09-20 13:32:30,856][flwr][INFO] - configure_evaluate: strategy sampled 2 clients (out of 50)
[2024-09-20 13:32:33,418][flwr][INFO] - aggregate_evaluate: received 2 results and 0 failures
[2024-09-20 13:32:33,418][flwr][INFO] - 
[2024-09-20 13:32:33,418][flwr][INFO] - [ROUND 5]
[2024-09-20 13:32:33,418][flwr][INFO] - configure_fit: strategy sampled 5 clients (out of 50)
[2024-09-20 13:32:50,535][flwr][INFO] - aggregate_fit: received 5 results and 0 failures
[2024-09-20 13:33:01,719][flwr][INFO] - fit progress: (5, 218.8973764181137, {'accuracy': 0.1824028061970184}, 149.88616725895554)
[2024-09-20 13:33:01,720][flwr][INFO] - configure_evaluate: strategy sampled 2 clients (out of 50)
[2024-09-20 13:33:04,229][flwr][INFO] - aggregate_evaluate: received 2 results and 0 failures
[2024-09-20 13:33:04,230][flwr][INFO] - 
[2024-09-20 13:33:04,230][flwr][INFO] - [ROUND 6]
[2024-09-20 13:33:04,230][flwr][INFO] - configure_fit: strategy sampled 5 clients (out of 50)
[2024-09-20 13:33:20,744][flwr][INFO] - aggregate_fit: received 5 results and 0 failures
[2024-09-20 13:33:31,484][flwr][INFO] - fit progress: (6, 229.81960940361023, {'accuracy': 0.19467991815258695}, 179.65072364686057)
[2024-09-20 13:33:31,484][flwr][INFO] - configure_evaluate: strategy sampled 2 clients (out of 50)
[2024-09-20 13:33:34,049][flwr][INFO] - aggregate_evaluate: received 2 results and 0 failures
[2024-09-20 13:33:34,050][flwr][INFO] - 
[2024-09-20 13:33:34,050][flwr][INFO] - [ROUND 7]
[2024-09-20 13:33:34,050][flwr][INFO] - configure_fit: strategy sampled 5 clients (out of 50)
[2024-09-20 13:33:50,686][flwr][INFO] - aggregate_fit: received 5 results and 0 failures
[2024-09-20 13:34:01,899][flwr][INFO] - fit progress: (7, 217.04267930984497, {'accuracy': 0.19467991815258695}, 210.06580563168973)
[2024-09-20 13:34:01,899][flwr][INFO] - configure_evaluate: strategy sampled 2 clients (out of 50)
[2024-09-20 13:34:04,307][flwr][INFO] - aggregate_evaluate: received 2 results and 0 failures
[2024-09-20 13:34:04,307][flwr][INFO] - 
[2024-09-20 13:34:04,308][flwr][INFO] - [ROUND 8]
[2024-09-20 13:34:04,308][flwr][INFO] - configure_fit: strategy sampled 5 clients (out of 50)
[2024-09-20 13:34:20,755][flwr][INFO] - aggregate_fit: received 5 results and 0 failures
[2024-09-20 13:34:31,428][flwr][INFO] - fit progress: (8, 214.2320852279663, {'accuracy': 0.17509500146156096}, 239.59548973292112)
[2024-09-20 13:34:31,429][flwr][INFO] - configure_evaluate: strategy sampled 2 clients (out of 50)
[2024-09-20 13:34:34,071][flwr][INFO] - aggregate_evaluate: received 2 results and 0 failures
[2024-09-20 13:34:34,072][flwr][INFO] - 
[2024-09-20 13:34:34,072][flwr][INFO] - [ROUND 9]
[2024-09-20 13:34:34,072][flwr][INFO] - configure_fit: strategy sampled 5 clients (out of 50)
[2024-09-20 13:34:50,845][flwr][INFO] - aggregate_fit: received 5 results and 0 failures
[2024-09-20 13:35:01,945][flwr][INFO] - fit progress: (9, 217.03679740428925, {'accuracy': 0.19467991815258695}, 270.1116816806607)
[2024-09-20 13:35:01,945][flwr][INFO] - configure_evaluate: strategy sampled 2 clients (out of 50)
[2024-09-20 13:35:04,205][flwr][INFO] - aggregate_evaluate: received 2 results and 0 failures
[2024-09-20 13:35:04,205][flwr][INFO] - 
[2024-09-20 13:35:04,205][flwr][INFO] - [ROUND 10]
[2024-09-20 13:35:04,205][flwr][INFO] - configure_fit: strategy sampled 5 clients (out of 50)
[2024-09-20 13:35:21,645][flwr][INFO] - aggregate_fit: received 5 results and 0 failures
[2024-09-20 13:35:32,527][flwr][INFO] - fit progress: (10, 215.8761806488037, {'accuracy': 0.1824028061970184}, 300.6945835268125)
[2024-09-20 13:35:32,528][flwr][INFO] - configure_evaluate: strategy sampled 2 clients (out of 50)
[2024-09-20 13:35:35,281][flwr][INFO] - aggregate_evaluate: received 2 results and 0 failures
[2024-09-20 13:35:35,282][flwr][INFO] - 
[2024-09-20 13:35:35,282][flwr][INFO] - [ROUND 11]
[2024-09-20 13:35:35,282][flwr][INFO] - configure_fit: strategy sampled 5 clients (out of 50)
[2024-09-20 13:35:51,566][flwr][INFO] - aggregate_fit: received 5 results and 0 failures
[2024-09-20 13:36:02,392][flwr][INFO] - fit progress: (11, 215.21845138072968, {'accuracy': 0.19467991815258695}, 330.55913798185065)
[2024-09-20 13:36:02,392][flwr][INFO] - configure_evaluate: strategy sampled 2 clients (out of 50)
[2024-09-20 13:36:05,109][flwr][INFO] - aggregate_evaluate: received 2 results and 0 failures
[2024-09-20 13:36:05,110][flwr][INFO] - 
[2024-09-20 13:36:05,110][flwr][INFO] - [ROUND 12]
[2024-09-20 13:36:05,110][flwr][INFO] - configure_fit: strategy sampled 5 clients (out of 50)
[2024-09-20 13:36:21,810][flwr][INFO] - aggregate_fit: received 5 results and 0 failures
[2024-09-20 13:36:32,320][flwr][INFO] - fit progress: (12, 212.97462511062622, {'accuracy': 0.2993276819643379}, 360.4867830965668)
[2024-09-20 13:36:32,320][flwr][INFO] - configure_evaluate: strategy sampled 2 clients (out of 50)
[2024-09-20 13:36:34,694][flwr][INFO] - aggregate_evaluate: received 2 results and 0 failures
[2024-09-20 13:36:34,695][flwr][INFO] - 
[2024-09-20 13:36:34,695][flwr][INFO] - [ROUND 13]
[2024-09-20 13:36:34,695][flwr][INFO] - configure_fit: strategy sampled 5 clients (out of 50)
[2024-09-20 13:36:51,412][flwr][INFO] - aggregate_fit: received 5 results and 0 failures
[2024-09-20 13:37:02,146][flwr][INFO] - fit progress: (13, 208.46735882759094, {'accuracy': 0.19467991815258695}, 390.31305291783065)
[2024-09-20 13:37:02,146][flwr][INFO] - configure_evaluate: strategy sampled 2 clients (out of 50)
[2024-09-20 13:37:04,794][flwr][INFO] - aggregate_evaluate: received 2 results and 0 failures
[2024-09-20 13:37:04,795][flwr][INFO] - 
[2024-09-20 13:37:04,795][flwr][INFO] - [ROUND 14]
[2024-09-20 13:37:04,795][flwr][INFO] - configure_fit: strategy sampled 5 clients (out of 50)
[2024-09-20 13:37:21,515][flwr][INFO] - aggregate_fit: received 5 results and 0 failures
[2024-09-20 13:37:32,536][flwr][INFO] - fit progress: (14, 186.76110923290253, {'accuracy': 0.38760596316866414}, 420.7028787988238)
[2024-09-20 13:37:32,536][flwr][INFO] - configure_evaluate: strategy sampled 2 clients (out of 50)
[2024-09-20 13:37:34,982][flwr][INFO] - aggregate_evaluate: received 2 results and 0 failures
[2024-09-20 13:37:34,982][flwr][INFO] - 
[2024-09-20 13:37:34,982][flwr][INFO] - [ROUND 15]
[2024-09-20 13:37:34,982][flwr][INFO] - configure_fit: strategy sampled 5 clients (out of 50)
[2024-09-20 13:37:50,819][flwr][INFO] - aggregate_fit: received 5 results and 0 failures
[2024-09-20 13:38:01,541][flwr][INFO] - fit progress: (15, 200.42473483085632, {'accuracy': 0.2738965214849459}, 449.70784316258505)
[2024-09-20 13:38:01,541][flwr][INFO] - configure_evaluate: strategy sampled 2 clients (out of 50)
[2024-09-20 13:38:04,104][flwr][INFO] - aggregate_evaluate: received 2 results and 0 failures
[2024-09-20 13:38:04,104][flwr][INFO] - 
[2024-09-20 13:38:04,104][flwr][INFO] - [ROUND 16]
[2024-09-20 13:38:04,104][flwr][INFO] - configure_fit: strategy sampled 5 clients (out of 50)
[2024-09-20 13:38:20,146][flwr][INFO] - aggregate_fit: received 5 results and 0 failures
[2024-09-20 13:38:31,562][flwr][INFO] - fit progress: (16, 179.0633180141449, {'accuracy': 0.397252265419468}, 479.72924850089476)
[2024-09-20 13:38:31,562][flwr][INFO] - configure_evaluate: strategy sampled 2 clients (out of 50)
[2024-09-20 13:38:34,342][flwr][INFO] - aggregate_evaluate: received 2 results and 0 failures
[2024-09-20 13:38:34,342][flwr][INFO] - 
[2024-09-20 13:38:34,342][flwr][INFO] - [ROUND 17]
[2024-09-20 13:38:34,343][flwr][INFO] - configure_fit: strategy sampled 5 clients (out of 50)
[2024-09-20 13:38:51,532][flwr][INFO] - aggregate_fit: received 5 results and 0 failures
[2024-09-20 13:39:02,107][flwr][INFO] - fit progress: (17, 199.8984694480896, {'accuracy': 0.25255773165741013}, 510.2740959879011)
[2024-09-20 13:39:02,107][flwr][INFO] - configure_evaluate: strategy sampled 2 clients (out of 50)
[2024-09-20 13:39:04,812][flwr][INFO] - aggregate_evaluate: received 2 results and 0 failures
[2024-09-20 13:39:04,812][flwr][INFO] - 
[2024-09-20 13:39:04,812][flwr][INFO] - [ROUND 18]
[2024-09-20 13:39:04,812][flwr][INFO] - configure_fit: strategy sampled 5 clients (out of 50)
[2024-09-20 13:39:22,509][flwr][INFO] - aggregate_fit: received 5 results and 0 failures
[2024-09-20 13:39:33,971][flwr][INFO] - fit progress: (18, 158.52252900600433, {'accuracy': 0.4013446360713242}, 542.1384546109475)
[2024-09-20 13:39:33,972][flwr][INFO] - configure_evaluate: strategy sampled 2 clients (out of 50)
[2024-09-20 13:39:36,464][flwr][INFO] - aggregate_evaluate: received 2 results and 0 failures
[2024-09-20 13:39:36,464][flwr][INFO] - 
[2024-09-20 13:39:36,464][flwr][INFO] - [ROUND 19]
[2024-09-20 13:39:36,465][flwr][INFO] - configure_fit: strategy sampled 5 clients (out of 50)
[2024-09-20 13:39:53,469][flwr][INFO] - aggregate_fit: received 5 results and 0 failures
[2024-09-20 13:40:04,276][flwr][INFO] - fit progress: (19, 180.2620805501938, {'accuracy': 0.35691318327974275}, 572.442868262995)
[2024-09-20 13:40:04,276][flwr][INFO] - configure_evaluate: strategy sampled 2 clients (out of 50)
[2024-09-20 13:40:06,748][flwr][INFO] - aggregate_evaluate: received 2 results and 0 failures
[2024-09-20 13:40:06,748][flwr][INFO] - 
[2024-09-20 13:40:06,749][flwr][INFO] - [ROUND 20]
[2024-09-20 13:40:06,749][flwr][INFO] - configure_fit: strategy sampled 5 clients (out of 50)
[2024-09-20 13:40:23,915][flwr][INFO] - aggregate_fit: received 5 results and 0 failures
[2024-09-20 13:40:34,582][flwr][INFO] - fit progress: (20, 152.7948853969574, {'accuracy': 0.4586378251973107}, 602.7491917088628)
[2024-09-20 13:40:34,582][flwr][INFO] - configure_evaluate: strategy sampled 2 clients (out of 50)
[2024-09-20 13:40:37,828][flwr][INFO] - aggregate_evaluate: received 2 results and 0 failures
[2024-09-20 13:40:37,829][flwr][INFO] - 
[2024-09-20 13:40:37,829][flwr][INFO] - [ROUND 21]
[2024-09-20 13:40:37,829][flwr][INFO] - configure_fit: strategy sampled 5 clients (out of 50)
[2024-09-20 13:40:53,970][flwr][INFO] - aggregate_fit: received 5 results and 0 failures
[2024-09-20 13:41:05,753][flwr][INFO] - fit progress: (21, 146.97944355010986, {'accuracy': 0.49868459514761765}, 633.9204563209787)
[2024-09-20 13:41:05,754][flwr][INFO] - configure_evaluate: strategy sampled 2 clients (out of 50)
[2024-09-20 13:41:08,418][flwr][INFO] - aggregate_evaluate: received 2 results and 0 failures
[2024-09-20 13:41:08,418][flwr][INFO] - 
[2024-09-20 13:41:08,418][flwr][INFO] - [ROUND 22]
[2024-09-20 13:41:08,418][flwr][INFO] - configure_fit: strategy sampled 5 clients (out of 50)
[2024-09-20 13:41:25,412][flwr][INFO] - aggregate_fit: received 5 results and 0 failures
[2024-09-20 13:41:36,068][flwr][INFO] - fit progress: (22, 142.90350818634033, {'accuracy': 0.4723764980999708}, 664.2355797206983)
[2024-09-20 13:41:36,069][flwr][INFO] - configure_evaluate: strategy sampled 2 clients (out of 50)
[2024-09-20 13:41:38,638][flwr][INFO] - aggregate_evaluate: received 2 results and 0 failures
[2024-09-20 13:41:38,639][flwr][INFO] - 
[2024-09-20 13:41:38,639][flwr][INFO] - [ROUND 23]
[2024-09-20 13:41:38,639][flwr][INFO] - configure_fit: strategy sampled 5 clients (out of 50)
[2024-09-20 13:41:55,519][flwr][INFO] - aggregate_fit: received 5 results and 0 failures
[2024-09-20 13:42:06,081][flwr][INFO] - fit progress: (23, 146.06655311584473, {'accuracy': 0.4820228003507746}, 694.2482790448703)
[2024-09-20 13:42:06,081][flwr][INFO] - configure_evaluate: strategy sampled 2 clients (out of 50)
[2024-09-20 13:42:08,401][flwr][INFO] - aggregate_evaluate: received 2 results and 0 failures
[2024-09-20 13:42:08,402][flwr][INFO] - 
[2024-09-20 13:42:08,402][flwr][INFO] - [ROUND 24]
[2024-09-20 13:42:08,402][flwr][INFO] - configure_fit: strategy sampled 5 clients (out of 50)
[2024-09-20 13:42:27,208][flwr][INFO] - aggregate_fit: received 5 results and 0 failures
[2024-09-20 13:42:37,921][flwr][INFO] - fit progress: (24, 116.79571658372879, {'accuracy': 0.5980707395498392}, 726.0884378305636)
[2024-09-20 13:42:37,922][flwr][INFO] - configure_evaluate: strategy sampled 2 clients (out of 50)
[2024-09-20 13:42:40,528][flwr][INFO] - aggregate_evaluate: received 2 results and 0 failures
[2024-09-20 13:42:40,529][flwr][INFO] - 
[2024-09-20 13:42:40,529][flwr][INFO] - [ROUND 25]
[2024-09-20 13:42:40,529][flwr][INFO] - configure_fit: strategy sampled 5 clients (out of 50)
[2024-09-20 13:42:58,192][flwr][INFO] - aggregate_fit: received 5 results and 0 failures
[2024-09-20 13:43:08,869][flwr][INFO] - fit progress: (25, 113.31600654125214, {'accuracy': 0.619409529377375}, 757.0358439977281)
[2024-09-20 13:43:08,869][flwr][INFO] - configure_evaluate: strategy sampled 2 clients (out of 50)
[2024-09-20 13:43:11,447][flwr][INFO] - aggregate_evaluate: received 2 results and 0 failures
[2024-09-20 13:43:11,447][flwr][INFO] - 
[2024-09-20 13:43:11,448][flwr][INFO] - [ROUND 26]
[2024-09-20 13:43:11,448][flwr][INFO] - configure_fit: strategy sampled 5 clients (out of 50)
[2024-09-20 13:43:29,071][flwr][INFO] - aggregate_fit: received 5 results and 0 failures
[2024-09-20 13:43:39,822][flwr][INFO] - fit progress: (26, 119.02663826942444, {'accuracy': 0.5726395790704473}, 787.9890394257382)
[2024-09-20 13:43:39,822][flwr][INFO] - configure_evaluate: strategy sampled 2 clients (out of 50)
[2024-09-20 13:43:42,678][flwr][INFO] - aggregate_evaluate: received 2 results and 0 failures
[2024-09-20 13:43:42,678][flwr][INFO] - 
[2024-09-20 13:43:42,678][flwr][INFO] - [ROUND 27]
[2024-09-20 13:43:42,678][flwr][INFO] - configure_fit: strategy sampled 5 clients (out of 50)
[2024-09-20 13:43:59,444][flwr][INFO] - aggregate_fit: received 5 results and 0 failures
[2024-09-20 13:44:10,008][flwr][INFO] - fit progress: (27, 112.56269919872284, {'accuracy': 0.623209587839813}, 818.1754514588974)
[2024-09-20 13:44:10,009][flwr][INFO] - configure_evaluate: strategy sampled 2 clients (out of 50)
[2024-09-20 13:44:12,332][flwr][INFO] - aggregate_evaluate: received 2 results and 0 failures
[2024-09-20 13:44:12,332][flwr][INFO] - 
[2024-09-20 13:44:12,332][flwr][INFO] - [ROUND 28]
[2024-09-20 13:44:12,332][flwr][INFO] - configure_fit: strategy sampled 5 clients (out of 50)
[2024-09-20 13:44:29,405][flwr][INFO] - aggregate_fit: received 5 results and 0 failures
[2024-09-20 13:44:40,016][flwr][INFO] - fit progress: (28, 120.3569820523262, {'accuracy': 0.5814089447529962}, 848.1829115189612)
[2024-09-20 13:44:40,016][flwr][INFO] - configure_evaluate: strategy sampled 2 clients (out of 50)
[2024-09-20 13:44:42,373][flwr][INFO] - aggregate_evaluate: received 2 results and 0 failures
[2024-09-20 13:44:42,373][flwr][INFO] - 
[2024-09-20 13:44:42,373][flwr][INFO] - [ROUND 29]
[2024-09-20 13:44:42,374][flwr][INFO] - configure_fit: strategy sampled 5 clients (out of 50)
[2024-09-20 13:44:59,199][flwr][INFO] - aggregate_fit: received 5 results and 0 failures
[2024-09-20 13:45:10,897][flwr][INFO] - fit progress: (29, 93.98897647857666, {'accuracy': 0.6825489622917276}, 879.0644257166423)
[2024-09-20 13:45:10,898][flwr][INFO] - configure_evaluate: strategy sampled 2 clients (out of 50)
[2024-09-20 13:45:13,696][flwr][INFO] - aggregate_evaluate: received 2 results and 0 failures
[2024-09-20 13:45:13,696][flwr][INFO] - 
[2024-09-20 13:45:13,696][flwr][INFO] - [ROUND 30]
[2024-09-20 13:45:13,696][flwr][INFO] - configure_fit: strategy sampled 5 clients (out of 50)
[2024-09-20 13:45:31,012][flwr][INFO] - aggregate_fit: received 5 results and 0 failures
[2024-09-20 13:45:41,734][flwr][INFO] - fit progress: (30, 100.49727618694305, {'accuracy': 0.6553639286758258}, 909.9008633526973)
[2024-09-20 13:45:41,734][flwr][INFO] - configure_evaluate: strategy sampled 2 clients (out of 50)
[2024-09-20 13:45:44,317][flwr][INFO] - aggregate_evaluate: received 2 results and 0 failures
[2024-09-20 13:45:44,317][flwr][INFO] - 
[2024-09-20 13:45:44,317][flwr][INFO] - [ROUND 31]
[2024-09-20 13:45:44,318][flwr][INFO] - configure_fit: strategy sampled 5 clients (out of 50)
[2024-09-20 13:46:00,760][flwr][INFO] - aggregate_fit: received 5 results and 0 failures
[2024-09-20 13:46:12,683][flwr][INFO] - fit progress: (31, 102.25330132246017, {'accuracy': 0.642794504530839}, 940.8499336936511)
[2024-09-20 13:46:12,683][flwr][INFO] - configure_evaluate: strategy sampled 2 clients (out of 50)
[2024-09-20 13:46:15,130][flwr][INFO] - aggregate_evaluate: received 2 results and 0 failures
[2024-09-20 13:46:15,130][flwr][INFO] - 
[2024-09-20 13:46:15,130][flwr][INFO] - [ROUND 32]
[2024-09-20 13:46:15,130][flwr][INFO] - configure_fit: strategy sampled 5 clients (out of 50)
[2024-09-20 13:46:31,380][flwr][INFO] - aggregate_fit: received 5 results and 0 failures
[2024-09-20 13:46:42,083][flwr][INFO] - fit progress: (32, 94.8402311205864, {'accuracy': 0.6834258988599825}, 970.2501313746907)
[2024-09-20 13:46:42,083][flwr][INFO] - configure_evaluate: strategy sampled 2 clients (out of 50)
[2024-09-20 13:46:44,490][flwr][INFO] - aggregate_evaluate: received 2 results and 0 failures
[2024-09-20 13:46:44,490][flwr][INFO] - 
[2024-09-20 13:46:44,490][flwr][INFO] - [ROUND 33]
[2024-09-20 13:46:44,491][flwr][INFO] - configure_fit: strategy sampled 5 clients (out of 50)
[2024-09-20 13:47:00,606][flwr][INFO] - aggregate_fit: received 5 results and 0 failures
[2024-09-20 13:47:11,259][flwr][INFO] - fit progress: (33, 100.09268462657928, {'accuracy': 0.6197018415667933}, 999.4258268098347)
[2024-09-20 13:47:11,259][flwr][INFO] - configure_evaluate: strategy sampled 2 clients (out of 50)
[2024-09-20 13:47:14,070][flwr][INFO] - aggregate_evaluate: received 2 results and 0 failures
[2024-09-20 13:47:14,070][flwr][INFO] - 
[2024-09-20 13:47:14,070][flwr][INFO] - [ROUND 34]
[2024-09-20 13:47:14,070][flwr][INFO] - configure_fit: strategy sampled 5 clients (out of 50)
[2024-09-20 13:47:31,135][flwr][INFO] - aggregate_fit: received 5 results and 0 failures
[2024-09-20 13:47:42,014][flwr][INFO] - fit progress: (34, 101.93956851959229, {'accuracy': 0.6600409237065186}, 1030.1813640338369)
[2024-09-20 13:47:42,015][flwr][INFO] - configure_evaluate: strategy sampled 2 clients (out of 50)
[2024-09-20 13:47:44,551][flwr][INFO] - aggregate_evaluate: received 2 results and 0 failures
[2024-09-20 13:47:44,552][flwr][INFO] - 
[2024-09-20 13:47:44,552][flwr][INFO] - [ROUND 35]
[2024-09-20 13:47:44,552][flwr][INFO] - configure_fit: strategy sampled 5 clients (out of 50)
[2024-09-20 13:48:01,064][flwr][INFO] - aggregate_fit: received 5 results and 0 failures
[2024-09-20 13:48:11,949][flwr][INFO] - fit progress: (35, 116.56830322742462, {'accuracy': 0.5510084770534931}, 1060.1163342068903)
[2024-09-20 13:48:11,949][flwr][INFO] - configure_evaluate: strategy sampled 2 clients (out of 50)
[2024-09-20 13:48:14,567][flwr][INFO] - aggregate_evaluate: received 2 results and 0 failures
[2024-09-20 13:48:14,567][flwr][INFO] - 
[2024-09-20 13:48:14,567][flwr][INFO] - [ROUND 36]
[2024-09-20 13:48:14,567][flwr][INFO] - configure_fit: strategy sampled 5 clients (out of 50)
[2024-09-20 13:48:31,165][flwr][INFO] - aggregate_fit: received 5 results and 0 failures
[2024-09-20 13:48:41,793][flwr][INFO] - fit progress: (36, 95.65913081169128, {'accuracy': 0.6696872259573224}, 1089.9600811866112)
[2024-09-20 13:48:41,793][flwr][INFO] - configure_evaluate: strategy sampled 2 clients (out of 50)
[2024-09-20 13:48:44,304][flwr][INFO] - aggregate_evaluate: received 2 results and 0 failures
[2024-09-20 13:48:44,304][flwr][INFO] - 
[2024-09-20 13:48:44,304][flwr][INFO] - [ROUND 37]
[2024-09-20 13:48:44,304][flwr][INFO] - configure_fit: strategy sampled 5 clients (out of 50)
[2024-09-20 13:49:00,358][flwr][INFO] - aggregate_fit: received 5 results and 0 failures
[2024-09-20 13:49:11,041][flwr][INFO] - fit progress: (37, 93.51642405986786, {'accuracy': 0.6489330605086232}, 1119.208462016657)
[2024-09-20 13:49:11,042][flwr][INFO] - configure_evaluate: strategy sampled 2 clients (out of 50)
[2024-09-20 13:49:13,596][flwr][INFO] - aggregate_evaluate: received 2 results and 0 failures
[2024-09-20 13:49:13,596][flwr][INFO] - 
[2024-09-20 13:49:13,596][flwr][INFO] - [ROUND 38]
[2024-09-20 13:49:13,596][flwr][INFO] - configure_fit: strategy sampled 5 clients (out of 50)
[2024-09-20 13:49:31,155][flwr][INFO] - aggregate_fit: received 5 results and 0 failures
[2024-09-20 13:49:41,980][flwr][INFO] - fit progress: (38, 86.8145497739315, {'accuracy': 0.7065185618240281}, 1150.1472862949595)
[2024-09-20 13:49:41,981][flwr][INFO] - configure_evaluate: strategy sampled 2 clients (out of 50)
[2024-09-20 13:49:44,328][flwr][INFO] - aggregate_evaluate: received 2 results and 0 failures
[2024-09-20 13:49:44,329][flwr][INFO] - 
[2024-09-20 13:49:44,329][flwr][INFO] - [ROUND 39]
[2024-09-20 13:49:44,329][flwr][INFO] - configure_fit: strategy sampled 5 clients (out of 50)
[2024-09-20 13:50:01,792][flwr][INFO] - aggregate_fit: received 5 results and 0 failures
[2024-09-20 13:50:12,795][flwr][INFO] - fit progress: (39, 92.69417709112167, {'accuracy': 0.6597486115171003}, 1180.9625999387354)
[2024-09-20 13:50:12,796][flwr][INFO] - configure_evaluate: strategy sampled 2 clients (out of 50)
[2024-09-20 13:50:15,150][flwr][INFO] - aggregate_evaluate: received 2 results and 0 failures
[2024-09-20 13:50:15,150][flwr][INFO] - 
[2024-09-20 13:50:15,150][flwr][INFO] - [ROUND 40]
[2024-09-20 13:50:15,150][flwr][INFO] - configure_fit: strategy sampled 5 clients (out of 50)
[2024-09-20 13:50:32,097][flwr][INFO] - aggregate_fit: received 5 results and 0 failures
[2024-09-20 13:50:43,047][flwr][INFO] - fit progress: (40, 94.39346945285797, {'accuracy': 0.6793335282081263}, 1211.2137358589098)
[2024-09-20 13:50:43,047][flwr][INFO] - configure_evaluate: strategy sampled 2 clients (out of 50)
[2024-09-20 13:50:45,855][flwr][INFO] - aggregate_evaluate: received 2 results and 0 failures
[2024-09-20 13:50:45,855][flwr][INFO] - 
[2024-09-20 13:50:45,855][flwr][INFO] - [ROUND 41]
[2024-09-20 13:50:45,856][flwr][INFO] - configure_fit: strategy sampled 5 clients (out of 50)
[2024-09-20 13:51:02,498][flwr][INFO] - aggregate_fit: received 5 results and 0 failures
[2024-09-20 13:51:13,332][flwr][INFO] - fit progress: (41, 86.59570869803429, {'accuracy': 0.7129494299912307}, 1241.4987820349634)
[2024-09-20 13:51:13,332][flwr][INFO] - configure_evaluate: strategy sampled 2 clients (out of 50)
[2024-09-20 13:51:15,777][flwr][INFO] - aggregate_evaluate: received 2 results and 0 failures
[2024-09-20 13:51:15,777][flwr][INFO] - 
[2024-09-20 13:51:15,777][flwr][INFO] - [ROUND 42]
[2024-09-20 13:51:15,777][flwr][INFO] - configure_fit: strategy sampled 5 clients (out of 50)
[2024-09-20 13:51:32,657][flwr][INFO] - aggregate_fit: received 5 results and 0 failures
[2024-09-20 13:51:43,535][flwr][INFO] - fit progress: (42, 85.15192916989326, {'accuracy': 0.6951183864367144}, 1271.7021846957505)
[2024-09-20 13:51:43,536][flwr][INFO] - configure_evaluate: strategy sampled 2 clients (out of 50)
[2024-09-20 13:51:46,002][flwr][INFO] - aggregate_evaluate: received 2 results and 0 failures
[2024-09-20 13:51:46,003][flwr][INFO] - 
[2024-09-20 13:51:46,003][flwr][INFO] - [ROUND 43]
[2024-09-20 13:51:46,003][flwr][INFO] - configure_fit: strategy sampled 5 clients (out of 50)
[2024-09-20 13:52:01,439][flwr][INFO] - aggregate_fit: received 5 results and 0 failures
[2024-09-20 13:52:12,120][flwr][INFO] - fit progress: (43, 80.8921494781971, {'accuracy': 0.737795966091786}, 1300.2873210175894)
[2024-09-20 13:52:12,120][flwr][INFO] - configure_evaluate: strategy sampled 2 clients (out of 50)
[2024-09-20 13:52:14,661][flwr][INFO] - aggregate_evaluate: received 2 results and 0 failures
[2024-09-20 13:52:14,661][flwr][INFO] - 
[2024-09-20 13:52:14,661][flwr][INFO] - [ROUND 44]
[2024-09-20 13:52:14,661][flwr][INFO] - configure_fit: strategy sampled 5 clients (out of 50)
[2024-09-20 13:52:31,262][flwr][INFO] - aggregate_fit: received 5 results and 0 failures
[2024-09-20 13:52:42,979][flwr][INFO] - fit progress: (44, 85.42355027794838, {'accuracy': 0.7179187372113417}, 1331.1463363138027)
[2024-09-20 13:52:42,980][flwr][INFO] - configure_evaluate: strategy sampled 2 clients (out of 50)
[2024-09-20 13:52:45,267][flwr][INFO] - aggregate_evaluate: received 2 results and 0 failures
[2024-09-20 13:52:45,268][flwr][INFO] - 
[2024-09-20 13:52:45,268][flwr][INFO] - [ROUND 45]
[2024-09-20 13:52:45,268][flwr][INFO] - configure_fit: strategy sampled 5 clients (out of 50)
[2024-09-20 13:53:02,998][flwr][INFO] - aggregate_fit: received 5 results and 0 failures
[2024-09-20 13:53:15,233][flwr][INFO] - fit progress: (45, 83.53076213598251, {'accuracy': 0.7220111078631979}, 1363.4001903305762)
[2024-09-20 13:53:15,233][flwr][INFO] - configure_evaluate: strategy sampled 2 clients (out of 50)
[2024-09-20 13:53:17,752][flwr][INFO] - aggregate_evaluate: received 2 results and 0 failures
[2024-09-20 13:53:17,752][flwr][INFO] - 
[2024-09-20 13:53:17,752][flwr][INFO] - [ROUND 46]
[2024-09-20 13:53:17,752][flwr][INFO] - configure_fit: strategy sampled 5 clients (out of 50)
[2024-09-20 13:53:35,804][flwr][INFO] - aggregate_fit: received 5 results and 0 failures
[2024-09-20 13:53:46,644][flwr][INFO] - fit progress: (46, 94.15608245134354, {'accuracy': 0.6980415083308974}, 1394.8115354296751)
[2024-09-20 13:53:46,645][flwr][INFO] - configure_evaluate: strategy sampled 2 clients (out of 50)
[2024-09-20 13:53:49,393][flwr][INFO] - aggregate_evaluate: received 2 results and 0 failures
[2024-09-20 13:53:49,393][flwr][INFO] - 
[2024-09-20 13:53:49,393][flwr][INFO] - [ROUND 47]
[2024-09-20 13:53:49,393][flwr][INFO] - configure_fit: strategy sampled 5 clients (out of 50)
[2024-09-20 13:54:06,244][flwr][INFO] - aggregate_fit: received 5 results and 0 failures
[2024-09-20 13:54:17,418][flwr][INFO] - fit progress: (47, 81.19106057286263, {'accuracy': 0.7111955568547208}, 1425.584715575911)
[2024-09-20 13:54:17,418][flwr][INFO] - configure_evaluate: strategy sampled 2 clients (out of 50)
[2024-09-20 13:54:20,165][flwr][INFO] - aggregate_evaluate: received 2 results and 0 failures
[2024-09-20 13:54:20,165][flwr][INFO] - 
[2024-09-20 13:54:20,165][flwr][INFO] - [ROUND 48]
[2024-09-20 13:54:20,165][flwr][INFO] - configure_fit: strategy sampled 5 clients (out of 50)
[2024-09-20 13:54:36,583][flwr][INFO] - aggregate_fit: received 5 results and 0 failures
[2024-09-20 13:54:48,142][flwr][INFO] - fit progress: (48, 89.54468008875847, {'accuracy': 0.6778719672610348}, 1456.3089316547848)
[2024-09-20 13:54:48,142][flwr][INFO] - configure_evaluate: strategy sampled 2 clients (out of 50)
[2024-09-20 13:54:50,445][flwr][INFO] - aggregate_evaluate: received 2 results and 0 failures
[2024-09-20 13:54:50,445][flwr][INFO] - 
[2024-09-20 13:54:50,445][flwr][INFO] - [ROUND 49]
[2024-09-20 13:54:50,445][flwr][INFO] - configure_fit: strategy sampled 5 clients (out of 50)
[2024-09-20 13:55:07,063][flwr][INFO] - aggregate_fit: received 5 results and 0 failures
[2024-09-20 13:55:18,075][flwr][INFO] - fit progress: (49, 78.62765680253506, {'accuracy': 0.7304881613563285}, 1486.2419560677372)
[2024-09-20 13:55:18,075][flwr][INFO] - configure_evaluate: strategy sampled 2 clients (out of 50)
[2024-09-20 13:55:20,462][flwr][INFO] - aggregate_evaluate: received 2 results and 0 failures
[2024-09-20 13:55:20,462][flwr][INFO] - 
[2024-09-20 13:55:20,462][flwr][INFO] - [ROUND 50]
[2024-09-20 13:55:20,462][flwr][INFO] - configure_fit: strategy sampled 5 clients (out of 50)
[2024-09-20 13:55:36,969][flwr][INFO] - aggregate_fit: received 5 results and 0 failures
[2024-09-20 13:55:47,778][flwr][INFO] - fit progress: (50, 84.07301473617554, {'accuracy': 0.698626132709734}, 1515.9454454546794)
[2024-09-20 13:55:47,779][flwr][INFO] - configure_evaluate: strategy sampled 2 clients (out of 50)
[2024-09-20 13:55:50,302][flwr][INFO] - aggregate_evaluate: received 2 results and 0 failures
[2024-09-20 13:55:50,302][flwr][INFO] - 
[2024-09-20 13:55:50,302][flwr][INFO] - [ROUND 51]
[2024-09-20 13:55:50,303][flwr][INFO] - configure_fit: strategy sampled 5 clients (out of 50)
[2024-09-20 13:56:07,447][flwr][INFO] - aggregate_fit: received 5 results and 0 failures
[2024-09-20 13:56:18,560][flwr][INFO] - fit progress: (51, 79.12720987200737, {'accuracy': 0.7471499561531716}, 1546.7275293837301)
[2024-09-20 13:56:18,561][flwr][INFO] - configure_evaluate: strategy sampled 2 clients (out of 50)
[2024-09-20 13:56:20,768][flwr][INFO] - aggregate_evaluate: received 2 results and 0 failures
[2024-09-20 13:56:20,768][flwr][INFO] - 
[2024-09-20 13:56:20,769][flwr][INFO] - [ROUND 52]
[2024-09-20 13:56:20,769][flwr][INFO] - configure_fit: strategy sampled 5 clients (out of 50)
[2024-09-20 13:56:38,084][flwr][INFO] - aggregate_fit: received 5 results and 0 failures
[2024-09-20 13:56:49,106][flwr][INFO] - fit progress: (52, 85.296406686306, {'accuracy': 0.701549254603917}, 1577.2735951268114)
[2024-09-20 13:56:49,107][flwr][INFO] - configure_evaluate: strategy sampled 2 clients (out of 50)
[2024-09-20 13:56:51,469][flwr][INFO] - aggregate_evaluate: received 2 results and 0 failures
[2024-09-20 13:56:51,470][flwr][INFO] - 
[2024-09-20 13:56:51,470][flwr][INFO] - [ROUND 53]
[2024-09-20 13:56:51,470][flwr][INFO] - configure_fit: strategy sampled 5 clients (out of 50)
[2024-09-20 13:57:06,920][flwr][INFO] - aggregate_fit: received 5 results and 0 failures
[2024-09-20 13:57:17,868][flwr][INFO] - fit progress: (53, 82.78001263737679, {'accuracy': 0.7109032446653025}, 1606.0355991995893)
[2024-09-20 13:57:17,869][flwr][INFO] - configure_evaluate: strategy sampled 2 clients (out of 50)
[2024-09-20 13:57:20,137][flwr][INFO] - aggregate_evaluate: received 2 results and 0 failures
[2024-09-20 13:57:20,137][flwr][INFO] - 
[2024-09-20 13:57:20,137][flwr][INFO] - [ROUND 54]
[2024-09-20 13:57:20,138][flwr][INFO] - configure_fit: strategy sampled 5 clients (out of 50)
[2024-09-20 13:57:35,852][flwr][INFO] - aggregate_fit: received 5 results and 0 failures
[2024-09-20 13:57:46,544][flwr][INFO] - fit progress: (54, 94.11830604076385, {'accuracy': 0.6641332943583748}, 1634.711469664704)
[2024-09-20 13:57:46,545][flwr][INFO] - configure_evaluate: strategy sampled 2 clients (out of 50)
[2024-09-20 13:57:48,931][flwr][INFO] - aggregate_evaluate: received 2 results and 0 failures
[2024-09-20 13:57:48,931][flwr][INFO] - 
[2024-09-20 13:57:48,931][flwr][INFO] - [ROUND 55]
[2024-09-20 13:57:48,931][flwr][INFO] - configure_fit: strategy sampled 5 clients (out of 50)
[2024-09-20 13:58:06,000][flwr][INFO] - aggregate_fit: received 5 results and 0 failures
[2024-09-20 13:58:16,972][flwr][INFO] - fit progress: (55, 77.58235275745392, {'accuracy': 0.7249342297573809}, 1665.1391042326577)
[2024-09-20 13:58:16,972][flwr][INFO] - configure_evaluate: strategy sampled 2 clients (out of 50)
[2024-09-20 13:58:19,207][flwr][INFO] - aggregate_evaluate: received 2 results and 0 failures
[2024-09-20 13:58:19,207][flwr][INFO] - 
[2024-09-20 13:58:19,207][flwr][INFO] - [ROUND 56]
[2024-09-20 13:58:19,207][flwr][INFO] - configure_fit: strategy sampled 5 clients (out of 50)
[2024-09-20 13:58:35,927][flwr][INFO] - aggregate_fit: received 5 results and 0 failures
[2024-09-20 13:58:46,520][flwr][INFO] - fit progress: (56, 78.67006334662437, {'accuracy': 0.7430575855013154}, 1694.6870823418722)
[2024-09-20 13:58:46,521][flwr][INFO] - configure_evaluate: strategy sampled 2 clients (out of 50)
[2024-09-20 13:58:49,509][flwr][INFO] - aggregate_evaluate: received 2 results and 0 failures
[2024-09-20 13:58:49,510][flwr][INFO] - 
[2024-09-20 13:58:49,510][flwr][INFO] - [ROUND 57]
[2024-09-20 13:58:49,510][flwr][INFO] - configure_fit: strategy sampled 5 clients (out of 50)
[2024-09-20 13:59:06,952][flwr][INFO] - aggregate_fit: received 5 results and 0 failures
[2024-09-20 13:59:17,650][flwr][INFO] - fit progress: (57, 76.2430931031704, {'accuracy': 0.7360420929552762}, 1725.816968889907)
[2024-09-20 13:59:17,650][flwr][INFO] - configure_evaluate: strategy sampled 2 clients (out of 50)
[2024-09-20 13:59:20,010][flwr][INFO] - aggregate_evaluate: received 2 results and 0 failures
[2024-09-20 13:59:20,010][flwr][INFO] - 
[2024-09-20 13:59:20,010][flwr][INFO] - [ROUND 58]
[2024-09-20 13:59:20,010][flwr][INFO] - configure_fit: strategy sampled 5 clients (out of 50)
[2024-09-20 13:59:36,603][flwr][INFO] - aggregate_fit: received 5 results and 0 failures
[2024-09-20 13:59:47,313][flwr][INFO] - fit progress: (58, 73.8085020929575, {'accuracy': 0.7337035954399298}, 1755.4804478967562)
[2024-09-20 13:59:47,314][flwr][INFO] - configure_evaluate: strategy sampled 2 clients (out of 50)
[2024-09-20 13:59:49,529][flwr][INFO] - aggregate_evaluate: received 2 results and 0 failures
[2024-09-20 13:59:49,530][flwr][INFO] - 
[2024-09-20 13:59:49,530][flwr][INFO] - [ROUND 59]
[2024-09-20 13:59:49,530][flwr][INFO] - configure_fit: strategy sampled 5 clients (out of 50)
[2024-09-20 14:00:05,761][flwr][INFO] - aggregate_fit: received 5 results and 0 failures
[2024-09-20 14:00:16,702][flwr][INFO] - fit progress: (59, 78.97038063406944, {'accuracy': 0.7418883367436422}, 1784.8690756736323)
[2024-09-20 14:00:16,702][flwr][INFO] - configure_evaluate: strategy sampled 2 clients (out of 50)
[2024-09-20 14:00:18,947][flwr][INFO] - aggregate_evaluate: received 2 results and 0 failures
[2024-09-20 14:00:18,947][flwr][INFO] - 
[2024-09-20 14:00:18,947][flwr][INFO] - [ROUND 60]
[2024-09-20 14:00:18,948][flwr][INFO] - configure_fit: strategy sampled 5 clients (out of 50)
[2024-09-20 14:00:35,164][flwr][INFO] - aggregate_fit: received 5 results and 0 failures
[2024-09-20 14:00:45,990][flwr][INFO] - fit progress: (60, 71.81749728322029, {'accuracy': 0.7556270096463023}, 1814.1572410808876)
[2024-09-20 14:00:45,991][flwr][INFO] - configure_evaluate: strategy sampled 2 clients (out of 50)
[2024-09-20 14:00:48,300][flwr][INFO] - aggregate_evaluate: received 2 results and 0 failures
[2024-09-20 14:00:48,301][flwr][INFO] - 
[2024-09-20 14:00:48,301][flwr][INFO] - [ROUND 61]
[2024-09-20 14:00:48,301][flwr][INFO] - configure_fit: strategy sampled 5 clients (out of 50)
[2024-09-20 14:01:04,251][flwr][INFO] - aggregate_fit: received 5 results and 0 failures
[2024-09-20 14:01:15,107][flwr][INFO] - fit progress: (61, 83.88364690542221, {'accuracy': 0.7082724349605378}, 1843.2745769708417)
[2024-09-20 14:01:15,108][flwr][INFO] - configure_evaluate: strategy sampled 2 clients (out of 50)
[2024-09-20 14:01:17,812][flwr][INFO] - aggregate_evaluate: received 2 results and 0 failures
[2024-09-20 14:01:17,812][flwr][INFO] - 
[2024-09-20 14:01:17,812][flwr][INFO] - [ROUND 62]
[2024-09-20 14:01:17,813][flwr][INFO] - configure_fit: strategy sampled 5 clients (out of 50)
[2024-09-20 14:01:34,306][flwr][INFO] - aggregate_fit: received 5 results and 0 failures
[2024-09-20 14:01:45,281][flwr][INFO] - fit progress: (62, 74.00576320290565, {'accuracy': 0.746565331774335}, 1873.448077864945)
[2024-09-20 14:01:45,281][flwr][INFO] - configure_evaluate: strategy sampled 2 clients (out of 50)
[2024-09-20 14:01:47,656][flwr][INFO] - aggregate_evaluate: received 2 results and 0 failures
[2024-09-20 14:01:47,656][flwr][INFO] - 
[2024-09-20 14:01:47,657][flwr][INFO] - [ROUND 63]
[2024-09-20 14:01:47,657][flwr][INFO] - configure_fit: strategy sampled 5 clients (out of 50)
[2024-09-20 14:02:04,420][flwr][INFO] - aggregate_fit: received 5 results and 0 failures
[2024-09-20 14:02:15,195][flwr][INFO] - fit progress: (63, 77.63570174574852, {'accuracy': 0.7243496053785443}, 1903.3622245839797)
[2024-09-20 14:02:15,195][flwr][INFO] - configure_evaluate: strategy sampled 2 clients (out of 50)
[2024-09-20 14:02:17,727][flwr][INFO] - aggregate_evaluate: received 2 results and 0 failures
[2024-09-20 14:02:17,727][flwr][INFO] - 
[2024-09-20 14:02:17,727][flwr][INFO] - [ROUND 64]
[2024-09-20 14:02:17,727][flwr][INFO] - configure_fit: strategy sampled 5 clients (out of 50)
[2024-09-20 14:02:35,399][flwr][INFO] - aggregate_fit: received 5 results and 0 failures
[2024-09-20 14:02:46,508][flwr][INFO] - fit progress: (64, 80.86038440465927, {'accuracy': 0.734872844197603}, 1934.674809387885)
[2024-09-20 14:02:46,508][flwr][INFO] - configure_evaluate: strategy sampled 2 clients (out of 50)
[2024-09-20 14:02:49,275][flwr][INFO] - aggregate_evaluate: received 2 results and 0 failures
[2024-09-20 14:02:49,275][flwr][INFO] - 
[2024-09-20 14:02:49,275][flwr][INFO] - [ROUND 65]
[2024-09-20 14:02:49,275][flwr][INFO] - configure_fit: strategy sampled 5 clients (out of 50)
[2024-09-20 14:03:05,934][flwr][INFO] - aggregate_fit: received 5 results and 0 failures
[2024-09-20 14:03:16,490][flwr][INFO] - fit progress: (65, 77.39881601929665, {'accuracy': 0.7322420344928383}, 1964.6570870615542)
[2024-09-20 14:03:16,490][flwr][INFO] - configure_evaluate: strategy sampled 2 clients (out of 50)
[2024-09-20 14:03:18,677][flwr][INFO] - aggregate_evaluate: received 2 results and 0 failures
[2024-09-20 14:03:18,677][flwr][INFO] - 
[2024-09-20 14:03:18,678][flwr][INFO] - [ROUND 66]
[2024-09-20 14:03:18,678][flwr][INFO] - configure_fit: strategy sampled 5 clients (out of 50)
[2024-09-20 14:03:35,336][flwr][INFO] - aggregate_fit: received 5 results and 0 failures
[2024-09-20 14:03:46,244][flwr][INFO] - fit progress: (66, 80.56407371163368, {'accuracy': 0.7380882782812044}, 1994.4114724597894)
[2024-09-20 14:03:46,245][flwr][INFO] - configure_evaluate: strategy sampled 2 clients (out of 50)
[2024-09-20 14:03:48,739][flwr][INFO] - aggregate_evaluate: received 2 results and 0 failures
[2024-09-20 14:03:48,739][flwr][INFO] - 
[2024-09-20 14:03:48,739][flwr][INFO] - [ROUND 67]
[2024-09-20 14:03:48,740][flwr][INFO] - configure_fit: strategy sampled 5 clients (out of 50)
[2024-09-20 14:04:05,958][flwr][INFO] - aggregate_fit: received 5 results and 0 failures
[2024-09-20 14:04:17,662][flwr][INFO] - fit progress: (67, 76.87948396801949, {'accuracy': 0.743642209880152}, 2025.8294837386347)
[2024-09-20 14:04:17,663][flwr][INFO] - configure_evaluate: strategy sampled 2 clients (out of 50)
[2024-09-20 14:04:20,033][flwr][INFO] - aggregate_evaluate: received 2 results and 0 failures
[2024-09-20 14:04:20,033][flwr][INFO] - 
[2024-09-20 14:04:20,034][flwr][INFO] - [ROUND 68]
[2024-09-20 14:04:20,034][flwr][INFO] - configure_fit: strategy sampled 5 clients (out of 50)
[2024-09-20 14:04:35,164][flwr][INFO] - aggregate_fit: received 5 results and 0 failures
[2024-09-20 14:04:46,290][flwr][INFO] - fit progress: (68, 78.25551623106003, {'accuracy': 0.7448114586378252}, 2054.457525394857)
[2024-09-20 14:04:46,291][flwr][INFO] - configure_evaluate: strategy sampled 2 clients (out of 50)
[2024-09-20 14:04:48,736][flwr][INFO] - aggregate_evaluate: received 2 results and 0 failures
[2024-09-20 14:04:48,736][flwr][INFO] - 
[2024-09-20 14:04:48,736][flwr][INFO] - [ROUND 69]
[2024-09-20 14:04:48,737][flwr][INFO] - configure_fit: strategy sampled 5 clients (out of 50)
[2024-09-20 14:05:05,718][flwr][INFO] - aggregate_fit: received 5 results and 0 failures
[2024-09-20 14:05:16,683][flwr][INFO] - fit progress: (69, 78.51302722096443, {'accuracy': 0.7334112832505115}, 2084.8496794328094)
[2024-09-20 14:05:16,683][flwr][INFO] - configure_evaluate: strategy sampled 2 clients (out of 50)
[2024-09-20 14:05:19,044][flwr][INFO] - aggregate_evaluate: received 2 results and 0 failures
[2024-09-20 14:05:19,045][flwr][INFO] - 
[2024-09-20 14:05:19,045][flwr][INFO] - [ROUND 70]
[2024-09-20 14:05:19,045][flwr][INFO] - configure_fit: strategy sampled 5 clients (out of 50)
[2024-09-20 14:05:35,194][flwr][INFO] - aggregate_fit: received 5 results and 0 failures
[2024-09-20 14:05:46,253][flwr][INFO] - fit progress: (70, 77.21223425865173, {'accuracy': 0.7480268927214265}, 2114.4205555389635)
[2024-09-20 14:05:46,254][flwr][INFO] - configure_evaluate: strategy sampled 2 clients (out of 50)
[2024-09-20 14:05:48,757][flwr][INFO] - aggregate_evaluate: received 2 results and 0 failures
[2024-09-20 14:05:48,757][flwr][INFO] - 
[2024-09-20 14:05:48,757][flwr][INFO] - [ROUND 71]
[2024-09-20 14:05:48,757][flwr][INFO] - configure_fit: strategy sampled 5 clients (out of 50)
[2024-09-20 14:06:06,116][flwr][INFO] - aggregate_fit: received 5 results and 0 failures
[2024-09-20 14:06:16,699][flwr][INFO] - fit progress: (71, 87.90831655263901, {'accuracy': 0.6933645133002047}, 2144.866328314878)
[2024-09-20 14:06:16,699][flwr][INFO] - configure_evaluate: strategy sampled 2 clients (out of 50)
[2024-09-20 14:06:19,078][flwr][INFO] - aggregate_evaluate: received 2 results and 0 failures
[2024-09-20 14:06:19,079][flwr][INFO] - 
[2024-09-20 14:06:19,079][flwr][INFO] - [ROUND 72]
[2024-09-20 14:06:19,079][flwr][INFO] - configure_fit: strategy sampled 5 clients (out of 50)
[2024-09-20 14:06:35,315][flwr][INFO] - aggregate_fit: received 5 results and 0 failures
[2024-09-20 14:06:46,718][flwr][INFO] - fit progress: (72, 91.4549874663353, {'accuracy': 0.6875182695118387}, 2174.884800478816)
[2024-09-20 14:06:46,718][flwr][INFO] - configure_evaluate: strategy sampled 2 clients (out of 50)
[2024-09-20 14:06:49,367][flwr][INFO] - aggregate_evaluate: received 2 results and 0 failures
[2024-09-20 14:06:49,368][flwr][INFO] - 
[2024-09-20 14:06:49,368][flwr][INFO] - [ROUND 73]
[2024-09-20 14:06:49,368][flwr][INFO] - configure_fit: strategy sampled 5 clients (out of 50)
[2024-09-20 14:07:05,702][flwr][INFO] - aggregate_fit: received 5 results and 0 failures
[2024-09-20 14:07:17,699][flwr][INFO] - fit progress: (73, 77.96752434968948, {'accuracy': 0.7296112247880736}, 2205.8660125276074)
[2024-09-20 14:07:17,699][flwr][INFO] - configure_evaluate: strategy sampled 2 clients (out of 50)
[2024-09-20 14:07:20,079][flwr][INFO] - aggregate_evaluate: received 2 results and 0 failures
[2024-09-20 14:07:20,080][flwr][INFO] - 
[2024-09-20 14:07:20,080][flwr][INFO] - [ROUND 74]
[2024-09-20 14:07:20,080][flwr][INFO] - configure_fit: strategy sampled 5 clients (out of 50)
[2024-09-20 14:07:36,856][flwr][INFO] - aggregate_fit: received 5 results and 0 failures
[2024-09-20 14:07:47,748][flwr][INFO] - fit progress: (74, 72.05145791172981, {'accuracy': 0.7687810581701257}, 2235.9148348937742)
[2024-09-20 14:07:47,748][flwr][INFO] - configure_evaluate: strategy sampled 2 clients (out of 50)
[2024-09-20 14:07:50,123][flwr][INFO] - aggregate_evaluate: received 2 results and 0 failures
[2024-09-20 14:07:50,124][flwr][INFO] - 
[2024-09-20 14:07:50,124][flwr][INFO] - [ROUND 75]
[2024-09-20 14:07:50,124][flwr][INFO] - configure_fit: strategy sampled 5 clients (out of 50)
[2024-09-20 14:08:06,386][flwr][INFO] - aggregate_fit: received 5 results and 0 failures
[2024-09-20 14:08:18,355][flwr][INFO] - fit progress: (75, 76.44466277956963, {'accuracy': 0.7506577024261911}, 2266.5225048298016)
[2024-09-20 14:08:18,356][flwr][INFO] - configure_evaluate: strategy sampled 2 clients (out of 50)
[2024-09-20 14:08:20,686][flwr][INFO] - aggregate_evaluate: received 2 results and 0 failures
[2024-09-20 14:08:20,686][flwr][INFO] - 
[2024-09-20 14:08:20,687][flwr][INFO] - [ROUND 76]
[2024-09-20 14:08:20,687][flwr][INFO] - configure_fit: strategy sampled 5 clients (out of 50)
[2024-09-20 14:08:37,894][flwr][INFO] - aggregate_fit: received 5 results and 0 failures
[2024-09-20 14:08:49,730][flwr][INFO] - fit progress: (76, 84.0841338634491, {'accuracy': 0.7126571178018123}, 2297.8968555969186)
[2024-09-20 14:08:49,730][flwr][INFO] - configure_evaluate: strategy sampled 2 clients (out of 50)
[2024-09-20 14:08:52,346][flwr][INFO] - aggregate_evaluate: received 2 results and 0 failures
[2024-09-20 14:08:52,347][flwr][INFO] - 
[2024-09-20 14:08:52,347][flwr][INFO] - [ROUND 77]
[2024-09-20 14:08:52,347][flwr][INFO] - configure_fit: strategy sampled 5 clients (out of 50)
[2024-09-20 14:09:09,019][flwr][INFO] - aggregate_fit: received 5 results and 0 failures
[2024-09-20 14:09:20,615][flwr][INFO] - fit progress: (77, 91.49641835689545, {'accuracy': 0.7021338789827536}, 2328.782209554687)
[2024-09-20 14:09:20,616][flwr][INFO] - configure_evaluate: strategy sampled 2 clients (out of 50)
[2024-09-20 14:09:22,875][flwr][INFO] - aggregate_evaluate: received 2 results and 0 failures
[2024-09-20 14:09:22,875][flwr][INFO] - 
[2024-09-20 14:09:22,875][flwr][INFO] - [ROUND 78]
[2024-09-20 14:09:22,875][flwr][INFO] - configure_fit: strategy sampled 5 clients (out of 50)
[2024-09-20 14:09:38,880][flwr][INFO] - aggregate_fit: received 5 results and 0 failures
[2024-09-20 14:09:51,545][flwr][INFO] - fit progress: (78, 73.28450801968575, {'accuracy': 0.7591347559193219}, 2359.7122738589533)
[2024-09-20 14:09:51,546][flwr][INFO] - configure_evaluate: strategy sampled 2 clients (out of 50)
[2024-09-20 14:09:53,841][flwr][INFO] - aggregate_evaluate: received 2 results and 0 failures
[2024-09-20 14:09:53,841][flwr][INFO] - 
[2024-09-20 14:09:53,841][flwr][INFO] - [ROUND 79]
[2024-09-20 14:09:53,842][flwr][INFO] - configure_fit: strategy sampled 5 clients (out of 50)
[2024-09-20 14:10:10,993][flwr][INFO] - aggregate_fit: received 5 results and 0 failures
[2024-09-20 14:10:22,367][flwr][INFO] - fit progress: (79, 80.8054670393467, {'accuracy': 0.7424729611224788}, 2390.534291338641)
[2024-09-20 14:10:22,368][flwr][INFO] - configure_evaluate: strategy sampled 2 clients (out of 50)
[2024-09-20 14:10:24,741][flwr][INFO] - aggregate_evaluate: received 2 results and 0 failures
[2024-09-20 14:10:24,741][flwr][INFO] - 
[2024-09-20 14:10:24,741][flwr][INFO] - [ROUND 80]
[2024-09-20 14:10:24,741][flwr][INFO] - configure_fit: strategy sampled 5 clients (out of 50)
[2024-09-20 14:10:42,220][flwr][INFO] - aggregate_fit: received 5 results and 0 failures
[2024-09-20 14:10:53,423][flwr][INFO] - fit progress: (80, 75.37117627263069, {'accuracy': 0.7477345805320081}, 2421.5898796166293)
[2024-09-20 14:10:53,423][flwr][INFO] - configure_evaluate: strategy sampled 2 clients (out of 50)
[2024-09-20 14:10:55,939][flwr][INFO] - aggregate_evaluate: received 2 results and 0 failures
[2024-09-20 14:10:55,940][flwr][INFO] - 
[2024-09-20 14:10:55,940][flwr][INFO] - [ROUND 81]
[2024-09-20 14:10:55,940][flwr][INFO] - configure_fit: strategy sampled 5 clients (out of 50)
[2024-09-20 14:11:12,753][flwr][INFO] - aggregate_fit: received 5 results and 0 failures
[2024-09-20 14:11:24,672][flwr][INFO] - fit progress: (81, 77.82355836033821, {'accuracy': 0.7430575855013154}, 2452.8395443758927)
[2024-09-20 14:11:24,673][flwr][INFO] - configure_evaluate: strategy sampled 2 clients (out of 50)
[2024-09-20 14:11:27,094][flwr][INFO] - aggregate_evaluate: received 2 results and 0 failures
[2024-09-20 14:11:27,095][flwr][INFO] - 
[2024-09-20 14:11:27,095][flwr][INFO] - [ROUND 82]
[2024-09-20 14:11:27,095][flwr][INFO] - configure_fit: strategy sampled 5 clients (out of 50)
[2024-09-20 14:11:44,115][flwr][INFO] - aggregate_fit: received 5 results and 0 failures
[2024-09-20 14:11:55,906][flwr][INFO] - fit progress: (82, 74.96623727679253, {'accuracy': 0.7421806489330605}, 2484.073382725939)
[2024-09-20 14:11:55,907][flwr][INFO] - configure_evaluate: strategy sampled 2 clients (out of 50)
[2024-09-20 14:11:58,365][flwr][INFO] - aggregate_evaluate: received 2 results and 0 failures
[2024-09-20 14:11:58,366][flwr][INFO] - 
[2024-09-20 14:11:58,366][flwr][INFO] - [ROUND 83]
[2024-09-20 14:11:58,366][flwr][INFO] - configure_fit: strategy sampled 5 clients (out of 50)
[2024-09-20 14:12:14,914][flwr][INFO] - aggregate_fit: received 5 results and 0 failures
[2024-09-20 14:12:26,512][flwr][INFO] - fit progress: (83, 83.61719128489494, {'accuracy': 0.7345805320081847}, 2514.6793161649257)
[2024-09-20 14:12:26,513][flwr][INFO] - configure_evaluate: strategy sampled 2 clients (out of 50)
[2024-09-20 14:12:28,793][flwr][INFO] - aggregate_evaluate: received 2 results and 0 failures
[2024-09-20 14:12:28,793][flwr][INFO] - 
[2024-09-20 14:12:28,793][flwr][INFO] - [ROUND 84]
[2024-09-20 14:12:28,794][flwr][INFO] - configure_fit: strategy sampled 5 clients (out of 50)
[2024-09-20 14:12:46,060][flwr][INFO] - aggregate_fit: received 5 results and 0 failures
[2024-09-20 14:12:57,915][flwr][INFO] - fit progress: (84, 83.50007924437523, {'accuracy': 0.7079801227711195}, 2546.0822352347896)
[2024-09-20 14:12:57,915][flwr][INFO] - configure_evaluate: strategy sampled 2 clients (out of 50)
[2024-09-20 14:13:00,135][flwr][INFO] - aggregate_evaluate: received 2 results and 0 failures
[2024-09-20 14:13:00,135][flwr][INFO] - 
[2024-09-20 14:13:00,136][flwr][INFO] - [ROUND 85]
[2024-09-20 14:13:00,136][flwr][INFO] - configure_fit: strategy sampled 5 clients (out of 50)
[2024-09-20 14:13:16,335][flwr][INFO] - aggregate_fit: received 5 results and 0 failures
[2024-09-20 14:13:28,141][flwr][INFO] - fit progress: (85, 75.51266688108444, {'accuracy': 0.7497807658579363}, 2576.3083950579166)
[2024-09-20 14:13:28,142][flwr][INFO] - configure_evaluate: strategy sampled 2 clients (out of 50)
[2024-09-20 14:13:30,562][flwr][INFO] - aggregate_evaluate: received 2 results and 0 failures
[2024-09-20 14:13:30,562][flwr][INFO] - 
[2024-09-20 14:13:30,563][flwr][INFO] - [ROUND 86]
[2024-09-20 14:13:30,563][flwr][INFO] - configure_fit: strategy sampled 5 clients (out of 50)
[2024-09-20 14:13:47,623][flwr][INFO] - aggregate_fit: received 5 results and 0 failures
[2024-09-20 14:13:59,304][flwr][INFO] - fit progress: (86, 84.47168502211571, {'accuracy': 0.6936568254896229}, 2607.4714221786708)
[2024-09-20 14:13:59,306][flwr][INFO] - configure_evaluate: strategy sampled 2 clients (out of 50)
[2024-09-20 14:14:01,567][flwr][INFO] - aggregate_evaluate: received 2 results and 0 failures
[2024-09-20 14:14:01,567][flwr][INFO] - 
[2024-09-20 14:14:01,567][flwr][INFO] - [ROUND 87]
[2024-09-20 14:14:01,568][flwr][INFO] - configure_fit: strategy sampled 5 clients (out of 50)
[2024-09-20 14:14:17,481][flwr][INFO] - aggregate_fit: received 5 results and 0 failures
[2024-09-20 14:14:28,793][flwr][INFO] - fit progress: (87, 76.4184228181839, {'accuracy': 0.7395498392282959}, 2636.9603298855945)
[2024-09-20 14:14:28,794][flwr][INFO] - configure_evaluate: strategy sampled 2 clients (out of 50)
[2024-09-20 14:14:30,920][flwr][INFO] - aggregate_evaluate: received 2 results and 0 failures
[2024-09-20 14:14:30,921][flwr][INFO] - 
[2024-09-20 14:14:30,921][flwr][INFO] - [ROUND 88]
[2024-09-20 14:14:30,921][flwr][INFO] - configure_fit: strategy sampled 5 clients (out of 50)
[2024-09-20 14:14:47,049][flwr][INFO] - aggregate_fit: received 5 results and 0 failures
[2024-09-20 14:14:59,500][flwr][INFO] - fit progress: (88, 75.5823877453804, {'accuracy': 0.7360420929552762}, 2667.6671271040104)
[2024-09-20 14:14:59,501][flwr][INFO] - configure_evaluate: strategy sampled 2 clients (out of 50)
[2024-09-20 14:15:02,010][flwr][INFO] - aggregate_evaluate: received 2 results and 0 failures
[2024-09-20 14:15:02,010][flwr][INFO] - 
[2024-09-20 14:15:02,010][flwr][INFO] - [ROUND 89]
[2024-09-20 14:15:02,010][flwr][INFO] - configure_fit: strategy sampled 5 clients (out of 50)
[2024-09-20 14:15:20,388][flwr][INFO] - aggregate_fit: received 5 results and 0 failures
[2024-09-20 14:15:32,505][flwr][INFO] - fit progress: (89, 88.06681501865387, {'accuracy': 0.7129494299912307}, 2700.671655334998)
[2024-09-20 14:15:32,505][flwr][INFO] - configure_evaluate: strategy sampled 2 clients (out of 50)
[2024-09-20 14:15:34,959][flwr][INFO] - aggregate_evaluate: received 2 results and 0 failures
[2024-09-20 14:15:34,959][flwr][INFO] - 
[2024-09-20 14:15:34,960][flwr][INFO] - [ROUND 90]
[2024-09-20 14:15:34,960][flwr][INFO] - configure_fit: strategy sampled 5 clients (out of 50)
[2024-09-20 14:15:51,908][flwr][INFO] - aggregate_fit: received 5 results and 0 failures
[2024-09-20 14:16:04,602][flwr][INFO] - fit progress: (90, 77.08254769444466, {'accuracy': 0.7532885121309558}, 2732.769003489986)
[2024-09-20 14:16:04,602][flwr][INFO] - configure_evaluate: strategy sampled 2 clients (out of 50)
[2024-09-20 14:16:07,047][flwr][INFO] - aggregate_evaluate: received 2 results and 0 failures
[2024-09-20 14:16:07,047][flwr][INFO] - 
[2024-09-20 14:16:07,047][flwr][INFO] - [ROUND 91]
[2024-09-20 14:16:07,047][flwr][INFO] - configure_fit: strategy sampled 5 clients (out of 50)
[2024-09-20 14:16:24,400][flwr][INFO] - aggregate_fit: received 5 results and 0 failures
[2024-09-20 14:16:36,630][flwr][INFO] - fit progress: (91, 84.31017515063286, {'accuracy': 0.7202572347266881}, 2764.7971419147216)
[2024-09-20 14:16:36,631][flwr][INFO] - configure_evaluate: strategy sampled 2 clients (out of 50)
[2024-09-20 14:16:38,861][flwr][INFO] - aggregate_evaluate: received 2 results and 0 failures
[2024-09-20 14:16:38,862][flwr][INFO] - 
[2024-09-20 14:16:38,862][flwr][INFO] - [ROUND 92]
[2024-09-20 14:16:38,862][flwr][INFO] - configure_fit: strategy sampled 5 clients (out of 50)
[2024-09-20 14:16:53,652][flwr][INFO] - aggregate_fit: received 5 results and 0 failures
[2024-09-20 14:17:05,488][flwr][INFO] - fit progress: (92, 72.13806197047234, {'accuracy': 0.7567962584039755}, 2793.6552921948023)
[2024-09-20 14:17:05,489][flwr][INFO] - configure_evaluate: strategy sampled 2 clients (out of 50)
[2024-09-20 14:17:07,738][flwr][INFO] - aggregate_evaluate: received 2 results and 0 failures
[2024-09-20 14:17:07,738][flwr][INFO] - 
[2024-09-20 14:17:07,738][flwr][INFO] - [ROUND 93]
[2024-09-20 14:17:07,738][flwr][INFO] - configure_fit: strategy sampled 5 clients (out of 50)
[2024-09-20 14:17:24,287][flwr][INFO] - aggregate_fit: received 5 results and 0 failures
[2024-09-20 14:17:35,604][flwr][INFO] - fit progress: (93, 81.43438303470612, {'accuracy': 0.7304881613563285}, 2823.771148313768)
[2024-09-20 14:17:35,604][flwr][INFO] - configure_evaluate: strategy sampled 2 clients (out of 50)
[2024-09-20 14:17:38,153][flwr][INFO] - aggregate_evaluate: received 2 results and 0 failures
[2024-09-20 14:17:38,154][flwr][INFO] - 
[2024-09-20 14:17:38,154][flwr][INFO] - [ROUND 94]
[2024-09-20 14:17:38,154][flwr][INFO] - configure_fit: strategy sampled 5 clients (out of 50)
[2024-09-20 14:17:53,267][flwr][INFO] - aggregate_fit: received 5 results and 0 failures
[2024-09-20 14:18:05,455][flwr][INFO] - fit progress: (94, 83.00677451491356, {'accuracy': 0.7205495469161064}, 2853.6218274636194)
[2024-09-20 14:18:05,455][flwr][INFO] - configure_evaluate: strategy sampled 2 clients (out of 50)
[2024-09-20 14:18:07,687][flwr][INFO] - aggregate_evaluate: received 2 results and 0 failures
[2024-09-20 14:18:07,687][flwr][INFO] - 
[2024-09-20 14:18:07,688][flwr][INFO] - [ROUND 95]
[2024-09-20 14:18:07,688][flwr][INFO] - configure_fit: strategy sampled 5 clients (out of 50)
[2024-09-20 14:18:24,956][flwr][INFO] - aggregate_fit: received 5 results and 0 failures
[2024-09-20 14:18:35,910][flwr][INFO] - fit progress: (95, 85.52041190862656, {'accuracy': 0.7293189125986553}, 2884.0767985126004)
[2024-09-20 14:18:35,910][flwr][INFO] - configure_evaluate: strategy sampled 2 clients (out of 50)
[2024-09-20 14:18:38,097][flwr][INFO] - aggregate_evaluate: received 2 results and 0 failures
[2024-09-20 14:18:38,097][flwr][INFO] - 
[2024-09-20 14:18:38,097][flwr][INFO] - [ROUND 96]
[2024-09-20 14:18:38,097][flwr][INFO] - configure_fit: strategy sampled 5 clients (out of 50)
[2024-09-20 14:18:55,503][flwr][INFO] - aggregate_fit: received 5 results and 0 failures
[2024-09-20 14:19:06,501][flwr][INFO] - fit progress: (96, 83.35121169686317, {'accuracy': 0.7225957322420344}, 2914.66773071466)
[2024-09-20 14:19:06,501][flwr][INFO] - configure_evaluate: strategy sampled 2 clients (out of 50)
[2024-09-20 14:19:09,126][flwr][INFO] - aggregate_evaluate: received 2 results and 0 failures
[2024-09-20 14:19:09,126][flwr][INFO] - 
[2024-09-20 14:19:09,126][flwr][INFO] - [ROUND 97]
[2024-09-20 14:19:09,126][flwr][INFO] - configure_fit: strategy sampled 5 clients (out of 50)
[2024-09-20 14:19:25,433][flwr][INFO] - aggregate_fit: received 5 results and 0 failures
[2024-09-20 14:19:36,279][flwr][INFO] - fit progress: (97, 87.66816818714142, {'accuracy': 0.7220111078631979}, 2944.4463053806685)
[2024-09-20 14:19:36,280][flwr][INFO] - configure_evaluate: strategy sampled 2 clients (out of 50)
[2024-09-20 14:19:38,677][flwr][INFO] - aggregate_evaluate: received 2 results and 0 failures
[2024-09-20 14:19:38,678][flwr][INFO] - 
[2024-09-20 14:19:38,678][flwr][INFO] - [ROUND 98]
[2024-09-20 14:19:38,678][flwr][INFO] - configure_fit: strategy sampled 5 clients (out of 50)
[2024-09-20 14:19:55,634][flwr][INFO] - aggregate_fit: received 5 results and 0 failures
[2024-09-20 14:20:06,760][flwr][INFO] - fit progress: (98, 78.53792363405228, {'accuracy': 0.7325343466822567}, 2974.9273631377146)
[2024-09-20 14:20:06,761][flwr][INFO] - configure_evaluate: strategy sampled 2 clients (out of 50)
[2024-09-20 14:20:09,231][flwr][INFO] - aggregate_evaluate: received 2 results and 0 failures
[2024-09-20 14:20:09,231][flwr][INFO] - 
[2024-09-20 14:20:09,231][flwr][INFO] - [ROUND 99]
[2024-09-20 14:20:09,231][flwr][INFO] - configure_fit: strategy sampled 5 clients (out of 50)
[2024-09-20 14:20:26,937][flwr][INFO] - aggregate_fit: received 5 results and 0 failures
[2024-09-20 14:20:38,713][flwr][INFO] - fit progress: (99, 78.90530490875244, {'accuracy': 0.7363344051446945}, 3006.879688612651)
[2024-09-20 14:20:38,713][flwr][INFO] - configure_evaluate: strategy sampled 2 clients (out of 50)
[2024-09-20 14:20:40,893][flwr][INFO] - aggregate_evaluate: received 2 results and 0 failures
[2024-09-20 14:20:40,893][flwr][INFO] - 
[2024-09-20 14:20:40,893][flwr][INFO] - [ROUND 100]
[2024-09-20 14:20:40,893][flwr][INFO] - configure_fit: strategy sampled 5 clients (out of 50)
[2024-09-20 14:20:57,666][flwr][INFO] - aggregate_fit: received 5 results and 0 failures
[2024-09-20 14:21:08,632][flwr][INFO] - fit progress: (100, 85.80730727314949, {'accuracy': 0.7293189125986553}, 3036.7992738597095)
[2024-09-20 14:21:08,632][flwr][INFO] - configure_evaluate: strategy sampled 2 clients (out of 50)
[2024-09-20 14:21:11,155][flwr][INFO] - aggregate_evaluate: received 2 results and 0 failures
[2024-09-20 14:21:11,251][flwr][INFO] - 
[2024-09-20 14:21:11,251][flwr][INFO] - [SUMMARY]
[2024-09-20 14:21:11,251][flwr][INFO] - Run finished 100 round(s) in 3039.32s
[2024-09-20 14:21:11,253][flwr][INFO] - 	History (loss, distributed):
[2024-09-20 14:21:11,254][flwr][INFO] - 		round 1: 2.033949851989746
[2024-09-20 14:21:11,254][flwr][INFO] - 		round 2: 2.1373857259750366
[2024-09-20 14:21:11,254][flwr][INFO] - 		round 3: 2.1027012936612395
[2024-09-20 14:21:11,254][flwr][INFO] - 		round 4: 2.1308017571767173
[2024-09-20 14:21:11,254][flwr][INFO] - 		round 5: 2.0202551589292637
[2024-09-20 14:21:11,254][flwr][INFO] - 		round 6: 2.434034585952759
[2024-09-20 14:21:11,254][flwr][INFO] - 		round 7: 2.015162765979767
[2024-09-20 14:21:11,254][flwr][INFO] - 		round 8: 1.9999588290039374
[2024-09-20 14:21:11,254][flwr][INFO] - 		round 9: 2.125255823135376
[2024-09-20 14:21:11,254][flwr][INFO] - 		round 10: 2.0020031858893
[2024-09-20 14:21:11,255][flwr][INFO] - 		round 11: 2.005382046699524
[2024-09-20 14:21:11,255][flwr][INFO] - 		round 12: 2.0029462289810183
[2024-09-20 14:21:11,255][flwr][INFO] - 		round 13: 2.070819396442837
[2024-09-20 14:21:11,255][flwr][INFO] - 		round 14: 1.7695048720228905
[2024-09-20 14:21:11,255][flwr][INFO] - 		round 15: 1.948462405204773
[2024-09-20 14:21:11,255][flwr][INFO] - 		round 16: 1.7562807559967042
[2024-09-20 14:21:11,255][flwr][INFO] - 		round 17: 1.8170843124389648
[2024-09-20 14:21:11,255][flwr][INFO] - 		round 18: 1.4842016124725341
[2024-09-20 14:21:11,255][flwr][INFO] - 		round 19: 1.569665511449178
[2024-09-20 14:21:11,255][flwr][INFO] - 		round 20: 1.3254402266608345
[2024-09-20 14:21:11,255][flwr][INFO] - 		round 21: 1.485630268746234
[2024-09-20 14:21:11,255][flwr][INFO] - 		round 22: 1.1076932772994041
[2024-09-20 14:21:11,255][flwr][INFO] - 		round 23: 1.506379919052124
[2024-09-20 14:21:11,255][flwr][INFO] - 		round 24: 1.1704670476913452
[2024-09-20 14:21:11,255][flwr][INFO] - 		round 25: 1.077946231365204
[2024-09-20 14:21:11,255][flwr][INFO] - 		round 26: 1.0806960761547089
[2024-09-20 14:21:11,255][flwr][INFO] - 		round 27: 1.1804936170578002
[2024-09-20 14:21:11,255][flwr][INFO] - 		round 28: 0.8354209018688575
[2024-09-20 14:21:11,255][flwr][INFO] - 		round 29: 0.8894935846328735
[2024-09-20 14:21:11,255][flwr][INFO] - 		round 30: 0.9640060821358039
[2024-09-20 14:21:11,255][flwr][INFO] - 		round 31: 0.8948826789855957
[2024-09-20 14:21:11,256][flwr][INFO] - 		round 32: 1.4069532726121985
[2024-09-20 14:21:11,256][flwr][INFO] - 		round 33: 0.7962135590758979
[2024-09-20 14:21:11,256][flwr][INFO] - 		round 34: 0.7501848042011261
[2024-09-20 14:21:11,256][flwr][INFO] - 		round 35: 1.066064049800237
[2024-09-20 14:21:11,256][flwr][INFO] - 		round 36: 0.7563967728147319
[2024-09-20 14:21:11,256][flwr][INFO] - 		round 37: 1.1208294731505373
[2024-09-20 14:21:11,256][flwr][INFO] - 		round 38: 1.0907923132181168
[2024-09-20 14:21:11,256][flwr][INFO] - 		round 39: 1.049125430535297
[2024-09-20 14:21:11,256][flwr][INFO] - 		round 40: 0.6452960421641668
[2024-09-20 14:21:11,256][flwr][INFO] - 		round 41: 0.8114562886101859
[2024-09-20 14:21:11,256][flwr][INFO] - 		round 42: 0.5686005402584465
[2024-09-20 14:21:11,256][flwr][INFO] - 		round 43: 1.198295955856641
[2024-09-20 14:21:11,256][flwr][INFO] - 		round 44: 0.7153782108250786
[2024-09-20 14:21:11,256][flwr][INFO] - 		round 45: 0.8272084767619768
[2024-09-20 14:21:11,256][flwr][INFO] - 		round 46: 0.7762882405397843
[2024-09-20 14:21:11,256][flwr][INFO] - 		round 47: 0.7587571156268217
[2024-09-20 14:21:11,256][flwr][INFO] - 		round 48: 1.1687103807926178
[2024-09-20 14:21:11,256][flwr][INFO] - 		round 49: 0.5653802305459976
[2024-09-20 14:21:11,256][flwr][INFO] - 		round 50: 0.7319236372379546
[2024-09-20 14:21:11,256][flwr][INFO] - 		round 51: 0.7581144317667535
[2024-09-20 14:21:11,256][flwr][INFO] - 		round 52: 0.865809068960302
[2024-09-20 14:21:11,257][flwr][INFO] - 		round 53: 0.9058339456294445
[2024-09-20 14:21:11,257][flwr][INFO] - 		round 54: 0.9260264933109283
[2024-09-20 14:21:11,257][flwr][INFO] - 		round 55: 0.7384422479891309
[2024-09-20 14:21:11,257][flwr][INFO] - 		round 56: 1.0932634840620326
[2024-09-20 14:21:11,257][flwr][INFO] - 		round 57: 0.8546365030268406
[2024-09-20 14:21:11,257][flwr][INFO] - 		round 58: 0.819012314081192
[2024-09-20 14:21:11,257][flwr][INFO] - 		round 59: 0.7348377108573914
[2024-09-20 14:21:11,257][flwr][INFO] - 		round 60: 0.6655752147947039
[2024-09-20 14:21:11,257][flwr][INFO] - 		round 61: 1.1222523920079495
[2024-09-20 14:21:11,257][flwr][INFO] - 		round 62: 0.494803519225588
[2024-09-20 14:21:11,257][flwr][INFO] - 		round 63: 0.8243129885926539
[2024-09-20 14:21:11,257][flwr][INFO] - 		round 64: 1.4196413057915709
[2024-09-20 14:21:11,257][flwr][INFO] - 		round 65: 0.8907439112663269
[2024-09-20 14:21:11,257][flwr][INFO] - 		round 66: 0.6914065363360387
[2024-09-20 14:21:11,257][flwr][INFO] - 		round 67: 0.5617695450782776
[2024-09-20 14:21:11,257][flwr][INFO] - 		round 68: 0.5912206258092608
[2024-09-20 14:21:11,257][flwr][INFO] - 		round 69: 1.5868098881779884
[2024-09-20 14:21:11,257][flwr][INFO] - 		round 70: 1.3749327918757563
[2024-09-20 14:21:11,257][flwr][INFO] - 		round 71: 0.5901952683925629
[2024-09-20 14:21:11,257][flwr][INFO] - 		round 72: 1.1162717193365097
[2024-09-20 14:21:11,257][flwr][INFO] - 		round 73: 0.592818371495422
[2024-09-20 14:21:11,258][flwr][INFO] - 		round 74: 0.6762860480775225
[2024-09-20 14:21:11,258][flwr][INFO] - 		round 75: 0.4431440169904746
[2024-09-20 14:21:11,258][flwr][INFO] - 		round 76: 0.7421259979406992
[2024-09-20 14:21:11,258][flwr][INFO] - 		round 77: 0.8514829696492946
[2024-09-20 14:21:11,258][flwr][INFO] - 		round 78: 0.9934101377924284
[2024-09-20 14:21:11,258][flwr][INFO] - 		round 79: 0.7578543044151144
[2024-09-20 14:21:11,258][flwr][INFO] - 		round 80: 0.7046950386495007
[2024-09-20 14:21:11,258][flwr][INFO] - 		round 81: 0.8235093879699708
[2024-09-20 14:21:11,258][flwr][INFO] - 		round 82: 0.8911175608634949
[2024-09-20 14:21:11,258][flwr][INFO] - 		round 83: 0.8112680461941933
[2024-09-20 14:21:11,258][flwr][INFO] - 		round 84: 1.3642341494560242
[2024-09-20 14:21:11,258][flwr][INFO] - 		round 85: 0.5649386346340179
[2024-09-20 14:21:11,258][flwr][INFO] - 		round 86: 0.7235013842582703
[2024-09-20 14:21:11,258][flwr][INFO] - 		round 87: 0.5914110997889904
[2024-09-20 14:21:11,258][flwr][INFO] - 		round 88: 0.6674207327317219
[2024-09-20 14:21:11,258][flwr][INFO] - 		round 89: 0.8432574373610476
[2024-09-20 14:21:11,258][flwr][INFO] - 		round 90: 0.5988259315490723
[2024-09-20 14:21:11,258][flwr][INFO] - 		round 91: 0.7669555902481079
[2024-09-20 14:21:11,258][flwr][INFO] - 		round 92: 0.6159446984529495
[2024-09-20 14:21:11,258][flwr][INFO] - 		round 93: 0.8340511322021484
[2024-09-20 14:21:11,258][flwr][INFO] - 		round 94: 0.7018947414323395
[2024-09-20 14:21:11,259][flwr][INFO] - 		round 95: 0.9713918113708496
[2024-09-20 14:21:11,259][flwr][INFO] - 		round 96: 1.6352379322052002
[2024-09-20 14:21:11,259][flwr][INFO] - 		round 97: 0.6937606176909279
[2024-09-20 14:21:11,259][flwr][INFO] - 		round 98: 0.765223409267182
[2024-09-20 14:21:11,259][flwr][INFO] - 		round 99: 0.6939666131321265
[2024-09-20 14:21:11,259][flwr][INFO] - 		round 100: 1.0200466452812662
[2024-09-20 14:21:11,259][flwr][INFO] - 	History (loss, centralized):
[2024-09-20 14:21:11,259][flwr][INFO] - 		round 0: 236.3261594772339
[2024-09-20 14:21:11,259][flwr][INFO] - 		round 1: 221.14407968521118
[2024-09-20 14:21:11,259][flwr][INFO] - 		round 2: 215.912917137146
[2024-09-20 14:21:11,259][flwr][INFO] - 		round 3: 221.72198963165283
[2024-09-20 14:21:11,259][flwr][INFO] - 		round 4: 215.3140046596527
[2024-09-20 14:21:11,259][flwr][INFO] - 		round 5: 218.8973764181137
[2024-09-20 14:21:11,259][flwr][INFO] - 		round 6: 229.81960940361023
[2024-09-20 14:21:11,259][flwr][INFO] - 		round 7: 217.04267930984497
[2024-09-20 14:21:11,259][flwr][INFO] - 		round 8: 214.2320852279663
[2024-09-20 14:21:11,259][flwr][INFO] - 		round 9: 217.03679740428925
[2024-09-20 14:21:11,259][flwr][INFO] - 		round 10: 215.8761806488037
[2024-09-20 14:21:11,259][flwr][INFO] - 		round 11: 215.21845138072968
[2024-09-20 14:21:11,259][flwr][INFO] - 		round 12: 212.97462511062622
[2024-09-20 14:21:11,259][flwr][INFO] - 		round 13: 208.46735882759094
[2024-09-20 14:21:11,259][flwr][INFO] - 		round 14: 186.76110923290253
[2024-09-20 14:21:11,260][flwr][INFO] - 		round 15: 200.42473483085632
[2024-09-20 14:21:11,260][flwr][INFO] - 		round 16: 179.0633180141449
[2024-09-20 14:21:11,260][flwr][INFO] - 		round 17: 199.8984694480896
[2024-09-20 14:21:11,260][flwr][INFO] - 		round 18: 158.52252900600433
[2024-09-20 14:21:11,260][flwr][INFO] - 		round 19: 180.2620805501938
[2024-09-20 14:21:11,260][flwr][INFO] - 		round 20: 152.7948853969574
[2024-09-20 14:21:11,260][flwr][INFO] - 		round 21: 146.97944355010986
[2024-09-20 14:21:11,260][flwr][INFO] - 		round 22: 142.90350818634033
[2024-09-20 14:21:11,260][flwr][INFO] - 		round 23: 146.06655311584473
[2024-09-20 14:21:11,260][flwr][INFO] - 		round 24: 116.79571658372879
[2024-09-20 14:21:11,260][flwr][INFO] - 		round 25: 113.31600654125214
[2024-09-20 14:21:11,260][flwr][INFO] - 		round 26: 119.02663826942444
[2024-09-20 14:21:11,260][flwr][INFO] - 		round 27: 112.56269919872284
[2024-09-20 14:21:11,260][flwr][INFO] - 		round 28: 120.3569820523262
[2024-09-20 14:21:11,260][flwr][INFO] - 		round 29: 93.98897647857666
[2024-09-20 14:21:11,260][flwr][INFO] - 		round 30: 100.49727618694305
[2024-09-20 14:21:11,260][flwr][INFO] - 		round 31: 102.25330132246017
[2024-09-20 14:21:11,260][flwr][INFO] - 		round 32: 94.8402311205864
[2024-09-20 14:21:11,260][flwr][INFO] - 		round 33: 100.09268462657928
[2024-09-20 14:21:11,260][flwr][INFO] - 		round 34: 101.93956851959229
[2024-09-20 14:21:11,261][flwr][INFO] - 		round 35: 116.56830322742462
[2024-09-20 14:21:11,261][flwr][INFO] - 		round 36: 95.65913081169128
[2024-09-20 14:21:11,261][flwr][INFO] - 		round 37: 93.51642405986786
[2024-09-20 14:21:11,261][flwr][INFO] - 		round 38: 86.8145497739315
[2024-09-20 14:21:11,261][flwr][INFO] - 		round 39: 92.69417709112167
[2024-09-20 14:21:11,261][flwr][INFO] - 		round 40: 94.39346945285797
[2024-09-20 14:21:11,261][flwr][INFO] - 		round 41: 86.59570869803429
[2024-09-20 14:21:11,261][flwr][INFO] - 		round 42: 85.15192916989326
[2024-09-20 14:21:11,261][flwr][INFO] - 		round 43: 80.8921494781971
[2024-09-20 14:21:11,261][flwr][INFO] - 		round 44: 85.42355027794838
[2024-09-20 14:21:11,261][flwr][INFO] - 		round 45: 83.53076213598251
[2024-09-20 14:21:11,261][flwr][INFO] - 		round 46: 94.15608245134354
[2024-09-20 14:21:11,261][flwr][INFO] - 		round 47: 81.19106057286263
[2024-09-20 14:21:11,261][flwr][INFO] - 		round 48: 89.54468008875847
[2024-09-20 14:21:11,261][flwr][INFO] - 		round 49: 78.62765680253506
[2024-09-20 14:21:11,261][flwr][INFO] - 		round 50: 84.07301473617554
[2024-09-20 14:21:11,261][flwr][INFO] - 		round 51: 79.12720987200737
[2024-09-20 14:21:11,261][flwr][INFO] - 		round 52: 85.296406686306
[2024-09-20 14:21:11,261][flwr][INFO] - 		round 53: 82.78001263737679
[2024-09-20 14:21:11,261][flwr][INFO] - 		round 54: 94.11830604076385
[2024-09-20 14:21:11,262][flwr][INFO] - 		round 55: 77.58235275745392
[2024-09-20 14:21:11,262][flwr][INFO] - 		round 56: 78.67006334662437
[2024-09-20 14:21:11,262][flwr][INFO] - 		round 57: 76.2430931031704
[2024-09-20 14:21:11,262][flwr][INFO] - 		round 58: 73.8085020929575
[2024-09-20 14:21:11,262][flwr][INFO] - 		round 59: 78.97038063406944
[2024-09-20 14:21:11,262][flwr][INFO] - 		round 60: 71.81749728322029
[2024-09-20 14:21:11,262][flwr][INFO] - 		round 61: 83.88364690542221
[2024-09-20 14:21:11,262][flwr][INFO] - 		round 62: 74.00576320290565
[2024-09-20 14:21:11,262][flwr][INFO] - 		round 63: 77.63570174574852
[2024-09-20 14:21:11,262][flwr][INFO] - 		round 64: 80.86038440465927
[2024-09-20 14:21:11,262][flwr][INFO] - 		round 65: 77.39881601929665
[2024-09-20 14:21:11,262][flwr][INFO] - 		round 66: 80.56407371163368
[2024-09-20 14:21:11,262][flwr][INFO] - 		round 67: 76.87948396801949
[2024-09-20 14:21:11,262][flwr][INFO] - 		round 68: 78.25551623106003
[2024-09-20 14:21:11,262][flwr][INFO] - 		round 69: 78.51302722096443
[2024-09-20 14:21:11,262][flwr][INFO] - 		round 70: 77.21223425865173
[2024-09-20 14:21:11,262][flwr][INFO] - 		round 71: 87.90831655263901
[2024-09-20 14:21:11,262][flwr][INFO] - 		round 72: 91.4549874663353
[2024-09-20 14:21:11,262][flwr][INFO] - 		round 73: 77.96752434968948
[2024-09-20 14:21:11,262][flwr][INFO] - 		round 74: 72.05145791172981
[2024-09-20 14:21:11,262][flwr][INFO] - 		round 75: 76.44466277956963
[2024-09-20 14:21:11,262][flwr][INFO] - 		round 76: 84.0841338634491
[2024-09-20 14:21:11,263][flwr][INFO] - 		round 77: 91.49641835689545
[2024-09-20 14:21:11,263][flwr][INFO] - 		round 78: 73.28450801968575
[2024-09-20 14:21:11,263][flwr][INFO] - 		round 79: 80.8054670393467
[2024-09-20 14:21:11,263][flwr][INFO] - 		round 80: 75.37117627263069
[2024-09-20 14:21:11,263][flwr][INFO] - 		round 81: 77.82355836033821
[2024-09-20 14:21:11,263][flwr][INFO] - 		round 82: 74.96623727679253
[2024-09-20 14:21:11,263][flwr][INFO] - 		round 83: 83.61719128489494
[2024-09-20 14:21:11,263][flwr][INFO] - 		round 84: 83.50007924437523
[2024-09-20 14:21:11,263][flwr][INFO] - 		round 85: 75.51266688108444
[2024-09-20 14:21:11,263][flwr][INFO] - 		round 86: 84.47168502211571
[2024-09-20 14:21:11,263][flwr][INFO] - 		round 87: 76.4184228181839
[2024-09-20 14:21:11,263][flwr][INFO] - 		round 88: 75.5823877453804
[2024-09-20 14:21:11,263][flwr][INFO] - 		round 89: 88.06681501865387
[2024-09-20 14:21:11,263][flwr][INFO] - 		round 90: 77.08254769444466
[2024-09-20 14:21:11,263][flwr][INFO] - 		round 91: 84.31017515063286
[2024-09-20 14:21:11,263][flwr][INFO] - 		round 92: 72.13806197047234
[2024-09-20 14:21:11,263][flwr][INFO] - 		round 93: 81.43438303470612
[2024-09-20 14:21:11,263][flwr][INFO] - 		round 94: 83.00677451491356
[2024-09-20 14:21:11,263][flwr][INFO] - 		round 95: 85.52041190862656
[2024-09-20 14:21:11,263][flwr][INFO] - 		round 96: 83.35121169686317
[2024-09-20 14:21:11,263][flwr][INFO] - 		round 97: 87.66816818714142
[2024-09-20 14:21:11,263][flwr][INFO] - 		round 98: 78.53792363405228
[2024-09-20 14:21:11,264][flwr][INFO] - 		round 99: 78.90530490875244
[2024-09-20 14:21:11,264][flwr][INFO] - 		round 100: 85.80730727314949
[2024-09-20 14:21:11,264][flwr][INFO] - 	History (metrics, distributed, evaluate):
[2024-09-20 14:21:11,264][flwr][INFO] - 	{'accuracy': [(1, 0.20454545454545456),
[2024-09-20 14:21:11,264][flwr][INFO] - 	              (2, 0.057692307692307696),
[2024-09-20 14:21:11,264][flwr][INFO] - 	              (3, 0.2553191489361702),
[2024-09-20 14:21:11,264][flwr][INFO] - 	              (4, 0.06666666666666667),
[2024-09-20 14:21:11,264][flwr][INFO] - 	              (5, 0.17647058823529413),
[2024-09-20 14:21:11,264][flwr][INFO] - 	              (6, 0.2608695652173913),
[2024-09-20 14:21:11,264][flwr][INFO] - 	              (7, 0.2),
[2024-09-20 14:21:11,264][flwr][INFO] - 	              (8, 0.16326530612244897),
[2024-09-20 14:21:11,264][flwr][INFO] - 	              (9, 0.13043478260869565),
[2024-09-20 14:21:11,264][flwr][INFO] - 	              (10, 0.27450980392156865),
[2024-09-20 14:21:11,264][flwr][INFO] - 	              (11, 0.18),
[2024-09-20 14:21:11,264][flwr][INFO] - 	              (12, 0.36),
[2024-09-20 14:21:11,264][flwr][INFO] - 	              (13, 0.13333333333333333),
[2024-09-20 14:21:11,264][flwr][INFO] - 	              (14, 0.39215686274509803),
[2024-09-20 14:21:11,264][flwr][INFO] - 	              (15, 0.18),
[2024-09-20 14:21:11,264][flwr][INFO] - 	              (16, 0.28),
[2024-09-20 14:21:11,264][flwr][INFO] - 	              (17, 0.22),
[2024-09-20 14:21:11,264][flwr][INFO] - 	              (18, 0.4),
[2024-09-20 14:21:11,265][flwr][INFO] - 	              (19, 0.5294117647058824),
[2024-09-20 14:21:11,265][flwr][INFO] - 	              (20, 0.4888888888888889),
[2024-09-20 14:21:11,265][flwr][INFO] - 	              (21, 0.2978723404255319),
[2024-09-20 14:21:11,265][flwr][INFO] - 	              (22, 0.5833333333333334),
[2024-09-20 14:21:11,265][flwr][INFO] - 	              (23, 0.46),
[2024-09-20 14:21:11,265][flwr][INFO] - 	              (24, 0.62),
[2024-09-20 14:21:11,265][flwr][INFO] - 	              (25, 0.64),
[2024-09-20 14:21:11,265][flwr][INFO] - 	              (26, 0.54),
[2024-09-20 14:21:11,265][flwr][INFO] - 	              (27, 0.58),
[2024-09-20 14:21:11,265][flwr][INFO] - 	              (28, 0.6470588235294118),
[2024-09-20 14:21:11,265][flwr][INFO] - 	              (29, 0.625),
[2024-09-20 14:21:11,265][flwr][INFO] - 	              (30, 0.673469387755102),
[2024-09-20 14:21:11,265][flwr][INFO] - 	              (31, 0.6304347826086957),
[2024-09-20 14:21:11,265][flwr][INFO] - 	              (32, 0.5),
[2024-09-20 14:21:11,265][flwr][INFO] - 	              (33, 0.6862745098039216),
[2024-09-20 14:21:11,265][flwr][INFO] - 	              (34, 0.75),
[2024-09-20 14:21:11,265][flwr][INFO] - 	              (35, 0.4583333333333333),
[2024-09-20 14:21:11,265][flwr][INFO] - 	              (36, 0.7254901960784313),
[2024-09-20 14:21:11,265][flwr][INFO] - 	              (37, 0.46808510638297873),
[2024-09-20 14:21:11,265][flwr][INFO] - 	              (38, 0.5833333333333334),
[2024-09-20 14:21:11,265][flwr][INFO] - 	              (39, 0.5714285714285714),
[2024-09-20 14:21:11,265][flwr][INFO] - 	              (40, 0.7708333333333334),
[2024-09-20 14:21:11,266][flwr][INFO] - 	              (41, 0.7551020408163265),
[2024-09-20 14:21:11,266][flwr][INFO] - 	              (42, 0.7346938775510204),
[2024-09-20 14:21:11,266][flwr][INFO] - 	              (43, 0.5625),
[2024-09-20 14:21:11,266][flwr][INFO] - 	              (44, 0.7450980392156863),
[2024-09-20 14:21:11,266][flwr][INFO] - 	              (45, 0.6041666666666666),
[2024-09-20 14:21:11,266][flwr][INFO] - 	              (46, 0.7959183673469388),
[2024-09-20 14:21:11,266][flwr][INFO] - 	              (47, 0.6326530612244898),
[2024-09-20 14:21:11,266][flwr][INFO] - 	              (48, 0.5681818181818182),
[2024-09-20 14:21:11,266][flwr][INFO] - 	              (49, 0.782608695652174),
[2024-09-20 14:21:11,266][flwr][INFO] - 	              (50, 0.6595744680851063),
[2024-09-20 14:21:11,266][flwr][INFO] - 	              (51, 0.723404255319149),
[2024-09-20 14:21:11,266][flwr][INFO] - 	              (52, 0.6666666666666666),
[2024-09-20 14:21:11,266][flwr][INFO] - 	              (53, 0.7021276595744681),
[2024-09-20 14:21:11,266][flwr][INFO] - 	              (54, 0.6346153846153846),
[2024-09-20 14:21:11,266][flwr][INFO] - 	              (55, 0.6274509803921569),
[2024-09-20 14:21:11,266][flwr][INFO] - 	              (56, 0.7446808510638298),
[2024-09-20 14:21:11,266][flwr][INFO] - 	              (57, 0.6382978723404256),
[2024-09-20 14:21:11,266][flwr][INFO] - 	              (58, 0.7291666666666666),
[2024-09-20 14:21:11,266][flwr][INFO] - 	              (59, 0.7391304347826086),
[2024-09-20 14:21:11,266][flwr][INFO] - 	              (60, 0.7755102040816326),
[2024-09-20 14:21:11,266][flwr][INFO] - 	              (61, 0.574468085106383),
[2024-09-20 14:21:11,266][flwr][INFO] - 	              (62, 0.8235294117647058),
[2024-09-20 14:21:11,267][flwr][INFO] - 	              (63, 0.673469387755102),
[2024-09-20 14:21:11,267][flwr][INFO] - 	              (64, 0.723404255319149),
[2024-09-20 14:21:11,267][flwr][INFO] - 	              (65, 0.6730769230769231),
[2024-09-20 14:21:11,267][flwr][INFO] - 	              (66, 0.7254901960784313),
[2024-09-20 14:21:11,267][flwr][INFO] - 	              (67, 0.86),
[2024-09-20 14:21:11,267][flwr][INFO] - 	              (68, 0.8571428571428571),
[2024-09-20 14:21:11,267][flwr][INFO] - 	              (69, 0.6938775510204082),
[2024-09-20 14:21:11,267][flwr][INFO] - 	              (70, 0.8043478260869565),
[2024-09-20 14:21:11,267][flwr][INFO] - 	              (71, 0.76),
[2024-09-20 14:21:11,267][flwr][INFO] - 	              (72, 0.5833333333333334),
[2024-09-20 14:21:11,267][flwr][INFO] - 	              (73, 0.7551020408163265),
[2024-09-20 14:21:11,267][flwr][INFO] - 	              (74, 0.7659574468085106),
[2024-09-20 14:21:11,267][flwr][INFO] - 	              (75, 0.8235294117647058),
[2024-09-20 14:21:11,267][flwr][INFO] - 	              (76, 0.803921568627451),
[2024-09-20 14:21:11,267][flwr][INFO] - 	              (77, 0.7021276595744681),
[2024-09-20 14:21:11,267][flwr][INFO] - 	              (78, 0.5833333333333334),
[2024-09-20 14:21:11,267][flwr][INFO] - 	              (79, 0.7446808510638298),
[2024-09-20 14:21:11,267][flwr][INFO] - 	              (80, 0.7755102040816326),
[2024-09-20 14:21:11,267][flwr][INFO] - 	              (81, 0.72),
[2024-09-20 14:21:11,267][flwr][INFO] - 	              (82, 0.72),
[2024-09-20 14:21:11,267][flwr][INFO] - 	              (83, 0.6938775510204082),
[2024-09-20 14:21:11,267][flwr][INFO] - 	              (84, 0.717391304347826),
[2024-09-20 14:21:11,267][flwr][INFO] - 	              (85, 0.75),
[2024-09-20 14:21:11,268][flwr][INFO] - 	              (86, 0.7307692307692307),
[2024-09-20 14:21:11,268][flwr][INFO] - 	              (87, 0.7659574468085106),
[2024-09-20 14:21:11,268][flwr][INFO] - 	              (88, 0.7142857142857143),
[2024-09-20 14:21:11,268][flwr][INFO] - 	              (89, 0.6595744680851063),
[2024-09-20 14:21:11,268][flwr][INFO] - 	              (90, 0.717391304347826),
[2024-09-20 14:21:11,268][flwr][INFO] - 	              (91, 0.72),
[2024-09-20 14:21:11,268][flwr][INFO] - 	              (92, 0.8),
[2024-09-20 14:21:11,268][flwr][INFO] - 	              (93, 0.75),
[2024-09-20 14:21:11,268][flwr][INFO] - 	              (94, 0.7647058823529411),
[2024-09-20 14:21:11,268][flwr][INFO] - 	              (95, 0.62),
[2024-09-20 14:21:11,268][flwr][INFO] - 	              (96, 0.7083333333333334),
[2024-09-20 14:21:11,268][flwr][INFO] - 	              (97, 0.7843137254901961),
[2024-09-20 14:21:11,268][flwr][INFO] - 	              (98, 0.6808510638297872),
[2024-09-20 14:21:11,268][flwr][INFO] - 	              (99, 0.7346938775510204),
[2024-09-20 14:21:11,268][flwr][INFO] - 	              (100, 0.6530612244897959)]}
[2024-09-20 14:21:11,268][flwr][INFO] - 	History (metrics, centralized):
[2024-09-20 14:21:11,268][flwr][INFO] - 	{'accuracy': [(0, 0.0719087985969015),
[2024-09-20 14:21:11,268][flwr][INFO] - 	              (1, 0.16924875767319497),
[2024-09-20 14:21:11,268][flwr][INFO] - 	              (2, 0.1824028061970184),
[2024-09-20 14:21:11,268][flwr][INFO] - 	              (3, 0.19467991815258695),
[2024-09-20 14:21:11,268][flwr][INFO] - 	              (4, 0.19467991815258695),
[2024-09-20 14:21:11,268][flwr][INFO] - 	              (5, 0.1824028061970184),
[2024-09-20 14:21:11,269][flwr][INFO] - 	              (6, 0.19467991815258695),
[2024-09-20 14:21:11,269][flwr][INFO] - 	              (7, 0.19467991815258695),
[2024-09-20 14:21:11,269][flwr][INFO] - 	              (8, 0.17509500146156096),
[2024-09-20 14:21:11,269][flwr][INFO] - 	              (9, 0.19467991815258695),
[2024-09-20 14:21:11,269][flwr][INFO] - 	              (10, 0.1824028061970184),
[2024-09-20 14:21:11,269][flwr][INFO] - 	              (11, 0.19467991815258695),
[2024-09-20 14:21:11,269][flwr][INFO] - 	              (12, 0.2993276819643379),
[2024-09-20 14:21:11,269][flwr][INFO] - 	              (13, 0.19467991815258695),
[2024-09-20 14:21:11,269][flwr][INFO] - 	              (14, 0.38760596316866414),
[2024-09-20 14:21:11,269][flwr][INFO] - 	              (15, 0.2738965214849459),
[2024-09-20 14:21:11,269][flwr][INFO] - 	              (16, 0.397252265419468),
[2024-09-20 14:21:11,269][flwr][INFO] - 	              (17, 0.25255773165741013),
[2024-09-20 14:21:11,269][flwr][INFO] - 	              (18, 0.4013446360713242),
[2024-09-20 14:21:11,269][flwr][INFO] - 	              (19, 0.35691318327974275),
[2024-09-20 14:21:11,269][flwr][INFO] - 	              (20, 0.4586378251973107),
[2024-09-20 14:21:11,269][flwr][INFO] - 	              (21, 0.49868459514761765),
[2024-09-20 14:21:11,270][flwr][INFO] - 	              (22, 0.4723764980999708),
[2024-09-20 14:21:11,270][flwr][INFO] - 	              (23, 0.4820228003507746),
[2024-09-20 14:21:11,270][flwr][INFO] - 	              (24, 0.5980707395498392),
[2024-09-20 14:21:11,270][flwr][INFO] - 	              (25, 0.619409529377375),
[2024-09-20 14:21:11,270][flwr][INFO] - 	              (26, 0.5726395790704473),
[2024-09-20 14:21:11,270][flwr][INFO] - 	              (27, 0.623209587839813),
[2024-09-20 14:21:11,270][flwr][INFO] - 	              (28, 0.5814089447529962),
[2024-09-20 14:21:11,270][flwr][INFO] - 	              (29, 0.6825489622917276),
[2024-09-20 14:21:11,270][flwr][INFO] - 	              (30, 0.6553639286758258),
[2024-09-20 14:21:11,270][flwr][INFO] - 	              (31, 0.642794504530839),
[2024-09-20 14:21:11,270][flwr][INFO] - 	              (32, 0.6834258988599825),
[2024-09-20 14:21:11,270][flwr][INFO] - 	              (33, 0.6197018415667933),
[2024-09-20 14:21:11,270][flwr][INFO] - 	              (34, 0.6600409237065186),
[2024-09-20 14:21:11,270][flwr][INFO] - 	              (35, 0.5510084770534931),
[2024-09-20 14:21:11,270][flwr][INFO] - 	              (36, 0.6696872259573224),
[2024-09-20 14:21:11,270][flwr][INFO] - 	              (37, 0.6489330605086232),
[2024-09-20 14:21:11,270][flwr][INFO] - 	              (38, 0.7065185618240281),
[2024-09-20 14:21:11,270][flwr][INFO] - 	              (39, 0.6597486115171003),
[2024-09-20 14:21:11,270][flwr][INFO] - 	              (40, 0.6793335282081263),
[2024-09-20 14:21:11,270][flwr][INFO] - 	              (41, 0.7129494299912307),
[2024-09-20 14:21:11,270][flwr][INFO] - 	              (42, 0.6951183864367144),
[2024-09-20 14:21:11,270][flwr][INFO] - 	              (43, 0.737795966091786),
[2024-09-20 14:21:11,271][flwr][INFO] - 	              (44, 0.7179187372113417),
[2024-09-20 14:21:11,271][flwr][INFO] - 	              (45, 0.7220111078631979),
[2024-09-20 14:21:11,271][flwr][INFO] - 	              (46, 0.6980415083308974),
[2024-09-20 14:21:11,271][flwr][INFO] - 	              (47, 0.7111955568547208),
[2024-09-20 14:21:11,271][flwr][INFO] - 	              (48, 0.6778719672610348),
[2024-09-20 14:21:11,271][flwr][INFO] - 	              (49, 0.7304881613563285),
[2024-09-20 14:21:11,271][flwr][INFO] - 	              (50, 0.698626132709734),
[2024-09-20 14:21:11,271][flwr][INFO] - 	              (51, 0.7471499561531716),
[2024-09-20 14:21:11,271][flwr][INFO] - 	              (52, 0.701549254603917),
[2024-09-20 14:21:11,271][flwr][INFO] - 	              (53, 0.7109032446653025),
[2024-09-20 14:21:11,271][flwr][INFO] - 	              (54, 0.6641332943583748),
[2024-09-20 14:21:11,271][flwr][INFO] - 	              (55, 0.7249342297573809),
[2024-09-20 14:21:11,271][flwr][INFO] - 	              (56, 0.7430575855013154),
[2024-09-20 14:21:11,271][flwr][INFO] - 	              (57, 0.7360420929552762),
[2024-09-20 14:21:11,271][flwr][INFO] - 	              (58, 0.7337035954399298),
[2024-09-20 14:21:11,271][flwr][INFO] - 	              (59, 0.7418883367436422),
[2024-09-20 14:21:11,271][flwr][INFO] - 	              (60, 0.7556270096463023),
[2024-09-20 14:21:11,271][flwr][INFO] - 	              (61, 0.7082724349605378),
[2024-09-20 14:21:11,272][flwr][INFO] - 	              (62, 0.746565331774335),
[2024-09-20 14:21:11,272][flwr][INFO] - 	              (63, 0.7243496053785443),
[2024-09-20 14:21:11,272][flwr][INFO] - 	              (64, 0.734872844197603),
[2024-09-20 14:21:11,272][flwr][INFO] - 	              (65, 0.7322420344928383),
[2024-09-20 14:21:11,272][flwr][INFO] - 	              (66, 0.7380882782812044),
[2024-09-20 14:21:11,272][flwr][INFO] - 	              (67, 0.743642209880152),
[2024-09-20 14:21:11,272][flwr][INFO] - 	              (68, 0.7448114586378252),
[2024-09-20 14:21:11,272][flwr][INFO] - 	              (69, 0.7334112832505115),
[2024-09-20 14:21:11,272][flwr][INFO] - 	              (70, 0.7480268927214265),
[2024-09-20 14:21:11,272][flwr][INFO] - 	              (71, 0.6933645133002047),
[2024-09-20 14:21:11,272][flwr][INFO] - 	              (72, 0.6875182695118387),
[2024-09-20 14:21:11,272][flwr][INFO] - 	              (73, 0.7296112247880736),
[2024-09-20 14:21:11,272][flwr][INFO] - 	              (74, 0.7687810581701257),
[2024-09-20 14:21:11,272][flwr][INFO] - 	              (75, 0.7506577024261911),
[2024-09-20 14:21:11,272][flwr][INFO] - 	              (76, 0.7126571178018123),
[2024-09-20 14:21:11,272][flwr][INFO] - 	              (77, 0.7021338789827536),
[2024-09-20 14:21:11,272][flwr][INFO] - 	              (78, 0.7591347559193219),
[2024-09-20 14:21:11,272][flwr][INFO] - 	              (79, 0.7424729611224788),
[2024-09-20 14:21:11,272][flwr][INFO] - 	              (80, 0.7477345805320081),
[2024-09-20 14:21:11,272][flwr][INFO] - 	              (81, 0.7430575855013154),
[2024-09-20 14:21:11,272][flwr][INFO] - 	              (82, 0.7421806489330605),
[2024-09-20 14:21:11,272][flwr][INFO] - 	              (83, 0.7345805320081847),
[2024-09-20 14:21:11,273][flwr][INFO] - 	              (84, 0.7079801227711195),
[2024-09-20 14:21:11,273][flwr][INFO] - 	              (85, 0.7497807658579363),
[2024-09-20 14:21:11,273][flwr][INFO] - 	              (86, 0.6936568254896229),
[2024-09-20 14:21:11,273][flwr][INFO] - 	              (87, 0.7395498392282959),
[2024-09-20 14:21:11,273][flwr][INFO] - 	              (88, 0.7360420929552762),
[2024-09-20 14:21:11,273][flwr][INFO] - 	              (89, 0.7129494299912307),
[2024-09-20 14:21:11,273][flwr][INFO] - 	              (90, 0.7532885121309558),
[2024-09-20 14:21:11,273][flwr][INFO] - 	              (91, 0.7202572347266881),
[2024-09-20 14:21:11,273][flwr][INFO] - 	              (92, 0.7567962584039755),
[2024-09-20 14:21:11,273][flwr][INFO] - 	              (93, 0.7304881613563285),
[2024-09-20 14:21:11,273][flwr][INFO] - 	              (94, 0.7205495469161064),
[2024-09-20 14:21:11,273][flwr][INFO] - 	              (95, 0.7293189125986553),
[2024-09-20 14:21:11,273][flwr][INFO] - 	              (96, 0.7225957322420344),
[2024-09-20 14:21:11,273][flwr][INFO] - 	              (97, 0.7220111078631979),
[2024-09-20 14:21:11,273][flwr][INFO] - 	              (98, 0.7325343466822567),
[2024-09-20 14:21:11,273][flwr][INFO] - 	              (99, 0.7363344051446945),
[2024-09-20 14:21:11,273][flwr][INFO] - 	              (100, 0.7293189125986553)]}
[2024-09-20 14:21:11,273][flwr][INFO] - 
