[2024-10-09 06:40:43,099][flwr][INFO] - Starting Flower simulation, config: num_rounds=100, no round_timeout
[2024-10-09 06:40:46,287][flwr][INFO] - Flower VCE: Ray initialized with resources: {'CPU': 256.0, 'accelerator_type:G': 1.0, 'GPU': 1.0, 'memory': 148534891111.0, 'node:__internal_head__': 1.0, 'object_store_memory': 67943524761.0, 'node:115.145.172.224': 1.0}
[2024-10-09 06:40:46,287][flwr][INFO] - Optimize your simulation with Flower VCE: https://flower.ai/docs/framework/how-to-run-simulations.html
[2024-10-09 06:40:46,287][flwr][INFO] - Flower VCE: Resources for each Virtual Client: {'num_cpus': 64, 'num_gpus': 0.1}
[2024-10-09 06:40:46,299][flwr][INFO] - Flower VCE: Creating VirtualClientEngineActorPool with 4 actors
[2024-10-09 06:40:46,299][flwr][INFO] - [INIT]
[2024-10-09 06:40:46,299][flwr][INFO] - Requesting initial parameters from one random client
[2024-10-09 06:40:50,753][flwr][INFO] - Received initial parameters from one random client
[2024-10-09 06:40:50,753][flwr][INFO] - Evaluating initial global parameters
[2024-10-09 06:41:04,109][flwr][INFO] - initial parameters (loss, other metrics): 502.0543987751007, {'accuracy': 0.0628133704735376}
[2024-10-09 06:41:04,110][flwr][INFO] - 
[2024-10-09 06:41:04,110][flwr][INFO] - [ROUND 1]
[2024-10-09 06:41:04,110][flwr][INFO] - configure_fit: strategy sampled 5 clients (out of 50)
[2024-10-09 06:41:17,655][flwr][INFO] - aggregate_fit: received 5 results and 0 failures
[2024-10-09 06:41:17,872][flwr][WARNING] - No fit_metrics_aggregation_fn provided
[2024-10-09 06:41:29,951][flwr][INFO] - fit progress: (1, 538.2944462299347, {'accuracy': 0.08245125348189415}, 25.84155299142003)
[2024-10-09 06:41:29,952][flwr][INFO] - configure_evaluate: strategy sampled 2 clients (out of 50)
[2024-10-09 06:41:32,222][flwr][INFO] - aggregate_evaluate: received 2 results and 0 failures
[2024-10-09 06:41:32,222][flwr][INFO] - 
[2024-10-09 06:41:32,223][flwr][INFO] - [ROUND 2]
[2024-10-09 06:41:32,223][flwr][INFO] - configure_fit: strategy sampled 5 clients (out of 50)
[2024-10-09 06:41:47,937][flwr][INFO] - aggregate_fit: received 5 results and 0 failures
[2024-10-09 06:42:00,780][flwr][INFO] - fit progress: (2, 503.72462809085846, {'accuracy': 0.08245125348189415}, 56.67069283593446)
[2024-10-09 06:42:00,781][flwr][INFO] - configure_evaluate: strategy sampled 2 clients (out of 50)
[2024-10-09 06:42:01,799][flwr][INFO] - aggregate_evaluate: received 2 results and 0 failures
[2024-10-09 06:42:01,799][flwr][INFO] - 
[2024-10-09 06:42:01,799][flwr][INFO] - [ROUND 3]
[2024-10-09 06:42:01,799][flwr][INFO] - configure_fit: strategy sampled 5 clients (out of 50)
[2024-10-09 06:42:20,114][flwr][INFO] - aggregate_fit: received 5 results and 0 failures
[2024-10-09 06:42:34,296][flwr][INFO] - fit progress: (3, 445.46526515483856, {'accuracy': 0.3125348189415042}, 90.18622890859842)
[2024-10-09 06:42:34,297][flwr][INFO] - configure_evaluate: strategy sampled 2 clients (out of 50)
[2024-10-09 06:42:35,256][flwr][INFO] - aggregate_evaluate: received 2 results and 0 failures
[2024-10-09 06:42:35,262][flwr][INFO] - 
[2024-10-09 06:42:35,263][flwr][INFO] - [ROUND 4]
[2024-10-09 06:42:35,263][flwr][INFO] - configure_fit: strategy sampled 5 clients (out of 50)
[2024-10-09 06:42:55,091][flwr][INFO] - aggregate_fit: received 5 results and 0 failures
[2024-10-09 06:43:06,247][flwr][INFO] - fit progress: (4, 458.1141312122345, {'accuracy': 0.29693593314763234}, 122.13766969554126)
[2024-10-09 06:43:06,248][flwr][INFO] - configure_evaluate: strategy sampled 2 clients (out of 50)
[2024-10-09 06:43:07,195][flwr][INFO] - aggregate_evaluate: received 2 results and 0 failures
[2024-10-09 06:43:07,195][flwr][INFO] - 
[2024-10-09 06:43:07,195][flwr][INFO] - [ROUND 5]
[2024-10-09 06:43:07,195][flwr][INFO] - configure_fit: strategy sampled 5 clients (out of 50)
[2024-10-09 06:43:26,343][flwr][INFO] - aggregate_fit: received 5 results and 0 failures
[2024-10-09 06:43:37,753][flwr][INFO] - fit progress: (5, 406.3878049850464, {'accuracy': 0.30821727019498607}, 153.64354188367724)
[2024-10-09 06:43:37,754][flwr][INFO] - configure_evaluate: strategy sampled 2 clients (out of 50)
[2024-10-09 06:43:38,683][flwr][INFO] - aggregate_evaluate: received 2 results and 0 failures
[2024-10-09 06:43:38,684][flwr][INFO] - 
[2024-10-09 06:43:38,684][flwr][INFO] - [ROUND 6]
[2024-10-09 06:43:38,684][flwr][INFO] - configure_fit: strategy sampled 5 clients (out of 50)
[2024-10-09 06:43:49,542][flwr][INFO] - aggregate_fit: received 5 results and 0 failures
[2024-10-09 06:44:00,539][flwr][INFO] - fit progress: (6, 406.30395579338074, {'accuracy': 0.3551532033426184}, 176.42966992035508)
[2024-10-09 06:44:00,540][flwr][INFO] - configure_evaluate: strategy sampled 2 clients (out of 50)
[2024-10-09 06:44:02,021][flwr][INFO] - aggregate_evaluate: received 2 results and 0 failures
[2024-10-09 06:44:02,021][flwr][INFO] - 
[2024-10-09 06:44:02,021][flwr][INFO] - [ROUND 7]
[2024-10-09 06:44:02,021][flwr][INFO] - configure_fit: strategy sampled 5 clients (out of 50)
[2024-10-09 06:44:36,993][flwr][INFO] - aggregate_fit: received 5 results and 0 failures
[2024-10-09 06:44:47,850][flwr][INFO] - fit progress: (7, 420.00488817691803, {'accuracy': 0.5252089136490251}, 223.74006631225348)
[2024-10-09 06:44:47,850][flwr][INFO] - configure_evaluate: strategy sampled 2 clients (out of 50)
[2024-10-09 06:44:49,019][flwr][INFO] - aggregate_evaluate: received 2 results and 0 failures
[2024-10-09 06:44:49,020][flwr][INFO] - 
[2024-10-09 06:44:49,020][flwr][INFO] - [ROUND 8]
[2024-10-09 06:44:49,020][flwr][INFO] - configure_fit: strategy sampled 5 clients (out of 50)
[2024-10-09 06:45:01,263][flwr][INFO] - aggregate_fit: received 5 results and 0 failures
[2024-10-09 06:45:12,812][flwr][INFO] - fit progress: (8, 399.4940450191498, {'accuracy': 0.5224233983286908}, 248.7018420835957)
[2024-10-09 06:45:12,812][flwr][INFO] - configure_evaluate: strategy sampled 2 clients (out of 50)
[2024-10-09 06:45:13,513][flwr][INFO] - aggregate_evaluate: received 2 results and 0 failures
[2024-10-09 06:45:13,513][flwr][INFO] - 
[2024-10-09 06:45:13,514][flwr][INFO] - [ROUND 9]
[2024-10-09 06:45:13,514][flwr][INFO] - configure_fit: strategy sampled 5 clients (out of 50)
[2024-10-09 06:45:23,740][flwr][INFO] - aggregate_fit: received 5 results and 0 failures
[2024-10-09 06:45:36,510][flwr][INFO] - fit progress: (9, 403.93252313137054, {'accuracy': 0.4091922005571031}, 272.40069796238095)
[2024-10-09 06:45:36,511][flwr][INFO] - configure_evaluate: strategy sampled 2 clients (out of 50)
[2024-10-09 06:45:38,751][flwr][INFO] - aggregate_evaluate: received 2 results and 0 failures
[2024-10-09 06:45:38,751][flwr][INFO] - 
[2024-10-09 06:45:38,751][flwr][INFO] - [ROUND 10]
[2024-10-09 06:45:38,752][flwr][INFO] - configure_fit: strategy sampled 5 clients (out of 50)
[2024-10-09 06:45:59,576][flwr][INFO] - aggregate_fit: received 5 results and 0 failures
[2024-10-09 06:46:10,961][flwr][INFO] - fit progress: (10, 382.45070576667786, {'accuracy': 0.46350974930362115}, 306.850956027396)
[2024-10-09 06:46:10,961][flwr][INFO] - configure_evaluate: strategy sampled 2 clients (out of 50)
[2024-10-09 06:46:12,123][flwr][INFO] - aggregate_evaluate: received 2 results and 0 failures
[2024-10-09 06:46:12,123][flwr][INFO] - 
[2024-10-09 06:46:12,123][flwr][INFO] - [ROUND 11]
[2024-10-09 06:46:12,123][flwr][INFO] - configure_fit: strategy sampled 5 clients (out of 50)
[2024-10-09 06:46:34,677][flwr][INFO] - aggregate_fit: received 5 results and 0 failures
[2024-10-09 06:46:47,300][flwr][INFO] - fit progress: (11, 331.16740244627, {'accuracy': 0.4827298050139276}, 343.1902361307293)
[2024-10-09 06:46:47,300][flwr][INFO] - configure_evaluate: strategy sampled 2 clients (out of 50)
[2024-10-09 06:46:48,179][flwr][INFO] - aggregate_evaluate: received 2 results and 0 failures
[2024-10-09 06:46:48,180][flwr][INFO] - 
[2024-10-09 06:46:48,180][flwr][INFO] - [ROUND 12]
[2024-10-09 06:46:48,180][flwr][INFO] - configure_fit: strategy sampled 5 clients (out of 50)
[2024-10-09 06:47:34,540][flwr][INFO] - aggregate_fit: received 5 results and 0 failures
[2024-10-09 06:47:45,737][flwr][INFO] - fit progress: (12, 306.88901567459106, {'accuracy': 0.5405292479108635}, 401.62772930879146)
[2024-10-09 06:47:45,738][flwr][INFO] - configure_evaluate: strategy sampled 2 clients (out of 50)
[2024-10-09 06:47:46,756][flwr][INFO] - aggregate_evaluate: received 2 results and 0 failures
[2024-10-09 06:47:46,756][flwr][INFO] - 
[2024-10-09 06:47:46,756][flwr][INFO] - [ROUND 13]
[2024-10-09 06:47:46,756][flwr][INFO] - configure_fit: strategy sampled 5 clients (out of 50)
[2024-10-09 06:48:39,000][flwr][INFO] - aggregate_fit: received 5 results and 0 failures
[2024-10-09 06:48:52,119][flwr][INFO] - fit progress: (13, 333.9667307138443, {'accuracy': 0.49623955431754874}, 468.0091776382178)
[2024-10-09 06:48:52,120][flwr][INFO] - configure_evaluate: strategy sampled 2 clients (out of 50)
[2024-10-09 06:48:53,049][flwr][INFO] - aggregate_evaluate: received 2 results and 0 failures
[2024-10-09 06:48:53,050][flwr][INFO] - 
[2024-10-09 06:48:53,050][flwr][INFO] - [ROUND 14]
[2024-10-09 06:48:53,050][flwr][INFO] - configure_fit: strategy sampled 5 clients (out of 50)
[2024-10-09 06:49:14,637][flwr][INFO] - aggregate_fit: received 5 results and 0 failures
[2024-10-09 06:49:28,198][flwr][INFO] - fit progress: (14, 284.7422847747803, {'accuracy': 0.5764623955431755}, 504.08799997437745)
[2024-10-09 06:49:28,198][flwr][INFO] - configure_evaluate: strategy sampled 2 clients (out of 50)
[2024-10-09 06:49:29,388][flwr][INFO] - aggregate_evaluate: received 2 results and 0 failures
[2024-10-09 06:49:29,388][flwr][INFO] - 
[2024-10-09 06:49:29,389][flwr][INFO] - [ROUND 15]
[2024-10-09 06:49:29,389][flwr][INFO] - configure_fit: strategy sampled 5 clients (out of 50)
[2024-10-09 06:50:00,699][flwr][INFO] - aggregate_fit: received 5 results and 0 failures
[2024-10-09 06:50:11,134][flwr][INFO] - fit progress: (15, 247.13122338056564, {'accuracy': 0.6112813370473538}, 547.023916868493)
[2024-10-09 06:50:11,134][flwr][INFO] - configure_evaluate: strategy sampled 2 clients (out of 50)
[2024-10-09 06:50:12,005][flwr][INFO] - aggregate_evaluate: received 2 results and 0 failures
[2024-10-09 06:50:12,006][flwr][INFO] - 
[2024-10-09 06:50:12,006][flwr][INFO] - [ROUND 16]
[2024-10-09 06:50:12,006][flwr][INFO] - configure_fit: strategy sampled 5 clients (out of 50)
[2024-10-09 06:50:31,549][flwr][INFO] - aggregate_fit: received 5 results and 0 failures
[2024-10-09 06:50:43,361][flwr][INFO] - fit progress: (16, 256.2169655561447, {'accuracy': 0.6508356545961003}, 579.2510148203)
[2024-10-09 06:50:43,361][flwr][INFO] - configure_evaluate: strategy sampled 2 clients (out of 50)
[2024-10-09 06:50:44,382][flwr][INFO] - aggregate_evaluate: received 2 results and 0 failures
[2024-10-09 06:50:44,383][flwr][INFO] - 
[2024-10-09 06:50:44,383][flwr][INFO] - [ROUND 17]
[2024-10-09 06:50:44,383][flwr][INFO] - configure_fit: strategy sampled 5 clients (out of 50)
[2024-10-09 06:51:07,880][flwr][INFO] - aggregate_fit: received 5 results and 0 failures
[2024-10-09 06:51:18,788][flwr][INFO] - fit progress: (17, 260.1760978102684, {'accuracy': 0.6664345403899722}, 614.6783243082464)
[2024-10-09 06:51:18,788][flwr][INFO] - configure_evaluate: strategy sampled 2 clients (out of 50)
[2024-10-09 06:51:19,793][flwr][INFO] - aggregate_evaluate: received 2 results and 0 failures
[2024-10-09 06:51:19,793][flwr][INFO] - 
[2024-10-09 06:51:19,793][flwr][INFO] - [ROUND 18]
[2024-10-09 06:51:19,793][flwr][INFO] - configure_fit: strategy sampled 5 clients (out of 50)
[2024-10-09 06:51:32,233][flwr][INFO] - aggregate_fit: received 5 results and 0 failures
[2024-10-09 06:51:43,692][flwr][INFO] - fit progress: (18, 283.90855276584625, {'accuracy': 0.5862116991643455}, 639.5818525664508)
[2024-10-09 06:51:43,692][flwr][INFO] - configure_evaluate: strategy sampled 2 clients (out of 50)
[2024-10-09 06:51:44,520][flwr][INFO] - aggregate_evaluate: received 2 results and 0 failures
[2024-10-09 06:51:44,521][flwr][INFO] - 
[2024-10-09 06:51:44,521][flwr][INFO] - [ROUND 19]
[2024-10-09 06:51:44,521][flwr][INFO] - configure_fit: strategy sampled 5 clients (out of 50)
[2024-10-09 06:52:18,661][flwr][INFO] - aggregate_fit: received 5 results and 0 failures
[2024-10-09 06:52:29,814][flwr][INFO] - fit progress: (19, 353.70248889923096, {'accuracy': 0.47437325905292477}, 685.7047022413462)
[2024-10-09 06:52:29,816][flwr][INFO] - configure_evaluate: strategy sampled 2 clients (out of 50)
[2024-10-09 06:52:30,900][flwr][INFO] - aggregate_evaluate: received 2 results and 0 failures
[2024-10-09 06:52:30,901][flwr][INFO] - 
[2024-10-09 06:52:30,901][flwr][INFO] - [ROUND 20]
[2024-10-09 06:52:30,901][flwr][INFO] - configure_fit: strategy sampled 5 clients (out of 50)
[2024-10-09 06:53:18,756][flwr][INFO] - aggregate_fit: received 5 results and 0 failures
[2024-10-09 06:53:29,617][flwr][INFO] - fit progress: (20, 271.6187018752098, {'accuracy': 0.6084958217270195}, 745.5071386713535)
[2024-10-09 06:53:29,617][flwr][INFO] - configure_evaluate: strategy sampled 2 clients (out of 50)
[2024-10-09 06:53:31,269][flwr][INFO] - aggregate_evaluate: received 2 results and 0 failures
[2024-10-09 06:53:31,269][flwr][INFO] - 
[2024-10-09 06:53:31,269][flwr][INFO] - [ROUND 21]
[2024-10-09 06:53:31,269][flwr][INFO] - configure_fit: strategy sampled 5 clients (out of 50)
[2024-10-09 06:53:47,694][flwr][INFO] - aggregate_fit: received 5 results and 0 failures
[2024-10-09 06:53:58,933][flwr][INFO] - fit progress: (21, 261.1050253510475, {'accuracy': 0.6444289693593315}, 774.82338681072)
[2024-10-09 06:53:58,934][flwr][INFO] - configure_evaluate: strategy sampled 2 clients (out of 50)
[2024-10-09 06:54:00,150][flwr][INFO] - aggregate_evaluate: received 2 results and 0 failures
[2024-10-09 06:54:00,150][flwr][INFO] - 
[2024-10-09 06:54:00,150][flwr][INFO] - [ROUND 22]
[2024-10-09 06:54:00,150][flwr][INFO] - configure_fit: strategy sampled 5 clients (out of 50)
[2024-10-09 06:54:41,897][flwr][INFO] - aggregate_fit: received 5 results and 0 failures
[2024-10-09 06:54:52,963][flwr][INFO] - fit progress: (22, 309.29942655563354, {'accuracy': 0.5963788300835655}, 828.8534462172538)
[2024-10-09 06:54:52,964][flwr][INFO] - configure_evaluate: strategy sampled 2 clients (out of 50)
[2024-10-09 06:54:54,269][flwr][INFO] - aggregate_evaluate: received 2 results and 0 failures
[2024-10-09 06:54:54,269][flwr][INFO] - 
[2024-10-09 06:54:54,269][flwr][INFO] - [ROUND 23]
[2024-10-09 06:54:54,270][flwr][INFO] - configure_fit: strategy sampled 5 clients (out of 50)
[2024-10-09 06:55:09,489][flwr][INFO] - aggregate_fit: received 5 results and 0 failures
[2024-10-09 06:55:20,622][flwr][INFO] - fit progress: (23, 239.72257143259048, {'accuracy': 0.6678272980501393}, 856.5121391303837)
[2024-10-09 06:55:20,622][flwr][INFO] - configure_evaluate: strategy sampled 2 clients (out of 50)
[2024-10-09 06:55:21,527][flwr][INFO] - aggregate_evaluate: received 2 results and 0 failures
[2024-10-09 06:55:21,527][flwr][INFO] - 
[2024-10-09 06:55:21,527][flwr][INFO] - [ROUND 24]
[2024-10-09 06:55:21,527][flwr][INFO] - configure_fit: strategy sampled 5 clients (out of 50)
[2024-10-09 06:55:36,147][flwr][INFO] - aggregate_fit: received 5 results and 0 failures
[2024-10-09 06:55:48,542][flwr][INFO] - fit progress: (24, 227.4111168384552, {'accuracy': 0.7295264623955432}, 884.4327811868861)
[2024-10-09 06:55:48,543][flwr][INFO] - configure_evaluate: strategy sampled 2 clients (out of 50)
[2024-10-09 06:55:49,489][flwr][INFO] - aggregate_evaluate: received 2 results and 0 failures
[2024-10-09 06:55:49,489][flwr][INFO] - 
[2024-10-09 06:55:49,489][flwr][INFO] - [ROUND 25]
[2024-10-09 06:55:49,489][flwr][INFO] - configure_fit: strategy sampled 5 clients (out of 50)
[2024-10-09 06:56:12,540][flwr][INFO] - aggregate_fit: received 5 results and 0 failures
[2024-10-09 06:56:25,483][flwr][INFO] - fit progress: (25, 326.78416752815247, {'accuracy': 0.4501392757660167}, 921.3735294211656)
[2024-10-09 06:56:25,484][flwr][INFO] - configure_evaluate: strategy sampled 2 clients (out of 50)
[2024-10-09 06:56:26,470][flwr][INFO] - aggregate_evaluate: received 2 results and 0 failures
[2024-10-09 06:56:26,470][flwr][INFO] - 
[2024-10-09 06:56:26,470][flwr][INFO] - [ROUND 26]
[2024-10-09 06:56:26,470][flwr][INFO] - configure_fit: strategy sampled 5 clients (out of 50)
[2024-10-09 06:57:04,263][flwr][INFO] - aggregate_fit: received 5 results and 0 failures
[2024-10-09 06:57:14,971][flwr][INFO] - fit progress: (26, 309.59972012043, {'accuracy': 0.5874651810584958}, 970.8614846244454)
[2024-10-09 06:57:14,972][flwr][INFO] - configure_evaluate: strategy sampled 2 clients (out of 50)
[2024-10-09 06:57:15,787][flwr][INFO] - aggregate_evaluate: received 2 results and 0 failures
[2024-10-09 06:57:15,787][flwr][INFO] - 
[2024-10-09 06:57:15,787][flwr][INFO] - [ROUND 27]
[2024-10-09 06:57:15,788][flwr][INFO] - configure_fit: strategy sampled 5 clients (out of 50)
[2024-10-09 06:57:25,031][flwr][INFO] - aggregate_fit: received 5 results and 0 failures
[2024-10-09 06:57:35,300][flwr][INFO] - fit progress: (27, 296.8173186779022, {'accuracy': 0.5008356545961002}, 991.1900112880394)
[2024-10-09 06:57:35,300][flwr][INFO] - configure_evaluate: strategy sampled 2 clients (out of 50)
[2024-10-09 06:57:36,897][flwr][INFO] - aggregate_evaluate: received 2 results and 0 failures
[2024-10-09 06:57:36,898][flwr][INFO] - 
[2024-10-09 06:57:36,898][flwr][INFO] - [ROUND 28]
[2024-10-09 06:57:36,898][flwr][INFO] - configure_fit: strategy sampled 5 clients (out of 50)
[2024-10-09 06:57:50,967][flwr][INFO] - aggregate_fit: received 5 results and 0 failures
[2024-10-09 06:58:02,798][flwr][INFO] - fit progress: (28, 289.8323857188225, {'accuracy': 0.5895543175487465}, 1018.6885763332248)
[2024-10-09 06:58:02,799][flwr][INFO] - configure_evaluate: strategy sampled 2 clients (out of 50)
[2024-10-09 06:58:03,741][flwr][INFO] - aggregate_evaluate: received 2 results and 0 failures
[2024-10-09 06:58:03,742][flwr][INFO] - 
[2024-10-09 06:58:03,742][flwr][INFO] - [ROUND 29]
[2024-10-09 06:58:03,742][flwr][INFO] - configure_fit: strategy sampled 5 clients (out of 50)
[2024-10-09 06:58:29,394][flwr][INFO] - aggregate_fit: received 5 results and 0 failures
[2024-10-09 06:58:40,731][flwr][INFO] - fit progress: (29, 278.49189054965973, {'accuracy': 0.6052924791086352}, 1056.6212184494361)
[2024-10-09 06:58:40,731][flwr][INFO] - configure_evaluate: strategy sampled 2 clients (out of 50)
[2024-10-09 06:58:41,598][flwr][INFO] - aggregate_evaluate: received 2 results and 0 failures
[2024-10-09 06:58:41,599][flwr][INFO] - 
[2024-10-09 06:58:41,599][flwr][INFO] - [ROUND 30]
[2024-10-09 06:58:41,599][flwr][INFO] - configure_fit: strategy sampled 5 clients (out of 50)
[2024-10-09 06:58:58,554][flwr][INFO] - aggregate_fit: received 5 results and 0 failures
[2024-10-09 06:59:10,456][flwr][INFO] - fit progress: (30, 322.7821998000145, {'accuracy': 0.4796657381615599}, 1086.345765773207)
[2024-10-09 06:59:10,456][flwr][INFO] - configure_evaluate: strategy sampled 2 clients (out of 50)
[2024-10-09 06:59:11,510][flwr][INFO] - aggregate_evaluate: received 2 results and 0 failures
[2024-10-09 06:59:11,510][flwr][INFO] - 
[2024-10-09 06:59:11,510][flwr][INFO] - [ROUND 31]
[2024-10-09 06:59:11,510][flwr][INFO] - configure_fit: strategy sampled 5 clients (out of 50)
[2024-10-09 07:00:04,194][flwr][INFO] - aggregate_fit: received 5 results and 0 failures
[2024-10-09 07:00:15,302][flwr][INFO] - fit progress: (31, 280.10782301425934, {'accuracy': 0.571866295264624}, 1151.1924026869237)
[2024-10-09 07:00:15,302][flwr][INFO] - configure_evaluate: strategy sampled 2 clients (out of 50)
[2024-10-09 07:00:16,540][flwr][INFO] - aggregate_evaluate: received 2 results and 0 failures
[2024-10-09 07:00:16,540][flwr][INFO] - 
[2024-10-09 07:00:16,540][flwr][INFO] - [ROUND 32]
[2024-10-09 07:00:16,540][flwr][INFO] - configure_fit: strategy sampled 5 clients (out of 50)
[2024-10-09 07:00:30,421][flwr][INFO] - aggregate_fit: received 5 results and 0 failures
[2024-10-09 07:00:40,998][flwr][INFO] - fit progress: (32, 268.17133140563965, {'accuracy': 0.5816155988857938}, 1176.8881754875183)
[2024-10-09 07:00:40,998][flwr][INFO] - configure_evaluate: strategy sampled 2 clients (out of 50)
[2024-10-09 07:00:41,924][flwr][INFO] - aggregate_evaluate: received 2 results and 0 failures
[2024-10-09 07:00:41,924][flwr][INFO] - 
[2024-10-09 07:00:41,924][flwr][INFO] - [ROUND 33]
[2024-10-09 07:00:41,924][flwr][INFO] - configure_fit: strategy sampled 5 clients (out of 50)
[2024-10-09 07:01:20,210][flwr][INFO] - aggregate_fit: received 5 results and 0 failures
[2024-10-09 07:01:32,472][flwr][INFO] - fit progress: (33, 279.7419047355652, {'accuracy': 0.6353760445682451}, 1228.3627175511792)
[2024-10-09 07:01:32,473][flwr][INFO] - configure_evaluate: strategy sampled 2 clients (out of 50)
[2024-10-09 07:01:33,413][flwr][INFO] - aggregate_evaluate: received 2 results and 0 failures
[2024-10-09 07:01:33,414][flwr][INFO] - 
[2024-10-09 07:01:33,414][flwr][INFO] - [ROUND 34]
[2024-10-09 07:01:33,414][flwr][INFO] - configure_fit: strategy sampled 5 clients (out of 50)
[2024-10-09 07:02:02,437][flwr][INFO] - aggregate_fit: received 5 results and 0 failures
[2024-10-09 07:02:13,537][flwr][INFO] - fit progress: (34, 329.95592272281647, {'accuracy': 0.5476323119777159}, 1269.4269861541688)
[2024-10-09 07:02:13,537][flwr][INFO] - configure_evaluate: strategy sampled 2 clients (out of 50)
[2024-10-09 07:02:14,593][flwr][INFO] - aggregate_evaluate: received 2 results and 0 failures
[2024-10-09 07:02:14,593][flwr][INFO] - 
[2024-10-09 07:02:14,593][flwr][INFO] - [ROUND 35]
[2024-10-09 07:02:14,594][flwr][INFO] - configure_fit: strategy sampled 5 clients (out of 50)
[2024-10-09 07:02:32,141][flwr][INFO] - aggregate_fit: received 5 results and 0 failures
[2024-10-09 07:02:44,006][flwr][INFO] - fit progress: (35, 385.4494287967682, {'accuracy': 0.4419220055710306}, 1299.896485091187)
[2024-10-09 07:02:44,007][flwr][INFO] - configure_evaluate: strategy sampled 2 clients (out of 50)
[2024-10-09 07:02:45,072][flwr][INFO] - aggregate_evaluate: received 2 results and 0 failures
[2024-10-09 07:02:45,073][flwr][INFO] - 
[2024-10-09 07:02:45,073][flwr][INFO] - [ROUND 36]
[2024-10-09 07:02:45,073][flwr][INFO] - configure_fit: strategy sampled 5 clients (out of 50)
[2024-10-09 07:03:27,476][flwr][INFO] - aggregate_fit: received 5 results and 0 failures
[2024-10-09 07:03:38,828][flwr][INFO] - fit progress: (36, 334.02573150396347, {'accuracy': 0.5008356545961002}, 1354.7184641696513)
[2024-10-09 07:03:38,829][flwr][INFO] - configure_evaluate: strategy sampled 2 clients (out of 50)
[2024-10-09 07:03:39,764][flwr][INFO] - aggregate_evaluate: received 2 results and 0 failures
[2024-10-09 07:03:39,765][flwr][INFO] - 
[2024-10-09 07:03:39,765][flwr][INFO] - [ROUND 37]
[2024-10-09 07:03:39,765][flwr][INFO] - configure_fit: strategy sampled 5 clients (out of 50)
[2024-10-09 07:03:58,628][flwr][INFO] - aggregate_fit: received 5 results and 0 failures
[2024-10-09 07:04:09,932][flwr][INFO] - fit progress: (37, 266.1705679297447, {'accuracy': 0.6438718662952646}, 1385.8219938576221)
[2024-10-09 07:04:09,932][flwr][INFO] - configure_evaluate: strategy sampled 2 clients (out of 50)
[2024-10-09 07:04:11,016][flwr][INFO] - aggregate_evaluate: received 2 results and 0 failures
[2024-10-09 07:04:11,016][flwr][INFO] - 
[2024-10-09 07:04:11,016][flwr][INFO] - [ROUND 38]
[2024-10-09 07:04:11,017][flwr][INFO] - configure_fit: strategy sampled 5 clients (out of 50)
[2024-10-09 07:04:27,632][flwr][INFO] - aggregate_fit: received 5 results and 0 failures
[2024-10-09 07:04:40,418][flwr][INFO] - fit progress: (38, 267.96172630786896, {'accuracy': 0.6448467966573816}, 1416.3078427193686)
[2024-10-09 07:04:40,418][flwr][INFO] - configure_evaluate: strategy sampled 2 clients (out of 50)
[2024-10-09 07:04:41,524][flwr][INFO] - aggregate_evaluate: received 2 results and 0 failures
[2024-10-09 07:04:41,524][flwr][INFO] - 
[2024-10-09 07:04:41,524][flwr][INFO] - [ROUND 39]
[2024-10-09 07:04:41,524][flwr][INFO] - configure_fit: strategy sampled 5 clients (out of 50)
[2024-10-09 07:04:51,776][flwr][INFO] - aggregate_fit: received 5 results and 0 failures
[2024-10-09 07:05:02,079][flwr][INFO] - fit progress: (39, 231.92963355779648, {'accuracy': 0.6579387186629526}, 1437.9693933594972)
[2024-10-09 07:05:02,080][flwr][INFO] - configure_evaluate: strategy sampled 2 clients (out of 50)
[2024-10-09 07:05:03,212][flwr][INFO] - aggregate_evaluate: received 2 results and 0 failures
[2024-10-09 07:05:03,213][flwr][INFO] - 
[2024-10-09 07:05:03,213][flwr][INFO] - [ROUND 40]
[2024-10-09 07:05:03,213][flwr][INFO] - configure_fit: strategy sampled 5 clients (out of 50)
[2024-10-09 07:05:39,800][flwr][INFO] - aggregate_fit: received 5 results and 0 failures
[2024-10-09 07:05:50,769][flwr][INFO] - fit progress: (40, 212.6791952252388, {'accuracy': 0.6636490250696379}, 1486.6588808773085)
[2024-10-09 07:05:50,769][flwr][INFO] - configure_evaluate: strategy sampled 2 clients (out of 50)
[2024-10-09 07:05:52,419][flwr][INFO] - aggregate_evaluate: received 2 results and 0 failures
[2024-10-09 07:05:52,419][flwr][INFO] - 
[2024-10-09 07:05:52,420][flwr][INFO] - [ROUND 41]
[2024-10-09 07:05:52,420][flwr][INFO] - configure_fit: strategy sampled 5 clients (out of 50)
[2024-10-09 07:06:06,392][flwr][INFO] - aggregate_fit: received 5 results and 0 failures
[2024-10-09 07:06:17,860][flwr][INFO] - fit progress: (41, 227.2276247739792, {'accuracy': 0.6885793871866295}, 1513.7502465471625)
[2024-10-09 07:06:17,860][flwr][INFO] - configure_evaluate: strategy sampled 2 clients (out of 50)
[2024-10-09 07:06:18,718][flwr][INFO] - aggregate_evaluate: received 2 results and 0 failures
[2024-10-09 07:06:18,719][flwr][INFO] - 
[2024-10-09 07:06:18,719][flwr][INFO] - [ROUND 42]
[2024-10-09 07:06:18,719][flwr][INFO] - configure_fit: strategy sampled 5 clients (out of 50)
[2024-10-09 07:06:30,163][flwr][INFO] - aggregate_fit: received 5 results and 0 failures
[2024-10-09 07:06:41,595][flwr][INFO] - fit progress: (42, 285.4756333231926, {'accuracy': 0.5701949860724234}, 1537.4852648023516)
[2024-10-09 07:06:41,596][flwr][INFO] - configure_evaluate: strategy sampled 2 clients (out of 50)
[2024-10-09 07:06:42,969][flwr][INFO] - aggregate_evaluate: received 2 results and 0 failures
[2024-10-09 07:06:42,969][flwr][INFO] - 
[2024-10-09 07:06:42,970][flwr][INFO] - [ROUND 43]
[2024-10-09 07:06:42,970][flwr][INFO] - configure_fit: strategy sampled 5 clients (out of 50)
[2024-10-09 07:06:57,553][flwr][INFO] - aggregate_fit: received 5 results and 0 failures
[2024-10-09 07:07:07,684][flwr][INFO] - fit progress: (43, 249.24114468693733, {'accuracy': 0.6}, 1563.573917169124)
[2024-10-09 07:07:07,684][flwr][INFO] - configure_evaluate: strategy sampled 2 clients (out of 50)
[2024-10-09 07:07:08,416][flwr][INFO] - aggregate_evaluate: received 2 results and 0 failures
[2024-10-09 07:07:08,417][flwr][INFO] - 
[2024-10-09 07:07:08,417][flwr][INFO] - [ROUND 44]
[2024-10-09 07:07:08,417][flwr][INFO] - configure_fit: strategy sampled 5 clients (out of 50)
[2024-10-09 07:07:18,815][flwr][INFO] - aggregate_fit: received 5 results and 0 failures
[2024-10-09 07:07:31,013][flwr][INFO] - fit progress: (44, 245.2954847216606, {'accuracy': 0.6931754874651811}, 1586.903464796953)
[2024-10-09 07:07:31,014][flwr][INFO] - configure_evaluate: strategy sampled 2 clients (out of 50)
[2024-10-09 07:07:32,065][flwr][INFO] - aggregate_evaluate: received 2 results and 0 failures
[2024-10-09 07:07:32,066][flwr][INFO] - 
[2024-10-09 07:07:32,067][flwr][INFO] - [ROUND 45]
[2024-10-09 07:07:32,067][flwr][INFO] - configure_fit: strategy sampled 5 clients (out of 50)
[2024-10-09 07:08:07,170][flwr][INFO] - aggregate_fit: received 5 results and 0 failures
[2024-10-09 07:08:19,752][flwr][INFO] - fit progress: (45, 299.9339530467987, {'accuracy': 0.6456824512534819}, 1635.64232160151)
[2024-10-09 07:08:19,752][flwr][INFO] - configure_evaluate: strategy sampled 2 clients (out of 50)
[2024-10-09 07:08:21,231][flwr][INFO] - aggregate_evaluate: received 2 results and 0 failures
[2024-10-09 07:08:21,231][flwr][INFO] - 
[2024-10-09 07:08:21,231][flwr][INFO] - [ROUND 46]
[2024-10-09 07:08:21,232][flwr][INFO] - configure_fit: strategy sampled 5 clients (out of 50)
[2024-10-09 07:09:07,443][flwr][INFO] - aggregate_fit: received 5 results and 0 failures
[2024-10-09 07:09:20,043][flwr][INFO] - fit progress: (46, 225.2355027794838, {'accuracy': 0.7098885793871866}, 1695.933123654686)
[2024-10-09 07:09:20,044][flwr][INFO] - configure_evaluate: strategy sampled 2 clients (out of 50)
[2024-10-09 07:09:21,007][flwr][INFO] - aggregate_evaluate: received 2 results and 0 failures
[2024-10-09 07:09:21,008][flwr][INFO] - 
[2024-10-09 07:09:21,008][flwr][INFO] - [ROUND 47]
[2024-10-09 07:09:21,009][flwr][INFO] - configure_fit: strategy sampled 5 clients (out of 50)
[2024-10-09 07:09:38,064][flwr][INFO] - aggregate_fit: received 5 results and 0 failures
[2024-10-09 07:09:49,044][flwr][INFO] - fit progress: (47, 271.5570265054703, {'accuracy': 0.6791086350974931}, 1724.934100748971)
[2024-10-09 07:09:49,044][flwr][INFO] - configure_evaluate: strategy sampled 2 clients (out of 50)
[2024-10-09 07:09:50,667][flwr][INFO] - aggregate_evaluate: received 2 results and 0 failures
[2024-10-09 07:09:50,668][flwr][INFO] - 
[2024-10-09 07:09:50,668][flwr][INFO] - [ROUND 48]
[2024-10-09 07:09:50,668][flwr][INFO] - configure_fit: strategy sampled 5 clients (out of 50)
[2024-10-09 07:10:08,267][flwr][INFO] - aggregate_fit: received 5 results and 0 failures
[2024-10-09 07:10:19,939][flwr][INFO] - fit progress: (48, 289.87860482931137, {'accuracy': 0.4959610027855153}, 1755.8291222937405)
[2024-10-09 07:10:19,939][flwr][INFO] - configure_evaluate: strategy sampled 2 clients (out of 50)
[2024-10-09 07:10:20,723][flwr][INFO] - aggregate_evaluate: received 2 results and 0 failures
[2024-10-09 07:10:20,723][flwr][INFO] - 
[2024-10-09 07:10:20,723][flwr][INFO] - [ROUND 49]
[2024-10-09 07:10:20,723][flwr][INFO] - configure_fit: strategy sampled 5 clients (out of 50)
[2024-10-09 07:10:42,351][flwr][INFO] - aggregate_fit: received 5 results and 0 failures
[2024-10-09 07:10:55,467][flwr][INFO] - fit progress: (49, 241.86641812324524, {'accuracy': 0.643175487465181}, 1791.3574130469933)
[2024-10-09 07:10:55,468][flwr][INFO] - configure_evaluate: strategy sampled 2 clients (out of 50)
[2024-10-09 07:10:56,203][flwr][INFO] - aggregate_evaluate: received 2 results and 0 failures
[2024-10-09 07:10:56,203][flwr][INFO] - 
[2024-10-09 07:10:56,203][flwr][INFO] - [ROUND 50]
[2024-10-09 07:10:56,203][flwr][INFO] - configure_fit: strategy sampled 5 clients (out of 50)
[2024-10-09 07:11:20,969][flwr][INFO] - aggregate_fit: received 5 results and 0 failures
[2024-10-09 07:11:33,153][flwr][INFO] - fit progress: (50, 295.4152489900589, {'accuracy': 0.5547353760445682}, 1829.043735303916)
[2024-10-09 07:11:33,154][flwr][INFO] - configure_evaluate: strategy sampled 2 clients (out of 50)
[2024-10-09 07:11:34,147][flwr][INFO] - aggregate_evaluate: received 2 results and 0 failures
[2024-10-09 07:11:34,147][flwr][INFO] - 
[2024-10-09 07:11:34,147][flwr][INFO] - [ROUND 51]
[2024-10-09 07:11:34,147][flwr][INFO] - configure_fit: strategy sampled 5 clients (out of 50)
[2024-10-09 07:12:02,764][flwr][INFO] - aggregate_fit: received 5 results and 0 failures
[2024-10-09 07:12:14,706][flwr][INFO] - fit progress: (51, 231.62467801570892, {'accuracy': 0.6651810584958218}, 1870.5966311702505)
[2024-10-09 07:12:14,707][flwr][INFO] - configure_evaluate: strategy sampled 2 clients (out of 50)
[2024-10-09 07:12:15,375][flwr][INFO] - aggregate_evaluate: received 2 results and 0 failures
[2024-10-09 07:12:15,376][flwr][INFO] - 
[2024-10-09 07:12:15,377][flwr][INFO] - [ROUND 52]
[2024-10-09 07:12:15,377][flwr][INFO] - configure_fit: strategy sampled 5 clients (out of 50)
[2024-10-09 07:12:28,370][flwr][INFO] - aggregate_fit: received 5 results and 0 failures
[2024-10-09 07:12:40,296][flwr][INFO] - fit progress: (52, 260.81501680612564, {'accuracy': 0.6217270194986072}, 1896.1866345470771)
[2024-10-09 07:12:40,297][flwr][INFO] - configure_evaluate: strategy sampled 2 clients (out of 50)
[2024-10-09 07:12:41,157][flwr][INFO] - aggregate_evaluate: received 2 results and 0 failures
[2024-10-09 07:12:41,158][flwr][INFO] - 
[2024-10-09 07:12:41,158][flwr][INFO] - [ROUND 53]
[2024-10-09 07:12:41,158][flwr][INFO] - configure_fit: strategy sampled 5 clients (out of 50)
[2024-10-09 07:12:51,878][flwr][INFO] - aggregate_fit: received 5 results and 0 failures
[2024-10-09 07:13:03,822][flwr][INFO] - fit progress: (53, 237.7811604142189, {'accuracy': 0.5966573816155989}, 1919.71251966618)
[2024-10-09 07:13:03,823][flwr][INFO] - configure_evaluate: strategy sampled 2 clients (out of 50)
[2024-10-09 07:13:04,920][flwr][INFO] - aggregate_evaluate: received 2 results and 0 failures
[2024-10-09 07:13:04,921][flwr][INFO] - 
[2024-10-09 07:13:04,921][flwr][INFO] - [ROUND 54]
[2024-10-09 07:13:04,921][flwr][INFO] - configure_fit: strategy sampled 5 clients (out of 50)
[2024-10-09 07:13:37,846][flwr][INFO] - aggregate_fit: received 5 results and 0 failures
[2024-10-09 07:13:50,053][flwr][INFO] - fit progress: (54, 308.0652240514755, {'accuracy': 0.6401114206128133}, 1965.9432104425505)
[2024-10-09 07:13:50,053][flwr][INFO] - configure_evaluate: strategy sampled 2 clients (out of 50)
[2024-10-09 07:13:50,962][flwr][INFO] - aggregate_evaluate: received 2 results and 0 failures
[2024-10-09 07:13:50,962][flwr][INFO] - 
[2024-10-09 07:13:50,962][flwr][INFO] - [ROUND 55]
[2024-10-09 07:13:50,963][flwr][INFO] - configure_fit: strategy sampled 5 clients (out of 50)
[2024-10-09 07:14:13,250][flwr][INFO] - aggregate_fit: received 5 results and 0 failures
[2024-10-09 07:14:24,104][flwr][INFO] - fit progress: (55, 219.6562722325325, {'accuracy': 0.6880222841225627}, 1999.9940522732213)
[2024-10-09 07:14:24,104][flwr][INFO] - configure_evaluate: strategy sampled 2 clients (out of 50)
[2024-10-09 07:14:25,203][flwr][INFO] - aggregate_evaluate: received 2 results and 0 failures
[2024-10-09 07:14:25,204][flwr][INFO] - 
[2024-10-09 07:14:25,204][flwr][INFO] - [ROUND 56]
[2024-10-09 07:14:25,204][flwr][INFO] - configure_fit: strategy sampled 5 clients (out of 50)
[2024-10-09 07:15:08,989][flwr][INFO] - aggregate_fit: received 5 results and 0 failures
[2024-10-09 07:15:21,092][flwr][INFO] - fit progress: (56, 197.1155023276806, {'accuracy': 0.6766016713091922}, 2056.9818101925775)
[2024-10-09 07:15:21,092][flwr][INFO] - configure_evaluate: strategy sampled 2 clients (out of 50)
[2024-10-09 07:15:22,546][flwr][INFO] - aggregate_evaluate: received 2 results and 0 failures
[2024-10-09 07:15:22,546][flwr][INFO] - 
[2024-10-09 07:15:22,546][flwr][INFO] - [ROUND 57]
[2024-10-09 07:15:22,547][flwr][INFO] - configure_fit: strategy sampled 5 clients (out of 50)
[2024-10-09 07:15:31,029][flwr][INFO] - aggregate_fit: received 5 results and 0 failures
[2024-10-09 07:15:42,769][flwr][INFO] - fit progress: (57, 274.3271714448929, {'accuracy': 0.5334261838440112}, 2078.6592801017687)
[2024-10-09 07:15:42,769][flwr][INFO] - configure_evaluate: strategy sampled 2 clients (out of 50)
[2024-10-09 07:15:43,471][flwr][INFO] - aggregate_evaluate: received 2 results and 0 failures
[2024-10-09 07:15:43,472][flwr][INFO] - 
[2024-10-09 07:15:43,472][flwr][INFO] - [ROUND 58]
[2024-10-09 07:15:43,473][flwr][INFO] - configure_fit: strategy sampled 5 clients (out of 50)
[2024-10-09 07:16:00,324][flwr][INFO] - aggregate_fit: received 5 results and 0 failures
[2024-10-09 07:16:12,008][flwr][INFO] - fit progress: (58, 275.9142444729805, {'accuracy': 0.6240947075208914}, 2107.8982848310843)
[2024-10-09 07:16:12,008][flwr][INFO] - configure_evaluate: strategy sampled 2 clients (out of 50)
[2024-10-09 07:16:13,096][flwr][INFO] - aggregate_evaluate: received 2 results and 0 failures
[2024-10-09 07:16:13,097][flwr][INFO] - 
[2024-10-09 07:16:13,097][flwr][INFO] - [ROUND 59]
[2024-10-09 07:16:13,097][flwr][INFO] - configure_fit: strategy sampled 5 clients (out of 50)
[2024-10-09 07:16:51,562][flwr][INFO] - aggregate_fit: received 5 results and 0 failures
[2024-10-09 07:17:03,365][flwr][INFO] - fit progress: (59, 239.46102637052536, {'accuracy': 0.6037604456824512}, 2159.2553405864164)
[2024-10-09 07:17:03,365][flwr][INFO] - configure_evaluate: strategy sampled 2 clients (out of 50)
[2024-10-09 07:17:04,748][flwr][INFO] - aggregate_evaluate: received 2 results and 0 failures
[2024-10-09 07:17:04,749][flwr][INFO] - 
[2024-10-09 07:17:04,749][flwr][INFO] - [ROUND 60]
[2024-10-09 07:17:04,749][flwr][INFO] - configure_fit: strategy sampled 5 clients (out of 50)
[2024-10-09 07:17:44,625][flwr][INFO] - aggregate_fit: received 5 results and 0 failures
[2024-10-09 07:17:55,233][flwr][INFO] - fit progress: (60, 240.88284760713577, {'accuracy': 0.667966573816156}, 2211.123633201234)
[2024-10-09 07:17:55,234][flwr][INFO] - configure_evaluate: strategy sampled 2 clients (out of 50)
[2024-10-09 07:17:56,030][flwr][INFO] - aggregate_evaluate: received 2 results and 0 failures
[2024-10-09 07:17:56,031][flwr][INFO] - 
[2024-10-09 07:17:56,031][flwr][INFO] - [ROUND 61]
[2024-10-09 07:17:56,031][flwr][INFO] - configure_fit: strategy sampled 5 clients (out of 50)
[2024-10-09 07:18:11,984][flwr][INFO] - aggregate_fit: received 5 results and 0 failures
[2024-10-09 07:18:22,082][flwr][INFO] - fit progress: (61, 172.92959043383598, {'accuracy': 0.7376044568245126}, 2237.9722954379395)
[2024-10-09 07:18:22,083][flwr][INFO] - configure_evaluate: strategy sampled 2 clients (out of 50)
[2024-10-09 07:18:23,281][flwr][INFO] - aggregate_evaluate: received 2 results and 0 failures
[2024-10-09 07:18:23,281][flwr][INFO] - 
[2024-10-09 07:18:23,281][flwr][INFO] - [ROUND 62]
[2024-10-09 07:18:23,281][flwr][INFO] - configure_fit: strategy sampled 5 clients (out of 50)
[2024-10-09 07:18:39,854][flwr][INFO] - aggregate_fit: received 5 results and 0 failures
[2024-10-09 07:18:52,142][flwr][INFO] - fit progress: (62, 249.25794112682343, {'accuracy': 0.5668523676880223}, 2268.0322889816016)
[2024-10-09 07:18:52,143][flwr][INFO] - configure_evaluate: strategy sampled 2 clients (out of 50)
[2024-10-09 07:18:52,903][flwr][INFO] - aggregate_evaluate: received 2 results and 0 failures
[2024-10-09 07:18:52,904][flwr][INFO] - 
[2024-10-09 07:18:52,904][flwr][INFO] - [ROUND 63]
[2024-10-09 07:18:52,905][flwr][INFO] - configure_fit: strategy sampled 5 clients (out of 50)
[2024-10-09 07:19:31,238][flwr][INFO] - aggregate_fit: received 5 results and 0 failures
[2024-10-09 07:19:43,997][flwr][INFO] - fit progress: (63, 243.25674641132355, {'accuracy': 0.5825905292479109}, 2319.887320978567)
[2024-10-09 07:19:43,998][flwr][INFO] - configure_evaluate: strategy sampled 2 clients (out of 50)
[2024-10-09 07:19:44,685][flwr][INFO] - aggregate_evaluate: received 2 results and 0 failures
[2024-10-09 07:19:44,686][flwr][INFO] - 
[2024-10-09 07:19:44,686][flwr][INFO] - [ROUND 64]
[2024-10-09 07:19:44,686][flwr][INFO] - configure_fit: strategy sampled 5 clients (out of 50)
[2024-10-09 07:20:02,357][flwr][INFO] - aggregate_fit: received 5 results and 0 failures
[2024-10-09 07:20:15,001][flwr][INFO] - fit progress: (64, 272.35268330574036, {'accuracy': 0.6062674094707521}, 2350.891485724598)
[2024-10-09 07:20:15,002][flwr][INFO] - configure_evaluate: strategy sampled 2 clients (out of 50)
[2024-10-09 07:20:16,152][flwr][INFO] - aggregate_evaluate: received 2 results and 0 failures
[2024-10-09 07:20:16,153][flwr][INFO] - 
[2024-10-09 07:20:16,153][flwr][INFO] - [ROUND 65]
[2024-10-09 07:20:16,154][flwr][INFO] - configure_fit: strategy sampled 5 clients (out of 50)
[2024-10-09 07:20:31,464][flwr][INFO] - aggregate_fit: received 5 results and 0 failures
[2024-10-09 07:20:43,396][flwr][INFO] - fit progress: (65, 244.96600252389908, {'accuracy': 0.6323119777158774}, 2379.2865443918854)
[2024-10-09 07:20:43,397][flwr][INFO] - configure_evaluate: strategy sampled 2 clients (out of 50)
[2024-10-09 07:20:44,592][flwr][INFO] - aggregate_evaluate: received 2 results and 0 failures
[2024-10-09 07:20:44,593][flwr][INFO] - 
[2024-10-09 07:20:44,593][flwr][INFO] - [ROUND 66]
[2024-10-09 07:20:44,593][flwr][INFO] - configure_fit: strategy sampled 5 clients (out of 50)
[2024-10-09 07:21:37,589][flwr][INFO] - aggregate_fit: received 5 results and 0 failures
[2024-10-09 07:21:50,409][flwr][INFO] - fit progress: (66, 201.60875362157822, {'accuracy': 0.6653203342618385}, 2446.299725071527)
[2024-10-09 07:21:50,410][flwr][INFO] - configure_evaluate: strategy sampled 2 clients (out of 50)
[2024-10-09 07:21:51,645][flwr][INFO] - aggregate_evaluate: received 2 results and 0 failures
[2024-10-09 07:21:51,645][flwr][INFO] - 
[2024-10-09 07:21:51,645][flwr][INFO] - [ROUND 67]
[2024-10-09 07:21:51,646][flwr][INFO] - configure_fit: strategy sampled 5 clients (out of 50)
[2024-10-09 07:22:12,060][flwr][INFO] - aggregate_fit: received 5 results and 0 failures
[2024-10-09 07:22:25,406][flwr][INFO] - fit progress: (67, 335.2028976678848, {'accuracy': 0.4940111420612813}, 2481.2958354232833)
[2024-10-09 07:22:25,406][flwr][INFO] - configure_evaluate: strategy sampled 2 clients (out of 50)
[2024-10-09 07:22:26,139][flwr][INFO] - aggregate_evaluate: received 2 results and 0 failures
[2024-10-09 07:22:26,139][flwr][INFO] - 
[2024-10-09 07:22:26,140][flwr][INFO] - [ROUND 68]
[2024-10-09 07:22:26,141][flwr][INFO] - configure_fit: strategy sampled 5 clients (out of 50)
[2024-10-09 07:22:46,762][flwr][INFO] - aggregate_fit: received 5 results and 0 failures
[2024-10-09 07:22:58,507][flwr][INFO] - fit progress: (68, 206.94316762685776, {'accuracy': 0.6848189415041783}, 2514.3971847165376)
[2024-10-09 07:22:58,507][flwr][INFO] - configure_evaluate: strategy sampled 2 clients (out of 50)
[2024-10-09 07:22:59,672][flwr][INFO] - aggregate_evaluate: received 2 results and 0 failures
[2024-10-09 07:22:59,673][flwr][INFO] - 
[2024-10-09 07:22:59,673][flwr][INFO] - [ROUND 69]
[2024-10-09 07:22:59,673][flwr][INFO] - configure_fit: strategy sampled 5 clients (out of 50)
[2024-10-09 07:23:28,212][flwr][INFO] - aggregate_fit: received 5 results and 0 failures
[2024-10-09 07:23:39,827][flwr][INFO] - fit progress: (69, 376.54959321022034, {'accuracy': 0.4362116991643454}, 2555.717277381569)
[2024-10-09 07:23:39,827][flwr][INFO] - configure_evaluate: strategy sampled 2 clients (out of 50)
[2024-10-09 07:23:41,250][flwr][INFO] - aggregate_evaluate: received 2 results and 0 failures
[2024-10-09 07:23:41,250][flwr][INFO] - 
[2024-10-09 07:23:41,250][flwr][INFO] - [ROUND 70]
[2024-10-09 07:23:41,250][flwr][INFO] - configure_fit: strategy sampled 5 clients (out of 50)
[2024-10-09 07:23:53,097][flwr][INFO] - aggregate_fit: received 5 results and 0 failures
[2024-10-09 07:24:04,627][flwr][INFO] - fit progress: (70, 246.51968026161194, {'accuracy': 0.5714484679665738}, 2580.5170820476487)
[2024-10-09 07:24:04,627][flwr][INFO] - configure_evaluate: strategy sampled 2 clients (out of 50)
[2024-10-09 07:24:05,663][flwr][INFO] - aggregate_evaluate: received 2 results and 0 failures
[2024-10-09 07:24:05,663][flwr][INFO] - 
[2024-10-09 07:24:05,663][flwr][INFO] - [ROUND 71]
[2024-10-09 07:24:05,664][flwr][INFO] - configure_fit: strategy sampled 5 clients (out of 50)
[2024-10-09 07:24:44,982][flwr][INFO] - aggregate_fit: received 5 results and 0 failures
[2024-10-09 07:24:56,344][flwr][INFO] - fit progress: (71, 260.86163222789764, {'accuracy': 0.6332869080779945}, 2632.234218697995)
[2024-10-09 07:24:56,345][flwr][INFO] - configure_evaluate: strategy sampled 2 clients (out of 50)
[2024-10-09 07:24:58,885][flwr][INFO] - aggregate_evaluate: received 2 results and 0 failures
[2024-10-09 07:24:58,885][flwr][INFO] - 
[2024-10-09 07:24:58,885][flwr][INFO] - [ROUND 72]
[2024-10-09 07:24:58,885][flwr][INFO] - configure_fit: strategy sampled 5 clients (out of 50)
[2024-10-09 07:25:10,706][flwr][INFO] - aggregate_fit: received 5 results and 0 failures
[2024-10-09 07:25:22,299][flwr][INFO] - fit progress: (72, 197.5431713461876, {'accuracy': 0.6887186629526463}, 2658.1892225062475)
[2024-10-09 07:25:22,300][flwr][INFO] - configure_evaluate: strategy sampled 2 clients (out of 50)
[2024-10-09 07:25:23,170][flwr][INFO] - aggregate_evaluate: received 2 results and 0 failures
[2024-10-09 07:25:23,170][flwr][INFO] - 
[2024-10-09 07:25:23,171][flwr][INFO] - [ROUND 73]
[2024-10-09 07:25:23,171][flwr][INFO] - configure_fit: strategy sampled 5 clients (out of 50)
[2024-10-09 07:25:47,154][flwr][INFO] - aggregate_fit: received 5 results and 0 failures
[2024-10-09 07:25:59,753][flwr][INFO] - fit progress: (73, 282.5861478447914, {'accuracy': 0.5462395543175488}, 2695.64329437539)
[2024-10-09 07:25:59,754][flwr][INFO] - configure_evaluate: strategy sampled 2 clients (out of 50)
[2024-10-09 07:26:00,904][flwr][INFO] - aggregate_evaluate: received 2 results and 0 failures
[2024-10-09 07:26:00,904][flwr][INFO] - 
[2024-10-09 07:26:00,905][flwr][INFO] - [ROUND 74]
[2024-10-09 07:26:00,905][flwr][INFO] - configure_fit: strategy sampled 5 clients (out of 50)
[2024-10-09 07:26:22,685][flwr][INFO] - aggregate_fit: received 5 results and 0 failures
[2024-10-09 07:26:37,098][flwr][INFO] - fit progress: (74, 248.2789756655693, {'accuracy': 0.6427576601671309}, 2732.9879240840673)
[2024-10-09 07:26:37,098][flwr][INFO] - configure_evaluate: strategy sampled 2 clients (out of 50)
[2024-10-09 07:26:38,994][flwr][INFO] - aggregate_evaluate: received 2 results and 0 failures
[2024-10-09 07:26:38,994][flwr][INFO] - 
[2024-10-09 07:26:38,994][flwr][INFO] - [ROUND 75]
[2024-10-09 07:26:38,995][flwr][INFO] - configure_fit: strategy sampled 5 clients (out of 50)
[2024-10-09 07:26:58,691][flwr][INFO] - aggregate_fit: received 5 results and 0 failures
[2024-10-09 07:27:10,100][flwr][INFO] - fit progress: (75, 194.02439904212952, {'accuracy': 0.692200557103064}, 2765.990342685953)
[2024-10-09 07:27:10,100][flwr][INFO] - configure_evaluate: strategy sampled 2 clients (out of 50)
[2024-10-09 07:27:12,721][flwr][INFO] - aggregate_evaluate: received 2 results and 0 failures
[2024-10-09 07:27:12,721][flwr][INFO] - 
[2024-10-09 07:27:12,721][flwr][INFO] - [ROUND 76]
[2024-10-09 07:27:12,721][flwr][INFO] - configure_fit: strategy sampled 5 clients (out of 50)
[2024-10-09 07:27:26,372][flwr][INFO] - aggregate_fit: received 5 results and 0 failures
[2024-10-09 07:27:39,114][flwr][INFO] - fit progress: (76, 333.0446231365204, {'accuracy': 0.5346796657381616}, 2795.004193455912)
[2024-10-09 07:27:39,114][flwr][INFO] - configure_evaluate: strategy sampled 2 clients (out of 50)
[2024-10-09 07:27:40,753][flwr][INFO] - aggregate_evaluate: received 2 results and 0 failures
[2024-10-09 07:27:40,754][flwr][INFO] - 
[2024-10-09 07:27:40,754][flwr][INFO] - [ROUND 77]
[2024-10-09 07:27:40,754][flwr][INFO] - configure_fit: strategy sampled 5 clients (out of 50)
[2024-10-09 07:28:19,561][flwr][INFO] - aggregate_fit: received 5 results and 0 failures
[2024-10-09 07:28:32,068][flwr][INFO] - fit progress: (77, 209.06875175237656, {'accuracy': 0.6802228412256267}, 2847.9587828442454)
[2024-10-09 07:28:32,069][flwr][INFO] - configure_evaluate: strategy sampled 2 clients (out of 50)
[2024-10-09 07:28:32,982][flwr][INFO] - aggregate_evaluate: received 2 results and 0 failures
[2024-10-09 07:28:32,983][flwr][INFO] - 
[2024-10-09 07:28:32,983][flwr][INFO] - [ROUND 78]
[2024-10-09 07:28:32,983][flwr][INFO] - configure_fit: strategy sampled 5 clients (out of 50)
[2024-10-09 07:28:59,817][flwr][INFO] - aggregate_fit: received 5 results and 0 failures
[2024-10-09 07:29:11,119][flwr][INFO] - fit progress: (78, 231.374007999897, {'accuracy': 0.6442896935933148}, 2887.009792037308)
[2024-10-09 07:29:11,120][flwr][INFO] - configure_evaluate: strategy sampled 2 clients (out of 50)
[2024-10-09 07:29:11,823][flwr][INFO] - aggregate_evaluate: received 2 results and 0 failures
[2024-10-09 07:29:11,823][flwr][INFO] - 
[2024-10-09 07:29:11,823][flwr][INFO] - [ROUND 79]
[2024-10-09 07:29:11,824][flwr][INFO] - configure_fit: strategy sampled 5 clients (out of 50)
[2024-10-09 07:29:32,707][flwr][INFO] - aggregate_fit: received 5 results and 0 failures
[2024-10-09 07:29:43,910][flwr][INFO] - fit progress: (79, 227.87157076597214, {'accuracy': 0.6884401114206128}, 2919.800403711386)
[2024-10-09 07:29:43,910][flwr][INFO] - configure_evaluate: strategy sampled 2 clients (out of 50)
[2024-10-09 07:29:45,674][flwr][INFO] - aggregate_evaluate: received 2 results and 0 failures
[2024-10-09 07:29:45,674][flwr][INFO] - 
[2024-10-09 07:29:45,674][flwr][INFO] - [ROUND 80]
[2024-10-09 07:29:45,674][flwr][INFO] - configure_fit: strategy sampled 5 clients (out of 50)
[2024-10-09 07:30:10,843][flwr][INFO] - aggregate_fit: received 5 results and 0 failures
[2024-10-09 07:30:23,063][flwr][INFO] - fit progress: (80, 291.55710661411285, {'accuracy': 0.5061281337047354}, 2958.9531712708995)
[2024-10-09 07:30:23,063][flwr][INFO] - configure_evaluate: strategy sampled 2 clients (out of 50)
[2024-10-09 07:30:25,661][flwr][INFO] - aggregate_evaluate: received 2 results and 0 failures
[2024-10-09 07:30:25,661][flwr][INFO] - 
[2024-10-09 07:30:25,661][flwr][INFO] - [ROUND 81]
[2024-10-09 07:30:25,661][flwr][INFO] - configure_fit: strategy sampled 5 clients (out of 50)
[2024-10-09 07:31:11,680][flwr][INFO] - aggregate_fit: received 5 results and 0 failures
[2024-10-09 07:31:25,808][flwr][INFO] - fit progress: (81, 191.70689660310745, {'accuracy': 0.7069637883008356}, 3021.697876066901)
[2024-10-09 07:31:25,808][flwr][INFO] - configure_evaluate: strategy sampled 2 clients (out of 50)
[2024-10-09 07:31:26,868][flwr][INFO] - aggregate_evaluate: received 2 results and 0 failures
[2024-10-09 07:31:26,868][flwr][INFO] - 
[2024-10-09 07:31:26,868][flwr][INFO] - [ROUND 82]
[2024-10-09 07:31:26,869][flwr][INFO] - configure_fit: strategy sampled 5 clients (out of 50)
[2024-10-09 07:31:55,806][flwr][INFO] - aggregate_fit: received 5 results and 0 failures
[2024-10-09 07:32:06,835][flwr][INFO] - fit progress: (82, 198.71762013435364, {'accuracy': 0.7445682451253481}, 3062.7251011077315)
[2024-10-09 07:32:06,836][flwr][INFO] - configure_evaluate: strategy sampled 2 clients (out of 50)
[2024-10-09 07:32:08,903][flwr][INFO] - aggregate_evaluate: received 2 results and 0 failures
[2024-10-09 07:32:08,904][flwr][INFO] - 
[2024-10-09 07:32:08,904][flwr][INFO] - [ROUND 83]
[2024-10-09 07:32:08,904][flwr][INFO] - configure_fit: strategy sampled 5 clients (out of 50)
[2024-10-09 07:32:30,719][flwr][INFO] - aggregate_fit: received 5 results and 0 failures
[2024-10-09 07:32:42,812][flwr][INFO] - fit progress: (83, 216.67369771003723, {'accuracy': 0.6317548746518106}, 3098.7018542150036)
[2024-10-09 07:32:42,812][flwr][INFO] - configure_evaluate: strategy sampled 2 clients (out of 50)
[2024-10-09 07:32:44,260][flwr][INFO] - aggregate_evaluate: received 2 results and 0 failures
[2024-10-09 07:32:44,261][flwr][INFO] - 
[2024-10-09 07:32:44,261][flwr][INFO] - [ROUND 84]
[2024-10-09 07:32:44,262][flwr][INFO] - configure_fit: strategy sampled 5 clients (out of 50)
[2024-10-09 07:33:38,568][flwr][INFO] - aggregate_fit: received 5 results and 0 failures
[2024-10-09 07:33:51,153][flwr][INFO] - fit progress: (84, 196.7525999546051, {'accuracy': 0.7188022284122563}, 3167.043339584954)
[2024-10-09 07:33:51,153][flwr][INFO] - configure_evaluate: strategy sampled 2 clients (out of 50)
[2024-10-09 07:33:52,351][flwr][INFO] - aggregate_evaluate: received 2 results and 0 failures
[2024-10-09 07:33:52,351][flwr][INFO] - 
[2024-10-09 07:33:52,351][flwr][INFO] - [ROUND 85]
[2024-10-09 07:33:52,351][flwr][INFO] - configure_fit: strategy sampled 5 clients (out of 50)
[2024-10-09 07:34:10,656][flwr][INFO] - aggregate_fit: received 5 results and 0 failures
[2024-10-09 07:34:23,316][flwr][INFO] - fit progress: (85, 177.86575764417648, {'accuracy': 0.7483286908077994}, 3199.206200072542)
[2024-10-09 07:34:23,316][flwr][INFO] - configure_evaluate: strategy sampled 2 clients (out of 50)
[2024-10-09 07:34:24,338][flwr][INFO] - aggregate_evaluate: received 2 results and 0 failures
[2024-10-09 07:34:24,339][flwr][INFO] - 
[2024-10-09 07:34:24,339][flwr][INFO] - [ROUND 86]
[2024-10-09 07:34:24,339][flwr][INFO] - configure_fit: strategy sampled 5 clients (out of 50)
[2024-10-09 07:34:40,441][flwr][INFO] - aggregate_fit: received 5 results and 0 failures
[2024-10-09 07:34:52,437][flwr][INFO] - fit progress: (86, 241.13835680484772, {'accuracy': 0.7140668523676881}, 3228.3273430643603)
[2024-10-09 07:34:52,437][flwr][INFO] - configure_evaluate: strategy sampled 2 clients (out of 50)
[2024-10-09 07:34:53,451][flwr][INFO] - aggregate_evaluate: received 2 results and 0 failures
[2024-10-09 07:34:53,452][flwr][INFO] - 
[2024-10-09 07:34:53,452][flwr][INFO] - [ROUND 87]
[2024-10-09 07:34:53,452][flwr][INFO] - configure_fit: strategy sampled 5 clients (out of 50)
[2024-10-09 07:35:13,484][flwr][INFO] - aggregate_fit: received 5 results and 0 failures
[2024-10-09 07:35:27,690][flwr][INFO] - fit progress: (87, 211.20519948005676, {'accuracy': 0.663091922005571}, 3263.5800036434084)
[2024-10-09 07:35:27,691][flwr][INFO] - configure_evaluate: strategy sampled 2 clients (out of 50)
[2024-10-09 07:35:28,788][flwr][INFO] - aggregate_evaluate: received 2 results and 0 failures
[2024-10-09 07:35:28,789][flwr][INFO] - 
[2024-10-09 07:35:28,789][flwr][INFO] - [ROUND 88]
[2024-10-09 07:35:28,789][flwr][INFO] - configure_fit: strategy sampled 5 clients (out of 50)
[2024-10-09 07:36:11,408][flwr][INFO] - aggregate_fit: received 5 results and 0 failures
[2024-10-09 07:36:26,567][flwr][INFO] - fit progress: (88, 196.76608222723007, {'accuracy': 0.7154596100278552}, 3322.4574685376137)
[2024-10-09 07:36:26,568][flwr][INFO] - configure_evaluate: strategy sampled 2 clients (out of 50)
[2024-10-09 07:36:28,005][flwr][INFO] - aggregate_evaluate: received 2 results and 0 failures
[2024-10-09 07:36:28,005][flwr][INFO] - 
[2024-10-09 07:36:28,005][flwr][INFO] - [ROUND 89]
[2024-10-09 07:36:28,005][flwr][INFO] - configure_fit: strategy sampled 5 clients (out of 50)
[2024-10-09 07:36:43,729][flwr][INFO] - aggregate_fit: received 5 results and 0 failures
[2024-10-09 07:36:53,727][flwr][INFO] - fit progress: (89, 220.26444292068481, {'accuracy': 0.6062674094707521}, 3349.617649378255)
[2024-10-09 07:36:53,728][flwr][INFO] - configure_evaluate: strategy sampled 2 clients (out of 50)
[2024-10-09 07:36:54,876][flwr][INFO] - aggregate_evaluate: received 2 results and 0 failures
[2024-10-09 07:36:54,877][flwr][INFO] - 
[2024-10-09 07:36:54,877][flwr][INFO] - [ROUND 90]
[2024-10-09 07:36:54,877][flwr][INFO] - configure_fit: strategy sampled 5 clients (out of 50)
[2024-10-09 07:37:41,212][flwr][INFO] - aggregate_fit: received 5 results and 0 failures
[2024-10-09 07:37:52,627][flwr][INFO] - fit progress: (90, 164.78694728016853, {'accuracy': 0.7782729805013927}, 3408.517591512762)
[2024-10-09 07:37:52,628][flwr][INFO] - configure_evaluate: strategy sampled 2 clients (out of 50)
[2024-10-09 07:37:54,367][flwr][INFO] - aggregate_evaluate: received 2 results and 0 failures
[2024-10-09 07:37:54,368][flwr][INFO] - 
[2024-10-09 07:37:54,368][flwr][INFO] - [ROUND 91]
[2024-10-09 07:37:54,368][flwr][INFO] - configure_fit: strategy sampled 5 clients (out of 50)
[2024-10-09 07:38:12,149][flwr][INFO] - aggregate_fit: received 5 results and 0 failures
[2024-10-09 07:38:21,637][flwr][INFO] - fit progress: (91, 283.92283219099045, {'accuracy': 0.6962395543175487}, 3437.527210325934)
[2024-10-09 07:38:21,638][flwr][INFO] - configure_evaluate: strategy sampled 2 clients (out of 50)
[2024-10-09 07:38:22,678][flwr][INFO] - aggregate_evaluate: received 2 results and 0 failures
[2024-10-09 07:38:22,678][flwr][INFO] - 
[2024-10-09 07:38:22,678][flwr][INFO] - [ROUND 92]
[2024-10-09 07:38:22,679][flwr][INFO] - configure_fit: strategy sampled 5 clients (out of 50)
[2024-10-09 07:38:35,264][flwr][INFO] - aggregate_fit: received 5 results and 0 failures
[2024-10-09 07:38:46,529][flwr][INFO] - fit progress: (92, 209.93906781077385, {'accuracy': 0.6155988857938719}, 3462.4188162665814)
[2024-10-09 07:38:46,529][flwr][INFO] - configure_evaluate: strategy sampled 2 clients (out of 50)
[2024-10-09 07:38:47,198][flwr][INFO] - aggregate_evaluate: received 2 results and 0 failures
[2024-10-09 07:38:47,198][flwr][INFO] - 
[2024-10-09 07:38:47,198][flwr][INFO] - [ROUND 93]
[2024-10-09 07:38:47,198][flwr][INFO] - configure_fit: strategy sampled 5 clients (out of 50)
[2024-10-09 07:39:03,986][flwr][INFO] - aggregate_fit: received 5 results and 0 failures
[2024-10-09 07:39:13,480][flwr][INFO] - fit progress: (93, 259.98566895723343, {'accuracy': 0.6635097493036212}, 3489.3699618596584)
[2024-10-09 07:39:13,480][flwr][INFO] - configure_evaluate: strategy sampled 2 clients (out of 50)
[2024-10-09 07:39:14,708][flwr][INFO] - aggregate_evaluate: received 2 results and 0 failures
[2024-10-09 07:39:14,708][flwr][INFO] - 
[2024-10-09 07:39:14,708][flwr][INFO] - [ROUND 94]
[2024-10-09 07:39:14,709][flwr][INFO] - configure_fit: strategy sampled 5 clients (out of 50)
[2024-10-09 07:39:32,233][flwr][INFO] - aggregate_fit: received 5 results and 0 failures
[2024-10-09 07:39:45,539][flwr][INFO] - fit progress: (94, 240.82570952177048, {'accuracy': 0.6576601671309192}, 3521.429301210679)
[2024-10-09 07:39:45,539][flwr][INFO] - configure_evaluate: strategy sampled 2 clients (out of 50)
[2024-10-09 07:39:46,958][flwr][INFO] - aggregate_evaluate: received 2 results and 0 failures
[2024-10-09 07:39:46,959][flwr][INFO] - 
[2024-10-09 07:39:46,959][flwr][INFO] - [ROUND 95]
[2024-10-09 07:39:46,959][flwr][INFO] - configure_fit: strategy sampled 5 clients (out of 50)
[2024-10-09 07:40:27,408][flwr][INFO] - aggregate_fit: received 5 results and 0 failures
[2024-10-09 07:40:41,149][flwr][INFO] - fit progress: (95, 262.9551382660866, {'accuracy': 0.6954038997214484}, 3577.039356426336)
[2024-10-09 07:40:41,150][flwr][INFO] - configure_evaluate: strategy sampled 2 clients (out of 50)
[2024-10-09 07:40:42,512][flwr][INFO] - aggregate_evaluate: received 2 results and 0 failures
[2024-10-09 07:40:42,512][flwr][INFO] - 
[2024-10-09 07:40:42,512][flwr][INFO] - [ROUND 96]
[2024-10-09 07:40:42,512][flwr][INFO] - configure_fit: strategy sampled 5 clients (out of 50)
[2024-10-09 07:41:28,287][flwr][INFO] - aggregate_fit: received 5 results and 0 failures
[2024-10-09 07:41:39,674][flwr][INFO] - fit progress: (96, 196.77284789085388, {'accuracy': 0.6697771587743733}, 3635.563860052265)
[2024-10-09 07:41:39,674][flwr][INFO] - configure_evaluate: strategy sampled 2 clients (out of 50)
[2024-10-09 07:41:40,753][flwr][INFO] - aggregate_evaluate: received 2 results and 0 failures
[2024-10-09 07:41:40,753][flwr][INFO] - 
[2024-10-09 07:41:40,754][flwr][INFO] - [ROUND 97]
[2024-10-09 07:41:40,754][flwr][INFO] - configure_fit: strategy sampled 5 clients (out of 50)
[2024-10-09 07:41:59,005][flwr][INFO] - aggregate_fit: received 5 results and 0 failures
[2024-10-09 07:42:10,101][flwr][INFO] - fit progress: (97, 169.12965300679207, {'accuracy': 0.7395543175487466}, 3665.9915170725435)
[2024-10-09 07:42:10,102][flwr][INFO] - configure_evaluate: strategy sampled 2 clients (out of 50)
[2024-10-09 07:42:11,378][flwr][INFO] - aggregate_evaluate: received 2 results and 0 failures
[2024-10-09 07:42:11,378][flwr][INFO] - 
[2024-10-09 07:42:11,378][flwr][INFO] - [ROUND 98]
[2024-10-09 07:42:11,378][flwr][INFO] - configure_fit: strategy sampled 5 clients (out of 50)
[2024-10-09 07:42:47,158][flwr][INFO] - aggregate_fit: received 5 results and 0 failures
[2024-10-09 07:42:59,099][flwr][INFO] - fit progress: (98, 251.10409837961197, {'accuracy': 0.6722841225626741}, 3714.98968964722)
[2024-10-09 07:42:59,100][flwr][INFO] - configure_evaluate: strategy sampled 2 clients (out of 50)
[2024-10-09 07:43:00,544][flwr][INFO] - aggregate_evaluate: received 2 results and 0 failures
[2024-10-09 07:43:00,544][flwr][INFO] - 
[2024-10-09 07:43:00,544][flwr][INFO] - [ROUND 99]
[2024-10-09 07:43:00,544][flwr][INFO] - configure_fit: strategy sampled 5 clients (out of 50)
[2024-10-09 07:43:29,375][flwr][INFO] - aggregate_fit: received 5 results and 0 failures
[2024-10-09 07:43:40,769][flwr][INFO] - fit progress: (99, 250.9374521970749, {'accuracy': 0.5706128133704735}, 3756.6594253201038)
[2024-10-09 07:43:40,770][flwr][INFO] - configure_evaluate: strategy sampled 2 clients (out of 50)
[2024-10-09 07:43:41,917][flwr][INFO] - aggregate_evaluate: received 2 results and 0 failures
[2024-10-09 07:43:41,917][flwr][INFO] - 
[2024-10-09 07:43:41,917][flwr][INFO] - [ROUND 100]
[2024-10-09 07:43:41,918][flwr][INFO] - configure_fit: strategy sampled 5 clients (out of 50)
[2024-10-09 07:44:01,884][flwr][INFO] - aggregate_fit: received 5 results and 0 failures
[2024-10-09 07:44:14,604][flwr][INFO] - fit progress: (100, 348.487669467926, {'accuracy': 0.49651810584958217}, 3790.494414050132)
[2024-10-09 07:44:14,604][flwr][INFO] - configure_evaluate: strategy sampled 2 clients (out of 50)
[2024-10-09 07:44:16,022][flwr][INFO] - aggregate_evaluate: received 2 results and 0 failures
[2024-10-09 07:44:16,023][flwr][INFO] - 
[2024-10-09 07:44:16,023][flwr][INFO] - [SUMMARY]
[2024-10-09 07:44:16,023][flwr][INFO] - Run finished 100 round(s) in 3791.91s
[2024-10-09 07:44:16,025][flwr][INFO] - 	History (loss, distributed):
[2024-10-09 07:44:16,025][flwr][INFO] - 		round 1: 23.1318786353219
[2024-10-09 07:44:16,025][flwr][INFO] - 		round 2: 10.27021662547038
[2024-10-09 07:44:16,026][flwr][INFO] - 		round 3: 3.559168249130249
[2024-10-09 07:44:16,026][flwr][INFO] - 		round 4: 7.988240970773735
[2024-10-09 07:44:16,026][flwr][INFO] - 		round 5: 9.577205850153554
[2024-10-09 07:44:16,026][flwr][INFO] - 		round 6: 15.863382407597133
[2024-10-09 07:44:16,026][flwr][INFO] - 		round 7: 4.376104470007929
[2024-10-09 07:44:16,026][flwr][INFO] - 		round 8: 1.2215038496872475
[2024-10-09 07:44:16,026][flwr][INFO] - 		round 9: 18.078604435357523
[2024-10-09 07:44:16,026][flwr][INFO] - 		round 10: 6.480114503005116
[2024-10-09 07:44:16,026][flwr][INFO] - 		round 11: 5.628017925521703
[2024-10-09 07:44:16,026][flwr][INFO] - 		round 12: 5.1986818114209425
[2024-10-09 07:44:16,026][flwr][INFO] - 		round 13: 9.620599546388949
[2024-10-09 07:44:16,026][flwr][INFO] - 		round 14: 6.481570585467183
[2024-10-09 07:44:16,026][flwr][INFO] - 		round 15: 1.8739344541933023
[2024-10-09 07:44:16,026][flwr][INFO] - 		round 16: 3.6721939024287984
[2024-10-09 07:44:16,026][flwr][INFO] - 		round 17: 4.900234553496359
[2024-10-09 07:44:16,026][flwr][INFO] - 		round 18: 5.373058127102099
[2024-10-09 07:44:16,026][flwr][INFO] - 		round 19: 4.731483801817283
[2024-10-09 07:44:16,026][flwr][INFO] - 		round 20: 10.891901551332689
[2024-10-09 07:44:16,026][flwr][INFO] - 		round 21: 3.7823168798465634
[2024-10-09 07:44:16,026][flwr][INFO] - 		round 22: 6.94065284373509
[2024-10-09 07:44:16,026][flwr][INFO] - 		round 23: 2.0366153448093227
[2024-10-09 07:44:16,026][flwr][INFO] - 		round 24: 5.443086172449645
[2024-10-09 07:44:16,026][flwr][INFO] - 		round 25: 3.9500545649504173
[2024-10-09 07:44:16,027][flwr][INFO] - 		round 26: 1.6102859450213483
[2024-10-09 07:44:16,027][flwr][INFO] - 		round 27: 7.152791636115914
[2024-10-09 07:44:16,027][flwr][INFO] - 		round 28: 4.0678451594553495
[2024-10-09 07:44:16,027][flwr][INFO] - 		round 29: 2.3551407912198234
[2024-10-09 07:44:16,027][flwr][INFO] - 		round 30: 6.135842347709581
[2024-10-09 07:44:16,027][flwr][INFO] - 		round 31: 6.783987156828942
[2024-10-09 07:44:16,027][flwr][INFO] - 		round 32: 1.977791826233609
[2024-10-09 07:44:16,027][flwr][INFO] - 		round 33: 6.890393894746763
[2024-10-09 07:44:16,027][flwr][INFO] - 		round 34: 3.151052685036008
[2024-10-09 07:44:16,027][flwr][INFO] - 		round 35: 11.45179650876615
[2024-10-09 07:44:16,027][flwr][INFO] - 		round 36: 3.802507922762916
[2024-10-09 07:44:16,027][flwr][INFO] - 		round 37: 7.86972437247838
[2024-10-09 07:44:16,027][flwr][INFO] - 		round 38: 4.555863566058022
[2024-10-09 07:44:16,027][flwr][INFO] - 		round 39: 2.7950873616375502
[2024-10-09 07:44:16,027][flwr][INFO] - 		round 40: 6.543956254305464
[2024-10-09 07:44:16,027][flwr][INFO] - 		round 41: 1.4536646052643105
[2024-10-09 07:44:16,027][flwr][INFO] - 		round 42: 15.351673040628876
[2024-10-09 07:44:16,027][flwr][INFO] - 		round 43: 0.4645160266331264
[2024-10-09 07:44:16,027][flwr][INFO] - 		round 44: 5.325888207176794
[2024-10-09 07:44:16,027][flwr][INFO] - 		round 45: 12.85441512143475
[2024-10-09 07:44:16,027][flwr][INFO] - 		round 46: 4.165509964992751
[2024-10-09 07:44:16,027][flwr][INFO] - 		round 47: 7.895180760563671
[2024-10-09 07:44:16,027][flwr][INFO] - 		round 48: 0.9419263971262964
[2024-10-09 07:44:16,027][flwr][INFO] - 		round 49: 0.5495535998928304
[2024-10-09 07:44:16,028][flwr][INFO] - 		round 50: 5.921229584180579
[2024-10-09 07:44:16,028][flwr][INFO] - 		round 51: 1.62780521937779
[2024-10-09 07:44:16,028][flwr][INFO] - 		round 52: 1.0166297891352436
[2024-10-09 07:44:16,028][flwr][INFO] - 		round 53: 2.2421783265759077
[2024-10-09 07:44:16,028][flwr][INFO] - 		round 54: 1.7712013762291163
[2024-10-09 07:44:16,028][flwr][INFO] - 		round 55: 1.7788220891898328
[2024-10-09 07:44:16,028][flwr][INFO] - 		round 56: 5.991218537726301
[2024-10-09 07:44:16,028][flwr][INFO] - 		round 57: 0.6122197310129801
[2024-10-09 07:44:16,028][flwr][INFO] - 		round 58: 3.744606875754022
[2024-10-09 07:44:16,028][flwr][INFO] - 		round 59: 3.9644626900383986
[2024-10-09 07:44:16,028][flwr][INFO] - 		round 60: 1.01490920914544
[2024-10-09 07:44:16,028][flwr][INFO] - 		round 61: 1.8074139845835697
[2024-10-09 07:44:16,028][flwr][INFO] - 		round 62: 1.1301536811025519
[2024-10-09 07:44:16,028][flwr][INFO] - 		round 63: 1.1455119429973133
[2024-10-09 07:44:16,028][flwr][INFO] - 		round 64: 4.772664404570678
[2024-10-09 07:44:16,028][flwr][INFO] - 		round 65: 4.110534817030115
[2024-10-09 07:44:16,028][flwr][INFO] - 		round 66: 4.482274796528678
[2024-10-09 07:44:16,028][flwr][INFO] - 		round 67: 2.2861561408409705
[2024-10-09 07:44:16,028][flwr][INFO] - 		round 68: 2.5886994658265623
[2024-10-09 07:44:16,028][flwr][INFO] - 		round 69: 11.248413918576404
[2024-10-09 07:44:16,028][flwr][INFO] - 		round 70: 7.6050146813235004
[2024-10-09 07:44:16,028][flwr][INFO] - 		round 71: 12.68373568417507
[2024-10-09 07:44:16,028][flwr][INFO] - 		round 72: 2.4876028418540956
[2024-10-09 07:44:16,029][flwr][INFO] - 		round 73: 4.0402351374809555
[2024-10-09 07:44:16,029][flwr][INFO] - 		round 74: 12.821123887601258
[2024-10-09 07:44:16,029][flwr][INFO] - 		round 75: 9.037854062515242
[2024-10-09 07:44:16,029][flwr][INFO] - 		round 76: 11.698300816538014
[2024-10-09 07:44:16,029][flwr][INFO] - 		round 77: 1.6937044168442068
[2024-10-09 07:44:16,029][flwr][INFO] - 		round 78: 0.8211471537748972
[2024-10-09 07:44:16,029][flwr][INFO] - 		round 79: 9.16140911408833
[2024-10-09 07:44:16,029][flwr][INFO] - 		round 80: 1.853786503432563
[2024-10-09 07:44:16,029][flwr][INFO] - 		round 81: 1.251282831600734
[2024-10-09 07:44:16,029][flwr][INFO] - 		round 82: 9.782072887384802
[2024-10-09 07:44:16,029][flwr][INFO] - 		round 83: 8.944294530795425
[2024-10-09 07:44:16,029][flwr][INFO] - 		round 84: 2.4580045924653264
[2024-10-09 07:44:16,029][flwr][INFO] - 		round 85: 1.7777672465690362
[2024-10-09 07:44:16,029][flwr][INFO] - 		round 86: 4.569865360761145
[2024-10-09 07:44:16,029][flwr][INFO] - 		round 87: 1.198208015997291
[2024-10-09 07:44:16,029][flwr][INFO] - 		round 88: 2.2002250957701888
[2024-10-09 07:44:16,029][flwr][INFO] - 		round 89: 1.0853253630838338
[2024-10-09 07:44:16,029][flwr][INFO] - 		round 90: 9.697259102907053
[2024-10-09 07:44:16,029][flwr][INFO] - 		round 91: 5.369443019973898
[2024-10-09 07:44:16,029][flwr][INFO] - 		round 92: 0.9028493971438021
[2024-10-09 07:44:16,029][flwr][INFO] - 		round 93: 3.4135846584296425
[2024-10-09 07:44:16,029][flwr][INFO] - 		round 94: 1.3195595323354348
[2024-10-09 07:44:16,029][flwr][INFO] - 		round 95: 4.040820063182286
[2024-10-09 07:44:16,029][flwr][INFO] - 		round 96: 1.4012285555020356
[2024-10-09 07:44:16,030][flwr][INFO] - 		round 97: 1.7754129341670446
[2024-10-09 07:44:16,030][flwr][INFO] - 		round 98: 6.5869424102924485
[2024-10-09 07:44:16,030][flwr][INFO] - 		round 99: 3.2107800786261973
[2024-10-09 07:44:16,030][flwr][INFO] - 		round 100: 4.329476164369022
[2024-10-09 07:44:16,030][flwr][INFO] - 	History (loss, centralized):
[2024-10-09 07:44:16,030][flwr][INFO] - 		round 0: 502.0543987751007
[2024-10-09 07:44:16,030][flwr][INFO] - 		round 1: 538.2944462299347
[2024-10-09 07:44:16,030][flwr][INFO] - 		round 2: 503.72462809085846
[2024-10-09 07:44:16,030][flwr][INFO] - 		round 3: 445.46526515483856
[2024-10-09 07:44:16,030][flwr][INFO] - 		round 4: 458.1141312122345
[2024-10-09 07:44:16,030][flwr][INFO] - 		round 5: 406.3878049850464
[2024-10-09 07:44:16,030][flwr][INFO] - 		round 6: 406.30395579338074
[2024-10-09 07:44:16,030][flwr][INFO] - 		round 7: 420.00488817691803
[2024-10-09 07:44:16,030][flwr][INFO] - 		round 8: 399.4940450191498
[2024-10-09 07:44:16,030][flwr][INFO] - 		round 9: 403.93252313137054
[2024-10-09 07:44:16,030][flwr][INFO] - 		round 10: 382.45070576667786
[2024-10-09 07:44:16,030][flwr][INFO] - 		round 11: 331.16740244627
[2024-10-09 07:44:16,030][flwr][INFO] - 		round 12: 306.88901567459106
[2024-10-09 07:44:16,030][flwr][INFO] - 		round 13: 333.9667307138443
[2024-10-09 07:44:16,030][flwr][INFO] - 		round 14: 284.7422847747803
[2024-10-09 07:44:16,030][flwr][INFO] - 		round 15: 247.13122338056564
[2024-10-09 07:44:16,030][flwr][INFO] - 		round 16: 256.2169655561447
[2024-10-09 07:44:16,030][flwr][INFO] - 		round 17: 260.1760978102684
[2024-10-09 07:44:16,030][flwr][INFO] - 		round 18: 283.90855276584625
[2024-10-09 07:44:16,031][flwr][INFO] - 		round 19: 353.70248889923096
[2024-10-09 07:44:16,031][flwr][INFO] - 		round 20: 271.6187018752098
[2024-10-09 07:44:16,031][flwr][INFO] - 		round 21: 261.1050253510475
[2024-10-09 07:44:16,031][flwr][INFO] - 		round 22: 309.29942655563354
[2024-10-09 07:44:16,031][flwr][INFO] - 		round 23: 239.72257143259048
[2024-10-09 07:44:16,031][flwr][INFO] - 		round 24: 227.4111168384552
[2024-10-09 07:44:16,031][flwr][INFO] - 		round 25: 326.78416752815247
[2024-10-09 07:44:16,031][flwr][INFO] - 		round 26: 309.59972012043
[2024-10-09 07:44:16,031][flwr][INFO] - 		round 27: 296.8173186779022
[2024-10-09 07:44:16,031][flwr][INFO] - 		round 28: 289.8323857188225
[2024-10-09 07:44:16,031][flwr][INFO] - 		round 29: 278.49189054965973
[2024-10-09 07:44:16,031][flwr][INFO] - 		round 30: 322.7821998000145
[2024-10-09 07:44:16,031][flwr][INFO] - 		round 31: 280.10782301425934
[2024-10-09 07:44:16,031][flwr][INFO] - 		round 32: 268.17133140563965
[2024-10-09 07:44:16,031][flwr][INFO] - 		round 33: 279.7419047355652
[2024-10-09 07:44:16,031][flwr][INFO] - 		round 34: 329.95592272281647
[2024-10-09 07:44:16,031][flwr][INFO] - 		round 35: 385.4494287967682
[2024-10-09 07:44:16,031][flwr][INFO] - 		round 36: 334.02573150396347
[2024-10-09 07:44:16,031][flwr][INFO] - 		round 37: 266.1705679297447
[2024-10-09 07:44:16,031][flwr][INFO] - 		round 38: 267.96172630786896
[2024-10-09 07:44:16,031][flwr][INFO] - 		round 39: 231.92963355779648
[2024-10-09 07:44:16,031][flwr][INFO] - 		round 40: 212.6791952252388
[2024-10-09 07:44:16,031][flwr][INFO] - 		round 41: 227.2276247739792
[2024-10-09 07:44:16,031][flwr][INFO] - 		round 42: 285.4756333231926
[2024-10-09 07:44:16,032][flwr][INFO] - 		round 43: 249.24114468693733
[2024-10-09 07:44:16,032][flwr][INFO] - 		round 44: 245.2954847216606
[2024-10-09 07:44:16,032][flwr][INFO] - 		round 45: 299.9339530467987
[2024-10-09 07:44:16,032][flwr][INFO] - 		round 46: 225.2355027794838
[2024-10-09 07:44:16,032][flwr][INFO] - 		round 47: 271.5570265054703
[2024-10-09 07:44:16,032][flwr][INFO] - 		round 48: 289.87860482931137
[2024-10-09 07:44:16,032][flwr][INFO] - 		round 49: 241.86641812324524
[2024-10-09 07:44:16,032][flwr][INFO] - 		round 50: 295.4152489900589
[2024-10-09 07:44:16,032][flwr][INFO] - 		round 51: 231.62467801570892
[2024-10-09 07:44:16,032][flwr][INFO] - 		round 52: 260.81501680612564
[2024-10-09 07:44:16,032][flwr][INFO] - 		round 53: 237.7811604142189
[2024-10-09 07:44:16,032][flwr][INFO] - 		round 54: 308.0652240514755
[2024-10-09 07:44:16,032][flwr][INFO] - 		round 55: 219.6562722325325
[2024-10-09 07:44:16,032][flwr][INFO] - 		round 56: 197.1155023276806
[2024-10-09 07:44:16,032][flwr][INFO] - 		round 57: 274.3271714448929
[2024-10-09 07:44:16,032][flwr][INFO] - 		round 58: 275.9142444729805
[2024-10-09 07:44:16,032][flwr][INFO] - 		round 59: 239.46102637052536
[2024-10-09 07:44:16,032][flwr][INFO] - 		round 60: 240.88284760713577
[2024-10-09 07:44:16,032][flwr][INFO] - 		round 61: 172.92959043383598
[2024-10-09 07:44:16,032][flwr][INFO] - 		round 62: 249.25794112682343
[2024-10-09 07:44:16,032][flwr][INFO] - 		round 63: 243.25674641132355
[2024-10-09 07:44:16,032][flwr][INFO] - 		round 64: 272.35268330574036
[2024-10-09 07:44:16,032][flwr][INFO] - 		round 65: 244.96600252389908
[2024-10-09 07:44:16,032][flwr][INFO] - 		round 66: 201.60875362157822
[2024-10-09 07:44:16,032][flwr][INFO] - 		round 67: 335.2028976678848
[2024-10-09 07:44:16,033][flwr][INFO] - 		round 68: 206.94316762685776
[2024-10-09 07:44:16,033][flwr][INFO] - 		round 69: 376.54959321022034
[2024-10-09 07:44:16,033][flwr][INFO] - 		round 70: 246.51968026161194
[2024-10-09 07:44:16,033][flwr][INFO] - 		round 71: 260.86163222789764
[2024-10-09 07:44:16,033][flwr][INFO] - 		round 72: 197.5431713461876
[2024-10-09 07:44:16,033][flwr][INFO] - 		round 73: 282.5861478447914
[2024-10-09 07:44:16,033][flwr][INFO] - 		round 74: 248.2789756655693
[2024-10-09 07:44:16,033][flwr][INFO] - 		round 75: 194.02439904212952
[2024-10-09 07:44:16,033][flwr][INFO] - 		round 76: 333.0446231365204
[2024-10-09 07:44:16,033][flwr][INFO] - 		round 77: 209.06875175237656
[2024-10-09 07:44:16,033][flwr][INFO] - 		round 78: 231.374007999897
[2024-10-09 07:44:16,033][flwr][INFO] - 		round 79: 227.87157076597214
[2024-10-09 07:44:16,033][flwr][INFO] - 		round 80: 291.55710661411285
[2024-10-09 07:44:16,033][flwr][INFO] - 		round 81: 191.70689660310745
[2024-10-09 07:44:16,033][flwr][INFO] - 		round 82: 198.71762013435364
[2024-10-09 07:44:16,033][flwr][INFO] - 		round 83: 216.67369771003723
[2024-10-09 07:44:16,033][flwr][INFO] - 		round 84: 196.7525999546051
[2024-10-09 07:44:16,033][flwr][INFO] - 		round 85: 177.86575764417648
[2024-10-09 07:44:16,033][flwr][INFO] - 		round 86: 241.13835680484772
[2024-10-09 07:44:16,033][flwr][INFO] - 		round 87: 211.20519948005676
[2024-10-09 07:44:16,033][flwr][INFO] - 		round 88: 196.76608222723007
[2024-10-09 07:44:16,033][flwr][INFO] - 		round 89: 220.26444292068481
[2024-10-09 07:44:16,033][flwr][INFO] - 		round 90: 164.78694728016853
[2024-10-09 07:44:16,034][flwr][INFO] - 		round 91: 283.92283219099045
[2024-10-09 07:44:16,034][flwr][INFO] - 		round 92: 209.93906781077385
[2024-10-09 07:44:16,034][flwr][INFO] - 		round 93: 259.98566895723343
[2024-10-09 07:44:16,034][flwr][INFO] - 		round 94: 240.82570952177048
[2024-10-09 07:44:16,034][flwr][INFO] - 		round 95: 262.9551382660866
[2024-10-09 07:44:16,034][flwr][INFO] - 		round 96: 196.77284789085388
[2024-10-09 07:44:16,034][flwr][INFO] - 		round 97: 169.12965300679207
[2024-10-09 07:44:16,034][flwr][INFO] - 		round 98: 251.10409837961197
[2024-10-09 07:44:16,034][flwr][INFO] - 		round 99: 250.9374521970749
[2024-10-09 07:44:16,034][flwr][INFO] - 		round 100: 348.487669467926
[2024-10-09 07:44:16,034][flwr][INFO] - 	History (metrics, distributed, evaluate):
[2024-10-09 07:44:16,034][flwr][INFO] - 	{'accuracy': [(1, 0.0010559662090813093),
[2024-10-09 07:44:16,034][flwr][INFO] - 	              (2, 0.003205128205128205),
[2024-10-09 07:44:16,034][flwr][INFO] - 	              (3, 0.344),
[2024-10-09 07:44:16,034][flwr][INFO] - 	              (4, 0.04048582995951417),
[2024-10-09 07:44:16,034][flwr][INFO] - 	              (5, 0.16326530612244897),
[2024-10-09 07:44:16,034][flwr][INFO] - 	              (6, 0.09761904761904762),
[2024-10-09 07:44:16,034][flwr][INFO] - 	              (7, 0.8018575851393189),
[2024-10-09 07:44:16,034][flwr][INFO] - 	              (8, 0.7931034482758621),
[2024-10-09 07:44:16,034][flwr][INFO] - 	              (9, 0.16633858267716536),
[2024-10-09 07:44:16,034][flwr][INFO] - 	              (10, 0.6219931271477663),
[2024-10-09 07:44:16,034][flwr][INFO] - 	              (11, 0.32038834951456313),
[2024-10-09 07:44:16,034][flwr][INFO] - 	              (12, 0.49466192170818507),
[2024-10-09 07:44:16,034][flwr][INFO] - 	              (13, 0.0593607305936073),
[2024-10-09 07:44:16,035][flwr][INFO] - 	              (14, 0.5207667731629393),
[2024-10-09 07:44:16,035][flwr][INFO] - 	              (15, 0.6274509803921569),
[2024-10-09 07:44:16,035][flwr][INFO] - 	              (16, 0.6589861751152074),
[2024-10-09 07:44:16,035][flwr][INFO] - 	              (17, 0.7037773359840954),
[2024-10-09 07:44:16,035][flwr][INFO] - 	              (18, 0.021052631578947368),
[2024-10-09 07:44:16,035][flwr][INFO] - 	              (19, 0.5512820512820513),
[2024-10-09 07:44:16,035][flwr][INFO] - 	              (20, 0.5394736842105263),
[2024-10-09 07:44:16,035][flwr][INFO] - 	              (21, 0.7238805970149254),
[2024-10-09 07:44:16,035][flwr][INFO] - 	              (22, 0.45129224652087474),
[2024-10-09 07:44:16,035][flwr][INFO] - 	              (23, 0.8597560975609756),
[2024-10-09 07:44:16,035][flwr][INFO] - 	              (24, 0.4265402843601896),
[2024-10-09 07:44:16,035][flwr][INFO] - 	              (25, 0.6836734693877551),
[2024-10-09 07:44:16,035][flwr][INFO] - 	              (26, 0.9075144508670521),
[2024-10-09 07:44:16,035][flwr][INFO] - 	              (27, 0.6559633027522935),
[2024-10-09 07:44:16,035][flwr][INFO] - 	              (28, 0.5),
[2024-10-09 07:44:16,035][flwr][INFO] - 	              (29, 0.5294117647058824),
[2024-10-09 07:44:16,035][flwr][INFO] - 	              (30, 0.34818941504178275),
[2024-10-09 07:44:16,035][flwr][INFO] - 	              (31, 0.5321637426900585),
[2024-10-09 07:44:16,035][flwr][INFO] - 	              (32, 0.6106870229007634),
[2024-10-09 07:44:16,035][flwr][INFO] - 	              (33, 0.0871559633027523),
[2024-10-09 07:44:16,035][flwr][INFO] - 	              (34, 0.9295154185022027),
[2024-10-09 07:44:16,035][flwr][INFO] - 	              (35, 0.03903903903903904),
[2024-10-09 07:44:16,035][flwr][INFO] - 	              (36, 0.7380952380952381),
[2024-10-09 07:44:16,035][flwr][INFO] - 	              (37, 0.3127853881278539),
[2024-10-09 07:44:16,036][flwr][INFO] - 	              (38, 0.7504761904761905),
[2024-10-09 07:44:16,036][flwr][INFO] - 	              (39, 0.7637130801687764),
[2024-10-09 07:44:16,036][flwr][INFO] - 	              (40, 0.6554307116104869),
[2024-10-09 07:44:16,036][flwr][INFO] - 	              (41, 0.7777777777777778),
[2024-10-09 07:44:16,036][flwr][INFO] - 	              (42, 0.313543599257885),
[2024-10-09 07:44:16,036][flwr][INFO] - 	              (43, 0.9714285714285714),
[2024-10-09 07:44:16,036][flwr][INFO] - 	              (44, 0.3864306784660767),
[2024-10-09 07:44:16,036][flwr][INFO] - 	              (45, 0.5261813537675607),
[2024-10-09 07:44:16,036][flwr][INFO] - 	              (46, 0.46865671641791046),
[2024-10-09 07:44:16,036][flwr][INFO] - 	              (47, 0.5692307692307692),
[2024-10-09 07:44:16,036][flwr][INFO] - 	              (48, 0.7448275862068966),
[2024-10-09 07:44:16,036][flwr][INFO] - 	              (49, 0.8775510204081632),
[2024-10-09 07:44:16,036][flwr][INFO] - 	              (50, 0.40816326530612246),
[2024-10-09 07:44:16,036][flwr][INFO] - 	              (51, 0.37142857142857144),
[2024-10-09 07:44:16,036][flwr][INFO] - 	              (52, 0.9207920792079208),
[2024-10-09 07:44:16,036][flwr][INFO] - 	              (53, 0.9425051334702259),
[2024-10-09 07:44:16,036][flwr][INFO] - 	              (54, 0.8835616438356164),
[2024-10-09 07:44:16,036][flwr][INFO] - 	              (55, 0.8386363636363636),
[2024-10-09 07:44:16,036][flwr][INFO] - 	              (56, 0.48723404255319147),
[2024-10-09 07:44:16,036][flwr][INFO] - 	              (57, 0.9279279279279279),
[2024-10-09 07:44:16,036][flwr][INFO] - 	              (58, 0.7272727272727273),
[2024-10-09 07:44:16,036][flwr][INFO] - 	              (59, 0.571753986332574),
[2024-10-09 07:44:16,036][flwr][INFO] - 	              (60, 0.7333333333333333),
[2024-10-09 07:44:16,036][flwr][INFO] - 	              (61, 0.8493506493506493),
[2024-10-09 07:44:16,036][flwr][INFO] - 	              (62, 0.47368421052631576),
[2024-10-09 07:44:16,037][flwr][INFO] - 	              (63, 0.49122807017543857),
[2024-10-09 07:44:16,037][flwr][INFO] - 	              (64, 0.7716701902748414),
[2024-10-09 07:44:16,037][flwr][INFO] - 	              (65, 0.8247078464106845),
[2024-10-09 07:44:16,037][flwr][INFO] - 	              (66, 0.6174142480211082),
[2024-10-09 07:44:16,037][flwr][INFO] - 	              (67, 0.07692307692307693),
[2024-10-09 07:44:16,037][flwr][INFO] - 	              (68, 0.8453865336658354),
[2024-10-09 07:44:16,037][flwr][INFO] - 	              (69, 0.3799019607843137),
[2024-10-09 07:44:16,037][flwr][INFO] - 	              (70, 0.06611570247933884),
[2024-10-09 07:44:16,037][flwr][INFO] - 	              (71, 0.6059743954480796),
[2024-10-09 07:44:16,037][flwr][INFO] - 	              (72, 0.7095238095238096),
[2024-10-09 07:44:16,037][flwr][INFO] - 	              (73, 0.3153846153846154),
[2024-10-09 07:44:16,037][flwr][INFO] - 	              (74, 0.4419889502762431),
[2024-10-09 07:44:16,037][flwr][INFO] - 	              (75, 0.6433408577878104),
[2024-10-09 07:44:16,037][flwr][INFO] - 	              (76, 0.6796536796536796),
[2024-10-09 07:44:16,037][flwr][INFO] - 	              (77, 0.6690140845070423),
[2024-10-09 07:44:16,037][flwr][INFO] - 	              (78, 0.8),
[2024-10-09 07:44:16,037][flwr][INFO] - 	              (79, 0.6228571428571429),
[2024-10-09 07:44:16,037][flwr][INFO] - 	              (80, 0.7714932126696833),
[2024-10-09 07:44:16,037][flwr][INFO] - 	              (81, 0.5142857142857142),
[2024-10-09 07:44:16,037][flwr][INFO] - 	              (82, 0.6390977443609023),
[2024-10-09 07:44:16,037][flwr][INFO] - 	              (83, 0.4558011049723757),
[2024-10-09 07:44:16,037][flwr][INFO] - 	              (84, 0.9021558872305141),
[2024-10-09 07:44:16,037][flwr][INFO] - 	              (85, 0.8682795698924731),
[2024-10-09 07:44:16,038][flwr][INFO] - 	              (86, 0.8439490445859873),
[2024-10-09 07:44:16,038][flwr][INFO] - 	              (87, 0.9080459770114943),
[2024-10-09 07:44:16,038][flwr][INFO] - 	              (88, 0.8357142857142857),
[2024-10-09 07:44:16,038][flwr][INFO] - 	              (89, 0.9317507418397626),
[2024-10-09 07:44:16,038][flwr][INFO] - 	              (90, 0.5009560229445507),
[2024-10-09 07:44:16,038][flwr][INFO] - 	              (91, 0.5794392523364486),
[2024-10-09 07:44:16,038][flwr][INFO] - 	              (92, 0.6756756756756757),
[2024-10-09 07:44:16,038][flwr][INFO] - 	              (93, 0.7272727272727273),
[2024-10-09 07:44:16,038][flwr][INFO] - 	              (94, 0.9195402298850575),
[2024-10-09 07:44:16,038][flwr][INFO] - 	              (95, 0.5828571428571429),
[2024-10-09 07:44:16,038][flwr][INFO] - 	              (96, 0.7243589743589743),
[2024-10-09 07:44:16,038][flwr][INFO] - 	              (97, 0.9206349206349206),
[2024-10-09 07:44:16,038][flwr][INFO] - 	              (98, 0.7777777777777778),
[2024-10-09 07:44:16,038][flwr][INFO] - 	              (99, 0.6766304347826086),
[2024-10-09 07:44:16,038][flwr][INFO] - 	              (100, 0.7019607843137254)]}
[2024-10-09 07:44:16,038][flwr][INFO] - 	History (metrics, centralized):
[2024-10-09 07:44:16,038][flwr][INFO] - 	{'accuracy': [(0, 0.0628133704735376),
[2024-10-09 07:44:16,038][flwr][INFO] - 	              (1, 0.08245125348189415),
[2024-10-09 07:44:16,038][flwr][INFO] - 	              (2, 0.08245125348189415),
[2024-10-09 07:44:16,038][flwr][INFO] - 	              (3, 0.3125348189415042),
[2024-10-09 07:44:16,038][flwr][INFO] - 	              (4, 0.29693593314763234),
[2024-10-09 07:44:16,038][flwr][INFO] - 	              (5, 0.30821727019498607),
[2024-10-09 07:44:16,038][flwr][INFO] - 	              (6, 0.3551532033426184),
[2024-10-09 07:44:16,038][flwr][INFO] - 	              (7, 0.5252089136490251),
[2024-10-09 07:44:16,039][flwr][INFO] - 	              (8, 0.5224233983286908),
[2024-10-09 07:44:16,039][flwr][INFO] - 	              (9, 0.4091922005571031),
[2024-10-09 07:44:16,039][flwr][INFO] - 	              (10, 0.46350974930362115),
[2024-10-09 07:44:16,039][flwr][INFO] - 	              (11, 0.4827298050139276),
[2024-10-09 07:44:16,039][flwr][INFO] - 	              (12, 0.5405292479108635),
[2024-10-09 07:44:16,039][flwr][INFO] - 	              (13, 0.49623955431754874),
[2024-10-09 07:44:16,039][flwr][INFO] - 	              (14, 0.5764623955431755),
[2024-10-09 07:44:16,039][flwr][INFO] - 	              (15, 0.6112813370473538),
[2024-10-09 07:44:16,039][flwr][INFO] - 	              (16, 0.6508356545961003),
[2024-10-09 07:44:16,039][flwr][INFO] - 	              (17, 0.6664345403899722),
[2024-10-09 07:44:16,039][flwr][INFO] - 	              (18, 0.5862116991643455),
[2024-10-09 07:44:16,039][flwr][INFO] - 	              (19, 0.47437325905292477),
[2024-10-09 07:44:16,039][flwr][INFO] - 	              (20, 0.6084958217270195),
[2024-10-09 07:44:16,039][flwr][INFO] - 	              (21, 0.6444289693593315),
[2024-10-09 07:44:16,039][flwr][INFO] - 	              (22, 0.5963788300835655),
[2024-10-09 07:44:16,039][flwr][INFO] - 	              (23, 0.6678272980501393),
[2024-10-09 07:44:16,039][flwr][INFO] - 	              (24, 0.7295264623955432),
[2024-10-09 07:44:16,039][flwr][INFO] - 	              (25, 0.4501392757660167),
[2024-10-09 07:44:16,039][flwr][INFO] - 	              (26, 0.5874651810584958),
[2024-10-09 07:44:16,039][flwr][INFO] - 	              (27, 0.5008356545961002),
[2024-10-09 07:44:16,039][flwr][INFO] - 	              (28, 0.5895543175487465),
[2024-10-09 07:44:16,039][flwr][INFO] - 	              (29, 0.6052924791086352),
[2024-10-09 07:44:16,039][flwr][INFO] - 	              (30, 0.4796657381615599),
[2024-10-09 07:44:16,039][flwr][INFO] - 	              (31, 0.571866295264624),
[2024-10-09 07:44:16,039][flwr][INFO] - 	              (32, 0.5816155988857938),
[2024-10-09 07:44:16,040][flwr][INFO] - 	              (33, 0.6353760445682451),
[2024-10-09 07:44:16,040][flwr][INFO] - 	              (34, 0.5476323119777159),
[2024-10-09 07:44:16,040][flwr][INFO] - 	              (35, 0.4419220055710306),
[2024-10-09 07:44:16,040][flwr][INFO] - 	              (36, 0.5008356545961002),
[2024-10-09 07:44:16,040][flwr][INFO] - 	              (37, 0.6438718662952646),
[2024-10-09 07:44:16,040][flwr][INFO] - 	              (38, 0.6448467966573816),
[2024-10-09 07:44:16,040][flwr][INFO] - 	              (39, 0.6579387186629526),
[2024-10-09 07:44:16,040][flwr][INFO] - 	              (40, 0.6636490250696379),
[2024-10-09 07:44:16,040][flwr][INFO] - 	              (41, 0.6885793871866295),
[2024-10-09 07:44:16,040][flwr][INFO] - 	              (42, 0.5701949860724234),
[2024-10-09 07:44:16,040][flwr][INFO] - 	              (43, 0.6),
[2024-10-09 07:44:16,040][flwr][INFO] - 	              (44, 0.6931754874651811),
[2024-10-09 07:44:16,040][flwr][INFO] - 	              (45, 0.6456824512534819),
[2024-10-09 07:44:16,040][flwr][INFO] - 	              (46, 0.7098885793871866),
[2024-10-09 07:44:16,040][flwr][INFO] - 	              (47, 0.6791086350974931),
[2024-10-09 07:44:16,040][flwr][INFO] - 	              (48, 0.4959610027855153),
[2024-10-09 07:44:16,040][flwr][INFO] - 	              (49, 0.643175487465181),
[2024-10-09 07:44:16,040][flwr][INFO] - 	              (50, 0.5547353760445682),
[2024-10-09 07:44:16,040][flwr][INFO] - 	              (51, 0.6651810584958218),
[2024-10-09 07:44:16,040][flwr][INFO] - 	              (52, 0.6217270194986072),
[2024-10-09 07:44:16,040][flwr][INFO] - 	              (53, 0.5966573816155989),
[2024-10-09 07:44:16,040][flwr][INFO] - 	              (54, 0.6401114206128133),
[2024-10-09 07:44:16,040][flwr][INFO] - 	              (55, 0.6880222841225627),
[2024-10-09 07:44:16,040][flwr][INFO] - 	              (56, 0.6766016713091922),
[2024-10-09 07:44:16,040][flwr][INFO] - 	              (57, 0.5334261838440112),
[2024-10-09 07:44:16,041][flwr][INFO] - 	              (58, 0.6240947075208914),
[2024-10-09 07:44:16,041][flwr][INFO] - 	              (59, 0.6037604456824512),
[2024-10-09 07:44:16,041][flwr][INFO] - 	              (60, 0.667966573816156),
[2024-10-09 07:44:16,041][flwr][INFO] - 	              (61, 0.7376044568245126),
[2024-10-09 07:44:16,041][flwr][INFO] - 	              (62, 0.5668523676880223),
[2024-10-09 07:44:16,041][flwr][INFO] - 	              (63, 0.5825905292479109),
[2024-10-09 07:44:16,041][flwr][INFO] - 	              (64, 0.6062674094707521),
[2024-10-09 07:44:16,041][flwr][INFO] - 	              (65, 0.6323119777158774),
[2024-10-09 07:44:16,041][flwr][INFO] - 	              (66, 0.6653203342618385),
[2024-10-09 07:44:16,041][flwr][INFO] - 	              (67, 0.4940111420612813),
[2024-10-09 07:44:16,041][flwr][INFO] - 	              (68, 0.6848189415041783),
[2024-10-09 07:44:16,041][flwr][INFO] - 	              (69, 0.4362116991643454),
[2024-10-09 07:44:16,041][flwr][INFO] - 	              (70, 0.5714484679665738),
[2024-10-09 07:44:16,041][flwr][INFO] - 	              (71, 0.6332869080779945),
[2024-10-09 07:44:16,041][flwr][INFO] - 	              (72, 0.6887186629526463),
[2024-10-09 07:44:16,041][flwr][INFO] - 	              (73, 0.5462395543175488),
[2024-10-09 07:44:16,041][flwr][INFO] - 	              (74, 0.6427576601671309),
[2024-10-09 07:44:16,041][flwr][INFO] - 	              (75, 0.692200557103064),
[2024-10-09 07:44:16,041][flwr][INFO] - 	              (76, 0.5346796657381616),
[2024-10-09 07:44:16,041][flwr][INFO] - 	              (77, 0.6802228412256267),
[2024-10-09 07:44:16,041][flwr][INFO] - 	              (78, 0.6442896935933148),
[2024-10-09 07:44:16,041][flwr][INFO] - 	              (79, 0.6884401114206128),
[2024-10-09 07:44:16,041][flwr][INFO] - 	              (80, 0.5061281337047354),
[2024-10-09 07:44:16,041][flwr][INFO] - 	              (81, 0.7069637883008356),
[2024-10-09 07:44:16,041][flwr][INFO] - 	              (82, 0.7445682451253481),
[2024-10-09 07:44:16,042][flwr][INFO] - 	              (83, 0.6317548746518106),
[2024-10-09 07:44:16,042][flwr][INFO] - 	              (84, 0.7188022284122563),
[2024-10-09 07:44:16,042][flwr][INFO] - 	              (85, 0.7483286908077994),
[2024-10-09 07:44:16,042][flwr][INFO] - 	              (86, 0.7140668523676881),
[2024-10-09 07:44:16,042][flwr][INFO] - 	              (87, 0.663091922005571),
[2024-10-09 07:44:16,042][flwr][INFO] - 	              (88, 0.7154596100278552),
[2024-10-09 07:44:16,042][flwr][INFO] - 	              (89, 0.6062674094707521),
[2024-10-09 07:44:16,042][flwr][INFO] - 	              (90, 0.7782729805013927),
[2024-10-09 07:44:16,042][flwr][INFO] - 	              (91, 0.6962395543175487),
[2024-10-09 07:44:16,042][flwr][INFO] - 	              (92, 0.6155988857938719),
[2024-10-09 07:44:16,042][flwr][INFO] - 	              (93, 0.6635097493036212),
[2024-10-09 07:44:16,042][flwr][INFO] - 	              (94, 0.6576601671309192),
[2024-10-09 07:44:16,042][flwr][INFO] - 	              (95, 0.6954038997214484),
[2024-10-09 07:44:16,042][flwr][INFO] - 	              (96, 0.6697771587743733),
[2024-10-09 07:44:16,042][flwr][INFO] - 	              (97, 0.7395543175487466),
[2024-10-09 07:44:16,042][flwr][INFO] - 	              (98, 0.6722841225626741),
[2024-10-09 07:44:16,042][flwr][INFO] - 	              (99, 0.5706128133704735),
[2024-10-09 07:44:16,042][flwr][INFO] - 	              (100, 0.49651810584958217)]}
[2024-10-09 07:44:16,042][flwr][INFO] - 
